Current configuration:
[NAME]		[DEFLT]	[VALUE]
-allphones	no	no
-cntthresh	0.00001	1.000000e-05
-csplitmax	100	2000
-csplitmin	1	1
-csplitthr	8e-4	0.000000e+00
-example	no	no
-fullvar	no	no
-help		no	no
-meanfn			/home/abdy/Desktop/diploma/kg/model_parameters/kg.cd_cont_untied/means
-mixwfn			/home/abdy/Desktop/diploma/kg/model_parameters/kg.cd_cont_untied/mixture_weights
-moddeffn		/home/abdy/Desktop/diploma/kg/model_architecture/kg.untied.mdef
-mwfloor	1e-4	1.000000e-08
-phone			uy
-psetfn			/home/abdy/Desktop/diploma/kg/model_architecture/kg.tree_questions
-ssplitmax	5	7
-ssplitmin	1	1
-ssplitthr	8e-4	0.000000e+00
-state			2
-stwt			1.0,0.05,0.0,
-treefn			/home/abdy/Desktop/diploma/kg/trees/kg.unpruned/uy-2.dtree
-ts2cbfn	.semi.	.cont.
-varfloor	0.00001	1.000000e-05
-varfn			/home/abdy/Desktop/diploma/kg/model_parameters/kg.cd_cont_untied/variances

INFO: main.c(223): Reading: /home/abdy/Desktop/diploma/kg/model_architecture/kg.untied.mdef
INFO: model_def_io.c(573): Model definition info:
INFO: model_def_io.c(574): 10297 total models defined (47 base, 10250 tri)
INFO: model_def_io.c(575): 41188 total states
INFO: model_def_io.c(576): 30891 total tied states
INFO: model_def_io.c(577): 141 total tied CI states
INFO: model_def_io.c(578): 47 total tied transition matrices
INFO: model_def_io.c(579): 4 max state/model
INFO: model_def_io.c(580): 4 min state/model
INFO: main.c(242): Building trees for [uy SIL ch b] through [uy zh z i]
INFO: main.c(269): Covering states |[26790 27692]| == 903
INFO: main.c(275): Reading: /home/abdy/Desktop/diploma/kg/model_parameters/kg.cd_cont_untied/mixture_weights
INFO: s3mixw_io.c(173): Read /home/abdy/Desktop/diploma/kg/model_parameters/kg.cd_cont_untied/mixture_weights [903x1x1 array]
INFO: main.c(311): 69 of 301 models have observation count greater than 0.000010
INFO: main.c(95): nrm stwt: 0.000 0.048 0.952 
INFO: s3gau_io.c(169): Read /home/abdy/Desktop/diploma/kg/model_parameters/kg.cd_cont_untied/means [30891x1x1 array]
INFO: s3gau_io.c(169): Read /home/abdy/Desktop/diploma/kg/model_parameters/kg.cd_cont_untied/variances [30891x1x1 array]
INFO: main.c(549): Reading: /home/abdy/Desktop/diploma/kg/model_architecture/kg.tree_questions
INFO: main.c(588): 174 total simple questions (166 phone; 8 word bndry)
INFO: main.c(590): 40 Left Only questions, and 42 Right Only questions
INFO: dtree.c(1478): Final simple tree
|( SILENCE 1 -6.794e+04 8.437e+02 2.897e+02
|    ( QUESTION5 -1 -1.028e+04 2.726e+02 4.889e+01
|        ( - -7.887e+03 1 0)
|        ( - -2.122e+03 1 0))
|    ( QUESTION13 1 -5.681e+04 2.802e+02 2.408e+02
|        ( QUESTION5 -1 -2.620e+04 4.083e+02 1.128e+02
|            ( - -2.096e+03 1 0)
|            ( QUESTION15 -1 -2.370e+04 3.026e+02 1.018e+02
|                ( - -5.262e+03 3 0 WDBNDRY_B 0 1.566e+02 2.574e+01)
|                ( - -1.813e+04 21 0 WDBNDRY_B 0 1.990e+02 7.610e+01)))
|        ( QUESTION4 1 -3.033e+04 2.174e+02 1.280e+02
|            ( - -1.062e+04 13 0 QUESTION5 -1 1.838e+02 4.614e+01)
|            ( QUESTION0_19_R 1 -1.949e+04 4.977e+02 8.187e+01
|                ( - 2.429e+02 1 0)
|                ( - -1.924e+04 28 0 SILENCE -1 1.961e+02 8.087e+01)))))
s>    ( SILENCE 1 -6.794e+04 8.437e+02 2.897e+02
s>        ( QUESTION5 -1 -1.028e+04 2.726e+02 4.889e+01
s>            ( - -7.887e+03 1 0)
s>            ( - -2.122e+03 1 0))
s>        ( QUESTION13 1 -5.681e+04 2.802e+02 2.408e+02
s>            ( QUESTION5 -1 -2.620e+04 4.083e+02 1.128e+02
s>                ( - -2.096e+03 1 0)
s>                ( QUESTION15 -1 -2.370e+04 3.026e+02 1.018e+02
s>                    ( - -5.262e+03 3 0 WDBNDRY_B 0 1.566e+02 2.574e+01)
s>                    ( - -1.813e+04 21 0 WDBNDRY_B 0 1.990e+02 7.610e+01)))
s>            ( QUESTION4 1 -3.033e+04 2.174e+02 1.280e+02
s>                ( - -1.062e+04 13 0 QUESTION5 -1 1.838e+02 4.614e+01)
s>                ( QUESTION0_19_R 1 -1.949e+04 4.977e+02 8.187e+01
s>                    ( - 2.429e+02 1 0)
s>                    ( - -1.924e+04 28 0 SILENCE -1 1.961e+02 8.087e+01)))))INFO: dtree.c(1315): Comp split 0
INFO: dtree.c(1478): Final simple tree
|( QUESTION0_8_R 1 -5.429e+04 2.639e+02 2.298e+02
|    ( QUESTION19 1 -2.881e+04 4.995e+02 1.210e+02
|        ( - 2.429e+02 1 0)
|        ( QUESTION4 1 -2.855e+04 2.180e+02 1.200e+02
|            ( - -1.062e+04 13 0 QUESTION5 -1 1.838e+02 4.614e+01)
|            ( - -1.772e+04 27 0 QUESTION2_2_L -1 1.929e+02 7.387e+01)))
|    ( QUESTION15 -1 -2.522e+04 3.056e+02 1.088e+02
|        ( WDBNDRY_B 0 -5.927e+03 1.934e+02 2.874e+01
|            ( - -1.642e+03 2 0 QUESTION13 1 1.304e+02 8.000e+00)
|            ( - -4.092e+03 1 0))
|        ( SILENCE -1 -1.898e+04 2.083e+02 8.010e+01
|            ( - -5.233e+02 1 0)
|            ( QUESTION2_12_L -1 -1.825e+04 1.975e+02 7.710e+01
|                ( - -2.416e+02 1 0)
|                ( - -1.781e+04 20 0 QUESTION2_0_L -1 1.803e+02 7.510e+01)))))
s>    ( QUESTION0_8_R 1 -5.429e+04 2.639e+02 2.298e+02
s>        ( QUESTION19 1 -2.881e+04 4.995e+02 1.210e+02
s>            ( - 2.429e+02 1 0)
s>            ( QUESTION4 1 -2.855e+04 2.180e+02 1.200e+02
s>                ( - -1.062e+04 13 0 QUESTION5 -1 1.838e+02 4.614e+01)
s>                ( - -1.772e+04 27 0 QUESTION2_2_L -1 1.929e+02 7.387e+01)))
s>        ( QUESTION15 -1 -2.522e+04 3.056e+02 1.088e+02
s>            ( WDBNDRY_B 0 -5.927e+03 1.934e+02 2.874e+01
s>                ( - -1.642e+03 2 0 QUESTION13 1 1.304e+02 8.000e+00)
s>                ( - -4.092e+03 1 0))
s>            ( SILENCE -1 -1.898e+04 2.083e+02 8.010e+01
s>                ( - -5.233e+02 1 0)
s>                ( QUESTION2_12_L -1 -1.825e+04 1.975e+02 7.710e+01
s>                    ( - -2.416e+02 1 0)
s>                    ( - -1.781e+04 20 0 QUESTION2_0_L -1 1.803e+02 7.510e+01)))))INFO: dtree.c(1439): stop. leaf nodes are specific
INFO: dtree.c(1478): Final simple tree
|( SILENCE 1 -1.279e+04 4.146e+02 5.989e+01
|    ( QUESTION5 -1 -1.028e+04 2.726e+02 4.889e+01
|        ( - -7.887e+03 1 0)
|        ( - -2.122e+03 1 0))
|    ( - -2.096e+03 1 0))
s>    ( SILENCE 1 -1.279e+04 4.146e+02 5.989e+01
s>        ( QUESTION5 -1 -1.028e+04 2.726e+02 4.889e+01
s>            ( - -7.887e+03 1 0)
s>            ( - -2.122e+03 1 0))
s>        ( - -2.096e+03 1 0))INFO: dtree.c(1315): Comp split 1
INFO: dtree.c(1478): Final simple tree
|( QUESTION0_8_R 1 -5.403e+04 2.632e+02 2.288e+02
|    ( QUESTION4 1 -2.855e+04 2.180e+02 1.200e+02
|        ( - -1.062e+04 13 0 QUESTION5 -1 1.838e+02 4.614e+01)
|        ( QUESTION2_2_L -1 -1.772e+04 1.929e+02 7.387e+01
|            ( - -2.541e+02 1 0)
|            ( - -1.727e+04 26 0 QUESTION6 -1 1.765e+02 7.187e+01)))
|    ( QUESTION15 -1 -2.522e+04 3.056e+02 1.088e+02
|        ( WDBNDRY_B 0 -5.927e+03 1.934e+02 2.874e+01
|            ( - -1.642e+03 2 0 QUESTION13 1 1.304e+02 8.000e+00)
|            ( - -4.092e+03 1 0))
|        ( SILENCE -1 -1.898e+04 2.083e+02 8.010e+01
|            ( - -5.233e+02 1 0)
|            ( QUESTION2_12_L -1 -1.825e+04 1.975e+02 7.710e+01
|                ( - -2.416e+02 1 0)
|                ( - -1.781e+04 20 0 QUESTION2_0_L -1 1.803e+02 7.510e+01)))))
s>    ( QUESTION0_8_R 1 -5.403e+04 2.632e+02 2.288e+02
s>        ( QUESTION4 1 -2.855e+04 2.180e+02 1.200e+02
s>            ( - -1.062e+04 13 0 QUESTION5 -1 1.838e+02 4.614e+01)
s>            ( QUESTION2_2_L -1 -1.772e+04 1.929e+02 7.387e+01
s>                ( - -2.541e+02 1 0)
s>                ( - -1.727e+04 26 0 QUESTION6 -1 1.765e+02 7.187e+01)))
s>        ( QUESTION15 -1 -2.522e+04 3.056e+02 1.088e+02
s>            ( WDBNDRY_B 0 -5.927e+03 1.934e+02 2.874e+01
s>                ( - -1.642e+03 2 0 QUESTION13 1 1.304e+02 8.000e+00)
s>                ( - -4.092e+03 1 0))
s>            ( SILENCE -1 -1.898e+04 2.083e+02 8.010e+01
s>                ( - -5.233e+02 1 0)
s>                ( QUESTION2_12_L -1 -1.825e+04 1.975e+02 7.710e+01
s>                    ( - -2.416e+02 1 0)
s>                    ( - -1.781e+04 20 0 QUESTION2_0_L -1 1.803e+02 7.510e+01)))))INFO: dtree.c(1315): Comp split 2
INFO: dtree.c(1439): stop. leaf nodes are specific
INFO: dtree.c(1478): Final simple tree
|( QUESTION5 -1 -1.028e+04 2.726e+02 4.889e+01
|    ( - -7.887e+03 1 0)
|    ( - -2.122e+03 1 0))
s>    ( QUESTION5 -1 -1.028e+04 2.726e+02 4.889e+01
s>        ( - -7.887e+03 1 0)
s>        ( - -2.122e+03 1 0))INFO: dtree.c(1315): Comp split 3
INFO: dtree.c(1439): stop. leaf nodes are specific
INFO: dtree.c(1478): Final simple tree
|( WDBNDRY_B 0 -4.510e+03 1.770e+02 2.274e+01
|    ( - -2.416e+02 1 0)
|    ( - -4.092e+03 1 0))
s>    ( WDBNDRY_B 0 -4.510e+03 1.770e+02 2.274e+01
s>        ( - -2.416e+02 1 0)
s>        ( - -4.092e+03 1 0))INFO: dtree.c(1478): Final simple tree
|( QUESTION4 1 -4.911e+04 2.296e+02 2.061e+02
|    ( QUESTION5 -1 -1.062e+04 1.838e+02 4.614e+01
|        ( - -5.689e+02 1 0)
|        ( QUESTION0_14_R 1 -9.864e+03 4.817e+02 4.314e+01
|            ( - 2.147e+02 1 0)
|            ( - -9.597e+03 11 0 QUESTION2_14_L -1 1.589e+02 4.214e+01)))
|    ( WDBNDRY_B 0 -3.826e+04 2.043e+02 1.600e+02
|        ( SILENCE -1 -7.026e+03 1.991e+02 3.024e+01
|            ( - -5.233e+02 1 0)
|            ( QUESTION2_2_L -1 -6.304e+03 1.853e+02 2.724e+01
|                ( - -2.541e+02 1 0)
|                ( - -5.864e+03 9 0 QUESTION0_0_R 1 1.602e+02 2.524e+01)))
|        ( QUESTION15 1 -3.103e+04 1.716e+02 1.297e+02
|            ( - -1.584e+04 17 0 QUESTION2_8_L -1 1.579e+02 6.623e+01)
|            ( - -1.501e+04 22 0 QUESTION6 -1 1.594e+02 6.350e+01))))
s>    ( QUESTION4 1 -4.911e+04 2.296e+02 2.061e+02
s>        ( QUESTION5 -1 -1.062e+04 1.838e+02 4.614e+01
s>            ( - -5.689e+02 1 0)
s>            ( QUESTION0_14_R 1 -9.864e+03 4.817e+02 4.314e+01
s>                ( - 2.147e+02 1 0)
s>                ( - -9.597e+03 11 0 QUESTION2_14_L -1 1.589e+02 4.214e+01)))
s>        ( WDBNDRY_B 0 -3.826e+04 2.043e+02 1.600e+02
s>            ( SILENCE -1 -7.026e+03 1.991e+02 3.024e+01
s>                ( - -5.233e+02 1 0)
s>                ( QUESTION2_2_L -1 -6.304e+03 1.853e+02 2.724e+01
s>                    ( - -2.541e+02 1 0)
s>                    ( - -5.864e+03 9 0 QUESTION0_0_R 1 1.602e+02 2.524e+01)))
s>            ( QUESTION15 1 -3.103e+04 1.716e+02 1.297e+02
s>                ( - -1.584e+04 17 0 QUESTION2_8_L -1 1.579e+02 6.623e+01)
s>                ( - -1.501e+04 22 0 QUESTION6 -1 1.594e+02 6.350e+01))))INFO: dtree.c(1315): Comp split 4
INFO: dtree.c(1478): Final simple tree
|( QUESTION4 1 -4.884e+04 2.322e+02 2.051e+02
|    ( QUESTION0_14_R 1 -1.035e+04 1.826e+02 4.514e+01
|        ( - -5.689e+02 1 0)
|        ( - -9.597e+03 11 0 QUESTION2_14_L -1 1.589e+02 4.214e+01))
|    ( WDBNDRY_B 0 -3.826e+04 2.043e+02 1.600e+02
|        ( SILENCE -1 -7.026e+03 1.991e+02 3.024e+01
|            ( - -5.233e+02 1 0)
|            ( QUESTION2_2_L -1 -6.304e+03 1.853e+02 2.724e+01
|                ( - -2.541e+02 1 0)
|                ( QUESTION0_0_R 1 -5.864e+03 1.602e+02 2.524e+01
|                    ( - -2.095e+03 3 0 QUESTION13 1 1.270e+02 1.000e+01)
|                    ( - -3.609e+03 6 0 QUESTION11 -1 1.069e+02 1.524e+01))))
|        ( QUESTION15 1 -3.103e+04 1.716e+02 1.297e+02
|            ( - -1.584e+04 17 0 QUESTION2_8_L -1 1.579e+02 6.623e+01)
|            ( - -1.501e+04 22 0 QUESTION6 -1 1.594e+02 6.350e+01))))
s>    ( QUESTION4 1 -4.884e+04 2.322e+02 2.051e+02
s>        ( QUESTION0_14_R 1 -1.035e+04 1.826e+02 4.514e+01
s>            ( - -5.689e+02 1 0)
s>            ( - -9.597e+03 11 0 QUESTION2_14_L -1 1.589e+02 4.214e+01))
s>        ( WDBNDRY_B 0 -3.826e+04 2.043e+02 1.600e+02
s>            ( SILENCE -1 -7.026e+03 1.991e+02 3.024e+01
s>                ( - -5.233e+02 1 0)
s>                ( QUESTION2_2_L -1 -6.304e+03 1.853e+02 2.724e+01
s>                    ( - -2.541e+02 1 0)
s>                    ( QUESTION0_0_R 1 -5.864e+03 1.602e+02 2.524e+01
s>                        ( - -2.095e+03 3 0 QUESTION13 1 1.270e+02 1.000e+01)
s>                        ( - -3.609e+03 6 0 QUESTION11 -1 1.069e+02 1.524e+01))))
s>            ( QUESTION15 1 -3.103e+04 1.716e+02 1.297e+02
s>                ( - -1.584e+04 17 0 QUESTION2_8_L -1 1.579e+02 6.623e+01)
s>                ( - -1.501e+04 22 0 QUESTION6 -1 1.594e+02 6.350e+01))))INFO: dtree.c(1315): Comp split 5
INFO: dtree.c(1315): Comp split 6
INFO: dtree.c(1478): Final simple tree
|( WDBNDRY_B 0 -1.079e+04 1.872e+02 4.714e+01
|    ( - -2.541e+02 1 0)
|    ( QUESTION0_14_R 1 -1.035e+04 1.826e+02 4.514e+01
|        ( - -5.689e+02 1 0)
|        ( QUESTION2_14_L -1 -9.597e+03 1.589e+02 4.214e+01
|            ( - -5.070e+02 1 0)
|            ( QUESTION2_9_L -1 -8.931e+03 1.544e+02 3.914e+01
|                ( WDBNDRY_E 0 -3.009e+03 2.591e+02 1.400e+01
|                    ( QUESTION0_12_R 1 -2.371e+03 2.187e+02 1.100e+01
|                        ( - -1.351e+03 1 0)
|                        ( - -8.013e+02 1 0))
|                    ( - -3.791e+02 1 0))
|                ( QUESTION2 -1 -5.767e+03 1.257e+02 2.514e+01
|                    ( - -9.857e+02 1 0)
|                    ( - -4.656e+03 6 0 QUESTION19 -1 1.195e+02 2.014e+01))))))
s>    ( WDBNDRY_B 0 -1.079e+04 1.872e+02 4.714e+01
s>        ( - -2.541e+02 1 0)
s>        ( QUESTION0_14_R 1 -1.035e+04 1.826e+02 4.514e+01
s>            ( - -5.689e+02 1 0)
s>            ( QUESTION2_14_L -1 -9.597e+03 1.589e+02 4.214e+01
s>                ( - -5.070e+02 1 0)
s>                ( QUESTION2_9_L -1 -8.931e+03 1.544e+02 3.914e+01
s>                    ( WDBNDRY_E 0 -3.009e+03 2.591e+02 1.400e+01
s>                        ( QUESTION0_12_R 1 -2.371e+03 2.187e+02 1.100e+01
s>                            ( - -1.351e+03 1 0)
s>                            ( - -8.013e+02 1 0))
s>                        ( - -3.791e+02 1 0))
s>                    ( QUESTION2 -1 -5.767e+03 1.257e+02 2.514e+01
s>                        ( - -9.857e+02 1 0)
s>                        ( - -4.656e+03 6 0 QUESTION19 -1 1.195e+02 2.014e+01))))))INFO: dtree.c(1478): Final simple tree
|( SILENCE -1 -3.781e+04 1.996e+02 1.580e+02
|    ( - -5.233e+02 1 0)
|    ( WDBNDRY_B 0 -3.709e+04 1.962e+02 1.550e+02
|        ( QUESTION0_0_R 1 -5.864e+03 1.602e+02 2.524e+01
|            ( - -2.095e+03 3 0 QUESTION13 1 1.270e+02 1.000e+01)
|            ( - -3.609e+03 6 0 QUESTION11 -1 1.069e+02 1.524e+01))
|        ( QUESTION15 1 -3.103e+04 1.716e+02 1.297e+02
|            ( QUESTION2_8_L -1 -1.584e+04 1.579e+02 6.623e+01
|                ( - -3.833e+03 2 0 QUESTION1 -1 8.407e+01 1.689e+01)
|                ( QUESTION2_0_L -1 -1.185e+04 1.469e+02 4.934e+01
|                    ( - -4.668e+03 7 0 QUESTION0_0_R 1 1.198e+02 2.004e+01)
|                    ( - -7.038e+03 8 0 QUESTION0_10_R 1 2.884e+02 2.930e+01)))
|            ( QUESTION6 -1 -1.501e+04 1.594e+02 6.350e+01
|                ( - -2.871e+03 2 0)
|                ( - -1.198e+04 20 0 QUESTION2 -1 1.226e+02 4.962e+01)))))
s>    ( SILENCE -1 -3.781e+04 1.996e+02 1.580e+02
s>        ( - -5.233e+02 1 0)
s>        ( WDBNDRY_B 0 -3.709e+04 1.962e+02 1.550e+02
s>            ( QUESTION0_0_R 1 -5.864e+03 1.602e+02 2.524e+01
s>                ( - -2.095e+03 3 0 QUESTION13 1 1.270e+02 1.000e+01)
s>                ( - -3.609e+03 6 0 QUESTION11 -1 1.069e+02 1.524e+01))
s>            ( QUESTION15 1 -3.103e+04 1.716e+02 1.297e+02
s>                ( QUESTION2_8_L -1 -1.584e+04 1.579e+02 6.623e+01
s>                    ( - -3.833e+03 2 0 QUESTION1 -1 8.407e+01 1.689e+01)
s>                    ( QUESTION2_0_L -1 -1.185e+04 1.469e+02 4.934e+01
s>                        ( - -4.668e+03 7 0 QUESTION0_0_R 1 1.198e+02 2.004e+01)
s>                        ( - -7.038e+03 8 0 QUESTION0_10_R 1 2.884e+02 2.930e+01)))
s>                ( QUESTION6 -1 -1.501e+04 1.594e+02 6.350e+01
s>                    ( - -2.871e+03 2 0)
s>                    ( - -1.198e+04 20 0 QUESTION2 -1 1.226e+02 4.962e+01)))))INFO: dtree.c(1315): Comp split 7
INFO: dtree.c(1478): Final simple tree
|( WDBNDRY_B 0 -1.011e+04 1.863e+02 4.414e+01
|    ( - -2.541e+02 1 0)
|    ( QUESTION0_14_R 1 -9.672e+03 1.842e+02 4.214e+01
|        ( - -5.689e+02 1 0)
|        ( QUESTION2_14_L -1 -8.919e+03 1.613e+02 3.914e+01
|            ( - -5.070e+02 1 0)
|            ( QUESTION0_15_R 1 -8.251e+03 1.361e+02 3.614e+01
|                ( - -8.013e+02 1 0)
|                ( WDBNDRY_E 0 -7.313e+03 1.952e+02 3.214e+01
|                    ( - -1.351e+03 1 0)
|                    ( QUESTION2 -1 -5.767e+03 1.257e+02 2.514e+01
|                        ( - -9.857e+02 1 0)
|                        ( QUESTION19 -1 -4.656e+03 1.195e+02 2.014e+01
|                            ( - -3.809e+02 1 0)
|                            ( - -4.156e+03 5 0 QUESTION7 1 9.095e+01 1.814e+01))))))))
s>    ( WDBNDRY_B 0 -1.011e+04 1.863e+02 4.414e+01
s>        ( - -2.541e+02 1 0)
s>        ( QUESTION0_14_R 1 -9.672e+03 1.842e+02 4.214e+01
s>            ( - -5.689e+02 1 0)
s>            ( QUESTION2_14_L -1 -8.919e+03 1.613e+02 3.914e+01
s>                ( - -5.070e+02 1 0)
s>                ( QUESTION0_15_R 1 -8.251e+03 1.361e+02 3.614e+01
s>                    ( - -8.013e+02 1 0)
s>                    ( WDBNDRY_E 0 -7.313e+03 1.952e+02 3.214e+01
s>                        ( - -1.351e+03 1 0)
s>                        ( QUESTION2 -1 -5.767e+03 1.257e+02 2.514e+01
s>                            ( - -9.857e+02 1 0)
s>                            ( QUESTION19 -1 -4.656e+03 1.195e+02 2.014e+01
s>                                ( - -3.809e+02 1 0)
s>                                ( - -4.156e+03 5 0 QUESTION7 1 9.095e+01 1.814e+01))))))))INFO: dtree.c(1315): Comp split 8
INFO: dtree.c(1478): Final simple tree
|( QUESTION6 -1 -2.702e+04 1.604e+02 1.128e+02
|    ( - -2.871e+03 2 0)
|    ( QUESTION1 -1 -2.399e+04 1.634e+02 9.896e+01
|        ( QUESTION2_0_L -1 -1.175e+04 1.726e+02 4.971e+01
|            ( QUESTION15 1 -4.750e+03 1.366e+02 2.104e+01
|                ( - -3.352e+03 3 0 WDBNDRY_E 0 1.048e+02 1.504e+01)
|                ( - -1.261e+03 2 0 WDBNDRY_E 0 1.142e+02 5.999e+00))
|            ( WDBNDRY_E 0 -6.832e+03 1.824e+02 2.868e+01
|                ( - -4.816e+02 1 0)
|                ( QUESTION15 1 -6.168e+03 1.479e+02 2.568e+01
|                    ( - -4.781e+03 5 0 QUESTION2_17_L -1 1.083e+02 1.982e+01)
|                    ( - -1.240e+03 2 0 QUESTION0_0_R 1 7.831e+01 5.856e+00))))
|        ( QUESTION2 1 -1.207e+04 1.354e+02 4.924e+01
|            ( - -5.068e+03 8 0 QUESTION14 -1 1.194e+02 2.069e+01)
|            ( - -6.867e+03 14 0 QUESTION2_14_L -1 4.677e+02 2.856e+01))))
s>    ( QUESTION6 -1 -2.702e+04 1.604e+02 1.128e+02
s>        ( - -2.871e+03 2 0)
s>        ( QUESTION1 -1 -2.399e+04 1.634e+02 9.896e+01
s>            ( QUESTION2_0_L -1 -1.175e+04 1.726e+02 4.971e+01
s>                ( QUESTION15 1 -4.750e+03 1.366e+02 2.104e+01
s>                    ( - -3.352e+03 3 0 WDBNDRY_E 0 1.048e+02 1.504e+01)
s>                    ( - -1.261e+03 2 0 WDBNDRY_E 0 1.142e+02 5.999e+00))
s>                ( WDBNDRY_E 0 -6.832e+03 1.824e+02 2.868e+01
s>                    ( - -4.816e+02 1 0)
s>                    ( QUESTION15 1 -6.168e+03 1.479e+02 2.568e+01
s>                        ( - -4.781e+03 5 0 QUESTION2_17_L -1 1.083e+02 1.982e+01)
s>                        ( - -1.240e+03 2 0 QUESTION0_0_R 1 7.831e+01 5.856e+00))))
s>            ( QUESTION2 1 -1.207e+04 1.354e+02 4.924e+01
s>                ( - -5.068e+03 8 0 QUESTION14 -1 1.194e+02 2.069e+01)
s>                ( - -6.867e+03 14 0 QUESTION2_14_L -1 4.677e+02 2.856e+01))))INFO: dtree.c(1478): Final simple tree
|( SILENCE -1 -1.057e+04 1.948e+02 4.513e+01
|    ( - -5.233e+02 1 0)
|    ( QUESTION0_0_R 1 -9.851e+03 1.616e+02 4.213e+01
|        ( QUESTION12 -1 -6.081e+03 1.575e+02 2.689e+01
|            ( QUESTION13 1 -1.642e+03 1.304e+02 8.000e+00
|                ( - -7.082e+02 1 0)
|                ( - -8.036e+02 1 0))
|            ( WDBNDRY_B 0 -4.281e+03 9.716e+01 1.889e+01
|                ( - -3.504e+02 1 0)
|                ( - -3.833e+03 2 0 QUESTION1 -1 8.407e+01 1.689e+01)))
|        ( QUESTION11 -1 -3.609e+03 1.069e+02 1.524e+01
|            ( - -1.131e+03 1 0)
|            ( QUESTION0_9_R 1 -2.371e+03 9.518e+01 1.000e+01
|                ( - -1.052e+03 2 0 QUESTION0 -1 1.955e+02 5.000e+00)
|                ( - -1.224e+03 3 0 QUESTION13 -1 7.561e+01 5.002e+00)))))
s>    ( SILENCE -1 -1.057e+04 1.948e+02 4.513e+01
s>        ( - -5.233e+02 1 0)
s>        ( QUESTION0_0_R 1 -9.851e+03 1.616e+02 4.213e+01
s>            ( QUESTION12 -1 -6.081e+03 1.575e+02 2.689e+01
s>                ( QUESTION13 1 -1.642e+03 1.304e+02 8.000e+00
s>                    ( - -7.082e+02 1 0)
s>                    ( - -8.036e+02 1 0))
s>                ( WDBNDRY_B 0 -4.281e+03 9.716e+01 1.889e+01
s>                    ( - -3.504e+02 1 0)
s>                    ( - -3.833e+03 2 0 QUESTION1 -1 8.407e+01 1.689e+01)))
s>            ( QUESTION11 -1 -3.609e+03 1.069e+02 1.524e+01
s>                ( - -1.131e+03 1 0)
s>                ( QUESTION0_9_R 1 -2.371e+03 9.518e+01 1.000e+01
s>                    ( - -1.052e+03 2 0 QUESTION0 -1 1.955e+02 5.000e+00)
s>                    ( - -1.224e+03 3 0 QUESTION13 -1 7.561e+01 5.002e+00)))))INFO: dtree.c(1315): Comp split 9
INFO: dtree.c(1478): Final simple tree
|( WDBNDRY_E 0 -1.770e+04 1.928e+02 7.206e+01
|    ( - -4.816e+02 1 0)
|    ( QUESTION1 -1 -1.702e+04 1.704e+02 6.906e+01
|        ( - -4.781e+03 5 0 QUESTION2_17_L -1 1.083e+02 1.982e+01)
|        ( QUESTION2 1 -1.207e+04 1.354e+02 4.924e+01
|            ( QUESTION14 -1 -5.068e+03 1.194e+02 2.069e+01
|                ( - -4.625e+02 1 0)
|                ( - -4.486e+03 7 0 QUESTION0_9_R 1 7.837e+01 1.869e+01))
|            ( QUESTION2_14_L -1 -6.867e+03 4.677e+02 2.856e+01
|                ( - 2.416e+02 1 0)
|                ( QUESTION5 -1 -6.641e+03 1.249e+02 2.756e+01
|                    ( - -6.291e+02 1 0)
|                    ( QUESTION13 1 -5.887e+03 1.177e+02 2.456e+01
|                        ( - -3.516e+03 8 0 QUESTION0_0_R 1 1.114e+02 1.448e+01)
|                        ( - -2.253e+03 4 0 QUESTION0_0_R 1 9.034e+01 1.007e+01)))))))
s>    ( WDBNDRY_E 0 -1.770e+04 1.928e+02 7.206e+01
s>        ( - -4.816e+02 1 0)
s>        ( QUESTION1 -1 -1.702e+04 1.704e+02 6.906e+01
s>            ( - -4.781e+03 5 0 QUESTION2_17_L -1 1.083e+02 1.982e+01)
s>            ( QUESTION2 1 -1.207e+04 1.354e+02 4.924e+01
s>                ( QUESTION14 -1 -5.068e+03 1.194e+02 2.069e+01
s>                    ( - -4.625e+02 1 0)
s>                    ( - -4.486e+03 7 0 QUESTION0_9_R 1 7.837e+01 1.869e+01))
s>                ( QUESTION2_14_L -1 -6.867e+03 4.677e+02 2.856e+01
s>                    ( - 2.416e+02 1 0)
s>                    ( QUESTION5 -1 -6.641e+03 1.249e+02 2.756e+01
s>                        ( - -6.291e+02 1 0)
s>                        ( QUESTION13 1 -5.887e+03 1.177e+02 2.456e+01
s>                            ( - -3.516e+03 8 0 QUESTION0_0_R 1 1.114e+02 1.448e+01)
s>                            ( - -2.253e+03 4 0 QUESTION0_0_R 1 9.034e+01 1.007e+01)))))))INFO: dtree.c(1478): Final simple tree
|( QUESTION2_0_L -1 -9.100e+03 1.565e+02 4.078e+01
|    ( QUESTION15 1 -4.750e+03 1.366e+02 2.104e+01
|        ( WDBNDRY_E 0 -3.352e+03 1.048e+02 1.504e+01
|            ( QUESTION0_0_R 1 -6.098e+02 2.029e+02 3.000e+00
|                ( - -1.992e+02 1 0)
|                ( - -2.076e+02 1 0))
|            ( - -2.638e+03 1 0))
|        ( WDBNDRY_E 0 -1.261e+03 1.142e+02 5.999e+00
|            ( - -4.042e+02 1 0)
|            ( - -7.423e+02 1 0)))
|    ( QUESTION1 -1 -4.194e+03 8.312e+01 1.974e+01
|        ( QUESTION0_0_R 1 -1.240e+03 7.831e+01 5.856e+00
|            ( - -3.486e+02 1 0)
|            ( - -8.128e+02 1 0))
|        ( - -2.871e+03 2 0)))
s>    ( QUESTION2_0_L -1 -9.100e+03 1.565e+02 4.078e+01
s>        ( QUESTION15 1 -4.750e+03 1.366e+02 2.104e+01
s>            ( WDBNDRY_E 0 -3.352e+03 1.048e+02 1.504e+01
s>                ( QUESTION0_0_R 1 -6.098e+02 2.029e+02 3.000e+00
s>                    ( - -1.992e+02 1 0)
s>                    ( - -2.076e+02 1 0))
s>                ( - -2.638e+03 1 0))
s>            ( WDBNDRY_E 0 -1.261e+03 1.142e+02 5.999e+00
s>                ( - -4.042e+02 1 0)
s>                ( - -7.423e+02 1 0)))
s>        ( QUESTION1 -1 -4.194e+03 8.312e+01 1.974e+01
s>            ( QUESTION0_0_R 1 -1.240e+03 7.831e+01 5.856e+00
s>                ( - -3.486e+02 1 0)
s>                ( - -8.128e+02 1 0))
s>            ( - -2.871e+03 2 0)))INFO: dtree.c(1315): Comp split 10
INFO: dtree.c(1478): Final simple tree
|( WDBNDRY_E 0 -1.747e+04 1.925e+02 7.106e+01
|    ( - -4.816e+02 1 0)
|    ( QUESTION1 -1 -1.679e+04 1.678e+02 6.806e+01
|        ( - -4.781e+03 5 0 QUESTION2_17_L -1 1.083e+02 1.982e+01)
|        ( QUESTION2 1 -1.184e+04 1.334e+02 4.824e+01
|            ( QUESTION14 -1 -5.068e+03 1.194e+02 2.069e+01
|                ( - -4.625e+02 1 0)
|                ( - -4.486e+03 7 0 QUESTION0_9_R 1 7.837e+01 1.869e+01))
|            ( QUESTION5 -1 -6.641e+03 1.249e+02 2.756e+01
|                ( - -6.291e+02 1 0)
|                ( QUESTION13 1 -5.887e+03 1.177e+02 2.456e+01
|                    ( QUESTION0_0_R 1 -3.516e+03 1.114e+02 1.448e+01
|                        ( - -2.244e+03 5 0 QUESTION2_6_L -1 8.093e+01 9.483e+00)
|                        ( - -1.160e+03 3 0 QUESTION0 -1 2.599e+02 5.000e+00))
|                    ( - -2.253e+03 4 0 QUESTION0_0_R 1 9.034e+01 1.007e+01))))))
s>    ( WDBNDRY_E 0 -1.747e+04 1.925e+02 7.106e+01
s>        ( - -4.816e+02 1 0)
s>        ( QUESTION1 -1 -1.679e+04 1.678e+02 6.806e+01
s>            ( - -4.781e+03 5 0 QUESTION2_17_L -1 1.083e+02 1.982e+01)
s>            ( QUESTION2 1 -1.184e+04 1.334e+02 4.824e+01
s>                ( QUESTION14 -1 -5.068e+03 1.194e+02 2.069e+01
s>                    ( - -4.625e+02 1 0)
s>                    ( - -4.486e+03 7 0 QUESTION0_9_R 1 7.837e+01 1.869e+01))
s>                ( QUESTION5 -1 -6.641e+03 1.249e+02 2.756e+01
s>                    ( - -6.291e+02 1 0)
s>                    ( QUESTION13 1 -5.887e+03 1.177e+02 2.456e+01
s>                        ( QUESTION0_0_R 1 -3.516e+03 1.114e+02 1.448e+01
s>                            ( - -2.244e+03 5 0 QUESTION2_6_L -1 8.093e+01 9.483e+00)
s>                            ( - -1.160e+03 3 0 QUESTION0 -1 2.599e+02 5.000e+00))
s>                        ( - -2.253e+03 4 0 QUESTION0_0_R 1 9.034e+01 1.007e+01))))))INFO: dtree.c(1315): Comp split 11
INFO: dtree.c(1439): stop. leaf nodes are specific
INFO: dtree.c(1478): Final simple tree
|( QUESTION2_0_L -1 -8.658e+03 1.608e+02 3.878e+01
|    ( QUESTION15 1 -4.303e+03 1.363e+02 1.904e+01
|        ( WDBNDRY_E 0 -2.906e+03 6.072e+01 1.304e+01
|            ( - -2.076e+02 1 0)
|            ( - -2.638e+03 1 0))
|        ( WDBNDRY_E 0 -1.261e+03 1.142e+02 5.999e+00
|            ( - -4.042e+02 1 0)
|            ( - -7.423e+02 1 0)))
|    ( QUESTION1 -1 -4.194e+03 8.312e+01 1.974e+01
|        ( QUESTION0_0_R 1 -1.240e+03 7.831e+01 5.856e+00
|            ( - -3.486e+02 1 0)
|            ( - -8.128e+02 1 0))
|        ( - -2.871e+03 2 0)))
s>    ( QUESTION2_0_L -1 -8.658e+03 1.608e+02 3.878e+01
s>        ( QUESTION15 1 -4.303e+03 1.363e+02 1.904e+01
s>            ( WDBNDRY_E 0 -2.906e+03 6.072e+01 1.304e+01
s>                ( - -2.076e+02 1 0)
s>                ( - -2.638e+03 1 0))
s>            ( WDBNDRY_E 0 -1.261e+03 1.142e+02 5.999e+00
s>                ( - -4.042e+02 1 0)
s>                ( - -7.423e+02 1 0)))
s>        ( QUESTION1 -1 -4.194e+03 8.312e+01 1.974e+01
s>            ( QUESTION0_0_R 1 -1.240e+03 7.831e+01 5.856e+00
s>                ( - -3.486e+02 1 0)
s>                ( - -8.128e+02 1 0))
s>            ( - -2.871e+03 2 0)))INFO: dtree.c(1315): Comp split 12
INFO: dtree.c(1478): Final simple tree
|( QUESTION0_14_R 1 -8.565e+03 1.919e+02 3.714e+01
|    ( - -5.689e+02 1 0)
|    ( WDBNDRY_B 0 -7.804e+03 1.875e+02 3.414e+01
|        ( - -2.541e+02 1 0)
|        ( QUESTION2_14_L -1 -7.362e+03 1.602e+02 3.214e+01
|            ( - -5.070e+02 1 0)
|            ( QUESTION2 -1 -6.695e+03 1.303e+02 2.914e+01
|                ( - -9.857e+02 1 0)
|                ( WDBNDRY_E 0 -5.579e+03 1.217e+02 2.414e+01
|                    ( - -8.013e+02 1 0)
|                    ( QUESTION19 -1 -4.656e+03 1.195e+02 2.014e+01
|                        ( - -3.809e+02 1 0)
|                        ( QUESTION7 1 -4.156e+03 9.095e+01 1.814e+01
|                            ( - -2.154e+03 3 0 QUESTION1 -1 7.379e+01 9.142e+00)
|                            ( - -1.911e+03 2 0 QUESTION0_11_R 1 1.538e+02 8.996e+00))))))))
s>    ( QUESTION0_14_R 1 -8.565e+03 1.919e+02 3.714e+01
s>        ( - -5.689e+02 1 0)
s>        ( WDBNDRY_B 0 -7.804e+03 1.875e+02 3.414e+01
s>            ( - -2.541e+02 1 0)
s>            ( QUESTION2_14_L -1 -7.362e+03 1.602e+02 3.214e+01
s>                ( - -5.070e+02 1 0)
s>                ( QUESTION2 -1 -6.695e+03 1.303e+02 2.914e+01
s>                    ( - -9.857e+02 1 0)
s>                    ( WDBNDRY_E 0 -5.579e+03 1.217e+02 2.414e+01
s>                        ( - -8.013e+02 1 0)
s>                        ( QUESTION19 -1 -4.656e+03 1.195e+02 2.014e+01
s>                            ( - -3.809e+02 1 0)
s>                            ( QUESTION7 1 -4.156e+03 9.095e+01 1.814e+01
s>                                ( - -2.154e+03 3 0 QUESTION1 -1 7.379e+01 9.142e+00)
s>                                ( - -1.911e+03 2 0 QUESTION0_11_R 1 1.538e+02 8.996e+00))))))))INFO: dtree.c(1315): Comp split 13
INFO: dtree.c(1478): Final simple tree
|( QUESTION0_0_R 1 -9.851e+03 1.616e+02 4.213e+01
|    ( QUESTION12 -1 -6.081e+03 1.575e+02 2.689e+01
|        ( QUESTION13 1 -1.642e+03 1.304e+02 8.000e+00
|            ( - -7.082e+02 1 0)
|            ( - -8.036e+02 1 0))
|        ( WDBNDRY_B 0 -4.281e+03 9.716e+01 1.889e+01
|            ( - -3.504e+02 1 0)
|            ( - -3.833e+03 2 0 QUESTION1 -1 8.407e+01 1.689e+01)))
|    ( QUESTION11 -1 -3.609e+03 1.069e+02 1.524e+01
|        ( - -1.131e+03 1 0)
|        ( QUESTION0_9_R 1 -2.371e+03 9.518e+01 1.000e+01
|            ( QUESTION0 -1 -1.052e+03 1.955e+02 5.000e+00
|                ( - -2.556e+02 1 0)
|                ( - -6.012e+02 1 0))
|            ( - -1.224e+03 3 0 QUESTION13 -1 7.561e+01 5.002e+00))))
s>    ( QUESTION0_0_R 1 -9.851e+03 1.616e+02 4.213e+01
s>        ( QUESTION12 -1 -6.081e+03 1.575e+02 2.689e+01
s>            ( QUESTION13 1 -1.642e+03 1.304e+02 8.000e+00
s>                ( - -7.082e+02 1 0)
s>                ( - -8.036e+02 1 0))
s>            ( WDBNDRY_B 0 -4.281e+03 9.716e+01 1.889e+01
s>                ( - -3.504e+02 1 0)
s>                ( - -3.833e+03 2 0 QUESTION1 -1 8.407e+01 1.689e+01)))
s>        ( QUESTION11 -1 -3.609e+03 1.069e+02 1.524e+01
s>            ( - -1.131e+03 1 0)
s>            ( QUESTION0_9_R 1 -2.371e+03 9.518e+01 1.000e+01
s>                ( QUESTION0 -1 -1.052e+03 1.955e+02 5.000e+00
s>                    ( - -2.556e+02 1 0)
s>                    ( - -6.012e+02 1 0))
s>                ( - -1.224e+03 3 0 QUESTION13 -1 7.561e+01 5.002e+00))))INFO: dtree.c(1315): Comp split 14
INFO: dtree.c(1478): Final simple tree
|( QUESTION0_0_R 1 -9.392e+03 1.536e+02 4.013e+01
|    ( QUESTION12 -1 -6.081e+03 1.575e+02 2.689e+01
|        ( QUESTION13 1 -1.642e+03 1.304e+02 8.000e+00
|            ( - -7.082e+02 1 0)
|            ( - -8.036e+02 1 0))
|        ( WDBNDRY_B 0 -4.281e+03 9.716e+01 1.889e+01
|            ( - -3.504e+02 1 0)
|            ( QUESTION1 -1 -3.833e+03 8.407e+01 1.689e+01
|                ( - -6.036e+02 1 0)
|                ( - -3.146e+03 1 0))))
|    ( QUESTION11 -1 -3.158e+03 1.083e+02 1.324e+01
|        ( - -1.131e+03 1 0)
|        ( QUESTION0_9_R 1 -1.919e+03 9.393e+01 8.002e+00
|            ( - -6.012e+02 1 0)
|            ( - -1.224e+03 3 0 QUESTION13 -1 7.561e+01 5.002e+00))))
s>    ( QUESTION0_0_R 1 -9.392e+03 1.536e+02 4.013e+01
s>        ( QUESTION12 -1 -6.081e+03 1.575e+02 2.689e+01
s>            ( QUESTION13 1 -1.642e+03 1.304e+02 8.000e+00
s>                ( - -7.082e+02 1 0)
s>                ( - -8.036e+02 1 0))
s>            ( WDBNDRY_B 0 -4.281e+03 9.716e+01 1.889e+01
s>                ( - -3.504e+02 1 0)
s>                ( QUESTION1 -1 -3.833e+03 8.407e+01 1.689e+01
s>                    ( - -6.036e+02 1 0)
s>                    ( - -3.146e+03 1 0))))
s>        ( QUESTION11 -1 -3.158e+03 1.083e+02 1.324e+01
s>            ( - -1.131e+03 1 0)
s>            ( QUESTION0_9_R 1 -1.919e+03 9.393e+01 8.002e+00
s>                ( - -6.012e+02 1 0)
s>                ( - -1.224e+03 3 0 QUESTION13 -1 7.561e+01 5.002e+00))))INFO: dtree.c(1315): Comp split 15
INFO: dtree.c(1478): Final simple tree
|( QUESTION1 -1 -1.679e+04 1.678e+02 6.806e+01
|    ( - -4.781e+03 5 0 QUESTION2_17_L -1 1.083e+02 1.982e+01)
|    ( QUESTION2 1 -1.184e+04 1.334e+02 4.824e+01
|        ( QUESTION14 -1 -5.068e+03 1.194e+02 2.069e+01
|            ( - -4.625e+02 1 0)
|            ( - -4.486e+03 7 0 QUESTION0_9_R 1 7.837e+01 1.869e+01))
|        ( QUESTION5 -1 -6.641e+03 1.249e+02 2.756e+01
|            ( - -6.291e+02 1 0)
|            ( QUESTION13 1 -5.887e+03 1.177e+02 2.456e+01
|                ( QUESTION0_0_R 1 -3.516e+03 1.114e+02 1.448e+01
|                    ( - -2.244e+03 5 0 QUESTION2_6_L -1 8.093e+01 9.483e+00)
|                    ( QUESTION0 -1 -1.160e+03 2.599e+02 5.000e+00
|                        ( - -2.027e+02 1 0)
|                        ( - -6.976e+02 2 0 QUESTION14 -1 6.062e+01 3.000e+00)))
|                ( - -2.253e+03 4 0 QUESTION0_0_R 1 9.034e+01 1.007e+01)))))
s>    ( QUESTION1 -1 -1.679e+04 1.678e+02 6.806e+01
s>        ( - -4.781e+03 5 0 QUESTION2_17_L -1 1.083e+02 1.982e+01)
s>        ( QUESTION2 1 -1.184e+04 1.334e+02 4.824e+01
s>            ( QUESTION14 -1 -5.068e+03 1.194e+02 2.069e+01
s>                ( - -4.625e+02 1 0)
s>                ( - -4.486e+03 7 0 QUESTION0_9_R 1 7.837e+01 1.869e+01))
s>            ( QUESTION5 -1 -6.641e+03 1.249e+02 2.756e+01
s>                ( - -6.291e+02 1 0)
s>                ( QUESTION13 1 -5.887e+03 1.177e+02 2.456e+01
s>                    ( QUESTION0_0_R 1 -3.516e+03 1.114e+02 1.448e+01
s>                        ( - -2.244e+03 5 0 QUESTION2_6_L -1 8.093e+01 9.483e+00)
s>                        ( QUESTION0 -1 -1.160e+03 2.599e+02 5.000e+00
s>                            ( - -2.027e+02 1 0)
s>                            ( - -6.976e+02 2 0 QUESTION14 -1 6.062e+01 3.000e+00)))
s>                    ( - -2.253e+03 4 0 QUESTION0_0_R 1 9.034e+01 1.007e+01)))))INFO: dtree.c(1315): Comp split 16
INFO: dtree.c(1478): Final simple tree
|( QUESTION1 -1 -1.631e+04 1.677e+02 6.606e+01
|    ( QUESTION2_17_L -1 -4.781e+03 1.083e+02 1.982e+01
|        ( - -8.669e+02 1 0)
|        ( - -3.805e+03 4 0 QUESTION2 -1 6.644e+01 1.567e+01))
|    ( QUESTION2 1 -1.136e+04 1.299e+02 4.624e+01
|        ( QUESTION14 -1 -5.068e+03 1.194e+02 2.069e+01
|            ( - -4.625e+02 1 0)
|            ( - -4.486e+03 7 0 QUESTION0_9_R 1 7.837e+01 1.869e+01))
|        ( QUESTION5 -1 -6.162e+03 1.282e+02 2.556e+01
|            ( - -6.291e+02 1 0)
|            ( QUESTION13 1 -5.404e+03 1.117e+02 2.256e+01
|                ( QUESTION2_6_L -1 -3.039e+03 9.902e+01 1.248e+01
|                    ( - -1.203e+03 2 0 QUESTION14 1 4.630e+02 5.482e+00)
|                    ( - -1.737e+03 5 0 QUESTION0_0_R 1 7.943e+01 7.001e+00))
|                ( - -2.253e+03 4 0 QUESTION0_0_R 1 9.034e+01 1.007e+01)))))
s>    ( QUESTION1 -1 -1.631e+04 1.677e+02 6.606e+01
s>        ( QUESTION2_17_L -1 -4.781e+03 1.083e+02 1.982e+01
s>            ( - -8.669e+02 1 0)
s>            ( - -3.805e+03 4 0 QUESTION2 -1 6.644e+01 1.567e+01))
s>        ( QUESTION2 1 -1.136e+04 1.299e+02 4.624e+01
s>            ( QUESTION14 -1 -5.068e+03 1.194e+02 2.069e+01
s>                ( - -4.625e+02 1 0)
s>                ( - -4.486e+03 7 0 QUESTION0_9_R 1 7.837e+01 1.869e+01))
s>            ( QUESTION5 -1 -6.162e+03 1.282e+02 2.556e+01
s>                ( - -6.291e+02 1 0)
s>                ( QUESTION13 1 -5.404e+03 1.117e+02 2.256e+01
s>                    ( QUESTION2_6_L -1 -3.039e+03 9.902e+01 1.248e+01
s>                        ( - -1.203e+03 2 0 QUESTION14 1 4.630e+02 5.482e+00)
s>                        ( - -1.737e+03 5 0 QUESTION0_0_R 1 7.943e+01 7.001e+00))
s>                    ( - -2.253e+03 4 0 QUESTION0_0_R 1 9.034e+01 1.007e+01)))))INFO: dtree.c(1315): Comp split 17
INFO: dtree.c(1478): Final simple tree
|( WDBNDRY_B 0 -7.804e+03 1.875e+02 3.414e+01
|    ( - -2.541e+02 1 0)
|    ( QUESTION2_14_L -1 -7.362e+03 1.602e+02 3.214e+01
|        ( - -5.070e+02 1 0)
|        ( QUESTION2 -1 -6.695e+03 1.303e+02 2.914e+01
|            ( - -9.857e+02 1 0)
|            ( WDBNDRY_E 0 -5.579e+03 1.217e+02 2.414e+01
|                ( - -8.013e+02 1 0)
|                ( QUESTION19 -1 -4.656e+03 1.195e+02 2.014e+01
|                    ( - -3.809e+02 1 0)
|                    ( QUESTION7 1 -4.156e+03 9.095e+01 1.814e+01
|                        ( - -2.154e+03 3 0 QUESTION1 -1 7.379e+01 9.142e+00)
|                        ( QUESTION0_11_R 1 -1.911e+03 1.538e+02 8.996e+00
|                            ( - -1.037e+03 1 0)
|                            ( - -7.204e+02 1 0))))))))
s>    ( WDBNDRY_B 0 -7.804e+03 1.875e+02 3.414e+01
s>        ( - -2.541e+02 1 0)
s>        ( QUESTION2_14_L -1 -7.362e+03 1.602e+02 3.214e+01
s>            ( - -5.070e+02 1 0)
s>            ( QUESTION2 -1 -6.695e+03 1.303e+02 2.914e+01
s>                ( - -9.857e+02 1 0)
s>                ( WDBNDRY_E 0 -5.579e+03 1.217e+02 2.414e+01
s>                    ( - -8.013e+02 1 0)
s>                    ( QUESTION19 -1 -4.656e+03 1.195e+02 2.014e+01
s>                        ( - -3.809e+02 1 0)
s>                        ( QUESTION7 1 -4.156e+03 9.095e+01 1.814e+01
s>                            ( - -2.154e+03 3 0 QUESTION1 -1 7.379e+01 9.142e+00)
s>                            ( QUESTION0_11_R 1 -1.911e+03 1.538e+02 8.996e+00
s>                                ( - -1.037e+03 1 0)
s>                                ( - -7.204e+02 1 0))))))))INFO: dtree.c(1315): Comp split 18
INFO: dtree.c(1478): Final simple tree
|( QUESTION2_14_L -1 -7.362e+03 1.602e+02 3.214e+01
|    ( - -5.070e+02 1 0)
|    ( QUESTION2 -1 -6.695e+03 1.303e+02 2.914e+01
|        ( - -9.857e+02 1 0)
|        ( WDBNDRY_E 0 -5.579e+03 1.217e+02 2.414e+01
|            ( - -8.013e+02 1 0)
|            ( QUESTION19 -1 -4.656e+03 1.195e+02 2.014e+01
|                ( - -3.809e+02 1 0)
|                ( QUESTION7 1 -4.156e+03 9.095e+01 1.814e+01
|                    ( QUESTION1 -1 -2.154e+03 7.379e+01 9.142e+00
|                        ( - -8.315e+02 1 0)
|                        ( - -1.249e+03 2 0 QUESTION0 -1 6.347e+01 5.142e+00))
|                    ( QUESTION0_11_R 1 -1.911e+03 1.538e+02 8.996e+00
|                        ( - -1.037e+03 1 0)
|                        ( - -7.204e+02 1 0)))))))
s>    ( QUESTION2_14_L -1 -7.362e+03 1.602e+02 3.214e+01
s>        ( - -5.070e+02 1 0)
s>        ( QUESTION2 -1 -6.695e+03 1.303e+02 2.914e+01
s>            ( - -9.857e+02 1 0)
s>            ( WDBNDRY_E 0 -5.579e+03 1.217e+02 2.414e+01
s>                ( - -8.013e+02 1 0)
s>                ( QUESTION19 -1 -4.656e+03 1.195e+02 2.014e+01
s>                    ( - -3.809e+02 1 0)
s>                    ( QUESTION7 1 -4.156e+03 9.095e+01 1.814e+01
s>                        ( QUESTION1 -1 -2.154e+03 7.379e+01 9.142e+00
s>                            ( - -8.315e+02 1 0)
s>                            ( - -1.249e+03 2 0 QUESTION0 -1 6.347e+01 5.142e+00))
s>                        ( QUESTION0_11_R 1 -1.911e+03 1.538e+02 8.996e+00
s>                            ( - -1.037e+03 1 0)
s>                            ( - -7.204e+02 1 0)))))))INFO: dtree.c(1315): Comp split 19
INFO: dtree.c(1478): Final simple tree
|( QUESTION2_14_L -1 -6.458e+03 1.597e+02 2.814e+01
|    ( - -5.070e+02 1 0)
|    ( QUESTION2 -1 -5.791e+03 1.260e+02 2.514e+01
|        ( - -9.857e+02 1 0)
|        ( QUESTION19 -1 -4.680e+03 1.167e+02 2.014e+01
|            ( - -3.809e+02 1 0)
|            ( WDBNDRY_E 0 -4.182e+03 1.118e+02 1.814e+01
|                ( - -8.013e+02 1 0)
|                ( QUESTION0_11_R 1 -3.269e+03 7.841e+01 1.414e+01
|                    ( - -1.037e+03 1 0)
|                    ( QUESTION1 -1 -2.154e+03 7.379e+01 9.142e+00
|                        ( - -8.315e+02 1 0)
|                        ( QUESTION0 -1 -1.249e+03 6.347e+01 5.142e+00
|                            ( - -7.151e+02 1 0)
|                            ( - -4.700e+02 1 0))))))))
s>    ( QUESTION2_14_L -1 -6.458e+03 1.597e+02 2.814e+01
s>        ( - -5.070e+02 1 0)
s>        ( QUESTION2 -1 -5.791e+03 1.260e+02 2.514e+01
s>            ( - -9.857e+02 1 0)
s>            ( QUESTION19 -1 -4.680e+03 1.167e+02 2.014e+01
s>                ( - -3.809e+02 1 0)
s>                ( WDBNDRY_E 0 -4.182e+03 1.118e+02 1.814e+01
s>                    ( - -8.013e+02 1 0)
s>                    ( QUESTION0_11_R 1 -3.269e+03 7.841e+01 1.414e+01
s>                        ( - -1.037e+03 1 0)
s>                        ( QUESTION1 -1 -2.154e+03 7.379e+01 9.142e+00
s>                            ( - -8.315e+02 1 0)
s>                            ( QUESTION0 -1 -1.249e+03 6.347e+01 5.142e+00
s>                                ( - -7.151e+02 1 0)
s>                                ( - -4.700e+02 1 0))))))))INFO: dtree.c(1315): Comp split 20
INFO: dtree.c(1315): Comp split 21
INFO: dtree.c(1478): Final simple tree
|( QUESTION2 1 -6.968e+03 1.224e+02 2.767e+01
|    ( - -4.625e+02 1 0)
|    ( QUESTION0 1 -6.383e+03 1.200e+02 2.567e+01
|        ( - -6.291e+02 1 0)
|        ( QUESTION0_10_R 1 -5.634e+03 1.003e+02 2.267e+01
|            ( QUESTION14 -1 -6.976e+02 6.062e+01 3.000e+00
|                ( - -4.492e+02 1 0)
|                ( - -1.878e+02 1 0))
|            ( QUESTION4 -1 -4.836e+03 9.004e+01 1.967e+01
|                ( - -4.524e+02 1 0)
|                ( QUESTION3 -1 -4.293e+03 6.734e+01 1.767e+01
|                    ( QUESTION0_0_R 1 -1.974e+03 7.806e+01 8.687e+00
|                        ( - -1.718e+03 1 0)
|                        ( - -1.778e+02 1 0))
|                    ( - -2.252e+03 4 0 QUESTION13 -1 5.360e+01 8.981e+00))))))
s>    ( QUESTION2 1 -6.968e+03 1.224e+02 2.767e+01
s>        ( - -4.625e+02 1 0)
s>        ( QUESTION0 1 -6.383e+03 1.200e+02 2.567e+01
s>            ( - -6.291e+02 1 0)
s>            ( QUESTION0_10_R 1 -5.634e+03 1.003e+02 2.267e+01
s>                ( QUESTION14 -1 -6.976e+02 6.062e+01 3.000e+00
s>                    ( - -4.492e+02 1 0)
s>                    ( - -1.878e+02 1 0))
s>                ( QUESTION4 -1 -4.836e+03 9.004e+01 1.967e+01
s>                    ( - -4.524e+02 1 0)
s>                    ( QUESTION3 -1 -4.293e+03 6.734e+01 1.767e+01
s>                        ( QUESTION0_0_R 1 -1.974e+03 7.806e+01 8.687e+00
s>                            ( - -1.718e+03 1 0)
s>                            ( - -1.778e+02 1 0))
s>                        ( - -2.252e+03 4 0 QUESTION13 -1 5.360e+01 8.981e+00))))))INFO: dtree.c(1478): Final simple tree
|( QUESTION14 1 -9.170e+03 4.734e+02 3.839e+01
|    ( - 2.426e+02 1 0)
|    ( QUESTION2 1 -8.940e+03 1.241e+02 3.739e+01
|        ( QUESTION0_9_R 1 -4.486e+03 7.837e+01 1.869e+01
|            ( - -4.193e+03 6 0 QUESTION2_14_L -1 6.678e+01 1.769e+01)
|            ( - -2.149e+02 1 0))
|        ( QUESTION13 1 -4.329e+03 1.243e+02 1.871e+01
|            ( QUESTION1 -1 -1.951e+03 1.021e+02 8.634e+00
|                ( - -8.669e+02 1 0)
|                ( - -9.823e+02 1 0))
|            ( QUESTION0_0_R 1 -2.253e+03 9.034e+01 1.007e+01
|                ( - -3.594e+02 1 0)
|                ( QUESTION0 -1 -1.804e+03 8.834e+01 8.073e+00
|                    ( - -1.295e+03 2 0)
|                    ( - -4.200e+02 1 0))))))
s>    ( QUESTION14 1 -9.170e+03 4.734e+02 3.839e+01
s>        ( - 2.426e+02 1 0)
s>        ( QUESTION2 1 -8.940e+03 1.241e+02 3.739e+01
s>            ( QUESTION0_9_R 1 -4.486e+03 7.837e+01 1.869e+01
s>                ( - -4.193e+03 6 0 QUESTION2_14_L -1 6.678e+01 1.769e+01)
s>                ( - -2.149e+02 1 0))
s>            ( QUESTION13 1 -4.329e+03 1.243e+02 1.871e+01
s>                ( QUESTION1 -1 -1.951e+03 1.021e+02 8.634e+00
s>                    ( - -8.669e+02 1 0)
s>                    ( - -9.823e+02 1 0))
s>                ( QUESTION0_0_R 1 -2.253e+03 9.034e+01 1.007e+01
s>                    ( - -3.594e+02 1 0)
s>                    ( QUESTION0 -1 -1.804e+03 8.834e+01 8.073e+00
s>                        ( - -1.295e+03 2 0)
s>                        ( - -4.200e+02 1 0))))))INFO: dtree.c(1315): Comp split 22
INFO: dtree.c(1478): Final simple tree
|( QUESTION2 1 -8.940e+03 1.241e+02 3.739e+01
|    ( QUESTION0_9_R 1 -4.486e+03 7.837e+01 1.869e+01
|        ( QUESTION2_14_L -1 -4.193e+03 6.678e+01 1.769e+01
|            ( - -1.280e+03 1 0)
|            ( - -2.846e+03 5 0 QUESTION5 -1 6.451e+01 1.175e+01))
|        ( - -2.149e+02 1 0))
|    ( QUESTION13 1 -4.329e+03 1.243e+02 1.871e+01
|        ( QUESTION1 -1 -1.951e+03 1.021e+02 8.634e+00
|            ( - -8.669e+02 1 0)
|            ( - -9.823e+02 1 0))
|        ( QUESTION0_0_R 1 -2.253e+03 9.034e+01 1.007e+01
|            ( - -3.594e+02 1 0)
|            ( QUESTION0 -1 -1.804e+03 8.834e+01 8.073e+00
|                ( - -1.295e+03 2 0)
|                ( - -4.200e+02 1 0)))))
s>    ( QUESTION2 1 -8.940e+03 1.241e+02 3.739e+01
s>        ( QUESTION0_9_R 1 -4.486e+03 7.837e+01 1.869e+01
s>            ( QUESTION2_14_L -1 -4.193e+03 6.678e+01 1.769e+01
s>                ( - -1.280e+03 1 0)
s>                ( - -2.846e+03 5 0 QUESTION5 -1 6.451e+01 1.175e+01))
s>            ( - -2.149e+02 1 0))
s>        ( QUESTION13 1 -4.329e+03 1.243e+02 1.871e+01
s>            ( QUESTION1 -1 -1.951e+03 1.021e+02 8.634e+00
s>                ( - -8.669e+02 1 0)
s>                ( - -9.823e+02 1 0))
s>            ( QUESTION0_0_R 1 -2.253e+03 9.034e+01 1.007e+01
s>                ( - -3.594e+02 1 0)
s>                ( QUESTION0 -1 -1.804e+03 8.834e+01 8.073e+00
s>                    ( - -1.295e+03 2 0)
s>                    ( - -4.200e+02 1 0)))))INFO: dtree.c(1315): Comp split 23
INFO: dtree.c(1439): stop. leaf nodes are specific
INFO: dtree.c(1478): Final simple tree
|( QUESTION1 -1 -4.194e+03 8.312e+01 1.974e+01
|    ( QUESTION0_0_R 1 -1.240e+03 7.831e+01 5.856e+00
|        ( - -3.486e+02 1 0)
|        ( - -8.128e+02 1 0))
|    ( - -2.871e+03 2 0))
s>    ( QUESTION1 -1 -4.194e+03 8.312e+01 1.974e+01
s>        ( QUESTION0_0_R 1 -1.240e+03 7.831e+01 5.856e+00
s>            ( - -3.486e+02 1 0)
s>            ( - -8.128e+02 1 0))
s>        ( - -2.871e+03 2 0))INFO: dtree.c(1439): stop. leaf nodes are specific
INFO: dtree.c(1478): Final simple tree
|( QUESTION15 1 -4.303e+03 1.363e+02 1.904e+01
|    ( WDBNDRY_E 0 -2.906e+03 6.072e+01 1.304e+01
|        ( - -2.076e+02 1 0)
|        ( - -2.638e+03 1 0))
|    ( WDBNDRY_E 0 -1.261e+03 1.142e+02 5.999e+00
|        ( - -4.042e+02 1 0)
|        ( - -7.423e+02 1 0)))
s>    ( QUESTION15 1 -4.303e+03 1.363e+02 1.904e+01
s>        ( WDBNDRY_E 0 -2.906e+03 6.072e+01 1.304e+01
s>            ( - -2.076e+02 1 0)
s>            ( - -2.638e+03 1 0))
s>        ( WDBNDRY_E 0 -1.261e+03 1.142e+02 5.999e+00
s>            ( - -4.042e+02 1 0)
s>            ( - -7.423e+02 1 0)))INFO: dtree.c(1315): Comp split 24
INFO: dtree.c(1439): stop. leaf nodes are specific
INFO: dtree.c(1478): Final simple tree
|( QUESTION2 -1 -5.791e+03 1.260e+02 2.514e+01
|    ( - -9.857e+02 1 0)
|    ( QUESTION19 -1 -4.680e+03 1.167e+02 2.014e+01
|        ( - -3.809e+02 1 0)
|        ( WDBNDRY_E 0 -4.182e+03 1.118e+02 1.814e+01
|            ( - -8.013e+02 1 0)
|            ( QUESTION0_11_R 1 -3.269e+03 7.841e+01 1.414e+01
|                ( - -1.037e+03 1 0)
|                ( QUESTION1 -1 -2.154e+03 7.379e+01 9.142e+00
|                    ( - -8.315e+02 1 0)
|                    ( QUESTION0 -1 -1.249e+03 6.347e+01 5.142e+00
|                        ( - -7.151e+02 1 0)
|                        ( - -4.700e+02 1 0)))))))
s>    ( QUESTION2 -1 -5.791e+03 1.260e+02 2.514e+01
s>        ( - -9.857e+02 1 0)
s>        ( QUESTION19 -1 -4.680e+03 1.167e+02 2.014e+01
s>            ( - -3.809e+02 1 0)
s>            ( WDBNDRY_E 0 -4.182e+03 1.118e+02 1.814e+01
s>                ( - -8.013e+02 1 0)
s>                ( QUESTION0_11_R 1 -3.269e+03 7.841e+01 1.414e+01
s>                    ( - -1.037e+03 1 0)
s>                    ( QUESTION1 -1 -2.154e+03 7.379e+01 9.142e+00
s>                        ( - -8.315e+02 1 0)
s>                        ( QUESTION0 -1 -1.249e+03 6.347e+01 5.142e+00
s>                            ( - -7.151e+02 1 0)
s>                            ( - -4.700e+02 1 0)))))))INFO: dtree.c(1315): Comp split 25
INFO: dtree.c(1478): Final simple tree
|( WDBNDRY_B 0 -8.525e+03 1.481e+02 3.613e+01
|    ( QUESTION0_0_R 1 -4.543e+03 1.256e+02 1.924e+01
|        ( QUESTION11 -1 -1.260e+03 1.058e+02 6.000e+00
|            ( - -3.504e+02 1 0)
|            ( - -8.036e+02 1 0))
|        ( QUESTION11 -1 -3.158e+03 1.083e+02 1.324e+01
|            ( - -1.131e+03 1 0)
|            ( QUESTION0_9_R 1 -1.919e+03 9.393e+01 8.002e+00
|                ( - -6.012e+02 1 0)
|                ( QUESTION13 -1 -1.224e+03 7.561e+01 5.002e+00
|                    ( - -4.302e+02 1 0)
|                    ( - -7.178e+02 2 0 QUESTION0 -1 7.620e+01 3.000e+00)))))
|    ( QUESTION1 -1 -3.833e+03 8.407e+01 1.689e+01
|        ( - -6.036e+02 1 0)
|        ( - -3.146e+03 1 0)))
s>    ( WDBNDRY_B 0 -8.525e+03 1.481e+02 3.613e+01
s>        ( QUESTION0_0_R 1 -4.543e+03 1.256e+02 1.924e+01
s>            ( QUESTION11 -1 -1.260e+03 1.058e+02 6.000e+00
s>                ( - -3.504e+02 1 0)
s>                ( - -8.036e+02 1 0))
s>            ( QUESTION11 -1 -3.158e+03 1.083e+02 1.324e+01
s>                ( - -1.131e+03 1 0)
s>                ( QUESTION0_9_R 1 -1.919e+03 9.393e+01 8.002e+00
s>                    ( - -6.012e+02 1 0)
s>                    ( QUESTION13 -1 -1.224e+03 7.561e+01 5.002e+00
s>                        ( - -4.302e+02 1 0)
s>                        ( - -7.178e+02 2 0 QUESTION0 -1 7.620e+01 3.000e+00)))))
s>        ( QUESTION1 -1 -3.833e+03 8.407e+01 1.689e+01
s>            ( - -6.036e+02 1 0)
s>            ( - -3.146e+03 1 0)))INFO: dtree.c(1315): Comp split 26
INFO: dtree.c(1439): stop. leaf nodes are specific
INFO: dtree.c(1478): Final simple tree
|( QUESTION0_0_R 1 -4.543e+03 1.256e+02 1.924e+01
|    ( QUESTION11 -1 -1.260e+03 1.058e+02 6.000e+00
|        ( - -3.504e+02 1 0)
|        ( - -8.036e+02 1 0))
|    ( QUESTION11 -1 -3.158e+03 1.083e+02 1.324e+01
|        ( - -1.131e+03 1 0)
|        ( QUESTION0_9_R 1 -1.919e+03 9.393e+01 8.002e+00
|            ( - -6.012e+02 1 0)
|            ( QUESTION13 -1 -1.224e+03 7.561e+01 5.002e+00
|                ( - -4.302e+02 1 0)
|                ( QUESTION0 -1 -7.178e+02 7.620e+01 3.000e+00
|                    ( - -4.316e+02 1 0)
|                    ( - -2.100e+02 1 0))))))
s>    ( QUESTION0_0_R 1 -4.543e+03 1.256e+02 1.924e+01
s>        ( QUESTION11 -1 -1.260e+03 1.058e+02 6.000e+00
s>            ( - -3.504e+02 1 0)
s>            ( - -8.036e+02 1 0))
s>        ( QUESTION11 -1 -3.158e+03 1.083e+02 1.324e+01
s>            ( - -1.131e+03 1 0)
s>            ( QUESTION0_9_R 1 -1.919e+03 9.393e+01 8.002e+00
s>                ( - -6.012e+02 1 0)
s>                ( QUESTION13 -1 -1.224e+03 7.561e+01 5.002e+00
s>                    ( - -4.302e+02 1 0)
s>                    ( QUESTION0 -1 -7.178e+02 7.620e+01 3.000e+00
s>                        ( - -4.316e+02 1 0)
s>                        ( - -2.100e+02 1 0))))))INFO: dtree.c(1439): stop. leaf nodes are specific
INFO: dtree.c(1478): Final simple tree
|( QUESTION1 -1 -3.833e+03 8.407e+01 1.689e+01
|    ( - -6.036e+02 1 0)
|    ( - -3.146e+03 1 0))
s>    ( QUESTION1 -1 -3.833e+03 8.407e+01 1.689e+01
s>        ( - -6.036e+02 1 0)
s>        ( - -3.146e+03 1 0))INFO: dtree.c(1315): Comp split 27
INFO: dtree.c(1439): stop. leaf nodes are specific
INFO: dtree.c(1478): Final simple tree
|( WDBNDRY_E 0 -1.261e+03 1.142e+02 5.999e+00
|    ( - -4.042e+02 1 0)
|    ( - -7.423e+02 1 0))
s>    ( WDBNDRY_E 0 -1.261e+03 1.142e+02 5.999e+00
s>        ( - -4.042e+02 1 0)
s>        ( - -7.423e+02 1 0))INFO: dtree.c(1439): stop. leaf nodes are specific
INFO: dtree.c(1478): Final simple tree
|( WDBNDRY_E 0 -2.906e+03 6.072e+01 1.304e+01
|    ( - -2.076e+02 1 0)
|    ( - -2.638e+03 1 0))
s>    ( WDBNDRY_E 0 -2.906e+03 6.072e+01 1.304e+01
s>        ( - -2.076e+02 1 0)
s>        ( - -2.638e+03 1 0))INFO: dtree.c(1315): Comp split 28
INFO: dtree.c(1439): stop. leaf nodes are specific
INFO: dtree.c(1478): Final simple tree
|( QUESTION11 -1 -3.606e+03 1.067e+02 1.524e+01
|    ( QUESTION0_0_R 1 -1.580e+03 9.917e+01 7.234e+00
|        ( - -3.504e+02 1 0)
|        ( - -1.131e+03 1 0))
|    ( QUESTION0_9_R 1 -1.919e+03 9.393e+01 8.002e+00
|        ( - -6.012e+02 1 0)
|        ( QUESTION13 -1 -1.224e+03 7.561e+01 5.002e+00
|            ( - -4.302e+02 1 0)
|            ( QUESTION0 -1 -7.178e+02 7.620e+01 3.000e+00
|                ( - -4.316e+02 1 0)
|                ( - -2.100e+02 1 0)))))
s>    ( QUESTION11 -1 -3.606e+03 1.067e+02 1.524e+01
s>        ( QUESTION0_0_R 1 -1.580e+03 9.917e+01 7.234e+00
s>            ( - -3.504e+02 1 0)
s>            ( - -1.131e+03 1 0))
s>        ( QUESTION0_9_R 1 -1.919e+03 9.393e+01 8.002e+00
s>            ( - -6.012e+02 1 0)
s>            ( QUESTION13 -1 -1.224e+03 7.561e+01 5.002e+00
s>                ( - -4.302e+02 1 0)
s>                ( QUESTION0 -1 -7.178e+02 7.620e+01 3.000e+00
s>                    ( - -4.316e+02 1 0)
s>                    ( - -2.100e+02 1 0)))))INFO: dtree.c(1315): Comp split 29
INFO: dtree.c(1439): stop. leaf nodes are specific
INFO: dtree.c(1478): Final simple tree
|( QUESTION3 -1 -4.293e+03 6.734e+01 1.767e+01
|    ( QUESTION0_0_R 1 -1.974e+03 7.806e+01 8.687e+00
|        ( - -1.718e+03 1 0)
|        ( - -1.778e+02 1 0))
|    ( QUESTION13 -1 -2.252e+03 5.360e+01 8.981e+00
|        ( - -1.889e+02 1 0)
|        ( QUESTION0 -1 -2.010e+03 5.245e+01 7.979e+00
|            ( - -1.765e+03 2 0)
|            ( - -1.918e+02 1 0))))
s>    ( QUESTION3 -1 -4.293e+03 6.734e+01 1.767e+01
s>        ( QUESTION0_0_R 1 -1.974e+03 7.806e+01 8.687e+00
s>            ( - -1.718e+03 1 0)
s>            ( - -1.778e+02 1 0))
s>        ( QUESTION13 -1 -2.252e+03 5.360e+01 8.981e+00
s>            ( - -1.889e+02 1 0)
s>            ( QUESTION0 -1 -2.010e+03 5.245e+01 7.979e+00
s>                ( - -1.765e+03 2 0)
s>                ( - -1.918e+02 1 0))))INFO: dtree.c(1439): stop. leaf nodes are specific
INFO: dtree.c(1478): Final simple tree
|( QUESTION3 1 -2.543e+03 1.097e+02 1.000e+01
|    ( - -6.291e+02 1 0)
|    ( QUESTION0_9_R 1 -1.804e+03 1.022e+02 7.000e+00
|        ( - -4.625e+02 1 0)
|        ( QUESTION0_0_R 1 -1.239e+03 8.899e+01 5.000e+00
|            ( - -4.524e+02 1 0)
|            ( QUESTION14 -1 -6.976e+02 6.062e+01 3.000e+00
|                ( - -4.492e+02 1 0)
|                ( - -1.878e+02 1 0)))))
s>    ( QUESTION3 1 -2.543e+03 1.097e+02 1.000e+01
s>        ( - -6.291e+02 1 0)
s>        ( QUESTION0_9_R 1 -1.804e+03 1.022e+02 7.000e+00
s>            ( - -4.625e+02 1 0)
s>            ( QUESTION0_0_R 1 -1.239e+03 8.899e+01 5.000e+00
s>                ( - -4.524e+02 1 0)
s>                ( QUESTION14 -1 -6.976e+02 6.062e+01 3.000e+00
s>                    ( - -4.492e+02 1 0)
s>                    ( - -1.878e+02 1 0)))))INFO: dtree.c(1315): Comp split 30
INFO: dtree.c(1439): stop. leaf nodes are specific
INFO: dtree.c(1478): Final simple tree
|( QUESTION0_0_R 1 -2.253e+03 9.034e+01 1.007e+01
|    ( - -3.594e+02 1 0)
|    ( QUESTION0 -1 -1.804e+03 8.834e+01 8.073e+00
|        ( - -1.295e+03 2 0)
|        ( - -4.200e+02 1 0)))
s>    ( QUESTION0_0_R 1 -2.253e+03 9.034e+01 1.007e+01
s>        ( - -3.594e+02 1 0)
s>        ( QUESTION0 -1 -1.804e+03 8.834e+01 8.073e+00
s>            ( - -1.295e+03 2 0)
s>            ( - -4.200e+02 1 0)))INFO: dtree.c(1478): Final simple tree
|( QUESTION1 -1 -6.557e+03 1.197e+02 2.732e+01
|    ( - -8.669e+02 1 0)
|    ( QUESTION0_0_R 1 -5.570e+03 1.014e+02 2.317e+01
|        ( - -9.823e+02 1 0)
|        ( QUESTION0_9_R 1 -4.486e+03 7.837e+01 1.869e+01
|            ( QUESTION2_14_L -1 -4.193e+03 6.678e+01 1.769e+01
|                ( - -1.280e+03 1 0)
|                ( QUESTION5 -1 -2.846e+03 6.451e+01 1.175e+01
|                    ( - -4.323e+02 1 0)
|                    ( QUESTION2_7_L -1 -2.350e+03 5.656e+01 9.746e+00
|                        ( - -2.048e+02 1 0)
|                        ( QUESTION0 -1 -2.088e+03 5.267e+01 8.746e+00
|                            ( - -1.832e+03 2 0)
|                            ( - -2.039e+02 1 0)))))
|            ( - -2.149e+02 1 0))))
s>    ( QUESTION1 -1 -6.557e+03 1.197e+02 2.732e+01
s>        ( - -8.669e+02 1 0)
s>        ( QUESTION0_0_R 1 -5.570e+03 1.014e+02 2.317e+01
s>            ( - -9.823e+02 1 0)
s>            ( QUESTION0_9_R 1 -4.486e+03 7.837e+01 1.869e+01
s>                ( QUESTION2_14_L -1 -4.193e+03 6.678e+01 1.769e+01
s>                    ( - -1.280e+03 1 0)
s>                    ( QUESTION5 -1 -2.846e+03 6.451e+01 1.175e+01
s>                        ( - -4.323e+02 1 0)
s>                        ( QUESTION2_7_L -1 -2.350e+03 5.656e+01 9.746e+00
s>                            ( - -2.048e+02 1 0)
s>                            ( QUESTION0 -1 -2.088e+03 5.267e+01 8.746e+00
s>                                ( - -1.832e+03 2 0)
s>                                ( - -2.039e+02 1 0)))))
s>                ( - -2.149e+02 1 0))))INFO: dtree.c(1315): Comp split 31
INFO: dtree.c(1439): stop. leaf nodes are specific
INFO: dtree.c(1478): Final simple tree
|( QUESTION19 -1 -4.680e+03 1.167e+02 2.014e+01
|    ( - -3.809e+02 1 0)
|    ( WDBNDRY_E 0 -4.182e+03 1.118e+02 1.814e+01
|        ( - -8.013e+02 1 0)
|        ( QUESTION0_11_R 1 -3.269e+03 7.841e+01 1.414e+01
|            ( - -1.037e+03 1 0)
|            ( QUESTION1 -1 -2.154e+03 7.379e+01 9.142e+00
|                ( - -8.315e+02 1 0)
|                ( QUESTION0 -1 -1.249e+03 6.347e+01 5.142e+00
|                    ( - -7.151e+02 1 0)
|                    ( - -4.700e+02 1 0))))))
s>    ( QUESTION19 -1 -4.680e+03 1.167e+02 2.014e+01
s>        ( - -3.809e+02 1 0)
s>        ( WDBNDRY_E 0 -4.182e+03 1.118e+02 1.814e+01
s>            ( - -8.013e+02 1 0)
s>            ( QUESTION0_11_R 1 -3.269e+03 7.841e+01 1.414e+01
s>                ( - -1.037e+03 1 0)
s>                ( QUESTION1 -1 -2.154e+03 7.379e+01 9.142e+00
s>                    ( - -8.315e+02 1 0)
s>                    ( QUESTION0 -1 -1.249e+03 6.347e+01 5.142e+00
s>                        ( - -7.151e+02 1 0)
s>                        ( - -4.700e+02 1 0))))))INFO: dtree.c(1315): Comp split 32
INFO: dtree.c(1439): stop. leaf nodes are specific
INFO: dtree.c(1478): Final simple tree
|( QUESTION0_0_R 1 -5.570e+03 1.014e+02 2.317e+01
|    ( - -9.823e+02 1 0)
|    ( QUESTION0_9_R 1 -4.486e+03 7.837e+01 1.869e+01
|        ( QUESTION2_14_L -1 -4.193e+03 6.678e+01 1.769e+01
|            ( - -1.280e+03 1 0)
|            ( QUESTION5 -1 -2.846e+03 6.451e+01 1.175e+01
|                ( - -4.323e+02 1 0)
|                ( QUESTION2_7_L -1 -2.350e+03 5.656e+01 9.746e+00
|                    ( - -2.048e+02 1 0)
|                    ( QUESTION0 -1 -2.088e+03 5.267e+01 8.746e+00
|                        ( - -1.832e+03 2 0)
|                        ( - -2.039e+02 1 0)))))
|        ( - -2.149e+02 1 0)))
s>    ( QUESTION0_0_R 1 -5.570e+03 1.014e+02 2.317e+01
s>        ( - -9.823e+02 1 0)
s>        ( QUESTION0_9_R 1 -4.486e+03 7.837e+01 1.869e+01
s>            ( QUESTION2_14_L -1 -4.193e+03 6.678e+01 1.769e+01
s>                ( - -1.280e+03 1 0)
s>                ( QUESTION5 -1 -2.846e+03 6.451e+01 1.175e+01
s>                    ( - -4.323e+02 1 0)
s>                    ( QUESTION2_7_L -1 -2.350e+03 5.656e+01 9.746e+00
s>                        ( - -2.048e+02 1 0)
s>                        ( QUESTION0 -1 -2.088e+03 5.267e+01 8.746e+00
s>                            ( - -1.832e+03 2 0)
s>                            ( - -2.039e+02 1 0)))))
s>            ( - -2.149e+02 1 0)))INFO: dtree.c(1315): Comp split 33
INFO: dtree.c(1439): stop. leaf nodes are specific
INFO: dtree.c(1478): Final simple tree
|( WDBNDRY_E 0 -4.182e+03 1.118e+02 1.814e+01
|    ( - -8.013e+02 1 0)
|    ( QUESTION0_11_R 1 -3.269e+03 7.841e+01 1.414e+01
|        ( - -1.037e+03 1 0)
|        ( QUESTION1 -1 -2.154e+03 7.379e+01 9.142e+00
|            ( - -8.315e+02 1 0)
|            ( QUESTION0 -1 -1.249e+03 6.347e+01 5.142e+00
|                ( - -7.151e+02 1 0)
|                ( - -4.700e+02 1 0)))))
s>    ( WDBNDRY_E 0 -4.182e+03 1.118e+02 1.814e+01
s>        ( - -8.013e+02 1 0)
s>        ( QUESTION0_11_R 1 -3.269e+03 7.841e+01 1.414e+01
s>            ( - -1.037e+03 1 0)
s>            ( QUESTION1 -1 -2.154e+03 7.379e+01 9.142e+00
s>                ( - -8.315e+02 1 0)
s>                ( QUESTION0 -1 -1.249e+03 6.347e+01 5.142e+00
s>                    ( - -7.151e+02 1 0)
s>                    ( - -4.700e+02 1 0)))))INFO: dtree.c(1315): Comp split 34
INFO: dtree.c(1315): Comp split 35
INFO: dtree.c(1439): stop. leaf nodes are specific
INFO: dtree.c(1478): Final simple tree
|( QUESTION0_11_R 1 -3.269e+03 7.841e+01 1.414e+01
|    ( - -1.037e+03 1 0)
|    ( QUESTION1 -1 -2.154e+03 7.379e+01 9.142e+00
|        ( - -8.315e+02 1 0)
|        ( QUESTION0 -1 -1.249e+03 6.347e+01 5.142e+00
|            ( - -7.151e+02 1 0)
|            ( - -4.700e+02 1 0))))
s>    ( QUESTION0_11_R 1 -3.269e+03 7.841e+01 1.414e+01
s>        ( - -1.037e+03 1 0)
s>        ( QUESTION1 -1 -2.154e+03 7.379e+01 9.142e+00
s>            ( - -8.315e+02 1 0)
s>            ( QUESTION0 -1 -1.249e+03 6.347e+01 5.142e+00
s>                ( - -7.151e+02 1 0)
s>                ( - -4.700e+02 1 0))))INFO: dtree.c(1315): Comp split 36
INFO: dtree.c(1439): stop. leaf nodes are specific
INFO: dtree.c(1478): Final simple tree
|( QUESTION0_9_R 1 -1.804e+03 1.022e+02 7.000e+00
|    ( - -4.625e+02 1 0)
|    ( QUESTION0_0_R 1 -1.239e+03 8.899e+01 5.000e+00
|        ( - -4.524e+02 1 0)
|        ( QUESTION14 -1 -6.976e+02 6.062e+01 3.000e+00
|            ( - -4.492e+02 1 0)
|            ( - -1.878e+02 1 0))))
s>    ( QUESTION0_9_R 1 -1.804e+03 1.022e+02 7.000e+00
s>        ( - -4.625e+02 1 0)
s>        ( QUESTION0_0_R 1 -1.239e+03 8.899e+01 5.000e+00
s>            ( - -4.524e+02 1 0)
s>            ( QUESTION14 -1 -6.976e+02 6.062e+01 3.000e+00
s>                ( - -4.492e+02 1 0)
s>                ( - -1.878e+02 1 0))))INFO: dtree.c(1315): Comp split 37
INFO: dtree.c(1439): stop. leaf nodes are specific
INFO: dtree.c(1478): Final simple tree
|( QUESTION0_0_R 1 -2.367e+03 9.787e+01 1.000e+01
|    ( - -3.504e+02 1 0)
|    ( QUESTION0_9_R 1 -1.919e+03 9.393e+01 8.002e+00
|        ( - -6.012e+02 1 0)
|        ( QUESTION13 -1 -1.224e+03 7.561e+01 5.002e+00
|            ( - -4.302e+02 1 0)
|            ( QUESTION0 -1 -7.178e+02 7.620e+01 3.000e+00
|                ( - -4.316e+02 1 0)
|                ( - -2.100e+02 1 0)))))
s>    ( QUESTION0_0_R 1 -2.367e+03 9.787e+01 1.000e+01
s>        ( - -3.504e+02 1 0)
s>        ( QUESTION0_9_R 1 -1.919e+03 9.393e+01 8.002e+00
s>            ( - -6.012e+02 1 0)
s>            ( QUESTION13 -1 -1.224e+03 7.561e+01 5.002e+00
s>                ( - -4.302e+02 1 0)
s>                ( QUESTION0 -1 -7.178e+02 7.620e+01 3.000e+00
s>                    ( - -4.316e+02 1 0)
s>                    ( - -2.100e+02 1 0)))))INFO: dtree.c(1315): Comp split 38
INFO: dtree.c(1439): stop. leaf nodes are specific
INFO: dtree.c(1478): Final simple tree
|( QUESTION0_0_R 1 -1.239e+03 8.899e+01 5.000e+00
|    ( - -4.524e+02 1 0)
|    ( QUESTION14 -1 -6.976e+02 6.062e+01 3.000e+00
|        ( - -4.492e+02 1 0)
|        ( - -1.878e+02 1 0)))
s>    ( QUESTION0_0_R 1 -1.239e+03 8.899e+01 5.000e+00
s>        ( - -4.524e+02 1 0)
s>        ( QUESTION14 -1 -6.976e+02 6.062e+01 3.000e+00
s>            ( - -4.492e+02 1 0)
s>            ( - -1.878e+02 1 0)))INFO: dtree.c(1315): Comp split 39
INFO: dtree.c(1439): stop. leaf nodes are specific
INFO: dtree.c(1478): Final simple tree
|( QUESTION0_9_R 1 -4.486e+03 7.837e+01 1.869e+01
|    ( QUESTION2_14_L -1 -4.193e+03 6.678e+01 1.769e+01
|        ( - -1.280e+03 1 0)
|        ( QUESTION5 -1 -2.846e+03 6.451e+01 1.175e+01
|            ( - -4.323e+02 1 0)
|            ( QUESTION2_7_L -1 -2.350e+03 5.656e+01 9.746e+00
|                ( - -2.048e+02 1 0)
|                ( QUESTION0 -1 -2.088e+03 5.267e+01 8.746e+00
|                    ( - -1.832e+03 2 0)
|                    ( - -2.039e+02 1 0)))))
|    ( - -2.149e+02 1 0))
s>    ( QUESTION0_9_R 1 -4.486e+03 7.837e+01 1.869e+01
s>        ( QUESTION2_14_L -1 -4.193e+03 6.678e+01 1.769e+01
s>            ( - -1.280e+03 1 0)
s>            ( QUESTION5 -1 -2.846e+03 6.451e+01 1.175e+01
s>                ( - -4.323e+02 1 0)
s>                ( QUESTION2_7_L -1 -2.350e+03 5.656e+01 9.746e+00
s>                    ( - -2.048e+02 1 0)
s>                    ( QUESTION0 -1 -2.088e+03 5.267e+01 8.746e+00
s>                        ( - -1.832e+03 2 0)
s>                        ( - -2.039e+02 1 0)))))
s>        ( - -2.149e+02 1 0))INFO: dtree.c(1315): Comp split 40
INFO: dtree.c(1439): stop. leaf nodes are specific
INFO: dtree.c(1478): Final simple tree
|( QUESTION0_9_R 1 -1.919e+03 9.393e+01 8.002e+00
|    ( - -6.012e+02 1 0)
|    ( QUESTION13 -1 -1.224e+03 7.561e+01 5.002e+00
|        ( - -4.302e+02 1 0)
|        ( QUESTION0 -1 -7.178e+02 7.620e+01 3.000e+00
|            ( - -4.316e+02 1 0)
|            ( - -2.100e+02 1 0))))
s>    ( QUESTION0_9_R 1 -1.919e+03 9.393e+01 8.002e+00
s>        ( - -6.012e+02 1 0)
s>        ( QUESTION13 -1 -1.224e+03 7.561e+01 5.002e+00
s>            ( - -4.302e+02 1 0)
s>            ( QUESTION0 -1 -7.178e+02 7.620e+01 3.000e+00
s>                ( - -4.316e+02 1 0)
s>                ( - -2.100e+02 1 0))))INFO: dtree.c(1315): Comp split 41
INFO: dtree.c(1439): stop. leaf nodes are specific
INFO: dtree.c(1478): Final simple tree
|( QUESTION13 -1 -1.224e+03 7.561e+01 5.002e+00
|    ( - -4.302e+02 1 0)
|    ( QUESTION0 -1 -7.178e+02 7.620e+01 3.000e+00
|        ( - -4.316e+02 1 0)
|        ( - -2.100e+02 1 0)))
s>    ( QUESTION13 -1 -1.224e+03 7.561e+01 5.002e+00
s>        ( - -4.302e+02 1 0)
s>        ( QUESTION0 -1 -7.178e+02 7.620e+01 3.000e+00
s>            ( - -4.316e+02 1 0)
s>            ( - -2.100e+02 1 0)))INFO: dtree.c(1315): Comp split 42
INFO: dtree.c(1439): stop. leaf nodes are specific
INFO: dtree.c(1478): Final simple tree
|( QUESTION0 -1 -1.804e+03 8.834e+01 8.073e+00
|    ( - -1.295e+03 2 0)
|    ( - -4.200e+02 1 0))
s>    ( QUESTION0 -1 -1.804e+03 8.834e+01 8.073e+00
s>        ( - -1.295e+03 2 0)
s>        ( - -4.200e+02 1 0))INFO: dtree.c(1315): Comp split 43
INFO: dtree.c(1439): stop. leaf nodes are specific
INFO: dtree.c(1478): Final simple tree
|( QUESTION14 -1 -6.976e+02 6.062e+01 3.000e+00
|    ( - -4.492e+02 1 0)
|    ( - -1.878e+02 1 0))
s>    ( QUESTION14 -1 -6.976e+02 6.062e+01 3.000e+00
s>        ( - -4.492e+02 1 0)
s>        ( - -1.878e+02 1 0))INFO: dtree.c(1315): Comp split 44
INFO: dtree.c(1315): Comp split 45
INFO: dtree.c(1315): Comp split 46
INFO: dtree.c(1439): stop. leaf nodes are specific
INFO: dtree.c(1478): Final simple tree
|( QUESTION0_0_R 1 -1.240e+03 7.831e+01 5.856e+00
|    ( - -3.486e+02 1 0)
|    ( - -8.128e+02 1 0))
s>    ( QUESTION0_0_R 1 -1.240e+03 7.831e+01 5.856e+00
s>        ( - -3.486e+02 1 0)
s>        ( - -8.128e+02 1 0))INFO: dtree.c(1315): Comp split 47
INFO: dtree.c(1439): stop. leaf nodes are specific
INFO: dtree.c(1478): Final simple tree
|( QUESTION0_0_R 1 -2.496e+03 6.554e+01 9.981e+00
|    ( QUESTION13 -1 -2.252e+03 5.360e+01 8.981e+00
|        ( - -1.889e+02 1 0)
|        ( QUESTION0 -1 -2.010e+03 5.245e+01 7.979e+00
|            ( - -1.765e+03 2 0)
|            ( - -1.918e+02 1 0)))
|    ( - -1.778e+02 1 0))
s>    ( QUESTION0_0_R 1 -2.496e+03 6.554e+01 9.981e+00
s>        ( QUESTION13 -1 -2.252e+03 5.360e+01 8.981e+00
s>            ( - -1.889e+02 1 0)
s>            ( QUESTION0 -1 -2.010e+03 5.245e+01 7.979e+00
s>                ( - -1.765e+03 2 0)
s>                ( - -1.918e+02 1 0)))
s>        ( - -1.778e+02 1 0))INFO: dtree.c(1315): Comp split 48
INFO: dtree.c(1439): stop. leaf nodes are specific
INFO: dtree.c(1478): Final simple tree
|( QUESTION0 -1 -1.249e+03 6.347e+01 5.142e+00
|    ( - -7.151e+02 1 0)
|    ( - -4.700e+02 1 0))
s>    ( QUESTION0 -1 -1.249e+03 6.347e+01 5.142e+00
s>        ( - -7.151e+02 1 0)
s>        ( - -4.700e+02 1 0))INFO: dtree.c(1439): stop. leaf nodes are specific
INFO: dtree.c(1478): Final simple tree
|( QUESTION0_11_R 1 -1.941e+03 7.296e+01 8.996e+00
|    ( - -1.037e+03 1 0)
|    ( - -8.315e+02 1 0))
s>    ( QUESTION0_11_R 1 -1.941e+03 7.296e+01 8.996e+00
s>        ( - -1.037e+03 1 0)
s>        ( - -8.315e+02 1 0))INFO: dtree.c(1315): Comp split 49
INFO: dtree.c(1439): stop. leaf nodes are specific
INFO: dtree.c(1478): Final simple tree
|( QUESTION2_14_L -1 -4.193e+03 6.678e+01 1.769e+01
|    ( - -1.280e+03 1 0)
|    ( QUESTION5 -1 -2.846e+03 6.451e+01 1.175e+01
|        ( - -4.323e+02 1 0)
|        ( QUESTION2_7_L -1 -2.350e+03 5.656e+01 9.746e+00
|            ( - -2.048e+02 1 0)
|            ( QUESTION0 -1 -2.088e+03 5.267e+01 8.746e+00
|                ( - -1.832e+03 2 0)
|                ( - -2.039e+02 1 0)))))
s>    ( QUESTION2_14_L -1 -4.193e+03 6.678e+01 1.769e+01
s>        ( - -1.280e+03 1 0)
s>        ( QUESTION5 -1 -2.846e+03 6.451e+01 1.175e+01
s>            ( - -4.323e+02 1 0)
s>            ( QUESTION2_7_L -1 -2.350e+03 5.656e+01 9.746e+00
s>                ( - -2.048e+02 1 0)
s>                ( QUESTION0 -1 -2.088e+03 5.267e+01 8.746e+00
s>                    ( - -1.832e+03 2 0)
s>                    ( - -2.039e+02 1 0)))))INFO: dtree.c(1315): Comp split 50
INFO: dtree.c(1315): Comp split 51
INFO: dtree.c(1439): stop. leaf nodes are specific
INFO: dtree.c(1478): Final simple tree
|( QUESTION0 -1 -7.178e+02 7.620e+01 3.000e+00
|    ( - -4.316e+02 1 0)
|    ( - -2.100e+02 1 0))
s>    ( QUESTION0 -1 -7.178e+02 7.620e+01 3.000e+00
s>        ( - -4.316e+02 1 0)
s>        ( - -2.100e+02 1 0))INFO: dtree.c(1315): Comp split 52
INFO: dtree.c(1315): Comp split 53
INFO: dtree.c(1439): stop. leaf nodes are specific
INFO: dtree.c(1478): Final simple tree
|( QUESTION2_7_L -1 -2.350e+03 5.656e+01 9.746e+00
|    ( - -2.048e+02 1 0)
|    ( QUESTION0 -1 -2.088e+03 5.267e+01 8.746e+00
|        ( - -1.832e+03 2 0)
|        ( - -2.039e+02 1 0)))
s>    ( QUESTION2_7_L -1 -2.350e+03 5.656e+01 9.746e+00
s>        ( - -2.048e+02 1 0)
s>        ( QUESTION0 -1 -2.088e+03 5.267e+01 8.746e+00
s>            ( - -1.832e+03 2 0)
s>            ( - -2.039e+02 1 0)))INFO: dtree.c(1439): stop. leaf nodes are specific
INFO: dtree.c(1478): Final simple tree
|( QUESTION5 -1 -1.769e+03 5.707e+01 7.941e+00
|    ( - -4.323e+02 1 0)
|    ( - -1.280e+03 1 0))
s>    ( QUESTION5 -1 -1.769e+03 5.707e+01 7.941e+00
s>        ( - -4.323e+02 1 0)
s>        ( - -1.280e+03 1 0))INFO: dtree.c(1315): Comp split 54
INFO: dtree.c(1315): Comp split 55
INFO: dtree.c(1439): stop. leaf nodes are specific
INFO: dtree.c(1478): Final simple tree
|( QUESTION13 -1 -2.252e+03 5.360e+01 8.981e+00
|    ( - -1.889e+02 1 0)
|    ( QUESTION0 -1 -2.010e+03 5.245e+01 7.979e+00
|        ( - -1.765e+03 2 0)
|        ( - -1.918e+02 1 0)))
s>    ( QUESTION13 -1 -2.252e+03 5.360e+01 8.981e+00
s>        ( - -1.889e+02 1 0)
s>        ( QUESTION0 -1 -2.010e+03 5.245e+01 7.979e+00
s>            ( - -1.765e+03 2 0)
s>            ( - -1.918e+02 1 0)))INFO: dtree.c(1315): Comp split 56
INFO: dtree.c(1315): Comp split 57
INFO: dtree.c(1315): Comp split 58
INFO: dtree.c(1315): Comp split 59
INFO: dtree.c(1315): Comp split 60
INFO: dtree.c(1439): stop. leaf nodes are specific
INFO: dtree.c(1478): Final simple tree
|( QUESTION0 -1 -2.088e+03 5.267e+01 8.746e+00
|    ( - -1.832e+03 2 0)
|    ( - -2.039e+02 1 0))
s>    ( QUESTION0 -1 -2.088e+03 5.267e+01 8.746e+00
s>        ( - -1.832e+03 2 0)
s>        ( - -2.039e+02 1 0))INFO: dtree.c(1315): Comp split 61
INFO: dtree.c(1439): stop. leaf nodes are specific
INFO: dtree.c(1478): Final simple tree
|( QUESTION0 -1 -2.010e+03 5.245e+01 7.979e+00
|    ( - -1.765e+03 2 0)
|    ( - -1.918e+02 1 0))
s>    ( QUESTION0 -1 -2.010e+03 5.245e+01 7.979e+00
s>        ( - -1.765e+03 2 0)
s>        ( - -1.918e+02 1 0))INFO: dtree.c(1315): Comp split 62
INFO: dtree.c(1315): Comp split 63
INFO: dtree.c(1315): Comp split 64
INFO: dtree.c(1318): stop. leaf nodes are specific
Thu May  7 00:23:33 2020
