Current configuration:
[NAME]		[DEFLT]	[VALUE]
-allphones	no	no
-cntthresh	0.00001	1.000000e-05
-csplitmax	100	2000
-csplitmin	1	1
-csplitthr	8e-4	0.000000e+00
-example	no	no
-fullvar	no	no
-help		no	no
-meanfn			/home/abdy/Desktop/diploma/kg/model_parameters/kg.cd_cont_untied/means
-mixwfn			/home/abdy/Desktop/diploma/kg/model_parameters/kg.cd_cont_untied/mixture_weights
-moddeffn		/home/abdy/Desktop/diploma/kg/model_architecture/kg.untied.mdef
-mwfloor	1e-4	1.000000e-08
-phone			p
-psetfn			/home/abdy/Desktop/diploma/kg/model_architecture/kg.tree_questions
-ssplitmax	5	7
-ssplitmin	1	1
-ssplitthr	8e-4	0.000000e+00
-state			1
-stwt			1.0,0.05,0.0,
-treefn			/home/abdy/Desktop/diploma/kg/trees/kg.unpruned/p-1.dtree
-ts2cbfn	.semi.	.cont.
-varfloor	0.00001	1.000000e-05
-varfn			/home/abdy/Desktop/diploma/kg/model_parameters/kg.cd_cont_untied/variances

INFO: main.c(223): Reading: /home/abdy/Desktop/diploma/kg/model_architecture/kg.untied.mdef
INFO: model_def_io.c(573): Model definition info:
INFO: model_def_io.c(574): 10297 total models defined (47 base, 10250 tri)
INFO: model_def_io.c(575): 41188 total states
INFO: model_def_io.c(576): 30891 total tied states
INFO: model_def_io.c(577): 141 total tied CI states
INFO: model_def_io.c(578): 47 total tied transition matrices
INFO: model_def_io.c(579): 4 max state/model
INFO: model_def_io.c(580): 4 min state/model
INFO: main.c(242): Building trees for [p SIL a b] through [p z r b]
INFO: main.c(269): Covering states |[19428 20318]| == 891
INFO: main.c(275): Reading: /home/abdy/Desktop/diploma/kg/model_parameters/kg.cd_cont_untied/mixture_weights
INFO: s3mixw_io.c(173): Read /home/abdy/Desktop/diploma/kg/model_parameters/kg.cd_cont_untied/mixture_weights [891x1x1 array]
INFO: main.c(311): 67 of 297 models have observation count greater than 0.000010
INFO: main.c(95): nrm stwt: 0.045 0.909 0.045 
INFO: s3gau_io.c(169): Read /home/abdy/Desktop/diploma/kg/model_parameters/kg.cd_cont_untied/means [30891x1x1 array]
INFO: s3gau_io.c(169): Read /home/abdy/Desktop/diploma/kg/model_parameters/kg.cd_cont_untied/variances [30891x1x1 array]
INFO: main.c(549): Reading: /home/abdy/Desktop/diploma/kg/model_architecture/kg.tree_questions
INFO: main.c(588): 174 total simple questions (166 phone; 8 word bndry)
INFO: main.c(590): 40 Left Only questions, and 42 Right Only questions
INFO: dtree.c(1478): Final simple tree
|( QUESTION2 -1 -6.332e+04 5.105e+02 2.502e+02
|    ( - 2.424e+02 1 0)
|    ( SILENCE 1 -6.305e+04 2.709e+02 2.492e+02
|        ( - -1.063e+03 2 0 QUESTION2_1_L -1 2.038e+02 4.007e+00)
|        ( QUESTION2_2_L -1 -6.172e+04 2.508e+02 2.452e+02
|            ( - -6.587e+03 3 0 WDBNDRY_E 0 1.865e+02 2.900e+01)
|            ( QUESTION0_3_R 1 -5.488e+04 2.205e+02 2.162e+02
|                ( WDBNDRY_B 0 -1.072e+04 2.202e+02 4.297e+01
|                    ( - -1.868e+03 2 0 SILENCE -1 1.130e+02 7.973e+00)
|                    ( - -8.633e+03 12 0 QUESTION2_7_L -1 1.860e+02 3.500e+01))
|                ( QUESTION16 -1 -4.394e+04 4.728e+02 1.732e+02
|                    ( - 1.185e+02 1 0)
|                    ( QUESTION0_17_R 1 -4.358e+04 2.131e+02 1.722e+02
|                        ( - -4.080e+03 3 0 QUESTION2_1_L -1 2.332e+02 1.701e+01)
|                        ( - -3.929e+04 43 0 QUESTION13 1 1.985e+02 1.552e+02)))))))
s>    ( QUESTION2 -1 -6.332e+04 5.105e+02 2.502e+02
s>        ( - 2.424e+02 1 0)
s>        ( SILENCE 1 -6.305e+04 2.709e+02 2.492e+02
s>            ( - -1.063e+03 2 0 QUESTION2_1_L -1 2.038e+02 4.007e+00)
s>            ( QUESTION2_2_L -1 -6.172e+04 2.508e+02 2.452e+02
s>                ( - -6.587e+03 3 0 WDBNDRY_E 0 1.865e+02 2.900e+01)
s>                ( QUESTION0_3_R 1 -5.488e+04 2.205e+02 2.162e+02
s>                    ( WDBNDRY_B 0 -1.072e+04 2.202e+02 4.297e+01
s>                        ( - -1.868e+03 2 0 SILENCE -1 1.130e+02 7.973e+00)
s>                        ( - -8.633e+03 12 0 QUESTION2_7_L -1 1.860e+02 3.500e+01))
s>                    ( QUESTION16 -1 -4.394e+04 4.728e+02 1.732e+02
s>                        ( - 1.185e+02 1 0)
s>                        ( QUESTION0_17_R 1 -4.358e+04 2.131e+02 1.722e+02
s>                            ( - -4.080e+03 3 0 QUESTION2_1_L -1 2.332e+02 1.701e+01)
s>                            ( - -3.929e+04 43 0 QUESTION13 1 1.985e+02 1.552e+02)))))))INFO: dtree.c(1315): Comp split 0
INFO: dtree.c(1478): Final simple tree
|( SILENCE 1 -6.305e+04 2.709e+02 2.492e+02
|    ( - -1.063e+03 2 0 QUESTION2_1_L -1 2.038e+02 4.007e+00)
|    ( QUESTION2_2_L -1 -6.172e+04 2.508e+02 2.452e+02
|        ( - -6.587e+03 3 0 WDBNDRY_E 0 1.865e+02 2.900e+01)
|        ( QUESTION0_3_R 1 -5.488e+04 2.205e+02 2.162e+02
|            ( WDBNDRY_B 0 -1.072e+04 2.202e+02 4.297e+01
|                ( - -1.868e+03 2 0 SILENCE -1 1.130e+02 7.973e+00)
|                ( - -8.633e+03 12 0 QUESTION2_7_L -1 1.860e+02 3.500e+01))
|            ( QUESTION16 -1 -4.394e+04 4.728e+02 1.732e+02
|                ( - 1.185e+02 1 0)
|                ( QUESTION0_17_R 1 -4.358e+04 2.131e+02 1.722e+02
|                    ( QUESTION2_1_L -1 -4.080e+03 2.332e+02 1.701e+01
|                        ( - -1.466e+03 1 0)
|                        ( - -2.381e+03 2 0))
|                    ( - -3.929e+04 43 0 QUESTION13 1 1.985e+02 1.552e+02))))))
s>    ( SILENCE 1 -6.305e+04 2.709e+02 2.492e+02
s>        ( - -1.063e+03 2 0 QUESTION2_1_L -1 2.038e+02 4.007e+00)
s>        ( QUESTION2_2_L -1 -6.172e+04 2.508e+02 2.452e+02
s>            ( - -6.587e+03 3 0 WDBNDRY_E 0 1.865e+02 2.900e+01)
s>            ( QUESTION0_3_R 1 -5.488e+04 2.205e+02 2.162e+02
s>                ( WDBNDRY_B 0 -1.072e+04 2.202e+02 4.297e+01
s>                    ( - -1.868e+03 2 0 SILENCE -1 1.130e+02 7.973e+00)
s>                    ( - -8.633e+03 12 0 QUESTION2_7_L -1 1.860e+02 3.500e+01))
s>                ( QUESTION16 -1 -4.394e+04 4.728e+02 1.732e+02
s>                    ( - 1.185e+02 1 0)
s>                    ( QUESTION0_17_R 1 -4.358e+04 2.131e+02 1.722e+02
s>                        ( QUESTION2_1_L -1 -4.080e+03 2.332e+02 1.701e+01
s>                            ( - -1.466e+03 1 0)
s>                            ( - -2.381e+03 2 0))
s>                        ( - -3.929e+04 43 0 QUESTION13 1 1.985e+02 1.552e+02))))))INFO: dtree.c(1315): Comp split 1
INFO: dtree.c(1478): Final simple tree
|( SILENCE 1 -6.270e+04 2.711e+02 2.482e+02
|    ( QUESTION2_1_L -1 -1.063e+03 2.038e+02 4.007e+00
|        ( - -6.174e+02 1 0)
|        ( - -2.409e+02 1 0))
|    ( QUESTION2_2_L -1 -6.137e+04 2.499e+02 2.442e+02
|        ( - -6.587e+03 3 0 WDBNDRY_E 0 1.865e+02 2.900e+01)
|        ( QUESTION0_3_R 1 -5.453e+04 2.235e+02 2.152e+02
|            ( WDBNDRY_B 0 -1.072e+04 2.202e+02 4.297e+01
|                ( - -1.868e+03 2 0 SILENCE -1 1.130e+02 7.973e+00)
|                ( - -8.633e+03 12 0 QUESTION2_7_L -1 1.860e+02 3.500e+01))
|            ( QUESTION0_17_R 1 -4.358e+04 2.131e+02 1.722e+02
|                ( QUESTION2_1_L -1 -4.080e+03 2.332e+02 1.701e+01
|                    ( - -1.466e+03 1 0)
|                    ( - -2.381e+03 2 0))
|                ( - -3.929e+04 43 0 QUESTION13 1 1.985e+02 1.552e+02)))))
s>    ( SILENCE 1 -6.270e+04 2.711e+02 2.482e+02
s>        ( QUESTION2_1_L -1 -1.063e+03 2.038e+02 4.007e+00
s>            ( - -6.174e+02 1 0)
s>            ( - -2.409e+02 1 0))
s>        ( QUESTION2_2_L -1 -6.137e+04 2.499e+02 2.442e+02
s>            ( - -6.587e+03 3 0 WDBNDRY_E 0 1.865e+02 2.900e+01)
s>            ( QUESTION0_3_R 1 -5.453e+04 2.235e+02 2.152e+02
s>                ( WDBNDRY_B 0 -1.072e+04 2.202e+02 4.297e+01
s>                    ( - -1.868e+03 2 0 SILENCE -1 1.130e+02 7.973e+00)
s>                    ( - -8.633e+03 12 0 QUESTION2_7_L -1 1.860e+02 3.500e+01))
s>                ( QUESTION0_17_R 1 -4.358e+04 2.131e+02 1.722e+02
s>                    ( QUESTION2_1_L -1 -4.080e+03 2.332e+02 1.701e+01
s>                        ( - -1.466e+03 1 0)
s>                        ( - -2.381e+03 2 0))
s>                    ( - -3.929e+04 43 0 QUESTION13 1 1.985e+02 1.552e+02)))))INFO: dtree.c(1315): Comp split 2
INFO: dtree.c(1478): Final simple tree
|( QUESTION2_2_L -1 -6.213e+04 2.176e+02 2.462e+02
|    ( QUESTION0_2_R 1 -7.388e+03 2.480e+02 3.101e+01
|        ( - -5.430e+03 1 0)
|        ( - -1.709e+03 3 0 WDBNDRY_E 0 1.221e+02 6.007e+00))
|    ( QUESTION0_3_R 1 -5.453e+04 2.235e+02 2.152e+02
|        ( WDBNDRY_B 0 -1.072e+04 2.202e+02 4.297e+01
|            ( - -1.868e+03 2 0 SILENCE -1 1.130e+02 7.973e+00)
|            ( - -8.633e+03 12 0 QUESTION2_7_L -1 1.860e+02 3.500e+01))
|        ( QUESTION0_17_R 1 -4.358e+04 2.131e+02 1.722e+02
|            ( QUESTION2_1_L -1 -4.080e+03 2.332e+02 1.701e+01
|                ( - -1.466e+03 1 0)
|                ( - -2.381e+03 2 0))
|            ( QUESTION13 1 -3.929e+04 1.985e+02 1.552e+02
|                ( - -1.463e+03 2 0 QUESTION2_1_L -1 5.106e+02 5.000e+00)
|                ( - -3.763e+04 41 0 QUESTION2 1 1.466e+02 1.502e+02)))))
s>    ( QUESTION2_2_L -1 -6.213e+04 2.176e+02 2.462e+02
s>        ( QUESTION0_2_R 1 -7.388e+03 2.480e+02 3.101e+01
s>            ( - -5.430e+03 1 0)
s>            ( - -1.709e+03 3 0 WDBNDRY_E 0 1.221e+02 6.007e+00))
s>        ( QUESTION0_3_R 1 -5.453e+04 2.235e+02 2.152e+02
s>            ( WDBNDRY_B 0 -1.072e+04 2.202e+02 4.297e+01
s>                ( - -1.868e+03 2 0 SILENCE -1 1.130e+02 7.973e+00)
s>                ( - -8.633e+03 12 0 QUESTION2_7_L -1 1.860e+02 3.500e+01))
s>            ( QUESTION0_17_R 1 -4.358e+04 2.131e+02 1.722e+02
s>                ( QUESTION2_1_L -1 -4.080e+03 2.332e+02 1.701e+01
s>                    ( - -1.466e+03 1 0)
s>                    ( - -2.381e+03 2 0))
s>                ( QUESTION13 1 -3.929e+04 1.985e+02 1.552e+02
s>                    ( - -1.463e+03 2 0 QUESTION2_1_L -1 5.106e+02 5.000e+00)
s>                    ( - -3.763e+04 41 0 QUESTION2 1 1.466e+02 1.502e+02)))))INFO: dtree.c(1315): Comp split 3
INFO: dtree.c(1439): stop. leaf nodes are specific
INFO: dtree.c(1478): Final simple tree
|( QUESTION0_2_R 1 -7.108e+03 2.115e+02 3.200e+01
|    ( - -5.430e+03 1 0)
|    ( - -1.466e+03 1 0))
s>    ( QUESTION0_2_R 1 -7.108e+03 2.115e+02 3.200e+01
s>        ( - -5.430e+03 1 0)
s>        ( - -1.466e+03 1 0))INFO: dtree.c(1478): Final simple tree
|( QUESTION0_3_R 1 -5.461e+04 2.148e+02 2.142e+02
|    ( WDBNDRY_B 0 -1.072e+04 2.202e+02 4.297e+01
|        ( - -1.868e+03 2 0 SILENCE -1 1.130e+02 7.973e+00)
|        ( QUESTION2_7_L -1 -8.633e+03 1.860e+02 3.500e+01
|            ( - -5.475e+02 1 0)
|            ( - -7.899e+03 11 0 QUESTION0 -1 1.092e+02 3.200e+01)))
|    ( QUESTION13 1 -4.367e+04 1.969e+02 1.712e+02
|        ( QUESTION2_1_L -1 -1.463e+03 5.106e+02 5.000e+00
|            ( - -8.068e+02 1 0)
|            ( - -1.456e+02 1 0))
|        ( QUESTION0_15_R 1 -4.201e+04 1.583e+02 1.662e+02
|            ( - -7.493e+03 7 0 QUESTION2_1_L -1 1.510e+02 2.916e+01)
|            ( SILENCE 1 -3.436e+04 1.553e+02 1.371e+02
|                ( - -6.174e+02 1 0)
|                ( - -3.359e+04 38 0 QUESTION2 1 1.494e+02 1.350e+02)))))
s>    ( QUESTION0_3_R 1 -5.461e+04 2.148e+02 2.142e+02
s>        ( WDBNDRY_B 0 -1.072e+04 2.202e+02 4.297e+01
s>            ( - -1.868e+03 2 0 SILENCE -1 1.130e+02 7.973e+00)
s>            ( QUESTION2_7_L -1 -8.633e+03 1.860e+02 3.500e+01
s>                ( - -5.475e+02 1 0)
s>                ( - -7.899e+03 11 0 QUESTION0 -1 1.092e+02 3.200e+01)))
s>        ( QUESTION13 1 -4.367e+04 1.969e+02 1.712e+02
s>            ( QUESTION2_1_L -1 -1.463e+03 5.106e+02 5.000e+00
s>                ( - -8.068e+02 1 0)
s>                ( - -1.456e+02 1 0))
s>            ( QUESTION0_15_R 1 -4.201e+04 1.583e+02 1.662e+02
s>                ( - -7.493e+03 7 0 QUESTION2_1_L -1 1.510e+02 2.916e+01)
s>                ( SILENCE 1 -3.436e+04 1.553e+02 1.371e+02
s>                    ( - -6.174e+02 1 0)
s>                    ( - -3.359e+04 38 0 QUESTION2 1 1.494e+02 1.350e+02)))))INFO: dtree.c(1315): Comp split 4
INFO: dtree.c(1478): Final simple tree
|( QUESTION0_3_R 1 -5.391e+04 2.153e+02 2.132e+02
|    ( WDBNDRY_B 0 -1.072e+04 2.202e+02 4.297e+01
|        ( - -1.868e+03 2 0 SILENCE -1 1.130e+02 7.973e+00)
|        ( QUESTION2_7_L -1 -8.633e+03 1.860e+02 3.500e+01
|            ( - -5.475e+02 1 0)
|            ( - -7.899e+03 11 0 QUESTION0 -1 1.092e+02 3.200e+01)))
|    ( QUESTION0_15_R 1 -4.297e+04 1.619e+02 1.702e+02
|        ( QUESTION2_1_L -1 -7.493e+03 1.510e+02 2.916e+01
|            ( - -2.752e+03 2 0 WDBNDRY_E 0 8.689e+01 1.101e+01)
|            ( - -4.590e+03 5 0 QUESTION0_17_R 1 1.051e+02 1.814e+01))
|        ( SILENCE 1 -3.532e+04 1.559e+02 1.411e+02
|            ( - -6.174e+02 1 0)
|            ( QUESTION13 1 -3.455e+04 1.531e+02 1.390e+02
|                ( - -8.068e+02 1 0)
|                ( - -3.359e+04 38 0 QUESTION2 1 1.494e+02 1.350e+02)))))
s>    ( QUESTION0_3_R 1 -5.391e+04 2.153e+02 2.132e+02
s>        ( WDBNDRY_B 0 -1.072e+04 2.202e+02 4.297e+01
s>            ( - -1.868e+03 2 0 SILENCE -1 1.130e+02 7.973e+00)
s>            ( QUESTION2_7_L -1 -8.633e+03 1.860e+02 3.500e+01
s>                ( - -5.475e+02 1 0)
s>                ( - -7.899e+03 11 0 QUESTION0 -1 1.092e+02 3.200e+01)))
s>        ( QUESTION0_15_R 1 -4.297e+04 1.619e+02 1.702e+02
s>            ( QUESTION2_1_L -1 -7.493e+03 1.510e+02 2.916e+01
s>                ( - -2.752e+03 2 0 WDBNDRY_E 0 8.689e+01 1.101e+01)
s>                ( - -4.590e+03 5 0 QUESTION0_17_R 1 1.051e+02 1.814e+01))
s>            ( SILENCE 1 -3.532e+04 1.559e+02 1.411e+02
s>                ( - -6.174e+02 1 0)
s>                ( QUESTION13 1 -3.455e+04 1.531e+02 1.390e+02
s>                    ( - -8.068e+02 1 0)
s>                    ( - -3.359e+04 38 0 QUESTION2 1 1.494e+02 1.350e+02)))))INFO: dtree.c(1315): Comp split 5
INFO: dtree.c(1478): Final simple tree
|( QUESTION0_3_R 1 -3.817e+04 1.909e+02 1.531e+02
|    ( - -5.475e+02 1 0)
|    ( QUESTION13 1 -3.743e+04 1.543e+02 1.501e+02
|        ( - -8.068e+02 1 0)
|        ( QUESTION0_18_R 1 -3.647e+04 1.422e+02 1.461e+02
|            ( - -1.993e+03 1 0)
|            ( QUESTION4 1 -3.433e+04 1.428e+02 1.380e+02
|                ( - -2.279e+04 22 0 QUESTION11 -1 1.310e+02 9.205e+01)
|                ( QUESTION0_5_R 1 -1.140e+04 1.584e+02 4.600e+01
|                    ( - -5.097e+03 8 0 WDBNDRY_E 0 1.287e+02 2.100e+01)
|                    ( QUESTION13 -1 -6.149e+03 1.491e+02 2.500e+01
|                        ( WDBNDRY_E 0 -1.556e+03 5.275e+02 7.000e+00
|                            ( - 1.574e+02 1 0)
|                            ( - -1.186e+03 1 0))
|                        ( - -4.443e+03 7 0 WDBNDRY_B 0 1.178e+02 1.800e+01)))))))
s>    ( QUESTION0_3_R 1 -3.817e+04 1.909e+02 1.531e+02
s>        ( - -5.475e+02 1 0)
s>        ( QUESTION13 1 -3.743e+04 1.543e+02 1.501e+02
s>            ( - -8.068e+02 1 0)
s>            ( QUESTION0_18_R 1 -3.647e+04 1.422e+02 1.461e+02
s>                ( - -1.993e+03 1 0)
s>                ( QUESTION4 1 -3.433e+04 1.428e+02 1.380e+02
s>                    ( - -2.279e+04 22 0 QUESTION11 -1 1.310e+02 9.205e+01)
s>                    ( QUESTION0_5_R 1 -1.140e+04 1.584e+02 4.600e+01
s>                        ( - -5.097e+03 8 0 WDBNDRY_E 0 1.287e+02 2.100e+01)
s>                        ( QUESTION13 -1 -6.149e+03 1.491e+02 2.500e+01
s>                            ( WDBNDRY_E 0 -1.556e+03 5.275e+02 7.000e+00
s>                                ( - 1.574e+02 1 0)
s>                                ( - -1.186e+03 1 0))
s>                            ( - -4.443e+03 7 0 WDBNDRY_B 0 1.178e+02 1.800e+01)))))))INFO: dtree.c(1478): Final simple tree
|( WDBNDRY_B 0 -1.546e+04 2.003e+02 6.012e+01
|    ( SILENCE -1 -1.868e+03 1.130e+02 7.973e+00
|        ( - -1.145e+03 1 0)
|        ( - -6.103e+02 1 0))
|    ( QUESTION0_17_R 1 -1.339e+04 1.560e+02 5.215e+01
|        ( - -2.381e+03 2 0)
|        ( SILENCE 1 -1.086e+04 1.463e+02 4.214e+01
|            ( - -6.174e+02 1 0)
|            ( QUESTION0 -1 -1.009e+04 1.038e+02 4.013e+01
|                ( - -4.256e+02 1 0)
|                ( QUESTION0_2_R 1 -9.563e+03 9.554e+01 3.813e+01
|                    ( QUESTION13 -1 -7.364e+03 9.210e+01 3.000e+01
|                        ( - -9.801e+02 2 0 QUESTION11 1 6.644e+01 4.001e+00)
|                        ( - -6.292e+03 8 0 WDBNDRY_E 0 1.006e+02 2.599e+01))
|                    ( - -2.104e+03 3 0))))))
s>    ( WDBNDRY_B 0 -1.546e+04 2.003e+02 6.012e+01
s>        ( SILENCE -1 -1.868e+03 1.130e+02 7.973e+00
s>            ( - -1.145e+03 1 0)
s>            ( - -6.103e+02 1 0))
s>        ( QUESTION0_17_R 1 -1.339e+04 1.560e+02 5.215e+01
s>            ( - -2.381e+03 2 0)
s>            ( SILENCE 1 -1.086e+04 1.463e+02 4.214e+01
s>                ( - -6.174e+02 1 0)
s>                ( QUESTION0 -1 -1.009e+04 1.038e+02 4.013e+01
s>                    ( - -4.256e+02 1 0)
s>                    ( QUESTION0_2_R 1 -9.563e+03 9.554e+01 3.813e+01
s>                        ( QUESTION13 -1 -7.364e+03 9.210e+01 3.000e+01
s>                            ( - -9.801e+02 2 0 QUESTION11 1 6.644e+01 4.001e+00)
s>                            ( - -6.292e+03 8 0 WDBNDRY_E 0 1.006e+02 2.599e+01))
s>                        ( - -2.104e+03 3 0))))))INFO: dtree.c(1315): Comp split 6
INFO: dtree.c(1478): Final simple tree
|( QUESTION0_3_R 1 -3.786e+04 1.914e+02 1.521e+02
|    ( - -5.475e+02 1 0)
|    ( QUESTION0_7_R 1 -3.712e+04 1.620e+02 1.491e+02
|        ( WDBNDRY_E 0 -1.991e+03 1.796e+02 9.000e+00
|            ( - -6.250e+02 1 0)
|            ( - -1.186e+03 1 0))
|        ( QUESTION13 1 -3.497e+04 1.540e+02 1.401e+02
|            ( - -8.068e+02 1 0)
|            ( QUESTION0_18_R 1 -3.401e+04 1.386e+02 1.361e+02
|                ( - -1.993e+03 1 0)
|                ( QUESTION0_9_R 1 -3.188e+04 1.325e+02 1.280e+02
|                    ( - -1.714e+03 3 0 QUESTION11 -1 9.066e+01 7.000e+00)
|                    ( QUESTION11 -1 -3.003e+04 1.355e+02 1.210e+02
|                        ( - -8.382e+03 6 0 QUESTION0_13_R 1 1.647e+02 3.590e+01)
|                        ( - -2.152e+04 27 0 QUESTION0_2_R 1 1.276e+02 8.515e+01)))))))
s>    ( QUESTION0_3_R 1 -3.786e+04 1.914e+02 1.521e+02
s>        ( - -5.475e+02 1 0)
s>        ( QUESTION0_7_R 1 -3.712e+04 1.620e+02 1.491e+02
s>            ( WDBNDRY_E 0 -1.991e+03 1.796e+02 9.000e+00
s>                ( - -6.250e+02 1 0)
s>                ( - -1.186e+03 1 0))
s>            ( QUESTION13 1 -3.497e+04 1.540e+02 1.401e+02
s>                ( - -8.068e+02 1 0)
s>                ( QUESTION0_18_R 1 -3.401e+04 1.386e+02 1.361e+02
s>                    ( - -1.993e+03 1 0)
s>                    ( QUESTION0_9_R 1 -3.188e+04 1.325e+02 1.280e+02
s>                        ( - -1.714e+03 3 0 QUESTION11 -1 9.066e+01 7.000e+00)
s>                        ( QUESTION11 -1 -3.003e+04 1.355e+02 1.210e+02
s>                            ( - -8.382e+03 6 0 QUESTION0_13_R 1 1.647e+02 3.590e+01)
s>                            ( - -2.152e+04 27 0 QUESTION0_2_R 1 1.276e+02 8.515e+01)))))))INFO: dtree.c(1315): Comp split 7
INFO: dtree.c(1478): Final simple tree
|( QUESTION0_3_R 1 -3.644e+04 1.921e+02 1.461e+02
|    ( - -5.475e+02 1 0)
|    ( QUESTION13 1 -3.570e+04 1.546e+02 1.431e+02
|        ( - -8.068e+02 1 0)
|        ( QUESTION0_18_R 1 -3.474e+04 1.386e+02 1.391e+02
|            ( - -1.993e+03 1 0)
|            ( QUESTION0_5_R 1 -3.260e+04 1.317e+02 1.310e+02
|                ( - -5.097e+03 8 0 WDBNDRY_E 0 1.287e+02 2.100e+01)
|                ( WDBNDRY_B 0 -2.738e+04 1.490e+02 1.100e+02
|                    ( QUESTION11 -1 -1.425e+03 1.465e+02 6.000e+00
|                        ( - -5.993e+02 1 0)
|                        ( - -6.794e+02 1 0))
|                    ( QUESTION11 -1 -2.580e+04 1.393e+02 1.040e+02
|                        ( - -6.943e+03 5 0 QUESTION0_13_R 1 1.395e+02 2.990e+01)
|                        ( - -1.872e+04 22 0 QUESTION0 1 1.227e+02 7.415e+01)))))))
s>    ( QUESTION0_3_R 1 -3.644e+04 1.921e+02 1.461e+02
s>        ( - -5.475e+02 1 0)
s>        ( QUESTION13 1 -3.570e+04 1.546e+02 1.431e+02
s>            ( - -8.068e+02 1 0)
s>            ( QUESTION0_18_R 1 -3.474e+04 1.386e+02 1.391e+02
s>                ( - -1.993e+03 1 0)
s>                ( QUESTION0_5_R 1 -3.260e+04 1.317e+02 1.310e+02
s>                    ( - -5.097e+03 8 0 WDBNDRY_E 0 1.287e+02 2.100e+01)
s>                    ( WDBNDRY_B 0 -2.738e+04 1.490e+02 1.100e+02
s>                        ( QUESTION11 -1 -1.425e+03 1.465e+02 6.000e+00
s>                            ( - -5.993e+02 1 0)
s>                            ( - -6.794e+02 1 0))
s>                        ( QUESTION11 -1 -2.580e+04 1.393e+02 1.040e+02
s>                            ( - -6.943e+03 5 0 QUESTION0_13_R 1 1.395e+02 2.990e+01)
s>                            ( - -1.872e+04 22 0 QUESTION0 1 1.227e+02 7.415e+01)))))))INFO: dtree.c(1315): Comp split 8
INFO: dtree.c(1315): Comp split 9
INFO: dtree.c(1478): Final simple tree
|( QUESTION0_17_R 1 -1.263e+04 1.593e+02 5.014e+01
|    ( - -2.381e+03 2 0)
|    ( QUESTION0 -1 -1.009e+04 1.038e+02 4.013e+01
|        ( - -4.256e+02 1 0)
|        ( QUESTION0_2_R 1 -9.563e+03 9.554e+01 3.813e+01
|            ( QUESTION13 -1 -7.364e+03 9.210e+01 3.000e+01
|                ( - -9.801e+02 2 0 QUESTION11 1 6.644e+01 4.001e+00)
|                ( WDBNDRY_E 0 -6.292e+03 1.006e+02 2.599e+01
|                    ( QUESTION11 1 -3.889e+03 8.952e+01 1.603e+01
|                        ( - -2.432e+03 4 0 QUESTION11 -1 6.665e+01 9.974e+00)
|                        ( - -1.368e+03 2 0))
|                    ( QUESTION11 1 -2.302e+03 1.857e+02 9.969e+00
|                        ( - -7.359e+02 1 0)
|                        ( - -1.380e+03 1 0))))
|            ( - -2.104e+03 3 0))))
s>    ( QUESTION0_17_R 1 -1.263e+04 1.593e+02 5.014e+01
s>        ( - -2.381e+03 2 0)
s>        ( QUESTION0 -1 -1.009e+04 1.038e+02 4.013e+01
s>            ( - -4.256e+02 1 0)
s>            ( QUESTION0_2_R 1 -9.563e+03 9.554e+01 3.813e+01
s>                ( QUESTION13 -1 -7.364e+03 9.210e+01 3.000e+01
s>                    ( - -9.801e+02 2 0 QUESTION11 1 6.644e+01 4.001e+00)
s>                    ( WDBNDRY_E 0 -6.292e+03 1.006e+02 2.599e+01
s>                        ( QUESTION11 1 -3.889e+03 8.952e+01 1.603e+01
s>                            ( - -2.432e+03 4 0 QUESTION11 -1 6.665e+01 9.974e+00)
s>                            ( - -1.368e+03 2 0))
s>                        ( QUESTION11 1 -2.302e+03 1.857e+02 9.969e+00
s>                            ( - -7.359e+02 1 0)
s>                            ( - -1.380e+03 1 0))))
s>                ( - -2.104e+03 3 0))))INFO: dtree.c(1439): stop. leaf nodes are specific
INFO: dtree.c(1478): Final simple tree
|( WDBNDRY_B 0 -2.618e+03 1.321e+02 9.980e+00
|    ( SILENCE -1 -1.868e+03 1.130e+02 7.973e+00
|        ( - -1.145e+03 1 0)
|        ( - -6.103e+02 1 0))
|    ( - -6.174e+02 1 0))
s>    ( WDBNDRY_B 0 -2.618e+03 1.321e+02 9.980e+00
s>        ( SILENCE -1 -1.868e+03 1.130e+02 7.973e+00
s>            ( - -1.145e+03 1 0)
s>            ( - -6.103e+02 1 0))
s>        ( - -6.174e+02 1 0))INFO: dtree.c(1315): Comp split 10
INFO: dtree.c(1478): Final simple tree
|( QUESTION0_17_R 1 -1.169e+04 1.493e+02 4.614e+01
|    ( - -2.381e+03 2 0)
|    ( QUESTION0 -1 -9.161e+03 1.032e+02 3.613e+01
|        ( - -4.256e+02 1 0)
|        ( QUESTION0_2_R 1 -8.632e+03 9.187e+01 3.413e+01
|            ( QUESTION13 -1 -6.437e+03 8.949e+01 2.600e+01
|                ( - -9.801e+02 2 0 QUESTION11 1 6.644e+01 4.001e+00)
|                ( WDBNDRY_E 0 -5.367e+03 9.734e+01 2.199e+01
|                    ( QUESTION11 1 -3.889e+03 8.952e+01 1.603e+01
|                        ( QUESTION11 -1 -2.432e+03 6.665e+01 9.974e+00
|                            ( - -2.005e+02 1 0)
|                            ( - -2.165e+03 3 0))
|                        ( - -1.368e+03 2 0))
|                    ( - -1.380e+03 1 0)))
|            ( - -2.104e+03 3 0))))
s>    ( QUESTION0_17_R 1 -1.169e+04 1.493e+02 4.614e+01
s>        ( - -2.381e+03 2 0)
s>        ( QUESTION0 -1 -9.161e+03 1.032e+02 3.613e+01
s>            ( - -4.256e+02 1 0)
s>            ( QUESTION0_2_R 1 -8.632e+03 9.187e+01 3.413e+01
s>                ( QUESTION13 -1 -6.437e+03 8.949e+01 2.600e+01
s>                    ( - -9.801e+02 2 0 QUESTION11 1 6.644e+01 4.001e+00)
s>                    ( WDBNDRY_E 0 -5.367e+03 9.734e+01 2.199e+01
s>                        ( QUESTION11 1 -3.889e+03 8.952e+01 1.603e+01
s>                            ( QUESTION11 -1 -2.432e+03 6.665e+01 9.974e+00
s>                                ( - -2.005e+02 1 0)
s>                                ( - -2.165e+03 3 0))
s>                            ( - -1.368e+03 2 0))
s>                        ( - -1.380e+03 1 0)))
s>                ( - -2.104e+03 3 0))))INFO: dtree.c(1315): Comp split 11
INFO: dtree.c(1478): Final simple tree
|( QUESTION13 1 -2.833e+04 1.524e+02 1.140e+02
|    ( - -8.068e+02 1 0)
|    ( WDBNDRY_B 0 -2.738e+04 1.490e+02 1.100e+02
|        ( QUESTION11 -1 -1.425e+03 1.465e+02 6.000e+00
|            ( - -5.993e+02 1 0)
|            ( - -6.794e+02 1 0))
|        ( QUESTION11 -1 -2.580e+04 1.393e+02 1.040e+02
|            ( QUESTION0_13_R 1 -6.943e+03 1.395e+02 2.990e+01
|                ( - -3.721e+03 2 0)
|                ( - -3.082e+03 3 0 WDBNDRY_E 0 6.817e+01 1.300e+01))
|            ( QUESTION0 1 -1.872e+04 1.227e+02 7.415e+01
|                ( - -1.674e+04 19 0 WDBNDRY_E 0 9.431e+01 6.615e+01)
|                ( QUESTION0_2_R 1 -1.861e+03 9.929e+01 8.000e+00
|                    ( - -6.250e+02 1 0)
|                    ( - -1.137e+03 2 0))))))
s>    ( QUESTION13 1 -2.833e+04 1.524e+02 1.140e+02
s>        ( - -8.068e+02 1 0)
s>        ( WDBNDRY_B 0 -2.738e+04 1.490e+02 1.100e+02
s>            ( QUESTION11 -1 -1.425e+03 1.465e+02 6.000e+00
s>                ( - -5.993e+02 1 0)
s>                ( - -6.794e+02 1 0))
s>            ( QUESTION11 -1 -2.580e+04 1.393e+02 1.040e+02
s>                ( QUESTION0_13_R 1 -6.943e+03 1.395e+02 2.990e+01
s>                    ( - -3.721e+03 2 0)
s>                    ( - -3.082e+03 3 0 WDBNDRY_E 0 6.817e+01 1.300e+01))
s>                ( QUESTION0 1 -1.872e+04 1.227e+02 7.415e+01
s>                    ( - -1.674e+04 19 0 WDBNDRY_E 0 9.431e+01 6.615e+01)
s>                    ( QUESTION0_2_R 1 -1.861e+03 9.929e+01 8.000e+00
s>                        ( - -6.250e+02 1 0)
s>                        ( - -1.137e+03 2 0))))))INFO: dtree.c(1478): Final simple tree
|( QUESTION0_3_R 1 -7.903e+03 1.740e+02 3.201e+01
|    ( - -5.475e+02 1 0)
|    ( WDBNDRY_E 0 -7.182e+03 1.395e+02 2.901e+01
|        ( QUESTION0_2_R 1 -3.653e+03 8.154e+01 1.501e+01
|            ( - -1.579e+03 2 0)
|            ( - -1.993e+03 1 0))
|        ( QUESTION14 -1 -3.389e+03 1.218e+02 1.400e+01
|            ( - -6.112e+02 1 0)
|            ( WDBNDRY_B 0 -2.656e+03 1.077e+02 1.100e+01
|                ( - -8.334e+02 1 0)
|                ( QUESTION0_6_R 1 -1.715e+03 8.237e+01 7.000e+00
|                    ( QUESTION4 -1 -1.192e+03 7.190e+01 5.000e+00
|                        ( - -4.399e+02 1 0)
|                        ( - -6.805e+02 2 0 QUESTION0 -1 6.917e+01 3.000e+00))
|                    ( - -4.401e+02 1 0))))))
s>    ( QUESTION0_3_R 1 -7.903e+03 1.740e+02 3.201e+01
s>        ( - -5.475e+02 1 0)
s>        ( WDBNDRY_E 0 -7.182e+03 1.395e+02 2.901e+01
s>            ( QUESTION0_2_R 1 -3.653e+03 8.154e+01 1.501e+01
s>                ( - -1.579e+03 2 0)
s>                ( - -1.993e+03 1 0))
s>            ( QUESTION14 -1 -3.389e+03 1.218e+02 1.400e+01
s>                ( - -6.112e+02 1 0)
s>                ( WDBNDRY_B 0 -2.656e+03 1.077e+02 1.100e+01
s>                    ( - -8.334e+02 1 0)
s>                    ( QUESTION0_6_R 1 -1.715e+03 8.237e+01 7.000e+00
s>                        ( QUESTION4 -1 -1.192e+03 7.190e+01 5.000e+00
s>                            ( - -4.399e+02 1 0)
s>                            ( - -6.805e+02 2 0 QUESTION0 -1 6.917e+01 3.000e+00))
s>                        ( - -4.401e+02 1 0))))))INFO: dtree.c(1315): Comp split 12
INFO: dtree.c(1478): Final simple tree
|( QUESTION13 1 -2.755e+04 1.534e+02 1.110e+02
|    ( - -8.068e+02 1 0)
|    ( QUESTION11 -1 -2.659e+04 1.469e+02 1.070e+02
|        ( QUESTION0_13_R 1 -6.943e+03 1.395e+02 2.990e+01
|            ( - -3.721e+03 2 0)
|            ( - -3.082e+03 3 0 WDBNDRY_E 0 6.817e+01 1.300e+01))
|        ( QUESTION0 1 -1.950e+04 1.238e+02 7.715e+01
|            ( WDBNDRY_I 0 -1.751e+04 9.946e+01 6.915e+01
|                ( QUESTION2_1_L -1 -5.005e+03 9.396e+01 2.005e+01
|                    ( - -1.645e+03 3 0 QUESTION2_2_L -1 7.592e+01 6.044e+00)
|                    ( - -3.266e+03 3 0))
|                ( - -1.241e+04 14 0 WDBNDRY_B 0 9.168e+01 4.910e+01))
|            ( QUESTION0_2_R 1 -1.861e+03 9.929e+01 8.000e+00
|                ( - -6.250e+02 1 0)
|                ( - -1.137e+03 2 0)))))
s>    ( QUESTION13 1 -2.755e+04 1.534e+02 1.110e+02
s>        ( - -8.068e+02 1 0)
s>        ( QUESTION11 -1 -2.659e+04 1.469e+02 1.070e+02
s>            ( QUESTION0_13_R 1 -6.943e+03 1.395e+02 2.990e+01
s>                ( - -3.721e+03 2 0)
s>                ( - -3.082e+03 3 0 WDBNDRY_E 0 6.817e+01 1.300e+01))
s>            ( QUESTION0 1 -1.950e+04 1.238e+02 7.715e+01
s>                ( WDBNDRY_I 0 -1.751e+04 9.946e+01 6.915e+01
s>                    ( QUESTION2_1_L -1 -5.005e+03 9.396e+01 2.005e+01
s>                        ( - -1.645e+03 3 0 QUESTION2_2_L -1 7.592e+01 6.044e+00)
s>                        ( - -3.266e+03 3 0))
s>                    ( - -1.241e+04 14 0 WDBNDRY_B 0 9.168e+01 4.910e+01))
s>                ( QUESTION0_2_R 1 -1.861e+03 9.929e+01 8.000e+00
s>                    ( - -6.250e+02 1 0)
s>                    ( - -1.137e+03 2 0)))))INFO: dtree.c(1315): Comp split 13
INFO: dtree.c(1439): stop. leaf nodes are specific
INFO: dtree.c(1478): Final simple tree
|( QUESTION0_20_R 1 -5.448e+03 1.377e+02 2.301e+01
|    ( - -8.068e+02 1 0)
|    ( WDBNDRY_E 0 -4.504e+03 1.003e+02 1.901e+01
|        ( - -1.137e+03 2 0)
|        ( - -3.266e+03 3 0)))
s>    ( QUESTION0_20_R 1 -5.448e+03 1.377e+02 2.301e+01
s>        ( - -8.068e+02 1 0)
s>        ( WDBNDRY_E 0 -4.504e+03 1.003e+02 1.901e+01
s>            ( - -1.137e+03 2 0)
s>            ( - -3.266e+03 3 0)))INFO: dtree.c(1478): Final simple tree
|( QUESTION11 -1 -2.190e+04 1.378e+02 8.804e+01
|    ( QUESTION0_13_R 1 -6.943e+03 1.395e+02 2.990e+01
|        ( - -3.721e+03 2 0)
|        ( - -3.082e+03 3 0 WDBNDRY_E 0 6.817e+01 1.300e+01))
|    ( QUESTION0_2_R 1 -1.482e+04 9.544e+01 5.814e+01
|        ( - -6.250e+02 1 0)
|        ( WDBNDRY_B 0 -1.410e+04 9.381e+01 5.514e+01
|            ( - -6.794e+02 1 0)
|            ( QUESTION0_11_R 1 -1.333e+04 8.205e+01 5.214e+01
|                ( QUESTION0_12_R 1 -9.581e+03 7.207e+01 3.808e+01
|                    ( - -8.837e+03 11 0 QUESTION2_2_L -1 5.895e+01 3.507e+01)
|                    ( - -6.727e+02 1 0))
|                ( QUESTION2_1_L -1 -3.666e+03 7.487e+01 1.407e+01
|                    ( - -3.150e+02 1 0)
|                    ( - -3.276e+03 3 0 QUESTION13 -1 5.615e+01 1.307e+01))))))
s>    ( QUESTION11 -1 -2.190e+04 1.378e+02 8.804e+01
s>        ( QUESTION0_13_R 1 -6.943e+03 1.395e+02 2.990e+01
s>            ( - -3.721e+03 2 0)
s>            ( - -3.082e+03 3 0 WDBNDRY_E 0 6.817e+01 1.300e+01))
s>        ( QUESTION0_2_R 1 -1.482e+04 9.544e+01 5.814e+01
s>            ( - -6.250e+02 1 0)
s>            ( WDBNDRY_B 0 -1.410e+04 9.381e+01 5.514e+01
s>                ( - -6.794e+02 1 0)
s>                ( QUESTION0_11_R 1 -1.333e+04 8.205e+01 5.214e+01
s>                    ( QUESTION0_12_R 1 -9.581e+03 7.207e+01 3.808e+01
s>                        ( - -8.837e+03 11 0 QUESTION2_2_L -1 5.895e+01 3.507e+01)
s>                        ( - -6.727e+02 1 0))
s>                    ( QUESTION2_1_L -1 -3.666e+03 7.487e+01 1.407e+01
s>                        ( - -3.150e+02 1 0)
s>                        ( - -3.276e+03 3 0 QUESTION13 -1 5.615e+01 1.307e+01))))))INFO: dtree.c(1315): Comp split 14
INFO: dtree.c(1478): Final simple tree
|( WDBNDRY_E 0 -7.182e+03 1.395e+02 2.901e+01
|    ( QUESTION0_2_R 1 -3.653e+03 8.154e+01 1.501e+01
|        ( - -1.579e+03 2 0)
|        ( - -1.993e+03 1 0))
|    ( QUESTION14 -1 -3.389e+03 1.218e+02 1.400e+01
|        ( - -6.112e+02 1 0)
|        ( WDBNDRY_B 0 -2.656e+03 1.077e+02 1.100e+01
|            ( - -8.334e+02 1 0)
|            ( QUESTION0_6_R 1 -1.715e+03 8.237e+01 7.000e+00
|                ( QUESTION4 -1 -1.192e+03 7.190e+01 5.000e+00
|                    ( - -4.399e+02 1 0)
|                    ( QUESTION0 -1 -6.805e+02 6.917e+01 3.000e+00
|                        ( - -1.935e+02 1 0)
|                        ( - -4.178e+02 1 0)))
|                ( - -4.401e+02 1 0)))))
s>    ( WDBNDRY_E 0 -7.182e+03 1.395e+02 2.901e+01
s>        ( QUESTION0_2_R 1 -3.653e+03 8.154e+01 1.501e+01
s>            ( - -1.579e+03 2 0)
s>            ( - -1.993e+03 1 0))
s>        ( QUESTION14 -1 -3.389e+03 1.218e+02 1.400e+01
s>            ( - -6.112e+02 1 0)
s>            ( WDBNDRY_B 0 -2.656e+03 1.077e+02 1.100e+01
s>                ( - -8.334e+02 1 0)
s>                ( QUESTION0_6_R 1 -1.715e+03 8.237e+01 7.000e+00
s>                    ( QUESTION4 -1 -1.192e+03 7.190e+01 5.000e+00
s>                        ( - -4.399e+02 1 0)
s>                        ( QUESTION0 -1 -6.805e+02 6.917e+01 3.000e+00
s>                            ( - -1.935e+02 1 0)
s>                            ( - -4.178e+02 1 0)))
s>                    ( - -4.401e+02 1 0)))))INFO: dtree.c(1315): Comp split 15
INFO: dtree.c(1439): stop. leaf nodes are specific
INFO: dtree.c(1478): Final simple tree
|( QUESTION0_12_R 1 -4.464e+03 6.961e+01 1.990e+01
|    ( - -3.721e+03 2 0)
|    ( - -6.727e+02 1 0))
s>    ( QUESTION0_12_R 1 -4.464e+03 6.961e+01 1.990e+01
s>        ( - -3.721e+03 2 0)
s>        ( - -6.727e+02 1 0))INFO: dtree.c(1478): Final simple tree
|( QUESTION11 -1 -1.727e+04 1.112e+02 6.814e+01
|    ( WDBNDRY_E 0 -3.082e+03 6.817e+01 1.300e+01
|        ( QUESTION0_9_R 1 -2.145e+03 7.424e+01 9.000e+00
|            ( - -2.064e+02 1 0)
|            ( - -1.865e+03 1 0))
|        ( - -8.690e+02 1 0))
|    ( QUESTION0_2_R 1 -1.407e+04 9.564e+01 5.514e+01
|        ( - -6.250e+02 1 0)
|        ( WDBNDRY_B 0 -1.335e+04 9.163e+01 5.214e+01
|            ( - -6.794e+02 1 0)
|            ( QUESTION0_11_R 1 -1.258e+04 7.896e+01 4.914e+01
|                ( - -8.837e+03 11 0 QUESTION2_2_L -1 5.895e+01 3.507e+01)
|                ( QUESTION2_1_L -1 -3.666e+03 7.487e+01 1.407e+01
|                    ( - -3.150e+02 1 0)
|                    ( - -3.276e+03 3 0 QUESTION13 -1 5.615e+01 1.307e+01))))))
s>    ( QUESTION11 -1 -1.727e+04 1.112e+02 6.814e+01
s>        ( WDBNDRY_E 0 -3.082e+03 6.817e+01 1.300e+01
s>            ( QUESTION0_9_R 1 -2.145e+03 7.424e+01 9.000e+00
s>                ( - -2.064e+02 1 0)
s>                ( - -1.865e+03 1 0))
s>            ( - -8.690e+02 1 0))
s>        ( QUESTION0_2_R 1 -1.407e+04 9.564e+01 5.514e+01
s>            ( - -6.250e+02 1 0)
s>            ( WDBNDRY_B 0 -1.335e+04 9.163e+01 5.214e+01
s>                ( - -6.794e+02 1 0)
s>                ( QUESTION0_11_R 1 -1.258e+04 7.896e+01 4.914e+01
s>                    ( - -8.837e+03 11 0 QUESTION2_2_L -1 5.895e+01 3.507e+01)
s>                    ( QUESTION2_1_L -1 -3.666e+03 7.487e+01 1.407e+01
s>                        ( - -3.150e+02 1 0)
s>                        ( - -3.276e+03 3 0 QUESTION13 -1 5.615e+01 1.307e+01))))))INFO: dtree.c(1315): Comp split 16
INFO: dtree.c(1478): Final simple tree
|( QUESTION0 -1 -9.161e+03 1.032e+02 3.613e+01
|    ( - -4.256e+02 1 0)
|    ( QUESTION0_2_R 1 -8.632e+03 9.187e+01 3.413e+01
|        ( QUESTION13 -1 -6.437e+03 8.949e+01 2.600e+01
|            ( QUESTION11 1 -9.801e+02 6.644e+01 4.001e+00
|                ( - -6.817e+02 1 0)
|                ( - -2.319e+02 1 0))
|            ( WDBNDRY_E 0 -5.367e+03 9.734e+01 2.199e+01
|                ( QUESTION11 1 -3.889e+03 8.952e+01 1.603e+01
|                    ( QUESTION11 -1 -2.432e+03 6.665e+01 9.974e+00
|                        ( - -2.005e+02 1 0)
|                        ( - -2.165e+03 3 0))
|                    ( - -1.368e+03 2 0))
|                ( - -1.380e+03 1 0)))
|        ( - -2.104e+03 3 0)))
s>    ( QUESTION0 -1 -9.161e+03 1.032e+02 3.613e+01
s>        ( - -4.256e+02 1 0)
s>        ( QUESTION0_2_R 1 -8.632e+03 9.187e+01 3.413e+01
s>            ( QUESTION13 -1 -6.437e+03 8.949e+01 2.600e+01
s>                ( QUESTION11 1 -9.801e+02 6.644e+01 4.001e+00
s>                    ( - -6.817e+02 1 0)
s>                    ( - -2.319e+02 1 0))
s>                ( WDBNDRY_E 0 -5.367e+03 9.734e+01 2.199e+01
s>                    ( QUESTION11 1 -3.889e+03 8.952e+01 1.603e+01
s>                        ( QUESTION11 -1 -2.432e+03 6.665e+01 9.974e+00
s>                            ( - -2.005e+02 1 0)
s>                            ( - -2.165e+03 3 0))
s>                        ( - -1.368e+03 2 0))
s>                    ( - -1.380e+03 1 0)))
s>            ( - -2.104e+03 3 0)))INFO: dtree.c(1315): Comp split 17
INFO: dtree.c(1439): stop. leaf nodes are specific
INFO: dtree.c(1478): Final simple tree
|( QUESTION14 -1 -3.389e+03 1.218e+02 1.400e+01
|    ( - -6.112e+02 1 0)
|    ( WDBNDRY_B 0 -2.656e+03 1.077e+02 1.100e+01
|        ( - -8.334e+02 1 0)
|        ( QUESTION0_6_R 1 -1.715e+03 8.237e+01 7.000e+00
|            ( QUESTION4 -1 -1.192e+03 7.190e+01 5.000e+00
|                ( - -4.399e+02 1 0)
|                ( QUESTION0 -1 -6.805e+02 6.917e+01 3.000e+00
|                    ( - -1.935e+02 1 0)
|                    ( - -4.178e+02 1 0)))
|            ( - -4.401e+02 1 0))))
s>    ( QUESTION14 -1 -3.389e+03 1.218e+02 1.400e+01
s>        ( - -6.112e+02 1 0)
s>        ( WDBNDRY_B 0 -2.656e+03 1.077e+02 1.100e+01
s>            ( - -8.334e+02 1 0)
s>            ( QUESTION0_6_R 1 -1.715e+03 8.237e+01 7.000e+00
s>                ( QUESTION4 -1 -1.192e+03 7.190e+01 5.000e+00
s>                    ( - -4.399e+02 1 0)
s>                    ( QUESTION0 -1 -6.805e+02 6.917e+01 3.000e+00
s>                        ( - -1.935e+02 1 0)
s>                        ( - -4.178e+02 1 0)))
s>                ( - -4.401e+02 1 0))))INFO: dtree.c(1439): stop. leaf nodes are specific
INFO: dtree.c(1478): Final simple tree
|( QUESTION0_2_R 1 -3.653e+03 8.154e+01 1.501e+01
|    ( - -1.579e+03 2 0)
|    ( - -1.993e+03 1 0))
s>    ( QUESTION0_2_R 1 -3.653e+03 8.154e+01 1.501e+01
s>        ( - -1.579e+03 2 0)
s>        ( - -1.993e+03 1 0))INFO: dtree.c(1315): Comp split 18
INFO: dtree.c(1439): stop. leaf nodes are specific
INFO: dtree.c(1478): Final simple tree
|( WDBNDRY_E 0 -4.504e+03 1.003e+02 1.901e+01
|    ( - -1.137e+03 2 0)
|    ( - -3.266e+03 3 0))
s>    ( WDBNDRY_E 0 -4.504e+03 1.003e+02 1.901e+01
s>        ( - -1.137e+03 2 0)
s>        ( - -3.266e+03 3 0))INFO: dtree.c(1315): Comp split 19
INFO: dtree.c(1439): stop. leaf nodes are specific
INFO: dtree.c(1478): Final simple tree
|( QUESTION0_11_R 1 -5.495e+03 8.726e+01 2.207e+01
|    ( - -1.865e+03 1 0)
|    ( QUESTION0_9_R 1 -3.543e+03 6.049e+01 1.407e+01
|        ( - -2.064e+02 1 0)
|        ( QUESTION13 -1 -3.276e+03 5.615e+01 1.307e+01
|            ( - -4.899e+02 1 0)
|            ( - -2.730e+03 2 0))))
s>    ( QUESTION0_11_R 1 -5.495e+03 8.726e+01 2.207e+01
s>        ( - -1.865e+03 1 0)
s>        ( QUESTION0_9_R 1 -3.543e+03 6.049e+01 1.407e+01
s>            ( - -2.064e+02 1 0)
s>            ( QUESTION13 -1 -3.276e+03 5.615e+01 1.307e+01
s>                ( - -4.899e+02 1 0)
s>                ( - -2.730e+03 2 0))))INFO: dtree.c(1478): Final simple tree
|( QUESTION0_2_R 1 -1.164e+04 9.650e+01 4.607e+01
|    ( - -6.250e+02 1 0)
|    ( WDBNDRY_B 0 -1.092e+04 8.422e+01 4.307e+01
|        ( - -6.794e+02 1 0)
|        ( QUESTION11 -1 -1.015e+04 7.892e+01 4.007e+01
|            ( - -8.690e+02 1 0)
|            ( QUESTION2_2_L -1 -9.205e+03 5.903e+01 3.607e+01
|                ( - -2.306e+02 1 0)
|                ( WDBNDRY_E 0 -8.915e+03 5.914e+01 3.507e+01
|                    ( QUESTION2_1_L -1 -8.257e+03 5.864e+01 3.303e+01
|                        ( QUESTION0_11_R 1 -5.870e+02 6.399e+01 2.000e+00
|                            ( - -2.080e+02 1 0)
|                            ( - -3.150e+02 1 0))
|                        ( - -7.611e+03 8 0 QUESTION0_13_R 1 4.684e+01 3.103e+01))
|                    ( - -5.993e+02 1 0))))))
s>    ( QUESTION0_2_R 1 -1.164e+04 9.650e+01 4.607e+01
s>        ( - -6.250e+02 1 0)
s>        ( WDBNDRY_B 0 -1.092e+04 8.422e+01 4.307e+01
s>            ( - -6.794e+02 1 0)
s>            ( QUESTION11 -1 -1.015e+04 7.892e+01 4.007e+01
s>                ( - -8.690e+02 1 0)
s>                ( QUESTION2_2_L -1 -9.205e+03 5.903e+01 3.607e+01
s>                    ( - -2.306e+02 1 0)
s>                    ( WDBNDRY_E 0 -8.915e+03 5.914e+01 3.507e+01
s>                        ( QUESTION2_1_L -1 -8.257e+03 5.864e+01 3.303e+01
s>                            ( QUESTION0_11_R 1 -5.870e+02 6.399e+01 2.000e+00
s>                                ( - -2.080e+02 1 0)
s>                                ( - -3.150e+02 1 0))
s>                            ( - -7.611e+03 8 0 QUESTION0_13_R 1 4.684e+01 3.103e+01))
s>                        ( - -5.993e+02 1 0))))))INFO: dtree.c(1315): Comp split 20
INFO: dtree.c(1439): stop. leaf nodes are specific
INFO: dtree.c(1478): Final simple tree
|( SILENCE -1 -1.868e+03 1.130e+02 7.973e+00
|    ( - -1.145e+03 1 0)
|    ( - -6.103e+02 1 0))
s>    ( SILENCE -1 -1.868e+03 1.130e+02 7.973e+00
s>        ( - -1.145e+03 1 0)
s>        ( - -6.103e+02 1 0))INFO: dtree.c(1315): Comp split 21
INFO: dtree.c(1439): stop. leaf nodes are specific
INFO: dtree.c(1478): Final simple tree
|( WDBNDRY_B 0 -2.656e+03 1.077e+02 1.100e+01
|    ( - -8.334e+02 1 0)
|    ( QUESTION0_6_R 1 -1.715e+03 8.237e+01 7.000e+00
|        ( QUESTION4 -1 -1.192e+03 7.190e+01 5.000e+00
|            ( - -4.399e+02 1 0)
|            ( QUESTION0 -1 -6.805e+02 6.917e+01 3.000e+00
|                ( - -1.935e+02 1 0)
|                ( - -4.178e+02 1 0)))
|        ( - -4.401e+02 1 0)))
s>    ( WDBNDRY_B 0 -2.656e+03 1.077e+02 1.100e+01
s>        ( - -8.334e+02 1 0)
s>        ( QUESTION0_6_R 1 -1.715e+03 8.237e+01 7.000e+00
s>            ( QUESTION4 -1 -1.192e+03 7.190e+01 5.000e+00
s>                ( - -4.399e+02 1 0)
s>                ( QUESTION0 -1 -6.805e+02 6.917e+01 3.000e+00
s>                    ( - -1.935e+02 1 0)
s>                    ( - -4.178e+02 1 0)))
s>            ( - -4.401e+02 1 0)))INFO: dtree.c(1315): Comp split 22
INFO: dtree.c(1315): Comp split 23
INFO: dtree.c(1439): stop. leaf nodes are specific
INFO: dtree.c(1478): Final simple tree
|( QUESTION0_6_R 1 -1.715e+03 8.237e+01 7.000e+00
|    ( QUESTION4 -1 -1.192e+03 7.190e+01 5.000e+00
|        ( - -4.399e+02 1 0)
|        ( QUESTION0 -1 -6.805e+02 6.917e+01 3.000e+00
|            ( - -1.935e+02 1 0)
|            ( - -4.178e+02 1 0)))
|    ( - -4.401e+02 1 0))
s>    ( QUESTION0_6_R 1 -1.715e+03 8.237e+01 7.000e+00
s>        ( QUESTION4 -1 -1.192e+03 7.190e+01 5.000e+00
s>            ( - -4.399e+02 1 0)
s>            ( QUESTION0 -1 -6.805e+02 6.917e+01 3.000e+00
s>                ( - -1.935e+02 1 0)
s>                ( - -4.178e+02 1 0)))
s>        ( - -4.401e+02 1 0))INFO: dtree.c(1315): Comp split 24
INFO: dtree.c(1439): stop. leaf nodes are specific
INFO: dtree.c(1478): Final simple tree
|( QUESTION11 1 -3.624e+03 9.127e+01 1.503e+01
|    ( - -2.165e+03 3 0)
|    ( - -1.368e+03 2 0))
s>    ( QUESTION11 1 -3.624e+03 9.127e+01 1.503e+01
s>        ( - -2.165e+03 3 0)
s>        ( - -1.368e+03 2 0))INFO: dtree.c(1439): stop. leaf nodes are specific
INFO: dtree.c(1478): Final simple tree
|( QUESTION0 -1 -5.433e+03 1.043e+02 2.111e+01
|    ( - -4.256e+02 1 0)
|    ( QUESTION0_2_R 1 -4.903e+03 8.990e+01 1.911e+01
|        ( QUESTION19 -1 -2.710e+03 9.072e+01 1.097e+01
|            ( - -1.380e+03 1 0)
|            ( QUESTION11 1 -1.239e+03 6.635e+01 5.001e+00
|                ( WDBNDRY_E 0 -9.405e+02 5.834e+01 4.001e+00
|                    ( - -2.005e+02 1 0)
|                    ( - -6.817e+02 1 0))
|                ( - -2.319e+02 1 0)))
|        ( - -2.104e+03 3 0)))
s>    ( QUESTION0 -1 -5.433e+03 1.043e+02 2.111e+01
s>        ( - -4.256e+02 1 0)
s>        ( QUESTION0_2_R 1 -4.903e+03 8.990e+01 1.911e+01
s>            ( QUESTION19 -1 -2.710e+03 9.072e+01 1.097e+01
s>                ( - -1.380e+03 1 0)
s>                ( QUESTION11 1 -1.239e+03 6.635e+01 5.001e+00
s>                    ( WDBNDRY_E 0 -9.405e+02 5.834e+01 4.001e+00
s>                        ( - -2.005e+02 1 0)
s>                        ( - -6.817e+02 1 0))
s>                    ( - -2.319e+02 1 0)))
s>            ( - -2.104e+03 3 0)))INFO: dtree.c(1315): Comp split 25
INFO: dtree.c(1439): stop. leaf nodes are specific
INFO: dtree.c(1478): Final simple tree
|( QUESTION0_2_R 1 -4.903e+03 8.990e+01 1.911e+01
|    ( QUESTION19 -1 -2.710e+03 9.072e+01 1.097e+01
|        ( - -1.380e+03 1 0)
|        ( QUESTION11 1 -1.239e+03 6.635e+01 5.001e+00
|            ( WDBNDRY_E 0 -9.405e+02 5.834e+01 4.001e+00
|                ( - -2.005e+02 1 0)
|                ( - -6.817e+02 1 0))
|            ( - -2.319e+02 1 0)))
|    ( - -2.104e+03 3 0))
s>    ( QUESTION0_2_R 1 -4.903e+03 8.990e+01 1.911e+01
s>        ( QUESTION19 -1 -2.710e+03 9.072e+01 1.097e+01
s>            ( - -1.380e+03 1 0)
s>            ( QUESTION11 1 -1.239e+03 6.635e+01 5.001e+00
s>                ( WDBNDRY_E 0 -9.405e+02 5.834e+01 4.001e+00
s>                    ( - -2.005e+02 1 0)
s>                    ( - -6.817e+02 1 0))
s>                ( - -2.319e+02 1 0)))
s>        ( - -2.104e+03 3 0))INFO: dtree.c(1315): Comp split 26
INFO: dtree.c(1315): Comp split 27
INFO: dtree.c(1439): stop. leaf nodes are specific
INFO: dtree.c(1478): Final simple tree
|( QUESTION0_2_R 1 -9.924e+03 9.432e+01 3.907e+01
|    ( - -6.250e+02 1 0)
|    ( QUESTION2_2_L -1 -9.205e+03 5.903e+01 3.607e+01
|        ( - -2.306e+02 1 0)
|        ( WDBNDRY_E 0 -8.915e+03 5.914e+01 3.507e+01
|            ( QUESTION2_1_L -1 -8.257e+03 5.864e+01 3.303e+01
|                ( QUESTION0_11_R 1 -5.870e+02 6.399e+01 2.000e+00
|                    ( - -2.080e+02 1 0)
|                    ( - -3.150e+02 1 0))
|                ( QUESTION0_13_R 1 -7.611e+03 4.684e+01 3.103e+01
|                    ( - -6.807e+03 5 0)
|                    ( - -7.578e+02 3 0)))
|            ( - -5.993e+02 1 0))))
s>    ( QUESTION0_2_R 1 -9.924e+03 9.432e+01 3.907e+01
s>        ( - -6.250e+02 1 0)
s>        ( QUESTION2_2_L -1 -9.205e+03 5.903e+01 3.607e+01
s>            ( - -2.306e+02 1 0)
s>            ( WDBNDRY_E 0 -8.915e+03 5.914e+01 3.507e+01
s>                ( QUESTION2_1_L -1 -8.257e+03 5.864e+01 3.303e+01
s>                    ( QUESTION0_11_R 1 -5.870e+02 6.399e+01 2.000e+00
s>                        ( - -2.080e+02 1 0)
s>                        ( - -3.150e+02 1 0))
s>                    ( QUESTION0_13_R 1 -7.611e+03 4.684e+01 3.103e+01
s>                        ( - -6.807e+03 5 0)
s>                        ( - -7.578e+02 3 0)))
s>                ( - -5.993e+02 1 0))))INFO: dtree.c(1439): stop. leaf nodes are specific
INFO: dtree.c(1478): Final simple tree
|( WDBNDRY_B 0 -1.616e+03 6.744e+01 6.998e+00
|    ( - -6.794e+02 1 0)
|    ( - -8.690e+02 1 0))
s>    ( WDBNDRY_B 0 -1.616e+03 6.744e+01 6.998e+00
s>        ( - -6.794e+02 1 0)
s>        ( - -8.690e+02 1 0))INFO: dtree.c(1315): Comp split 28
INFO: dtree.c(1439): stop. leaf nodes are specific
INFO: dtree.c(1478): Final simple tree
|( QUESTION11 1 -3.426e+03 8.954e+01 1.314e+01
|    ( WDBNDRY_E 0 -9.405e+02 5.834e+01 4.001e+00
|        ( - -2.005e+02 1 0)
|        ( - -6.817e+02 1 0))
|    ( WDBNDRY_E 0 -2.395e+03 5.990e+01 9.135e+00
|        ( - -2.104e+03 3 0)
|        ( - -2.319e+02 1 0)))
s>    ( QUESTION11 1 -3.426e+03 8.954e+01 1.314e+01
s>        ( WDBNDRY_E 0 -9.405e+02 5.834e+01 4.001e+00
s>            ( - -2.005e+02 1 0)
s>            ( - -6.817e+02 1 0))
s>        ( WDBNDRY_E 0 -2.395e+03 5.990e+01 9.135e+00
s>            ( - -2.104e+03 3 0)
s>            ( - -2.319e+02 1 0)))INFO: dtree.c(1315): Comp split 29
INFO: dtree.c(1439): stop. leaf nodes are specific
INFO: dtree.c(1478): Final simple tree
|( QUESTION2_2_L -1 -9.205e+03 5.903e+01 3.607e+01
|    ( - -2.306e+02 1 0)
|    ( WDBNDRY_E 0 -8.915e+03 5.914e+01 3.507e+01
|        ( QUESTION2_1_L -1 -8.257e+03 5.864e+01 3.303e+01
|            ( QUESTION0_11_R 1 -5.870e+02 6.399e+01 2.000e+00
|                ( - -2.080e+02 1 0)
|                ( - -3.150e+02 1 0))
|            ( QUESTION0_13_R 1 -7.611e+03 4.684e+01 3.103e+01
|                ( - -6.807e+03 5 0)
|                ( - -7.578e+02 3 0)))
|        ( - -5.993e+02 1 0)))
s>    ( QUESTION2_2_L -1 -9.205e+03 5.903e+01 3.607e+01
s>        ( - -2.306e+02 1 0)
s>        ( WDBNDRY_E 0 -8.915e+03 5.914e+01 3.507e+01
s>            ( QUESTION2_1_L -1 -8.257e+03 5.864e+01 3.303e+01
s>                ( QUESTION0_11_R 1 -5.870e+02 6.399e+01 2.000e+00
s>                    ( - -2.080e+02 1 0)
s>                    ( - -3.150e+02 1 0))
s>                ( QUESTION0_13_R 1 -7.611e+03 4.684e+01 3.103e+01
s>                    ( - -6.807e+03 5 0)
s>                    ( - -7.578e+02 3 0)))
s>            ( - -5.993e+02 1 0)))INFO: dtree.c(1315): Comp split 30
INFO: dtree.c(1315): Comp split 31
INFO: dtree.c(1439): stop. leaf nodes are specific
INFO: dtree.c(1478): Final simple tree
|( WDBNDRY_E 0 -2.653e+03 5.912e+01 1.014e+01
|    ( QUESTION0_2_R 1 -2.362e+03 5.751e+01 9.135e+00
|        ( - -2.005e+02 1 0)
|        ( - -2.104e+03 3 0))
|    ( - -2.319e+02 1 0))
s>    ( WDBNDRY_E 0 -2.653e+03 5.912e+01 1.014e+01
s>        ( QUESTION0_2_R 1 -2.362e+03 5.751e+01 9.135e+00
s>            ( - -2.005e+02 1 0)
s>            ( - -2.104e+03 3 0))
s>        ( - -2.319e+02 1 0))INFO: dtree.c(1315): Comp split 32
INFO: dtree.c(1439): stop. leaf nodes are specific
INFO: dtree.c(1478): Final simple tree
|( QUESTION0_9_R 1 -3.543e+03 6.049e+01 1.407e+01
|    ( - -2.064e+02 1 0)
|    ( QUESTION13 -1 -3.276e+03 5.615e+01 1.307e+01
|        ( - -4.899e+02 1 0)
|        ( - -2.730e+03 2 0)))
s>    ( QUESTION0_9_R 1 -3.543e+03 6.049e+01 1.407e+01
s>        ( - -2.064e+02 1 0)
s>        ( QUESTION13 -1 -3.276e+03 5.615e+01 1.307e+01
s>            ( - -4.899e+02 1 0)
s>            ( - -2.730e+03 2 0)))INFO: dtree.c(1315): Comp split 33
INFO: dtree.c(1439): stop. leaf nodes are specific
INFO: dtree.c(1478): Final simple tree
|( QUESTION4 -1 -1.192e+03 7.190e+01 5.000e+00
|    ( - -4.399e+02 1 0)
|    ( QUESTION0 -1 -6.805e+02 6.917e+01 3.000e+00
|        ( - -1.935e+02 1 0)
|        ( - -4.178e+02 1 0)))
s>    ( QUESTION4 -1 -1.192e+03 7.190e+01 5.000e+00
s>        ( - -4.399e+02 1 0)
s>        ( QUESTION0 -1 -6.805e+02 6.917e+01 3.000e+00
s>            ( - -1.935e+02 1 0)
s>            ( - -4.178e+02 1 0)))INFO: dtree.c(1315): Comp split 34
INFO: dtree.c(1315): Comp split 35
INFO: dtree.c(1439): stop. leaf nodes are specific
INFO: dtree.c(1478): Final simple tree
|( QUESTION0 -1 -6.805e+02 6.917e+01 3.000e+00
|    ( - -1.935e+02 1 0)
|    ( - -4.178e+02 1 0))
s>    ( QUESTION0 -1 -6.805e+02 6.917e+01 3.000e+00
s>        ( - -1.935e+02 1 0)
s>        ( - -4.178e+02 1 0))INFO: dtree.c(1315): Comp split 36
INFO: dtree.c(1315): Comp split 37
INFO: dtree.c(1315): Comp split 38
INFO: dtree.c(1439): stop. leaf nodes are specific
INFO: dtree.c(1478): Final simple tree
|( QUESTION2_2_L -1 -8.929e+03 6.065e+01 3.507e+01
|    ( - -2.306e+02 1 0)
|    ( WDBNDRY_E 0 -8.638e+03 5.874e+01 3.407e+01
|        ( QUESTION0_13_R 1 -7.980e+03 5.465e+01 3.203e+01
|            ( - -6.807e+03 5 0)
|            ( QUESTION0_11_R 1 -1.118e+03 4.567e+01 4.007e+00
|                ( - -7.578e+02 3 0)
|                ( - -3.150e+02 1 0)))
|        ( - -5.993e+02 1 0)))
s>    ( QUESTION2_2_L -1 -8.929e+03 6.065e+01 3.507e+01
s>        ( - -2.306e+02 1 0)
s>        ( WDBNDRY_E 0 -8.638e+03 5.874e+01 3.407e+01
s>            ( QUESTION0_13_R 1 -7.980e+03 5.465e+01 3.203e+01
s>                ( - -6.807e+03 5 0)
s>                ( QUESTION0_11_R 1 -1.118e+03 4.567e+01 4.007e+00
s>                    ( - -7.578e+02 3 0)
s>                    ( - -3.150e+02 1 0)))
s>            ( - -5.993e+02 1 0)))INFO: dtree.c(1315): Comp split 39
INFO: dtree.c(1315): Comp split 40
INFO: dtree.c(1439): stop. leaf nodes are specific
INFO: dtree.c(1478): Final simple tree
|( WDBNDRY_E 0 -8.638e+03 5.874e+01 3.407e+01
|    ( QUESTION0_13_R 1 -7.980e+03 5.465e+01 3.203e+01
|        ( - -6.807e+03 5 0)
|        ( QUESTION0_11_R 1 -1.118e+03 4.567e+01 4.007e+00
|            ( - -7.578e+02 3 0)
|            ( - -3.150e+02 1 0)))
|    ( - -5.993e+02 1 0))
s>    ( WDBNDRY_E 0 -8.638e+03 5.874e+01 3.407e+01
s>        ( QUESTION0_13_R 1 -7.980e+03 5.465e+01 3.203e+01
s>            ( - -6.807e+03 5 0)
s>            ( QUESTION0_11_R 1 -1.118e+03 4.567e+01 4.007e+00
s>                ( - -7.578e+02 3 0)
s>                ( - -3.150e+02 1 0)))
s>        ( - -5.993e+02 1 0))INFO: dtree.c(1315): Comp split 41
INFO: dtree.c(1439): stop. leaf nodes are specific
INFO: dtree.c(1478): Final simple tree
|( QUESTION13 -1 -3.276e+03 5.615e+01 1.307e+01
|    ( - -4.899e+02 1 0)
|    ( - -2.730e+03 2 0))
s>    ( QUESTION13 -1 -3.276e+03 5.615e+01 1.307e+01
s>        ( - -4.899e+02 1 0)
s>        ( - -2.730e+03 2 0))INFO: dtree.c(1315): Comp split 42
INFO: dtree.c(1439): stop. leaf nodes are specific
INFO: dtree.c(1478): Final simple tree
|( QUESTION0_2_R 1 -2.362e+03 5.751e+01 9.135e+00
|    ( - -2.005e+02 1 0)
|    ( - -2.104e+03 3 0))
s>    ( QUESTION0_2_R 1 -2.362e+03 5.751e+01 9.135e+00
s>        ( - -2.005e+02 1 0)
s>        ( - -2.104e+03 3 0))INFO: dtree.c(1315): Comp split 43
INFO: dtree.c(1439): stop. leaf nodes are specific
INFO: dtree.c(1478): Final simple tree
|( QUESTION0_13_R 1 -7.980e+03 5.465e+01 3.203e+01
|    ( - -6.807e+03 5 0)
|    ( QUESTION0_11_R 1 -1.118e+03 4.567e+01 4.007e+00
|        ( - -7.578e+02 3 0)
|        ( - -3.150e+02 1 0)))
s>    ( QUESTION0_13_R 1 -7.980e+03 5.465e+01 3.203e+01
s>        ( - -6.807e+03 5 0)
s>        ( QUESTION0_11_R 1 -1.118e+03 4.567e+01 4.007e+00
s>            ( - -7.578e+02 3 0)
s>            ( - -3.150e+02 1 0)))INFO: dtree.c(1315): Comp split 44
INFO: dtree.c(1315): Comp split 45
INFO: dtree.c(1315): Comp split 46
INFO: dtree.c(1439): stop. leaf nodes are specific
INFO: dtree.c(1478): Final simple tree
|( QUESTION0_11_R 1 -1.118e+03 4.567e+01 4.007e+00
|    ( - -7.578e+02 3 0)
|    ( - -3.150e+02 1 0))
s>    ( QUESTION0_11_R 1 -1.118e+03 4.567e+01 4.007e+00
s>        ( - -7.578e+02 3 0)
s>        ( - -3.150e+02 1 0))INFO: dtree.c(1315): Comp split 47
INFO: dtree.c(1315): Comp split 48
INFO: dtree.c(1318): stop. leaf nodes are specific
Thu May  7 00:23:30 2020
