Current configuration:
[NAME]		[DEFLT]	[VALUE]
-allphones	no	no
-cntthresh	0.00001	1.000000e-05
-csplitmax	100	2000
-csplitmin	1	1
-csplitthr	8e-4	0.000000e+00
-example	no	no
-fullvar	no	no
-help		no	no
-meanfn			/home/abdy/Desktop/diploma/kg/model_parameters/kg.cd_cont_untied/means
-mixwfn			/home/abdy/Desktop/diploma/kg/model_parameters/kg.cd_cont_untied/mixture_weights
-moddeffn		/home/abdy/Desktop/diploma/kg/model_architecture/kg.untied.mdef
-mwfloor	1e-4	1.000000e-08
-phone			j
-psetfn			/home/abdy/Desktop/diploma/kg/model_architecture/kg.tree_questions
-ssplitmax	5	7
-ssplitmin	1	1
-ssplitthr	8e-4	0.000000e+00
-state			2
-stwt			1.0,0.05,0.0,
-treefn			/home/abdy/Desktop/diploma/kg/trees/kg.unpruned/j-2.dtree
-ts2cbfn	.semi.	.cont.
-varfloor	0.00001	1.000000e-05
-varfn			/home/abdy/Desktop/diploma/kg/model_parameters/kg.cd_cont_untied/variances

INFO: main.c(223): Reading: /home/abdy/Desktop/diploma/kg/model_architecture/kg.untied.mdef
INFO: model_def_io.c(573): Model definition info:
INFO: model_def_io.c(574): 10297 total models defined (47 base, 10250 tri)
INFO: model_def_io.c(575): 41188 total states
INFO: model_def_io.c(576): 30891 total tied states
INFO: model_def_io.c(577): 141 total tied CI states
INFO: model_def_io.c(578): 47 total tied transition matrices
INFO: model_def_io.c(579): 4 max state/model
INFO: model_def_io.c(580): 4 min state/model
INFO: main.c(242): Building trees for [j SIL o b] through [j y zh i]
INFO: main.c(269): Covering states |[8496 9023]| == 528
INFO: main.c(275): Reading: /home/abdy/Desktop/diploma/kg/model_parameters/kg.cd_cont_untied/mixture_weights
INFO: s3mixw_io.c(173): Read /home/abdy/Desktop/diploma/kg/model_parameters/kg.cd_cont_untied/mixture_weights [528x1x1 array]
INFO: main.c(311): 52 of 176 models have observation count greater than 0.000010
INFO: main.c(95): nrm stwt: 0.000 0.048 0.952 
INFO: s3gau_io.c(169): Read /home/abdy/Desktop/diploma/kg/model_parameters/kg.cd_cont_untied/means [30891x1x1 array]
INFO: s3gau_io.c(169): Read /home/abdy/Desktop/diploma/kg/model_parameters/kg.cd_cont_untied/variances [30891x1x1 array]
INFO: main.c(549): Reading: /home/abdy/Desktop/diploma/kg/model_architecture/kg.tree_questions
INFO: main.c(588): 174 total simple questions (166 phone; 8 word bndry)
INFO: main.c(590): 40 Left Only questions, and 42 Right Only questions
INFO: dtree.c(1478): Final simple tree
|( QUESTION0_4_R 1 -6.380e+04 3.382e+02 2.739e+02
|    ( QUESTION0_6_R 1 -8.609e+03 2.288e+02 3.731e+01
|        ( - -2.223e+02 1 0)
|        ( QUESTION13 1 -8.157e+03 2.134e+02 3.531e+01
|            ( - -2.506e+02 1 0)
|            ( - -7.693e+03 6 0 QUESTION0_5_R 1 1.541e+02 3.331e+01)))
|    ( QUESTION0_13_R 1 -5.485e+04 2.540e+02 2.366e+02
|        ( - -2.079e+04 10 0 QUESTION11 -1 1.829e+02 9.270e+01)
|        ( QUESTION16 1 -3.381e+04 2.605e+02 1.438e+02
|            ( QUESTION2_1_L -1 -7.860e+03 2.546e+02 3.530e+01
|                ( - -4.793e+03 2 0 QUESTION11 -1 9.475e+01 2.192e+01)
|                ( - -2.812e+03 1 0))
|            ( QUESTION0_15_R 1 -2.569e+04 2.262e+02 1.086e+02
|                ( - -6.558e+03 6 0 QUESTION2_1_L -1 1.546e+02 2.823e+01)
|                ( - -1.891e+04 25 0 QUESTION11 1 2.030e+02 8.032e+01)))))
s>    ( QUESTION0_4_R 1 -6.380e+04 3.382e+02 2.739e+02
s>        ( QUESTION0_6_R 1 -8.609e+03 2.288e+02 3.731e+01
s>            ( - -2.223e+02 1 0)
s>            ( QUESTION13 1 -8.157e+03 2.134e+02 3.531e+01
s>                ( - -2.506e+02 1 0)
s>                ( - -7.693e+03 6 0 QUESTION0_5_R 1 1.541e+02 3.331e+01)))
s>        ( QUESTION0_13_R 1 -5.485e+04 2.540e+02 2.366e+02
s>            ( - -2.079e+04 10 0 QUESTION11 -1 1.829e+02 9.270e+01)
s>            ( QUESTION16 1 -3.381e+04 2.605e+02 1.438e+02
s>                ( QUESTION2_1_L -1 -7.860e+03 2.546e+02 3.530e+01
s>                    ( - -4.793e+03 2 0 QUESTION11 -1 9.475e+01 2.192e+01)
s>                    ( - -2.812e+03 1 0))
s>                ( QUESTION0_15_R 1 -2.569e+04 2.262e+02 1.086e+02
s>                    ( - -6.558e+03 6 0 QUESTION2_1_L -1 1.546e+02 2.823e+01)
s>                    ( - -1.891e+04 25 0 QUESTION11 1 2.030e+02 8.032e+01)))))INFO: dtree.c(1315): Comp split 0
INFO: dtree.c(1478): Final simple tree
|( QUESTION0_12_R 1 -2.756e+04 2.118e+02 1.209e+02
|    ( QUESTION11 -1 -2.079e+04 1.829e+02 9.270e+01
|        ( - -1.286e+04 4 0 WDBNDRY_E 0 1.220e+02 5.876e+01)
|        ( WDBNDRY_E 0 -7.745e+03 2.027e+02 3.394e+01
|            ( QUESTION2_1_L -1 -1.676e+03 1.411e+02 8.000e+00
|                ( - -8.006e+02 1 0)
|                ( - -7.339e+02 1 0))
|            ( - -5.867e+03 4 0 QUESTION2_3_L -1 1.318e+02 2.594e+01)))
|    ( QUESTION2_1_L -1 -6.558e+03 1.546e+02 2.823e+01
|        ( QUESTION0_16_R 1 -5.363e+03 1.360e+02 2.323e+01
|            ( - -1.595e+03 2 0 WDBNDRY_E 0 8.748e+01 6.980e+00)
|            ( - -3.632e+03 2 0 QUESTION11 -1 8.366e+01 1.625e+01))
|        ( WDBNDRY_E 0 -1.040e+03 1.704e+02 5.000e+00
|            ( - -5.058e+02 1 0)
|            ( - -3.636e+02 1 0))))
s>    ( QUESTION0_12_R 1 -2.756e+04 2.118e+02 1.209e+02
s>        ( QUESTION11 -1 -2.079e+04 1.829e+02 9.270e+01
s>            ( - -1.286e+04 4 0 WDBNDRY_E 0 1.220e+02 5.876e+01)
s>            ( WDBNDRY_E 0 -7.745e+03 2.027e+02 3.394e+01
s>                ( QUESTION2_1_L -1 -1.676e+03 1.411e+02 8.000e+00
s>                    ( - -8.006e+02 1 0)
s>                    ( - -7.339e+02 1 0))
s>                ( - -5.867e+03 4 0 QUESTION2_3_L -1 1.318e+02 2.594e+01)))
s>        ( QUESTION2_1_L -1 -6.558e+03 1.546e+02 2.823e+01
s>            ( QUESTION0_16_R 1 -5.363e+03 1.360e+02 2.323e+01
s>                ( - -1.595e+03 2 0 WDBNDRY_E 0 8.748e+01 6.980e+00)
s>                ( - -3.632e+03 2 0 QUESTION11 -1 8.366e+01 1.625e+01))
s>            ( WDBNDRY_E 0 -1.040e+03 1.704e+02 5.000e+00
s>                ( - -5.058e+02 1 0)
s>                ( - -3.636e+02 1 0))))INFO: dtree.c(1478): Final simple tree
|( QUESTION0_4_R 1 -3.589e+04 2.880e+02 1.529e+02
|    ( QUESTION0_6_R 1 -8.609e+03 2.288e+02 3.731e+01
|        ( - -2.223e+02 1 0)
|        ( QUESTION13 1 -8.157e+03 2.134e+02 3.531e+01
|            ( - -2.506e+02 1 0)
|            ( - -7.693e+03 6 0 QUESTION0_5_R 1 1.541e+02 3.331e+01)))
|    ( QUESTION2_1_L -1 -2.700e+04 2.397e+02 1.156e+02
|        ( QUESTION16 1 -1.785e+04 2.431e+02 7.656e+01
|            ( - -4.793e+03 2 0 QUESTION11 -1 9.475e+01 2.192e+01)
|            ( QUESTION2_2_L -1 -1.281e+04 1.959e+02 5.464e+01
|                ( - -2.376e+02 1 0)
|                ( - -1.238e+04 16 0 QUESTION11 1 1.415e+02 5.264e+01)))
|        ( QUESTION2 1 -8.908e+03 4.618e+02 3.905e+01
|            ( - 2.202e+02 1 0)
|            ( - -8.666e+03 8 0 QUESTION0_19_R 1 1.921e+02 3.805e+01))))
s>    ( QUESTION0_4_R 1 -3.589e+04 2.880e+02 1.529e+02
s>        ( QUESTION0_6_R 1 -8.609e+03 2.288e+02 3.731e+01
s>            ( - -2.223e+02 1 0)
s>            ( QUESTION13 1 -8.157e+03 2.134e+02 3.531e+01
s>                ( - -2.506e+02 1 0)
s>                ( - -7.693e+03 6 0 QUESTION0_5_R 1 1.541e+02 3.331e+01)))
s>        ( QUESTION2_1_L -1 -2.700e+04 2.397e+02 1.156e+02
s>            ( QUESTION16 1 -1.785e+04 2.431e+02 7.656e+01
s>                ( - -4.793e+03 2 0 QUESTION11 -1 9.475e+01 2.192e+01)
s>                ( QUESTION2_2_L -1 -1.281e+04 1.959e+02 5.464e+01
s>                    ( - -2.376e+02 1 0)
s>                    ( - -1.238e+04 16 0 QUESTION11 1 1.415e+02 5.264e+01)))
s>            ( QUESTION2 1 -8.908e+03 4.618e+02 3.905e+01
s>                ( - 2.202e+02 1 0)
s>                ( - -8.666e+03 8 0 QUESTION0_19_R 1 1.921e+02 3.805e+01))))INFO: dtree.c(1315): Comp split 1
INFO: dtree.c(1478): Final simple tree
|( QUESTION0_4_R 1 -3.566e+04 2.871e+02 1.519e+02
|    ( QUESTION0_6_R 1 -8.609e+03 2.288e+02 3.731e+01
|        ( - -2.223e+02 1 0)
|        ( QUESTION13 1 -8.157e+03 2.134e+02 3.531e+01
|            ( - -2.506e+02 1 0)
|            ( - -7.693e+03 6 0 QUESTION0_5_R 1 1.541e+02 3.331e+01)))
|    ( QUESTION2_1_L -1 -2.676e+04 2.445e+02 1.146e+02
|        ( QUESTION16 1 -1.785e+04 2.431e+02 7.656e+01
|            ( - -4.793e+03 2 0 QUESTION11 -1 9.475e+01 2.192e+01)
|            ( QUESTION2_2_L -1 -1.281e+04 1.959e+02 5.464e+01
|                ( - -2.376e+02 1 0)
|                ( - -1.238e+04 16 0 QUESTION11 1 1.415e+02 5.264e+01)))
|        ( QUESTION0_19_R 1 -8.666e+03 1.921e+02 3.805e+01
|            ( - -2.812e+03 1 0)
|            ( - -5.662e+03 7 0 QUESTION0_2_R 1 1.648e+02 2.468e+01))))
s>    ( QUESTION0_4_R 1 -3.566e+04 2.871e+02 1.519e+02
s>        ( QUESTION0_6_R 1 -8.609e+03 2.288e+02 3.731e+01
s>            ( - -2.223e+02 1 0)
s>            ( QUESTION13 1 -8.157e+03 2.134e+02 3.531e+01
s>                ( - -2.506e+02 1 0)
s>                ( - -7.693e+03 6 0 QUESTION0_5_R 1 1.541e+02 3.331e+01)))
s>        ( QUESTION2_1_L -1 -2.676e+04 2.445e+02 1.146e+02
s>            ( QUESTION16 1 -1.785e+04 2.431e+02 7.656e+01
s>                ( - -4.793e+03 2 0 QUESTION11 -1 9.475e+01 2.192e+01)
s>                ( QUESTION2_2_L -1 -1.281e+04 1.959e+02 5.464e+01
s>                    ( - -2.376e+02 1 0)
s>                    ( - -1.238e+04 16 0 QUESTION11 1 1.415e+02 5.264e+01)))
s>            ( QUESTION0_19_R 1 -8.666e+03 1.921e+02 3.805e+01
s>                ( - -2.812e+03 1 0)
s>                ( - -5.662e+03 7 0 QUESTION0_2_R 1 1.648e+02 2.468e+01))))INFO: dtree.c(1315): Comp split 2
INFO: dtree.c(1439): stop. leaf nodes are specific
INFO: dtree.c(1478): Final simple tree
|( QUESTION0_2_R 1 -1.167e+04 2.472e+02 5.068e+01
|    ( QUESTION0_6_R 1 -8.609e+03 2.288e+02 3.731e+01
|        ( - -2.223e+02 1 0)
|        ( QUESTION13 1 -8.157e+03 2.134e+02 3.531e+01
|            ( - -2.506e+02 1 0)
|            ( QUESTION0_5_R 1 -7.693e+03 1.541e+02 3.331e+01
|                ( - -3.037e+03 2 0)
|                ( QUESTION11 -1 -4.503e+03 1.144e+02 1.941e+01
|                    ( - -3.002e+03 1 0)
|                    ( - -1.386e+03 3 0)))))
|    ( - -2.812e+03 1 0))
s>    ( QUESTION0_2_R 1 -1.167e+04 2.472e+02 5.068e+01
s>        ( QUESTION0_6_R 1 -8.609e+03 2.288e+02 3.731e+01
s>            ( - -2.223e+02 1 0)
s>            ( QUESTION13 1 -8.157e+03 2.134e+02 3.531e+01
s>                ( - -2.506e+02 1 0)
s>                ( QUESTION0_5_R 1 -7.693e+03 1.541e+02 3.331e+01
s>                    ( - -3.037e+03 2 0)
s>                    ( QUESTION11 -1 -4.503e+03 1.144e+02 1.941e+01
s>                        ( - -3.002e+03 1 0)
s>                        ( - -1.386e+03 3 0)))))
s>        ( - -2.812e+03 1 0))INFO: dtree.c(1478): Final simple tree
|( QUESTION16 1 -2.370e+04 2.385e+02 1.012e+02
|    ( - -4.793e+03 2 0 QUESTION11 -1 9.475e+01 2.192e+01)
|    ( QUESTION11 1 -1.867e+04 2.034e+02 7.932e+01
|        ( QUESTION11 -1 -3.256e+03 1.593e+02 1.500e+01
|            ( - -9.994e+02 1 0)
|            ( - -2.097e+03 1 0))
|        ( QUESTION2_2_L -1 -1.521e+04 1.980e+02 6.432e+01
|            ( - -2.376e+02 1 0)
|            ( QUESTION3 1 -1.477e+04 1.477e+02 6.232e+01
|                ( WDBNDRY_E 0 -4.575e+03 1.239e+02 1.989e+01
|                    ( - -4.309e+02 1 0)
|                    ( - -4.020e+03 6 0 QUESTION2_1_L -1 9.803e+01 1.789e+01))
|                ( QUESTION0_11_R 1 -1.005e+04 1.297e+02 4.243e+01
|                    ( - -1.624e+03 3 0 QUESTION11 -1 8.301e+01 7.011e+00)
|                    ( - -8.296e+03 11 0 QUESTION0_9_R 1 1.145e+02 3.542e+01))))))
s>    ( QUESTION16 1 -2.370e+04 2.385e+02 1.012e+02
s>        ( - -4.793e+03 2 0 QUESTION11 -1 9.475e+01 2.192e+01)
s>        ( QUESTION11 1 -1.867e+04 2.034e+02 7.932e+01
s>            ( QUESTION11 -1 -3.256e+03 1.593e+02 1.500e+01
s>                ( - -9.994e+02 1 0)
s>                ( - -2.097e+03 1 0))
s>            ( QUESTION2_2_L -1 -1.521e+04 1.980e+02 6.432e+01
s>                ( - -2.376e+02 1 0)
s>                ( QUESTION3 1 -1.477e+04 1.477e+02 6.232e+01
s>                    ( WDBNDRY_E 0 -4.575e+03 1.239e+02 1.989e+01
s>                        ( - -4.309e+02 1 0)
s>                        ( - -4.020e+03 6 0 QUESTION2_1_L -1 9.803e+01 1.789e+01))
s>                    ( QUESTION0_11_R 1 -1.005e+04 1.297e+02 4.243e+01
s>                        ( - -1.624e+03 3 0 QUESTION11 -1 8.301e+01 7.011e+00)
s>                        ( - -8.296e+03 11 0 QUESTION0_9_R 1 1.145e+02 3.542e+01))))))INFO: dtree.c(1315): Comp split 3
INFO: dtree.c(1478): Final simple tree
|( QUESTION16 1 -1.327e+04 1.813e+02 5.734e+01
|    ( QUESTION11 -1 -4.793e+03 9.475e+01 2.192e+01
|        ( - -4.519e+02 1 0)
|        ( - -4.247e+03 1 0))
|    ( QUESTION0_9_R 1 -8.296e+03 1.145e+02 3.542e+01
|        ( - -1.430e+03 1 0)
|        ( QUESTION0_20_R 1 -6.751e+03 9.792e+01 2.848e+01
|            ( QUESTION11 -1 -1.382e+03 1.660e+02 6.002e+00
|                ( - -9.225e+02 1 0)
|                ( - -2.940e+02 1 0))
|            ( QUESTION15 1 -5.271e+03 9.719e+01 2.247e+01
|                ( - -6.330e+02 1 0)
|                ( QUESTION0_2_R 1 -4.541e+03 7.772e+01 1.947e+01
|                    ( - -1.500e+02 1 0)
|                    ( - -4.313e+03 6 0 WDBNDRY_E 0 6.580e+01 1.847e+01))))))
s>    ( QUESTION16 1 -1.327e+04 1.813e+02 5.734e+01
s>        ( QUESTION11 -1 -4.793e+03 9.475e+01 2.192e+01
s>            ( - -4.519e+02 1 0)
s>            ( - -4.247e+03 1 0))
s>        ( QUESTION0_9_R 1 -8.296e+03 1.145e+02 3.542e+01
s>            ( - -1.430e+03 1 0)
s>            ( QUESTION0_20_R 1 -6.751e+03 9.792e+01 2.848e+01
s>                ( QUESTION11 -1 -1.382e+03 1.660e+02 6.002e+00
s>                    ( - -9.225e+02 1 0)
s>                    ( - -2.940e+02 1 0))
s>                ( QUESTION15 1 -5.271e+03 9.719e+01 2.247e+01
s>                    ( - -6.330e+02 1 0)
s>                    ( QUESTION0_2_R 1 -4.541e+03 7.772e+01 1.947e+01
s>                        ( - -1.500e+02 1 0)
s>                        ( - -4.313e+03 6 0 WDBNDRY_E 0 6.580e+01 1.847e+01))))))INFO: dtree.c(1478): Final simple tree
|( QUESTION2_2_L -1 -1.017e+04 1.990e+02 4.390e+01
|    ( - -2.376e+02 1 0)
|    ( QUESTION0_2_R 1 -9.735e+03 1.760e+02 4.190e+01
|        ( QUESTION11 -1 -3.256e+03 1.593e+02 1.500e+01
|            ( - -9.994e+02 1 0)
|            ( - -2.097e+03 1 0))
|        ( WDBNDRY_E 0 -6.303e+03 1.179e+02 2.690e+01
|            ( QUESTION0_9_R 1 -2.165e+03 1.095e+02 9.011e+00
|                ( - -4.309e+02 1 0)
|                ( QUESTION11 -1 -1.624e+03 8.301e+01 7.011e+00
|                    ( - -2.318e+02 1 0)
|                    ( - -1.310e+03 2 0)))
|            ( QUESTION2_1_L -1 -4.020e+03 9.803e+01 1.789e+01
|                ( - -2.646e+03 4 0 QUESTION11 -1 7.088e+01 1.209e+01)
|                ( - -1.276e+03 2 0)))))
s>    ( QUESTION2_2_L -1 -1.017e+04 1.990e+02 4.390e+01
s>        ( - -2.376e+02 1 0)
s>        ( QUESTION0_2_R 1 -9.735e+03 1.760e+02 4.190e+01
s>            ( QUESTION11 -1 -3.256e+03 1.593e+02 1.500e+01
s>                ( - -9.994e+02 1 0)
s>                ( - -2.097e+03 1 0))
s>            ( WDBNDRY_E 0 -6.303e+03 1.179e+02 2.690e+01
s>                ( QUESTION0_9_R 1 -2.165e+03 1.095e+02 9.011e+00
s>                    ( - -4.309e+02 1 0)
s>                    ( QUESTION11 -1 -1.624e+03 8.301e+01 7.011e+00
s>                        ( - -2.318e+02 1 0)
s>                        ( - -1.310e+03 2 0)))
s>                ( QUESTION2_1_L -1 -4.020e+03 9.803e+01 1.789e+01
s>                    ( - -2.646e+03 4 0 QUESTION11 -1 7.088e+01 1.209e+01)
s>                    ( - -1.276e+03 2 0)))))INFO: dtree.c(1315): Comp split 4
INFO: dtree.c(1478): Final simple tree
|( QUESTION0_16_R 1 -1.258e+04 1.613e+02 5.417e+01
|    ( QUESTION11 -1 -2.314e+03 2.133e+02 9.980e+00
|        ( WDBNDRY_E 0 -1.595e+03 8.748e+01 6.980e+00
|            ( - -1.116e+03 1 0)
|            ( - -3.923e+02 1 0))
|        ( - -5.058e+02 1 0))
|    ( QUESTION0_12_R 1 -1.011e+04 1.495e+02 4.419e+01
|        ( QUESTION2_3_L -1 -5.867e+03 1.318e+02 2.594e+01
|            ( - -2.326e+03 1 0)
|            ( - -3.409e+03 3 0 QUESTION2_1_L -1 7.689e+01 1.487e+01))
|        ( QUESTION11 -1 -4.089e+03 9.374e+01 1.825e+01
|            ( - -3.107e+03 1 0)
|            ( QUESTION2_1_L -1 -8.882e+02 8.360e+01 4.005e+00
|                ( - -4.409e+02 1 0)
|                ( - -3.636e+02 1 0)))))
s>    ( QUESTION0_16_R 1 -1.258e+04 1.613e+02 5.417e+01
s>        ( QUESTION11 -1 -2.314e+03 2.133e+02 9.980e+00
s>            ( WDBNDRY_E 0 -1.595e+03 8.748e+01 6.980e+00
s>                ( - -1.116e+03 1 0)
s>                ( - -3.923e+02 1 0))
s>            ( - -5.058e+02 1 0))
s>        ( QUESTION0_12_R 1 -1.011e+04 1.495e+02 4.419e+01
s>            ( QUESTION2_3_L -1 -5.867e+03 1.318e+02 2.594e+01
s>                ( - -2.326e+03 1 0)
s>                ( - -3.409e+03 3 0 QUESTION2_1_L -1 7.689e+01 1.487e+01))
s>            ( QUESTION11 -1 -4.089e+03 9.374e+01 1.825e+01
s>                ( - -3.107e+03 1 0)
s>                ( QUESTION2_1_L -1 -8.882e+02 8.360e+01 4.005e+00
s>                    ( - -4.409e+02 1 0)
s>                    ( - -3.636e+02 1 0)))))INFO: dtree.c(1439): stop. leaf nodes are specific
INFO: dtree.c(1478): Final simple tree
|( QUESTION11 -1 -1.473e+04 1.879e+02 6.676e+01
|    ( WDBNDRY_E 0 -1.286e+04 1.220e+02 5.876e+01
|        ( - -3.718e+03 2 0)
|        ( - -9.024e+03 2 0))
|    ( QUESTION2_1_L -1 -1.676e+03 1.411e+02 8.000e+00
|        ( - -8.006e+02 1 0)
|        ( - -7.339e+02 1 0)))
s>    ( QUESTION11 -1 -1.473e+04 1.879e+02 6.676e+01
s>        ( WDBNDRY_E 0 -1.286e+04 1.220e+02 5.876e+01
s>            ( - -3.718e+03 2 0)
s>            ( - -9.024e+03 2 0))
s>        ( QUESTION2_1_L -1 -1.676e+03 1.411e+02 8.000e+00
s>            ( - -8.006e+02 1 0)
s>            ( - -7.339e+02 1 0)))INFO: dtree.c(1315): Comp split 5
INFO: dtree.c(1439): stop. leaf nodes are specific
INFO: dtree.c(1478): Final simple tree
|( QUESTION0_6_R 1 -8.609e+03 2.288e+02 3.731e+01
|    ( - -2.223e+02 1 0)
|    ( QUESTION13 1 -8.157e+03 2.134e+02 3.531e+01
|        ( - -2.506e+02 1 0)
|        ( QUESTION0_5_R 1 -7.693e+03 1.541e+02 3.331e+01
|            ( - -3.037e+03 2 0)
|            ( QUESTION11 -1 -4.503e+03 1.144e+02 1.941e+01
|                ( - -3.002e+03 1 0)
|                ( - -1.386e+03 3 0)))))
s>    ( QUESTION0_6_R 1 -8.609e+03 2.288e+02 3.731e+01
s>        ( - -2.223e+02 1 0)
s>        ( QUESTION13 1 -8.157e+03 2.134e+02 3.531e+01
s>            ( - -2.506e+02 1 0)
s>            ( QUESTION0_5_R 1 -7.693e+03 1.541e+02 3.331e+01
s>                ( - -3.037e+03 2 0)
s>                ( QUESTION11 -1 -4.503e+03 1.144e+02 1.941e+01
s>                    ( - -3.002e+03 1 0)
s>                    ( - -1.386e+03 3 0)))))INFO: dtree.c(1315): Comp split 6
INFO: dtree.c(1439): stop. leaf nodes are specific
INFO: dtree.c(1478): Final simple tree
|( QUESTION13 1 -8.157e+03 2.134e+02 3.531e+01
|    ( - -2.506e+02 1 0)
|    ( QUESTION0_5_R 1 -7.693e+03 1.541e+02 3.331e+01
|        ( - -3.037e+03 2 0)
|        ( QUESTION11 -1 -4.503e+03 1.144e+02 1.941e+01
|            ( - -3.002e+03 1 0)
|            ( - -1.386e+03 3 0))))
s>    ( QUESTION13 1 -8.157e+03 2.134e+02 3.531e+01
s>        ( - -2.506e+02 1 0)
s>        ( QUESTION0_5_R 1 -7.693e+03 1.541e+02 3.331e+01
s>            ( - -3.037e+03 2 0)
s>            ( QUESTION11 -1 -4.503e+03 1.144e+02 1.941e+01
s>                ( - -3.002e+03 1 0)
s>                ( - -1.386e+03 3 0))))INFO: dtree.c(1315): Comp split 7
INFO: dtree.c(1478): Final simple tree
|( QUESTION0_12_R 1 -1.185e+04 1.496e+02 5.117e+01
|    ( QUESTION2_3_L -1 -5.867e+03 1.318e+02 2.594e+01
|        ( - -2.326e+03 1 0)
|        ( QUESTION2_1_L -1 -3.409e+03 7.689e+01 1.487e+01
|            ( - -4.034e+02 1 0)
|            ( - -2.929e+03 2 0)))
|    ( QUESTION0_16_R 1 -5.832e+03 1.476e+02 2.523e+01
|        ( WDBNDRY_E 0 -1.595e+03 8.748e+01 6.980e+00
|            ( - -1.116e+03 1 0)
|            ( - -3.923e+02 1 0))
|        ( QUESTION11 -1 -4.089e+03 9.374e+01 1.825e+01
|            ( - -3.107e+03 1 0)
|            ( QUESTION2_1_L -1 -8.882e+02 8.360e+01 4.005e+00
|                ( - -4.409e+02 1 0)
|                ( - -3.636e+02 1 0)))))
s>    ( QUESTION0_12_R 1 -1.185e+04 1.496e+02 5.117e+01
s>        ( QUESTION2_3_L -1 -5.867e+03 1.318e+02 2.594e+01
s>            ( - -2.326e+03 1 0)
s>            ( QUESTION2_1_L -1 -3.409e+03 7.689e+01 1.487e+01
s>                ( - -4.034e+02 1 0)
s>                ( - -2.929e+03 2 0)))
s>        ( QUESTION0_16_R 1 -5.832e+03 1.476e+02 2.523e+01
s>            ( WDBNDRY_E 0 -1.595e+03 8.748e+01 6.980e+00
s>                ( - -1.116e+03 1 0)
s>                ( - -3.923e+02 1 0))
s>            ( QUESTION11 -1 -4.089e+03 9.374e+01 1.825e+01
s>                ( - -3.107e+03 1 0)
s>                ( QUESTION2_1_L -1 -8.882e+02 8.360e+01 4.005e+00
s>                    ( - -4.409e+02 1 0)
s>                    ( - -3.636e+02 1 0)))))INFO: dtree.c(1315): Comp split 8
INFO: dtree.c(1478): Final simple tree
|( QUESTION0_9_R 1 -8.810e+03 1.166e+02 3.743e+01
|    ( - -1.430e+03 1 0)
|    ( QUESTION0 1 -7.263e+03 9.523e+01 3.048e+01
|        ( QUESTION11 -1 -1.382e+03 1.660e+02 6.002e+00
|            ( - -9.225e+02 1 0)
|            ( - -2.940e+02 1 0))
|        ( QUESTION15 1 -5.786e+03 8.559e+01 2.448e+01
|            ( QUESTION0_0_R 1 -1.160e+03 7.479e+01 5.006e+00
|                ( - -6.330e+02 1 0)
|                ( - -4.519e+02 1 0))
|            ( QUESTION0_2_R 1 -4.541e+03 7.772e+01 1.947e+01
|                ( - -1.500e+02 1 0)
|                ( WDBNDRY_E 0 -4.313e+03 6.580e+01 1.847e+01
|                    ( - -1.375e+03 2 0 QUESTION11 -1 7.299e+01 6.000e+00)
|                    ( - -2.872e+03 4 0 QUESTION11 -1 8.236e+01 1.247e+01))))))
s>    ( QUESTION0_9_R 1 -8.810e+03 1.166e+02 3.743e+01
s>        ( - -1.430e+03 1 0)
s>        ( QUESTION0 1 -7.263e+03 9.523e+01 3.048e+01
s>            ( QUESTION11 -1 -1.382e+03 1.660e+02 6.002e+00
s>                ( - -9.225e+02 1 0)
s>                ( - -2.940e+02 1 0))
s>            ( QUESTION15 1 -5.786e+03 8.559e+01 2.448e+01
s>                ( QUESTION0_0_R 1 -1.160e+03 7.479e+01 5.006e+00
s>                    ( - -6.330e+02 1 0)
s>                    ( - -4.519e+02 1 0))
s>                ( QUESTION0_2_R 1 -4.541e+03 7.772e+01 1.947e+01
s>                    ( - -1.500e+02 1 0)
s>                    ( WDBNDRY_E 0 -4.313e+03 6.580e+01 1.847e+01
s>                        ( - -1.375e+03 2 0 QUESTION11 -1 7.299e+01 6.000e+00)
s>                        ( - -2.872e+03 4 0 QUESTION11 -1 8.236e+01 1.247e+01))))))INFO: dtree.c(1315): Comp split 9
INFO: dtree.c(1439): stop. leaf nodes are specific
INFO: dtree.c(1478): Final simple tree
|( QUESTION0_5_R 1 -7.693e+03 1.541e+02 3.331e+01
|    ( - -3.037e+03 2 0)
|    ( QUESTION11 -1 -4.503e+03 1.144e+02 1.941e+01
|        ( - -3.002e+03 1 0)
|        ( - -1.386e+03 3 0)))
s>    ( QUESTION0_5_R 1 -7.693e+03 1.541e+02 3.331e+01
s>        ( - -3.037e+03 2 0)
s>        ( QUESTION11 -1 -4.503e+03 1.144e+02 1.941e+01
s>            ( - -3.002e+03 1 0)
s>            ( - -1.386e+03 3 0)))INFO: dtree.c(1315): Comp split 10
INFO: dtree.c(1478): Final simple tree
|( QUESTION0_2_R 1 -9.735e+03 1.760e+02 4.190e+01
|    ( QUESTION11 -1 -3.256e+03 1.593e+02 1.500e+01
|        ( - -9.994e+02 1 0)
|        ( - -2.097e+03 1 0))
|    ( WDBNDRY_E 0 -6.303e+03 1.179e+02 2.690e+01
|        ( QUESTION0_9_R 1 -2.165e+03 1.095e+02 9.011e+00
|            ( - -4.309e+02 1 0)
|            ( QUESTION11 -1 -1.624e+03 8.301e+01 7.011e+00
|                ( - -2.318e+02 1 0)
|                ( - -1.310e+03 2 0)))
|        ( QUESTION2_1_L -1 -4.020e+03 9.803e+01 1.789e+01
|            ( QUESTION11 -1 -2.646e+03 7.088e+01 1.209e+01
|                ( - -2.028e+03 2 0)
|                ( - -5.471e+02 2 0))
|            ( - -1.276e+03 2 0))))
s>    ( QUESTION0_2_R 1 -9.735e+03 1.760e+02 4.190e+01
s>        ( QUESTION11 -1 -3.256e+03 1.593e+02 1.500e+01
s>            ( - -9.994e+02 1 0)
s>            ( - -2.097e+03 1 0))
s>        ( WDBNDRY_E 0 -6.303e+03 1.179e+02 2.690e+01
s>            ( QUESTION0_9_R 1 -2.165e+03 1.095e+02 9.011e+00
s>                ( - -4.309e+02 1 0)
s>                ( QUESTION11 -1 -1.624e+03 8.301e+01 7.011e+00
s>                    ( - -2.318e+02 1 0)
s>                    ( - -1.310e+03 2 0)))
s>            ( QUESTION2_1_L -1 -4.020e+03 9.803e+01 1.789e+01
s>                ( QUESTION11 -1 -2.646e+03 7.088e+01 1.209e+01
s>                    ( - -2.028e+03 2 0)
s>                    ( - -5.471e+02 2 0))
s>                ( - -1.276e+03 2 0))))INFO: dtree.c(1315): Comp split 11
INFO: dtree.c(1439): stop. leaf nodes are specific
INFO: dtree.c(1478): Final simple tree
|( QUESTION0_2_R 1 -7.448e+03 1.455e+02 3.190e+01
|    ( - -9.994e+02 1 0)
|    ( WDBNDRY_E 0 -6.303e+03 1.179e+02 2.690e+01
|        ( QUESTION0_9_R 1 -2.165e+03 1.095e+02 9.011e+00
|            ( - -4.309e+02 1 0)
|            ( QUESTION11 -1 -1.624e+03 8.301e+01 7.011e+00
|                ( - -2.318e+02 1 0)
|                ( - -1.310e+03 2 0)))
|        ( QUESTION2_1_L -1 -4.020e+03 9.803e+01 1.789e+01
|            ( QUESTION11 -1 -2.646e+03 7.088e+01 1.209e+01
|                ( - -2.028e+03 2 0)
|                ( - -5.471e+02 2 0))
|            ( - -1.276e+03 2 0))))
s>    ( QUESTION0_2_R 1 -7.448e+03 1.455e+02 3.190e+01
s>        ( - -9.994e+02 1 0)
s>        ( WDBNDRY_E 0 -6.303e+03 1.179e+02 2.690e+01
s>            ( QUESTION0_9_R 1 -2.165e+03 1.095e+02 9.011e+00
s>                ( - -4.309e+02 1 0)
s>                ( QUESTION11 -1 -1.624e+03 8.301e+01 7.011e+00
s>                    ( - -2.318e+02 1 0)
s>                    ( - -1.310e+03 2 0)))
s>            ( QUESTION2_1_L -1 -4.020e+03 9.803e+01 1.789e+01
s>                ( QUESTION11 -1 -2.646e+03 7.088e+01 1.209e+01
s>                    ( - -2.028e+03 2 0)
s>                    ( - -5.471e+02 2 0))
s>                ( - -1.276e+03 2 0))))INFO: dtree.c(1315): Comp split 12
INFO: dtree.c(1439): stop. leaf nodes are specific
INFO: dtree.c(1478): Final simple tree
|( WDBNDRY_E 0 -1.286e+04 1.220e+02 5.876e+01
|    ( - -3.718e+03 2 0)
|    ( - -9.024e+03 2 0))
s>    ( WDBNDRY_E 0 -1.286e+04 1.220e+02 5.876e+01
s>        ( - -3.718e+03 2 0)
s>        ( - -9.024e+03 2 0))INFO: dtree.c(1439): stop. leaf nodes are specific
INFO: dtree.c(1478): Final simple tree
|( QUESTION2_1_L -1 -1.676e+03 1.411e+02 8.000e+00
|    ( - -8.006e+02 1 0)
|    ( - -7.339e+02 1 0))
s>    ( QUESTION2_1_L -1 -1.676e+03 1.411e+02 8.000e+00
s>        ( - -8.006e+02 1 0)
s>        ( - -7.339e+02 1 0))INFO: dtree.c(1315): Comp split 13
INFO: dtree.c(1478): Final simple tree
|( QUESTION0_9_R 1 -8.343e+03 1.190e+02 3.543e+01
|    ( - -1.430e+03 1 0)
|    ( QUESTION15 1 -6.794e+03 8.691e+01 2.848e+01
|        ( QUESTION0_0_R 1 -1.160e+03 7.479e+01 5.006e+00
|            ( - -6.330e+02 1 0)
|            ( - -4.519e+02 1 0))
|        ( QUESTION0_20_R 1 -5.548e+03 8.455e+01 2.348e+01
|            ( - -9.225e+02 1 0)
|            ( QUESTION0_2_R 1 -4.541e+03 7.772e+01 1.947e+01
|                ( - -1.500e+02 1 0)
|                ( WDBNDRY_E 0 -4.313e+03 6.580e+01 1.847e+01
|                    ( - -1.375e+03 2 0 QUESTION11 -1 7.299e+01 6.000e+00)
|                    ( QUESTION11 -1 -2.872e+03 8.236e+01 1.247e+01
|                        ( - -1.470e+03 1 0)
|                        ( - -1.320e+03 3 0 QUESTION2_1_L -1 7.498e+01 5.925e+00)))))))
s>    ( QUESTION0_9_R 1 -8.343e+03 1.190e+02 3.543e+01
s>        ( - -1.430e+03 1 0)
s>        ( QUESTION15 1 -6.794e+03 8.691e+01 2.848e+01
s>            ( QUESTION0_0_R 1 -1.160e+03 7.479e+01 5.006e+00
s>                ( - -6.330e+02 1 0)
s>                ( - -4.519e+02 1 0))
s>            ( QUESTION0_20_R 1 -5.548e+03 8.455e+01 2.348e+01
s>                ( - -9.225e+02 1 0)
s>                ( QUESTION0_2_R 1 -4.541e+03 7.772e+01 1.947e+01
s>                    ( - -1.500e+02 1 0)
s>                    ( WDBNDRY_E 0 -4.313e+03 6.580e+01 1.847e+01
s>                        ( - -1.375e+03 2 0 QUESTION11 -1 7.299e+01 6.000e+00)
s>                        ( QUESTION11 -1 -2.872e+03 8.236e+01 1.247e+01
s>                            ( - -1.470e+03 1 0)
s>                            ( - -1.320e+03 3 0 QUESTION2_1_L -1 7.498e+01 5.925e+00)))))))INFO: dtree.c(1315): Comp split 14
INFO: dtree.c(1439): stop. leaf nodes are specific
INFO: dtree.c(1478): Final simple tree
|( QUESTION0_16_R 1 -6.296e+03 1.485e+02 2.723e+01
|    ( WDBNDRY_E 0 -1.595e+03 8.748e+01 6.980e+00
|        ( - -1.116e+03 1 0)
|        ( - -3.923e+02 1 0))
|    ( QUESTION2_1_L -1 -4.552e+03 9.329e+01 2.025e+01
|        ( QUESTION11 -1 -4.095e+03 7.716e+01 1.825e+01
|            ( - -3.107e+03 1 0)
|            ( QUESTION0_12_R 1 -9.109e+02 6.656e+01 4.005e+00
|                ( - -4.034e+02 1 0)
|                ( - -4.409e+02 1 0)))
|        ( - -3.636e+02 1 0)))
s>    ( QUESTION0_16_R 1 -6.296e+03 1.485e+02 2.723e+01
s>        ( WDBNDRY_E 0 -1.595e+03 8.748e+01 6.980e+00
s>            ( - -1.116e+03 1 0)
s>            ( - -3.923e+02 1 0))
s>        ( QUESTION2_1_L -1 -4.552e+03 9.329e+01 2.025e+01
s>            ( QUESTION11 -1 -4.095e+03 7.716e+01 1.825e+01
s>                ( - -3.107e+03 1 0)
s>                ( QUESTION0_12_R 1 -9.109e+02 6.656e+01 4.005e+00
s>                    ( - -4.034e+02 1 0)
s>                    ( - -4.409e+02 1 0)))
s>            ( - -3.636e+02 1 0)))INFO: dtree.c(1439): stop. leaf nodes are specific
INFO: dtree.c(1478): Final simple tree
|( QUESTION2_1_L -1 -5.386e+03 1.312e+02 2.394e+01
|    ( - -2.326e+03 1 0)
|    ( - -2.929e+03 2 0))
s>    ( QUESTION2_1_L -1 -5.386e+03 1.312e+02 2.394e+01
s>        ( - -2.326e+03 1 0)
s>        ( - -2.929e+03 2 0))INFO: dtree.c(1315): Comp split 15
INFO: dtree.c(1439): stop. leaf nodes are specific
INFO: dtree.c(1478): Final simple tree
|( QUESTION11 -1 -4.503e+03 1.144e+02 1.941e+01
|    ( - -3.002e+03 1 0)
|    ( - -1.386e+03 3 0))
s>    ( QUESTION11 -1 -4.503e+03 1.144e+02 1.941e+01
s>        ( - -3.002e+03 1 0)
s>        ( - -1.386e+03 3 0))INFO: dtree.c(1315): Comp split 16
INFO: dtree.c(1439): stop. leaf nodes are specific
INFO: dtree.c(1478): Final simple tree
|( QUESTION2_1_L -1 -4.552e+03 9.329e+01 2.025e+01
|    ( QUESTION11 -1 -4.095e+03 7.716e+01 1.825e+01
|        ( - -3.107e+03 1 0)
|        ( QUESTION0_12_R 1 -9.109e+02 6.656e+01 4.005e+00
|            ( - -4.034e+02 1 0)
|            ( - -4.409e+02 1 0)))
|    ( - -3.636e+02 1 0))
s>    ( QUESTION2_1_L -1 -4.552e+03 9.329e+01 2.025e+01
s>        ( QUESTION11 -1 -4.095e+03 7.716e+01 1.825e+01
s>            ( - -3.107e+03 1 0)
s>            ( QUESTION0_12_R 1 -9.109e+02 6.656e+01 4.005e+00
s>                ( - -4.034e+02 1 0)
s>                ( - -4.409e+02 1 0)))
s>        ( - -3.636e+02 1 0))INFO: dtree.c(1439): stop. leaf nodes are specific
INFO: dtree.c(1478): Final simple tree
|( WDBNDRY_E 0 -1.595e+03 8.748e+01 6.980e+00
|    ( - -1.116e+03 1 0)
|    ( - -3.923e+02 1 0))
s>    ( WDBNDRY_E 0 -1.595e+03 8.748e+01 6.980e+00
s>        ( - -1.116e+03 1 0)
s>        ( - -3.923e+02 1 0))INFO: dtree.c(1315): Comp split 17
INFO: dtree.c(1439): stop. leaf nodes are specific
INFO: dtree.c(1478): Final simple tree
|( WDBNDRY_E 0 -6.303e+03 1.179e+02 2.690e+01
|    ( QUESTION0_9_R 1 -2.165e+03 1.095e+02 9.011e+00
|        ( - -4.309e+02 1 0)
|        ( QUESTION11 -1 -1.624e+03 8.301e+01 7.011e+00
|            ( - -2.318e+02 1 0)
|            ( - -1.310e+03 2 0)))
|    ( QUESTION2_1_L -1 -4.020e+03 9.803e+01 1.789e+01
|        ( QUESTION11 -1 -2.646e+03 7.088e+01 1.209e+01
|            ( - -2.028e+03 2 0)
|            ( - -5.471e+02 2 0))
|        ( - -1.276e+03 2 0)))
s>    ( WDBNDRY_E 0 -6.303e+03 1.179e+02 2.690e+01
s>        ( QUESTION0_9_R 1 -2.165e+03 1.095e+02 9.011e+00
s>            ( - -4.309e+02 1 0)
s>            ( QUESTION11 -1 -1.624e+03 8.301e+01 7.011e+00
s>                ( - -2.318e+02 1 0)
s>                ( - -1.310e+03 2 0)))
s>        ( QUESTION2_1_L -1 -4.020e+03 9.803e+01 1.789e+01
s>            ( QUESTION11 -1 -2.646e+03 7.088e+01 1.209e+01
s>                ( - -2.028e+03 2 0)
s>                ( - -5.471e+02 2 0))
s>            ( - -1.276e+03 2 0)))INFO: dtree.c(1315): Comp split 18
INFO: dtree.c(1315): Comp split 19
INFO: dtree.c(1439): stop. leaf nodes are specific
INFO: dtree.c(1478): Final simple tree
|( QUESTION2_1_L -1 -4.141e+03 1.053e+02 1.733e+01
|    ( QUESTION0_9_R 1 -1.348e+03 5.504e+01 5.533e+00
|        ( WDBNDRY_E 0 -1.062e+03 8.356e+01 4.522e+00
|            ( - -4.309e+02 1 0)
|            ( - -5.471e+02 2 0))
|        ( - -2.318e+02 1 0))
|    ( WDBNDRY_E 0 -2.688e+03 1.021e+02 1.180e+01
|        ( - -1.310e+03 2 0)
|        ( - -1.276e+03 2 0)))
s>    ( QUESTION2_1_L -1 -4.141e+03 1.053e+02 1.733e+01
s>        ( QUESTION0_9_R 1 -1.348e+03 5.504e+01 5.533e+00
s>            ( WDBNDRY_E 0 -1.062e+03 8.356e+01 4.522e+00
s>                ( - -4.309e+02 1 0)
s>                ( - -5.471e+02 2 0))
s>            ( - -2.318e+02 1 0))
s>        ( WDBNDRY_E 0 -2.688e+03 1.021e+02 1.180e+01
s>            ( - -1.310e+03 2 0)
s>            ( - -1.276e+03 2 0)))INFO: dtree.c(1315): Comp split 20
INFO: dtree.c(1315): Comp split 21
INFO: dtree.c(1315): Comp split 22
INFO: dtree.c(1478): Final simple tree
|( QUESTION15 1 -6.794e+03 8.691e+01 2.848e+01
|    ( QUESTION0_0_R 1 -1.160e+03 7.479e+01 5.006e+00
|        ( - -6.330e+02 1 0)
|        ( - -4.519e+02 1 0))
|    ( QUESTION0_20_R 1 -5.548e+03 8.455e+01 2.348e+01
|        ( - -9.225e+02 1 0)
|        ( QUESTION0_2_R 1 -4.541e+03 7.772e+01 1.947e+01
|            ( - -1.500e+02 1 0)
|            ( WDBNDRY_E 0 -4.313e+03 6.580e+01 1.847e+01
|                ( - -1.375e+03 2 0 QUESTION11 -1 7.299e+01 6.000e+00)
|                ( QUESTION11 -1 -2.872e+03 8.236e+01 1.247e+01
|                    ( - -1.470e+03 1 0)
|                    ( QUESTION2_1_L -1 -1.320e+03 7.498e+01 5.925e+00
|                        ( - -6.137e+02 1 0)
|                        ( - -6.309e+02 2 0)))))))
s>    ( QUESTION15 1 -6.794e+03 8.691e+01 2.848e+01
s>        ( QUESTION0_0_R 1 -1.160e+03 7.479e+01 5.006e+00
s>            ( - -6.330e+02 1 0)
s>            ( - -4.519e+02 1 0))
s>        ( QUESTION0_20_R 1 -5.548e+03 8.455e+01 2.348e+01
s>            ( - -9.225e+02 1 0)
s>            ( QUESTION0_2_R 1 -4.541e+03 7.772e+01 1.947e+01
s>                ( - -1.500e+02 1 0)
s>                ( WDBNDRY_E 0 -4.313e+03 6.580e+01 1.847e+01
s>                    ( - -1.375e+03 2 0 QUESTION11 -1 7.299e+01 6.000e+00)
s>                    ( QUESTION11 -1 -2.872e+03 8.236e+01 1.247e+01
s>                        ( - -1.470e+03 1 0)
s>                        ( QUESTION2_1_L -1 -1.320e+03 7.498e+01 5.925e+00
s>                            ( - -6.137e+02 1 0)
s>                            ( - -6.309e+02 2 0)))))))INFO: dtree.c(1315): Comp split 23
INFO: dtree.c(1315): Comp split 24
INFO: dtree.c(1439): stop. leaf nodes are specific
INFO: dtree.c(1478): Final simple tree
|( QUESTION2_1_L -1 -3.600e+03 8.701e+01 1.533e+01
|    ( WDBNDRY_E 0 -8.252e+02 4.625e+01 3.533e+00
|        ( - -2.318e+02 1 0)
|        ( - -5.471e+02 2 0))
|    ( WDBNDRY_E 0 -2.688e+03 1.021e+02 1.180e+01
|        ( - -1.310e+03 2 0)
|        ( - -1.276e+03 2 0)))
s>    ( QUESTION2_1_L -1 -3.600e+03 8.701e+01 1.533e+01
s>        ( WDBNDRY_E 0 -8.252e+02 4.625e+01 3.533e+00
s>            ( - -2.318e+02 1 0)
s>            ( - -5.471e+02 2 0))
s>        ( WDBNDRY_E 0 -2.688e+03 1.021e+02 1.180e+01
s>            ( - -1.310e+03 2 0)
s>            ( - -1.276e+03 2 0)))INFO: dtree.c(1315): Comp split 25
INFO: dtree.c(1439): stop. leaf nodes are specific
INFO: dtree.c(1478): Final simple tree
|( QUESTION11 -1 -2.412e+03 8.807e+01 1.055e+01
|    ( WDBNDRY_E 0 -1.691e+03 7.156e+01 7.549e+00
|        ( - -1.500e+02 1 0)
|        ( - -1.470e+03 1 0))
|    ( - -6.330e+02 1 0))
s>    ( QUESTION11 -1 -2.412e+03 8.807e+01 1.055e+01
s>        ( WDBNDRY_E 0 -1.691e+03 7.156e+01 7.549e+00
s>            ( - -1.500e+02 1 0)
s>            ( - -1.470e+03 1 0))
s>        ( - -6.330e+02 1 0))INFO: dtree.c(1439): stop. leaf nodes are specific
INFO: dtree.c(1478): Final simple tree
|( QUESTION0 1 -4.279e+03 7.520e+01 1.793e+01
|    ( - -9.225e+02 1 0)
|    ( QUESTION0_0_R 1 -3.281e+03 7.516e+01 1.393e+01
|        ( QUESTION2_1_L -1 -1.320e+03 7.498e+01 5.925e+00
|            ( - -6.137e+02 1 0)
|            ( - -6.309e+02 2 0))
|        ( WDBNDRY_E 0 -1.886e+03 5.898e+01 8.006e+00
|            ( QUESTION11 -1 -1.375e+03 7.299e+01 6.000e+00
|                ( - -8.812e+02 1 0)
|                ( - -4.213e+02 1 0))
|            ( - -4.519e+02 1 0))))
s>    ( QUESTION0 1 -4.279e+03 7.520e+01 1.793e+01
s>        ( - -9.225e+02 1 0)
s>        ( QUESTION0_0_R 1 -3.281e+03 7.516e+01 1.393e+01
s>            ( QUESTION2_1_L -1 -1.320e+03 7.498e+01 5.925e+00
s>                ( - -6.137e+02 1 0)
s>                ( - -6.309e+02 2 0))
s>            ( WDBNDRY_E 0 -1.886e+03 5.898e+01 8.006e+00
s>                ( QUESTION11 -1 -1.375e+03 7.299e+01 6.000e+00
s>                    ( - -8.812e+02 1 0)
s>                    ( - -4.213e+02 1 0))
s>                ( - -4.519e+02 1 0))))INFO: dtree.c(1315): Comp split 26
INFO: dtree.c(1439): stop. leaf nodes are specific
INFO: dtree.c(1478): Final simple tree
|( QUESTION2_1_L -1 -2.190e+03 8.840e+01 9.334e+00
|    ( WDBNDRY_E 0 -8.252e+02 4.625e+01 3.533e+00
|        ( - -2.318e+02 1 0)
|        ( - -5.471e+02 2 0))
|    ( - -1.276e+03 2 0))
s>    ( QUESTION2_1_L -1 -2.190e+03 8.840e+01 9.334e+00
s>        ( WDBNDRY_E 0 -8.252e+02 4.625e+01 3.533e+00
s>            ( - -2.318e+02 1 0)
s>            ( - -5.471e+02 2 0))
s>        ( - -1.276e+03 2 0))INFO: dtree.c(1315): Comp split 27
INFO: dtree.c(1439): stop. leaf nodes are specific
INFO: dtree.c(1478): Final simple tree
|( QUESTION11 -1 -4.095e+03 7.716e+01 1.825e+01
|    ( - -3.107e+03 1 0)
|    ( QUESTION0_12_R 1 -9.109e+02 6.656e+01 4.005e+00
|        ( - -4.034e+02 1 0)
|        ( - -4.409e+02 1 0)))
s>    ( QUESTION11 -1 -4.095e+03 7.716e+01 1.825e+01
s>        ( - -3.107e+03 1 0)
s>        ( QUESTION0_12_R 1 -9.109e+02 6.656e+01 4.005e+00
s>            ( - -4.034e+02 1 0)
s>            ( - -4.409e+02 1 0)))INFO: dtree.c(1315): Comp split 28
INFO: dtree.c(1439): stop. leaf nodes are specific
INFO: dtree.c(1478): Final simple tree
|( QUESTION0 1 -3.576e+03 7.156e+01 1.489e+01
|    ( - -9.225e+02 1 0)
|    ( QUESTION0_0_R 1 -2.582e+03 6.461e+01 1.089e+01
|        ( - -6.309e+02 2 0)
|        ( WDBNDRY_E 0 -1.886e+03 5.898e+01 8.006e+00
|            ( QUESTION11 -1 -1.375e+03 7.299e+01 6.000e+00
|                ( - -8.812e+02 1 0)
|                ( - -4.213e+02 1 0))
|            ( - -4.519e+02 1 0))))
s>    ( QUESTION0 1 -3.576e+03 7.156e+01 1.489e+01
s>        ( - -9.225e+02 1 0)
s>        ( QUESTION0_0_R 1 -2.582e+03 6.461e+01 1.089e+01
s>            ( - -6.309e+02 2 0)
s>            ( WDBNDRY_E 0 -1.886e+03 5.898e+01 8.006e+00
s>                ( QUESTION11 -1 -1.375e+03 7.299e+01 6.000e+00
s>                    ( - -8.812e+02 1 0)
s>                    ( - -4.213e+02 1 0))
s>                ( - -4.519e+02 1 0))))INFO: dtree.c(1315): Comp split 29
INFO: dtree.c(1439): stop. leaf nodes are specific
INFO: dtree.c(1478): Final simple tree
|( WDBNDRY_E 0 -8.252e+02 4.625e+01 3.533e+00
|    ( - -2.318e+02 1 0)
|    ( - -5.471e+02 2 0))
s>    ( WDBNDRY_E 0 -8.252e+02 4.625e+01 3.533e+00
s>        ( - -2.318e+02 1 0)
s>        ( - -5.471e+02 2 0))INFO: dtree.c(1315): Comp split 30
INFO: dtree.c(1439): stop. leaf nodes are specific
INFO: dtree.c(1478): Final simple tree
|( WDBNDRY_E 0 -1.691e+03 7.156e+01 7.549e+00
|    ( - -1.500e+02 1 0)
|    ( - -1.470e+03 1 0))
s>    ( WDBNDRY_E 0 -1.691e+03 7.156e+01 7.549e+00
s>        ( - -1.500e+02 1 0)
s>        ( - -1.470e+03 1 0))INFO: dtree.c(1315): Comp split 31
INFO: dtree.c(1315): Comp split 32
INFO: dtree.c(1439): stop. leaf nodes are specific
INFO: dtree.c(1478): Final simple tree
|( QUESTION0 1 -2.612e+03 6.856e+01 1.089e+01
|    ( - -9.225e+02 1 0)
|    ( QUESTION0_0_R 1 -1.621e+03 6.224e+01 6.886e+00
|        ( - -6.309e+02 2 0)
|        ( WDBNDRY_E 0 -9.276e+02 5.442e+01 4.006e+00
|            ( - -4.213e+02 1 0)
|            ( - -4.519e+02 1 0))))
s>    ( QUESTION0 1 -2.612e+03 6.856e+01 1.089e+01
s>        ( - -9.225e+02 1 0)
s>        ( QUESTION0_0_R 1 -1.621e+03 6.224e+01 6.886e+00
s>            ( - -6.309e+02 2 0)
s>            ( WDBNDRY_E 0 -9.276e+02 5.442e+01 4.006e+00
s>                ( - -4.213e+02 1 0)
s>                ( - -4.519e+02 1 0))))INFO: dtree.c(1315): Comp split 33
INFO: dtree.c(1439): stop. leaf nodes are specific
INFO: dtree.c(1478): Final simple tree
|( QUESTION0_12_R 1 -3.573e+03 6.279e+01 1.625e+01
|    ( - -4.034e+02 1 0)
|    ( - -3.107e+03 1 0))
s>    ( QUESTION0_12_R 1 -3.573e+03 6.279e+01 1.625e+01
s>        ( - -4.034e+02 1 0)
s>        ( - -3.107e+03 1 0))INFO: dtree.c(1315): Comp split 34
INFO: dtree.c(1315): Comp split 35
INFO: dtree.c(1439): stop. leaf nodes are specific
INFO: dtree.c(1478): Final simple tree
|( WDBNDRY_E 0 -9.276e+02 5.442e+01 4.006e+00
|    ( - -4.213e+02 1 0)
|    ( - -4.519e+02 1 0))
s>    ( WDBNDRY_E 0 -9.276e+02 5.442e+01 4.006e+00
s>        ( - -4.213e+02 1 0)
s>        ( - -4.519e+02 1 0))INFO: dtree.c(1439): stop. leaf nodes are specific
INFO: dtree.c(1478): Final simple tree
|( QUESTION0_0_R 1 -1.616e+03 6.223e+01 6.882e+00
|    ( - -6.309e+02 2 0)
|    ( - -9.225e+02 1 0))
s>    ( QUESTION0_0_R 1 -1.616e+03 6.223e+01 6.882e+00
s>        ( - -6.309e+02 2 0)
s>        ( - -9.225e+02 1 0))INFO: dtree.c(1315): Comp split 36
INFO: dtree.c(1315): Comp split 37
INFO: dtree.c(1315): Comp split 38
INFO: dtree.c(1315): Comp split 39
INFO: dtree.c(1315): Comp split 40
INFO: dtree.c(1318): stop. leaf nodes are specific
Thu May  7 00:23:25 2020
