Current configuration:
[NAME]		[DEFLT]	[VALUE]
-allphones	no	no
-cntthresh	0.00001	1.000000e-05
-csplitmax	100	2000
-csplitmin	1	1
-csplitthr	8e-4	0.000000e+00
-example	no	no
-fullvar	no	no
-help		no	no
-meanfn			/home/abdy/Desktop/diploma/kg/model_parameters/kg.cd_cont_untied/means
-mixwfn			/home/abdy/Desktop/diploma/kg/model_parameters/kg.cd_cont_untied/mixture_weights
-moddeffn		/home/abdy/Desktop/diploma/kg/model_architecture/kg.untied.mdef
-mwfloor	1e-4	1.000000e-08
-phone			z
-psetfn			/home/abdy/Desktop/diploma/kg/model_architecture/kg.tree_questions
-ssplitmax	5	7
-ssplitmin	1	1
-ssplitthr	8e-4	0.000000e+00
-state			2
-stwt			1.0,0.05,0.0,
-treefn			/home/abdy/Desktop/diploma/kg/trees/kg.unpruned/z-2.dtree
-ts2cbfn	.semi.	.cont.
-varfloor	0.00001	1.000000e-05
-varfn			/home/abdy/Desktop/diploma/kg/model_parameters/kg.cd_cont_untied/variances

INFO: main.c(223): Reading: /home/abdy/Desktop/diploma/kg/model_architecture/kg.untied.mdef
INFO: model_def_io.c(573): Model definition info:
INFO: model_def_io.c(574): 10297 total models defined (47 base, 10250 tri)
INFO: model_def_io.c(575): 41188 total states
INFO: model_def_io.c(576): 30891 total tied states
INFO: model_def_io.c(577): 141 total tied CI states
INFO: model_def_io.c(578): 47 total tied transition matrices
INFO: model_def_io.c(579): 4 max state/model
INFO: model_def_io.c(580): 4 min state/model
INFO: main.c(242): Building trees for [z SIL a b] through [z y zh e]
INFO: main.c(269): Covering states |[29628 30218]| == 591
INFO: main.c(275): Reading: /home/abdy/Desktop/diploma/kg/model_parameters/kg.cd_cont_untied/mixture_weights
INFO: s3mixw_io.c(173): Read /home/abdy/Desktop/diploma/kg/model_parameters/kg.cd_cont_untied/mixture_weights [591x1x1 array]
INFO: main.c(311): 53 of 197 models have observation count greater than 0.000010
INFO: main.c(95): nrm stwt: 0.000 0.048 0.952 
INFO: s3gau_io.c(169): Read /home/abdy/Desktop/diploma/kg/model_parameters/kg.cd_cont_untied/means [30891x1x1 array]
INFO: s3gau_io.c(169): Read /home/abdy/Desktop/diploma/kg/model_parameters/kg.cd_cont_untied/variances [30891x1x1 array]
INFO: main.c(549): Reading: /home/abdy/Desktop/diploma/kg/model_architecture/kg.tree_questions
INFO: main.c(588): 174 total simple questions (166 phone; 8 word bndry)
INFO: main.c(590): 40 Left Only questions, and 42 Right Only questions
INFO: dtree.c(1478): Final simple tree
|( QUESTION0_16_R 1 -8.097e+04 1.739e+03 3.372e+02
|    ( - -4.172e+03 1 0)
|    ( SILENCE 1 -7.506e+04 1.852e+03 3.092e+02
|        ( - -3.059e+04 4 0)
|        ( QUESTION0 1 -4.261e+04 2.638e+02 1.712e+02
|            ( QUESTION0_15_R 1 -2.048e+04 1.679e+02 8.437e+01
|                ( - -7.888e+03 4 0 WDBNDRY_E 0 1.080e+02 3.331e+01)
|                ( - -1.242e+04 15 0 QUESTION0_9_R 1 1.463e+02 5.106e+01))
|            ( QUESTION0_0_R 1 -2.187e+04 1.963e+02 8.682e+01
|                ( - -3.212e+02 1 0)
|                ( QUESTION4 -1 -2.135e+04 1.842e+02 8.482e+01
|                    ( - -3.222e+02 1 0)
|                    ( QUESTION19 1 -2.085e+04 1.744e+02 8.282e+01
|                        ( - -1.108e+04 14 0 QUESTION0_6_R 1 1.601e+02 4.365e+01)
|                        ( - -9.590e+03 13 0 QUESTION0_2_R 1 1.393e+02 3.917e+01)))))))
s>    ( QUESTION0_16_R 1 -8.097e+04 1.739e+03 3.372e+02
s>        ( - -4.172e+03 1 0)
s>        ( SILENCE 1 -7.506e+04 1.852e+03 3.092e+02
s>            ( - -3.059e+04 4 0)
s>            ( QUESTION0 1 -4.261e+04 2.638e+02 1.712e+02
s>                ( QUESTION0_15_R 1 -2.048e+04 1.679e+02 8.437e+01
s>                    ( - -7.888e+03 4 0 WDBNDRY_E 0 1.080e+02 3.331e+01)
s>                    ( - -1.242e+04 15 0 QUESTION0_9_R 1 1.463e+02 5.106e+01))
s>                ( QUESTION0_0_R 1 -2.187e+04 1.963e+02 8.682e+01
s>                    ( - -3.212e+02 1 0)
s>                    ( QUESTION4 -1 -2.135e+04 1.842e+02 8.482e+01
s>                        ( - -3.222e+02 1 0)
s>                        ( QUESTION19 1 -2.085e+04 1.744e+02 8.282e+01
s>                            ( - -1.108e+04 14 0 QUESTION0_6_R 1 1.601e+02 4.365e+01)
s>                            ( - -9.590e+03 13 0 QUESTION0_2_R 1 1.393e+02 3.917e+01)))))))INFO: dtree.c(1315): Comp split 0
INFO: dtree.c(1478): Final simple tree
|( QUESTION0 1 -4.261e+04 2.638e+02 1.712e+02
|    ( QUESTION0_15_R 1 -2.048e+04 1.679e+02 8.437e+01
|        ( - -7.888e+03 4 0 WDBNDRY_E 0 1.080e+02 3.331e+01)
|        ( QUESTION0_9_R 1 -1.242e+04 1.463e+02 5.106e+01
|            ( - -4.038e+03 6 0 WDBNDRY_E 0 4.771e+02 1.703e+01)
|            ( - -8.237e+03 9 0 QUESTION0_13_R 1 1.395e+02 3.403e+01)))
|    ( QUESTION0_0_R 1 -2.187e+04 1.963e+02 8.682e+01
|        ( - -3.212e+02 1 0)
|        ( QUESTION4 -1 -2.135e+04 1.842e+02 8.482e+01
|            ( - -3.222e+02 1 0)
|            ( QUESTION19 1 -2.085e+04 1.744e+02 8.282e+01
|                ( QUESTION0_6_R 1 -1.108e+04 1.601e+02 4.365e+01
|                    ( - -3.371e+02 1 0)
|                    ( - -1.059e+04 13 0 QUESTION0_5_R 1 1.293e+02 4.165e+01))
|                ( - -9.590e+03 13 0 QUESTION0_2_R 1 1.393e+02 3.917e+01)))))
s>    ( QUESTION0 1 -4.261e+04 2.638e+02 1.712e+02
s>        ( QUESTION0_15_R 1 -2.048e+04 1.679e+02 8.437e+01
s>            ( - -7.888e+03 4 0 WDBNDRY_E 0 1.080e+02 3.331e+01)
s>            ( QUESTION0_9_R 1 -1.242e+04 1.463e+02 5.106e+01
s>                ( - -4.038e+03 6 0 WDBNDRY_E 0 4.771e+02 1.703e+01)
s>                ( - -8.237e+03 9 0 QUESTION0_13_R 1 1.395e+02 3.403e+01)))
s>        ( QUESTION0_0_R 1 -2.187e+04 1.963e+02 8.682e+01
s>            ( - -3.212e+02 1 0)
s>            ( QUESTION4 -1 -2.135e+04 1.842e+02 8.482e+01
s>                ( - -3.222e+02 1 0)
s>                ( QUESTION19 1 -2.085e+04 1.744e+02 8.282e+01
s>                    ( QUESTION0_6_R 1 -1.108e+04 1.601e+02 4.365e+01
s>                        ( - -3.371e+02 1 0)
s>                        ( - -1.059e+04 13 0 QUESTION0_5_R 1 1.293e+02 4.165e+01))
s>                    ( - -9.590e+03 13 0 QUESTION0_2_R 1 1.393e+02 3.917e+01)))))INFO: dtree.c(1439): stop. leaf nodes are specific
INFO: dtree.c(1478): Final simple tree
|( SILENCE 1 -3.603e+04 1.265e+03 1.661e+02
|    ( - -3.059e+04 4 0)
|    ( - -4.172e+03 1 0))
s>    ( SILENCE 1 -3.603e+04 1.265e+03 1.661e+02
s>        ( - -3.059e+04 4 0)
s>        ( - -4.172e+03 1 0))INFO: dtree.c(1315): Comp split 1
INFO: dtree.c(1315): Comp split 2
INFO: dtree.c(1478): Final simple tree
|( QUESTION0_0_R 1 -2.187e+04 1.963e+02 8.682e+01
|    ( - -3.212e+02 1 0)
|    ( QUESTION4 -1 -2.135e+04 1.842e+02 8.482e+01
|        ( - -3.222e+02 1 0)
|        ( QUESTION19 1 -2.085e+04 1.744e+02 8.282e+01
|            ( QUESTION0_6_R 1 -1.108e+04 1.601e+02 4.365e+01
|                ( - -3.371e+02 1 0)
|                ( - -1.059e+04 13 0 QUESTION0_5_R 1 1.293e+02 4.165e+01))
|            ( QUESTION0_2_R 1 -9.590e+03 1.393e+02 3.917e+01
|                ( QUESTION11 -1 -6.388e+03 1.294e+02 2.603e+01
|                    ( WDBNDRY_E 0 -1.722e+03 1.619e+02 7.984e+00
|                        ( - -2.564e+02 1 0)
|                        ( - -1.303e+03 1 0))
|                    ( - -4.536e+03 9 0 WDBNDRY_I 0 1.307e+02 1.804e+01))
|                ( - -3.064e+03 2 0 WDBNDRY_E 0 1.186e+02 1.314e+01)))))
s>    ( QUESTION0_0_R 1 -2.187e+04 1.963e+02 8.682e+01
s>        ( - -3.212e+02 1 0)
s>        ( QUESTION4 -1 -2.135e+04 1.842e+02 8.482e+01
s>            ( - -3.222e+02 1 0)
s>            ( QUESTION19 1 -2.085e+04 1.744e+02 8.282e+01
s>                ( QUESTION0_6_R 1 -1.108e+04 1.601e+02 4.365e+01
s>                    ( - -3.371e+02 1 0)
s>                    ( - -1.059e+04 13 0 QUESTION0_5_R 1 1.293e+02 4.165e+01))
s>                ( QUESTION0_2_R 1 -9.590e+03 1.393e+02 3.917e+01
s>                    ( QUESTION11 -1 -6.388e+03 1.294e+02 2.603e+01
s>                        ( WDBNDRY_E 0 -1.722e+03 1.619e+02 7.984e+00
s>                            ( - -2.564e+02 1 0)
s>                            ( - -1.303e+03 1 0))
s>                        ( - -4.536e+03 9 0 WDBNDRY_I 0 1.307e+02 1.804e+01))
s>                    ( - -3.064e+03 2 0 WDBNDRY_E 0 1.186e+02 1.314e+01)))))INFO: dtree.c(1478): Final simple tree
|( QUESTION0_15_R 1 -2.048e+04 1.679e+02 8.437e+01
|    ( - -7.888e+03 4 0 WDBNDRY_E 0 1.080e+02 3.331e+01)
|    ( QUESTION0_9_R 1 -1.242e+04 1.463e+02 5.106e+01
|        ( WDBNDRY_E 0 -4.038e+03 4.771e+02 1.703e+01
|            ( - 2.413e+02 1 0)
|            ( QUESTION11 -1 -3.803e+03 1.330e+02 1.603e+01
|                ( - -5.735e+02 1 0)
|                ( - -3.096e+03 4 0 QUESTION2_3_L -1 9.434e+01 1.303e+01)))
|        ( QUESTION0_13_R 1 -8.237e+03 1.395e+02 3.403e+01
|            ( QUESTION2_1_L -1 -2.774e+03 1.296e+02 1.200e+01
|                ( - -2.331e+02 1 0)
|                ( - -2.412e+03 3 0))
|            ( QUESTION0_11_R 1 -5.323e+03 1.291e+02 2.203e+01
|                ( - -1.882e+03 2 0 QUESTION2_1_L -1 8.242e+01 8.000e+00)
|                ( - -3.312e+03 3 0 WDBNDRY_E 0 9.092e+01 1.403e+01)))))
s>    ( QUESTION0_15_R 1 -2.048e+04 1.679e+02 8.437e+01
s>        ( - -7.888e+03 4 0 WDBNDRY_E 0 1.080e+02 3.331e+01)
s>        ( QUESTION0_9_R 1 -1.242e+04 1.463e+02 5.106e+01
s>            ( WDBNDRY_E 0 -4.038e+03 4.771e+02 1.703e+01
s>                ( - 2.413e+02 1 0)
s>                ( QUESTION11 -1 -3.803e+03 1.330e+02 1.603e+01
s>                    ( - -5.735e+02 1 0)
s>                    ( - -3.096e+03 4 0 QUESTION2_3_L -1 9.434e+01 1.303e+01)))
s>            ( QUESTION0_13_R 1 -8.237e+03 1.395e+02 3.403e+01
s>                ( QUESTION2_1_L -1 -2.774e+03 1.296e+02 1.200e+01
s>                    ( - -2.331e+02 1 0)
s>                    ( - -2.412e+03 3 0))
s>                ( QUESTION0_11_R 1 -5.323e+03 1.291e+02 2.203e+01
s>                    ( - -1.882e+03 2 0 QUESTION2_1_L -1 8.242e+01 8.000e+00)
s>                    ( - -3.312e+03 3 0 WDBNDRY_E 0 9.092e+01 1.403e+01)))))INFO: dtree.c(1315): Comp split 3
INFO: dtree.c(1478): Final simple tree
|( QUESTION0_15_R 1 -2.024e+04 1.688e+02 8.337e+01
|    ( WDBNDRY_E 0 -7.888e+03 1.080e+02 3.331e+01
|        ( - -9.805e+02 1 0)
|        ( - -6.799e+03 3 0 QUESTION2_1_L -1 9.864e+01 2.927e+01))
|    ( QUESTION0_9_R 1 -1.218e+04 1.445e+02 5.006e+01
|        ( QUESTION11 -1 -3.803e+03 1.330e+02 1.603e+01
|            ( - -5.735e+02 1 0)
|            ( - -3.096e+03 4 0 QUESTION2_3_L -1 9.434e+01 1.303e+01))
|        ( QUESTION0_13_R 1 -8.237e+03 1.395e+02 3.403e+01
|            ( QUESTION2_1_L -1 -2.774e+03 1.296e+02 1.200e+01
|                ( - -2.331e+02 1 0)
|                ( - -2.412e+03 3 0))
|            ( QUESTION0_11_R 1 -5.323e+03 1.291e+02 2.203e+01
|                ( - -1.882e+03 2 0 QUESTION2_1_L -1 8.242e+01 8.000e+00)
|                ( - -3.312e+03 3 0 WDBNDRY_E 0 9.092e+01 1.403e+01)))))
s>    ( QUESTION0_15_R 1 -2.024e+04 1.688e+02 8.337e+01
s>        ( WDBNDRY_E 0 -7.888e+03 1.080e+02 3.331e+01
s>            ( - -9.805e+02 1 0)
s>            ( - -6.799e+03 3 0 QUESTION2_1_L -1 9.864e+01 2.927e+01))
s>        ( QUESTION0_9_R 1 -1.218e+04 1.445e+02 5.006e+01
s>            ( QUESTION11 -1 -3.803e+03 1.330e+02 1.603e+01
s>                ( - -5.735e+02 1 0)
s>                ( - -3.096e+03 4 0 QUESTION2_3_L -1 9.434e+01 1.303e+01))
s>            ( QUESTION0_13_R 1 -8.237e+03 1.395e+02 3.403e+01
s>                ( QUESTION2_1_L -1 -2.774e+03 1.296e+02 1.200e+01
s>                    ( - -2.331e+02 1 0)
s>                    ( - -2.412e+03 3 0))
s>                ( QUESTION0_11_R 1 -5.323e+03 1.291e+02 2.203e+01
s>                    ( - -1.882e+03 2 0 QUESTION2_1_L -1 8.242e+01 8.000e+00)
s>                    ( - -3.312e+03 3 0 WDBNDRY_E 0 9.092e+01 1.403e+01)))))INFO: dtree.c(1315): Comp split 4
INFO: dtree.c(1478): Final simple tree
|( QUESTION0_0_R 1 -2.141e+04 1.963e+02 8.482e+01
|    ( - -3.212e+02 1 0)
|    ( QUESTION4 -1 -2.089e+04 1.846e+02 8.282e+01
|        ( - -3.222e+02 1 0)
|        ( QUESTION19 1 -2.039e+04 1.646e+02 8.082e+01
|            ( QUESTION0_6_R 1 -1.108e+04 1.601e+02 4.365e+01
|                ( - -3.371e+02 1 0)
|                ( QUESTION0_5_R 1 -1.059e+04 1.293e+02 4.165e+01
|                    ( QUESTION2_1_L -1 -2.115e+03 1.313e+02 8.955e+00
|                        ( - -1.009e+03 1 0)
|                        ( - -9.742e+02 3 0 QUESTION0 -1 9.352e+01 4.000e+00))
|                    ( - -8.342e+03 9 0 QUESTION11 -1 1.081e+02 3.270e+01)))
|            ( QUESTION0_2_R 1 -9.139e+03 1.393e+02 3.717e+01
|                ( - -5.936e+03 10 0 WDBNDRY_I 0 1.215e+02 2.403e+01)
|                ( - -3.064e+03 2 0 WDBNDRY_E 0 1.186e+02 1.314e+01)))))
s>    ( QUESTION0_0_R 1 -2.141e+04 1.963e+02 8.482e+01
s>        ( - -3.212e+02 1 0)
s>        ( QUESTION4 -1 -2.089e+04 1.846e+02 8.282e+01
s>            ( - -3.222e+02 1 0)
s>            ( QUESTION19 1 -2.039e+04 1.646e+02 8.082e+01
s>                ( QUESTION0_6_R 1 -1.108e+04 1.601e+02 4.365e+01
s>                    ( - -3.371e+02 1 0)
s>                    ( QUESTION0_5_R 1 -1.059e+04 1.293e+02 4.165e+01
s>                        ( QUESTION2_1_L -1 -2.115e+03 1.313e+02 8.955e+00
s>                            ( - -1.009e+03 1 0)
s>                            ( - -9.742e+02 3 0 QUESTION0 -1 9.352e+01 4.000e+00))
s>                        ( - -8.342e+03 9 0 QUESTION11 -1 1.081e+02 3.270e+01)))
s>                ( QUESTION0_2_R 1 -9.139e+03 1.393e+02 3.717e+01
s>                    ( - -5.936e+03 10 0 WDBNDRY_I 0 1.215e+02 2.403e+01)
s>                    ( - -3.064e+03 2 0 WDBNDRY_E 0 1.186e+02 1.314e+01)))))INFO: dtree.c(1315): Comp split 5
INFO: dtree.c(1478): Final simple tree
|( QUESTION4 -1 -2.089e+04 1.846e+02 8.282e+01
|    ( - -3.222e+02 1 0)
|    ( QUESTION19 1 -2.039e+04 1.646e+02 8.082e+01
|        ( QUESTION0_6_R 1 -1.108e+04 1.601e+02 4.365e+01
|            ( - -3.371e+02 1 0)
|            ( QUESTION0_5_R 1 -1.059e+04 1.293e+02 4.165e+01
|                ( QUESTION2_1_L -1 -2.115e+03 1.313e+02 8.955e+00
|                    ( - -1.009e+03 1 0)
|                    ( - -9.742e+02 3 0 QUESTION0 -1 9.352e+01 4.000e+00))
|                ( - -8.342e+03 9 0 QUESTION11 -1 1.081e+02 3.270e+01)))
|        ( QUESTION0_2_R 1 -9.139e+03 1.393e+02 3.717e+01
|            ( WDBNDRY_I 0 -5.936e+03 1.215e+02 2.403e+01
|                ( - -3.706e+03 4 0 QUESTION11 -1 1.056e+02 1.598e+01)
|                ( - -2.109e+03 6 0 QUESTION0 -1 1.231e+02 8.049e+00))
|            ( - -3.064e+03 2 0 WDBNDRY_E 0 1.186e+02 1.314e+01))))
s>    ( QUESTION4 -1 -2.089e+04 1.846e+02 8.282e+01
s>        ( - -3.222e+02 1 0)
s>        ( QUESTION19 1 -2.039e+04 1.646e+02 8.082e+01
s>            ( QUESTION0_6_R 1 -1.108e+04 1.601e+02 4.365e+01
s>                ( - -3.371e+02 1 0)
s>                ( QUESTION0_5_R 1 -1.059e+04 1.293e+02 4.165e+01
s>                    ( QUESTION2_1_L -1 -2.115e+03 1.313e+02 8.955e+00
s>                        ( - -1.009e+03 1 0)
s>                        ( - -9.742e+02 3 0 QUESTION0 -1 9.352e+01 4.000e+00))
s>                    ( - -8.342e+03 9 0 QUESTION11 -1 1.081e+02 3.270e+01)))
s>            ( QUESTION0_2_R 1 -9.139e+03 1.393e+02 3.717e+01
s>                ( WDBNDRY_I 0 -5.936e+03 1.215e+02 2.403e+01
s>                    ( - -3.706e+03 4 0 QUESTION11 -1 1.056e+02 1.598e+01)
s>                    ( - -2.109e+03 6 0 QUESTION0 -1 1.231e+02 8.049e+00))
s>                ( - -3.064e+03 2 0 WDBNDRY_E 0 1.186e+02 1.314e+01))))INFO: dtree.c(1315): Comp split 6
INFO: dtree.c(1439): stop. leaf nodes are specific
INFO: dtree.c(1478): Final simple tree
|( QUESTION0_2_R 1 -6.900e+03 1.300e+02 2.912e+01
|    ( QUESTION11 -1 -3.706e+03 1.056e+02 1.598e+01
|        ( - -1.303e+03 1 0)
|        ( - -2.297e+03 3 0))
|    ( WDBNDRY_E 0 -3.064e+03 1.186e+02 1.314e+01
|        ( - -6.542e+02 1 0)
|        ( - -2.291e+03 1 0)))
s>    ( QUESTION0_2_R 1 -6.900e+03 1.300e+02 2.912e+01
s>        ( QUESTION11 -1 -3.706e+03 1.056e+02 1.598e+01
s>            ( - -1.303e+03 1 0)
s>            ( - -2.297e+03 3 0))
s>        ( WDBNDRY_E 0 -3.064e+03 1.186e+02 1.314e+01
s>            ( - -6.542e+02 1 0)
s>            ( - -2.291e+03 1 0)))INFO: dtree.c(1478): Final simple tree
|( QUESTION4 -1 -1.379e+04 1.854e+02 5.370e+01
|    ( - -3.222e+02 1 0)
|    ( QUESTION0_6_R 1 -1.329e+04 1.607e+02 5.170e+01
|        ( - -3.371e+02 1 0)
|        ( QUESTION0_5_R 1 -1.279e+04 1.307e+02 4.970e+01
|            ( QUESTION2_1_L -1 -2.115e+03 1.313e+02 8.955e+00
|                ( - -1.009e+03 1 0)
|                ( - -9.742e+02 3 0 QUESTION0 -1 9.352e+01 4.000e+00))
|            ( QUESTION0 -1 -1.054e+04 1.334e+02 4.074e+01
|                ( - -3.693e+02 1 0)
|                ( WDBNDRY_I 0 -1.004e+04 1.228e+02 3.874e+01
|                    ( QUESTION11 -1 -7.260e+03 1.019e+02 2.870e+01
|                        ( - -4.326e+03 2 0)
|                        ( - -2.832e+03 4 0 QUESTION2_1_L -1 7.106e+01 1.136e+01))
|                    ( - -2.657e+03 8 0 QUESTION13 -1 8.788e+01 1.005e+01))))))
s>    ( QUESTION4 -1 -1.379e+04 1.854e+02 5.370e+01
s>        ( - -3.222e+02 1 0)
s>        ( QUESTION0_6_R 1 -1.329e+04 1.607e+02 5.170e+01
s>            ( - -3.371e+02 1 0)
s>            ( QUESTION0_5_R 1 -1.279e+04 1.307e+02 4.970e+01
s>                ( QUESTION2_1_L -1 -2.115e+03 1.313e+02 8.955e+00
s>                    ( - -1.009e+03 1 0)
s>                    ( - -9.742e+02 3 0 QUESTION0 -1 9.352e+01 4.000e+00))
s>                ( QUESTION0 -1 -1.054e+04 1.334e+02 4.074e+01
s>                    ( - -3.693e+02 1 0)
s>                    ( WDBNDRY_I 0 -1.004e+04 1.228e+02 3.874e+01
s>                        ( QUESTION11 -1 -7.260e+03 1.019e+02 2.870e+01
s>                            ( - -4.326e+03 2 0)
s>                            ( - -2.832e+03 4 0 QUESTION2_1_L -1 7.106e+01 1.136e+01))
s>                        ( - -2.657e+03 8 0 QUESTION13 -1 8.788e+01 1.005e+01))))))INFO: dtree.c(1315): Comp split 7
INFO: dtree.c(1439): stop. leaf nodes are specific
INFO: dtree.c(1478): Final simple tree
|( WDBNDRY_E 0 -9.382e+03 1.713e+02 4.027e+01
|    ( - -2.412e+03 3 0)
|    ( QUESTION2_1_L -1 -6.799e+03 9.864e+01 2.927e+01
|        ( - -4.084e+02 1 0)
|        ( - -6.292e+03 2 0)))
s>    ( WDBNDRY_E 0 -9.382e+03 1.713e+02 4.027e+01
s>        ( - -2.412e+03 3 0)
s>        ( QUESTION2_1_L -1 -6.799e+03 9.864e+01 2.927e+01
s>            ( - -4.084e+02 1 0)
s>            ( - -6.292e+03 2 0)))INFO: dtree.c(1478): Final simple tree
|( QUESTION0_9_R 1 -1.066e+04 1.514e+02 4.310e+01
|    ( QUESTION11 -1 -3.803e+03 1.330e+02 1.603e+01
|        ( - -5.735e+02 1 0)
|        ( QUESTION2_3_L -1 -3.096e+03 9.434e+01 1.303e+01
|            ( - -6.524e+02 1 0)
|            ( QUESTION2_1_L -1 -2.349e+03 9.341e+01 1.003e+01
|                ( - -9.244e+02 1 0)
|                ( - -1.332e+03 2 0))))
|    ( QUESTION0_14_R 1 -6.710e+03 1.223e+02 2.707e+01
|        ( - -1.882e+03 2 0 QUESTION2_1_L -1 8.242e+01 8.000e+00)
|        ( QUESTION0_11_R 1 -4.706e+03 9.488e+01 1.907e+01
|            ( - -1.299e+03 2 0 QUESTION0_12_R 1 8.514e+01 5.036e+00)
|            ( WDBNDRY_E 0 -3.312e+03 9.092e+01 1.403e+01
|                ( - -2.090e+03 1 0)
|                ( - -1.132e+03 2 0 QUESTION2_1_L -1 8.954e+01 5.000e+00)))))
s>    ( QUESTION0_9_R 1 -1.066e+04 1.514e+02 4.310e+01
s>        ( QUESTION11 -1 -3.803e+03 1.330e+02 1.603e+01
s>            ( - -5.735e+02 1 0)
s>            ( QUESTION2_3_L -1 -3.096e+03 9.434e+01 1.303e+01
s>                ( - -6.524e+02 1 0)
s>                ( QUESTION2_1_L -1 -2.349e+03 9.341e+01 1.003e+01
s>                    ( - -9.244e+02 1 0)
s>                    ( - -1.332e+03 2 0))))
s>        ( QUESTION0_14_R 1 -6.710e+03 1.223e+02 2.707e+01
s>            ( - -1.882e+03 2 0 QUESTION2_1_L -1 8.242e+01 8.000e+00)
s>            ( QUESTION0_11_R 1 -4.706e+03 9.488e+01 1.907e+01
s>                ( - -1.299e+03 2 0 QUESTION0_12_R 1 8.514e+01 5.036e+00)
s>                ( WDBNDRY_E 0 -3.312e+03 9.092e+01 1.403e+01
s>                    ( - -2.090e+03 1 0)
s>                    ( - -1.132e+03 2 0 QUESTION2_1_L -1 8.954e+01 5.000e+00)))))INFO: dtree.c(1315): Comp split 8
INFO: dtree.c(1478): Final simple tree
|( QUESTION0_6_R 1 -1.329e+04 1.607e+02 5.170e+01
|    ( - -3.371e+02 1 0)
|    ( QUESTION0_5_R 1 -1.279e+04 1.307e+02 4.970e+01
|        ( QUESTION2_1_L -1 -2.115e+03 1.313e+02 8.955e+00
|            ( - -1.009e+03 1 0)
|            ( QUESTION0 -1 -9.742e+02 9.352e+01 4.000e+00
|                ( - -4.626e+02 1 0)
|                ( - -4.181e+02 2 0)))
|        ( QUESTION0 -1 -1.054e+04 1.334e+02 4.074e+01
|            ( - -3.693e+02 1 0)
|            ( WDBNDRY_I 0 -1.004e+04 1.228e+02 3.874e+01
|                ( QUESTION11 -1 -7.260e+03 1.019e+02 2.870e+01
|                    ( - -4.326e+03 2 0)
|                    ( - -2.832e+03 4 0 QUESTION2_1_L -1 7.106e+01 1.136e+01))
|                ( - -2.657e+03 8 0 QUESTION13 -1 8.788e+01 1.005e+01)))))
s>    ( QUESTION0_6_R 1 -1.329e+04 1.607e+02 5.170e+01
s>        ( - -3.371e+02 1 0)
s>        ( QUESTION0_5_R 1 -1.279e+04 1.307e+02 4.970e+01
s>            ( QUESTION2_1_L -1 -2.115e+03 1.313e+02 8.955e+00
s>                ( - -1.009e+03 1 0)
s>                ( QUESTION0 -1 -9.742e+02 9.352e+01 4.000e+00
s>                    ( - -4.626e+02 1 0)
s>                    ( - -4.181e+02 2 0)))
s>            ( QUESTION0 -1 -1.054e+04 1.334e+02 4.074e+01
s>                ( - -3.693e+02 1 0)
s>                ( WDBNDRY_I 0 -1.004e+04 1.228e+02 3.874e+01
s>                    ( QUESTION11 -1 -7.260e+03 1.019e+02 2.870e+01
s>                        ( - -4.326e+03 2 0)
s>                        ( - -2.832e+03 4 0 QUESTION2_1_L -1 7.106e+01 1.136e+01))
s>                    ( - -2.657e+03 8 0 QUESTION13 -1 8.788e+01 1.005e+01)))))INFO: dtree.c(1315): Comp split 9
INFO: dtree.c(1439): stop. leaf nodes are specific
INFO: dtree.c(1478): Final simple tree
|( QUESTION2_1_L -1 -6.799e+03 9.864e+01 2.927e+01
|    ( - -4.084e+02 1 0)
|    ( - -6.292e+03 2 0))
s>    ( QUESTION2_1_L -1 -6.799e+03 9.864e+01 2.927e+01
s>        ( - -4.084e+02 1 0)
s>        ( - -6.292e+03 2 0))INFO: dtree.c(1315): Comp split 10
INFO: dtree.c(1478): Final simple tree
|( QUESTION0_5_R 1 -1.279e+04 1.307e+02 4.970e+01
|    ( QUESTION2_1_L -1 -2.115e+03 1.313e+02 8.955e+00
|        ( - -1.009e+03 1 0)
|        ( QUESTION0 -1 -9.742e+02 9.352e+01 4.000e+00
|            ( - -4.626e+02 1 0)
|            ( - -4.181e+02 2 0)))
|    ( QUESTION0 -1 -1.054e+04 1.334e+02 4.074e+01
|        ( - -3.693e+02 1 0)
|        ( WDBNDRY_I 0 -1.004e+04 1.228e+02 3.874e+01
|            ( QUESTION11 -1 -7.260e+03 1.019e+02 2.870e+01
|                ( - -4.326e+03 2 0)
|                ( - -2.832e+03 4 0 QUESTION2_1_L -1 7.106e+01 1.136e+01))
|            ( QUESTION13 -1 -2.657e+03 8.788e+01 1.005e+01
|                ( - -7.087e+02 2 0)
|                ( - -1.860e+03 6 0 WDBNDRY_B 0 4.890e+02 7.049e+00)))))
s>    ( QUESTION0_5_R 1 -1.279e+04 1.307e+02 4.970e+01
s>        ( QUESTION2_1_L -1 -2.115e+03 1.313e+02 8.955e+00
s>            ( - -1.009e+03 1 0)
s>            ( QUESTION0 -1 -9.742e+02 9.352e+01 4.000e+00
s>                ( - -4.626e+02 1 0)
s>                ( - -4.181e+02 2 0)))
s>        ( QUESTION0 -1 -1.054e+04 1.334e+02 4.074e+01
s>            ( - -3.693e+02 1 0)
s>            ( WDBNDRY_I 0 -1.004e+04 1.228e+02 3.874e+01
s>                ( QUESTION11 -1 -7.260e+03 1.019e+02 2.870e+01
s>                    ( - -4.326e+03 2 0)
s>                    ( - -2.832e+03 4 0 QUESTION2_1_L -1 7.106e+01 1.136e+01))
s>                ( QUESTION13 -1 -2.657e+03 8.788e+01 1.005e+01
s>                    ( - -7.087e+02 2 0)
s>                    ( - -1.860e+03 6 0 WDBNDRY_B 0 4.890e+02 7.049e+00)))))INFO: dtree.c(1315): Comp split 11
INFO: dtree.c(1478): Final simple tree
|( QUESTION2_1_L -1 -1.162e+04 1.246e+02 4.474e+01
|    ( - -6.605e+03 5 0 QUESTION11 -1 7.107e+01 2.575e+01)
|    ( WDBNDRY_I 0 -4.887e+03 1.262e+02 1.899e+01
|        ( QUESTION0 -1 -1.930e+03 9.892e+01 7.990e+00
|            ( - -4.626e+02 1 0)
|            ( QUESTION0_5_R 1 -1.368e+03 7.192e+01 5.990e+00
|                ( - -4.181e+02 2 0)
|                ( - -8.781e+02 2 0)))
|        ( QUESTION0 -1 -2.831e+03 1.321e+02 1.100e+01
|            ( - -3.693e+02 1 0)
|            ( QUESTION13 -1 -2.330e+03 8.847e+01 9.000e+00
|                ( - -7.087e+02 2 0)
|                ( WDBNDRY_B 0 -1.533e+03 4.899e+02 6.000e+00
|                    ( - 2.420e+02 1 0)
|                    ( - -1.285e+03 4 0 QUESTION0_2_R 1 7.068e+01 5.000e+00))))))
s>    ( QUESTION2_1_L -1 -1.162e+04 1.246e+02 4.474e+01
s>        ( - -6.605e+03 5 0 QUESTION11 -1 7.107e+01 2.575e+01)
s>        ( WDBNDRY_I 0 -4.887e+03 1.262e+02 1.899e+01
s>            ( QUESTION0 -1 -1.930e+03 9.892e+01 7.990e+00
s>                ( - -4.626e+02 1 0)
s>                ( QUESTION0_5_R 1 -1.368e+03 7.192e+01 5.990e+00
s>                    ( - -4.181e+02 2 0)
s>                    ( - -8.781e+02 2 0)))
s>            ( QUESTION0 -1 -2.831e+03 1.321e+02 1.100e+01
s>                ( - -3.693e+02 1 0)
s>                ( QUESTION13 -1 -2.330e+03 8.847e+01 9.000e+00
s>                    ( - -7.087e+02 2 0)
s>                    ( WDBNDRY_B 0 -1.533e+03 4.899e+02 6.000e+00
s>                        ( - 2.420e+02 1 0)
s>                        ( - -1.285e+03 4 0 QUESTION0_2_R 1 7.068e+01 5.000e+00))))))INFO: dtree.c(1315): Comp split 12
INFO: dtree.c(1478): Final simple tree
|( QUESTION2_1_L -1 -1.137e+04 1.275e+02 4.374e+01
|    ( QUESTION11 -1 -6.605e+03 7.107e+01 2.575e+01
|        ( - -4.326e+03 2 0)
|        ( - -2.208e+03 3 0 WDBNDRY_E 0 5.297e+01 8.418e+00))
|    ( WDBNDRY_I 0 -4.638e+03 1.228e+02 1.799e+01
|        ( QUESTION0 -1 -1.930e+03 9.892e+01 7.990e+00
|            ( - -4.626e+02 1 0)
|            ( QUESTION0_5_R 1 -1.368e+03 7.192e+01 5.990e+00
|                ( - -4.181e+02 2 0)
|                ( - -8.781e+02 2 0)))
|        ( QUESTION0 -1 -2.585e+03 1.347e+02 1.000e+01
|            ( - -3.693e+02 1 0)
|            ( WDBNDRY_B 0 -2.081e+03 8.751e+01 8.000e+00
|                ( - -7.087e+02 2 0)
|                ( - -1.285e+03 4 0 QUESTION0_2_R 1 7.068e+01 5.000e+00)))))
s>    ( QUESTION2_1_L -1 -1.137e+04 1.275e+02 4.374e+01
s>        ( QUESTION11 -1 -6.605e+03 7.107e+01 2.575e+01
s>            ( - -4.326e+03 2 0)
s>            ( - -2.208e+03 3 0 WDBNDRY_E 0 5.297e+01 8.418e+00))
s>        ( WDBNDRY_I 0 -4.638e+03 1.228e+02 1.799e+01
s>            ( QUESTION0 -1 -1.930e+03 9.892e+01 7.990e+00
s>                ( - -4.626e+02 1 0)
s>                ( QUESTION0_5_R 1 -1.368e+03 7.192e+01 5.990e+00
s>                    ( - -4.181e+02 2 0)
s>                    ( - -8.781e+02 2 0)))
s>            ( QUESTION0 -1 -2.585e+03 1.347e+02 1.000e+01
s>                ( - -3.693e+02 1 0)
s>                ( WDBNDRY_B 0 -2.081e+03 8.751e+01 8.000e+00
s>                    ( - -7.087e+02 2 0)
s>                    ( - -1.285e+03 4 0 QUESTION0_2_R 1 7.068e+01 5.000e+00)))))INFO: dtree.c(1315): Comp split 13
INFO: dtree.c(1439): stop. leaf nodes are specific
INFO: dtree.c(1478): Final simple tree
|( QUESTION0_14_R 1 -6.710e+03 1.223e+02 2.707e+01
|    ( QUESTION2_1_L -1 -1.882e+03 8.242e+01 8.000e+00
|        ( - -1.525e+03 1 0)
|        ( - -2.750e+02 1 0))
|    ( QUESTION0_11_R 1 -4.706e+03 9.488e+01 1.907e+01
|        ( QUESTION0_12_R 1 -1.299e+03 8.514e+01 5.036e+00
|            ( - -2.331e+02 1 0)
|            ( - -9.805e+02 1 0))
|        ( WDBNDRY_E 0 -3.312e+03 9.092e+01 1.403e+01
|            ( - -2.090e+03 1 0)
|            ( QUESTION2_1_L -1 -1.132e+03 8.954e+01 5.000e+00
|                ( - -4.155e+02 1 0)
|                ( - -6.265e+02 1 0)))))
s>    ( QUESTION0_14_R 1 -6.710e+03 1.223e+02 2.707e+01
s>        ( QUESTION2_1_L -1 -1.882e+03 8.242e+01 8.000e+00
s>            ( - -1.525e+03 1 0)
s>            ( - -2.750e+02 1 0))
s>        ( QUESTION0_11_R 1 -4.706e+03 9.488e+01 1.907e+01
s>            ( QUESTION0_12_R 1 -1.299e+03 8.514e+01 5.036e+00
s>                ( - -2.331e+02 1 0)
s>                ( - -9.805e+02 1 0))
s>            ( WDBNDRY_E 0 -3.312e+03 9.092e+01 1.403e+01
s>                ( - -2.090e+03 1 0)
s>                ( QUESTION2_1_L -1 -1.132e+03 8.954e+01 5.000e+00
s>                    ( - -4.155e+02 1 0)
s>                    ( - -6.265e+02 1 0)))))INFO: dtree.c(1439): stop. leaf nodes are specific
INFO: dtree.c(1478): Final simple tree
|( QUESTION11 -1 -3.803e+03 1.330e+02 1.603e+01
|    ( - -5.735e+02 1 0)
|    ( QUESTION2_3_L -1 -3.096e+03 9.434e+01 1.303e+01
|        ( - -6.524e+02 1 0)
|        ( QUESTION2_1_L -1 -2.349e+03 9.341e+01 1.003e+01
|            ( - -9.244e+02 1 0)
|            ( - -1.332e+03 2 0))))
s>    ( QUESTION11 -1 -3.803e+03 1.330e+02 1.603e+01
s>        ( - -5.735e+02 1 0)
s>        ( QUESTION2_3_L -1 -3.096e+03 9.434e+01 1.303e+01
s>            ( - -6.524e+02 1 0)
s>            ( QUESTION2_1_L -1 -2.349e+03 9.341e+01 1.003e+01
s>                ( - -9.244e+02 1 0)
s>                ( - -1.332e+03 2 0))))INFO: dtree.c(1315): Comp split 14
INFO: dtree.c(1439): stop. leaf nodes are specific
INFO: dtree.c(1478): Final simple tree
|( WDBNDRY_E 0 -4.457e+03 1.111e+02 1.913e+01
|    ( - -6.542e+02 1 0)
|    ( QUESTION0_2_R 1 -3.692e+03 9.781e+01 1.613e+01
|        ( - -1.303e+03 1 0)
|        ( - -2.291e+03 1 0)))
s>    ( WDBNDRY_E 0 -4.457e+03 1.111e+02 1.913e+01
s>        ( - -6.542e+02 1 0)
s>        ( QUESTION0_2_R 1 -3.692e+03 9.781e+01 1.613e+01
s>            ( - -1.303e+03 1 0)
s>            ( - -2.291e+03 1 0)))INFO: dtree.c(1315): Comp split 15
INFO: dtree.c(1439): stop. leaf nodes are specific
INFO: dtree.c(1478): Final simple tree
|( QUESTION0_11_R 1 -5.051e+03 9.832e+01 2.007e+01
|    ( QUESTION0_12_R 1 -1.640e+03 9.007e+01 6.037e+00
|        ( QUESTION0_13_R 1 -5.695e+02 6.136e+01 2.000e+00
|            ( - -2.331e+02 1 0)
|            ( - -2.750e+02 1 0))
|        ( - -9.805e+02 1 0))
|    ( WDBNDRY_E 0 -3.312e+03 9.092e+01 1.403e+01
|        ( - -2.090e+03 1 0)
|        ( QUESTION2_1_L -1 -1.132e+03 8.954e+01 5.000e+00
|            ( - -4.155e+02 1 0)
|            ( - -6.265e+02 1 0))))
s>    ( QUESTION0_11_R 1 -5.051e+03 9.832e+01 2.007e+01
s>        ( QUESTION0_12_R 1 -1.640e+03 9.007e+01 6.037e+00
s>            ( QUESTION0_13_R 1 -5.695e+02 6.136e+01 2.000e+00
s>                ( - -2.331e+02 1 0)
s>                ( - -2.750e+02 1 0))
s>            ( - -9.805e+02 1 0))
s>        ( WDBNDRY_E 0 -3.312e+03 9.092e+01 1.403e+01
s>            ( - -2.090e+03 1 0)
s>            ( QUESTION2_1_L -1 -1.132e+03 8.954e+01 5.000e+00
s>                ( - -4.155e+02 1 0)
s>                ( - -6.265e+02 1 0))))INFO: dtree.c(1315): Comp split 16
INFO: dtree.c(1439): stop. leaf nodes are specific
INFO: dtree.c(1478): Final simple tree
|( WDBNDRY_B 0 -2.426e+03 1.270e+02 9.990e+00
|    ( - -3.693e+02 1 0)
|    ( QUESTION0 -1 -1.930e+03 9.892e+01 7.990e+00
|        ( - -4.626e+02 1 0)
|        ( QUESTION0_5_R 1 -1.368e+03 7.192e+01 5.990e+00
|            ( - -4.181e+02 2 0)
|            ( - -8.781e+02 2 0))))
s>    ( WDBNDRY_B 0 -2.426e+03 1.270e+02 9.990e+00
s>        ( - -3.693e+02 1 0)
s>        ( QUESTION0 -1 -1.930e+03 9.892e+01 7.990e+00
s>            ( - -4.626e+02 1 0)
s>            ( QUESTION0_5_R 1 -1.368e+03 7.192e+01 5.990e+00
s>                ( - -4.181e+02 2 0)
s>                ( - -8.781e+02 2 0))))INFO: dtree.c(1439): stop. leaf nodes are specific
INFO: dtree.c(1478): Final simple tree
|( QUESTION2_1_L -1 -8.811e+03 1.242e+02 3.375e+01
|    ( QUESTION11 -1 -6.605e+03 7.107e+01 2.575e+01
|        ( - -4.326e+03 2 0)
|        ( WDBNDRY_E 0 -2.208e+03 5.297e+01 8.418e+00
|            ( - -2.723e+02 1 0)
|            ( - -1.883e+03 2 0)))
|    ( WDBNDRY_B 0 -2.081e+03 8.751e+01 8.000e+00
|        ( - -7.087e+02 2 0)
|        ( QUESTION0_2_R 1 -1.285e+03 7.068e+01 5.000e+00
|            ( - -2.366e+02 1 0)
|            ( - -9.777e+02 3 0))))
s>    ( QUESTION2_1_L -1 -8.811e+03 1.242e+02 3.375e+01
s>        ( QUESTION11 -1 -6.605e+03 7.107e+01 2.575e+01
s>            ( - -4.326e+03 2 0)
s>            ( WDBNDRY_E 0 -2.208e+03 5.297e+01 8.418e+00
s>                ( - -2.723e+02 1 0)
s>                ( - -1.883e+03 2 0)))
s>        ( WDBNDRY_B 0 -2.081e+03 8.751e+01 8.000e+00
s>            ( - -7.087e+02 2 0)
s>            ( QUESTION0_2_R 1 -1.285e+03 7.068e+01 5.000e+00
s>                ( - -2.366e+02 1 0)
s>                ( - -9.777e+02 3 0))))INFO: dtree.c(1315): Comp split 17
INFO: dtree.c(1439): stop. leaf nodes are specific
INFO: dtree.c(1478): Final simple tree
|( QUESTION2_3_L -1 -3.096e+03 9.434e+01 1.303e+01
|    ( - -6.524e+02 1 0)
|    ( QUESTION2_1_L -1 -2.349e+03 9.341e+01 1.003e+01
|        ( - -9.244e+02 1 0)
|        ( - -1.332e+03 2 0)))
s>    ( QUESTION2_3_L -1 -3.096e+03 9.434e+01 1.303e+01
s>        ( - -6.524e+02 1 0)
s>        ( QUESTION2_1_L -1 -2.349e+03 9.341e+01 1.003e+01
s>            ( - -9.244e+02 1 0)
s>            ( - -1.332e+03 2 0)))INFO: dtree.c(1315): Comp split 18
INFO: dtree.c(1439): stop. leaf nodes are specific
INFO: dtree.c(1478): Final simple tree
|( QUESTION0 -1 -1.930e+03 9.892e+01 7.990e+00
|    ( - -4.626e+02 1 0)
|    ( QUESTION0_5_R 1 -1.368e+03 7.192e+01 5.990e+00
|        ( - -4.181e+02 2 0)
|        ( - -8.781e+02 2 0)))
s>    ( QUESTION0 -1 -1.930e+03 9.892e+01 7.990e+00
s>        ( - -4.626e+02 1 0)
s>        ( QUESTION0_5_R 1 -1.368e+03 7.192e+01 5.990e+00
s>            ( - -4.181e+02 2 0)
s>            ( - -8.781e+02 2 0)))INFO: dtree.c(1315): Comp split 19
INFO: dtree.c(1439): stop. leaf nodes are specific
INFO: dtree.c(1478): Final simple tree
|( WDBNDRY_B 0 -2.081e+03 8.751e+01 8.000e+00
|    ( - -7.087e+02 2 0)
|    ( QUESTION0_2_R 1 -1.285e+03 7.068e+01 5.000e+00
|        ( - -2.366e+02 1 0)
|        ( - -9.777e+02 3 0)))
s>    ( WDBNDRY_B 0 -2.081e+03 8.751e+01 8.000e+00
s>        ( - -7.087e+02 2 0)
s>        ( QUESTION0_2_R 1 -1.285e+03 7.068e+01 5.000e+00
s>            ( - -2.366e+02 1 0)
s>            ( - -9.777e+02 3 0)))INFO: dtree.c(1439): stop. leaf nodes are specific
INFO: dtree.c(1478): Final simple tree
|( QUESTION11 -1 -6.605e+03 7.107e+01 2.575e+01
|    ( - -4.326e+03 2 0)
|    ( WDBNDRY_E 0 -2.208e+03 5.297e+01 8.418e+00
|        ( - -2.723e+02 1 0)
|        ( - -1.883e+03 2 0)))
s>    ( QUESTION11 -1 -6.605e+03 7.107e+01 2.575e+01
s>        ( - -4.326e+03 2 0)
s>        ( WDBNDRY_E 0 -2.208e+03 5.297e+01 8.418e+00
s>            ( - -2.723e+02 1 0)
s>            ( - -1.883e+03 2 0)))INFO: dtree.c(1315): Comp split 20
INFO: dtree.c(1439): stop. leaf nodes are specific
INFO: dtree.c(1478): Final simple tree
|( QUESTION0_12_R 1 -2.126e+03 8.917e+01 8.037e+00
|    ( QUESTION0_13_R 1 -5.695e+02 6.136e+01 2.000e+00
|        ( - -2.331e+02 1 0)
|        ( - -2.750e+02 1 0))
|    ( WDBNDRY_E 0 -1.467e+03 7.118e+01 6.036e+00
|        ( - -9.805e+02 1 0)
|        ( - -4.155e+02 1 0)))
s>    ( QUESTION0_12_R 1 -2.126e+03 8.917e+01 8.037e+00
s>        ( QUESTION0_13_R 1 -5.695e+02 6.136e+01 2.000e+00
s>            ( - -2.331e+02 1 0)
s>            ( - -2.750e+02 1 0))
s>        ( WDBNDRY_E 0 -1.467e+03 7.118e+01 6.036e+00
s>            ( - -9.805e+02 1 0)
s>            ( - -4.155e+02 1 0)))INFO: dtree.c(1439): stop. leaf nodes are specific
INFO: dtree.c(1478): Final simple tree
|( WDBNDRY_E 0 -2.813e+03 9.671e+01 1.203e+01
|    ( - -2.090e+03 1 0)
|    ( - -6.265e+02 1 0))
s>    ( WDBNDRY_E 0 -2.813e+03 9.671e+01 1.203e+01
s>        ( - -2.090e+03 1 0)
s>        ( - -6.265e+02 1 0))INFO: dtree.c(1315): Comp split 21
INFO: dtree.c(1439): stop. leaf nodes are specific
INFO: dtree.c(1478): Final simple tree
|( QUESTION0_2_R 1 -3.692e+03 9.781e+01 1.613e+01
|    ( - -1.303e+03 1 0)
|    ( - -2.291e+03 1 0))
s>    ( QUESTION0_2_R 1 -3.692e+03 9.781e+01 1.613e+01
s>        ( - -1.303e+03 1 0)
s>        ( - -2.291e+03 1 0))INFO: dtree.c(1315): Comp split 22
INFO: dtree.c(1439): stop. leaf nodes are specific
INFO: dtree.c(1478): Final simple tree
|( QUESTION0_5_R 1 -1.368e+03 7.192e+01 5.990e+00
|    ( - -4.181e+02 2 0)
|    ( - -8.781e+02 2 0))
s>    ( QUESTION0_5_R 1 -1.368e+03 7.192e+01 5.990e+00
s>        ( - -4.181e+02 2 0)
s>        ( - -8.781e+02 2 0))INFO: dtree.c(1315): Comp split 23
INFO: dtree.c(1315): Comp split 24
INFO: dtree.c(1315): Comp split 25
INFO: dtree.c(1315): Comp split 26
INFO: dtree.c(1439): stop. leaf nodes are specific
INFO: dtree.c(1478): Final simple tree
|( QUESTION2_1_L -1 -2.349e+03 9.341e+01 1.003e+01
|    ( - -9.244e+02 1 0)
|    ( - -1.332e+03 2 0))
s>    ( QUESTION2_1_L -1 -2.349e+03 9.341e+01 1.003e+01
s>        ( - -9.244e+02 1 0)
s>        ( - -1.332e+03 2 0))INFO: dtree.c(1315): Comp split 27
INFO: dtree.c(1315): Comp split 28
INFO: dtree.c(1439): stop. leaf nodes are specific
INFO: dtree.c(1478): Final simple tree
|( WDBNDRY_E 0 -1.467e+03 7.118e+01 6.036e+00
|    ( - -9.805e+02 1 0)
|    ( - -4.155e+02 1 0))
s>    ( WDBNDRY_E 0 -1.467e+03 7.118e+01 6.036e+00
s>        ( - -9.805e+02 1 0)
s>        ( - -4.155e+02 1 0))INFO: dtree.c(1439): stop. leaf nodes are specific
INFO: dtree.c(1478): Final simple tree
|( QUESTION0_13_R 1 -5.695e+02 6.136e+01 2.000e+00
|    ( - -2.331e+02 1 0)
|    ( - -2.750e+02 1 0))
s>    ( QUESTION0_13_R 1 -5.695e+02 6.136e+01 2.000e+00
s>        ( - -2.331e+02 1 0)
s>        ( - -2.750e+02 1 0))INFO: dtree.c(1315): Comp split 29
INFO: dtree.c(1439): stop. leaf nodes are specific
INFO: dtree.c(1478): Final simple tree
|( QUESTION0_2_R 1 -1.285e+03 7.068e+01 5.000e+00
|    ( - -2.366e+02 1 0)
|    ( - -9.777e+02 3 0))
s>    ( QUESTION0_2_R 1 -1.285e+03 7.068e+01 5.000e+00
s>        ( - -2.366e+02 1 0)
s>        ( - -9.777e+02 3 0))INFO: dtree.c(1315): Comp split 30
INFO: dtree.c(1315): Comp split 31
INFO: dtree.c(1315): Comp split 32
INFO: dtree.c(1439): stop. leaf nodes are specific
INFO: dtree.c(1478): Final simple tree
|( WDBNDRY_E 0 -2.208e+03 5.297e+01 8.418e+00
|    ( - -2.723e+02 1 0)
|    ( - -1.883e+03 2 0))
s>    ( WDBNDRY_E 0 -2.208e+03 5.297e+01 8.418e+00
s>        ( - -2.723e+02 1 0)
s>        ( - -1.883e+03 2 0))INFO: dtree.c(1315): Comp split 33
INFO: dtree.c(1315): Comp split 34
INFO: dtree.c(1315): Comp split 35
INFO: dtree.c(1315): Comp split 36
INFO: dtree.c(1318): stop. leaf nodes are specific
Thu May  7 00:23:24 2020
