Current configuration:
[NAME]		[DEFLT]	[VALUE]
-allphones	no	no
-cntthresh	0.00001	1.000000e-05
-csplitmax	100	2000
-csplitmin	1	1
-csplitthr	8e-4	0.000000e+00
-example	no	no
-fullvar	no	no
-help		no	no
-meanfn			/home/abdy/Desktop/diploma/kg/model_parameters/kg.cd_cont_untied/means
-mixwfn			/home/abdy/Desktop/diploma/kg/model_parameters/kg.cd_cont_untied/mixture_weights
-moddeffn		/home/abdy/Desktop/diploma/kg/model_architecture/kg.untied.mdef
-mwfloor	1e-4	1.000000e-08
-phone			p
-psetfn			/home/abdy/Desktop/diploma/kg/model_architecture/kg.tree_questions
-ssplitmax	5	7
-ssplitmin	1	1
-ssplitthr	8e-4	0.000000e+00
-state			2
-stwt			1.0,0.05,0.0,
-treefn			/home/abdy/Desktop/diploma/kg/trees/kg.unpruned/p-2.dtree
-ts2cbfn	.semi.	.cont.
-varfloor	0.00001	1.000000e-05
-varfn			/home/abdy/Desktop/diploma/kg/model_parameters/kg.cd_cont_untied/variances

INFO: main.c(223): Reading: /home/abdy/Desktop/diploma/kg/model_architecture/kg.untied.mdef
INFO: model_def_io.c(573): Model definition info:
INFO: model_def_io.c(574): 10297 total models defined (47 base, 10250 tri)
INFO: model_def_io.c(575): 41188 total states
INFO: model_def_io.c(576): 30891 total tied states
INFO: model_def_io.c(577): 141 total tied CI states
INFO: model_def_io.c(578): 47 total tied transition matrices
INFO: model_def_io.c(579): 4 max state/model
INFO: model_def_io.c(580): 4 min state/model
INFO: main.c(242): Building trees for [p SIL a b] through [p z r b]
INFO: main.c(269): Covering states |[19428 20318]| == 891
INFO: main.c(275): Reading: /home/abdy/Desktop/diploma/kg/model_parameters/kg.cd_cont_untied/mixture_weights
INFO: s3mixw_io.c(173): Read /home/abdy/Desktop/diploma/kg/model_parameters/kg.cd_cont_untied/mixture_weights [891x1x1 array]
INFO: main.c(311): 67 of 297 models have observation count greater than 0.000010
INFO: main.c(95): nrm stwt: 0.000 0.048 0.952 
INFO: s3gau_io.c(169): Read /home/abdy/Desktop/diploma/kg/model_parameters/kg.cd_cont_untied/means [30891x1x1 array]
INFO: s3gau_io.c(169): Read /home/abdy/Desktop/diploma/kg/model_parameters/kg.cd_cont_untied/variances [30891x1x1 array]
INFO: main.c(549): Reading: /home/abdy/Desktop/diploma/kg/model_architecture/kg.tree_questions
INFO: main.c(588): 174 total simple questions (166 phone; 8 word bndry)
INFO: main.c(590): 40 Left Only questions, and 42 Right Only questions
INFO: dtree.c(1478): Final simple tree
|( SILENCE 1 -5.334e+04 8.662e+02 2.070e+02
|    ( QUESTION2_1_L -1 -1.220e+03 1.039e+03 8.981e+00
|        ( - -2.505e+02 1 0)
|        ( - 8.543e+01 1 0))
|    ( QUESTION2 -1 -5.125e+04 5.010e+02 1.980e+02
|        ( - 2.412e+02 1 0)
|        ( QUESTION4 1 -5.099e+04 2.723e+02 1.970e+02
|            ( - -2.223e+04 26 0 QUESTION0_15_R 1 1.576e+02 8.628e+01)
|            ( QUESTION0_3_R 1 -2.849e+04 2.029e+02 1.107e+02
|                ( QUESTION2_2_L -1 -1.207e+04 2.197e+02 4.770e+01
|                    ( - -1.003e+03 1 0)
|                    ( QUESTION2_7_L -1 -1.084e+04 1.947e+02 4.370e+01
|                        ( - -5.981e+02 1 0)
|                        ( - -1.005e+04 13 0 QUESTION10 -1 1.581e+02 4.070e+01)))
|                ( - -1.622e+04 23 0 QUESTION16 -1 1.559e+02 6.303e+01)))))
s>    ( SILENCE 1 -5.334e+04 8.662e+02 2.070e+02
s>        ( QUESTION2_1_L -1 -1.220e+03 1.039e+03 8.981e+00
s>            ( - -2.505e+02 1 0)
s>            ( - 8.543e+01 1 0))
s>        ( QUESTION2 -1 -5.125e+04 5.010e+02 1.980e+02
s>            ( - 2.412e+02 1 0)
s>            ( QUESTION4 1 -5.099e+04 2.723e+02 1.970e+02
s>                ( - -2.223e+04 26 0 QUESTION0_15_R 1 1.576e+02 8.628e+01)
s>                ( QUESTION0_3_R 1 -2.849e+04 2.029e+02 1.107e+02
s>                    ( QUESTION2_2_L -1 -1.207e+04 2.197e+02 4.770e+01
s>                        ( - -1.003e+03 1 0)
s>                        ( QUESTION2_7_L -1 -1.084e+04 1.947e+02 4.370e+01
s>                            ( - -5.981e+02 1 0)
s>                            ( - -1.005e+04 13 0 QUESTION10 -1 1.581e+02 4.070e+01)))
s>                    ( - -1.622e+04 23 0 QUESTION16 -1 1.559e+02 6.303e+01)))))INFO: dtree.c(1315): Comp split 0
INFO: dtree.c(1478): Final simple tree
|( QUESTION2 -1 -5.174e+04 5.011e+02 2.000e+02
|    ( - 2.412e+02 1 0)
|    ( QUESTION10 1 -5.148e+04 2.659e+02 1.990e+02
|        ( QUESTION2_2_L -1 -2.244e+04 2.285e+02 8.773e+01
|            ( - -1.003e+03 1 0)
|            ( QUESTION0_3_R 1 -2.121e+04 1.832e+02 8.373e+01
|                ( QUESTION2_7_L -1 -1.084e+04 1.947e+02 4.370e+01
|                    ( - -5.981e+02 1 0)
|                    ( - -1.005e+04 13 0 QUESTION10 -1 1.581e+02 4.070e+01))
|                ( - -1.018e+04 16 0 QUESTION0_20_R 1 1.575e+02 4.003e+01)))
|        ( SILENCE 1 -2.877e+04 2.277e+02 1.113e+02
|            ( - -2.505e+02 1 0)
|            ( QUESTION0_15_R 1 -2.829e+04 1.755e+02 1.093e+02
|                ( - -9.840e+03 8 0 QUESTION0_17_R 1 1.506e+02 3.925e+01)
|                ( - -1.828e+04 25 0 WDBNDRY_B 0 1.309e+02 7.003e+01)))))
s>    ( QUESTION2 -1 -5.174e+04 5.011e+02 2.000e+02
s>        ( - 2.412e+02 1 0)
s>        ( QUESTION10 1 -5.148e+04 2.659e+02 1.990e+02
s>            ( QUESTION2_2_L -1 -2.244e+04 2.285e+02 8.773e+01
s>                ( - -1.003e+03 1 0)
s>                ( QUESTION0_3_R 1 -2.121e+04 1.832e+02 8.373e+01
s>                    ( QUESTION2_7_L -1 -1.084e+04 1.947e+02 4.370e+01
s>                        ( - -5.981e+02 1 0)
s>                        ( - -1.005e+04 13 0 QUESTION10 -1 1.581e+02 4.070e+01))
s>                    ( - -1.018e+04 16 0 QUESTION0_20_R 1 1.575e+02 4.003e+01)))
s>            ( SILENCE 1 -2.877e+04 2.277e+02 1.113e+02
s>                ( - -2.505e+02 1 0)
s>                ( QUESTION0_15_R 1 -2.829e+04 1.755e+02 1.093e+02
s>                    ( - -9.840e+03 8 0 QUESTION0_17_R 1 1.506e+02 3.925e+01)
s>                    ( - -1.828e+04 25 0 WDBNDRY_B 0 1.309e+02 7.003e+01)))))INFO: dtree.c(1315): Comp split 1
INFO: dtree.c(1478): Final simple tree
|( QUESTION10 1 -5.148e+04 2.659e+02 1.990e+02
|    ( QUESTION2_2_L -1 -2.244e+04 2.285e+02 8.773e+01
|        ( - -1.003e+03 1 0)
|        ( QUESTION0_3_R 1 -2.121e+04 1.832e+02 8.373e+01
|            ( QUESTION2_7_L -1 -1.084e+04 1.947e+02 4.370e+01
|                ( - -5.981e+02 1 0)
|                ( QUESTION10 -1 -1.005e+04 1.581e+02 4.070e+01
|                    ( - -6.879e+03 10 0 WDBNDRY_E 0 8.193e+01 2.770e+01)
|                    ( - -3.013e+03 3 0 WDBNDRY_B 0 1.197e+02 1.300e+01)))
|            ( - -1.018e+04 16 0 QUESTION0_20_R 1 1.575e+02 4.003e+01)))
|    ( SILENCE 1 -2.877e+04 2.277e+02 1.113e+02
|        ( - -2.505e+02 1 0)
|        ( QUESTION0_15_R 1 -2.829e+04 1.755e+02 1.093e+02
|            ( - -9.840e+03 8 0 QUESTION0_17_R 1 1.506e+02 3.925e+01)
|            ( - -1.828e+04 25 0 WDBNDRY_B 0 1.309e+02 7.003e+01))))
s>    ( QUESTION10 1 -5.148e+04 2.659e+02 1.990e+02
s>        ( QUESTION2_2_L -1 -2.244e+04 2.285e+02 8.773e+01
s>            ( - -1.003e+03 1 0)
s>            ( QUESTION0_3_R 1 -2.121e+04 1.832e+02 8.373e+01
s>                ( QUESTION2_7_L -1 -1.084e+04 1.947e+02 4.370e+01
s>                    ( - -5.981e+02 1 0)
s>                    ( QUESTION10 -1 -1.005e+04 1.581e+02 4.070e+01
s>                        ( - -6.879e+03 10 0 WDBNDRY_E 0 8.193e+01 2.770e+01)
s>                        ( - -3.013e+03 3 0 WDBNDRY_B 0 1.197e+02 1.300e+01)))
s>                ( - -1.018e+04 16 0 QUESTION0_20_R 1 1.575e+02 4.003e+01)))
s>        ( SILENCE 1 -2.877e+04 2.277e+02 1.113e+02
s>            ( - -2.505e+02 1 0)
s>            ( QUESTION0_15_R 1 -2.829e+04 1.755e+02 1.093e+02
s>                ( - -9.840e+03 8 0 QUESTION0_17_R 1 1.506e+02 3.925e+01)
s>                ( - -1.828e+04 25 0 WDBNDRY_B 0 1.309e+02 7.003e+01))))INFO: dtree.c(1315): Comp split 2
INFO: dtree.c(1478): Final simple tree
|( QUESTION2_2_L -1 -2.244e+04 2.285e+02 8.773e+01
|    ( - -1.003e+03 1 0)
|    ( QUESTION0_3_R 1 -2.121e+04 1.832e+02 8.373e+01
|        ( QUESTION2_7_L -1 -1.084e+04 1.947e+02 4.370e+01
|            ( - -5.981e+02 1 0)
|            ( QUESTION10 -1 -1.005e+04 1.581e+02 4.070e+01
|                ( - -6.879e+03 10 0 WDBNDRY_E 0 8.193e+01 2.770e+01)
|                ( - -3.013e+03 3 0 WDBNDRY_B 0 1.197e+02 1.300e+01)))
|        ( QUESTION0_20_R 1 -1.018e+04 1.575e+02 4.003e+01
|            ( QUESTION2_1_L -1 -1.370e+03 1.586e+02 6.000e+00
|                ( - -6.251e+02 1 0)
|                ( - -5.858e+02 1 0))
|            ( QUESTION16 -1 -8.655e+03 1.575e+02 3.403e+01
|                ( - -5.702e+02 1 0)
|                ( - -7.927e+03 13 0 QUESTION0_2_R 1 1.161e+02 3.103e+01)))))
s>    ( QUESTION2_2_L -1 -2.244e+04 2.285e+02 8.773e+01
s>        ( - -1.003e+03 1 0)
s>        ( QUESTION0_3_R 1 -2.121e+04 1.832e+02 8.373e+01
s>            ( QUESTION2_7_L -1 -1.084e+04 1.947e+02 4.370e+01
s>                ( - -5.981e+02 1 0)
s>                ( QUESTION10 -1 -1.005e+04 1.581e+02 4.070e+01
s>                    ( - -6.879e+03 10 0 WDBNDRY_E 0 8.193e+01 2.770e+01)
s>                    ( - -3.013e+03 3 0 WDBNDRY_B 0 1.197e+02 1.300e+01)))
s>            ( QUESTION0_20_R 1 -1.018e+04 1.575e+02 4.003e+01
s>                ( QUESTION2_1_L -1 -1.370e+03 1.586e+02 6.000e+00
s>                    ( - -6.251e+02 1 0)
s>                    ( - -5.858e+02 1 0))
s>                ( QUESTION16 -1 -8.655e+03 1.575e+02 3.403e+01
s>                    ( - -5.702e+02 1 0)
s>                    ( - -7.927e+03 13 0 QUESTION0_2_R 1 1.161e+02 3.103e+01)))))INFO: dtree.c(1478): Final simple tree
|( SILENCE 1 -2.877e+04 2.277e+02 1.113e+02
|    ( - -2.505e+02 1 0)
|    ( QUESTION0_15_R 1 -2.829e+04 1.755e+02 1.093e+02
|        ( QUESTION0_17_R 1 -9.840e+03 1.506e+02 3.925e+01
|            ( QUESTION2_3_L -1 -4.004e+03 1.154e+02 1.600e+01
|                ( - -4.808e+02 1 0)
|                ( - -3.408e+03 3 0 WDBNDRY_E 0 5.912e+01 1.400e+01))
|            ( - -5.685e+03 4 0 QUESTION11 -1 9.800e+01 2.325e+01))
|        ( WDBNDRY_B 0 -1.828e+04 1.309e+02 7.003e+01
|            ( QUESTION11 -1 -1.237e+03 1.365e+02 5.000e+00
|                ( - -6.276e+02 1 0)
|                ( - -4.731e+02 1 0))
|            ( QUESTION2_2_L -1 -1.691e+04 1.147e+02 6.503e+01
|                ( - -4.060e+02 1 0)
|                ( - -1.639e+04 22 0 QUESTION0_9_R 1 1.039e+02 6.303e+01)))))
s>    ( SILENCE 1 -2.877e+04 2.277e+02 1.113e+02
s>        ( - -2.505e+02 1 0)
s>        ( QUESTION0_15_R 1 -2.829e+04 1.755e+02 1.093e+02
s>            ( QUESTION0_17_R 1 -9.840e+03 1.506e+02 3.925e+01
s>                ( QUESTION2_3_L -1 -4.004e+03 1.154e+02 1.600e+01
s>                    ( - -4.808e+02 1 0)
s>                    ( - -3.408e+03 3 0 WDBNDRY_E 0 5.912e+01 1.400e+01))
s>                ( - -5.685e+03 4 0 QUESTION11 -1 9.800e+01 2.325e+01))
s>            ( WDBNDRY_B 0 -1.828e+04 1.309e+02 7.003e+01
s>                ( QUESTION11 -1 -1.237e+03 1.365e+02 5.000e+00
s>                    ( - -6.276e+02 1 0)
s>                    ( - -4.731e+02 1 0))
s>                ( QUESTION2_2_L -1 -1.691e+04 1.147e+02 6.503e+01
s>                    ( - -4.060e+02 1 0)
s>                    ( - -1.639e+04 22 0 QUESTION0_9_R 1 1.039e+02 6.303e+01)))))INFO: dtree.c(1315): Comp split 3
INFO: dtree.c(1478): Final simple tree
|( QUESTION0_3_R 1 -2.121e+04 1.832e+02 8.373e+01
|    ( QUESTION2_7_L -1 -1.084e+04 1.947e+02 4.370e+01
|        ( - -5.981e+02 1 0)
|        ( QUESTION10 -1 -1.005e+04 1.581e+02 4.070e+01
|            ( - -6.879e+03 10 0 WDBNDRY_E 0 8.193e+01 2.770e+01)
|            ( WDBNDRY_B 0 -3.013e+03 1.197e+02 1.300e+01
|                ( - -1.805e+03 2 0 SILENCE -1 7.125e+01 8.001e+00)
|                ( - -1.089e+03 1 0))))
|    ( QUESTION0_20_R 1 -1.018e+04 1.575e+02 4.003e+01
|        ( QUESTION2_1_L -1 -1.370e+03 1.586e+02 6.000e+00
|            ( - -6.251e+02 1 0)
|            ( - -5.858e+02 1 0))
|        ( QUESTION16 -1 -8.655e+03 1.575e+02 3.403e+01
|            ( - -5.702e+02 1 0)
|            ( - -7.927e+03 13 0 QUESTION0_2_R 1 1.161e+02 3.103e+01))))
s>    ( QUESTION0_3_R 1 -2.121e+04 1.832e+02 8.373e+01
s>        ( QUESTION2_7_L -1 -1.084e+04 1.947e+02 4.370e+01
s>            ( - -5.981e+02 1 0)
s>            ( QUESTION10 -1 -1.005e+04 1.581e+02 4.070e+01
s>                ( - -6.879e+03 10 0 WDBNDRY_E 0 8.193e+01 2.770e+01)
s>                ( WDBNDRY_B 0 -3.013e+03 1.197e+02 1.300e+01
s>                    ( - -1.805e+03 2 0 SILENCE -1 7.125e+01 8.001e+00)
s>                    ( - -1.089e+03 1 0))))
s>        ( QUESTION0_20_R 1 -1.018e+04 1.575e+02 4.003e+01
s>            ( QUESTION2_1_L -1 -1.370e+03 1.586e+02 6.000e+00
s>                ( - -6.251e+02 1 0)
s>                ( - -5.858e+02 1 0))
s>            ( QUESTION16 -1 -8.655e+03 1.575e+02 3.403e+01
s>                ( - -5.702e+02 1 0)
s>                ( - -7.927e+03 13 0 QUESTION0_2_R 1 1.161e+02 3.103e+01))))INFO: dtree.c(1315): Comp split 4
INFO: dtree.c(1478): Final simple tree
|( QUESTION0_15_R 1 -2.829e+04 1.755e+02 1.093e+02
|    ( QUESTION0_17_R 1 -9.840e+03 1.506e+02 3.925e+01
|        ( QUESTION2_3_L -1 -4.004e+03 1.154e+02 1.600e+01
|            ( - -4.808e+02 1 0)
|            ( - -3.408e+03 3 0 WDBNDRY_E 0 5.912e+01 1.400e+01))
|        ( - -5.685e+03 4 0 QUESTION11 -1 9.800e+01 2.325e+01))
|    ( WDBNDRY_B 0 -1.828e+04 1.309e+02 7.003e+01
|        ( QUESTION11 -1 -1.237e+03 1.365e+02 5.000e+00
|            ( - -6.276e+02 1 0)
|            ( - -4.731e+02 1 0))
|        ( QUESTION2_2_L -1 -1.691e+04 1.147e+02 6.503e+01
|            ( - -4.060e+02 1 0)
|            ( QUESTION0_9_R 1 -1.639e+04 1.039e+02 6.303e+01
|                ( - -4.173e+02 1 0)
|                ( - -1.587e+04 21 0 QUESTION0_13_R 1 9.979e+01 6.103e+01)))))
s>    ( QUESTION0_15_R 1 -2.829e+04 1.755e+02 1.093e+02
s>        ( QUESTION0_17_R 1 -9.840e+03 1.506e+02 3.925e+01
s>            ( QUESTION2_3_L -1 -4.004e+03 1.154e+02 1.600e+01
s>                ( - -4.808e+02 1 0)
s>                ( - -3.408e+03 3 0 WDBNDRY_E 0 5.912e+01 1.400e+01))
s>            ( - -5.685e+03 4 0 QUESTION11 -1 9.800e+01 2.325e+01))
s>        ( WDBNDRY_B 0 -1.828e+04 1.309e+02 7.003e+01
s>            ( QUESTION11 -1 -1.237e+03 1.365e+02 5.000e+00
s>                ( - -6.276e+02 1 0)
s>                ( - -4.731e+02 1 0))
s>            ( QUESTION2_2_L -1 -1.691e+04 1.147e+02 6.503e+01
s>                ( - -4.060e+02 1 0)
s>                ( QUESTION0_9_R 1 -1.639e+04 1.039e+02 6.303e+01
s>                    ( - -4.173e+02 1 0)
s>                    ( - -1.587e+04 21 0 QUESTION0_13_R 1 9.979e+01 6.103e+01)))))INFO: dtree.c(1315): Comp split 5
INFO: dtree.c(1439): stop. leaf nodes are specific
INFO: dtree.c(1478): Final simple tree
|( QUESTION0_4_R 1 -4.438e+03 1.371e+02 1.900e+01
|    ( - -5.702e+02 1 0)
|    ( WDBNDRY_E 0 -3.730e+03 1.311e+02 1.600e+01
|        ( - -5.858e+02 1 0)
|        ( WDBNDRY_B 0 -3.013e+03 1.197e+02 1.300e+01
|            ( SILENCE -1 -1.805e+03 7.125e+01 8.001e+00
|                ( - -4.560e+02 1 0)
|                ( - -1.277e+03 1 0))
|            ( - -1.089e+03 1 0))))
s>    ( QUESTION0_4_R 1 -4.438e+03 1.371e+02 1.900e+01
s>        ( - -5.702e+02 1 0)
s>        ( WDBNDRY_E 0 -3.730e+03 1.311e+02 1.600e+01
s>            ( - -5.858e+02 1 0)
s>            ( WDBNDRY_B 0 -3.013e+03 1.197e+02 1.300e+01
s>                ( SILENCE -1 -1.805e+03 7.125e+01 8.001e+00
s>                    ( - -4.560e+02 1 0)
s>                    ( - -1.277e+03 1 0))
s>                ( - -1.089e+03 1 0))))INFO: dtree.c(1478): Final simple tree
|( QUESTION2_8_L -1 -1.655e+04 1.773e+02 6.473e+01
|    ( - -5.981e+02 1 0)
|    ( QUESTION0_3_R 1 -1.578e+04 1.863e+02 6.173e+01
|        ( - -6.879e+03 10 0 WDBNDRY_E 0 8.193e+01 2.770e+01)
|        ( QUESTION0_20_R 1 -8.712e+03 1.596e+02 3.403e+01
|            ( - -6.251e+02 1 0)
|            ( QUESTION0_2_R 1 -7.927e+03 1.161e+02 3.103e+01
|                ( QUESTION4 -1 -6.165e+03 1.041e+02 2.403e+01
|                    ( - -6.603e+02 1 0)
|                    ( WDBNDRY_B 0 -5.401e+03 8.930e+01 2.103e+01
|                        ( QUESTION14 -1 -1.160e+03 9.644e+01 5.000e+00
|                            ( - -6.066e+02 1 0)
|                            ( - -4.573e+02 1 0))
|                        ( - -4.151e+03 8 0 QUESTION11 -1 8.814e+01 1.603e+01)))
|                ( - -1.646e+03 2 0)))))
s>    ( QUESTION2_8_L -1 -1.655e+04 1.773e+02 6.473e+01
s>        ( - -5.981e+02 1 0)
s>        ( QUESTION0_3_R 1 -1.578e+04 1.863e+02 6.173e+01
s>            ( - -6.879e+03 10 0 WDBNDRY_E 0 8.193e+01 2.770e+01)
s>            ( QUESTION0_20_R 1 -8.712e+03 1.596e+02 3.403e+01
s>                ( - -6.251e+02 1 0)
s>                ( QUESTION0_2_R 1 -7.927e+03 1.161e+02 3.103e+01
s>                    ( QUESTION4 -1 -6.165e+03 1.041e+02 2.403e+01
s>                        ( - -6.603e+02 1 0)
s>                        ( WDBNDRY_B 0 -5.401e+03 8.930e+01 2.103e+01
s>                            ( QUESTION14 -1 -1.160e+03 9.644e+01 5.000e+00
s>                                ( - -6.066e+02 1 0)
s>                                ( - -4.573e+02 1 0))
s>                            ( - -4.151e+03 8 0 QUESTION11 -1 8.814e+01 1.603e+01)))
s>                    ( - -1.646e+03 2 0)))))INFO: dtree.c(1315): Comp split 6
INFO: dtree.c(1439): stop. leaf nodes are specific
INFO: dtree.c(1478): Final simple tree
|( WDBNDRY_E 0 -6.879e+03 8.193e+01 2.770e+01
|    ( QUESTION11 1 -3.823e+03 9.583e+01 1.568e+01
|        ( QUESTION11 -1 -2.434e+03 6.777e+01 1.004e+01
|            ( - -2.124e+02 1 0)
|            ( - -2.153e+03 3 0))
|        ( - -1.293e+03 2 0))
|    ( QUESTION11 1 -2.974e+03 9.836e+01 1.202e+01
|        ( QUESTION13 -1 -1.178e+03 1.285e+02 5.000e+00
|            ( - -4.481e+02 1 0)
|            ( - -6.017e+02 1 0))
|        ( QUESTION13 -1 -1.697e+03 1.031e+02 7.023e+00
|            ( - -6.382e+02 1 0)
|            ( - -9.560e+02 1 0))))
s>    ( WDBNDRY_E 0 -6.879e+03 8.193e+01 2.770e+01
s>        ( QUESTION11 1 -3.823e+03 9.583e+01 1.568e+01
s>            ( QUESTION11 -1 -2.434e+03 6.777e+01 1.004e+01
s>                ( - -2.124e+02 1 0)
s>                ( - -2.153e+03 3 0))
s>            ( - -1.293e+03 2 0))
s>        ( QUESTION11 1 -2.974e+03 9.836e+01 1.202e+01
s>            ( QUESTION13 -1 -1.178e+03 1.285e+02 5.000e+00
s>                ( - -4.481e+02 1 0)
s>                ( - -6.017e+02 1 0))
s>            ( QUESTION13 -1 -1.697e+03 1.031e+02 7.023e+00
s>                ( - -6.382e+02 1 0)
s>                ( - -9.560e+02 1 0))))INFO: dtree.c(1478): Final simple tree
|( QUESTION0_3_R 1 -9.483e+03 1.730e+02 3.703e+01
|    ( - -5.981e+02 1 0)
|    ( QUESTION0_20_R 1 -8.712e+03 1.596e+02 3.403e+01
|        ( - -6.251e+02 1 0)
|        ( QUESTION0_2_R 1 -7.927e+03 1.161e+02 3.103e+01
|            ( QUESTION4 -1 -6.165e+03 1.041e+02 2.403e+01
|                ( - -6.603e+02 1 0)
|                ( WDBNDRY_B 0 -5.401e+03 8.930e+01 2.103e+01
|                    ( QUESTION14 -1 -1.160e+03 9.644e+01 5.000e+00
|                        ( - -6.066e+02 1 0)
|                        ( - -4.573e+02 1 0))
|                    ( QUESTION11 -1 -4.151e+03 8.814e+01 1.603e+01
|                        ( - -1.239e+03 2 0)
|                        ( - -2.824e+03 6 0 WDBNDRY_E 0 8.950e+01 1.100e+01))))
|            ( - -1.646e+03 2 0))))
s>    ( QUESTION0_3_R 1 -9.483e+03 1.730e+02 3.703e+01
s>        ( - -5.981e+02 1 0)
s>        ( QUESTION0_20_R 1 -8.712e+03 1.596e+02 3.403e+01
s>            ( - -6.251e+02 1 0)
s>            ( QUESTION0_2_R 1 -7.927e+03 1.161e+02 3.103e+01
s>                ( QUESTION4 -1 -6.165e+03 1.041e+02 2.403e+01
s>                    ( - -6.603e+02 1 0)
s>                    ( WDBNDRY_B 0 -5.401e+03 8.930e+01 2.103e+01
s>                        ( QUESTION14 -1 -1.160e+03 9.644e+01 5.000e+00
s>                            ( - -6.066e+02 1 0)
s>                            ( - -4.573e+02 1 0))
s>                        ( QUESTION11 -1 -4.151e+03 8.814e+01 1.603e+01
s>                            ( - -1.239e+03 2 0)
s>                            ( - -2.824e+03 6 0 WDBNDRY_E 0 8.950e+01 1.100e+01))))
s>                ( - -1.646e+03 2 0))))INFO: dtree.c(1315): Comp split 7
INFO: dtree.c(1478): Final simple tree
|( QUESTION0_15_R 1 -2.748e+04 1.739e+02 1.063e+02
|    ( QUESTION0_17_R 1 -9.840e+03 1.506e+02 3.925e+01
|        ( QUESTION2_3_L -1 -4.004e+03 1.154e+02 1.600e+01
|            ( - -4.808e+02 1 0)
|            ( - -3.408e+03 3 0 WDBNDRY_E 0 5.912e+01 1.400e+01))
|        ( QUESTION11 -1 -5.685e+03 9.800e+01 2.325e+01
|            ( - -1.936e+03 1 0)
|            ( - -3.652e+03 3 0)))
|    ( QUESTION2_2_L -1 -1.747e+04 1.147e+02 6.703e+01
|        ( - -4.060e+02 1 0)
|        ( QUESTION3 1 -1.695e+04 1.028e+02 6.503e+01
|            ( - -4.173e+02 1 0)
|            ( QUESTION0_13_R 1 -1.643e+04 1.000e+02 6.303e+01
|                ( - -9.647e+03 12 0 QUESTION11 -1 9.371e+01 3.689e+01)
|                ( - -6.678e+03 10 0 QUESTION0_19_R 1 8.453e+01 2.614e+01)))))
s>    ( QUESTION0_15_R 1 -2.748e+04 1.739e+02 1.063e+02
s>        ( QUESTION0_17_R 1 -9.840e+03 1.506e+02 3.925e+01
s>            ( QUESTION2_3_L -1 -4.004e+03 1.154e+02 1.600e+01
s>                ( - -4.808e+02 1 0)
s>                ( - -3.408e+03 3 0 WDBNDRY_E 0 5.912e+01 1.400e+01))
s>            ( QUESTION11 -1 -5.685e+03 9.800e+01 2.325e+01
s>                ( - -1.936e+03 1 0)
s>                ( - -3.652e+03 3 0)))
s>        ( QUESTION2_2_L -1 -1.747e+04 1.147e+02 6.703e+01
s>            ( - -4.060e+02 1 0)
s>            ( QUESTION3 1 -1.695e+04 1.028e+02 6.503e+01
s>                ( - -4.173e+02 1 0)
s>                ( QUESTION0_13_R 1 -1.643e+04 1.000e+02 6.303e+01
s>                    ( - -9.647e+03 12 0 QUESTION11 -1 9.371e+01 3.689e+01)
s>                    ( - -6.678e+03 10 0 QUESTION0_19_R 1 8.453e+01 2.614e+01)))))INFO: dtree.c(1315): Comp split 8
INFO: dtree.c(1478): Final simple tree
|( QUESTION2_2_L -1 -1.747e+04 1.147e+02 6.703e+01
|    ( - -4.060e+02 1 0)
|    ( QUESTION3 1 -1.695e+04 1.028e+02 6.503e+01
|        ( - -4.173e+02 1 0)
|        ( QUESTION0_13_R 1 -1.643e+04 1.000e+02 6.303e+01
|            ( QUESTION11 -1 -9.647e+03 9.371e+01 3.689e+01
|                ( - -1.579e+03 2 0)
|                ( - -7.975e+03 10 0 WDBNDRY_E 0 7.276e+01 3.079e+01))
|            ( QUESTION0_19_R 1 -6.678e+03 8.453e+01 2.614e+01
|                ( - -3.487e+03 4 0 QUESTION13 -1 7.444e+01 1.412e+01)
|                ( QUESTION11 -1 -3.106e+03 8.501e+01 1.202e+01
|                    ( - -1.513e+03 2 0 WDBNDRY_E 0 7.267e+01 6.022e+00)
|                    ( WDBNDRY_B 0 -1.508e+03 7.455e+01 6.002e+00
|                        ( - -4.731e+02 1 0)
|                        ( - -9.605e+02 3 0)))))))
s>    ( QUESTION2_2_L -1 -1.747e+04 1.147e+02 6.703e+01
s>        ( - -4.060e+02 1 0)
s>        ( QUESTION3 1 -1.695e+04 1.028e+02 6.503e+01
s>            ( - -4.173e+02 1 0)
s>            ( QUESTION0_13_R 1 -1.643e+04 1.000e+02 6.303e+01
s>                ( QUESTION11 -1 -9.647e+03 9.371e+01 3.689e+01
s>                    ( - -1.579e+03 2 0)
s>                    ( - -7.975e+03 10 0 WDBNDRY_E 0 7.276e+01 3.079e+01))
s>                ( QUESTION0_19_R 1 -6.678e+03 8.453e+01 2.614e+01
s>                    ( - -3.487e+03 4 0 QUESTION13 -1 7.444e+01 1.412e+01)
s>                    ( QUESTION11 -1 -3.106e+03 8.501e+01 1.202e+01
s>                        ( - -1.513e+03 2 0 WDBNDRY_E 0 7.267e+01 6.022e+00)
s>                        ( WDBNDRY_B 0 -1.508e+03 7.455e+01 6.002e+00
s>                            ( - -4.731e+02 1 0)
s>                            ( - -9.605e+02 3 0)))))))INFO: dtree.c(1439): stop. leaf nodes are specific
INFO: dtree.c(1478): Final simple tree
|( QUESTION0_17_R 1 -9.840e+03 1.506e+02 3.925e+01
|    ( QUESTION2_3_L -1 -4.004e+03 1.154e+02 1.600e+01
|        ( - -4.808e+02 1 0)
|        ( WDBNDRY_E 0 -3.408e+03 5.912e+01 1.400e+01
|            ( - -3.101e+03 2 0)
|            ( - -2.477e+02 1 0)))
|    ( QUESTION11 -1 -5.685e+03 9.800e+01 2.325e+01
|        ( - -1.936e+03 1 0)
|        ( - -3.652e+03 3 0)))
s>    ( QUESTION0_17_R 1 -9.840e+03 1.506e+02 3.925e+01
s>        ( QUESTION2_3_L -1 -4.004e+03 1.154e+02 1.600e+01
s>            ( - -4.808e+02 1 0)
s>            ( WDBNDRY_E 0 -3.408e+03 5.912e+01 1.400e+01
s>                ( - -3.101e+03 2 0)
s>                ( - -2.477e+02 1 0)))
s>        ( QUESTION11 -1 -5.685e+03 9.800e+01 2.325e+01
s>            ( - -1.936e+03 1 0)
s>            ( - -3.652e+03 3 0)))INFO: dtree.c(1315): Comp split 9
INFO: dtree.c(1439): stop. leaf nodes are specific
INFO: dtree.c(1478): Final simple tree
|( QUESTION11 -1 -6.562e+03 9.953e+01 2.625e+01
|    ( - -1.936e+03 1 0)
|    ( QUESTION2_3_L -1 -4.527e+03 1.088e+02 1.825e+01
|        ( - -4.808e+02 1 0)
|        ( WDBNDRY_E 0 -3.937e+03 3.773e+01 1.625e+01
|            ( - -3.652e+03 3 0)
|            ( - -2.477e+02 1 0))))
s>    ( QUESTION11 -1 -6.562e+03 9.953e+01 2.625e+01
s>        ( - -1.936e+03 1 0)
s>        ( QUESTION2_3_L -1 -4.527e+03 1.088e+02 1.825e+01
s>            ( - -4.808e+02 1 0)
s>            ( WDBNDRY_E 0 -3.937e+03 3.773e+01 1.625e+01
s>                ( - -3.652e+03 3 0)
s>                ( - -2.477e+02 1 0))))INFO: dtree.c(1315): Comp split 10
INFO: dtree.c(1478): Final simple tree
|( QUESTION0_20_R 1 -8.712e+03 1.596e+02 3.403e+01
|    ( - -6.251e+02 1 0)
|    ( QUESTION0_2_R 1 -7.927e+03 1.161e+02 3.103e+01
|        ( QUESTION4 -1 -6.165e+03 1.041e+02 2.403e+01
|            ( - -6.603e+02 1 0)
|            ( WDBNDRY_B 0 -5.401e+03 8.930e+01 2.103e+01
|                ( QUESTION14 -1 -1.160e+03 9.644e+01 5.000e+00
|                    ( - -6.066e+02 1 0)
|                    ( - -4.573e+02 1 0))
|                ( QUESTION11 -1 -4.151e+03 8.814e+01 1.603e+01
|                    ( - -1.239e+03 2 0)
|                    ( WDBNDRY_E 0 -2.824e+03 8.950e+01 1.100e+01
|                        ( - -1.161e+03 2 0 QUESTION13 -1 1.919e+02 5.000e+00)
|                        ( - -1.574e+03 4 0 QUESTION0_5_R 1 8.754e+01 6.000e+00)))))
|        ( - -1.646e+03 2 0)))
s>    ( QUESTION0_20_R 1 -8.712e+03 1.596e+02 3.403e+01
s>        ( - -6.251e+02 1 0)
s>        ( QUESTION0_2_R 1 -7.927e+03 1.161e+02 3.103e+01
s>            ( QUESTION4 -1 -6.165e+03 1.041e+02 2.403e+01
s>                ( - -6.603e+02 1 0)
s>                ( WDBNDRY_B 0 -5.401e+03 8.930e+01 2.103e+01
s>                    ( QUESTION14 -1 -1.160e+03 9.644e+01 5.000e+00
s>                        ( - -6.066e+02 1 0)
s>                        ( - -4.573e+02 1 0))
s>                    ( QUESTION11 -1 -4.151e+03 8.814e+01 1.603e+01
s>                        ( - -1.239e+03 2 0)
s>                        ( WDBNDRY_E 0 -2.824e+03 8.950e+01 1.100e+01
s>                            ( - -1.161e+03 2 0 QUESTION13 -1 1.919e+02 5.000e+00)
s>                            ( - -1.574e+03 4 0 QUESTION0_5_R 1 8.754e+01 6.000e+00)))))
s>            ( - -1.646e+03 2 0)))INFO: dtree.c(1315): Comp split 11
INFO: dtree.c(1478): Final simple tree
|( QUESTION0_2_R 1 -7.927e+03 1.161e+02 3.103e+01
|    ( QUESTION4 -1 -6.165e+03 1.041e+02 2.403e+01
|        ( - -6.603e+02 1 0)
|        ( WDBNDRY_B 0 -5.401e+03 8.930e+01 2.103e+01
|            ( QUESTION14 -1 -1.160e+03 9.644e+01 5.000e+00
|                ( - -6.066e+02 1 0)
|                ( - -4.573e+02 1 0))
|            ( QUESTION11 -1 -4.151e+03 8.814e+01 1.603e+01
|                ( - -1.239e+03 2 0)
|                ( WDBNDRY_E 0 -2.824e+03 8.950e+01 1.100e+01
|                    ( QUESTION13 -1 -1.161e+03 1.919e+02 5.000e+00
|                        ( - -5.515e+02 1 0)
|                        ( - -4.175e+02 1 0))
|                    ( - -1.574e+03 4 0 QUESTION0_5_R 1 8.754e+01 6.000e+00)))))
|    ( - -1.646e+03 2 0))
s>    ( QUESTION0_2_R 1 -7.927e+03 1.161e+02 3.103e+01
s>        ( QUESTION4 -1 -6.165e+03 1.041e+02 2.403e+01
s>            ( - -6.603e+02 1 0)
s>            ( WDBNDRY_B 0 -5.401e+03 8.930e+01 2.103e+01
s>                ( QUESTION14 -1 -1.160e+03 9.644e+01 5.000e+00
s>                    ( - -6.066e+02 1 0)
s>                    ( - -4.573e+02 1 0))
s>                ( QUESTION11 -1 -4.151e+03 8.814e+01 1.603e+01
s>                    ( - -1.239e+03 2 0)
s>                    ( WDBNDRY_E 0 -2.824e+03 8.950e+01 1.100e+01
s>                        ( QUESTION13 -1 -1.161e+03 1.919e+02 5.000e+00
s>                            ( - -5.515e+02 1 0)
s>                            ( - -4.175e+02 1 0))
s>                        ( - -1.574e+03 4 0 QUESTION0_5_R 1 8.754e+01 6.000e+00)))))
s>        ( - -1.646e+03 2 0))INFO: dtree.c(1315): Comp split 12
INFO: dtree.c(1478): Final simple tree
|( QUESTION0_5_R 1 -7.196e+03 1.209e+02 2.803e+01
|    ( QUESTION14 -1 -4.336e+03 1.211e+02 1.703e+01
|        ( - -6.066e+02 1 0)
|        ( QUESTION4 -1 -3.608e+03 1.035e+02 1.403e+01
|            ( - -6.603e+02 1 0)
|            ( WDBNDRY_E 0 -2.844e+03 7.784e+01 1.103e+01
|                ( - -1.239e+03 2 0)
|                ( WDBNDRY_B 0 -1.528e+03 6.304e+01 6.000e+00
|                    ( - -4.573e+02 1 0)
|                    ( - -1.007e+03 3 0 QUESTION0_6_R 1 6.505e+01 4.000e+00)))))
|    ( WDBNDRY_E 0 -2.739e+03 9.590e+01 1.100e+01
|        ( QUESTION0_2_R 1 -2.164e+03 1.005e+02 9.000e+00
|            ( - -4.175e+02 1 0)
|            ( - -1.646e+03 2 0))
|        ( - -4.790e+02 1 0)))
s>    ( QUESTION0_5_R 1 -7.196e+03 1.209e+02 2.803e+01
s>        ( QUESTION14 -1 -4.336e+03 1.211e+02 1.703e+01
s>            ( - -6.066e+02 1 0)
s>            ( QUESTION4 -1 -3.608e+03 1.035e+02 1.403e+01
s>                ( - -6.603e+02 1 0)
s>                ( WDBNDRY_E 0 -2.844e+03 7.784e+01 1.103e+01
s>                    ( - -1.239e+03 2 0)
s>                    ( WDBNDRY_B 0 -1.528e+03 6.304e+01 6.000e+00
s>                        ( - -4.573e+02 1 0)
s>                        ( - -1.007e+03 3 0 QUESTION0_6_R 1 6.505e+01 4.000e+00)))))
s>        ( WDBNDRY_E 0 -2.739e+03 9.590e+01 1.100e+01
s>            ( QUESTION0_2_R 1 -2.164e+03 1.005e+02 9.000e+00
s>                ( - -4.175e+02 1 0)
s>                ( - -1.646e+03 2 0))
s>            ( - -4.790e+02 1 0)))INFO: dtree.c(1315): Comp split 13
INFO: dtree.c(1439): stop. leaf nodes are specific
INFO: dtree.c(1478): Final simple tree
|( QUESTION11 1 -6.130e+03 8.063e+01 2.470e+01
|    ( QUESTION19 -1 -2.952e+03 8.258e+01 1.204e+01
|        ( - -2.153e+03 3 0)
|        ( WDBNDRY_E 0 -7.163e+02 5.582e+01 3.000e+00
|            ( - -2.124e+02 1 0)
|            ( - -4.481e+02 1 0)))
|    ( WDBNDRY_E 0 -3.097e+03 1.063e+02 1.266e+01
|        ( - -1.293e+03 2 0)
|        ( QUESTION13 -1 -1.697e+03 1.031e+02 7.023e+00
|            ( - -6.382e+02 1 0)
|            ( - -9.560e+02 1 0))))
s>    ( QUESTION11 1 -6.130e+03 8.063e+01 2.470e+01
s>        ( QUESTION19 -1 -2.952e+03 8.258e+01 1.204e+01
s>            ( - -2.153e+03 3 0)
s>            ( WDBNDRY_E 0 -7.163e+02 5.582e+01 3.000e+00
s>                ( - -2.124e+02 1 0)
s>                ( - -4.481e+02 1 0)))
s>        ( WDBNDRY_E 0 -3.097e+03 1.063e+02 1.266e+01
s>            ( - -1.293e+03 2 0)
s>            ( QUESTION13 -1 -1.697e+03 1.031e+02 7.023e+00
s>                ( - -6.382e+02 1 0)
s>                ( - -9.560e+02 1 0))))INFO: dtree.c(1315): Comp split 14
INFO: dtree.c(1439): stop. leaf nodes are specific
INFO: dtree.c(1478): Final simple tree
|( WDBNDRY_E 0 -3.730e+03 1.311e+02 1.600e+01
|    ( - -5.858e+02 1 0)
|    ( WDBNDRY_B 0 -3.013e+03 1.197e+02 1.300e+01
|        ( SILENCE -1 -1.805e+03 7.125e+01 8.001e+00
|            ( - -4.560e+02 1 0)
|            ( - -1.277e+03 1 0))
|        ( - -1.089e+03 1 0)))
s>    ( WDBNDRY_E 0 -3.730e+03 1.311e+02 1.600e+01
s>        ( - -5.858e+02 1 0)
s>        ( WDBNDRY_B 0 -3.013e+03 1.197e+02 1.300e+01
s>            ( SILENCE -1 -1.805e+03 7.125e+01 8.001e+00
s>                ( - -4.560e+02 1 0)
s>                ( - -1.277e+03 1 0))
s>            ( - -1.089e+03 1 0)))INFO: dtree.c(1315): Comp split 15
INFO: dtree.c(1439): stop. leaf nodes are specific
INFO: dtree.c(1478): Final simple tree
|( WDBNDRY_B 0 -3.013e+03 1.197e+02 1.300e+01
|    ( SILENCE -1 -1.805e+03 7.125e+01 8.001e+00
|        ( - -4.560e+02 1 0)
|        ( - -1.277e+03 1 0))
|    ( - -1.089e+03 1 0))
s>    ( WDBNDRY_B 0 -3.013e+03 1.197e+02 1.300e+01
s>        ( SILENCE -1 -1.805e+03 7.125e+01 8.001e+00
s>            ( - -4.560e+02 1 0)
s>            ( - -1.277e+03 1 0))
s>        ( - -1.089e+03 1 0))INFO: dtree.c(1315): Comp split 16
INFO: dtree.c(1478): Final simple tree
|( QUESTION0_5_R 1 -6.460e+03 1.131e+02 2.503e+01
|    ( QUESTION4 -1 -3.608e+03 1.035e+02 1.403e+01
|        ( - -6.603e+02 1 0)
|        ( WDBNDRY_E 0 -2.844e+03 7.784e+01 1.103e+01
|            ( - -1.239e+03 2 0)
|            ( WDBNDRY_B 0 -1.528e+03 6.304e+01 6.000e+00
|                ( - -4.573e+02 1 0)
|                ( QUESTION0_6_R 1 -1.007e+03 6.505e+01 4.000e+00
|                    ( - -4.896e+02 2 0 QUESTION0 -1 5.744e+01 2.000e+00)
|                    ( - -4.528e+02 1 0)))))
|    ( WDBNDRY_E 0 -2.739e+03 9.590e+01 1.100e+01
|        ( QUESTION0_2_R 1 -2.164e+03 1.005e+02 9.000e+00
|            ( - -4.175e+02 1 0)
|            ( - -1.646e+03 2 0))
|        ( - -4.790e+02 1 0)))
s>    ( QUESTION0_5_R 1 -6.460e+03 1.131e+02 2.503e+01
s>        ( QUESTION4 -1 -3.608e+03 1.035e+02 1.403e+01
s>            ( - -6.603e+02 1 0)
s>            ( WDBNDRY_E 0 -2.844e+03 7.784e+01 1.103e+01
s>                ( - -1.239e+03 2 0)
s>                ( WDBNDRY_B 0 -1.528e+03 6.304e+01 6.000e+00
s>                    ( - -4.573e+02 1 0)
s>                    ( QUESTION0_6_R 1 -1.007e+03 6.505e+01 4.000e+00
s>                        ( - -4.896e+02 2 0 QUESTION0 -1 5.744e+01 2.000e+00)
s>                        ( - -4.528e+02 1 0)))))
s>        ( WDBNDRY_E 0 -2.739e+03 9.590e+01 1.100e+01
s>            ( QUESTION0_2_R 1 -2.164e+03 1.005e+02 9.000e+00
s>                ( - -4.175e+02 1 0)
s>                ( - -1.646e+03 2 0))
s>            ( - -4.790e+02 1 0)))INFO: dtree.c(1315): Comp split 17
INFO: dtree.c(1478): Final simple tree
|( QUESTION11 -1 -1.426e+04 1.002e+02 5.501e+01
|    ( - -1.579e+03 2 0)
|    ( QUESTION0_14_R 1 -1.258e+04 8.174e+01 4.891e+01
|        ( - -9.605e+02 3 0)
|        ( QUESTION13 -1 -1.154e+04 7.428e+01 4.490e+01
|            ( - -6.614e+02 1 0)
|            ( WDBNDRY_E 0 -1.080e+04 7.430e+01 4.190e+01
|                ( QUESTION0_11_R 1 -7.678e+03 7.178e+01 2.997e+01
|                    ( QUESTION2_1_L -1 -4.855e+03 7.052e+01 1.886e+01
|                        ( - -1.884e+02 1 0)
|                        ( - -4.596e+03 5 0))
|                    ( QUESTION2_1_L -1 -2.751e+03 7.259e+01 1.112e+01
|                        ( - -2.089e+02 1 0)
|                        ( - -2.470e+03 2 0)))
|                ( - -3.047e+03 4 0 QUESTION2_1_L -1 5.630e+01 1.193e+01)))))
s>    ( QUESTION11 -1 -1.426e+04 1.002e+02 5.501e+01
s>        ( - -1.579e+03 2 0)
s>        ( QUESTION0_14_R 1 -1.258e+04 8.174e+01 4.891e+01
s>            ( - -9.605e+02 3 0)
s>            ( QUESTION13 -1 -1.154e+04 7.428e+01 4.490e+01
s>                ( - -6.614e+02 1 0)
s>                ( WDBNDRY_E 0 -1.080e+04 7.430e+01 4.190e+01
s>                    ( QUESTION0_11_R 1 -7.678e+03 7.178e+01 2.997e+01
s>                        ( QUESTION2_1_L -1 -4.855e+03 7.052e+01 1.886e+01
s>                            ( - -1.884e+02 1 0)
s>                            ( - -4.596e+03 5 0))
s>                        ( QUESTION2_1_L -1 -2.751e+03 7.259e+01 1.112e+01
s>                            ( - -2.089e+02 1 0)
s>                            ( - -2.470e+03 2 0)))
s>                    ( - -3.047e+03 4 0 QUESTION2_1_L -1 5.630e+01 1.193e+01)))))INFO: dtree.c(1439): stop. leaf nodes are specific
INFO: dtree.c(1478): Final simple tree
|( QUESTION0_13_R 1 -3.088e+03 1.063e+02 1.202e+01
|    ( - -4.060e+02 1 0)
|    ( QUESTION3 1 -2.575e+03 9.653e+01 1.002e+01
|        ( - -4.173e+02 1 0)
|        ( WDBNDRY_E 0 -2.062e+03 8.835e+01 8.023e+00
|            ( - -1.191e+03 1 0)
|            ( WDBNDRY_B 0 -7.818e+02 5.974e+01 3.002e+00
|                ( - -4.731e+02 1 0)
|                ( - -2.489e+02 1 0)))))
s>    ( QUESTION0_13_R 1 -3.088e+03 1.063e+02 1.202e+01
s>        ( - -4.060e+02 1 0)
s>        ( QUESTION3 1 -2.575e+03 9.653e+01 1.002e+01
s>            ( - -4.173e+02 1 0)
s>            ( WDBNDRY_E 0 -2.062e+03 8.835e+01 8.023e+00
s>                ( - -1.191e+03 1 0)
s>                ( WDBNDRY_B 0 -7.818e+02 5.974e+01 3.002e+00
s>                    ( - -4.731e+02 1 0)
s>                    ( - -2.489e+02 1 0)))))INFO: dtree.c(1315): Comp split 18
INFO: dtree.c(1439): stop. leaf nodes are specific
INFO: dtree.c(1478): Final simple tree
|( SILENCE -1 -1.805e+03 7.125e+01 8.001e+00
|    ( - -4.560e+02 1 0)
|    ( - -1.277e+03 1 0))
s>    ( SILENCE -1 -1.805e+03 7.125e+01 8.001e+00
s>        ( - -4.560e+02 1 0)
s>        ( - -1.277e+03 1 0))INFO: dtree.c(1315): Comp split 19
INFO: dtree.c(1439): stop. leaf nodes are specific
INFO: dtree.c(1478): Final simple tree
|( QUESTION0_2_R 1 -2.164e+03 1.005e+02 9.000e+00
|    ( - -4.175e+02 1 0)
|    ( - -1.646e+03 2 0))
s>    ( QUESTION0_2_R 1 -2.164e+03 1.005e+02 9.000e+00
s>        ( - -4.175e+02 1 0)
s>        ( - -1.646e+03 2 0))INFO: dtree.c(1439): stop. leaf nodes are specific
INFO: dtree.c(1478): Final simple tree
|( QUESTION4 -1 -4.179e+03 1.040e+02 1.603e+01
|    ( - -6.603e+02 1 0)
|    ( QUESTION0_5_R 1 -3.415e+03 9.156e+01 1.303e+01
|        ( WDBNDRY_E 0 -2.844e+03 7.784e+01 1.103e+01
|            ( - -1.239e+03 2 0)
|            ( WDBNDRY_B 0 -1.528e+03 6.304e+01 6.000e+00
|                ( - -4.573e+02 1 0)
|                ( QUESTION0_6_R 1 -1.007e+03 6.505e+01 4.000e+00
|                    ( QUESTION0 -1 -4.896e+02 5.744e+01 2.000e+00
|                        ( - -2.163e+02 1 0)
|                        ( - -2.159e+02 1 0))
|                    ( - -4.528e+02 1 0))))
|        ( - -4.790e+02 1 0)))
s>    ( QUESTION4 -1 -4.179e+03 1.040e+02 1.603e+01
s>        ( - -6.603e+02 1 0)
s>        ( QUESTION0_5_R 1 -3.415e+03 9.156e+01 1.303e+01
s>            ( WDBNDRY_E 0 -2.844e+03 7.784e+01 1.103e+01
s>                ( - -1.239e+03 2 0)
s>                ( WDBNDRY_B 0 -1.528e+03 6.304e+01 6.000e+00
s>                    ( - -4.573e+02 1 0)
s>                    ( QUESTION0_6_R 1 -1.007e+03 6.505e+01 4.000e+00
s>                        ( QUESTION0 -1 -4.896e+02 5.744e+01 2.000e+00
s>                            ( - -2.163e+02 1 0)
s>                            ( - -2.159e+02 1 0))
s>                        ( - -4.528e+02 1 0))))
s>            ( - -4.790e+02 1 0)))INFO: dtree.c(1315): Comp split 20
INFO: dtree.c(1439): stop. leaf nodes are specific
INFO: dtree.c(1478): Final simple tree
|( QUESTION11 -1 -5.969e+03 9.586e+01 2.425e+01
|    ( - -1.936e+03 1 0)
|    ( WDBNDRY_E 0 -3.937e+03 3.773e+01 1.625e+01
|        ( - -3.652e+03 3 0)
|        ( - -2.477e+02 1 0)))
s>    ( QUESTION11 -1 -5.969e+03 9.586e+01 2.425e+01
s>        ( - -1.936e+03 1 0)
s>        ( WDBNDRY_E 0 -3.937e+03 3.773e+01 1.625e+01
s>            ( - -3.652e+03 3 0)
s>            ( - -2.477e+02 1 0)))INFO: dtree.c(1315): Comp split 21
INFO: dtree.c(1439): stop. leaf nodes are specific
INFO: dtree.c(1478): Final simple tree
|( QUESTION3 1 -2.575e+03 9.653e+01 1.002e+01
|    ( - -4.173e+02 1 0)
|    ( WDBNDRY_E 0 -2.062e+03 8.835e+01 8.023e+00
|        ( - -1.191e+03 1 0)
|        ( WDBNDRY_B 0 -7.818e+02 5.974e+01 3.002e+00
|            ( - -4.731e+02 1 0)
|            ( - -2.489e+02 1 0))))
s>    ( QUESTION3 1 -2.575e+03 9.653e+01 1.002e+01
s>        ( - -4.173e+02 1 0)
s>        ( WDBNDRY_E 0 -2.062e+03 8.835e+01 8.023e+00
s>            ( - -1.191e+03 1 0)
s>            ( WDBNDRY_B 0 -7.818e+02 5.974e+01 3.002e+00
s>                ( - -4.731e+02 1 0)
s>                ( - -2.489e+02 1 0))))INFO: dtree.c(1315): Comp split 22
INFO: dtree.c(1439): stop. leaf nodes are specific
INFO: dtree.c(1478): Final simple tree
|( QUESTION0_5_R 1 -3.415e+03 9.156e+01 1.303e+01
|    ( WDBNDRY_E 0 -2.844e+03 7.784e+01 1.103e+01
|        ( - -1.239e+03 2 0)
|        ( WDBNDRY_B 0 -1.528e+03 6.304e+01 6.000e+00
|            ( - -4.573e+02 1 0)
|            ( QUESTION0_6_R 1 -1.007e+03 6.505e+01 4.000e+00
|                ( QUESTION0 -1 -4.896e+02 5.744e+01 2.000e+00
|                    ( - -2.163e+02 1 0)
|                    ( - -2.159e+02 1 0))
|                ( - -4.528e+02 1 0))))
|    ( - -4.790e+02 1 0))
s>    ( QUESTION0_5_R 1 -3.415e+03 9.156e+01 1.303e+01
s>        ( WDBNDRY_E 0 -2.844e+03 7.784e+01 1.103e+01
s>            ( - -1.239e+03 2 0)
s>            ( WDBNDRY_B 0 -1.528e+03 6.304e+01 6.000e+00
s>                ( - -4.573e+02 1 0)
s>                ( QUESTION0_6_R 1 -1.007e+03 6.505e+01 4.000e+00
s>                    ( QUESTION0 -1 -4.896e+02 5.744e+01 2.000e+00
s>                        ( - -2.163e+02 1 0)
s>                        ( - -2.159e+02 1 0))
s>                    ( - -4.528e+02 1 0))))
s>        ( - -4.790e+02 1 0))INFO: dtree.c(1315): Comp split 23
INFO: dtree.c(1439): stop. leaf nodes are specific
INFO: dtree.c(1478): Final simple tree
|( QUESTION11 1 -5.073e+03 8.600e+01 2.068e+01
|    ( QUESTION19 -1 -2.952e+03 8.258e+01 1.204e+01
|        ( - -2.153e+03 3 0)
|        ( WDBNDRY_E 0 -7.163e+02 5.582e+01 3.000e+00
|            ( - -2.124e+02 1 0)
|            ( - -4.481e+02 1 0)))
|    ( WDBNDRY_E 0 -2.035e+03 1.031e+02 8.638e+00
|        ( - -1.293e+03 2 0)
|        ( - -6.382e+02 1 0)))
s>    ( QUESTION11 1 -5.073e+03 8.600e+01 2.068e+01
s>        ( QUESTION19 -1 -2.952e+03 8.258e+01 1.204e+01
s>            ( - -2.153e+03 3 0)
s>            ( WDBNDRY_E 0 -7.163e+02 5.582e+01 3.000e+00
s>                ( - -2.124e+02 1 0)
s>                ( - -4.481e+02 1 0)))
s>        ( WDBNDRY_E 0 -2.035e+03 1.031e+02 8.638e+00
s>            ( - -1.293e+03 2 0)
s>            ( - -6.382e+02 1 0)))INFO: dtree.c(1315): Comp split 24
INFO: dtree.c(1315): Comp split 25
INFO: dtree.c(1478): Final simple tree
|( QUESTION0_14_R 1 -1.258e+04 8.174e+01 4.891e+01
|    ( - -9.605e+02 3 0)
|    ( QUESTION13 -1 -1.154e+04 7.428e+01 4.490e+01
|        ( - -6.614e+02 1 0)
|        ( WDBNDRY_E 0 -1.080e+04 7.430e+01 4.190e+01
|            ( QUESTION0_11_R 1 -7.678e+03 7.178e+01 2.997e+01
|                ( QUESTION2_1_L -1 -4.855e+03 7.052e+01 1.886e+01
|                    ( - -1.884e+02 1 0)
|                    ( - -4.596e+03 5 0))
|                ( QUESTION2_1_L -1 -2.751e+03 7.259e+01 1.112e+01
|                    ( - -2.089e+02 1 0)
|                    ( - -2.470e+03 2 0)))
|            ( QUESTION2_1_L -1 -3.047e+03 5.630e+01 1.193e+01
|                ( - -4.758e+02 1 0)
|                ( - -2.515e+03 3 0)))))
s>    ( QUESTION0_14_R 1 -1.258e+04 8.174e+01 4.891e+01
s>        ( - -9.605e+02 3 0)
s>        ( QUESTION13 -1 -1.154e+04 7.428e+01 4.490e+01
s>            ( - -6.614e+02 1 0)
s>            ( WDBNDRY_E 0 -1.080e+04 7.430e+01 4.190e+01
s>                ( QUESTION0_11_R 1 -7.678e+03 7.178e+01 2.997e+01
s>                    ( QUESTION2_1_L -1 -4.855e+03 7.052e+01 1.886e+01
s>                        ( - -1.884e+02 1 0)
s>                        ( - -4.596e+03 5 0))
s>                    ( QUESTION2_1_L -1 -2.751e+03 7.259e+01 1.112e+01
s>                        ( - -2.089e+02 1 0)
s>                        ( - -2.470e+03 2 0)))
s>                ( QUESTION2_1_L -1 -3.047e+03 5.630e+01 1.193e+01
s>                    ( - -4.758e+02 1 0)
s>                    ( - -2.515e+03 3 0)))))INFO: dtree.c(1315): Comp split 26
INFO: dtree.c(1439): stop. leaf nodes are specific
INFO: dtree.c(1478): Final simple tree
|( WDBNDRY_E 0 -2.062e+03 8.835e+01 8.023e+00
|    ( - -1.191e+03 1 0)
|    ( WDBNDRY_B 0 -7.818e+02 5.974e+01 3.002e+00
|        ( - -4.731e+02 1 0)
|        ( - -2.489e+02 1 0)))
s>    ( WDBNDRY_E 0 -2.062e+03 8.835e+01 8.023e+00
s>        ( - -1.191e+03 1 0)
s>        ( WDBNDRY_B 0 -7.818e+02 5.974e+01 3.002e+00
s>            ( - -4.731e+02 1 0)
s>            ( - -2.489e+02 1 0)))INFO: dtree.c(1315): Comp split 27
INFO: dtree.c(1439): stop. leaf nodes are specific
INFO: dtree.c(1478): Final simple tree
|( WDBNDRY_E 0 -3.937e+03 3.773e+01 1.625e+01
|    ( - -3.652e+03 3 0)
|    ( - -2.477e+02 1 0))
s>    ( WDBNDRY_E 0 -3.937e+03 3.773e+01 1.625e+01
s>        ( - -3.652e+03 3 0)
s>        ( - -2.477e+02 1 0))INFO: dtree.c(1315): Comp split 28
INFO: dtree.c(1439): stop. leaf nodes are specific
INFO: dtree.c(1478): Final simple tree
|( QUESTION11 1 -3.686e+03 9.534e+01 1.504e+01
|    ( QUESTION19 -1 -2.952e+03 8.258e+01 1.204e+01
|        ( - -2.153e+03 3 0)
|        ( WDBNDRY_E 0 -7.163e+02 5.582e+01 3.000e+00
|            ( - -2.124e+02 1 0)
|            ( - -4.481e+02 1 0)))
|    ( - -6.382e+02 1 0))
s>    ( QUESTION11 1 -3.686e+03 9.534e+01 1.504e+01
s>        ( QUESTION19 -1 -2.952e+03 8.258e+01 1.204e+01
s>            ( - -2.153e+03 3 0)
s>            ( WDBNDRY_E 0 -7.163e+02 5.582e+01 3.000e+00
s>                ( - -2.124e+02 1 0)
s>                ( - -4.481e+02 1 0)))
s>        ( - -6.382e+02 1 0))INFO: dtree.c(1315): Comp split 29
INFO: dtree.c(1439): stop. leaf nodes are specific
INFO: dtree.c(1478): Final simple tree
|( QUESTION19 -1 -2.952e+03 8.258e+01 1.204e+01
|    ( - -2.153e+03 3 0)
|    ( WDBNDRY_E 0 -7.163e+02 5.582e+01 3.000e+00
|        ( - -2.124e+02 1 0)
|        ( - -4.481e+02 1 0)))
s>    ( QUESTION19 -1 -2.952e+03 8.258e+01 1.204e+01
s>        ( - -2.153e+03 3 0)
s>        ( WDBNDRY_E 0 -7.163e+02 5.582e+01 3.000e+00
s>            ( - -2.124e+02 1 0)
s>            ( - -4.481e+02 1 0)))INFO: dtree.c(1315): Comp split 30
INFO: dtree.c(1439): stop. leaf nodes are specific
INFO: dtree.c(1478): Final simple tree
|( WDBNDRY_E 0 -2.844e+03 7.784e+01 1.103e+01
|    ( - -1.239e+03 2 0)
|    ( WDBNDRY_B 0 -1.528e+03 6.304e+01 6.000e+00
|        ( - -4.573e+02 1 0)
|        ( QUESTION0_6_R 1 -1.007e+03 6.505e+01 4.000e+00
|            ( QUESTION0 -1 -4.896e+02 5.744e+01 2.000e+00
|                ( - -2.163e+02 1 0)
|                ( - -2.159e+02 1 0))
|            ( - -4.528e+02 1 0))))
s>    ( WDBNDRY_E 0 -2.844e+03 7.784e+01 1.103e+01
s>        ( - -1.239e+03 2 0)
s>        ( WDBNDRY_B 0 -1.528e+03 6.304e+01 6.000e+00
s>            ( - -4.573e+02 1 0)
s>            ( QUESTION0_6_R 1 -1.007e+03 6.505e+01 4.000e+00
s>                ( QUESTION0 -1 -4.896e+02 5.744e+01 2.000e+00
s>                    ( - -2.163e+02 1 0)
s>                    ( - -2.159e+02 1 0))
s>                ( - -4.528e+02 1 0))))INFO: dtree.c(1315): Comp split 31
INFO: dtree.c(1439): stop. leaf nodes are specific
INFO: dtree.c(1478): Final simple tree
|( WDBNDRY_E 0 -6.060e+03 8.466e+01 2.405e+01
|    ( QUESTION13 -1 -3.461e+03 7.497e+01 1.412e+01
|        ( - -6.614e+02 1 0)
|        ( QUESTION0_11_R 1 -2.725e+03 6.656e+01 1.112e+01
|            ( - -1.884e+02 1 0)
|            ( - -2.470e+03 2 0)))
|    ( - -2.515e+03 3 0))
s>    ( WDBNDRY_E 0 -6.060e+03 8.466e+01 2.405e+01
s>        ( QUESTION13 -1 -3.461e+03 7.497e+01 1.412e+01
s>            ( - -6.614e+02 1 0)
s>            ( QUESTION0_11_R 1 -2.725e+03 6.656e+01 1.112e+01
s>                ( - -1.884e+02 1 0)
s>                ( - -2.470e+03 2 0)))
s>        ( - -2.515e+03 3 0))INFO: dtree.c(1439): stop. leaf nodes are specific
INFO: dtree.c(1478): Final simple tree
|( QUESTION0_14_R 1 -6.425e+03 7.250e+01 2.486e+01
|    ( - -9.605e+02 3 0)
|    ( QUESTION0_11_R 1 -5.392e+03 6.322e+01 2.086e+01
|        ( WDBNDRY_E 0 -5.120e+03 4.809e+01 1.986e+01
|            ( - -4.596e+03 5 0)
|            ( - -4.758e+02 1 0))
|        ( - -2.089e+02 1 0)))
s>    ( QUESTION0_14_R 1 -6.425e+03 7.250e+01 2.486e+01
s>        ( - -9.605e+02 3 0)
s>        ( QUESTION0_11_R 1 -5.392e+03 6.322e+01 2.086e+01
s>            ( WDBNDRY_E 0 -5.120e+03 4.809e+01 1.986e+01
s>                ( - -4.596e+03 5 0)
s>                ( - -4.758e+02 1 0))
s>            ( - -2.089e+02 1 0)))INFO: dtree.c(1315): Comp split 32
INFO: dtree.c(1439): stop. leaf nodes are specific
INFO: dtree.c(1478): Final simple tree
|( WDBNDRY_B 0 -7.818e+02 5.974e+01 3.002e+00
|    ( - -4.731e+02 1 0)
|    ( - -2.489e+02 1 0))
s>    ( WDBNDRY_B 0 -7.818e+02 5.974e+01 3.002e+00
s>        ( - -4.731e+02 1 0)
s>        ( - -2.489e+02 1 0))INFO: dtree.c(1315): Comp split 33
INFO: dtree.c(1439): stop. leaf nodes are specific
INFO: dtree.c(1478): Final simple tree
|( QUESTION13 -1 -3.461e+03 7.497e+01 1.412e+01
|    ( - -6.614e+02 1 0)
|    ( QUESTION0_11_R 1 -2.725e+03 6.656e+01 1.112e+01
|        ( - -1.884e+02 1 0)
|        ( - -2.470e+03 2 0)))
s>    ( QUESTION13 -1 -3.461e+03 7.497e+01 1.412e+01
s>        ( - -6.614e+02 1 0)
s>        ( QUESTION0_11_R 1 -2.725e+03 6.656e+01 1.112e+01
s>            ( - -1.884e+02 1 0)
s>            ( - -2.470e+03 2 0)))INFO: dtree.c(1315): Comp split 34
INFO: dtree.c(1439): stop. leaf nodes are specific
INFO: dtree.c(1478): Final simple tree
|( WDBNDRY_E 0 -7.163e+02 5.582e+01 3.000e+00
|    ( - -2.124e+02 1 0)
|    ( - -4.481e+02 1 0))
s>    ( WDBNDRY_E 0 -7.163e+02 5.582e+01 3.000e+00
s>        ( - -2.124e+02 1 0)
s>        ( - -4.481e+02 1 0))INFO: dtree.c(1315): Comp split 35
INFO: dtree.c(1439): stop. leaf nodes are specific
INFO: dtree.c(1478): Final simple tree
|( WDBNDRY_B 0 -1.528e+03 6.304e+01 6.000e+00
|    ( - -4.573e+02 1 0)
|    ( QUESTION0_6_R 1 -1.007e+03 6.505e+01 4.000e+00
|        ( QUESTION0 -1 -4.896e+02 5.744e+01 2.000e+00
|            ( - -2.163e+02 1 0)
|            ( - -2.159e+02 1 0))
|        ( - -4.528e+02 1 0)))
s>    ( WDBNDRY_B 0 -1.528e+03 6.304e+01 6.000e+00
s>        ( - -4.573e+02 1 0)
s>        ( QUESTION0_6_R 1 -1.007e+03 6.505e+01 4.000e+00
s>            ( QUESTION0 -1 -4.896e+02 5.744e+01 2.000e+00
s>                ( - -2.163e+02 1 0)
s>                ( - -2.159e+02 1 0))
s>            ( - -4.528e+02 1 0)))INFO: dtree.c(1315): Comp split 36
INFO: dtree.c(1439): stop. leaf nodes are specific
INFO: dtree.c(1478): Final simple tree
|( QUESTION0_11_R 1 -2.725e+03 6.656e+01 1.112e+01
|    ( - -1.884e+02 1 0)
|    ( - -2.470e+03 2 0))
s>    ( QUESTION0_11_R 1 -2.725e+03 6.656e+01 1.112e+01
s>        ( - -1.884e+02 1 0)
s>        ( - -2.470e+03 2 0))INFO: dtree.c(1315): Comp split 37
INFO: dtree.c(1439): stop. leaf nodes are specific
INFO: dtree.c(1478): Final simple tree
|( QUESTION0_11_R 1 -5.392e+03 6.322e+01 2.086e+01
|    ( WDBNDRY_E 0 -5.120e+03 4.809e+01 1.986e+01
|        ( - -4.596e+03 5 0)
|        ( - -4.758e+02 1 0))
|    ( - -2.089e+02 1 0))
s>    ( QUESTION0_11_R 1 -5.392e+03 6.322e+01 2.086e+01
s>        ( WDBNDRY_E 0 -5.120e+03 4.809e+01 1.986e+01
s>            ( - -4.596e+03 5 0)
s>            ( - -4.758e+02 1 0))
s>        ( - -2.089e+02 1 0))INFO: dtree.c(1315): Comp split 38
INFO: dtree.c(1315): Comp split 39
INFO: dtree.c(1315): Comp split 40
INFO: dtree.c(1439): stop. leaf nodes are specific
INFO: dtree.c(1478): Final simple tree
|( WDBNDRY_B 0 -1.010e+03 6.338e+01 4.000e+00
|    ( - -4.573e+02 1 0)
|    ( QUESTION0 -1 -4.896e+02 5.744e+01 2.000e+00
|        ( - -2.163e+02 1 0)
|        ( - -2.159e+02 1 0)))
s>    ( WDBNDRY_B 0 -1.010e+03 6.338e+01 4.000e+00
s>        ( - -4.573e+02 1 0)
s>        ( QUESTION0 -1 -4.896e+02 5.744e+01 2.000e+00
s>            ( - -2.163e+02 1 0)
s>            ( - -2.159e+02 1 0)))INFO: dtree.c(1315): Comp split 41
INFO: dtree.c(1439): stop. leaf nodes are specific
INFO: dtree.c(1478): Final simple tree
|( QUESTION0 -1 -4.896e+02 5.744e+01 2.000e+00
|    ( - -2.163e+02 1 0)
|    ( - -2.159e+02 1 0))
s>    ( QUESTION0 -1 -4.896e+02 5.744e+01 2.000e+00
s>        ( - -2.163e+02 1 0)
s>        ( - -2.159e+02 1 0))INFO: dtree.c(1315): Comp split 42
INFO: dtree.c(1439): stop. leaf nodes are specific
INFO: dtree.c(1478): Final simple tree
|( WDBNDRY_E 0 -5.120e+03 4.809e+01 1.986e+01
|    ( - -4.596e+03 5 0)
|    ( - -4.758e+02 1 0))
s>    ( WDBNDRY_E 0 -5.120e+03 4.809e+01 1.986e+01
s>        ( - -4.596e+03 5 0)
s>        ( - -4.758e+02 1 0))INFO: dtree.c(1315): Comp split 43
INFO: dtree.c(1315): Comp split 44
INFO: dtree.c(1315): Comp split 45
INFO: dtree.c(1315): Comp split 46
INFO: dtree.c(1315): Comp split 47
INFO: dtree.c(1315): Comp split 48
INFO: dtree.c(1318): stop. leaf nodes are specific
Thu May  7 00:23:30 2020
