Current configuration:
[NAME]		[DEFLT]	[VALUE]
-allphones	no	no
-cntthresh	0.00001	1.000000e-05
-csplitmax	100	2000
-csplitmin	1	1
-csplitthr	8e-4	0.000000e+00
-example	no	no
-fullvar	no	no
-help		no	no
-meanfn			/home/abdy/Desktop/diploma/kg/model_parameters/kg.cd_cont_untied/means
-mixwfn			/home/abdy/Desktop/diploma/kg/model_parameters/kg.cd_cont_untied/mixture_weights
-moddeffn		/home/abdy/Desktop/diploma/kg/model_architecture/kg.untied.mdef
-mwfloor	1e-4	1.000000e-08
-phone			l
-psetfn			/home/abdy/Desktop/diploma/kg/model_architecture/kg.tree_questions
-ssplitmax	5	7
-ssplitmin	1	1
-ssplitthr	8e-4	0.000000e+00
-state			0
-stwt			1.0,0.05,0.0,
-treefn			/home/abdy/Desktop/diploma/kg/trees/kg.unpruned/l-0.dtree
-ts2cbfn	.semi.	.cont.
-varfloor	0.00001	1.000000e-05
-varfn			/home/abdy/Desktop/diploma/kg/model_parameters/kg.cd_cont_untied/variances

INFO: main.c(223): Reading: /home/abdy/Desktop/diploma/kg/model_architecture/kg.untied.mdef
INFO: model_def_io.c(573): Model definition info:
INFO: model_def_io.c(574): 10297 total models defined (47 base, 10250 tri)
INFO: model_def_io.c(575): 41188 total states
INFO: model_def_io.c(576): 30891 total tied states
INFO: model_def_io.c(577): 141 total tied CI states
INFO: model_def_io.c(578): 47 total tied transition matrices
INFO: model_def_io.c(579): 4 max state/model
INFO: model_def_io.c(580): 4 min state/model
INFO: main.c(242): Building trees for [l SIL je b] through [l z a b]
INFO: main.c(269): Covering states |[12579 13604]| == 1026
INFO: main.c(275): Reading: /home/abdy/Desktop/diploma/kg/model_parameters/kg.cd_cont_untied/mixture_weights
INFO: s3mixw_io.c(173): Read /home/abdy/Desktop/diploma/kg/model_parameters/kg.cd_cont_untied/mixture_weights [1026x1x1 array]
INFO: main.c(311): 106 of 342 models have observation count greater than 0.000010
INFO: main.c(95): nrm stwt: 0.952 0.048 0.000 
INFO: s3gau_io.c(169): Read /home/abdy/Desktop/diploma/kg/model_parameters/kg.cd_cont_untied/means [30891x1x1 array]
INFO: s3gau_io.c(169): Read /home/abdy/Desktop/diploma/kg/model_parameters/kg.cd_cont_untied/variances [30891x1x1 array]
INFO: main.c(549): Reading: /home/abdy/Desktop/diploma/kg/model_architecture/kg.tree_questions
INFO: main.c(588): 174 total simple questions (166 phone; 8 word bndry)
INFO: main.c(590): 40 Left Only questions, and 42 Right Only questions
INFO: dtree.c(1478): Final simple tree
|( QUESTION2_3_L -1 -1.540e+05 1.248e+03 6.903e+02
|    ( QUESTION11 -1 -8.297e+04 5.701e+02 3.856e+02
|        ( - -6.360e+04 28 0 QUESTION0_0_R 1 3.162e+02 2.969e+02)
|        ( - -1.880e+04 8 0 SILENCE 1 4.483e+02 8.867e+01))
|    ( QUESTION0_18_R 1 -6.980e+04 4.705e+02 3.048e+02
|        ( - 2.416e+02 1 0)
|        ( WDBNDRY_E 0 -6.957e+04 4.752e+02 3.038e+02
|            ( QUESTION0_14_R 1 -1.896e+04 5.074e+02 8.630e+01
|                ( - 2.413e+02 1 0)
|                ( - -1.869e+04 15 0 QUESTION0_15_R 1 2.534e+02 8.530e+01))
|            ( QUESTION9 -1 -5.014e+04 4.676e+02 2.175e+02
|                ( - 2.182e+02 1 0)
|                ( QUESTION0_14_R 1 -4.989e+04 4.569e+02 2.165e+02
|                    ( - 2.198e+02 1 0)
|                    ( - -4.965e+04 51 0 QUESTION0_3_R 1 2.784e+02 2.155e+02))))))
s>    ( QUESTION2_3_L -1 -1.540e+05 1.248e+03 6.903e+02
s>        ( QUESTION11 -1 -8.297e+04 5.701e+02 3.856e+02
s>            ( - -6.360e+04 28 0 QUESTION0_0_R 1 3.162e+02 2.969e+02)
s>            ( - -1.880e+04 8 0 SILENCE 1 4.483e+02 8.867e+01))
s>        ( QUESTION0_18_R 1 -6.980e+04 4.705e+02 3.048e+02
s>            ( - 2.416e+02 1 0)
s>            ( WDBNDRY_E 0 -6.957e+04 4.752e+02 3.038e+02
s>                ( QUESTION0_14_R 1 -1.896e+04 5.074e+02 8.630e+01
s>                    ( - 2.413e+02 1 0)
s>                    ( - -1.869e+04 15 0 QUESTION0_15_R 1 2.534e+02 8.530e+01))
s>                ( QUESTION9 -1 -5.014e+04 4.676e+02 2.175e+02
s>                    ( - 2.182e+02 1 0)
s>                    ( QUESTION0_14_R 1 -4.989e+04 4.569e+02 2.165e+02
s>                        ( - 2.198e+02 1 0)
s>                        ( - -4.965e+04 51 0 QUESTION0_3_R 1 2.784e+02 2.155e+02))))))INFO: dtree.c(1315): Comp split 0
INFO: dtree.c(1478): Final simple tree
|( QUESTION11 -1 -1.021e+05 7.439e+02 4.708e+02
|    ( QUESTION0_0_R 1 -6.360e+04 3.162e+02 2.969e+02
|        ( - -1.085e+03 1 0)
|        ( SILENCE 1 -6.220e+04 2.961e+02 2.899e+02
|            ( - -3.040e+03 1 0)
|            ( QUESTION11 1 -5.886e+04 2.558e+02 2.765e+02
|                ( - -1.298e+04 4 0 WDBNDRY_E 0 1.285e+02 6.305e+01)
|                ( - -4.563e+04 22 0 QUESTION0_5_R 1 1.975e+02 2.134e+02))))
|    ( QUESTION2_1_L -1 -3.778e+04 2.819e+02 1.740e+02
|        ( SILENCE 1 -1.880e+04 4.483e+02 8.867e+01
|            ( - 1.735e+02 1 0)
|            ( - -1.853e+04 7 0 QUESTION1 1 1.760e+02 8.767e+01))
|        ( QUESTION0_15_R 1 -1.869e+04 2.534e+02 8.530e+01
|            ( - -2.228e+02 1 0)
|            ( - -1.822e+04 14 0 QUESTION11 1 2.409e+02 8.330e+01))))
s>    ( QUESTION11 -1 -1.021e+05 7.439e+02 4.708e+02
s>        ( QUESTION0_0_R 1 -6.360e+04 3.162e+02 2.969e+02
s>            ( - -1.085e+03 1 0)
s>            ( SILENCE 1 -6.220e+04 2.961e+02 2.899e+02
s>                ( - -3.040e+03 1 0)
s>                ( QUESTION11 1 -5.886e+04 2.558e+02 2.765e+02
s>                    ( - -1.298e+04 4 0 WDBNDRY_E 0 1.285e+02 6.305e+01)
s>                    ( - -4.563e+04 22 0 QUESTION0_5_R 1 1.975e+02 2.134e+02))))
s>        ( QUESTION2_1_L -1 -3.778e+04 2.819e+02 1.740e+02
s>            ( SILENCE 1 -1.880e+04 4.483e+02 8.867e+01
s>                ( - 1.735e+02 1 0)
s>                ( - -1.853e+04 7 0 QUESTION1 1 1.760e+02 8.767e+01))
s>            ( QUESTION0_15_R 1 -1.869e+04 2.534e+02 8.530e+01
s>                ( - -2.228e+02 1 0)
s>                ( - -1.822e+04 14 0 QUESTION11 1 2.409e+02 8.330e+01))))INFO: dtree.c(1478): Final simple tree
|( QUESTION0_16_R 1 -5.061e+04 4.685e+02 2.195e+02
|    ( - 2.416e+02 1 0)
|    ( WDBNDRY_E 0 -5.038e+04 4.808e+02 2.185e+02
|        ( - 2.413e+02 1 0)
|        ( QUESTION9 -1 -5.014e+04 4.676e+02 2.175e+02
|            ( - 2.182e+02 1 0)
|            ( QUESTION0_14_R 1 -4.989e+04 4.569e+02 2.165e+02
|                ( - 2.198e+02 1 0)
|                ( QUESTION0_3_R 1 -4.965e+04 2.784e+02 2.155e+02
|                    ( - -1.213e+04 15 0 QUESTION19 1 1.170e+02 5.301e+01)
|                    ( QUESTION0_19_R 1 -3.725e+04 2.304e+02 1.625e+02
|                        ( - -5.727e+03 4 0 QUESTION0 1 2.112e+02 2.711e+01)
|                        ( QUESTION0_0_R 1 -3.129e+04 2.124e+02 1.354e+02
|                            ( - -2.244e+02 1 0)
|                            ( - -3.085e+04 31 0 QUESTION0_12_R 1 1.478e+02 1.334e+02))))))))
s>    ( QUESTION0_16_R 1 -5.061e+04 4.685e+02 2.195e+02
s>        ( - 2.416e+02 1 0)
s>        ( WDBNDRY_E 0 -5.038e+04 4.808e+02 2.185e+02
s>            ( - 2.413e+02 1 0)
s>            ( QUESTION9 -1 -5.014e+04 4.676e+02 2.175e+02
s>                ( - 2.182e+02 1 0)
s>                ( QUESTION0_14_R 1 -4.989e+04 4.569e+02 2.165e+02
s>                    ( - 2.198e+02 1 0)
s>                    ( QUESTION0_3_R 1 -4.965e+04 2.784e+02 2.155e+02
s>                        ( - -1.213e+04 15 0 QUESTION19 1 1.170e+02 5.301e+01)
s>                        ( QUESTION0_19_R 1 -3.725e+04 2.304e+02 1.625e+02
s>                            ( - -5.727e+03 4 0 QUESTION0 1 2.112e+02 2.711e+01)
s>                            ( QUESTION0_0_R 1 -3.129e+04 2.124e+02 1.354e+02
s>                                ( - -2.244e+02 1 0)
s>                                ( - -3.085e+04 31 0 QUESTION0_12_R 1 1.478e+02 1.334e+02))))))))INFO: dtree.c(1315): Comp split 1
INFO: dtree.c(1478): Final simple tree
|( WDBNDRY_E 0 -4.064e+04 3.103e+02 1.854e+02
|    ( QUESTION11 -1 -2.207e+04 2.655e+02 9.876e+01
|        ( - -3.040e+03 1 0)
|        ( QUESTION11 1 -1.877e+04 2.374e+02 8.538e+01
|            ( - -5.136e+03 2 0)
|            ( QUESTION0_2_R 1 -1.340e+04 1.786e+02 6.015e+01
|                ( - -3.641e+03 2 0 QUESTION0_3_R 1 1.289e+02 1.725e+01)
|                ( QUESTION0_13_R 1 -9.576e+03 1.576e+02 4.290e+01
|                    ( - -1.659e+03 1 0)
|                    ( QUESTION0_9_R 1 -7.760e+03 1.394e+02 3.473e+01
|                        ( - -2.756e+03 4 0)
|                        ( - -4.865e+03 7 0 QUESTION0_0_R 1 1.377e+02 2.167e+01))))))
|    ( QUESTION1 1 -1.825e+04 1.760e+02 8.659e+01
|        ( - -3.821e+03 2 0 QUESTION0_9_R 1 8.044e+01 1.852e+01)
|        ( - -1.426e+04 4 0 QUESTION0_19_R 1 1.177e+02 6.807e+01)))
s>    ( WDBNDRY_E 0 -4.064e+04 3.103e+02 1.854e+02
s>        ( QUESTION11 -1 -2.207e+04 2.655e+02 9.876e+01
s>            ( - -3.040e+03 1 0)
s>            ( QUESTION11 1 -1.877e+04 2.374e+02 8.538e+01
s>                ( - -5.136e+03 2 0)
s>                ( QUESTION0_2_R 1 -1.340e+04 1.786e+02 6.015e+01
s>                    ( - -3.641e+03 2 0 QUESTION0_3_R 1 1.289e+02 1.725e+01)
s>                    ( QUESTION0_13_R 1 -9.576e+03 1.576e+02 4.290e+01
s>                        ( - -1.659e+03 1 0)
s>                        ( QUESTION0_9_R 1 -7.760e+03 1.394e+02 3.473e+01
s>                            ( - -2.756e+03 4 0)
s>                            ( - -4.865e+03 7 0 QUESTION0_0_R 1 1.377e+02 2.167e+01))))))
s>        ( QUESTION1 1 -1.825e+04 1.760e+02 8.659e+01
s>            ( - -3.821e+03 2 0 QUESTION0_9_R 1 8.044e+01 1.852e+01)
s>            ( - -1.426e+04 4 0 QUESTION0_19_R 1 1.177e+02 6.807e+01)))INFO: dtree.c(1478): Final simple tree
|( QUESTION0_0_R 1 -6.072e+04 3.123e+02 2.855e+02
|    ( - -1.085e+03 1 0)
|    ( QUESTION11 1 -5.932e+04 2.594e+02 2.785e+02
|        ( - -1.298e+04 4 0 WDBNDRY_E 0 1.285e+02 6.305e+01)
|        ( QUESTION0_17_R 1 -4.608e+04 2.293e+02 2.154e+02
|            ( - -2.228e+02 1 0)
|            ( QUESTION0_5_R 1 -4.563e+04 1.975e+02 2.134e+02
|                ( - -1.840e+03 1 0)
|                ( QUESTION7 1 -4.359e+04 1.909e+02 2.047e+02
|                    ( - -1.316e+03 1 0)
|                    ( WDBNDRY_E 0 -4.209e+04 1.791e+02 1.977e+02
|                        ( - -1.251e+04 9 0 QUESTION0_15_R 1 1.847e+02 5.904e+01)
|                        ( QUESTION0_13_R 1 -2.939e+04 1.942e+02 1.387e+02
|                            ( - -2.134e+03 2 0)
|                            ( - -2.707e+04 9 0 QUESTION0_4_R 1 1.363e+02 1.287e+02))))))))
s>    ( QUESTION0_0_R 1 -6.072e+04 3.123e+02 2.855e+02
s>        ( - -1.085e+03 1 0)
s>        ( QUESTION11 1 -5.932e+04 2.594e+02 2.785e+02
s>            ( - -1.298e+04 4 0 WDBNDRY_E 0 1.285e+02 6.305e+01)
s>            ( QUESTION0_17_R 1 -4.608e+04 2.293e+02 2.154e+02
s>                ( - -2.228e+02 1 0)
s>                ( QUESTION0_5_R 1 -4.563e+04 1.975e+02 2.134e+02
s>                    ( - -1.840e+03 1 0)
s>                    ( QUESTION7 1 -4.359e+04 1.909e+02 2.047e+02
s>                        ( - -1.316e+03 1 0)
s>                        ( WDBNDRY_E 0 -4.209e+04 1.791e+02 1.977e+02
s>                            ( - -1.251e+04 9 0 QUESTION0_15_R 1 1.847e+02 5.904e+01)
s>                            ( QUESTION0_13_R 1 -2.939e+04 1.942e+02 1.387e+02
s>                                ( - -2.134e+03 2 0)
s>                                ( - -2.707e+04 9 0 QUESTION0_4_R 1 1.363e+02 1.287e+02))))))))INFO: dtree.c(1315): Comp split 2
INFO: dtree.c(1478): Final simple tree
|( WDBNDRY_E 0 -5.037e+04 4.687e+02 2.185e+02
|    ( - 2.416e+02 1 0)
|    ( QUESTION9 -1 -5.014e+04 4.676e+02 2.175e+02
|        ( - 2.182e+02 1 0)
|        ( QUESTION0_14_R 1 -4.989e+04 4.569e+02 2.165e+02
|            ( - 2.198e+02 1 0)
|            ( QUESTION0_3_R 1 -4.965e+04 2.784e+02 2.155e+02
|                ( - -1.213e+04 15 0 QUESTION19 1 1.170e+02 5.301e+01)
|                ( QUESTION0_19_R 1 -3.725e+04 2.304e+02 1.625e+02
|                    ( QUESTION0 1 -5.727e+03 2.112e+02 2.711e+01
|                        ( - -2.689e+03 3 0)
|                        ( - -2.827e+03 1 0))
|                    ( QUESTION0_0_R 1 -3.129e+04 2.124e+02 1.354e+02
|                        ( - -2.244e+02 1 0)
|                        ( - -3.085e+04 31 0 QUESTION0_12_R 1 1.478e+02 1.334e+02)))))))
s>    ( WDBNDRY_E 0 -5.037e+04 4.687e+02 2.185e+02
s>        ( - 2.416e+02 1 0)
s>        ( QUESTION9 -1 -5.014e+04 4.676e+02 2.175e+02
s>            ( - 2.182e+02 1 0)
s>            ( QUESTION0_14_R 1 -4.989e+04 4.569e+02 2.165e+02
s>                ( - 2.198e+02 1 0)
s>                ( QUESTION0_3_R 1 -4.965e+04 2.784e+02 2.155e+02
s>                    ( - -1.213e+04 15 0 QUESTION19 1 1.170e+02 5.301e+01)
s>                    ( QUESTION0_19_R 1 -3.725e+04 2.304e+02 1.625e+02
s>                        ( QUESTION0 1 -5.727e+03 2.112e+02 2.711e+01
s>                            ( - -2.689e+03 3 0)
s>                            ( - -2.827e+03 1 0))
s>                        ( QUESTION0_0_R 1 -3.129e+04 2.124e+02 1.354e+02
s>                            ( - -2.244e+02 1 0)
s>                            ( - -3.085e+04 31 0 QUESTION0_12_R 1 1.478e+02 1.334e+02)))))))INFO: dtree.c(1315): Comp split 3
INFO: dtree.c(1478): Final simple tree
|( QUESTION9 -1 -5.014e+04 4.676e+02 2.175e+02
|    ( - 2.182e+02 1 0)
|    ( QUESTION0_14_R 1 -4.989e+04 4.569e+02 2.165e+02
|        ( - 2.198e+02 1 0)
|        ( QUESTION0_3_R 1 -4.965e+04 2.784e+02 2.155e+02
|            ( - -1.213e+04 15 0 QUESTION19 1 1.170e+02 5.301e+01)
|            ( QUESTION0_19_R 1 -3.725e+04 2.304e+02 1.625e+02
|                ( QUESTION0 1 -5.727e+03 2.112e+02 2.711e+01
|                    ( - -2.689e+03 3 0)
|                    ( - -2.827e+03 1 0))
|                ( QUESTION0_0_R 1 -3.129e+04 2.124e+02 1.354e+02
|                    ( - -2.244e+02 1 0)
|                    ( QUESTION0_12_R 1 -3.085e+04 1.478e+02 1.334e+02
|                        ( - -3.359e+03 2 0)
|                        ( - -2.735e+04 29 0 QUESTION0 -1 1.354e+02 1.177e+02)))))))
s>    ( QUESTION9 -1 -5.014e+04 4.676e+02 2.175e+02
s>        ( - 2.182e+02 1 0)
s>        ( QUESTION0_14_R 1 -4.989e+04 4.569e+02 2.165e+02
s>            ( - 2.198e+02 1 0)
s>            ( QUESTION0_3_R 1 -4.965e+04 2.784e+02 2.155e+02
s>                ( - -1.213e+04 15 0 QUESTION19 1 1.170e+02 5.301e+01)
s>                ( QUESTION0_19_R 1 -3.725e+04 2.304e+02 1.625e+02
s>                    ( QUESTION0 1 -5.727e+03 2.112e+02 2.711e+01
s>                        ( - -2.689e+03 3 0)
s>                        ( - -2.827e+03 1 0))
s>                    ( QUESTION0_0_R 1 -3.129e+04 2.124e+02 1.354e+02
s>                        ( - -2.244e+02 1 0)
s>                        ( QUESTION0_12_R 1 -3.085e+04 1.478e+02 1.334e+02
s>                            ( - -3.359e+03 2 0)
s>                            ( - -2.735e+04 29 0 QUESTION0 -1 1.354e+02 1.177e+02)))))))INFO: dtree.c(1315): Comp split 4
INFO: dtree.c(1478): Final simple tree
|( QUESTION0_14_R 1 -4.989e+04 4.569e+02 2.165e+02
|    ( - 2.198e+02 1 0)
|    ( QUESTION0_3_R 1 -4.965e+04 2.784e+02 2.155e+02
|        ( - -1.213e+04 15 0 QUESTION19 1 1.170e+02 5.301e+01)
|        ( QUESTION0_19_R 1 -3.725e+04 2.304e+02 1.625e+02
|            ( QUESTION0 1 -5.727e+03 2.112e+02 2.711e+01
|                ( - -2.689e+03 3 0)
|                ( - -2.827e+03 1 0))
|            ( QUESTION0_0_R 1 -3.129e+04 2.124e+02 1.354e+02
|                ( - -2.244e+02 1 0)
|                ( QUESTION0_12_R 1 -3.085e+04 1.478e+02 1.334e+02
|                    ( - -3.359e+03 2 0)
|                    ( QUESTION0 -1 -2.735e+04 1.354e+02 1.177e+02
|                        ( - -1.892e+03 2 0 QUESTION0_6_R 1 1.164e+02 8.991e+00)
|                        ( - -2.532e+04 27 0 QUESTION0_7_R 1 1.262e+02 1.087e+02)))))))
s>    ( QUESTION0_14_R 1 -4.989e+04 4.569e+02 2.165e+02
s>        ( - 2.198e+02 1 0)
s>        ( QUESTION0_3_R 1 -4.965e+04 2.784e+02 2.155e+02
s>            ( - -1.213e+04 15 0 QUESTION19 1 1.170e+02 5.301e+01)
s>            ( QUESTION0_19_R 1 -3.725e+04 2.304e+02 1.625e+02
s>                ( QUESTION0 1 -5.727e+03 2.112e+02 2.711e+01
s>                    ( - -2.689e+03 3 0)
s>                    ( - -2.827e+03 1 0))
s>                ( QUESTION0_0_R 1 -3.129e+04 2.124e+02 1.354e+02
s>                    ( - -2.244e+02 1 0)
s>                    ( QUESTION0_12_R 1 -3.085e+04 1.478e+02 1.334e+02
s>                        ( - -3.359e+03 2 0)
s>                        ( QUESTION0 -1 -2.735e+04 1.354e+02 1.177e+02
s>                            ( - -1.892e+03 2 0 QUESTION0_6_R 1 1.164e+02 8.991e+00)
s>                            ( - -2.532e+04 27 0 QUESTION0_7_R 1 1.262e+02 1.087e+02)))))))INFO: dtree.c(1315): Comp split 5
INFO: dtree.c(1478): Final simple tree
|( QUESTION0_3_R 1 -4.965e+04 2.784e+02 2.155e+02
|    ( - -1.213e+04 15 0 QUESTION19 1 1.170e+02 5.301e+01)
|    ( QUESTION0_19_R 1 -3.725e+04 2.304e+02 1.625e+02
|        ( QUESTION0 1 -5.727e+03 2.112e+02 2.711e+01
|            ( - -2.689e+03 3 0)
|            ( - -2.827e+03 1 0))
|        ( QUESTION0_0_R 1 -3.129e+04 2.124e+02 1.354e+02
|            ( - -2.244e+02 1 0)
|            ( QUESTION0_12_R 1 -3.085e+04 1.478e+02 1.334e+02
|                ( - -3.359e+03 2 0)
|                ( QUESTION0 -1 -2.735e+04 1.354e+02 1.177e+02
|                    ( - -1.892e+03 2 0 QUESTION0_6_R 1 1.164e+02 8.991e+00)
|                    ( QUESTION0_7_R 1 -2.532e+04 1.262e+02 1.087e+02
|                        ( - -6.636e+03 10 0 QUESTION2_1_L -1 1.193e+02 2.766e+01)
|                        ( - -1.856e+04 17 0 QUESTION0_9_R 1 1.095e+02 8.103e+01)))))))
s>    ( QUESTION0_3_R 1 -4.965e+04 2.784e+02 2.155e+02
s>        ( - -1.213e+04 15 0 QUESTION19 1 1.170e+02 5.301e+01)
s>        ( QUESTION0_19_R 1 -3.725e+04 2.304e+02 1.625e+02
s>            ( QUESTION0 1 -5.727e+03 2.112e+02 2.711e+01
s>                ( - -2.689e+03 3 0)
s>                ( - -2.827e+03 1 0))
s>            ( QUESTION0_0_R 1 -3.129e+04 2.124e+02 1.354e+02
s>                ( - -2.244e+02 1 0)
s>                ( QUESTION0_12_R 1 -3.085e+04 1.478e+02 1.334e+02
s>                    ( - -3.359e+03 2 0)
s>                    ( QUESTION0 -1 -2.735e+04 1.354e+02 1.177e+02
s>                        ( - -1.892e+03 2 0 QUESTION0_6_R 1 1.164e+02 8.991e+00)
s>                        ( QUESTION0_7_R 1 -2.532e+04 1.262e+02 1.087e+02
s>                            ( - -6.636e+03 10 0 QUESTION2_1_L -1 1.193e+02 2.766e+01)
s>                            ( - -1.856e+04 17 0 QUESTION0_9_R 1 1.095e+02 8.103e+01)))))))INFO: dtree.c(1315): Comp split 6
INFO: dtree.c(1478): Final simple tree
|( QUESTION11 -1 -1.669e+04 2.586e+02 7.354e+01
|    ( - -3.040e+03 1 0)
|    ( QUESTION0_2_R 1 -1.340e+04 1.786e+02 6.015e+01
|        ( - -3.641e+03 2 0 QUESTION0_3_R 1 1.289e+02 1.725e+01)
|        ( QUESTION0_13_R 1 -9.576e+03 1.576e+02 4.290e+01
|            ( - -1.659e+03 1 0)
|            ( QUESTION0_9_R 1 -7.760e+03 1.394e+02 3.473e+01
|                ( - -2.756e+03 4 0)
|                ( QUESTION0_0_R 1 -4.865e+03 1.377e+02 2.167e+01
|                    ( - -7.120e+02 1 0)
|                    ( QUESTION7 1 -4.015e+03 1.325e+02 1.767e+01
|                        ( - -3.368e+02 1 0)
|                        ( SILENCE 1 -3.546e+03 1.296e+02 1.567e+01
|                            ( - -6.129e+02 2 0 QUESTION2_1_L -1 5.288e+02 3.000e+00)
|                            ( - -2.803e+03 3 0 QUESTION0_11_R 1 6.526e+01 1.267e+01))))))))
s>    ( QUESTION11 -1 -1.669e+04 2.586e+02 7.354e+01
s>        ( - -3.040e+03 1 0)
s>        ( QUESTION0_2_R 1 -1.340e+04 1.786e+02 6.015e+01
s>            ( - -3.641e+03 2 0 QUESTION0_3_R 1 1.289e+02 1.725e+01)
s>            ( QUESTION0_13_R 1 -9.576e+03 1.576e+02 4.290e+01
s>                ( - -1.659e+03 1 0)
s>                ( QUESTION0_9_R 1 -7.760e+03 1.394e+02 3.473e+01
s>                    ( - -2.756e+03 4 0)
s>                    ( QUESTION0_0_R 1 -4.865e+03 1.377e+02 2.167e+01
s>                        ( - -7.120e+02 1 0)
s>                        ( QUESTION7 1 -4.015e+03 1.325e+02 1.767e+01
s>                            ( - -3.368e+02 1 0)
s>                            ( SILENCE 1 -3.546e+03 1.296e+02 1.567e+01
s>                                ( - -6.129e+02 2 0 QUESTION2_1_L -1 5.288e+02 3.000e+00)
s>                                ( - -2.803e+03 3 0 QUESTION0_11_R 1 6.526e+01 1.267e+01))))))))INFO: dtree.c(1439): stop. leaf nodes are specific
INFO: dtree.c(1478): Final simple tree
|( QUESTION4 1 -2.356e+04 1.874e+02 1.118e+02
|    ( QUESTION0_11_R 1 -9.738e+03 1.214e+02 4.796e+01
|        ( - -8.577e+03 1 0)
|        ( - -1.040e+03 1 0))
|    ( QUESTION0_2_R 1 -1.363e+04 1.385e+02 6.386e+01
|        ( WDBNDRY_E 0 -9.671e+03 1.250e+02 4.533e+01
|            ( - -5.136e+03 2 0)
|            ( - -4.410e+03 2 0))
|        ( QUESTION0_9_R 1 -3.821e+03 8.044e+01 1.852e+01
|            ( - -3.379e+03 1 0)
|            ( - -3.615e+02 1 0))))
s>    ( QUESTION4 1 -2.356e+04 1.874e+02 1.118e+02
s>        ( QUESTION0_11_R 1 -9.738e+03 1.214e+02 4.796e+01
s>            ( - -8.577e+03 1 0)
s>            ( - -1.040e+03 1 0))
s>        ( QUESTION0_2_R 1 -1.363e+04 1.385e+02 6.386e+01
s>            ( WDBNDRY_E 0 -9.671e+03 1.250e+02 4.533e+01
s>                ( - -5.136e+03 2 0)
s>                ( - -4.410e+03 2 0))
s>            ( QUESTION0_9_R 1 -3.821e+03 8.044e+01 1.852e+01
s>                ( - -3.379e+03 1 0)
s>                ( - -3.615e+02 1 0))))INFO: dtree.c(1315): Comp split 7
INFO: dtree.c(1439): stop. leaf nodes are specific
INFO: dtree.c(1478): Final simple tree
|( WDBNDRY_E 0 -6.017e+03 2.169e+02 2.769e+01
|    ( - -2.228e+02 1 0)
|    ( QUESTION0_19_R 1 -5.577e+03 1.955e+02 2.569e+01
|        ( - -1.316e+03 1 0)
|        ( QUESTION0_2_R 1 -4.065e+03 9.187e+01 1.869e+01
|            ( - -1.840e+03 1 0)
|            ( - -2.134e+03 2 0))))
s>    ( WDBNDRY_E 0 -6.017e+03 2.169e+02 2.769e+01
s>        ( - -2.228e+02 1 0)
s>        ( QUESTION0_19_R 1 -5.577e+03 1.955e+02 2.569e+01
s>            ( - -1.316e+03 1 0)
s>            ( QUESTION0_2_R 1 -4.065e+03 9.187e+01 1.869e+01
s>                ( - -1.840e+03 1 0)
s>                ( - -2.134e+03 2 0))))INFO: dtree.c(1478): Final simple tree
|( QUESTION0_0_R 1 -5.436e+04 3.121e+02 2.578e+02
|    ( - -1.085e+03 1 0)
|    ( WDBNDRY_E 0 -5.297e+04 2.304e+02 2.508e+02
|        ( QUESTION0_15_R 1 -1.341e+04 1.906e+02 6.304e+01
|            ( - -3.532e+03 2 0 QUESTION0_16_R 1 1.338e+02 1.810e+01)
|            ( QUESTION19 1 -9.691e+03 1.362e+02 4.494e+01
|                ( - -5.303e+03 3 0 QUESTION0_2_R 1 1.764e+02 2.563e+01)
|                ( - -4.251e+03 6 0 QUESTION0_2_R 1 1.210e+02 1.931e+01)))
|        ( QUESTION11 1 -3.932e+04 1.909e+02 1.878e+02
|            ( - -1.207e+04 2 0)
|            ( QUESTION0_4_R 1 -2.707e+04 1.363e+02 1.287e+02
|                ( - -9.287e+03 3 0)
|                ( QUESTION0_19_R 1 -1.764e+04 1.395e+02 8.270e+01
|                    ( - -3.945e+03 1 0)
|                    ( - -1.356e+04 5 0 QUESTION0_9_R 1 1.260e+02 6.239e+01))))))
s>    ( QUESTION0_0_R 1 -5.436e+04 3.121e+02 2.578e+02
s>        ( - -1.085e+03 1 0)
s>        ( WDBNDRY_E 0 -5.297e+04 2.304e+02 2.508e+02
s>            ( QUESTION0_15_R 1 -1.341e+04 1.906e+02 6.304e+01
s>                ( - -3.532e+03 2 0 QUESTION0_16_R 1 1.338e+02 1.810e+01)
s>                ( QUESTION19 1 -9.691e+03 1.362e+02 4.494e+01
s>                    ( - -5.303e+03 3 0 QUESTION0_2_R 1 1.764e+02 2.563e+01)
s>                    ( - -4.251e+03 6 0 QUESTION0_2_R 1 1.210e+02 1.931e+01)))
s>            ( QUESTION11 1 -3.932e+04 1.909e+02 1.878e+02
s>                ( - -1.207e+04 2 0)
s>                ( QUESTION0_4_R 1 -2.707e+04 1.363e+02 1.287e+02
s>                    ( - -9.287e+03 3 0)
s>                    ( QUESTION0_19_R 1 -1.764e+04 1.395e+02 8.270e+01
s>                        ( - -3.945e+03 1 0)
s>                        ( - -1.356e+04 5 0 QUESTION0_9_R 1 1.260e+02 6.239e+01))))))INFO: dtree.c(1315): Comp split 8
INFO: dtree.c(1478): Final simple tree
|( QUESTION0_0_R 1 -3.414e+04 2.128e+02 1.484e+02
|    ( - -2.244e+02 1 0)
|    ( QUESTION0_19_R 1 -3.371e+04 1.664e+02 1.464e+02
|        ( - -2.689e+03 3 0)
|        ( QUESTION0_12_R 1 -3.085e+04 1.478e+02 1.334e+02
|            ( - -3.359e+03 2 0)
|            ( QUESTION0 -1 -2.735e+04 1.354e+02 1.177e+02
|                ( QUESTION0_6_R 1 -1.892e+03 1.164e+02 8.991e+00
|                    ( - -7.954e+02 1 0)
|                    ( - -9.806e+02 1 0))
|                ( QUESTION0_7_R 1 -2.532e+04 1.262e+02 1.087e+02
|                    ( QUESTION2_1_L -1 -6.636e+03 1.193e+02 2.766e+01
|                        ( - -2.156e+03 3 0 QUESTION11 -1 8.412e+01 9.617e+00)
|                        ( - -4.361e+03 7 0 QUESTION13 1 9.211e+01 1.805e+01))
|                    ( - -1.856e+04 17 0 QUESTION0_9_R 1 1.095e+02 8.103e+01))))))
s>    ( QUESTION0_0_R 1 -3.414e+04 2.128e+02 1.484e+02
s>        ( - -2.244e+02 1 0)
s>        ( QUESTION0_19_R 1 -3.371e+04 1.664e+02 1.464e+02
s>            ( - -2.689e+03 3 0)
s>            ( QUESTION0_12_R 1 -3.085e+04 1.478e+02 1.334e+02
s>                ( - -3.359e+03 2 0)
s>                ( QUESTION0 -1 -2.735e+04 1.354e+02 1.177e+02
s>                    ( QUESTION0_6_R 1 -1.892e+03 1.164e+02 8.991e+00
s>                        ( - -7.954e+02 1 0)
s>                        ( - -9.806e+02 1 0))
s>                    ( QUESTION0_7_R 1 -2.532e+04 1.262e+02 1.087e+02
s>                        ( QUESTION2_1_L -1 -6.636e+03 1.193e+02 2.766e+01
s>                            ( - -2.156e+03 3 0 QUESTION11 -1 8.412e+01 9.617e+00)
s>                            ( - -4.361e+03 7 0 QUESTION13 1 9.211e+01 1.805e+01))
s>                        ( - -1.856e+04 17 0 QUESTION0_9_R 1 1.095e+02 8.103e+01))))))INFO: dtree.c(1478): Final simple tree
|( QUESTION0_2_R 1 -1.518e+04 2.273e+02 6.712e+01
|    ( QUESTION19 1 -1.213e+04 1.170e+02 5.301e+01
|        ( QUESTION1 -1 -4.150e+03 1.212e+02 1.871e+01
|            ( - -7.840e+02 1 0)
|            ( QUESTION19 -1 -3.245e+03 8.776e+01 1.471e+01
|                ( - -2.480e+03 3 0)
|                ( QUESTION0 -1 -6.772e+02 8.226e+01 3.000e+00
|                    ( - -2.099e+02 1 0)
|                    ( - -3.851e+02 1 0))))
|        ( QUESTION0 -1 -7.860e+03 1.184e+02 3.430e+01
|            ( - -2.219e+03 1 0)
|            ( QUESTION11 1 -5.523e+03 8.063e+01 2.372e+01
|                ( - -4.342e+03 6 0 QUESTION13 -1 7.414e+01 1.883e+01)
|                ( - -1.100e+03 2 0))))
|    ( - -2.827e+03 1 0))
s>    ( QUESTION0_2_R 1 -1.518e+04 2.273e+02 6.712e+01
s>        ( QUESTION19 1 -1.213e+04 1.170e+02 5.301e+01
s>            ( QUESTION1 -1 -4.150e+03 1.212e+02 1.871e+01
s>                ( - -7.840e+02 1 0)
s>                ( QUESTION19 -1 -3.245e+03 8.776e+01 1.471e+01
s>                    ( - -2.480e+03 3 0)
s>                    ( QUESTION0 -1 -6.772e+02 8.226e+01 3.000e+00
s>                        ( - -2.099e+02 1 0)
s>                        ( - -3.851e+02 1 0))))
s>            ( QUESTION0 -1 -7.860e+03 1.184e+02 3.430e+01
s>                ( - -2.219e+03 1 0)
s>                ( QUESTION11 1 -5.523e+03 8.063e+01 2.372e+01
s>                    ( - -4.342e+03 6 0 QUESTION13 -1 7.414e+01 1.883e+01)
s>                    ( - -1.100e+03 2 0))))
s>        ( - -2.827e+03 1 0))INFO: dtree.c(1315): Comp split 9
INFO: dtree.c(1478): Final simple tree
|( WDBNDRY_E 0 -5.297e+04 2.304e+02 2.508e+02
|    ( QUESTION0_15_R 1 -1.341e+04 1.906e+02 6.304e+01
|        ( - -3.532e+03 2 0 QUESTION0_16_R 1 1.338e+02 1.810e+01)
|        ( QUESTION19 1 -9.691e+03 1.362e+02 4.494e+01
|            ( QUESTION0_2_R 1 -5.303e+03 1.764e+02 2.563e+01
|                ( - -2.788e+03 2 0 QUESTION0_3_R 1 1.011e+02 1.382e+01)
|                ( - -2.339e+03 1 0))
|            ( - -4.251e+03 6 0 QUESTION0_2_R 1 1.210e+02 1.931e+01)))
|    ( QUESTION11 1 -3.932e+04 1.909e+02 1.878e+02
|        ( - -1.207e+04 2 0)
|        ( QUESTION0_4_R 1 -2.707e+04 1.363e+02 1.287e+02
|            ( - -9.287e+03 3 0)
|            ( QUESTION0_19_R 1 -1.764e+04 1.395e+02 8.270e+01
|                ( - -3.945e+03 1 0)
|                ( - -1.356e+04 5 0 QUESTION0_9_R 1 1.260e+02 6.239e+01)))))
s>    ( WDBNDRY_E 0 -5.297e+04 2.304e+02 2.508e+02
s>        ( QUESTION0_15_R 1 -1.341e+04 1.906e+02 6.304e+01
s>            ( - -3.532e+03 2 0 QUESTION0_16_R 1 1.338e+02 1.810e+01)
s>            ( QUESTION19 1 -9.691e+03 1.362e+02 4.494e+01
s>                ( QUESTION0_2_R 1 -5.303e+03 1.764e+02 2.563e+01
s>                    ( - -2.788e+03 2 0 QUESTION0_3_R 1 1.011e+02 1.382e+01)
s>                    ( - -2.339e+03 1 0))
s>                ( - -4.251e+03 6 0 QUESTION0_2_R 1 1.210e+02 1.931e+01)))
s>        ( QUESTION11 1 -3.932e+04 1.909e+02 1.878e+02
s>            ( - -1.207e+04 2 0)
s>            ( QUESTION0_4_R 1 -2.707e+04 1.363e+02 1.287e+02
s>                ( - -9.287e+03 3 0)
s>                ( QUESTION0_19_R 1 -1.764e+04 1.395e+02 8.270e+01
s>                    ( - -3.945e+03 1 0)
s>                    ( - -1.356e+04 5 0 QUESTION0_9_R 1 1.260e+02 6.239e+01)))))INFO: dtree.c(1315): Comp split 10
INFO: dtree.c(1478): Final simple tree
|( QUESTION19 1 -2.713e+04 1.901e+02 1.254e+02
|    ( QUESTION0_2_R 1 -5.303e+03 1.764e+02 2.563e+01
|        ( - -2.788e+03 2 0 QUESTION0_3_R 1 1.011e+02 1.382e+01)
|        ( - -2.339e+03 1 0))
|    ( QUESTION0_16_R 1 -2.164e+04 1.517e+02 9.980e+01
|        ( - -1.520e+03 1 0)
|        ( QUESTION0_9_R 1 -1.997e+04 1.340e+02 9.169e+01
|            ( - -5.094e+03 2 0)
|            ( QUESTION0_15_R 1 -1.474e+04 1.237e+02 6.716e+01
|                ( WDBNDRY_E 0 -6.812e+03 1.484e+02 3.226e+01
|                    ( - -1.878e+03 1 0)
|                    ( - -4.786e+03 1 0))
|                ( QUESTION15 1 -7.805e+03 1.193e+02 3.490e+01
|                    ( - -2.139e+03 1 0)
|                    ( - -5.546e+03 7 0 QUESTION0_11_R 1 1.117e+02 2.453e+01))))))
s>    ( QUESTION19 1 -2.713e+04 1.901e+02 1.254e+02
s>        ( QUESTION0_2_R 1 -5.303e+03 1.764e+02 2.563e+01
s>            ( - -2.788e+03 2 0 QUESTION0_3_R 1 1.011e+02 1.382e+01)
s>            ( - -2.339e+03 1 0))
s>        ( QUESTION0_16_R 1 -2.164e+04 1.517e+02 9.980e+01
s>            ( - -1.520e+03 1 0)
s>            ( QUESTION0_9_R 1 -1.997e+04 1.340e+02 9.169e+01
s>                ( - -5.094e+03 2 0)
s>                ( QUESTION0_15_R 1 -1.474e+04 1.237e+02 6.716e+01
s>                    ( WDBNDRY_E 0 -6.812e+03 1.484e+02 3.226e+01
s>                        ( - -1.878e+03 1 0)
s>                        ( - -4.786e+03 1 0))
s>                    ( QUESTION15 1 -7.805e+03 1.193e+02 3.490e+01
s>                        ( - -2.139e+03 1 0)
s>                        ( - -5.546e+03 7 0 QUESTION0_11_R 1 1.117e+02 2.453e+01))))))INFO: dtree.c(1439): stop. leaf nodes are specific
INFO: dtree.c(1478): Final simple tree
|( QUESTION0_3_R 1 -2.556e+04 1.457e+02 1.254e+02
|    ( - -1.207e+04 2 0)
|    ( QUESTION0_2_R 1 -1.335e+04 1.158e+02 6.632e+01
|        ( - -9.287e+03 3 0)
|        ( - -3.945e+03 1 0)))
s>    ( QUESTION0_3_R 1 -2.556e+04 1.457e+02 1.254e+02
s>        ( - -1.207e+04 2 0)
s>        ( QUESTION0_2_R 1 -1.335e+04 1.158e+02 6.632e+01
s>            ( - -9.287e+03 3 0)
s>            ( - -3.945e+03 1 0)))INFO: dtree.c(1315): Comp split 11
INFO: dtree.c(1439): stop. leaf nodes are specific
INFO: dtree.c(1478): Final simple tree
|( SILENCE 1 -3.900e+03 1.486e+02 1.739e+01
|    ( - -3.040e+03 1 0)
|    ( - -7.120e+02 1 0))
s>    ( SILENCE 1 -3.900e+03 1.486e+02 1.739e+01
s>        ( - -3.040e+03 1 0)
s>        ( - -7.120e+02 1 0))INFO: dtree.c(1478): Final simple tree
|( QUESTION0_2_R 1 -1.253e+04 1.669e+02 5.615e+01
|    ( QUESTION0_3_R 1 -3.641e+03 1.289e+02 1.725e+01
|        ( - -2.614e+03 1 0)
|        ( - -8.976e+02 1 0))
|    ( QUESTION0_13_R 1 -8.727e+03 1.541e+02 3.890e+01
|        ( - -1.659e+03 1 0)
|        ( QUESTION0_9_R 1 -6.915e+03 1.435e+02 3.073e+01
|            ( - -2.756e+03 4 0)
|            ( QUESTION7 1 -4.015e+03 1.325e+02 1.767e+01
|                ( - -3.368e+02 1 0)
|                ( SILENCE 1 -3.546e+03 1.296e+02 1.567e+01
|                    ( QUESTION2_1_L -1 -6.129e+02 5.288e+02 3.000e+00
|                        ( - 1.735e+02 1 0)
|                        ( - -2.576e+02 1 0))
|                    ( - -2.803e+03 3 0 QUESTION0_11_R 1 6.526e+01 1.267e+01))))))
s>    ( QUESTION0_2_R 1 -1.253e+04 1.669e+02 5.615e+01
s>        ( QUESTION0_3_R 1 -3.641e+03 1.289e+02 1.725e+01
s>            ( - -2.614e+03 1 0)
s>            ( - -8.976e+02 1 0))
s>        ( QUESTION0_13_R 1 -8.727e+03 1.541e+02 3.890e+01
s>            ( - -1.659e+03 1 0)
s>            ( QUESTION0_9_R 1 -6.915e+03 1.435e+02 3.073e+01
s>                ( - -2.756e+03 4 0)
s>                ( QUESTION7 1 -4.015e+03 1.325e+02 1.767e+01
s>                    ( - -3.368e+02 1 0)
s>                    ( SILENCE 1 -3.546e+03 1.296e+02 1.567e+01
s>                        ( QUESTION2_1_L -1 -6.129e+02 5.288e+02 3.000e+00
s>                            ( - 1.735e+02 1 0)
s>                            ( - -2.576e+02 1 0))
s>                        ( - -2.803e+03 3 0 QUESTION0_11_R 1 6.526e+01 1.267e+01))))))INFO: dtree.c(1315): Comp split 12
INFO: dtree.c(1478): Final simple tree
|( SILENCE 1 -1.225e+04 2.162e+02 5.515e+01
|    ( - -2.576e+02 1 0)
|    ( QUESTION0_9_R 1 -1.178e+04 1.601e+02 5.315e+01
|        ( - -2.756e+03 4 0)
|        ( QUESTION0_11_R 1 -8.864e+03 1.628e+02 4.009e+01
|            ( QUESTION0_13_R 1 -1.940e+03 6.825e+01 9.248e+00
|                ( - -1.659e+03 1 0)
|                ( - -2.131e+02 1 0))
|            ( QUESTION7 1 -6.762e+03 1.501e+02 3.085e+01
|                ( - -3.368e+02 1 0)
|                ( QUESTION0_4_R 1 -6.275e+03 1.272e+02 2.885e+01
|                    ( - -8.976e+02 1 0)
|                    ( QUESTION0_2_R 1 -5.250e+03 1.108e+02 2.455e+01
|                        ( - -2.614e+03 1 0)
|                        ( - -2.525e+03 2 0)))))))
s>    ( SILENCE 1 -1.225e+04 2.162e+02 5.515e+01
s>        ( - -2.576e+02 1 0)
s>        ( QUESTION0_9_R 1 -1.178e+04 1.601e+02 5.315e+01
s>            ( - -2.756e+03 4 0)
s>            ( QUESTION0_11_R 1 -8.864e+03 1.628e+02 4.009e+01
s>                ( QUESTION0_13_R 1 -1.940e+03 6.825e+01 9.248e+00
s>                    ( - -1.659e+03 1 0)
s>                    ( - -2.131e+02 1 0))
s>                ( QUESTION7 1 -6.762e+03 1.501e+02 3.085e+01
s>                    ( - -3.368e+02 1 0)
s>                    ( QUESTION0_4_R 1 -6.275e+03 1.272e+02 2.885e+01
s>                        ( - -8.976e+02 1 0)
s>                        ( QUESTION0_2_R 1 -5.250e+03 1.108e+02 2.455e+01
s>                            ( - -2.614e+03 1 0)
s>                            ( - -2.525e+03 2 0)))))))INFO: dtree.c(1315): Comp split 13
INFO: dtree.c(1478): Final simple tree
|( QUESTION19 1 -1.213e+04 1.170e+02 5.301e+01
|    ( QUESTION1 -1 -4.150e+03 1.212e+02 1.871e+01
|        ( - -7.840e+02 1 0)
|        ( QUESTION19 -1 -3.245e+03 8.776e+01 1.471e+01
|            ( - -2.480e+03 3 0)
|            ( QUESTION0 -1 -6.772e+02 8.226e+01 3.000e+00
|                ( - -2.099e+02 1 0)
|                ( - -3.851e+02 1 0))))
|    ( QUESTION0 -1 -7.860e+03 1.184e+02 3.430e+01
|        ( - -2.219e+03 1 0)
|        ( QUESTION11 1 -5.523e+03 8.063e+01 2.372e+01
|            ( QUESTION13 -1 -4.342e+03 7.414e+01 1.883e+01
|                ( - -2.440e+02 1 0)
|                ( - -4.024e+03 5 0))
|            ( - -1.100e+03 2 0))))
s>    ( QUESTION19 1 -1.213e+04 1.170e+02 5.301e+01
s>        ( QUESTION1 -1 -4.150e+03 1.212e+02 1.871e+01
s>            ( - -7.840e+02 1 0)
s>            ( QUESTION19 -1 -3.245e+03 8.776e+01 1.471e+01
s>                ( - -2.480e+03 3 0)
s>                ( QUESTION0 -1 -6.772e+02 8.226e+01 3.000e+00
s>                    ( - -2.099e+02 1 0)
s>                    ( - -3.851e+02 1 0))))
s>        ( QUESTION0 -1 -7.860e+03 1.184e+02 3.430e+01
s>            ( - -2.219e+03 1 0)
s>            ( QUESTION11 1 -5.523e+03 8.063e+01 2.372e+01
s>                ( QUESTION13 -1 -4.342e+03 7.414e+01 1.883e+01
s>                    ( - -2.440e+02 1 0)
s>                    ( - -4.024e+03 5 0))
s>                ( - -1.100e+03 2 0))))INFO: dtree.c(1315): Comp split 14
INFO: dtree.c(1439): stop. leaf nodes are specific
INFO: dtree.c(1478): Final simple tree
|( QUESTION0_19_R 1 -5.577e+03 1.955e+02 2.569e+01
|    ( - -1.316e+03 1 0)
|    ( QUESTION0_2_R 1 -4.065e+03 9.187e+01 1.869e+01
|        ( - -1.840e+03 1 0)
|        ( - -2.134e+03 2 0)))
s>    ( QUESTION0_19_R 1 -5.577e+03 1.955e+02 2.569e+01
s>        ( - -1.316e+03 1 0)
s>        ( QUESTION0_2_R 1 -4.065e+03 9.187e+01 1.869e+01
s>            ( - -1.840e+03 1 0)
s>            ( - -2.134e+03 2 0)))INFO: dtree.c(1315): Comp split 15
INFO: dtree.c(1439): stop. leaf nodes are specific
INFO: dtree.c(1478): Final simple tree
|( QUESTION0_9_R 1 -1.178e+04 1.601e+02 5.315e+01
|    ( - -2.756e+03 4 0)
|    ( QUESTION0_11_R 1 -8.864e+03 1.628e+02 4.009e+01
|        ( QUESTION0_13_R 1 -1.940e+03 6.825e+01 9.248e+00
|            ( - -1.659e+03 1 0)
|            ( - -2.131e+02 1 0))
|        ( QUESTION7 1 -6.762e+03 1.501e+02 3.085e+01
|            ( - -3.368e+02 1 0)
|            ( QUESTION0_4_R 1 -6.275e+03 1.272e+02 2.885e+01
|                ( - -8.976e+02 1 0)
|                ( QUESTION0_2_R 1 -5.250e+03 1.108e+02 2.455e+01
|                    ( - -2.614e+03 1 0)
|                    ( - -2.525e+03 2 0))))))
s>    ( QUESTION0_9_R 1 -1.178e+04 1.601e+02 5.315e+01
s>        ( - -2.756e+03 4 0)
s>        ( QUESTION0_11_R 1 -8.864e+03 1.628e+02 4.009e+01
s>            ( QUESTION0_13_R 1 -1.940e+03 6.825e+01 9.248e+00
s>                ( - -1.659e+03 1 0)
s>                ( - -2.131e+02 1 0))
s>            ( QUESTION7 1 -6.762e+03 1.501e+02 3.085e+01
s>                ( - -3.368e+02 1 0)
s>                ( QUESTION0_4_R 1 -6.275e+03 1.272e+02 2.885e+01
s>                    ( - -8.976e+02 1 0)
s>                    ( QUESTION0_2_R 1 -5.250e+03 1.108e+02 2.455e+01
s>                        ( - -2.614e+03 1 0)
s>                        ( - -2.525e+03 2 0))))))INFO: dtree.c(1315): Comp split 16
INFO: dtree.c(1478): Final simple tree
|( QUESTION0_19_R 1 -3.371e+04 1.664e+02 1.464e+02
|    ( - -2.689e+03 3 0)
|    ( QUESTION0_12_R 1 -3.085e+04 1.478e+02 1.334e+02
|        ( - -3.359e+03 2 0)
|        ( QUESTION0 -1 -2.735e+04 1.354e+02 1.177e+02
|            ( QUESTION0_6_R 1 -1.892e+03 1.164e+02 8.991e+00
|                ( - -7.954e+02 1 0)
|                ( - -9.806e+02 1 0))
|            ( QUESTION0_7_R 1 -2.532e+04 1.262e+02 1.087e+02
|                ( QUESTION2_1_L -1 -6.636e+03 1.193e+02 2.766e+01
|                    ( - -2.156e+03 3 0 QUESTION11 -1 8.412e+01 9.617e+00)
|                    ( - -4.361e+03 7 0 QUESTION13 1 9.211e+01 1.805e+01))
|                ( QUESTION0_9_R 1 -1.856e+04 1.095e+02 8.103e+01
|                    ( - -3.764e+03 5 0 QUESTION2_1_L -1 5.782e+01 1.731e+01)
|                    ( - -1.468e+04 12 0 QUESTION13 -1 1.045e+02 6.372e+01))))))
s>    ( QUESTION0_19_R 1 -3.371e+04 1.664e+02 1.464e+02
s>        ( - -2.689e+03 3 0)
s>        ( QUESTION0_12_R 1 -3.085e+04 1.478e+02 1.334e+02
s>            ( - -3.359e+03 2 0)
s>            ( QUESTION0 -1 -2.735e+04 1.354e+02 1.177e+02
s>                ( QUESTION0_6_R 1 -1.892e+03 1.164e+02 8.991e+00
s>                    ( - -7.954e+02 1 0)
s>                    ( - -9.806e+02 1 0))
s>                ( QUESTION0_7_R 1 -2.532e+04 1.262e+02 1.087e+02
s>                    ( QUESTION2_1_L -1 -6.636e+03 1.193e+02 2.766e+01
s>                        ( - -2.156e+03 3 0 QUESTION11 -1 8.412e+01 9.617e+00)
s>                        ( - -4.361e+03 7 0 QUESTION13 1 9.211e+01 1.805e+01))
s>                    ( QUESTION0_9_R 1 -1.856e+04 1.095e+02 8.103e+01
s>                        ( - -3.764e+03 5 0 QUESTION2_1_L -1 5.782e+01 1.731e+01)
s>                        ( - -1.468e+04 12 0 QUESTION13 -1 1.045e+02 6.372e+01))))))INFO: dtree.c(1315): Comp split 17
INFO: dtree.c(1439): stop. leaf nodes are specific
INFO: dtree.c(1478): Final simple tree
|( WDBNDRY_E 0 -9.087e+03 1.303e+02 4.375e+01
|    ( - -5.136e+03 2 0)
|    ( QUESTION0_9_R 1 -3.821e+03 8.044e+01 1.852e+01
|        ( - -3.379e+03 1 0)
|        ( - -3.615e+02 1 0)))
s>    ( WDBNDRY_E 0 -9.087e+03 1.303e+02 4.375e+01
s>        ( - -5.136e+03 2 0)
s>        ( QUESTION0_9_R 1 -3.821e+03 8.044e+01 1.852e+01
s>            ( - -3.379e+03 1 0)
s>            ( - -3.615e+02 1 0)))INFO: dtree.c(1439): stop. leaf nodes are specific
INFO: dtree.c(1478): Final simple tree
|( QUESTION0_19_R 1 -1.426e+04 1.177e+02 6.807e+01
|    ( - -1.040e+03 1 0)
|    ( QUESTION0_2_R 1 -1.310e+04 1.120e+02 6.252e+01
|        ( - -4.410e+03 2 0)
|        ( - -8.577e+03 1 0)))
s>    ( QUESTION0_19_R 1 -1.426e+04 1.177e+02 6.807e+01
s>        ( - -1.040e+03 1 0)
s>        ( QUESTION0_2_R 1 -1.310e+04 1.120e+02 6.252e+01
s>            ( - -4.410e+03 2 0)
s>            ( - -8.577e+03 1 0)))INFO: dtree.c(1315): Comp split 18
INFO: dtree.c(1478): Final simple tree
|( QUESTION19 1 -2.459e+04 1.617e+02 1.136e+02
|    ( - -2.788e+03 2 0 QUESTION0_3_R 1 1.011e+02 1.382e+01)
|    ( QUESTION0_16_R 1 -2.164e+04 1.517e+02 9.980e+01
|        ( - -1.520e+03 1 0)
|        ( QUESTION0_9_R 1 -1.997e+04 1.340e+02 9.169e+01
|            ( - -5.094e+03 2 0)
|            ( QUESTION0_15_R 1 -1.474e+04 1.237e+02 6.716e+01
|                ( WDBNDRY_E 0 -6.812e+03 1.484e+02 3.226e+01
|                    ( - -1.878e+03 1 0)
|                    ( - -4.786e+03 1 0))
|                ( QUESTION15 1 -7.805e+03 1.193e+02 3.490e+01
|                    ( - -2.139e+03 1 0)
|                    ( QUESTION0_11_R 1 -5.546e+03 1.117e+02 2.453e+01
|                        ( - -1.678e+03 3 0 WDBNDRY_E 0 8.106e+01 7.453e+00)
|                        ( - -3.757e+03 4 0 QUESTION11 1 9.866e+01 1.708e+01)))))))
s>    ( QUESTION19 1 -2.459e+04 1.617e+02 1.136e+02
s>        ( - -2.788e+03 2 0 QUESTION0_3_R 1 1.011e+02 1.382e+01)
s>        ( QUESTION0_16_R 1 -2.164e+04 1.517e+02 9.980e+01
s>            ( - -1.520e+03 1 0)
s>            ( QUESTION0_9_R 1 -1.997e+04 1.340e+02 9.169e+01
s>                ( - -5.094e+03 2 0)
s>                ( QUESTION0_15_R 1 -1.474e+04 1.237e+02 6.716e+01
s>                    ( WDBNDRY_E 0 -6.812e+03 1.484e+02 3.226e+01
s>                        ( - -1.878e+03 1 0)
s>                        ( - -4.786e+03 1 0))
s>                    ( QUESTION15 1 -7.805e+03 1.193e+02 3.490e+01
s>                        ( - -2.139e+03 1 0)
s>                        ( QUESTION0_11_R 1 -5.546e+03 1.117e+02 2.453e+01
s>                            ( - -1.678e+03 3 0 WDBNDRY_E 0 8.106e+01 7.453e+00)
s>                            ( - -3.757e+03 4 0 QUESTION11 1 9.866e+01 1.708e+01)))))))INFO: dtree.c(1315): Comp split 19
INFO: dtree.c(1439): stop. leaf nodes are specific
INFO: dtree.c(1478): Final simple tree
|( QUESTION0_4_R 1 -6.275e+03 1.272e+02 2.885e+01
|    ( - -8.976e+02 1 0)
|    ( QUESTION0_2_R 1 -5.250e+03 1.108e+02 2.455e+01
|        ( - -2.614e+03 1 0)
|        ( - -2.525e+03 2 0)))
s>    ( QUESTION0_4_R 1 -6.275e+03 1.272e+02 2.885e+01
s>        ( - -8.976e+02 1 0)
s>        ( QUESTION0_2_R 1 -5.250e+03 1.108e+02 2.455e+01
s>            ( - -2.614e+03 1 0)
s>            ( - -2.525e+03 2 0)))INFO: dtree.c(1439): stop. leaf nodes are specific
INFO: dtree.c(1478): Final simple tree
|( QUESTION0_9_R 1 -5.308e+03 1.501e+02 2.430e+01
|    ( - -2.756e+03 4 0)
|    ( QUESTION0_11_R 1 -2.403e+03 1.258e+02 1.125e+01
|        ( QUESTION0_13_R 1 -1.940e+03 6.825e+01 9.248e+00
|            ( - -1.659e+03 1 0)
|            ( - -2.131e+02 1 0))
|        ( - -3.368e+02 1 0)))
s>    ( QUESTION0_9_R 1 -5.308e+03 1.501e+02 2.430e+01
s>        ( - -2.756e+03 4 0)
s>        ( QUESTION0_11_R 1 -2.403e+03 1.258e+02 1.125e+01
s>            ( QUESTION0_13_R 1 -1.940e+03 6.825e+01 9.248e+00
s>                ( - -1.659e+03 1 0)
s>                ( - -2.131e+02 1 0))
s>            ( - -3.368e+02 1 0)))INFO: dtree.c(1315): Comp split 20
INFO: dtree.c(1439): stop. leaf nodes are specific
INFO: dtree.c(1478): Final simple tree
|( QUESTION0_2_R 1 -4.065e+03 9.187e+01 1.869e+01
|    ( - -1.840e+03 1 0)
|    ( - -2.134e+03 2 0))
s>    ( QUESTION0_2_R 1 -4.065e+03 9.187e+01 1.869e+01
s>        ( - -1.840e+03 1 0)
s>        ( - -2.134e+03 2 0))INFO: dtree.c(1315): Comp split 21
INFO: dtree.c(1439): stop. leaf nodes are specific
INFO: dtree.c(1478): Final simple tree
|( QUESTION0_10_R 1 -8.572e+03 1.226e+02 3.930e+01
|    ( - -2.689e+03 3 0)
|    ( QUESTION0_2_R 1 -5.760e+03 1.033e+02 2.630e+01
|        ( QUESTION0_6_R 1 -1.892e+03 1.164e+02 8.991e+00
|            ( - -7.954e+02 1 0)
|            ( - -9.806e+02 1 0))
|        ( QUESTION2_1_L -1 -3.764e+03 5.782e+01 1.731e+01
|            ( - -1.934e+02 1 0)
|            ( - -3.513e+03 4 0))))
s>    ( QUESTION0_10_R 1 -8.572e+03 1.226e+02 3.930e+01
s>        ( - -2.689e+03 3 0)
s>        ( QUESTION0_2_R 1 -5.760e+03 1.033e+02 2.630e+01
s>            ( QUESTION0_6_R 1 -1.892e+03 1.164e+02 8.991e+00
s>                ( - -7.954e+02 1 0)
s>                ( - -9.806e+02 1 0))
s>            ( QUESTION2_1_L -1 -3.764e+03 5.782e+01 1.731e+01
s>                ( - -1.934e+02 1 0)
s>                ( - -3.513e+03 4 0))))INFO: dtree.c(1478): Final simple tree
|( QUESTION0_12_R 1 -2.495e+04 1.426e+02 1.070e+02
|    ( - -3.359e+03 2 0)
|    ( QUESTION0_7_R 1 -2.144e+04 1.267e+02 9.138e+01
|        ( QUESTION2_1_L -1 -6.636e+03 1.193e+02 2.766e+01
|            ( QUESTION11 -1 -2.156e+03 8.412e+01 9.617e+00
|                ( - -1.578e+02 1 0)
|                ( - -1.914e+03 2 0))
|            ( QUESTION13 1 -4.361e+03 9.211e+01 1.805e+01
|                ( - -4.613e+02 2 0)
|                ( - -3.807e+03 5 0)))
|        ( QUESTION13 -1 -1.468e+04 1.045e+02 6.372e+01
|            ( - -9.212e+02 1 0)
|            ( QUESTION0_6_R 1 -1.366e+04 9.134e+01 5.947e+01
|                ( - -7.836e+03 5 0)
|                ( - -5.728e+03 6 0 QUESTION0_2_R 1 6.909e+01 2.474e+01)))))
s>    ( QUESTION0_12_R 1 -2.495e+04 1.426e+02 1.070e+02
s>        ( - -3.359e+03 2 0)
s>        ( QUESTION0_7_R 1 -2.144e+04 1.267e+02 9.138e+01
s>            ( QUESTION2_1_L -1 -6.636e+03 1.193e+02 2.766e+01
s>                ( QUESTION11 -1 -2.156e+03 8.412e+01 9.617e+00
s>                    ( - -1.578e+02 1 0)
s>                    ( - -1.914e+03 2 0))
s>                ( QUESTION13 1 -4.361e+03 9.211e+01 1.805e+01
s>                    ( - -4.613e+02 2 0)
s>                    ( - -3.807e+03 5 0)))
s>            ( QUESTION13 -1 -1.468e+04 1.045e+02 6.372e+01
s>                ( - -9.212e+02 1 0)
s>                ( QUESTION0_6_R 1 -1.366e+04 9.134e+01 5.947e+01
s>                    ( - -7.836e+03 5 0)
s>                    ( - -5.728e+03 6 0 QUESTION0_2_R 1 6.909e+01 2.474e+01)))))INFO: dtree.c(1315): Comp split 22
INFO: dtree.c(1439): stop. leaf nodes are specific
INFO: dtree.c(1478): Final simple tree
|( QUESTION0_16_R 1 -3.532e+03 1.338e+02 1.810e+01
|    ( - -1.520e+03 1 0)
|    ( - -1.878e+03 1 0))
s>    ( QUESTION0_16_R 1 -3.532e+03 1.338e+02 1.810e+01
s>        ( - -1.520e+03 1 0)
s>        ( - -1.878e+03 1 0))INFO: dtree.c(1478): Final simple tree
|( QUESTION19 1 -2.087e+04 1.619e+02 9.552e+01
|    ( QUESTION0_3_R 1 -2.788e+03 1.011e+02 1.382e+01
|        ( - -1.879e+03 1 0)
|        ( - -8.078e+02 1 0))
|    ( QUESTION0_9_R 1 -1.792e+04 1.361e+02 8.170e+01
|        ( - -5.094e+03 2 0)
|        ( QUESTION0_12_R 1 -1.269e+04 1.189e+02 5.717e+01
|            ( WDBNDRY_E 0 -1.678e+03 8.106e+01 7.453e+00
|                ( - -8.581e+02 2 0 QUESTION0_13_R 1 7.028e+01 3.934e+00)
|                ( - -7.384e+02 1 0))
|            ( QUESTION11 1 -1.090e+04 1.168e+02 4.972e+01
|                ( - -7.848e+02 2 0)
|                ( QUESTION15 1 -9.994e+03 1.144e+02 4.572e+01
|                    ( - -2.139e+03 1 0)
|                    ( - -7.740e+03 3 0 QUESTION0_11_R 1 8.089e+01 3.534e+01))))))
s>    ( QUESTION19 1 -2.087e+04 1.619e+02 9.552e+01
s>        ( QUESTION0_3_R 1 -2.788e+03 1.011e+02 1.382e+01
s>            ( - -1.879e+03 1 0)
s>            ( - -8.078e+02 1 0))
s>        ( QUESTION0_9_R 1 -1.792e+04 1.361e+02 8.170e+01
s>            ( - -5.094e+03 2 0)
s>            ( QUESTION0_12_R 1 -1.269e+04 1.189e+02 5.717e+01
s>                ( WDBNDRY_E 0 -1.678e+03 8.106e+01 7.453e+00
s>                    ( - -8.581e+02 2 0 QUESTION0_13_R 1 7.028e+01 3.934e+00)
s>                    ( - -7.384e+02 1 0))
s>                ( QUESTION11 1 -1.090e+04 1.168e+02 4.972e+01
s>                    ( - -7.848e+02 2 0)
s>                    ( QUESTION15 1 -9.994e+03 1.144e+02 4.572e+01
s>                        ( - -2.139e+03 1 0)
s>                        ( - -7.740e+03 3 0 QUESTION0_11_R 1 8.089e+01 3.534e+01))))))INFO: dtree.c(1315): Comp split 23
INFO: dtree.c(1439): stop. leaf nodes are specific
INFO: dtree.c(1478): Final simple tree
|( QUESTION0_3_R 1 -6.000e+03 1.347e+02 2.813e+01
|    ( - -1.879e+03 1 0)
|    ( QUESTION0_19_R 1 -3.986e+03 1.016e+02 1.831e+01
|        ( - -2.139e+03 1 0)
|        ( QUESTION0_14_R 1 -1.745e+03 9.407e+01 7.935e+00
|            ( - -5.277e+02 1 0)
|            ( QUESTION0_2_R 1 -1.123e+03 5.547e+01 5.002e+00
|                ( - -8.078e+02 1 0)
|                ( - -2.601e+02 1 0)))))
s>    ( QUESTION0_3_R 1 -6.000e+03 1.347e+02 2.813e+01
s>        ( - -1.879e+03 1 0)
s>        ( QUESTION0_19_R 1 -3.986e+03 1.016e+02 1.831e+01
s>            ( - -2.139e+03 1 0)
s>            ( QUESTION0_14_R 1 -1.745e+03 9.407e+01 7.935e+00
s>                ( - -5.277e+02 1 0)
s>                ( QUESTION0_2_R 1 -1.123e+03 5.547e+01 5.002e+00
s>                    ( - -8.078e+02 1 0)
s>                    ( - -2.601e+02 1 0)))))INFO: dtree.c(1439): stop. leaf nodes are specific
INFO: dtree.c(1478): Final simple tree
|( QUESTION0_9_R 1 -1.470e+04 1.185e+02 6.739e+01
|    ( - -5.094e+03 2 0)
|    ( QUESTION11 1 -9.486e+03 1.157e+02 4.286e+01
|        ( - -7.848e+02 2 0)
|        ( QUESTION0_12_R 1 -8.586e+03 1.073e+02 3.886e+01
|            ( - -7.384e+02 1 0)
|            ( QUESTION0_11_R 1 -7.740e+03 8.089e+01 3.534e+01
|                ( - -4.786e+03 1 0)
|                ( WDBNDRY_E 0 -2.874e+03 4.810e+01 1.308e+01
|                    ( - -2.006e+02 1 0)
|                    ( - -2.625e+03 1 0))))))
s>    ( QUESTION0_9_R 1 -1.470e+04 1.185e+02 6.739e+01
s>        ( - -5.094e+03 2 0)
s>        ( QUESTION11 1 -9.486e+03 1.157e+02 4.286e+01
s>            ( - -7.848e+02 2 0)
s>            ( QUESTION0_12_R 1 -8.586e+03 1.073e+02 3.886e+01
s>                ( - -7.384e+02 1 0)
s>                ( QUESTION0_11_R 1 -7.740e+03 8.089e+01 3.534e+01
s>                    ( - -4.786e+03 1 0)
s>                    ( WDBNDRY_E 0 -2.874e+03 4.810e+01 1.308e+01
s>                        ( - -2.006e+02 1 0)
s>                        ( - -2.625e+03 1 0))))))INFO: dtree.c(1315): Comp split 24
INFO: dtree.c(1439): stop. leaf nodes are specific
INFO: dtree.c(1478): Final simple tree
|( QUESTION0_7_R 1 -1.592e+04 1.066e+02 6.908e+01
|    ( QUESTION11 -1 -2.156e+03 8.412e+01 9.617e+00
|        ( - -1.578e+02 1 0)
|        ( - -1.914e+03 2 0))
|    ( QUESTION0_6_R 1 -1.366e+04 9.134e+01 5.947e+01
|        ( - -7.836e+03 5 0)
|        ( QUESTION0_2_R 1 -5.728e+03 6.909e+01 2.474e+01
|            ( - -1.884e+03 2 0)
|            ( - -3.775e+03 4 0))))
s>    ( QUESTION0_7_R 1 -1.592e+04 1.066e+02 6.908e+01
s>        ( QUESTION11 -1 -2.156e+03 8.412e+01 9.617e+00
s>            ( - -1.578e+02 1 0)
s>            ( - -1.914e+03 2 0))
s>        ( QUESTION0_6_R 1 -1.366e+04 9.134e+01 5.947e+01
s>            ( - -7.836e+03 5 0)
s>            ( QUESTION0_2_R 1 -5.728e+03 6.909e+01 2.474e+01
s>                ( - -1.884e+03 2 0)
s>                ( - -3.775e+03 4 0))))INFO: dtree.c(1439): stop. leaf nodes are specific
INFO: dtree.c(1478): Final simple tree
|( QUESTION0_2_R 1 -8.866e+03 1.417e+02 3.797e+01
|    ( QUESTION13 1 -5.365e+03 9.600e+01 2.230e+01
|        ( - -4.613e+02 2 0)
|        ( QUESTION0_5_R 1 -4.808e+03 7.985e+01 2.030e+01
|            ( - -9.212e+02 1 0)
|            ( - -3.807e+03 5 0)))
|    ( - -3.359e+03 2 0))
s>    ( QUESTION0_2_R 1 -8.866e+03 1.417e+02 3.797e+01
s>        ( QUESTION13 1 -5.365e+03 9.600e+01 2.230e+01
s>            ( - -4.613e+02 2 0)
s>            ( QUESTION0_5_R 1 -4.808e+03 7.985e+01 2.030e+01
s>                ( - -9.212e+02 1 0)
s>                ( - -3.807e+03 5 0)))
s>        ( - -3.359e+03 2 0))INFO: dtree.c(1315): Comp split 25
INFO: dtree.c(1439): stop. leaf nodes are specific
INFO: dtree.c(1478): Final simple tree
|( QUESTION0 -1 -8.925e+03 1.020e+02 4.012e+01
|    ( - -2.219e+03 1 0)
|    ( QUESTION11 1 -6.604e+03 1.007e+02 2.953e+01
|        ( - -4.024e+03 5 0)
|        ( - -2.480e+03 3 0)))
s>    ( QUESTION0 -1 -8.925e+03 1.020e+02 4.012e+01
s>        ( - -2.219e+03 1 0)
s>        ( QUESTION11 1 -6.604e+03 1.007e+02 2.953e+01
s>            ( - -4.024e+03 5 0)
s>            ( - -2.480e+03 3 0)))INFO: dtree.c(1439): stop. leaf nodes are specific
INFO: dtree.c(1478): Final simple tree
|( QUESTION1 -1 -3.044e+03 1.191e+02 1.289e+01
|    ( - -7.840e+02 1 0)
|    ( QUESTION0 -1 -2.141e+03 6.534e+01 8.892e+00
|        ( - -2.099e+02 1 0)
|        ( QUESTION19 1 -1.866e+03 7.140e+01 7.892e+00
|            ( - -3.851e+02 1 0)
|            ( QUESTION11 1 -1.409e+03 6.488e+01 5.892e+00
|                ( - -2.440e+02 1 0)
|                ( - -1.100e+03 2 0)))))
s>    ( QUESTION1 -1 -3.044e+03 1.191e+02 1.289e+01
s>        ( - -7.840e+02 1 0)
s>        ( QUESTION0 -1 -2.141e+03 6.534e+01 8.892e+00
s>            ( - -2.099e+02 1 0)
s>            ( QUESTION19 1 -1.866e+03 7.140e+01 7.892e+00
s>                ( - -3.851e+02 1 0)
s>                ( QUESTION11 1 -1.409e+03 6.488e+01 5.892e+00
s>                    ( - -2.440e+02 1 0)
s>                    ( - -1.100e+03 2 0)))))INFO: dtree.c(1315): Comp split 26
INFO: dtree.c(1439): stop. leaf nodes are specific
INFO: dtree.c(1478): Final simple tree
|( QUESTION0_11_R 1 -2.403e+03 1.258e+02 1.125e+01
|    ( QUESTION0_13_R 1 -1.940e+03 6.825e+01 9.248e+00
|        ( - -1.659e+03 1 0)
|        ( - -2.131e+02 1 0))
|    ( - -3.368e+02 1 0))
s>    ( QUESTION0_11_R 1 -2.403e+03 1.258e+02 1.125e+01
s>        ( QUESTION0_13_R 1 -1.940e+03 6.825e+01 9.248e+00
s>            ( - -1.659e+03 1 0)
s>            ( - -2.131e+02 1 0))
s>        ( - -3.368e+02 1 0))INFO: dtree.c(1315): Comp split 27
INFO: dtree.c(1315): Comp split 28
INFO: dtree.c(1439): stop. leaf nodes are specific
INFO: dtree.c(1478): Final simple tree
|( QUESTION0_2_R 1 -1.335e+04 1.158e+02 6.632e+01
|    ( - -9.287e+03 3 0)
|    ( - -3.945e+03 1 0))
s>    ( QUESTION0_2_R 1 -1.335e+04 1.158e+02 6.632e+01
s>        ( - -9.287e+03 3 0)
s>        ( - -3.945e+03 1 0))INFO: dtree.c(1315): Comp split 29
INFO: dtree.c(1439): stop. leaf nodes are specific
INFO: dtree.c(1478): Final simple tree
|( QUESTION13 1 -5.365e+03 9.600e+01 2.230e+01
|    ( - -4.613e+02 2 0)
|    ( QUESTION0_5_R 1 -4.808e+03 7.985e+01 2.030e+01
|        ( - -9.212e+02 1 0)
|        ( - -3.807e+03 5 0)))
s>    ( QUESTION13 1 -5.365e+03 9.600e+01 2.230e+01
s>        ( - -4.613e+02 2 0)
s>        ( QUESTION0_5_R 1 -4.808e+03 7.985e+01 2.030e+01
s>            ( - -9.212e+02 1 0)
s>            ( - -3.807e+03 5 0)))INFO: dtree.c(1315): Comp split 30
INFO: dtree.c(1439): stop. leaf nodes are specific
INFO: dtree.c(1478): Final simple tree
|( QUESTION0_19_R 1 -3.986e+03 1.016e+02 1.831e+01
|    ( - -2.139e+03 1 0)
|    ( QUESTION0_14_R 1 -1.745e+03 9.407e+01 7.935e+00
|        ( - -5.277e+02 1 0)
|        ( QUESTION0_2_R 1 -1.123e+03 5.547e+01 5.002e+00
|            ( - -8.078e+02 1 0)
|            ( - -2.601e+02 1 0))))
s>    ( QUESTION0_19_R 1 -3.986e+03 1.016e+02 1.831e+01
s>        ( - -2.139e+03 1 0)
s>        ( QUESTION0_14_R 1 -1.745e+03 9.407e+01 7.935e+00
s>            ( - -5.277e+02 1 0)
s>            ( QUESTION0_2_R 1 -1.123e+03 5.547e+01 5.002e+00
s>                ( - -8.078e+02 1 0)
s>                ( - -2.601e+02 1 0))))INFO: dtree.c(1315): Comp split 31
INFO: dtree.c(1315): Comp split 32
INFO: dtree.c(1439): stop. leaf nodes are specific
INFO: dtree.c(1478): Final simple tree
|( QUESTION0_9_R 1 -3.821e+03 8.044e+01 1.852e+01
|    ( - -3.379e+03 1 0)
|    ( - -3.615e+02 1 0))
s>    ( QUESTION0_9_R 1 -3.821e+03 8.044e+01 1.852e+01
s>        ( - -3.379e+03 1 0)
s>        ( - -3.615e+02 1 0))INFO: dtree.c(1315): Comp split 33
INFO: dtree.c(1439): stop. leaf nodes are specific
INFO: dtree.c(1478): Final simple tree
|( QUESTION0_2_R 1 -5.250e+03 1.108e+02 2.455e+01
|    ( - -2.614e+03 1 0)
|    ( - -2.525e+03 2 0))
s>    ( QUESTION0_2_R 1 -5.250e+03 1.108e+02 2.455e+01
s>        ( - -2.614e+03 1 0)
s>        ( - -2.525e+03 2 0))INFO: dtree.c(1315): Comp split 34
INFO: dtree.c(1439): stop. leaf nodes are specific
INFO: dtree.c(1478): Final simple tree
|( QUESTION0_10_R 1 -7.465e+03 1.160e+02 3.432e+01
|    ( - -2.689e+03 3 0)
|    ( QUESTION0_2_R 1 -4.660e+03 1.002e+02 2.132e+01
|        ( - -7.954e+02 1 0)
|        ( QUESTION2_1_L -1 -3.764e+03 5.782e+01 1.731e+01
|            ( - -1.934e+02 1 0)
|            ( - -3.513e+03 4 0))))
s>    ( QUESTION0_10_R 1 -7.465e+03 1.160e+02 3.432e+01
s>        ( - -2.689e+03 3 0)
s>        ( QUESTION0_2_R 1 -4.660e+03 1.002e+02 2.132e+01
s>            ( - -7.954e+02 1 0)
s>            ( QUESTION2_1_L -1 -3.764e+03 5.782e+01 1.731e+01
s>                ( - -1.934e+02 1 0)
s>                ( - -3.513e+03 4 0))))INFO: dtree.c(1315): Comp split 35
INFO: dtree.c(1439): stop. leaf nodes are specific
INFO: dtree.c(1478): Final simple tree
|( QUESTION0_13_R 1 -1.940e+03 6.825e+01 9.248e+00
|    ( - -1.659e+03 1 0)
|    ( - -2.131e+02 1 0))
s>    ( QUESTION0_13_R 1 -1.940e+03 6.825e+01 9.248e+00
s>        ( - -1.659e+03 1 0)
s>        ( - -2.131e+02 1 0))INFO: dtree.c(1315): Comp split 36
INFO: dtree.c(1439): stop. leaf nodes are specific
INFO: dtree.c(1478): Final simple tree
|( QUESTION0_12_R 1 -8.586e+03 1.073e+02 3.886e+01
|    ( - -7.384e+02 1 0)
|    ( QUESTION0_11_R 1 -7.740e+03 8.089e+01 3.534e+01
|        ( - -4.786e+03 1 0)
|        ( WDBNDRY_E 0 -2.874e+03 4.810e+01 1.308e+01
|            ( - -2.006e+02 1 0)
|            ( - -2.625e+03 1 0))))
s>    ( QUESTION0_12_R 1 -8.586e+03 1.073e+02 3.886e+01
s>        ( - -7.384e+02 1 0)
s>        ( QUESTION0_11_R 1 -7.740e+03 8.089e+01 3.534e+01
s>            ( - -4.786e+03 1 0)
s>            ( WDBNDRY_E 0 -2.874e+03 4.810e+01 1.308e+01
s>                ( - -2.006e+02 1 0)
s>                ( - -2.625e+03 1 0))))INFO: dtree.c(1439): stop. leaf nodes are specific
INFO: dtree.c(1478): Final simple tree
|( WDBNDRY_E 0 -5.988e+03 1.088e+02 2.853e+01
|    ( - -7.848e+02 2 0)
|    ( - -5.094e+03 2 0))
s>    ( WDBNDRY_E 0 -5.988e+03 1.088e+02 2.853e+01
s>        ( - -7.848e+02 2 0)
s>        ( - -5.094e+03 2 0))INFO: dtree.c(1315): Comp split 37
INFO: dtree.c(1439): stop. leaf nodes are specific
INFO: dtree.c(1478): Final simple tree
|( QUESTION0 -1 -2.141e+03 6.534e+01 8.892e+00
|    ( - -2.099e+02 1 0)
|    ( QUESTION19 1 -1.866e+03 7.140e+01 7.892e+00
|        ( - -3.851e+02 1 0)
|        ( QUESTION11 1 -1.409e+03 6.488e+01 5.892e+00
|            ( - -2.440e+02 1 0)
|            ( - -1.100e+03 2 0))))
s>    ( QUESTION0 -1 -2.141e+03 6.534e+01 8.892e+00
s>        ( - -2.099e+02 1 0)
s>        ( QUESTION19 1 -1.866e+03 7.140e+01 7.892e+00
s>            ( - -3.851e+02 1 0)
s>            ( QUESTION11 1 -1.409e+03 6.488e+01 5.892e+00
s>                ( - -2.440e+02 1 0)
s>                ( - -1.100e+03 2 0))))INFO: dtree.c(1315): Comp split 38
INFO: dtree.c(1439): stop. leaf nodes are specific
INFO: dtree.c(1478): Final simple tree
|( QUESTION0_2_R 1 -1.310e+04 1.120e+02 6.252e+01
|    ( - -4.410e+03 2 0)
|    ( - -8.577e+03 1 0))
s>    ( QUESTION0_2_R 1 -1.310e+04 1.120e+02 6.252e+01
s>        ( - -4.410e+03 2 0)
s>        ( - -8.577e+03 1 0))INFO: dtree.c(1315): Comp split 39
INFO: dtree.c(1439): stop. leaf nodes are specific
INFO: dtree.c(1478): Final simple tree
|( QUESTION0_2_R 1 -4.660e+03 1.002e+02 2.132e+01
|    ( - -7.954e+02 1 0)
|    ( QUESTION2_1_L -1 -3.764e+03 5.782e+01 1.731e+01
|        ( - -1.934e+02 1 0)
|        ( - -3.513e+03 4 0)))
s>    ( QUESTION0_2_R 1 -4.660e+03 1.002e+02 2.132e+01
s>        ( - -7.954e+02 1 0)
s>        ( QUESTION2_1_L -1 -3.764e+03 5.782e+01 1.731e+01
s>            ( - -1.934e+02 1 0)
s>            ( - -3.513e+03 4 0)))INFO: dtree.c(1315): Comp split 40
INFO: dtree.c(1315): Comp split 41
INFO: dtree.c(1315): Comp split 42
INFO: dtree.c(1439): stop. leaf nodes are specific
INFO: dtree.c(1478): Final simple tree
|( QUESTION0_6_R 1 -1.389e+04 9.198e+01 6.047e+01
|    ( - -7.836e+03 5 0)
|    ( QUESTION0_7_R 1 -5.965e+03 7.914e+01 2.574e+01
|        ( - -1.578e+02 1 0)
|        ( QUESTION0_2_R 1 -5.728e+03 6.909e+01 2.474e+01
|            ( - -1.884e+03 2 0)
|            ( - -3.775e+03 4 0))))
s>    ( QUESTION0_6_R 1 -1.389e+04 9.198e+01 6.047e+01
s>        ( - -7.836e+03 5 0)
s>        ( QUESTION0_7_R 1 -5.965e+03 7.914e+01 2.574e+01
s>            ( - -1.578e+02 1 0)
s>            ( QUESTION0_2_R 1 -5.728e+03 6.909e+01 2.474e+01
s>                ( - -1.884e+03 2 0)
s>                ( - -3.775e+03 4 0))))INFO: dtree.c(1315): Comp split 43
INFO: dtree.c(1315): Comp split 44
INFO: dtree.c(1439): stop. leaf nodes are specific
INFO: dtree.c(1478): Final simple tree
|( QUESTION0 -1 -4.791e+03 9.265e+01 2.230e+01
|    ( - -2.219e+03 1 0)
|    ( - -2.480e+03 3 0))
s>    ( QUESTION0 -1 -4.791e+03 9.265e+01 2.230e+01
s>        ( - -2.219e+03 1 0)
s>        ( - -2.480e+03 3 0))INFO: dtree.c(1315): Comp split 45
INFO: dtree.c(1315): Comp split 46
INFO: dtree.c(1439): stop. leaf nodes are specific
INFO: dtree.c(1478): Final simple tree
|( QUESTION0_11_R 1 -7.740e+03 8.089e+01 3.534e+01
|    ( - -4.786e+03 1 0)
|    ( WDBNDRY_E 0 -2.874e+03 4.810e+01 1.308e+01
|        ( - -2.006e+02 1 0)
|        ( - -2.625e+03 1 0)))
s>    ( QUESTION0_11_R 1 -7.740e+03 8.089e+01 3.534e+01
s>        ( - -4.786e+03 1 0)
s>        ( WDBNDRY_E 0 -2.874e+03 4.810e+01 1.308e+01
s>            ( - -2.006e+02 1 0)
s>            ( - -2.625e+03 1 0)))INFO: dtree.c(1315): Comp split 47
INFO: dtree.c(1439): stop. leaf nodes are specific
INFO: dtree.c(1478): Final simple tree
|( QUESTION0_14_R 1 -1.745e+03 9.407e+01 7.935e+00
|    ( - -5.277e+02 1 0)
|    ( QUESTION0_2_R 1 -1.123e+03 5.547e+01 5.002e+00
|        ( - -8.078e+02 1 0)
|        ( - -2.601e+02 1 0)))
s>    ( QUESTION0_14_R 1 -1.745e+03 9.407e+01 7.935e+00
s>        ( - -5.277e+02 1 0)
s>        ( QUESTION0_2_R 1 -1.123e+03 5.547e+01 5.002e+00
s>            ( - -8.078e+02 1 0)
s>            ( - -2.601e+02 1 0)))INFO: dtree.c(1315): Comp split 48
INFO: dtree.c(1439): stop. leaf nodes are specific
INFO: dtree.c(1478): Final simple tree
|( QUESTION2_1_L -1 -3.764e+03 5.782e+01 1.731e+01
|    ( - -1.934e+02 1 0)
|    ( - -3.513e+03 4 0))
s>    ( QUESTION2_1_L -1 -3.764e+03 5.782e+01 1.731e+01
s>        ( - -1.934e+02 1 0)
s>        ( - -3.513e+03 4 0))INFO: dtree.c(1315): Comp split 49
INFO: dtree.c(1439): stop. leaf nodes are specific
INFO: dtree.c(1478): Final simple tree
|( QUESTION0_5_R 1 -4.808e+03 7.985e+01 2.030e+01
|    ( - -9.212e+02 1 0)
|    ( - -3.807e+03 5 0))
s>    ( QUESTION0_5_R 1 -4.808e+03 7.985e+01 2.030e+01
s>        ( - -9.212e+02 1 0)
s>        ( - -3.807e+03 5 0))INFO: dtree.c(1315): Comp split 50
INFO: dtree.c(1439): stop. leaf nodes are specific
INFO: dtree.c(1478): Final simple tree
|( QUESTION0_2_R 1 -1.123e+03 5.547e+01 5.002e+00
|    ( - -8.078e+02 1 0)
|    ( - -2.601e+02 1 0))
s>    ( QUESTION0_2_R 1 -1.123e+03 5.547e+01 5.002e+00
s>        ( - -8.078e+02 1 0)
s>        ( - -2.601e+02 1 0))INFO: dtree.c(1315): Comp split 51
INFO: dtree.c(1315): Comp split 52
INFO: dtree.c(1439): stop. leaf nodes are specific
INFO: dtree.c(1478): Final simple tree
|( QUESTION0_7_R 1 -5.965e+03 7.914e+01 2.574e+01
|    ( - -1.578e+02 1 0)
|    ( QUESTION0_2_R 1 -5.728e+03 6.909e+01 2.474e+01
|        ( - -1.884e+03 2 0)
|        ( - -3.775e+03 4 0)))
s>    ( QUESTION0_7_R 1 -5.965e+03 7.914e+01 2.574e+01
s>        ( - -1.578e+02 1 0)
s>        ( QUESTION0_2_R 1 -5.728e+03 6.909e+01 2.474e+01
s>            ( - -1.884e+03 2 0)
s>            ( - -3.775e+03 4 0)))INFO: dtree.c(1315): Comp split 53
INFO: dtree.c(1315): Comp split 54
INFO: dtree.c(1439): stop. leaf nodes are specific
INFO: dtree.c(1478): Final simple tree
|( WDBNDRY_E 0 -2.874e+03 4.810e+01 1.308e+01
|    ( - -2.006e+02 1 0)
|    ( - -2.625e+03 1 0))
s>    ( WDBNDRY_E 0 -2.874e+03 4.810e+01 1.308e+01
s>        ( - -2.006e+02 1 0)
s>        ( - -2.625e+03 1 0))INFO: dtree.c(1315): Comp split 55
INFO: dtree.c(1315): Comp split 56
INFO: dtree.c(1315): Comp split 57
INFO: dtree.c(1439): stop. leaf nodes are specific
INFO: dtree.c(1478): Final simple tree
|( QUESTION0_2_R 1 -5.728e+03 6.909e+01 2.474e+01
|    ( - -1.884e+03 2 0)
|    ( - -3.775e+03 4 0))
s>    ( QUESTION0_2_R 1 -5.728e+03 6.909e+01 2.474e+01
s>        ( - -1.884e+03 2 0)
s>        ( - -3.775e+03 4 0))INFO: dtree.c(1315): Comp split 58
INFO: dtree.c(1439): stop. leaf nodes are specific
INFO: dtree.c(1478): Final simple tree
|( QUESTION11 1 -1.681e+03 6.262e+01 6.892e+00
|    ( - -2.440e+02 1 0)
|    ( QUESTION0 -1 -1.374e+03 6.387e+01 5.890e+00
|        ( - -2.099e+02 1 0)
|        ( - -1.100e+03 2 0)))
s>    ( QUESTION11 1 -1.681e+03 6.262e+01 6.892e+00
s>        ( - -2.440e+02 1 0)
s>        ( QUESTION0 -1 -1.374e+03 6.387e+01 5.890e+00
s>            ( - -2.099e+02 1 0)
s>            ( - -1.100e+03 2 0)))INFO: dtree.c(1315): Comp split 59
INFO: dtree.c(1315): Comp split 60
INFO: dtree.c(1315): Comp split 61
INFO: dtree.c(1439): stop. leaf nodes are specific
INFO: dtree.c(1478): Final simple tree
|( QUESTION0 -1 -1.374e+03 6.387e+01 5.890e+00
|    ( - -2.099e+02 1 0)
|    ( - -1.100e+03 2 0))
s>    ( QUESTION0 -1 -1.374e+03 6.387e+01 5.890e+00
s>        ( - -2.099e+02 1 0)
s>        ( - -1.100e+03 2 0))INFO: dtree.c(1315): Comp split 62
INFO: dtree.c(1315): Comp split 63
INFO: dtree.c(1315): Comp split 64
INFO: dtree.c(1315): Comp split 65
INFO: dtree.c(1315): Comp split 66
INFO: dtree.c(1318): stop. leaf nodes are specific
Thu May  7 00:23:28 2020
