Current configuration:
[NAME]		[DEFLT]	[VALUE]
-allphones	no	no
-cntthresh	0.00001	1.000000e-05
-csplitmax	100	2000
-csplitmin	1	1
-csplitthr	8e-4	0.000000e+00
-example	no	no
-fullvar	no	no
-help		no	no
-meanfn			/home/abdy/Desktop/diploma/kg/model_parameters/kg.cd_cont_untied/means
-mixwfn			/home/abdy/Desktop/diploma/kg/model_parameters/kg.cd_cont_untied/mixture_weights
-moddeffn		/home/abdy/Desktop/diploma/kg/model_architecture/kg.untied.mdef
-mwfloor	1e-4	1.000000e-08
-phone			k
-psetfn			/home/abdy/Desktop/diploma/kg/model_architecture/kg.tree_questions
-ssplitmax	5	7
-ssplitmin	1	1
-ssplitthr	8e-4	0.000000e+00
-state			2
-stwt			1.0,0.05,0.0,
-treefn			/home/abdy/Desktop/diploma/kg/trees/kg.unpruned/k-2.dtree
-ts2cbfn	.semi.	.cont.
-varfloor	0.00001	1.000000e-05
-varfn			/home/abdy/Desktop/diploma/kg/model_parameters/kg.cd_cont_untied/variances

INFO: main.c(223): Reading: /home/abdy/Desktop/diploma/kg/model_architecture/kg.untied.mdef
INFO: model_def_io.c(573): Model definition info:
INFO: model_def_io.c(574): 10297 total models defined (47 base, 10250 tri)
INFO: model_def_io.c(575): 41188 total states
INFO: model_def_io.c(576): 30891 total tied states
INFO: model_def_io.c(577): 141 total tied CI states
INFO: model_def_io.c(578): 47 total tied transition matrices
INFO: model_def_io.c(579): 4 max state/model
INFO: model_def_io.c(580): 4 min state/model
INFO: main.c(242): Building trees for [k SIL e0 b] through [k zh n e]
INFO: main.c(269): Covering states |[10704 11642]| == 939
INFO: main.c(275): Reading: /home/abdy/Desktop/diploma/kg/model_parameters/kg.cd_cont_untied/mixture_weights
INFO: s3mixw_io.c(173): Read /home/abdy/Desktop/diploma/kg/model_parameters/kg.cd_cont_untied/mixture_weights [939x1x1 array]
INFO: main.c(311): 78 of 313 models have observation count greater than 0.000010
INFO: main.c(95): nrm stwt: 0.000 0.048 0.952 
INFO: s3gau_io.c(169): Read /home/abdy/Desktop/diploma/kg/model_parameters/kg.cd_cont_untied/means [30891x1x1 array]
INFO: s3gau_io.c(169): Read /home/abdy/Desktop/diploma/kg/model_parameters/kg.cd_cont_untied/variances [30891x1x1 array]
INFO: main.c(549): Reading: /home/abdy/Desktop/diploma/kg/model_architecture/kg.tree_questions
INFO: main.c(588): 174 total simple questions (166 phone; 8 word bndry)
INFO: main.c(590): 40 Left Only questions, and 42 Right Only questions
INFO: dtree.c(1478): Final simple tree
|( SILENCE 1 -1.073e+05 2.993e+03 4.236e+02
|    ( - -1.564e+04 1 0)
|    ( QUESTION0_7_R 1 -8.871e+04 6.229e+02 3.487e+02
|        ( QUESTION17 -1 -2.284e+04 4.706e+02 8.778e+01
|            ( - 2.016e+02 1 0)
|            ( QUESTION5 -1 -2.257e+04 4.670e+02 8.678e+01
|                ( - 1.894e+02 1 0)
|                ( - -2.229e+04 23 0 QUESTION3 -1 1.529e+02 8.578e+01)))
|        ( QUESTION0_4_R 1 -6.525e+04 4.538e+02 2.610e+02
|            ( - -4.120e+04 31 0 WDBNDRY_E 0 1.916e+02 1.661e+02)
|            ( QUESTION13 -1 -2.360e+04 2.586e+02 9.491e+01
|                ( - -5.020e+03 3 0 WDBNDRY_E 0 1.765e+02 2.200e+01)
|                ( QUESTION2_1_L -1 -1.832e+04 2.461e+02 7.291e+01
|                    ( - -5.132e+03 5 0 QUESTION0_11_R 1 1.313e+02 2.001e+01)
|                    ( - -1.294e+04 13 0 QUESTION6 1 2.320e+02 5.289e+01))))))
s>    ( SILENCE 1 -1.073e+05 2.993e+03 4.236e+02
s>        ( - -1.564e+04 1 0)
s>        ( QUESTION0_7_R 1 -8.871e+04 6.229e+02 3.487e+02
s>            ( QUESTION17 -1 -2.284e+04 4.706e+02 8.778e+01
s>                ( - 2.016e+02 1 0)
s>                ( QUESTION5 -1 -2.257e+04 4.670e+02 8.678e+01
s>                    ( - 1.894e+02 1 0)
s>                    ( - -2.229e+04 23 0 QUESTION3 -1 1.529e+02 8.578e+01)))
s>            ( QUESTION0_4_R 1 -6.525e+04 4.538e+02 2.610e+02
s>                ( - -4.120e+04 31 0 WDBNDRY_E 0 1.916e+02 1.661e+02)
s>                ( QUESTION13 -1 -2.360e+04 2.586e+02 9.491e+01
s>                    ( - -5.020e+03 3 0 WDBNDRY_E 0 1.765e+02 2.200e+01)
s>                    ( QUESTION2_1_L -1 -1.832e+04 2.461e+02 7.291e+01
s>                        ( - -5.132e+03 5 0 QUESTION0_11_R 1 1.313e+02 2.001e+01)
s>                        ( - -1.294e+04 13 0 QUESTION6 1 2.320e+02 5.289e+01))))))INFO: dtree.c(1315): Comp split 0
INFO: dtree.c(1478): Final simple tree
|( QUESTION0_7_R 1 -8.871e+04 6.229e+02 3.487e+02
|    ( QUESTION17 -1 -2.284e+04 4.706e+02 8.778e+01
|        ( - 2.016e+02 1 0)
|        ( QUESTION5 -1 -2.257e+04 4.670e+02 8.678e+01
|            ( - 1.894e+02 1 0)
|            ( - -2.229e+04 23 0 QUESTION3 -1 1.529e+02 8.578e+01)))
|    ( QUESTION0_4_R 1 -6.525e+04 4.538e+02 2.610e+02
|        ( - -4.120e+04 31 0 WDBNDRY_E 0 1.916e+02 1.661e+02)
|        ( QUESTION13 -1 -2.360e+04 2.586e+02 9.491e+01
|            ( - -5.020e+03 3 0 WDBNDRY_E 0 1.765e+02 2.200e+01)
|            ( QUESTION2_1_L -1 -1.832e+04 2.461e+02 7.291e+01
|                ( - -5.132e+03 5 0 QUESTION0_11_R 1 1.313e+02 2.001e+01)
|                ( QUESTION6 1 -1.294e+04 2.320e+02 5.289e+01
|                    ( - -4.895e+02 1 0)
|                    ( - -1.222e+04 12 0 QUESTION0 -1 2.223e+02 4.989e+01))))))
s>    ( QUESTION0_7_R 1 -8.871e+04 6.229e+02 3.487e+02
s>        ( QUESTION17 -1 -2.284e+04 4.706e+02 8.778e+01
s>            ( - 2.016e+02 1 0)
s>            ( QUESTION5 -1 -2.257e+04 4.670e+02 8.678e+01
s>                ( - 1.894e+02 1 0)
s>                ( - -2.229e+04 23 0 QUESTION3 -1 1.529e+02 8.578e+01)))
s>        ( QUESTION0_4_R 1 -6.525e+04 4.538e+02 2.610e+02
s>            ( - -4.120e+04 31 0 WDBNDRY_E 0 1.916e+02 1.661e+02)
s>            ( QUESTION13 -1 -2.360e+04 2.586e+02 9.491e+01
s>                ( - -5.020e+03 3 0 WDBNDRY_E 0 1.765e+02 2.200e+01)
s>                ( QUESTION2_1_L -1 -1.832e+04 2.461e+02 7.291e+01
s>                    ( - -5.132e+03 5 0 QUESTION0_11_R 1 1.313e+02 2.001e+01)
s>                    ( QUESTION6 1 -1.294e+04 2.320e+02 5.289e+01
s>                        ( - -4.895e+02 1 0)
s>                        ( - -1.222e+04 12 0 QUESTION0 -1 2.223e+02 4.989e+01))))))INFO: dtree.c(1315): Comp split 1
INFO: dtree.c(1478): Final simple tree
|( QUESTION5 -1 -2.787e+04 4.686e+02 1.068e+02
|    ( - 1.894e+02 1 0)
|    ( QUESTION0_11_R 1 -2.759e+04 2.047e+02 1.058e+02
|        ( QUESTION11 -1 -2.988e+03 1.778e+02 1.200e+01
|            ( - -8.721e+02 1 0)
|            ( - -1.938e+03 1 0))
|        ( QUESTION3 -1 -2.440e+04 1.538e+02 9.380e+01
|            ( - -3.991e+02 1 0)
|            ( QUESTION0_0_R 1 -2.385e+04 1.477e+02 9.180e+01
|                ( - -1.100e+03 1 0)
|                ( QUESTION16 -1 -2.260e+04 1.186e+02 8.679e+01
|                    ( WDBNDRY_B 0 -1.548e+03 1.369e+02 6.871e+00
|                        ( - -5.837e+02 1 0)
|                        ( - -8.271e+02 1 0))
|                    ( - -2.093e+04 22 0 QUESTION14 -1 1.111e+02 7.992e+01))))))
s>    ( QUESTION5 -1 -2.787e+04 4.686e+02 1.068e+02
s>        ( - 1.894e+02 1 0)
s>        ( QUESTION0_11_R 1 -2.759e+04 2.047e+02 1.058e+02
s>            ( QUESTION11 -1 -2.988e+03 1.778e+02 1.200e+01
s>                ( - -8.721e+02 1 0)
s>                ( - -1.938e+03 1 0))
s>            ( QUESTION3 -1 -2.440e+04 1.538e+02 9.380e+01
s>                ( - -3.991e+02 1 0)
s>                ( QUESTION0_0_R 1 -2.385e+04 1.477e+02 9.180e+01
s>                    ( - -1.100e+03 1 0)
s>                    ( QUESTION16 -1 -2.260e+04 1.186e+02 8.679e+01
s>                        ( WDBNDRY_B 0 -1.548e+03 1.369e+02 6.871e+00
s>                            ( - -5.837e+02 1 0)
s>                            ( - -8.271e+02 1 0))
s>                        ( - -2.093e+04 22 0 QUESTION14 -1 1.111e+02 7.992e+01))))))INFO: dtree.c(1478): Final simple tree
|( QUESTION0_7_R 1 -6.015e+04 4.666e+02 2.419e+02
|    ( - 2.016e+02 1 0)
|    ( QUESTION0_4_R 1 -5.988e+04 4.527e+02 2.409e+02
|        ( WDBNDRY_E 0 -4.120e+04 1.916e+02 1.661e+02
|            ( - -2.817e+02 1 0)
|            ( - -4.073e+04 30 0 QUESTION0_6_R 1 1.686e+02 1.641e+02))
|        ( QUESTION19 -1 -1.823e+04 2.673e+02 7.489e+01
|            ( QUESTION0_19_R 1 -1.202e+04 2.336e+02 4.889e+01
|                ( - -4.895e+02 1 0)
|                ( WDBNDRY_B 0 -1.129e+04 1.913e+02 4.589e+01
|                    ( - -2.945e+02 1 0)
|                    ( - -1.081e+04 9 0 QUESTION0_15_R 1 1.161e+02 4.389e+01)))
|            ( QUESTION0_12_R 1 -5.945e+03 2.264e+02 2.600e+01
|                ( - -2.277e+02 1 0)
|                ( - -5.491e+03 4 0 WDBNDRY_B 0 1.910e+02 2.400e+01)))))
s>    ( QUESTION0_7_R 1 -6.015e+04 4.666e+02 2.419e+02
s>        ( - 2.016e+02 1 0)
s>        ( QUESTION0_4_R 1 -5.988e+04 4.527e+02 2.409e+02
s>            ( WDBNDRY_E 0 -4.120e+04 1.916e+02 1.661e+02
s>                ( - -2.817e+02 1 0)
s>                ( - -4.073e+04 30 0 QUESTION0_6_R 1 1.686e+02 1.641e+02))
s>            ( QUESTION19 -1 -1.823e+04 2.673e+02 7.489e+01
s>                ( QUESTION0_19_R 1 -1.202e+04 2.336e+02 4.889e+01
s>                    ( - -4.895e+02 1 0)
s>                    ( WDBNDRY_B 0 -1.129e+04 1.913e+02 4.589e+01
s>                        ( - -2.945e+02 1 0)
s>                        ( - -1.081e+04 9 0 QUESTION0_15_R 1 1.161e+02 4.389e+01)))
s>                ( QUESTION0_12_R 1 -5.945e+03 2.264e+02 2.600e+01
s>                    ( - -2.277e+02 1 0)
s>                    ( - -5.491e+03 4 0 WDBNDRY_B 0 1.910e+02 2.400e+01)))))INFO: dtree.c(1315): Comp split 2
INFO: dtree.c(1478): Final simple tree
|( QUESTION0_11_R 1 -2.759e+04 2.047e+02 1.058e+02
|    ( QUESTION11 -1 -2.988e+03 1.778e+02 1.200e+01
|        ( - -8.721e+02 1 0)
|        ( - -1.938e+03 1 0))
|    ( QUESTION3 -1 -2.440e+04 1.538e+02 9.380e+01
|        ( - -3.991e+02 1 0)
|        ( QUESTION0_0_R 1 -2.385e+04 1.477e+02 9.180e+01
|            ( - -1.100e+03 1 0)
|            ( QUESTION16 -1 -2.260e+04 1.186e+02 8.679e+01
|                ( WDBNDRY_B 0 -1.548e+03 1.369e+02 6.871e+00
|                    ( - -5.837e+02 1 0)
|                    ( - -8.271e+02 1 0))
|                ( QUESTION14 -1 -2.093e+04 1.111e+02 7.992e+01
|                    ( - -2.200e+03 3 0 WDBNDRY_B 0 9.145e+01 8.879e+00)
|                    ( - -1.862e+04 19 0 QUESTION2_3_L -1 1.032e+02 7.104e+01))))))
s>    ( QUESTION0_11_R 1 -2.759e+04 2.047e+02 1.058e+02
s>        ( QUESTION11 -1 -2.988e+03 1.778e+02 1.200e+01
s>            ( - -8.721e+02 1 0)
s>            ( - -1.938e+03 1 0))
s>        ( QUESTION3 -1 -2.440e+04 1.538e+02 9.380e+01
s>            ( - -3.991e+02 1 0)
s>            ( QUESTION0_0_R 1 -2.385e+04 1.477e+02 9.180e+01
s>                ( - -1.100e+03 1 0)
s>                ( QUESTION16 -1 -2.260e+04 1.186e+02 8.679e+01
s>                    ( WDBNDRY_B 0 -1.548e+03 1.369e+02 6.871e+00
s>                        ( - -5.837e+02 1 0)
s>                        ( - -8.271e+02 1 0))
s>                    ( QUESTION14 -1 -2.093e+04 1.111e+02 7.992e+01
s>                        ( - -2.200e+03 3 0 WDBNDRY_B 0 9.145e+01 8.879e+00)
s>                        ( - -1.862e+04 19 0 QUESTION2_3_L -1 1.032e+02 7.104e+01))))))INFO: dtree.c(1315): Comp split 3
INFO: dtree.c(1478): Final simple tree
|( QUESTION0_4_R 1 -5.988e+04 4.527e+02 2.409e+02
|    ( WDBNDRY_E 0 -4.120e+04 1.916e+02 1.661e+02
|        ( - -2.817e+02 1 0)
|        ( - -4.073e+04 30 0 QUESTION0_6_R 1 1.686e+02 1.641e+02))
|    ( QUESTION19 -1 -1.823e+04 2.673e+02 7.489e+01
|        ( QUESTION0_19_R 1 -1.202e+04 2.336e+02 4.889e+01
|            ( - -4.895e+02 1 0)
|            ( WDBNDRY_B 0 -1.129e+04 1.913e+02 4.589e+01
|                ( - -2.945e+02 1 0)
|                ( - -1.081e+04 9 0 QUESTION0_15_R 1 1.161e+02 4.389e+01)))
|        ( QUESTION0_12_R 1 -5.945e+03 2.264e+02 2.600e+01
|            ( - -2.277e+02 1 0)
|            ( WDBNDRY_B 0 -5.491e+03 1.910e+02 2.400e+01
|                ( - -2.800e+02 1 0)
|                ( - -5.020e+03 3 0 WDBNDRY_E 0 1.765e+02 2.200e+01)))))
s>    ( QUESTION0_4_R 1 -5.988e+04 4.527e+02 2.409e+02
s>        ( WDBNDRY_E 0 -4.120e+04 1.916e+02 1.661e+02
s>            ( - -2.817e+02 1 0)
s>            ( - -4.073e+04 30 0 QUESTION0_6_R 1 1.686e+02 1.641e+02))
s>        ( QUESTION19 -1 -1.823e+04 2.673e+02 7.489e+01
s>            ( QUESTION0_19_R 1 -1.202e+04 2.336e+02 4.889e+01
s>                ( - -4.895e+02 1 0)
s>                ( WDBNDRY_B 0 -1.129e+04 1.913e+02 4.589e+01
s>                    ( - -2.945e+02 1 0)
s>                    ( - -1.081e+04 9 0 QUESTION0_15_R 1 1.161e+02 4.389e+01)))
s>            ( QUESTION0_12_R 1 -5.945e+03 2.264e+02 2.600e+01
s>                ( - -2.277e+02 1 0)
s>                ( WDBNDRY_B 0 -5.491e+03 1.910e+02 2.400e+01
s>                    ( - -2.800e+02 1 0)
s>                    ( - -5.020e+03 3 0 WDBNDRY_E 0 1.765e+02 2.200e+01)))))INFO: dtree.c(1315): Comp split 4
INFO: dtree.c(1478): Final simple tree
|( WDBNDRY_E 0 -4.120e+04 1.916e+02 1.661e+02
|    ( - -2.817e+02 1 0)
|    ( QUESTION0_6_R 1 -4.073e+04 1.686e+02 1.641e+02
|        ( SILENCE -1 -2.572e+04 1.583e+02 1.046e+02
|            ( - -1.461e+03 1 0)
|            ( WDBNDRY_B 0 -2.411e+04 1.498e+02 9.761e+01
|                ( QUESTION19 -1 -9.290e+03 1.223e+02 3.672e+01
|                    ( - -1.921e+03 3 0)
|                    ( - -7.247e+03 8 0 QUESTION2_7_L -1 1.037e+02 2.872e+01))
|                ( QUESTION3 -1 -1.467e+04 1.415e+02 6.088e+01
|                    ( - -1.249e+03 1 0)
|                    ( QUESTION0 -1 -1.327e+04 1.333e+02 5.488e+01
|                        ( - -5.972e+03 4 0 QUESTION2_14_L -1 9.516e+01 2.431e+01)
|                        ( - -7.169e+03 3 0)))))
|        ( - -1.483e+04 10 0 QUESTION19 -1 1.198e+02 5.945e+01)))
s>    ( WDBNDRY_E 0 -4.120e+04 1.916e+02 1.661e+02
s>        ( - -2.817e+02 1 0)
s>        ( QUESTION0_6_R 1 -4.073e+04 1.686e+02 1.641e+02
s>            ( SILENCE -1 -2.572e+04 1.583e+02 1.046e+02
s>                ( - -1.461e+03 1 0)
s>                ( WDBNDRY_B 0 -2.411e+04 1.498e+02 9.761e+01
s>                    ( QUESTION19 -1 -9.290e+03 1.223e+02 3.672e+01
s>                        ( - -1.921e+03 3 0)
s>                        ( - -7.247e+03 8 0 QUESTION2_7_L -1 1.037e+02 2.872e+01))
s>                    ( QUESTION3 -1 -1.467e+04 1.415e+02 6.088e+01
s>                        ( - -1.249e+03 1 0)
s>                        ( QUESTION0 -1 -1.327e+04 1.333e+02 5.488e+01
s>                            ( - -5.972e+03 4 0 QUESTION2_14_L -1 9.516e+01 2.431e+01)
s>                            ( - -7.169e+03 3 0)))))
s>            ( - -1.483e+04 10 0 QUESTION19 -1 1.198e+02 5.945e+01)))INFO: dtree.c(1478): Final simple tree
|( QUESTION19 -1 -1.823e+04 2.673e+02 7.489e+01
|    ( QUESTION0_19_R 1 -1.202e+04 2.336e+02 4.889e+01
|        ( - -4.895e+02 1 0)
|        ( WDBNDRY_B 0 -1.129e+04 1.913e+02 4.589e+01
|            ( - -2.945e+02 1 0)
|            ( - -1.081e+04 9 0 QUESTION0_15_R 1 1.161e+02 4.389e+01)))
|    ( QUESTION0_12_R 1 -5.945e+03 2.264e+02 2.600e+01
|        ( - -2.277e+02 1 0)
|        ( WDBNDRY_B 0 -5.491e+03 1.910e+02 2.400e+01
|            ( - -2.800e+02 1 0)
|            ( WDBNDRY_E 0 -5.020e+03 1.765e+02 2.200e+01
|                ( - -1.375e+03 1 0)
|                ( QUESTION0_0_R 1 -3.468e+03 1.362e+02 1.500e+01
|                    ( - -7.301e+02 1 0)
|                    ( - -2.602e+03 1 0))))))
s>    ( QUESTION19 -1 -1.823e+04 2.673e+02 7.489e+01
s>        ( QUESTION0_19_R 1 -1.202e+04 2.336e+02 4.889e+01
s>            ( - -4.895e+02 1 0)
s>            ( WDBNDRY_B 0 -1.129e+04 1.913e+02 4.589e+01
s>                ( - -2.945e+02 1 0)
s>                ( - -1.081e+04 9 0 QUESTION0_15_R 1 1.161e+02 4.389e+01)))
s>        ( QUESTION0_12_R 1 -5.945e+03 2.264e+02 2.600e+01
s>            ( - -2.277e+02 1 0)
s>            ( WDBNDRY_B 0 -5.491e+03 1.910e+02 2.400e+01
s>                ( - -2.800e+02 1 0)
s>                ( WDBNDRY_E 0 -5.020e+03 1.765e+02 2.200e+01
s>                    ( - -1.375e+03 1 0)
s>                    ( QUESTION0_0_R 1 -3.468e+03 1.362e+02 1.500e+01
s>                        ( - -7.301e+02 1 0)
s>                        ( - -2.602e+03 1 0))))))INFO: dtree.c(1315): Comp split 5
INFO: dtree.c(1439): stop. leaf nodes are specific
INFO: dtree.c(1478): Final simple tree
|( WDBNDRY_E 0 -4.129e+03 1.519e+02 1.900e+01
|    ( - -1.375e+03 1 0)
|    ( - -2.602e+03 1 0))
s>    ( WDBNDRY_E 0 -4.129e+03 1.519e+02 1.900e+01
s>        ( - -1.375e+03 1 0)
s>        ( - -2.602e+03 1 0))INFO: dtree.c(1478): Final simple tree
|( QUESTION6 1 -1.380e+04 2.311e+02 5.589e+01
|    ( - -4.895e+02 1 0)
|    ( QUESTION0 -1 -1.308e+04 2.224e+02 5.289e+01
|        ( - -2.277e+02 1 0)
|        ( SILENCE -1 -1.263e+04 1.973e+02 5.089e+01
|            ( - -2.800e+02 1 0)
|            ( WDBNDRY_B 0 -1.215e+04 1.915e+02 4.889e+01
|                ( - -2.945e+02 1 0)
|                ( QUESTION0_13_R 1 -1.166e+04 1.276e+02 4.689e+01
|                    ( WDBNDRY_E 0 -8.119e+03 9.405e+01 3.389e+01
|                        ( - -1.098e+03 2 0)
|                        ( - -6.927e+03 2 0))
|                    ( QUESTION0_9_R 1 -3.417e+03 1.351e+02 1.300e+01
|                        ( - -8.464e+02 1 0)
|                        ( - -2.435e+03 5 0 QUESTION0_0_R 1 8.731e+01 9.000e+00)))))))
s>    ( QUESTION6 1 -1.380e+04 2.311e+02 5.589e+01
s>        ( - -4.895e+02 1 0)
s>        ( QUESTION0 -1 -1.308e+04 2.224e+02 5.289e+01
s>            ( - -2.277e+02 1 0)
s>            ( SILENCE -1 -1.263e+04 1.973e+02 5.089e+01
s>                ( - -2.800e+02 1 0)
s>                ( WDBNDRY_B 0 -1.215e+04 1.915e+02 4.889e+01
s>                    ( - -2.945e+02 1 0)
s>                    ( QUESTION0_13_R 1 -1.166e+04 1.276e+02 4.689e+01
s>                        ( WDBNDRY_E 0 -8.119e+03 9.405e+01 3.389e+01
s>                            ( - -1.098e+03 2 0)
s>                            ( - -6.927e+03 2 0))
s>                        ( QUESTION0_9_R 1 -3.417e+03 1.351e+02 1.300e+01
s>                            ( - -8.464e+02 1 0)
s>                            ( - -2.435e+03 5 0 QUESTION0_0_R 1 8.731e+01 9.000e+00)))))))INFO: dtree.c(1315): Comp split 6
INFO: dtree.c(1478): Final simple tree
|( QUESTION3 -1 -2.541e+04 1.551e+02 9.780e+01
|    ( - -3.991e+02 1 0)
|    ( QUESTION2_3_L -1 -2.485e+04 1.485e+02 9.580e+01
|        ( QUESTION0_8_R 1 -3.518e+03 1.360e+02 1.401e+01
|            ( - -8.721e+02 1 0)
|            ( - -2.510e+03 4 0 QUESTION0_0_R 1 1.032e+02 1.001e+01))
|        ( QUESTION16 -1 -2.119e+04 1.187e+02 8.178e+01
|            ( WDBNDRY_B 0 -1.548e+03 1.369e+02 6.871e+00
|                ( - -5.837e+02 1 0)
|                ( - -8.271e+02 1 0))
|            ( QUESTION14 -1 -1.952e+04 1.111e+02 7.491e+01
|                ( - -2.200e+03 3 0 WDBNDRY_B 0 9.145e+01 8.879e+00)
|                ( QUESTION2_4_L -1 -1.721e+04 1.059e+02 6.603e+01
|                    ( - -1.203e+04 10 0 QUESTION0 -1 8.699e+01 4.740e+01)
|                    ( - -5.073e+03 6 0 QUESTION1 -1 9.866e+01 1.863e+01))))))
s>    ( QUESTION3 -1 -2.541e+04 1.551e+02 9.780e+01
s>        ( - -3.991e+02 1 0)
s>        ( QUESTION2_3_L -1 -2.485e+04 1.485e+02 9.580e+01
s>            ( QUESTION0_8_R 1 -3.518e+03 1.360e+02 1.401e+01
s>                ( - -8.721e+02 1 0)
s>                ( - -2.510e+03 4 0 QUESTION0_0_R 1 1.032e+02 1.001e+01))
s>            ( QUESTION16 -1 -2.119e+04 1.187e+02 8.178e+01
s>                ( WDBNDRY_B 0 -1.548e+03 1.369e+02 6.871e+00
s>                    ( - -5.837e+02 1 0)
s>                    ( - -8.271e+02 1 0))
s>                ( QUESTION14 -1 -1.952e+04 1.111e+02 7.491e+01
s>                    ( - -2.200e+03 3 0 WDBNDRY_B 0 9.145e+01 8.879e+00)
s>                    ( QUESTION2_4_L -1 -1.721e+04 1.059e+02 6.603e+01
s>                        ( - -1.203e+04 10 0 QUESTION0 -1 8.699e+01 4.740e+01)
s>                        ( - -5.073e+03 6 0 QUESTION1 -1 9.866e+01 1.863e+01))))))INFO: dtree.c(1315): Comp split 7
INFO: dtree.c(1478): Final simple tree
|( QUESTION0 -1 -1.308e+04 2.224e+02 5.289e+01
|    ( - -2.277e+02 1 0)
|    ( SILENCE -1 -1.263e+04 1.973e+02 5.089e+01
|        ( - -2.800e+02 1 0)
|        ( WDBNDRY_B 0 -1.215e+04 1.915e+02 4.889e+01
|            ( - -2.945e+02 1 0)
|            ( QUESTION0_13_R 1 -1.166e+04 1.276e+02 4.689e+01
|                ( WDBNDRY_E 0 -8.119e+03 9.405e+01 3.389e+01
|                    ( - -1.098e+03 2 0)
|                    ( - -6.927e+03 2 0))
|                ( QUESTION0_9_R 1 -3.417e+03 1.351e+02 1.300e+01
|                    ( - -8.464e+02 1 0)
|                    ( QUESTION0_0_R 1 -2.435e+03 8.731e+01 9.000e+00
|                        ( - -7.301e+02 1 0)
|                        ( - -1.618e+03 4 0 QUESTION0_12_R 1 8.075e+01 6.000e+00)))))))
s>    ( QUESTION0 -1 -1.308e+04 2.224e+02 5.289e+01
s>        ( - -2.277e+02 1 0)
s>        ( SILENCE -1 -1.263e+04 1.973e+02 5.089e+01
s>            ( - -2.800e+02 1 0)
s>            ( WDBNDRY_B 0 -1.215e+04 1.915e+02 4.889e+01
s>                ( - -2.945e+02 1 0)
s>                ( QUESTION0_13_R 1 -1.166e+04 1.276e+02 4.689e+01
s>                    ( WDBNDRY_E 0 -8.119e+03 9.405e+01 3.389e+01
s>                        ( - -1.098e+03 2 0)
s>                        ( - -6.927e+03 2 0))
s>                    ( QUESTION0_9_R 1 -3.417e+03 1.351e+02 1.300e+01
s>                        ( - -8.464e+02 1 0)
s>                        ( QUESTION0_0_R 1 -2.435e+03 8.731e+01 9.000e+00
s>                            ( - -7.301e+02 1 0)
s>                            ( - -1.618e+03 4 0 QUESTION0_12_R 1 8.075e+01 6.000e+00)))))))INFO: dtree.c(1315): Comp split 8
INFO: dtree.c(1478): Final simple tree
|( SILENCE -1 -1.263e+04 1.973e+02 5.089e+01
|    ( - -2.800e+02 1 0)
|    ( WDBNDRY_B 0 -1.215e+04 1.915e+02 4.889e+01
|        ( - -2.945e+02 1 0)
|        ( QUESTION0_13_R 1 -1.166e+04 1.276e+02 4.689e+01
|            ( WDBNDRY_E 0 -8.119e+03 9.405e+01 3.389e+01
|                ( - -1.098e+03 2 0)
|                ( - -6.927e+03 2 0))
|            ( QUESTION0_9_R 1 -3.417e+03 1.351e+02 1.300e+01
|                ( - -8.464e+02 1 0)
|                ( QUESTION0_0_R 1 -2.435e+03 8.731e+01 9.000e+00
|                    ( - -7.301e+02 1 0)
|                    ( QUESTION0_12_R 1 -1.618e+03 8.075e+01 6.000e+00
|                        ( - -4.682e+02 1 0)
|                        ( - -1.069e+03 3 0 QUESTION4 1 6.905e+01 4.000e+00)))))))
s>    ( SILENCE -1 -1.263e+04 1.973e+02 5.089e+01
s>        ( - -2.800e+02 1 0)
s>        ( WDBNDRY_B 0 -1.215e+04 1.915e+02 4.889e+01
s>            ( - -2.945e+02 1 0)
s>            ( QUESTION0_13_R 1 -1.166e+04 1.276e+02 4.689e+01
s>                ( WDBNDRY_E 0 -8.119e+03 9.405e+01 3.389e+01
s>                    ( - -1.098e+03 2 0)
s>                    ( - -6.927e+03 2 0))
s>                ( QUESTION0_9_R 1 -3.417e+03 1.351e+02 1.300e+01
s>                    ( - -8.464e+02 1 0)
s>                    ( QUESTION0_0_R 1 -2.435e+03 8.731e+01 9.000e+00
s>                        ( - -7.301e+02 1 0)
s>                        ( QUESTION0_12_R 1 -1.618e+03 8.075e+01 6.000e+00
s>                            ( - -4.682e+02 1 0)
s>                            ( - -1.069e+03 3 0 QUESTION4 1 6.905e+01 4.000e+00)))))))INFO: dtree.c(1315): Comp split 9
INFO: dtree.c(1478): Final simple tree
|( QUESTION0_6_R 1 -3.037e+04 1.632e+02 1.205e+02
|    ( QUESTION19 -1 -1.537e+04 1.444e+02 6.103e+01
|        ( - -1.921e+03 3 0)
|        ( QUESTION2_7_L -1 -1.330e+04 1.283e+02 5.303e+01
|            ( - -3.577e+03 4 0 QUESTION1 -1 7.050e+01 1.455e+01)
|            ( QUESTION17 -1 -9.600e+03 1.184e+02 3.848e+01
|                ( - -8.959e+02 1 0)
|                ( QUESTION12 -1 -8.586e+03 1.355e+02 3.448e+01
|                    ( - -9.456e+02 1 0)
|                    ( - -7.504e+03 6 0 QUESTION2 -1 8.488e+01 3.013e+01)))))
|    ( QUESTION19 -1 -1.483e+04 1.198e+02 5.945e+01
|        ( - -7.012e+03 4 0 WDBNDRY_B 0 6.045e+01 2.797e+01)
|        ( QUESTION0 -1 -7.702e+03 1.198e+02 3.148e+01
|            ( - -1.860e+03 3 0 QUESTION2_0_L -1 9.344e+01 7.661e+00)
|            ( - -5.723e+03 3 0 QUESTION11 -1 8.459e+01 2.382e+01))))
s>    ( QUESTION0_6_R 1 -3.037e+04 1.632e+02 1.205e+02
s>        ( QUESTION19 -1 -1.537e+04 1.444e+02 6.103e+01
s>            ( - -1.921e+03 3 0)
s>            ( QUESTION2_7_L -1 -1.330e+04 1.283e+02 5.303e+01
s>                ( - -3.577e+03 4 0 QUESTION1 -1 7.050e+01 1.455e+01)
s>                ( QUESTION17 -1 -9.600e+03 1.184e+02 3.848e+01
s>                    ( - -8.959e+02 1 0)
s>                    ( QUESTION12 -1 -8.586e+03 1.355e+02 3.448e+01
s>                        ( - -9.456e+02 1 0)
s>                        ( - -7.504e+03 6 0 QUESTION2 -1 8.488e+01 3.013e+01)))))
s>        ( QUESTION19 -1 -1.483e+04 1.198e+02 5.945e+01
s>            ( - -7.012e+03 4 0 WDBNDRY_B 0 6.045e+01 2.797e+01)
s>            ( QUESTION0 -1 -7.702e+03 1.198e+02 3.148e+01
s>                ( - -1.860e+03 3 0 QUESTION2_0_L -1 9.344e+01 7.661e+00)
s>                ( - -5.723e+03 3 0 QUESTION11 -1 8.459e+01 2.382e+01))))INFO: dtree.c(1439): stop. leaf nodes are specific
INFO: dtree.c(1478): Final simple tree
|( WDBNDRY_E 0 -1.063e+04 1.881e+02 4.558e+01
|    ( - -2.817e+02 1 0)
|    ( QUESTION0 -1 -1.016e+04 1.503e+02 4.358e+01
|        ( - -1.249e+03 1 0)
|        ( WDBNDRY_B 0 -8.764e+03 1.329e+02 3.758e+01
|            ( - -1.461e+03 1 0)
|            ( - -7.169e+03 3 0))))
s>    ( WDBNDRY_E 0 -1.063e+04 1.881e+02 4.558e+01
s>        ( - -2.817e+02 1 0)
s>        ( QUESTION0 -1 -1.016e+04 1.503e+02 4.358e+01
s>            ( - -1.249e+03 1 0)
s>            ( WDBNDRY_B 0 -8.764e+03 1.329e+02 3.758e+01
s>                ( - -1.461e+03 1 0)
s>                ( - -7.169e+03 3 0))))INFO: dtree.c(1315): Comp split 10
INFO: dtree.c(1439): stop. leaf nodes are specific
INFO: dtree.c(1478): Final simple tree
|( QUESTION13 -1 -2.979e+03 1.122e+02 1.235e+01
|    ( - -9.456e+02 1 0)
|    ( - -1.921e+03 3 0))
s>    ( QUESTION13 -1 -2.979e+03 1.122e+02 1.235e+01
s>        ( - -9.456e+02 1 0)
s>        ( - -1.921e+03 3 0))INFO: dtree.c(1478): Final simple tree
|( QUESTION0 -1 -2.719e+04 1.492e+02 1.081e+02
|    ( QUESTION2_7_L -1 -1.050e+04 9.371e+01 4.215e+01
|        ( - -3.894e+03 5 0 QUESTION0_6_R 1 7.791e+01 1.555e+01)
|        ( QUESTION0_6_R 1 -6.516e+03 1.001e+02 2.660e+01
|            ( QUESTION2 -1 -4.862e+03 8.606e+01 1.994e+01
|                ( - -1.464e+03 2 0 WDBNDRY_B 0 9.081e+01 6.067e+00)
|                ( - -3.312e+03 2 0 WDBNDRY_B 0 8.319e+01 1.387e+01))
|            ( - -1.554e+03 2 0 WDBNDRY_B 0 8.413e+01 6.661e+00)))
|    ( QUESTION19 -1 -1.653e+04 1.137e+02 6.598e+01
|        ( - -7.012e+03 4 0 WDBNDRY_B 0 6.045e+01 2.797e+01)
|        ( QUESTION0_6_R 1 -9.409e+03 1.059e+02 3.801e+01
|            ( QUESTION11 -1 -3.580e+03 1.063e+02 1.419e+01
|                ( - -2.578e+03 2 0)
|                ( - -8.959e+02 1 0))
|            ( - -5.723e+03 3 0 QUESTION11 -1 8.459e+01 2.382e+01))))
s>    ( QUESTION0 -1 -2.719e+04 1.492e+02 1.081e+02
s>        ( QUESTION2_7_L -1 -1.050e+04 9.371e+01 4.215e+01
s>            ( - -3.894e+03 5 0 QUESTION0_6_R 1 7.791e+01 1.555e+01)
s>            ( QUESTION0_6_R 1 -6.516e+03 1.001e+02 2.660e+01
s>                ( QUESTION2 -1 -4.862e+03 8.606e+01 1.994e+01
s>                    ( - -1.464e+03 2 0 WDBNDRY_B 0 9.081e+01 6.067e+00)
s>                    ( - -3.312e+03 2 0 WDBNDRY_B 0 8.319e+01 1.387e+01))
s>                ( - -1.554e+03 2 0 WDBNDRY_B 0 8.413e+01 6.661e+00)))
s>        ( QUESTION19 -1 -1.653e+04 1.137e+02 6.598e+01
s>            ( - -7.012e+03 4 0 WDBNDRY_B 0 6.045e+01 2.797e+01)
s>            ( QUESTION0_6_R 1 -9.409e+03 1.059e+02 3.801e+01
s>                ( QUESTION11 -1 -3.580e+03 1.063e+02 1.419e+01
s>                    ( - -2.578e+03 2 0)
s>                    ( - -8.959e+02 1 0))
s>                ( - -5.723e+03 3 0 QUESTION11 -1 8.459e+01 2.382e+01))))INFO: dtree.c(1315): Comp split 11
INFO: dtree.c(1478): Final simple tree
|( WDBNDRY_B 0 -1.215e+04 1.915e+02 4.889e+01
|    ( - -2.945e+02 1 0)
|    ( QUESTION0_13_R 1 -1.166e+04 1.276e+02 4.689e+01
|        ( WDBNDRY_E 0 -8.119e+03 9.405e+01 3.389e+01
|            ( - -1.098e+03 2 0)
|            ( - -6.927e+03 2 0))
|        ( QUESTION0_9_R 1 -3.417e+03 1.351e+02 1.300e+01
|            ( - -8.464e+02 1 0)
|            ( QUESTION0_0_R 1 -2.435e+03 8.731e+01 9.000e+00
|                ( - -7.301e+02 1 0)
|                ( QUESTION0_12_R 1 -1.618e+03 8.075e+01 6.000e+00
|                    ( - -4.682e+02 1 0)
|                    ( QUESTION4 1 -1.069e+03 6.905e+01 4.000e+00
|                        ( - -4.618e+02 1 0)
|                        ( - -5.379e+02 2 0 WDBNDRY_E 0 7.002e+01 2.000e+00)))))))
s>    ( WDBNDRY_B 0 -1.215e+04 1.915e+02 4.889e+01
s>        ( - -2.945e+02 1 0)
s>        ( QUESTION0_13_R 1 -1.166e+04 1.276e+02 4.689e+01
s>            ( WDBNDRY_E 0 -8.119e+03 9.405e+01 3.389e+01
s>                ( - -1.098e+03 2 0)
s>                ( - -6.927e+03 2 0))
s>            ( QUESTION0_9_R 1 -3.417e+03 1.351e+02 1.300e+01
s>                ( - -8.464e+02 1 0)
s>                ( QUESTION0_0_R 1 -2.435e+03 8.731e+01 9.000e+00
s>                    ( - -7.301e+02 1 0)
s>                    ( QUESTION0_12_R 1 -1.618e+03 8.075e+01 6.000e+00
s>                        ( - -4.682e+02 1 0)
s>                        ( QUESTION4 1 -1.069e+03 6.905e+01 4.000e+00
s>                            ( - -4.618e+02 1 0)
s>                            ( - -5.379e+02 2 0 WDBNDRY_E 0 7.002e+01 2.000e+00)))))))INFO: dtree.c(1315): Comp split 12
INFO: dtree.c(1478): Final simple tree
|( QUESTION0_13_R 1 -1.166e+04 1.276e+02 4.689e+01
|    ( WDBNDRY_E 0 -8.119e+03 9.405e+01 3.389e+01
|        ( - -1.098e+03 2 0)
|        ( - -6.927e+03 2 0))
|    ( QUESTION0_9_R 1 -3.417e+03 1.351e+02 1.300e+01
|        ( - -8.464e+02 1 0)
|        ( QUESTION0_0_R 1 -2.435e+03 8.731e+01 9.000e+00
|            ( - -7.301e+02 1 0)
|            ( QUESTION0_12_R 1 -1.618e+03 8.075e+01 6.000e+00
|                ( - -4.682e+02 1 0)
|                ( QUESTION4 1 -1.069e+03 6.905e+01 4.000e+00
|                    ( - -4.618e+02 1 0)
|                    ( WDBNDRY_E 0 -5.379e+02 7.002e+01 2.000e+00
|                        ( - -2.226e+02 1 0)
|                        ( - -2.454e+02 1 0)))))))
s>    ( QUESTION0_13_R 1 -1.166e+04 1.276e+02 4.689e+01
s>        ( WDBNDRY_E 0 -8.119e+03 9.405e+01 3.389e+01
s>            ( - -1.098e+03 2 0)
s>            ( - -6.927e+03 2 0))
s>        ( QUESTION0_9_R 1 -3.417e+03 1.351e+02 1.300e+01
s>            ( - -8.464e+02 1 0)
s>            ( QUESTION0_0_R 1 -2.435e+03 8.731e+01 9.000e+00
s>                ( - -7.301e+02 1 0)
s>                ( QUESTION0_12_R 1 -1.618e+03 8.075e+01 6.000e+00
s>                    ( - -4.682e+02 1 0)
s>                    ( QUESTION4 1 -1.069e+03 6.905e+01 4.000e+00
s>                        ( - -4.618e+02 1 0)
s>                        ( WDBNDRY_E 0 -5.379e+02 7.002e+01 2.000e+00
s>                            ( - -2.226e+02 1 0)
s>                            ( - -2.454e+02 1 0)))))))INFO: dtree.c(1315): Comp split 13
INFO: dtree.c(1439): stop. leaf nodes are specific
INFO: dtree.c(1478): Final simple tree
|( QUESTION0 -1 -1.016e+04 1.503e+02 4.358e+01
|    ( - -1.249e+03 1 0)
|    ( WDBNDRY_B 0 -8.764e+03 1.329e+02 3.758e+01
|        ( - -1.461e+03 1 0)
|        ( - -7.169e+03 3 0)))
s>    ( QUESTION0 -1 -1.016e+04 1.503e+02 4.358e+01
s>        ( - -1.249e+03 1 0)
s>        ( WDBNDRY_B 0 -8.764e+03 1.329e+02 3.758e+01
s>            ( - -1.461e+03 1 0)
s>            ( - -7.169e+03 3 0)))INFO: dtree.c(1315): Comp split 14
INFO: dtree.c(1478): Final simple tree
|( QUESTION2_7_L -1 -1.317e+04 1.093e+02 5.234e+01
|    ( QUESTION0_6_R 1 -3.894e+03 7.791e+01 1.555e+01
|        ( - -3.577e+03 4 0 QUESTION1 -1 7.050e+01 1.455e+01)
|        ( - -2.394e+02 1 0))
|    ( QUESTION0_6_R 1 -9.165e+03 1.068e+02 3.679e+01
|        ( QUESTION2 -1 -7.504e+03 8.488e+01 3.013e+01
|            ( WDBNDRY_B 0 -1.464e+03 9.081e+01 6.067e+00
|                ( - -4.583e+02 1 0)
|                ( - -9.149e+02 1 0))
|            ( QUESTION1 -1 -5.956e+03 7.954e+01 2.406e+01
|                ( - -6.235e+02 1 0)
|                ( - -5.253e+03 3 0 WDBNDRY_B 0 6.891e+01 2.106e+01)))
|        ( WDBNDRY_B 0 -1.554e+03 8.413e+01 6.661e+00
|            ( - -8.827e+02 1 0)
|            ( - -5.871e+02 1 0))))
s>    ( QUESTION2_7_L -1 -1.317e+04 1.093e+02 5.234e+01
s>        ( QUESTION0_6_R 1 -3.894e+03 7.791e+01 1.555e+01
s>            ( - -3.577e+03 4 0 QUESTION1 -1 7.050e+01 1.455e+01)
s>            ( - -2.394e+02 1 0))
s>        ( QUESTION0_6_R 1 -9.165e+03 1.068e+02 3.679e+01
s>            ( QUESTION2 -1 -7.504e+03 8.488e+01 3.013e+01
s>                ( WDBNDRY_B 0 -1.464e+03 9.081e+01 6.067e+00
s>                    ( - -4.583e+02 1 0)
s>                    ( - -9.149e+02 1 0))
s>                ( QUESTION1 -1 -5.956e+03 7.954e+01 2.406e+01
s>                    ( - -6.235e+02 1 0)
s>                    ( - -5.253e+03 3 0 WDBNDRY_B 0 6.891e+01 2.106e+01)))
s>            ( WDBNDRY_B 0 -1.554e+03 8.413e+01 6.661e+00
s>                ( - -8.827e+02 1 0)
s>                ( - -5.871e+02 1 0))))INFO: dtree.c(1439): stop. leaf nodes are specific
INFO: dtree.c(1478): Final simple tree
|( QUESTION19 -1 -1.385e+04 1.262e+02 5.579e+01
|    ( WDBNDRY_B 0 -7.012e+03 6.045e+01 2.797e+01
|        ( - -6.933e+02 2 0)
|        ( - -6.258e+03 2 0))
|    ( QUESTION0_6_R 1 -6.715e+03 9.617e+01 2.782e+01
|        ( - -8.959e+02 1 0)
|        ( QUESTION11 -1 -5.723e+03 8.459e+01 2.382e+01
|            ( - -2.796e+03 1 0)
|            ( SILENCE -1 -2.842e+03 7.337e+01 1.205e+01
|                ( - -1.136e+03 1 0)
|                ( - -1.633e+03 1 0)))))
s>    ( QUESTION19 -1 -1.385e+04 1.262e+02 5.579e+01
s>        ( WDBNDRY_B 0 -7.012e+03 6.045e+01 2.797e+01
s>            ( - -6.933e+02 2 0)
s>            ( - -6.258e+03 2 0))
s>        ( QUESTION0_6_R 1 -6.715e+03 9.617e+01 2.782e+01
s>            ( - -8.959e+02 1 0)
s>            ( QUESTION11 -1 -5.723e+03 8.459e+01 2.382e+01
s>                ( - -2.796e+03 1 0)
s>                ( SILENCE -1 -2.842e+03 7.337e+01 1.205e+01
s>                    ( - -1.136e+03 1 0)
s>                    ( - -1.633e+03 1 0)))))INFO: dtree.c(1315): Comp split 15
INFO: dtree.c(1439): stop. leaf nodes are specific
INFO: dtree.c(1478): Final simple tree
|( QUESTION0_0_R 1 -1.888e+03 8.907e+01 7.000e+00
|    ( - -7.301e+02 1 0)
|    ( QUESTION4 1 -1.069e+03 6.905e+01 4.000e+00
|        ( - -4.618e+02 1 0)
|        ( WDBNDRY_E 0 -5.379e+02 7.002e+01 2.000e+00
|            ( - -2.226e+02 1 0)
|            ( - -2.454e+02 1 0))))
s>    ( QUESTION0_0_R 1 -1.888e+03 8.907e+01 7.000e+00
s>        ( - -7.301e+02 1 0)
s>        ( QUESTION4 1 -1.069e+03 6.905e+01 4.000e+00
s>            ( - -4.618e+02 1 0)
s>            ( WDBNDRY_E 0 -5.379e+02 7.002e+01 2.000e+00
s>                ( - -2.226e+02 1 0)
s>                ( - -2.454e+02 1 0))))INFO: dtree.c(1439): stop. leaf nodes are specific
INFO: dtree.c(1478): Final simple tree
|( QUESTION0_9_R 1 -9.617e+03 1.088e+02 3.989e+01
|    ( - -8.464e+02 1 0)
|    ( WDBNDRY_E 0 -8.662e+03 1.008e+02 3.589e+01
|        ( QUESTION0_13_R 1 -1.634e+03 6.830e+01 7.000e+00
|            ( - -1.098e+03 2 0)
|            ( - -4.682e+02 1 0))
|        ( - -6.927e+03 2 0)))
s>    ( QUESTION0_9_R 1 -9.617e+03 1.088e+02 3.989e+01
s>        ( - -8.464e+02 1 0)
s>        ( WDBNDRY_E 0 -8.662e+03 1.008e+02 3.589e+01
s>            ( QUESTION0_13_R 1 -1.634e+03 6.830e+01 7.000e+00
s>                ( - -1.098e+03 2 0)
s>                ( - -4.682e+02 1 0))
s>            ( - -6.927e+03 2 0)))INFO: dtree.c(1315): Comp split 16
INFO: dtree.c(1439): stop. leaf nodes are specific
INFO: dtree.c(1478): Final simple tree
|( QUESTION13 -1 -4.247e+03 1.457e+02 1.701e+01
|    ( - -5.837e+02 1 0)
|    ( QUESTION0_8_R 1 -3.518e+03 1.360e+02 1.401e+01
|        ( - -8.721e+02 1 0)
|        ( QUESTION0_0_R 1 -2.510e+03 1.032e+02 1.001e+01
|            ( - -1.100e+03 1 0)
|            ( WDBNDRY_B 0 -1.307e+03 7.825e+01 5.014e+00
|                ( QUESTION11 -1 -8.027e+02 1.570e+02 3.000e+00
|                    ( - -2.387e+02 1 0)
|                    ( - -4.069e+02 1 0))
|                ( - -4.263e+02 1 0)))))
s>    ( QUESTION13 -1 -4.247e+03 1.457e+02 1.701e+01
s>        ( - -5.837e+02 1 0)
s>        ( QUESTION0_8_R 1 -3.518e+03 1.360e+02 1.401e+01
s>            ( - -8.721e+02 1 0)
s>            ( QUESTION0_0_R 1 -2.510e+03 1.032e+02 1.001e+01
s>                ( - -1.100e+03 1 0)
s>                ( WDBNDRY_B 0 -1.307e+03 7.825e+01 5.014e+00
s>                    ( QUESTION11 -1 -8.027e+02 1.570e+02 3.000e+00
s>                        ( - -2.387e+02 1 0)
s>                        ( - -4.069e+02 1 0))
s>                    ( - -4.263e+02 1 0)))))INFO: dtree.c(1478): Final simple tree
|( QUESTION3 -1 -2.100e+04 1.523e+02 8.078e+01
|    ( - -3.991e+02 1 0)
|    ( QUESTION14 -1 -2.045e+04 1.096e+02 7.878e+01
|        ( WDBNDRY_B 0 -2.200e+03 9.145e+01 8.879e+00
|            ( - -1.216e+03 2 0)
|            ( - -8.920e+02 1 0))
|        ( QUESTION2_4_L -1 -1.814e+04 1.108e+02 6.990e+01
|            ( WDBNDRY_B 0 -1.296e+04 1.001e+02 5.127e+01
|                ( QUESTION0 -1 -1.203e+04 8.699e+01 4.740e+01
|                    ( - -1.373e+03 1 0)
|                    ( - -1.057e+04 9 0 QUESTION13 -1 7.378e+01 4.142e+01))
|                ( - -8.271e+02 1 0))
|            ( QUESTION1 -1 -5.073e+03 9.866e+01 1.863e+01
|                ( - -9.304e+02 1 0)
|                ( - -4.044e+03 5 0 WDBNDRY_E 0 7.285e+01 1.463e+01)))))
s>    ( QUESTION3 -1 -2.100e+04 1.523e+02 8.078e+01
s>        ( - -3.991e+02 1 0)
s>        ( QUESTION14 -1 -2.045e+04 1.096e+02 7.878e+01
s>            ( WDBNDRY_B 0 -2.200e+03 9.145e+01 8.879e+00
s>                ( - -1.216e+03 2 0)
s>                ( - -8.920e+02 1 0))
s>            ( QUESTION2_4_L -1 -1.814e+04 1.108e+02 6.990e+01
s>                ( WDBNDRY_B 0 -1.296e+04 1.001e+02 5.127e+01
s>                    ( QUESTION0 -1 -1.203e+04 8.699e+01 4.740e+01
s>                        ( - -1.373e+03 1 0)
s>                        ( - -1.057e+04 9 0 QUESTION13 -1 7.378e+01 4.142e+01))
s>                    ( - -8.271e+02 1 0))
s>                ( QUESTION1 -1 -5.073e+03 9.866e+01 1.863e+01
s>                    ( - -9.304e+02 1 0)
s>                    ( - -4.044e+03 5 0 WDBNDRY_E 0 7.285e+01 1.463e+01)))))INFO: dtree.c(1315): Comp split 17
INFO: dtree.c(1439): stop. leaf nodes are specific
INFO: dtree.c(1478): Final simple tree
|( QUESTION13 -1 -3.642e+03 1.448e+02 1.501e+01
|    ( - -5.837e+02 1 0)
|    ( QUESTION0_8_R 1 -2.914e+03 1.338e+02 1.201e+01
|        ( - -8.721e+02 1 0)
|        ( QUESTION0_0_R 1 -1.908e+03 8.300e+01 8.014e+00
|            ( - -1.100e+03 1 0)
|            ( WDBNDRY_B 0 -7.252e+02 6.017e+01 3.014e+00
|                ( - -2.387e+02 1 0)
|                ( - -4.263e+02 1 0)))))
s>    ( QUESTION13 -1 -3.642e+03 1.448e+02 1.501e+01
s>        ( - -5.837e+02 1 0)
s>        ( QUESTION0_8_R 1 -2.914e+03 1.338e+02 1.201e+01
s>            ( - -8.721e+02 1 0)
s>            ( QUESTION0_0_R 1 -1.908e+03 8.300e+01 8.014e+00
s>                ( - -1.100e+03 1 0)
s>                ( WDBNDRY_B 0 -7.252e+02 6.017e+01 3.014e+00
s>                    ( - -2.387e+02 1 0)
s>                    ( - -4.263e+02 1 0)))))INFO: dtree.c(1315): Comp split 18
INFO: dtree.c(1478): Final simple tree
|( QUESTION14 -1 -2.045e+04 1.096e+02 7.878e+01
|    ( WDBNDRY_B 0 -2.200e+03 9.145e+01 8.879e+00
|        ( - -1.216e+03 2 0)
|        ( - -8.920e+02 1 0))
|    ( QUESTION2_4_L -1 -1.814e+04 1.108e+02 6.990e+01
|        ( WDBNDRY_B 0 -1.296e+04 1.001e+02 5.127e+01
|            ( QUESTION0 -1 -1.203e+04 8.699e+01 4.740e+01
|                ( - -1.373e+03 1 0)
|                ( QUESTION13 -1 -1.057e+04 7.378e+01 4.142e+01
|                    ( - -3.802e+03 2 0)
|                    ( - -6.696e+03 7 0)))
|            ( - -8.271e+02 1 0))
|        ( QUESTION1 -1 -5.073e+03 9.866e+01 1.863e+01
|            ( - -9.304e+02 1 0)
|            ( - -4.044e+03 5 0 WDBNDRY_E 0 7.285e+01 1.463e+01))))
s>    ( QUESTION14 -1 -2.045e+04 1.096e+02 7.878e+01
s>        ( WDBNDRY_B 0 -2.200e+03 9.145e+01 8.879e+00
s>            ( - -1.216e+03 2 0)
s>            ( - -8.920e+02 1 0))
s>        ( QUESTION2_4_L -1 -1.814e+04 1.108e+02 6.990e+01
s>            ( WDBNDRY_B 0 -1.296e+04 1.001e+02 5.127e+01
s>                ( QUESTION0 -1 -1.203e+04 8.699e+01 4.740e+01
s>                    ( - -1.373e+03 1 0)
s>                    ( QUESTION13 -1 -1.057e+04 7.378e+01 4.142e+01
s>                        ( - -3.802e+03 2 0)
s>                        ( - -6.696e+03 7 0)))
s>                ( - -8.271e+02 1 0))
s>            ( QUESTION1 -1 -5.073e+03 9.866e+01 1.863e+01
s>                ( - -9.304e+02 1 0)
s>                ( - -4.044e+03 5 0 WDBNDRY_E 0 7.285e+01 1.463e+01))))INFO: dtree.c(1315): Comp split 19
INFO: dtree.c(1315): Comp split 20
INFO: dtree.c(1439): stop. leaf nodes are specific
INFO: dtree.c(1478): Final simple tree
|( WDBNDRY_B 0 -8.764e+03 1.329e+02 3.758e+01
|    ( - -1.461e+03 1 0)
|    ( - -7.169e+03 3 0))
s>    ( WDBNDRY_B 0 -8.764e+03 1.329e+02 3.758e+01
s>        ( - -1.461e+03 1 0)
s>        ( - -7.169e+03 3 0))INFO: dtree.c(1315): Comp split 21
INFO: dtree.c(1439): stop. leaf nodes are specific
INFO: dtree.c(1478): Final simple tree
|( QUESTION2 -1 -7.811e+03 8.490e+01 3.113e+01
|    ( WDBNDRY_B 0 -1.770e+03 7.525e+01 7.067e+00
|        ( QUESTION0_6_R 1 -7.801e+02 8.236e+01 3.067e+00
|            ( - -4.583e+02 1 0)
|            ( - -2.394e+02 1 0))
|        ( - -9.149e+02 1 0))
|    ( QUESTION1 -1 -5.956e+03 7.954e+01 2.406e+01
|        ( - -6.235e+02 1 0)
|        ( WDBNDRY_B 0 -5.253e+03 6.891e+01 2.106e+01
|            ( - -2.578e+03 2 0)
|            ( - -2.605e+03 1 0))))
s>    ( QUESTION2 -1 -7.811e+03 8.490e+01 3.113e+01
s>        ( WDBNDRY_B 0 -1.770e+03 7.525e+01 7.067e+00
s>            ( QUESTION0_6_R 1 -7.801e+02 8.236e+01 3.067e+00
s>                ( - -4.583e+02 1 0)
s>                ( - -2.394e+02 1 0))
s>            ( - -9.149e+02 1 0))
s>        ( QUESTION1 -1 -5.956e+03 7.954e+01 2.406e+01
s>            ( - -6.235e+02 1 0)
s>            ( WDBNDRY_B 0 -5.253e+03 6.891e+01 2.106e+01
s>                ( - -2.578e+03 2 0)
s>                ( - -2.605e+03 1 0))))INFO: dtree.c(1439): stop. leaf nodes are specific
INFO: dtree.c(1478): Final simple tree
|( QUESTION2_0_L -1 -5.208e+03 9.075e+01 2.121e+01
|    ( - -8.827e+02 1 0)
|    ( QUESTION5 -1 -4.234e+03 7.074e+01 1.721e+01
|        ( WDBNDRY_B 0 -1.468e+03 8.000e+01 6.054e+00
|            ( - -7.254e+02 1 0)
|            ( - -6.630e+02 1 0))
|        ( QUESTION0_6_R 1 -2.695e+03 7.009e+01 1.115e+01
|            ( WDBNDRY_B 0 -2.038e+03 6.974e+01 8.494e+00
|                ( - -4.469e+02 1 0)
|                ( - -1.521e+03 1 0))
|            ( - -5.871e+02 1 0))))
s>    ( QUESTION2_0_L -1 -5.208e+03 9.075e+01 2.121e+01
s>        ( - -8.827e+02 1 0)
s>        ( QUESTION5 -1 -4.234e+03 7.074e+01 1.721e+01
s>            ( WDBNDRY_B 0 -1.468e+03 8.000e+01 6.054e+00
s>                ( - -7.254e+02 1 0)
s>                ( - -6.630e+02 1 0))
s>            ( QUESTION0_6_R 1 -2.695e+03 7.009e+01 1.115e+01
s>                ( WDBNDRY_B 0 -2.038e+03 6.974e+01 8.494e+00
s>                    ( - -4.469e+02 1 0)
s>                    ( - -1.521e+03 1 0))
s>                ( - -5.871e+02 1 0))))INFO: dtree.c(1315): Comp split 22
INFO: dtree.c(1439): stop. leaf nodes are specific
INFO: dtree.c(1478): Final simple tree
|( QUESTION0_8_R 1 -2.914e+03 1.338e+02 1.201e+01
|    ( - -8.721e+02 1 0)
|    ( QUESTION0_0_R 1 -1.908e+03 8.300e+01 8.014e+00
|        ( - -1.100e+03 1 0)
|        ( WDBNDRY_B 0 -7.252e+02 6.017e+01 3.014e+00
|            ( - -2.387e+02 1 0)
|            ( - -4.263e+02 1 0))))
s>    ( QUESTION0_8_R 1 -2.914e+03 1.338e+02 1.201e+01
s>        ( - -8.721e+02 1 0)
s>        ( QUESTION0_0_R 1 -1.908e+03 8.300e+01 8.014e+00
s>            ( - -1.100e+03 1 0)
s>            ( WDBNDRY_B 0 -7.252e+02 6.017e+01 3.014e+00
s>                ( - -2.387e+02 1 0)
s>                ( - -4.263e+02 1 0))))INFO: dtree.c(1315): Comp split 23
INFO: dtree.c(1439): stop. leaf nodes are specific
INFO: dtree.c(1478): Final simple tree
|( QUESTION0_0_R 1 -1.908e+03 8.300e+01 8.014e+00
|    ( - -1.100e+03 1 0)
|    ( WDBNDRY_B 0 -7.252e+02 6.017e+01 3.014e+00
|        ( - -2.387e+02 1 0)
|        ( - -4.263e+02 1 0)))
s>    ( QUESTION0_0_R 1 -1.908e+03 8.300e+01 8.014e+00
s>        ( - -1.100e+03 1 0)
s>        ( WDBNDRY_B 0 -7.252e+02 6.017e+01 3.014e+00
s>            ( - -2.387e+02 1 0)
s>            ( - -4.263e+02 1 0)))INFO: dtree.c(1315): Comp split 24
INFO: dtree.c(1315): Comp split 25
INFO: dtree.c(1439): stop. leaf nodes are specific
INFO: dtree.c(1478): Final simple tree
|( QUESTION2_4_L -1 -1.721e+04 1.059e+02 6.603e+01
|    ( QUESTION0 -1 -1.203e+04 8.699e+01 4.740e+01
|        ( - -1.373e+03 1 0)
|        ( QUESTION13 -1 -1.057e+04 7.378e+01 4.142e+01
|            ( - -3.802e+03 2 0)
|            ( - -6.696e+03 7 0)))
|    ( QUESTION1 -1 -5.073e+03 9.866e+01 1.863e+01
|        ( - -9.304e+02 1 0)
|        ( WDBNDRY_E 0 -4.044e+03 7.285e+01 1.463e+01
|            ( - -2.841e+02 1 0)
|            ( WDBNDRY_B 0 -3.687e+03 6.217e+01 1.363e+01
|                ( - -2.076e+03 2 0)
|                ( - -1.549e+03 2 0)))))
s>    ( QUESTION2_4_L -1 -1.721e+04 1.059e+02 6.603e+01
s>        ( QUESTION0 -1 -1.203e+04 8.699e+01 4.740e+01
s>            ( - -1.373e+03 1 0)
s>            ( QUESTION13 -1 -1.057e+04 7.378e+01 4.142e+01
s>                ( - -3.802e+03 2 0)
s>                ( - -6.696e+03 7 0)))
s>        ( QUESTION1 -1 -5.073e+03 9.866e+01 1.863e+01
s>            ( - -9.304e+02 1 0)
s>            ( WDBNDRY_E 0 -4.044e+03 7.285e+01 1.463e+01
s>                ( - -2.841e+02 1 0)
s>                ( WDBNDRY_B 0 -3.687e+03 6.217e+01 1.363e+01
s>                    ( - -2.076e+03 2 0)
s>                    ( - -1.549e+03 2 0)))))INFO: dtree.c(1439): stop. leaf nodes are specific
INFO: dtree.c(1478): Final simple tree
|( WDBNDRY_B 0 -3.114e+03 9.352e+01 1.275e+01
|    ( - -1.216e+03 2 0)
|    ( QUESTION14 -1 -1.805e+03 8.560e+01 7.750e+00
|        ( - -8.920e+02 1 0)
|        ( - -8.271e+02 1 0)))
s>    ( WDBNDRY_B 0 -3.114e+03 9.352e+01 1.275e+01
s>        ( - -1.216e+03 2 0)
s>        ( QUESTION14 -1 -1.805e+03 8.560e+01 7.750e+00
s>            ( - -8.920e+02 1 0)
s>            ( - -8.271e+02 1 0)))INFO: dtree.c(1315): Comp split 26
INFO: dtree.c(1439): stop. leaf nodes are specific
INFO: dtree.c(1478): Final simple tree
|( QUESTION0_6_R 1 -6.715e+03 9.617e+01 2.782e+01
|    ( - -8.959e+02 1 0)
|    ( QUESTION11 -1 -5.723e+03 8.459e+01 2.382e+01
|        ( - -2.796e+03 1 0)
|        ( SILENCE -1 -2.842e+03 7.337e+01 1.205e+01
|            ( - -1.136e+03 1 0)
|            ( - -1.633e+03 1 0))))
s>    ( QUESTION0_6_R 1 -6.715e+03 9.617e+01 2.782e+01
s>        ( - -8.959e+02 1 0)
s>        ( QUESTION11 -1 -5.723e+03 8.459e+01 2.382e+01
s>            ( - -2.796e+03 1 0)
s>            ( SILENCE -1 -2.842e+03 7.337e+01 1.205e+01
s>                ( - -1.136e+03 1 0)
s>                ( - -1.633e+03 1 0))))INFO: dtree.c(1439): stop. leaf nodes are specific
INFO: dtree.c(1478): Final simple tree
|( WDBNDRY_B 0 -7.012e+03 6.045e+01 2.797e+01
|    ( - -6.933e+02 2 0)
|    ( - -6.258e+03 2 0))
s>    ( WDBNDRY_B 0 -7.012e+03 6.045e+01 2.797e+01
s>        ( - -6.933e+02 2 0)
s>        ( - -6.258e+03 2 0))INFO: dtree.c(1315): Comp split 27
INFO: dtree.c(1315): Comp split 28
INFO: dtree.c(1439): stop. leaf nodes are specific
INFO: dtree.c(1478): Final simple tree
|( WDBNDRY_E 0 -4.044e+03 7.285e+01 1.463e+01
|    ( - -2.841e+02 1 0)
|    ( WDBNDRY_B 0 -3.687e+03 6.217e+01 1.363e+01
|        ( - -2.076e+03 2 0)
|        ( - -1.549e+03 2 0)))
s>    ( WDBNDRY_E 0 -4.044e+03 7.285e+01 1.463e+01
s>        ( - -2.841e+02 1 0)
s>        ( WDBNDRY_B 0 -3.687e+03 6.217e+01 1.363e+01
s>            ( - -2.076e+03 2 0)
s>            ( - -1.549e+03 2 0)))INFO: dtree.c(1439): stop. leaf nodes are specific
INFO: dtree.c(1478): Final simple tree
|( WDBNDRY_B 0 -1.306e+04 9.354e+01 5.140e+01
|    ( QUESTION0 -1 -1.203e+04 8.699e+01 4.740e+01
|        ( - -1.373e+03 1 0)
|        ( QUESTION13 -1 -1.057e+04 7.378e+01 4.142e+01
|            ( - -3.802e+03 2 0)
|            ( - -6.696e+03 7 0)))
|    ( - -9.304e+02 1 0))
s>    ( WDBNDRY_B 0 -1.306e+04 9.354e+01 5.140e+01
s>        ( QUESTION0 -1 -1.203e+04 8.699e+01 4.740e+01
s>            ( - -1.373e+03 1 0)
s>            ( QUESTION13 -1 -1.057e+04 7.378e+01 4.142e+01
s>                ( - -3.802e+03 2 0)
s>                ( - -6.696e+03 7 0)))
s>        ( - -9.304e+02 1 0))INFO: dtree.c(1315): Comp split 29
INFO: dtree.c(1439): stop. leaf nodes are specific
INFO: dtree.c(1478): Final simple tree
|( WDBNDRY_E 0 -8.662e+03 1.008e+02 3.589e+01
|    ( QUESTION0_13_R 1 -1.634e+03 6.830e+01 7.000e+00
|        ( - -1.098e+03 2 0)
|        ( - -4.682e+02 1 0))
|    ( - -6.927e+03 2 0))
s>    ( WDBNDRY_E 0 -8.662e+03 1.008e+02 3.589e+01
s>        ( QUESTION0_13_R 1 -1.634e+03 6.830e+01 7.000e+00
s>            ( - -1.098e+03 2 0)
s>            ( - -4.682e+02 1 0))
s>        ( - -6.927e+03 2 0))INFO: dtree.c(1315): Comp split 30
INFO: dtree.c(1439): stop. leaf nodes are specific
INFO: dtree.c(1478): Final simple tree
|( QUESTION0_13_R 1 -1.634e+03 6.830e+01 7.000e+00
|    ( - -1.098e+03 2 0)
|    ( - -4.682e+02 1 0))
s>    ( QUESTION0_13_R 1 -1.634e+03 6.830e+01 7.000e+00
s>        ( - -1.098e+03 2 0)
s>        ( - -4.682e+02 1 0))INFO: dtree.c(1315): Comp split 31
INFO: dtree.c(1439): stop. leaf nodes are specific
INFO: dtree.c(1478): Final simple tree
|( QUESTION11 -1 -5.723e+03 8.459e+01 2.382e+01
|    ( - -2.796e+03 1 0)
|    ( SILENCE -1 -2.842e+03 7.337e+01 1.205e+01
|        ( - -1.136e+03 1 0)
|        ( - -1.633e+03 1 0)))
s>    ( QUESTION11 -1 -5.723e+03 8.459e+01 2.382e+01
s>        ( - -2.796e+03 1 0)
s>        ( SILENCE -1 -2.842e+03 7.337e+01 1.205e+01
s>            ( - -1.136e+03 1 0)
s>            ( - -1.633e+03 1 0)))INFO: dtree.c(1315): Comp split 32
INFO: dtree.c(1439): stop. leaf nodes are specific
INFO: dtree.c(1478): Final simple tree
|( QUESTION0 -1 -1.203e+04 8.699e+01 4.740e+01
|    ( - -1.373e+03 1 0)
|    ( QUESTION13 -1 -1.057e+04 7.378e+01 4.142e+01
|        ( - -3.802e+03 2 0)
|        ( - -6.696e+03 7 0)))
s>    ( QUESTION0 -1 -1.203e+04 8.699e+01 4.740e+01
s>        ( - -1.373e+03 1 0)
s>        ( QUESTION13 -1 -1.057e+04 7.378e+01 4.142e+01
s>            ( - -3.802e+03 2 0)
s>            ( - -6.696e+03 7 0)))INFO: dtree.c(1315): Comp split 33
INFO: dtree.c(1439): stop. leaf nodes are specific
INFO: dtree.c(1478): Final simple tree
|( QUESTION14 -1 -1.805e+03 8.560e+01 7.750e+00
|    ( - -8.920e+02 1 0)
|    ( - -8.271e+02 1 0))
s>    ( QUESTION14 -1 -1.805e+03 8.560e+01 7.750e+00
s>        ( - -8.920e+02 1 0)
s>        ( - -8.271e+02 1 0))INFO: dtree.c(1315): Comp split 34
INFO: dtree.c(1439): stop. leaf nodes are specific
INFO: dtree.c(1478): Final simple tree
|( QUESTION5 -1 -4.234e+03 7.074e+01 1.721e+01
|    ( WDBNDRY_B 0 -1.468e+03 8.000e+01 6.054e+00
|        ( - -7.254e+02 1 0)
|        ( - -6.630e+02 1 0))
|    ( QUESTION0_6_R 1 -2.695e+03 7.009e+01 1.115e+01
|        ( WDBNDRY_B 0 -2.038e+03 6.974e+01 8.494e+00
|            ( - -4.469e+02 1 0)
|            ( - -1.521e+03 1 0))
|        ( - -5.871e+02 1 0)))
s>    ( QUESTION5 -1 -4.234e+03 7.074e+01 1.721e+01
s>        ( WDBNDRY_B 0 -1.468e+03 8.000e+01 6.054e+00
s>            ( - -7.254e+02 1 0)
s>            ( - -6.630e+02 1 0))
s>        ( QUESTION0_6_R 1 -2.695e+03 7.009e+01 1.115e+01
s>            ( WDBNDRY_B 0 -2.038e+03 6.974e+01 8.494e+00
s>                ( - -4.469e+02 1 0)
s>                ( - -1.521e+03 1 0))
s>            ( - -5.871e+02 1 0)))INFO: dtree.c(1315): Comp split 35
INFO: dtree.c(1439): stop. leaf nodes are specific
INFO: dtree.c(1478): Final simple tree
|( QUESTION4 1 -1.069e+03 6.905e+01 4.000e+00
|    ( - -4.618e+02 1 0)
|    ( WDBNDRY_E 0 -5.379e+02 7.002e+01 2.000e+00
|        ( - -2.226e+02 1 0)
|        ( - -2.454e+02 1 0)))
s>    ( QUESTION4 1 -1.069e+03 6.905e+01 4.000e+00
s>        ( - -4.618e+02 1 0)
s>        ( WDBNDRY_E 0 -5.379e+02 7.002e+01 2.000e+00
s>            ( - -2.226e+02 1 0)
s>            ( - -2.454e+02 1 0)))INFO: dtree.c(1315): Comp split 36
INFO: dtree.c(1439): stop. leaf nodes are specific
INFO: dtree.c(1478): Final simple tree
|( QUESTION0_6_R 1 -3.482e+03 7.487e+01 1.421e+01
|    ( WDBNDRY_B 0 -2.820e+03 6.029e+01 1.155e+01
|        ( QUESTION1 -1 -1.239e+03 6.661e+01 5.110e+00
|            ( - -4.469e+02 1 0)
|            ( - -7.254e+02 1 0))
|        ( - -1.521e+03 1 0))
|    ( - -5.871e+02 1 0))
s>    ( QUESTION0_6_R 1 -3.482e+03 7.487e+01 1.421e+01
s>        ( WDBNDRY_B 0 -2.820e+03 6.029e+01 1.155e+01
s>            ( QUESTION1 -1 -1.239e+03 6.661e+01 5.110e+00
s>                ( - -4.469e+02 1 0)
s>                ( - -7.254e+02 1 0))
s>            ( - -1.521e+03 1 0))
s>        ( - -5.871e+02 1 0))INFO: dtree.c(1315): Comp split 37
INFO: dtree.c(1439): stop. leaf nodes are specific
INFO: dtree.c(1478): Final simple tree
|( QUESTION1 -1 -5.794e+03 8.309e+01 2.313e+01
|    ( - -4.583e+02 1 0)
|    ( WDBNDRY_B 0 -5.253e+03 6.891e+01 2.106e+01
|        ( - -2.578e+03 2 0)
|        ( - -2.605e+03 1 0)))
s>    ( QUESTION1 -1 -5.794e+03 8.309e+01 2.313e+01
s>        ( - -4.583e+02 1 0)
s>        ( WDBNDRY_B 0 -5.253e+03 6.891e+01 2.106e+01
s>            ( - -2.578e+03 2 0)
s>            ( - -2.605e+03 1 0)))INFO: dtree.c(1439): stop. leaf nodes are specific
INFO: dtree.c(1478): Final simple tree
|( QUESTION2 -1 -1.929e+03 8.049e+01 8.003e+00
|    ( WDBNDRY_B 0 -1.225e+03 7.047e+01 5.000e+00
|        ( - -2.394e+02 1 0)
|        ( - -9.149e+02 1 0))
|    ( - -6.235e+02 1 0))
s>    ( QUESTION2 -1 -1.929e+03 8.049e+01 8.003e+00
s>        ( WDBNDRY_B 0 -1.225e+03 7.047e+01 5.000e+00
s>            ( - -2.394e+02 1 0)
s>            ( - -9.149e+02 1 0))
s>        ( - -6.235e+02 1 0))INFO: dtree.c(1315): Comp split 38
INFO: dtree.c(1439): stop. leaf nodes are specific
INFO: dtree.c(1478): Final simple tree
|( QUESTION13 -1 -1.057e+04 7.378e+01 4.142e+01
|    ( - -3.802e+03 2 0)
|    ( - -6.696e+03 7 0))
s>    ( QUESTION13 -1 -1.057e+04 7.378e+01 4.142e+01
s>        ( - -3.802e+03 2 0)
s>        ( - -6.696e+03 7 0))INFO: dtree.c(1315): Comp split 39
INFO: dtree.c(1315): Comp split 40
INFO: dtree.c(1439): stop. leaf nodes are specific
INFO: dtree.c(1478): Final simple tree
|( SILENCE -1 -2.842e+03 7.337e+01 1.205e+01
|    ( - -1.136e+03 1 0)
|    ( - -1.633e+03 1 0))
s>    ( SILENCE -1 -2.842e+03 7.337e+01 1.205e+01
s>        ( - -1.136e+03 1 0)
s>        ( - -1.633e+03 1 0))INFO: dtree.c(1315): Comp split 41
INFO: dtree.c(1439): stop. leaf nodes are specific
INFO: dtree.c(1478): Final simple tree
|( WDBNDRY_B 0 -5.253e+03 6.891e+01 2.106e+01
|    ( - -2.578e+03 2 0)
|    ( - -2.605e+03 1 0))
s>    ( WDBNDRY_B 0 -5.253e+03 6.891e+01 2.106e+01
s>        ( - -2.578e+03 2 0)
s>        ( - -2.605e+03 1 0))INFO: dtree.c(1315): Comp split 42
INFO: dtree.c(1439): stop. leaf nodes are specific
INFO: dtree.c(1478): Final simple tree
|( WDBNDRY_B 0 -7.252e+02 6.017e+01 3.014e+00
|    ( - -2.387e+02 1 0)
|    ( - -4.263e+02 1 0))
s>    ( WDBNDRY_B 0 -7.252e+02 6.017e+01 3.014e+00
s>        ( - -2.387e+02 1 0)
s>        ( - -4.263e+02 1 0))INFO: dtree.c(1315): Comp split 43
INFO: dtree.c(1439): stop. leaf nodes are specific
INFO: dtree.c(1478): Final simple tree
|( WDBNDRY_B 0 -1.225e+03 7.047e+01 5.000e+00
|    ( - -2.394e+02 1 0)
|    ( - -9.149e+02 1 0))
s>    ( WDBNDRY_B 0 -1.225e+03 7.047e+01 5.000e+00
s>        ( - -2.394e+02 1 0)
s>        ( - -9.149e+02 1 0))INFO: dtree.c(1315): Comp split 44
INFO: dtree.c(1439): stop. leaf nodes are specific
INFO: dtree.c(1478): Final simple tree
|( WDBNDRY_B 0 -2.820e+03 6.029e+01 1.155e+01
|    ( QUESTION1 -1 -1.239e+03 6.661e+01 5.110e+00
|        ( - -4.469e+02 1 0)
|        ( - -7.254e+02 1 0))
|    ( - -1.521e+03 1 0))
s>    ( WDBNDRY_B 0 -2.820e+03 6.029e+01 1.155e+01
s>        ( QUESTION1 -1 -1.239e+03 6.661e+01 5.110e+00
s>            ( - -4.469e+02 1 0)
s>            ( - -7.254e+02 1 0))
s>        ( - -1.521e+03 1 0))INFO: dtree.c(1315): Comp split 45
INFO: dtree.c(1315): Comp split 46
INFO: dtree.c(1315): Comp split 47
INFO: dtree.c(1439): stop. leaf nodes are specific
INFO: dtree.c(1478): Final simple tree
|( WDBNDRY_B 0 -3.687e+03 6.217e+01 1.363e+01
|    ( - -2.076e+03 2 0)
|    ( - -1.549e+03 2 0))
s>    ( WDBNDRY_B 0 -3.687e+03 6.217e+01 1.363e+01
s>        ( - -2.076e+03 2 0)
s>        ( - -1.549e+03 2 0))INFO: dtree.c(1315): Comp split 48
INFO: dtree.c(1315): Comp split 49
INFO: dtree.c(1439): stop. leaf nodes are specific
INFO: dtree.c(1478): Final simple tree
|( WDBNDRY_E 0 -5.379e+02 7.002e+01 2.000e+00
|    ( - -2.226e+02 1 0)
|    ( - -2.454e+02 1 0))
s>    ( WDBNDRY_E 0 -5.379e+02 7.002e+01 2.000e+00
s>        ( - -2.226e+02 1 0)
s>        ( - -2.454e+02 1 0))INFO: dtree.c(1315): Comp split 50
INFO: dtree.c(1315): Comp split 51
INFO: dtree.c(1315): Comp split 52
INFO: dtree.c(1315): Comp split 53
INFO: dtree.c(1439): stop. leaf nodes are specific
INFO: dtree.c(1478): Final simple tree
|( WDBNDRY_B 0 -2.307e+03 5.992e+01 9.491e+00
|    ( - -7.254e+02 1 0)
|    ( - -1.521e+03 1 0))
s>    ( WDBNDRY_B 0 -2.307e+03 5.992e+01 9.491e+00
s>        ( - -7.254e+02 1 0)
s>        ( - -1.521e+03 1 0))INFO: dtree.c(1315): Comp split 54
INFO: dtree.c(1315): Comp split 55
INFO: dtree.c(1315): Comp split 56
INFO: dtree.c(1315): Comp split 57
INFO: dtree.c(1315): Comp split 58
INFO: dtree.c(1318): stop. leaf nodes are specific
Thu May  7 00:23:26 2020
