Current configuration:
[NAME]		[DEFLT]	[VALUE]
-allphones	no	no
-cntthresh	0.00001	1.000000e-05
-csplitmax	100	2000
-csplitmin	1	1
-csplitthr	8e-4	0.000000e+00
-example	no	no
-fullvar	no	no
-help		no	no
-meanfn			/home/abdy/Desktop/diploma/kg/model_parameters/kg.cd_cont_untied/means
-mixwfn			/home/abdy/Desktop/diploma/kg/model_parameters/kg.cd_cont_untied/mixture_weights
-moddeffn		/home/abdy/Desktop/diploma/kg/model_architecture/kg.untied.mdef
-mwfloor	1e-4	1.000000e-08
-phone			u
-psetfn			/home/abdy/Desktop/diploma/kg/model_architecture/kg.tree_questions
-ssplitmax	5	7
-ssplitmin	1	1
-ssplitthr	8e-4	0.000000e+00
-state			0
-stwt			1.0,0.05,0.0,
-treefn			/home/abdy/Desktop/diploma/kg/trees/kg.unpruned/u-0.dtree
-ts2cbfn	.semi.	.cont.
-varfloor	0.00001	1.000000e-05
-varfn			/home/abdy/Desktop/diploma/kg/model_parameters/kg.cd_cont_untied/variances

INFO: main.c(223): Reading: /home/abdy/Desktop/diploma/kg/model_architecture/kg.untied.mdef
INFO: model_def_io.c(573): Model definition info:
INFO: model_def_io.c(574): 10297 total models defined (47 base, 10250 tri)
INFO: model_def_io.c(575): 41188 total states
INFO: model_def_io.c(576): 30891 total tied states
INFO: model_def_io.c(577): 141 total tied CI states
INFO: model_def_io.c(578): 47 total tied transition matrices
INFO: model_def_io.c(579): 4 max state/model
INFO: model_def_io.c(580): 4 min state/model
INFO: main.c(242): Building trees for [u SIL ch b] through [u zh r i]
INFO: main.c(269): Covering states |[25110 26351]| == 1242
INFO: main.c(275): Reading: /home/abdy/Desktop/diploma/kg/model_parameters/kg.cd_cont_untied/mixture_weights
INFO: s3mixw_io.c(173): Read /home/abdy/Desktop/diploma/kg/model_parameters/kg.cd_cont_untied/mixture_weights [1242x1x1 array]
INFO: main.c(311): 77 of 414 models have observation count greater than 0.000010
INFO: main.c(95): nrm stwt: 0.952 0.048 0.000 
INFO: s3gau_io.c(169): Read /home/abdy/Desktop/diploma/kg/model_parameters/kg.cd_cont_untied/means [30891x1x1 array]
INFO: s3gau_io.c(169): Read /home/abdy/Desktop/diploma/kg/model_parameters/kg.cd_cont_untied/variances [30891x1x1 array]
INFO: main.c(549): Reading: /home/abdy/Desktop/diploma/kg/model_architecture/kg.tree_questions
INFO: main.c(588): 174 total simple questions (166 phone; 8 word bndry)
INFO: main.c(590): 40 Left Only questions, and 42 Right Only questions
INFO: dtree.c(1478): Final simple tree
|( QUESTION17 1 -7.162e+04 4.930e+02 2.837e+02
|    ( - 1.978e+02 1 0)
|    ( QUESTION17 -1 -7.133e+04 4.672e+02 2.827e+02
|        ( - 1.956e+02 1 0)
|        ( WDBNDRY_B 0 -7.105e+04 3.968e+02 2.817e+02
|            ( QUESTION16 -1 -1.175e+04 4.857e+02 4.799e+01
|                ( - 2.425e+02 1 0)
|                ( QUESTION0_11_R 1 -1.151e+04 2.976e+02 4.699e+01
|                    ( - -8.943e+03 6 0 SILENCE -1 1.679e+02 3.699e+01)
|                    ( - -2.270e+03 4 0 QUESTION0_10_R 1 2.130e+02 1.000e+01)))
|            ( QUESTION2_0_L -1 -5.890e+04 3.862e+02 2.337e+02
|                ( - -1.247e+04 21 0 QUESTION0_15_R 1 2.219e+02 5.181e+01)
|                ( QUESTION6 -1 -4.605e+04 3.797e+02 1.819e+02
|                    ( - -1.007e+04 9 0 QUESTION0_2_R 1 1.970e+02 4.084e+01)
|                    ( - -3.560e+04 34 0 QUESTION2 -1 2.537e+02 1.411e+02))))))
s>    ( QUESTION17 1 -7.162e+04 4.930e+02 2.837e+02
s>        ( - 1.978e+02 1 0)
s>        ( QUESTION17 -1 -7.133e+04 4.672e+02 2.827e+02
s>            ( - 1.956e+02 1 0)
s>            ( WDBNDRY_B 0 -7.105e+04 3.968e+02 2.817e+02
s>                ( QUESTION16 -1 -1.175e+04 4.857e+02 4.799e+01
s>                    ( - 2.425e+02 1 0)
s>                    ( QUESTION0_11_R 1 -1.151e+04 2.976e+02 4.699e+01
s>                        ( - -8.943e+03 6 0 SILENCE -1 1.679e+02 3.699e+01)
s>                        ( - -2.270e+03 4 0 QUESTION0_10_R 1 2.130e+02 1.000e+01)))
s>                ( QUESTION2_0_L -1 -5.890e+04 3.862e+02 2.337e+02
s>                    ( - -1.247e+04 21 0 QUESTION0_15_R 1 2.219e+02 5.181e+01)
s>                    ( QUESTION6 -1 -4.605e+04 3.797e+02 1.819e+02
s>                        ( - -1.007e+04 9 0 QUESTION0_2_R 1 1.970e+02 4.084e+01)
s>                        ( - -3.560e+04 34 0 QUESTION2 -1 2.537e+02 1.411e+02))))))INFO: dtree.c(1315): Comp split 0
INFO: dtree.c(1478): Final simple tree
|( WDBNDRY_B 0 -4.489e+04 3.507e+02 1.781e+02
|    ( - -8.943e+03 6 0 SILENCE -1 1.679e+02 3.699e+01)
|    ( QUESTION2 -1 -3.560e+04 2.537e+02 1.411e+02
|        ( QUESTION3 1 -1.050e+04 2.244e+02 4.290e+01
|            ( - -2.617e+02 1 0)
|            ( QUESTION0_0_R 1 -1.001e+04 1.773e+02 4.090e+01
|                ( - -3.972e+03 2 0)
|                ( - -5.862e+03 6 0 QUESTION0_2_R 1 1.502e+02 2.406e+01)))
|        ( SILENCE 1 -2.485e+04 2.381e+02 9.816e+01
|            ( - -4.991e+03 1 0)
|            ( QUESTION19 1 -1.962e+04 1.934e+02 7.863e+01
|                ( - -2.807e+02 1 0)
|                ( QUESTION11 1 -1.914e+04 1.704e+02 7.663e+01
|                    ( - -1.308e+03 1 0)
|                    ( - -1.767e+04 22 0 QUESTION16 1 1.392e+02 7.063e+01))))))
s>    ( WDBNDRY_B 0 -4.489e+04 3.507e+02 1.781e+02
s>        ( - -8.943e+03 6 0 SILENCE -1 1.679e+02 3.699e+01)
s>        ( QUESTION2 -1 -3.560e+04 2.537e+02 1.411e+02
s>            ( QUESTION3 1 -1.050e+04 2.244e+02 4.290e+01
s>                ( - -2.617e+02 1 0)
s>                ( QUESTION0_0_R 1 -1.001e+04 1.773e+02 4.090e+01
s>                    ( - -3.972e+03 2 0)
s>                    ( - -5.862e+03 6 0 QUESTION0_2_R 1 1.502e+02 2.406e+01)))
s>            ( SILENCE 1 -2.485e+04 2.381e+02 9.816e+01
s>                ( - -4.991e+03 1 0)
s>                ( QUESTION19 1 -1.962e+04 1.934e+02 7.863e+01
s>                    ( - -2.807e+02 1 0)
s>                    ( QUESTION11 1 -1.914e+04 1.704e+02 7.663e+01
s>                        ( - -1.308e+03 1 0)
s>                        ( - -1.767e+04 22 0 QUESTION16 1 1.392e+02 7.063e+01))))))INFO: dtree.c(1478): Final simple tree
|( QUESTION17 1 -2.615e+04 4.919e+02 1.057e+02
|    ( - 1.978e+02 1 0)
|    ( QUESTION17 -1 -2.586e+04 4.617e+02 1.047e+02
|        ( - 1.956e+02 1 0)
|        ( QUESTION4 -1 -2.559e+04 3.369e+02 1.037e+02
|            ( - -1.007e+04 9 0 QUESTION0_2_R 1 1.970e+02 4.084e+01)
|            ( QUESTION11 -1 -1.518e+04 2.388e+02 6.281e+01
|                ( - -1.124e+03 2 0 QUESTION0_9_R 1 2.134e+02 6.000e+00)
|                ( QUESTION14 1 -1.382e+04 2.287e+02 5.681e+01
|                    ( - -6.186e+02 1 0)
|                    ( QUESTION0_15_R 1 -1.297e+04 2.212e+02 5.381e+01
|                        ( - -2.444e+02 1 0)
|                        ( QUESTION14 -1 -1.251e+04 2.172e+02 5.181e+01
|                            ( - -4.142e+03 5 0 QUESTION4 1 1.001e+02 1.865e+01)
|                            ( - -8.148e+03 17 0 QUESTION16 -1 1.191e+02 3.316e+01))))))))
s>    ( QUESTION17 1 -2.615e+04 4.919e+02 1.057e+02
s>        ( - 1.978e+02 1 0)
s>        ( QUESTION17 -1 -2.586e+04 4.617e+02 1.047e+02
s>            ( - 1.956e+02 1 0)
s>            ( QUESTION4 -1 -2.559e+04 3.369e+02 1.037e+02
s>                ( - -1.007e+04 9 0 QUESTION0_2_R 1 1.970e+02 4.084e+01)
s>                ( QUESTION11 -1 -1.518e+04 2.388e+02 6.281e+01
s>                    ( - -1.124e+03 2 0 QUESTION0_9_R 1 2.134e+02 6.000e+00)
s>                    ( QUESTION14 1 -1.382e+04 2.287e+02 5.681e+01
s>                        ( - -6.186e+02 1 0)
s>                        ( QUESTION0_15_R 1 -1.297e+04 2.212e+02 5.381e+01
s>                            ( - -2.444e+02 1 0)
s>                            ( QUESTION14 -1 -1.251e+04 2.172e+02 5.181e+01
s>                                ( - -4.142e+03 5 0 QUESTION4 1 1.001e+02 1.865e+01)
s>                                ( - -8.148e+03 17 0 QUESTION16 -1 1.191e+02 3.316e+01))))))))INFO: dtree.c(1315): Comp split 1
INFO: dtree.c(1478): Final simple tree
|( QUESTION17 -1 -2.586e+04 4.617e+02 1.047e+02
|    ( - 1.956e+02 1 0)
|    ( QUESTION4 -1 -2.559e+04 3.369e+02 1.037e+02
|        ( - -1.007e+04 9 0 QUESTION0_2_R 1 1.970e+02 4.084e+01)
|        ( QUESTION11 -1 -1.518e+04 2.388e+02 6.281e+01
|            ( QUESTION0_9_R 1 -1.124e+03 2.134e+02 6.000e+00
|                ( - -2.717e+02 1 0)
|                ( - -6.391e+02 1 0))
|            ( QUESTION14 1 -1.382e+04 2.287e+02 5.681e+01
|                ( - -6.186e+02 1 0)
|                ( QUESTION0_15_R 1 -1.297e+04 2.212e+02 5.381e+01
|                    ( - -2.444e+02 1 0)
|                    ( QUESTION14 -1 -1.251e+04 2.172e+02 5.181e+01
|                        ( - -4.142e+03 5 0 QUESTION4 1 1.001e+02 1.865e+01)
|                        ( - -8.148e+03 17 0 QUESTION16 -1 1.191e+02 3.316e+01)))))))
s>    ( QUESTION17 -1 -2.586e+04 4.617e+02 1.047e+02
s>        ( - 1.956e+02 1 0)
s>        ( QUESTION4 -1 -2.559e+04 3.369e+02 1.037e+02
s>            ( - -1.007e+04 9 0 QUESTION0_2_R 1 1.970e+02 4.084e+01)
s>            ( QUESTION11 -1 -1.518e+04 2.388e+02 6.281e+01
s>                ( QUESTION0_9_R 1 -1.124e+03 2.134e+02 6.000e+00
s>                    ( - -2.717e+02 1 0)
s>                    ( - -6.391e+02 1 0))
s>                ( QUESTION14 1 -1.382e+04 2.287e+02 5.681e+01
s>                    ( - -6.186e+02 1 0)
s>                    ( QUESTION0_15_R 1 -1.297e+04 2.212e+02 5.381e+01
s>                        ( - -2.444e+02 1 0)
s>                        ( QUESTION14 -1 -1.251e+04 2.172e+02 5.181e+01
s>                            ( - -4.142e+03 5 0 QUESTION4 1 1.001e+02 1.865e+01)
s>                            ( - -8.148e+03 17 0 QUESTION16 -1 1.191e+02 3.316e+01)))))))INFO: dtree.c(1315): Comp split 2
INFO: dtree.c(1478): Final simple tree
|( QUESTION4 -1 -2.559e+04 3.369e+02 1.037e+02
|    ( QUESTION0_2_R 1 -1.007e+04 1.970e+02 4.084e+01
|        ( - -2.546e+02 1 0)
|        ( - -9.619e+03 8 0 QUESTION19 1 1.775e+02 3.884e+01))
|    ( QUESTION11 -1 -1.518e+04 2.388e+02 6.281e+01
|        ( QUESTION0_9_R 1 -1.124e+03 2.134e+02 6.000e+00
|            ( - -2.717e+02 1 0)
|            ( - -6.391e+02 1 0))
|        ( QUESTION14 1 -1.382e+04 2.287e+02 5.681e+01
|            ( - -6.186e+02 1 0)
|            ( QUESTION0_15_R 1 -1.297e+04 2.212e+02 5.381e+01
|                ( - -2.444e+02 1 0)
|                ( QUESTION14 -1 -1.251e+04 2.172e+02 5.181e+01
|                    ( - -4.142e+03 5 0 QUESTION4 1 1.001e+02 1.865e+01)
|                    ( - -8.148e+03 17 0 QUESTION16 -1 1.191e+02 3.316e+01))))))
s>    ( QUESTION4 -1 -2.559e+04 3.369e+02 1.037e+02
s>        ( QUESTION0_2_R 1 -1.007e+04 1.970e+02 4.084e+01
s>            ( - -2.546e+02 1 0)
s>            ( - -9.619e+03 8 0 QUESTION19 1 1.775e+02 3.884e+01))
s>        ( QUESTION11 -1 -1.518e+04 2.388e+02 6.281e+01
s>            ( QUESTION0_9_R 1 -1.124e+03 2.134e+02 6.000e+00
s>                ( - -2.717e+02 1 0)
s>                ( - -6.391e+02 1 0))
s>            ( QUESTION14 1 -1.382e+04 2.287e+02 5.681e+01
s>                ( - -6.186e+02 1 0)
s>                ( QUESTION0_15_R 1 -1.297e+04 2.212e+02 5.381e+01
s>                    ( - -2.444e+02 1 0)
s>                    ( QUESTION14 -1 -1.251e+04 2.172e+02 5.181e+01
s>                        ( - -4.142e+03 5 0 QUESTION4 1 1.001e+02 1.865e+01)
s>                        ( - -8.148e+03 17 0 QUESTION16 -1 1.191e+02 3.316e+01))))))INFO: dtree.c(1315): Comp split 3
INFO: dtree.c(1478): Final simple tree
|( QUESTION2_16_L -1 -3.511e+04 2.487e+02 1.391e+02
|    ( QUESTION0_0_R 1 -9.752e+03 1.814e+02 3.990e+01
|        ( - -3.972e+03 2 0)
|        ( QUESTION0_2_R 1 -5.598e+03 1.510e+02 2.306e+01
|            ( - -6.790e+02 1 0)
|            ( - -4.768e+03 4 0 WDBNDRY_E 0 8.154e+01 2.006e+01)))
|    ( SILENCE 1 -2.511e+04 2.373e+02 9.916e+01
|        ( - -4.991e+03 1 0)
|        ( QUESTION19 1 -1.988e+04 1.935e+02 7.963e+01
|            ( - -2.807e+02 1 0)
|            ( QUESTION11 1 -1.940e+04 1.699e+02 7.763e+01
|                ( - -1.308e+03 1 0)
|                ( QUESTION16 1 -1.793e+04 1.383e+02 7.163e+01
|                    ( - -1.351e+03 3 0 QUESTION1 -1 1.403e+02 6.000e+00)
|                    ( - -1.644e+04 20 0 QUESTION2 1 1.350e+02 6.563e+01))))))
s>    ( QUESTION2_16_L -1 -3.511e+04 2.487e+02 1.391e+02
s>        ( QUESTION0_0_R 1 -9.752e+03 1.814e+02 3.990e+01
s>            ( - -3.972e+03 2 0)
s>            ( QUESTION0_2_R 1 -5.598e+03 1.510e+02 2.306e+01
s>                ( - -6.790e+02 1 0)
s>                ( - -4.768e+03 4 0 WDBNDRY_E 0 8.154e+01 2.006e+01)))
s>        ( SILENCE 1 -2.511e+04 2.373e+02 9.916e+01
s>            ( - -4.991e+03 1 0)
s>            ( QUESTION19 1 -1.988e+04 1.935e+02 7.963e+01
s>                ( - -2.807e+02 1 0)
s>                ( QUESTION11 1 -1.940e+04 1.699e+02 7.763e+01
s>                    ( - -1.308e+03 1 0)
s>                    ( QUESTION16 1 -1.793e+04 1.383e+02 7.163e+01
s>                        ( - -1.351e+03 3 0 QUESTION1 -1 1.403e+02 6.000e+00)
s>                        ( - -1.644e+04 20 0 QUESTION2 1 1.350e+02 6.563e+01))))))INFO: dtree.c(1439): stop. leaf nodes are specific
INFO: dtree.c(1478): Final simple tree
|( WDBNDRY_B 0 -9.431e+03 2.267e+02 3.899e+01
|    ( SILENCE -1 -8.943e+03 1.679e+02 3.699e+01
|        ( - -5.021e+03 1 0)
|        ( QUESTION0_12_R 1 -3.754e+03 1.410e+02 1.600e+01
|            ( QUESTION13 -1 -2.994e+03 1.320e+02 1.300e+01
|                ( - -8.592e+02 1 0)
|                ( QUESTION11 -1 -2.002e+03 7.854e+01 9.000e+00
|                    ( - -1.736e+02 1 0)
|                    ( - -1.750e+03 1 0)))
|            ( QUESTION13 -1 -6.192e+02 5.918e+02 3.000e+00
|                ( - 2.427e+02 1 0)
|                ( - -2.701e+02 1 0))))
|    ( - -2.617e+02 1 0))
s>    ( WDBNDRY_B 0 -9.431e+03 2.267e+02 3.899e+01
s>        ( SILENCE -1 -8.943e+03 1.679e+02 3.699e+01
s>            ( - -5.021e+03 1 0)
s>            ( QUESTION0_12_R 1 -3.754e+03 1.410e+02 1.600e+01
s>                ( QUESTION13 -1 -2.994e+03 1.320e+02 1.300e+01
s>                    ( - -8.592e+02 1 0)
s>                    ( QUESTION11 -1 -2.002e+03 7.854e+01 9.000e+00
s>                        ( - -1.736e+02 1 0)
s>                        ( - -1.750e+03 1 0)))
s>                ( QUESTION13 -1 -6.192e+02 5.918e+02 3.000e+00
s>                    ( - 2.427e+02 1 0)
s>                    ( - -2.701e+02 1 0))))
s>        ( - -2.617e+02 1 0))INFO: dtree.c(1315): Comp split 4
INFO: dtree.c(1439): stop. leaf nodes are specific
INFO: dtree.c(1478): Final simple tree
|( WDBNDRY_B 0 -9.194e+03 2.269e+02 3.799e+01
|    ( SILENCE -1 -8.705e+03 1.686e+02 3.599e+01
|        ( - -5.021e+03 1 0)
|        ( QUESTION0_12_R 1 -3.516e+03 2.517e+02 1.500e+01
|            ( QUESTION13 -1 -2.994e+03 1.320e+02 1.300e+01
|                ( - -8.592e+02 1 0)
|                ( QUESTION11 -1 -2.002e+03 7.854e+01 9.000e+00
|                    ( - -1.736e+02 1 0)
|                    ( - -1.750e+03 1 0)))
|            ( - -2.701e+02 1 0)))
|    ( - -2.617e+02 1 0))
s>    ( WDBNDRY_B 0 -9.194e+03 2.269e+02 3.799e+01
s>        ( SILENCE -1 -8.705e+03 1.686e+02 3.599e+01
s>            ( - -5.021e+03 1 0)
s>            ( QUESTION0_12_R 1 -3.516e+03 2.517e+02 1.500e+01
s>                ( QUESTION13 -1 -2.994e+03 1.320e+02 1.300e+01
s>                    ( - -8.592e+02 1 0)
s>                    ( QUESTION11 -1 -2.002e+03 7.854e+01 9.000e+00
s>                        ( - -1.736e+02 1 0)
s>                        ( - -1.750e+03 1 0)))
s>                ( - -2.701e+02 1 0)))
s>        ( - -2.617e+02 1 0))INFO: dtree.c(1315): Comp split 5
INFO: dtree.c(1478): Final simple tree
|( QUESTION11 -1 -1.518e+04 2.388e+02 6.281e+01
|    ( QUESTION0_9_R 1 -1.124e+03 2.134e+02 6.000e+00
|        ( - -2.717e+02 1 0)
|        ( - -6.391e+02 1 0))
|    ( QUESTION14 1 -1.382e+04 2.287e+02 5.681e+01
|        ( - -6.186e+02 1 0)
|        ( QUESTION0_15_R 1 -1.297e+04 2.212e+02 5.381e+01
|            ( - -2.444e+02 1 0)
|            ( QUESTION14 -1 -1.251e+04 2.172e+02 5.181e+01
|                ( - -4.142e+03 5 0 QUESTION4 1 1.001e+02 1.865e+01)
|                ( QUESTION16 -1 -8.148e+03 1.191e+02 3.316e+01
|                    ( WDBNDRY_B 0 -2.296e+03 4.634e+02 1.018e+01
|                        ( - 2.425e+02 1 0)
|                        ( - -2.075e+03 3 0 QUESTION0_0_R 1 8.646e+01 9.184e+00))
|                    ( - -5.733e+03 13 0 QUESTION13 -1 9.185e+01 2.297e+01))))))
s>    ( QUESTION11 -1 -1.518e+04 2.388e+02 6.281e+01
s>        ( QUESTION0_9_R 1 -1.124e+03 2.134e+02 6.000e+00
s>            ( - -2.717e+02 1 0)
s>            ( - -6.391e+02 1 0))
s>        ( QUESTION14 1 -1.382e+04 2.287e+02 5.681e+01
s>            ( - -6.186e+02 1 0)
s>            ( QUESTION0_15_R 1 -1.297e+04 2.212e+02 5.381e+01
s>                ( - -2.444e+02 1 0)
s>                ( QUESTION14 -1 -1.251e+04 2.172e+02 5.181e+01
s>                    ( - -4.142e+03 5 0 QUESTION4 1 1.001e+02 1.865e+01)
s>                    ( QUESTION16 -1 -8.148e+03 1.191e+02 3.316e+01
s>                        ( WDBNDRY_B 0 -2.296e+03 4.634e+02 1.018e+01
s>                            ( - 2.425e+02 1 0)
s>                            ( - -2.075e+03 3 0 QUESTION0_0_R 1 8.646e+01 9.184e+00))
s>                        ( - -5.733e+03 13 0 QUESTION13 -1 9.185e+01 2.297e+01))))))INFO: dtree.c(1478): Final simple tree
|( QUESTION0_2_R 1 -1.007e+04 1.970e+02 4.084e+01
|    ( - -2.546e+02 1 0)
|    ( QUESTION19 1 -9.619e+03 1.775e+02 3.884e+01
|        ( - -3.041e+02 1 0)
|        ( WDBNDRY_E 0 -9.138e+03 1.701e+02 3.684e+01
|            ( - -9.072e+02 1 0)
|            ( QUESTION11 1 -8.061e+03 1.611e+02 3.284e+01
|                ( - -8.241e+02 1 0)
|                ( QUESTION0_0_R 1 -7.075e+03 1.317e+02 2.884e+01
|                    ( - -4.444e+03 1 0)
|                    ( QUESTION0_9_R 1 -2.500e+03 9.081e+01 1.001e+01
|                        ( - -1.464e+03 2 0)
|                        ( QUESTION7 -1 -9.453e+02 1.679e+02 4.009e+00
|                            ( - -4.740e+02 1 0)
|                            ( - -3.034e+02 1 0))))))))
s>    ( QUESTION0_2_R 1 -1.007e+04 1.970e+02 4.084e+01
s>        ( - -2.546e+02 1 0)
s>        ( QUESTION19 1 -9.619e+03 1.775e+02 3.884e+01
s>            ( - -3.041e+02 1 0)
s>            ( WDBNDRY_E 0 -9.138e+03 1.701e+02 3.684e+01
s>                ( - -9.072e+02 1 0)
s>                ( QUESTION11 1 -8.061e+03 1.611e+02 3.284e+01
s>                    ( - -8.241e+02 1 0)
s>                    ( QUESTION0_0_R 1 -7.075e+03 1.317e+02 2.884e+01
s>                        ( - -4.444e+03 1 0)
s>                        ( QUESTION0_9_R 1 -2.500e+03 9.081e+01 1.001e+01
s>                            ( - -1.464e+03 2 0)
s>                            ( QUESTION7 -1 -9.453e+02 1.679e+02 4.009e+00
s>                                ( - -4.740e+02 1 0)
s>                                ( - -3.034e+02 1 0))))))))INFO: dtree.c(1315): Comp split 6
INFO: dtree.c(1478): Final simple tree
|( QUESTION11 -1 -1.496e+04 2.393e+02 6.181e+01
|    ( QUESTION0_9_R 1 -1.124e+03 2.134e+02 6.000e+00
|        ( - -2.717e+02 1 0)
|        ( - -6.391e+02 1 0))
|    ( QUESTION14 1 -1.359e+04 2.286e+02 5.581e+01
|        ( - -6.186e+02 1 0)
|        ( QUESTION0_15_R 1 -1.275e+04 2.209e+02 5.281e+01
|            ( - -2.444e+02 1 0)
|            ( QUESTION14 -1 -1.228e+04 2.160e+02 5.081e+01
|                ( QUESTION4 1 -4.142e+03 1.001e+02 1.865e+01
|                    ( - -1.577e+03 2 0 QUESTION0_11_R 1 8.792e+01 7.589e+00)
|                    ( - -2.465e+03 3 0 QUESTION0_9_R 1 9.891e+01 1.107e+01))
|                ( QUESTION16 -1 -7.924e+03 1.161e+02 3.216e+01
|                    ( - -2.075e+03 3 0 QUESTION0_0_R 1 8.646e+01 9.184e+00)
|                    ( - -5.733e+03 13 0 QUESTION13 -1 9.185e+01 2.297e+01))))))
s>    ( QUESTION11 -1 -1.496e+04 2.393e+02 6.181e+01
s>        ( QUESTION0_9_R 1 -1.124e+03 2.134e+02 6.000e+00
s>            ( - -2.717e+02 1 0)
s>            ( - -6.391e+02 1 0))
s>        ( QUESTION14 1 -1.359e+04 2.286e+02 5.581e+01
s>            ( - -6.186e+02 1 0)
s>            ( QUESTION0_15_R 1 -1.275e+04 2.209e+02 5.281e+01
s>                ( - -2.444e+02 1 0)
s>                ( QUESTION14 -1 -1.228e+04 2.160e+02 5.081e+01
s>                    ( QUESTION4 1 -4.142e+03 1.001e+02 1.865e+01
s>                        ( - -1.577e+03 2 0 QUESTION0_11_R 1 8.792e+01 7.589e+00)
s>                        ( - -2.465e+03 3 0 QUESTION0_9_R 1 9.891e+01 1.107e+01))
s>                    ( QUESTION16 -1 -7.924e+03 1.161e+02 3.216e+01
s>                        ( - -2.075e+03 3 0 QUESTION0_0_R 1 8.646e+01 9.184e+00)
s>                        ( - -5.733e+03 13 0 QUESTION13 -1 9.185e+01 2.297e+01))))))INFO: dtree.c(1315): Comp split 7
INFO: dtree.c(1439): stop. leaf nodes are specific
INFO: dtree.c(1478): Final simple tree
|( WDBNDRY_B 0 -8.659e+03 2.280e+02 3.599e+01
|    ( SILENCE -1 -8.170e+03 1.547e+02 3.399e+01
|        ( - -5.021e+03 1 0)
|        ( QUESTION13 -1 -2.994e+03 1.320e+02 1.300e+01
|            ( - -8.592e+02 1 0)
|            ( QUESTION11 -1 -2.002e+03 7.854e+01 9.000e+00
|                ( - -1.736e+02 1 0)
|                ( - -1.750e+03 1 0))))
|    ( - -2.617e+02 1 0))
s>    ( WDBNDRY_B 0 -8.659e+03 2.280e+02 3.599e+01
s>        ( SILENCE -1 -8.170e+03 1.547e+02 3.399e+01
s>            ( - -5.021e+03 1 0)
s>            ( QUESTION13 -1 -2.994e+03 1.320e+02 1.300e+01
s>                ( - -8.592e+02 1 0)
s>                ( QUESTION11 -1 -2.002e+03 7.854e+01 9.000e+00
s>                    ( - -1.736e+02 1 0)
s>                    ( - -1.750e+03 1 0))))
s>        ( - -2.617e+02 1 0))INFO: dtree.c(1315): Comp split 8
INFO: dtree.c(1478): Final simple tree
|( QUESTION2_16_L -1 -2.207e+04 1.844e+02 8.848e+01
|    ( - -3.972e+03 2 0)
|    ( QUESTION11 1 -1.791e+04 1.699e+02 7.163e+01
|        ( - -1.308e+03 1 0)
|        ( QUESTION2 1 -1.644e+04 1.350e+02 6.563e+01
|            ( QUESTION2_6_L -1 -4.868e+03 1.095e+02 2.032e+01
|                ( - -3.383e+03 1 0)
|                ( - -1.376e+03 3 0 QUESTION1 -1 8.102e+01 5.934e+00))
|            ( QUESTION7 1 -1.143e+04 1.205e+02 4.531e+01
|                ( - -6.771e+02 1 0)
|                ( QUESTION0_13_R 1 -1.063e+04 1.113e+02 4.231e+01
|                    ( - -8.781e+02 2 0 WDBNDRY_E 0 1.055e+02 4.000e+00)
|                    ( QUESTION4 1 -9.646e+03 1.064e+02 3.831e+01
|                        ( - -2.775e+03 6 0 QUESTION2_6_L -1 8.993e+01 1.102e+01)
|                        ( - -6.764e+03 7 0 QUESTION2_6_L -1 1.028e+02 2.729e+01)))))))
s>    ( QUESTION2_16_L -1 -2.207e+04 1.844e+02 8.848e+01
s>        ( - -3.972e+03 2 0)
s>        ( QUESTION11 1 -1.791e+04 1.699e+02 7.163e+01
s>            ( - -1.308e+03 1 0)
s>            ( QUESTION2 1 -1.644e+04 1.350e+02 6.563e+01
s>                ( QUESTION2_6_L -1 -4.868e+03 1.095e+02 2.032e+01
s>                    ( - -3.383e+03 1 0)
s>                    ( - -1.376e+03 3 0 QUESTION1 -1 8.102e+01 5.934e+00))
s>                ( QUESTION7 1 -1.143e+04 1.205e+02 4.531e+01
s>                    ( - -6.771e+02 1 0)
s>                    ( QUESTION0_13_R 1 -1.063e+04 1.113e+02 4.231e+01
s>                        ( - -8.781e+02 2 0 WDBNDRY_E 0 1.055e+02 4.000e+00)
s>                        ( QUESTION4 1 -9.646e+03 1.064e+02 3.831e+01
s>                            ( - -2.775e+03 6 0 QUESTION2_6_L -1 8.993e+01 1.102e+01)
s>                            ( - -6.764e+03 7 0 QUESTION2_6_L -1 1.028e+02 2.729e+01)))))))INFO: dtree.c(1478): Final simple tree
|( SILENCE 1 -1.278e+04 2.279e+02 5.058e+01
|    ( - -4.991e+03 1 0)
|    ( QUESTION0_0_R 1 -7.558e+03 1.838e+02 3.106e+01
|        ( - -2.807e+02 1 0)
|        ( QUESTION3 -1 -7.093e+03 1.932e+02 2.906e+01
|            ( - -5.328e+02 1 0)
|            ( QUESTION0_2_R 1 -6.367e+03 1.462e+02 2.606e+01
|                ( - -6.790e+02 1 0)
|                ( QUESTION2_6_L -1 -5.542e+03 1.160e+02 2.306e+01
|                    ( - -4.051e+02 1 0)
|                    ( WDBNDRY_E 0 -5.021e+03 8.823e+01 2.106e+01
|                        ( - -3.817e+03 3 0)
|                        ( QUESTION0_9_R 1 -1.116e+03 6.091e+01 5.095e+00
|                            ( - -8.693e+02 1 0)
|                            ( - -1.853e+02 1 0))))))))
s>    ( SILENCE 1 -1.278e+04 2.279e+02 5.058e+01
s>        ( - -4.991e+03 1 0)
s>        ( QUESTION0_0_R 1 -7.558e+03 1.838e+02 3.106e+01
s>            ( - -2.807e+02 1 0)
s>            ( QUESTION3 -1 -7.093e+03 1.932e+02 2.906e+01
s>                ( - -5.328e+02 1 0)
s>                ( QUESTION0_2_R 1 -6.367e+03 1.462e+02 2.606e+01
s>                    ( - -6.790e+02 1 0)
s>                    ( QUESTION2_6_L -1 -5.542e+03 1.160e+02 2.306e+01
s>                        ( - -4.051e+02 1 0)
s>                        ( WDBNDRY_E 0 -5.021e+03 8.823e+01 2.106e+01
s>                            ( - -3.817e+03 3 0)
s>                            ( QUESTION0_9_R 1 -1.116e+03 6.091e+01 5.095e+00
s>                                ( - -8.693e+02 1 0)
s>                                ( - -1.853e+02 1 0))))))))INFO: dtree.c(1315): Comp split 9
INFO: dtree.c(1478): Final simple tree
|( QUESTION14 1 -1.407e+04 2.249e+02 5.781e+01
|    ( - -6.186e+02 1 0)
|    ( QUESTION0_15_R 1 -1.322e+04 2.188e+02 5.481e+01
|        ( - -2.444e+02 1 0)
|        ( QUESTION14 -1 -1.276e+04 2.124e+02 5.281e+01
|            ( QUESTION4 1 -4.142e+03 1.001e+02 1.865e+01
|                ( - -1.577e+03 2 0 QUESTION0_11_R 1 8.792e+01 7.589e+00)
|                ( QUESTION0_9_R 1 -2.465e+03 9.891e+01 1.107e+01
|                    ( - -1.956e+03 2 0 QUESTION2 1 6.747e+01 9.065e+00)
|                    ( - -4.096e+02 1 0)))
|            ( QUESTION11 -1 -8.405e+03 2.089e+02 3.416e+01
|                ( - -2.717e+02 1 0)
|                ( QUESTION16 -1 -7.924e+03 1.161e+02 3.216e+01
|                    ( - -2.075e+03 3 0 QUESTION0_0_R 1 8.646e+01 9.184e+00)
|                    ( - -5.733e+03 13 0 QUESTION13 -1 9.185e+01 2.297e+01))))))
s>    ( QUESTION14 1 -1.407e+04 2.249e+02 5.781e+01
s>        ( - -6.186e+02 1 0)
s>        ( QUESTION0_15_R 1 -1.322e+04 2.188e+02 5.481e+01
s>            ( - -2.444e+02 1 0)
s>            ( QUESTION14 -1 -1.276e+04 2.124e+02 5.281e+01
s>                ( QUESTION4 1 -4.142e+03 1.001e+02 1.865e+01
s>                    ( - -1.577e+03 2 0 QUESTION0_11_R 1 8.792e+01 7.589e+00)
s>                    ( QUESTION0_9_R 1 -2.465e+03 9.891e+01 1.107e+01
s>                        ( - -1.956e+03 2 0 QUESTION2 1 6.747e+01 9.065e+00)
s>                        ( - -4.096e+02 1 0)))
s>                ( QUESTION11 -1 -8.405e+03 2.089e+02 3.416e+01
s>                    ( - -2.717e+02 1 0)
s>                    ( QUESTION16 -1 -7.924e+03 1.161e+02 3.216e+01
s>                        ( - -2.075e+03 3 0 QUESTION0_0_R 1 8.646e+01 9.184e+00)
s>                        ( - -5.733e+03 13 0 QUESTION13 -1 9.185e+01 2.297e+01))))))INFO: dtree.c(1315): Comp split 10
INFO: dtree.c(1439): stop. leaf nodes are specific
INFO: dtree.c(1478): Final simple tree
|( QUESTION0_0_R 1 -6.316e+03 1.846e+02 2.606e+01
|    ( - -2.807e+02 1 0)
|    ( QUESTION0_2_R 1 -5.851e+03 1.507e+02 2.406e+01
|        ( - -6.790e+02 1 0)
|        ( WDBNDRY_E 0 -5.021e+03 8.823e+01 2.106e+01
|            ( - -3.817e+03 3 0)
|            ( QUESTION0_9_R 1 -1.116e+03 6.091e+01 5.095e+00
|                ( - -8.693e+02 1 0)
|                ( - -1.853e+02 1 0)))))
s>    ( QUESTION0_0_R 1 -6.316e+03 1.846e+02 2.606e+01
s>        ( - -2.807e+02 1 0)
s>        ( QUESTION0_2_R 1 -5.851e+03 1.507e+02 2.406e+01
s>            ( - -6.790e+02 1 0)
s>            ( WDBNDRY_E 0 -5.021e+03 8.823e+01 2.106e+01
s>                ( - -3.817e+03 3 0)
s>                ( QUESTION0_9_R 1 -1.116e+03 6.091e+01 5.095e+00
s>                    ( - -8.693e+02 1 0)
s>                    ( - -1.853e+02 1 0)))))INFO: dtree.c(1439): stop. leaf nodes are specific
INFO: dtree.c(1478): Final simple tree
|( QUESTION1 -1 -6.217e+03 1.789e+02 2.453e+01
|    ( - -5.328e+02 1 0)
|    ( WDBNDRY_E 0 -5.505e+03 1.083e+02 2.153e+01
|        ( - -4.991e+03 1 0)
|        ( - -4.051e+02 1 0)))
s>    ( QUESTION1 -1 -6.217e+03 1.789e+02 2.453e+01
s>        ( - -5.328e+02 1 0)
s>        ( WDBNDRY_E 0 -5.505e+03 1.083e+02 2.153e+01
s>            ( - -4.991e+03 1 0)
s>            ( - -4.051e+02 1 0)))INFO: dtree.c(1315): Comp split 11
INFO: dtree.c(1439): stop. leaf nodes are specific
INFO: dtree.c(1478): Final simple tree
|( SILENCE -1 -8.170e+03 1.547e+02 3.399e+01
|    ( - -5.021e+03 1 0)
|    ( QUESTION13 -1 -2.994e+03 1.320e+02 1.300e+01
|        ( - -8.592e+02 1 0)
|        ( QUESTION11 -1 -2.002e+03 7.854e+01 9.000e+00
|            ( - -1.736e+02 1 0)
|            ( - -1.750e+03 1 0))))
s>    ( SILENCE -1 -8.170e+03 1.547e+02 3.399e+01
s>        ( - -5.021e+03 1 0)
s>        ( QUESTION13 -1 -2.994e+03 1.320e+02 1.300e+01
s>            ( - -8.592e+02 1 0)
s>            ( QUESTION11 -1 -2.002e+03 7.854e+01 9.000e+00
s>                ( - -1.736e+02 1 0)
s>                ( - -1.750e+03 1 0))))INFO: dtree.c(1315): Comp split 12
INFO: dtree.c(1478): Final simple tree
|( QUESTION0_15_R 1 -1.322e+04 2.188e+02 5.481e+01
|    ( - -2.444e+02 1 0)
|    ( QUESTION14 -1 -1.276e+04 2.124e+02 5.281e+01
|        ( QUESTION4 1 -4.142e+03 1.001e+02 1.865e+01
|            ( - -1.577e+03 2 0 QUESTION0_11_R 1 8.792e+01 7.589e+00)
|            ( QUESTION0_9_R 1 -2.465e+03 9.891e+01 1.107e+01
|                ( - -1.956e+03 2 0 QUESTION2 1 6.747e+01 9.065e+00)
|                ( - -4.096e+02 1 0)))
|        ( QUESTION11 -1 -8.405e+03 2.089e+02 3.416e+01
|            ( - -2.717e+02 1 0)
|            ( QUESTION16 -1 -7.924e+03 1.161e+02 3.216e+01
|                ( - -2.075e+03 3 0 QUESTION0_0_R 1 8.646e+01 9.184e+00)
|                ( QUESTION13 -1 -5.733e+03 9.185e+01 2.297e+01
|                    ( - -3.663e+03 6 0 QUESTION0_8_R 1 9.195e+01 1.497e+01)
|                    ( - -1.978e+03 7 0 WDBNDRY_E 0 4.839e+02 8.000e+00))))))
s>    ( QUESTION0_15_R 1 -1.322e+04 2.188e+02 5.481e+01
s>        ( - -2.444e+02 1 0)
s>        ( QUESTION14 -1 -1.276e+04 2.124e+02 5.281e+01
s>            ( QUESTION4 1 -4.142e+03 1.001e+02 1.865e+01
s>                ( - -1.577e+03 2 0 QUESTION0_11_R 1 8.792e+01 7.589e+00)
s>                ( QUESTION0_9_R 1 -2.465e+03 9.891e+01 1.107e+01
s>                    ( - -1.956e+03 2 0 QUESTION2 1 6.747e+01 9.065e+00)
s>                    ( - -4.096e+02 1 0)))
s>            ( QUESTION11 -1 -8.405e+03 2.089e+02 3.416e+01
s>                ( - -2.717e+02 1 0)
s>                ( QUESTION16 -1 -7.924e+03 1.161e+02 3.216e+01
s>                    ( - -2.075e+03 3 0 QUESTION0_0_R 1 8.646e+01 9.184e+00)
s>                    ( QUESTION13 -1 -5.733e+03 9.185e+01 2.297e+01
s>                        ( - -3.663e+03 6 0 QUESTION0_8_R 1 9.195e+01 1.497e+01)
s>                        ( - -1.978e+03 7 0 WDBNDRY_E 0 4.839e+02 8.000e+00))))))INFO: dtree.c(1315): Comp split 13
INFO: dtree.c(1478): Final simple tree
|( QUESTION14 -1 -1.276e+04 2.124e+02 5.281e+01
|    ( QUESTION4 1 -4.142e+03 1.001e+02 1.865e+01
|        ( - -1.577e+03 2 0 QUESTION0_11_R 1 8.792e+01 7.589e+00)
|        ( QUESTION0_9_R 1 -2.465e+03 9.891e+01 1.107e+01
|            ( - -1.956e+03 2 0 QUESTION2 1 6.747e+01 9.065e+00)
|            ( - -4.096e+02 1 0)))
|    ( QUESTION11 -1 -8.405e+03 2.089e+02 3.416e+01
|        ( - -2.717e+02 1 0)
|        ( QUESTION16 -1 -7.924e+03 1.161e+02 3.216e+01
|            ( - -2.075e+03 3 0 QUESTION0_0_R 1 8.646e+01 9.184e+00)
|            ( QUESTION13 -1 -5.733e+03 9.185e+01 2.297e+01
|                ( - -3.663e+03 6 0 QUESTION0_8_R 1 9.195e+01 1.497e+01)
|                ( WDBNDRY_E 0 -1.978e+03 4.839e+02 8.000e+00
|                    ( - 2.416e+02 1 0)
|                    ( - -1.736e+03 6 0 WDBNDRY_B 0 7.586e+01 7.000e+00))))))
s>    ( QUESTION14 -1 -1.276e+04 2.124e+02 5.281e+01
s>        ( QUESTION4 1 -4.142e+03 1.001e+02 1.865e+01
s>            ( - -1.577e+03 2 0 QUESTION0_11_R 1 8.792e+01 7.589e+00)
s>            ( QUESTION0_9_R 1 -2.465e+03 9.891e+01 1.107e+01
s>                ( - -1.956e+03 2 0 QUESTION2 1 6.747e+01 9.065e+00)
s>                ( - -4.096e+02 1 0)))
s>        ( QUESTION11 -1 -8.405e+03 2.089e+02 3.416e+01
s>            ( - -2.717e+02 1 0)
s>            ( QUESTION16 -1 -7.924e+03 1.161e+02 3.216e+01
s>                ( - -2.075e+03 3 0 QUESTION0_0_R 1 8.646e+01 9.184e+00)
s>                ( QUESTION13 -1 -5.733e+03 9.185e+01 2.297e+01
s>                    ( - -3.663e+03 6 0 QUESTION0_8_R 1 9.195e+01 1.497e+01)
s>                    ( WDBNDRY_E 0 -1.978e+03 4.839e+02 8.000e+00
s>                        ( - 2.416e+02 1 0)
s>                        ( - -1.736e+03 6 0 WDBNDRY_B 0 7.586e+01 7.000e+00))))))INFO: dtree.c(1315): Comp split 14
INFO: dtree.c(1478): Final simple tree
|( QUESTION14 -1 -1.252e+04 2.148e+02 5.181e+01
|    ( QUESTION4 1 -4.142e+03 1.001e+02 1.865e+01
|        ( - -1.577e+03 2 0 QUESTION0_11_R 1 8.792e+01 7.589e+00)
|        ( QUESTION0_9_R 1 -2.465e+03 9.891e+01 1.107e+01
|            ( - -1.956e+03 2 0 QUESTION2 1 6.747e+01 9.065e+00)
|            ( - -4.096e+02 1 0)))
|    ( QUESTION11 -1 -8.164e+03 2.100e+02 3.316e+01
|        ( - -2.717e+02 1 0)
|        ( QUESTION16 -1 -7.682e+03 1.173e+02 3.116e+01
|            ( - -2.075e+03 3 0 QUESTION0_0_R 1 8.646e+01 9.184e+00)
|            ( QUESTION13 -1 -5.490e+03 9.078e+01 2.197e+01
|                ( QUESTION0_8_R 1 -3.663e+03 9.195e+01 1.497e+01
|                    ( - -1.748e+03 4 0 QUESTION3 1 8.509e+01 7.022e+00)
|                    ( - -1.823e+03 2 0 WDBNDRY_E 0 6.730e+01 7.953e+00))
|                ( - -1.736e+03 6 0 WDBNDRY_B 0 7.586e+01 7.000e+00)))))
s>    ( QUESTION14 -1 -1.252e+04 2.148e+02 5.181e+01
s>        ( QUESTION4 1 -4.142e+03 1.001e+02 1.865e+01
s>            ( - -1.577e+03 2 0 QUESTION0_11_R 1 8.792e+01 7.589e+00)
s>            ( QUESTION0_9_R 1 -2.465e+03 9.891e+01 1.107e+01
s>                ( - -1.956e+03 2 0 QUESTION2 1 6.747e+01 9.065e+00)
s>                ( - -4.096e+02 1 0)))
s>        ( QUESTION11 -1 -8.164e+03 2.100e+02 3.316e+01
s>            ( - -2.717e+02 1 0)
s>            ( QUESTION16 -1 -7.682e+03 1.173e+02 3.116e+01
s>                ( - -2.075e+03 3 0 QUESTION0_0_R 1 8.646e+01 9.184e+00)
s>                ( QUESTION13 -1 -5.490e+03 9.078e+01 2.197e+01
s>                    ( QUESTION0_8_R 1 -3.663e+03 9.195e+01 1.497e+01
s>                        ( - -1.748e+03 4 0 QUESTION3 1 8.509e+01 7.022e+00)
s>                        ( - -1.823e+03 2 0 WDBNDRY_E 0 6.730e+01 7.953e+00))
s>                    ( - -1.736e+03 6 0 WDBNDRY_B 0 7.586e+01 7.000e+00)))))INFO: dtree.c(1315): Comp split 15
INFO: dtree.c(1478): Final simple tree
|( QUESTION11 -1 -8.164e+03 2.100e+02 3.316e+01
|    ( - -2.717e+02 1 0)
|    ( QUESTION16 -1 -7.682e+03 1.173e+02 3.116e+01
|        ( QUESTION0_0_R 1 -2.075e+03 8.646e+01 9.184e+00
|            ( - -4.069e+02 1 0)
|            ( - -1.581e+03 2 0))
|        ( QUESTION13 -1 -5.490e+03 9.078e+01 2.197e+01
|            ( QUESTION0_8_R 1 -3.663e+03 9.195e+01 1.497e+01
|                ( QUESTION3 1 -1.748e+03 8.509e+01 7.022e+00
|                    ( - -4.131e+02 1 0)
|                    ( - -1.250e+03 3 0 WDBNDRY_E 0 5.999e+01 5.022e+00))
|                ( - -1.823e+03 2 0 WDBNDRY_E 0 6.730e+01 7.953e+00))
|            ( WDBNDRY_B 0 -1.736e+03 7.586e+01 7.000e+00
|                ( - -2.018e+02 1 0)
|                ( - -1.458e+03 5 0 QUESTION0_10_R 1 7.303e+01 6.000e+00)))))
s>    ( QUESTION11 -1 -8.164e+03 2.100e+02 3.316e+01
s>        ( - -2.717e+02 1 0)
s>        ( QUESTION16 -1 -7.682e+03 1.173e+02 3.116e+01
s>            ( QUESTION0_0_R 1 -2.075e+03 8.646e+01 9.184e+00
s>                ( - -4.069e+02 1 0)
s>                ( - -1.581e+03 2 0))
s>            ( QUESTION13 -1 -5.490e+03 9.078e+01 2.197e+01
s>                ( QUESTION0_8_R 1 -3.663e+03 9.195e+01 1.497e+01
s>                    ( QUESTION3 1 -1.748e+03 8.509e+01 7.022e+00
s>                        ( - -4.131e+02 1 0)
s>                        ( - -1.250e+03 3 0 WDBNDRY_E 0 5.999e+01 5.022e+00))
s>                    ( - -1.823e+03 2 0 WDBNDRY_E 0 6.730e+01 7.953e+00))
s>                ( WDBNDRY_B 0 -1.736e+03 7.586e+01 7.000e+00
s>                    ( - -2.018e+02 1 0)
s>                    ( - -1.458e+03 5 0 QUESTION0_10_R 1 7.303e+01 6.000e+00)))))INFO: dtree.c(1439): stop. leaf nodes are specific
INFO: dtree.c(1478): Final simple tree
|( QUESTION4 1 -4.142e+03 1.001e+02 1.865e+01
|    ( QUESTION0_11_R 1 -1.577e+03 8.792e+01 7.589e+00
|        ( - -5.877e+02 1 0)
|        ( - -9.014e+02 1 0))
|    ( QUESTION0_9_R 1 -2.465e+03 9.891e+01 1.107e+01
|        ( QUESTION2 1 -1.956e+03 6.747e+01 9.065e+00
|            ( - -1.681e+03 1 0)
|            ( - -2.080e+02 1 0))
|        ( - -4.096e+02 1 0)))
s>    ( QUESTION4 1 -4.142e+03 1.001e+02 1.865e+01
s>        ( QUESTION0_11_R 1 -1.577e+03 8.792e+01 7.589e+00
s>            ( - -5.877e+02 1 0)
s>            ( - -9.014e+02 1 0))
s>        ( QUESTION0_9_R 1 -2.465e+03 9.891e+01 1.107e+01
s>            ( QUESTION2 1 -1.956e+03 6.747e+01 9.065e+00
s>                ( - -1.681e+03 1 0)
s>                ( - -2.080e+02 1 0))
s>            ( - -4.096e+02 1 0)))INFO: dtree.c(1315): Comp split 16
INFO: dtree.c(1478): Final simple tree
|( QUESTION16 -1 -7.682e+03 1.173e+02 3.116e+01
|    ( QUESTION0_0_R 1 -2.075e+03 8.646e+01 9.184e+00
|        ( - -4.069e+02 1 0)
|        ( - -1.581e+03 2 0))
|    ( QUESTION13 -1 -5.490e+03 9.078e+01 2.197e+01
|        ( QUESTION0_8_R 1 -3.663e+03 9.195e+01 1.497e+01
|            ( QUESTION3 1 -1.748e+03 8.509e+01 7.022e+00
|                ( - -4.131e+02 1 0)
|                ( - -1.250e+03 3 0 WDBNDRY_E 0 5.999e+01 5.022e+00))
|            ( - -1.823e+03 2 0 WDBNDRY_E 0 6.730e+01 7.953e+00))
|        ( WDBNDRY_B 0 -1.736e+03 7.586e+01 7.000e+00
|            ( - -2.018e+02 1 0)
|            ( QUESTION0_10_R 1 -1.458e+03 7.303e+01 6.000e+00
|                ( - -6.829e+02 3 0 QUESTION0_13_R 1 7.139e+01 3.000e+00)
|                ( - -7.024e+02 2 0 QUESTION0_0_R 1 7.273e+01 3.000e+00)))))
s>    ( QUESTION16 -1 -7.682e+03 1.173e+02 3.116e+01
s>        ( QUESTION0_0_R 1 -2.075e+03 8.646e+01 9.184e+00
s>            ( - -4.069e+02 1 0)
s>            ( - -1.581e+03 2 0))
s>        ( QUESTION13 -1 -5.490e+03 9.078e+01 2.197e+01
s>            ( QUESTION0_8_R 1 -3.663e+03 9.195e+01 1.497e+01
s>                ( QUESTION3 1 -1.748e+03 8.509e+01 7.022e+00
s>                    ( - -4.131e+02 1 0)
s>                    ( - -1.250e+03 3 0 WDBNDRY_E 0 5.999e+01 5.022e+00))
s>                ( - -1.823e+03 2 0 WDBNDRY_E 0 6.730e+01 7.953e+00))
s>            ( WDBNDRY_B 0 -1.736e+03 7.586e+01 7.000e+00
s>                ( - -2.018e+02 1 0)
s>                ( QUESTION0_10_R 1 -1.458e+03 7.303e+01 6.000e+00
s>                    ( - -6.829e+02 3 0 QUESTION0_13_R 1 7.139e+01 3.000e+00)
s>                    ( - -7.024e+02 2 0 QUESTION0_0_R 1 7.273e+01 3.000e+00)))))INFO: dtree.c(1315): Comp split 17
INFO: dtree.c(1439): stop. leaf nodes are specific
INFO: dtree.c(1478): Final simple tree
|( QUESTION19 1 -9.619e+03 1.775e+02 3.884e+01
|    ( - -3.041e+02 1 0)
|    ( WDBNDRY_E 0 -9.138e+03 1.701e+02 3.684e+01
|        ( - -9.072e+02 1 0)
|        ( QUESTION11 1 -8.061e+03 1.611e+02 3.284e+01
|            ( - -8.241e+02 1 0)
|            ( QUESTION0_0_R 1 -7.075e+03 1.317e+02 2.884e+01
|                ( - -4.444e+03 1 0)
|                ( QUESTION0_9_R 1 -2.500e+03 9.081e+01 1.001e+01
|                    ( - -1.464e+03 2 0)
|                    ( QUESTION7 -1 -9.453e+02 1.679e+02 4.009e+00
|                        ( - -4.740e+02 1 0)
|                        ( - -3.034e+02 1 0)))))))
s>    ( QUESTION19 1 -9.619e+03 1.775e+02 3.884e+01
s>        ( - -3.041e+02 1 0)
s>        ( WDBNDRY_E 0 -9.138e+03 1.701e+02 3.684e+01
s>            ( - -9.072e+02 1 0)
s>            ( QUESTION11 1 -8.061e+03 1.611e+02 3.284e+01
s>                ( - -8.241e+02 1 0)
s>                ( QUESTION0_0_R 1 -7.075e+03 1.317e+02 2.884e+01
s>                    ( - -4.444e+03 1 0)
s>                    ( QUESTION0_9_R 1 -2.500e+03 9.081e+01 1.001e+01
s>                        ( - -1.464e+03 2 0)
s>                        ( QUESTION7 -1 -9.453e+02 1.679e+02 4.009e+00
s>                            ( - -4.740e+02 1 0)
s>                            ( - -3.034e+02 1 0)))))))INFO: dtree.c(1315): Comp split 18
INFO: dtree.c(1439): stop. leaf nodes are specific
INFO: dtree.c(1478): Final simple tree
|( QUESTION0_2_R 1 -5.851e+03 1.507e+02 2.406e+01
|    ( - -6.790e+02 1 0)
|    ( WDBNDRY_E 0 -5.021e+03 8.823e+01 2.106e+01
|        ( - -3.817e+03 3 0)
|        ( QUESTION0_9_R 1 -1.116e+03 6.091e+01 5.095e+00
|            ( - -8.693e+02 1 0)
|            ( - -1.853e+02 1 0))))
s>    ( QUESTION0_2_R 1 -5.851e+03 1.507e+02 2.406e+01
s>        ( - -6.790e+02 1 0)
s>        ( WDBNDRY_E 0 -5.021e+03 8.823e+01 2.106e+01
s>            ( - -3.817e+03 3 0)
s>            ( QUESTION0_9_R 1 -1.116e+03 6.091e+01 5.095e+00
s>                ( - -8.693e+02 1 0)
s>                ( - -1.853e+02 1 0))))INFO: dtree.c(1315): Comp split 19
INFO: dtree.c(1478): Final simple tree
|( QUESTION11 1 -1.791e+04 1.699e+02 7.163e+01
|    ( - -1.308e+03 1 0)
|    ( QUESTION2 1 -1.644e+04 1.350e+02 6.563e+01
|        ( QUESTION2_6_L -1 -4.868e+03 1.095e+02 2.032e+01
|            ( - -3.383e+03 1 0)
|            ( - -1.376e+03 3 0 QUESTION1 -1 8.102e+01 5.934e+00))
|        ( QUESTION7 1 -1.143e+04 1.205e+02 4.531e+01
|            ( - -6.771e+02 1 0)
|            ( QUESTION0_13_R 1 -1.063e+04 1.113e+02 4.231e+01
|                ( WDBNDRY_E 0 -8.781e+02 1.055e+02 4.000e+00
|                    ( - -5.958e+02 1 0)
|                    ( - -1.768e+02 1 0))
|                ( QUESTION4 1 -9.646e+03 1.064e+02 3.831e+01
|                    ( - -2.775e+03 6 0 QUESTION2_6_L -1 8.993e+01 1.102e+01)
|                    ( - -6.764e+03 7 0 QUESTION2_6_L -1 1.028e+02 2.729e+01))))))
s>    ( QUESTION11 1 -1.791e+04 1.699e+02 7.163e+01
s>        ( - -1.308e+03 1 0)
s>        ( QUESTION2 1 -1.644e+04 1.350e+02 6.563e+01
s>            ( QUESTION2_6_L -1 -4.868e+03 1.095e+02 2.032e+01
s>                ( - -3.383e+03 1 0)
s>                ( - -1.376e+03 3 0 QUESTION1 -1 8.102e+01 5.934e+00))
s>            ( QUESTION7 1 -1.143e+04 1.205e+02 4.531e+01
s>                ( - -6.771e+02 1 0)
s>                ( QUESTION0_13_R 1 -1.063e+04 1.113e+02 4.231e+01
s>                    ( WDBNDRY_E 0 -8.781e+02 1.055e+02 4.000e+00
s>                        ( - -5.958e+02 1 0)
s>                        ( - -1.768e+02 1 0))
s>                    ( QUESTION4 1 -9.646e+03 1.064e+02 3.831e+01
s>                        ( - -2.775e+03 6 0 QUESTION2_6_L -1 8.993e+01 1.102e+01)
s>                        ( - -6.764e+03 7 0 QUESTION2_6_L -1 1.028e+02 2.729e+01))))))INFO: dtree.c(1315): Comp split 20
INFO: dtree.c(1439): stop. leaf nodes are specific
INFO: dtree.c(1478): Final simple tree
|( WDBNDRY_E 0 -5.505e+03 1.083e+02 2.153e+01
|    ( - -4.991e+03 1 0)
|    ( - -4.051e+02 1 0))
s>    ( WDBNDRY_E 0 -5.505e+03 1.083e+02 2.153e+01
s>        ( - -4.991e+03 1 0)
s>        ( - -4.051e+02 1 0))INFO: dtree.c(1315): Comp split 21
INFO: dtree.c(1439): stop. leaf nodes are specific
INFO: dtree.c(1478): Final simple tree
|( WDBNDRY_E 0 -9.138e+03 1.701e+02 3.684e+01
|    ( - -9.072e+02 1 0)
|    ( QUESTION11 1 -8.061e+03 1.611e+02 3.284e+01
|        ( - -8.241e+02 1 0)
|        ( QUESTION0_0_R 1 -7.075e+03 1.317e+02 2.884e+01
|            ( - -4.444e+03 1 0)
|            ( QUESTION0_9_R 1 -2.500e+03 9.081e+01 1.001e+01
|                ( - -1.464e+03 2 0)
|                ( QUESTION7 -1 -9.453e+02 1.679e+02 4.009e+00
|                    ( - -4.740e+02 1 0)
|                    ( - -3.034e+02 1 0))))))
s>    ( WDBNDRY_E 0 -9.138e+03 1.701e+02 3.684e+01
s>        ( - -9.072e+02 1 0)
s>        ( QUESTION11 1 -8.061e+03 1.611e+02 3.284e+01
s>            ( - -8.241e+02 1 0)
s>            ( QUESTION0_0_R 1 -7.075e+03 1.317e+02 2.884e+01
s>                ( - -4.444e+03 1 0)
s>                ( QUESTION0_9_R 1 -2.500e+03 9.081e+01 1.001e+01
s>                    ( - -1.464e+03 2 0)
s>                    ( QUESTION7 -1 -9.453e+02 1.679e+02 4.009e+00
s>                        ( - -4.740e+02 1 0)
s>                        ( - -3.034e+02 1 0))))))INFO: dtree.c(1315): Comp split 22
INFO: dtree.c(1439): stop. leaf nodes are specific
INFO: dtree.c(1478): Final simple tree
|( WDBNDRY_E 0 -8.664e+03 1.689e+02 3.484e+01
|    ( - -9.072e+02 1 0)
|    ( QUESTION11 1 -7.588e+03 1.616e+02 3.084e+01
|        ( - -8.241e+02 1 0)
|        ( QUESTION0_0_R 1 -6.602e+03 1.428e+02 2.684e+01
|            ( - -4.444e+03 1 0)
|            ( QUESTION0_9_R 1 -2.016e+03 7.781e+01 8.009e+00
|                ( - -1.464e+03 2 0)
|                ( - -4.740e+02 1 0)))))
s>    ( WDBNDRY_E 0 -8.664e+03 1.689e+02 3.484e+01
s>        ( - -9.072e+02 1 0)
s>        ( QUESTION11 1 -7.588e+03 1.616e+02 3.084e+01
s>            ( - -8.241e+02 1 0)
s>            ( QUESTION0_0_R 1 -6.602e+03 1.428e+02 2.684e+01
s>                ( - -4.444e+03 1 0)
s>                ( QUESTION0_9_R 1 -2.016e+03 7.781e+01 8.009e+00
s>                    ( - -1.464e+03 2 0)
s>                    ( - -4.740e+02 1 0)))))INFO: dtree.c(1315): Comp split 23
INFO: dtree.c(1478): Final simple tree
|( QUESTION2 1 -1.644e+04 1.350e+02 6.563e+01
|    ( QUESTION2_6_L -1 -4.868e+03 1.095e+02 2.032e+01
|        ( - -3.383e+03 1 0)
|        ( - -1.376e+03 3 0 QUESTION1 -1 8.102e+01 5.934e+00))
|    ( QUESTION7 1 -1.143e+04 1.205e+02 4.531e+01
|        ( - -6.771e+02 1 0)
|        ( QUESTION0_13_R 1 -1.063e+04 1.113e+02 4.231e+01
|            ( WDBNDRY_E 0 -8.781e+02 1.055e+02 4.000e+00
|                ( - -5.958e+02 1 0)
|                ( - -1.768e+02 1 0))
|            ( QUESTION4 1 -9.646e+03 1.064e+02 3.831e+01
|                ( - -2.775e+03 6 0 QUESTION2_6_L -1 8.993e+01 1.102e+01)
|                ( QUESTION2_6_L -1 -6.764e+03 1.028e+02 2.729e+01
|                    ( - -1.633e+03 2 0 QUESTION0_0_R 1 1.014e+02 7.000e+00)
|                    ( - -5.028e+03 5 0 QUESTION5 -1 7.534e+01 2.029e+01))))))
s>    ( QUESTION2 1 -1.644e+04 1.350e+02 6.563e+01
s>        ( QUESTION2_6_L -1 -4.868e+03 1.095e+02 2.032e+01
s>            ( - -3.383e+03 1 0)
s>            ( - -1.376e+03 3 0 QUESTION1 -1 8.102e+01 5.934e+00))
s>        ( QUESTION7 1 -1.143e+04 1.205e+02 4.531e+01
s>            ( - -6.771e+02 1 0)
s>            ( QUESTION0_13_R 1 -1.063e+04 1.113e+02 4.231e+01
s>                ( WDBNDRY_E 0 -8.781e+02 1.055e+02 4.000e+00
s>                    ( - -5.958e+02 1 0)
s>                    ( - -1.768e+02 1 0))
s>                ( QUESTION4 1 -9.646e+03 1.064e+02 3.831e+01
s>                    ( - -2.775e+03 6 0 QUESTION2_6_L -1 8.993e+01 1.102e+01)
s>                    ( QUESTION2_6_L -1 -6.764e+03 1.028e+02 2.729e+01
s>                        ( - -1.633e+03 2 0 QUESTION0_0_R 1 1.014e+02 7.000e+00)
s>                        ( - -5.028e+03 5 0 QUESTION5 -1 7.534e+01 2.029e+01))))))INFO: dtree.c(1315): Comp split 24
INFO: dtree.c(1439): stop. leaf nodes are specific
INFO: dtree.c(1478): Final simple tree
|( QUESTION11 1 -7.588e+03 1.616e+02 3.084e+01
|    ( - -8.241e+02 1 0)
|    ( QUESTION0_0_R 1 -6.602e+03 1.428e+02 2.684e+01
|        ( - -4.444e+03 1 0)
|        ( QUESTION0_9_R 1 -2.016e+03 7.781e+01 8.009e+00
|            ( - -1.464e+03 2 0)
|            ( - -4.740e+02 1 0))))
s>    ( QUESTION11 1 -7.588e+03 1.616e+02 3.084e+01
s>        ( - -8.241e+02 1 0)
s>        ( QUESTION0_0_R 1 -6.602e+03 1.428e+02 2.684e+01
s>            ( - -4.444e+03 1 0)
s>            ( QUESTION0_9_R 1 -2.016e+03 7.781e+01 8.009e+00
s>                ( - -1.464e+03 2 0)
s>                ( - -4.740e+02 1 0))))INFO: dtree.c(1315): Comp split 25
INFO: dtree.c(1439): stop. leaf nodes are specific
INFO: dtree.c(1478): Final simple tree
|( QUESTION0_0_R 1 -6.602e+03 1.428e+02 2.684e+01
|    ( - -4.444e+03 1 0)
|    ( QUESTION0_9_R 1 -2.016e+03 7.781e+01 8.009e+00
|        ( - -1.464e+03 2 0)
|        ( - -4.740e+02 1 0)))
s>    ( QUESTION0_0_R 1 -6.602e+03 1.428e+02 2.684e+01
s>        ( - -4.444e+03 1 0)
s>        ( QUESTION0_9_R 1 -2.016e+03 7.781e+01 8.009e+00
s>            ( - -1.464e+03 2 0)
s>            ( - -4.740e+02 1 0)))INFO: dtree.c(1315): Comp split 26
INFO: dtree.c(1478): Final simple tree
|( WDBNDRY_E 0 -8.953e+03 1.267e+02 3.622e+01
|    ( - -5.958e+02 1 0)
|    ( QUESTION2_6_L -1 -8.230e+03 1.111e+02 3.322e+01
|        ( QUESTION0_0_R 1 -1.633e+03 1.014e+02 7.000e+00
|            ( - -8.521e+02 1 0)
|            ( - -6.794e+02 1 0))
|        ( QUESTION1 -1 -6.486e+03 9.834e+01 2.622e+01
|            ( QUESTION3 1 -2.644e+03 1.068e+02 1.122e+01
|                ( - -3.809e+02 1 0)
|                ( QUESTION0_0_R 1 -2.157e+03 7.608e+01 9.216e+00
|                    ( - -1.241e+03 1 0)
|                    ( - -8.399e+02 1 0)))
|            ( QUESTION15 1 -3.744e+03 7.038e+01 1.500e+01
|                ( - -2.426e+03 1 0)
|                ( - -1.248e+03 4 0 QUESTION0_0_R 1 6.315e+01 5.000e+00)))))
s>    ( WDBNDRY_E 0 -8.953e+03 1.267e+02 3.622e+01
s>        ( - -5.958e+02 1 0)
s>        ( QUESTION2_6_L -1 -8.230e+03 1.111e+02 3.322e+01
s>            ( QUESTION0_0_R 1 -1.633e+03 1.014e+02 7.000e+00
s>                ( - -8.521e+02 1 0)
s>                ( - -6.794e+02 1 0))
s>            ( QUESTION1 -1 -6.486e+03 9.834e+01 2.622e+01
s>                ( QUESTION3 1 -2.644e+03 1.068e+02 1.122e+01
s>                    ( - -3.809e+02 1 0)
s>                    ( QUESTION0_0_R 1 -2.157e+03 7.608e+01 9.216e+00
s>                        ( - -1.241e+03 1 0)
s>                        ( - -8.399e+02 1 0)))
s>                ( QUESTION15 1 -3.744e+03 7.038e+01 1.500e+01
s>                    ( - -2.426e+03 1 0)
s>                    ( - -1.248e+03 4 0 QUESTION0_0_R 1 6.315e+01 5.000e+00)))))INFO: dtree.c(1478): Final simple tree
|( QUESTION0_9_R 1 -7.323e+03 1.252e+02 2.941e+01
|    ( - -3.383e+03 1 0)
|    ( QUESTION7 1 -3.815e+03 1.053e+02 1.502e+01
|        ( - -6.771e+02 1 0)
|        ( QUESTION2_6_L -1 -3.032e+03 8.915e+01 1.202e+01
|            ( - -6.310e+02 1 0)
|            ( QUESTION0_13_R 1 -2.312e+03 8.114e+01 9.022e+00
|                ( - -1.768e+02 1 0)
|                ( QUESTION2_10_L -1 -2.054e+03 7.962e+01 8.022e+00
|                    ( - -2.148e+02 1 0)
|                    ( QUESTION0_12_R 1 -1.760e+03 7.136e+01 7.022e+00
|                        ( - -9.082e+02 1 0)
|                        ( WDBNDRY_E 0 -7.804e+02 6.936e+01 3.000e+00
|                            ( - -5.020e+02 2 0 QUESTION0_11_R 1 6.327e+01 2.000e+00)
|                            ( - -2.091e+02 1 0))))))))
s>    ( QUESTION0_9_R 1 -7.323e+03 1.252e+02 2.941e+01
s>        ( - -3.383e+03 1 0)
s>        ( QUESTION7 1 -3.815e+03 1.053e+02 1.502e+01
s>            ( - -6.771e+02 1 0)
s>            ( QUESTION2_6_L -1 -3.032e+03 8.915e+01 1.202e+01
s>                ( - -6.310e+02 1 0)
s>                ( QUESTION0_13_R 1 -2.312e+03 8.114e+01 9.022e+00
s>                    ( - -1.768e+02 1 0)
s>                    ( QUESTION2_10_L -1 -2.054e+03 7.962e+01 8.022e+00
s>                        ( - -2.148e+02 1 0)
s>                        ( QUESTION0_12_R 1 -1.760e+03 7.136e+01 7.022e+00
s>                            ( - -9.082e+02 1 0)
s>                            ( WDBNDRY_E 0 -7.804e+02 6.936e+01 3.000e+00
s>                                ( - -5.020e+02 2 0 QUESTION0_11_R 1 6.327e+01 2.000e+00)
s>                                ( - -2.091e+02 1 0))))))))INFO: dtree.c(1315): Comp split 27
INFO: dtree.c(1439): stop. leaf nodes are specific
INFO: dtree.c(1478): Final simple tree
|( QUESTION13 -1 -2.994e+03 1.320e+02 1.300e+01
|    ( - -8.592e+02 1 0)
|    ( QUESTION11 -1 -2.002e+03 7.854e+01 9.000e+00
|        ( - -1.736e+02 1 0)
|        ( - -1.750e+03 1 0)))
s>    ( QUESTION13 -1 -2.994e+03 1.320e+02 1.300e+01
s>        ( - -8.592e+02 1 0)
s>        ( QUESTION11 -1 -2.002e+03 7.854e+01 9.000e+00
s>            ( - -1.736e+02 1 0)
s>            ( - -1.750e+03 1 0)))INFO: dtree.c(1315): Comp split 28
INFO: dtree.c(1439): stop. leaf nodes are specific
INFO: dtree.c(1478): Final simple tree
|( WDBNDRY_E 0 -5.021e+03 8.823e+01 2.106e+01
|    ( - -3.817e+03 3 0)
|    ( QUESTION0_9_R 1 -1.116e+03 6.091e+01 5.095e+00
|        ( - -8.693e+02 1 0)
|        ( - -1.853e+02 1 0)))
s>    ( WDBNDRY_E 0 -5.021e+03 8.823e+01 2.106e+01
s>        ( - -3.817e+03 3 0)
s>        ( QUESTION0_9_R 1 -1.116e+03 6.091e+01 5.095e+00
s>            ( - -8.693e+02 1 0)
s>            ( - -1.853e+02 1 0)))INFO: dtree.c(1315): Comp split 29
INFO: dtree.c(1439): stop. leaf nodes are specific
INFO: dtree.c(1478): Final simple tree
|( QUESTION0_9_R 1 -2.016e+03 7.781e+01 8.009e+00
|    ( - -1.464e+03 2 0)
|    ( - -4.740e+02 1 0))
s>    ( QUESTION0_9_R 1 -2.016e+03 7.781e+01 8.009e+00
s>        ( - -1.464e+03 2 0)
s>        ( - -4.740e+02 1 0))INFO: dtree.c(1315): Comp split 30
INFO: dtree.c(1439): stop. leaf nodes are specific
INFO: dtree.c(1478): Final simple tree
|( QUESTION7 1 -3.085e+03 9.554e+01 1.202e+01
|    ( - -6.771e+02 1 0)
|    ( QUESTION0_13_R 1 -2.312e+03 8.114e+01 9.022e+00
|        ( - -1.768e+02 1 0)
|        ( QUESTION2_10_L -1 -2.054e+03 7.962e+01 8.022e+00
|            ( - -2.148e+02 1 0)
|            ( QUESTION0_12_R 1 -1.760e+03 7.136e+01 7.022e+00
|                ( - -9.082e+02 1 0)
|                ( WDBNDRY_E 0 -7.804e+02 6.936e+01 3.000e+00
|                    ( QUESTION0_11_R 1 -5.020e+02 6.327e+01 2.000e+00
|                        ( - -2.128e+02 1 0)
|                        ( - -2.259e+02 1 0))
|                    ( - -2.091e+02 1 0))))))
s>    ( QUESTION7 1 -3.085e+03 9.554e+01 1.202e+01
s>        ( - -6.771e+02 1 0)
s>        ( QUESTION0_13_R 1 -2.312e+03 8.114e+01 9.022e+00
s>            ( - -1.768e+02 1 0)
s>            ( QUESTION2_10_L -1 -2.054e+03 7.962e+01 8.022e+00
s>                ( - -2.148e+02 1 0)
s>                ( QUESTION0_12_R 1 -1.760e+03 7.136e+01 7.022e+00
s>                    ( - -9.082e+02 1 0)
s>                    ( WDBNDRY_E 0 -7.804e+02 6.936e+01 3.000e+00
s>                        ( QUESTION0_11_R 1 -5.020e+02 6.327e+01 2.000e+00
s>                            ( - -2.128e+02 1 0)
s>                            ( - -2.259e+02 1 0))
s>                        ( - -2.091e+02 1 0))))))INFO: dtree.c(1439): stop. leaf nodes are specific
INFO: dtree.c(1478): Final simple tree
|( QUESTION0_9_R 1 -4.099e+03 8.531e+01 1.739e+01
|    ( - -3.383e+03 1 0)
|    ( - -6.310e+02 1 0))
s>    ( QUESTION0_9_R 1 -4.099e+03 8.531e+01 1.739e+01
s>        ( - -3.383e+03 1 0)
s>        ( - -6.310e+02 1 0))INFO: dtree.c(1315): Comp split 31
INFO: dtree.c(1478): Final simple tree
|( QUESTION3 1 -5.968e+03 9.121e+01 2.397e+01
|    ( - -4.131e+02 1 0)
|    ( QUESTION0_0_R 1 -5.464e+03 8.293e+01 2.197e+01
|        ( QUESTION0 -1 -2.347e+03 8.024e+01 9.953e+00
|            ( - -2.014e+02 1 0)
|            ( QUESTION16 -1 -2.065e+03 8.578e+01 8.953e+00
|                ( - -4.069e+02 1 0)
|                ( - -1.572e+03 1 0)))
|        ( WDBNDRY_B 0 -3.034e+03 7.367e+01 1.202e+01
|            ( - -2.018e+02 1 0)
|            ( QUESTION0 -1 -2.759e+03 7.228e+01 1.102e+01
|                ( QUESTION0_9_R 1 -1.185e+03 7.386e+01 5.000e+00
|                    ( - -4.282e+02 1 0)
|                    ( - -6.829e+02 3 0 QUESTION0_13_R 1 7.139e+01 3.000e+00))
|                ( - -1.501e+03 4 0 QUESTION0_2_R 1 6.798e+01 6.022e+00)))))
s>    ( QUESTION3 1 -5.968e+03 9.121e+01 2.397e+01
s>        ( - -4.131e+02 1 0)
s>        ( QUESTION0_0_R 1 -5.464e+03 8.293e+01 2.197e+01
s>            ( QUESTION0 -1 -2.347e+03 8.024e+01 9.953e+00
s>                ( - -2.014e+02 1 0)
s>                ( QUESTION16 -1 -2.065e+03 8.578e+01 8.953e+00
s>                    ( - -4.069e+02 1 0)
s>                    ( - -1.572e+03 1 0)))
s>            ( WDBNDRY_B 0 -3.034e+03 7.367e+01 1.202e+01
s>                ( - -2.018e+02 1 0)
s>                ( QUESTION0 -1 -2.759e+03 7.228e+01 1.102e+01
s>                    ( QUESTION0_9_R 1 -1.185e+03 7.386e+01 5.000e+00
s>                        ( - -4.282e+02 1 0)
s>                        ( - -6.829e+02 3 0 QUESTION0_13_R 1 7.139e+01 3.000e+00))
s>                    ( - -1.501e+03 4 0 QUESTION0_2_R 1 6.798e+01 6.022e+00)))))INFO: dtree.c(1315): Comp split 32
INFO: dtree.c(1439): stop. leaf nodes are specific
INFO: dtree.c(1478): Final simple tree
|( QUESTION11 -1 -2.002e+03 7.854e+01 9.000e+00
|    ( - -1.736e+02 1 0)
|    ( - -1.750e+03 1 0))
s>    ( QUESTION11 -1 -2.002e+03 7.854e+01 9.000e+00
s>        ( - -1.736e+02 1 0)
s>        ( - -1.750e+03 1 0))INFO: dtree.c(1315): Comp split 33
INFO: dtree.c(1478): Final simple tree
|( QUESTION2_6_L -1 -8.230e+03 1.111e+02 3.322e+01
|    ( QUESTION0_0_R 1 -1.633e+03 1.014e+02 7.000e+00
|        ( - -8.521e+02 1 0)
|        ( - -6.794e+02 1 0))
|    ( QUESTION1 -1 -6.486e+03 9.834e+01 2.622e+01
|        ( QUESTION3 1 -2.644e+03 1.068e+02 1.122e+01
|            ( - -3.809e+02 1 0)
|            ( QUESTION0_0_R 1 -2.157e+03 7.608e+01 9.216e+00
|                ( - -1.241e+03 1 0)
|                ( - -8.399e+02 1 0)))
|        ( QUESTION15 1 -3.744e+03 7.038e+01 1.500e+01
|            ( - -2.426e+03 1 0)
|            ( QUESTION0_0_R 1 -1.248e+03 6.315e+01 5.000e+00
|                ( - -4.587e+02 1 0)
|                ( - -7.257e+02 3 0 QUESTION2_11_L -1 6.019e+01 3.000e+00)))))
s>    ( QUESTION2_6_L -1 -8.230e+03 1.111e+02 3.322e+01
s>        ( QUESTION0_0_R 1 -1.633e+03 1.014e+02 7.000e+00
s>            ( - -8.521e+02 1 0)
s>            ( - -6.794e+02 1 0))
s>        ( QUESTION1 -1 -6.486e+03 9.834e+01 2.622e+01
s>            ( QUESTION3 1 -2.644e+03 1.068e+02 1.122e+01
s>                ( - -3.809e+02 1 0)
s>                ( QUESTION0_0_R 1 -2.157e+03 7.608e+01 9.216e+00
s>                    ( - -1.241e+03 1 0)
s>                    ( - -8.399e+02 1 0)))
s>            ( QUESTION15 1 -3.744e+03 7.038e+01 1.500e+01
s>                ( - -2.426e+03 1 0)
s>                ( QUESTION0_0_R 1 -1.248e+03 6.315e+01 5.000e+00
s>                    ( - -4.587e+02 1 0)
s>                    ( - -7.257e+02 3 0 QUESTION2_11_L -1 6.019e+01 3.000e+00)))))INFO: dtree.c(1315): Comp split 34
INFO: dtree.c(1439): stop. leaf nodes are specific
INFO: dtree.c(1478): Final simple tree
|( QUESTION2_6_L -1 -4.691e+03 1.048e+02 1.922e+01
|    ( QUESTION0_0_R 1 -1.633e+03 1.014e+02 7.000e+00
|        ( - -8.521e+02 1 0)
|        ( - -6.794e+02 1 0))
|    ( QUESTION2_11_L -1 -2.953e+03 7.500e+01 1.222e+01
|        ( - -1.873e+02 1 0)
|        ( QUESTION2 1 -2.691e+03 6.019e+01 1.122e+01
|            ( QUESTION1 -1 -1.112e+03 7.341e+01 4.934e+00
|                ( - -8.399e+02 1 0)
|                ( - -1.983e+02 1 0))
|            ( QUESTION0_0_R 1 -1.519e+03 5.452e+01 6.282e+00
|                ( - -1.241e+03 1 0)
|                ( - -2.236e+02 1 0)))))
s>    ( QUESTION2_6_L -1 -4.691e+03 1.048e+02 1.922e+01
s>        ( QUESTION0_0_R 1 -1.633e+03 1.014e+02 7.000e+00
s>            ( - -8.521e+02 1 0)
s>            ( - -6.794e+02 1 0))
s>        ( QUESTION2_11_L -1 -2.953e+03 7.500e+01 1.222e+01
s>            ( - -1.873e+02 1 0)
s>            ( QUESTION2 1 -2.691e+03 6.019e+01 1.122e+01
s>                ( QUESTION1 -1 -1.112e+03 7.341e+01 4.934e+00
s>                    ( - -8.399e+02 1 0)
s>                    ( - -1.983e+02 1 0))
s>                ( QUESTION0_0_R 1 -1.519e+03 5.452e+01 6.282e+00
s>                    ( - -1.241e+03 1 0)
s>                    ( - -2.236e+02 1 0)))))INFO: dtree.c(1439): stop. leaf nodes are specific
INFO: dtree.c(1478): Final simple tree
|( QUESTION0_0_R 1 -3.419e+03 8.754e+01 1.400e+01
|    ( QUESTION5 -1 -2.951e+03 6.650e+01 1.200e+01
|        ( - -2.426e+03 1 0)
|        ( - -4.587e+02 1 0))
|    ( - -3.809e+02 1 0))
s>    ( QUESTION0_0_R 1 -3.419e+03 8.754e+01 1.400e+01
s>        ( QUESTION5 -1 -2.951e+03 6.650e+01 1.200e+01
s>            ( - -2.426e+03 1 0)
s>            ( - -4.587e+02 1 0))
s>        ( - -3.809e+02 1 0))INFO: dtree.c(1315): Comp split 35
INFO: dtree.c(1478): Final simple tree
|( QUESTION3 1 -4.287e+03 9.212e+01 1.702e+01
|    ( - -4.131e+02 1 0)
|    ( WDBNDRY_B 0 -3.782e+03 7.590e+01 1.502e+01
|        ( - -2.018e+02 1 0)
|        ( QUESTION16 -1 -3.504e+03 7.038e+01 1.402e+01
|            ( - -4.069e+02 1 0)
|            ( QUESTION2 -1 -3.027e+03 6.804e+01 1.202e+01
|                ( QUESTION0_9_R 1 -1.185e+03 7.386e+01 5.000e+00
|                    ( - -4.282e+02 1 0)
|                    ( QUESTION0_13_R 1 -6.829e+02 7.139e+01 3.000e+00
|                        ( - -1.712e+02 1 0)
|                        ( - -4.403e+02 2 0 QUESTION0_11_R 1 6.577e+01 2.000e+00)))
|                ( QUESTION0_0_R 1 -1.774e+03 7.069e+01 7.022e+00
|                    ( - -2.014e+02 1 0)
|                    ( - -1.501e+03 4 0 QUESTION0_2_R 1 6.798e+01 6.022e+00))))))
s>    ( QUESTION3 1 -4.287e+03 9.212e+01 1.702e+01
s>        ( - -4.131e+02 1 0)
s>        ( WDBNDRY_B 0 -3.782e+03 7.590e+01 1.502e+01
s>            ( - -2.018e+02 1 0)
s>            ( QUESTION16 -1 -3.504e+03 7.038e+01 1.402e+01
s>                ( - -4.069e+02 1 0)
s>                ( QUESTION2 -1 -3.027e+03 6.804e+01 1.202e+01
s>                    ( QUESTION0_9_R 1 -1.185e+03 7.386e+01 5.000e+00
s>                        ( - -4.282e+02 1 0)
s>                        ( QUESTION0_13_R 1 -6.829e+02 7.139e+01 3.000e+00
s>                            ( - -1.712e+02 1 0)
s>                            ( - -4.403e+02 2 0 QUESTION0_11_R 1 6.577e+01 2.000e+00)))
s>                    ( QUESTION0_0_R 1 -1.774e+03 7.069e+01 7.022e+00
s>                        ( - -2.014e+02 1 0)
s>                        ( - -1.501e+03 4 0 QUESTION0_2_R 1 6.798e+01 6.022e+00))))))INFO: dtree.c(1315): Comp split 36
INFO: dtree.c(1439): stop. leaf nodes are specific
INFO: dtree.c(1478): Final simple tree
|( QUESTION0_10_R 1 -1.903e+03 9.094e+01 8.000e+00
|    ( - -6.794e+02 1 0)
|    ( QUESTION0_0_R 1 -1.133e+03 5.696e+01 5.000e+00
|        ( - -8.521e+02 1 0)
|        ( - -2.236e+02 1 0)))
s>    ( QUESTION0_10_R 1 -1.903e+03 9.094e+01 8.000e+00
s>        ( - -6.794e+02 1 0)
s>        ( QUESTION0_0_R 1 -1.133e+03 5.696e+01 5.000e+00
s>            ( - -8.521e+02 1 0)
s>            ( - -2.236e+02 1 0)))INFO: dtree.c(1439): stop. leaf nodes are specific
INFO: dtree.c(1478): Final simple tree
|( QUESTION2_11_L -1 -2.679e+03 7.855e+01 1.122e+01
|    ( - -1.873e+02 1 0)
|    ( QUESTION0_0_R 1 -2.413e+03 6.103e+01 1.022e+01
|        ( - -1.241e+03 1 0)
|        ( QUESTION1 -1 -1.112e+03 7.341e+01 4.934e+00
|            ( - -8.399e+02 1 0)
|            ( - -1.983e+02 1 0))))
s>    ( QUESTION2_11_L -1 -2.679e+03 7.855e+01 1.122e+01
s>        ( - -1.873e+02 1 0)
s>        ( QUESTION0_0_R 1 -2.413e+03 6.103e+01 1.022e+01
s>            ( - -1.241e+03 1 0)
s>            ( QUESTION1 -1 -1.112e+03 7.341e+01 4.934e+00
s>                ( - -8.399e+02 1 0)
s>                ( - -1.983e+02 1 0))))INFO: dtree.c(1315): Comp split 37
INFO: dtree.c(1315): Comp split 38
INFO: dtree.c(1439): stop. leaf nodes are specific
INFO: dtree.c(1478): Final simple tree
|( QUESTION0_12_R 1 -1.239e+03 6.361e+01 5.000e+00
|    ( - -2.148e+02 1 0)
|    ( WDBNDRY_E 0 -9.605e+02 7.061e+01 4.000e+00
|        ( - -2.128e+02 1 0)
|        ( - -6.771e+02 1 0)))
s>    ( QUESTION0_12_R 1 -1.239e+03 6.361e+01 5.000e+00
s>        ( - -2.148e+02 1 0)
s>        ( WDBNDRY_E 0 -9.605e+02 7.061e+01 4.000e+00
s>            ( - -2.128e+02 1 0)
s>            ( - -6.771e+02 1 0)))INFO: dtree.c(1439): stop. leaf nodes are specific
INFO: dtree.c(1478): Final simple tree
|( QUESTION0_13_R 1 -1.742e+03 8.493e+01 7.022e+00
|    ( - -1.768e+02 1 0)
|    ( QUESTION5 -1 -1.480e+03 6.894e+01 6.022e+00
|        ( WDBNDRY_E 0 -1.202e+03 6.781e+01 5.022e+00
|            ( - -2.259e+02 1 0)
|            ( - -9.082e+02 1 0))
|        ( - -2.091e+02 1 0)))
s>    ( QUESTION0_13_R 1 -1.742e+03 8.493e+01 7.022e+00
s>        ( - -1.768e+02 1 0)
s>        ( QUESTION5 -1 -1.480e+03 6.894e+01 6.022e+00
s>            ( WDBNDRY_E 0 -1.202e+03 6.781e+01 5.022e+00
s>                ( - -2.259e+02 1 0)
s>                ( - -9.082e+02 1 0))
s>            ( - -2.091e+02 1 0)))INFO: dtree.c(1315): Comp split 39
INFO: dtree.c(1439): stop. leaf nodes are specific
INFO: dtree.c(1478): Final simple tree
|( QUESTION0_9_R 1 -2.465e+03 9.891e+01 1.107e+01
|    ( QUESTION2 1 -1.956e+03 6.747e+01 9.065e+00
|        ( - -1.681e+03 1 0)
|        ( - -2.080e+02 1 0))
|    ( - -4.096e+02 1 0))
s>    ( QUESTION0_9_R 1 -2.465e+03 9.891e+01 1.107e+01
s>        ( QUESTION2 1 -1.956e+03 6.747e+01 9.065e+00
s>            ( - -1.681e+03 1 0)
s>            ( - -2.080e+02 1 0))
s>        ( - -4.096e+02 1 0))INFO: dtree.c(1439): stop. leaf nodes are specific
INFO: dtree.c(1478): Final simple tree
|( QUESTION0_11_R 1 -1.577e+03 8.792e+01 7.589e+00
|    ( - -5.877e+02 1 0)
|    ( - -9.014e+02 1 0))
s>    ( QUESTION0_11_R 1 -1.577e+03 8.792e+01 7.589e+00
s>        ( - -5.877e+02 1 0)
s>        ( - -9.014e+02 1 0))INFO: dtree.c(1315): Comp split 40
INFO: dtree.c(1439): stop. leaf nodes are specific
INFO: dtree.c(1478): Final simple tree
|( QUESTION2 1 -1.956e+03 6.747e+01 9.065e+00
|    ( - -1.681e+03 1 0)
|    ( - -2.080e+02 1 0))
s>    ( QUESTION2 1 -1.956e+03 6.747e+01 9.065e+00
s>        ( - -1.681e+03 1 0)
s>        ( - -2.080e+02 1 0))INFO: dtree.c(1315): Comp split 41
INFO: dtree.c(1478): Final simple tree
|( WDBNDRY_B 0 -3.782e+03 7.590e+01 1.502e+01
|    ( - -2.018e+02 1 0)
|    ( QUESTION16 -1 -3.504e+03 7.038e+01 1.402e+01
|        ( - -4.069e+02 1 0)
|        ( QUESTION2 -1 -3.027e+03 6.804e+01 1.202e+01
|            ( QUESTION0_9_R 1 -1.185e+03 7.386e+01 5.000e+00
|                ( - -4.282e+02 1 0)
|                ( QUESTION0_13_R 1 -6.829e+02 7.139e+01 3.000e+00
|                    ( - -1.712e+02 1 0)
|                    ( - -4.403e+02 2 0 QUESTION0_11_R 1 6.577e+01 2.000e+00)))
|            ( QUESTION0_0_R 1 -1.774e+03 7.069e+01 7.022e+00
|                ( - -2.014e+02 1 0)
|                ( QUESTION0_2_R 1 -1.501e+03 6.798e+01 6.022e+00
|                    ( - -1.836e+02 1 0)
|                    ( - -1.250e+03 3 0 WDBNDRY_E 0 5.999e+01 5.022e+00))))))
s>    ( WDBNDRY_B 0 -3.782e+03 7.590e+01 1.502e+01
s>        ( - -2.018e+02 1 0)
s>        ( QUESTION16 -1 -3.504e+03 7.038e+01 1.402e+01
s>            ( - -4.069e+02 1 0)
s>            ( QUESTION2 -1 -3.027e+03 6.804e+01 1.202e+01
s>                ( QUESTION0_9_R 1 -1.185e+03 7.386e+01 5.000e+00
s>                    ( - -4.282e+02 1 0)
s>                    ( QUESTION0_13_R 1 -6.829e+02 7.139e+01 3.000e+00
s>                        ( - -1.712e+02 1 0)
s>                        ( - -4.403e+02 2 0 QUESTION0_11_R 1 6.577e+01 2.000e+00)))
s>                ( QUESTION0_0_R 1 -1.774e+03 7.069e+01 7.022e+00
s>                    ( - -2.014e+02 1 0)
s>                    ( QUESTION0_2_R 1 -1.501e+03 6.798e+01 6.022e+00
s>                        ( - -1.836e+02 1 0)
s>                        ( - -1.250e+03 3 0 WDBNDRY_E 0 5.999e+01 5.022e+00))))))INFO: dtree.c(1315): Comp split 42
INFO: dtree.c(1439): stop. leaf nodes are specific
INFO: dtree.c(1478): Final simple tree
|( QUESTION0_0_R 1 -1.133e+03 5.696e+01 5.000e+00
|    ( - -8.521e+02 1 0)
|    ( - -2.236e+02 1 0))
s>    ( QUESTION0_0_R 1 -1.133e+03 5.696e+01 5.000e+00
s>        ( - -8.521e+02 1 0)
s>        ( - -2.236e+02 1 0))INFO: dtree.c(1315): Comp split 43
INFO: dtree.c(1439): stop. leaf nodes are specific
INFO: dtree.c(1478): Final simple tree
|( QUESTION0_9_R 1 -1.116e+03 6.091e+01 5.095e+00
|    ( - -8.693e+02 1 0)
|    ( - -1.853e+02 1 0))
s>    ( QUESTION0_9_R 1 -1.116e+03 6.091e+01 5.095e+00
s>        ( - -8.693e+02 1 0)
s>        ( - -1.853e+02 1 0))INFO: dtree.c(1315): Comp split 44
INFO: dtree.c(1315): Comp split 45
INFO: dtree.c(1439): stop. leaf nodes are specific
INFO: dtree.c(1478): Final simple tree
|( QUESTION5 -1 -2.951e+03 6.650e+01 1.200e+01
|    ( - -2.426e+03 1 0)
|    ( - -4.587e+02 1 0))
s>    ( QUESTION5 -1 -2.951e+03 6.650e+01 1.200e+01
s>        ( - -2.426e+03 1 0)
s>        ( - -4.587e+02 1 0))INFO: dtree.c(1315): Comp split 46
INFO: dtree.c(1315): Comp split 47
INFO: dtree.c(1439): stop. leaf nodes are specific
INFO: dtree.c(1478): Final simple tree
|( QUESTION5 -1 -1.480e+03 6.894e+01 6.022e+00
|    ( WDBNDRY_E 0 -1.202e+03 6.781e+01 5.022e+00
|        ( - -2.259e+02 1 0)
|        ( - -9.082e+02 1 0))
|    ( - -2.091e+02 1 0))
s>    ( QUESTION5 -1 -1.480e+03 6.894e+01 6.022e+00
s>        ( WDBNDRY_E 0 -1.202e+03 6.781e+01 5.022e+00
s>            ( - -2.259e+02 1 0)
s>            ( - -9.082e+02 1 0))
s>        ( - -2.091e+02 1 0))INFO: dtree.c(1315): Comp split 48
INFO: dtree.c(1439): stop. leaf nodes are specific
INFO: dtree.c(1478): Final simple tree
|( WDBNDRY_B 0 -1.706e+03 7.335e+01 7.000e+00
|    ( - -2.018e+02 1 0)
|    ( QUESTION0_13_R 1 -1.431e+03 6.884e+01 6.000e+00
|        ( - -1.712e+02 1 0)
|        ( QUESTION0_10_R 1 -1.191e+03 7.043e+01 5.000e+00
|            ( QUESTION0_11_R 1 -4.403e+02 6.577e+01 2.000e+00
|                ( - -1.970e+02 1 0)
|                ( - -1.775e+02 1 0))
|            ( WDBNDRY_E 0 -6.799e+02 6.810e+01 3.000e+00
|                ( - -1.836e+02 1 0)
|                ( - -4.282e+02 1 0)))))
s>    ( WDBNDRY_B 0 -1.706e+03 7.335e+01 7.000e+00
s>        ( - -2.018e+02 1 0)
s>        ( QUESTION0_13_R 1 -1.431e+03 6.884e+01 6.000e+00
s>            ( - -1.712e+02 1 0)
s>            ( QUESTION0_10_R 1 -1.191e+03 7.043e+01 5.000e+00
s>                ( QUESTION0_11_R 1 -4.403e+02 6.577e+01 2.000e+00
s>                    ( - -1.970e+02 1 0)
s>                    ( - -1.775e+02 1 0))
s>                ( WDBNDRY_E 0 -6.799e+02 6.810e+01 3.000e+00
s>                    ( - -1.836e+02 1 0)
s>                    ( - -4.282e+02 1 0)))))INFO: dtree.c(1439): stop. leaf nodes are specific
INFO: dtree.c(1478): Final simple tree
|( QUESTION0_0_R 1 -1.995e+03 6.937e+01 8.022e+00
|    ( QUESTION0 -1 -6.755e+02 6.706e+01 3.000e+00
|        ( - -2.014e+02 1 0)
|        ( - -4.069e+02 1 0))
|    ( WDBNDRY_E 0 -1.250e+03 5.999e+01 5.022e+00
|        ( - -2.307e+02 1 0)
|        ( - -9.592e+02 2 0)))
s>    ( QUESTION0_0_R 1 -1.995e+03 6.937e+01 8.022e+00
s>        ( QUESTION0 -1 -6.755e+02 6.706e+01 3.000e+00
s>            ( - -2.014e+02 1 0)
s>            ( - -4.069e+02 1 0))
s>        ( WDBNDRY_E 0 -1.250e+03 5.999e+01 5.022e+00
s>            ( - -2.307e+02 1 0)
s>            ( - -9.592e+02 2 0)))INFO: dtree.c(1315): Comp split 49
INFO: dtree.c(1439): stop. leaf nodes are specific
INFO: dtree.c(1478): Final simple tree
|( QUESTION2_11_L -1 -1.759e+03 7.407e+01 7.282e+00
|    ( - -1.873e+02 1 0)
|    ( QUESTION0_0_R 1 -1.497e+03 5.821e+01 6.282e+00
|        ( - -1.241e+03 1 0)
|        ( - -1.983e+02 1 0)))
s>    ( QUESTION2_11_L -1 -1.759e+03 7.407e+01 7.282e+00
s>        ( - -1.873e+02 1 0)
s>        ( QUESTION0_0_R 1 -1.497e+03 5.821e+01 6.282e+00
s>            ( - -1.241e+03 1 0)
s>            ( - -1.983e+02 1 0)))INFO: dtree.c(1315): Comp split 50
INFO: dtree.c(1315): Comp split 51
INFO: dtree.c(1315): Comp split 52
INFO: dtree.c(1439): stop. leaf nodes are specific
INFO: dtree.c(1478): Final simple tree
|( QUESTION0_0_R 1 -1.497e+03 5.821e+01 6.282e+00
|    ( - -1.241e+03 1 0)
|    ( - -1.983e+02 1 0))
s>    ( QUESTION0_0_R 1 -1.497e+03 5.821e+01 6.282e+00
s>        ( - -1.241e+03 1 0)
s>        ( - -1.983e+02 1 0))INFO: dtree.c(1315): Comp split 53
INFO: dtree.c(1439): stop. leaf nodes are specific
INFO: dtree.c(1478): Final simple tree
|( QUESTION0_13_R 1 -1.431e+03 6.884e+01 6.000e+00
|    ( - -1.712e+02 1 0)
|    ( QUESTION0_10_R 1 -1.191e+03 7.043e+01 5.000e+00
|        ( QUESTION0_11_R 1 -4.403e+02 6.577e+01 2.000e+00
|            ( - -1.970e+02 1 0)
|            ( - -1.775e+02 1 0))
|        ( WDBNDRY_E 0 -6.799e+02 6.810e+01 3.000e+00
|            ( - -1.836e+02 1 0)
|            ( - -4.282e+02 1 0))))
s>    ( QUESTION0_13_R 1 -1.431e+03 6.884e+01 6.000e+00
s>        ( - -1.712e+02 1 0)
s>        ( QUESTION0_10_R 1 -1.191e+03 7.043e+01 5.000e+00
s>            ( QUESTION0_11_R 1 -4.403e+02 6.577e+01 2.000e+00
s>                ( - -1.970e+02 1 0)
s>                ( - -1.775e+02 1 0))
s>            ( WDBNDRY_E 0 -6.799e+02 6.810e+01 3.000e+00
s>                ( - -1.836e+02 1 0)
s>                ( - -4.282e+02 1 0))))INFO: dtree.c(1315): Comp split 54
INFO: dtree.c(1439): stop. leaf nodes are specific
INFO: dtree.c(1478): Final simple tree
|( QUESTION0_11_R 1 -4.403e+02 6.577e+01 2.000e+00
|    ( - -1.970e+02 1 0)
|    ( - -1.775e+02 1 0))
s>    ( QUESTION0_11_R 1 -4.403e+02 6.577e+01 2.000e+00
s>        ( - -1.970e+02 1 0)
s>        ( - -1.775e+02 1 0))INFO: dtree.c(1439): stop. leaf nodes are specific
INFO: dtree.c(1478): Final simple tree
|( QUESTION0_10_R 1 -9.203e+02 6.921e+01 4.000e+00
|    ( - -1.712e+02 1 0)
|    ( WDBNDRY_E 0 -6.799e+02 6.810e+01 3.000e+00
|        ( - -1.836e+02 1 0)
|        ( - -4.282e+02 1 0)))
s>    ( QUESTION0_10_R 1 -9.203e+02 6.921e+01 4.000e+00
s>        ( - -1.712e+02 1 0)
s>        ( WDBNDRY_E 0 -6.799e+02 6.810e+01 3.000e+00
s>            ( - -1.836e+02 1 0)
s>            ( - -4.282e+02 1 0)))INFO: dtree.c(1315): Comp split 55
INFO: dtree.c(1439): stop. leaf nodes are specific
INFO: dtree.c(1478): Final simple tree
|( WDBNDRY_E 0 -1.250e+03 5.999e+01 5.022e+00
|    ( - -2.307e+02 1 0)
|    ( - -9.592e+02 2 0))
s>    ( WDBNDRY_E 0 -1.250e+03 5.999e+01 5.022e+00
s>        ( - -2.307e+02 1 0)
s>        ( - -9.592e+02 2 0))INFO: dtree.c(1439): stop. leaf nodes are specific
INFO: dtree.c(1478): Final simple tree
|( QUESTION0 -1 -6.755e+02 6.706e+01 3.000e+00
|    ( - -2.014e+02 1 0)
|    ( - -4.069e+02 1 0))
s>    ( QUESTION0 -1 -6.755e+02 6.706e+01 3.000e+00
s>        ( - -2.014e+02 1 0)
s>        ( - -4.069e+02 1 0))INFO: dtree.c(1315): Comp split 56
INFO: dtree.c(1439): stop. leaf nodes are specific
INFO: dtree.c(1478): Final simple tree
|( WDBNDRY_E 0 -6.799e+02 6.810e+01 3.000e+00
|    ( - -1.836e+02 1 0)
|    ( - -4.282e+02 1 0))
s>    ( WDBNDRY_E 0 -6.799e+02 6.810e+01 3.000e+00
s>        ( - -1.836e+02 1 0)
s>        ( - -4.282e+02 1 0))INFO: dtree.c(1315): Comp split 57
INFO: dtree.c(1439): stop. leaf nodes are specific
INFO: dtree.c(1478): Final simple tree
|( WDBNDRY_E 0 -1.202e+03 6.781e+01 5.022e+00
|    ( - -2.259e+02 1 0)
|    ( - -9.082e+02 1 0))
s>    ( WDBNDRY_E 0 -1.202e+03 6.781e+01 5.022e+00
s>        ( - -2.259e+02 1 0)
s>        ( - -9.082e+02 1 0))INFO: dtree.c(1315): Comp split 58
INFO: dtree.c(1315): Comp split 59
INFO: dtree.c(1315): Comp split 60
INFO: dtree.c(1315): Comp split 61
INFO: dtree.c(1315): Comp split 62
INFO: dtree.c(1315): Comp split 63
INFO: dtree.c(1315): Comp split 64
INFO: dtree.c(1439): stop. leaf nodes are specific
INFO: dtree.c(1478): Final simple tree
|( WDBNDRY_E 0 -9.605e+02 7.061e+01 4.000e+00
|    ( - -2.128e+02 1 0)
|    ( - -6.771e+02 1 0))
s>    ( WDBNDRY_E 0 -9.605e+02 7.061e+01 4.000e+00
s>        ( - -2.128e+02 1 0)
s>        ( - -6.771e+02 1 0))INFO: dtree.c(1315): Comp split 65
INFO: dtree.c(1315): Comp split 66
INFO: dtree.c(1315): Comp split 67
INFO: dtree.c(1315): Comp split 68
INFO: dtree.c(1315): Comp split 69
INFO: dtree.c(1315): Comp split 70
INFO: dtree.c(1318): stop. leaf nodes are specific
Thu May  7 00:23:32 2020
