Current configuration:
[NAME]		[DEFLT]	[VALUE]
-allphones	no	no
-cntthresh	0.00001	1.000000e-05
-csplitmax	100	2000
-csplitmin	1	1
-csplitthr	8e-4	0.000000e+00
-example	no	no
-fullvar	no	no
-help		no	no
-meanfn			/home/abdy/Desktop/diploma/kg/model_parameters/kg.cd_cont_untied/means
-mixwfn			/home/abdy/Desktop/diploma/kg/model_parameters/kg.cd_cont_untied/mixture_weights
-moddeffn		/home/abdy/Desktop/diploma/kg/model_architecture/kg.untied.mdef
-mwfloor	1e-4	1.000000e-08
-phone			je
-psetfn			/home/abdy/Desktop/diploma/kg/model_architecture/kg.tree_questions
-ssplitmax	5	7
-ssplitmin	1	1
-ssplitthr	8e-4	0.000000e+00
-state			2
-stwt			1.0,0.05,0.0,
-treefn			/home/abdy/Desktop/diploma/kg/trees/kg.unpruned/je-2.dtree
-ts2cbfn	.semi.	.cont.
-varfloor	0.00001	1.000000e-05
-varfn			/home/abdy/Desktop/diploma/kg/model_parameters/kg.cd_cont_untied/variances

INFO: main.c(223): Reading: /home/abdy/Desktop/diploma/kg/model_architecture/kg.untied.mdef
INFO: model_def_io.c(573): Model definition info:
INFO: model_def_io.c(574): 10297 total models defined (47 base, 10250 tri)
INFO: model_def_io.c(575): 41188 total states
INFO: model_def_io.c(576): 30891 total tied states
INFO: model_def_io.c(577): 141 total tied CI states
INFO: model_def_io.c(578): 47 total tied transition matrices
INFO: model_def_io.c(579): 4 max state/model
INFO: model_def_io.c(580): 4 min state/model
INFO: main.c(242): Building trees for [je a k i] through [je zh v e]
INFO: main.c(269): Covering states |[9282 10568]| == 1287
INFO: main.c(275): Reading: /home/abdy/Desktop/diploma/kg/model_parameters/kg.cd_cont_untied/mixture_weights
INFO: s3mixw_io.c(173): Read /home/abdy/Desktop/diploma/kg/model_parameters/kg.cd_cont_untied/mixture_weights [1287x1x1 array]
INFO: main.c(311): 117 of 429 models have observation count greater than 0.000010
INFO: main.c(95): nrm stwt: 0.000 0.048 0.952 
INFO: s3gau_io.c(169): Read /home/abdy/Desktop/diploma/kg/model_parameters/kg.cd_cont_untied/means [30891x1x1 array]
INFO: s3gau_io.c(169): Read /home/abdy/Desktop/diploma/kg/model_parameters/kg.cd_cont_untied/variances [30891x1x1 array]
INFO: main.c(549): Reading: /home/abdy/Desktop/diploma/kg/model_architecture/kg.tree_questions
INFO: main.c(588): 174 total simple questions (166 phone; 8 word bndry)
INFO: main.c(590): 40 Left Only questions, and 42 Right Only questions
INFO: dtree.c(1478): Final simple tree
|( QUESTION0_10_R 1 -1.618e+05 7.734e+02 6.884e+02
|    ( QUESTION0_13_R 1 -8.815e+04 3.325e+02 3.768e+02
|        ( QUESTION2_6_L -1 -3.710e+04 3.000e+02 1.615e+02
|            ( - -7.760e+03 2 0)
|            ( - -2.904e+04 17 0 QUESTION2_12_L -1 1.674e+02 1.257e+02))
|        ( QUESTION0_15_R 1 -5.072e+04 2.904e+02 2.153e+02
|            ( - -1.496e+04 14 0 QUESTION6 -1 2.259e+02 6.504e+01)
|            ( QUESTION0_20_R 1 -3.547e+04 2.463e+02 1.503e+02
|                ( - -1.851e+04 16 0 QUESTION7 1 1.805e+02 7.747e+01)
|                ( - -1.671e+04 11 0 QUESTION5 -1 2.439e+02 7.283e+01))))
|    ( QUESTION15 1 -7.287e+04 4.484e+02 3.116e+02
|        ( - -2.440e+04 9 0 QUESTION2_8_L -1 1.567e+02 1.073e+02)
|        ( QUESTION16 -1 -4.802e+04 2.663e+02 2.043e+02
|            ( - -4.845e+03 4 0 QUESTION2 1 1.367e+02 2.072e+01)
|            ( - -4.291e+04 44 0 QUESTION2_17_L -1 2.100e+02 1.836e+02))))
s>    ( QUESTION0_10_R 1 -1.618e+05 7.734e+02 6.884e+02
s>        ( QUESTION0_13_R 1 -8.815e+04 3.325e+02 3.768e+02
s>            ( QUESTION2_6_L -1 -3.710e+04 3.000e+02 1.615e+02
s>                ( - -7.760e+03 2 0)
s>                ( - -2.904e+04 17 0 QUESTION2_12_L -1 1.674e+02 1.257e+02))
s>            ( QUESTION0_15_R 1 -5.072e+04 2.904e+02 2.153e+02
s>                ( - -1.496e+04 14 0 QUESTION6 -1 2.259e+02 6.504e+01)
s>                ( QUESTION0_20_R 1 -3.547e+04 2.463e+02 1.503e+02
s>                    ( - -1.851e+04 16 0 QUESTION7 1 1.805e+02 7.747e+01)
s>                    ( - -1.671e+04 11 0 QUESTION5 -1 2.439e+02 7.283e+01))))
s>        ( QUESTION15 1 -7.287e+04 4.484e+02 3.116e+02
s>            ( - -2.440e+04 9 0 QUESTION2_8_L -1 1.567e+02 1.073e+02)
s>            ( QUESTION16 -1 -4.802e+04 2.663e+02 2.043e+02
s>                ( - -4.845e+03 4 0 QUESTION2 1 1.367e+02 2.072e+01)
s>                ( - -4.291e+04 44 0 QUESTION2_17_L -1 2.100e+02 1.836e+02))))INFO: dtree.c(1315): Comp split 0
INFO: dtree.c(1478): Final simple tree
|( QUESTION15 1 -6.773e+04 4.160e+02 2.909e+02
|    ( QUESTION2_8_L -1 -2.440e+04 1.567e+02 1.073e+02
|        ( - -1.265e+04 3 0 QUESTION9 -1 1.247e+02 5.639e+01)
|        ( - -1.159e+04 6 0 QUESTION16 -1 1.266e+02 5.089e+01))
|    ( QUESTION2_17_L -1 -4.291e+04 2.100e+02 1.836e+02
|        ( - -3.349e+02 1 0)
|        ( QUESTION11 -1 -4.237e+04 1.554e+02 1.816e+02
|            ( - -1.169e+03 1 0)
|            ( QUESTION2 1 -4.104e+04 1.549e+02 1.756e+02
|                ( - -2.169e+04 17 0 QUESTION2_7_L -1 1.334e+02 9.319e+01)
|                ( QUESTION13 1 -1.919e+04 1.489e+02 8.236e+01
|                    ( QUESTION2 -1 -8.826e+03 1.371e+02 3.902e+01
|                        ( - -1.760e+03 2 0)
|                        ( - -6.929e+03 5 0 QUESTION6 -1 1.113e+02 3.102e+01))
|                    ( - -1.022e+04 18 0 QUESTION15 -1 1.336e+02 4.334e+01))))))
s>    ( QUESTION15 1 -6.773e+04 4.160e+02 2.909e+02
s>        ( QUESTION2_8_L -1 -2.440e+04 1.567e+02 1.073e+02
s>            ( - -1.265e+04 3 0 QUESTION9 -1 1.247e+02 5.639e+01)
s>            ( - -1.159e+04 6 0 QUESTION16 -1 1.266e+02 5.089e+01))
s>        ( QUESTION2_17_L -1 -4.291e+04 2.100e+02 1.836e+02
s>            ( - -3.349e+02 1 0)
s>            ( QUESTION11 -1 -4.237e+04 1.554e+02 1.816e+02
s>                ( - -1.169e+03 1 0)
s>                ( QUESTION2 1 -4.104e+04 1.549e+02 1.756e+02
s>                    ( - -2.169e+04 17 0 QUESTION2_7_L -1 1.334e+02 9.319e+01)
s>                    ( QUESTION13 1 -1.919e+04 1.489e+02 8.236e+01
s>                        ( QUESTION2 -1 -8.826e+03 1.371e+02 3.902e+01
s>                            ( - -1.760e+03 2 0)
s>                            ( - -6.929e+03 5 0 QUESTION6 -1 1.113e+02 3.102e+01))
s>                        ( - -1.022e+04 18 0 QUESTION15 -1 1.336e+02 4.334e+01))))))INFO: dtree.c(1478): Final simple tree
|( QUESTION0_13_R 1 -9.323e+04 3.424e+02 3.975e+02
|    ( QUESTION2_6_L -1 -3.710e+04 3.000e+02 1.615e+02
|        ( - -7.760e+03 2 0)
|        ( - -2.904e+04 17 0 QUESTION2_12_L -1 1.674e+02 1.257e+02))
|    ( QUESTION0_15_R 1 -5.579e+04 2.724e+02 2.361e+02
|        ( QUESTION6 -1 -1.496e+04 2.259e+02 6.504e+01
|            ( - -4.581e+02 1 0)
|            ( - -1.428e+04 13 0 QUESTION2_6_L -1 1.665e+02 6.204e+01))
|        ( QUESTION0_11_R 1 -4.056e+04 2.634e+02 1.710e+02
|            ( QUESTION5 -1 -1.436e+04 2.450e+02 6.283e+01
|                ( - -5.944e+03 2 0 WDBNDRY_E 0 1.774e+02 2.741e+01)
|                ( - -8.168e+03 6 0 QUESTION2_14_L -1 1.661e+02 3.542e+01))
|            ( QUESTION3 1 -2.594e+04 2.330e+02 1.082e+02
|                ( - -3.832e+03 2 0 QUESTION17 -1 1.112e+02 1.672e+01)
|                ( - -2.187e+04 21 0 QUESTION7 1 1.927e+02 9.147e+01)))))
s>    ( QUESTION0_13_R 1 -9.323e+04 3.424e+02 3.975e+02
s>        ( QUESTION2_6_L -1 -3.710e+04 3.000e+02 1.615e+02
s>            ( - -7.760e+03 2 0)
s>            ( - -2.904e+04 17 0 QUESTION2_12_L -1 1.674e+02 1.257e+02))
s>        ( QUESTION0_15_R 1 -5.579e+04 2.724e+02 2.361e+02
s>            ( QUESTION6 -1 -1.496e+04 2.259e+02 6.504e+01
s>                ( - -4.581e+02 1 0)
s>                ( - -1.428e+04 13 0 QUESTION2_6_L -1 1.665e+02 6.204e+01))
s>            ( QUESTION0_11_R 1 -4.056e+04 2.634e+02 1.710e+02
s>                ( QUESTION5 -1 -1.436e+04 2.450e+02 6.283e+01
s>                    ( - -5.944e+03 2 0 WDBNDRY_E 0 1.774e+02 2.741e+01)
s>                    ( - -8.168e+03 6 0 QUESTION2_14_L -1 1.661e+02 3.542e+01))
s>                ( QUESTION3 1 -2.594e+04 2.330e+02 1.082e+02
s>                    ( - -3.832e+03 2 0 QUESTION17 -1 1.112e+02 1.672e+01)
s>                    ( - -2.187e+04 21 0 QUESTION7 1 1.927e+02 9.147e+01)))))INFO: dtree.c(1315): Comp split 1
INFO: dtree.c(1478): Final simple tree
|( QUESTION3 1 -3.427e+04 2.502e+02 1.436e+02
|    ( - -3.832e+03 2 0 QUESTION17 -1 1.112e+02 1.672e+01)
|    ( QUESTION7 1 -3.019e+04 2.035e+02 1.269e+02
|        ( - -9.514e+03 5 0 QUESTION9 -1 1.115e+02 4.050e+01)
|        ( QUESTION4 1 -2.047e+04 1.420e+02 8.638e+01
|            ( QUESTION4 -1 -1.265e+04 1.309e+02 5.438e+01
|                ( - -2.469e+03 3 0 WDBNDRY_E 0 1.029e+02 1.119e+01)
|                ( QUESTION0_11_R 1 -1.005e+04 1.310e+02 4.320e+01
|                    ( - -7.646e+03 5 0 QUESTION2_14_L -1 1.656e+02 3.323e+01)
|                    ( - -2.274e+03 3 0 QUESTION15 -1 7.783e+01 9.967e+00)))
|            ( QUESTION2_10_L -1 -7.680e+03 2.014e+02 3.200e+01
|                ( - -1.218e+03 1 0)
|                ( QUESTION2_14_L -1 -6.261e+03 1.409e+02 2.600e+01
|                    ( - -2.193e+03 1 0)
|                    ( - -3.927e+03 9 0 QUESTION17 -1 1.247e+02 1.600e+01))))))
s>    ( QUESTION3 1 -3.427e+04 2.502e+02 1.436e+02
s>        ( - -3.832e+03 2 0 QUESTION17 -1 1.112e+02 1.672e+01)
s>        ( QUESTION7 1 -3.019e+04 2.035e+02 1.269e+02
s>            ( - -9.514e+03 5 0 QUESTION9 -1 1.115e+02 4.050e+01)
s>            ( QUESTION4 1 -2.047e+04 1.420e+02 8.638e+01
s>                ( QUESTION4 -1 -1.265e+04 1.309e+02 5.438e+01
s>                    ( - -2.469e+03 3 0 WDBNDRY_E 0 1.029e+02 1.119e+01)
s>                    ( QUESTION0_11_R 1 -1.005e+04 1.310e+02 4.320e+01
s>                        ( - -7.646e+03 5 0 QUESTION2_14_L -1 1.656e+02 3.323e+01)
s>                        ( - -2.274e+03 3 0 QUESTION15 -1 7.783e+01 9.967e+00)))
s>                ( QUESTION2_10_L -1 -7.680e+03 2.014e+02 3.200e+01
s>                    ( - -1.218e+03 1 0)
s>                    ( QUESTION2_14_L -1 -6.261e+03 1.409e+02 2.600e+01
s>                        ( - -2.193e+03 1 0)
s>                        ( - -3.927e+03 9 0 QUESTION17 -1 1.247e+02 1.600e+01))))))INFO: dtree.c(1478): Final simple tree
|( QUESTION2_6_L -1 -5.847e+04 2.846e+02 2.539e+02
|    ( - -8.824e+03 3 0 WDBNDRY_E 0 1.532e+02 4.078e+01)
|    ( QUESTION0_14_R 1 -4.937e+04 2.781e+02 2.131e+02
|        ( WDBNDRY_E 0 -5.944e+03 1.774e+02 2.741e+01
|            ( - -4.626e+03 1 0)
|            ( - -1.141e+03 1 0))
|        ( QUESTION7 -1 -4.314e+04 2.435e+02 1.857e+02
|            ( - -4.581e+02 1 0)
|            ( QUESTION0_12_R 1 -4.244e+04 2.056e+02 1.827e+02
|                ( QUESTION2_12_L -1 -2.904e+04 1.674e+02 1.257e+02
|                    ( - -1.175e+03 2 0)
|                    ( - -2.770e+04 15 0 QUESTION4 -1 1.408e+02 1.197e+02))
|                ( QUESTION2_14_L -1 -1.320e+04 1.610e+02 5.704e+01
|                    ( - -2.268e+03 1 0)
|                    ( - -1.077e+04 11 0 QUESTION0_18_R 1 1.399e+02 4.643e+01))))))
s>    ( QUESTION2_6_L -1 -5.847e+04 2.846e+02 2.539e+02
s>        ( - -8.824e+03 3 0 WDBNDRY_E 0 1.532e+02 4.078e+01)
s>        ( QUESTION0_14_R 1 -4.937e+04 2.781e+02 2.131e+02
s>            ( WDBNDRY_E 0 -5.944e+03 1.774e+02 2.741e+01
s>                ( - -4.626e+03 1 0)
s>                ( - -1.141e+03 1 0))
s>            ( QUESTION7 -1 -4.314e+04 2.435e+02 1.857e+02
s>                ( - -4.581e+02 1 0)
s>                ( QUESTION0_12_R 1 -4.244e+04 2.056e+02 1.827e+02
s>                    ( QUESTION2_12_L -1 -2.904e+04 1.674e+02 1.257e+02
s>                        ( - -1.175e+03 2 0)
s>                        ( - -2.770e+04 15 0 QUESTION4 -1 1.408e+02 1.197e+02))
s>                    ( QUESTION2_14_L -1 -1.320e+04 1.610e+02 5.704e+01
s>                        ( - -2.268e+03 1 0)
s>                        ( - -1.077e+04 11 0 QUESTION0_18_R 1 1.399e+02 4.643e+01))))))INFO: dtree.c(1315): Comp split 2
INFO: dtree.c(1478): Final simple tree
|( QUESTION11 -1 -4.237e+04 1.554e+02 1.816e+02
|    ( - -1.169e+03 1 0)
|    ( QUESTION2 1 -4.104e+04 1.549e+02 1.756e+02
|        ( QUESTION2_7_L -1 -2.169e+04 1.334e+02 9.319e+01
|            ( WDBNDRY_E 0 -1.342e+04 1.348e+02 5.776e+01
|                ( - -1.082e+03 2 0 QUESTION5 -1 1.267e+02 5.000e+00)
|                ( - -1.221e+04 8 0 QUESTION5 -1 1.227e+02 5.276e+01))
|            ( - -8.137e+03 7 0 QUESTION19 -1 1.143e+02 3.543e+01))
|        ( QUESTION13 1 -1.919e+04 1.489e+02 8.236e+01
|            ( QUESTION2 -1 -8.826e+03 1.371e+02 3.902e+01
|                ( - -1.760e+03 2 0)
|                ( - -6.929e+03 5 0 QUESTION6 -1 1.113e+02 3.102e+01))
|            ( QUESTION15 -1 -1.022e+04 1.336e+02 4.334e+01
|                ( - -1.338e+03 2 0 WDBNDRY_E 0 7.755e+01 6.004e+00)
|                ( - -8.747e+03 16 0 QUESTION0_0_R 1 1.085e+02 3.734e+01)))))
s>    ( QUESTION11 -1 -4.237e+04 1.554e+02 1.816e+02
s>        ( - -1.169e+03 1 0)
s>        ( QUESTION2 1 -4.104e+04 1.549e+02 1.756e+02
s>            ( QUESTION2_7_L -1 -2.169e+04 1.334e+02 9.319e+01
s>                ( WDBNDRY_E 0 -1.342e+04 1.348e+02 5.776e+01
s>                    ( - -1.082e+03 2 0 QUESTION5 -1 1.267e+02 5.000e+00)
s>                    ( - -1.221e+04 8 0 QUESTION5 -1 1.227e+02 5.276e+01))
s>                ( - -8.137e+03 7 0 QUESTION19 -1 1.143e+02 3.543e+01))
s>            ( QUESTION13 1 -1.919e+04 1.489e+02 8.236e+01
s>                ( QUESTION2 -1 -8.826e+03 1.371e+02 3.902e+01
s>                    ( - -1.760e+03 2 0)
s>                    ( - -6.929e+03 5 0 QUESTION6 -1 1.113e+02 3.102e+01))
s>                ( QUESTION15 -1 -1.022e+04 1.336e+02 4.334e+01
s>                    ( - -1.338e+03 2 0 WDBNDRY_E 0 7.755e+01 6.004e+00)
s>                    ( - -8.747e+03 16 0 QUESTION0_0_R 1 1.085e+02 3.734e+01)))))INFO: dtree.c(1478): Final simple tree
|( QUESTION0 1 -2.493e+04 2.006e+02 1.093e+02
|    ( - -3.349e+02 1 0)
|    ( QUESTION2_8_L -1 -2.440e+04 1.567e+02 1.073e+02
|        ( QUESTION9 -1 -1.265e+04 1.247e+02 5.639e+01
|            ( - -3.981e+03 1 0)
|            ( QUESTION1 -1 -8.543e+03 1.211e+02 3.900e+01
|                ( - -6.760e+03 1 0)
|                ( - -1.662e+03 1 0)))
|        ( QUESTION16 -1 -1.159e+04 1.266e+02 5.089e+01
|            ( - -6.633e+03 1 0)
|            ( QUESTION2_16_L -1 -4.833e+03 1.070e+02 2.083e+01
|                ( - -6.068e+02 1 0)
|                ( QUESTION0 -1 -4.119e+03 8.687e+01 1.783e+01
|                    ( - -2.141e+03 3 0 QUESTION0_0_R 1 8.178e+01 9.315e+00)
|                    ( - -1.892e+03 1 0))))))
s>    ( QUESTION0 1 -2.493e+04 2.006e+02 1.093e+02
s>        ( - -3.349e+02 1 0)
s>        ( QUESTION2_8_L -1 -2.440e+04 1.567e+02 1.073e+02
s>            ( QUESTION9 -1 -1.265e+04 1.247e+02 5.639e+01
s>                ( - -3.981e+03 1 0)
s>                ( QUESTION1 -1 -8.543e+03 1.211e+02 3.900e+01
s>                    ( - -6.760e+03 1 0)
s>                    ( - -1.662e+03 1 0)))
s>            ( QUESTION16 -1 -1.159e+04 1.266e+02 5.089e+01
s>                ( - -6.633e+03 1 0)
s>                ( QUESTION2_16_L -1 -4.833e+03 1.070e+02 2.083e+01
s>                    ( - -6.068e+02 1 0)
s>                    ( QUESTION0 -1 -4.119e+03 8.687e+01 1.783e+01
s>                        ( - -2.141e+03 3 0 QUESTION0_0_R 1 8.178e+01 9.315e+00)
s>                        ( - -1.892e+03 1 0))))))INFO: dtree.c(1315): Comp split 3
INFO: dtree.c(1478): Final simple tree
|( QUESTION0_12_R 1 -4.367e+04 2.065e+02 1.881e+02
|    ( QUESTION2_12_L -1 -3.026e+04 1.678e+02 1.311e+02
|        ( - -1.175e+03 2 0)
|        ( QUESTION1 -1 -2.892e+04 1.484e+02 1.251e+02
|            ( - -1.090e+04 5 0 QUESTION2_0_L -1 1.080e+02 4.703e+01)
|            ( - -1.787e+04 11 0 QUESTION14 -1 1.088e+02 7.807e+01)))
|    ( QUESTION2_14_L -1 -1.320e+04 1.610e+02 5.704e+01
|        ( - -2.268e+03 1 0)
|        ( QUESTION0_18_R 1 -1.077e+04 1.399e+02 4.643e+01
|            ( - -4.238e+03 5 0 QUESTION14 -1 1.482e+02 1.803e+01)
|            ( QUESTION2_9_L -1 -6.392e+03 1.700e+02 2.841e+01
|                ( - -2.638e+03 2 0 WDBNDRY_E 0 8.946e+01 1.141e+01)
|                ( WDBNDRY_E 0 -3.584e+03 1.791e+02 1.700e+01
|                    ( - -4.825e+02 1 0)
|                    ( - -2.922e+03 3 0 QUESTION0_16_R 1 1.136e+02 1.400e+01))))))
s>    ( QUESTION0_12_R 1 -4.367e+04 2.065e+02 1.881e+02
s>        ( QUESTION2_12_L -1 -3.026e+04 1.678e+02 1.311e+02
s>            ( - -1.175e+03 2 0)
s>            ( QUESTION1 -1 -2.892e+04 1.484e+02 1.251e+02
s>                ( - -1.090e+04 5 0 QUESTION2_0_L -1 1.080e+02 4.703e+01)
s>                ( - -1.787e+04 11 0 QUESTION14 -1 1.088e+02 7.807e+01)))
s>        ( QUESTION2_14_L -1 -1.320e+04 1.610e+02 5.704e+01
s>            ( - -2.268e+03 1 0)
s>            ( QUESTION0_18_R 1 -1.077e+04 1.399e+02 4.643e+01
s>                ( - -4.238e+03 5 0 QUESTION14 -1 1.482e+02 1.803e+01)
s>                ( QUESTION2_9_L -1 -6.392e+03 1.700e+02 2.841e+01
s>                    ( - -2.638e+03 2 0 WDBNDRY_E 0 8.946e+01 1.141e+01)
s>                    ( WDBNDRY_E 0 -3.584e+03 1.791e+02 1.700e+01
s>                        ( - -4.825e+02 1 0)
s>                        ( - -2.922e+03 3 0 QUESTION0_16_R 1 1.136e+02 1.400e+01))))))INFO: dtree.c(1439): stop. leaf nodes are specific
INFO: dtree.c(1478): Final simple tree
|( QUESTION0_14_R 1 -1.444e+04 3.069e+02 6.578e+01
|    ( - -4.626e+03 1 0)
|    ( QUESTION5 -1 -9.504e+03 2.221e+02 4.378e+01
|        ( - -4.581e+02 1 0)
|        ( WDBNDRY_E 0 -8.824e+03 1.532e+02 4.078e+01
|            ( - -9.107e+02 1 0)
|            ( - -7.760e+03 2 0))))
s>    ( QUESTION0_14_R 1 -1.444e+04 3.069e+02 6.578e+01
s>        ( - -4.626e+03 1 0)
s>        ( QUESTION5 -1 -9.504e+03 2.221e+02 4.378e+01
s>            ( - -4.581e+02 1 0)
s>            ( WDBNDRY_E 0 -8.824e+03 1.532e+02 4.078e+01
s>                ( - -9.107e+02 1 0)
s>                ( - -7.760e+03 2 0))))INFO: dtree.c(1315): Comp split 4
INFO: dtree.c(1439): stop. leaf nodes are specific
INFO: dtree.c(1478): Final simple tree
|( QUESTION5 -1 -9.504e+03 2.221e+02 4.378e+01
|    ( - -4.581e+02 1 0)
|    ( WDBNDRY_E 0 -8.824e+03 1.532e+02 4.078e+01
|        ( - -9.107e+02 1 0)
|        ( - -7.760e+03 2 0)))
s>    ( QUESTION5 -1 -9.504e+03 2.221e+02 4.378e+01
s>        ( - -4.581e+02 1 0)
s>        ( WDBNDRY_E 0 -8.824e+03 1.532e+02 4.078e+01
s>            ( - -9.107e+02 1 0)
s>            ( - -7.760e+03 2 0)))INFO: dtree.c(1315): Comp split 5
INFO: dtree.c(1439): stop. leaf nodes are specific
INFO: dtree.c(1478): Final simple tree
|( WDBNDRY_E 0 -5.257e+03 2.068e+02 2.272e+01
|    ( - -1.218e+03 1 0)
|    ( QUESTION17 -1 -3.832e+03 1.112e+02 1.672e+01
|        ( - -3.651e+02 1 0)
|        ( - -3.356e+03 1 0)))
s>    ( WDBNDRY_E 0 -5.257e+03 2.068e+02 2.272e+01
s>        ( - -1.218e+03 1 0)
s>        ( QUESTION17 -1 -3.832e+03 1.112e+02 1.672e+01
s>            ( - -3.651e+02 1 0)
s>            ( - -3.356e+03 1 0)))INFO: dtree.c(1478): Final simple tree
|( QUESTION7 1 -2.876e+04 1.992e+02 1.209e+02
|    ( - -9.514e+03 5 0 QUESTION9 -1 1.115e+02 4.050e+01)
|    ( QUESTION0_11_R 1 -1.905e+04 1.476e+02 8.038e+01
|        ( QUESTION2_14_L -1 -8.168e+03 1.661e+02 3.542e+01
|            ( - -7.182e+02 1 0)
|            ( - -7.284e+03 5 0 QUESTION1 -1 1.197e+02 3.142e+01))
|        ( QUESTION2_8_L -1 -1.073e+04 1.600e+02 4.497e+01
|            ( - -3.897e+03 6 0 QUESTION0 1 1.197e+02 1.700e+01)
|            ( QUESTION2_7_L -1 -6.673e+03 1.281e+02 2.796e+01
|                ( - -2.474e+03 2 0 QUESTION0 1 7.366e+01 1.100e+01)
|                ( QUESTION1 -1 -4.071e+03 1.719e+02 1.697e+01
|                    ( - -3.447e+02 1 0)
|                    ( QUESTION17 -1 -3.554e+03 1.307e+02 1.497e+01
|                        ( - -6.036e+02 1 0)
|                        ( - -2.820e+03 5 0 QUESTION0_9_R 1 5.923e+01 1.197e+01)))))))
s>    ( QUESTION7 1 -2.876e+04 1.992e+02 1.209e+02
s>        ( - -9.514e+03 5 0 QUESTION9 -1 1.115e+02 4.050e+01)
s>        ( QUESTION0_11_R 1 -1.905e+04 1.476e+02 8.038e+01
s>            ( QUESTION2_14_L -1 -8.168e+03 1.661e+02 3.542e+01
s>                ( - -7.182e+02 1 0)
s>                ( - -7.284e+03 5 0 QUESTION1 -1 1.197e+02 3.142e+01))
s>            ( QUESTION2_8_L -1 -1.073e+04 1.600e+02 4.497e+01
s>                ( - -3.897e+03 6 0 QUESTION0 1 1.197e+02 1.700e+01)
s>                ( QUESTION2_7_L -1 -6.673e+03 1.281e+02 2.796e+01
s>                    ( - -2.474e+03 2 0 QUESTION0 1 7.366e+01 1.100e+01)
s>                    ( QUESTION1 -1 -4.071e+03 1.719e+02 1.697e+01
s>                        ( - -3.447e+02 1 0)
s>                        ( QUESTION17 -1 -3.554e+03 1.307e+02 1.497e+01
s>                            ( - -6.036e+02 1 0)
s>                            ( - -2.820e+03 5 0 QUESTION0_9_R 1 5.923e+01 1.197e+01)))))))INFO: dtree.c(1315): Comp split 6
INFO: dtree.c(1439): stop. leaf nodes are specific
INFO: dtree.c(1478): Final simple tree
|( WDBNDRY_E 0 -8.824e+03 1.532e+02 4.078e+01
|    ( - -9.107e+02 1 0)
|    ( - -7.760e+03 2 0))
s>    ( WDBNDRY_E 0 -8.824e+03 1.532e+02 4.078e+01
s>        ( - -9.107e+02 1 0)
s>        ( - -7.760e+03 2 0))INFO: dtree.c(1315): Comp split 7
INFO: dtree.c(1439): stop. leaf nodes are specific
INFO: dtree.c(1478): Final simple tree
|( QUESTION9 -1 -4.251e+03 1.500e+02 1.904e+01
|    ( - -7.998e+02 1 0)
|    ( QUESTION0 -1 -3.302e+03 1.120e+02 1.504e+01
|        ( WDBNDRY_E 0 -2.021e+03 1.055e+02 9.000e+00
|            ( - -1.554e+02 1 0)
|            ( - -1.760e+03 2 0))
|        ( - -1.169e+03 1 0)))
s>    ( QUESTION9 -1 -4.251e+03 1.500e+02 1.904e+01
s>        ( - -7.998e+02 1 0)
s>        ( QUESTION0 -1 -3.302e+03 1.120e+02 1.504e+01
s>            ( WDBNDRY_E 0 -2.021e+03 1.055e+02 9.000e+00
s>                ( - -1.554e+02 1 0)
s>                ( - -1.760e+03 2 0))
s>            ( - -1.169e+03 1 0)))INFO: dtree.c(1478): Final simple tree
|( QUESTION3 1 -3.790e+04 1.462e+02 1.626e+02
|    ( QUESTION2_14_L -1 -5.299e+03 2.214e+02 2.292e+01
|        ( - -2.329e+02 1 0)
|        ( QUESTION0 -1 -4.845e+03 1.248e+02 2.092e+01
|            ( QUESTION2_6_L -1 -3.688e+03 1.208e+02 1.592e+01
|                ( - -1.020e+03 1 0)
|                ( - -2.547e+03 5 0 QUESTION9 -1 9.636e+01 1.094e+01))
|            ( - -1.032e+03 1 0)))
|    ( QUESTION2_10_L -1 -3.246e+04 1.430e+02 1.396e+02
|        ( QUESTION13 1 -9.408e+03 1.229e+02 4.133e+01
|            ( - -2.835e+03 1 0)
|            ( - -6.450e+03 4 0 QUESTION0_0_R 1 7.140e+01 2.833e+01))
|        ( QUESTION19 -1 -2.291e+04 1.263e+02 9.830e+01
|            ( - -3.390e+02 2 0)
|            ( - -2.244e+04 23 0 QUESTION19 1 1.202e+02 9.630e+01))))
s>    ( QUESTION3 1 -3.790e+04 1.462e+02 1.626e+02
s>        ( QUESTION2_14_L -1 -5.299e+03 2.214e+02 2.292e+01
s>            ( - -2.329e+02 1 0)
s>            ( QUESTION0 -1 -4.845e+03 1.248e+02 2.092e+01
s>                ( QUESTION2_6_L -1 -3.688e+03 1.208e+02 1.592e+01
s>                    ( - -1.020e+03 1 0)
s>                    ( - -2.547e+03 5 0 QUESTION9 -1 9.636e+01 1.094e+01))
s>                ( - -1.032e+03 1 0)))
s>        ( QUESTION2_10_L -1 -3.246e+04 1.430e+02 1.396e+02
s>            ( QUESTION13 1 -9.408e+03 1.229e+02 4.133e+01
s>                ( - -2.835e+03 1 0)
s>                ( - -6.450e+03 4 0 QUESTION0_0_R 1 7.140e+01 2.833e+01))
s>            ( QUESTION19 -1 -2.291e+04 1.263e+02 9.830e+01
s>                ( - -3.390e+02 2 0)
s>                ( - -2.244e+04 23 0 QUESTION19 1 1.202e+02 9.630e+01))))INFO: dtree.c(1315): Comp split 8
INFO: dtree.c(1478): Final simple tree
|( QUESTION5 -1 -3.744e+04 1.416e+02 1.606e+02
|    ( - -1.037e+04 11 0 QUESTION2 1 1.056e+02 4.482e+01)
|    ( QUESTION3 1 -2.693e+04 1.401e+02 1.157e+02
|        ( QUESTION0 -1 -3.403e+03 1.146e+02 1.492e+01
|            ( - -2.256e+03 4 0 QUESTION2_6_L -1 1.142e+02 9.920e+00)
|            ( - -1.032e+03 1 0))
|        ( QUESTION2_8_L -1 -2.339e+04 1.246e+02 1.008e+02
|            ( - -9.685e+03 6 0 QUESTION0_0_R 1 1.006e+02 4.234e+01)
|            ( QUESTION19 -1 -1.358e+04 1.217e+02 5.847e+01
|                ( - -3.390e+02 2 0)
|                ( QUESTION2_7_L -1 -1.312e+04 1.153e+02 5.647e+01
|                    ( WDBNDRY_E 0 -3.184e+03 4.849e+02 1.416e+01
|                        ( - 2.418e+02 1 0)
|                        ( - -2.941e+03 3 0 QUESTION0_0_R 1 1.012e+02 1.316e+01))
|                    ( - -9.821e+03 9 0 QUESTION1 -1 1.073e+02 4.231e+01))))))
s>    ( QUESTION5 -1 -3.744e+04 1.416e+02 1.606e+02
s>        ( - -1.037e+04 11 0 QUESTION2 1 1.056e+02 4.482e+01)
s>        ( QUESTION3 1 -2.693e+04 1.401e+02 1.157e+02
s>            ( QUESTION0 -1 -3.403e+03 1.146e+02 1.492e+01
s>                ( - -2.256e+03 4 0 QUESTION2_6_L -1 1.142e+02 9.920e+00)
s>                ( - -1.032e+03 1 0))
s>            ( QUESTION2_8_L -1 -2.339e+04 1.246e+02 1.008e+02
s>                ( - -9.685e+03 6 0 QUESTION0_0_R 1 1.006e+02 4.234e+01)
s>                ( QUESTION19 -1 -1.358e+04 1.217e+02 5.847e+01
s>                    ( - -3.390e+02 2 0)
s>                    ( QUESTION2_7_L -1 -1.312e+04 1.153e+02 5.647e+01
s>                        ( WDBNDRY_E 0 -3.184e+03 4.849e+02 1.416e+01
s>                            ( - 2.418e+02 1 0)
s>                            ( - -2.941e+03 3 0 QUESTION0_0_R 1 1.012e+02 1.316e+01))
s>                        ( - -9.821e+03 9 0 QUESTION1 -1 1.073e+02 4.231e+01))))))INFO: dtree.c(1315): Comp split 9
INFO: dtree.c(1478): Final simple tree
|( QUESTION5 -1 -3.720e+04 1.412e+02 1.596e+02
|    ( - -1.037e+04 11 0 QUESTION2 1 1.056e+02 4.482e+01)
|    ( QUESTION3 1 -2.670e+04 1.412e+02 1.147e+02
|        ( QUESTION0 -1 -3.403e+03 1.146e+02 1.492e+01
|            ( QUESTION2_6_L -1 -2.256e+03 1.142e+02 9.920e+00
|                ( - -1.020e+03 1 0)
|                ( - -1.122e+03 3 0 QUESTION1 -1 7.919e+01 4.939e+00))
|            ( - -1.032e+03 1 0))
|        ( QUESTION2_8_L -1 -2.315e+04 1.268e+02 9.981e+01
|            ( - -9.685e+03 6 0 QUESTION0_0_R 1 1.006e+02 4.234e+01)
|            ( QUESTION2_7_L -1 -1.334e+04 1.224e+02 5.747e+01
|                ( - -2.941e+03 3 0 QUESTION0_0_R 1 1.012e+02 1.316e+01)
|                ( QUESTION19 -1 -1.028e+04 1.185e+02 4.431e+01
|                    ( - -3.390e+02 2 0)
|                    ( - -9.821e+03 9 0 QUESTION1 -1 1.073e+02 4.231e+01))))))
s>    ( QUESTION5 -1 -3.720e+04 1.412e+02 1.596e+02
s>        ( - -1.037e+04 11 0 QUESTION2 1 1.056e+02 4.482e+01)
s>        ( QUESTION3 1 -2.670e+04 1.412e+02 1.147e+02
s>            ( QUESTION0 -1 -3.403e+03 1.146e+02 1.492e+01
s>                ( QUESTION2_6_L -1 -2.256e+03 1.142e+02 9.920e+00
s>                    ( - -1.020e+03 1 0)
s>                    ( - -1.122e+03 3 0 QUESTION1 -1 7.919e+01 4.939e+00))
s>                ( - -1.032e+03 1 0))
s>            ( QUESTION2_8_L -1 -2.315e+04 1.268e+02 9.981e+01
s>                ( - -9.685e+03 6 0 QUESTION0_0_R 1 1.006e+02 4.234e+01)
s>                ( QUESTION2_7_L -1 -1.334e+04 1.224e+02 5.747e+01
s>                    ( - -2.941e+03 3 0 QUESTION0_0_R 1 1.012e+02 1.316e+01)
s>                    ( QUESTION19 -1 -1.028e+04 1.185e+02 4.431e+01
s>                        ( - -3.390e+02 2 0)
s>                        ( - -9.821e+03 9 0 QUESTION1 -1 1.073e+02 4.231e+01))))))INFO: dtree.c(1315): Comp split 10
INFO: dtree.c(1439): stop. leaf nodes are specific
INFO: dtree.c(1478): Final simple tree
|( QUESTION2_0_L -1 -6.017e+03 1.845e+02 2.761e+01
|    ( QUESTION0_16_R 1 -2.215e+03 9.984e+01 1.100e+01
|        ( - -8.005e+02 1 0)
|        ( - -1.315e+03 1 0))
|    ( WDBNDRY_E 0 -3.618e+03 1.888e+02 1.661e+01
|        ( - -4.825e+02 1 0)
|        ( QUESTION1 -1 -2.946e+03 8.249e+01 1.361e+01
|            ( - -2.268e+03 1 0)
|            ( - -5.954e+02 1 0))))
s>    ( QUESTION2_0_L -1 -6.017e+03 1.845e+02 2.761e+01
s>        ( QUESTION0_16_R 1 -2.215e+03 9.984e+01 1.100e+01
s>            ( - -8.005e+02 1 0)
s>            ( - -1.315e+03 1 0))
s>        ( WDBNDRY_E 0 -3.618e+03 1.888e+02 1.661e+01
s>            ( - -4.825e+02 1 0)
s>            ( QUESTION1 -1 -2.946e+03 8.249e+01 1.361e+01
s>                ( - -2.268e+03 1 0)
s>                ( - -5.954e+02 1 0))))INFO: dtree.c(1478): Final simple tree
|( QUESTION0_12_R 1 -3.744e+04 1.884e+02 1.605e+02
|    ( QUESTION2_12_L -1 -3.026e+04 1.678e+02 1.311e+02
|        ( - -1.175e+03 2 0)
|        ( QUESTION1 -1 -2.892e+04 1.484e+02 1.251e+02
|            ( QUESTION2_0_L -1 -1.090e+04 1.080e+02 4.703e+01
|                ( - -9.364e+03 2 0)
|                ( - -1.427e+03 3 0))
|            ( QUESTION14 -1 -1.787e+04 1.088e+02 7.807e+01
|                ( - -3.866e+03 1 0)
|                ( - -1.390e+04 10 0 QUESTION2_14_L -1 1.031e+02 6.056e+01))))
|    ( QUESTION14 -1 -6.989e+03 1.503e+02 2.943e+01
|        ( - -6.479e+02 1 0)
|        ( QUESTION0_18_R 1 -6.191e+03 1.113e+02 2.644e+01
|            ( - -3.442e+03 4 0 QUESTION4 -1 1.012e+02 1.503e+01)
|            ( - -2.638e+03 2 0 WDBNDRY_E 0 8.946e+01 1.141e+01))))
s>    ( QUESTION0_12_R 1 -3.744e+04 1.884e+02 1.605e+02
s>        ( QUESTION2_12_L -1 -3.026e+04 1.678e+02 1.311e+02
s>            ( - -1.175e+03 2 0)
s>            ( QUESTION1 -1 -2.892e+04 1.484e+02 1.251e+02
s>                ( QUESTION2_0_L -1 -1.090e+04 1.080e+02 4.703e+01
s>                    ( - -9.364e+03 2 0)
s>                    ( - -1.427e+03 3 0))
s>                ( QUESTION14 -1 -1.787e+04 1.088e+02 7.807e+01
s>                    ( - -3.866e+03 1 0)
s>                    ( - -1.390e+04 10 0 QUESTION2_14_L -1 1.031e+02 6.056e+01))))
s>        ( QUESTION14 -1 -6.989e+03 1.503e+02 2.943e+01
s>            ( - -6.479e+02 1 0)
s>            ( QUESTION0_18_R 1 -6.191e+03 1.113e+02 2.644e+01
s>                ( - -3.442e+03 4 0 QUESTION4 -1 1.012e+02 1.503e+01)
s>                ( - -2.638e+03 2 0 WDBNDRY_E 0 8.946e+01 1.141e+01))))INFO: dtree.c(1315): Comp split 11
INFO: dtree.c(1439): stop. leaf nodes are specific
INFO: dtree.c(1478): Final simple tree
|( QUESTION17 -1 -3.832e+03 1.112e+02 1.672e+01
|    ( - -3.651e+02 1 0)
|    ( - -3.356e+03 1 0))
s>    ( QUESTION17 -1 -3.832e+03 1.112e+02 1.672e+01
s>        ( - -3.651e+02 1 0)
s>        ( - -3.356e+03 1 0))INFO: dtree.c(1315): Comp split 12
INFO: dtree.c(1478): Final simple tree
|( QUESTION14 -1 -8.506e+03 1.423e+02 3.540e+01
|    ( - -6.479e+02 1 0)
|    ( QUESTION9 1 -7.716e+03 1.223e+02 3.240e+01
|        ( QUESTION1 -1 -4.956e+03 1.083e+02 2.100e+01
|            ( WDBNDRY_E 0 -3.494e+03 8.502e+01 1.500e+01
|                ( - -1.712e+03 1 0)
|                ( QUESTION0_12_R 1 -1.697e+03 6.589e+01 6.967e+00
|                    ( - -1.427e+03 3 0)
|                    ( - -2.034e+02 1 0)))
|            ( QUESTION0 -1 -1.354e+03 1.037e+02 5.991e+00
|                ( - -6.250e+02 1 0)
|                ( - -6.255e+02 1 0)))
|        ( WDBNDRY_E 0 -2.638e+03 8.946e+01 1.141e+01
|            ( - -6.772e+02 1 0)
|            ( - -1.871e+03 1 0))))
s>    ( QUESTION14 -1 -8.506e+03 1.423e+02 3.540e+01
s>        ( - -6.479e+02 1 0)
s>        ( QUESTION9 1 -7.716e+03 1.223e+02 3.240e+01
s>            ( QUESTION1 -1 -4.956e+03 1.083e+02 2.100e+01
s>                ( WDBNDRY_E 0 -3.494e+03 8.502e+01 1.500e+01
s>                    ( - -1.712e+03 1 0)
s>                    ( QUESTION0_12_R 1 -1.697e+03 6.589e+01 6.967e+00
s>                        ( - -1.427e+03 3 0)
s>                        ( - -2.034e+02 1 0)))
s>                ( QUESTION0 -1 -1.354e+03 1.037e+02 5.991e+00
s>                    ( - -6.250e+02 1 0)
s>                    ( - -6.255e+02 1 0)))
s>            ( WDBNDRY_E 0 -2.638e+03 8.946e+01 1.141e+01
s>                ( - -6.772e+02 1 0)
s>                ( - -1.871e+03 1 0))))INFO: dtree.c(1478): Final simple tree
|( QUESTION2_12_L -1 -2.873e+04 1.661e+02 1.251e+02
|    ( - -1.175e+03 2 0)
|    ( QUESTION1 -1 -2.739e+04 1.542e+02 1.191e+02
|        ( - -9.364e+03 2 0)
|        ( QUESTION14 -1 -1.787e+04 1.088e+02 7.807e+01
|            ( - -3.866e+03 1 0)
|            ( QUESTION2_14_L -1 -1.390e+04 1.031e+02 6.056e+01
|                ( - -2.359e+03 1 0)
|                ( QUESTION0 -1 -1.144e+04 9.257e+01 4.982e+01
|                    ( QUESTION0_13_R 1 -1.003e+04 7.829e+01 4.392e+01
|                        ( - -8.810e+03 6 0 QUESTION5 -1 8.172e+01 3.851e+01)
|                        ( - -1.141e+03 1 0))
|                    ( QUESTION16 -1 -1.317e+03 8.127e+01 5.899e+00
|                        ( - -1.941e+02 1 0)
|                        ( - -1.041e+03 1 0)))))))
s>    ( QUESTION2_12_L -1 -2.873e+04 1.661e+02 1.251e+02
s>        ( - -1.175e+03 2 0)
s>        ( QUESTION1 -1 -2.739e+04 1.542e+02 1.191e+02
s>            ( - -9.364e+03 2 0)
s>            ( QUESTION14 -1 -1.787e+04 1.088e+02 7.807e+01
s>                ( - -3.866e+03 1 0)
s>                ( QUESTION2_14_L -1 -1.390e+04 1.031e+02 6.056e+01
s>                    ( - -2.359e+03 1 0)
s>                    ( QUESTION0 -1 -1.144e+04 9.257e+01 4.982e+01
s>                        ( QUESTION0_13_R 1 -1.003e+04 7.829e+01 4.392e+01
s>                            ( - -8.810e+03 6 0 QUESTION5 -1 8.172e+01 3.851e+01)
s>                            ( - -1.141e+03 1 0))
s>                        ( QUESTION16 -1 -1.317e+03 8.127e+01 5.899e+00
s>                            ( - -1.941e+02 1 0)
s>                            ( - -1.041e+03 1 0)))))))INFO: dtree.c(1315): Comp split 13
INFO: dtree.c(1478): Final simple tree
|( QUESTION2_8_L -1 -2.440e+04 1.567e+02 1.073e+02
|    ( QUESTION9 -1 -1.265e+04 1.247e+02 5.639e+01
|        ( - -3.981e+03 1 0)
|        ( QUESTION1 -1 -8.543e+03 1.211e+02 3.900e+01
|            ( - -6.760e+03 1 0)
|            ( - -1.662e+03 1 0)))
|    ( QUESTION16 -1 -1.159e+04 1.266e+02 5.089e+01
|        ( - -6.633e+03 1 0)
|        ( QUESTION2_16_L -1 -4.833e+03 1.070e+02 2.083e+01
|            ( - -6.068e+02 1 0)
|            ( QUESTION0 -1 -4.119e+03 8.687e+01 1.783e+01
|                ( QUESTION0_0_R 1 -2.141e+03 8.178e+01 9.315e+00
|                    ( - -1.292e+03 2 0 QUESTION2 -1 6.944e+01 5.950e+00)
|                    ( - -7.665e+02 1 0))
|                ( - -1.892e+03 1 0)))))
s>    ( QUESTION2_8_L -1 -2.440e+04 1.567e+02 1.073e+02
s>        ( QUESTION9 -1 -1.265e+04 1.247e+02 5.639e+01
s>            ( - -3.981e+03 1 0)
s>            ( QUESTION1 -1 -8.543e+03 1.211e+02 3.900e+01
s>                ( - -6.760e+03 1 0)
s>                ( - -1.662e+03 1 0)))
s>        ( QUESTION16 -1 -1.159e+04 1.266e+02 5.089e+01
s>            ( - -6.633e+03 1 0)
s>            ( QUESTION2_16_L -1 -4.833e+03 1.070e+02 2.083e+01
s>                ( - -6.068e+02 1 0)
s>                ( QUESTION0 -1 -4.119e+03 8.687e+01 1.783e+01
s>                    ( QUESTION0_0_R 1 -2.141e+03 8.178e+01 9.315e+00
s>                        ( - -1.292e+03 2 0 QUESTION2 -1 6.944e+01 5.950e+00)
s>                        ( - -7.665e+02 1 0))
s>                    ( - -1.892e+03 1 0)))))INFO: dtree.c(1315): Comp split 14
INFO: dtree.c(1478): Final simple tree
|( QUESTION0_11_R 1 -1.905e+04 1.476e+02 8.038e+01
|    ( QUESTION2_14_L -1 -8.168e+03 1.661e+02 3.542e+01
|        ( - -7.182e+02 1 0)
|        ( QUESTION1 -1 -7.284e+03 1.197e+02 3.142e+01
|            ( - -4.187e+02 1 0)
|            ( - -6.745e+03 4 0 WDBNDRY_E 0 1.137e+02 2.944e+01)))
|    ( QUESTION2_8_L -1 -1.073e+04 1.600e+02 4.497e+01
|        ( - -3.897e+03 6 0 QUESTION0 1 1.197e+02 1.700e+01)
|        ( QUESTION2_7_L -1 -6.673e+03 1.281e+02 2.796e+01
|            ( - -2.474e+03 2 0 QUESTION0 1 7.366e+01 1.100e+01)
|            ( QUESTION1 -1 -4.071e+03 1.719e+02 1.697e+01
|                ( - -3.447e+02 1 0)
|                ( QUESTION17 -1 -3.554e+03 1.307e+02 1.497e+01
|                    ( - -6.036e+02 1 0)
|                    ( - -2.820e+03 5 0 QUESTION0_9_R 1 5.923e+01 1.197e+01))))))
s>    ( QUESTION0_11_R 1 -1.905e+04 1.476e+02 8.038e+01
s>        ( QUESTION2_14_L -1 -8.168e+03 1.661e+02 3.542e+01
s>            ( - -7.182e+02 1 0)
s>            ( QUESTION1 -1 -7.284e+03 1.197e+02 3.142e+01
s>                ( - -4.187e+02 1 0)
s>                ( - -6.745e+03 4 0 WDBNDRY_E 0 1.137e+02 2.944e+01)))
s>        ( QUESTION2_8_L -1 -1.073e+04 1.600e+02 4.497e+01
s>            ( - -3.897e+03 6 0 QUESTION0 1 1.197e+02 1.700e+01)
s>            ( QUESTION2_7_L -1 -6.673e+03 1.281e+02 2.796e+01
s>                ( - -2.474e+03 2 0 QUESTION0 1 7.366e+01 1.100e+01)
s>                ( QUESTION1 -1 -4.071e+03 1.719e+02 1.697e+01
s>                    ( - -3.447e+02 1 0)
s>                    ( QUESTION17 -1 -3.554e+03 1.307e+02 1.497e+01
s>                        ( - -6.036e+02 1 0)
s>                        ( - -2.820e+03 5 0 QUESTION0_9_R 1 5.923e+01 1.197e+01))))))INFO: dtree.c(1439): stop. leaf nodes are specific
INFO: dtree.c(1478): Final simple tree
|( QUESTION9 -1 -9.514e+03 1.115e+02 4.050e+01
|    ( - -1.036e+03 1 0)
|    ( QUESTION4 -1 -8.367e+03 1.033e+02 3.556e+01
|        ( QUESTION6 -1 -6.578e+03 6.022e+01 2.856e+01
|            ( - -2.693e+02 1 0)
|            ( - -6.249e+03 1 0))
|        ( QUESTION0 -1 -1.685e+03 6.915e+01 7.003e+00
|            ( - -7.148e+02 1 0)
|            ( - -9.011e+02 1 0))))
s>    ( QUESTION9 -1 -9.514e+03 1.115e+02 4.050e+01
s>        ( - -1.036e+03 1 0)
s>        ( QUESTION4 -1 -8.367e+03 1.033e+02 3.556e+01
s>            ( QUESTION6 -1 -6.578e+03 6.022e+01 2.856e+01
s>                ( - -2.693e+02 1 0)
s>                ( - -6.249e+03 1 0))
s>            ( QUESTION0 -1 -1.685e+03 6.915e+01 7.003e+00
s>                ( - -7.148e+02 1 0)
s>                ( - -9.011e+02 1 0))))INFO: dtree.c(1315): Comp split 15
INFO: dtree.c(1478): Final simple tree
|( QUESTION2_14_L -1 -7.197e+03 1.272e+02 2.994e+01
|    ( QUESTION0 1 -2.474e+03 7.366e+01 1.100e+01
|        ( - -2.072e+02 1 0)
|        ( - -2.193e+03 1 0))
|    ( QUESTION17 -1 -4.596e+03 1.352e+02 1.894e+01
|        ( - -6.036e+02 1 0)
|        ( QUESTION0_11_R 1 -3.857e+03 1.059e+02 1.594e+01
|            ( - -4.187e+02 1 0)
|            ( QUESTION1 -1 -3.332e+03 1.674e+02 1.397e+01
|                ( - -3.447e+02 1 0)
|                ( QUESTION0_9_R 1 -2.820e+03 5.923e+01 1.197e+01
|                    ( - -1.955e+02 1 0)
|                    ( QUESTION14 -1 -2.565e+03 6.342e+01 1.097e+01
|                        ( - -1.746e+03 1 0)
|                        ( - -7.564e+02 3 0 QUESTION0 1 6.816e+01 3.000e+00)))))))
s>    ( QUESTION2_14_L -1 -7.197e+03 1.272e+02 2.994e+01
s>        ( QUESTION0 1 -2.474e+03 7.366e+01 1.100e+01
s>            ( - -2.072e+02 1 0)
s>            ( - -2.193e+03 1 0))
s>        ( QUESTION17 -1 -4.596e+03 1.352e+02 1.894e+01
s>            ( - -6.036e+02 1 0)
s>            ( QUESTION0_11_R 1 -3.857e+03 1.059e+02 1.594e+01
s>                ( - -4.187e+02 1 0)
s>                ( QUESTION1 -1 -3.332e+03 1.674e+02 1.397e+01
s>                    ( - -3.447e+02 1 0)
s>                    ( QUESTION0_9_R 1 -2.820e+03 5.923e+01 1.197e+01
s>                        ( - -1.955e+02 1 0)
s>                        ( QUESTION14 -1 -2.565e+03 6.342e+01 1.097e+01
s>                            ( - -1.746e+03 1 0)
s>                            ( - -7.564e+02 3 0 QUESTION0 1 6.816e+01 3.000e+00)))))))INFO: dtree.c(1478): Final simple tree
|( QUESTION2_14_L -1 -1.165e+04 1.701e+02 5.044e+01
|    ( - -7.182e+02 1 0)
|    ( QUESTION1 -1 -1.077e+04 1.277e+02 4.644e+01
|        ( - -5.738e+02 1 0)
|        ( QUESTION5 1 -1.006e+04 1.221e+02 4.344e+01
|            ( WDBNDRY_E 0 -1.935e+03 1.002e+02 9.000e+00
|                ( - -1.031e+03 1 0)
|                ( - -8.041e+02 1 0))
|            ( QUESTION15 -1 -8.007e+03 1.127e+02 3.444e+01
|                ( - -1.715e+03 1 0)
|                ( WDBNDRY_E 0 -6.180e+03 9.960e+01 2.663e+01
|                    ( - -4.938e+03 4 0 QUESTION0_20_R 1 8.368e+01 2.163e+01)
|                    ( QUESTION0_11_R 1 -1.143e+03 1.174e+02 5.000e+00
|                        ( - -6.088e+02 1 0)
|                        ( - -4.166e+02 1 0)))))))
s>    ( QUESTION2_14_L -1 -1.165e+04 1.701e+02 5.044e+01
s>        ( - -7.182e+02 1 0)
s>        ( QUESTION1 -1 -1.077e+04 1.277e+02 4.644e+01
s>            ( - -5.738e+02 1 0)
s>            ( QUESTION5 1 -1.006e+04 1.221e+02 4.344e+01
s>                ( WDBNDRY_E 0 -1.935e+03 1.002e+02 9.000e+00
s>                    ( - -1.031e+03 1 0)
s>                    ( - -8.041e+02 1 0))
s>                ( QUESTION15 -1 -8.007e+03 1.127e+02 3.444e+01
s>                    ( - -1.715e+03 1 0)
s>                    ( WDBNDRY_E 0 -6.180e+03 9.960e+01 2.663e+01
s>                        ( - -4.938e+03 4 0 QUESTION0_20_R 1 8.368e+01 2.163e+01)
s>                        ( QUESTION0_11_R 1 -1.143e+03 1.174e+02 5.000e+00
s>                            ( - -6.088e+02 1 0)
s>                            ( - -4.166e+02 1 0)))))))INFO: dtree.c(1315): Comp split 16
INFO: dtree.c(1439): stop. leaf nodes are specific
INFO: dtree.c(1478): Final simple tree
|( QUESTION1 -1 -2.946e+03 8.249e+01 1.361e+01
|    ( - -2.268e+03 1 0)
|    ( - -5.954e+02 1 0))
s>    ( QUESTION1 -1 -2.946e+03 8.249e+01 1.361e+01
s>        ( - -2.268e+03 1 0)
s>        ( - -5.954e+02 1 0))INFO: dtree.c(1439): stop. leaf nodes are specific
INFO: dtree.c(1478): Final simple tree
|( WDBNDRY_E 0 -2.877e+03 1.790e+02 1.400e+01
|    ( - -4.825e+02 1 0)
|    ( QUESTION0_16_R 1 -2.215e+03 9.984e+01 1.100e+01
|        ( - -8.005e+02 1 0)
|        ( - -1.315e+03 1 0)))
s>    ( WDBNDRY_E 0 -2.877e+03 1.790e+02 1.400e+01
s>        ( - -4.825e+02 1 0)
s>        ( QUESTION0_16_R 1 -2.215e+03 9.984e+01 1.100e+01
s>            ( - -8.005e+02 1 0)
s>            ( - -1.315e+03 1 0)))INFO: dtree.c(1315): Comp split 17
INFO: dtree.c(1478): Final simple tree
|( QUESTION17 -1 -6.668e+03 1.182e+02 2.794e+01
|    ( - -6.036e+02 1 0)
|    ( QUESTION2_14_L -1 -5.947e+03 1.317e+02 2.494e+01
|        ( QUESTION0 1 -2.474e+03 7.366e+01 1.100e+01
|            ( - -2.072e+02 1 0)
|            ( - -2.193e+03 1 0))
|        ( QUESTION0_11_R 1 -3.341e+03 1.020e+02 1.394e+01
|            ( - -4.187e+02 1 0)
|            ( QUESTION0_9_R 1 -2.820e+03 5.923e+01 1.197e+01
|                ( - -1.955e+02 1 0)
|                ( QUESTION14 -1 -2.565e+03 6.342e+01 1.097e+01
|                    ( - -1.746e+03 1 0)
|                    ( QUESTION0 1 -7.564e+02 6.816e+01 3.000e+00
|                        ( - -1.941e+02 1 0)
|                        ( - -4.941e+02 2 0 WDBNDRY_E 0 5.464e+01 2.000e+00)))))))
s>    ( QUESTION17 -1 -6.668e+03 1.182e+02 2.794e+01
s>        ( - -6.036e+02 1 0)
s>        ( QUESTION2_14_L -1 -5.947e+03 1.317e+02 2.494e+01
s>            ( QUESTION0 1 -2.474e+03 7.366e+01 1.100e+01
s>                ( - -2.072e+02 1 0)
s>                ( - -2.193e+03 1 0))
s>            ( QUESTION0_11_R 1 -3.341e+03 1.020e+02 1.394e+01
s>                ( - -4.187e+02 1 0)
s>                ( QUESTION0_9_R 1 -2.820e+03 5.923e+01 1.197e+01
s>                    ( - -1.955e+02 1 0)
s>                    ( QUESTION14 -1 -2.565e+03 6.342e+01 1.097e+01
s>                        ( - -1.746e+03 1 0)
s>                        ( QUESTION0 1 -7.564e+02 6.816e+01 3.000e+00
s>                            ( - -1.941e+02 1 0)
s>                            ( - -4.941e+02 2 0 WDBNDRY_E 0 5.464e+01 2.000e+00)))))))INFO: dtree.c(1315): Comp split 18
INFO: dtree.c(1439): stop. leaf nodes are specific
INFO: dtree.c(1478): Final simple tree
|( QUESTION0 -1 -2.162e+03 1.105e+02 9.984e+00
|    ( - -1.020e+03 1 0)
|    ( - -1.032e+03 1 0))
s>    ( QUESTION0 -1 -2.162e+03 1.105e+02 9.984e+00
s>        ( - -1.020e+03 1 0)
s>        ( - -1.032e+03 1 0))INFO: dtree.c(1478): Final simple tree
|( QUESTION2_10_L -1 -3.486e+04 1.420e+02 1.496e+02
|    ( QUESTION13 1 -9.892e+03 1.265e+02 4.333e+01
|        ( - -2.835e+03 1 0)
|        ( QUESTION3 1 -6.931e+03 9.384e+01 3.033e+01
|            ( - -3.870e+02 1 0)
|            ( - -6.450e+03 4 0 QUESTION0_0_R 1 7.140e+01 2.833e+01)))
|    ( QUESTION19 -1 -2.483e+04 1.266e+02 1.062e+02
|        ( - -3.390e+02 2 0)
|        ( QUESTION2_14_L -1 -2.436e+04 1.219e+02 1.042e+02
|            ( QUESTION0_0_R 1 -2.941e+03 1.012e+02 1.316e+01
|                ( - -6.001e+02 1 0)
|                ( - -2.240e+03 2 0 QUESTION1 -1 6.086e+01 1.015e+01))
|            ( QUESTION9 -1 -2.130e+04 1.212e+02 9.107e+01
|                ( - -6.767e+03 3 0 QUESTION19 1 7.555e+01 3.010e+01)
|                ( - -1.441e+04 20 0 QUESTION2_6_L -1 9.286e+01 6.097e+01)))))
s>    ( QUESTION2_10_L -1 -3.486e+04 1.420e+02 1.496e+02
s>        ( QUESTION13 1 -9.892e+03 1.265e+02 4.333e+01
s>            ( - -2.835e+03 1 0)
s>            ( QUESTION3 1 -6.931e+03 9.384e+01 3.033e+01
s>                ( - -3.870e+02 1 0)
s>                ( - -6.450e+03 4 0 QUESTION0_0_R 1 7.140e+01 2.833e+01)))
s>        ( QUESTION19 -1 -2.483e+04 1.266e+02 1.062e+02
s>            ( - -3.390e+02 2 0)
s>            ( QUESTION2_14_L -1 -2.436e+04 1.219e+02 1.042e+02
s>                ( QUESTION0_0_R 1 -2.941e+03 1.012e+02 1.316e+01
s>                    ( - -6.001e+02 1 0)
s>                    ( - -2.240e+03 2 0 QUESTION1 -1 6.086e+01 1.015e+01))
s>                ( QUESTION9 -1 -2.130e+04 1.212e+02 9.107e+01
s>                    ( - -6.767e+03 3 0 QUESTION19 1 7.555e+01 3.010e+01)
s>                    ( - -1.441e+04 20 0 QUESTION2_6_L -1 9.286e+01 6.097e+01)))))INFO: dtree.c(1315): Comp split 19
INFO: dtree.c(1439): stop. leaf nodes are specific
INFO: dtree.c(1478): Final simple tree
|( QUESTION0_16_R 1 -2.215e+03 9.984e+01 1.100e+01
|    ( - -8.005e+02 1 0)
|    ( - -1.315e+03 1 0))
s>    ( QUESTION0_16_R 1 -2.215e+03 9.984e+01 1.100e+01
s>        ( - -8.005e+02 1 0)
s>        ( - -1.315e+03 1 0))INFO: dtree.c(1315): Comp split 20
INFO: dtree.c(1478): Final simple tree
|( QUESTION1 -1 -1.077e+04 1.277e+02 4.644e+01
|    ( - -5.738e+02 1 0)
|    ( QUESTION5 1 -1.006e+04 1.221e+02 4.344e+01
|        ( WDBNDRY_E 0 -1.935e+03 1.002e+02 9.000e+00
|            ( - -1.031e+03 1 0)
|            ( - -8.041e+02 1 0))
|        ( QUESTION15 -1 -8.007e+03 1.127e+02 3.444e+01
|            ( - -1.715e+03 1 0)
|            ( WDBNDRY_E 0 -6.180e+03 9.960e+01 2.663e+01
|                ( QUESTION0_20_R 1 -4.938e+03 8.368e+01 2.163e+01
|                    ( - -4.019e+02 1 0)
|                    ( - -4.452e+03 3 0 QUESTION0_11_R 1 7.256e+01 1.963e+01))
|                ( QUESTION0_11_R 1 -1.143e+03 1.174e+02 5.000e+00
|                    ( - -6.088e+02 1 0)
|                    ( - -4.166e+02 1 0))))))
s>    ( QUESTION1 -1 -1.077e+04 1.277e+02 4.644e+01
s>        ( - -5.738e+02 1 0)
s>        ( QUESTION5 1 -1.006e+04 1.221e+02 4.344e+01
s>            ( WDBNDRY_E 0 -1.935e+03 1.002e+02 9.000e+00
s>                ( - -1.031e+03 1 0)
s>                ( - -8.041e+02 1 0))
s>            ( QUESTION15 -1 -8.007e+03 1.127e+02 3.444e+01
s>                ( - -1.715e+03 1 0)
s>                ( WDBNDRY_E 0 -6.180e+03 9.960e+01 2.663e+01
s>                    ( QUESTION0_20_R 1 -4.938e+03 8.368e+01 2.163e+01
s>                        ( - -4.019e+02 1 0)
s>                        ( - -4.452e+03 3 0 QUESTION0_11_R 1 7.256e+01 1.963e+01))
s>                    ( QUESTION0_11_R 1 -1.143e+03 1.174e+02 5.000e+00
s>                        ( - -6.088e+02 1 0)
s>                        ( - -4.166e+02 1 0))))))INFO: dtree.c(1315): Comp split 21
INFO: dtree.c(1478): Final simple tree
|( QUESTION1 -1 -2.739e+04 1.542e+02 1.191e+02
|    ( - -9.364e+03 2 0)
|    ( QUESTION14 -1 -1.787e+04 1.088e+02 7.807e+01
|        ( - -3.866e+03 1 0)
|        ( QUESTION2_14_L -1 -1.390e+04 1.031e+02 6.056e+01
|            ( - -2.359e+03 1 0)
|            ( QUESTION0 -1 -1.144e+04 9.257e+01 4.982e+01
|                ( QUESTION0_13_R 1 -1.003e+04 7.829e+01 4.392e+01
|                    ( QUESTION5 -1 -8.810e+03 8.172e+01 3.851e+01
|                        ( - -4.946e+03 3 0)
|                        ( - -3.782e+03 3 0))
|                    ( - -1.141e+03 1 0))
|                ( QUESTION16 -1 -1.317e+03 8.127e+01 5.899e+00
|                    ( - -1.941e+02 1 0)
|                    ( - -1.041e+03 1 0))))))
s>    ( QUESTION1 -1 -2.739e+04 1.542e+02 1.191e+02
s>        ( - -9.364e+03 2 0)
s>        ( QUESTION14 -1 -1.787e+04 1.088e+02 7.807e+01
s>            ( - -3.866e+03 1 0)
s>            ( QUESTION2_14_L -1 -1.390e+04 1.031e+02 6.056e+01
s>                ( - -2.359e+03 1 0)
s>                ( QUESTION0 -1 -1.144e+04 9.257e+01 4.982e+01
s>                    ( QUESTION0_13_R 1 -1.003e+04 7.829e+01 4.392e+01
s>                        ( QUESTION5 -1 -8.810e+03 8.172e+01 3.851e+01
s>                            ( - -4.946e+03 3 0)
s>                            ( - -3.782e+03 3 0))
s>                        ( - -1.141e+03 1 0))
s>                    ( QUESTION16 -1 -1.317e+03 8.127e+01 5.899e+00
s>                        ( - -1.941e+02 1 0)
s>                        ( - -1.041e+03 1 0))))))INFO: dtree.c(1315): Comp split 22
INFO: dtree.c(1439): stop. leaf nodes are specific
INFO: dtree.c(1478): Final simple tree
|( QUESTION2_10_L -1 -1.488e+04 1.239e+02 6.571e+01
|    ( - -3.981e+03 1 0)
|    ( QUESTION5 -1 -1.077e+04 1.170e+02 4.832e+01
|        ( - -1.662e+03 1 0)
|        ( QUESTION0_0_R 1 -8.993e+03 1.025e+02 4.042e+01
|            ( QUESTION2_14_L -1 -8.124e+03 8.015e+01 3.705e+01
|                ( - -8.387e+02 1 0)
|                ( QUESTION2 -1 -7.205e+03 6.117e+01 3.304e+01
|                    ( - -3.843e+02 1 0)
|                    ( - -6.760e+03 1 0)))
|            ( - -7.665e+02 1 0))))
s>    ( QUESTION2_10_L -1 -1.488e+04 1.239e+02 6.571e+01
s>        ( - -3.981e+03 1 0)
s>        ( QUESTION5 -1 -1.077e+04 1.170e+02 4.832e+01
s>            ( - -1.662e+03 1 0)
s>            ( QUESTION0_0_R 1 -8.993e+03 1.025e+02 4.042e+01
s>                ( QUESTION2_14_L -1 -8.124e+03 8.015e+01 3.705e+01
s>                    ( - -8.387e+02 1 0)
s>                    ( QUESTION2 -1 -7.205e+03 6.117e+01 3.304e+01
s>                        ( - -3.843e+02 1 0)
s>                        ( - -6.760e+03 1 0)))
s>                ( - -7.665e+02 1 0))))INFO: dtree.c(1439): stop. leaf nodes are specific
INFO: dtree.c(1478): Final simple tree
|( QUESTION16 -1 -9.357e+03 1.202e+02 4.157e+01
|    ( - -6.633e+03 1 0)
|    ( QUESTION0 -1 -2.604e+03 1.049e+02 1.151e+01
|        ( - -6.068e+02 1 0)
|        ( - -1.892e+03 1 0)))
s>    ( QUESTION16 -1 -9.357e+03 1.202e+02 4.157e+01
s>        ( - -6.633e+03 1 0)
s>        ( QUESTION0 -1 -2.604e+03 1.049e+02 1.151e+01
s>            ( - -6.068e+02 1 0)
s>            ( - -1.892e+03 1 0)))INFO: dtree.c(1315): Comp split 23
INFO: dtree.c(1439): stop. leaf nodes are specific
INFO: dtree.c(1478): Final simple tree
|( QUESTION13 1 -1.176e+04 1.312e+02 5.149e+01
|    ( - -2.835e+03 1 0)
|    ( QUESTION2_8_L -1 -8.797e+03 1.068e+02 3.849e+01
|        ( QUESTION0_0_R 1 -6.450e+03 7.140e+01 2.833e+01
|            ( - -1.797e+02 1 0)
|            ( QUESTION5 -1 -6.199e+03 8.417e+01 2.733e+01
|                ( - -5.882e+02 1 0)
|                ( - -5.526e+03 2 0)))
|        ( QUESTION1 -1 -2.240e+03 6.086e+01 1.015e+01
|            ( - -2.001e+02 1 0)
|            ( - -1.979e+03 1 0))))
s>    ( QUESTION13 1 -1.176e+04 1.312e+02 5.149e+01
s>        ( - -2.835e+03 1 0)
s>        ( QUESTION2_8_L -1 -8.797e+03 1.068e+02 3.849e+01
s>            ( QUESTION0_0_R 1 -6.450e+03 7.140e+01 2.833e+01
s>                ( - -1.797e+02 1 0)
s>                ( QUESTION5 -1 -6.199e+03 8.417e+01 2.733e+01
s>                    ( - -5.882e+02 1 0)
s>                    ( - -5.526e+03 2 0)))
s>            ( QUESTION1 -1 -2.240e+03 6.086e+01 1.015e+01
s>                ( - -2.001e+02 1 0)
s>                ( - -1.979e+03 1 0))))INFO: dtree.c(1478): Final simple tree
|( QUESTION19 -1 -2.293e+04 1.258e+02 9.808e+01
|    ( - -3.390e+02 2 0)
|    ( QUESTION9 -1 -2.247e+04 1.187e+02 9.608e+01
|        ( QUESTION3 1 -7.241e+03 8.751e+01 3.210e+01
|            ( - -3.870e+02 1 0)
|            ( - -6.767e+03 3 0 QUESTION19 1 7.555e+01 3.010e+01))
|        ( QUESTION2_14_L -1 -1.511e+04 9.886e+01 6.397e+01
|            ( - -6.001e+02 1 0)
|            ( QUESTION2_6_L -1 -1.441e+04 9.286e+01 6.097e+01
|                ( - -3.934e+02 1 0)
|                ( QUESTION13 1 -1.392e+04 8.688e+01 5.897e+01
|                    ( - -2.923e+03 3 0 QUESTION1 -1 8.871e+01 1.335e+01)
|                    ( QUESTION0_0_R 1 -1.091e+04 1.089e+02 4.561e+01
|                        ( - -2.035e+03 2 0 QUESTION6 -1 8.010e+01 9.197e+00)
|                        ( - -8.770e+03 14 0 QUESTION2 1 9.007e+01 3.642e+01)))))))
s>    ( QUESTION19 -1 -2.293e+04 1.258e+02 9.808e+01
s>        ( - -3.390e+02 2 0)
s>        ( QUESTION9 -1 -2.247e+04 1.187e+02 9.608e+01
s>            ( QUESTION3 1 -7.241e+03 8.751e+01 3.210e+01
s>                ( - -3.870e+02 1 0)
s>                ( - -6.767e+03 3 0 QUESTION19 1 7.555e+01 3.010e+01))
s>            ( QUESTION2_14_L -1 -1.511e+04 9.886e+01 6.397e+01
s>                ( - -6.001e+02 1 0)
s>                ( QUESTION2_6_L -1 -1.441e+04 9.286e+01 6.097e+01
s>                    ( - -3.934e+02 1 0)
s>                    ( QUESTION13 1 -1.392e+04 8.688e+01 5.897e+01
s>                        ( - -2.923e+03 3 0 QUESTION1 -1 8.871e+01 1.335e+01)
s>                        ( QUESTION0_0_R 1 -1.091e+04 1.089e+02 4.561e+01
s>                            ( - -2.035e+03 2 0 QUESTION6 -1 8.010e+01 9.197e+00)
s>                            ( - -8.770e+03 14 0 QUESTION2 1 9.007e+01 3.642e+01)))))))INFO: dtree.c(1315): Comp split 24
INFO: dtree.c(1439): stop. leaf nodes are specific
INFO: dtree.c(1478): Final simple tree
|( QUESTION0 -1 -9.628e+03 7.060e+01 4.206e+01
|    ( - -9.364e+03 2 0)
|    ( - -1.941e+02 1 0))
s>    ( QUESTION0 -1 -9.628e+03 7.060e+01 4.206e+01
s>        ( - -9.364e+03 2 0)
s>        ( - -1.941e+02 1 0))INFO: dtree.c(1439): stop. leaf nodes are specific
INFO: dtree.c(1478): Final simple tree
|( QUESTION0 -1 -1.761e+04 1.082e+02 7.707e+01
|    ( QUESTION2_8_L -1 -1.249e+04 1.005e+02 5.466e+01
|        ( QUESTION0_13_R 1 -1.003e+04 7.829e+01 4.392e+01
|            ( QUESTION5 -1 -8.810e+03 8.172e+01 3.851e+01
|                ( - -4.946e+03 3 0)
|                ( - -3.782e+03 3 0))
|            ( - -1.141e+03 1 0))
|        ( - -2.359e+03 1 0))
|    ( QUESTION14 -1 -5.011e+03 1.033e+02 2.241e+01
|        ( - -3.866e+03 1 0)
|        ( - -1.041e+03 1 0)))
s>    ( QUESTION0 -1 -1.761e+04 1.082e+02 7.707e+01
s>        ( QUESTION2_8_L -1 -1.249e+04 1.005e+02 5.466e+01
s>            ( QUESTION0_13_R 1 -1.003e+04 7.829e+01 4.392e+01
s>                ( QUESTION5 -1 -8.810e+03 8.172e+01 3.851e+01
s>                    ( - -4.946e+03 3 0)
s>                    ( - -3.782e+03 3 0))
s>                ( - -1.141e+03 1 0))
s>            ( - -2.359e+03 1 0))
s>        ( QUESTION14 -1 -5.011e+03 1.033e+02 2.241e+01
s>            ( - -3.866e+03 1 0)
s>            ( - -1.041e+03 1 0)))INFO: dtree.c(1315): Comp split 25
INFO: dtree.c(1315): Comp split 26
INFO: dtree.c(1439): stop. leaf nodes are specific
INFO: dtree.c(1478): Final simple tree
|( QUESTION0 -1 -3.302e+03 1.120e+02 1.504e+01
|    ( WDBNDRY_E 0 -2.021e+03 1.055e+02 9.000e+00
|        ( - -1.554e+02 1 0)
|        ( - -1.760e+03 2 0))
|    ( - -1.169e+03 1 0))
s>    ( QUESTION0 -1 -3.302e+03 1.120e+02 1.504e+01
s>        ( WDBNDRY_E 0 -2.021e+03 1.055e+02 9.000e+00
s>            ( - -1.554e+02 1 0)
s>            ( - -1.760e+03 2 0))
s>        ( - -1.169e+03 1 0))INFO: dtree.c(1315): Comp split 27
INFO: dtree.c(1439): stop. leaf nodes are specific
INFO: dtree.c(1478): Final simple tree
|( WDBNDRY_E 0 -2.442e+03 9.757e+01 9.964e+00
|    ( - -6.479e+02 1 0)
|    ( QUESTION0_12_R 1 -1.697e+03 6.589e+01 6.967e+00
|        ( - -1.427e+03 3 0)
|        ( - -2.034e+02 1 0)))
s>    ( WDBNDRY_E 0 -2.442e+03 9.757e+01 9.964e+00
s>        ( - -6.479e+02 1 0)
s>        ( QUESTION0_12_R 1 -1.697e+03 6.589e+01 6.967e+00
s>            ( - -1.427e+03 3 0)
s>            ( - -2.034e+02 1 0)))INFO: dtree.c(1439): stop. leaf nodes are specific
INFO: dtree.c(1478): Final simple tree
|( QUESTION0_18_R 1 -5.914e+03 1.139e+02 2.544e+01
|    ( QUESTION4 -1 -3.163e+03 1.016e+02 1.403e+01
|        ( - -6.250e+02 1 0)
|        ( QUESTION0 -1 -2.436e+03 9.894e+01 1.104e+01
|            ( - -1.712e+03 1 0)
|            ( - -6.255e+02 1 0)))
|    ( WDBNDRY_E 0 -2.638e+03 8.946e+01 1.141e+01
|        ( - -6.772e+02 1 0)
|        ( - -1.871e+03 1 0)))
s>    ( QUESTION0_18_R 1 -5.914e+03 1.139e+02 2.544e+01
s>        ( QUESTION4 -1 -3.163e+03 1.016e+02 1.403e+01
s>            ( - -6.250e+02 1 0)
s>            ( QUESTION0 -1 -2.436e+03 9.894e+01 1.104e+01
s>                ( - -1.712e+03 1 0)
s>                ( - -6.255e+02 1 0)))
s>        ( WDBNDRY_E 0 -2.638e+03 8.946e+01 1.141e+01
s>            ( - -6.772e+02 1 0)
s>            ( - -1.871e+03 1 0)))INFO: dtree.c(1315): Comp split 28
INFO: dtree.c(1439): stop. leaf nodes are specific
INFO: dtree.c(1478): Final simple tree
|( QUESTION0_11_R 1 -3.596e+03 9.960e+01 1.494e+01
|    ( - -4.187e+02 1 0)
|    ( QUESTION14 -1 -3.077e+03 5.978e+01 1.297e+01
|        ( - -1.746e+03 1 0)
|        ( QUESTION0_9_R 1 -1.272e+03 6.266e+01 5.000e+00
|            ( - -1.955e+02 1 0)
|            ( QUESTION4 -1 -1.014e+03 5.224e+01 4.000e+00
|                ( - -2.256e+02 1 0)
|                ( QUESTION0 1 -7.358e+02 5.375e+01 3.000e+00
|                    ( WDBNDRY_E 0 -4.683e+02 6.694e+01 2.000e+00
|                        ( - -1.941e+02 1 0)
|                        ( - -2.072e+02 1 0))
|                    ( - -2.138e+02 1 0))))))
s>    ( QUESTION0_11_R 1 -3.596e+03 9.960e+01 1.494e+01
s>        ( - -4.187e+02 1 0)
s>        ( QUESTION14 -1 -3.077e+03 5.978e+01 1.297e+01
s>            ( - -1.746e+03 1 0)
s>            ( QUESTION0_9_R 1 -1.272e+03 6.266e+01 5.000e+00
s>                ( - -1.955e+02 1 0)
s>                ( QUESTION4 -1 -1.014e+03 5.224e+01 4.000e+00
s>                    ( - -2.256e+02 1 0)
s>                    ( QUESTION0 1 -7.358e+02 5.375e+01 3.000e+00
s>                        ( WDBNDRY_E 0 -4.683e+02 6.694e+01 2.000e+00
s>                            ( - -1.941e+02 1 0)
s>                            ( - -2.072e+02 1 0))
s>                        ( - -2.138e+02 1 0))))))INFO: dtree.c(1439): stop. leaf nodes are specific
INFO: dtree.c(1478): Final simple tree
|( QUESTION0_9_R 1 -2.925e+03 1.279e+02 1.300e+01
|    ( - -6.036e+02 1 0)
|    ( - -2.193e+03 1 0))
s>    ( QUESTION0_9_R 1 -2.925e+03 1.279e+02 1.300e+01
s>        ( - -6.036e+02 1 0)
s>        ( - -2.193e+03 1 0))INFO: dtree.c(1315): Comp split 29
INFO: dtree.c(1439): stop. leaf nodes are specific
INFO: dtree.c(1478): Final simple tree
|( QUESTION0_11_R 1 -2.936e+03 1.250e+02 1.281e+01
|    ( - -1.715e+03 1 0)
|    ( WDBNDRY_E 0 -1.096e+03 1.058e+02 5.002e+00
|        ( - -5.738e+02 1 0)
|        ( - -4.166e+02 1 0)))
s>    ( QUESTION0_11_R 1 -2.936e+03 1.250e+02 1.281e+01
s>        ( - -1.715e+03 1 0)
s>        ( WDBNDRY_E 0 -1.096e+03 1.058e+02 5.002e+00
s>            ( - -5.738e+02 1 0)
s>            ( - -4.166e+02 1 0)))INFO: dtree.c(1439): stop. leaf nodes are specific
INFO: dtree.c(1478): Final simple tree
|( QUESTION0_20_R 1 -7.689e+03 1.214e+02 3.363e+01
|    ( WDBNDRY_E 0 -2.407e+03 9.962e+01 1.100e+01
|        ( QUESTION0 1 -1.504e+03 7.088e+01 7.001e+00
|            ( - -1.031e+03 1 0)
|            ( - -4.019e+02 1 0))
|        ( - -8.041e+02 1 0))
|    ( WDBNDRY_E 0 -5.160e+03 9.864e+01 2.263e+01
|        ( QUESTION0_11_R 1 -4.452e+03 7.256e+01 1.963e+01
|            ( QUESTION0 -1 -4.205e+03 5.293e+01 1.863e+01
|                ( - -4.645e+02 1 0)
|                ( - -3.688e+03 1 0))
|            ( - -1.742e+02 1 0))
|        ( - -6.088e+02 1 0)))
s>    ( QUESTION0_20_R 1 -7.689e+03 1.214e+02 3.363e+01
s>        ( WDBNDRY_E 0 -2.407e+03 9.962e+01 1.100e+01
s>            ( QUESTION0 1 -1.504e+03 7.088e+01 7.001e+00
s>                ( - -1.031e+03 1 0)
s>                ( - -4.019e+02 1 0))
s>            ( - -8.041e+02 1 0))
s>        ( WDBNDRY_E 0 -5.160e+03 9.864e+01 2.263e+01
s>            ( QUESTION0_11_R 1 -4.452e+03 7.256e+01 1.963e+01
s>                ( QUESTION0 -1 -4.205e+03 5.293e+01 1.863e+01
s>                    ( - -4.645e+02 1 0)
s>                    ( - -3.688e+03 1 0))
s>                ( - -1.742e+02 1 0))
s>            ( - -6.088e+02 1 0)))INFO: dtree.c(1315): Comp split 30
INFO: dtree.c(1439): stop. leaf nodes are specific
INFO: dtree.c(1478): Final simple tree
|( QUESTION2_8_L -1 -8.797e+03 1.068e+02 3.849e+01
|    ( QUESTION0_0_R 1 -6.450e+03 7.140e+01 2.833e+01
|        ( - -1.797e+02 1 0)
|        ( QUESTION5 -1 -6.199e+03 8.417e+01 2.733e+01
|            ( - -5.882e+02 1 0)
|            ( - -5.526e+03 2 0)))
|    ( QUESTION1 -1 -2.240e+03 6.086e+01 1.015e+01
|        ( - -2.001e+02 1 0)
|        ( - -1.979e+03 1 0)))
s>    ( QUESTION2_8_L -1 -8.797e+03 1.068e+02 3.849e+01
s>        ( QUESTION0_0_R 1 -6.450e+03 7.140e+01 2.833e+01
s>            ( - -1.797e+02 1 0)
s>            ( QUESTION5 -1 -6.199e+03 8.417e+01 2.733e+01
s>                ( - -5.882e+02 1 0)
s>                ( - -5.526e+03 2 0)))
s>        ( QUESTION1 -1 -2.240e+03 6.086e+01 1.015e+01
s>            ( - -2.001e+02 1 0)
s>            ( - -1.979e+03 1 0)))INFO: dtree.c(1315): Comp split 31
INFO: dtree.c(1439): stop. leaf nodes are specific
INFO: dtree.c(1478): Final simple tree
|( QUESTION1 -1 -4.892e+03 7.187e+01 2.141e+01
|    ( - -8.387e+02 1 0)
|    ( - -3.981e+03 1 0))
s>    ( QUESTION1 -1 -4.892e+03 7.187e+01 2.141e+01
s>        ( - -8.387e+02 1 0)
s>        ( - -3.981e+03 1 0))INFO: dtree.c(1439): stop. leaf nodes are specific
INFO: dtree.c(1478): Final simple tree
|( QUESTION1 -1 -9.857e+03 1.204e+02 4.430e+01
|    ( QUESTION2 -1 -7.205e+03 6.117e+01 3.304e+01
|        ( - -3.843e+02 1 0)
|        ( - -6.760e+03 1 0))
|    ( QUESTION0_0_R 1 -2.531e+03 1.026e+02 1.127e+01
|        ( - -1.662e+03 1 0)
|        ( - -7.665e+02 1 0)))
s>    ( QUESTION1 -1 -9.857e+03 1.204e+02 4.430e+01
s>        ( QUESTION2 -1 -7.205e+03 6.117e+01 3.304e+01
s>            ( - -3.843e+02 1 0)
s>            ( - -6.760e+03 1 0))
s>        ( QUESTION0_0_R 1 -2.531e+03 1.026e+02 1.127e+01
s>            ( - -1.662e+03 1 0)
s>            ( - -7.665e+02 1 0)))INFO: dtree.c(1315): Comp split 32
INFO: dtree.c(1315): Comp split 33
INFO: dtree.c(1478): Final simple tree
|( QUESTION9 -1 -2.247e+04 1.187e+02 9.608e+01
|    ( QUESTION3 1 -7.241e+03 8.751e+01 3.210e+01
|        ( - -3.870e+02 1 0)
|        ( - -6.767e+03 3 0 QUESTION19 1 7.555e+01 3.010e+01))
|    ( QUESTION2_14_L -1 -1.511e+04 9.886e+01 6.397e+01
|        ( - -6.001e+02 1 0)
|        ( QUESTION2_6_L -1 -1.441e+04 9.286e+01 6.097e+01
|            ( - -3.934e+02 1 0)
|            ( QUESTION13 1 -1.392e+04 8.688e+01 5.897e+01
|                ( - -2.923e+03 3 0 QUESTION1 -1 8.871e+01 1.335e+01)
|                ( QUESTION0_0_R 1 -1.091e+04 1.089e+02 4.561e+01
|                    ( - -2.035e+03 2 0 QUESTION6 -1 8.010e+01 9.197e+00)
|                    ( QUESTION2 1 -8.770e+03 9.007e+01 3.642e+01
|                        ( - -5.558e+03 6 0 QUESTION14 -1 7.617e+01 2.348e+01)
|                        ( - -3.122e+03 8 0 QUESTION14 -1 7.843e+01 1.294e+01)))))))
s>    ( QUESTION9 -1 -2.247e+04 1.187e+02 9.608e+01
s>        ( QUESTION3 1 -7.241e+03 8.751e+01 3.210e+01
s>            ( - -3.870e+02 1 0)
s>            ( - -6.767e+03 3 0 QUESTION19 1 7.555e+01 3.010e+01))
s>        ( QUESTION2_14_L -1 -1.511e+04 9.886e+01 6.397e+01
s>            ( - -6.001e+02 1 0)
s>            ( QUESTION2_6_L -1 -1.441e+04 9.286e+01 6.097e+01
s>                ( - -3.934e+02 1 0)
s>                ( QUESTION13 1 -1.392e+04 8.688e+01 5.897e+01
s>                    ( - -2.923e+03 3 0 QUESTION1 -1 8.871e+01 1.335e+01)
s>                    ( QUESTION0_0_R 1 -1.091e+04 1.089e+02 4.561e+01
s>                        ( - -2.035e+03 2 0 QUESTION6 -1 8.010e+01 9.197e+00)
s>                        ( QUESTION2 1 -8.770e+03 9.007e+01 3.642e+01
s>                            ( - -5.558e+03 6 0 QUESTION14 -1 7.617e+01 2.348e+01)
s>                            ( - -3.122e+03 8 0 QUESTION14 -1 7.843e+01 1.294e+01)))))))INFO: dtree.c(1315): Comp split 34
INFO: dtree.c(1478): Final simple tree
|( QUESTION0_0_R 1 -5.737e+03 9.588e+01 2.413e+01
|    ( QUESTION6 -1 -2.035e+03 8.010e+01 9.197e+00
|        ( - -8.569e+02 1 0)
|        ( - -1.098e+03 1 0))
|    ( QUESTION2 1 -3.606e+03 9.069e+01 1.494e+01
|        ( - -3.934e+02 1 0)
|        ( QUESTION14 -1 -3.122e+03 7.843e+01 1.294e+01
|            ( - -1.708e+02 1 0)
|            ( QUESTION11 1 -2.872e+03 7.762e+01 1.194e+01
|                ( - -1.701e+02 1 0)
|                ( WDBNDRY_E 0 -2.625e+03 6.682e+01 1.094e+01
|                    ( - -2.284e+02 1 0)
|                    ( QUESTION3 -1 -2.329e+03 6.402e+01 9.937e+00
|                        ( - -4.046e+02 1 0)
|                        ( - -1.861e+03 4 0 QUESTION0_2_R 1 5.992e+01 7.998e+00)))))))
s>    ( QUESTION0_0_R 1 -5.737e+03 9.588e+01 2.413e+01
s>        ( QUESTION6 -1 -2.035e+03 8.010e+01 9.197e+00
s>            ( - -8.569e+02 1 0)
s>            ( - -1.098e+03 1 0))
s>        ( QUESTION2 1 -3.606e+03 9.069e+01 1.494e+01
s>            ( - -3.934e+02 1 0)
s>            ( QUESTION14 -1 -3.122e+03 7.843e+01 1.294e+01
s>                ( - -1.708e+02 1 0)
s>                ( QUESTION11 1 -2.872e+03 7.762e+01 1.194e+01
s>                    ( - -1.701e+02 1 0)
s>                    ( WDBNDRY_E 0 -2.625e+03 6.682e+01 1.094e+01
s>                        ( - -2.284e+02 1 0)
s>                        ( QUESTION3 -1 -2.329e+03 6.402e+01 9.937e+00
s>                            ( - -4.046e+02 1 0)
s>                            ( - -1.861e+03 4 0 QUESTION0_2_R 1 5.992e+01 7.998e+00)))))))INFO: dtree.c(1478): Final simple tree
|( QUESTION5 -1 -1.661e+04 1.176e+02 7.194e+01
|    ( QUESTION0_0_R 1 -5.575e+03 8.241e+01 2.462e+01
|        ( QUESTION6 -1 -2.429e+03 7.931e+01 1.135e+01
|            ( - -2.153e+03 1 0)
|            ( - -1.974e+02 1 0))
|        ( - -3.064e+03 2 0 QUESTION6 -1 7.064e+01 1.327e+01))
|    ( QUESTION2 -1 -1.091e+04 1.010e+02 4.732e+01
|        ( - -6.001e+02 1 0)
|        ( QUESTION3 1 -1.021e+04 8.479e+01 4.432e+01
|            ( - -3.870e+02 1 0)
|            ( QUESTION19 1 -9.740e+03 7.240e+01 4.232e+01
|                ( - -4.648e+02 1 0)
|                ( QUESTION4 -1 -9.203e+03 7.163e+01 4.010e+01
|                    ( - -6.226e+03 2 0 QUESTION0_0_R 1 7.114e+01 2.789e+01)
|                    ( - -2.905e+03 5 0 QUESTION0_0_R 1 8.105e+01 1.221e+01))))))
s>    ( QUESTION5 -1 -1.661e+04 1.176e+02 7.194e+01
s>        ( QUESTION0_0_R 1 -5.575e+03 8.241e+01 2.462e+01
s>            ( QUESTION6 -1 -2.429e+03 7.931e+01 1.135e+01
s>                ( - -2.153e+03 1 0)
s>                ( - -1.974e+02 1 0))
s>            ( - -3.064e+03 2 0 QUESTION6 -1 7.064e+01 1.327e+01))
s>        ( QUESTION2 -1 -1.091e+04 1.010e+02 4.732e+01
s>            ( - -6.001e+02 1 0)
s>            ( QUESTION3 1 -1.021e+04 8.479e+01 4.432e+01
s>                ( - -3.870e+02 1 0)
s>                ( QUESTION19 1 -9.740e+03 7.240e+01 4.232e+01
s>                    ( - -4.648e+02 1 0)
s>                    ( QUESTION4 -1 -9.203e+03 7.163e+01 4.010e+01
s>                        ( - -6.226e+03 2 0 QUESTION0_0_R 1 7.114e+01 2.789e+01)
s>                        ( - -2.905e+03 5 0 QUESTION0_0_R 1 8.105e+01 1.221e+01))))))INFO: dtree.c(1315): Comp split 35
INFO: dtree.c(1439): stop. leaf nodes are specific
INFO: dtree.c(1478): Final simple tree
|( WDBNDRY_E 0 -1.096e+03 1.058e+02 5.002e+00
|    ( - -5.738e+02 1 0)
|    ( - -4.166e+02 1 0))
s>    ( WDBNDRY_E 0 -1.096e+03 1.058e+02 5.002e+00
s>        ( - -5.738e+02 1 0)
s>        ( - -4.166e+02 1 0))INFO: dtree.c(1315): Comp split 36
INFO: dtree.c(1478): Final simple tree
|( QUESTION2 -1 -1.118e+04 9.983e+01 4.832e+01
|    ( - -6.001e+02 1 0)
|    ( QUESTION3 1 -1.048e+04 8.491e+01 4.532e+01
|        ( - -3.870e+02 1 0)
|        ( QUESTION9 -1 -1.001e+04 7.556e+01 4.332e+01
|            ( QUESTION19 1 -6.767e+03 7.555e+01 3.010e+01
|                ( - -4.648e+02 1 0)
|                ( QUESTION0_0_R 1 -6.226e+03 7.114e+01 2.789e+01
|                    ( - -9.755e+02 1 0)
|                    ( - -5.180e+03 1 0)))
|            ( QUESTION14 -1 -3.164e+03 6.808e+01 1.321e+01
|                ( - -1.450e+03 2 0)
|                ( QUESTION0_0_R 1 -1.646e+03 6.441e+01 7.010e+00
|                    ( - -6.826e+02 2 0 QUESTION1 -1 8.012e+01 3.000e+00)
|                    ( - -8.988e+02 2 0 QUESTION0 -1 5.387e+01 4.010e+00))))))
s>    ( QUESTION2 -1 -1.118e+04 9.983e+01 4.832e+01
s>        ( - -6.001e+02 1 0)
s>        ( QUESTION3 1 -1.048e+04 8.491e+01 4.532e+01
s>            ( - -3.870e+02 1 0)
s>            ( QUESTION9 -1 -1.001e+04 7.556e+01 4.332e+01
s>                ( QUESTION19 1 -6.767e+03 7.555e+01 3.010e+01
s>                    ( - -4.648e+02 1 0)
s>                    ( QUESTION0_0_R 1 -6.226e+03 7.114e+01 2.789e+01
s>                        ( - -9.755e+02 1 0)
s>                        ( - -5.180e+03 1 0)))
s>                ( QUESTION14 -1 -3.164e+03 6.808e+01 1.321e+01
s>                    ( - -1.450e+03 2 0)
s>                    ( QUESTION0_0_R 1 -1.646e+03 6.441e+01 7.010e+00
s>                        ( - -6.826e+02 2 0 QUESTION1 -1 8.012e+01 3.000e+00)
s>                        ( - -8.988e+02 2 0 QUESTION0 -1 5.387e+01 4.010e+00))))))INFO: dtree.c(1439): stop. leaf nodes are specific
INFO: dtree.c(1478): Final simple tree
|( QUESTION0_0_R 1 -5.305e+03 8.916e+01 2.362e+01
|    ( - -2.153e+03 1 0)
|    ( QUESTION6 -1 -3.064e+03 7.064e+01 1.327e+01
|        ( - -1.730e+03 1 0)
|        ( - -1.263e+03 1 0)))
s>    ( QUESTION0_0_R 1 -5.305e+03 8.916e+01 2.362e+01
s>        ( - -2.153e+03 1 0)
s>        ( QUESTION6 -1 -3.064e+03 7.064e+01 1.327e+01
s>            ( - -1.730e+03 1 0)
s>            ( - -1.263e+03 1 0)))INFO: dtree.c(1315): Comp split 37
INFO: dtree.c(1439): stop. leaf nodes are specific
INFO: dtree.c(1478): Final simple tree
|( WDBNDRY_E 0 -2.407e+03 9.962e+01 1.100e+01
|    ( QUESTION0 1 -1.504e+03 7.088e+01 7.001e+00
|        ( - -1.031e+03 1 0)
|        ( - -4.019e+02 1 0))
|    ( - -8.041e+02 1 0))
s>    ( WDBNDRY_E 0 -2.407e+03 9.962e+01 1.100e+01
s>        ( QUESTION0 1 -1.504e+03 7.088e+01 7.001e+00
s>            ( - -1.031e+03 1 0)
s>            ( - -4.019e+02 1 0))
s>        ( - -8.041e+02 1 0))INFO: dtree.c(1439): stop. leaf nodes are specific
INFO: dtree.c(1478): Final simple tree
|( WDBNDRY_E 0 -5.160e+03 9.864e+01 2.263e+01
|    ( QUESTION0_11_R 1 -4.452e+03 7.256e+01 1.963e+01
|        ( QUESTION0 -1 -4.205e+03 5.293e+01 1.863e+01
|            ( - -4.645e+02 1 0)
|            ( - -3.688e+03 1 0))
|        ( - -1.742e+02 1 0))
|    ( - -6.088e+02 1 0))
s>    ( WDBNDRY_E 0 -5.160e+03 9.864e+01 2.263e+01
s>        ( QUESTION0_11_R 1 -4.452e+03 7.256e+01 1.963e+01
s>            ( QUESTION0 -1 -4.205e+03 5.293e+01 1.863e+01
s>                ( - -4.645e+02 1 0)
s>                ( - -3.688e+03 1 0))
s>            ( - -1.742e+02 1 0))
s>        ( - -6.088e+02 1 0))INFO: dtree.c(1315): Comp split 38
INFO: dtree.c(1439): stop. leaf nodes are specific
INFO: dtree.c(1478): Final simple tree
|( QUESTION0_0_R 1 -2.531e+03 1.026e+02 1.127e+01
|    ( - -1.662e+03 1 0)
|    ( - -7.665e+02 1 0))
s>    ( QUESTION0_0_R 1 -2.531e+03 1.026e+02 1.127e+01
s>        ( - -1.662e+03 1 0)
s>        ( - -7.665e+02 1 0))INFO: dtree.c(1439): stop. leaf nodes are specific
INFO: dtree.c(1478): Final simple tree
|( QUESTION2 -1 -7.205e+03 6.117e+01 3.304e+01
|    ( - -3.843e+02 1 0)
|    ( - -6.760e+03 1 0))
s>    ( QUESTION2 -1 -7.205e+03 6.117e+01 3.304e+01
s>        ( - -3.843e+02 1 0)
s>        ( - -6.760e+03 1 0))INFO: dtree.c(1315): Comp split 39
INFO: dtree.c(1439): stop. leaf nodes are specific
INFO: dtree.c(1478): Final simple tree
|( QUESTION0 -1 -2.604e+03 1.049e+02 1.151e+01
|    ( - -6.068e+02 1 0)
|    ( - -1.892e+03 1 0))
s>    ( QUESTION0 -1 -2.604e+03 1.049e+02 1.151e+01
s>        ( - -6.068e+02 1 0)
s>        ( - -1.892e+03 1 0))INFO: dtree.c(1315): Comp split 40
INFO: dtree.c(1439): stop. leaf nodes are specific
INFO: dtree.c(1478): Final simple tree
|( QUESTION9 -1 -3.149e+03 1.065e+02 1.306e+01
|    ( - -1.036e+03 1 0)
|    ( QUESTION0 -1 -2.006e+03 7.355e+01 8.120e+00
|        ( QUESTION1 -1 -1.032e+03 4.768e+01 4.122e+00
|            ( - -7.148e+02 1 0)
|            ( - -2.693e+02 1 0))
|        ( - -9.011e+02 1 0)))
s>    ( QUESTION9 -1 -3.149e+03 1.065e+02 1.306e+01
s>        ( - -1.036e+03 1 0)
s>        ( QUESTION0 -1 -2.006e+03 7.355e+01 8.120e+00
s>            ( QUESTION1 -1 -1.032e+03 4.768e+01 4.122e+00
s>                ( - -7.148e+02 1 0)
s>                ( - -2.693e+02 1 0))
s>            ( - -9.011e+02 1 0)))INFO: dtree.c(1315): Comp split 41
INFO: dtree.c(1439): stop. leaf nodes are specific
INFO: dtree.c(1478): Final simple tree
|( QUESTION14 -1 -6.222e+03 1.042e+02 2.782e+01
|    ( - -3.866e+03 1 0)
|    ( QUESTION0_13_R 1 -2.252e+03 6.983e+01 1.031e+01
|        ( - -1.041e+03 1 0)
|        ( - -1.141e+03 1 0)))
s>    ( QUESTION14 -1 -6.222e+03 1.042e+02 2.782e+01
s>        ( - -3.866e+03 1 0)
s>        ( QUESTION0_13_R 1 -2.252e+03 6.983e+01 1.031e+01
s>            ( - -1.041e+03 1 0)
s>            ( - -1.141e+03 1 0)))INFO: dtree.c(1439): stop. leaf nodes are specific
INFO: dtree.c(1478): Final simple tree
|( QUESTION2_8_L -1 -1.127e+04 1.007e+02 4.925e+01
|    ( QUESTION5 -1 -8.810e+03 8.172e+01 3.851e+01
|        ( - -4.946e+03 3 0)
|        ( - -3.782e+03 3 0))
|    ( - -2.359e+03 1 0))
s>    ( QUESTION2_8_L -1 -1.127e+04 1.007e+02 4.925e+01
s>        ( QUESTION5 -1 -8.810e+03 8.172e+01 3.851e+01
s>            ( - -4.946e+03 3 0)
s>            ( - -3.782e+03 3 0))
s>        ( - -2.359e+03 1 0))INFO: dtree.c(1315): Comp split 42
INFO: dtree.c(1439): stop. leaf nodes are specific
INFO: dtree.c(1478): Final simple tree
|( QUESTION4 -1 -3.163e+03 1.016e+02 1.403e+01
|    ( - -6.250e+02 1 0)
|    ( QUESTION0 -1 -2.436e+03 9.894e+01 1.104e+01
|        ( - -1.712e+03 1 0)
|        ( - -6.255e+02 1 0)))
s>    ( QUESTION4 -1 -3.163e+03 1.016e+02 1.403e+01
s>        ( - -6.250e+02 1 0)
s>        ( QUESTION0 -1 -2.436e+03 9.894e+01 1.104e+01
s>            ( - -1.712e+03 1 0)
s>            ( - -6.255e+02 1 0)))INFO: dtree.c(1439): stop. leaf nodes are specific
INFO: dtree.c(1478): Final simple tree
|( WDBNDRY_E 0 -2.638e+03 8.946e+01 1.141e+01
|    ( - -6.772e+02 1 0)
|    ( - -1.871e+03 1 0))
s>    ( WDBNDRY_E 0 -2.638e+03 8.946e+01 1.141e+01
s>        ( - -6.772e+02 1 0)
s>        ( - -1.871e+03 1 0))INFO: dtree.c(1315): Comp split 43
INFO: dtree.c(1439): stop. leaf nodes are specific
INFO: dtree.c(1478): Final simple tree
|( WDBNDRY_E 0 -2.021e+03 1.055e+02 9.000e+00
|    ( - -1.554e+02 1 0)
|    ( - -1.760e+03 2 0))
s>    ( WDBNDRY_E 0 -2.021e+03 1.055e+02 9.000e+00
s>        ( - -1.554e+02 1 0)
s>        ( - -1.760e+03 2 0))INFO: dtree.c(1315): Comp split 44
INFO: dtree.c(1315): Comp split 45
INFO: dtree.c(1315): Comp split 46
INFO: dtree.c(1439): stop. leaf nodes are specific
INFO: dtree.c(1478): Final simple tree
|( QUESTION0_0_R 1 -6.708e+03 7.079e+01 2.933e+01
|    ( - -1.797e+02 1 0)
|    ( QUESTION5 -1 -6.457e+03 8.422e+01 2.833e+01
|        ( - -5.882e+02 1 0)
|        ( QUESTION1 -1 -5.785e+03 5.816e+01 2.533e+01
|            ( - -2.001e+02 1 0)
|            ( - -5.526e+03 2 0))))
s>    ( QUESTION0_0_R 1 -6.708e+03 7.079e+01 2.933e+01
s>        ( - -1.797e+02 1 0)
s>        ( QUESTION5 -1 -6.457e+03 8.422e+01 2.833e+01
s>            ( - -5.882e+02 1 0)
s>            ( QUESTION1 -1 -5.785e+03 5.816e+01 2.533e+01
s>                ( - -2.001e+02 1 0)
s>                ( - -5.526e+03 2 0))))INFO: dtree.c(1315): Comp split 47
INFO: dtree.c(1439): stop. leaf nodes are specific
INFO: dtree.c(1478): Final simple tree
|( QUESTION0 -1 -2.006e+03 7.355e+01 8.120e+00
|    ( QUESTION1 -1 -1.032e+03 4.768e+01 4.122e+00
|        ( - -7.148e+02 1 0)
|        ( - -2.693e+02 1 0))
|    ( - -9.011e+02 1 0))
s>    ( QUESTION0 -1 -2.006e+03 7.355e+01 8.120e+00
s>        ( QUESTION1 -1 -1.032e+03 4.768e+01 4.122e+00
s>            ( - -7.148e+02 1 0)
s>            ( - -2.693e+02 1 0))
s>        ( - -9.011e+02 1 0))INFO: dtree.c(1315): Comp split 48
INFO: dtree.c(1315): Comp split 49
INFO: dtree.c(1315): Comp split 50
INFO: dtree.c(1315): Comp split 51
INFO: dtree.c(1439): stop. leaf nodes are specific
INFO: dtree.c(1478): Final simple tree
|( QUESTION0_13_R 1 -2.252e+03 6.983e+01 1.031e+01
|    ( - -1.041e+03 1 0)
|    ( - -1.141e+03 1 0))
s>    ( QUESTION0_13_R 1 -2.252e+03 6.983e+01 1.031e+01
s>        ( - -1.041e+03 1 0)
s>        ( - -1.141e+03 1 0))INFO: dtree.c(1315): Comp split 52
INFO: dtree.c(1315): Comp split 53
INFO: dtree.c(1439): stop. leaf nodes are specific
INFO: dtree.c(1478): Final simple tree
|( QUESTION0 -1 -2.436e+03 9.894e+01 1.104e+01
|    ( - -1.712e+03 1 0)
|    ( - -6.255e+02 1 0))
s>    ( QUESTION0 -1 -2.436e+03 9.894e+01 1.104e+01
s>        ( - -1.712e+03 1 0)
s>        ( - -6.255e+02 1 0))INFO: dtree.c(1315): Comp split 54
INFO: dtree.c(1439): stop. leaf nodes are specific
INFO: dtree.c(1478): Final simple tree
|( QUESTION5 -1 -8.810e+03 8.172e+01 3.851e+01
|    ( - -4.946e+03 3 0)
|    ( - -3.782e+03 3 0))
s>    ( QUESTION5 -1 -8.810e+03 8.172e+01 3.851e+01
s>        ( - -4.946e+03 3 0)
s>        ( - -3.782e+03 3 0))INFO: dtree.c(1315): Comp split 55
INFO: dtree.c(1439): stop. leaf nodes are specific
INFO: dtree.c(1478): Final simple tree
|( QUESTION6 -1 -2.280e+03 7.904e+01 1.020e+01
|    ( - -8.569e+02 1 0)
|    ( WDBNDRY_E 0 -1.344e+03 7.518e+01 6.288e+00
|        ( - -1.701e+02 1 0)
|        ( - -1.098e+03 1 0)))
s>    ( QUESTION6 -1 -2.280e+03 7.904e+01 1.020e+01
s>        ( - -8.569e+02 1 0)
s>        ( WDBNDRY_E 0 -1.344e+03 7.518e+01 6.288e+00
s>            ( - -1.701e+02 1 0)
s>            ( - -1.098e+03 1 0)))INFO: dtree.c(1439): stop. leaf nodes are specific
INFO: dtree.c(1478): Final simple tree
|( QUESTION2 1 -3.357e+03 8.937e+01 1.394e+01
|    ( - -3.934e+02 1 0)
|    ( QUESTION14 -1 -2.874e+03 7.873e+01 1.194e+01
|        ( - -1.708e+02 1 0)
|        ( WDBNDRY_E 0 -2.625e+03 6.682e+01 1.094e+01
|            ( - -2.284e+02 1 0)
|            ( QUESTION3 -1 -2.329e+03 6.402e+01 9.937e+00
|                ( - -4.046e+02 1 0)
|                ( QUESTION0_2_R 1 -1.861e+03 5.992e+01 7.998e+00
|                    ( - -2.073e+02 1 0)
|                    ( QUESTION1 -1 -1.594e+03 5.900e+01 6.998e+00
|                        ( - -1.859e+02 1 0)
|                        ( - -1.349e+03 2 0)))))))
s>    ( QUESTION2 1 -3.357e+03 8.937e+01 1.394e+01
s>        ( - -3.934e+02 1 0)
s>        ( QUESTION14 -1 -2.874e+03 7.873e+01 1.194e+01
s>            ( - -1.708e+02 1 0)
s>            ( WDBNDRY_E 0 -2.625e+03 6.682e+01 1.094e+01
s>                ( - -2.284e+02 1 0)
s>                ( QUESTION3 -1 -2.329e+03 6.402e+01 9.937e+00
s>                    ( - -4.046e+02 1 0)
s>                    ( QUESTION0_2_R 1 -1.861e+03 5.992e+01 7.998e+00
s>                        ( - -2.073e+02 1 0)
s>                        ( QUESTION1 -1 -1.594e+03 5.900e+01 6.998e+00
s>                            ( - -1.859e+02 1 0)
s>                            ( - -1.349e+03 2 0)))))))INFO: dtree.c(1315): Comp split 56
INFO: dtree.c(1315): Comp split 57
INFO: dtree.c(1478): Final simple tree
|( QUESTION3 1 -1.048e+04 8.491e+01 4.532e+01
|    ( - -3.870e+02 1 0)
|    ( QUESTION9 -1 -1.001e+04 7.556e+01 4.332e+01
|        ( QUESTION19 1 -6.767e+03 7.555e+01 3.010e+01
|            ( - -4.648e+02 1 0)
|            ( QUESTION0_0_R 1 -6.226e+03 7.114e+01 2.789e+01
|                ( - -9.755e+02 1 0)
|                ( - -5.180e+03 1 0)))
|        ( QUESTION14 -1 -3.164e+03 6.808e+01 1.321e+01
|            ( - -1.450e+03 2 0)
|            ( QUESTION0_0_R 1 -1.646e+03 6.441e+01 7.010e+00
|                ( QUESTION1 -1 -6.826e+02 8.012e+01 3.000e+00
|                    ( - -4.052e+02 1 0)
|                    ( - -1.974e+02 1 0))
|                ( - -8.988e+02 2 0 QUESTION0 -1 5.387e+01 4.010e+00)))))
s>    ( QUESTION3 1 -1.048e+04 8.491e+01 4.532e+01
s>        ( - -3.870e+02 1 0)
s>        ( QUESTION9 -1 -1.001e+04 7.556e+01 4.332e+01
s>            ( QUESTION19 1 -6.767e+03 7.555e+01 3.010e+01
s>                ( - -4.648e+02 1 0)
s>                ( QUESTION0_0_R 1 -6.226e+03 7.114e+01 2.789e+01
s>                    ( - -9.755e+02 1 0)
s>                    ( - -5.180e+03 1 0)))
s>            ( QUESTION14 -1 -3.164e+03 6.808e+01 1.321e+01
s>                ( - -1.450e+03 2 0)
s>                ( QUESTION0_0_R 1 -1.646e+03 6.441e+01 7.010e+00
s>                    ( QUESTION1 -1 -6.826e+02 8.012e+01 3.000e+00
s>                        ( - -4.052e+02 1 0)
s>                        ( - -1.974e+02 1 0))
s>                    ( - -8.988e+02 2 0 QUESTION0 -1 5.387e+01 4.010e+00)))))INFO: dtree.c(1315): Comp split 58
INFO: dtree.c(1439): stop. leaf nodes are specific
INFO: dtree.c(1478): Final simple tree
|( QUESTION0 1 -1.504e+03 7.088e+01 7.001e+00
|    ( - -1.031e+03 1 0)
|    ( - -4.019e+02 1 0))
s>    ( QUESTION0 1 -1.504e+03 7.088e+01 7.001e+00
s>        ( - -1.031e+03 1 0)
s>        ( - -4.019e+02 1 0))INFO: dtree.c(1315): Comp split 59
INFO: dtree.c(1439): stop. leaf nodes are specific
INFO: dtree.c(1478): Final simple tree
|( QUESTION14 -1 -3.077e+03 5.978e+01 1.297e+01
|    ( - -1.746e+03 1 0)
|    ( QUESTION0_9_R 1 -1.272e+03 6.266e+01 5.000e+00
|        ( - -1.955e+02 1 0)
|        ( QUESTION4 -1 -1.014e+03 5.224e+01 4.000e+00
|            ( - -2.256e+02 1 0)
|            ( QUESTION0 1 -7.358e+02 5.375e+01 3.000e+00
|                ( WDBNDRY_E 0 -4.683e+02 6.694e+01 2.000e+00
|                    ( - -1.941e+02 1 0)
|                    ( - -2.072e+02 1 0))
|                ( - -2.138e+02 1 0)))))
s>    ( QUESTION14 -1 -3.077e+03 5.978e+01 1.297e+01
s>        ( - -1.746e+03 1 0)
s>        ( QUESTION0_9_R 1 -1.272e+03 6.266e+01 5.000e+00
s>            ( - -1.955e+02 1 0)
s>            ( QUESTION4 -1 -1.014e+03 5.224e+01 4.000e+00
s>                ( - -2.256e+02 1 0)
s>                ( QUESTION0 1 -7.358e+02 5.375e+01 3.000e+00
s>                    ( WDBNDRY_E 0 -4.683e+02 6.694e+01 2.000e+00
s>                        ( - -1.941e+02 1 0)
s>                        ( - -2.072e+02 1 0))
s>                    ( - -2.138e+02 1 0)))))INFO: dtree.c(1315): Comp split 60
INFO: dtree.c(1315): Comp split 61
INFO: dtree.c(1439): stop. leaf nodes are specific
INFO: dtree.c(1478): Final simple tree
|( QUESTION0_11_R 1 -4.452e+03 7.256e+01 1.963e+01
|    ( QUESTION0 -1 -4.205e+03 5.293e+01 1.863e+01
|        ( - -4.645e+02 1 0)
|        ( - -3.688e+03 1 0))
|    ( - -1.742e+02 1 0))
s>    ( QUESTION0_11_R 1 -4.452e+03 7.256e+01 1.963e+01
s>        ( QUESTION0 -1 -4.205e+03 5.293e+01 1.863e+01
s>            ( - -4.645e+02 1 0)
s>            ( - -3.688e+03 1 0))
s>        ( - -1.742e+02 1 0))INFO: dtree.c(1315): Comp split 62
INFO: dtree.c(1439): stop. leaf nodes are specific
INFO: dtree.c(1478): Final simple tree
|( QUESTION0_12_R 1 -1.697e+03 6.589e+01 6.967e+00
|    ( - -1.427e+03 3 0)
|    ( - -2.034e+02 1 0))
s>    ( QUESTION0_12_R 1 -1.697e+03 6.589e+01 6.967e+00
s>        ( - -1.427e+03 3 0)
s>        ( - -2.034e+02 1 0))INFO: dtree.c(1315): Comp split 63
INFO: dtree.c(1439): stop. leaf nodes are specific
INFO: dtree.c(1478): Final simple tree
|( QUESTION0_0_R 1 -7.745e+03 7.275e+01 3.409e+01
|    ( - -9.755e+02 1 0)
|    ( QUESTION0 -1 -6.697e+03 6.682e+01 2.943e+01
|        ( - -5.180e+03 1 0)
|        ( - -1.450e+03 2 0)))
s>    ( QUESTION0_0_R 1 -7.745e+03 7.275e+01 3.409e+01
s>        ( - -9.755e+02 1 0)
s>        ( QUESTION0 -1 -6.697e+03 6.682e+01 2.943e+01
s>            ( - -5.180e+03 1 0)
s>            ( - -1.450e+03 2 0)))INFO: dtree.c(1439): stop. leaf nodes are specific
INFO: dtree.c(1478): Final simple tree
|( QUESTION3 1 -2.642e+03 7.911e+01 1.123e+01
|    ( - -3.870e+02 1 0)
|    ( QUESTION9 -1 -2.176e+03 6.525e+01 9.225e+00
|        ( - -4.648e+02 1 0)
|        ( QUESTION0_0_R 1 -1.646e+03 6.441e+01 7.010e+00
|            ( QUESTION1 -1 -6.826e+02 8.012e+01 3.000e+00
|                ( - -4.052e+02 1 0)
|                ( - -1.974e+02 1 0))
|            ( QUESTION0 -1 -8.988e+02 5.387e+01 4.010e+00
|                ( - -4.177e+02 1 0)
|                ( - -4.272e+02 1 0)))))
s>    ( QUESTION3 1 -2.642e+03 7.911e+01 1.123e+01
s>        ( - -3.870e+02 1 0)
s>        ( QUESTION9 -1 -2.176e+03 6.525e+01 9.225e+00
s>            ( - -4.648e+02 1 0)
s>            ( QUESTION0_0_R 1 -1.646e+03 6.441e+01 7.010e+00
s>                ( QUESTION1 -1 -6.826e+02 8.012e+01 3.000e+00
s>                    ( - -4.052e+02 1 0)
s>                    ( - -1.974e+02 1 0))
s>                ( QUESTION0 -1 -8.988e+02 5.387e+01 4.010e+00
s>                    ( - -4.177e+02 1 0)
s>                    ( - -4.272e+02 1 0)))))INFO: dtree.c(1315): Comp split 64
INFO: dtree.c(1315): Comp split 65
INFO: dtree.c(1439): stop. leaf nodes are specific
INFO: dtree.c(1478): Final simple tree
|( QUESTION14 -1 -2.874e+03 7.873e+01 1.194e+01
|    ( - -1.708e+02 1 0)
|    ( WDBNDRY_E 0 -2.625e+03 6.682e+01 1.094e+01
|        ( - -2.284e+02 1 0)
|        ( QUESTION3 -1 -2.329e+03 6.402e+01 9.937e+00
|            ( - -4.046e+02 1 0)
|            ( QUESTION0_2_R 1 -1.861e+03 5.992e+01 7.998e+00
|                ( - -2.073e+02 1 0)
|                ( QUESTION1 -1 -1.594e+03 5.900e+01 6.998e+00
|                    ( - -1.859e+02 1 0)
|                    ( - -1.349e+03 2 0))))))
s>    ( QUESTION14 -1 -2.874e+03 7.873e+01 1.194e+01
s>        ( - -1.708e+02 1 0)
s>        ( WDBNDRY_E 0 -2.625e+03 6.682e+01 1.094e+01
s>            ( - -2.284e+02 1 0)
s>            ( QUESTION3 -1 -2.329e+03 6.402e+01 9.937e+00
s>                ( - -4.046e+02 1 0)
s>                ( QUESTION0_2_R 1 -1.861e+03 5.992e+01 7.998e+00
s>                    ( - -2.073e+02 1 0)
s>                    ( QUESTION1 -1 -1.594e+03 5.900e+01 6.998e+00
s>                        ( - -1.859e+02 1 0)
s>                        ( - -1.349e+03 2 0))))))INFO: dtree.c(1315): Comp split 66
INFO: dtree.c(1439): stop. leaf nodes are specific
INFO: dtree.c(1478): Final simple tree
|( QUESTION6 -1 -3.064e+03 7.064e+01 1.327e+01
|    ( - -1.730e+03 1 0)
|    ( - -1.263e+03 1 0))
s>    ( QUESTION6 -1 -3.064e+03 7.064e+01 1.327e+01
s>        ( - -1.730e+03 1 0)
s>        ( - -1.263e+03 1 0))INFO: dtree.c(1315): Comp split 67
INFO: dtree.c(1439): stop. leaf nodes are specific
INFO: dtree.c(1478): Final simple tree
|( QUESTION0_0_R 1 -6.035e+03 7.079e+01 2.633e+01
|    ( - -1.797e+02 1 0)
|    ( QUESTION1 -1 -5.785e+03 5.816e+01 2.533e+01
|        ( - -2.001e+02 1 0)
|        ( - -5.526e+03 2 0)))
s>    ( QUESTION0_0_R 1 -6.035e+03 7.079e+01 2.633e+01
s>        ( - -1.797e+02 1 0)
s>        ( QUESTION1 -1 -5.785e+03 5.816e+01 2.533e+01
s>            ( - -2.001e+02 1 0)
s>            ( - -5.526e+03 2 0)))INFO: dtree.c(1315): Comp split 68
INFO: dtree.c(1439): stop. leaf nodes are specific
INFO: dtree.c(1478): Final simple tree
|( QUESTION3 1 -2.154e+03 8.032e+01 9.225e+00
|    ( - -3.870e+02 1 0)
|    ( QUESTION0_0_R 1 -1.686e+03 6.343e+01 7.225e+00
|        ( QUESTION5 -1 -7.242e+02 6.202e+01 3.215e+00
|            ( - -1.974e+02 1 0)
|            ( - -4.648e+02 1 0))
|        ( QUESTION0 -1 -8.988e+02 5.387e+01 4.010e+00
|            ( - -4.177e+02 1 0)
|            ( - -4.272e+02 1 0))))
s>    ( QUESTION3 1 -2.154e+03 8.032e+01 9.225e+00
s>        ( - -3.870e+02 1 0)
s>        ( QUESTION0_0_R 1 -1.686e+03 6.343e+01 7.225e+00
s>            ( QUESTION5 -1 -7.242e+02 6.202e+01 3.215e+00
s>                ( - -1.974e+02 1 0)
s>                ( - -4.648e+02 1 0))
s>            ( QUESTION0 -1 -8.988e+02 5.387e+01 4.010e+00
s>                ( - -4.177e+02 1 0)
s>                ( - -4.272e+02 1 0))))INFO: dtree.c(1315): Comp split 69
INFO: dtree.c(1315): Comp split 70
INFO: dtree.c(1315): Comp split 71
INFO: dtree.c(1439): stop. leaf nodes are specific
INFO: dtree.c(1478): Final simple tree
|( QUESTION0_0_R 1 -1.686e+03 6.343e+01 7.225e+00
|    ( QUESTION5 -1 -7.242e+02 6.202e+01 3.215e+00
|        ( - -1.974e+02 1 0)
|        ( - -4.648e+02 1 0))
|    ( QUESTION0 -1 -8.988e+02 5.387e+01 4.010e+00
|        ( - -4.177e+02 1 0)
|        ( - -4.272e+02 1 0)))
s>    ( QUESTION0_0_R 1 -1.686e+03 6.343e+01 7.225e+00
s>        ( QUESTION5 -1 -7.242e+02 6.202e+01 3.215e+00
s>            ( - -1.974e+02 1 0)
s>            ( - -4.648e+02 1 0))
s>        ( QUESTION0 -1 -8.988e+02 5.387e+01 4.010e+00
s>            ( - -4.177e+02 1 0)
s>            ( - -4.272e+02 1 0)))INFO: dtree.c(1315): Comp split 72
INFO: dtree.c(1439): stop. leaf nodes are specific
INFO: dtree.c(1478): Final simple tree
|( WDBNDRY_E 0 -1.344e+03 7.518e+01 6.288e+00
|    ( - -1.701e+02 1 0)
|    ( - -1.098e+03 1 0))
s>    ( WDBNDRY_E 0 -1.344e+03 7.518e+01 6.288e+00
s>        ( - -1.701e+02 1 0)
s>        ( - -1.098e+03 1 0))INFO: dtree.c(1315): Comp split 73
INFO: dtree.c(1439): stop. leaf nodes are specific
INFO: dtree.c(1478): Final simple tree
|( WDBNDRY_E 0 -2.625e+03 6.682e+01 1.094e+01
|    ( - -2.284e+02 1 0)
|    ( QUESTION3 -1 -2.329e+03 6.402e+01 9.937e+00
|        ( - -4.046e+02 1 0)
|        ( QUESTION0_2_R 1 -1.861e+03 5.992e+01 7.998e+00
|            ( - -2.073e+02 1 0)
|            ( QUESTION1 -1 -1.594e+03 5.900e+01 6.998e+00
|                ( - -1.859e+02 1 0)
|                ( - -1.349e+03 2 0)))))
s>    ( WDBNDRY_E 0 -2.625e+03 6.682e+01 1.094e+01
s>        ( - -2.284e+02 1 0)
s>        ( QUESTION3 -1 -2.329e+03 6.402e+01 9.937e+00
s>            ( - -4.046e+02 1 0)
s>            ( QUESTION0_2_R 1 -1.861e+03 5.992e+01 7.998e+00
s>                ( - -2.073e+02 1 0)
s>                ( QUESTION1 -1 -1.594e+03 5.900e+01 6.998e+00
s>                    ( - -1.859e+02 1 0)
s>                    ( - -1.349e+03 2 0)))))INFO: dtree.c(1315): Comp split 74
INFO: dtree.c(1315): Comp split 75
INFO: dtree.c(1439): stop. leaf nodes are specific
INFO: dtree.c(1478): Final simple tree
|( QUESTION1 -1 -1.032e+03 4.768e+01 4.122e+00
|    ( - -7.148e+02 1 0)
|    ( - -2.693e+02 1 0))
s>    ( QUESTION1 -1 -1.032e+03 4.768e+01 4.122e+00
s>        ( - -7.148e+02 1 0)
s>        ( - -2.693e+02 1 0))INFO: dtree.c(1315): Comp split 76
INFO: dtree.c(1439): stop. leaf nodes are specific
INFO: dtree.c(1478): Final simple tree
|( QUESTION0 -1 -6.697e+03 6.682e+01 2.943e+01
|    ( - -5.180e+03 1 0)
|    ( - -1.450e+03 2 0))
s>    ( QUESTION0 -1 -6.697e+03 6.682e+01 2.943e+01
s>        ( - -5.180e+03 1 0)
s>        ( - -1.450e+03 2 0))INFO: dtree.c(1315): Comp split 77
INFO: dtree.c(1439): stop. leaf nodes are specific
INFO: dtree.c(1478): Final simple tree
|( QUESTION0 -1 -4.205e+03 5.293e+01 1.863e+01
|    ( - -4.645e+02 1 0)
|    ( - -3.688e+03 1 0))
s>    ( QUESTION0 -1 -4.205e+03 5.293e+01 1.863e+01
s>        ( - -4.645e+02 1 0)
s>        ( - -3.688e+03 1 0))INFO: dtree.c(1315): Comp split 78
INFO: dtree.c(1439): stop. leaf nodes are specific
INFO: dtree.c(1478): Final simple tree
|( QUESTION0 1 -2.811e+03 6.192e+01 1.197e+01
|    ( QUESTION0_9_R 1 -2.255e+03 5.773e+01 9.967e+00
|        ( - -1.955e+02 1 0)
|        ( WDBNDRY_E 0 -2.002e+03 4.888e+01 8.967e+00
|            ( - -1.746e+03 1 0)
|            ( - -2.072e+02 1 0)))
|    ( WDBNDRY_E 0 -4.941e+02 5.464e+01 2.000e+00
|        ( - -2.138e+02 1 0)
|        ( - -2.256e+02 1 0)))
s>    ( QUESTION0 1 -2.811e+03 6.192e+01 1.197e+01
s>        ( QUESTION0_9_R 1 -2.255e+03 5.773e+01 9.967e+00
s>            ( - -1.955e+02 1 0)
s>            ( WDBNDRY_E 0 -2.002e+03 4.888e+01 8.967e+00
s>                ( - -1.746e+03 1 0)
s>                ( - -2.072e+02 1 0)))
s>        ( WDBNDRY_E 0 -4.941e+02 5.464e+01 2.000e+00
s>            ( - -2.138e+02 1 0)
s>            ( - -2.256e+02 1 0)))INFO: dtree.c(1315): Comp split 79
INFO: dtree.c(1315): Comp split 80
INFO: dtree.c(1315): Comp split 81
INFO: dtree.c(1439): stop. leaf nodes are specific
INFO: dtree.c(1478): Final simple tree
|( QUESTION1 -1 -5.785e+03 5.816e+01 2.533e+01
|    ( - -2.001e+02 1 0)
|    ( - -5.526e+03 2 0))
s>    ( QUESTION1 -1 -5.785e+03 5.816e+01 2.533e+01
s>        ( - -2.001e+02 1 0)
s>        ( - -5.526e+03 2 0))INFO: dtree.c(1315): Comp split 82
INFO: dtree.c(1315): Comp split 83
INFO: dtree.c(1315): Comp split 84
INFO: dtree.c(1315): Comp split 85
INFO: dtree.c(1439): stop. leaf nodes are specific
INFO: dtree.c(1478): Final simple tree
|( QUESTION3 -1 -2.329e+03 6.402e+01 9.937e+00
|    ( - -4.046e+02 1 0)
|    ( QUESTION0_2_R 1 -1.861e+03 5.992e+01 7.998e+00
|        ( - -2.073e+02 1 0)
|        ( QUESTION1 -1 -1.594e+03 5.900e+01 6.998e+00
|            ( - -1.859e+02 1 0)
|            ( - -1.349e+03 2 0))))
s>    ( QUESTION3 -1 -2.329e+03 6.402e+01 9.937e+00
s>        ( - -4.046e+02 1 0)
s>        ( QUESTION0_2_R 1 -1.861e+03 5.992e+01 7.998e+00
s>            ( - -2.073e+02 1 0)
s>            ( QUESTION1 -1 -1.594e+03 5.900e+01 6.998e+00
s>                ( - -1.859e+02 1 0)
s>                ( - -1.349e+03 2 0))))INFO: dtree.c(1315): Comp split 86
INFO: dtree.c(1315): Comp split 87
INFO: dtree.c(1315): Comp split 88
INFO: dtree.c(1439): stop. leaf nodes are specific
INFO: dtree.c(1478): Final simple tree
|( QUESTION0_2_R 1 -1.861e+03 5.992e+01 7.998e+00
|    ( - -2.073e+02 1 0)
|    ( QUESTION1 -1 -1.594e+03 5.900e+01 6.998e+00
|        ( - -1.859e+02 1 0)
|        ( - -1.349e+03 2 0)))
s>    ( QUESTION0_2_R 1 -1.861e+03 5.992e+01 7.998e+00
s>        ( - -2.073e+02 1 0)
s>        ( QUESTION1 -1 -1.594e+03 5.900e+01 6.998e+00
s>            ( - -1.859e+02 1 0)
s>            ( - -1.349e+03 2 0)))INFO: dtree.c(1315): Comp split 89
INFO: dtree.c(1439): stop. leaf nodes are specific
INFO: dtree.c(1478): Final simple tree
|( QUESTION0 -1 -8.988e+02 5.387e+01 4.010e+00
|    ( - -4.177e+02 1 0)
|    ( - -4.272e+02 1 0))
s>    ( QUESTION0 -1 -8.988e+02 5.387e+01 4.010e+00
s>        ( - -4.177e+02 1 0)
s>        ( - -4.272e+02 1 0))INFO: dtree.c(1439): stop. leaf nodes are specific
INFO: dtree.c(1478): Final simple tree
|( QUESTION5 -1 -7.242e+02 6.202e+01 3.215e+00
|    ( - -1.974e+02 1 0)
|    ( - -4.648e+02 1 0))
s>    ( QUESTION5 -1 -7.242e+02 6.202e+01 3.215e+00
s>        ( - -1.974e+02 1 0)
s>        ( - -4.648e+02 1 0))INFO: dtree.c(1315): Comp split 90
INFO: dtree.c(1315): Comp split 91
INFO: dtree.c(1439): stop. leaf nodes are specific
INFO: dtree.c(1478): Final simple tree
|( QUESTION0_9_R 1 -2.255e+03 5.773e+01 9.967e+00
|    ( - -1.955e+02 1 0)
|    ( WDBNDRY_E 0 -2.002e+03 4.888e+01 8.967e+00
|        ( - -1.746e+03 1 0)
|        ( - -2.072e+02 1 0)))
s>    ( QUESTION0_9_R 1 -2.255e+03 5.773e+01 9.967e+00
s>        ( - -1.955e+02 1 0)
s>        ( WDBNDRY_E 0 -2.002e+03 4.888e+01 8.967e+00
s>            ( - -1.746e+03 1 0)
s>            ( - -2.072e+02 1 0)))INFO: dtree.c(1439): stop. leaf nodes are specific
INFO: dtree.c(1478): Final simple tree
|( WDBNDRY_E 0 -4.941e+02 5.464e+01 2.000e+00
|    ( - -2.138e+02 1 0)
|    ( - -2.256e+02 1 0))
s>    ( WDBNDRY_E 0 -4.941e+02 5.464e+01 2.000e+00
s>        ( - -2.138e+02 1 0)
s>        ( - -2.256e+02 1 0))INFO: dtree.c(1315): Comp split 92
INFO: dtree.c(1315): Comp split 93
INFO: dtree.c(1439): stop. leaf nodes are specific
INFO: dtree.c(1478): Final simple tree
|( QUESTION1 -1 -1.594e+03 5.900e+01 6.998e+00
|    ( - -1.859e+02 1 0)
|    ( - -1.349e+03 2 0))
s>    ( QUESTION1 -1 -1.594e+03 5.900e+01 6.998e+00
s>        ( - -1.859e+02 1 0)
s>        ( - -1.349e+03 2 0))INFO: dtree.c(1315): Comp split 94
INFO: dtree.c(1315): Comp split 95
INFO: dtree.c(1315): Comp split 96
INFO: dtree.c(1439): stop. leaf nodes are specific
INFO: dtree.c(1478): Final simple tree
|( WDBNDRY_E 0 -2.002e+03 4.888e+01 8.967e+00
|    ( - -1.746e+03 1 0)
|    ( - -2.072e+02 1 0))
s>    ( WDBNDRY_E 0 -2.002e+03 4.888e+01 8.967e+00
s>        ( - -1.746e+03 1 0)
s>        ( - -2.072e+02 1 0))INFO: dtree.c(1315): Comp split 97
INFO: dtree.c(1315): Comp split 98
INFO: dtree.c(1315): Comp split 99
INFO: dtree.c(1315): Comp split 100
INFO: dtree.c(1315): Comp split 101
INFO: dtree.c(1315): Comp split 102
INFO: dtree.c(1318): stop. leaf nodes are specific
Thu May  7 00:23:25 2020
