Current configuration:
[NAME]		[DEFLT]	[VALUE]
-allphones	no	no
-cntthresh	0.00001	1.000000e-05
-csplitmax	100	2000
-csplitmin	1	1
-csplitthr	8e-4	0.000000e+00
-example	no	no
-fullvar	no	no
-help		no	no
-meanfn			/home/abdy/Desktop/diploma/kg/model_parameters/kg.cd_cont_untied/means
-mixwfn			/home/abdy/Desktop/diploma/kg/model_parameters/kg.cd_cont_untied/mixture_weights
-moddeffn		/home/abdy/Desktop/diploma/kg/model_architecture/kg.untied.mdef
-mwfloor	1e-4	1.000000e-08
-phone			ng
-psetfn			/home/abdy/Desktop/diploma/kg/model_architecture/kg.tree_questions
-ssplitmax	5	7
-ssplitmin	1	1
-ssplitthr	8e-4	0.000000e+00
-state			0
-stwt			1.0,0.05,0.0,
-treefn			/home/abdy/Desktop/diploma/kg/trees/kg.unpruned/ng-0.dtree
-ts2cbfn	.semi.	.cont.
-varfloor	0.00001	1.000000e-05
-varfn			/home/abdy/Desktop/diploma/kg/model_parameters/kg.cd_cont_untied/variances

INFO: main.c(223): Reading: /home/abdy/Desktop/diploma/kg/model_architecture/kg.untied.mdef
INFO: model_def_io.c(573): Model definition info:
INFO: model_def_io.c(574): 10297 total models defined (47 base, 10250 tri)
INFO: model_def_io.c(575): 41188 total states
INFO: model_def_io.c(576): 30891 total tied states
INFO: model_def_io.c(577): 141 total tied CI states
INFO: model_def_io.c(578): 47 total tied transition matrices
INFO: model_def_io.c(579): 4 max state/model
INFO: model_def_io.c(580): 4 min state/model
INFO: main.c(242): Building trees for [ng a a e] through [ng y zh e]
INFO: main.c(269): Covering states |[16254 16526]| == 273
INFO: main.c(275): Reading: /home/abdy/Desktop/diploma/kg/model_parameters/kg.cd_cont_untied/mixture_weights
INFO: s3mixw_io.c(173): Read /home/abdy/Desktop/diploma/kg/model_parameters/kg.cd_cont_untied/mixture_weights [273x1x1 array]
INFO: main.c(311): 11 of 91 models have observation count greater than 0.000010
INFO: main.c(95): nrm stwt: 0.952 0.048 0.000 
INFO: s3gau_io.c(169): Read /home/abdy/Desktop/diploma/kg/model_parameters/kg.cd_cont_untied/means [30891x1x1 array]
INFO: s3gau_io.c(169): Read /home/abdy/Desktop/diploma/kg/model_parameters/kg.cd_cont_untied/variances [30891x1x1 array]
INFO: main.c(549): Reading: /home/abdy/Desktop/diploma/kg/model_architecture/kg.tree_questions
INFO: main.c(588): 174 total simple questions (166 phone; 8 word bndry)
INFO: main.c(590): 40 Left Only questions, and 42 Right Only questions
INFO: dtree.c(1478): Final simple tree
|( QUESTION13 -1 -9.251e+03 3.225e+02 3.937e+01
|    ( - -3.813e+02 1 0)
|    ( QUESTION6 1 -8.547e+03 2.583e+02 3.637e+01
|        ( - -1.960e+02 1 0)
|        ( QUESTION0_12_R 1 -8.093e+03 2.380e+02 3.437e+01
|            ( - -1.121e+03 1 0)
|            ( QUESTION0_19_R 1 -6.734e+03 1.927e+02 2.837e+01
|                ( - -1.051e+03 1 0)
|                ( WDBNDRY_E 0 -5.490e+03 1.707e+02 2.337e+01
|                    ( - -1.318e+03 2 0 QUESTION0_2_R 1 1.392e+02 6.000e+00)
|                    ( QUESTION2_1_L -1 -4.001e+03 1.480e+02 1.737e+01
|                        ( - -1.484e+03 2 0 QUESTION0_2_R 1 1.093e+02 7.057e+00)
|                        ( QUESTION0_7_R 1 -2.369e+03 2.051e+02 1.031e+01
|                            ( - -4.590e+02 1 0)
|                            ( - -1.705e+03 2 0 QUESTION0_3_R 1 8.784e+01 7.314e+00))))))))
s>    ( QUESTION13 -1 -9.251e+03 3.225e+02 3.937e+01
s>        ( - -3.813e+02 1 0)
s>        ( QUESTION6 1 -8.547e+03 2.583e+02 3.637e+01
s>            ( - -1.960e+02 1 0)
s>            ( QUESTION0_12_R 1 -8.093e+03 2.380e+02 3.437e+01
s>                ( - -1.121e+03 1 0)
s>                ( QUESTION0_19_R 1 -6.734e+03 1.927e+02 2.837e+01
s>                    ( - -1.051e+03 1 0)
s>                    ( WDBNDRY_E 0 -5.490e+03 1.707e+02 2.337e+01
s>                        ( - -1.318e+03 2 0 QUESTION0_2_R 1 1.392e+02 6.000e+00)
s>                        ( QUESTION2_1_L -1 -4.001e+03 1.480e+02 1.737e+01
s>                            ( - -1.484e+03 2 0 QUESTION0_2_R 1 1.093e+02 7.057e+00)
s>                            ( QUESTION0_7_R 1 -2.369e+03 2.051e+02 1.031e+01
s>                                ( - -4.590e+02 1 0)
s>                                ( - -1.705e+03 2 0 QUESTION0_3_R 1 8.784e+01 7.314e+00))))))))INFO: dtree.c(1315): Comp split 0
INFO: dtree.c(1478): Final simple tree
|( QUESTION6 1 -8.547e+03 2.583e+02 3.637e+01
|    ( - -1.960e+02 1 0)
|    ( QUESTION0_12_R 1 -8.093e+03 2.380e+02 3.437e+01
|        ( - -1.121e+03 1 0)
|        ( QUESTION0_19_R 1 -6.734e+03 1.927e+02 2.837e+01
|            ( - -1.051e+03 1 0)
|            ( WDBNDRY_E 0 -5.490e+03 1.707e+02 2.337e+01
|                ( QUESTION0_2_R 1 -1.318e+03 1.392e+02 6.000e+00
|                    ( - -7.395e+02 1 0)
|                    ( - -4.396e+02 1 0))
|                ( QUESTION2_1_L -1 -4.001e+03 1.480e+02 1.737e+01
|                    ( - -1.484e+03 2 0 QUESTION0_2_R 1 1.093e+02 7.057e+00)
|                    ( QUESTION0_7_R 1 -2.369e+03 2.051e+02 1.031e+01
|                        ( - -4.590e+02 1 0)
|                        ( - -1.705e+03 2 0 QUESTION0_3_R 1 8.784e+01 7.314e+00)))))))
s>    ( QUESTION6 1 -8.547e+03 2.583e+02 3.637e+01
s>        ( - -1.960e+02 1 0)
s>        ( QUESTION0_12_R 1 -8.093e+03 2.380e+02 3.437e+01
s>            ( - -1.121e+03 1 0)
s>            ( QUESTION0_19_R 1 -6.734e+03 1.927e+02 2.837e+01
s>                ( - -1.051e+03 1 0)
s>                ( WDBNDRY_E 0 -5.490e+03 1.707e+02 2.337e+01
s>                    ( QUESTION0_2_R 1 -1.318e+03 1.392e+02 6.000e+00
s>                        ( - -7.395e+02 1 0)
s>                        ( - -4.396e+02 1 0))
s>                    ( QUESTION2_1_L -1 -4.001e+03 1.480e+02 1.737e+01
s>                        ( - -1.484e+03 2 0 QUESTION0_2_R 1 1.093e+02 7.057e+00)
s>                        ( QUESTION0_7_R 1 -2.369e+03 2.051e+02 1.031e+01
s>                            ( - -4.590e+02 1 0)
s>                            ( - -1.705e+03 2 0 QUESTION0_3_R 1 8.784e+01 7.314e+00)))))))INFO: dtree.c(1315): Comp split 1
INFO: dtree.c(1478): Final simple tree
|( QUESTION0_12_R 1 -8.093e+03 2.380e+02 3.437e+01
|    ( - -1.121e+03 1 0)
|    ( QUESTION0_19_R 1 -6.734e+03 1.927e+02 2.837e+01
|        ( - -1.051e+03 1 0)
|        ( WDBNDRY_E 0 -5.490e+03 1.707e+02 2.337e+01
|            ( QUESTION0_2_R 1 -1.318e+03 1.392e+02 6.000e+00
|                ( - -7.395e+02 1 0)
|                ( - -4.396e+02 1 0))
|            ( QUESTION2_1_L -1 -4.001e+03 1.480e+02 1.737e+01
|                ( QUESTION0_2_R 1 -1.484e+03 1.093e+02 7.057e+00
|                    ( - -6.446e+02 1 0)
|                    ( - -7.300e+02 1 0))
|                ( QUESTION0_7_R 1 -2.369e+03 2.051e+02 1.031e+01
|                    ( - -4.590e+02 1 0)
|                    ( - -1.705e+03 2 0 QUESTION0_3_R 1 8.784e+01 7.314e+00))))))
s>    ( QUESTION0_12_R 1 -8.093e+03 2.380e+02 3.437e+01
s>        ( - -1.121e+03 1 0)
s>        ( QUESTION0_19_R 1 -6.734e+03 1.927e+02 2.837e+01
s>            ( - -1.051e+03 1 0)
s>            ( WDBNDRY_E 0 -5.490e+03 1.707e+02 2.337e+01
s>                ( QUESTION0_2_R 1 -1.318e+03 1.392e+02 6.000e+00
s>                    ( - -7.395e+02 1 0)
s>                    ( - -4.396e+02 1 0))
s>                ( QUESTION2_1_L -1 -4.001e+03 1.480e+02 1.737e+01
s>                    ( QUESTION0_2_R 1 -1.484e+03 1.093e+02 7.057e+00
s>                        ( - -6.446e+02 1 0)
s>                        ( - -7.300e+02 1 0))
s>                    ( QUESTION0_7_R 1 -2.369e+03 2.051e+02 1.031e+01
s>                        ( - -4.590e+02 1 0)
s>                        ( - -1.705e+03 2 0 QUESTION0_3_R 1 8.784e+01 7.314e+00))))))INFO: dtree.c(1315): Comp split 2
INFO: dtree.c(1439): stop. leaf nodes are specific
INFO: dtree.c(1478): Final simple tree
|( WDBNDRY_E 0 -4.795e+03 1.573e+02 2.037e+01
|    ( QUESTION0_2_R 1 -1.318e+03 1.392e+02 6.000e+00
|        ( - -7.395e+02 1 0)
|        ( - -4.396e+02 1 0))
|    ( QUESTION2_1_L -1 -3.320e+03 1.305e+02 1.437e+01
|        ( QUESTION0_2_R 1 -1.484e+03 1.093e+02 7.057e+00
|            ( - -6.446e+02 1 0)
|            ( - -7.300e+02 1 0))
|        ( QUESTION0_3_R 1 -1.705e+03 8.784e+01 7.314e+00
|            ( - -1.236e+03 1 0)
|            ( - -3.809e+02 1 0))))
s>    ( WDBNDRY_E 0 -4.795e+03 1.573e+02 2.037e+01
s>        ( QUESTION0_2_R 1 -1.318e+03 1.392e+02 6.000e+00
s>            ( - -7.395e+02 1 0)
s>            ( - -4.396e+02 1 0))
s>        ( QUESTION2_1_L -1 -3.320e+03 1.305e+02 1.437e+01
s>            ( QUESTION0_2_R 1 -1.484e+03 1.093e+02 7.057e+00
s>                ( - -6.446e+02 1 0)
s>                ( - -7.300e+02 1 0))
s>            ( QUESTION0_3_R 1 -1.705e+03 8.784e+01 7.314e+00
s>                ( - -1.236e+03 1 0)
s>                ( - -3.809e+02 1 0))))INFO: dtree.c(1439): stop. leaf nodes are specific
INFO: dtree.c(1478): Final simple tree
|( WDBNDRY_E 0 -3.056e+03 2.304e+02 1.400e+01
|    ( QUESTION0_11_R 1 -2.367e+03 1.950e+02 1.100e+01
|        ( - -1.121e+03 1 0)
|        ( - -1.051e+03 1 0))
|    ( - -4.590e+02 1 0))
s>    ( WDBNDRY_E 0 -3.056e+03 2.304e+02 1.400e+01
s>        ( QUESTION0_11_R 1 -2.367e+03 1.950e+02 1.100e+01
s>            ( - -1.121e+03 1 0)
s>            ( - -1.051e+03 1 0))
s>        ( - -4.590e+02 1 0))INFO: dtree.c(1315): Comp split 3
INFO: dtree.c(1439): stop. leaf nodes are specific
INFO: dtree.c(1478): Final simple tree
|( QUESTION0_11_R 1 -2.367e+03 1.950e+02 1.100e+01
|    ( - -1.121e+03 1 0)
|    ( - -1.051e+03 1 0))
s>    ( QUESTION0_11_R 1 -2.367e+03 1.950e+02 1.100e+01
s>        ( - -1.121e+03 1 0)
s>        ( - -1.051e+03 1 0))INFO: dtree.c(1315): Comp split 4
INFO: dtree.c(1315): Comp split 5
INFO: dtree.c(1439): stop. leaf nodes are specific
INFO: dtree.c(1478): Final simple tree
|( QUESTION2_1_L -1 -3.886e+03 1.324e+02 1.637e+01
|    ( QUESTION0_2_R 1 -1.484e+03 1.093e+02 7.057e+00
|        ( - -6.446e+02 1 0)
|        ( - -7.300e+02 1 0))
|    ( WDBNDRY_E 0 -2.269e+03 1.244e+02 9.314e+00
|        ( - -4.396e+02 1 0)
|        ( QUESTION0_3_R 1 -1.705e+03 8.784e+01 7.314e+00
|            ( - -1.236e+03 1 0)
|            ( - -3.809e+02 1 0))))
s>    ( QUESTION2_1_L -1 -3.886e+03 1.324e+02 1.637e+01
s>        ( QUESTION0_2_R 1 -1.484e+03 1.093e+02 7.057e+00
s>            ( - -6.446e+02 1 0)
s>            ( - -7.300e+02 1 0))
s>        ( WDBNDRY_E 0 -2.269e+03 1.244e+02 9.314e+00
s>            ( - -4.396e+02 1 0)
s>            ( QUESTION0_3_R 1 -1.705e+03 8.784e+01 7.314e+00
s>                ( - -1.236e+03 1 0)
s>                ( - -3.809e+02 1 0))))INFO: dtree.c(1315): Comp split 6
INFO: dtree.c(1439): stop. leaf nodes are specific
INFO: dtree.c(1478): Final simple tree
|( WDBNDRY_E 0 -2.269e+03 1.244e+02 9.314e+00
|    ( - -4.396e+02 1 0)
|    ( QUESTION0_3_R 1 -1.705e+03 8.784e+01 7.314e+00
|        ( - -1.236e+03 1 0)
|        ( - -3.809e+02 1 0)))
s>    ( WDBNDRY_E 0 -2.269e+03 1.244e+02 9.314e+00
s>        ( - -4.396e+02 1 0)
s>        ( QUESTION0_3_R 1 -1.705e+03 8.784e+01 7.314e+00
s>            ( - -1.236e+03 1 0)
s>            ( - -3.809e+02 1 0)))INFO: dtree.c(1439): stop. leaf nodes are specific
INFO: dtree.c(1478): Final simple tree
|( QUESTION0_2_R 1 -1.484e+03 1.093e+02 7.057e+00
|    ( - -6.446e+02 1 0)
|    ( - -7.300e+02 1 0))
s>    ( QUESTION0_2_R 1 -1.484e+03 1.093e+02 7.057e+00
s>        ( - -6.446e+02 1 0)
s>        ( - -7.300e+02 1 0))INFO: dtree.c(1315): Comp split 7
INFO: dtree.c(1439): stop. leaf nodes are specific
INFO: dtree.c(1478): Final simple tree
|( QUESTION0_3_R 1 -1.705e+03 8.784e+01 7.314e+00
|    ( - -1.236e+03 1 0)
|    ( - -3.809e+02 1 0))
s>    ( QUESTION0_3_R 1 -1.705e+03 8.784e+01 7.314e+00
s>        ( - -1.236e+03 1 0)
s>        ( - -3.809e+02 1 0))INFO: dtree.c(1315): Comp split 8
INFO: dtree.c(1315): Comp split 9
INFO: dtree.c(1315): Comp split 10
INFO: dtree.c(1318): stop. leaf nodes are specific
Thu May  7 00:23:27 2020
