Current configuration:
[NAME]		[DEFLT]	[VALUE]
-allphones	no	no
-cntthresh	0.00001	1.000000e-05
-csplitmax	100	2000
-csplitmin	1	1
-csplitthr	8e-4	0.000000e+00
-example	no	no
-fullvar	no	no
-help		no	no
-meanfn			/home/abdy/Desktop/diploma/kg/model_parameters/kg.cd_cont_untied/means
-mixwfn			/home/abdy/Desktop/diploma/kg/model_parameters/kg.cd_cont_untied/mixture_weights
-moddeffn		/home/abdy/Desktop/diploma/kg/model_architecture/kg.untied.mdef
-mwfloor	1e-4	1.000000e-08
-phone			v
-psetfn			/home/abdy/Desktop/diploma/kg/model_architecture/kg.tree_questions
-ssplitmax	5	7
-ssplitmin	1	1
-ssplitthr	8e-4	0.000000e+00
-state			1
-stwt			1.0,0.05,0.0,
-treefn			/home/abdy/Desktop/diploma/kg/trees/kg.unpruned/v-1.dtree
-ts2cbfn	.semi.	.cont.
-varfloor	0.00001	1.000000e-05
-varfn			/home/abdy/Desktop/diploma/kg/model_parameters/kg.cd_cont_untied/variances

INFO: main.c(223): Reading: /home/abdy/Desktop/diploma/kg/model_architecture/kg.untied.mdef
INFO: model_def_io.c(573): Model definition info:
INFO: model_def_io.c(574): 10297 total models defined (47 base, 10250 tri)
INFO: model_def_io.c(575): 41188 total states
INFO: model_def_io.c(576): 30891 total tied states
INFO: model_def_io.c(577): 141 total tied CI states
INFO: model_def_io.c(578): 47 total tied transition matrices
INFO: model_def_io.c(579): 4 max state/model
INFO: model_def_io.c(580): 4 min state/model
INFO: main.c(242): Building trees for [v SIL r b] through [v z je i]
INFO: main.c(269): Covering states |[27981 28283]| == 303
INFO: main.c(275): Reading: /home/abdy/Desktop/diploma/kg/model_parameters/kg.cd_cont_untied/mixture_weights
INFO: s3mixw_io.c(173): Read /home/abdy/Desktop/diploma/kg/model_parameters/kg.cd_cont_untied/mixture_weights [303x1x1 array]
INFO: main.c(311): 17 of 101 models have observation count greater than 0.000010
INFO: main.c(95): nrm stwt: 0.045 0.909 0.045 
INFO: s3gau_io.c(169): Read /home/abdy/Desktop/diploma/kg/model_parameters/kg.cd_cont_untied/means [30891x1x1 array]
INFO: s3gau_io.c(169): Read /home/abdy/Desktop/diploma/kg/model_parameters/kg.cd_cont_untied/variances [30891x1x1 array]
INFO: main.c(549): Reading: /home/abdy/Desktop/diploma/kg/model_architecture/kg.tree_questions
INFO: main.c(588): 174 total simple questions (166 phone; 8 word bndry)
INFO: main.c(590): 40 Left Only questions, and 42 Right Only questions
INFO: dtree.c(1478): Final simple tree
|( QUESTION0 -1 -1.229e+04 4.827e+02 5.214e+01
|    ( - 2.413e+02 1 0)
|    ( QUESTION16 -1 -1.205e+04 4.816e+02 5.114e+01
|        ( - 2.420e+02 1 0)
|        ( QUESTION15 -1 -1.181e+04 4.898e+02 5.014e+01
|            ( - 2.418e+02 1 0)
|            ( QUESTION0_6_R 1 -1.156e+04 2.205e+02 4.914e+01
|                ( - -2.249e+02 1 0)
|                ( WDBNDRY_B 0 -1.111e+04 2.315e+02 4.714e+01
|                    ( - -2.310e+02 1 0)
|                    ( QUESTION0_19_R 1 -1.065e+04 1.944e+02 4.514e+01
|                        ( - -1.408e+03 1 0)
|                        ( WDBNDRY_E 0 -9.050e+03 1.581e+02 3.814e+01
|                            ( - -4.402e+03 4 0 SILENCE 1 1.440e+02 1.927e+01)
|                            ( - -4.490e+03 7 0 QUESTION0_15_R 1 1.284e+02 1.887e+01))))))))
s>    ( QUESTION0 -1 -1.229e+04 4.827e+02 5.214e+01
s>        ( - 2.413e+02 1 0)
s>        ( QUESTION16 -1 -1.205e+04 4.816e+02 5.114e+01
s>            ( - 2.420e+02 1 0)
s>            ( QUESTION15 -1 -1.181e+04 4.898e+02 5.014e+01
s>                ( - 2.418e+02 1 0)
s>                ( QUESTION0_6_R 1 -1.156e+04 2.205e+02 4.914e+01
s>                    ( - -2.249e+02 1 0)
s>                    ( WDBNDRY_B 0 -1.111e+04 2.315e+02 4.714e+01
s>                        ( - -2.310e+02 1 0)
s>                        ( QUESTION0_19_R 1 -1.065e+04 1.944e+02 4.514e+01
s>                            ( - -1.408e+03 1 0)
s>                            ( WDBNDRY_E 0 -9.050e+03 1.581e+02 3.814e+01
s>                                ( - -4.402e+03 4 0 SILENCE 1 1.440e+02 1.927e+01)
s>                                ( - -4.490e+03 7 0 QUESTION0_15_R 1 1.284e+02 1.887e+01))))))))INFO: dtree.c(1315): Comp split 0
INFO: dtree.c(1478): Final simple tree
|( QUESTION0 -1 -1.204e+04 4.823e+02 5.114e+01
|    ( - 2.413e+02 1 0)
|    ( QUESTION15 -1 -1.180e+04 4.821e+02 5.014e+01
|        ( - 2.420e+02 1 0)
|        ( QUESTION0_6_R 1 -1.156e+04 2.205e+02 4.914e+01
|            ( - -2.249e+02 1 0)
|            ( WDBNDRY_B 0 -1.111e+04 2.315e+02 4.714e+01
|                ( - -2.310e+02 1 0)
|                ( QUESTION0_19_R 1 -1.065e+04 1.944e+02 4.514e+01
|                    ( - -1.408e+03 1 0)
|                    ( WDBNDRY_E 0 -9.050e+03 1.581e+02 3.814e+01
|                        ( SILENCE 1 -4.402e+03 1.440e+02 1.927e+01
|                            ( - -2.606e+03 2 0 QUESTION2_1_L -1 1.320e+02 1.127e+01)
|                            ( - -1.652e+03 2 0 QUESTION0_3_R 1 6.868e+01 8.000e+00))
|                        ( - -4.490e+03 7 0 QUESTION0_15_R 1 1.284e+02 1.887e+01)))))))
s>    ( QUESTION0 -1 -1.204e+04 4.823e+02 5.114e+01
s>        ( - 2.413e+02 1 0)
s>        ( QUESTION15 -1 -1.180e+04 4.821e+02 5.014e+01
s>            ( - 2.420e+02 1 0)
s>            ( QUESTION0_6_R 1 -1.156e+04 2.205e+02 4.914e+01
s>                ( - -2.249e+02 1 0)
s>                ( WDBNDRY_B 0 -1.111e+04 2.315e+02 4.714e+01
s>                    ( - -2.310e+02 1 0)
s>                    ( QUESTION0_19_R 1 -1.065e+04 1.944e+02 4.514e+01
s>                        ( - -1.408e+03 1 0)
s>                        ( WDBNDRY_E 0 -9.050e+03 1.581e+02 3.814e+01
s>                            ( SILENCE 1 -4.402e+03 1.440e+02 1.927e+01
s>                                ( - -2.606e+03 2 0 QUESTION2_1_L -1 1.320e+02 1.127e+01)
s>                                ( - -1.652e+03 2 0 QUESTION0_3_R 1 6.868e+01 8.000e+00))
s>                            ( - -4.490e+03 7 0 QUESTION0_15_R 1 1.284e+02 1.887e+01)))))))INFO: dtree.c(1315): Comp split 1
INFO: dtree.c(1478): Final simple tree
|( QUESTION15 -1 -1.180e+04 4.821e+02 5.014e+01
|    ( - 2.420e+02 1 0)
|    ( QUESTION0_6_R 1 -1.156e+04 2.205e+02 4.914e+01
|        ( - -2.249e+02 1 0)
|        ( WDBNDRY_B 0 -1.111e+04 2.315e+02 4.714e+01
|            ( - -2.310e+02 1 0)
|            ( QUESTION0_19_R 1 -1.065e+04 1.944e+02 4.514e+01
|                ( - -1.408e+03 1 0)
|                ( WDBNDRY_E 0 -9.050e+03 1.581e+02 3.814e+01
|                    ( SILENCE 1 -4.402e+03 1.440e+02 1.927e+01
|                        ( QUESTION2_1_L -1 -2.606e+03 1.320e+02 1.127e+01
|                            ( - -9.526e+02 1 0)
|                            ( - -1.521e+03 1 0))
|                        ( - -1.652e+03 2 0 QUESTION0_3_R 1 6.868e+01 8.000e+00))
|                    ( - -4.490e+03 7 0 QUESTION0_15_R 1 1.284e+02 1.887e+01))))))
s>    ( QUESTION15 -1 -1.180e+04 4.821e+02 5.014e+01
s>        ( - 2.420e+02 1 0)
s>        ( QUESTION0_6_R 1 -1.156e+04 2.205e+02 4.914e+01
s>            ( - -2.249e+02 1 0)
s>            ( WDBNDRY_B 0 -1.111e+04 2.315e+02 4.714e+01
s>                ( - -2.310e+02 1 0)
s>                ( QUESTION0_19_R 1 -1.065e+04 1.944e+02 4.514e+01
s>                    ( - -1.408e+03 1 0)
s>                    ( WDBNDRY_E 0 -9.050e+03 1.581e+02 3.814e+01
s>                        ( SILENCE 1 -4.402e+03 1.440e+02 1.927e+01
s>                            ( QUESTION2_1_L -1 -2.606e+03 1.320e+02 1.127e+01
s>                                ( - -9.526e+02 1 0)
s>                                ( - -1.521e+03 1 0))
s>                            ( - -1.652e+03 2 0 QUESTION0_3_R 1 6.868e+01 8.000e+00))
s>                        ( - -4.490e+03 7 0 QUESTION0_15_R 1 1.284e+02 1.887e+01))))))INFO: dtree.c(1315): Comp split 2
INFO: dtree.c(1478): Final simple tree
|( QUESTION0_6_R 1 -1.156e+04 2.205e+02 4.914e+01
|    ( - -2.249e+02 1 0)
|    ( WDBNDRY_B 0 -1.111e+04 2.315e+02 4.714e+01
|        ( - -2.310e+02 1 0)
|        ( QUESTION0_19_R 1 -1.065e+04 1.944e+02 4.514e+01
|            ( - -1.408e+03 1 0)
|            ( WDBNDRY_E 0 -9.050e+03 1.581e+02 3.814e+01
|                ( SILENCE 1 -4.402e+03 1.440e+02 1.927e+01
|                    ( QUESTION2_1_L -1 -2.606e+03 1.320e+02 1.127e+01
|                        ( - -9.526e+02 1 0)
|                        ( - -1.521e+03 1 0))
|                    ( - -1.652e+03 2 0 QUESTION0_3_R 1 6.868e+01 8.000e+00))
|                ( QUESTION0_15_R 1 -4.490e+03 1.284e+02 1.887e+01
|                    ( - -2.690e+03 2 0 QUESTION2_1_L -1 1.368e+02 1.188e+01)
|                    ( - -1.672e+03 5 0 QUESTION0_2_R 1 1.073e+02 6.985e+00))))))
s>    ( QUESTION0_6_R 1 -1.156e+04 2.205e+02 4.914e+01
s>        ( - -2.249e+02 1 0)
s>        ( WDBNDRY_B 0 -1.111e+04 2.315e+02 4.714e+01
s>            ( - -2.310e+02 1 0)
s>            ( QUESTION0_19_R 1 -1.065e+04 1.944e+02 4.514e+01
s>                ( - -1.408e+03 1 0)
s>                ( WDBNDRY_E 0 -9.050e+03 1.581e+02 3.814e+01
s>                    ( SILENCE 1 -4.402e+03 1.440e+02 1.927e+01
s>                        ( QUESTION2_1_L -1 -2.606e+03 1.320e+02 1.127e+01
s>                            ( - -9.526e+02 1 0)
s>                            ( - -1.521e+03 1 0))
s>                        ( - -1.652e+03 2 0 QUESTION0_3_R 1 6.868e+01 8.000e+00))
s>                    ( QUESTION0_15_R 1 -4.490e+03 1.284e+02 1.887e+01
s>                        ( - -2.690e+03 2 0 QUESTION2_1_L -1 1.368e+02 1.188e+01)
s>                        ( - -1.672e+03 5 0 QUESTION0_2_R 1 1.073e+02 6.985e+00))))))INFO: dtree.c(1315): Comp split 3
INFO: dtree.c(1478): Final simple tree
|( WDBNDRY_E 0 -7.247e+03 1.511e+02 3.014e+01
|    ( QUESTION2_1_L -1 -2.606e+03 1.320e+02 1.127e+01
|        ( - -9.526e+02 1 0)
|        ( - -1.521e+03 1 0))
|    ( QUESTION0_15_R 1 -4.490e+03 1.284e+02 1.887e+01
|        ( QUESTION2_1_L -1 -2.690e+03 1.368e+02 1.188e+01
|            ( - -1.072e+03 1 0)
|            ( - -1.481e+03 1 0))
|        ( QUESTION0_2_R 1 -1.672e+03 1.073e+02 6.985e+00
|            ( QUESTION0_3_R 1 -1.126e+03 9.964e+01 4.985e+00
|                ( QUESTION11 -1 -8.748e+02 7.861e+01 3.985e+00
|                    ( - -1.599e+02 1 0)
|                    ( - -6.363e+02 2 0 QUESTION2_1_L -1 7.710e+01 2.985e+00))
|                ( - -1.516e+02 1 0))
|            ( - -4.386e+02 1 0))))
s>    ( WDBNDRY_E 0 -7.247e+03 1.511e+02 3.014e+01
s>        ( QUESTION2_1_L -1 -2.606e+03 1.320e+02 1.127e+01
s>            ( - -9.526e+02 1 0)
s>            ( - -1.521e+03 1 0))
s>        ( QUESTION0_15_R 1 -4.490e+03 1.284e+02 1.887e+01
s>            ( QUESTION2_1_L -1 -2.690e+03 1.368e+02 1.188e+01
s>                ( - -1.072e+03 1 0)
s>                ( - -1.481e+03 1 0))
s>            ( QUESTION0_2_R 1 -1.672e+03 1.073e+02 6.985e+00
s>                ( QUESTION0_3_R 1 -1.126e+03 9.964e+01 4.985e+00
s>                    ( QUESTION11 -1 -8.748e+02 7.861e+01 3.985e+00
s>                        ( - -1.599e+02 1 0)
s>                        ( - -6.363e+02 2 0 QUESTION2_1_L -1 7.710e+01 2.985e+00))
s>                    ( - -1.516e+02 1 0))
s>                ( - -4.386e+02 1 0))))INFO: dtree.c(1439): stop. leaf nodes are specific
INFO: dtree.c(1478): Final simple tree
|( QUESTION0_6_R 1 -4.083e+03 2.097e+02 1.900e+01
|    ( - -2.249e+02 1 0)
|    ( WDBNDRY_B 0 -3.648e+03 2.314e+02 1.700e+01
|        ( - -2.310e+02 1 0)
|        ( QUESTION0_2_R 1 -3.186e+03 1.260e+02 1.500e+01
|            ( QUESTION0_3_R 1 -1.652e+03 6.868e+01 8.000e+00
|                ( - -1.319e+03 1 0)
|                ( - -2.637e+02 1 0))
|            ( - -1.408e+03 1 0))))
s>    ( QUESTION0_6_R 1 -4.083e+03 2.097e+02 1.900e+01
s>        ( - -2.249e+02 1 0)
s>        ( WDBNDRY_B 0 -3.648e+03 2.314e+02 1.700e+01
s>            ( - -2.310e+02 1 0)
s>            ( QUESTION0_2_R 1 -3.186e+03 1.260e+02 1.500e+01
s>                ( QUESTION0_3_R 1 -1.652e+03 6.868e+01 8.000e+00
s>                    ( - -1.319e+03 1 0)
s>                    ( - -2.637e+02 1 0))
s>                ( - -1.408e+03 1 0))))INFO: dtree.c(1315): Comp split 4
INFO: dtree.c(1439): stop. leaf nodes are specific
INFO: dtree.c(1478): Final simple tree
|( WDBNDRY_B 0 -3.626e+03 2.156e+02 1.700e+01
|    ( - -2.249e+02 1 0)
|    ( QUESTION0_2_R 1 -3.186e+03 1.260e+02 1.500e+01
|        ( QUESTION0_3_R 1 -1.652e+03 6.868e+01 8.000e+00
|            ( - -1.319e+03 1 0)
|            ( - -2.637e+02 1 0))
|        ( - -1.408e+03 1 0)))
s>    ( WDBNDRY_B 0 -3.626e+03 2.156e+02 1.700e+01
s>        ( - -2.249e+02 1 0)
s>        ( QUESTION0_2_R 1 -3.186e+03 1.260e+02 1.500e+01
s>            ( QUESTION0_3_R 1 -1.652e+03 6.868e+01 8.000e+00
s>                ( - -1.319e+03 1 0)
s>                ( - -2.637e+02 1 0))
s>            ( - -1.408e+03 1 0)))INFO: dtree.c(1315): Comp split 5
INFO: dtree.c(1439): stop. leaf nodes are specific
INFO: dtree.c(1478): Final simple tree
|( QUESTION0_2_R 1 -3.186e+03 1.260e+02 1.500e+01
|    ( QUESTION0_3_R 1 -1.652e+03 6.868e+01 8.000e+00
|        ( - -1.319e+03 1 0)
|        ( - -2.637e+02 1 0))
|    ( - -1.408e+03 1 0))
s>    ( QUESTION0_2_R 1 -3.186e+03 1.260e+02 1.500e+01
s>        ( QUESTION0_3_R 1 -1.652e+03 6.868e+01 8.000e+00
s>            ( - -1.319e+03 1 0)
s>            ( - -2.637e+02 1 0))
s>        ( - -1.408e+03 1 0))INFO: dtree.c(1315): Comp split 6
INFO: dtree.c(1439): stop. leaf nodes are specific
INFO: dtree.c(1478): Final simple tree
|( WDBNDRY_E 0 -3.403e+03 1.288e+02 1.420e+01
|    ( - -9.526e+02 1 0)
|    ( QUESTION0_3_R 1 -2.322e+03 1.289e+02 9.984e+00
|        ( QUESTION11 -1 -8.748e+02 7.861e+01 3.985e+00
|            ( - -1.599e+02 1 0)
|            ( QUESTION2_1_L -1 -6.363e+02 7.710e+01 2.985e+00
|                ( - -3.786e+02 1 0)
|                ( - -1.806e+02 1 0)))
|        ( QUESTION0_2_R 1 -1.318e+03 9.464e+01 5.999e+00
|            ( - -1.516e+02 1 0)
|            ( - -1.072e+03 1 0))))
s>    ( WDBNDRY_E 0 -3.403e+03 1.288e+02 1.420e+01
s>        ( - -9.526e+02 1 0)
s>        ( QUESTION0_3_R 1 -2.322e+03 1.289e+02 9.984e+00
s>            ( QUESTION11 -1 -8.748e+02 7.861e+01 3.985e+00
s>                ( - -1.599e+02 1 0)
s>                ( QUESTION2_1_L -1 -6.363e+02 7.710e+01 2.985e+00
s>                    ( - -3.786e+02 1 0)
s>                    ( - -1.806e+02 1 0)))
s>            ( QUESTION0_2_R 1 -1.318e+03 9.464e+01 5.999e+00
s>                ( - -1.516e+02 1 0)
s>                ( - -1.072e+03 1 0))))INFO: dtree.c(1439): stop. leaf nodes are specific
INFO: dtree.c(1478): Final simple tree
|( WDBNDRY_E 0 -3.687e+03 1.402e+02 1.594e+01
|    ( - -1.521e+03 1 0)
|    ( QUESTION0_12_R 1 -2.026e+03 1.061e+02 8.884e+00
|        ( - -4.386e+02 1 0)
|        ( - -1.481e+03 1 0)))
s>    ( WDBNDRY_E 0 -3.687e+03 1.402e+02 1.594e+01
s>        ( - -1.521e+03 1 0)
s>        ( QUESTION0_12_R 1 -2.026e+03 1.061e+02 8.884e+00
s>            ( - -4.386e+02 1 0)
s>            ( - -1.481e+03 1 0)))INFO: dtree.c(1315): Comp split 7
INFO: dtree.c(1439): stop. leaf nodes are specific
INFO: dtree.c(1478): Final simple tree
|( QUESTION0_12_R 1 -2.026e+03 1.061e+02 8.884e+00
|    ( - -4.386e+02 1 0)
|    ( - -1.481e+03 1 0))
s>    ( QUESTION0_12_R 1 -2.026e+03 1.061e+02 8.884e+00
s>        ( - -4.386e+02 1 0)
s>        ( - -1.481e+03 1 0))INFO: dtree.c(1315): Comp split 8
INFO: dtree.c(1439): stop. leaf nodes are specific
INFO: dtree.c(1478): Final simple tree
|( QUESTION0_3_R 1 -2.322e+03 1.289e+02 9.984e+00
|    ( QUESTION11 -1 -8.748e+02 7.861e+01 3.985e+00
|        ( - -1.599e+02 1 0)
|        ( QUESTION2_1_L -1 -6.363e+02 7.710e+01 2.985e+00
|            ( - -3.786e+02 1 0)
|            ( - -1.806e+02 1 0)))
|    ( QUESTION0_2_R 1 -1.318e+03 9.464e+01 5.999e+00
|        ( - -1.516e+02 1 0)
|        ( - -1.072e+03 1 0)))
s>    ( QUESTION0_3_R 1 -2.322e+03 1.289e+02 9.984e+00
s>        ( QUESTION11 -1 -8.748e+02 7.861e+01 3.985e+00
s>            ( - -1.599e+02 1 0)
s>            ( QUESTION2_1_L -1 -6.363e+02 7.710e+01 2.985e+00
s>                ( - -3.786e+02 1 0)
s>                ( - -1.806e+02 1 0)))
s>        ( QUESTION0_2_R 1 -1.318e+03 9.464e+01 5.999e+00
s>            ( - -1.516e+02 1 0)
s>            ( - -1.072e+03 1 0)))INFO: dtree.c(1315): Comp split 9
INFO: dtree.c(1439): stop. leaf nodes are specific
INFO: dtree.c(1478): Final simple tree
|( QUESTION11 -1 -8.748e+02 7.861e+01 3.985e+00
|    ( - -1.599e+02 1 0)
|    ( QUESTION2_1_L -1 -6.363e+02 7.710e+01 2.985e+00
|        ( - -3.786e+02 1 0)
|        ( - -1.806e+02 1 0)))
s>    ( QUESTION11 -1 -8.748e+02 7.861e+01 3.985e+00
s>        ( - -1.599e+02 1 0)
s>        ( QUESTION2_1_L -1 -6.363e+02 7.710e+01 2.985e+00
s>            ( - -3.786e+02 1 0)
s>            ( - -1.806e+02 1 0)))INFO: dtree.c(1439): stop. leaf nodes are specific
INFO: dtree.c(1478): Final simple tree
|( QUESTION0_2_R 1 -1.318e+03 9.464e+01 5.999e+00
|    ( - -1.516e+02 1 0)
|    ( - -1.072e+03 1 0))
s>    ( QUESTION0_2_R 1 -1.318e+03 9.464e+01 5.999e+00
s>        ( - -1.516e+02 1 0)
s>        ( - -1.072e+03 1 0))INFO: dtree.c(1315): Comp split 10
INFO: dtree.c(1439): stop. leaf nodes are specific
INFO: dtree.c(1478): Final simple tree
|( QUESTION0_3_R 1 -1.652e+03 6.868e+01 8.000e+00
|    ( - -1.319e+03 1 0)
|    ( - -2.637e+02 1 0))
s>    ( QUESTION0_3_R 1 -1.652e+03 6.868e+01 8.000e+00
s>        ( - -1.319e+03 1 0)
s>        ( - -2.637e+02 1 0))INFO: dtree.c(1315): Comp split 11
INFO: dtree.c(1315): Comp split 12
INFO: dtree.c(1315): Comp split 13
INFO: dtree.c(1439): stop. leaf nodes are specific
INFO: dtree.c(1478): Final simple tree
|( QUESTION2_1_L -1 -6.363e+02 7.710e+01 2.985e+00
|    ( - -3.786e+02 1 0)
|    ( - -1.806e+02 1 0))
s>    ( QUESTION2_1_L -1 -6.363e+02 7.710e+01 2.985e+00
s>        ( - -3.786e+02 1 0)
s>        ( - -1.806e+02 1 0))INFO: dtree.c(1315): Comp split 14
INFO: dtree.c(1315): Comp split 15
INFO: dtree.c(1315): Comp split 16
INFO: dtree.c(1318): stop. leaf nodes are specific
Thu May  7 00:23:20 2020
