Current configuration:
[NAME]		[DEFLT]	[VALUE]
-allphones	no	no
-cntthresh	0.00001	1.000000e-05
-csplitmax	100	2000
-csplitmin	1	1
-csplitthr	8e-4	0.000000e+00
-example	no	no
-fullvar	no	no
-help		no	no
-meanfn			/home/abdy/Desktop/diploma/kg/model_parameters/kg.cd_cont_untied/means
-mixwfn			/home/abdy/Desktop/diploma/kg/model_parameters/kg.cd_cont_untied/mixture_weights
-moddeffn		/home/abdy/Desktop/diploma/kg/model_architecture/kg.untied.mdef
-mwfloor	1e-4	1.000000e-08
-phone			c
-psetfn			/home/abdy/Desktop/diploma/kg/model_architecture/kg.tree_questions
-ssplitmax	5	7
-ssplitmin	1	1
-ssplitthr	8e-4	0.000000e+00
-state			2
-stwt			1.0,0.05,0.0,
-treefn			/home/abdy/Desktop/diploma/kg/trees/kg.unpruned/c-2.dtree
-ts2cbfn	.semi.	.cont.
-varfloor	0.00001	1.000000e-05
-varfn			/home/abdy/Desktop/diploma/kg/model_parameters/kg.cd_cont_untied/variances

INFO: main.c(223): Reading: /home/abdy/Desktop/diploma/kg/model_architecture/kg.untied.mdef
INFO: model_def_io.c(573): Model definition info:
INFO: model_def_io.c(574): 10297 total models defined (47 base, 10250 tri)
INFO: model_def_io.c(575): 41188 total states
INFO: model_def_io.c(576): 30891 total tied states
INFO: model_def_io.c(577): 141 total tied CI states
INFO: model_def_io.c(578): 47 total tied transition matrices
INFO: model_def_io.c(579): 4 max state/model
INFO: model_def_io.c(580): 4 min state/model
INFO: main.c(242): Building trees for [c SIL o b] through [c y je b]
INFO: main.c(269): Covering states |[3891 3956]| == 66
INFO: main.c(275): Reading: /home/abdy/Desktop/diploma/kg/model_parameters/kg.cd_cont_untied/mixture_weights
INFO: s3mixw_io.c(173): Read /home/abdy/Desktop/diploma/kg/model_parameters/kg.cd_cont_untied/mixture_weights [66x1x1 array]
INFO: main.c(311): 6 of 22 models have observation count greater than 0.000010
INFO: main.c(95): nrm stwt: 0.000 0.048 0.952 
INFO: s3gau_io.c(169): Read /home/abdy/Desktop/diploma/kg/model_parameters/kg.cd_cont_untied/means [30891x1x1 array]
INFO: s3gau_io.c(169): Read /home/abdy/Desktop/diploma/kg/model_parameters/kg.cd_cont_untied/variances [30891x1x1 array]
INFO: main.c(549): Reading: /home/abdy/Desktop/diploma/kg/model_architecture/kg.tree_questions
INFO: main.c(588): 174 total simple questions (166 phone; 8 word bndry)
INFO: main.c(590): 40 Left Only questions, and 42 Right Only questions
INFO: dtree.c(1439): stop. leaf nodes are specific
INFO: dtree.c(1478): Final simple tree
|( QUESTION0_6_R 1 -1.388e+04 4.928e+02 5.912e+01
|    ( - 2.142e+02 1 0)
|    ( QUESTION4 -1 -1.360e+04 2.281e+02 5.812e+01
|        ( - -5.526e+03 1 0)
|        ( WDBNDRY_B 0 -7.850e+03 1.612e+02 3.414e+01
|            ( - -1.188e+03 1 0)
|            ( QUESTION11 -1 -6.500e+03 1.307e+02 2.814e+01
|                ( - -6.141e+02 1 0)
|                ( - -5.756e+03 2 0)))))
s>    ( QUESTION0_6_R 1 -1.388e+04 4.928e+02 5.912e+01
s>        ( - 2.142e+02 1 0)
s>        ( QUESTION4 -1 -1.360e+04 2.281e+02 5.812e+01
s>            ( - -5.526e+03 1 0)
s>            ( WDBNDRY_B 0 -7.850e+03 1.612e+02 3.414e+01
s>                ( - -1.188e+03 1 0)
s>                ( QUESTION11 -1 -6.500e+03 1.307e+02 2.814e+01
s>                    ( - -6.141e+02 1 0)
s>                    ( - -5.756e+03 2 0)))))INFO: dtree.c(1315): Comp split 0
INFO: dtree.c(1439): stop. leaf nodes are specific
INFO: dtree.c(1478): Final simple tree
|( QUESTION4 -1 -1.360e+04 2.281e+02 5.812e+01
|    ( - -5.526e+03 1 0)
|    ( WDBNDRY_B 0 -7.850e+03 1.612e+02 3.414e+01
|        ( - -1.188e+03 1 0)
|        ( QUESTION11 -1 -6.500e+03 1.307e+02 2.814e+01
|            ( - -6.141e+02 1 0)
|            ( - -5.756e+03 2 0))))
s>    ( QUESTION4 -1 -1.360e+04 2.281e+02 5.812e+01
s>        ( - -5.526e+03 1 0)
s>        ( WDBNDRY_B 0 -7.850e+03 1.612e+02 3.414e+01
s>            ( - -1.188e+03 1 0)
s>            ( QUESTION11 -1 -6.500e+03 1.307e+02 2.814e+01
s>                ( - -6.141e+02 1 0)
s>                ( - -5.756e+03 2 0))))INFO: dtree.c(1315): Comp split 1
INFO: dtree.c(1439): stop. leaf nodes are specific
INFO: dtree.c(1478): Final simple tree
|( WDBNDRY_B 0 -7.850e+03 1.612e+02 3.414e+01
|    ( - -1.188e+03 1 0)
|    ( QUESTION11 -1 -6.500e+03 1.307e+02 2.814e+01
|        ( - -6.141e+02 1 0)
|        ( - -5.756e+03 2 0)))
s>    ( WDBNDRY_B 0 -7.850e+03 1.612e+02 3.414e+01
s>        ( - -1.188e+03 1 0)
s>        ( QUESTION11 -1 -6.500e+03 1.307e+02 2.814e+01
s>            ( - -6.141e+02 1 0)
s>            ( - -5.756e+03 2 0)))INFO: dtree.c(1315): Comp split 2
INFO: dtree.c(1439): stop. leaf nodes are specific
INFO: dtree.c(1478): Final simple tree
|( QUESTION11 -1 -6.500e+03 1.307e+02 2.814e+01
|    ( - -6.141e+02 1 0)
|    ( - -5.756e+03 2 0))
s>    ( QUESTION11 -1 -6.500e+03 1.307e+02 2.814e+01
s>        ( - -6.141e+02 1 0)
s>        ( - -5.756e+03 2 0))INFO: dtree.c(1315): Comp split 3
INFO: dtree.c(1315): Comp split 4
INFO: dtree.c(1318): stop. leaf nodes are specific
Thu May  7 00:23:33 2020
