Current configuration:
[NAME]		[DEFLT]	[VALUE]
-allphones	no	no
-cntthresh	0.00001	1.000000e-05
-csplitmax	100	2000
-csplitmin	1	1
-csplitthr	8e-4	0.000000e+00
-example	no	no
-fullvar	no	no
-help		no	no
-meanfn			/home/abdy/Desktop/diploma/kg/model_parameters/kg.cd_cont_untied/means
-mixwfn			/home/abdy/Desktop/diploma/kg/model_parameters/kg.cd_cont_untied/mixture_weights
-moddeffn		/home/abdy/Desktop/diploma/kg/model_architecture/kg.untied.mdef
-mwfloor	1e-4	1.000000e-08
-phone			oy0
-psetfn			/home/abdy/Desktop/diploma/kg/model_architecture/kg.tree_questions
-ssplitmax	5	7
-ssplitmin	1	1
-ssplitthr	8e-4	0.000000e+00
-state			0
-stwt			1.0,0.05,0.0,
-treefn			/home/abdy/Desktop/diploma/kg/trees/kg.unpruned/oy0-0.dtree
-ts2cbfn	.semi.	.cont.
-varfloor	0.00001	1.000000e-05
-varfn			/home/abdy/Desktop/diploma/kg/model_parameters/kg.cd_cont_untied/variances

INFO: main.c(223): Reading: /home/abdy/Desktop/diploma/kg/model_architecture/kg.untied.mdef
INFO: model_def_io.c(573): Model definition info:
INFO: model_def_io.c(574): 10297 total models defined (47 base, 10250 tri)
INFO: model_def_io.c(575): 41188 total states
INFO: model_def_io.c(576): 30891 total tied states
INFO: model_def_io.c(577): 141 total tied CI states
INFO: model_def_io.c(578): 47 total tied transition matrices
INFO: model_def_io.c(579): 4 max state/model
INFO: model_def_io.c(580): 4 min state/model
INFO: main.c(242): Building trees for [oy0 b ch i] through [oy0 zh zh e]
INFO: main.c(269): Covering states |[19233 19427]| == 195
INFO: main.c(275): Reading: /home/abdy/Desktop/diploma/kg/model_parameters/kg.cd_cont_untied/mixture_weights
INFO: s3mixw_io.c(173): Read /home/abdy/Desktop/diploma/kg/model_parameters/kg.cd_cont_untied/mixture_weights [195x1x1 array]
INFO: main.c(311): 6 of 65 models have observation count greater than 0.000010
INFO: main.c(95): nrm stwt: 0.952 0.048 0.000 
INFO: s3gau_io.c(169): Read /home/abdy/Desktop/diploma/kg/model_parameters/kg.cd_cont_untied/means [30891x1x1 array]
INFO: s3gau_io.c(169): Read /home/abdy/Desktop/diploma/kg/model_parameters/kg.cd_cont_untied/variances [30891x1x1 array]
INFO: main.c(549): Reading: /home/abdy/Desktop/diploma/kg/model_architecture/kg.tree_questions
INFO: main.c(588): 174 total simple questions (166 phone; 8 word bndry)
INFO: main.c(590): 40 Left Only questions, and 42 Right Only questions
INFO: dtree.c(1439): stop. leaf nodes are specific
INFO: dtree.c(1478): Final simple tree
|( QUESTION0 -1 -6.684e+03 2.079e+02 2.962e+01
|    ( QUESTION1 -1 -3.601e+03 1.982e+02 1.600e+01
|        ( QUESTION0_10_R 1 -2.648e+03 1.935e+02 1.200e+01
|            ( - -9.038e+02 1 0)
|            ( WDBNDRY_E 0 -1.551e+03 1.527e+02 7.000e+00
|                ( - -6.062e+02 1 0)
|                ( - -7.921e+02 1 0)))
|        ( - -7.544e+02 1 0))
|    ( QUESTION0_0_R 1 -2.875e+03 1.318e+02 1.362e+01
|        ( - -1.008e+03 1 0)
|        ( - -1.735e+03 1 0)))
s>    ( QUESTION0 -1 -6.684e+03 2.079e+02 2.962e+01
s>        ( QUESTION1 -1 -3.601e+03 1.982e+02 1.600e+01
s>            ( QUESTION0_10_R 1 -2.648e+03 1.935e+02 1.200e+01
s>                ( - -9.038e+02 1 0)
s>                ( WDBNDRY_E 0 -1.551e+03 1.527e+02 7.000e+00
s>                    ( - -6.062e+02 1 0)
s>                    ( - -7.921e+02 1 0)))
s>            ( - -7.544e+02 1 0))
s>        ( QUESTION0_0_R 1 -2.875e+03 1.318e+02 1.362e+01
s>            ( - -1.008e+03 1 0)
s>            ( - -1.735e+03 1 0)))INFO: dtree.c(1315): Comp split 0
INFO: dtree.c(1439): stop. leaf nodes are specific
INFO: dtree.c(1478): Final simple tree
|( QUESTION0_0_R 1 -2.875e+03 1.318e+02 1.362e+01
|    ( - -1.008e+03 1 0)
|    ( - -1.735e+03 1 0))
s>    ( QUESTION0_0_R 1 -2.875e+03 1.318e+02 1.362e+01
s>        ( - -1.008e+03 1 0)
s>        ( - -1.735e+03 1 0))INFO: dtree.c(1439): stop. leaf nodes are specific
INFO: dtree.c(1478): Final simple tree
|( QUESTION1 -1 -3.601e+03 1.982e+02 1.600e+01
|    ( QUESTION0_10_R 1 -2.648e+03 1.935e+02 1.200e+01
|        ( - -9.038e+02 1 0)
|        ( WDBNDRY_E 0 -1.551e+03 1.527e+02 7.000e+00
|            ( - -6.062e+02 1 0)
|            ( - -7.921e+02 1 0)))
|    ( - -7.544e+02 1 0))
s>    ( QUESTION1 -1 -3.601e+03 1.982e+02 1.600e+01
s>        ( QUESTION0_10_R 1 -2.648e+03 1.935e+02 1.200e+01
s>            ( - -9.038e+02 1 0)
s>            ( WDBNDRY_E 0 -1.551e+03 1.527e+02 7.000e+00
s>                ( - -6.062e+02 1 0)
s>                ( - -7.921e+02 1 0)))
s>        ( - -7.544e+02 1 0))INFO: dtree.c(1315): Comp split 1
INFO: dtree.c(1439): stop. leaf nodes are specific
INFO: dtree.c(1478): Final simple tree
|( QUESTION0_10_R 1 -2.648e+03 1.935e+02 1.200e+01
|    ( - -9.038e+02 1 0)
|    ( WDBNDRY_E 0 -1.551e+03 1.527e+02 7.000e+00
|        ( - -6.062e+02 1 0)
|        ( - -7.921e+02 1 0)))
s>    ( QUESTION0_10_R 1 -2.648e+03 1.935e+02 1.200e+01
s>        ( - -9.038e+02 1 0)
s>        ( WDBNDRY_E 0 -1.551e+03 1.527e+02 7.000e+00
s>            ( - -6.062e+02 1 0)
s>            ( - -7.921e+02 1 0)))INFO: dtree.c(1315): Comp split 2
INFO: dtree.c(1439): stop. leaf nodes are specific
INFO: dtree.c(1478): Final simple tree
|( WDBNDRY_E 0 -1.551e+03 1.527e+02 7.000e+00
|    ( - -6.062e+02 1 0)
|    ( - -7.921e+02 1 0))
s>    ( WDBNDRY_E 0 -1.551e+03 1.527e+02 7.000e+00
s>        ( - -6.062e+02 1 0)
s>        ( - -7.921e+02 1 0))INFO: dtree.c(1315): Comp split 3
INFO: dtree.c(1315): Comp split 4
INFO: dtree.c(1315): Comp split 5
INFO: dtree.c(1318): stop. leaf nodes are specific
Thu May  7 00:23:29 2020
