Current configuration:
[NAME]		[DEFLT]	[VALUE]
-allphones	no	no
-cntthresh	0.00001	1.000000e-05
-csplitmax	100	2000
-csplitmin	1	1
-csplitthr	8e-4	0.000000e+00
-example	no	no
-fullvar	no	no
-help		no	no
-meanfn			/home/abdy/Desktop/diploma/kg/model_parameters/kg.cd_cont_untied/means
-mixwfn			/home/abdy/Desktop/diploma/kg/model_parameters/kg.cd_cont_untied/mixture_weights
-moddeffn		/home/abdy/Desktop/diploma/kg/model_architecture/kg.untied.mdef
-mwfloor	1e-4	1.000000e-08
-phone			e
-psetfn			/home/abdy/Desktop/diploma/kg/model_architecture/kg.tree_questions
-ssplitmax	5	7
-ssplitmin	1	1
-ssplitthr	8e-4	0.000000e+00
-state			1
-stwt			1.0,0.05,0.0,
-treefn			/home/abdy/Desktop/diploma/kg/trees/kg.unpruned/e-1.dtree
-ts2cbfn	.semi.	.cont.
-varfloor	0.00001	1.000000e-05
-varfn			/home/abdy/Desktop/diploma/kg/model_parameters/kg.cd_cont_untied/variances

INFO: main.c(223): Reading: /home/abdy/Desktop/diploma/kg/model_architecture/kg.untied.mdef
INFO: model_def_io.c(573): Model definition info:
INFO: model_def_io.c(574): 10297 total models defined (47 base, 10250 tri)
INFO: model_def_io.c(575): 41188 total states
INFO: model_def_io.c(576): 30891 total tied states
INFO: model_def_io.c(577): 141 total tied CI states
INFO: model_def_io.c(578): 47 total tied transition matrices
INFO: model_def_io.c(579): 4 max state/model
INFO: model_def_io.c(580): 4 min state/model
INFO: main.c(242): Building trees for [e SIL ch b] through [e zh k b]
INFO: main.c(269): Covering states |[5379 5900]| == 522
INFO: main.c(275): Reading: /home/abdy/Desktop/diploma/kg/model_parameters/kg.cd_cont_untied/mixture_weights
INFO: s3mixw_io.c(173): Read /home/abdy/Desktop/diploma/kg/model_parameters/kg.cd_cont_untied/mixture_weights [522x1x1 array]
INFO: main.c(311): 41 of 174 models have observation count greater than 0.000010
INFO: main.c(95): nrm stwt: 0.045 0.909 0.045 
INFO: s3gau_io.c(169): Read /home/abdy/Desktop/diploma/kg/model_parameters/kg.cd_cont_untied/means [30891x1x1 array]
INFO: s3gau_io.c(169): Read /home/abdy/Desktop/diploma/kg/model_parameters/kg.cd_cont_untied/variances [30891x1x1 array]
INFO: main.c(549): Reading: /home/abdy/Desktop/diploma/kg/model_architecture/kg.tree_questions
INFO: main.c(588): 174 total simple questions (166 phone; 8 word bndry)
INFO: main.c(590): 40 Left Only questions, and 42 Right Only questions
INFO: dtree.c(1478): Final simple tree
|( QUESTION2_0_L -1 -4.286e+04 5.302e+02 1.683e+02
|    ( QUESTION3 1 -2.583e+04 4.578e+02 1.077e+02
|        ( - 1.589e+02 1 0)
|        ( QUESTION13 -1 -2.553e+04 2.051e+02 1.067e+02
|            ( - -9.298e+03 8 0 QUESTION0_15_R 1 1.681e+02 4.142e+01)
|            ( QUESTION2_2_L -1 -1.603e+04 2.139e+02 6.532e+01
|                ( - -1.089e+03 1 0)
|                ( - -1.473e+04 17 0 QUESTION0 1 1.433e+02 6.032e+01))))
|    ( QUESTION2 -1 -1.650e+04 4.778e+02 6.060e+01
|        ( - 1.998e+02 1 0)
|        ( SILENCE -1 -1.622e+04 2.216e+02 5.960e+01
|            ( - -9.450e+03 6 0 QUESTION0 1 1.175e+02 3.160e+01)
|            ( QUESTION2 1 -6.546e+03 1.914e+02 2.800e+01
|                ( - -7.526e+02 1 0)
|                ( - -5.602e+03 6 0 QUESTION2_12_L -1 1.543e+02 2.400e+01)))))
s>    ( QUESTION2_0_L -1 -4.286e+04 5.302e+02 1.683e+02
s>        ( QUESTION3 1 -2.583e+04 4.578e+02 1.077e+02
s>            ( - 1.589e+02 1 0)
s>            ( QUESTION13 -1 -2.553e+04 2.051e+02 1.067e+02
s>                ( - -9.298e+03 8 0 QUESTION0_15_R 1 1.681e+02 4.142e+01)
s>                ( QUESTION2_2_L -1 -1.603e+04 2.139e+02 6.532e+01
s>                    ( - -1.089e+03 1 0)
s>                    ( - -1.473e+04 17 0 QUESTION0 1 1.433e+02 6.032e+01))))
s>        ( QUESTION2 -1 -1.650e+04 4.778e+02 6.060e+01
s>            ( - 1.998e+02 1 0)
s>            ( SILENCE -1 -1.622e+04 2.216e+02 5.960e+01
s>                ( - -9.450e+03 6 0 QUESTION0 1 1.175e+02 3.160e+01)
s>                ( QUESTION2 1 -6.546e+03 1.914e+02 2.800e+01
s>                    ( - -7.526e+02 1 0)
s>                    ( - -5.602e+03 6 0 QUESTION2_12_L -1 1.543e+02 2.400e+01)))))INFO: dtree.c(1315): Comp split 0
INFO: dtree.c(1478): Final simple tree
|( QUESTION2 -1 -1.650e+04 4.778e+02 6.060e+01
|    ( - 1.998e+02 1 0)
|    ( SILENCE -1 -1.622e+04 2.216e+02 5.960e+01
|        ( QUESTION0 1 -9.450e+03 1.175e+02 3.160e+01
|            ( QUESTION3 1 -5.382e+03 1.180e+02 2.000e+01
|                ( - -2.240e+03 2 0)
|                ( - -3.024e+03 2 0 QUESTION0_9_R 1 8.886e+01 1.100e+01))
|            ( - -3.950e+03 2 0 QUESTION0_0_R 1 9.442e+01 1.160e+01))
|        ( QUESTION2 1 -6.546e+03 1.914e+02 2.800e+01
|            ( - -7.526e+02 1 0)
|            ( QUESTION2_12_L -1 -5.602e+03 1.543e+02 2.400e+01
|                ( - -1.008e+03 1 0)
|                ( QUESTION0_10_R 1 -4.440e+03 1.360e+02 1.900e+01
|                    ( - -2.961e+03 3 0 QUESTION0_11_R 1 9.451e+01 1.300e+01)
|                    ( - -1.342e+03 2 0 QUESTION0_0_R 1 1.105e+02 6.000e+00))))))
s>    ( QUESTION2 -1 -1.650e+04 4.778e+02 6.060e+01
s>        ( - 1.998e+02 1 0)
s>        ( SILENCE -1 -1.622e+04 2.216e+02 5.960e+01
s>            ( QUESTION0 1 -9.450e+03 1.175e+02 3.160e+01
s>                ( QUESTION3 1 -5.382e+03 1.180e+02 2.000e+01
s>                    ( - -2.240e+03 2 0)
s>                    ( - -3.024e+03 2 0 QUESTION0_9_R 1 8.886e+01 1.100e+01))
s>                ( - -3.950e+03 2 0 QUESTION0_0_R 1 9.442e+01 1.160e+01))
s>            ( QUESTION2 1 -6.546e+03 1.914e+02 2.800e+01
s>                ( - -7.526e+02 1 0)
s>                ( QUESTION2_12_L -1 -5.602e+03 1.543e+02 2.400e+01
s>                    ( - -1.008e+03 1 0)
s>                    ( QUESTION0_10_R 1 -4.440e+03 1.360e+02 1.900e+01
s>                        ( - -2.961e+03 3 0 QUESTION0_11_R 1 9.451e+01 1.300e+01)
s>                        ( - -1.342e+03 2 0 QUESTION0_0_R 1 1.105e+02 6.000e+00))))))INFO: dtree.c(1478): Final simple tree
|( QUESTION3 1 -2.583e+04 4.578e+02 1.077e+02
|    ( - 1.589e+02 1 0)
|    ( QUESTION13 -1 -2.553e+04 2.051e+02 1.067e+02
|        ( QUESTION0_15_R 1 -9.298e+03 1.681e+02 4.142e+01
|            ( - -2.089e+03 1 0)
|            ( QUESTION14 -1 -7.041e+03 1.443e+02 3.117e+01
|                ( - -1.270e+03 1 0)
|                ( - -5.627e+03 6 0 QUESTION0_0_R 1 1.207e+02 2.502e+01)))
|        ( QUESTION2_2_L -1 -1.603e+04 2.139e+02 6.532e+01
|            ( - -1.089e+03 1 0)
|            ( QUESTION0 1 -1.473e+04 1.433e+02 6.032e+01
|                ( QUESTION0_9_R 1 -6.755e+03 1.999e+02 2.900e+01
|                    ( - -3.523e+02 1 0)
|                    ( - -6.202e+03 6 0 QUESTION11 -1 8.492e+01 2.700e+01))
|                ( - -7.827e+03 10 0 QUESTION12 -1 1.275e+02 3.132e+01)))))
s>    ( QUESTION3 1 -2.583e+04 4.578e+02 1.077e+02
s>        ( - 1.589e+02 1 0)
s>        ( QUESTION13 -1 -2.553e+04 2.051e+02 1.067e+02
s>            ( QUESTION0_15_R 1 -9.298e+03 1.681e+02 4.142e+01
s>                ( - -2.089e+03 1 0)
s>                ( QUESTION14 -1 -7.041e+03 1.443e+02 3.117e+01
s>                    ( - -1.270e+03 1 0)
s>                    ( - -5.627e+03 6 0 QUESTION0_0_R 1 1.207e+02 2.502e+01)))
s>            ( QUESTION2_2_L -1 -1.603e+04 2.139e+02 6.532e+01
s>                ( - -1.089e+03 1 0)
s>                ( QUESTION0 1 -1.473e+04 1.433e+02 6.032e+01
s>                    ( QUESTION0_9_R 1 -6.755e+03 1.999e+02 2.900e+01
s>                        ( - -3.523e+02 1 0)
s>                        ( - -6.202e+03 6 0 QUESTION11 -1 8.492e+01 2.700e+01))
s>                    ( - -7.827e+03 10 0 QUESTION12 -1 1.275e+02 3.132e+01)))))INFO: dtree.c(1315): Comp split 1
INFO: dtree.c(1478): Final simple tree
|( SILENCE -1 -1.622e+04 2.216e+02 5.960e+01
|    ( QUESTION0 1 -9.450e+03 1.175e+02 3.160e+01
|        ( QUESTION3 1 -5.382e+03 1.180e+02 2.000e+01
|            ( - -2.240e+03 2 0)
|            ( - -3.024e+03 2 0 QUESTION0_9_R 1 8.886e+01 1.100e+01))
|        ( - -3.950e+03 2 0 QUESTION0_0_R 1 9.442e+01 1.160e+01))
|    ( QUESTION2 1 -6.546e+03 1.914e+02 2.800e+01
|        ( - -7.526e+02 1 0)
|        ( QUESTION2_12_L -1 -5.602e+03 1.543e+02 2.400e+01
|            ( - -1.008e+03 1 0)
|            ( QUESTION0_10_R 1 -4.440e+03 1.360e+02 1.900e+01
|                ( - -2.961e+03 3 0 QUESTION0_11_R 1 9.451e+01 1.300e+01)
|                ( QUESTION0_0_R 1 -1.342e+03 1.105e+02 6.000e+00
|                    ( - -3.586e+02 1 0)
|                    ( - -8.732e+02 1 0))))))
s>    ( SILENCE -1 -1.622e+04 2.216e+02 5.960e+01
s>        ( QUESTION0 1 -9.450e+03 1.175e+02 3.160e+01
s>            ( QUESTION3 1 -5.382e+03 1.180e+02 2.000e+01
s>                ( - -2.240e+03 2 0)
s>                ( - -3.024e+03 2 0 QUESTION0_9_R 1 8.886e+01 1.100e+01))
s>            ( - -3.950e+03 2 0 QUESTION0_0_R 1 9.442e+01 1.160e+01))
s>        ( QUESTION2 1 -6.546e+03 1.914e+02 2.800e+01
s>            ( - -7.526e+02 1 0)
s>            ( QUESTION2_12_L -1 -5.602e+03 1.543e+02 2.400e+01
s>                ( - -1.008e+03 1 0)
s>                ( QUESTION0_10_R 1 -4.440e+03 1.360e+02 1.900e+01
s>                    ( - -2.961e+03 3 0 QUESTION0_11_R 1 9.451e+01 1.300e+01)
s>                    ( QUESTION0_0_R 1 -1.342e+03 1.105e+02 6.000e+00
s>                        ( - -3.586e+02 1 0)
s>                        ( - -8.732e+02 1 0))))))INFO: dtree.c(1315): Comp split 2
INFO: dtree.c(1478): Final simple tree
|( QUESTION13 -1 -2.553e+04 2.051e+02 1.067e+02
|    ( QUESTION0_15_R 1 -9.298e+03 1.681e+02 4.142e+01
|        ( - -2.089e+03 1 0)
|        ( QUESTION14 -1 -7.041e+03 1.443e+02 3.117e+01
|            ( - -1.270e+03 1 0)
|            ( - -5.627e+03 6 0 QUESTION0_0_R 1 1.207e+02 2.502e+01)))
|    ( QUESTION2_2_L -1 -1.603e+04 2.139e+02 6.532e+01
|        ( - -1.089e+03 1 0)
|        ( QUESTION0 1 -1.473e+04 1.433e+02 6.032e+01
|            ( QUESTION0_9_R 1 -6.755e+03 1.999e+02 2.900e+01
|                ( - -3.523e+02 1 0)
|                ( - -6.202e+03 6 0 QUESTION11 -1 8.492e+01 2.700e+01))
|            ( QUESTION12 -1 -7.827e+03 1.275e+02 3.132e+01
|                ( - -4.734e+03 7 0 QUESTION0_9_R 1 1.228e+02 1.802e+01)
|                ( - -2.966e+03 3 0 QUESTION0 -1 1.245e+02 1.330e+01)))))
s>    ( QUESTION13 -1 -2.553e+04 2.051e+02 1.067e+02
s>        ( QUESTION0_15_R 1 -9.298e+03 1.681e+02 4.142e+01
s>            ( - -2.089e+03 1 0)
s>            ( QUESTION14 -1 -7.041e+03 1.443e+02 3.117e+01
s>                ( - -1.270e+03 1 0)
s>                ( - -5.627e+03 6 0 QUESTION0_0_R 1 1.207e+02 2.502e+01)))
s>        ( QUESTION2_2_L -1 -1.603e+04 2.139e+02 6.532e+01
s>            ( - -1.089e+03 1 0)
s>            ( QUESTION0 1 -1.473e+04 1.433e+02 6.032e+01
s>                ( QUESTION0_9_R 1 -6.755e+03 1.999e+02 2.900e+01
s>                    ( - -3.523e+02 1 0)
s>                    ( - -6.202e+03 6 0 QUESTION11 -1 8.492e+01 2.700e+01))
s>                ( QUESTION12 -1 -7.827e+03 1.275e+02 3.132e+01
s>                    ( - -4.734e+03 7 0 QUESTION0_9_R 1 1.228e+02 1.802e+01)
s>                    ( - -2.966e+03 3 0 QUESTION0 -1 1.245e+02 1.330e+01)))))INFO: dtree.c(1315): Comp split 3
INFO: dtree.c(1439): stop. leaf nodes are specific
INFO: dtree.c(1478): Final simple tree
|( QUESTION0_9_R 1 -3.038e+03 1.793e+02 1.315e+01
|    ( - -3.523e+02 1 0)
|    ( QUESTION0_11_R 1 -2.506e+03 1.473e+02 1.115e+01
|        ( - -1.089e+03 1 0)
|        ( - -1.270e+03 1 0)))
s>    ( QUESTION0_9_R 1 -3.038e+03 1.793e+02 1.315e+01
s>        ( - -3.523e+02 1 0)
s>        ( QUESTION0_11_R 1 -2.506e+03 1.473e+02 1.115e+01
s>            ( - -1.089e+03 1 0)
s>            ( - -1.270e+03 1 0)))INFO: dtree.c(1478): Final simple tree
|( QUESTION13 -1 -2.222e+04 1.861e+02 9.359e+01
|    ( QUESTION0_15_R 1 -7.873e+03 1.573e+02 3.527e+01
|        ( - -2.089e+03 1 0)
|        ( QUESTION0_0_R 1 -5.627e+03 1.207e+02 2.502e+01
|            ( - -1.243e+03 2 0 QUESTION16 -1 2.131e+02 5.893e+00)
|            ( - -4.263e+03 4 0 QUESTION0_11_R 1 1.034e+02 1.913e+01)))
|    ( QUESTION0_11_R 1 -1.416e+04 1.349e+02 5.832e+01
|        ( - -6.202e+03 6 0 QUESTION11 -1 8.492e+01 2.700e+01)
|        ( QUESTION12 -1 -7.827e+03 1.275e+02 3.132e+01
|            ( QUESTION0_9_R 1 -4.734e+03 1.228e+02 1.802e+01
|                ( - -7.310e+02 1 0)
|                ( - -3.880e+03 6 0 QUESTION0_0_R 1 8.875e+01 1.502e+01))
|            ( QUESTION0 -1 -2.966e+03 1.245e+02 1.330e+01
|                ( - -1.528e+03 1 0)
|                ( - -1.314e+03 2 0 QUESTION0_0_R 1 7.657e+01 6.427e+00)))))
s>    ( QUESTION13 -1 -2.222e+04 1.861e+02 9.359e+01
s>        ( QUESTION0_15_R 1 -7.873e+03 1.573e+02 3.527e+01
s>            ( - -2.089e+03 1 0)
s>            ( QUESTION0_0_R 1 -5.627e+03 1.207e+02 2.502e+01
s>                ( - -1.243e+03 2 0 QUESTION16 -1 2.131e+02 5.893e+00)
s>                ( - -4.263e+03 4 0 QUESTION0_11_R 1 1.034e+02 1.913e+01)))
s>        ( QUESTION0_11_R 1 -1.416e+04 1.349e+02 5.832e+01
s>            ( - -6.202e+03 6 0 QUESTION11 -1 8.492e+01 2.700e+01)
s>            ( QUESTION12 -1 -7.827e+03 1.275e+02 3.132e+01
s>                ( QUESTION0_9_R 1 -4.734e+03 1.228e+02 1.802e+01
s>                    ( - -7.310e+02 1 0)
s>                    ( - -3.880e+03 6 0 QUESTION0_0_R 1 8.875e+01 1.502e+01))
s>                ( QUESTION0 -1 -2.966e+03 1.245e+02 1.330e+01
s>                    ( - -1.528e+03 1 0)
s>                    ( - -1.314e+03 2 0 QUESTION0_0_R 1 7.657e+01 6.427e+00)))))INFO: dtree.c(1315): Comp split 4
INFO: dtree.c(1439): stop. leaf nodes are specific
INFO: dtree.c(1478): Final simple tree
|( QUESTION2 1 -6.546e+03 1.914e+02 2.800e+01
|    ( - -7.526e+02 1 0)
|    ( QUESTION2_12_L -1 -5.602e+03 1.543e+02 2.400e+01
|        ( - -1.008e+03 1 0)
|        ( QUESTION0_10_R 1 -4.440e+03 1.360e+02 1.900e+01
|            ( QUESTION0_11_R 1 -2.961e+03 9.451e+01 1.300e+01
|                ( - -6.207e+02 1 0)
|                ( QUESTION1 -1 -2.246e+03 9.450e+01 9.998e+00
|                    ( - -1.487e+03 1 0)
|                    ( - -6.650e+02 1 0)))
|            ( QUESTION0_0_R 1 -1.342e+03 1.105e+02 6.000e+00
|                ( - -3.586e+02 1 0)
|                ( - -8.732e+02 1 0)))))
s>    ( QUESTION2 1 -6.546e+03 1.914e+02 2.800e+01
s>        ( - -7.526e+02 1 0)
s>        ( QUESTION2_12_L -1 -5.602e+03 1.543e+02 2.400e+01
s>            ( - -1.008e+03 1 0)
s>            ( QUESTION0_10_R 1 -4.440e+03 1.360e+02 1.900e+01
s>                ( QUESTION0_11_R 1 -2.961e+03 9.451e+01 1.300e+01
s>                    ( - -6.207e+02 1 0)
s>                    ( QUESTION1 -1 -2.246e+03 9.450e+01 9.998e+00
s>                        ( - -1.487e+03 1 0)
s>                        ( - -6.650e+02 1 0)))
s>                ( QUESTION0_0_R 1 -1.342e+03 1.105e+02 6.000e+00
s>                    ( - -3.586e+02 1 0)
s>                    ( - -8.732e+02 1 0)))))INFO: dtree.c(1439): stop. leaf nodes are specific
INFO: dtree.c(1478): Final simple tree
|( QUESTION0 1 -9.450e+03 1.175e+02 3.160e+01
|    ( QUESTION3 1 -5.382e+03 1.180e+02 2.000e+01
|        ( - -2.240e+03 2 0)
|        ( QUESTION0_9_R 1 -3.024e+03 8.886e+01 1.100e+01
|            ( - -1.133e+03 1 0)
|            ( - -1.802e+03 1 0)))
|    ( QUESTION0_0_R 1 -3.950e+03 9.442e+01 1.160e+01
|        ( - -1.561e+03 1 0)
|        ( - -2.295e+03 1 0)))
s>    ( QUESTION0 1 -9.450e+03 1.175e+02 3.160e+01
s>        ( QUESTION3 1 -5.382e+03 1.180e+02 2.000e+01
s>            ( - -2.240e+03 2 0)
s>            ( QUESTION0_9_R 1 -3.024e+03 8.886e+01 1.100e+01
s>                ( - -1.133e+03 1 0)
s>                ( - -1.802e+03 1 0)))
s>        ( QUESTION0_0_R 1 -3.950e+03 9.442e+01 1.160e+01
s>            ( - -1.561e+03 1 0)
s>            ( - -2.295e+03 1 0)))INFO: dtree.c(1315): Comp split 5
INFO: dtree.c(1439): stop. leaf nodes are specific
INFO: dtree.c(1478): Final simple tree
|( QUESTION2_12_L -1 -5.602e+03 1.543e+02 2.400e+01
|    ( - -1.008e+03 1 0)
|    ( QUESTION0_10_R 1 -4.440e+03 1.360e+02 1.900e+01
|        ( QUESTION0_11_R 1 -2.961e+03 9.451e+01 1.300e+01
|            ( - -6.207e+02 1 0)
|            ( QUESTION1 -1 -2.246e+03 9.450e+01 9.998e+00
|                ( - -1.487e+03 1 0)
|                ( - -6.650e+02 1 0)))
|        ( QUESTION0_0_R 1 -1.342e+03 1.105e+02 6.000e+00
|            ( - -3.586e+02 1 0)
|            ( - -8.732e+02 1 0))))
s>    ( QUESTION2_12_L -1 -5.602e+03 1.543e+02 2.400e+01
s>        ( - -1.008e+03 1 0)
s>        ( QUESTION0_10_R 1 -4.440e+03 1.360e+02 1.900e+01
s>            ( QUESTION0_11_R 1 -2.961e+03 9.451e+01 1.300e+01
s>                ( - -6.207e+02 1 0)
s>                ( QUESTION1 -1 -2.246e+03 9.450e+01 9.998e+00
s>                    ( - -1.487e+03 1 0)
s>                    ( - -6.650e+02 1 0)))
s>            ( QUESTION0_0_R 1 -1.342e+03 1.105e+02 6.000e+00
s>                ( - -3.586e+02 1 0)
s>                ( - -8.732e+02 1 0))))INFO: dtree.c(1315): Comp split 6
INFO: dtree.c(1478): Final simple tree
|( QUESTION0_11_R 1 -1.416e+04 1.349e+02 5.832e+01
|    ( QUESTION11 -1 -6.202e+03 8.492e+01 2.700e+01
|        ( - -1.237e+03 2 0 QUESTION0_12_R 1 6.590e+01 5.004e+00)
|        ( - -4.880e+03 4 0 QUESTION0_12_R 1 7.478e+01 2.200e+01))
|    ( QUESTION12 -1 -7.827e+03 1.275e+02 3.132e+01
|        ( QUESTION0_9_R 1 -4.734e+03 1.228e+02 1.802e+01
|            ( - -7.310e+02 1 0)
|            ( QUESTION0_0_R 1 -3.880e+03 8.875e+01 1.502e+01
|                ( - -2.457e+03 3 0)
|                ( - -1.334e+03 3 0)))
|        ( QUESTION0 -1 -2.966e+03 1.245e+02 1.330e+01
|            ( - -1.528e+03 1 0)
|            ( QUESTION0_0_R 1 -1.314e+03 7.657e+01 6.427e+00
|                ( - -4.537e+02 1 0)
|                ( - -7.840e+02 1 0)))))
s>    ( QUESTION0_11_R 1 -1.416e+04 1.349e+02 5.832e+01
s>        ( QUESTION11 -1 -6.202e+03 8.492e+01 2.700e+01
s>            ( - -1.237e+03 2 0 QUESTION0_12_R 1 6.590e+01 5.004e+00)
s>            ( - -4.880e+03 4 0 QUESTION0_12_R 1 7.478e+01 2.200e+01))
s>        ( QUESTION12 -1 -7.827e+03 1.275e+02 3.132e+01
s>            ( QUESTION0_9_R 1 -4.734e+03 1.228e+02 1.802e+01
s>                ( - -7.310e+02 1 0)
s>                ( QUESTION0_0_R 1 -3.880e+03 8.875e+01 1.502e+01
s>                    ( - -2.457e+03 3 0)
s>                    ( - -1.334e+03 3 0)))
s>            ( QUESTION0 -1 -2.966e+03 1.245e+02 1.330e+01
s>                ( - -1.528e+03 1 0)
s>                ( QUESTION0_0_R 1 -1.314e+03 7.657e+01 6.427e+00
s>                    ( - -4.537e+02 1 0)
s>                    ( - -7.840e+02 1 0)))))INFO: dtree.c(1439): stop. leaf nodes are specific
INFO: dtree.c(1478): Final simple tree
|( QUESTION0_15_R 1 -7.873e+03 1.573e+02 3.527e+01
|    ( - -2.089e+03 1 0)
|    ( QUESTION0_0_R 1 -5.627e+03 1.207e+02 2.502e+01
|        ( QUESTION16 -1 -1.243e+03 2.131e+02 5.893e+00
|            ( - -2.266e+02 1 0)
|            ( - -8.031e+02 1 0))
|        ( QUESTION0_11_R 1 -4.263e+03 1.034e+02 1.913e+01
|            ( QUESTION16 -1 -2.496e+03 1.710e+02 1.200e+01
|                ( - -1.211e+03 1 0)
|                ( - -1.113e+03 1 0))
|            ( WDBNDRY_B 0 -1.664e+03 6.710e+01 7.130e+00
|                ( - -1.121e+03 1 0)
|                ( - -4.759e+02 1 0)))))
s>    ( QUESTION0_15_R 1 -7.873e+03 1.573e+02 3.527e+01
s>        ( - -2.089e+03 1 0)
s>        ( QUESTION0_0_R 1 -5.627e+03 1.207e+02 2.502e+01
s>            ( QUESTION16 -1 -1.243e+03 2.131e+02 5.893e+00
s>                ( - -2.266e+02 1 0)
s>                ( - -8.031e+02 1 0))
s>            ( QUESTION0_11_R 1 -4.263e+03 1.034e+02 1.913e+01
s>                ( QUESTION16 -1 -2.496e+03 1.710e+02 1.200e+01
s>                    ( - -1.211e+03 1 0)
s>                    ( - -1.113e+03 1 0))
s>                ( WDBNDRY_B 0 -1.664e+03 6.710e+01 7.130e+00
s>                    ( - -1.121e+03 1 0)
s>                    ( - -4.759e+02 1 0)))))INFO: dtree.c(1315): Comp split 7
INFO: dtree.c(1439): stop. leaf nodes are specific
INFO: dtree.c(1478): Final simple tree
|( QUESTION0_15_R 1 -7.427e+03 1.591e+02 3.327e+01
|    ( - -2.089e+03 1 0)
|    ( QUESTION0_11_R 1 -5.179e+03 1.241e+02 2.302e+01
|        ( QUESTION16 -1 -2.496e+03 1.710e+02 1.200e+01
|            ( - -1.211e+03 1 0)
|            ( - -1.113e+03 1 0))
|        ( QUESTION0_0_R 1 -2.559e+03 9.162e+01 1.102e+01
|            ( - -8.031e+02 1 0)
|            ( WDBNDRY_B 0 -1.664e+03 6.710e+01 7.130e+00
|                ( - -1.121e+03 1 0)
|                ( - -4.759e+02 1 0)))))
s>    ( QUESTION0_15_R 1 -7.427e+03 1.591e+02 3.327e+01
s>        ( - -2.089e+03 1 0)
s>        ( QUESTION0_11_R 1 -5.179e+03 1.241e+02 2.302e+01
s>            ( QUESTION16 -1 -2.496e+03 1.710e+02 1.200e+01
s>                ( - -1.211e+03 1 0)
s>                ( - -1.113e+03 1 0))
s>            ( QUESTION0_0_R 1 -2.559e+03 9.162e+01 1.102e+01
s>                ( - -8.031e+02 1 0)
s>                ( WDBNDRY_B 0 -1.664e+03 6.710e+01 7.130e+00
s>                    ( - -1.121e+03 1 0)
s>                    ( - -4.759e+02 1 0)))))INFO: dtree.c(1315): Comp split 8
INFO: dtree.c(1439): stop. leaf nodes are specific
INFO: dtree.c(1478): Final simple tree
|( QUESTION0_11_R 1 -3.907e+03 1.369e+02 1.702e+01
|    ( - -1.211e+03 1 0)
|    ( QUESTION0_0_R 1 -2.559e+03 9.162e+01 1.102e+01
|        ( - -8.031e+02 1 0)
|        ( WDBNDRY_B 0 -1.664e+03 6.710e+01 7.130e+00
|            ( - -1.121e+03 1 0)
|            ( - -4.759e+02 1 0))))
s>    ( QUESTION0_11_R 1 -3.907e+03 1.369e+02 1.702e+01
s>        ( - -1.211e+03 1 0)
s>        ( QUESTION0_0_R 1 -2.559e+03 9.162e+01 1.102e+01
s>            ( - -8.031e+02 1 0)
s>            ( WDBNDRY_B 0 -1.664e+03 6.710e+01 7.130e+00
s>                ( - -1.121e+03 1 0)
s>                ( - -4.759e+02 1 0))))INFO: dtree.c(1439): stop. leaf nodes are specific
INFO: dtree.c(1478): Final simple tree
|( QUESTION0_12_R 1 -3.333e+03 1.304e+02 1.625e+01
|    ( - -1.113e+03 1 0)
|    ( - -2.089e+03 1 0))
s>    ( QUESTION0_12_R 1 -3.333e+03 1.304e+02 1.625e+01
s>        ( - -1.113e+03 1 0)
s>        ( - -2.089e+03 1 0))INFO: dtree.c(1315): Comp split 9
INFO: dtree.c(1439): stop. leaf nodes are specific
INFO: dtree.c(1478): Final simple tree
|( QUESTION0_11_R 1 -2.506e+03 1.473e+02 1.115e+01
|    ( - -1.089e+03 1 0)
|    ( - -1.270e+03 1 0))
s>    ( QUESTION0_11_R 1 -2.506e+03 1.473e+02 1.115e+01
s>        ( - -1.089e+03 1 0)
s>        ( - -1.270e+03 1 0))INFO: dtree.c(1315): Comp split 10
INFO: dtree.c(1439): stop. leaf nodes are specific
INFO: dtree.c(1478): Final simple tree
|( QUESTION0_10_R 1 -4.440e+03 1.360e+02 1.900e+01
|    ( QUESTION0_11_R 1 -2.961e+03 9.451e+01 1.300e+01
|        ( - -6.207e+02 1 0)
|        ( QUESTION1 -1 -2.246e+03 9.450e+01 9.998e+00
|            ( - -1.487e+03 1 0)
|            ( - -6.650e+02 1 0)))
|    ( QUESTION0_0_R 1 -1.342e+03 1.105e+02 6.000e+00
|        ( - -3.586e+02 1 0)
|        ( - -8.732e+02 1 0)))
s>    ( QUESTION0_10_R 1 -4.440e+03 1.360e+02 1.900e+01
s>        ( QUESTION0_11_R 1 -2.961e+03 9.451e+01 1.300e+01
s>            ( - -6.207e+02 1 0)
s>            ( QUESTION1 -1 -2.246e+03 9.450e+01 9.998e+00
s>                ( - -1.487e+03 1 0)
s>                ( - -6.650e+02 1 0)))
s>        ( QUESTION0_0_R 1 -1.342e+03 1.105e+02 6.000e+00
s>            ( - -3.586e+02 1 0)
s>            ( - -8.732e+02 1 0)))INFO: dtree.c(1315): Comp split 11
INFO: dtree.c(1315): Comp split 12
INFO: dtree.c(1439): stop. leaf nodes are specific
INFO: dtree.c(1478): Final simple tree
|( QUESTION11 -1 -7.230e+03 1.345e+02 3.243e+01
|    ( - -7.840e+02 1 0)
|    ( QUESTION0_12_R 1 -6.312e+03 1.035e+02 2.800e+01
|        ( - -4.324e+03 2 0)
|        ( QUESTION0_11_R 1 -1.885e+03 6.880e+01 8.000e+00
|            ( - -4.818e+02 2 0)
|            ( - -1.334e+03 3 0))))
s>    ( QUESTION11 -1 -7.230e+03 1.345e+02 3.243e+01
s>        ( - -7.840e+02 1 0)
s>        ( QUESTION0_12_R 1 -6.312e+03 1.035e+02 2.800e+01
s>            ( - -4.324e+03 2 0)
s>            ( QUESTION0_11_R 1 -1.885e+03 6.880e+01 8.000e+00
s>                ( - -4.818e+02 2 0)
s>                ( - -1.334e+03 3 0))))INFO: dtree.c(1439): stop. leaf nodes are specific
INFO: dtree.c(1478): Final simple tree
|( QUESTION0_9_R 1 -6.792e+03 1.306e+02 2.589e+01
|    ( - -7.310e+02 1 0)
|    ( QUESTION0_19_R 1 -5.931e+03 1.211e+02 2.289e+01
|        ( - -1.528e+03 1 0)
|        ( QUESTION11 -1 -4.282e+03 7.983e+01 1.602e+01
|            ( QUESTION0_12_R 1 -1.745e+03 6.036e+01 7.005e+00
|                ( - -9.152e+02 1 0)
|                ( QUESTION0_0_R 1 -7.696e+02 5.965e+01 3.000e+00
|                    ( - -4.537e+02 1 0)
|                    ( - -2.562e+02 1 0)))
|            ( - -2.457e+03 3 0))))
s>    ( QUESTION0_9_R 1 -6.792e+03 1.306e+02 2.589e+01
s>        ( - -7.310e+02 1 0)
s>        ( QUESTION0_19_R 1 -5.931e+03 1.211e+02 2.289e+01
s>            ( - -1.528e+03 1 0)
s>            ( QUESTION11 -1 -4.282e+03 7.983e+01 1.602e+01
s>                ( QUESTION0_12_R 1 -1.745e+03 6.036e+01 7.005e+00
s>                    ( - -9.152e+02 1 0)
s>                    ( QUESTION0_0_R 1 -7.696e+02 5.965e+01 3.000e+00
s>                        ( - -4.537e+02 1 0)
s>                        ( - -2.562e+02 1 0)))
s>                ( - -2.457e+03 3 0))))INFO: dtree.c(1315): Comp split 13
INFO: dtree.c(1439): stop. leaf nodes are specific
INFO: dtree.c(1478): Final simple tree
|( QUESTION0_0_R 1 -2.559e+03 9.162e+01 1.102e+01
|    ( - -8.031e+02 1 0)
|    ( WDBNDRY_B 0 -1.664e+03 6.710e+01 7.130e+00
|        ( - -1.121e+03 1 0)
|        ( - -4.759e+02 1 0)))
s>    ( QUESTION0_0_R 1 -2.559e+03 9.162e+01 1.102e+01
s>        ( - -8.031e+02 1 0)
s>        ( WDBNDRY_B 0 -1.664e+03 6.710e+01 7.130e+00
s>            ( - -1.121e+03 1 0)
s>            ( - -4.759e+02 1 0)))INFO: dtree.c(1315): Comp split 14
INFO: dtree.c(1439): stop. leaf nodes are specific
INFO: dtree.c(1478): Final simple tree
|( QUESTION0_11_R 1 -2.961e+03 9.451e+01 1.300e+01
|    ( - -6.207e+02 1 0)
|    ( QUESTION1 -1 -2.246e+03 9.450e+01 9.998e+00
|        ( - -1.487e+03 1 0)
|        ( - -6.650e+02 1 0)))
s>    ( QUESTION0_11_R 1 -2.961e+03 9.451e+01 1.300e+01
s>        ( - -6.207e+02 1 0)
s>        ( QUESTION1 -1 -2.246e+03 9.450e+01 9.998e+00
s>            ( - -1.487e+03 1 0)
s>            ( - -6.650e+02 1 0)))INFO: dtree.c(1439): stop. leaf nodes are specific
INFO: dtree.c(1478): Final simple tree
|( QUESTION0_0_R 1 -1.342e+03 1.105e+02 6.000e+00
|    ( - -3.586e+02 1 0)
|    ( - -8.732e+02 1 0))
s>    ( QUESTION0_0_R 1 -1.342e+03 1.105e+02 6.000e+00
s>        ( - -3.586e+02 1 0)
s>        ( - -8.732e+02 1 0))INFO: dtree.c(1315): Comp split 15
INFO: dtree.c(1439): stop. leaf nodes are specific
INFO: dtree.c(1478): Final simple tree
|( QUESTION0_12_R 1 -6.312e+03 1.035e+02 2.800e+01
|    ( - -4.324e+03 2 0)
|    ( QUESTION0_11_R 1 -1.885e+03 6.880e+01 8.000e+00
|        ( - -4.818e+02 2 0)
|        ( - -1.334e+03 3 0)))
s>    ( QUESTION0_12_R 1 -6.312e+03 1.035e+02 2.800e+01
s>        ( - -4.324e+03 2 0)
s>        ( QUESTION0_11_R 1 -1.885e+03 6.880e+01 8.000e+00
s>            ( - -4.818e+02 2 0)
s>            ( - -1.334e+03 3 0)))INFO: dtree.c(1315): Comp split 16
INFO: dtree.c(1439): stop. leaf nodes are specific
INFO: dtree.c(1478): Final simple tree
|( QUESTION0_19_R 1 -5.931e+03 1.211e+02 2.289e+01
|    ( - -1.528e+03 1 0)
|    ( QUESTION11 -1 -4.282e+03 7.983e+01 1.602e+01
|        ( QUESTION0_12_R 1 -1.745e+03 6.036e+01 7.005e+00
|            ( - -9.152e+02 1 0)
|            ( QUESTION0_0_R 1 -7.696e+02 5.965e+01 3.000e+00
|                ( - -4.537e+02 1 0)
|                ( - -2.562e+02 1 0)))
|        ( - -2.457e+03 3 0)))
s>    ( QUESTION0_19_R 1 -5.931e+03 1.211e+02 2.289e+01
s>        ( - -1.528e+03 1 0)
s>        ( QUESTION11 -1 -4.282e+03 7.983e+01 1.602e+01
s>            ( QUESTION0_12_R 1 -1.745e+03 6.036e+01 7.005e+00
s>                ( - -9.152e+02 1 0)
s>                ( QUESTION0_0_R 1 -7.696e+02 5.965e+01 3.000e+00
s>                    ( - -4.537e+02 1 0)
s>                    ( - -2.562e+02 1 0)))
s>            ( - -2.457e+03 3 0)))INFO: dtree.c(1315): Comp split 17
INFO: dtree.c(1315): Comp split 18
INFO: dtree.c(1439): stop. leaf nodes are specific
INFO: dtree.c(1478): Final simple tree
|( QUESTION0_10_R 1 -4.684e+03 1.055e+02 1.438e+01
|    ( - -1.802e+03 1 0)
|    ( QUESTION0_0_R 1 -2.777e+03 8.223e+01 8.378e+00
|        ( - -1.561e+03 1 0)
|        ( - -1.133e+03 1 0)))
s>    ( QUESTION0_10_R 1 -4.684e+03 1.055e+02 1.438e+01
s>        ( - -1.802e+03 1 0)
s>        ( QUESTION0_0_R 1 -2.777e+03 8.223e+01 8.378e+00
s>            ( - -1.561e+03 1 0)
s>            ( - -1.133e+03 1 0)))INFO: dtree.c(1439): stop. leaf nodes are specific
INFO: dtree.c(1478): Final simple tree
|( QUESTION0_9_R 1 -4.644e+03 1.096e+02 1.722e+01
|    ( - -2.240e+03 2 0)
|    ( - -2.295e+03 1 0))
s>    ( QUESTION0_9_R 1 -4.644e+03 1.096e+02 1.722e+01
s>        ( - -2.240e+03 2 0)
s>        ( - -2.295e+03 1 0))INFO: dtree.c(1315): Comp split 19
INFO: dtree.c(1439): stop. leaf nodes are specific
INFO: dtree.c(1478): Final simple tree
|( QUESTION11 -1 -4.282e+03 7.983e+01 1.602e+01
|    ( QUESTION0_12_R 1 -1.745e+03 6.036e+01 7.005e+00
|        ( - -9.152e+02 1 0)
|        ( QUESTION0_0_R 1 -7.696e+02 5.965e+01 3.000e+00
|            ( - -4.537e+02 1 0)
|            ( - -2.562e+02 1 0)))
|    ( - -2.457e+03 3 0))
s>    ( QUESTION11 -1 -4.282e+03 7.983e+01 1.602e+01
s>        ( QUESTION0_12_R 1 -1.745e+03 6.036e+01 7.005e+00
s>            ( - -9.152e+02 1 0)
s>            ( QUESTION0_0_R 1 -7.696e+02 5.965e+01 3.000e+00
s>                ( - -4.537e+02 1 0)
s>                ( - -2.562e+02 1 0)))
s>        ( - -2.457e+03 3 0))INFO: dtree.c(1315): Comp split 20
INFO: dtree.c(1315): Comp split 21
INFO: dtree.c(1315): Comp split 22
INFO: dtree.c(1439): stop. leaf nodes are specific
INFO: dtree.c(1478): Final simple tree
|( QUESTION0_0_R 1 -2.777e+03 8.223e+01 8.378e+00
|    ( - -1.561e+03 1 0)
|    ( - -1.133e+03 1 0))
s>    ( QUESTION0_0_R 1 -2.777e+03 8.223e+01 8.378e+00
s>        ( - -1.561e+03 1 0)
s>        ( - -1.133e+03 1 0))INFO: dtree.c(1315): Comp split 23
INFO: dtree.c(1439): stop. leaf nodes are specific
INFO: dtree.c(1478): Final simple tree
|( QUESTION0_11_R 1 -1.370e+03 8.396e+01 5.998e+00
|    ( - -6.207e+02 1 0)
|    ( - -6.650e+02 1 0))
s>    ( QUESTION0_11_R 1 -1.370e+03 8.396e+01 5.998e+00
s>        ( - -6.207e+02 1 0)
s>        ( - -6.650e+02 1 0))INFO: dtree.c(1315): Comp split 24
INFO: dtree.c(1439): stop. leaf nodes are specific
INFO: dtree.c(1478): Final simple tree
|( QUESTION0_11_R 1 -1.885e+03 6.880e+01 8.000e+00
|    ( - -4.818e+02 2 0)
|    ( - -1.334e+03 3 0))
s>    ( QUESTION0_11_R 1 -1.885e+03 6.880e+01 8.000e+00
s>        ( - -4.818e+02 2 0)
s>        ( - -1.334e+03 3 0))INFO: dtree.c(1315): Comp split 25
INFO: dtree.c(1439): stop. leaf nodes are specific
INFO: dtree.c(1478): Final simple tree
|( WDBNDRY_B 0 -1.664e+03 6.710e+01 7.130e+00
|    ( - -1.121e+03 1 0)
|    ( - -4.759e+02 1 0))
s>    ( WDBNDRY_B 0 -1.664e+03 6.710e+01 7.130e+00
s>        ( - -1.121e+03 1 0)
s>        ( - -4.759e+02 1 0))INFO: dtree.c(1315): Comp split 26
INFO: dtree.c(1315): Comp split 27
INFO: dtree.c(1315): Comp split 28
INFO: dtree.c(1439): stop. leaf nodes are specific
INFO: dtree.c(1478): Final simple tree
|( QUESTION0_12_R 1 -1.745e+03 6.036e+01 7.005e+00
|    ( - -9.152e+02 1 0)
|    ( QUESTION0_0_R 1 -7.696e+02 5.965e+01 3.000e+00
|        ( - -4.537e+02 1 0)
|        ( - -2.562e+02 1 0)))
s>    ( QUESTION0_12_R 1 -1.745e+03 6.036e+01 7.005e+00
s>        ( - -9.152e+02 1 0)
s>        ( QUESTION0_0_R 1 -7.696e+02 5.965e+01 3.000e+00
s>            ( - -4.537e+02 1 0)
s>            ( - -2.562e+02 1 0)))INFO: dtree.c(1315): Comp split 29
INFO: dtree.c(1315): Comp split 30
INFO: dtree.c(1315): Comp split 31
INFO: dtree.c(1439): stop. leaf nodes are specific
INFO: dtree.c(1478): Final simple tree
|( QUESTION0_0_R 1 -7.696e+02 5.965e+01 3.000e+00
|    ( - -4.537e+02 1 0)
|    ( - -2.562e+02 1 0))
s>    ( QUESTION0_0_R 1 -7.696e+02 5.965e+01 3.000e+00
s>        ( - -4.537e+02 1 0)
s>        ( - -2.562e+02 1 0))INFO: dtree.c(1315): Comp split 32
INFO: dtree.c(1315): Comp split 33
INFO: dtree.c(1318): stop. leaf nodes are specific
Thu May  7 00:23:34 2020
