Current configuration:
[NAME]		[DEFLT]	[VALUE]
-allphones	no	no
-cntthresh	0.00001	1.000000e-05
-csplitmax	100	2000
-csplitmin	1	1
-csplitthr	8e-4	0.000000e+00
-example	no	no
-fullvar	no	no
-help		no	no
-meanfn			/home/abdy/Desktop/diploma/kg/model_parameters/kg.cd_cont_untied/means
-mixwfn			/home/abdy/Desktop/diploma/kg/model_parameters/kg.cd_cont_untied/mixture_weights
-moddeffn		/home/abdy/Desktop/diploma/kg/model_architecture/kg.untied.mdef
-mwfloor	1e-4	1.000000e-08
-phone			o
-psetfn			/home/abdy/Desktop/diploma/kg/model_architecture/kg.tree_questions
-ssplitmax	5	7
-ssplitmin	1	1
-ssplitthr	8e-4	0.000000e+00
-state			1
-stwt			1.0,0.05,0.0,
-treefn			/home/abdy/Desktop/diploma/kg/trees/kg.unpruned/o-1.dtree
-ts2cbfn	.semi.	.cont.
-varfloor	0.00001	1.000000e-05
-varfn			/home/abdy/Desktop/diploma/kg/model_parameters/kg.cd_cont_untied/variances

INFO: main.c(223): Reading: /home/abdy/Desktop/diploma/kg/model_architecture/kg.untied.mdef
INFO: model_def_io.c(573): Model definition info:
INFO: model_def_io.c(574): 10297 total models defined (47 base, 10250 tri)
INFO: model_def_io.c(575): 41188 total states
INFO: model_def_io.c(576): 30891 total tied states
INFO: model_def_io.c(577): 141 total tied CI states
INFO: model_def_io.c(578): 47 total tied transition matrices
INFO: model_def_io.c(579): 4 max state/model
INFO: model_def_io.c(580): 4 min state/model
INFO: main.c(242): Building trees for [o SIL b b] through [o zh sh i]
INFO: main.c(269): Covering states |[16527 17924]| == 1398
INFO: main.c(275): Reading: /home/abdy/Desktop/diploma/kg/model_parameters/kg.cd_cont_untied/mixture_weights
INFO: s3mixw_io.c(173): Read /home/abdy/Desktop/diploma/kg/model_parameters/kg.cd_cont_untied/mixture_weights [1398x1x1 array]
INFO: main.c(311): 99 of 466 models have observation count greater than 0.000010
INFO: main.c(95): nrm stwt: 0.045 0.909 0.045 
INFO: s3gau_io.c(169): Read /home/abdy/Desktop/diploma/kg/model_parameters/kg.cd_cont_untied/means [30891x1x1 array]
INFO: s3gau_io.c(169): Read /home/abdy/Desktop/diploma/kg/model_parameters/kg.cd_cont_untied/variances [30891x1x1 array]
INFO: main.c(549): Reading: /home/abdy/Desktop/diploma/kg/model_architecture/kg.tree_questions
INFO: main.c(588): 174 total simple questions (166 phone; 8 word bndry)
INFO: main.c(590): 40 Left Only questions, and 42 Right Only questions
INFO: dtree.c(1478): Final simple tree
|( QUESTION2_2_L -1 -1.074e+05 5.135e+02 4.612e+02
|    ( - -1.686e+03 1 0)
|    ( SILENCE -1 -1.052e+05 4.184e+02 4.502e+02
|        ( QUESTION0_11_R 1 -3.136e+03 5.030e+02 1.220e+01
|            ( - 2.416e+02 1 0)
|            ( - -2.875e+03 3 0 QUESTION7 1 1.593e+02 1.120e+01))
|        ( QUESTION6 -1 -1.016e+05 3.732e+02 4.380e+02
|            ( - -1.265e+04 8 0 QUESTION13 1 2.075e+02 5.184e+01)
|            ( WDBNDRY_E 0 -8.859e+04 3.353e+02 3.861e+02
|                ( QUESTION9 -1 -1.213e+04 4.508e+02 5.700e+01
|                    ( - 1.918e+02 1 0)
|                    ( QUESTION0_13_R 1 -1.187e+04 4.712e+02 5.600e+01
|                        ( - 1.928e+02 1 0)
|                        ( - -1.160e+04 9 0 QUESTION11 -1 3.768e+02 5.500e+01)))
|                ( - -7.613e+04 75 0 QUESTION0_14_R 1 3.314e+02 3.291e+02)))))
s>    ( QUESTION2_2_L -1 -1.074e+05 5.135e+02 4.612e+02
s>        ( - -1.686e+03 1 0)
s>        ( SILENCE -1 -1.052e+05 4.184e+02 4.502e+02
s>            ( QUESTION0_11_R 1 -3.136e+03 5.030e+02 1.220e+01
s>                ( - 2.416e+02 1 0)
s>                ( - -2.875e+03 3 0 QUESTION7 1 1.593e+02 1.120e+01))
s>            ( QUESTION6 -1 -1.016e+05 3.732e+02 4.380e+02
s>                ( - -1.265e+04 8 0 QUESTION13 1 2.075e+02 5.184e+01)
s>                ( WDBNDRY_E 0 -8.859e+04 3.353e+02 3.861e+02
s>                    ( QUESTION9 -1 -1.213e+04 4.508e+02 5.700e+01
s>                        ( - 1.918e+02 1 0)
s>                        ( QUESTION0_13_R 1 -1.187e+04 4.712e+02 5.600e+01
s>                            ( - 1.928e+02 1 0)
s>                            ( - -1.160e+04 9 0 QUESTION11 -1 3.768e+02 5.500e+01)))
s>                    ( - -7.613e+04 75 0 QUESTION0_14_R 1 3.314e+02 3.291e+02)))))INFO: dtree.c(1315): Comp split 0
INFO: dtree.c(1478): Final simple tree
|( QUESTION2_2_L -1 -9.078e+04 4.962e+02 3.971e+02
|    ( - -1.686e+03 1 0)
|    ( WDBNDRY_E 0 -8.859e+04 3.353e+02 3.861e+02
|        ( QUESTION9 -1 -1.213e+04 4.508e+02 5.700e+01
|            ( - 1.918e+02 1 0)
|            ( QUESTION0_13_R 1 -1.187e+04 4.712e+02 5.600e+01
|                ( - 1.928e+02 1 0)
|                ( QUESTION11 -1 -1.160e+04 3.768e+02 5.500e+01
|                    ( - -1.677e+03 1 0)
|                    ( QUESTION2_14_L -1 -9.542e+03 2.784e+02 4.500e+01
|                        ( - -6.960e+03 4 0 QUESTION12 1 2.178e+02 3.500e+01)
|                        ( - -2.304e+03 4 0 QUESTION0_4_R 1 2.430e+02 1.000e+01)))))
|        ( QUESTION0_14_R 1 -7.613e+04 3.314e+02 3.291e+02
|            ( - -1.533e+04 8 0 QUESTION4 -1 2.265e+02 6.466e+01)
|            ( - -6.047e+04 67 0 QUESTION13 1 2.605e+02 2.645e+02))))
s>    ( QUESTION2_2_L -1 -9.078e+04 4.962e+02 3.971e+02
s>        ( - -1.686e+03 1 0)
s>        ( WDBNDRY_E 0 -8.859e+04 3.353e+02 3.861e+02
s>            ( QUESTION9 -1 -1.213e+04 4.508e+02 5.700e+01
s>                ( - 1.918e+02 1 0)
s>                ( QUESTION0_13_R 1 -1.187e+04 4.712e+02 5.600e+01
s>                    ( - 1.928e+02 1 0)
s>                    ( QUESTION11 -1 -1.160e+04 3.768e+02 5.500e+01
s>                        ( - -1.677e+03 1 0)
s>                        ( QUESTION2_14_L -1 -9.542e+03 2.784e+02 4.500e+01
s>                            ( - -6.960e+03 4 0 QUESTION12 1 2.178e+02 3.500e+01)
s>                            ( - -2.304e+03 4 0 QUESTION0_4_R 1 2.430e+02 1.000e+01)))))
s>            ( QUESTION0_14_R 1 -7.613e+04 3.314e+02 3.291e+02
s>                ( - -1.533e+04 8 0 QUESTION4 -1 2.265e+02 6.466e+01)
s>                ( - -6.047e+04 67 0 QUESTION13 1 2.605e+02 2.645e+02))))INFO: dtree.c(1478): Final simple tree
|( QUESTION0_15_R 1 -1.604e+04 5.142e+02 6.404e+01
|    ( - 2.416e+02 1 0)
|    ( QUESTION13 1 -1.577e+04 2.813e+02 6.304e+01
|        ( - -6.722e+03 1 0)
|        ( QUESTION0_11_R 1 -8.766e+03 2.102e+02 3.392e+01
|            ( - -1.241e+03 1 0)
|            ( QUESTION7 1 -7.315e+03 1.872e+02 2.792e+01
|                ( - -1.033e+03 1 0)
|                ( QUESTION0_10_R 1 -6.095e+03 4.446e+02 2.369e+01
|                    ( - 1.048e+02 1 0)
|                    ( QUESTION2_6_L -1 -5.756e+03 1.565e+02 2.269e+01
|                        ( - -9.856e+02 1 0)
|                        ( QUESTION0_2_R 1 -4.614e+03 1.330e+02 1.869e+01
|                            ( - -9.659e+02 1 0)
|                            ( - -3.515e+03 5 0 QUESTION2_9_L -1 9.427e+01 1.398e+01))))))))
s>    ( QUESTION0_15_R 1 -1.604e+04 5.142e+02 6.404e+01
s>        ( - 2.416e+02 1 0)
s>        ( QUESTION13 1 -1.577e+04 2.813e+02 6.304e+01
s>            ( - -6.722e+03 1 0)
s>            ( QUESTION0_11_R 1 -8.766e+03 2.102e+02 3.392e+01
s>                ( - -1.241e+03 1 0)
s>                ( QUESTION7 1 -7.315e+03 1.872e+02 2.792e+01
s>                    ( - -1.033e+03 1 0)
s>                    ( QUESTION0_10_R 1 -6.095e+03 4.446e+02 2.369e+01
s>                        ( - 1.048e+02 1 0)
s>                        ( QUESTION2_6_L -1 -5.756e+03 1.565e+02 2.269e+01
s>                            ( - -9.856e+02 1 0)
s>                            ( QUESTION0_2_R 1 -4.614e+03 1.330e+02 1.869e+01
s>                                ( - -9.659e+02 1 0)
s>                                ( - -3.515e+03 5 0 QUESTION2_9_L -1 9.427e+01 1.398e+01))))))))INFO: dtree.c(1315): Comp split 1
INFO: dtree.c(1439): stop. leaf nodes are specific
INFO: dtree.c(1478): Final simple tree
|( QUESTION11 -1 -1.105e+04 3.719e+02 5.600e+01
|    ( - -1.677e+03 1 0)
|    ( WDBNDRY_B 0 -8.998e+03 3.518e+02 4.600e+01
|        ( - -1.686e+03 1 0)
|        ( QUESTION12 1 -6.960e+03 2.178e+02 3.500e+01
|            ( - -4.098e+02 1 0)
|            ( QUESTION0_11_R 1 -6.332e+03 2.060e+02 3.200e+01
|                ( - -1.746e+03 1 0)
|                ( QUESTION0_2_R 1 -4.380e+03 1.487e+02 2.200e+01
|                    ( - -1.396e+03 1 0)
|                    ( - -2.835e+03 1 0))))))
s>    ( QUESTION11 -1 -1.105e+04 3.719e+02 5.600e+01
s>        ( - -1.677e+03 1 0)
s>        ( WDBNDRY_B 0 -8.998e+03 3.518e+02 4.600e+01
s>            ( - -1.686e+03 1 0)
s>            ( QUESTION12 1 -6.960e+03 2.178e+02 3.500e+01
s>                ( - -4.098e+02 1 0)
s>                ( QUESTION0_11_R 1 -6.332e+03 2.060e+02 3.200e+01
s>                    ( - -1.746e+03 1 0)
s>                    ( QUESTION0_2_R 1 -4.380e+03 1.487e+02 2.200e+01
s>                        ( - -1.396e+03 1 0)
s>                        ( - -2.835e+03 1 0))))))INFO: dtree.c(1478): Final simple tree
|( QUESTION0_14_R 1 -7.909e+04 3.362e+02 3.411e+02
|    ( - -1.533e+04 8 0 QUESTION4 -1 2.265e+02 6.466e+01)
|    ( QUESTION17 -1 -6.342e+04 2.553e+02 2.765e+02
|        ( - -8.550e+02 1 0)
|        ( QUESTION13 1 -6.231e+04 2.469e+02 2.715e+02
|            ( WDBNDRY_B 0 -1.599e+04 2.495e+02 6.771e+01
|                ( - -6.537e+02 1 0)
|                ( QUESTION2_11_L -1 -1.509e+04 2.345e+02 6.371e+01
|                    ( - -2.253e+02 1 0)
|                    ( - -1.463e+04 15 0 QUESTION16 -1 2.109e+02 6.171e+01)))
|            ( QUESTION2_11_L -1 -4.607e+04 4.486e+02 2.038e+02
|                ( - 1.918e+02 1 0)
|                ( QUESTION0_16_R 1 -4.582e+04 2.324e+02 2.028e+02
|                    ( - -4.237e+02 1 0)
|                    ( - -4.516e+04 53 0 WDBNDRY_I 0 1.959e+02 1.998e+02))))))
s>    ( QUESTION0_14_R 1 -7.909e+04 3.362e+02 3.411e+02
s>        ( - -1.533e+04 8 0 QUESTION4 -1 2.265e+02 6.466e+01)
s>        ( QUESTION17 -1 -6.342e+04 2.553e+02 2.765e+02
s>            ( - -8.550e+02 1 0)
s>            ( QUESTION13 1 -6.231e+04 2.469e+02 2.715e+02
s>                ( WDBNDRY_B 0 -1.599e+04 2.495e+02 6.771e+01
s>                    ( - -6.537e+02 1 0)
s>                    ( QUESTION2_11_L -1 -1.509e+04 2.345e+02 6.371e+01
s>                        ( - -2.253e+02 1 0)
s>                        ( - -1.463e+04 15 0 QUESTION16 -1 2.109e+02 6.171e+01)))
s>                ( QUESTION2_11_L -1 -4.607e+04 4.486e+02 2.038e+02
s>                    ( - 1.918e+02 1 0)
s>                    ( QUESTION0_16_R 1 -4.582e+04 2.324e+02 2.028e+02
s>                        ( - -4.237e+02 1 0)
s>                        ( - -4.516e+04 53 0 WDBNDRY_I 0 1.959e+02 1.998e+02))))))INFO: dtree.c(1315): Comp split 2
INFO: dtree.c(1478): Final simple tree
|( QUESTION13 1 -1.577e+04 2.813e+02 6.304e+01
|    ( - -6.722e+03 1 0)
|    ( QUESTION0_11_R 1 -8.766e+03 2.102e+02 3.392e+01
|        ( - -1.241e+03 1 0)
|        ( QUESTION7 1 -7.315e+03 1.872e+02 2.792e+01
|            ( - -1.033e+03 1 0)
|            ( QUESTION0_10_R 1 -6.095e+03 4.446e+02 2.369e+01
|                ( - 1.048e+02 1 0)
|                ( QUESTION2_6_L -1 -5.756e+03 1.565e+02 2.269e+01
|                    ( - -9.856e+02 1 0)
|                    ( QUESTION0_2_R 1 -4.614e+03 1.330e+02 1.869e+01
|                        ( - -9.659e+02 1 0)
|                        ( QUESTION2_9_L -1 -3.515e+03 9.427e+01 1.398e+01
|                            ( - -1.200e+03 2 0 QUESTION0_0_R 1 8.177e+01 4.999e+00)
|                            ( - -2.221e+03 3 0 QUESTION0_0_R 1 9.478e+01 8.982e+00))))))))
s>    ( QUESTION13 1 -1.577e+04 2.813e+02 6.304e+01
s>        ( - -6.722e+03 1 0)
s>        ( QUESTION0_11_R 1 -8.766e+03 2.102e+02 3.392e+01
s>            ( - -1.241e+03 1 0)
s>            ( QUESTION7 1 -7.315e+03 1.872e+02 2.792e+01
s>                ( - -1.033e+03 1 0)
s>                ( QUESTION0_10_R 1 -6.095e+03 4.446e+02 2.369e+01
s>                    ( - 1.048e+02 1 0)
s>                    ( QUESTION2_6_L -1 -5.756e+03 1.565e+02 2.269e+01
s>                        ( - -9.856e+02 1 0)
s>                        ( QUESTION0_2_R 1 -4.614e+03 1.330e+02 1.869e+01
s>                            ( - -9.659e+02 1 0)
s>                            ( QUESTION2_9_L -1 -3.515e+03 9.427e+01 1.398e+01
s>                                ( - -1.200e+03 2 0 QUESTION0_0_R 1 8.177e+01 4.999e+00)
s>                                ( - -2.221e+03 3 0 QUESTION0_0_R 1 9.478e+01 8.982e+00))))))))INFO: dtree.c(1315): Comp split 3
INFO: dtree.c(1478): Final simple tree
|( QUESTION0_14_R 1 -7.883e+04 3.353e+02 3.401e+02
|    ( QUESTION4 -1 -1.533e+04 2.265e+02 6.466e+01
|        ( - -6.736e+03 2 0 QUESTION2_6_L -1 1.210e+02 2.905e+01)
|        ( - -8.365e+03 6 0 QUESTION14 -1 2.024e+02 3.562e+01))
|    ( QUESTION17 -1 -6.317e+04 2.554e+02 2.755e+02
|        ( - -8.550e+02 1 0)
|        ( QUESTION13 1 -6.206e+04 2.485e+02 2.705e+02
|            ( WDBNDRY_B 0 -1.599e+04 2.495e+02 6.771e+01
|                ( - -6.537e+02 1 0)
|                ( QUESTION2_11_L -1 -1.509e+04 2.345e+02 6.371e+01
|                    ( - -2.253e+02 1 0)
|                    ( - -1.463e+04 15 0 QUESTION16 -1 2.109e+02 6.171e+01)))
|            ( QUESTION0_16_R 1 -4.582e+04 2.324e+02 2.028e+02
|                ( - -4.237e+02 1 0)
|                ( - -4.516e+04 53 0 WDBNDRY_I 0 1.959e+02 1.998e+02)))))
s>    ( QUESTION0_14_R 1 -7.883e+04 3.353e+02 3.401e+02
s>        ( QUESTION4 -1 -1.533e+04 2.265e+02 6.466e+01
s>            ( - -6.736e+03 2 0 QUESTION2_6_L -1 1.210e+02 2.905e+01)
s>            ( - -8.365e+03 6 0 QUESTION14 -1 2.024e+02 3.562e+01))
s>        ( QUESTION17 -1 -6.317e+04 2.554e+02 2.755e+02
s>            ( - -8.550e+02 1 0)
s>            ( QUESTION13 1 -6.206e+04 2.485e+02 2.705e+02
s>                ( WDBNDRY_B 0 -1.599e+04 2.495e+02 6.771e+01
s>                    ( - -6.537e+02 1 0)
s>                    ( QUESTION2_11_L -1 -1.509e+04 2.345e+02 6.371e+01
s>                        ( - -2.253e+02 1 0)
s>                        ( - -1.463e+04 15 0 QUESTION16 -1 2.109e+02 6.171e+01)))
s>                ( QUESTION0_16_R 1 -4.582e+04 2.324e+02 2.028e+02
s>                    ( - -4.237e+02 1 0)
s>                    ( - -4.516e+04 53 0 WDBNDRY_I 0 1.959e+02 1.998e+02)))))INFO: dtree.c(1315): Comp split 4
INFO: dtree.c(1478): Final simple tree
|( QUESTION13 1 -1.543e+04 2.853e+02 6.204e+01
|    ( - -6.722e+03 1 0)
|    ( QUESTION0_11_R 1 -8.425e+03 2.101e+02 3.292e+01
|        ( - -1.241e+03 1 0)
|        ( QUESTION0_10_R 1 -6.974e+03 1.854e+02 2.692e+01
|            ( - -1.033e+03 1 0)
|            ( QUESTION2_6_L -1 -5.756e+03 1.565e+02 2.269e+01
|                ( - -9.856e+02 1 0)
|                ( QUESTION0_2_R 1 -4.614e+03 1.330e+02 1.869e+01
|                    ( - -9.659e+02 1 0)
|                    ( QUESTION2_9_L -1 -3.515e+03 9.427e+01 1.398e+01
|                        ( - -1.200e+03 2 0 QUESTION0_0_R 1 8.177e+01 4.999e+00)
|                        ( QUESTION0_0_R 1 -2.221e+03 9.478e+01 8.982e+00
|                            ( - -4.815e+02 1 0)
|                            ( - -1.644e+03 2 0 WDBNDRY_B 0 5.597e+01 6.978e+00))))))))
s>    ( QUESTION13 1 -1.543e+04 2.853e+02 6.204e+01
s>        ( - -6.722e+03 1 0)
s>        ( QUESTION0_11_R 1 -8.425e+03 2.101e+02 3.292e+01
s>            ( - -1.241e+03 1 0)
s>            ( QUESTION0_10_R 1 -6.974e+03 1.854e+02 2.692e+01
s>                ( - -1.033e+03 1 0)
s>                ( QUESTION2_6_L -1 -5.756e+03 1.565e+02 2.269e+01
s>                    ( - -9.856e+02 1 0)
s>                    ( QUESTION0_2_R 1 -4.614e+03 1.330e+02 1.869e+01
s>                        ( - -9.659e+02 1 0)
s>                        ( QUESTION2_9_L -1 -3.515e+03 9.427e+01 1.398e+01
s>                            ( - -1.200e+03 2 0 QUESTION0_0_R 1 8.177e+01 4.999e+00)
s>                            ( QUESTION0_0_R 1 -2.221e+03 9.478e+01 8.982e+00
s>                                ( - -4.815e+02 1 0)
s>                                ( - -1.644e+03 2 0 WDBNDRY_B 0 5.597e+01 6.978e+00))))))))INFO: dtree.c(1315): Comp split 5
INFO: dtree.c(1439): stop. leaf nodes are specific
INFO: dtree.c(1478): Final simple tree
|( WDBNDRY_B 0 -8.998e+03 3.518e+02 4.600e+01
|    ( - -1.686e+03 1 0)
|    ( QUESTION12 1 -6.960e+03 2.178e+02 3.500e+01
|        ( - -4.098e+02 1 0)
|        ( QUESTION0_11_R 1 -6.332e+03 2.060e+02 3.200e+01
|            ( - -1.746e+03 1 0)
|            ( QUESTION0_2_R 1 -4.380e+03 1.487e+02 2.200e+01
|                ( - -1.396e+03 1 0)
|                ( - -2.835e+03 1 0)))))
s>    ( WDBNDRY_B 0 -8.998e+03 3.518e+02 4.600e+01
s>        ( - -1.686e+03 1 0)
s>        ( QUESTION12 1 -6.960e+03 2.178e+02 3.500e+01
s>            ( - -4.098e+02 1 0)
s>            ( QUESTION0_11_R 1 -6.332e+03 2.060e+02 3.200e+01
s>                ( - -1.746e+03 1 0)
s>                ( QUESTION0_2_R 1 -4.380e+03 1.487e+02 2.200e+01
s>                    ( - -1.396e+03 1 0)
s>                    ( - -2.835e+03 1 0)))))INFO: dtree.c(1315): Comp split 6
INFO: dtree.c(1439): stop. leaf nodes are specific
INFO: dtree.c(1478): Final simple tree
|( QUESTION0_10_R 1 -5.258e+03 1.652e+02 2.020e+01
|    ( - -1.033e+03 1 0)
|    ( QUESTION2_6_L -1 -4.060e+03 1.454e+02 1.598e+01
|        ( - -9.856e+02 1 0)
|        ( QUESTION0_0_R 1 -2.929e+03 9.026e+01 1.198e+01
|            ( - -6.995e+02 1 0)
|            ( QUESTION2_9_L -1 -2.139e+03 7.626e+01 8.974e+00
|                ( - -4.186e+02 1 0)
|                ( WDBNDRY_B 0 -1.644e+03 5.597e+01 6.978e+00
|                    ( - -1.364e+03 1 0)
|                    ( - -2.248e+02 1 0))))))
s>    ( QUESTION0_10_R 1 -5.258e+03 1.652e+02 2.020e+01
s>        ( - -1.033e+03 1 0)
s>        ( QUESTION2_6_L -1 -4.060e+03 1.454e+02 1.598e+01
s>            ( - -9.856e+02 1 0)
s>            ( QUESTION0_0_R 1 -2.929e+03 9.026e+01 1.198e+01
s>                ( - -6.995e+02 1 0)
s>                ( QUESTION2_9_L -1 -2.139e+03 7.626e+01 8.974e+00
s>                    ( - -4.186e+02 1 0)
s>                    ( WDBNDRY_B 0 -1.644e+03 5.597e+01 6.978e+00
s>                        ( - -1.364e+03 1 0)
s>                        ( - -2.248e+02 1 0))))))INFO: dtree.c(1439): stop. leaf nodes are specific
INFO: dtree.c(1478): Final simple tree
|( QUESTION0_8_R 1 -9.804e+03 1.939e+02 4.184e+01
|    ( - -1.241e+03 1 0)
|    ( QUESTION0_0_R 1 -8.369e+03 1.034e+02 3.584e+01
|        ( WDBNDRY_B 0 -7.300e+03 9.706e+01 3.113e+01
|            ( - -4.815e+02 1 0)
|            ( - -6.722e+03 1 0))
|        ( - -9.659e+02 1 0)))
s>    ( QUESTION0_8_R 1 -9.804e+03 1.939e+02 4.184e+01
s>        ( - -1.241e+03 1 0)
s>        ( QUESTION0_0_R 1 -8.369e+03 1.034e+02 3.584e+01
s>            ( WDBNDRY_B 0 -7.300e+03 9.706e+01 3.113e+01
s>                ( - -4.815e+02 1 0)
s>                ( - -6.722e+03 1 0))
s>            ( - -9.659e+02 1 0)))INFO: dtree.c(1315): Comp split 7
INFO: dtree.c(1478): Final simple tree
|( QUESTION2_11_L -1 -3.064e+04 2.326e+02 1.284e+02
|    ( - -2.253e+02 1 0)
|    ( QUESTION0_11_R 1 -3.019e+04 2.269e+02 1.264e+02
|        ( QUESTION4 -1 -1.533e+04 2.265e+02 6.466e+01
|            ( - -6.736e+03 2 0 QUESTION2_6_L -1 1.210e+02 2.905e+01)
|            ( QUESTION14 -1 -8.365e+03 2.024e+02 3.562e+01
|                ( - -1.874e+03 1 0)
|                ( QUESTION19 -1 -6.289e+03 1.741e+02 2.662e+01
|                    ( - -8.617e+02 1 0)
|                    ( - -5.253e+03 4 0 QUESTION0 -1 1.111e+02 2.162e+01))))
|        ( QUESTION16 -1 -1.463e+04 2.109e+02 6.171e+01
|            ( - -6.721e+02 1 0)
|            ( QUESTION0_9_R 1 -1.375e+04 2.000e+02 5.771e+01
|                ( - -7.176e+02 1 0)
|                ( - -1.283e+04 13 0 QUESTION14 1 1.513e+02 5.371e+01)))))
s>    ( QUESTION2_11_L -1 -3.064e+04 2.326e+02 1.284e+02
s>        ( - -2.253e+02 1 0)
s>        ( QUESTION0_11_R 1 -3.019e+04 2.269e+02 1.264e+02
s>            ( QUESTION4 -1 -1.533e+04 2.265e+02 6.466e+01
s>                ( - -6.736e+03 2 0 QUESTION2_6_L -1 1.210e+02 2.905e+01)
s>                ( QUESTION14 -1 -8.365e+03 2.024e+02 3.562e+01
s>                    ( - -1.874e+03 1 0)
s>                    ( QUESTION19 -1 -6.289e+03 1.741e+02 2.662e+01
s>                        ( - -8.617e+02 1 0)
s>                        ( - -5.253e+03 4 0 QUESTION0 -1 1.111e+02 2.162e+01))))
s>            ( QUESTION16 -1 -1.463e+04 2.109e+02 6.171e+01
s>                ( - -6.721e+02 1 0)
s>                ( QUESTION0_9_R 1 -1.375e+04 2.000e+02 5.771e+01
s>                    ( - -7.176e+02 1 0)
s>                    ( - -1.283e+04 13 0 QUESTION14 1 1.513e+02 5.371e+01)))))INFO: dtree.c(1478): Final simple tree
|( QUESTION0_4_R 1 -4.782e+04 2.496e+02 2.118e+02
|    ( - -8.550e+02 1 0)
|    ( QUESTION13 1 -4.672e+04 2.495e+02 2.068e+02
|        ( - -6.537e+02 1 0)
|        ( QUESTION0_16_R 1 -4.582e+04 2.324e+02 2.028e+02
|            ( - -4.237e+02 1 0)
|            ( WDBNDRY_I 0 -4.516e+04 1.959e+02 1.998e+02
|                ( QUESTION0_19_R 1 -3.267e+04 2.064e+02 1.458e+02
|                    ( - -4.066e+03 4 0 QUESTION15 -1 1.479e+02 1.902e+01)
|                    ( - -2.839e+04 32 0 QUESTION5 -1 1.838e+02 1.268e+02))
|                ( QUESTION7 1 -1.230e+04 2.084e+02 5.395e+01
|                    ( - -1.511e+03 1 0)
|                    ( QUESTION2_14_L -1 -1.058e+04 1.932e+02 4.595e+01
|                        ( - -4.972e+02 1 0)
|                        ( - -9.889e+03 15 0 QUESTION2 -1 2.055e+02 4.295e+01)))))))
s>    ( QUESTION0_4_R 1 -4.782e+04 2.496e+02 2.118e+02
s>        ( - -8.550e+02 1 0)
s>        ( QUESTION13 1 -4.672e+04 2.495e+02 2.068e+02
s>            ( - -6.537e+02 1 0)
s>            ( QUESTION0_16_R 1 -4.582e+04 2.324e+02 2.028e+02
s>                ( - -4.237e+02 1 0)
s>                ( WDBNDRY_I 0 -4.516e+04 1.959e+02 1.998e+02
s>                    ( QUESTION0_19_R 1 -3.267e+04 2.064e+02 1.458e+02
s>                        ( - -4.066e+03 4 0 QUESTION15 -1 1.479e+02 1.902e+01)
s>                        ( - -2.839e+04 32 0 QUESTION5 -1 1.838e+02 1.268e+02))
s>                    ( QUESTION7 1 -1.230e+04 2.084e+02 5.395e+01
s>                        ( - -1.511e+03 1 0)
s>                        ( QUESTION2_14_L -1 -1.058e+04 1.932e+02 4.595e+01
s>                            ( - -4.972e+02 1 0)
s>                            ( - -9.889e+03 15 0 QUESTION2 -1 2.055e+02 4.295e+01)))))))INFO: dtree.c(1315): Comp split 8
INFO: dtree.c(1439): stop. leaf nodes are specific
INFO: dtree.c(1478): Final simple tree
|( QUESTION12 1 -6.960e+03 2.178e+02 3.500e+01
|    ( - -4.098e+02 1 0)
|    ( QUESTION0_11_R 1 -6.332e+03 2.060e+02 3.200e+01
|        ( - -1.746e+03 1 0)
|        ( QUESTION0_2_R 1 -4.380e+03 1.487e+02 2.200e+01
|            ( - -1.396e+03 1 0)
|            ( - -2.835e+03 1 0))))
s>    ( QUESTION12 1 -6.960e+03 2.178e+02 3.500e+01
s>        ( - -4.098e+02 1 0)
s>        ( QUESTION0_11_R 1 -6.332e+03 2.060e+02 3.200e+01
s>            ( - -1.746e+03 1 0)
s>            ( QUESTION0_2_R 1 -4.380e+03 1.487e+02 2.200e+01
s>                ( - -1.396e+03 1 0)
s>                ( - -2.835e+03 1 0))))INFO: dtree.c(1315): Comp split 9
INFO: dtree.c(1478): Final simple tree
|( QUESTION0_11_R 1 -2.025e+04 2.083e+02 8.433e+01
|    ( QUESTION19 -1 -6.289e+03 1.741e+02 2.662e+01
|        ( - -8.617e+02 1 0)
|        ( QUESTION0 -1 -5.253e+03 1.111e+02 2.162e+01
|            ( - -3.840e+03 1 0)
|            ( - -1.302e+03 3 0 WDBNDRY_B 0 8.253e+01 4.895e+00)))
|    ( QUESTION0_9_R 1 -1.375e+04 2.000e+02 5.771e+01
|        ( - -7.176e+02 1 0)
|        ( QUESTION14 1 -1.283e+04 1.513e+02 5.371e+01
|            ( QUESTION2_8_L -1 -4.992e+03 1.713e+02 2.106e+01
|                ( - -1.894e+03 1 0)
|                ( - -2.926e+03 3 0 QUESTION1 -1 8.828e+01 1.226e+01))
|            ( QUESTION2_16_L -1 -7.688e+03 1.318e+02 3.265e+01
|                ( - -1.233e+03 1 0)
|                ( - -6.324e+03 8 0 QUESTION0_0_R 1 1.040e+02 2.665e+01)))))
s>    ( QUESTION0_11_R 1 -2.025e+04 2.083e+02 8.433e+01
s>        ( QUESTION19 -1 -6.289e+03 1.741e+02 2.662e+01
s>            ( - -8.617e+02 1 0)
s>            ( QUESTION0 -1 -5.253e+03 1.111e+02 2.162e+01
s>                ( - -3.840e+03 1 0)
s>                ( - -1.302e+03 3 0 WDBNDRY_B 0 8.253e+01 4.895e+00)))
s>        ( QUESTION0_9_R 1 -1.375e+04 2.000e+02 5.771e+01
s>            ( - -7.176e+02 1 0)
s>            ( QUESTION14 1 -1.283e+04 1.513e+02 5.371e+01
s>                ( QUESTION2_8_L -1 -4.992e+03 1.713e+02 2.106e+01
s>                    ( - -1.894e+03 1 0)
s>                    ( - -2.926e+03 3 0 QUESTION1 -1 8.828e+01 1.226e+01))
s>                ( QUESTION2_16_L -1 -7.688e+03 1.318e+02 3.265e+01
s>                    ( - -1.233e+03 1 0)
s>                    ( - -6.324e+03 8 0 QUESTION0_0_R 1 1.040e+02 2.665e+01)))))INFO: dtree.c(1439): stop. leaf nodes are specific
INFO: dtree.c(1478): Final simple tree
|( QUESTION0_0_R 1 -1.014e+04 2.324e+02 4.405e+01
|    ( - -2.253e+02 1 0)
|    ( QUESTION0 -1 -9.684e+03 2.067e+02 4.205e+01
|        ( QUESTION2_6_L -1 -6.736e+03 1.210e+02 2.905e+01
|            ( - -1.295e+03 1 0)
|            ( - -5.320e+03 1 0))
|        ( WDBNDRY_B 0 -2.741e+03 1.947e+02 1.300e+01
|            ( - -1.874e+03 1 0)
|            ( - -6.721e+02 1 0))))
s>    ( QUESTION0_0_R 1 -1.014e+04 2.324e+02 4.405e+01
s>        ( - -2.253e+02 1 0)
s>        ( QUESTION0 -1 -9.684e+03 2.067e+02 4.205e+01
s>            ( QUESTION2_6_L -1 -6.736e+03 1.210e+02 2.905e+01
s>                ( - -1.295e+03 1 0)
s>                ( - -5.320e+03 1 0))
s>            ( WDBNDRY_B 0 -2.741e+03 1.947e+02 1.300e+01
s>                ( - -1.874e+03 1 0)
s>                ( - -6.721e+02 1 0))))INFO: dtree.c(1315): Comp split 10
INFO: dtree.c(1478): Final simple tree
|( QUESTION0_9_R 1 -1.513e+04 2.033e+02 6.260e+01
|    ( - -7.176e+02 1 0)
|    ( QUESTION14 1 -1.421e+04 1.469e+02 5.860e+01
|        ( QUESTION2_8_L -1 -4.992e+03 1.713e+02 2.106e+01
|            ( - -1.894e+03 1 0)
|            ( - -2.926e+03 3 0 QUESTION1 -1 8.828e+01 1.226e+01))
|        ( QUESTION2_16_L -1 -9.072e+03 1.326e+02 3.754e+01
|            ( - -1.233e+03 1 0)
|            ( QUESTION16 1 -7.707e+03 1.016e+02 3.155e+01
|                ( - -2.494e+03 5 0 QUESTION2_6_L -1 8.659e+01 9.984e+00)
|                ( QUESTION4 -1 -5.112e+03 1.029e+02 2.156e+01
|                    ( - -2.154e+03 1 0)
|                    ( QUESTION3 -1 -2.854e+03 9.026e+01 1.154e+01
|                        ( - -1.206e+03 1 0)
|                        ( - -1.559e+03 4 0 WDBNDRY_B 0 7.739e+01 5.895e+00)))))))
s>    ( QUESTION0_9_R 1 -1.513e+04 2.033e+02 6.260e+01
s>        ( - -7.176e+02 1 0)
s>        ( QUESTION14 1 -1.421e+04 1.469e+02 5.860e+01
s>            ( QUESTION2_8_L -1 -4.992e+03 1.713e+02 2.106e+01
s>                ( - -1.894e+03 1 0)
s>                ( - -2.926e+03 3 0 QUESTION1 -1 8.828e+01 1.226e+01))
s>            ( QUESTION2_16_L -1 -9.072e+03 1.326e+02 3.754e+01
s>                ( - -1.233e+03 1 0)
s>                ( QUESTION16 1 -7.707e+03 1.016e+02 3.155e+01
s>                    ( - -2.494e+03 5 0 QUESTION2_6_L -1 8.659e+01 9.984e+00)
s>                    ( QUESTION4 -1 -5.112e+03 1.029e+02 2.156e+01
s>                        ( - -2.154e+03 1 0)
s>                        ( QUESTION3 -1 -2.854e+03 9.026e+01 1.154e+01
s>                            ( - -1.206e+03 1 0)
s>                            ( - -1.559e+03 4 0 WDBNDRY_B 0 7.739e+01 5.895e+00)))))))INFO: dtree.c(1439): stop. leaf nodes are specific
INFO: dtree.c(1478): Final simple tree
|( QUESTION0 -1 -4.859e+03 1.574e+02 2.172e+01
|    ( - -3.840e+03 1 0)
|    ( - -8.617e+02 1 0))
s>    ( QUESTION0 -1 -4.859e+03 1.574e+02 2.172e+01
s>        ( - -3.840e+03 1 0)
s>        ( - -8.617e+02 1 0))INFO: dtree.c(1315): Comp split 11
INFO: dtree.c(1478): Final simple tree
|( QUESTION13 1 -4.672e+04 2.495e+02 2.068e+02
|    ( - -6.537e+02 1 0)
|    ( QUESTION0_16_R 1 -4.582e+04 2.324e+02 2.028e+02
|        ( - -4.237e+02 1 0)
|        ( WDBNDRY_I 0 -4.516e+04 1.959e+02 1.998e+02
|            ( QUESTION0_19_R 1 -3.267e+04 2.064e+02 1.458e+02
|                ( - -4.066e+03 4 0 QUESTION15 -1 1.479e+02 1.902e+01)
|                ( - -2.839e+04 32 0 QUESTION5 -1 1.838e+02 1.268e+02))
|            ( QUESTION7 1 -1.230e+04 2.084e+02 5.395e+01
|                ( - -1.511e+03 1 0)
|                ( QUESTION2_14_L -1 -1.058e+04 1.932e+02 4.595e+01
|                    ( - -4.972e+02 1 0)
|                    ( QUESTION2 -1 -9.889e+03 2.055e+02 4.295e+01
|                        ( - -2.666e+02 1 0)
|                        ( - -9.417e+03 14 0 QUESTION13 -1 1.781e+02 4.095e+01)))))))
s>    ( QUESTION13 1 -4.672e+04 2.495e+02 2.068e+02
s>        ( - -6.537e+02 1 0)
s>        ( QUESTION0_16_R 1 -4.582e+04 2.324e+02 2.028e+02
s>            ( - -4.237e+02 1 0)
s>            ( WDBNDRY_I 0 -4.516e+04 1.959e+02 1.998e+02
s>                ( QUESTION0_19_R 1 -3.267e+04 2.064e+02 1.458e+02
s>                    ( - -4.066e+03 4 0 QUESTION15 -1 1.479e+02 1.902e+01)
s>                    ( - -2.839e+04 32 0 QUESTION5 -1 1.838e+02 1.268e+02))
s>                ( QUESTION7 1 -1.230e+04 2.084e+02 5.395e+01
s>                    ( - -1.511e+03 1 0)
s>                    ( QUESTION2_14_L -1 -1.058e+04 1.932e+02 4.595e+01
s>                        ( - -4.972e+02 1 0)
s>                        ( QUESTION2 -1 -9.889e+03 2.055e+02 4.295e+01
s>                            ( - -2.666e+02 1 0)
s>                            ( - -9.417e+03 14 0 QUESTION13 -1 1.781e+02 4.095e+01)))))))INFO: dtree.c(1315): Comp split 12
INFO: dtree.c(1478): Final simple tree
|( QUESTION0_16_R 1 -4.582e+04 2.324e+02 2.028e+02
|    ( - -4.237e+02 1 0)
|    ( WDBNDRY_I 0 -4.516e+04 1.959e+02 1.998e+02
|        ( QUESTION0_19_R 1 -3.267e+04 2.064e+02 1.458e+02
|            ( - -4.066e+03 4 0 QUESTION15 -1 1.479e+02 1.902e+01)
|            ( QUESTION5 -1 -2.839e+04 1.838e+02 1.268e+02
|                ( - -4.726e+03 5 0 QUESTION3 1 1.303e+02 2.289e+01)
|                ( - -2.348e+04 27 0 QUESTION14 -1 1.748e+02 1.039e+02)))
|        ( QUESTION7 1 -1.230e+04 2.084e+02 5.395e+01
|            ( - -1.511e+03 1 0)
|            ( QUESTION2_14_L -1 -1.058e+04 1.932e+02 4.595e+01
|                ( - -4.972e+02 1 0)
|                ( QUESTION2 -1 -9.889e+03 2.055e+02 4.295e+01
|                    ( - -2.666e+02 1 0)
|                    ( - -9.417e+03 14 0 QUESTION13 -1 1.781e+02 4.095e+01))))))
s>    ( QUESTION0_16_R 1 -4.582e+04 2.324e+02 2.028e+02
s>        ( - -4.237e+02 1 0)
s>        ( WDBNDRY_I 0 -4.516e+04 1.959e+02 1.998e+02
s>            ( QUESTION0_19_R 1 -3.267e+04 2.064e+02 1.458e+02
s>                ( - -4.066e+03 4 0 QUESTION15 -1 1.479e+02 1.902e+01)
s>                ( QUESTION5 -1 -2.839e+04 1.838e+02 1.268e+02
s>                    ( - -4.726e+03 5 0 QUESTION3 1 1.303e+02 2.289e+01)
s>                    ( - -2.348e+04 27 0 QUESTION14 -1 1.748e+02 1.039e+02)))
s>            ( QUESTION7 1 -1.230e+04 2.084e+02 5.395e+01
s>                ( - -1.511e+03 1 0)
s>                ( QUESTION2_14_L -1 -1.058e+04 1.932e+02 4.595e+01
s>                    ( - -4.972e+02 1 0)
s>                    ( QUESTION2 -1 -9.889e+03 2.055e+02 4.295e+01
s>                        ( - -2.666e+02 1 0)
s>                        ( - -9.417e+03 14 0 QUESTION13 -1 1.781e+02 4.095e+01))))))INFO: dtree.c(1315): Comp split 13
INFO: dtree.c(1478): Final simple tree
|( WDBNDRY_I 0 -1.368e+04 2.019e+02 5.997e+01
|    ( QUESTION15 -1 -4.066e+03 1.479e+02 1.902e+01
|        ( - -9.184e+02 1 0)
|        ( QUESTION0 -1 -3.000e+03 1.263e+02 1.402e+01
|            ( - -2.124e+03 2 0 QUESTION5 -1 1.060e+02 1.002e+01)
|            ( - -7.490e+02 1 0)))
|    ( QUESTION13 -1 -9.417e+03 1.781e+02 4.095e+01
|        ( QUESTION0_0_R 1 -4.885e+03 1.958e+02 2.299e+01
|            ( - -1.168e+03 1 0)
|            ( QUESTION14 -1 -3.521e+03 1.848e+02 1.599e+01
|                ( - -7.431e+02 1 0)
|                ( - -2.593e+03 2 0)))
|        ( QUESTION11 -1 -4.354e+03 1.237e+02 1.796e+01
|            ( - -1.110e+03 2 0 QUESTION0_9_R 1 7.777e+01 4.958e+00)
|            ( - -3.119e+03 8 0 QUESTION0_11_R 1 4.514e+02 1.300e+01))))
s>    ( WDBNDRY_I 0 -1.368e+04 2.019e+02 5.997e+01
s>        ( QUESTION15 -1 -4.066e+03 1.479e+02 1.902e+01
s>            ( - -9.184e+02 1 0)
s>            ( QUESTION0 -1 -3.000e+03 1.263e+02 1.402e+01
s>                ( - -2.124e+03 2 0 QUESTION5 -1 1.060e+02 1.002e+01)
s>                ( - -7.490e+02 1 0)))
s>        ( QUESTION13 -1 -9.417e+03 1.781e+02 4.095e+01
s>            ( QUESTION0_0_R 1 -4.885e+03 1.958e+02 2.299e+01
s>                ( - -1.168e+03 1 0)
s>                ( QUESTION14 -1 -3.521e+03 1.848e+02 1.599e+01
s>                    ( - -7.431e+02 1 0)
s>                    ( - -2.593e+03 2 0)))
s>            ( QUESTION11 -1 -4.354e+03 1.237e+02 1.796e+01
s>                ( - -1.110e+03 2 0 QUESTION0_9_R 1 7.777e+01 4.958e+00)
s>                ( - -3.119e+03 8 0 QUESTION0_11_R 1 4.514e+02 1.300e+01))))INFO: dtree.c(1478): Final simple tree
|( QUESTION0_16_R 1 -3.190e+04 2.285e+02 1.428e+02
|    ( - -4.237e+02 1 0)
|    ( QUESTION0_19_R 1 -3.125e+04 2.017e+02 1.398e+02
|        ( - -1.511e+03 1 0)
|        ( QUESTION5 -1 -2.953e+04 1.852e+02 1.318e+02
|            ( - -4.726e+03 5 0 QUESTION3 1 1.303e+02 2.289e+01)
|            ( QUESTION14 -1 -2.462e+04 1.749e+02 1.089e+02
|                ( QUESTION0_0_R 1 -4.743e+03 1.700e+02 2.192e+01
|                    ( - -6.543e+02 1 0)
|                    ( - -3.918e+03 4 0 QUESTION3 1 1.531e+02 1.792e+01))
|                ( QUESTION0_15_R 1 -1.971e+04 1.658e+02 8.698e+01
|                    ( - -2.220e+03 2 0 QUESTION0 -1 1.432e+02 1.100e+01)
|                    ( QUESTION16 -1 -1.732e+04 2.099e+02 7.598e+01
|                        ( - -2.394e+02 1 0)
|                        ( - -1.687e+04 21 0 QUESTION2 1 1.486e+02 7.398e+01)))))))
s>    ( QUESTION0_16_R 1 -3.190e+04 2.285e+02 1.428e+02
s>        ( - -4.237e+02 1 0)
s>        ( QUESTION0_19_R 1 -3.125e+04 2.017e+02 1.398e+02
s>            ( - -1.511e+03 1 0)
s>            ( QUESTION5 -1 -2.953e+04 1.852e+02 1.318e+02
s>                ( - -4.726e+03 5 0 QUESTION3 1 1.303e+02 2.289e+01)
s>                ( QUESTION14 -1 -2.462e+04 1.749e+02 1.089e+02
s>                    ( QUESTION0_0_R 1 -4.743e+03 1.700e+02 2.192e+01
s>                        ( - -6.543e+02 1 0)
s>                        ( - -3.918e+03 4 0 QUESTION3 1 1.531e+02 1.792e+01))
s>                    ( QUESTION0_15_R 1 -1.971e+04 1.658e+02 8.698e+01
s>                        ( - -2.220e+03 2 0 QUESTION0 -1 1.432e+02 1.100e+01)
s>                        ( QUESTION16 -1 -1.732e+04 2.099e+02 7.598e+01
s>                            ( - -2.394e+02 1 0)
s>                            ( - -1.687e+04 21 0 QUESTION2 1 1.486e+02 7.398e+01)))))))INFO: dtree.c(1315): Comp split 14
INFO: dtree.c(1478): Final simple tree
|( WDBNDRY_I 0 -1.228e+04 2.016e+02 5.297e+01
|    ( QUESTION15 -1 -4.066e+03 1.479e+02 1.902e+01
|        ( - -9.184e+02 1 0)
|        ( QUESTION0 -1 -3.000e+03 1.263e+02 1.402e+01
|            ( - -2.124e+03 2 0 QUESTION5 -1 1.060e+02 1.002e+01)
|            ( - -7.490e+02 1 0)))
|    ( QUESTION14 -1 -8.007e+03 1.771e+02 3.395e+01
|        ( - -7.431e+02 1 0)
|        ( QUESTION13 -1 -7.087e+03 1.407e+02 2.995e+01
|            ( - -2.593e+03 2 0)
|            ( QUESTION11 -1 -4.354e+03 1.237e+02 1.796e+01
|                ( - -1.110e+03 2 0 QUESTION0_9_R 1 7.777e+01 4.958e+00)
|                ( QUESTION0_11_R 1 -3.119e+03 4.514e+02 1.300e+01
|                    ( - 1.928e+02 1 0)
|                    ( - -2.861e+03 7 0 QUESTION0 -1 1.079e+02 1.200e+01))))))
s>    ( WDBNDRY_I 0 -1.228e+04 2.016e+02 5.297e+01
s>        ( QUESTION15 -1 -4.066e+03 1.479e+02 1.902e+01
s>            ( - -9.184e+02 1 0)
s>            ( QUESTION0 -1 -3.000e+03 1.263e+02 1.402e+01
s>                ( - -2.124e+03 2 0 QUESTION5 -1 1.060e+02 1.002e+01)
s>                ( - -7.490e+02 1 0)))
s>        ( QUESTION14 -1 -8.007e+03 1.771e+02 3.395e+01
s>            ( - -7.431e+02 1 0)
s>            ( QUESTION13 -1 -7.087e+03 1.407e+02 2.995e+01
s>                ( - -2.593e+03 2 0)
s>                ( QUESTION11 -1 -4.354e+03 1.237e+02 1.796e+01
s>                    ( - -1.110e+03 2 0 QUESTION0_9_R 1 7.777e+01 4.958e+00)
s>                    ( QUESTION0_11_R 1 -3.119e+03 4.514e+02 1.300e+01
s>                        ( - 1.928e+02 1 0)
s>                        ( - -2.861e+03 7 0 QUESTION0 -1 1.079e+02 1.200e+01))))))INFO: dtree.c(1315): Comp split 15
INFO: dtree.c(1478): Final simple tree
|( WDBNDRY_I 0 -1.201e+04 2.038e+02 5.197e+01
|    ( QUESTION15 -1 -4.066e+03 1.479e+02 1.902e+01
|        ( - -9.184e+02 1 0)
|        ( QUESTION0 -1 -3.000e+03 1.263e+02 1.402e+01
|            ( - -2.124e+03 2 0 QUESTION5 -1 1.060e+02 1.002e+01)
|            ( - -7.490e+02 1 0)))
|    ( QUESTION14 -1 -7.745e+03 1.747e+02 3.295e+01
|        ( - -7.431e+02 1 0)
|        ( QUESTION13 -1 -6.827e+03 1.421e+02 2.895e+01
|            ( - -2.593e+03 2 0)
|            ( QUESTION0_11_R 1 -4.092e+03 1.360e+02 1.696e+01
|                ( - -7.925e+02 1 0)
|                ( QUESTION12 -1 -3.163e+03 1.088e+02 1.300e+01
|                    ( - -1.250e+03 3 0 QUESTION0_0_R 1 1.078e+02 6.000e+00)
|                    ( - -1.804e+03 5 0 QUESTION9 -1 8.019e+01 7.000e+00))))))
s>    ( WDBNDRY_I 0 -1.201e+04 2.038e+02 5.197e+01
s>        ( QUESTION15 -1 -4.066e+03 1.479e+02 1.902e+01
s>            ( - -9.184e+02 1 0)
s>            ( QUESTION0 -1 -3.000e+03 1.263e+02 1.402e+01
s>                ( - -2.124e+03 2 0 QUESTION5 -1 1.060e+02 1.002e+01)
s>                ( - -7.490e+02 1 0)))
s>        ( QUESTION14 -1 -7.745e+03 1.747e+02 3.295e+01
s>            ( - -7.431e+02 1 0)
s>            ( QUESTION13 -1 -6.827e+03 1.421e+02 2.895e+01
s>                ( - -2.593e+03 2 0)
s>                ( QUESTION0_11_R 1 -4.092e+03 1.360e+02 1.696e+01
s>                    ( - -7.925e+02 1 0)
s>                    ( QUESTION12 -1 -3.163e+03 1.088e+02 1.300e+01
s>                        ( - -1.250e+03 3 0 QUESTION0_0_R 1 1.078e+02 6.000e+00)
s>                        ( - -1.804e+03 5 0 QUESTION9 -1 8.019e+01 7.000e+00))))))INFO: dtree.c(1315): Comp split 16
INFO: dtree.c(1439): stop. leaf nodes are specific
INFO: dtree.c(1478): Final simple tree
|( QUESTION0 -1 -9.684e+03 2.067e+02 4.205e+01
|    ( QUESTION2_6_L -1 -6.736e+03 1.210e+02 2.905e+01
|        ( - -1.295e+03 1 0)
|        ( - -5.320e+03 1 0))
|    ( WDBNDRY_B 0 -2.741e+03 1.947e+02 1.300e+01
|        ( - -1.874e+03 1 0)
|        ( - -6.721e+02 1 0)))
s>    ( QUESTION0 -1 -9.684e+03 2.067e+02 4.205e+01
s>        ( QUESTION2_6_L -1 -6.736e+03 1.210e+02 2.905e+01
s>            ( - -1.295e+03 1 0)
s>            ( - -5.320e+03 1 0))
s>        ( WDBNDRY_B 0 -2.741e+03 1.947e+02 1.300e+01
s>            ( - -1.874e+03 1 0)
s>            ( - -6.721e+02 1 0)))INFO: dtree.c(1315): Comp split 17
INFO: dtree.c(1478): Final simple tree
|( QUESTION0_19_R 1 -3.125e+04 2.017e+02 1.398e+02
|    ( - -1.511e+03 1 0)
|    ( QUESTION5 -1 -2.953e+04 1.852e+02 1.318e+02
|        ( - -4.726e+03 5 0 QUESTION3 1 1.303e+02 2.289e+01)
|        ( QUESTION14 -1 -2.462e+04 1.749e+02 1.089e+02
|            ( QUESTION0_0_R 1 -4.743e+03 1.700e+02 2.192e+01
|                ( - -6.543e+02 1 0)
|                ( QUESTION3 1 -3.918e+03 1.531e+02 1.792e+01
|                    ( - -1.477e+03 1 0)
|                    ( - -2.288e+03 3 0 QUESTION0_9_R 1 8.864e+01 1.001e+01)))
|            ( QUESTION0_15_R 1 -1.971e+04 1.658e+02 8.698e+01
|                ( - -2.220e+03 2 0 QUESTION0 -1 1.432e+02 1.100e+01)
|                ( QUESTION16 -1 -1.732e+04 2.099e+02 7.598e+01
|                    ( - -2.394e+02 1 0)
|                    ( - -1.687e+04 21 0 QUESTION2 1 1.486e+02 7.398e+01))))))
s>    ( QUESTION0_19_R 1 -3.125e+04 2.017e+02 1.398e+02
s>        ( - -1.511e+03 1 0)
s>        ( QUESTION5 -1 -2.953e+04 1.852e+02 1.318e+02
s>            ( - -4.726e+03 5 0 QUESTION3 1 1.303e+02 2.289e+01)
s>            ( QUESTION14 -1 -2.462e+04 1.749e+02 1.089e+02
s>                ( QUESTION0_0_R 1 -4.743e+03 1.700e+02 2.192e+01
s>                    ( - -6.543e+02 1 0)
s>                    ( QUESTION3 1 -3.918e+03 1.531e+02 1.792e+01
s>                        ( - -1.477e+03 1 0)
s>                        ( - -2.288e+03 3 0 QUESTION0_9_R 1 8.864e+01 1.001e+01)))
s>                ( QUESTION0_15_R 1 -1.971e+04 1.658e+02 8.698e+01
s>                    ( - -2.220e+03 2 0 QUESTION0 -1 1.432e+02 1.100e+01)
s>                    ( QUESTION16 -1 -1.732e+04 2.099e+02 7.598e+01
s>                        ( - -2.394e+02 1 0)
s>                        ( - -1.687e+04 21 0 QUESTION2 1 1.486e+02 7.398e+01))))))INFO: dtree.c(1315): Comp split 18
INFO: dtree.c(1439): stop. leaf nodes are specific
INFO: dtree.c(1478): Final simple tree
|( WDBNDRY_B 0 -8.047e+03 1.979e+02 3.881e+01
|    ( - -1.511e+03 1 0)
|    ( QUESTION0 -1 -6.338e+03 1.350e+02 3.081e+01
|        ( QUESTION3 1 -4.726e+03 1.303e+02 2.289e+01
|            ( - -2.409e+03 2 0)
|            ( QUESTION0_0_R 1 -2.187e+03 1.050e+02 1.089e+01
|                ( - -3.508e+02 1 0)
|                ( - -1.731e+03 2 0)))
|        ( - -1.477e+03 1 0)))
s>    ( WDBNDRY_B 0 -8.047e+03 1.979e+02 3.881e+01
s>        ( - -1.511e+03 1 0)
s>        ( QUESTION0 -1 -6.338e+03 1.350e+02 3.081e+01
s>            ( QUESTION3 1 -4.726e+03 1.303e+02 2.289e+01
s>                ( - -2.409e+03 2 0)
s>                ( QUESTION0_0_R 1 -2.187e+03 1.050e+02 1.089e+01
s>                    ( - -3.508e+02 1 0)
s>                    ( - -1.731e+03 2 0)))
s>            ( - -1.477e+03 1 0)))INFO: dtree.c(1478): Final simple tree
|( QUESTION0_15_R 1 -2.296e+04 1.630e+02 1.010e+02
|    ( - -2.220e+03 2 0 QUESTION0 -1 1.432e+02 1.100e+01)
|    ( QUESTION16 -1 -2.058e+04 2.117e+02 8.999e+01
|        ( - -2.394e+02 1 0)
|        ( QUESTION2 1 -2.013e+04 1.558e+02 8.799e+01
|            ( QUESTION2_15_L -1 -5.706e+03 2.328e+02 2.678e+01
|                ( - -2.352e+02 1 0)
|                ( QUESTION2_14_L -1 -5.238e+03 2.282e+02 2.478e+01
|                    ( - -3.876e+02 1 0)
|                    ( QUESTION2 -1 -4.622e+03 2.085e+02 2.178e+01
|                        ( - -1.753e+03 1 0)
|                        ( - -2.661e+03 5 0 QUESTION2_6_L -1 1.228e+02 1.193e+01))))
|            ( QUESTION14 -1 -1.426e+04 1.555e+02 6.120e+01
|                ( - -2.567e+03 2 0 QUESTION0_0_R 1 1.701e+02 1.180e+01)
|                ( - -1.154e+04 15 0 WDBNDRY_B 0 1.383e+02 4.941e+01)))))
s>    ( QUESTION0_15_R 1 -2.296e+04 1.630e+02 1.010e+02
s>        ( - -2.220e+03 2 0 QUESTION0 -1 1.432e+02 1.100e+01)
s>        ( QUESTION16 -1 -2.058e+04 2.117e+02 8.999e+01
s>            ( - -2.394e+02 1 0)
s>            ( QUESTION2 1 -2.013e+04 1.558e+02 8.799e+01
s>                ( QUESTION2_15_L -1 -5.706e+03 2.328e+02 2.678e+01
s>                    ( - -2.352e+02 1 0)
s>                    ( QUESTION2_14_L -1 -5.238e+03 2.282e+02 2.478e+01
s>                        ( - -3.876e+02 1 0)
s>                        ( QUESTION2 -1 -4.622e+03 2.085e+02 2.178e+01
s>                            ( - -1.753e+03 1 0)
s>                            ( - -2.661e+03 5 0 QUESTION2_6_L -1 1.228e+02 1.193e+01))))
s>                ( QUESTION14 -1 -1.426e+04 1.555e+02 6.120e+01
s>                    ( - -2.567e+03 2 0 QUESTION0_0_R 1 1.701e+02 1.180e+01)
s>                    ( - -1.154e+04 15 0 WDBNDRY_B 0 1.383e+02 4.941e+01)))))INFO: dtree.c(1315): Comp split 19
INFO: dtree.c(1439): stop. leaf nodes are specific
INFO: dtree.c(1478): Final simple tree
|( QUESTION1 -1 -2.359e+03 2.182e+02 1.285e+01
|    ( - -1.753e+03 1 0)
|    ( - -3.876e+02 1 0))
s>    ( QUESTION1 -1 -2.359e+03 2.182e+02 1.285e+01
s>        ( - -1.753e+03 1 0)
s>        ( - -3.876e+02 1 0))INFO: dtree.c(1478): Final simple tree
|( QUESTION0_15_R 1 -2.032e+04 1.663e+02 8.814e+01
|    ( QUESTION0 -1 -2.220e+03 1.432e+02 1.100e+01
|        ( - -6.898e+02 1 0)
|        ( - -1.387e+03 1 0))
|    ( QUESTION16 -1 -1.794e+04 2.110e+02 7.714e+01
|        ( - -2.394e+02 1 0)
|        ( QUESTION14 -1 -1.749e+04 1.556e+02 7.514e+01
|            ( QUESTION0_0_R 1 -3.109e+03 1.668e+02 1.401e+01
|                ( - -6.543e+02 1 0)
|                ( - -2.288e+03 3 0 QUESTION0_9_R 1 8.864e+01 1.001e+01))
|            ( WDBNDRY_B 0 -1.422e+04 1.387e+02 6.113e+01
|                ( QUESTION2_0_L -1 -1.007e+03 2.436e+02 5.000e+00
|                    ( - -2.666e+02 1 0)
|                    ( - -4.972e+02 1 0))
|                ( - -1.307e+04 17 0 QUESTION2_7_L -1 1.613e+02 5.613e+01)))))
s>    ( QUESTION0_15_R 1 -2.032e+04 1.663e+02 8.814e+01
s>        ( QUESTION0 -1 -2.220e+03 1.432e+02 1.100e+01
s>            ( - -6.898e+02 1 0)
s>            ( - -1.387e+03 1 0))
s>        ( QUESTION16 -1 -1.794e+04 2.110e+02 7.714e+01
s>            ( - -2.394e+02 1 0)
s>            ( QUESTION14 -1 -1.749e+04 1.556e+02 7.514e+01
s>                ( QUESTION0_0_R 1 -3.109e+03 1.668e+02 1.401e+01
s>                    ( - -6.543e+02 1 0)
s>                    ( - -2.288e+03 3 0 QUESTION0_9_R 1 8.864e+01 1.001e+01))
s>                ( WDBNDRY_B 0 -1.422e+04 1.387e+02 6.113e+01
s>                    ( QUESTION2_0_L -1 -1.007e+03 2.436e+02 5.000e+00
s>                        ( - -2.666e+02 1 0)
s>                        ( - -4.972e+02 1 0))
s>                    ( - -1.307e+04 17 0 QUESTION2_7_L -1 1.613e+02 5.613e+01)))))INFO: dtree.c(1315): Comp split 20
INFO: dtree.c(1478): Final simple tree
|( QUESTION2_7_L -1 -1.550e+04 1.646e+02 6.614e+01
|    ( QUESTION2_8_L -1 -9.509e+03 1.264e+02 4.176e+01
|        ( QUESTION2 1 -5.318e+03 1.027e+02 2.386e+01
|            ( - -1.341e+03 1 0)
|            ( - -3.875e+03 4 0 QUESTION0_2_R 1 7.605e+01 1.713e+01))
|        ( QUESTION2 1 -4.065e+03 2.225e+02 1.790e+01
|            ( - -2.352e+02 1 0)
|            ( QUESTION3 -1 -3.607e+03 1.067e+02 1.590e+01
|                ( - -2.007e+03 1 0)
|                ( QUESTION1 -1 -1.493e+03 1.025e+02 6.148e+00
|                    ( - -9.816e+02 2 0 QUESTION0_9_R 1 4.606e+02 4.002e+00)
|                    ( - -4.092e+02 1 0)))))
|    ( QUESTION14 -1 -5.827e+03 1.352e+02 2.438e+01
|        ( - -2.288e+03 3 0 QUESTION0_9_R 1 8.864e+01 1.001e+01)
|        ( - -3.403e+03 7 0 QUESTION2 -1 9.080e+01 1.438e+01)))
s>    ( QUESTION2_7_L -1 -1.550e+04 1.646e+02 6.614e+01
s>        ( QUESTION2_8_L -1 -9.509e+03 1.264e+02 4.176e+01
s>            ( QUESTION2 1 -5.318e+03 1.027e+02 2.386e+01
s>                ( - -1.341e+03 1 0)
s>                ( - -3.875e+03 4 0 QUESTION0_2_R 1 7.605e+01 1.713e+01))
s>            ( QUESTION2 1 -4.065e+03 2.225e+02 1.790e+01
s>                ( - -2.352e+02 1 0)
s>                ( QUESTION3 -1 -3.607e+03 1.067e+02 1.590e+01
s>                    ( - -2.007e+03 1 0)
s>                    ( QUESTION1 -1 -1.493e+03 1.025e+02 6.148e+00
s>                        ( - -9.816e+02 2 0 QUESTION0_9_R 1 4.606e+02 4.002e+00)
s>                        ( - -4.092e+02 1 0)))))
s>        ( QUESTION14 -1 -5.827e+03 1.352e+02 2.438e+01
s>            ( - -2.288e+03 3 0 QUESTION0_9_R 1 8.864e+01 1.001e+01)
s>            ( - -3.403e+03 7 0 QUESTION2 -1 9.080e+01 1.438e+01)))INFO: dtree.c(1439): stop. leaf nodes are specific
INFO: dtree.c(1478): Final simple tree
|( QUESTION2_7_L -1 -4.594e+03 1.707e+02 2.200e+01
|    ( - -4.972e+02 1 0)
|    ( WDBNDRY_B 0 -3.926e+03 1.839e+02 1.900e+01
|        ( - -2.666e+02 1 0)
|        ( QUESTION14 -1 -3.476e+03 1.481e+02 1.700e+01
|            ( - -6.543e+02 1 0)
|            ( QUESTION0_0_R 1 -2.673e+03 2.143e+02 1.300e+01
|                ( - -2.394e+02 1 0)
|                ( QUESTION0 -1 -2.220e+03 1.432e+02 1.100e+01
|                    ( - -6.898e+02 1 0)
|                    ( - -1.387e+03 1 0))))))
s>    ( QUESTION2_7_L -1 -4.594e+03 1.707e+02 2.200e+01
s>        ( - -4.972e+02 1 0)
s>        ( WDBNDRY_B 0 -3.926e+03 1.839e+02 1.900e+01
s>            ( - -2.666e+02 1 0)
s>            ( QUESTION14 -1 -3.476e+03 1.481e+02 1.700e+01
s>                ( - -6.543e+02 1 0)
s>                ( QUESTION0_0_R 1 -2.673e+03 2.143e+02 1.300e+01
s>                    ( - -2.394e+02 1 0)
s>                    ( QUESTION0 -1 -2.220e+03 1.432e+02 1.100e+01
s>                        ( - -6.898e+02 1 0)
s>                        ( - -1.387e+03 1 0))))))INFO: dtree.c(1315): Comp split 21
INFO: dtree.c(1478): Final simple tree
|( QUESTION2_7_L -1 -1.505e+04 1.620e+02 6.414e+01
|    ( QUESTION2_8_L -1 -9.058e+03 1.331e+02 3.976e+01
|        ( QUESTION2 1 -5.318e+03 1.027e+02 2.386e+01
|            ( - -1.341e+03 1 0)
|            ( - -3.875e+03 4 0 QUESTION0_2_R 1 7.605e+01 1.713e+01))
|        ( QUESTION3 -1 -3.607e+03 1.067e+02 1.590e+01
|            ( - -2.007e+03 1 0)
|            ( QUESTION1 -1 -1.493e+03 1.025e+02 6.148e+00
|                ( QUESTION0_9_R 1 -9.816e+02 4.606e+02 4.002e+00
|                    ( - 1.698e+02 1 0)
|                    ( - -6.909e+02 1 0))
|                ( - -4.092e+02 1 0))))
|    ( QUESTION14 -1 -5.827e+03 1.352e+02 2.438e+01
|        ( - -2.288e+03 3 0 QUESTION0_9_R 1 8.864e+01 1.001e+01)
|        ( - -3.403e+03 7 0 QUESTION2 -1 9.080e+01 1.438e+01)))
s>    ( QUESTION2_7_L -1 -1.505e+04 1.620e+02 6.414e+01
s>        ( QUESTION2_8_L -1 -9.058e+03 1.331e+02 3.976e+01
s>            ( QUESTION2 1 -5.318e+03 1.027e+02 2.386e+01
s>                ( - -1.341e+03 1 0)
s>                ( - -3.875e+03 4 0 QUESTION0_2_R 1 7.605e+01 1.713e+01))
s>            ( QUESTION3 -1 -3.607e+03 1.067e+02 1.590e+01
s>                ( - -2.007e+03 1 0)
s>                ( QUESTION1 -1 -1.493e+03 1.025e+02 6.148e+00
s>                    ( QUESTION0_9_R 1 -9.816e+02 4.606e+02 4.002e+00
s>                        ( - 1.698e+02 1 0)
s>                        ( - -6.909e+02 1 0))
s>                    ( - -4.092e+02 1 0))))
s>        ( QUESTION14 -1 -5.827e+03 1.352e+02 2.438e+01
s>            ( - -2.288e+03 3 0 QUESTION0_9_R 1 8.864e+01 1.001e+01)
s>            ( - -3.403e+03 7 0 QUESTION2 -1 9.080e+01 1.438e+01)))INFO: dtree.c(1315): Comp split 22
INFO: dtree.c(1478): Final simple tree
|( QUESTION2_7_L -1 -1.476e+04 1.598e+02 6.314e+01
|    ( QUESTION2_8_L -1 -8.771e+03 1.281e+02 3.876e+01
|        ( QUESTION2 1 -5.318e+03 1.027e+02 2.386e+01
|            ( - -1.341e+03 1 0)
|            ( - -3.875e+03 4 0 QUESTION0_2_R 1 7.605e+01 1.713e+01))
|        ( QUESTION3 -1 -3.325e+03 1.140e+02 1.490e+01
|            ( - -2.007e+03 1 0)
|            ( QUESTION0_9_R 1 -1.204e+03 1.035e+02 5.148e+00
|                ( - -4.092e+02 1 0)
|                ( - -6.909e+02 1 0))))
|    ( QUESTION14 -1 -5.827e+03 1.352e+02 2.438e+01
|        ( - -2.288e+03 3 0 QUESTION0_9_R 1 8.864e+01 1.001e+01)
|        ( QUESTION2 -1 -3.403e+03 9.080e+01 1.438e+01
|            ( - -1.806e+03 2 0 QUESTION0_9_R 1 6.745e+01 8.375e+00)
|            ( - -1.507e+03 5 0 QUESTION4 -1 7.455e+01 6.000e+00))))
s>    ( QUESTION2_7_L -1 -1.476e+04 1.598e+02 6.314e+01
s>        ( QUESTION2_8_L -1 -8.771e+03 1.281e+02 3.876e+01
s>            ( QUESTION2 1 -5.318e+03 1.027e+02 2.386e+01
s>                ( - -1.341e+03 1 0)
s>                ( - -3.875e+03 4 0 QUESTION0_2_R 1 7.605e+01 1.713e+01))
s>            ( QUESTION3 -1 -3.325e+03 1.140e+02 1.490e+01
s>                ( - -2.007e+03 1 0)
s>                ( QUESTION0_9_R 1 -1.204e+03 1.035e+02 5.148e+00
s>                    ( - -4.092e+02 1 0)
s>                    ( - -6.909e+02 1 0))))
s>        ( QUESTION14 -1 -5.827e+03 1.352e+02 2.438e+01
s>            ( - -2.288e+03 3 0 QUESTION0_9_R 1 8.864e+01 1.001e+01)
s>            ( QUESTION2 -1 -3.403e+03 9.080e+01 1.438e+01
s>                ( - -1.806e+03 2 0 QUESTION0_9_R 1 6.745e+01 8.375e+00)
s>                ( - -1.507e+03 5 0 QUESTION4 -1 7.455e+01 6.000e+00))))INFO: dtree.c(1315): Comp split 23
INFO: dtree.c(1315): Comp split 24
INFO: dtree.c(1439): stop. leaf nodes are specific
INFO: dtree.c(1478): Final simple tree
|( QUESTION0_11_R 1 -6.332e+03 2.060e+02 3.200e+01
|    ( - -1.746e+03 1 0)
|    ( QUESTION0_2_R 1 -4.380e+03 1.487e+02 2.200e+01
|        ( - -1.396e+03 1 0)
|        ( - -2.835e+03 1 0)))
s>    ( QUESTION0_11_R 1 -6.332e+03 2.060e+02 3.200e+01
s>        ( - -1.746e+03 1 0)
s>        ( QUESTION0_2_R 1 -4.380e+03 1.487e+02 2.200e+01
s>            ( - -1.396e+03 1 0)
s>            ( - -2.835e+03 1 0)))INFO: dtree.c(1315): Comp split 25
INFO: dtree.c(1439): stop. leaf nodes are specific
INFO: dtree.c(1478): Final simple tree
|( WDBNDRY_B 0 -2.741e+03 1.947e+02 1.300e+01
|    ( - -1.874e+03 1 0)
|    ( - -6.721e+02 1 0))
s>    ( WDBNDRY_B 0 -2.741e+03 1.947e+02 1.300e+01
s>        ( - -1.874e+03 1 0)
s>        ( - -6.721e+02 1 0))INFO: dtree.c(1439): stop. leaf nodes are specific
INFO: dtree.c(1478): Final simple tree
|( QUESTION2_6_L -1 -6.736e+03 1.210e+02 2.905e+01
|    ( - -1.295e+03 1 0)
|    ( - -5.320e+03 1 0))
s>    ( QUESTION2_6_L -1 -6.736e+03 1.210e+02 2.905e+01
s>        ( - -1.295e+03 1 0)
s>        ( - -5.320e+03 1 0))INFO: dtree.c(1315): Comp split 26
INFO: dtree.c(1439): stop. leaf nodes are specific
INFO: dtree.c(1478): Final simple tree
|( QUESTION2_7_L -1 -4.148e+03 1.806e+02 2.000e+01
|    ( - -4.972e+02 1 0)
|    ( WDBNDRY_B 0 -3.471e+03 1.906e+02 1.700e+01
|        ( - -2.666e+02 1 0)
|        ( QUESTION0 -1 -3.014e+03 1.463e+02 1.500e+01
|            ( - -6.898e+02 1 0)
|            ( QUESTION0_0_R 1 -2.177e+03 1.363e+02 1.100e+01
|                ( - -6.543e+02 1 0)
|                ( - -1.387e+03 1 0)))))
s>    ( QUESTION2_7_L -1 -4.148e+03 1.806e+02 2.000e+01
s>        ( - -4.972e+02 1 0)
s>        ( WDBNDRY_B 0 -3.471e+03 1.906e+02 1.700e+01
s>            ( - -2.666e+02 1 0)
s>            ( QUESTION0 -1 -3.014e+03 1.463e+02 1.500e+01
s>                ( - -6.898e+02 1 0)
s>                ( QUESTION0_0_R 1 -2.177e+03 1.363e+02 1.100e+01
s>                    ( - -6.543e+02 1 0)
s>                    ( - -1.387e+03 1 0)))))INFO: dtree.c(1315): Comp split 27
INFO: dtree.c(1439): stop. leaf nodes are specific
INFO: dtree.c(1478): Final simple tree
|( QUESTION0_2_R 1 -4.380e+03 1.487e+02 2.200e+01
|    ( - -1.396e+03 1 0)
|    ( - -2.835e+03 1 0))
s>    ( QUESTION0_2_R 1 -4.380e+03 1.487e+02 2.200e+01
s>        ( - -1.396e+03 1 0)
s>        ( - -2.835e+03 1 0))INFO: dtree.c(1315): Comp split 28
INFO: dtree.c(1478): Final simple tree
|( QUESTION14 -1 -7.745e+03 1.747e+02 3.295e+01
|    ( - -7.431e+02 1 0)
|    ( QUESTION13 -1 -6.827e+03 1.421e+02 2.895e+01
|        ( - -2.593e+03 2 0)
|        ( QUESTION0_11_R 1 -4.092e+03 1.360e+02 1.696e+01
|            ( - -7.925e+02 1 0)
|            ( QUESTION12 -1 -3.163e+03 1.088e+02 1.300e+01
|                ( QUESTION0_0_R 1 -1.250e+03 1.078e+02 6.000e+00
|                    ( - -4.220e+02 2 0)
|                    ( - -7.204e+02 1 0))
|                ( QUESTION9 -1 -1.804e+03 8.019e+01 7.000e+00
|                    ( - -2.152e+02 1 0)
|                    ( QUESTION0_10_R 1 -1.509e+03 6.895e+01 6.000e+00
|                        ( - -6.569e+02 1 0)
|                        ( - -7.830e+02 3 0 QUESTION1 -1 7.207e+01 3.000e+00)))))))
s>    ( QUESTION14 -1 -7.745e+03 1.747e+02 3.295e+01
s>        ( - -7.431e+02 1 0)
s>        ( QUESTION13 -1 -6.827e+03 1.421e+02 2.895e+01
s>            ( - -2.593e+03 2 0)
s>            ( QUESTION0_11_R 1 -4.092e+03 1.360e+02 1.696e+01
s>                ( - -7.925e+02 1 0)
s>                ( QUESTION12 -1 -3.163e+03 1.088e+02 1.300e+01
s>                    ( QUESTION0_0_R 1 -1.250e+03 1.078e+02 6.000e+00
s>                        ( - -4.220e+02 2 0)
s>                        ( - -7.204e+02 1 0))
s>                    ( QUESTION9 -1 -1.804e+03 8.019e+01 7.000e+00
s>                        ( - -2.152e+02 1 0)
s>                        ( QUESTION0_10_R 1 -1.509e+03 6.895e+01 6.000e+00
s>                            ( - -6.569e+02 1 0)
s>                            ( - -7.830e+02 3 0 QUESTION1 -1 7.207e+01 3.000e+00)))))))INFO: dtree.c(1439): stop. leaf nodes are specific
INFO: dtree.c(1478): Final simple tree
|( QUESTION15 -1 -4.066e+03 1.479e+02 1.902e+01
|    ( - -9.184e+02 1 0)
|    ( QUESTION0 -1 -3.000e+03 1.263e+02 1.402e+01
|        ( QUESTION5 -1 -2.124e+03 1.060e+02 1.002e+01
|            ( - -1.364e+03 1 0)
|            ( - -6.544e+02 1 0))
|        ( - -7.490e+02 1 0)))
s>    ( QUESTION15 -1 -4.066e+03 1.479e+02 1.902e+01
s>        ( - -9.184e+02 1 0)
s>        ( QUESTION0 -1 -3.000e+03 1.263e+02 1.402e+01
s>            ( QUESTION5 -1 -2.124e+03 1.060e+02 1.002e+01
s>                ( - -1.364e+03 1 0)
s>                ( - -6.544e+02 1 0))
s>            ( - -7.490e+02 1 0)))INFO: dtree.c(1315): Comp split 29
INFO: dtree.c(1478): Final simple tree
|( QUESTION14 1 -1.421e+04 1.469e+02 5.860e+01
|    ( QUESTION2_8_L -1 -4.992e+03 1.713e+02 2.106e+01
|        ( - -1.894e+03 1 0)
|        ( QUESTION1 -1 -2.926e+03 8.828e+01 1.226e+01
|            ( - -1.642e+03 1 0)
|            ( - -1.196e+03 2 0 QUESTION2_6_L -1 7.668e+01 5.203e+00)))
|    ( QUESTION2_16_L -1 -9.072e+03 1.326e+02 3.754e+01
|        ( - -1.233e+03 1 0)
|        ( QUESTION16 1 -7.707e+03 1.016e+02 3.155e+01
|            ( - -2.494e+03 5 0 QUESTION2_6_L -1 8.659e+01 9.984e+00)
|            ( QUESTION4 -1 -5.112e+03 1.029e+02 2.156e+01
|                ( - -2.154e+03 1 0)
|                ( QUESTION3 -1 -2.854e+03 9.026e+01 1.154e+01
|                    ( - -1.206e+03 1 0)
|                    ( - -1.559e+03 4 0 WDBNDRY_B 0 7.739e+01 5.895e+00))))))
s>    ( QUESTION14 1 -1.421e+04 1.469e+02 5.860e+01
s>        ( QUESTION2_8_L -1 -4.992e+03 1.713e+02 2.106e+01
s>            ( - -1.894e+03 1 0)
s>            ( QUESTION1 -1 -2.926e+03 8.828e+01 1.226e+01
s>                ( - -1.642e+03 1 0)
s>                ( - -1.196e+03 2 0 QUESTION2_6_L -1 7.668e+01 5.203e+00)))
s>        ( QUESTION2_16_L -1 -9.072e+03 1.326e+02 3.754e+01
s>            ( - -1.233e+03 1 0)
s>            ( QUESTION16 1 -7.707e+03 1.016e+02 3.155e+01
s>                ( - -2.494e+03 5 0 QUESTION2_6_L -1 8.659e+01 9.984e+00)
s>                ( QUESTION4 -1 -5.112e+03 1.029e+02 2.156e+01
s>                    ( - -2.154e+03 1 0)
s>                    ( QUESTION3 -1 -2.854e+03 9.026e+01 1.154e+01
s>                        ( - -1.206e+03 1 0)
s>                        ( - -1.559e+03 4 0 WDBNDRY_B 0 7.739e+01 5.895e+00))))))INFO: dtree.c(1315): Comp split 30
INFO: dtree.c(1439): stop. leaf nodes are specific
INFO: dtree.c(1478): Final simple tree
|( QUESTION0 -1 -6.338e+03 1.350e+02 3.081e+01
|    ( QUESTION3 1 -4.726e+03 1.303e+02 2.289e+01
|        ( - -2.409e+03 2 0)
|        ( QUESTION0_0_R 1 -2.187e+03 1.050e+02 1.089e+01
|            ( - -3.508e+02 1 0)
|            ( - -1.731e+03 2 0)))
|    ( - -1.477e+03 1 0))
s>    ( QUESTION0 -1 -6.338e+03 1.350e+02 3.081e+01
s>        ( QUESTION3 1 -4.726e+03 1.303e+02 2.289e+01
s>            ( - -2.409e+03 2 0)
s>            ( QUESTION0_0_R 1 -2.187e+03 1.050e+02 1.089e+01
s>                ( - -3.508e+02 1 0)
s>                ( - -1.731e+03 2 0)))
s>        ( - -1.477e+03 1 0))INFO: dtree.c(1315): Comp split 31
INFO: dtree.c(1315): Comp split 32
INFO: dtree.c(1439): stop. leaf nodes are specific
INFO: dtree.c(1478): Final simple tree
|( QUESTION0_0_R 1 -8.369e+03 1.034e+02 3.584e+01
|    ( WDBNDRY_B 0 -7.300e+03 9.706e+01 3.113e+01
|        ( - -4.815e+02 1 0)
|        ( - -6.722e+03 1 0))
|    ( - -9.659e+02 1 0))
s>    ( QUESTION0_0_R 1 -8.369e+03 1.034e+02 3.584e+01
s>        ( WDBNDRY_B 0 -7.300e+03 9.706e+01 3.113e+01
s>            ( - -4.815e+02 1 0)
s>            ( - -6.722e+03 1 0))
s>        ( - -9.659e+02 1 0))INFO: dtree.c(1315): Comp split 33
INFO: dtree.c(1439): stop. leaf nodes are specific
INFO: dtree.c(1478): Final simple tree
|( WDBNDRY_B 0 -3.698e+03 1.872e+02 1.800e+01
|    ( - -4.972e+02 1 0)
|    ( QUESTION0 -1 -3.014e+03 1.463e+02 1.500e+01
|        ( - -6.898e+02 1 0)
|        ( QUESTION0_0_R 1 -2.177e+03 1.363e+02 1.100e+01
|            ( - -6.543e+02 1 0)
|            ( - -1.387e+03 1 0))))
s>    ( WDBNDRY_B 0 -3.698e+03 1.872e+02 1.800e+01
s>        ( - -4.972e+02 1 0)
s>        ( QUESTION0 -1 -3.014e+03 1.463e+02 1.500e+01
s>            ( - -6.898e+02 1 0)
s>            ( QUESTION0_0_R 1 -2.177e+03 1.363e+02 1.100e+01
s>                ( - -6.543e+02 1 0)
s>                ( - -1.387e+03 1 0))))INFO: dtree.c(1315): Comp split 34
INFO: dtree.c(1439): stop. leaf nodes are specific
INFO: dtree.c(1478): Final simple tree
|( QUESTION0 -1 -3.014e+03 1.463e+02 1.500e+01
|    ( - -6.898e+02 1 0)
|    ( QUESTION0_0_R 1 -2.177e+03 1.363e+02 1.100e+01
|        ( - -6.543e+02 1 0)
|        ( - -1.387e+03 1 0)))
s>    ( QUESTION0 -1 -3.014e+03 1.463e+02 1.500e+01
s>        ( - -6.898e+02 1 0)
s>        ( QUESTION0_0_R 1 -2.177e+03 1.363e+02 1.100e+01
s>            ( - -6.543e+02 1 0)
s>            ( - -1.387e+03 1 0)))INFO: dtree.c(1315): Comp split 35
INFO: dtree.c(1478): Final simple tree
|( QUESTION13 -1 -6.827e+03 1.421e+02 2.895e+01
|    ( - -2.593e+03 2 0)
|    ( QUESTION0_11_R 1 -4.092e+03 1.360e+02 1.696e+01
|        ( - -7.925e+02 1 0)
|        ( QUESTION12 -1 -3.163e+03 1.088e+02 1.300e+01
|            ( QUESTION0_0_R 1 -1.250e+03 1.078e+02 6.000e+00
|                ( - -4.220e+02 2 0)
|                ( - -7.204e+02 1 0))
|            ( QUESTION9 -1 -1.804e+03 8.019e+01 7.000e+00
|                ( - -2.152e+02 1 0)
|                ( QUESTION0_10_R 1 -1.509e+03 6.895e+01 6.000e+00
|                    ( - -6.569e+02 1 0)
|                    ( QUESTION1 -1 -7.830e+02 7.207e+01 3.000e+00
|                        ( - -2.001e+02 1 0)
|                        ( - -5.108e+02 2 0 WDBNDRY_B 0 5.407e+01 2.000e+00)))))))
s>    ( QUESTION13 -1 -6.827e+03 1.421e+02 2.895e+01
s>        ( - -2.593e+03 2 0)
s>        ( QUESTION0_11_R 1 -4.092e+03 1.360e+02 1.696e+01
s>            ( - -7.925e+02 1 0)
s>            ( QUESTION12 -1 -3.163e+03 1.088e+02 1.300e+01
s>                ( QUESTION0_0_R 1 -1.250e+03 1.078e+02 6.000e+00
s>                    ( - -4.220e+02 2 0)
s>                    ( - -7.204e+02 1 0))
s>                ( QUESTION9 -1 -1.804e+03 8.019e+01 7.000e+00
s>                    ( - -2.152e+02 1 0)
s>                    ( QUESTION0_10_R 1 -1.509e+03 6.895e+01 6.000e+00
s>                        ( - -6.569e+02 1 0)
s>                        ( QUESTION1 -1 -7.830e+02 7.207e+01 3.000e+00
s>                            ( - -2.001e+02 1 0)
s>                            ( - -5.108e+02 2 0 WDBNDRY_B 0 5.407e+01 2.000e+00)))))))INFO: dtree.c(1315): Comp split 36
INFO: dtree.c(1439): stop. leaf nodes are specific
INFO: dtree.c(1478): Final simple tree
|( QUESTION0_0_R 1 -2.929e+03 9.026e+01 1.198e+01
|    ( - -6.995e+02 1 0)
|    ( QUESTION2_9_L -1 -2.139e+03 7.626e+01 8.974e+00
|        ( - -4.186e+02 1 0)
|        ( WDBNDRY_B 0 -1.644e+03 5.597e+01 6.978e+00
|            ( - -1.364e+03 1 0)
|            ( - -2.248e+02 1 0))))
s>    ( QUESTION0_0_R 1 -2.929e+03 9.026e+01 1.198e+01
s>        ( - -6.995e+02 1 0)
s>        ( QUESTION2_9_L -1 -2.139e+03 7.626e+01 8.974e+00
s>            ( - -4.186e+02 1 0)
s>            ( WDBNDRY_B 0 -1.644e+03 5.597e+01 6.978e+00
s>                ( - -1.364e+03 1 0)
s>                ( - -2.248e+02 1 0))))INFO: dtree.c(1439): stop. leaf nodes are specific
INFO: dtree.c(1478): Final simple tree
|( WDBNDRY_B 0 -2.155e+03 1.370e+02 8.225e+00
|    ( - -1.033e+03 1 0)
|    ( - -9.856e+02 1 0))
s>    ( WDBNDRY_B 0 -2.155e+03 1.370e+02 8.225e+00
s>        ( - -1.033e+03 1 0)
s>        ( - -9.856e+02 1 0))INFO: dtree.c(1315): Comp split 37
INFO: dtree.c(1478): Final simple tree
|( QUESTION2_8_L -1 -9.240e+03 1.224e+02 3.694e+01
|    ( QUESTION0_0_R 1 -3.243e+03 1.118e+02 1.378e+01
|        ( - -1.894e+03 1 0)
|        ( QUESTION0_2_R 1 -1.237e+03 7.975e+01 4.986e+00
|            ( - -2.079e+02 1 0)
|            ( - -9.496e+02 1 0)))
|    ( QUESTION14 1 -5.874e+03 1.242e+02 2.316e+01
|        ( QUESTION1 -1 -2.926e+03 8.828e+01 1.226e+01
|            ( - -1.642e+03 1 0)
|            ( - -1.196e+03 2 0 QUESTION2_6_L -1 7.668e+01 5.203e+00))
|        ( WDBNDRY_B 0 -2.824e+03 8.943e+01 1.089e+01
|            ( - -8.150e+02 2 0)
|            ( QUESTION4 -1 -1.919e+03 7.789e+01 7.997e+00
|                ( - -4.296e+02 1 0)
|                ( - -1.412e+03 4 0 QUESTION0_19_R 1 7.122e+01 6.000e+00)))))
s>    ( QUESTION2_8_L -1 -9.240e+03 1.224e+02 3.694e+01
s>        ( QUESTION0_0_R 1 -3.243e+03 1.118e+02 1.378e+01
s>            ( - -1.894e+03 1 0)
s>            ( QUESTION0_2_R 1 -1.237e+03 7.975e+01 4.986e+00
s>                ( - -2.079e+02 1 0)
s>                ( - -9.496e+02 1 0)))
s>        ( QUESTION14 1 -5.874e+03 1.242e+02 2.316e+01
s>            ( QUESTION1 -1 -2.926e+03 8.828e+01 1.226e+01
s>                ( - -1.642e+03 1 0)
s>                ( - -1.196e+03 2 0 QUESTION2_6_L -1 7.668e+01 5.203e+00))
s>            ( WDBNDRY_B 0 -2.824e+03 8.943e+01 1.089e+01
s>                ( - -8.150e+02 2 0)
s>                ( QUESTION4 -1 -1.919e+03 7.789e+01 7.997e+00
s>                    ( - -4.296e+02 1 0)
s>                    ( - -1.412e+03 4 0 QUESTION0_19_R 1 7.122e+01 6.000e+00)))))INFO: dtree.c(1439): stop. leaf nodes are specific
INFO: dtree.c(1478): Final simple tree
|( QUESTION2 -1 -4.798e+03 1.054e+02 2.167e+01
|    ( - -1.233e+03 1 0)
|    ( QUESTION1 -1 -3.460e+03 9.972e+01 1.567e+01
|        ( - -1.206e+03 1 0)
|        ( - -2.154e+03 1 0)))
s>    ( QUESTION2 -1 -4.798e+03 1.054e+02 2.167e+01
s>        ( - -1.233e+03 1 0)
s>        ( QUESTION1 -1 -3.460e+03 9.972e+01 1.567e+01
s>            ( - -1.206e+03 1 0)
s>            ( - -2.154e+03 1 0)))INFO: dtree.c(1315): Comp split 38
INFO: dtree.c(1439): stop. leaf nodes are specific
INFO: dtree.c(1478): Final simple tree
|( QUESTION2_8_L -1 -8.771e+03 1.281e+02 3.876e+01
|    ( QUESTION2 1 -5.318e+03 1.027e+02 2.386e+01
|        ( - -1.341e+03 1 0)
|        ( QUESTION0_2_R 1 -3.875e+03 7.605e+01 1.713e+01
|            ( - -1.827e+02 1 0)
|            ( QUESTION0_0_R 1 -3.616e+03 7.574e+01 1.613e+01
|                ( - -7.274e+02 1 0)
|                ( - -2.813e+03 2 0))))
|    ( QUESTION3 -1 -3.325e+03 1.140e+02 1.490e+01
|        ( - -2.007e+03 1 0)
|        ( QUESTION0_9_R 1 -1.204e+03 1.035e+02 5.148e+00
|            ( - -4.092e+02 1 0)
|            ( - -6.909e+02 1 0))))
s>    ( QUESTION2_8_L -1 -8.771e+03 1.281e+02 3.876e+01
s>        ( QUESTION2 1 -5.318e+03 1.027e+02 2.386e+01
s>            ( - -1.341e+03 1 0)
s>            ( QUESTION0_2_R 1 -3.875e+03 7.605e+01 1.713e+01
s>                ( - -1.827e+02 1 0)
s>                ( QUESTION0_0_R 1 -3.616e+03 7.574e+01 1.613e+01
s>                    ( - -7.274e+02 1 0)
s>                    ( - -2.813e+03 2 0))))
s>        ( QUESTION3 -1 -3.325e+03 1.140e+02 1.490e+01
s>            ( - -2.007e+03 1 0)
s>            ( QUESTION0_9_R 1 -1.204e+03 1.035e+02 5.148e+00
s>                ( - -4.092e+02 1 0)
s>                ( - -6.909e+02 1 0))))INFO: dtree.c(1478): Final simple tree
|( QUESTION14 -1 -5.827e+03 1.352e+02 2.438e+01
|    ( QUESTION0_9_R 1 -2.288e+03 8.864e+01 1.001e+01
|        ( - -4.566e+02 2 0)
|        ( - -1.743e+03 1 0))
|    ( QUESTION2 -1 -3.403e+03 9.080e+01 1.438e+01
|        ( QUESTION0_9_R 1 -1.806e+03 6.745e+01 8.375e+00
|            ( - -7.151e+02 1 0)
|            ( - -1.024e+03 1 0))
|        ( QUESTION4 -1 -1.507e+03 7.455e+01 6.000e+00
|            ( QUESTION0_0_R 1 -6.996e+02 9.042e+01 3.000e+00
|                ( - -2.124e+02 1 0)
|                ( - -3.968e+02 1 0))
|            ( QUESTION0_0_R 1 -7.324e+02 8.927e+01 3.000e+00
|                ( - -1.469e+02 1 0)
|                ( - -4.962e+02 2 0 QUESTION0 -1 6.195e+01 2.000e+00)))))
s>    ( QUESTION14 -1 -5.827e+03 1.352e+02 2.438e+01
s>        ( QUESTION0_9_R 1 -2.288e+03 8.864e+01 1.001e+01
s>            ( - -4.566e+02 2 0)
s>            ( - -1.743e+03 1 0))
s>        ( QUESTION2 -1 -3.403e+03 9.080e+01 1.438e+01
s>            ( QUESTION0_9_R 1 -1.806e+03 6.745e+01 8.375e+00
s>                ( - -7.151e+02 1 0)
s>                ( - -1.024e+03 1 0))
s>            ( QUESTION4 -1 -1.507e+03 7.455e+01 6.000e+00
s>                ( QUESTION0_0_R 1 -6.996e+02 9.042e+01 3.000e+00
s>                    ( - -2.124e+02 1 0)
s>                    ( - -3.968e+02 1 0))
s>                ( QUESTION0_0_R 1 -7.324e+02 8.927e+01 3.000e+00
s>                    ( - -1.469e+02 1 0)
s>                    ( - -4.962e+02 2 0 QUESTION0 -1 6.195e+01 2.000e+00)))))INFO: dtree.c(1315): Comp split 39
INFO: dtree.c(1315): Comp split 40
INFO: dtree.c(1478): Final simple tree
|( QUESTION14 1 -7.191e+03 1.339e+02 2.814e+01
|    ( QUESTION1 -1 -2.926e+03 8.828e+01 1.226e+01
|        ( - -1.642e+03 1 0)
|        ( QUESTION2_6_L -1 -1.196e+03 7.668e+01 5.203e+00
|            ( - -6.172e+02 1 0)
|            ( - -5.023e+02 1 0)))
|    ( WDBNDRY_B 0 -4.130e+03 9.005e+01 1.588e+01
|        ( - -8.150e+02 2 0)
|        ( QUESTION2_6_L -1 -3.225e+03 8.285e+01 1.298e+01
|            ( - -4.296e+02 1 0)
|            ( QUESTION0_11_R 1 -2.713e+03 7.462e+01 1.099e+01
|                ( - -4.047e+02 1 0)
|                ( QUESTION0 -1 -2.234e+03 7.542e+01 8.986e+00
|                    ( - -1.751e+03 4 0 QUESTION0_2_R 1 6.919e+01 6.986e+00)
|                    ( - -4.070e+02 1 0))))))
s>    ( QUESTION14 1 -7.191e+03 1.339e+02 2.814e+01
s>        ( QUESTION1 -1 -2.926e+03 8.828e+01 1.226e+01
s>            ( - -1.642e+03 1 0)
s>            ( QUESTION2_6_L -1 -1.196e+03 7.668e+01 5.203e+00
s>                ( - -6.172e+02 1 0)
s>                ( - -5.023e+02 1 0)))
s>        ( WDBNDRY_B 0 -4.130e+03 9.005e+01 1.588e+01
s>            ( - -8.150e+02 2 0)
s>            ( QUESTION2_6_L -1 -3.225e+03 8.285e+01 1.298e+01
s>                ( - -4.296e+02 1 0)
s>                ( QUESTION0_11_R 1 -2.713e+03 7.462e+01 1.099e+01
s>                    ( - -4.047e+02 1 0)
s>                    ( QUESTION0 -1 -2.234e+03 7.542e+01 8.986e+00
s>                        ( - -1.751e+03 4 0 QUESTION0_2_R 1 6.919e+01 6.986e+00)
s>                        ( - -4.070e+02 1 0))))))INFO: dtree.c(1315): Comp split 41
INFO: dtree.c(1439): stop. leaf nodes are specific
INFO: dtree.c(1478): Final simple tree
|( QUESTION0_2_R 1 -3.461e+03 1.476e+02 1.599e+01
|    ( - -7.204e+02 1 0)
|    ( - -2.593e+03 2 0))
s>    ( QUESTION0_2_R 1 -3.461e+03 1.476e+02 1.599e+01
s>        ( - -7.204e+02 1 0)
s>        ( - -2.593e+03 2 0))INFO: dtree.c(1439): stop. leaf nodes are specific
INFO: dtree.c(1478): Final simple tree
|( QUESTION0_11_R 1 -3.213e+03 1.307e+02 1.296e+01
|    ( - -7.925e+02 1 0)
|    ( QUESTION0_10_R 1 -2.290e+03 8.058e+01 9.000e+00
|        ( - -6.569e+02 1 0)
|        ( QUESTION9 -1 -1.553e+03 7.171e+01 6.000e+00
|            ( - -2.152e+02 1 0)
|            ( QUESTION1 -1 -1.266e+03 7.524e+01 5.000e+00
|                ( - -2.001e+02 1 0)
|                ( QUESTION0_0_R 1 -9.903e+02 5.743e+01 4.000e+00
|                    ( - -4.220e+02 2 0)
|                    ( WDBNDRY_B 0 -5.108e+02 5.407e+01 2.000e+00
|                        ( - -2.401e+02 1 0)
|                        ( - -2.167e+02 1 0)))))))
s>    ( QUESTION0_11_R 1 -3.213e+03 1.307e+02 1.296e+01
s>        ( - -7.925e+02 1 0)
s>        ( QUESTION0_10_R 1 -2.290e+03 8.058e+01 9.000e+00
s>            ( - -6.569e+02 1 0)
s>            ( QUESTION9 -1 -1.553e+03 7.171e+01 6.000e+00
s>                ( - -2.152e+02 1 0)
s>                ( QUESTION1 -1 -1.266e+03 7.524e+01 5.000e+00
s>                    ( - -2.001e+02 1 0)
s>                    ( QUESTION0_0_R 1 -9.903e+02 5.743e+01 4.000e+00
s>                        ( - -4.220e+02 2 0)
s>                        ( WDBNDRY_B 0 -5.108e+02 5.407e+01 2.000e+00
s>                            ( - -2.401e+02 1 0)
s>                            ( - -2.167e+02 1 0)))))))INFO: dtree.c(1315): Comp split 42
INFO: dtree.c(1315): Comp split 43
INFO: dtree.c(1439): stop. leaf nodes are specific
INFO: dtree.c(1478): Final simple tree
|( QUESTION0 -1 -3.000e+03 1.263e+02 1.402e+01
|    ( QUESTION5 -1 -2.124e+03 1.060e+02 1.002e+01
|        ( - -1.364e+03 1 0)
|        ( - -6.544e+02 1 0))
|    ( - -7.490e+02 1 0))
s>    ( QUESTION0 -1 -3.000e+03 1.263e+02 1.402e+01
s>        ( QUESTION5 -1 -2.124e+03 1.060e+02 1.002e+01
s>            ( - -1.364e+03 1 0)
s>            ( - -6.544e+02 1 0))
s>        ( - -7.490e+02 1 0))INFO: dtree.c(1315): Comp split 44
INFO: dtree.c(1315): Comp split 45
INFO: dtree.c(1439): stop. leaf nodes are specific
INFO: dtree.c(1478): Final simple tree
|( QUESTION0_0_R 1 -2.177e+03 1.363e+02 1.100e+01
|    ( - -6.543e+02 1 0)
|    ( - -1.387e+03 1 0))
s>    ( QUESTION0_0_R 1 -2.177e+03 1.363e+02 1.100e+01
s>        ( - -6.543e+02 1 0)
s>        ( - -1.387e+03 1 0))INFO: dtree.c(1315): Comp split 46
INFO: dtree.c(1478): Final simple tree
|( QUESTION0_10_R 1 -3.938e+03 9.019e+01 1.659e+01
|    ( - -1.024e+03 1 0)
|    ( QUESTION14 -1 -2.825e+03 7.740e+01 1.160e+01
|        ( - -4.566e+02 2 0)
|        ( QUESTION4 -1 -2.291e+03 7.493e+01 9.388e+00
|            ( QUESTION0_0_R 1 -6.996e+02 9.042e+01 3.000e+00
|                ( - -2.124e+02 1 0)
|                ( - -3.968e+02 1 0))
|            ( QUESTION0_0_R 1 -1.516e+03 9.101e+01 6.388e+00
|                ( - -1.469e+02 1 0)
|                ( QUESTION0 -1 -1.278e+03 6.745e+01 5.388e+00
|                    ( QUESTION2 -1 -9.776e+02 6.122e+01 4.388e+00
|                        ( - -7.151e+02 1 0)
|                        ( - -2.013e+02 1 0))
|                    ( - -2.329e+02 1 0))))))
s>    ( QUESTION0_10_R 1 -3.938e+03 9.019e+01 1.659e+01
s>        ( - -1.024e+03 1 0)
s>        ( QUESTION14 -1 -2.825e+03 7.740e+01 1.160e+01
s>            ( - -4.566e+02 2 0)
s>            ( QUESTION4 -1 -2.291e+03 7.493e+01 9.388e+00
s>                ( QUESTION0_0_R 1 -6.996e+02 9.042e+01 3.000e+00
s>                    ( - -2.124e+02 1 0)
s>                    ( - -3.968e+02 1 0))
s>                ( QUESTION0_0_R 1 -1.516e+03 9.101e+01 6.388e+00
s>                    ( - -1.469e+02 1 0)
s>                    ( QUESTION0 -1 -1.278e+03 6.745e+01 5.388e+00
s>                        ( QUESTION2 -1 -9.776e+02 6.122e+01 4.388e+00
s>                            ( - -7.151e+02 1 0)
s>                            ( - -2.013e+02 1 0))
s>                        ( - -2.329e+02 1 0))))))INFO: dtree.c(1315): Comp split 47
INFO: dtree.c(1315): Comp split 48
INFO: dtree.c(1315): Comp split 49
INFO: dtree.c(1439): stop. leaf nodes are specific
INFO: dtree.c(1478): Final simple tree
|( QUESTION3 1 -4.726e+03 1.303e+02 2.289e+01
|    ( - -2.409e+03 2 0)
|    ( QUESTION0_0_R 1 -2.187e+03 1.050e+02 1.089e+01
|        ( - -3.508e+02 1 0)
|        ( - -1.731e+03 2 0)))
s>    ( QUESTION3 1 -4.726e+03 1.303e+02 2.289e+01
s>        ( - -2.409e+03 2 0)
s>        ( QUESTION0_0_R 1 -2.187e+03 1.050e+02 1.089e+01
s>            ( - -3.508e+02 1 0)
s>            ( - -1.731e+03 2 0)))INFO: dtree.c(1315): Comp split 50
INFO: dtree.c(1478): Final simple tree
|( QUESTION0_11_R 1 -5.415e+03 9.036e+01 2.108e+01
|    ( WDBNDRY_B 0 -1.302e+03 8.253e+01 4.895e+00
|        ( - -8.150e+02 2 0)
|        ( - -4.047e+02 1 0))
|    ( QUESTION2_6_L -1 -4.022e+03 8.308e+01 1.619e+01
|        ( QUESTION0_0_R 1 -1.137e+03 9.037e+01 4.998e+00
|            ( - -6.172e+02 1 0)
|            ( - -4.296e+02 1 0))
|        ( QUESTION0_2_R 1 -2.802e+03 7.257e+01 1.119e+01
|            ( - -2.079e+02 1 0)
|            ( QUESTION0 -1 -2.521e+03 7.168e+01 1.019e+01
|                ( QUESTION3 -1 -2.043e+03 7.289e+01 8.190e+00
|                    ( - -1.943e+02 1 0)
|                    ( - -1.775e+03 3 0 QUESTION1 -1 6.610e+01 7.190e+00))
|                ( - -4.070e+02 1 0)))))
s>    ( QUESTION0_11_R 1 -5.415e+03 9.036e+01 2.108e+01
s>        ( WDBNDRY_B 0 -1.302e+03 8.253e+01 4.895e+00
s>            ( - -8.150e+02 2 0)
s>            ( - -4.047e+02 1 0))
s>        ( QUESTION2_6_L -1 -4.022e+03 8.308e+01 1.619e+01
s>            ( QUESTION0_0_R 1 -1.137e+03 9.037e+01 4.998e+00
s>                ( - -6.172e+02 1 0)
s>                ( - -4.296e+02 1 0))
s>            ( QUESTION0_2_R 1 -2.802e+03 7.257e+01 1.119e+01
s>                ( - -2.079e+02 1 0)
s>                ( QUESTION0 -1 -2.521e+03 7.168e+01 1.019e+01
s>                    ( QUESTION3 -1 -2.043e+03 7.289e+01 8.190e+00
s>                        ( - -1.943e+02 1 0)
s>                        ( - -1.775e+03 3 0 QUESTION1 -1 6.610e+01 7.190e+00))
s>                    ( - -4.070e+02 1 0)))))INFO: dtree.c(1315): Comp split 51
INFO: dtree.c(1439): stop. leaf nodes are specific
INFO: dtree.c(1478): Final simple tree
|( QUESTION0_10_R 1 -2.290e+03 8.058e+01 9.000e+00
|    ( - -6.569e+02 1 0)
|    ( QUESTION9 -1 -1.553e+03 7.171e+01 6.000e+00
|        ( - -2.152e+02 1 0)
|        ( QUESTION1 -1 -1.266e+03 7.524e+01 5.000e+00
|            ( - -2.001e+02 1 0)
|            ( QUESTION0_0_R 1 -9.903e+02 5.743e+01 4.000e+00
|                ( - -4.220e+02 2 0)
|                ( WDBNDRY_B 0 -5.108e+02 5.407e+01 2.000e+00
|                    ( - -2.401e+02 1 0)
|                    ( - -2.167e+02 1 0))))))
s>    ( QUESTION0_10_R 1 -2.290e+03 8.058e+01 9.000e+00
s>        ( - -6.569e+02 1 0)
s>        ( QUESTION9 -1 -1.553e+03 7.171e+01 6.000e+00
s>            ( - -2.152e+02 1 0)
s>            ( QUESTION1 -1 -1.266e+03 7.524e+01 5.000e+00
s>                ( - -2.001e+02 1 0)
s>                ( QUESTION0_0_R 1 -9.903e+02 5.743e+01 4.000e+00
s>                    ( - -4.220e+02 2 0)
s>                    ( WDBNDRY_B 0 -5.108e+02 5.407e+01 2.000e+00
s>                        ( - -2.401e+02 1 0)
s>                        ( - -2.167e+02 1 0))))))INFO: dtree.c(1315): Comp split 52
INFO: dtree.c(1439): stop. leaf nodes are specific
INFO: dtree.c(1478): Final simple tree
|( QUESTION0_0_R 1 -2.187e+03 1.050e+02 1.089e+01
|    ( - -3.508e+02 1 0)
|    ( - -1.731e+03 2 0))
s>    ( QUESTION0_0_R 1 -2.187e+03 1.050e+02 1.089e+01
s>        ( - -3.508e+02 1 0)
s>        ( - -1.731e+03 2 0))INFO: dtree.c(1315): Comp split 53
INFO: dtree.c(1439): stop. leaf nodes are specific
INFO: dtree.c(1478): Final simple tree
|( QUESTION2 1 -5.318e+03 1.027e+02 2.386e+01
|    ( - -1.341e+03 1 0)
|    ( QUESTION0_2_R 1 -3.875e+03 7.605e+01 1.713e+01
|        ( - -1.827e+02 1 0)
|        ( QUESTION0_0_R 1 -3.616e+03 7.574e+01 1.613e+01
|            ( - -7.274e+02 1 0)
|            ( - -2.813e+03 2 0))))
s>    ( QUESTION2 1 -5.318e+03 1.027e+02 2.386e+01
s>        ( - -1.341e+03 1 0)
s>        ( QUESTION0_2_R 1 -3.875e+03 7.605e+01 1.713e+01
s>            ( - -1.827e+02 1 0)
s>            ( QUESTION0_0_R 1 -3.616e+03 7.574e+01 1.613e+01
s>                ( - -7.274e+02 1 0)
s>                ( - -2.813e+03 2 0))))INFO: dtree.c(1439): stop. leaf nodes are specific
INFO: dtree.c(1478): Final simple tree
|( QUESTION3 -1 -3.325e+03 1.140e+02 1.490e+01
|    ( - -2.007e+03 1 0)
|    ( QUESTION0_9_R 1 -1.204e+03 1.035e+02 5.148e+00
|        ( - -4.092e+02 1 0)
|        ( - -6.909e+02 1 0)))
s>    ( QUESTION3 -1 -3.325e+03 1.140e+02 1.490e+01
s>        ( - -2.007e+03 1 0)
s>        ( QUESTION0_9_R 1 -1.204e+03 1.035e+02 5.148e+00
s>            ( - -4.092e+02 1 0)
s>            ( - -6.909e+02 1 0)))INFO: dtree.c(1315): Comp split 54
INFO: dtree.c(1439): stop. leaf nodes are specific
INFO: dtree.c(1478): Final simple tree
|( QUESTION5 -1 -2.124e+03 1.060e+02 1.002e+01
|    ( - -1.364e+03 1 0)
|    ( - -6.544e+02 1 0))
s>    ( QUESTION5 -1 -2.124e+03 1.060e+02 1.002e+01
s>        ( - -1.364e+03 1 0)
s>        ( - -6.544e+02 1 0))INFO: dtree.c(1315): Comp split 55
INFO: dtree.c(1315): Comp split 56
INFO: dtree.c(1439): stop. leaf nodes are specific
INFO: dtree.c(1478): Final simple tree
|( QUESTION0_9_R 1 -1.204e+03 1.035e+02 5.148e+00
|    ( - -4.092e+02 1 0)
|    ( - -6.909e+02 1 0))
s>    ( QUESTION0_9_R 1 -1.204e+03 1.035e+02 5.148e+00
s>        ( - -4.092e+02 1 0)
s>        ( - -6.909e+02 1 0))INFO: dtree.c(1315): Comp split 57
INFO: dtree.c(1439): stop. leaf nodes are specific
INFO: dtree.c(1478): Final simple tree
|( QUESTION0_10_R 1 -3.431e+03 8.559e+01 1.459e+01
|    ( - -1.024e+03 1 0)
|    ( QUESTION14 -1 -2.322e+03 7.934e+01 9.600e+00
|        ( - -4.566e+02 2 0)
|        ( QUESTION2 -1 -1.786e+03 7.100e+01 7.388e+00
|            ( - -7.151e+02 1 0)
|            ( QUESTION3 1 -9.996e+02 6.145e+01 4.000e+00
|                ( - -2.329e+02 1 0)
|                ( QUESTION0 -1 -7.052e+02 9.014e+01 3.000e+00
|                    ( QUESTION0_0_R 1 -4.681e+02 5.448e+01 2.000e+00
|                        ( - -2.124e+02 1 0)
|                        ( - -2.013e+02 1 0))
|                    ( - -1.469e+02 1 0))))))
s>    ( QUESTION0_10_R 1 -3.431e+03 8.559e+01 1.459e+01
s>        ( - -1.024e+03 1 0)
s>        ( QUESTION14 -1 -2.322e+03 7.934e+01 9.600e+00
s>            ( - -4.566e+02 2 0)
s>            ( QUESTION2 -1 -1.786e+03 7.100e+01 7.388e+00
s>                ( - -7.151e+02 1 0)
s>                ( QUESTION3 1 -9.996e+02 6.145e+01 4.000e+00
s>                    ( - -2.329e+02 1 0)
s>                    ( QUESTION0 -1 -7.052e+02 9.014e+01 3.000e+00
s>                        ( QUESTION0_0_R 1 -4.681e+02 5.448e+01 2.000e+00
s>                            ( - -2.124e+02 1 0)
s>                            ( - -2.013e+02 1 0))
s>                        ( - -1.469e+02 1 0))))))INFO: dtree.c(1315): Comp split 58
INFO: dtree.c(1315): Comp split 59
INFO: dtree.c(1439): stop. leaf nodes are specific
INFO: dtree.c(1478): Final simple tree
|( QUESTION1 -1 -3.460e+03 9.972e+01 1.567e+01
|    ( - -1.206e+03 1 0)
|    ( - -2.154e+03 1 0))
s>    ( QUESTION1 -1 -3.460e+03 9.972e+01 1.567e+01
s>        ( - -1.206e+03 1 0)
s>        ( - -2.154e+03 1 0))INFO: dtree.c(1315): Comp split 60
INFO: dtree.c(1315): Comp split 61
INFO: dtree.c(1315): Comp split 62
INFO: dtree.c(1439): stop. leaf nodes are specific
INFO: dtree.c(1478): Final simple tree
|( WDBNDRY_B 0 -7.300e+03 9.706e+01 3.113e+01
|    ( - -4.815e+02 1 0)
|    ( - -6.722e+03 1 0))
s>    ( WDBNDRY_B 0 -7.300e+03 9.706e+01 3.113e+01
s>        ( - -4.815e+02 1 0)
s>        ( - -6.722e+03 1 0))INFO: dtree.c(1315): Comp split 63
INFO: dtree.c(1439): stop. leaf nodes are specific
INFO: dtree.c(1478): Final simple tree
|( QUESTION0_2_R 1 -3.875e+03 7.605e+01 1.713e+01
|    ( - -1.827e+02 1 0)
|    ( QUESTION0_0_R 1 -3.616e+03 7.574e+01 1.613e+01
|        ( - -7.274e+02 1 0)
|        ( - -2.813e+03 2 0)))
s>    ( QUESTION0_2_R 1 -3.875e+03 7.605e+01 1.713e+01
s>        ( - -1.827e+02 1 0)
s>        ( QUESTION0_0_R 1 -3.616e+03 7.574e+01 1.613e+01
s>            ( - -7.274e+02 1 0)
s>            ( - -2.813e+03 2 0)))INFO: dtree.c(1315): Comp split 64
INFO: dtree.c(1315): Comp split 65
INFO: dtree.c(1315): Comp split 66
INFO: dtree.c(1439): stop. leaf nodes are specific
INFO: dtree.c(1478): Final simple tree
|( QUESTION0_10_R 1 -3.190e+03 8.208e+01 1.359e+01
|    ( - -1.024e+03 1 0)
|    ( QUESTION14 -1 -2.084e+03 7.884e+01 8.600e+00
|        ( - -4.566e+02 2 0)
|        ( QUESTION2 -1 -1.549e+03 6.951e+01 6.388e+00
|            ( - -7.151e+02 1 0)
|            ( QUESTION0 -1 -7.641e+02 6.300e+01 3.000e+00
|                ( QUESTION0_0_R 1 -4.681e+02 5.448e+01 2.000e+00
|                    ( - -2.124e+02 1 0)
|                    ( - -2.013e+02 1 0))
|                ( - -2.329e+02 1 0)))))
s>    ( QUESTION0_10_R 1 -3.190e+03 8.208e+01 1.359e+01
s>        ( - -1.024e+03 1 0)
s>        ( QUESTION14 -1 -2.084e+03 7.884e+01 8.600e+00
s>            ( - -4.566e+02 2 0)
s>            ( QUESTION2 -1 -1.549e+03 6.951e+01 6.388e+00
s>                ( - -7.151e+02 1 0)
s>                ( QUESTION0 -1 -7.641e+02 6.300e+01 3.000e+00
s>                    ( QUESTION0_0_R 1 -4.681e+02 5.448e+01 2.000e+00
s>                        ( - -2.124e+02 1 0)
s>                        ( - -2.013e+02 1 0))
s>                    ( - -2.329e+02 1 0)))))INFO: dtree.c(1315): Comp split 67
INFO: dtree.c(1478): Final simple tree
|( WDBNDRY_B 0 -4.704e+03 9.083e+01 1.808e+01
|    ( - -8.150e+02 2 0)
|    ( QUESTION2_6_L -1 -3.798e+03 8.363e+01 1.519e+01
|        ( - -4.296e+02 1 0)
|        ( QUESTION0_11_R 1 -3.285e+03 7.834e+01 1.319e+01
|            ( - -4.047e+02 1 0)
|            ( QUESTION0_2_R 1 -2.802e+03 7.257e+01 1.119e+01
|                ( - -2.079e+02 1 0)
|                ( QUESTION0 -1 -2.521e+03 7.168e+01 1.019e+01
|                    ( QUESTION3 -1 -2.043e+03 7.289e+01 8.190e+00
|                        ( - -1.943e+02 1 0)
|                        ( QUESTION1 -1 -1.775e+03 6.610e+01 7.190e+00
|                            ( - -1.891e+02 1 0)
|                            ( - -1.520e+03 2 0 QUESTION0_0_R 1 6.829e+01 6.190e+00)))
|                    ( - -4.070e+02 1 0))))))
s>    ( WDBNDRY_B 0 -4.704e+03 9.083e+01 1.808e+01
s>        ( - -8.150e+02 2 0)
s>        ( QUESTION2_6_L -1 -3.798e+03 8.363e+01 1.519e+01
s>            ( - -4.296e+02 1 0)
s>            ( QUESTION0_11_R 1 -3.285e+03 7.834e+01 1.319e+01
s>                ( - -4.047e+02 1 0)
s>                ( QUESTION0_2_R 1 -2.802e+03 7.257e+01 1.119e+01
s>                    ( - -2.079e+02 1 0)
s>                    ( QUESTION0 -1 -2.521e+03 7.168e+01 1.019e+01
s>                        ( QUESTION3 -1 -2.043e+03 7.289e+01 8.190e+00
s>                            ( - -1.943e+02 1 0)
s>                            ( QUESTION1 -1 -1.775e+03 6.610e+01 7.190e+00
s>                                ( - -1.891e+02 1 0)
s>                                ( - -1.520e+03 2 0 QUESTION0_0_R 1 6.829e+01 6.190e+00)))
s>                        ( - -4.070e+02 1 0))))))INFO: dtree.c(1315): Comp split 68
INFO: dtree.c(1478): Final simple tree
|( QUESTION2_6_L -1 -3.798e+03 8.363e+01 1.519e+01
|    ( - -4.296e+02 1 0)
|    ( QUESTION0_11_R 1 -3.285e+03 7.834e+01 1.319e+01
|        ( - -4.047e+02 1 0)
|        ( QUESTION0_2_R 1 -2.802e+03 7.257e+01 1.119e+01
|            ( - -2.079e+02 1 0)
|            ( QUESTION0 -1 -2.521e+03 7.168e+01 1.019e+01
|                ( QUESTION3 -1 -2.043e+03 7.289e+01 8.190e+00
|                    ( - -1.943e+02 1 0)
|                    ( QUESTION1 -1 -1.775e+03 6.610e+01 7.190e+00
|                        ( - -1.891e+02 1 0)
|                        ( QUESTION0_0_R 1 -1.520e+03 6.829e+01 6.190e+00
|                            ( - -5.023e+02 1 0)
|                            ( - -9.496e+02 1 0))))
|                ( - -4.070e+02 1 0)))))
s>    ( QUESTION2_6_L -1 -3.798e+03 8.363e+01 1.519e+01
s>        ( - -4.296e+02 1 0)
s>        ( QUESTION0_11_R 1 -3.285e+03 7.834e+01 1.319e+01
s>            ( - -4.047e+02 1 0)
s>            ( QUESTION0_2_R 1 -2.802e+03 7.257e+01 1.119e+01
s>                ( - -2.079e+02 1 0)
s>                ( QUESTION0 -1 -2.521e+03 7.168e+01 1.019e+01
s>                    ( QUESTION3 -1 -2.043e+03 7.289e+01 8.190e+00
s>                        ( - -1.943e+02 1 0)
s>                        ( QUESTION1 -1 -1.775e+03 6.610e+01 7.190e+00
s>                            ( - -1.891e+02 1 0)
s>                            ( QUESTION0_0_R 1 -1.520e+03 6.829e+01 6.190e+00
s>                                ( - -5.023e+02 1 0)
s>                                ( - -9.496e+02 1 0))))
s>                    ( - -4.070e+02 1 0)))))INFO: dtree.c(1315): Comp split 69
INFO: dtree.c(1439): stop. leaf nodes are specific
INFO: dtree.c(1478): Final simple tree
|( QUESTION2_9_L -1 -2.139e+03 7.626e+01 8.974e+00
|    ( - -4.186e+02 1 0)
|    ( WDBNDRY_B 0 -1.644e+03 5.597e+01 6.978e+00
|        ( - -1.364e+03 1 0)
|        ( - -2.248e+02 1 0)))
s>    ( QUESTION2_9_L -1 -2.139e+03 7.626e+01 8.974e+00
s>        ( - -4.186e+02 1 0)
s>        ( WDBNDRY_B 0 -1.644e+03 5.597e+01 6.978e+00
s>            ( - -1.364e+03 1 0)
s>            ( - -2.248e+02 1 0)))INFO: dtree.c(1315): Comp split 70
INFO: dtree.c(1439): stop. leaf nodes are specific
INFO: dtree.c(1478): Final simple tree
|( QUESTION0_11_R 1 -3.285e+03 7.834e+01 1.319e+01
|    ( - -4.047e+02 1 0)
|    ( QUESTION0_2_R 1 -2.802e+03 7.257e+01 1.119e+01
|        ( - -2.079e+02 1 0)
|        ( QUESTION0 -1 -2.521e+03 7.168e+01 1.019e+01
|            ( QUESTION3 -1 -2.043e+03 7.289e+01 8.190e+00
|                ( - -1.943e+02 1 0)
|                ( QUESTION1 -1 -1.775e+03 6.610e+01 7.190e+00
|                    ( - -1.891e+02 1 0)
|                    ( QUESTION0_0_R 1 -1.520e+03 6.829e+01 6.190e+00
|                        ( - -5.023e+02 1 0)
|                        ( - -9.496e+02 1 0))))
|            ( - -4.070e+02 1 0))))
s>    ( QUESTION0_11_R 1 -3.285e+03 7.834e+01 1.319e+01
s>        ( - -4.047e+02 1 0)
s>        ( QUESTION0_2_R 1 -2.802e+03 7.257e+01 1.119e+01
s>            ( - -2.079e+02 1 0)
s>            ( QUESTION0 -1 -2.521e+03 7.168e+01 1.019e+01
s>                ( QUESTION3 -1 -2.043e+03 7.289e+01 8.190e+00
s>                    ( - -1.943e+02 1 0)
s>                    ( QUESTION1 -1 -1.775e+03 6.610e+01 7.190e+00
s>                        ( - -1.891e+02 1 0)
s>                        ( QUESTION0_0_R 1 -1.520e+03 6.829e+01 6.190e+00
s>                            ( - -5.023e+02 1 0)
s>                            ( - -9.496e+02 1 0))))
s>                ( - -4.070e+02 1 0))))INFO: dtree.c(1315): Comp split 71
INFO: dtree.c(1439): stop. leaf nodes are specific
INFO: dtree.c(1478): Final simple tree
|( QUESTION14 -1 -2.084e+03 7.884e+01 8.600e+00
|    ( - -4.566e+02 2 0)
|    ( QUESTION2 -1 -1.549e+03 6.951e+01 6.388e+00
|        ( - -7.151e+02 1 0)
|        ( QUESTION0 -1 -7.641e+02 6.300e+01 3.000e+00
|            ( QUESTION0_0_R 1 -4.681e+02 5.448e+01 2.000e+00
|                ( - -2.124e+02 1 0)
|                ( - -2.013e+02 1 0))
|            ( - -2.329e+02 1 0))))
s>    ( QUESTION14 -1 -2.084e+03 7.884e+01 8.600e+00
s>        ( - -4.566e+02 2 0)
s>        ( QUESTION2 -1 -1.549e+03 6.951e+01 6.388e+00
s>            ( - -7.151e+02 1 0)
s>            ( QUESTION0 -1 -7.641e+02 6.300e+01 3.000e+00
s>                ( QUESTION0_0_R 1 -4.681e+02 5.448e+01 2.000e+00
s>                    ( - -2.124e+02 1 0)
s>                    ( - -2.013e+02 1 0))
s>                ( - -2.329e+02 1 0))))INFO: dtree.c(1315): Comp split 72
INFO: dtree.c(1439): stop. leaf nodes are specific
INFO: dtree.c(1478): Final simple tree
|( QUESTION9 -1 -1.553e+03 7.171e+01 6.000e+00
|    ( - -2.152e+02 1 0)
|    ( QUESTION1 -1 -1.266e+03 7.524e+01 5.000e+00
|        ( - -2.001e+02 1 0)
|        ( QUESTION0_0_R 1 -9.903e+02 5.743e+01 4.000e+00
|            ( - -4.220e+02 2 0)
|            ( WDBNDRY_B 0 -5.108e+02 5.407e+01 2.000e+00
|                ( - -2.401e+02 1 0)
|                ( - -2.167e+02 1 0)))))
s>    ( QUESTION9 -1 -1.553e+03 7.171e+01 6.000e+00
s>        ( - -2.152e+02 1 0)
s>        ( QUESTION1 -1 -1.266e+03 7.524e+01 5.000e+00
s>            ( - -2.001e+02 1 0)
s>            ( QUESTION0_0_R 1 -9.903e+02 5.743e+01 4.000e+00
s>                ( - -4.220e+02 2 0)
s>                ( WDBNDRY_B 0 -5.108e+02 5.407e+01 2.000e+00
s>                    ( - -2.401e+02 1 0)
s>                    ( - -2.167e+02 1 0)))))INFO: dtree.c(1315): Comp split 73
INFO: dtree.c(1439): stop. leaf nodes are specific
INFO: dtree.c(1478): Final simple tree
|( QUESTION0 -1 -1.999e+03 7.142e+01 8.189e+00
|    ( QUESTION0_0_R 1 -1.520e+03 6.829e+01 6.190e+00
|        ( - -5.023e+02 1 0)
|        ( - -9.496e+02 1 0))
|    ( - -4.070e+02 1 0))
s>    ( QUESTION0 -1 -1.999e+03 7.142e+01 8.189e+00
s>        ( QUESTION0_0_R 1 -1.520e+03 6.829e+01 6.190e+00
s>            ( - -5.023e+02 1 0)
s>            ( - -9.496e+02 1 0))
s>        ( - -4.070e+02 1 0))INFO: dtree.c(1439): stop. leaf nodes are specific
INFO: dtree.c(1478): Final simple tree
|( QUESTION0_11_R 1 -1.207e+03 7.193e+01 5.000e+00
|    ( - -4.047e+02 1 0)
|    ( QUESTION0_0_R 1 -7.299e+02 6.888e+01 3.000e+00
|        ( - -1.891e+02 1 0)
|        ( QUESTION0_2_R 1 -4.720e+02 6.984e+01 2.000e+00
|            ( - -2.079e+02 1 0)
|            ( - -1.943e+02 1 0))))
s>    ( QUESTION0_11_R 1 -1.207e+03 7.193e+01 5.000e+00
s>        ( - -4.047e+02 1 0)
s>        ( QUESTION0_0_R 1 -7.299e+02 6.888e+01 3.000e+00
s>            ( - -1.891e+02 1 0)
s>            ( QUESTION0_2_R 1 -4.720e+02 6.984e+01 2.000e+00
s>                ( - -2.079e+02 1 0)
s>                ( - -1.943e+02 1 0))))INFO: dtree.c(1315): Comp split 74
INFO: dtree.c(1439): stop. leaf nodes are specific
INFO: dtree.c(1478): Final simple tree
|( QUESTION2 -1 -1.549e+03 6.951e+01 6.388e+00
|    ( - -7.151e+02 1 0)
|    ( QUESTION0 -1 -7.641e+02 6.300e+01 3.000e+00
|        ( QUESTION0_0_R 1 -4.681e+02 5.448e+01 2.000e+00
|            ( - -2.124e+02 1 0)
|            ( - -2.013e+02 1 0))
|        ( - -2.329e+02 1 0)))
s>    ( QUESTION2 -1 -1.549e+03 6.951e+01 6.388e+00
s>        ( - -7.151e+02 1 0)
s>        ( QUESTION0 -1 -7.641e+02 6.300e+01 3.000e+00
s>            ( QUESTION0_0_R 1 -4.681e+02 5.448e+01 2.000e+00
s>                ( - -2.124e+02 1 0)
s>                ( - -2.013e+02 1 0))
s>            ( - -2.329e+02 1 0)))INFO: dtree.c(1315): Comp split 75
INFO: dtree.c(1439): stop. leaf nodes are specific
INFO: dtree.c(1478): Final simple tree
|( WDBNDRY_B 0 -1.644e+03 5.597e+01 6.978e+00
|    ( - -1.364e+03 1 0)
|    ( - -2.248e+02 1 0))
s>    ( WDBNDRY_B 0 -1.644e+03 5.597e+01 6.978e+00
s>        ( - -1.364e+03 1 0)
s>        ( - -2.248e+02 1 0))INFO: dtree.c(1315): Comp split 76
INFO: dtree.c(1439): stop. leaf nodes are specific
INFO: dtree.c(1478): Final simple tree
|( QUESTION0_0_R 1 -3.616e+03 7.574e+01 1.613e+01
|    ( - -7.274e+02 1 0)
|    ( - -2.813e+03 2 0))
s>    ( QUESTION0_0_R 1 -3.616e+03 7.574e+01 1.613e+01
s>        ( - -7.274e+02 1 0)
s>        ( - -2.813e+03 2 0))INFO: dtree.c(1315): Comp split 77
INFO: dtree.c(1315): Comp split 78
INFO: dtree.c(1439): stop. leaf nodes are specific
INFO: dtree.c(1478): Final simple tree
|( QUESTION0_0_R 1 -7.299e+02 6.888e+01 3.000e+00
|    ( - -1.891e+02 1 0)
|    ( QUESTION0_2_R 1 -4.720e+02 6.984e+01 2.000e+00
|        ( - -2.079e+02 1 0)
|        ( - -1.943e+02 1 0)))
s>    ( QUESTION0_0_R 1 -7.299e+02 6.888e+01 3.000e+00
s>        ( - -1.891e+02 1 0)
s>        ( QUESTION0_2_R 1 -4.720e+02 6.984e+01 2.000e+00
s>            ( - -2.079e+02 1 0)
s>            ( - -1.943e+02 1 0)))INFO: dtree.c(1315): Comp split 79
INFO: dtree.c(1439): stop. leaf nodes are specific
INFO: dtree.c(1478): Final simple tree
|( QUESTION1 -1 -1.266e+03 7.524e+01 5.000e+00
|    ( - -2.001e+02 1 0)
|    ( QUESTION0_0_R 1 -9.903e+02 5.743e+01 4.000e+00
|        ( - -4.220e+02 2 0)
|        ( WDBNDRY_B 0 -5.108e+02 5.407e+01 2.000e+00
|            ( - -2.401e+02 1 0)
|            ( - -2.167e+02 1 0))))
s>    ( QUESTION1 -1 -1.266e+03 7.524e+01 5.000e+00
s>        ( - -2.001e+02 1 0)
s>        ( QUESTION0_0_R 1 -9.903e+02 5.743e+01 4.000e+00
s>            ( - -4.220e+02 2 0)
s>            ( WDBNDRY_B 0 -5.108e+02 5.407e+01 2.000e+00
s>                ( - -2.401e+02 1 0)
s>                ( - -2.167e+02 1 0))))INFO: dtree.c(1315): Comp split 80
INFO: dtree.c(1439): stop. leaf nodes are specific
INFO: dtree.c(1478): Final simple tree
|( QUESTION0_0_R 1 -9.903e+02 5.743e+01 4.000e+00
|    ( - -4.220e+02 2 0)
|    ( WDBNDRY_B 0 -5.108e+02 5.407e+01 2.000e+00
|        ( - -2.401e+02 1 0)
|        ( - -2.167e+02 1 0)))
s>    ( QUESTION0_0_R 1 -9.903e+02 5.743e+01 4.000e+00
s>        ( - -4.220e+02 2 0)
s>        ( WDBNDRY_B 0 -5.108e+02 5.407e+01 2.000e+00
s>            ( - -2.401e+02 1 0)
s>            ( - -2.167e+02 1 0)))INFO: dtree.c(1315): Comp split 81
INFO: dtree.c(1439): stop. leaf nodes are specific
INFO: dtree.c(1478): Final simple tree
|( QUESTION0_0_R 1 -1.520e+03 6.829e+01 6.190e+00
|    ( - -5.023e+02 1 0)
|    ( - -9.496e+02 1 0))
s>    ( QUESTION0_0_R 1 -1.520e+03 6.829e+01 6.190e+00
s>        ( - -5.023e+02 1 0)
s>        ( - -9.496e+02 1 0))INFO: dtree.c(1315): Comp split 82
INFO: dtree.c(1439): stop. leaf nodes are specific
INFO: dtree.c(1478): Final simple tree
|( QUESTION0 -1 -7.641e+02 6.300e+01 3.000e+00
|    ( QUESTION0_0_R 1 -4.681e+02 5.448e+01 2.000e+00
|        ( - -2.124e+02 1 0)
|        ( - -2.013e+02 1 0))
|    ( - -2.329e+02 1 0))
s>    ( QUESTION0 -1 -7.641e+02 6.300e+01 3.000e+00
s>        ( QUESTION0_0_R 1 -4.681e+02 5.448e+01 2.000e+00
s>            ( - -2.124e+02 1 0)
s>            ( - -2.013e+02 1 0))
s>        ( - -2.329e+02 1 0))INFO: dtree.c(1315): Comp split 83
INFO: dtree.c(1439): stop. leaf nodes are specific
INFO: dtree.c(1478): Final simple tree
|( QUESTION0_2_R 1 -4.720e+02 6.984e+01 2.000e+00
|    ( - -2.079e+02 1 0)
|    ( - -1.943e+02 1 0))
s>    ( QUESTION0_2_R 1 -4.720e+02 6.984e+01 2.000e+00
s>        ( - -2.079e+02 1 0)
s>        ( - -1.943e+02 1 0))INFO: dtree.c(1315): Comp split 84
INFO: dtree.c(1315): Comp split 85
INFO: dtree.c(1315): Comp split 86
INFO: dtree.c(1439): stop. leaf nodes are specific
INFO: dtree.c(1478): Final simple tree
|( QUESTION0_0_R 1 -4.681e+02 5.448e+01 2.000e+00
|    ( - -2.124e+02 1 0)
|    ( - -2.013e+02 1 0))
s>    ( QUESTION0_0_R 1 -4.681e+02 5.448e+01 2.000e+00
s>        ( - -2.124e+02 1 0)
s>        ( - -2.013e+02 1 0))INFO: dtree.c(1315): Comp split 87
INFO: dtree.c(1439): stop. leaf nodes are specific
INFO: dtree.c(1478): Final simple tree
|( WDBNDRY_B 0 -5.108e+02 5.407e+01 2.000e+00
|    ( - -2.401e+02 1 0)
|    ( - -2.167e+02 1 0))
s>    ( WDBNDRY_B 0 -5.108e+02 5.407e+01 2.000e+00
s>        ( - -2.401e+02 1 0)
s>        ( - -2.167e+02 1 0))INFO: dtree.c(1315): Comp split 88
INFO: dtree.c(1315): Comp split 89
INFO: dtree.c(1315): Comp split 90
INFO: dtree.c(1315): Comp split 91
INFO: dtree.c(1318): stop. leaf nodes are specific
Thu May  7 00:23:28 2020
