Current configuration:
[NAME]		[DEFLT]	[VALUE]
-allphones	no	no
-cntthresh	0.00001	1.000000e-05
-csplitmax	100	2000
-csplitmin	1	1
-csplitthr	8e-4	0.000000e+00
-example	no	no
-fullvar	no	no
-help		no	no
-meanfn			/home/abdy/Desktop/diploma/kg/model_parameters/kg.cd_cont_untied/means
-mixwfn			/home/abdy/Desktop/diploma/kg/model_parameters/kg.cd_cont_untied/mixture_weights
-moddeffn		/home/abdy/Desktop/diploma/kg/model_architecture/kg.untied.mdef
-mwfloor	1e-4	1.000000e-08
-phone			je
-psetfn			/home/abdy/Desktop/diploma/kg/model_architecture/kg.tree_questions
-ssplitmax	5	7
-ssplitmin	1	1
-ssplitthr	8e-4	0.000000e+00
-state			1
-stwt			1.0,0.05,0.0,
-treefn			/home/abdy/Desktop/diploma/kg/trees/kg.unpruned/je-1.dtree
-ts2cbfn	.semi.	.cont.
-varfloor	0.00001	1.000000e-05
-varfn			/home/abdy/Desktop/diploma/kg/model_parameters/kg.cd_cont_untied/variances

INFO: main.c(223): Reading: /home/abdy/Desktop/diploma/kg/model_architecture/kg.untied.mdef
INFO: model_def_io.c(573): Model definition info:
INFO: model_def_io.c(574): 10297 total models defined (47 base, 10250 tri)
INFO: model_def_io.c(575): 41188 total states
INFO: model_def_io.c(576): 30891 total tied states
INFO: model_def_io.c(577): 141 total tied CI states
INFO: model_def_io.c(578): 47 total tied transition matrices
INFO: model_def_io.c(579): 4 max state/model
INFO: model_def_io.c(580): 4 min state/model
INFO: main.c(242): Building trees for [je a k i] through [je zh v e]
INFO: main.c(269): Covering states |[9282 10568]| == 1287
INFO: main.c(275): Reading: /home/abdy/Desktop/diploma/kg/model_parameters/kg.cd_cont_untied/mixture_weights
INFO: s3mixw_io.c(173): Read /home/abdy/Desktop/diploma/kg/model_parameters/kg.cd_cont_untied/mixture_weights [1287x1x1 array]
INFO: main.c(311): 117 of 429 models have observation count greater than 0.000010
INFO: main.c(95): nrm stwt: 0.045 0.909 0.045 
INFO: s3gau_io.c(169): Read /home/abdy/Desktop/diploma/kg/model_parameters/kg.cd_cont_untied/means [30891x1x1 array]
INFO: s3gau_io.c(169): Read /home/abdy/Desktop/diploma/kg/model_parameters/kg.cd_cont_untied/variances [30891x1x1 array]
INFO: main.c(549): Reading: /home/abdy/Desktop/diploma/kg/model_architecture/kg.tree_questions
INFO: main.c(588): 174 total simple questions (166 phone; 8 word bndry)
INFO: main.c(590): 40 Left Only questions, and 42 Right Only questions
INFO: dtree.c(1478): Final simple tree
|( QUESTION4 1 -1.630e+05 4.702e+02 7.188e+02
|    ( QUESTION0_13_R 1 -6.067e+04 2.864e+02 2.628e+02
|        ( - -2.887e+04 19 0 QUESTION2_7_L -1 1.961e+02 1.257e+02)
|        ( QUESTION5 -1 -3.152e+04 2.446e+02 1.371e+02
|            ( QUESTION0_16_R 1 -1.426e+04 2.491e+02 6.501e+01
|                ( - -1.346e+03 1 0)
|                ( - -1.266e+04 6 0 QUESTION0_12_R 1 1.667e+02 5.700e+01))
|            ( - -1.702e+04 18 0 QUESTION0 -1 1.675e+02 7.213e+01)))
|    ( QUESTION2_18_L -1 -1.018e+05 3.753e+02 4.559e+02
|        ( - -1.811e+03 1 0)
|        ( QUESTION16 -1 -9.966e+04 3.423e+02 4.449e+02
|            ( - -1.354e+04 5 0 QUESTION0_0_R 1 2.050e+02 6.241e+01)
|            ( QUESTION0_11_R 1 -8.578e+04 2.147e+02 3.825e+02
|                ( - -4.789e+03 7 0 QUESTION5 -1 4.558e+02 2.005e+01)
|                ( - -8.077e+04 60 0 QUESTION13 -1 2.118e+02 3.625e+02)))))
s>    ( QUESTION4 1 -1.630e+05 4.702e+02 7.188e+02
s>        ( QUESTION0_13_R 1 -6.067e+04 2.864e+02 2.628e+02
s>            ( - -2.887e+04 19 0 QUESTION2_7_L -1 1.961e+02 1.257e+02)
s>            ( QUESTION5 -1 -3.152e+04 2.446e+02 1.371e+02
s>                ( QUESTION0_16_R 1 -1.426e+04 2.491e+02 6.501e+01
s>                    ( - -1.346e+03 1 0)
s>                    ( - -1.266e+04 6 0 QUESTION0_12_R 1 1.667e+02 5.700e+01))
s>                ( - -1.702e+04 18 0 QUESTION0 -1 1.675e+02 7.213e+01)))
s>        ( QUESTION2_18_L -1 -1.018e+05 3.753e+02 4.559e+02
s>            ( - -1.811e+03 1 0)
s>            ( QUESTION16 -1 -9.966e+04 3.423e+02 4.449e+02
s>                ( - -1.354e+04 5 0 QUESTION0_0_R 1 2.050e+02 6.241e+01)
s>                ( QUESTION0_11_R 1 -8.578e+04 2.147e+02 3.825e+02
s>                    ( - -4.789e+03 7 0 QUESTION5 -1 4.558e+02 2.005e+01)
s>                    ( - -8.077e+04 60 0 QUESTION13 -1 2.118e+02 3.625e+02)))))INFO: dtree.c(1315): Comp split 0
INFO: dtree.c(1478): Final simple tree
|( QUESTION2_18_L -1 -9.846e+04 3.728e+02 4.439e+02
|    ( - -1.811e+03 1 0)
|    ( QUESTION15 -1 -9.628e+04 3.514e+02 4.329e+02
|        ( QUESTION0_8_R 1 -1.842e+04 2.216e+02 8.395e+01
|            ( - -6.500e+03 7 0 QUESTION3 1 1.102e+02 2.882e+01)
|            ( - -1.170e+04 3 0 WDBNDRY_E 0 1.834e+02 5.514e+01))
|        ( QUESTION0_11_R 1 -7.751e+04 2.658e+02 3.489e+02
|            ( - -1.346e+03 1 0)
|            ( WDBNDRY_E 0 -7.590e+04 2.000e+02 3.409e+02
|                ( QUESTION2 -1 -7.298e+03 4.752e+02 3.516e+01
|                    ( - 2.419e+02 1 0)
|                    ( QUESTION9 -1 -7.065e+03 2.668e+02 3.416e+01
|                        ( - -3.247e+03 2 0 QUESTION0_9_R 1 1.787e+02 1.800e+01)
|                        ( - -3.551e+03 6 0 QUESTION0 -1 1.668e+02 1.616e+01)))
|                ( - -6.840e+04 46 0 QUESTION19 1 2.378e+02 3.057e+02)))))
s>    ( QUESTION2_18_L -1 -9.846e+04 3.728e+02 4.439e+02
s>        ( - -1.811e+03 1 0)
s>        ( QUESTION15 -1 -9.628e+04 3.514e+02 4.329e+02
s>            ( QUESTION0_8_R 1 -1.842e+04 2.216e+02 8.395e+01
s>                ( - -6.500e+03 7 0 QUESTION3 1 1.102e+02 2.882e+01)
s>                ( - -1.170e+04 3 0 WDBNDRY_E 0 1.834e+02 5.514e+01))
s>            ( QUESTION0_11_R 1 -7.751e+04 2.658e+02 3.489e+02
s>                ( - -1.346e+03 1 0)
s>                ( WDBNDRY_E 0 -7.590e+04 2.000e+02 3.409e+02
s>                    ( QUESTION2 -1 -7.298e+03 4.752e+02 3.516e+01
s>                        ( - 2.419e+02 1 0)
s>                        ( QUESTION9 -1 -7.065e+03 2.668e+02 3.416e+01
s>                            ( - -3.247e+03 2 0 QUESTION0_9_R 1 1.787e+02 1.800e+01)
s>                            ( - -3.551e+03 6 0 QUESTION0 -1 1.668e+02 1.616e+01)))
s>                    ( - -6.840e+04 46 0 QUESTION19 1 2.378e+02 3.057e+02)))))INFO: dtree.c(1478): Final simple tree
|( QUESTION7 -1 -6.400e+04 4.657e+02 2.749e+02
|    ( - 1.480e+02 1 0)
|    ( QUESTION0_11_R 1 -6.368e+04 2.674e+02 2.739e+02
|        ( QUESTION0_14_R 1 -4.896e+04 2.639e+02 2.116e+02
|            ( - -9.673e+03 8 0 QUESTION6 -1 1.677e+02 4.343e+01)
|            ( QUESTION2_6_L -1 -3.902e+04 1.904e+02 1.682e+02
|                ( - -3.674e+03 3 0 WDBNDRY_E 0 1.652e+02 1.607e+01)
|                ( QUESTION2_14_L -1 -3.516e+04 1.744e+02 1.521e+02
|                    ( - -6.874e+03 5 0 QUESTION0_12_R 1 1.230e+02 3.060e+01)
|                    ( QUESTION0_16_R 1 -2.811e+04 1.744e+02 1.215e+02
|                        ( - -4.426e+03 8 0 QUESTION15 -1 1.386e+02 1.795e+01)
|                        ( - -2.351e+04 15 0 QUESTION1 -1 1.593e+02 1.036e+02)))))
|        ( QUESTION6 -1 -1.446e+04 1.684e+02 6.226e+01
|            ( - -1.106e+03 1 0)
|            ( - -1.318e+04 9 0 QUESTION2_8_L -1 1.428e+02 5.626e+01))))
s>    ( QUESTION7 -1 -6.400e+04 4.657e+02 2.749e+02
s>        ( - 1.480e+02 1 0)
s>        ( QUESTION0_11_R 1 -6.368e+04 2.674e+02 2.739e+02
s>            ( QUESTION0_14_R 1 -4.896e+04 2.639e+02 2.116e+02
s>                ( - -9.673e+03 8 0 QUESTION6 -1 1.677e+02 4.343e+01)
s>                ( QUESTION2_6_L -1 -3.902e+04 1.904e+02 1.682e+02
s>                    ( - -3.674e+03 3 0 WDBNDRY_E 0 1.652e+02 1.607e+01)
s>                    ( QUESTION2_14_L -1 -3.516e+04 1.744e+02 1.521e+02
s>                        ( - -6.874e+03 5 0 QUESTION0_12_R 1 1.230e+02 3.060e+01)
s>                        ( QUESTION0_16_R 1 -2.811e+04 1.744e+02 1.215e+02
s>                            ( - -4.426e+03 8 0 QUESTION15 -1 1.386e+02 1.795e+01)
s>                            ( - -2.351e+04 15 0 QUESTION1 -1 1.593e+02 1.036e+02)))))
s>            ( QUESTION6 -1 -1.446e+04 1.684e+02 6.226e+01
s>                ( - -1.106e+03 1 0)
s>                ( - -1.318e+04 9 0 QUESTION2_8_L -1 1.428e+02 5.626e+01))))INFO: dtree.c(1315): Comp split 1
INFO: dtree.c(1439): stop. leaf nodes are specific
INFO: dtree.c(1478): Final simple tree
|( WDBNDRY_E 0 -6.903e+03 2.779e+02 3.701e+01
|    ( QUESTION0_11_R 1 -4.814e+03 2.216e+02 2.601e+01
|        ( - -1.346e+03 1 0)
|        ( QUESTION0_9_R 1 -3.247e+03 1.787e+02 1.800e+01
|            ( - -1.665e+03 1 0)
|            ( - -1.403e+03 1 0)))
|    ( - -1.811e+03 1 0))
s>    ( WDBNDRY_E 0 -6.903e+03 2.779e+02 3.701e+01
s>        ( QUESTION0_11_R 1 -4.814e+03 2.216e+02 2.601e+01
s>            ( - -1.346e+03 1 0)
s>            ( QUESTION0_9_R 1 -3.247e+03 1.787e+02 1.800e+01
s>                ( - -1.665e+03 1 0)
s>                ( - -1.403e+03 1 0)))
s>        ( - -1.811e+03 1 0))INFO: dtree.c(1478): Final simple tree
|( QUESTION0 -1 -9.105e+04 3.589e+02 4.069e+02
|    ( QUESTION15 1 -6.656e+04 2.188e+02 2.964e+02
|        ( - -2.348e+04 12 0 QUESTION2_9_L -1 1.674e+02 1.065e+02)
|        ( QUESTION2_14_L -1 -4.286e+04 2.029e+02 1.899e+02
|            ( WDBNDRY_E 0 -6.886e+03 4.877e+02 3.174e+01
|                ( - 2.419e+02 1 0)
|                ( QUESTION3 1 -6.640e+03 4.588e+02 3.074e+01
|                    ( - 1.959e+02 1 0)
|                    ( QUESTION0_0_R 1 -6.377e+03 2.028e+02 2.974e+01
|                        ( - -2.626e+03 3 0 QUESTION13 1 1.255e+02 1.202e+01)
|                        ( - -3.549e+03 2 0 QUESTION1 -1 1.132e+02 1.773e+01))))
|            ( - -3.577e+04 28 0 QUESTION9 -1 1.851e+02 1.581e+02)))
|    ( QUESTION0_0_R 1 -2.413e+04 2.194e+02 1.105e+02
|        ( - -1.026e+04 2 0 QUESTION16 -1 1.634e+02 4.814e+01)
|        ( - -1.365e+04 14 0 QUESTION0_4_R 1 1.906e+02 6.236e+01)))
s>    ( QUESTION0 -1 -9.105e+04 3.589e+02 4.069e+02
s>        ( QUESTION15 1 -6.656e+04 2.188e+02 2.964e+02
s>            ( - -2.348e+04 12 0 QUESTION2_9_L -1 1.674e+02 1.065e+02)
s>            ( QUESTION2_14_L -1 -4.286e+04 2.029e+02 1.899e+02
s>                ( WDBNDRY_E 0 -6.886e+03 4.877e+02 3.174e+01
s>                    ( - 2.419e+02 1 0)
s>                    ( QUESTION3 1 -6.640e+03 4.588e+02 3.074e+01
s>                        ( - 1.959e+02 1 0)
s>                        ( QUESTION0_0_R 1 -6.377e+03 2.028e+02 2.974e+01
s>                            ( - -2.626e+03 3 0 QUESTION13 1 1.255e+02 1.202e+01)
s>                            ( - -3.549e+03 2 0 QUESTION1 -1 1.132e+02 1.773e+01))))
s>                ( - -3.577e+04 28 0 QUESTION9 -1 1.851e+02 1.581e+02)))
s>        ( QUESTION0_0_R 1 -2.413e+04 2.194e+02 1.105e+02
s>            ( - -1.026e+04 2 0 QUESTION16 -1 1.634e+02 4.814e+01)
s>            ( - -1.365e+04 14 0 QUESTION0_4_R 1 1.906e+02 6.236e+01)))INFO: dtree.c(1315): Comp split 2
INFO: dtree.c(1478): Final simple tree
|( QUESTION0 -1 -9.081e+04 3.582e+02 4.059e+02
|    ( QUESTION15 1 -6.632e+04 2.205e+02 2.954e+02
|        ( - -2.348e+04 12 0 QUESTION2_9_L -1 1.674e+02 1.065e+02)
|        ( QUESTION2_14_L -1 -4.262e+04 2.110e+02 1.889e+02
|            ( QUESTION3 1 -6.640e+03 4.588e+02 3.074e+01
|                ( - 1.959e+02 1 0)
|                ( QUESTION0_0_R 1 -6.377e+03 2.028e+02 2.974e+01
|                    ( - -2.626e+03 3 0 QUESTION13 1 1.255e+02 1.202e+01)
|                    ( - -3.549e+03 2 0 QUESTION1 -1 1.132e+02 1.773e+01)))
|            ( - -3.577e+04 28 0 QUESTION9 -1 1.851e+02 1.581e+02)))
|    ( QUESTION0_0_R 1 -2.413e+04 2.194e+02 1.105e+02
|        ( - -1.026e+04 2 0 QUESTION16 -1 1.634e+02 4.814e+01)
|        ( QUESTION0_4_R 1 -1.365e+04 1.906e+02 6.236e+01
|            ( - -1.252e+03 1 0)
|            ( - -1.221e+04 13 0 QUESTION14 -1 1.730e+02 5.536e+01))))
s>    ( QUESTION0 -1 -9.081e+04 3.582e+02 4.059e+02
s>        ( QUESTION15 1 -6.632e+04 2.205e+02 2.954e+02
s>            ( - -2.348e+04 12 0 QUESTION2_9_L -1 1.674e+02 1.065e+02)
s>            ( QUESTION2_14_L -1 -4.262e+04 2.110e+02 1.889e+02
s>                ( QUESTION3 1 -6.640e+03 4.588e+02 3.074e+01
s>                    ( - 1.959e+02 1 0)
s>                    ( QUESTION0_0_R 1 -6.377e+03 2.028e+02 2.974e+01
s>                        ( - -2.626e+03 3 0 QUESTION13 1 1.255e+02 1.202e+01)
s>                        ( - -3.549e+03 2 0 QUESTION1 -1 1.132e+02 1.773e+01)))
s>                ( - -3.577e+04 28 0 QUESTION9 -1 1.851e+02 1.581e+02)))
s>        ( QUESTION0_0_R 1 -2.413e+04 2.194e+02 1.105e+02
s>            ( - -1.026e+04 2 0 QUESTION16 -1 1.634e+02 4.814e+01)
s>            ( QUESTION0_4_R 1 -1.365e+04 1.906e+02 6.236e+01
s>                ( - -1.252e+03 1 0)
s>                ( - -1.221e+04 13 0 QUESTION14 -1 1.730e+02 5.536e+01))))INFO: dtree.c(1315): Comp split 3
INFO: dtree.c(1478): Final simple tree
|( QUESTION0 -1 -9.054e+04 3.557e+02 4.049e+02
|    ( QUESTION15 1 -6.605e+04 2.154e+02 2.944e+02
|        ( - -2.348e+04 12 0 QUESTION2_9_L -1 1.674e+02 1.065e+02)
|        ( QUESTION2_14_L -1 -4.235e+04 2.084e+02 1.879e+02
|            ( QUESTION0_0_R 1 -6.377e+03 2.028e+02 2.974e+01
|                ( - -2.626e+03 3 0 QUESTION13 1 1.255e+02 1.202e+01)
|                ( - -3.549e+03 2 0 QUESTION1 -1 1.132e+02 1.773e+01))
|            ( QUESTION9 -1 -3.577e+04 1.851e+02 1.581e+02
|                ( - -1.807e+04 8 0 QUESTION2_6_L -1 1.599e+02 8.103e+01)
|                ( - -1.751e+04 20 0 QUESTION2_6_L -1 1.666e+02 7.710e+01))))
|    ( QUESTION0_0_R 1 -2.413e+04 2.194e+02 1.105e+02
|        ( - -1.026e+04 2 0 QUESTION16 -1 1.634e+02 4.814e+01)
|        ( QUESTION0_4_R 1 -1.365e+04 1.906e+02 6.236e+01
|            ( - -1.252e+03 1 0)
|            ( - -1.221e+04 13 0 QUESTION14 -1 1.730e+02 5.536e+01))))
s>    ( QUESTION0 -1 -9.054e+04 3.557e+02 4.049e+02
s>        ( QUESTION15 1 -6.605e+04 2.154e+02 2.944e+02
s>            ( - -2.348e+04 12 0 QUESTION2_9_L -1 1.674e+02 1.065e+02)
s>            ( QUESTION2_14_L -1 -4.235e+04 2.084e+02 1.879e+02
s>                ( QUESTION0_0_R 1 -6.377e+03 2.028e+02 2.974e+01
s>                    ( - -2.626e+03 3 0 QUESTION13 1 1.255e+02 1.202e+01)
s>                    ( - -3.549e+03 2 0 QUESTION1 -1 1.132e+02 1.773e+01))
s>                ( QUESTION9 -1 -3.577e+04 1.851e+02 1.581e+02
s>                    ( - -1.807e+04 8 0 QUESTION2_6_L -1 1.599e+02 8.103e+01)
s>                    ( - -1.751e+04 20 0 QUESTION2_6_L -1 1.666e+02 7.710e+01))))
s>        ( QUESTION0_0_R 1 -2.413e+04 2.194e+02 1.105e+02
s>            ( - -1.026e+04 2 0 QUESTION16 -1 1.634e+02 4.814e+01)
s>            ( QUESTION0_4_R 1 -1.365e+04 1.906e+02 6.236e+01
s>                ( - -1.252e+03 1 0)
s>                ( - -1.221e+04 13 0 QUESTION14 -1 1.730e+02 5.536e+01))))INFO: dtree.c(1315): Comp split 4
INFO: dtree.c(1478): Final simple tree
|( QUESTION0_11_R 1 -6.368e+04 2.674e+02 2.739e+02
|    ( QUESTION0_14_R 1 -4.896e+04 2.639e+02 2.116e+02
|        ( QUESTION6 -1 -9.673e+03 1.677e+02 4.343e+01
|            ( - -9.090e+02 1 0)
|            ( - -8.596e+03 7 0 QUESTION5 -1 1.924e+02 3.843e+01))
|        ( QUESTION2_6_L -1 -3.902e+04 1.904e+02 1.682e+02
|            ( - -3.674e+03 3 0 WDBNDRY_E 0 1.652e+02 1.607e+01)
|            ( QUESTION2_14_L -1 -3.516e+04 1.744e+02 1.521e+02
|                ( - -6.874e+03 5 0 QUESTION0_12_R 1 1.230e+02 3.060e+01)
|                ( QUESTION0_16_R 1 -2.811e+04 1.744e+02 1.215e+02
|                    ( - -4.426e+03 8 0 QUESTION15 -1 1.386e+02 1.795e+01)
|                    ( - -2.351e+04 15 0 QUESTION1 -1 1.593e+02 1.036e+02)))))
|    ( QUESTION6 -1 -1.446e+04 1.684e+02 6.226e+01
|        ( - -1.106e+03 1 0)
|        ( - -1.318e+04 9 0 QUESTION2_8_L -1 1.428e+02 5.626e+01)))
s>    ( QUESTION0_11_R 1 -6.368e+04 2.674e+02 2.739e+02
s>        ( QUESTION0_14_R 1 -4.896e+04 2.639e+02 2.116e+02
s>            ( QUESTION6 -1 -9.673e+03 1.677e+02 4.343e+01
s>                ( - -9.090e+02 1 0)
s>                ( - -8.596e+03 7 0 QUESTION5 -1 1.924e+02 3.843e+01))
s>            ( QUESTION2_6_L -1 -3.902e+04 1.904e+02 1.682e+02
s>                ( - -3.674e+03 3 0 WDBNDRY_E 0 1.652e+02 1.607e+01)
s>                ( QUESTION2_14_L -1 -3.516e+04 1.744e+02 1.521e+02
s>                    ( - -6.874e+03 5 0 QUESTION0_12_R 1 1.230e+02 3.060e+01)
s>                    ( QUESTION0_16_R 1 -2.811e+04 1.744e+02 1.215e+02
s>                        ( - -4.426e+03 8 0 QUESTION15 -1 1.386e+02 1.795e+01)
s>                        ( - -2.351e+04 15 0 QUESTION1 -1 1.593e+02 1.036e+02)))))
s>        ( QUESTION6 -1 -1.446e+04 1.684e+02 6.226e+01
s>            ( - -1.106e+03 1 0)
s>            ( - -1.318e+04 9 0 QUESTION2_8_L -1 1.428e+02 5.626e+01)))INFO: dtree.c(1315): Comp split 5
INFO: dtree.c(1478): Final simple tree
|( QUESTION2_14_L -1 -3.622e+04 1.795e+02 1.571e+02
|    ( QUESTION0_12_R 1 -6.874e+03 1.230e+02 3.060e+01
|        ( - -5.010e+03 4 0 QUESTION1 -1 1.128e+02 2.255e+01)
|        ( - -1.741e+03 1 0))
|    ( QUESTION0_16_R 1 -2.917e+04 1.814e+02 1.265e+02
|        ( QUESTION15 -1 -4.426e+03 1.386e+02 1.795e+01
|            ( - -7.957e+02 1 0)
|            ( - -3.492e+03 7 0 QUESTION3 -1 1.077e+02 1.395e+01))
|        ( QUESTION1 -1 -2.456e+04 1.617e+02 1.086e+02
|            ( - -7.281e+03 3 0 QUESTION0_12_R 1 9.438e+01 3.291e+01)
|            ( QUESTION0_13_R 1 -1.712e+04 1.674e+02 7.567e+01
|                ( - -1.336e+04 11 0 QUESTION9 -1 1.185e+02 5.817e+01)
|                ( QUESTION0_12_R 1 -3.588e+03 1.265e+02 1.750e+01
|                    ( - -9.090e+02 1 0)
|                    ( - -2.552e+03 1 0))))))
s>    ( QUESTION2_14_L -1 -3.622e+04 1.795e+02 1.571e+02
s>        ( QUESTION0_12_R 1 -6.874e+03 1.230e+02 3.060e+01
s>            ( - -5.010e+03 4 0 QUESTION1 -1 1.128e+02 2.255e+01)
s>            ( - -1.741e+03 1 0))
s>        ( QUESTION0_16_R 1 -2.917e+04 1.814e+02 1.265e+02
s>            ( QUESTION15 -1 -4.426e+03 1.386e+02 1.795e+01
s>                ( - -7.957e+02 1 0)
s>                ( - -3.492e+03 7 0 QUESTION3 -1 1.077e+02 1.395e+01))
s>            ( QUESTION1 -1 -2.456e+04 1.617e+02 1.086e+02
s>                ( - -7.281e+03 3 0 QUESTION0_12_R 1 9.438e+01 3.291e+01)
s>                ( QUESTION0_13_R 1 -1.712e+04 1.674e+02 7.567e+01
s>                    ( - -1.336e+04 11 0 QUESTION9 -1 1.185e+02 5.817e+01)
s>                    ( QUESTION0_12_R 1 -3.588e+03 1.265e+02 1.750e+01
s>                        ( - -9.090e+02 1 0)
s>                        ( - -2.552e+03 1 0))))))INFO: dtree.c(1478): Final simple tree
|( QUESTION0_11_R 1 -2.706e+04 1.846e+02 1.168e+02
|    ( QUESTION5 -1 -1.242e+04 2.003e+02 5.450e+01
|        ( - -1.613e+03 1 0)
|        ( QUESTION0_12_R 1 -1.060e+04 1.722e+02 4.650e+01
|            ( QUESTION2_14_L -1 -9.918e+03 1.569e+02 4.350e+01
|                ( - -7.067e+02 1 0)
|                ( QUESTION15 -1 -9.055e+03 1.425e+02 3.950e+01
|                    ( - -1.732e+03 1 0)
|                    ( - -7.181e+03 6 0 QUESTION2_10_L -1 1.283e+02 3.088e+01)))
|            ( - -5.113e+02 1 0)))
|    ( QUESTION6 -1 -1.446e+04 1.684e+02 6.226e+01
|        ( - -1.106e+03 1 0)
|        ( QUESTION2_8_L -1 -1.318e+04 1.428e+02 5.626e+01
|            ( - -6.981e+03 3 0 QUESTION5 -1 1.170e+02 3.051e+01)
|            ( - -6.059e+03 6 0 QUESTION14 -1 1.406e+02 2.576e+01))))
s>    ( QUESTION0_11_R 1 -2.706e+04 1.846e+02 1.168e+02
s>        ( QUESTION5 -1 -1.242e+04 2.003e+02 5.450e+01
s>            ( - -1.613e+03 1 0)
s>            ( QUESTION0_12_R 1 -1.060e+04 1.722e+02 4.650e+01
s>                ( QUESTION2_14_L -1 -9.918e+03 1.569e+02 4.350e+01
s>                    ( - -7.067e+02 1 0)
s>                    ( QUESTION15 -1 -9.055e+03 1.425e+02 3.950e+01
s>                        ( - -1.732e+03 1 0)
s>                        ( - -7.181e+03 6 0 QUESTION2_10_L -1 1.283e+02 3.088e+01)))
s>                ( - -5.113e+02 1 0)))
s>        ( QUESTION6 -1 -1.446e+04 1.684e+02 6.226e+01
s>            ( - -1.106e+03 1 0)
s>            ( QUESTION2_8_L -1 -1.318e+04 1.428e+02 5.626e+01
s>                ( - -6.981e+03 3 0 QUESTION5 -1 1.170e+02 3.051e+01)
s>                ( - -6.059e+03 6 0 QUESTION14 -1 1.406e+02 2.576e+01))))INFO: dtree.c(1315): Comp split 6
INFO: dtree.c(1478): Final simple tree
|( QUESTION2_10_L -1 -7.847e+04 2.227e+02 3.497e+02
|    ( - -1.510e+04 7 0 QUESTION3 1 1.143e+02 6.591e+01)
|    ( QUESTION16 -1 -6.315e+04 2.174e+02 2.838e+02
|        ( - -5.015e+03 4 0 QUESTION2 1 1.203e+02 2.268e+01)
|        ( QUESTION19 1 -5.791e+04 2.129e+02 2.611e+02
|            ( QUESTION0 -1 -6.219e+03 1.777e+02 2.644e+01
|                ( - -5.561e+03 7 0 QUESTION2 -1 1.191e+02 2.344e+01)
|                ( - -4.804e+02 1 0))
|            ( QUESTION2_14_L -1 -5.148e+04 1.905e+02 2.347e+02
|                ( - -7.672e+03 7 0 QUESTION1 -1 1.672e+02 3.528e+01)
|                ( QUESTION15 1 -4.362e+04 1.782e+02 1.994e+02
|                    ( - -1.691e+04 9 0 QUESTION0_0_R 1 1.554e+02 7.896e+01)
|                    ( QUESTION9 -1 -2.654e+04 1.710e+02 1.204e+02
|                        ( - -8.162e+03 3 0 QUESTION3 1 1.476e+02 3.810e+01)
|                        ( - -1.820e+04 20 0 QUESTION14 -1 1.656e+02 8.235e+01)))))))
s>    ( QUESTION2_10_L -1 -7.847e+04 2.227e+02 3.497e+02
s>        ( - -1.510e+04 7 0 QUESTION3 1 1.143e+02 6.591e+01)
s>        ( QUESTION16 -1 -6.315e+04 2.174e+02 2.838e+02
s>            ( - -5.015e+03 4 0 QUESTION2 1 1.203e+02 2.268e+01)
s>            ( QUESTION19 1 -5.791e+04 2.129e+02 2.611e+02
s>                ( QUESTION0 -1 -6.219e+03 1.777e+02 2.644e+01
s>                    ( - -5.561e+03 7 0 QUESTION2 -1 1.191e+02 2.344e+01)
s>                    ( - -4.804e+02 1 0))
s>                ( QUESTION2_14_L -1 -5.148e+04 1.905e+02 2.347e+02
s>                    ( - -7.672e+03 7 0 QUESTION1 -1 1.672e+02 3.528e+01)
s>                    ( QUESTION15 1 -4.362e+04 1.782e+02 1.994e+02
s>                        ( - -1.691e+04 9 0 QUESTION0_0_R 1 1.554e+02 7.896e+01)
s>                        ( QUESTION9 -1 -2.654e+04 1.710e+02 1.204e+02
s>                            ( - -8.162e+03 3 0 QUESTION3 1 1.476e+02 3.810e+01)
s>                            ( - -1.820e+04 20 0 QUESTION14 -1 1.656e+02 8.235e+01)))))))INFO: dtree.c(1439): stop. leaf nodes are specific
INFO: dtree.c(1478): Final simple tree
|( WDBNDRY_E 0 -1.170e+04 1.834e+02 5.514e+01
|    ( - -1.252e+03 1 0)
|    ( QUESTION16 -1 -1.026e+04 1.634e+02 4.814e+01
|        ( - -8.325e+03 1 0)
|        ( - -1.773e+03 1 0)))
s>    ( WDBNDRY_E 0 -1.170e+04 1.834e+02 5.514e+01
s>        ( - -1.252e+03 1 0)
s>        ( QUESTION16 -1 -1.026e+04 1.634e+02 4.814e+01
s>            ( - -8.325e+03 1 0)
s>            ( - -1.773e+03 1 0)))INFO: dtree.c(1315): Comp split 7
INFO: dtree.c(1478): Final simple tree
|( QUESTION2_14_L -1 -5.212e+04 1.895e+02 2.377e+02
|    ( QUESTION1 -1 -7.672e+03 1.672e+02 3.528e+01
|        ( - -4.627e+03 6 0 QUESTION14 1 1.504e+02 2.055e+01)
|        ( - -2.878e+03 1 0))
|    ( QUESTION15 1 -4.426e+04 1.770e+02 2.024e+02
|        ( - -1.691e+04 9 0 QUESTION0_0_R 1 1.554e+02 7.896e+01)
|        ( QUESTION9 -1 -2.718e+04 1.764e+02 1.234e+02
|            ( - -8.162e+03 3 0 QUESTION3 1 1.476e+02 3.810e+01)
|            ( QUESTION19 1 -1.884e+04 1.580e+02 8.535e+01
|                ( - -4.804e+02 1 0)
|                ( QUESTION14 -1 -1.820e+04 1.656e+02 8.235e+01
|                    ( - -3.290e+03 2 0)
|                    ( QUESTION2_6_L -1 -1.475e+04 1.564e+02 6.584e+01
|                        ( - -1.083e+03 1 0)
|                        ( - -1.351e+04 17 0 QUESTION19 -1 1.448e+02 5.985e+01)))))))
s>    ( QUESTION2_14_L -1 -5.212e+04 1.895e+02 2.377e+02
s>        ( QUESTION1 -1 -7.672e+03 1.672e+02 3.528e+01
s>            ( - -4.627e+03 6 0 QUESTION14 1 1.504e+02 2.055e+01)
s>            ( - -2.878e+03 1 0))
s>        ( QUESTION15 1 -4.426e+04 1.770e+02 2.024e+02
s>            ( - -1.691e+04 9 0 QUESTION0_0_R 1 1.554e+02 7.896e+01)
s>            ( QUESTION9 -1 -2.718e+04 1.764e+02 1.234e+02
s>                ( - -8.162e+03 3 0 QUESTION3 1 1.476e+02 3.810e+01)
s>                ( QUESTION19 1 -1.884e+04 1.580e+02 8.535e+01
s>                    ( - -4.804e+02 1 0)
s>                    ( QUESTION14 -1 -1.820e+04 1.656e+02 8.235e+01
s>                        ( - -3.290e+03 2 0)
s>                        ( QUESTION2_6_L -1 -1.475e+04 1.564e+02 6.584e+01
s>                            ( - -1.083e+03 1 0)
s>                            ( - -1.351e+04 17 0 QUESTION19 -1 1.448e+02 5.985e+01)))))))INFO: dtree.c(1478): Final simple tree
|( QUESTION3 1 -2.601e+04 2.125e+02 1.120e+02
|    ( QUESTION0 -1 -4.685e+03 1.229e+02 2.168e+01
|        ( - -5.403e+02 1 0)
|        ( QUESTION17 -1 -4.022e+03 1.244e+02 1.868e+01
|            ( - -1.606e+02 1 0)
|            ( - -3.737e+03 1 0)))
|    ( QUESTION9 -1 -2.112e+04 1.510e+02 9.036e+01
|        ( QUESTION15 1 -1.375e+04 1.145e+02 5.991e+01
|            ( - -4.550e+03 1 0)
|            ( - -9.082e+03 4 0 QUESTION13 1 8.700e+01 3.993e+01))
|        ( QUESTION3 -1 -7.220e+03 1.162e+02 3.044e+01
|            ( - -6.126e+02 1 0)
|            ( QUESTION1 -1 -6.491e+03 1.095e+02 2.724e+01
|                ( - -9.082e+02 1 0)
|                ( - -5.473e+03 8 0 QUESTION0_0_R 1 9.772e+01 2.322e+01)))))
s>    ( QUESTION3 1 -2.601e+04 2.125e+02 1.120e+02
s>        ( QUESTION0 -1 -4.685e+03 1.229e+02 2.168e+01
s>            ( - -5.403e+02 1 0)
s>            ( QUESTION17 -1 -4.022e+03 1.244e+02 1.868e+01
s>                ( - -1.606e+02 1 0)
s>                ( - -3.737e+03 1 0)))
s>        ( QUESTION9 -1 -2.112e+04 1.510e+02 9.036e+01
s>            ( QUESTION15 1 -1.375e+04 1.145e+02 5.991e+01
s>                ( - -4.550e+03 1 0)
s>                ( - -9.082e+03 4 0 QUESTION13 1 8.700e+01 3.993e+01))
s>            ( QUESTION3 -1 -7.220e+03 1.162e+02 3.044e+01
s>                ( - -6.126e+02 1 0)
s>                ( QUESTION1 -1 -6.491e+03 1.095e+02 2.724e+01
s>                    ( - -9.082e+02 1 0)
s>                    ( - -5.473e+03 8 0 QUESTION0_0_R 1 9.772e+01 2.322e+01)))))INFO: dtree.c(1315): Comp split 8
INFO: dtree.c(1439): stop. leaf nodes are specific
INFO: dtree.c(1478): Final simple tree
|( QUESTION0_11_R 1 -4.814e+03 2.216e+02 2.601e+01
|    ( - -1.346e+03 1 0)
|    ( QUESTION0_9_R 1 -3.247e+03 1.787e+02 1.800e+01
|        ( - -1.665e+03 1 0)
|        ( - -1.403e+03 1 0)))
s>    ( QUESTION0_11_R 1 -4.814e+03 2.216e+02 2.601e+01
s>        ( - -1.346e+03 1 0)
s>        ( QUESTION0_9_R 1 -3.247e+03 1.787e+02 1.800e+01
s>            ( - -1.665e+03 1 0)
s>            ( - -1.403e+03 1 0)))INFO: dtree.c(1315): Comp split 9
INFO: dtree.c(1439): stop. leaf nodes are specific
INFO: dtree.c(1478): Final simple tree
|( WDBNDRY_E 0 -4.735e+03 1.463e+02 2.262e+01
|    ( QUESTION0 -1 -3.483e+03 1.386e+02 1.662e+01
|        ( - -1.613e+03 1 0)
|        ( - -1.732e+03 1 0))
|    ( - -1.106e+03 1 0))
s>    ( WDBNDRY_E 0 -4.735e+03 1.463e+02 2.262e+01
s>        ( QUESTION0 -1 -3.483e+03 1.386e+02 1.662e+01
s>            ( - -1.613e+03 1 0)
s>            ( - -1.732e+03 1 0))
s>        ( - -1.106e+03 1 0))INFO: dtree.c(1478): Final simple tree
|( QUESTION0_15_R 1 -2.205e+04 1.744e+02 9.414e+01
|    ( - -5.113e+02 1 0)
|    ( QUESTION2_7_L -1 -2.136e+04 1.559e+02 9.114e+01
|        ( QUESTION1 -1 -1.120e+04 1.357e+02 4.834e+01
|            ( WDBNDRY_E 0 -3.262e+03 1.249e+02 1.400e+01
|                ( QUESTION2_8_L -1 -1.121e+03 1.411e+02 5.000e+00
|                    ( - -2.736e+02 1 0)
|                    ( - -7.067e+02 1 0))
|                ( - -2.016e+03 2 0 QUESTION7 1 6.584e+01 8.999e+00))
|            ( - -7.803e+03 4 0 QUESTION5 -1 1.227e+02 3.434e+01))
|        ( WDBNDRY_E 0 -1.000e+04 1.457e+02 4.280e+01
|            ( QUESTION14 -1 -4.549e+03 1.363e+02 2.000e+01
|                ( - -3.953e+03 2 0 QUESTION0_11_R 1 7.582e+01 1.800e+01)
|                ( - -4.588e+02 1 0))
|            ( - -5.310e+03 5 0 QUESTION0_13_R 1 1.035e+02 2.280e+01))))
s>    ( QUESTION0_15_R 1 -2.205e+04 1.744e+02 9.414e+01
s>        ( - -5.113e+02 1 0)
s>        ( QUESTION2_7_L -1 -2.136e+04 1.559e+02 9.114e+01
s>            ( QUESTION1 -1 -1.120e+04 1.357e+02 4.834e+01
s>                ( WDBNDRY_E 0 -3.262e+03 1.249e+02 1.400e+01
s>                    ( QUESTION2_8_L -1 -1.121e+03 1.411e+02 5.000e+00
s>                        ( - -2.736e+02 1 0)
s>                        ( - -7.067e+02 1 0))
s>                    ( - -2.016e+03 2 0 QUESTION7 1 6.584e+01 8.999e+00))
s>                ( - -7.803e+03 4 0 QUESTION5 -1 1.227e+02 3.434e+01))
s>            ( WDBNDRY_E 0 -1.000e+04 1.457e+02 4.280e+01
s>                ( QUESTION14 -1 -4.549e+03 1.363e+02 2.000e+01
s>                    ( - -3.953e+03 2 0 QUESTION0_11_R 1 7.582e+01 1.800e+01)
s>                    ( - -4.588e+02 1 0))
s>                ( - -5.310e+03 5 0 QUESTION0_13_R 1 1.035e+02 2.280e+01))))INFO: dtree.c(1315): Comp split 10
INFO: dtree.c(1478): Final simple tree
|( QUESTION9 -1 -2.204e+04 1.530e+02 9.436e+01
|    ( QUESTION3 1 -1.440e+04 1.135e+02 6.291e+01
|        ( - -5.403e+02 1 0)
|        ( QUESTION15 1 -1.375e+04 1.145e+02 5.991e+01
|            ( - -4.550e+03 1 0)
|            ( - -9.082e+03 4 0 QUESTION13 1 8.700e+01 3.993e+01)))
|    ( QUESTION3 -1 -7.484e+03 1.166e+02 3.144e+01
|        ( - -6.126e+02 1 0)
|        ( QUESTION1 -1 -6.754e+03 1.086e+02 2.824e+01
|            ( - -9.082e+02 1 0)
|            ( QUESTION0 -1 -5.737e+03 1.046e+02 2.422e+01
|                ( - -4.504e+03 6 0 QUESTION0_9_R 1 9.232e+01 1.922e+01)
|                ( QUESTION2 1 -1.129e+03 9.624e+01 5.000e+00
|                    ( - -8.720e+02 2 0 QUESTION17 -1 9.102e+01 4.000e+00)
|                    ( - -1.606e+02 1 0))))))
s>    ( QUESTION9 -1 -2.204e+04 1.530e+02 9.436e+01
s>        ( QUESTION3 1 -1.440e+04 1.135e+02 6.291e+01
s>            ( - -5.403e+02 1 0)
s>            ( QUESTION15 1 -1.375e+04 1.145e+02 5.991e+01
s>                ( - -4.550e+03 1 0)
s>                ( - -9.082e+03 4 0 QUESTION13 1 8.700e+01 3.993e+01)))
s>        ( QUESTION3 -1 -7.484e+03 1.166e+02 3.144e+01
s>            ( - -6.126e+02 1 0)
s>            ( QUESTION1 -1 -6.754e+03 1.086e+02 2.824e+01
s>                ( - -9.082e+02 1 0)
s>                ( QUESTION0 -1 -5.737e+03 1.046e+02 2.422e+01
s>                    ( - -4.504e+03 6 0 QUESTION0_9_R 1 9.232e+01 1.922e+01)
s>                    ( QUESTION2 1 -1.129e+03 9.624e+01 5.000e+00
s>                        ( - -8.720e+02 2 0 QUESTION17 -1 9.102e+01 4.000e+00)
s>                        ( - -1.606e+02 1 0))))))INFO: dtree.c(1315): Comp split 11
INFO: dtree.c(1478): Final simple tree
|( QUESTION9 -1 -2.320e+04 2.072e+02 1.041e+02
|    ( - -2.878e+03 1 0)
|    ( QUESTION2_6_L -1 -2.011e+04 1.593e+02 8.940e+01
|        ( - -1.083e+03 1 0)
|        ( QUESTION14 -1 -1.887e+04 1.603e+02 8.340e+01
|            ( - -4.804e+02 1 0)
|            ( QUESTION2_16_L -1 -1.823e+04 1.470e+02 8.040e+01
|                ( QUESTION14 1 -3.123e+03 1.392e+02 1.500e+01
|                    ( - -1.592e+03 2 0)
|                    ( - -1.392e+03 2 0 QUESTION0_0_R 1 1.295e+02 7.001e+00))
|                ( QUESTION19 -1 -1.496e+04 1.476e+02 6.540e+01
|                    ( - -6.907e+02 2 0)
|                    ( QUESTION11 -1 -1.412e+04 1.332e+02 6.140e+01
|                        ( - -6.229e+02 1 0)
|                        ( - -1.337e+04 16 0 QUESTION0_10_R 1 1.211e+02 5.836e+01)))))))
s>    ( QUESTION9 -1 -2.320e+04 2.072e+02 1.041e+02
s>        ( - -2.878e+03 1 0)
s>        ( QUESTION2_6_L -1 -2.011e+04 1.593e+02 8.940e+01
s>            ( - -1.083e+03 1 0)
s>            ( QUESTION14 -1 -1.887e+04 1.603e+02 8.340e+01
s>                ( - -4.804e+02 1 0)
s>                ( QUESTION2_16_L -1 -1.823e+04 1.470e+02 8.040e+01
s>                    ( QUESTION14 1 -3.123e+03 1.392e+02 1.500e+01
s>                        ( - -1.592e+03 2 0)
s>                        ( - -1.392e+03 2 0 QUESTION0_0_R 1 1.295e+02 7.001e+00))
s>                    ( QUESTION19 -1 -1.496e+04 1.476e+02 6.540e+01
s>                        ( - -6.907e+02 2 0)
s>                        ( QUESTION11 -1 -1.412e+04 1.332e+02 6.140e+01
s>                            ( - -6.229e+02 1 0)
s>                            ( - -1.337e+04 16 0 QUESTION0_10_R 1 1.211e+02 5.836e+01)))))))INFO: dtree.c(1478): Final simple tree
|( QUESTION9 -1 -2.868e+04 1.837e+02 1.336e+02
|    ( QUESTION2 1 -1.051e+04 1.751e+02 4.874e+01
|        ( - -6.040e+03 1 0)
|        ( QUESTION17 1 -4.298e+03 1.272e+02 1.967e+01
|            ( - -1.286e+03 1 0)
|            ( - -2.885e+03 3 0 QUESTION0_9_R 1 1.238e+02 1.303e+01)))
|    ( QUESTION2_6_L -1 -1.799e+04 1.984e+02 8.483e+01
|        ( - -1.098e+03 1 0)
|        ( QUESTION1 -1 -1.669e+04 1.508e+02 7.883e+01
|            ( - -8.569e+03 2 0 QUESTION2 -1 9.813e+01 4.096e+01)
|            ( QUESTION0_10_R 1 -7.972e+03 1.355e+02 3.787e+01
|                ( WDBNDRY_E 0 -2.684e+03 1.446e+02 1.296e+01
|                    ( - -1.415e+03 2 0 QUESTION0 -1 1.024e+02 6.956e+00)
|                    ( - -1.124e+03 1 0))
|                ( - -5.152e+03 3 0 QUESTION0_0_R 1 1.103e+02 2.491e+01)))))
s>    ( QUESTION9 -1 -2.868e+04 1.837e+02 1.336e+02
s>        ( QUESTION2 1 -1.051e+04 1.751e+02 4.874e+01
s>            ( - -6.040e+03 1 0)
s>            ( QUESTION17 1 -4.298e+03 1.272e+02 1.967e+01
s>                ( - -1.286e+03 1 0)
s>                ( - -2.885e+03 3 0 QUESTION0_9_R 1 1.238e+02 1.303e+01)))
s>        ( QUESTION2_6_L -1 -1.799e+04 1.984e+02 8.483e+01
s>            ( - -1.098e+03 1 0)
s>            ( QUESTION1 -1 -1.669e+04 1.508e+02 7.883e+01
s>                ( - -8.569e+03 2 0 QUESTION2 -1 9.813e+01 4.096e+01)
s>                ( QUESTION0_10_R 1 -7.972e+03 1.355e+02 3.787e+01
s>                    ( WDBNDRY_E 0 -2.684e+03 1.446e+02 1.296e+01
s>                        ( - -1.415e+03 2 0 QUESTION0 -1 1.024e+02 6.956e+00)
s>                        ( - -1.124e+03 1 0))
s>                    ( - -5.152e+03 3 0 QUESTION0_0_R 1 1.103e+02 2.491e+01)))))INFO: dtree.c(1315): Comp split 12
INFO: dtree.c(1439): stop. leaf nodes are specific
INFO: dtree.c(1478): Final simple tree
|( QUESTION1 -1 -1.102e+04 1.496e+02 5.041e+01
|    ( QUESTION0_12_R 1 -7.281e+03 9.438e+01 3.291e+01
|        ( - -6.949e+03 2 0)
|        ( - -2.370e+02 1 0))
|    ( QUESTION0_12_R 1 -3.588e+03 1.265e+02 1.750e+01
|        ( - -9.090e+02 1 0)
|        ( - -2.552e+03 1 0)))
s>    ( QUESTION1 -1 -1.102e+04 1.496e+02 5.041e+01
s>        ( QUESTION0_12_R 1 -7.281e+03 9.438e+01 3.291e+01
s>            ( - -6.949e+03 2 0)
s>            ( - -2.370e+02 1 0))
s>        ( QUESTION0_12_R 1 -3.588e+03 1.265e+02 1.750e+01
s>            ( - -9.090e+02 1 0)
s>            ( - -2.552e+03 1 0)))INFO: dtree.c(1478): Final simple tree
|( QUESTION2_14_L -1 -2.497e+04 1.697e+02 1.067e+02
|    ( QUESTION0_12_R 1 -6.874e+03 1.230e+02 3.060e+01
|        ( - -5.010e+03 4 0 QUESTION1 -1 1.128e+02 2.255e+01)
|        ( - -1.741e+03 1 0))
|    ( WDBNDRY_E 0 -1.793e+04 1.481e+02 7.612e+01
|        ( QUESTION4 -1 -3.588e+03 4.667e+02 1.495e+01
|            ( - 1.829e+02 1 0)
|            ( QUESTION0_17_R 1 -3.304e+03 1.376e+02 1.395e+01
|                ( - -1.047e+03 1 0)
|                ( QUESTION15 -1 -2.120e+03 1.295e+02 8.948e+00
|                    ( - -7.957e+02 1 0)
|                    ( - -1.194e+03 2 0 QUESTION0 -1 7.221e+01 4.948e+00))))
|        ( QUESTION5 -1 -1.419e+04 1.175e+02 6.117e+01
|            ( - -4.806e+03 3 0)
|            ( - -9.270e+03 11 0 QUESTION15 -1 1.126e+02 3.909e+01))))
s>    ( QUESTION2_14_L -1 -2.497e+04 1.697e+02 1.067e+02
s>        ( QUESTION0_12_R 1 -6.874e+03 1.230e+02 3.060e+01
s>            ( - -5.010e+03 4 0 QUESTION1 -1 1.128e+02 2.255e+01)
s>            ( - -1.741e+03 1 0))
s>        ( WDBNDRY_E 0 -1.793e+04 1.481e+02 7.612e+01
s>            ( QUESTION4 -1 -3.588e+03 4.667e+02 1.495e+01
s>                ( - 1.829e+02 1 0)
s>                ( QUESTION0_17_R 1 -3.304e+03 1.376e+02 1.395e+01
s>                    ( - -1.047e+03 1 0)
s>                    ( QUESTION15 -1 -2.120e+03 1.295e+02 8.948e+00
s>                        ( - -7.957e+02 1 0)
s>                        ( - -1.194e+03 2 0 QUESTION0 -1 7.221e+01 4.948e+00))))
s>            ( QUESTION5 -1 -1.419e+04 1.175e+02 6.117e+01
s>                ( - -4.806e+03 3 0)
s>                ( - -9.270e+03 11 0 QUESTION15 -1 1.126e+02 3.909e+01))))INFO: dtree.c(1315): Comp split 13
INFO: dtree.c(1478): Final simple tree
|( QUESTION2_14_L -1 -2.469e+04 1.696e+02 1.057e+02
|    ( QUESTION0_12_R 1 -6.874e+03 1.230e+02 3.060e+01
|        ( QUESTION1 -1 -5.010e+03 1.128e+02 2.255e+01
|            ( - -2.648e+03 3 0)
|            ( - -2.249e+03 1 0))
|        ( - -1.741e+03 1 0))
|    ( WDBNDRY_E 0 -1.765e+04 1.508e+02 7.512e+01
|        ( QUESTION0_17_R 1 -3.304e+03 1.376e+02 1.395e+01
|            ( - -1.047e+03 1 0)
|            ( QUESTION15 -1 -2.120e+03 1.295e+02 8.948e+00
|                ( - -7.957e+02 1 0)
|                ( - -1.194e+03 2 0 QUESTION0 -1 7.221e+01 4.948e+00)))
|        ( QUESTION5 -1 -1.419e+04 1.175e+02 6.117e+01
|            ( - -4.806e+03 3 0)
|            ( - -9.270e+03 11 0 QUESTION15 -1 1.126e+02 3.909e+01))))
s>    ( QUESTION2_14_L -1 -2.469e+04 1.696e+02 1.057e+02
s>        ( QUESTION0_12_R 1 -6.874e+03 1.230e+02 3.060e+01
s>            ( QUESTION1 -1 -5.010e+03 1.128e+02 2.255e+01
s>                ( - -2.648e+03 3 0)
s>                ( - -2.249e+03 1 0))
s>            ( - -1.741e+03 1 0))
s>        ( WDBNDRY_E 0 -1.765e+04 1.508e+02 7.512e+01
s>            ( QUESTION0_17_R 1 -3.304e+03 1.376e+02 1.395e+01
s>                ( - -1.047e+03 1 0)
s>                ( QUESTION15 -1 -2.120e+03 1.295e+02 8.948e+00
s>                    ( - -7.957e+02 1 0)
s>                    ( - -1.194e+03 2 0 QUESTION0 -1 7.221e+01 4.948e+00)))
s>            ( QUESTION5 -1 -1.419e+04 1.175e+02 6.117e+01
s>                ( - -4.806e+03 3 0)
s>                ( - -9.270e+03 11 0 QUESTION15 -1 1.126e+02 3.909e+01))))INFO: dtree.c(1315): Comp split 14
INFO: dtree.c(1439): stop. leaf nodes are specific
INFO: dtree.c(1478): Final simple tree
|( QUESTION0 -1 -5.220e+03 1.395e+02 2.573e+01
|    ( QUESTION0_0_R 1 -4.390e+03 1.357e+02 2.173e+01
|        ( - -7.051e+02 1 0)
|        ( QUESTION1 -1 -3.549e+03 1.132e+02 1.773e+01
|            ( - -5.576e+02 1 0)
|            ( - -2.878e+03 1 0)))
|    ( - -6.907e+02 2 0))
s>    ( QUESTION0 -1 -5.220e+03 1.395e+02 2.573e+01
s>        ( QUESTION0_0_R 1 -4.390e+03 1.357e+02 2.173e+01
s>            ( - -7.051e+02 1 0)
s>            ( QUESTION1 -1 -3.549e+03 1.132e+02 1.773e+01
s>                ( - -5.576e+02 1 0)
s>                ( - -2.878e+03 1 0)))
s>        ( - -6.907e+02 2 0))INFO: dtree.c(1478): Final simple tree
|( QUESTION2_6_L -1 -1.775e+04 1.588e+02 7.840e+01
|    ( - -1.083e+03 1 0)
|    ( QUESTION14 -1 -1.651e+04 1.597e+02 7.240e+01
|        ( - -4.804e+02 1 0)
|        ( QUESTION2_16_L -1 -1.587e+04 1.553e+02 6.940e+01
|            ( - -1.592e+03 2 0)
|            ( QUESTION11 -1 -1.412e+04 1.332e+02 6.140e+01
|                ( - -6.229e+02 1 0)
|                ( QUESTION0_10_R 1 -1.337e+04 1.211e+02 5.836e+01
|                    ( - -6.899e+02 1 0)
|                    ( QUESTION6 -1 -1.256e+04 1.092e+02 5.536e+01
|                        ( - -4.197e+03 2 0 QUESTION0_0_R 1 6.933e+01 1.954e+01)
|                        ( QUESTION3 -1 -8.250e+03 1.041e+02 3.582e+01
|                            ( - -3.402e+03 5 0 QUESTION3 1 1.751e+02 1.555e+01)
|                            ( - -4.744e+03 8 0 QUESTION2 1 1.017e+02 2.027e+01))))))))
s>    ( QUESTION2_6_L -1 -1.775e+04 1.588e+02 7.840e+01
s>        ( - -1.083e+03 1 0)
s>        ( QUESTION14 -1 -1.651e+04 1.597e+02 7.240e+01
s>            ( - -4.804e+02 1 0)
s>            ( QUESTION2_16_L -1 -1.587e+04 1.553e+02 6.940e+01
s>                ( - -1.592e+03 2 0)
s>                ( QUESTION11 -1 -1.412e+04 1.332e+02 6.140e+01
s>                    ( - -6.229e+02 1 0)
s>                    ( QUESTION0_10_R 1 -1.337e+04 1.211e+02 5.836e+01
s>                        ( - -6.899e+02 1 0)
s>                        ( QUESTION6 -1 -1.256e+04 1.092e+02 5.536e+01
s>                            ( - -4.197e+03 2 0 QUESTION0_0_R 1 6.933e+01 1.954e+01)
s>                            ( QUESTION3 -1 -8.250e+03 1.041e+02 3.582e+01
s>                                ( - -3.402e+03 5 0 QUESTION3 1 1.751e+02 1.555e+01)
s>                                ( - -4.744e+03 8 0 QUESTION2 1 1.017e+02 2.027e+01))))))))INFO: dtree.c(1315): Comp split 15
INFO: dtree.c(1439): stop. leaf nodes are specific
INFO: dtree.c(1478): Final simple tree
|( QUESTION0_9_R 1 -3.247e+03 1.787e+02 1.800e+01
|    ( - -1.665e+03 1 0)
|    ( - -1.403e+03 1 0))
s>    ( QUESTION0_9_R 1 -3.247e+03 1.787e+02 1.800e+01
s>        ( - -1.665e+03 1 0)
s>        ( - -1.403e+03 1 0))INFO: dtree.c(1315): Comp split 16
INFO: dtree.c(1439): stop. leaf nodes are specific
INFO: dtree.c(1478): Final simple tree
|( QUESTION5 -1 -7.090e+03 1.376e+02 3.262e+01
|    ( WDBNDRY_E 0 -2.189e+03 1.265e+02 1.096e+01
|        ( - -9.385e+02 1 0)
|        ( - -1.124e+03 1 0))
|    ( QUESTION0 1 -4.763e+03 1.267e+02 2.167e+01
|        ( - -1.173e+03 1 0)
|        ( QUESTION0_9_R 1 -3.463e+03 1.235e+02 1.566e+01
|            ( - -1.286e+03 1 0)
|            ( QUESTION0_0_R 1 -2.053e+03 1.094e+02 9.022e+00
|                ( - -6.897e+02 1 0)
|                ( WDBNDRY_E 0 -1.254e+03 9.172e+01 5.999e+00
|                    ( - -3.746e+02 1 0)
|                    ( - -7.877e+02 1 0))))))
s>    ( QUESTION5 -1 -7.090e+03 1.376e+02 3.262e+01
s>        ( WDBNDRY_E 0 -2.189e+03 1.265e+02 1.096e+01
s>            ( - -9.385e+02 1 0)
s>            ( - -1.124e+03 1 0))
s>        ( QUESTION0 1 -4.763e+03 1.267e+02 2.167e+01
s>            ( - -1.173e+03 1 0)
s>            ( QUESTION0_9_R 1 -3.463e+03 1.235e+02 1.566e+01
s>                ( - -1.286e+03 1 0)
s>                ( QUESTION0_0_R 1 -2.053e+03 1.094e+02 9.022e+00
s>                    ( - -6.897e+02 1 0)
s>                    ( WDBNDRY_E 0 -1.254e+03 9.172e+01 5.999e+00
s>                        ( - -3.746e+02 1 0)
s>                        ( - -7.877e+02 1 0))))))INFO: dtree.c(1439): stop. leaf nodes are specific
INFO: dtree.c(1478): Final simple tree
|( QUESTION0_10_R 1 -2.138e+04 1.947e+02 1.009e+02
|    ( - -1.098e+03 1 0)
|    ( QUESTION9 -1 -2.009e+04 1.736e+02 9.494e+01
|        ( - -6.040e+03 1 0)
|        ( QUESTION1 -1 -1.387e+04 1.503e+02 6.587e+01
|            ( QUESTION2 -1 -8.569e+03 9.813e+01 4.096e+01
|                ( - -9.112e+02 1 0)
|                ( - -7.560e+03 1 0))
|            ( QUESTION0_0_R 1 -5.152e+03 1.103e+02 2.491e+01
|                ( - -1.751e+03 1 0)
|                ( - -3.290e+03 2 0)))))
s>    ( QUESTION0_10_R 1 -2.138e+04 1.947e+02 1.009e+02
s>        ( - -1.098e+03 1 0)
s>        ( QUESTION9 -1 -2.009e+04 1.736e+02 9.494e+01
s>            ( - -6.040e+03 1 0)
s>            ( QUESTION1 -1 -1.387e+04 1.503e+02 6.587e+01
s>                ( QUESTION2 -1 -8.569e+03 9.813e+01 4.096e+01
s>                    ( - -9.112e+02 1 0)
s>                    ( - -7.560e+03 1 0))
s>                ( QUESTION0_0_R 1 -5.152e+03 1.103e+02 2.491e+01
s>                    ( - -1.751e+03 1 0)
s>                    ( - -3.290e+03 2 0)))))INFO: dtree.c(1315): Comp split 17
INFO: dtree.c(1439): stop. leaf nodes are specific
INFO: dtree.c(1478): Final simple tree
|( WDBNDRY_E 0 -2.931e+03 9.434e+01 1.200e+01
|    ( QUESTION0_11_R 1 -8.208e+02 8.840e+01 3.000e+00
|        ( - -2.736e+02 1 0)
|        ( - -4.588e+02 1 0))
|    ( QUESTION7 1 -2.016e+03 6.584e+01 8.999e+00
|        ( - -1.740e+03 1 0)
|        ( - -2.100e+02 1 0)))
s>    ( WDBNDRY_E 0 -2.931e+03 9.434e+01 1.200e+01
s>        ( QUESTION0_11_R 1 -8.208e+02 8.840e+01 3.000e+00
s>            ( - -2.736e+02 1 0)
s>            ( - -4.588e+02 1 0))
s>        ( QUESTION7 1 -2.016e+03 6.584e+01 8.999e+00
s>            ( - -1.740e+03 1 0)
s>            ( - -2.100e+02 1 0)))INFO: dtree.c(1478): Final simple tree
|( QUESTION0_15_R 1 -1.890e+04 1.730e+02 8.214e+01
|    ( - -5.113e+02 1 0)
|    ( QUESTION2_7_L -1 -1.822e+04 1.584e+02 7.914e+01
|        ( QUESTION1 -1 -8.655e+03 1.458e+02 3.834e+01
|            ( - -7.067e+02 1 0)
|            ( QUESTION5 -1 -7.803e+03 1.227e+02 3.434e+01
|                ( - -5.824e+03 2 0 WDBNDRY_E 0 9.159e+01 2.551e+01)
|                ( WDBNDRY_E 0 -1.856e+03 1.135e+02 8.835e+00
|                    ( - -7.027e+02 1 0)
|                    ( - -1.040e+03 1 0))))
|        ( WDBNDRY_E 0 -9.405e+03 1.414e+02 4.080e+01
|            ( - -3.953e+03 2 0 QUESTION0_11_R 1 7.582e+01 1.800e+01)
|            ( QUESTION0_13_R 1 -5.310e+03 1.035e+02 2.280e+01
|                ( - -2.997e+03 2 0)
|                ( - -2.209e+03 3 0 QUESTION0 -1 9.304e+01 9.729e+00)))))
s>    ( QUESTION0_15_R 1 -1.890e+04 1.730e+02 8.214e+01
s>        ( - -5.113e+02 1 0)
s>        ( QUESTION2_7_L -1 -1.822e+04 1.584e+02 7.914e+01
s>            ( QUESTION1 -1 -8.655e+03 1.458e+02 3.834e+01
s>                ( - -7.067e+02 1 0)
s>                ( QUESTION5 -1 -7.803e+03 1.227e+02 3.434e+01
s>                    ( - -5.824e+03 2 0 WDBNDRY_E 0 9.159e+01 2.551e+01)
s>                    ( WDBNDRY_E 0 -1.856e+03 1.135e+02 8.835e+00
s>                        ( - -7.027e+02 1 0)
s>                        ( - -1.040e+03 1 0))))
s>            ( WDBNDRY_E 0 -9.405e+03 1.414e+02 4.080e+01
s>                ( - -3.953e+03 2 0 QUESTION0_11_R 1 7.582e+01 1.800e+01)
s>                ( QUESTION0_13_R 1 -5.310e+03 1.035e+02 2.280e+01
s>                    ( - -2.997e+03 2 0)
s>                    ( - -2.209e+03 3 0 QUESTION0 -1 9.304e+01 9.729e+00)))))INFO: dtree.c(1315): Comp split 18
INFO: dtree.c(1439): stop. leaf nodes are specific
INFO: dtree.c(1478): Final simple tree
|( QUESTION9 -1 -2.009e+04 1.736e+02 9.494e+01
|    ( - -6.040e+03 1 0)
|    ( QUESTION1 -1 -1.387e+04 1.503e+02 6.587e+01
|        ( QUESTION2 -1 -8.569e+03 9.813e+01 4.096e+01
|            ( - -9.112e+02 1 0)
|            ( - -7.560e+03 1 0))
|        ( QUESTION0_0_R 1 -5.152e+03 1.103e+02 2.491e+01
|            ( - -1.751e+03 1 0)
|            ( - -3.290e+03 2 0))))
s>    ( QUESTION9 -1 -2.009e+04 1.736e+02 9.494e+01
s>        ( - -6.040e+03 1 0)
s>        ( QUESTION1 -1 -1.387e+04 1.503e+02 6.587e+01
s>            ( QUESTION2 -1 -8.569e+03 9.813e+01 4.096e+01
s>                ( - -9.112e+02 1 0)
s>                ( - -7.560e+03 1 0))
s>            ( QUESTION0_0_R 1 -5.152e+03 1.103e+02 2.491e+01
s>                ( - -1.751e+03 1 0)
s>                ( - -3.290e+03 2 0))))INFO: dtree.c(1315): Comp split 19
INFO: dtree.c(1439): stop. leaf nodes are specific
INFO: dtree.c(1478): Final simple tree
|( QUESTION0_17_R 1 -1.991e+03 1.487e+02 9.002e+00
|    ( - -1.047e+03 1 0)
|    ( - -7.957e+02 1 0))
s>    ( QUESTION0_17_R 1 -1.991e+03 1.487e+02 9.002e+00
s>        ( - -1.047e+03 1 0)
s>        ( - -7.957e+02 1 0))INFO: dtree.c(1478): Final simple tree
|( QUESTION2_14_L -1 -2.251e+04 1.598e+02 9.672e+01
|    ( QUESTION0_12_R 1 -6.874e+03 1.230e+02 3.060e+01
|        ( QUESTION1 -1 -5.010e+03 1.128e+02 2.255e+01
|            ( - -2.648e+03 3 0)
|            ( - -2.249e+03 1 0))
|        ( - -1.741e+03 1 0))
|    ( QUESTION5 -1 -1.548e+04 1.235e+02 6.612e+01
|        ( - -4.806e+03 3 0)
|        ( QUESTION15 -1 -1.055e+04 1.112e+02 4.404e+01
|            ( QUESTION16 -1 -1.475e+03 1.209e+02 7.182e+00
|                ( - -1.963e+02 1 0)
|                ( - -1.158e+03 1 0))
|            ( QUESTION3 -1 -8.965e+03 8.883e+01 3.685e+01
|                ( - -8.831e+02 1 0)
|                ( - -7.993e+03 10 0 QUESTION0_12_R 1 8.571e+01 3.291e+01)))))
s>    ( QUESTION2_14_L -1 -2.251e+04 1.598e+02 9.672e+01
s>        ( QUESTION0_12_R 1 -6.874e+03 1.230e+02 3.060e+01
s>            ( QUESTION1 -1 -5.010e+03 1.128e+02 2.255e+01
s>                ( - -2.648e+03 3 0)
s>                ( - -2.249e+03 1 0))
s>            ( - -1.741e+03 1 0))
s>        ( QUESTION5 -1 -1.548e+04 1.235e+02 6.612e+01
s>            ( - -4.806e+03 3 0)
s>            ( QUESTION15 -1 -1.055e+04 1.112e+02 4.404e+01
s>                ( QUESTION16 -1 -1.475e+03 1.209e+02 7.182e+00
s>                    ( - -1.963e+02 1 0)
s>                    ( - -1.158e+03 1 0))
s>                ( QUESTION3 -1 -8.965e+03 8.883e+01 3.685e+01
s>                    ( - -8.831e+02 1 0)
s>                    ( - -7.993e+03 10 0 QUESTION0_12_R 1 8.571e+01 3.291e+01)))))INFO: dtree.c(1315): Comp split 20
INFO: dtree.c(1439): stop. leaf nodes are specific
INFO: dtree.c(1478): Final simple tree
|( QUESTION16 -1 -1.026e+04 1.634e+02 4.814e+01
|    ( - -8.325e+03 1 0)
|    ( - -1.773e+03 1 0))
s>    ( QUESTION16 -1 -1.026e+04 1.634e+02 4.814e+01
s>        ( - -8.325e+03 1 0)
s>        ( - -1.773e+03 1 0))INFO: dtree.c(1315): Comp split 21
INFO: dtree.c(1315): Comp split 22
INFO: dtree.c(1439): stop. leaf nodes are specific
INFO: dtree.c(1478): Final simple tree
|( QUESTION1 -1 -1.274e+04 1.497e+02 5.634e+01
|    ( - -7.067e+02 1 0)
|    ( QUESTION9 -1 -1.188e+04 1.318e+02 5.234e+01
|        ( WDBNDRY_E 0 -1.856e+03 1.135e+02 8.835e+00
|            ( - -7.027e+02 1 0)
|            ( - -1.040e+03 1 0))
|        ( QUESTION0 -1 -9.897e+03 1.192e+02 4.351e+01
|            ( WDBNDRY_E 0 -5.824e+03 9.159e+01 2.551e+01
|                ( - -4.002e+02 1 0)
|                ( - -5.332e+03 1 0))
|            ( QUESTION0_11_R 1 -3.953e+03 7.582e+01 1.800e+01
|                ( - -2.556e+03 1 0)
|                ( - -1.321e+03 1 0)))))
s>    ( QUESTION1 -1 -1.274e+04 1.497e+02 5.634e+01
s>        ( - -7.067e+02 1 0)
s>        ( QUESTION9 -1 -1.188e+04 1.318e+02 5.234e+01
s>            ( WDBNDRY_E 0 -1.856e+03 1.135e+02 8.835e+00
s>                ( - -7.027e+02 1 0)
s>                ( - -1.040e+03 1 0))
s>            ( QUESTION0 -1 -9.897e+03 1.192e+02 4.351e+01
s>                ( WDBNDRY_E 0 -5.824e+03 9.159e+01 2.551e+01
s>                    ( - -4.002e+02 1 0)
s>                    ( - -5.332e+03 1 0))
s>                ( QUESTION0_11_R 1 -3.953e+03 7.582e+01 1.800e+01
s>                    ( - -2.556e+03 1 0)
s>                    ( - -1.321e+03 1 0)))))INFO: dtree.c(1439): stop. leaf nodes are specific
INFO: dtree.c(1478): Final simple tree
|( WDBNDRY_E 0 -5.987e+03 1.659e+02 2.580e+01
|    ( - -5.113e+02 1 0)
|    ( QUESTION0_13_R 1 -5.310e+03 1.035e+02 2.280e+01
|        ( - -2.997e+03 2 0)
|        ( QUESTION0 -1 -2.209e+03 9.304e+01 9.729e+00
|            ( - -6.166e+02 1 0)
|            ( QUESTION0_11_R 1 -1.500e+03 9.363e+01 7.000e+00
|                ( - -2.172e+02 1 0)
|                ( - -1.189e+03 1 0)))))
s>    ( WDBNDRY_E 0 -5.987e+03 1.659e+02 2.580e+01
s>        ( - -5.113e+02 1 0)
s>        ( QUESTION0_13_R 1 -5.310e+03 1.035e+02 2.280e+01
s>            ( - -2.997e+03 2 0)
s>            ( QUESTION0 -1 -2.209e+03 9.304e+01 9.729e+00
s>                ( - -6.166e+02 1 0)
s>                ( QUESTION0_11_R 1 -1.500e+03 9.363e+01 7.000e+00
s>                    ( - -2.172e+02 1 0)
s>                    ( - -1.189e+03 1 0)))))INFO: dtree.c(1315): Comp split 23
INFO: dtree.c(1439): stop. leaf nodes are specific
INFO: dtree.c(1478): Final simple tree
|( QUESTION1 -1 -1.387e+04 1.503e+02 6.587e+01
|    ( QUESTION2 -1 -8.569e+03 9.813e+01 4.096e+01
|        ( - -9.112e+02 1 0)
|        ( - -7.560e+03 1 0))
|    ( QUESTION0_0_R 1 -5.152e+03 1.103e+02 2.491e+01
|        ( - -1.751e+03 1 0)
|        ( - -3.290e+03 2 0)))
s>    ( QUESTION1 -1 -1.387e+04 1.503e+02 6.587e+01
s>        ( QUESTION2 -1 -8.569e+03 9.813e+01 4.096e+01
s>            ( - -9.112e+02 1 0)
s>            ( - -7.560e+03 1 0))
s>        ( QUESTION0_0_R 1 -5.152e+03 1.103e+02 2.491e+01
s>            ( - -1.751e+03 1 0)
s>            ( - -3.290e+03 2 0)))INFO: dtree.c(1315): Comp split 24
INFO: dtree.c(1439): stop. leaf nodes are specific
INFO: dtree.c(1478): Final simple tree
|( QUESTION0_17_R 1 -8.103e+03 1.186e+02 3.555e+01
|    ( - -1.741e+03 1 0)
|    ( QUESTION2 -1 -6.244e+03 1.125e+02 2.750e+01
|        ( - -2.648e+03 3 0)
|        ( QUESTION0 -1 -3.483e+03 7.920e+01 1.549e+01
|            ( WDBNDRY_E 0 -3.208e+03 7.546e+01 1.449e+01
|                ( - -8.831e+02 1 0)
|                ( - -2.249e+03 1 0))
|            ( - -1.963e+02 1 0))))
s>    ( QUESTION0_17_R 1 -8.103e+03 1.186e+02 3.555e+01
s>        ( - -1.741e+03 1 0)
s>        ( QUESTION2 -1 -6.244e+03 1.125e+02 2.750e+01
s>            ( - -2.648e+03 3 0)
s>            ( QUESTION0 -1 -3.483e+03 7.920e+01 1.549e+01
s>                ( WDBNDRY_E 0 -3.208e+03 7.546e+01 1.449e+01
s>                    ( - -8.831e+02 1 0)
s>                    ( - -2.249e+03 1 0))
s>                ( - -1.963e+02 1 0))))INFO: dtree.c(1478): Final simple tree
|( QUESTION15 -1 -1.424e+04 1.601e+02 6.117e+01
|    ( - -1.158e+03 1 0)
|    ( QUESTION5 -1 -1.292e+04 1.233e+02 5.499e+01
|        ( - -4.806e+03 3 0)
|        ( QUESTION0_12_R 1 -7.993e+03 8.571e+01 3.291e+01
|            ( QUESTION0 -1 -6.859e+03 1.030e+02 2.891e+01
|                ( QUESTION2_11_L -1 -4.261e+03 8.278e+01 1.798e+01
|                    ( - -3.299e+03 3 0)
|                    ( - -8.789e+02 2 0))
|                ( - -2.495e+03 1 0))
|            ( QUESTION0_17_R 1 -1.048e+03 6.096e+01 4.001e+00
|                ( QUESTION0 -1 -4.924e+02 5.673e+01 2.000e+00
|                    ( - -2.298e+02 1 0)
|                    ( - -2.058e+02 1 0))
|                ( - -4.950e+02 2 0 WDBNDRY_E 0 5.194e+01 2.000e+00)))))
s>    ( QUESTION15 -1 -1.424e+04 1.601e+02 6.117e+01
s>        ( - -1.158e+03 1 0)
s>        ( QUESTION5 -1 -1.292e+04 1.233e+02 5.499e+01
s>            ( - -4.806e+03 3 0)
s>            ( QUESTION0_12_R 1 -7.993e+03 8.571e+01 3.291e+01
s>                ( QUESTION0 -1 -6.859e+03 1.030e+02 2.891e+01
s>                    ( QUESTION2_11_L -1 -4.261e+03 8.278e+01 1.798e+01
s>                        ( - -3.299e+03 3 0)
s>                        ( - -8.789e+02 2 0))
s>                    ( - -2.495e+03 1 0))
s>                ( QUESTION0_17_R 1 -1.048e+03 6.096e+01 4.001e+00
s>                    ( QUESTION0 -1 -4.924e+02 5.673e+01 2.000e+00
s>                        ( - -2.298e+02 1 0)
s>                        ( - -2.058e+02 1 0))
s>                    ( - -4.950e+02 2 0 WDBNDRY_E 0 5.194e+01 2.000e+00)))))INFO: dtree.c(1315): Comp split 25
INFO: dtree.c(1439): stop. leaf nodes are specific
INFO: dtree.c(1478): Final simple tree
|( QUESTION0_0_R 1 -2.339e+03 1.243e+02 1.104e+01
|    ( - -1.592e+03 2 0)
|    ( - -6.229e+02 1 0))
s>    ( QUESTION0_0_R 1 -2.339e+03 1.243e+02 1.104e+01
s>        ( - -1.592e+03 2 0)
s>        ( - -6.229e+02 1 0))INFO: dtree.c(1478): Final simple tree
|( QUESTION14 -1 -1.525e+04 1.580e+02 6.736e+01
|    ( - -4.804e+02 1 0)
|    ( QUESTION2_6_L -1 -1.461e+04 1.569e+02 6.436e+01
|        ( - -1.083e+03 1 0)
|        ( QUESTION0_10_R 1 -1.337e+04 1.211e+02 5.836e+01
|            ( - -6.899e+02 1 0)
|            ( QUESTION6 -1 -1.256e+04 1.092e+02 5.536e+01
|                ( - -4.197e+03 2 0 QUESTION0_0_R 1 6.933e+01 1.954e+01)
|                ( QUESTION3 -1 -8.250e+03 1.041e+02 3.582e+01
|                    ( QUESTION3 1 -3.402e+03 1.751e+02 1.555e+01
|                        ( - -8.238e+02 1 0)
|                        ( QUESTION14 1 -2.403e+03 1.028e+02 1.055e+01
|                            ( - -5.596e+02 1 0)
|                            ( - -1.741e+03 3 0 QUESTION0_8_R 1 7.958e+01 7.552e+00)))
|                    ( - -4.744e+03 8 0 QUESTION2 1 1.017e+02 2.027e+01))))))
s>    ( QUESTION14 -1 -1.525e+04 1.580e+02 6.736e+01
s>        ( - -4.804e+02 1 0)
s>        ( QUESTION2_6_L -1 -1.461e+04 1.569e+02 6.436e+01
s>            ( - -1.083e+03 1 0)
s>            ( QUESTION0_10_R 1 -1.337e+04 1.211e+02 5.836e+01
s>                ( - -6.899e+02 1 0)
s>                ( QUESTION6 -1 -1.256e+04 1.092e+02 5.536e+01
s>                    ( - -4.197e+03 2 0 QUESTION0_0_R 1 6.933e+01 1.954e+01)
s>                    ( QUESTION3 -1 -8.250e+03 1.041e+02 3.582e+01
s>                        ( QUESTION3 1 -3.402e+03 1.751e+02 1.555e+01
s>                            ( - -8.238e+02 1 0)
s>                            ( QUESTION14 1 -2.403e+03 1.028e+02 1.055e+01
s>                                ( - -5.596e+02 1 0)
s>                                ( - -1.741e+03 3 0 QUESTION0_8_R 1 7.958e+01 7.552e+00)))
s>                        ( - -4.744e+03 8 0 QUESTION2 1 1.017e+02 2.027e+01))))))INFO: dtree.c(1315): Comp split 26
INFO: dtree.c(1478): Final simple tree
|( QUESTION2_6_L -1 -1.423e+04 1.574e+02 6.236e+01
|    ( - -1.083e+03 1 0)
|    ( QUESTION14 -1 -1.299e+04 1.583e+02 5.636e+01
|        ( - -4.804e+02 1 0)
|        ( QUESTION0_10_R 1 -1.235e+04 1.194e+02 5.336e+01
|            ( - -6.899e+02 1 0)
|            ( QUESTION6 -1 -1.154e+04 1.135e+02 5.036e+01
|                ( - -4.197e+03 2 0 QUESTION0_0_R 1 6.933e+01 1.954e+01)
|                ( QUESTION2 -1 -7.230e+03 8.854e+01 3.082e+01
|                    ( - -1.771e+02 1 0)
|                    ( WDBNDRY_E 0 -6.965e+03 8.656e+01 2.982e+01
|                        ( QUESTION0_2_R 1 -8.775e+02 9.513e+01 4.000e+00
|                            ( - -3.820e+02 1 0)
|                            ( - -4.004e+02 1 0))
|                        ( - -6.001e+03 9 0 QUESTION2 1 8.952e+01 2.582e+01)))))))
s>    ( QUESTION2_6_L -1 -1.423e+04 1.574e+02 6.236e+01
s>        ( - -1.083e+03 1 0)
s>        ( QUESTION14 -1 -1.299e+04 1.583e+02 5.636e+01
s>            ( - -4.804e+02 1 0)
s>            ( QUESTION0_10_R 1 -1.235e+04 1.194e+02 5.336e+01
s>                ( - -6.899e+02 1 0)
s>                ( QUESTION6 -1 -1.154e+04 1.135e+02 5.036e+01
s>                    ( - -4.197e+03 2 0 QUESTION0_0_R 1 6.933e+01 1.954e+01)
s>                    ( QUESTION2 -1 -7.230e+03 8.854e+01 3.082e+01
s>                        ( - -1.771e+02 1 0)
s>                        ( WDBNDRY_E 0 -6.965e+03 8.656e+01 2.982e+01
s>                            ( QUESTION0_2_R 1 -8.775e+02 9.513e+01 4.000e+00
s>                                ( - -3.820e+02 1 0)
s>                                ( - -4.004e+02 1 0))
s>                            ( - -6.001e+03 9 0 QUESTION2 1 8.952e+01 2.582e+01)))))))INFO: dtree.c(1315): Comp split 27
INFO: dtree.c(1439): stop. leaf nodes are specific
INFO: dtree.c(1478): Final simple tree
|( QUESTION17 1 -5.799e+03 1.245e+02 2.662e+01
|    ( - -1.286e+03 1 0)
|    ( QUESTION0_9_R 1 -4.388e+03 1.247e+02 1.999e+01
|        ( - -1.173e+03 1 0)
|        ( QUESTION0_0_R 1 -3.090e+03 1.133e+02 1.398e+01
|            ( - -6.897e+02 1 0)
|            ( QUESTION0 -1 -2.287e+03 9.499e+01 1.096e+01
|                ( WDBNDRY_E 0 -1.818e+03 9.158e+01 8.956e+00
|                    ( - -9.385e+02 1 0)
|                    ( - -7.877e+02 1 0))
|                ( - -3.746e+02 1 0)))))
s>    ( QUESTION17 1 -5.799e+03 1.245e+02 2.662e+01
s>        ( - -1.286e+03 1 0)
s>        ( QUESTION0_9_R 1 -4.388e+03 1.247e+02 1.999e+01
s>            ( - -1.173e+03 1 0)
s>            ( QUESTION0_0_R 1 -3.090e+03 1.133e+02 1.398e+01
s>                ( - -6.897e+02 1 0)
s>                ( QUESTION0 -1 -2.287e+03 9.499e+01 1.096e+01
s>                    ( WDBNDRY_E 0 -1.818e+03 9.158e+01 8.956e+00
s>                        ( - -9.385e+02 1 0)
s>                        ( - -7.877e+02 1 0))
s>                    ( - -3.746e+02 1 0)))))INFO: dtree.c(1315): Comp split 28
INFO: dtree.c(1439): stop. leaf nodes are specific
INFO: dtree.c(1478): Final simple tree
|( QUESTION0_13_R 1 -5.310e+03 1.035e+02 2.280e+01
|    ( - -2.997e+03 2 0)
|    ( QUESTION0 -1 -2.209e+03 9.304e+01 9.729e+00
|        ( - -6.166e+02 1 0)
|        ( QUESTION0_11_R 1 -1.500e+03 9.363e+01 7.000e+00
|            ( - -2.172e+02 1 0)
|            ( - -1.189e+03 1 0))))
s>    ( QUESTION0_13_R 1 -5.310e+03 1.035e+02 2.280e+01
s>        ( - -2.997e+03 2 0)
s>        ( QUESTION0 -1 -2.209e+03 9.304e+01 9.729e+00
s>            ( - -6.166e+02 1 0)
s>            ( QUESTION0_11_R 1 -1.500e+03 9.363e+01 7.000e+00
s>                ( - -2.172e+02 1 0)
s>                ( - -1.189e+03 1 0))))INFO: dtree.c(1315): Comp split 29
INFO: dtree.c(1478): Final simple tree
|( QUESTION0_10_R 1 -1.235e+04 1.194e+02 5.336e+01
|    ( - -6.899e+02 1 0)
|    ( QUESTION6 -1 -1.154e+04 1.135e+02 5.036e+01
|        ( - -4.197e+03 2 0 QUESTION0_0_R 1 6.933e+01 1.954e+01)
|        ( QUESTION2 -1 -7.230e+03 8.854e+01 3.082e+01
|            ( - -1.771e+02 1 0)
|            ( WDBNDRY_E 0 -6.965e+03 8.656e+01 2.982e+01
|                ( QUESTION0_2_R 1 -8.775e+02 9.513e+01 4.000e+00
|                    ( - -3.820e+02 1 0)
|                    ( - -4.004e+02 1 0))
|                ( QUESTION2 1 -6.001e+03 8.952e+01 2.582e+01
|                    ( QUESTION1 -1 -2.999e+03 9.354e+01 1.413e+01
|                        ( - -6.276e+02 1 0)
|                        ( - -2.278e+03 2 0 QUESTION0 -1 8.791e+01 1.113e+01))
|                    ( - -2.912e+03 6 0 QUESTION14 1 7.764e+01 1.168e+01))))))
s>    ( QUESTION0_10_R 1 -1.235e+04 1.194e+02 5.336e+01
s>        ( - -6.899e+02 1 0)
s>        ( QUESTION6 -1 -1.154e+04 1.135e+02 5.036e+01
s>            ( - -4.197e+03 2 0 QUESTION0_0_R 1 6.933e+01 1.954e+01)
s>            ( QUESTION2 -1 -7.230e+03 8.854e+01 3.082e+01
s>                ( - -1.771e+02 1 0)
s>                ( WDBNDRY_E 0 -6.965e+03 8.656e+01 2.982e+01
s>                    ( QUESTION0_2_R 1 -8.775e+02 9.513e+01 4.000e+00
s>                        ( - -3.820e+02 1 0)
s>                        ( - -4.004e+02 1 0))
s>                    ( QUESTION2 1 -6.001e+03 8.952e+01 2.582e+01
s>                        ( QUESTION1 -1 -2.999e+03 9.354e+01 1.413e+01
s>                            ( - -6.276e+02 1 0)
s>                            ( - -2.278e+03 2 0 QUESTION0 -1 8.791e+01 1.113e+01))
s>                        ( - -2.912e+03 6 0 QUESTION14 1 7.764e+01 1.168e+01))))))INFO: dtree.c(1439): stop. leaf nodes are specific
INFO: dtree.c(1478): Final simple tree
|( WDBNDRY_E 0 -1.715e+03 1.511e+02 8.997e+00
|    ( - -4.804e+02 1 0)
|    ( - -1.083e+03 1 0))
s>    ( WDBNDRY_E 0 -1.715e+03 1.511e+02 8.997e+00
s>        ( - -4.804e+02 1 0)
s>        ( - -1.083e+03 1 0))INFO: dtree.c(1315): Comp split 30
INFO: dtree.c(1315): Comp split 31
INFO: dtree.c(1478): Final simple tree
|( QUESTION1 -1 -6.754e+03 1.086e+02 2.824e+01
|    ( - -9.082e+02 1 0)
|    ( QUESTION0 -1 -5.737e+03 1.046e+02 2.422e+01
|        ( QUESTION0_9_R 1 -4.504e+03 9.232e+01 1.922e+01
|            ( - -6.401e+02 1 0)
|            ( QUESTION7 -1 -3.772e+03 8.469e+01 1.622e+01
|                ( - -3.888e+02 1 0)
|                ( QUESTION6 -1 -3.298e+03 8.257e+01 1.422e+01
|                    ( - -1.578e+03 1 0)
|                    ( - -1.637e+03 3 0 QUESTION0_2_R 1 7.419e+01 7.010e+00))))
|        ( QUESTION2 1 -1.129e+03 9.624e+01 5.000e+00
|            ( QUESTION17 -1 -8.720e+02 9.102e+01 4.000e+00
|                ( - -2.234e+02 1 0)
|                ( - -5.576e+02 1 0))
|            ( - -1.606e+02 1 0))))
s>    ( QUESTION1 -1 -6.754e+03 1.086e+02 2.824e+01
s>        ( - -9.082e+02 1 0)
s>        ( QUESTION0 -1 -5.737e+03 1.046e+02 2.422e+01
s>            ( QUESTION0_9_R 1 -4.504e+03 9.232e+01 1.922e+01
s>                ( - -6.401e+02 1 0)
s>                ( QUESTION7 -1 -3.772e+03 8.469e+01 1.622e+01
s>                    ( - -3.888e+02 1 0)
s>                    ( QUESTION6 -1 -3.298e+03 8.257e+01 1.422e+01
s>                        ( - -1.578e+03 1 0)
s>                        ( - -1.637e+03 3 0 QUESTION0_2_R 1 7.419e+01 7.010e+00))))
s>            ( QUESTION2 1 -1.129e+03 9.624e+01 5.000e+00
s>                ( QUESTION17 -1 -8.720e+02 9.102e+01 4.000e+00
s>                    ( - -2.234e+02 1 0)
s>                    ( - -5.576e+02 1 0))
s>                ( - -1.606e+02 1 0))))INFO: dtree.c(1439): stop. leaf nodes are specific
INFO: dtree.c(1478): Final simple tree
|( QUESTION3 1 -1.512e+04 1.130e+02 6.612e+01
|    ( - -5.403e+02 1 0)
|    ( QUESTION15 1 -1.447e+04 1.154e+02 6.312e+01
|        ( - -4.550e+03 1 0)
|        ( WDBNDRY_E 0 -9.803e+03 1.086e+02 4.314e+01
|            ( - -6.126e+02 1 0)
|            ( QUESTION13 1 -9.082e+03 8.700e+01 3.993e+01
|                ( - -2.851e+03 1 0)
|                ( QUESTION0_0_R 1 -6.144e+03 6.837e+01 2.706e+01
|                    ( - -4.460e+02 1 0)
|                    ( - -5.630e+03 2 0))))))
s>    ( QUESTION3 1 -1.512e+04 1.130e+02 6.612e+01
s>        ( - -5.403e+02 1 0)
s>        ( QUESTION15 1 -1.447e+04 1.154e+02 6.312e+01
s>            ( - -4.550e+03 1 0)
s>            ( WDBNDRY_E 0 -9.803e+03 1.086e+02 4.314e+01
s>                ( - -6.126e+02 1 0)
s>                ( QUESTION13 1 -9.082e+03 8.700e+01 3.993e+01
s>                    ( - -2.851e+03 1 0)
s>                    ( QUESTION0_0_R 1 -6.144e+03 6.837e+01 2.706e+01
s>                        ( - -4.460e+02 1 0)
s>                        ( - -5.630e+03 2 0))))))INFO: dtree.c(1315): Comp split 32
INFO: dtree.c(1478): Final simple tree
|( QUESTION5 -1 -1.292e+04 1.233e+02 5.499e+01
|    ( - -4.806e+03 3 0)
|    ( QUESTION0_12_R 1 -7.993e+03 8.571e+01 3.291e+01
|        ( QUESTION0 -1 -6.859e+03 1.030e+02 2.891e+01
|            ( QUESTION2_11_L -1 -4.261e+03 8.278e+01 1.798e+01
|                ( - -3.299e+03 3 0)
|                ( - -8.789e+02 2 0))
|            ( - -2.495e+03 1 0))
|        ( QUESTION0_17_R 1 -1.048e+03 6.096e+01 4.001e+00
|            ( QUESTION0 -1 -4.924e+02 5.673e+01 2.000e+00
|                ( - -2.298e+02 1 0)
|                ( - -2.058e+02 1 0))
|            ( WDBNDRY_E 0 -4.950e+02 5.194e+01 2.000e+00
|                ( - -2.392e+02 1 0)
|                ( - -2.038e+02 1 0)))))
s>    ( QUESTION5 -1 -1.292e+04 1.233e+02 5.499e+01
s>        ( - -4.806e+03 3 0)
s>        ( QUESTION0_12_R 1 -7.993e+03 8.571e+01 3.291e+01
s>            ( QUESTION0 -1 -6.859e+03 1.030e+02 2.891e+01
s>                ( QUESTION2_11_L -1 -4.261e+03 8.278e+01 1.798e+01
s>                    ( - -3.299e+03 3 0)
s>                    ( - -8.789e+02 2 0))
s>                ( - -2.495e+03 1 0))
s>            ( QUESTION0_17_R 1 -1.048e+03 6.096e+01 4.001e+00
s>                ( QUESTION0 -1 -4.924e+02 5.673e+01 2.000e+00
s>                    ( - -2.298e+02 1 0)
s>                    ( - -2.058e+02 1 0))
s>                ( WDBNDRY_E 0 -4.950e+02 5.194e+01 2.000e+00
s>                    ( - -2.392e+02 1 0)
s>                    ( - -2.038e+02 1 0)))))INFO: dtree.c(1315): Comp split 33
INFO: dtree.c(1439): stop. leaf nodes are specific
INFO: dtree.c(1478): Final simple tree
|( QUESTION0 -1 -9.897e+03 1.192e+02 4.351e+01
|    ( WDBNDRY_E 0 -5.824e+03 9.159e+01 2.551e+01
|        ( - -4.002e+02 1 0)
|        ( - -5.332e+03 1 0))
|    ( QUESTION0_11_R 1 -3.953e+03 7.582e+01 1.800e+01
|        ( - -2.556e+03 1 0)
|        ( - -1.321e+03 1 0)))
s>    ( QUESTION0 -1 -9.897e+03 1.192e+02 4.351e+01
s>        ( WDBNDRY_E 0 -5.824e+03 9.159e+01 2.551e+01
s>            ( - -4.002e+02 1 0)
s>            ( - -5.332e+03 1 0))
s>        ( QUESTION0_11_R 1 -3.953e+03 7.582e+01 1.800e+01
s>            ( - -2.556e+03 1 0)
s>            ( - -1.321e+03 1 0)))INFO: dtree.c(1439): stop. leaf nodes are specific
INFO: dtree.c(1478): Final simple tree
|( QUESTION1 -1 -2.687e+03 1.245e+02 1.283e+01
|    ( - -7.067e+02 1 0)
|    ( WDBNDRY_E 0 -1.856e+03 1.135e+02 8.835e+00
|        ( - -7.027e+02 1 0)
|        ( - -1.040e+03 1 0)))
s>    ( QUESTION1 -1 -2.687e+03 1.245e+02 1.283e+01
s>        ( - -7.067e+02 1 0)
s>        ( WDBNDRY_E 0 -1.856e+03 1.135e+02 8.835e+00
s>            ( - -7.027e+02 1 0)
s>            ( - -1.040e+03 1 0)))INFO: dtree.c(1315): Comp split 34
INFO: dtree.c(1315): Comp split 35
INFO: dtree.c(1439): stop. leaf nodes are specific
INFO: dtree.c(1478): Final simple tree
|( QUESTION0_0_R 1 -5.152e+03 1.103e+02 2.491e+01
|    ( - -1.751e+03 1 0)
|    ( - -3.290e+03 2 0))
s>    ( QUESTION0_0_R 1 -5.152e+03 1.103e+02 2.491e+01
s>        ( - -1.751e+03 1 0)
s>        ( - -3.290e+03 2 0))INFO: dtree.c(1439): stop. leaf nodes are specific
INFO: dtree.c(1478): Final simple tree
|( QUESTION2 -1 -8.569e+03 9.813e+01 4.096e+01
|    ( - -9.112e+02 1 0)
|    ( - -7.560e+03 1 0))
s>    ( QUESTION2 -1 -8.569e+03 9.813e+01 4.096e+01
s>        ( - -9.112e+02 1 0)
s>        ( - -7.560e+03 1 0))INFO: dtree.c(1315): Comp split 36
INFO: dtree.c(1439): stop. leaf nodes are specific
INFO: dtree.c(1478): Final simple tree
|( QUESTION0_12_R 1 -3.588e+03 1.265e+02 1.750e+01
|    ( - -9.090e+02 1 0)
|    ( - -2.552e+03 1 0))
s>    ( QUESTION0_12_R 1 -3.588e+03 1.265e+02 1.750e+01
s>        ( - -9.090e+02 1 0)
s>        ( - -2.552e+03 1 0))INFO: dtree.c(1439): stop. leaf nodes are specific
INFO: dtree.c(1478): Final simple tree
|( QUESTION0_12_R 1 -7.281e+03 9.438e+01 3.291e+01
|    ( - -6.949e+03 2 0)
|    ( - -2.370e+02 1 0))
s>    ( QUESTION0_12_R 1 -7.281e+03 9.438e+01 3.291e+01
s>        ( - -6.949e+03 2 0)
s>        ( - -2.370e+02 1 0))INFO: dtree.c(1315): Comp split 37
INFO: dtree.c(1315): Comp split 38
INFO: dtree.c(1439): stop. leaf nodes are specific
INFO: dtree.c(1478): Final simple tree
|( QUESTION0 -1 -3.483e+03 1.386e+02 1.662e+01
|    ( - -1.613e+03 1 0)
|    ( - -1.732e+03 1 0))
s>    ( QUESTION0 -1 -3.483e+03 1.386e+02 1.662e+01
s>        ( - -1.613e+03 1 0)
s>        ( - -1.732e+03 1 0))INFO: dtree.c(1315): Comp split 39
INFO: dtree.c(1439): stop. leaf nodes are specific
INFO: dtree.c(1478): Final simple tree
|( QUESTION6 -1 -6.570e+03 9.619e+01 3.068e+01
|    ( QUESTION0_0_R 1 -4.197e+03 6.933e+01 1.954e+01
|        ( - -8.805e+02 1 0)
|        ( - -3.247e+03 1 0))
|    ( QUESTION0 -1 -2.278e+03 8.791e+01 1.113e+01
|        ( - -1.572e+03 1 0)
|        ( - -6.177e+02 1 0)))
s>    ( QUESTION6 -1 -6.570e+03 9.619e+01 3.068e+01
s>        ( QUESTION0_0_R 1 -4.197e+03 6.933e+01 1.954e+01
s>            ( - -8.805e+02 1 0)
s>            ( - -3.247e+03 1 0))
s>        ( QUESTION0 -1 -2.278e+03 8.791e+01 1.113e+01
s>            ( - -1.572e+03 1 0)
s>            ( - -6.177e+02 1 0)))INFO: dtree.c(1478): Final simple tree
|( QUESTION0_10_R 1 -5.636e+03 1.076e+02 2.268e+01
|    ( - -6.899e+02 1 0)
|    ( QUESTION3 -1 -4.838e+03 9.634e+01 1.968e+01
|        ( QUESTION14 1 -2.403e+03 1.028e+02 1.055e+01
|            ( - -5.596e+02 1 0)
|            ( QUESTION0_8_R 1 -1.741e+03 7.958e+01 7.552e+00
|                ( - -6.276e+02 1 0)
|                ( WDBNDRY_E 0 -1.034e+03 6.561e+01 4.552e+00
|                    ( - -3.820e+02 1 0)
|                    ( - -5.863e+02 1 0))))
|        ( WDBNDRY_E 0 -2.339e+03 8.740e+01 9.132e+00
|            ( - -4.004e+02 1 0)
|            ( QUESTION1 -1 -1.851e+03 7.495e+01 7.132e+00
|                ( - -1.771e+02 1 0)
|                ( - -1.599e+03 4 0 QUESTION0_0_R 1 6.512e+01 6.132e+00)))))
s>    ( QUESTION0_10_R 1 -5.636e+03 1.076e+02 2.268e+01
s>        ( - -6.899e+02 1 0)
s>        ( QUESTION3 -1 -4.838e+03 9.634e+01 1.968e+01
s>            ( QUESTION14 1 -2.403e+03 1.028e+02 1.055e+01
s>                ( - -5.596e+02 1 0)
s>                ( QUESTION0_8_R 1 -1.741e+03 7.958e+01 7.552e+00
s>                    ( - -6.276e+02 1 0)
s>                    ( WDBNDRY_E 0 -1.034e+03 6.561e+01 4.552e+00
s>                        ( - -3.820e+02 1 0)
s>                        ( - -5.863e+02 1 0))))
s>            ( WDBNDRY_E 0 -2.339e+03 8.740e+01 9.132e+00
s>                ( - -4.004e+02 1 0)
s>                ( QUESTION1 -1 -1.851e+03 7.495e+01 7.132e+00
s>                    ( - -1.771e+02 1 0)
s>                    ( - -1.599e+03 4 0 QUESTION0_0_R 1 6.512e+01 6.132e+00)))))INFO: dtree.c(1315): Comp split 40
INFO: dtree.c(1439): stop. leaf nodes are specific
INFO: dtree.c(1478): Final simple tree
|( QUESTION2_12_L -1 -5.386e+03 8.498e+01 2.198e+01
|    ( - -8.789e+02 2 0)
|    ( QUESTION0_12_R 1 -4.422e+03 7.441e+01 1.798e+01
|        ( - -3.299e+03 3 0)
|        ( QUESTION0_17_R 1 -1.048e+03 6.096e+01 4.001e+00
|            ( QUESTION0 -1 -4.924e+02 5.673e+01 2.000e+00
|                ( - -2.298e+02 1 0)
|                ( - -2.058e+02 1 0))
|            ( WDBNDRY_E 0 -4.950e+02 5.194e+01 2.000e+00
|                ( - -2.392e+02 1 0)
|                ( - -2.038e+02 1 0)))))
s>    ( QUESTION2_12_L -1 -5.386e+03 8.498e+01 2.198e+01
s>        ( - -8.789e+02 2 0)
s>        ( QUESTION0_12_R 1 -4.422e+03 7.441e+01 1.798e+01
s>            ( - -3.299e+03 3 0)
s>            ( QUESTION0_17_R 1 -1.048e+03 6.096e+01 4.001e+00
s>                ( QUESTION0 -1 -4.924e+02 5.673e+01 2.000e+00
s>                    ( - -2.298e+02 1 0)
s>                    ( - -2.058e+02 1 0))
s>                ( WDBNDRY_E 0 -4.950e+02 5.194e+01 2.000e+00
s>                    ( - -2.392e+02 1 0)
s>                    ( - -2.038e+02 1 0)))))INFO: dtree.c(1439): stop. leaf nodes are specific
INFO: dtree.c(1478): Final simple tree
|( QUESTION0 -1 -7.394e+03 9.297e+01 3.300e+01
|    ( - -4.806e+03 3 0)
|    ( - -2.495e+03 1 0))
s>    ( QUESTION0 -1 -7.394e+03 9.297e+01 3.300e+01
s>        ( - -4.806e+03 3 0)
s>        ( - -2.495e+03 1 0))INFO: dtree.c(1315): Comp split 41
INFO: dtree.c(1439): stop. leaf nodes are specific
INFO: dtree.c(1478): Final simple tree
|( QUESTION0_0_R 1 -4.390e+03 1.357e+02 2.173e+01
|    ( - -7.051e+02 1 0)
|    ( QUESTION1 -1 -3.549e+03 1.132e+02 1.773e+01
|        ( - -5.576e+02 1 0)
|        ( - -2.878e+03 1 0)))
s>    ( QUESTION0_0_R 1 -4.390e+03 1.357e+02 2.173e+01
s>        ( - -7.051e+02 1 0)
s>        ( QUESTION1 -1 -3.549e+03 1.132e+02 1.773e+01
s>            ( - -5.576e+02 1 0)
s>            ( - -2.878e+03 1 0)))INFO: dtree.c(1315): Comp split 42
INFO: dtree.c(1315): Comp split 43
INFO: dtree.c(1439): stop. leaf nodes are specific
INFO: dtree.c(1478): Final simple tree
|( QUESTION1 -1 -3.549e+03 1.132e+02 1.773e+01
|    ( - -5.576e+02 1 0)
|    ( - -2.878e+03 1 0))
s>    ( QUESTION1 -1 -3.549e+03 1.132e+02 1.773e+01
s>        ( - -5.576e+02 1 0)
s>        ( - -2.878e+03 1 0))INFO: dtree.c(1315): Comp split 44
INFO: dtree.c(1439): stop. leaf nodes are specific
INFO: dtree.c(1478): Final simple tree
|( QUESTION0_9_R 1 -3.114e+03 1.227e+02 1.496e+01
|    ( - -1.173e+03 1 0)
|    ( WDBNDRY_E 0 -1.818e+03 9.158e+01 8.956e+00
|        ( - -9.385e+02 1 0)
|        ( - -7.877e+02 1 0)))
s>    ( QUESTION0_9_R 1 -3.114e+03 1.227e+02 1.496e+01
s>        ( - -1.173e+03 1 0)
s>        ( WDBNDRY_E 0 -1.818e+03 9.158e+01 8.956e+00
s>            ( - -9.385e+02 1 0)
s>            ( - -7.877e+02 1 0)))INFO: dtree.c(1439): stop. leaf nodes are specific
INFO: dtree.c(1478): Final simple tree
|( QUESTION0_9_R 1 -2.558e+03 1.177e+02 1.166e+01
|    ( - -1.286e+03 1 0)
|    ( WDBNDRY_E 0 -1.154e+03 8.933e+01 5.023e+00
|        ( - -3.746e+02 1 0)
|        ( - -6.897e+02 1 0)))
s>    ( QUESTION0_9_R 1 -2.558e+03 1.177e+02 1.166e+01
s>        ( - -1.286e+03 1 0)
s>        ( WDBNDRY_E 0 -1.154e+03 8.933e+01 5.023e+00
s>            ( - -3.746e+02 1 0)
s>            ( - -6.897e+02 1 0)))INFO: dtree.c(1315): Comp split 45
INFO: dtree.c(1439): stop. leaf nodes are specific
INFO: dtree.c(1478): Final simple tree
|( QUESTION0_11_R 1 -9.060e+02 7.224e+01 3.729e+00
|    ( - -2.172e+02 1 0)
|    ( - -6.166e+02 1 0))
s>    ( QUESTION0_11_R 1 -9.060e+02 7.224e+01 3.729e+00
s>        ( - -2.172e+02 1 0)
s>        ( - -6.166e+02 1 0))INFO: dtree.c(1439): stop. leaf nodes are specific
INFO: dtree.c(1478): Final simple tree
|( QUESTION0_11_R 1 -4.277e+03 9.101e+01 1.907e+01
|    ( - -2.997e+03 2 0)
|    ( - -1.189e+03 1 0))
s>    ( QUESTION0_11_R 1 -4.277e+03 9.101e+01 1.907e+01
s>        ( - -2.997e+03 2 0)
s>        ( - -1.189e+03 1 0))INFO: dtree.c(1315): Comp split 46
INFO: dtree.c(1315): Comp split 47
INFO: dtree.c(1439): stop. leaf nodes are specific
INFO: dtree.c(1478): Final simple tree
|( WDBNDRY_E 0 -3.208e+03 7.546e+01 1.449e+01
|    ( - -8.831e+02 1 0)
|    ( - -2.249e+03 1 0))
s>    ( WDBNDRY_E 0 -3.208e+03 7.546e+01 1.449e+01
s>        ( - -8.831e+02 1 0)
s>        ( - -2.249e+03 1 0))INFO: dtree.c(1439): stop. leaf nodes are specific
INFO: dtree.c(1478): Final simple tree
|( QUESTION0_12_R 1 -4.770e+03 1.209e+02 2.107e+01
|    ( QUESTION0 -1 -2.909e+03 6.413e+01 1.301e+01
|        ( - -2.648e+03 3 0)
|        ( - -1.963e+02 1 0))
|    ( - -1.741e+03 1 0))
s>    ( QUESTION0_12_R 1 -4.770e+03 1.209e+02 2.107e+01
s>        ( QUESTION0 -1 -2.909e+03 6.413e+01 1.301e+01
s>            ( - -2.648e+03 3 0)
s>            ( - -1.963e+02 1 0))
s>        ( - -1.741e+03 1 0))INFO: dtree.c(1315): Comp split 48
INFO: dtree.c(1439): stop. leaf nodes are specific
INFO: dtree.c(1478): Final simple tree
|( WDBNDRY_E 0 -1.856e+03 1.135e+02 8.835e+00
|    ( - -7.027e+02 1 0)
|    ( - -1.040e+03 1 0))
s>    ( WDBNDRY_E 0 -1.856e+03 1.135e+02 8.835e+00
s>        ( - -7.027e+02 1 0)
s>        ( - -1.040e+03 1 0))INFO: dtree.c(1315): Comp split 49
INFO: dtree.c(1315): Comp split 50
INFO: dtree.c(1439): stop. leaf nodes are specific
INFO: dtree.c(1478): Final simple tree
|( WDBNDRY_E 0 -1.818e+03 9.158e+01 8.956e+00
|    ( - -9.385e+02 1 0)
|    ( - -7.877e+02 1 0))
s>    ( WDBNDRY_E 0 -1.818e+03 9.158e+01 8.956e+00
s>        ( - -9.385e+02 1 0)
s>        ( - -7.877e+02 1 0))INFO: dtree.c(1315): Comp split 51
INFO: dtree.c(1439): stop. leaf nodes are specific
INFO: dtree.c(1478): Final simple tree
|( QUESTION0 -1 -2.909e+03 6.413e+01 1.301e+01
|    ( - -2.648e+03 3 0)
|    ( - -1.963e+02 1 0))
s>    ( QUESTION0 -1 -2.909e+03 6.413e+01 1.301e+01
s>        ( - -2.648e+03 3 0)
s>        ( - -1.963e+02 1 0))INFO: dtree.c(1315): Comp split 52
INFO: dtree.c(1439): stop. leaf nodes are specific
INFO: dtree.c(1478): Final simple tree
|( QUESTION0_11_R 1 -3.953e+03 7.582e+01 1.800e+01
|    ( - -2.556e+03 1 0)
|    ( - -1.321e+03 1 0))
s>    ( QUESTION0_11_R 1 -3.953e+03 7.582e+01 1.800e+01
s>        ( - -2.556e+03 1 0)
s>        ( - -1.321e+03 1 0))INFO: dtree.c(1439): stop. leaf nodes are specific
INFO: dtree.c(1478): Final simple tree
|( WDBNDRY_E 0 -5.824e+03 9.159e+01 2.551e+01
|    ( - -4.002e+02 1 0)
|    ( - -5.332e+03 1 0))
s>    ( WDBNDRY_E 0 -5.824e+03 9.159e+01 2.551e+01
s>        ( - -4.002e+02 1 0)
s>        ( - -5.332e+03 1 0))INFO: dtree.c(1315): Comp split 53
INFO: dtree.c(1439): stop. leaf nodes are specific
INFO: dtree.c(1478): Final simple tree
|( WDBNDRY_E 0 -1.154e+03 8.933e+01 5.023e+00
|    ( - -3.746e+02 1 0)
|    ( - -6.897e+02 1 0))
s>    ( WDBNDRY_E 0 -1.154e+03 8.933e+01 5.023e+00
s>        ( - -3.746e+02 1 0)
s>        ( - -6.897e+02 1 0))INFO: dtree.c(1315): Comp split 54
INFO: dtree.c(1439): stop. leaf nodes are specific
INFO: dtree.c(1478): Final simple tree
|( QUESTION3 1 -4.332e+03 1.080e+02 1.822e+01
|    ( - -1.606e+02 1 0)
|    ( QUESTION7 -1 -4.064e+03 8.680e+01 1.722e+01
|        ( - -3.888e+02 1 0)
|        ( QUESTION6 -1 -3.588e+03 8.610e+01 1.522e+01
|            ( - -1.578e+03 1 0)
|            ( QUESTION0_0_R 1 -1.924e+03 7.122e+01 8.010e+00
|                ( - -1.089e+03 1 0)
|                ( WDBNDRY_E 0 -7.629e+02 6.085e+01 3.000e+00
|                    ( - -2.171e+02 1 0)
|                    ( QUESTION0_2_R 1 -4.849e+02 6.260e+01 2.000e+00
|                        ( - -1.990e+02 1 0)
|                        ( - -2.234e+02 1 0)))))))
s>    ( QUESTION3 1 -4.332e+03 1.080e+02 1.822e+01
s>        ( - -1.606e+02 1 0)
s>        ( QUESTION7 -1 -4.064e+03 8.680e+01 1.722e+01
s>            ( - -3.888e+02 1 0)
s>            ( QUESTION6 -1 -3.588e+03 8.610e+01 1.522e+01
s>                ( - -1.578e+03 1 0)
s>                ( QUESTION0_0_R 1 -1.924e+03 7.122e+01 8.010e+00
s>                    ( - -1.089e+03 1 0)
s>                    ( WDBNDRY_E 0 -7.629e+02 6.085e+01 3.000e+00
s>                        ( - -2.171e+02 1 0)
s>                        ( QUESTION0_2_R 1 -4.849e+02 6.260e+01 2.000e+00
s>                            ( - -1.990e+02 1 0)
s>                            ( - -2.234e+02 1 0)))))))INFO: dtree.c(1439): stop. leaf nodes are specific
INFO: dtree.c(1478): Final simple tree
|( QUESTION0 -1 -2.305e+03 1.060e+02 1.002e+01
|    ( QUESTION0_0_R 1 -1.641e+03 9.255e+01 7.015e+00
|        ( - -9.082e+02 1 0)
|        ( - -6.401e+02 1 0))
|    ( - -5.576e+02 1 0))
s>    ( QUESTION0 -1 -2.305e+03 1.060e+02 1.002e+01
s>        ( QUESTION0_0_R 1 -1.641e+03 9.255e+01 7.015e+00
s>            ( - -9.082e+02 1 0)
s>            ( - -6.401e+02 1 0))
s>        ( - -5.576e+02 1 0))INFO: dtree.c(1315): Comp split 55
INFO: dtree.c(1439): stop. leaf nodes are specific
INFO: dtree.c(1478): Final simple tree
|( WDBNDRY_E 0 -9.803e+03 1.086e+02 4.314e+01
|    ( - -6.126e+02 1 0)
|    ( QUESTION13 1 -9.082e+03 8.700e+01 3.993e+01
|        ( - -2.851e+03 1 0)
|        ( QUESTION0_0_R 1 -6.144e+03 6.837e+01 2.706e+01
|            ( - -4.460e+02 1 0)
|            ( - -5.630e+03 2 0))))
s>    ( WDBNDRY_E 0 -9.803e+03 1.086e+02 4.314e+01
s>        ( - -6.126e+02 1 0)
s>        ( QUESTION13 1 -9.082e+03 8.700e+01 3.993e+01
s>            ( - -2.851e+03 1 0)
s>            ( QUESTION0_0_R 1 -6.144e+03 6.837e+01 2.706e+01
s>                ( - -4.460e+02 1 0)
s>                ( - -5.630e+03 2 0))))INFO: dtree.c(1439): stop. leaf nodes are specific
INFO: dtree.c(1478): Final simple tree
|( QUESTION0_0_R 1 -5.203e+03 1.133e+02 2.298e+01
|    ( - -4.550e+03 1 0)
|    ( - -5.403e+02 1 0))
s>    ( QUESTION0_0_R 1 -5.203e+03 1.133e+02 2.298e+01
s>        ( - -4.550e+03 1 0)
s>        ( - -5.403e+02 1 0))INFO: dtree.c(1315): Comp split 56
INFO: dtree.c(1315): Comp split 57
INFO: dtree.c(1315): Comp split 58
INFO: dtree.c(1315): Comp split 59
INFO: dtree.c(1315): Comp split 60
INFO: dtree.c(1478): Final simple tree
|( QUESTION0_10_R 1 -4.967e+03 1.047e+02 1.968e+01
|    ( - -6.899e+02 1 0)
|    ( QUESTION3 -1 -4.173e+03 9.326e+01 1.668e+01
|        ( QUESTION0_8_R 1 -1.741e+03 7.958e+01 7.552e+00
|            ( - -6.276e+02 1 0)
|            ( WDBNDRY_E 0 -1.034e+03 6.561e+01 4.552e+00
|                ( - -3.820e+02 1 0)
|                ( - -5.863e+02 1 0)))
|        ( WDBNDRY_E 0 -2.339e+03 8.740e+01 9.132e+00
|            ( - -4.004e+02 1 0)
|            ( QUESTION1 -1 -1.851e+03 7.495e+01 7.132e+00
|                ( - -1.771e+02 1 0)
|                ( QUESTION0_0_R 1 -1.599e+03 6.512e+01 6.132e+00
|                    ( - -2.158e+02 1 0)
|                    ( - -1.318e+03 3 0 QUESTION0 -1 4.492e+01 5.132e+00))))))
s>    ( QUESTION0_10_R 1 -4.967e+03 1.047e+02 1.968e+01
s>        ( - -6.899e+02 1 0)
s>        ( QUESTION3 -1 -4.173e+03 9.326e+01 1.668e+01
s>            ( QUESTION0_8_R 1 -1.741e+03 7.958e+01 7.552e+00
s>                ( - -6.276e+02 1 0)
s>                ( WDBNDRY_E 0 -1.034e+03 6.561e+01 4.552e+00
s>                    ( - -3.820e+02 1 0)
s>                    ( - -5.863e+02 1 0)))
s>            ( WDBNDRY_E 0 -2.339e+03 8.740e+01 9.132e+00
s>                ( - -4.004e+02 1 0)
s>                ( QUESTION1 -1 -1.851e+03 7.495e+01 7.132e+00
s>                    ( - -1.771e+02 1 0)
s>                    ( QUESTION0_0_R 1 -1.599e+03 6.512e+01 6.132e+00
s>                        ( - -2.158e+02 1 0)
s>                        ( - -1.318e+03 3 0 QUESTION0 -1 4.492e+01 5.132e+00))))))INFO: dtree.c(1315): Comp split 61
INFO: dtree.c(1439): stop. leaf nodes are specific
INFO: dtree.c(1478): Final simple tree
|( QUESTION13 1 -9.082e+03 8.700e+01 3.993e+01
|    ( - -2.851e+03 1 0)
|    ( QUESTION0_0_R 1 -6.144e+03 6.837e+01 2.706e+01
|        ( - -4.460e+02 1 0)
|        ( - -5.630e+03 2 0)))
s>    ( QUESTION13 1 -9.082e+03 8.700e+01 3.993e+01
s>        ( - -2.851e+03 1 0)
s>        ( QUESTION0_0_R 1 -6.144e+03 6.837e+01 2.706e+01
s>            ( - -4.460e+02 1 0)
s>            ( - -5.630e+03 2 0)))INFO: dtree.c(1315): Comp split 62
INFO: dtree.c(1439): stop. leaf nodes are specific
INFO: dtree.c(1478): Final simple tree
|( QUESTION7 -1 -4.064e+03 8.680e+01 1.722e+01
|    ( - -3.888e+02 1 0)
|    ( QUESTION6 -1 -3.588e+03 8.610e+01 1.522e+01
|        ( - -1.578e+03 1 0)
|        ( QUESTION0_0_R 1 -1.924e+03 7.122e+01 8.010e+00
|            ( - -1.089e+03 1 0)
|            ( WDBNDRY_E 0 -7.629e+02 6.085e+01 3.000e+00
|                ( - -2.171e+02 1 0)
|                ( QUESTION0_2_R 1 -4.849e+02 6.260e+01 2.000e+00
|                    ( - -1.990e+02 1 0)
|                    ( - -2.234e+02 1 0))))))
s>    ( QUESTION7 -1 -4.064e+03 8.680e+01 1.722e+01
s>        ( - -3.888e+02 1 0)
s>        ( QUESTION6 -1 -3.588e+03 8.610e+01 1.522e+01
s>            ( - -1.578e+03 1 0)
s>            ( QUESTION0_0_R 1 -1.924e+03 7.122e+01 8.010e+00
s>                ( - -1.089e+03 1 0)
s>                ( WDBNDRY_E 0 -7.629e+02 6.085e+01 3.000e+00
s>                    ( - -2.171e+02 1 0)
s>                    ( QUESTION0_2_R 1 -4.849e+02 6.260e+01 2.000e+00
s>                        ( - -1.990e+02 1 0)
s>                        ( - -2.234e+02 1 0))))))INFO: dtree.c(1315): Comp split 63
INFO: dtree.c(1439): stop. leaf nodes are specific
INFO: dtree.c(1478): Final simple tree
|( QUESTION0_0_R 1 -1.641e+03 9.255e+01 7.015e+00
|    ( - -9.082e+02 1 0)
|    ( - -6.401e+02 1 0))
s>    ( QUESTION0_0_R 1 -1.641e+03 9.255e+01 7.015e+00
s>        ( - -9.082e+02 1 0)
s>        ( - -6.401e+02 1 0))INFO: dtree.c(1315): Comp split 64
INFO: dtree.c(1439): stop. leaf nodes are specific
INFO: dtree.c(1478): Final simple tree
|( WDBNDRY_E 0 -1.156e+03 8.458e+01 5.000e+00
|    ( - -3.820e+02 1 0)
|    ( - -6.899e+02 1 0))
s>    ( WDBNDRY_E 0 -1.156e+03 8.458e+01 5.000e+00
s>        ( - -3.820e+02 1 0)
s>        ( - -6.899e+02 1 0))INFO: dtree.c(1439): stop. leaf nodes are specific
INFO: dtree.c(1478): Final simple tree
|( WDBNDRY_E 0 -3.705e+03 8.857e+01 1.468e+01
|    ( - -4.004e+02 1 0)
|    ( QUESTION2 1 -3.216e+03 8.858e+01 1.268e+01
|        ( - -6.276e+02 1 0)
|        ( QUESTION2 -1 -2.500e+03 7.909e+01 9.684e+00
|            ( - -1.771e+02 1 0)
|            ( QUESTION14 1 -2.244e+03 7.084e+01 8.684e+00
|                ( - -2.158e+02 1 0)
|                ( QUESTION0_0_R 1 -1.957e+03 5.332e+01 7.684e+00
|                    ( - -5.863e+02 1 0)
|                    ( QUESTION0 -1 -1.318e+03 4.492e+01 5.132e+00
|                        ( - -1.010e+03 2 0)
|                        ( - -2.632e+02 1 0)))))))
s>    ( WDBNDRY_E 0 -3.705e+03 8.857e+01 1.468e+01
s>        ( - -4.004e+02 1 0)
s>        ( QUESTION2 1 -3.216e+03 8.858e+01 1.268e+01
s>            ( - -6.276e+02 1 0)
s>            ( QUESTION2 -1 -2.500e+03 7.909e+01 9.684e+00
s>                ( - -1.771e+02 1 0)
s>                ( QUESTION14 1 -2.244e+03 7.084e+01 8.684e+00
s>                    ( - -2.158e+02 1 0)
s>                    ( QUESTION0_0_R 1 -1.957e+03 5.332e+01 7.684e+00
s>                        ( - -5.863e+02 1 0)
s>                        ( QUESTION0 -1 -1.318e+03 4.492e+01 5.132e+00
s>                            ( - -1.010e+03 2 0)
s>                            ( - -2.632e+02 1 0)))))))INFO: dtree.c(1315): Comp split 65
INFO: dtree.c(1439): stop. leaf nodes are specific
INFO: dtree.c(1478): Final simple tree
|( QUESTION0 -1 -4.897e+03 8.298e+01 2.268e+01
|    ( QUESTION0_0_R 1 -4.197e+03 6.933e+01 1.954e+01
|        ( - -8.805e+02 1 0)
|        ( - -3.247e+03 1 0))
|    ( - -6.177e+02 1 0))
s>    ( QUESTION0 -1 -4.897e+03 8.298e+01 2.268e+01
s>        ( QUESTION0_0_R 1 -4.197e+03 6.933e+01 1.954e+01
s>            ( - -8.805e+02 1 0)
s>            ( - -3.247e+03 1 0))
s>        ( - -6.177e+02 1 0))INFO: dtree.c(1315): Comp split 66
INFO: dtree.c(1315): Comp split 67
INFO: dtree.c(1315): Comp split 68
INFO: dtree.c(1439): stop. leaf nodes are specific
INFO: dtree.c(1478): Final simple tree
|( QUESTION7 1 -2.016e+03 6.584e+01 8.999e+00
|    ( - -1.740e+03 1 0)
|    ( - -2.100e+02 1 0))
s>    ( QUESTION7 1 -2.016e+03 6.584e+01 8.999e+00
s>        ( - -1.740e+03 1 0)
s>        ( - -2.100e+02 1 0))INFO: dtree.c(1439): stop. leaf nodes are specific
INFO: dtree.c(1478): Final simple tree
|( QUESTION0_11_R 1 -8.208e+02 8.840e+01 3.000e+00
|    ( - -2.736e+02 1 0)
|    ( - -4.588e+02 1 0))
s>    ( QUESTION0_11_R 1 -8.208e+02 8.840e+01 3.000e+00
s>        ( - -2.736e+02 1 0)
s>        ( - -4.588e+02 1 0))INFO: dtree.c(1315): Comp split 69
INFO: dtree.c(1315): Comp split 70
INFO: dtree.c(1315): Comp split 71
INFO: dtree.c(1315): Comp split 72
INFO: dtree.c(1315): Comp split 73
INFO: dtree.c(1315): Comp split 74
INFO: dtree.c(1315): Comp split 75
INFO: dtree.c(1439): stop. leaf nodes are specific
INFO: dtree.c(1478): Final simple tree
|( QUESTION2 1 -3.216e+03 8.858e+01 1.268e+01
|    ( - -6.276e+02 1 0)
|    ( QUESTION2 -1 -2.500e+03 7.909e+01 9.684e+00
|        ( - -1.771e+02 1 0)
|        ( QUESTION14 1 -2.244e+03 7.084e+01 8.684e+00
|            ( - -2.158e+02 1 0)
|            ( QUESTION0_0_R 1 -1.957e+03 5.332e+01 7.684e+00
|                ( - -5.863e+02 1 0)
|                ( QUESTION0 -1 -1.318e+03 4.492e+01 5.132e+00
|                    ( - -1.010e+03 2 0)
|                    ( - -2.632e+02 1 0))))))
s>    ( QUESTION2 1 -3.216e+03 8.858e+01 1.268e+01
s>        ( - -6.276e+02 1 0)
s>        ( QUESTION2 -1 -2.500e+03 7.909e+01 9.684e+00
s>            ( - -1.771e+02 1 0)
s>            ( QUESTION14 1 -2.244e+03 7.084e+01 8.684e+00
s>                ( - -2.158e+02 1 0)
s>                ( QUESTION0_0_R 1 -1.957e+03 5.332e+01 7.684e+00
s>                    ( - -5.863e+02 1 0)
s>                    ( QUESTION0 -1 -1.318e+03 4.492e+01 5.132e+00
s>                        ( - -1.010e+03 2 0)
s>                        ( - -2.632e+02 1 0))))))INFO: dtree.c(1315): Comp split 76
INFO: dtree.c(1439): stop. leaf nodes are specific
INFO: dtree.c(1478): Final simple tree
|( QUESTION2 -1 -2.500e+03 7.909e+01 9.684e+00
|    ( - -1.771e+02 1 0)
|    ( QUESTION14 1 -2.244e+03 7.084e+01 8.684e+00
|        ( - -2.158e+02 1 0)
|        ( QUESTION0_0_R 1 -1.957e+03 5.332e+01 7.684e+00
|            ( - -5.863e+02 1 0)
|            ( QUESTION0 -1 -1.318e+03 4.492e+01 5.132e+00
|                ( - -1.010e+03 2 0)
|                ( - -2.632e+02 1 0)))))
s>    ( QUESTION2 -1 -2.500e+03 7.909e+01 9.684e+00
s>        ( - -1.771e+02 1 0)
s>        ( QUESTION14 1 -2.244e+03 7.084e+01 8.684e+00
s>            ( - -2.158e+02 1 0)
s>            ( QUESTION0_0_R 1 -1.957e+03 5.332e+01 7.684e+00
s>                ( - -5.863e+02 1 0)
s>                ( QUESTION0 -1 -1.318e+03 4.492e+01 5.132e+00
s>                    ( - -1.010e+03 2 0)
s>                    ( - -2.632e+02 1 0)))))INFO: dtree.c(1315): Comp split 77
INFO: dtree.c(1315): Comp split 78
INFO: dtree.c(1439): stop. leaf nodes are specific
INFO: dtree.c(1478): Final simple tree
|( QUESTION0_0_R 1 -6.144e+03 6.837e+01 2.706e+01
|    ( - -4.460e+02 1 0)
|    ( - -5.630e+03 2 0))
s>    ( QUESTION0_0_R 1 -6.144e+03 6.837e+01 2.706e+01
s>        ( - -4.460e+02 1 0)
s>        ( - -5.630e+03 2 0))INFO: dtree.c(1315): Comp split 79
INFO: dtree.c(1439): stop. leaf nodes are specific
INFO: dtree.c(1478): Final simple tree
|( QUESTION6 -1 -3.588e+03 8.610e+01 1.522e+01
|    ( - -1.578e+03 1 0)
|    ( QUESTION0_0_R 1 -1.924e+03 7.122e+01 8.010e+00
|        ( - -1.089e+03 1 0)
|        ( WDBNDRY_E 0 -7.629e+02 6.085e+01 3.000e+00
|            ( - -2.171e+02 1 0)
|            ( QUESTION0_2_R 1 -4.849e+02 6.260e+01 2.000e+00
|                ( - -1.990e+02 1 0)
|                ( - -2.234e+02 1 0)))))
s>    ( QUESTION6 -1 -3.588e+03 8.610e+01 1.522e+01
s>        ( - -1.578e+03 1 0)
s>        ( QUESTION0_0_R 1 -1.924e+03 7.122e+01 8.010e+00
s>            ( - -1.089e+03 1 0)
s>            ( WDBNDRY_E 0 -7.629e+02 6.085e+01 3.000e+00
s>                ( - -2.171e+02 1 0)
s>                ( QUESTION0_2_R 1 -4.849e+02 6.260e+01 2.000e+00
s>                    ( - -1.990e+02 1 0)
s>                    ( - -2.234e+02 1 0)))))INFO: dtree.c(1315): Comp split 80
INFO: dtree.c(1439): stop. leaf nodes are specific
INFO: dtree.c(1478): Final simple tree
|( QUESTION0_0_R 1 -1.924e+03 7.122e+01 8.010e+00
|    ( - -1.089e+03 1 0)
|    ( WDBNDRY_E 0 -7.629e+02 6.085e+01 3.000e+00
|        ( - -2.171e+02 1 0)
|        ( QUESTION0_2_R 1 -4.849e+02 6.260e+01 2.000e+00
|            ( - -1.990e+02 1 0)
|            ( - -2.234e+02 1 0))))
s>    ( QUESTION0_0_R 1 -1.924e+03 7.122e+01 8.010e+00
s>        ( - -1.089e+03 1 0)
s>        ( WDBNDRY_E 0 -7.629e+02 6.085e+01 3.000e+00
s>            ( - -2.171e+02 1 0)
s>            ( QUESTION0_2_R 1 -4.849e+02 6.260e+01 2.000e+00
s>                ( - -1.990e+02 1 0)
s>                ( - -2.234e+02 1 0))))INFO: dtree.c(1315): Comp split 81
INFO: dtree.c(1439): stop. leaf nodes are specific
INFO: dtree.c(1478): Final simple tree
|( QUESTION0_12_R 1 -4.422e+03 7.441e+01 1.798e+01
|    ( - -3.299e+03 3 0)
|    ( QUESTION0_17_R 1 -1.048e+03 6.096e+01 4.001e+00
|        ( QUESTION0 -1 -4.924e+02 5.673e+01 2.000e+00
|            ( - -2.298e+02 1 0)
|            ( - -2.058e+02 1 0))
|        ( WDBNDRY_E 0 -4.950e+02 5.194e+01 2.000e+00
|            ( - -2.392e+02 1 0)
|            ( - -2.038e+02 1 0))))
s>    ( QUESTION0_12_R 1 -4.422e+03 7.441e+01 1.798e+01
s>        ( - -3.299e+03 3 0)
s>        ( QUESTION0_17_R 1 -1.048e+03 6.096e+01 4.001e+00
s>            ( QUESTION0 -1 -4.924e+02 5.673e+01 2.000e+00
s>                ( - -2.298e+02 1 0)
s>                ( - -2.058e+02 1 0))
s>            ( WDBNDRY_E 0 -4.950e+02 5.194e+01 2.000e+00
s>                ( - -2.392e+02 1 0)
s>                ( - -2.038e+02 1 0))))INFO: dtree.c(1315): Comp split 82
INFO: dtree.c(1315): Comp split 83
INFO: dtree.c(1439): stop. leaf nodes are specific
INFO: dtree.c(1478): Final simple tree
|( QUESTION0_0_R 1 -4.197e+03 6.933e+01 1.954e+01
|    ( - -8.805e+02 1 0)
|    ( - -3.247e+03 1 0))
s>    ( QUESTION0_0_R 1 -4.197e+03 6.933e+01 1.954e+01
s>        ( - -8.805e+02 1 0)
s>        ( - -3.247e+03 1 0))INFO: dtree.c(1315): Comp split 84
INFO: dtree.c(1439): stop. leaf nodes are specific
INFO: dtree.c(1478): Final simple tree
|( QUESTION14 1 -2.244e+03 7.084e+01 8.684e+00
|    ( - -2.158e+02 1 0)
|    ( QUESTION0_0_R 1 -1.957e+03 5.332e+01 7.684e+00
|        ( - -5.863e+02 1 0)
|        ( QUESTION0 -1 -1.318e+03 4.492e+01 5.132e+00
|            ( - -1.010e+03 2 0)
|            ( - -2.632e+02 1 0))))
s>    ( QUESTION14 1 -2.244e+03 7.084e+01 8.684e+00
s>        ( - -2.158e+02 1 0)
s>        ( QUESTION0_0_R 1 -1.957e+03 5.332e+01 7.684e+00
s>            ( - -5.863e+02 1 0)
s>            ( QUESTION0 -1 -1.318e+03 4.492e+01 5.132e+00
s>                ( - -1.010e+03 2 0)
s>                ( - -2.632e+02 1 0))))INFO: dtree.c(1315): Comp split 85
INFO: dtree.c(1315): Comp split 86
INFO: dtree.c(1315): Comp split 87
INFO: dtree.c(1439): stop. leaf nodes are specific
INFO: dtree.c(1478): Final simple tree
|( QUESTION0_2_R 1 -4.849e+02 6.260e+01 2.000e+00
|    ( - -1.990e+02 1 0)
|    ( - -2.234e+02 1 0))
s>    ( QUESTION0_2_R 1 -4.849e+02 6.260e+01 2.000e+00
s>        ( - -1.990e+02 1 0)
s>        ( - -2.234e+02 1 0))INFO: dtree.c(1439): stop. leaf nodes are specific
INFO: dtree.c(1478): Final simple tree
|( WDBNDRY_E 0 -1.364e+03 5.729e+01 6.010e+00
|    ( - -2.171e+02 1 0)
|    ( - -1.089e+03 1 0))
s>    ( WDBNDRY_E 0 -1.364e+03 5.729e+01 6.010e+00
s>        ( - -2.171e+02 1 0)
s>        ( - -1.089e+03 1 0))INFO: dtree.c(1315): Comp split 88
INFO: dtree.c(1439): stop. leaf nodes are specific
INFO: dtree.c(1478): Final simple tree
|( QUESTION0_17_R 1 -1.048e+03 6.096e+01 4.001e+00
|    ( QUESTION0 -1 -4.924e+02 5.673e+01 2.000e+00
|        ( - -2.298e+02 1 0)
|        ( - -2.058e+02 1 0))
|    ( WDBNDRY_E 0 -4.950e+02 5.194e+01 2.000e+00
|        ( - -2.392e+02 1 0)
|        ( - -2.038e+02 1 0)))
s>    ( QUESTION0_17_R 1 -1.048e+03 6.096e+01 4.001e+00
s>        ( QUESTION0 -1 -4.924e+02 5.673e+01 2.000e+00
s>            ( - -2.298e+02 1 0)
s>            ( - -2.058e+02 1 0))
s>        ( WDBNDRY_E 0 -4.950e+02 5.194e+01 2.000e+00
s>            ( - -2.392e+02 1 0)
s>            ( - -2.038e+02 1 0)))INFO: dtree.c(1315): Comp split 89
INFO: dtree.c(1315): Comp split 90
INFO: dtree.c(1439): stop. leaf nodes are specific
INFO: dtree.c(1478): Final simple tree
|( QUESTION0_0_R 1 -1.957e+03 5.332e+01 7.684e+00
|    ( - -5.863e+02 1 0)
|    ( QUESTION0 -1 -1.318e+03 4.492e+01 5.132e+00
|        ( - -1.010e+03 2 0)
|        ( - -2.632e+02 1 0)))
s>    ( QUESTION0_0_R 1 -1.957e+03 5.332e+01 7.684e+00
s>        ( - -5.863e+02 1 0)
s>        ( QUESTION0 -1 -1.318e+03 4.492e+01 5.132e+00
s>            ( - -1.010e+03 2 0)
s>            ( - -2.632e+02 1 0)))INFO: dtree.c(1315): Comp split 91
INFO: dtree.c(1315): Comp split 92
INFO: dtree.c(1315): Comp split 93
INFO: dtree.c(1315): Comp split 94
INFO: dtree.c(1315): Comp split 95
INFO: dtree.c(1439): stop. leaf nodes are specific
INFO: dtree.c(1478): Final simple tree
|( QUESTION0_17_R 1 -7.790e+02 5.420e+01 3.001e+00
|    ( - -2.298e+02 1 0)
|    ( WDBNDRY_E 0 -4.950e+02 5.194e+01 2.000e+00
|        ( - -2.392e+02 1 0)
|        ( - -2.038e+02 1 0)))
s>    ( QUESTION0_17_R 1 -7.790e+02 5.420e+01 3.001e+00
s>        ( - -2.298e+02 1 0)
s>        ( WDBNDRY_E 0 -4.950e+02 5.194e+01 2.000e+00
s>            ( - -2.392e+02 1 0)
s>            ( - -2.038e+02 1 0)))INFO: dtree.c(1315): Comp split 96
INFO: dtree.c(1315): Comp split 97
INFO: dtree.c(1315): Comp split 98
INFO: dtree.c(1439): stop. leaf nodes are specific
INFO: dtree.c(1478): Final simple tree
|( WDBNDRY_E 0 -4.950e+02 5.194e+01 2.000e+00
|    ( - -2.392e+02 1 0)
|    ( - -2.038e+02 1 0))
s>    ( WDBNDRY_E 0 -4.950e+02 5.194e+01 2.000e+00
s>        ( - -2.392e+02 1 0)
s>        ( - -2.038e+02 1 0))INFO: dtree.c(1315): Comp split 99
INFO: dtree.c(1439): stop. leaf nodes are specific
INFO: dtree.c(1478): Final simple tree
|( QUESTION0 -1 -1.318e+03 4.492e+01 5.132e+00
|    ( - -1.010e+03 2 0)
|    ( - -2.632e+02 1 0))
s>    ( QUESTION0 -1 -1.318e+03 4.492e+01 5.132e+00
s>        ( - -1.010e+03 2 0)
s>        ( - -2.632e+02 1 0))INFO: dtree.c(1315): Comp split 100
INFO: dtree.c(1315): Comp split 101
INFO: dtree.c(1315): Comp split 102
INFO: dtree.c(1318): stop. leaf nodes are specific
Thu May  7 00:23:24 2020
