Current configuration:
[NAME]		[DEFLT]	[VALUE]
-allphones	no	no
-cntthresh	0.00001	1.000000e-05
-csplitmax	100	2000
-csplitmin	1	1
-csplitthr	8e-4	0.000000e+00
-example	no	no
-fullvar	no	no
-help		no	no
-meanfn			/home/abdy/Desktop/diploma/kg/model_parameters/kg.cd_cont_untied/means
-mixwfn			/home/abdy/Desktop/diploma/kg/model_parameters/kg.cd_cont_untied/mixture_weights
-moddeffn		/home/abdy/Desktop/diploma/kg/model_architecture/kg.untied.mdef
-mwfloor	1e-4	1.000000e-08
-phone			u0
-psetfn			/home/abdy/Desktop/diploma/kg/model_architecture/kg.tree_questions
-ssplitmax	5	7
-ssplitmin	1	1
-ssplitthr	8e-4	0.000000e+00
-state			2
-stwt			1.0,0.05,0.0,
-treefn			/home/abdy/Desktop/diploma/kg/trees/kg.unpruned/u0-2.dtree
-ts2cbfn	.semi.	.cont.
-varfloor	0.00001	1.000000e-05
-varfn			/home/abdy/Desktop/diploma/kg/model_parameters/kg.cd_cont_untied/variances

INFO: main.c(223): Reading: /home/abdy/Desktop/diploma/kg/model_architecture/kg.untied.mdef
INFO: model_def_io.c(573): Model definition info:
INFO: model_def_io.c(574): 10297 total models defined (47 base, 10250 tri)
INFO: model_def_io.c(575): 41188 total states
INFO: model_def_io.c(576): 30891 total tied states
INFO: model_def_io.c(577): 141 total tied CI states
INFO: model_def_io.c(578): 47 total tied transition matrices
INFO: model_def_io.c(579): 4 max state/model
INFO: model_def_io.c(580): 4 min state/model
INFO: main.c(242): Building trees for [u0 SIL kh s] through [u0 zh p i]
INFO: main.c(269): Covering states |[26352 26789]| == 438
INFO: main.c(275): Reading: /home/abdy/Desktop/diploma/kg/model_parameters/kg.cd_cont_untied/mixture_weights
INFO: s3mixw_io.c(173): Read /home/abdy/Desktop/diploma/kg/model_parameters/kg.cd_cont_untied/mixture_weights [438x1x1 array]
INFO: main.c(311): 17 of 146 models have observation count greater than 0.000010
INFO: main.c(95): nrm stwt: 0.000 0.048 0.952 
INFO: s3gau_io.c(169): Read /home/abdy/Desktop/diploma/kg/model_parameters/kg.cd_cont_untied/means [30891x1x1 array]
INFO: s3gau_io.c(169): Read /home/abdy/Desktop/diploma/kg/model_parameters/kg.cd_cont_untied/variances [30891x1x1 array]
INFO: main.c(549): Reading: /home/abdy/Desktop/diploma/kg/model_architecture/kg.tree_questions
INFO: main.c(588): 174 total simple questions (166 phone; 8 word bndry)
INFO: main.c(590): 40 Left Only questions, and 42 Right Only questions
INFO: dtree.c(1478): Final simple tree
|( QUESTION5 -1 -1.860e+04 2.166e+02 7.882e+01
|    ( - -1.143e+03 1 0)
|    ( QUESTION2 -1 -1.724e+04 2.058e+02 7.282e+01
|        ( WDBNDRY_E 0 -2.127e+03 2.378e+02 1.000e+01
|            ( - -9.478e+02 1 0)
|            ( - -9.411e+02 1 0))
|        ( QUESTION0_18_R 1 -1.491e+04 1.729e+02 6.282e+01
|            ( - -1.531e+03 1 0)
|            ( QUESTION0_0_R 1 -1.321e+04 1.653e+02 5.582e+01
|                ( - -2.560e+03 3 0 QUESTION14 1 9.184e+01 1.161e+01)
|                ( QUESTION0_12_R 1 -1.048e+04 1.522e+02 4.421e+01
|                    ( - -2.508e+03 3 0 QUESTION0_13_R 1 1.195e+02 1.100e+01)
|                    ( QUESTION2 1 -7.822e+03 1.407e+02 3.321e+01
|                        ( - -3.144e+03 2 0 WDBNDRY_E 0 1.278e+02 1.401e+01)
|                        ( - -4.537e+03 5 0 QUESTION1 -1 1.159e+02 1.920e+01)))))))
s>    ( QUESTION5 -1 -1.860e+04 2.166e+02 7.882e+01
s>        ( - -1.143e+03 1 0)
s>        ( QUESTION2 -1 -1.724e+04 2.058e+02 7.282e+01
s>            ( WDBNDRY_E 0 -2.127e+03 2.378e+02 1.000e+01
s>                ( - -9.478e+02 1 0)
s>                ( - -9.411e+02 1 0))
s>            ( QUESTION0_18_R 1 -1.491e+04 1.729e+02 6.282e+01
s>                ( - -1.531e+03 1 0)
s>                ( QUESTION0_0_R 1 -1.321e+04 1.653e+02 5.582e+01
s>                    ( - -2.560e+03 3 0 QUESTION14 1 9.184e+01 1.161e+01)
s>                    ( QUESTION0_12_R 1 -1.048e+04 1.522e+02 4.421e+01
s>                        ( - -2.508e+03 3 0 QUESTION0_13_R 1 1.195e+02 1.100e+01)
s>                        ( QUESTION2 1 -7.822e+03 1.407e+02 3.321e+01
s>                            ( - -3.144e+03 2 0 WDBNDRY_E 0 1.278e+02 1.401e+01)
s>                            ( - -4.537e+03 5 0 QUESTION1 -1 1.159e+02 1.920e+01)))))))INFO: dtree.c(1315): Comp split 0
INFO: dtree.c(1478): Final simple tree
|( QUESTION5 -1 -1.742e+04 2.165e+02 7.382e+01
|    ( - -1.143e+03 1 0)
|    ( QUESTION2 -1 -1.606e+04 2.013e+02 6.782e+01
|        ( - -9.478e+02 1 0)
|        ( QUESTION0_18_R 1 -1.491e+04 1.729e+02 6.282e+01
|            ( - -1.531e+03 1 0)
|            ( QUESTION0_0_R 1 -1.321e+04 1.653e+02 5.582e+01
|                ( - -2.560e+03 3 0 QUESTION14 1 9.184e+01 1.161e+01)
|                ( QUESTION0_12_R 1 -1.048e+04 1.522e+02 4.421e+01
|                    ( - -2.508e+03 3 0 QUESTION0_13_R 1 1.195e+02 1.100e+01)
|                    ( QUESTION2 1 -7.822e+03 1.407e+02 3.321e+01
|                        ( WDBNDRY_E 0 -3.144e+03 1.278e+02 1.401e+01
|                            ( - -1.287e+03 1 0)
|                            ( - -1.730e+03 1 0))
|                        ( - -4.537e+03 5 0 QUESTION1 -1 1.159e+02 1.920e+01)))))))
s>    ( QUESTION5 -1 -1.742e+04 2.165e+02 7.382e+01
s>        ( - -1.143e+03 1 0)
s>        ( QUESTION2 -1 -1.606e+04 2.013e+02 6.782e+01
s>            ( - -9.478e+02 1 0)
s>            ( QUESTION0_18_R 1 -1.491e+04 1.729e+02 6.282e+01
s>                ( - -1.531e+03 1 0)
s>                ( QUESTION0_0_R 1 -1.321e+04 1.653e+02 5.582e+01
s>                    ( - -2.560e+03 3 0 QUESTION14 1 9.184e+01 1.161e+01)
s>                    ( QUESTION0_12_R 1 -1.048e+04 1.522e+02 4.421e+01
s>                        ( - -2.508e+03 3 0 QUESTION0_13_R 1 1.195e+02 1.100e+01)
s>                        ( QUESTION2 1 -7.822e+03 1.407e+02 3.321e+01
s>                            ( WDBNDRY_E 0 -3.144e+03 1.278e+02 1.401e+01
s>                                ( - -1.287e+03 1 0)
s>                                ( - -1.730e+03 1 0))
s>                            ( - -4.537e+03 5 0 QUESTION1 -1 1.159e+02 1.920e+01)))))))INFO: dtree.c(1315): Comp split 1
INFO: dtree.c(1478): Final simple tree
|( QUESTION2 -1 -1.606e+04 2.013e+02 6.782e+01
|    ( - -9.478e+02 1 0)
|    ( QUESTION0_18_R 1 -1.491e+04 1.729e+02 6.282e+01
|        ( - -1.531e+03 1 0)
|        ( QUESTION0_0_R 1 -1.321e+04 1.653e+02 5.582e+01
|            ( - -2.560e+03 3 0 QUESTION14 1 9.184e+01 1.161e+01)
|            ( QUESTION0_12_R 1 -1.048e+04 1.522e+02 4.421e+01
|                ( QUESTION0_13_R 1 -2.508e+03 1.195e+02 1.100e+01
|                    ( - -8.507e+02 1 0)
|                    ( - -1.537e+03 2 0 QUESTION0 -1 8.955e+01 7.005e+00))
|                ( QUESTION2 1 -7.822e+03 1.407e+02 3.321e+01
|                    ( WDBNDRY_E 0 -3.144e+03 1.278e+02 1.401e+01
|                        ( - -1.287e+03 1 0)
|                        ( - -1.730e+03 1 0))
|                    ( - -4.537e+03 5 0 QUESTION1 -1 1.159e+02 1.920e+01))))))
s>    ( QUESTION2 -1 -1.606e+04 2.013e+02 6.782e+01
s>        ( - -9.478e+02 1 0)
s>        ( QUESTION0_18_R 1 -1.491e+04 1.729e+02 6.282e+01
s>            ( - -1.531e+03 1 0)
s>            ( QUESTION0_0_R 1 -1.321e+04 1.653e+02 5.582e+01
s>                ( - -2.560e+03 3 0 QUESTION14 1 9.184e+01 1.161e+01)
s>                ( QUESTION0_12_R 1 -1.048e+04 1.522e+02 4.421e+01
s>                    ( QUESTION0_13_R 1 -2.508e+03 1.195e+02 1.100e+01
s>                        ( - -8.507e+02 1 0)
s>                        ( - -1.537e+03 2 0 QUESTION0 -1 8.955e+01 7.005e+00))
s>                    ( QUESTION2 1 -7.822e+03 1.407e+02 3.321e+01
s>                        ( WDBNDRY_E 0 -3.144e+03 1.278e+02 1.401e+01
s>                            ( - -1.287e+03 1 0)
s>                            ( - -1.730e+03 1 0))
s>                        ( - -4.537e+03 5 0 QUESTION1 -1 1.159e+02 1.920e+01))))))INFO: dtree.c(1315): Comp split 2
INFO: dtree.c(1478): Final simple tree
|( QUESTION0_18_R 1 -1.491e+04 1.729e+02 6.282e+01
|    ( - -1.531e+03 1 0)
|    ( QUESTION0_0_R 1 -1.321e+04 1.653e+02 5.582e+01
|        ( - -2.560e+03 3 0 QUESTION14 1 9.184e+01 1.161e+01)
|        ( QUESTION0_12_R 1 -1.048e+04 1.522e+02 4.421e+01
|            ( QUESTION0_13_R 1 -2.508e+03 1.195e+02 1.100e+01
|                ( - -8.507e+02 1 0)
|                ( - -1.537e+03 2 0 QUESTION0 -1 8.955e+01 7.005e+00))
|            ( QUESTION2 1 -7.822e+03 1.407e+02 3.321e+01
|                ( WDBNDRY_E 0 -3.144e+03 1.278e+02 1.401e+01
|                    ( - -1.287e+03 1 0)
|                    ( - -1.730e+03 1 0))
|                ( QUESTION1 -1 -4.537e+03 1.159e+02 1.920e+01
|                    ( - -7.049e+02 1 0)
|                    ( - -3.717e+03 4 0 QUESTION0_11_R 1 1.054e+02 1.576e+01))))))
s>    ( QUESTION0_18_R 1 -1.491e+04 1.729e+02 6.282e+01
s>        ( - -1.531e+03 1 0)
s>        ( QUESTION0_0_R 1 -1.321e+04 1.653e+02 5.582e+01
s>            ( - -2.560e+03 3 0 QUESTION14 1 9.184e+01 1.161e+01)
s>            ( QUESTION0_12_R 1 -1.048e+04 1.522e+02 4.421e+01
s>                ( QUESTION0_13_R 1 -2.508e+03 1.195e+02 1.100e+01
s>                    ( - -8.507e+02 1 0)
s>                    ( - -1.537e+03 2 0 QUESTION0 -1 8.955e+01 7.005e+00))
s>                ( QUESTION2 1 -7.822e+03 1.407e+02 3.321e+01
s>                    ( WDBNDRY_E 0 -3.144e+03 1.278e+02 1.401e+01
s>                        ( - -1.287e+03 1 0)
s>                        ( - -1.730e+03 1 0))
s>                    ( QUESTION1 -1 -4.537e+03 1.159e+02 1.920e+01
s>                        ( - -7.049e+02 1 0)
s>                        ( - -3.717e+03 4 0 QUESTION0_11_R 1 1.054e+02 1.576e+01))))))INFO: dtree.c(1315): Comp split 3
INFO: dtree.c(1439): stop. leaf nodes are specific
INFO: dtree.c(1478): Final simple tree
|( WDBNDRY_E 0 -3.429e+03 1.686e+02 1.501e+01
|    ( - -1.531e+03 1 0)
|    ( - -1.730e+03 1 0))
s>    ( WDBNDRY_E 0 -3.429e+03 1.686e+02 1.501e+01
s>        ( - -1.531e+03 1 0)
s>        ( - -1.730e+03 1 0))INFO: dtree.c(1478): Final simple tree
|( QUESTION15 1 -1.130e+04 1.679e+02 4.781e+01
|    ( WDBNDRY_E 0 -2.815e+03 9.360e+01 1.261e+01
|        ( - -4.392e+02 1 0)
|        ( - -2.282e+03 2 0 QUESTION0 -1 8.707e+01 1.061e+01))
|    ( WDBNDRY_E 0 -8.315e+03 1.322e+02 3.520e+01
|        ( QUESTION0_9_R 1 -4.726e+03 1.263e+02 2.045e+01
|            ( - -7.049e+02 1 0)
|            ( QUESTION0_13_R 1 -3.895e+03 1.130e+02 1.700e+01
|                ( - -8.507e+02 1 0)
|                ( QUESTION0_12_R 1 -2.932e+03 1.076e+02 1.300e+01
|                    ( - -1.537e+03 2 0 QUESTION0 -1 8.955e+01 7.005e+00)
|                    ( - -1.287e+03 1 0))))
|        ( QUESTION0_10_R 1 -3.456e+03 9.437e+01 1.475e+01
|            ( - -2.033e+03 1 0)
|            ( - -1.328e+03 3 0 QUESTION0_0_R 1 7.765e+01 5.725e+00))))
s>    ( QUESTION15 1 -1.130e+04 1.679e+02 4.781e+01
s>        ( WDBNDRY_E 0 -2.815e+03 9.360e+01 1.261e+01
s>            ( - -4.392e+02 1 0)
s>            ( - -2.282e+03 2 0 QUESTION0 -1 8.707e+01 1.061e+01))
s>        ( WDBNDRY_E 0 -8.315e+03 1.322e+02 3.520e+01
s>            ( QUESTION0_9_R 1 -4.726e+03 1.263e+02 2.045e+01
s>                ( - -7.049e+02 1 0)
s>                ( QUESTION0_13_R 1 -3.895e+03 1.130e+02 1.700e+01
s>                    ( - -8.507e+02 1 0)
s>                    ( QUESTION0_12_R 1 -2.932e+03 1.076e+02 1.300e+01
s>                        ( - -1.537e+03 2 0 QUESTION0 -1 8.955e+01 7.005e+00)
s>                        ( - -1.287e+03 1 0))))
s>            ( QUESTION0_10_R 1 -3.456e+03 9.437e+01 1.475e+01
s>                ( - -2.033e+03 1 0)
s>                ( - -1.328e+03 3 0 QUESTION0_0_R 1 7.765e+01 5.725e+00))))INFO: dtree.c(1315): Comp split 4
INFO: dtree.c(1439): stop. leaf nodes are specific
INFO: dtree.c(1478): Final simple tree
|( QUESTION0 -1 -2.282e+03 8.707e+01 1.061e+01
|    ( - -6.290e+02 1 0)
|    ( - -1.566e+03 1 0))
s>    ( QUESTION0 -1 -2.282e+03 8.707e+01 1.061e+01
s>        ( - -6.290e+02 1 0)
s>        ( - -1.566e+03 1 0))INFO: dtree.c(1478): Final simple tree
|( WDBNDRY_E 0 -8.833e+03 1.322e+02 3.720e+01
|    ( QUESTION0_9_R 1 -5.245e+03 1.261e+02 2.245e+01
|        ( - -7.049e+02 1 0)
|        ( QUESTION0_13_R 1 -4.414e+03 1.141e+02 1.901e+01
|            ( - -8.507e+02 1 0)
|            ( QUESTION0_15_R 1 -3.449e+03 9.756e+01 1.501e+01
|                ( - -1.287e+03 1 0)
|                ( QUESTION0_11_R 1 -2.065e+03 8.834e+01 9.006e+00
|                    ( QUESTION0 -1 -1.537e+03 8.955e+01 7.005e+00
|                        ( - -6.141e+02 1 0)
|                        ( - -8.337e+02 1 0))
|                    ( - -4.392e+02 1 0)))))
|    ( QUESTION0_10_R 1 -3.456e+03 9.437e+01 1.475e+01
|        ( - -2.033e+03 1 0)
|        ( - -1.328e+03 3 0 QUESTION0_0_R 1 7.765e+01 5.725e+00)))
s>    ( WDBNDRY_E 0 -8.833e+03 1.322e+02 3.720e+01
s>        ( QUESTION0_9_R 1 -5.245e+03 1.261e+02 2.245e+01
s>            ( - -7.049e+02 1 0)
s>            ( QUESTION0_13_R 1 -4.414e+03 1.141e+02 1.901e+01
s>                ( - -8.507e+02 1 0)
s>                ( QUESTION0_15_R 1 -3.449e+03 9.756e+01 1.501e+01
s>                    ( - -1.287e+03 1 0)
s>                    ( QUESTION0_11_R 1 -2.065e+03 8.834e+01 9.006e+00
s>                        ( QUESTION0 -1 -1.537e+03 8.955e+01 7.005e+00
s>                            ( - -6.141e+02 1 0)
s>                            ( - -8.337e+02 1 0))
s>                        ( - -4.392e+02 1 0)))))
s>        ( QUESTION0_10_R 1 -3.456e+03 9.437e+01 1.475e+01
s>            ( - -2.033e+03 1 0)
s>            ( - -1.328e+03 3 0 QUESTION0_0_R 1 7.765e+01 5.725e+00)))INFO: dtree.c(1315): Comp split 5
INFO: dtree.c(1315): Comp split 6
INFO: dtree.c(1439): stop. leaf nodes are specific
INFO: dtree.c(1478): Final simple tree
|( QUESTION0_13_R 1 -4.414e+03 1.141e+02 1.901e+01
|    ( - -8.507e+02 1 0)
|    ( QUESTION0_15_R 1 -3.449e+03 9.756e+01 1.501e+01
|        ( - -1.287e+03 1 0)
|        ( QUESTION0_11_R 1 -2.065e+03 8.834e+01 9.006e+00
|            ( QUESTION0 -1 -1.537e+03 8.955e+01 7.005e+00
|                ( - -6.141e+02 1 0)
|                ( - -8.337e+02 1 0))
|            ( - -4.392e+02 1 0))))
s>    ( QUESTION0_13_R 1 -4.414e+03 1.141e+02 1.901e+01
s>        ( - -8.507e+02 1 0)
s>        ( QUESTION0_15_R 1 -3.449e+03 9.756e+01 1.501e+01
s>            ( - -1.287e+03 1 0)
s>            ( QUESTION0_11_R 1 -2.065e+03 8.834e+01 9.006e+00
s>                ( QUESTION0 -1 -1.537e+03 8.955e+01 7.005e+00
s>                    ( - -6.141e+02 1 0)
s>                    ( - -8.337e+02 1 0))
s>                ( - -4.392e+02 1 0))))INFO: dtree.c(1439): stop. leaf nodes are specific
INFO: dtree.c(1478): Final simple tree
|( WDBNDRY_E 0 -4.282e+03 1.217e+02 1.820e+01
|    ( - -7.049e+02 1 0)
|    ( QUESTION0_10_R 1 -3.456e+03 9.437e+01 1.475e+01
|        ( - -2.033e+03 1 0)
|        ( QUESTION0_0_R 1 -1.328e+03 7.765e+01 5.725e+00
|            ( - -1.867e+02 1 0)
|            ( QUESTION0 -1 -1.064e+03 7.888e+01 4.725e+00
|                ( - -5.706e+02 1 0)
|                ( - -4.146e+02 1 0)))))
s>    ( WDBNDRY_E 0 -4.282e+03 1.217e+02 1.820e+01
s>        ( - -7.049e+02 1 0)
s>        ( QUESTION0_10_R 1 -3.456e+03 9.437e+01 1.475e+01
s>            ( - -2.033e+03 1 0)
s>            ( QUESTION0_0_R 1 -1.328e+03 7.765e+01 5.725e+00
s>                ( - -1.867e+02 1 0)
s>                ( QUESTION0 -1 -1.064e+03 7.888e+01 4.725e+00
s>                    ( - -5.706e+02 1 0)
s>                    ( - -4.146e+02 1 0)))))INFO: dtree.c(1315): Comp split 7
INFO: dtree.c(1439): stop. leaf nodes are specific
INFO: dtree.c(1478): Final simple tree
|( QUESTION0_10_R 1 -3.456e+03 9.437e+01 1.475e+01
|    ( - -2.033e+03 1 0)
|    ( QUESTION0_0_R 1 -1.328e+03 7.765e+01 5.725e+00
|        ( - -1.867e+02 1 0)
|        ( QUESTION0 -1 -1.064e+03 7.888e+01 4.725e+00
|            ( - -5.706e+02 1 0)
|            ( - -4.146e+02 1 0))))
s>    ( QUESTION0_10_R 1 -3.456e+03 9.437e+01 1.475e+01
s>        ( - -2.033e+03 1 0)
s>        ( QUESTION0_0_R 1 -1.328e+03 7.765e+01 5.725e+00
s>            ( - -1.867e+02 1 0)
s>            ( QUESTION0 -1 -1.064e+03 7.888e+01 4.725e+00
s>                ( - -5.706e+02 1 0)
s>                ( - -4.146e+02 1 0))))INFO: dtree.c(1315): Comp split 8
INFO: dtree.c(1439): stop. leaf nodes are specific
INFO: dtree.c(1478): Final simple tree
|( QUESTION0_15_R 1 -3.449e+03 9.756e+01 1.501e+01
|    ( - -1.287e+03 1 0)
|    ( QUESTION0_11_R 1 -2.065e+03 8.834e+01 9.006e+00
|        ( QUESTION0 -1 -1.537e+03 8.955e+01 7.005e+00
|            ( - -6.141e+02 1 0)
|            ( - -8.337e+02 1 0))
|        ( - -4.392e+02 1 0)))
s>    ( QUESTION0_15_R 1 -3.449e+03 9.756e+01 1.501e+01
s>        ( - -1.287e+03 1 0)
s>        ( QUESTION0_11_R 1 -2.065e+03 8.834e+01 9.006e+00
s>            ( QUESTION0 -1 -1.537e+03 8.955e+01 7.005e+00
s>                ( - -6.141e+02 1 0)
s>                ( - -8.337e+02 1 0))
s>            ( - -4.392e+02 1 0)))INFO: dtree.c(1315): Comp split 9
INFO: dtree.c(1439): stop. leaf nodes are specific
INFO: dtree.c(1478): Final simple tree
|( QUESTION0_11_R 1 -2.500e+03 8.207e+01 1.101e+01
|    ( QUESTION0_12_R 1 -1.978e+03 7.776e+01 9.005e+00
|        ( - -6.141e+02 1 0)
|        ( - -1.287e+03 1 0))
|    ( - -4.392e+02 1 0))
s>    ( QUESTION0_11_R 1 -2.500e+03 8.207e+01 1.101e+01
s>        ( QUESTION0_12_R 1 -1.978e+03 7.776e+01 9.005e+00
s>            ( - -6.141e+02 1 0)
s>            ( - -1.287e+03 1 0))
s>        ( - -4.392e+02 1 0))INFO: dtree.c(1315): Comp split 10
INFO: dtree.c(1439): stop. leaf nodes are specific
INFO: dtree.c(1478): Final simple tree
|( QUESTION0_0_R 1 -1.328e+03 7.765e+01 5.725e+00
|    ( - -1.867e+02 1 0)
|    ( QUESTION0 -1 -1.064e+03 7.888e+01 4.725e+00
|        ( - -5.706e+02 1 0)
|        ( - -4.146e+02 1 0)))
s>    ( QUESTION0_0_R 1 -1.328e+03 7.765e+01 5.725e+00
s>        ( - -1.867e+02 1 0)
s>        ( QUESTION0 -1 -1.064e+03 7.888e+01 4.725e+00
s>            ( - -5.706e+02 1 0)
s>            ( - -4.146e+02 1 0)))INFO: dtree.c(1315): Comp split 11
INFO: dtree.c(1315): Comp split 12
INFO: dtree.c(1439): stop. leaf nodes are specific
INFO: dtree.c(1478): Final simple tree
|( QUESTION0_12_R 1 -1.978e+03 7.776e+01 9.005e+00
|    ( - -6.141e+02 1 0)
|    ( - -1.287e+03 1 0))
s>    ( QUESTION0_12_R 1 -1.978e+03 7.776e+01 9.005e+00
s>        ( - -6.141e+02 1 0)
s>        ( - -1.287e+03 1 0))INFO: dtree.c(1315): Comp split 13
INFO: dtree.c(1315): Comp split 14
INFO: dtree.c(1439): stop. leaf nodes are specific
INFO: dtree.c(1478): Final simple tree
|( QUESTION0 -1 -1.064e+03 7.888e+01 4.725e+00
|    ( - -5.706e+02 1 0)
|    ( - -4.146e+02 1 0))
s>    ( QUESTION0 -1 -1.064e+03 7.888e+01 4.725e+00
s>        ( - -5.706e+02 1 0)
s>        ( - -4.146e+02 1 0))INFO: dtree.c(1315): Comp split 15
INFO: dtree.c(1315): Comp split 16
INFO: dtree.c(1318): stop. leaf nodes are specific
Thu May  7 00:23:32 2020
