Current configuration:
[NAME]		[DEFLT]	[VALUE]
-allphones	no	no
-cntthresh	0.00001	1.000000e-05
-csplitmax	100	2000
-csplitmin	1	1
-csplitthr	8e-4	0.000000e+00
-example	no	no
-fullvar	no	no
-help		no	no
-meanfn			/home/abdy/Desktop/diploma/kg/model_parameters/kg.cd_cont_untied/means
-mixwfn			/home/abdy/Desktop/diploma/kg/model_parameters/kg.cd_cont_untied/mixture_weights
-moddeffn		/home/abdy/Desktop/diploma/kg/model_architecture/kg.untied.mdef
-mwfloor	1e-4	1.000000e-08
-phone			uy0
-psetfn			/home/abdy/Desktop/diploma/kg/model_architecture/kg.tree_questions
-ssplitmax	5	7
-ssplitmin	1	1
-ssplitthr	8e-4	0.000000e+00
-state			1
-stwt			1.0,0.05,0.0,
-treefn			/home/abdy/Desktop/diploma/kg/trees/kg.unpruned/uy0-1.dtree
-ts2cbfn	.semi.	.cont.
-varfloor	0.00001	1.000000e-05
-varfn			/home/abdy/Desktop/diploma/kg/model_parameters/kg.cd_cont_untied/variances

INFO: main.c(223): Reading: /home/abdy/Desktop/diploma/kg/model_architecture/kg.untied.mdef
INFO: model_def_io.c(573): Model definition info:
INFO: model_def_io.c(574): 10297 total models defined (47 base, 10250 tri)
INFO: model_def_io.c(575): 41188 total states
INFO: model_def_io.c(576): 30891 total tied states
INFO: model_def_io.c(577): 141 total tied CI states
INFO: model_def_io.c(578): 47 total tied transition matrices
INFO: model_def_io.c(579): 4 max state/model
INFO: model_def_io.c(580): 4 min state/model
INFO: main.c(242): Building trees for [uy0 ch a e] through [uy0 z zh e]
INFO: main.c(269): Covering states |[27693 27980]| == 288
INFO: main.c(275): Reading: /home/abdy/Desktop/diploma/kg/model_parameters/kg.cd_cont_untied/mixture_weights
INFO: s3mixw_io.c(173): Read /home/abdy/Desktop/diploma/kg/model_parameters/kg.cd_cont_untied/mixture_weights [288x1x1 array]
INFO: main.c(311): 11 of 96 models have observation count greater than 0.000010
INFO: main.c(95): nrm stwt: 0.045 0.909 0.045 
INFO: s3gau_io.c(169): Read /home/abdy/Desktop/diploma/kg/model_parameters/kg.cd_cont_untied/means [30891x1x1 array]
INFO: s3gau_io.c(169): Read /home/abdy/Desktop/diploma/kg/model_parameters/kg.cd_cont_untied/variances [30891x1x1 array]
INFO: main.c(549): Reading: /home/abdy/Desktop/diploma/kg/model_architecture/kg.tree_questions
INFO: main.c(588): 174 total simple questions (166 phone; 8 word bndry)
INFO: main.c(590): 40 Left Only questions, and 42 Right Only questions
INFO: dtree.c(1478): Final simple tree
|( QUESTION0_3_R 1 -1.875e+04 4.555e+02 8.952e+01
|    ( - 1.938e+02 1 0)
|    ( QUESTION0_5_R 1 -1.849e+04 3.059e+02 8.852e+01
|        ( - -1.456e+03 1 0)
|        ( QUESTION19 -1 -1.672e+04 3.055e+02 7.952e+01
|            ( - -7.664e+02 1 0)
|            ( QUESTION0_2_R 1 -1.565e+04 2.363e+02 7.452e+01
|                ( - -1.310e+03 1 0)
|                ( QUESTION0_17_R 1 -1.411e+04 2.264e+02 6.752e+01
|                    ( - -2.158e+03 1 0)
|                    ( WDBNDRY_E 0 -1.172e+04 2.202e+02 5.552e+01
|                        ( - -6.347e+03 4 0 QUESTION0_15_R 1 1.661e+02 3.000e+01)
|                        ( QUESTION0_0_R 1 -5.155e+03 1.806e+02 2.552e+01
|                            ( - -5.828e+02 1 0)
|                            ( - -4.392e+03 1 0))))))))
s>    ( QUESTION0_3_R 1 -1.875e+04 4.555e+02 8.952e+01
s>        ( - 1.938e+02 1 0)
s>        ( QUESTION0_5_R 1 -1.849e+04 3.059e+02 8.852e+01
s>            ( - -1.456e+03 1 0)
s>            ( QUESTION19 -1 -1.672e+04 3.055e+02 7.952e+01
s>                ( - -7.664e+02 1 0)
s>                ( QUESTION0_2_R 1 -1.565e+04 2.363e+02 7.452e+01
s>                    ( - -1.310e+03 1 0)
s>                    ( QUESTION0_17_R 1 -1.411e+04 2.264e+02 6.752e+01
s>                        ( - -2.158e+03 1 0)
s>                        ( WDBNDRY_E 0 -1.172e+04 2.202e+02 5.552e+01
s>                            ( - -6.347e+03 4 0 QUESTION0_15_R 1 1.661e+02 3.000e+01)
s>                            ( QUESTION0_0_R 1 -5.155e+03 1.806e+02 2.552e+01
s>                                ( - -5.828e+02 1 0)
s>                                ( - -4.392e+03 1 0))))))))INFO: dtree.c(1315): Comp split 0
INFO: dtree.c(1478): Final simple tree
|( QUESTION0_5_R 1 -1.849e+04 3.059e+02 8.852e+01
|    ( - -1.456e+03 1 0)
|    ( QUESTION19 -1 -1.672e+04 3.055e+02 7.952e+01
|        ( - -7.664e+02 1 0)
|        ( QUESTION0_2_R 1 -1.565e+04 2.363e+02 7.452e+01
|            ( - -1.310e+03 1 0)
|            ( QUESTION0_17_R 1 -1.411e+04 2.264e+02 6.752e+01
|                ( - -2.158e+03 1 0)
|                ( WDBNDRY_E 0 -1.172e+04 2.202e+02 5.552e+01
|                    ( QUESTION0_15_R 1 -6.347e+03 1.661e+02 3.000e+01
|                        ( - -1.162e+03 1 0)
|                        ( - -5.019e+03 3 0 QUESTION0 -1 1.599e+02 2.400e+01))
|                    ( QUESTION0_0_R 1 -5.155e+03 1.806e+02 2.552e+01
|                        ( - -5.828e+02 1 0)
|                        ( - -4.392e+03 1 0)))))))
s>    ( QUESTION0_5_R 1 -1.849e+04 3.059e+02 8.852e+01
s>        ( - -1.456e+03 1 0)
s>        ( QUESTION19 -1 -1.672e+04 3.055e+02 7.952e+01
s>            ( - -7.664e+02 1 0)
s>            ( QUESTION0_2_R 1 -1.565e+04 2.363e+02 7.452e+01
s>                ( - -1.310e+03 1 0)
s>                ( QUESTION0_17_R 1 -1.411e+04 2.264e+02 6.752e+01
s>                    ( - -2.158e+03 1 0)
s>                    ( WDBNDRY_E 0 -1.172e+04 2.202e+02 5.552e+01
s>                        ( QUESTION0_15_R 1 -6.347e+03 1.661e+02 3.000e+01
s>                            ( - -1.162e+03 1 0)
s>                            ( - -5.019e+03 3 0 QUESTION0 -1 1.599e+02 2.400e+01))
s>                        ( QUESTION0_0_R 1 -5.155e+03 1.806e+02 2.552e+01
s>                            ( - -5.828e+02 1 0)
s>                            ( - -4.392e+03 1 0)))))))INFO: dtree.c(1315): Comp split 1
INFO: dtree.c(1478): Final simple tree
|( QUESTION19 -1 -1.672e+04 3.055e+02 7.952e+01
|    ( - -7.664e+02 1 0)
|    ( QUESTION0_2_R 1 -1.565e+04 2.363e+02 7.452e+01
|        ( - -1.310e+03 1 0)
|        ( QUESTION0_17_R 1 -1.411e+04 2.264e+02 6.752e+01
|            ( - -2.158e+03 1 0)
|            ( WDBNDRY_E 0 -1.172e+04 2.202e+02 5.552e+01
|                ( QUESTION0_15_R 1 -6.347e+03 1.661e+02 3.000e+01
|                    ( - -1.162e+03 1 0)
|                    ( QUESTION0 -1 -5.019e+03 1.599e+02 2.400e+01
|                        ( - -2.937e+03 1 0)
|                        ( - -1.922e+03 2 0 QUESTION0_11_R 1 1.898e+02 9.000e+00)))
|                ( QUESTION0_0_R 1 -5.155e+03 1.806e+02 2.552e+01
|                    ( - -5.828e+02 1 0)
|                    ( - -4.392e+03 1 0))))))
s>    ( QUESTION19 -1 -1.672e+04 3.055e+02 7.952e+01
s>        ( - -7.664e+02 1 0)
s>        ( QUESTION0_2_R 1 -1.565e+04 2.363e+02 7.452e+01
s>            ( - -1.310e+03 1 0)
s>            ( QUESTION0_17_R 1 -1.411e+04 2.264e+02 6.752e+01
s>                ( - -2.158e+03 1 0)
s>                ( WDBNDRY_E 0 -1.172e+04 2.202e+02 5.552e+01
s>                    ( QUESTION0_15_R 1 -6.347e+03 1.661e+02 3.000e+01
s>                        ( - -1.162e+03 1 0)
s>                        ( QUESTION0 -1 -5.019e+03 1.599e+02 2.400e+01
s>                            ( - -2.937e+03 1 0)
s>                            ( - -1.922e+03 2 0 QUESTION0_11_R 1 1.898e+02 9.000e+00)))
s>                    ( QUESTION0_0_R 1 -5.155e+03 1.806e+02 2.552e+01
s>                        ( - -5.828e+02 1 0)
s>                        ( - -4.392e+03 1 0))))))INFO: dtree.c(1315): Comp split 2
INFO: dtree.c(1478): Final simple tree
|( QUESTION0_2_R 1 -1.565e+04 2.363e+02 7.452e+01
|    ( - -1.310e+03 1 0)
|    ( QUESTION0_17_R 1 -1.411e+04 2.264e+02 6.752e+01
|        ( - -2.158e+03 1 0)
|        ( WDBNDRY_E 0 -1.172e+04 2.202e+02 5.552e+01
|            ( QUESTION0_15_R 1 -6.347e+03 1.661e+02 3.000e+01
|                ( - -1.162e+03 1 0)
|                ( QUESTION0 -1 -5.019e+03 1.599e+02 2.400e+01
|                    ( - -2.937e+03 1 0)
|                    ( QUESTION0_11_R 1 -1.922e+03 1.898e+02 9.000e+00
|                        ( - -1.301e+03 1 0)
|                        ( - -4.308e+02 1 0))))
|            ( QUESTION0_0_R 1 -5.155e+03 1.806e+02 2.552e+01
|                ( - -5.828e+02 1 0)
|                ( - -4.392e+03 1 0)))))
s>    ( QUESTION0_2_R 1 -1.565e+04 2.363e+02 7.452e+01
s>        ( - -1.310e+03 1 0)
s>        ( QUESTION0_17_R 1 -1.411e+04 2.264e+02 6.752e+01
s>            ( - -2.158e+03 1 0)
s>            ( WDBNDRY_E 0 -1.172e+04 2.202e+02 5.552e+01
s>                ( QUESTION0_15_R 1 -6.347e+03 1.661e+02 3.000e+01
s>                    ( - -1.162e+03 1 0)
s>                    ( QUESTION0 -1 -5.019e+03 1.599e+02 2.400e+01
s>                        ( - -2.937e+03 1 0)
s>                        ( QUESTION0_11_R 1 -1.922e+03 1.898e+02 9.000e+00
s>                            ( - -1.301e+03 1 0)
s>                            ( - -4.308e+02 1 0))))
s>                ( QUESTION0_0_R 1 -5.155e+03 1.806e+02 2.552e+01
s>                    ( - -5.828e+02 1 0)
s>                    ( - -4.392e+03 1 0)))))INFO: dtree.c(1315): Comp split 3
INFO: dtree.c(1439): stop. leaf nodes are specific
INFO: dtree.c(1478): Final simple tree
|( QUESTION0_17_R 1 -4.957e+03 2.033e+02 2.500e+01
|    ( - -2.158e+03 1 0)
|    ( QUESTION0_12_R 1 -2.596e+03 1.323e+02 1.300e+01
|        ( - -1.301e+03 1 0)
|        ( - -1.162e+03 1 0)))
s>    ( QUESTION0_17_R 1 -4.957e+03 2.033e+02 2.500e+01
s>        ( - -2.158e+03 1 0)
s>        ( QUESTION0_12_R 1 -2.596e+03 1.323e+02 1.300e+01
s>            ( - -1.301e+03 1 0)
s>            ( - -1.162e+03 1 0)))INFO: dtree.c(1439): stop. leaf nodes are specific
INFO: dtree.c(1478): Final simple tree
|( QUESTION0_2_R 1 -1.043e+04 2.411e+02 4.952e+01
|    ( - -1.310e+03 1 0)
|    ( QUESTION0_15_R 1 -8.879e+03 2.382e+02 4.252e+01
|        ( - -4.392e+03 1 0)
|        ( QUESTION0_11_R 1 -4.249e+03 1.623e+02 1.982e+01
|            ( - -2.937e+03 1 0)
|            ( WDBNDRY_E 0 -1.149e+03 1.357e+02 4.815e+00
|                ( - -4.308e+02 1 0)
|                ( - -5.828e+02 1 0)))))
s>    ( QUESTION0_2_R 1 -1.043e+04 2.411e+02 4.952e+01
s>        ( - -1.310e+03 1 0)
s>        ( QUESTION0_15_R 1 -8.879e+03 2.382e+02 4.252e+01
s>            ( - -4.392e+03 1 0)
s>            ( QUESTION0_11_R 1 -4.249e+03 1.623e+02 1.982e+01
s>                ( - -2.937e+03 1 0)
s>                ( WDBNDRY_E 0 -1.149e+03 1.357e+02 4.815e+00
s>                    ( - -4.308e+02 1 0)
s>                    ( - -5.828e+02 1 0)))))INFO: dtree.c(1315): Comp split 4
INFO: dtree.c(1439): stop. leaf nodes are specific
INFO: dtree.c(1478): Final simple tree
|( QUESTION0_15_R 1 -8.879e+03 2.382e+02 4.252e+01
|    ( - -4.392e+03 1 0)
|    ( QUESTION0_11_R 1 -4.249e+03 1.623e+02 1.982e+01
|        ( - -2.937e+03 1 0)
|        ( WDBNDRY_E 0 -1.149e+03 1.357e+02 4.815e+00
|            ( - -4.308e+02 1 0)
|            ( - -5.828e+02 1 0))))
s>    ( QUESTION0_15_R 1 -8.879e+03 2.382e+02 4.252e+01
s>        ( - -4.392e+03 1 0)
s>        ( QUESTION0_11_R 1 -4.249e+03 1.623e+02 1.982e+01
s>            ( - -2.937e+03 1 0)
s>            ( WDBNDRY_E 0 -1.149e+03 1.357e+02 4.815e+00
s>                ( - -4.308e+02 1 0)
s>                ( - -5.828e+02 1 0))))INFO: dtree.c(1315): Comp split 5
INFO: dtree.c(1439): stop. leaf nodes are specific
INFO: dtree.c(1478): Final simple tree
|( QUESTION0_11_R 1 -4.249e+03 1.623e+02 1.982e+01
|    ( - -2.937e+03 1 0)
|    ( WDBNDRY_E 0 -1.149e+03 1.357e+02 4.815e+00
|        ( - -4.308e+02 1 0)
|        ( - -5.828e+02 1 0)))
s>    ( QUESTION0_11_R 1 -4.249e+03 1.623e+02 1.982e+01
s>        ( - -2.937e+03 1 0)
s>        ( WDBNDRY_E 0 -1.149e+03 1.357e+02 4.815e+00
s>            ( - -4.308e+02 1 0)
s>            ( - -5.828e+02 1 0)))INFO: dtree.c(1315): Comp split 6
INFO: dtree.c(1439): stop. leaf nodes are specific
INFO: dtree.c(1478): Final simple tree
|( QUESTION0_12_R 1 -2.596e+03 1.323e+02 1.300e+01
|    ( - -1.301e+03 1 0)
|    ( - -1.162e+03 1 0))
s>    ( QUESTION0_12_R 1 -2.596e+03 1.323e+02 1.300e+01
s>        ( - -1.301e+03 1 0)
s>        ( - -1.162e+03 1 0))INFO: dtree.c(1315): Comp split 7
INFO: dtree.c(1439): stop. leaf nodes are specific
INFO: dtree.c(1478): Final simple tree
|( WDBNDRY_E 0 -1.149e+03 1.357e+02 4.815e+00
|    ( - -4.308e+02 1 0)
|    ( - -5.828e+02 1 0))
s>    ( WDBNDRY_E 0 -1.149e+03 1.357e+02 4.815e+00
s>        ( - -4.308e+02 1 0)
s>        ( - -5.828e+02 1 0))INFO: dtree.c(1315): Comp split 8
INFO: dtree.c(1315): Comp split 9
INFO: dtree.c(1315): Comp split 10
INFO: dtree.c(1318): stop. leaf nodes are specific
Thu May  7 00:23:33 2020
