Current configuration:
[NAME]		[DEFLT]	[VALUE]
-allphones	no	no
-cntthresh	0.00001	1.000000e-05
-csplitmax	100	2000
-csplitmin	1	1
-csplitthr	8e-4	0.000000e+00
-example	no	no
-fullvar	no	no
-help		no	no
-meanfn			/home/abdy/Desktop/diploma/kg/model_parameters/kg.cd_cont_untied/means
-mixwfn			/home/abdy/Desktop/diploma/kg/model_parameters/kg.cd_cont_untied/mixture_weights
-moddeffn		/home/abdy/Desktop/diploma/kg/model_architecture/kg.untied.mdef
-mwfloor	1e-4	1.000000e-08
-phone			kh
-psetfn			/home/abdy/Desktop/diploma/kg/model_architecture/kg.tree_questions
-ssplitmax	5	7
-ssplitmin	1	1
-ssplitthr	8e-4	0.000000e+00
-state			1
-stwt			1.0,0.05,0.0,
-treefn			/home/abdy/Desktop/diploma/kg/trees/kg.unpruned/kh-1.dtree
-ts2cbfn	.semi.	.cont.
-varfloor	0.00001	1.000000e-05
-varfn			/home/abdy/Desktop/diploma/kg/model_parameters/kg.cd_cont_untied/variances

INFO: main.c(223): Reading: /home/abdy/Desktop/diploma/kg/model_architecture/kg.untied.mdef
INFO: model_def_io.c(573): Model definition info:
INFO: model_def_io.c(574): 10297 total models defined (47 base, 10250 tri)
INFO: model_def_io.c(575): 41188 total states
INFO: model_def_io.c(576): 30891 total tied states
INFO: model_def_io.c(577): 141 total tied CI states
INFO: model_def_io.c(578): 47 total tied transition matrices
INFO: model_def_io.c(579): 4 max state/model
INFO: model_def_io.c(580): 4 min state/model
INFO: main.c(242): Building trees for [kh SIL a b] through [kh z y b]
INFO: main.c(269): Covering states |[11643 12554]| == 912
INFO: main.c(275): Reading: /home/abdy/Desktop/diploma/kg/model_parameters/kg.cd_cont_untied/mixture_weights
INFO: s3mixw_io.c(173): Read /home/abdy/Desktop/diploma/kg/model_parameters/kg.cd_cont_untied/mixture_weights [912x1x1 array]
INFO: main.c(311): 95 of 304 models have observation count greater than 0.000010
INFO: main.c(95): nrm stwt: 0.045 0.909 0.045 
INFO: s3gau_io.c(169): Read /home/abdy/Desktop/diploma/kg/model_parameters/kg.cd_cont_untied/means [30891x1x1 array]
INFO: s3gau_io.c(169): Read /home/abdy/Desktop/diploma/kg/model_parameters/kg.cd_cont_untied/variances [30891x1x1 array]
INFO: main.c(549): Reading: /home/abdy/Desktop/diploma/kg/model_architecture/kg.tree_questions
INFO: main.c(588): 174 total simple questions (166 phone; 8 word bndry)
INFO: main.c(590): 40 Left Only questions, and 42 Right Only questions
INFO: dtree.c(1478): Final simple tree
|( SILENCE 1 -1.596e+05 5.962e+02 6.170e+02
|    ( QUESTION2_1_L -1 -1.577e+04 2.376e+02 6.528e+01
|        ( - -1.339e+04 1 0)
|        ( - -2.147e+03 1 0))
|    ( QUESTION12 1 -1.433e+05 4.387e+02 5.517e+02
|        ( QUESTION0_3_R 1 -6.814e+04 3.528e+02 2.618e+02
|            ( - -2.680e+04 20 0 WDBNDRY_E 0 2.092e+02 1.050e+02)
|            ( - -4.099e+04 32 0 QUESTION0_5_R 1 2.126e+02 1.568e+02))
|        ( QUESTION0_12_R 1 -7.468e+04 3.735e+02 2.900e+02
|            ( - -1.028e+04 6 0 QUESTION11 -1 1.209e+02 4.238e+01)
|            ( QUESTION7 1 -6.402e+04 2.445e+02 2.476e+02
|                ( - -3.071e+02 1 0)
|                ( QUESTION0_11_R 1 -6.347e+04 2.158e+02 2.456e+02
|                    ( - -5.102e+03 4 0 QUESTION3 1 1.617e+02 1.930e+01)
|                    ( - -5.815e+04 30 0 WDBNDRY_B 0 2.021e+02 2.263e+02))))))
s>    ( SILENCE 1 -1.596e+05 5.962e+02 6.170e+02
s>        ( QUESTION2_1_L -1 -1.577e+04 2.376e+02 6.528e+01
s>            ( - -1.339e+04 1 0)
s>            ( - -2.147e+03 1 0))
s>        ( QUESTION12 1 -1.433e+05 4.387e+02 5.517e+02
s>            ( QUESTION0_3_R 1 -6.814e+04 3.528e+02 2.618e+02
s>                ( - -2.680e+04 20 0 WDBNDRY_E 0 2.092e+02 1.050e+02)
s>                ( - -4.099e+04 32 0 QUESTION0_5_R 1 2.126e+02 1.568e+02))
s>            ( QUESTION0_12_R 1 -7.468e+04 3.735e+02 2.900e+02
s>                ( - -1.028e+04 6 0 QUESTION11 -1 1.209e+02 4.238e+01)
s>                ( QUESTION7 1 -6.402e+04 2.445e+02 2.476e+02
s>                    ( - -3.071e+02 1 0)
s>                    ( QUESTION0_11_R 1 -6.347e+04 2.158e+02 2.456e+02
s>                        ( - -5.102e+03 4 0 QUESTION3 1 1.617e+02 1.930e+01)
s>                        ( - -5.815e+04 30 0 WDBNDRY_B 0 2.021e+02 2.263e+02))))))INFO: dtree.c(1315): Comp split 0
INFO: dtree.c(1478): Final simple tree
|( QUESTION12 1 -1.456e+05 4.308e+02 5.609e+02
|    ( QUESTION0_3_R 1 -6.814e+04 3.528e+02 2.618e+02
|        ( - -2.680e+04 20 0 WDBNDRY_E 0 2.092e+02 1.050e+02)
|        ( QUESTION0_5_R 1 -4.099e+04 2.126e+02 1.568e+02
|            ( - -4.145e+03 2 0 QUESTION0_6_R 1 1.167e+02 1.698e+01)
|            ( WDBNDRY_E 0 -3.663e+04 2.095e+02 1.398e+02
|                ( - -5.208e+03 5 0 QUESTION2_1_L -1 1.485e+02 2.100e+01)
|                ( - -3.121e+04 25 0 QUESTION0_2_R 1 1.615e+02 1.188e+02))))
|    ( QUESTION0_12_R 1 -7.703e+04 3.645e+02 2.991e+02
|        ( - -1.028e+04 6 0 QUESTION11 -1 1.209e+02 4.238e+01)
|        ( QUESTION7 1 -6.638e+04 2.433e+02 2.568e+02
|            ( - -3.071e+02 1 0)
|            ( QUESTION0_2_R 1 -6.583e+04 2.279e+02 2.548e+02
|                ( - -5.349e+04 25 0 WDBNDRY_B 0 2.026e+02 2.073e+02)
|                ( - -1.212e+04 10 0 QUESTION0_19_R 1 1.995e+02 4.749e+01)))))
s>    ( QUESTION12 1 -1.456e+05 4.308e+02 5.609e+02
s>        ( QUESTION0_3_R 1 -6.814e+04 3.528e+02 2.618e+02
s>            ( - -2.680e+04 20 0 WDBNDRY_E 0 2.092e+02 1.050e+02)
s>            ( QUESTION0_5_R 1 -4.099e+04 2.126e+02 1.568e+02
s>                ( - -4.145e+03 2 0 QUESTION0_6_R 1 1.167e+02 1.698e+01)
s>                ( WDBNDRY_E 0 -3.663e+04 2.095e+02 1.398e+02
s>                    ( - -5.208e+03 5 0 QUESTION2_1_L -1 1.485e+02 2.100e+01)
s>                    ( - -3.121e+04 25 0 QUESTION0_2_R 1 1.615e+02 1.188e+02))))
s>        ( QUESTION0_12_R 1 -7.703e+04 3.645e+02 2.991e+02
s>            ( - -1.028e+04 6 0 QUESTION11 -1 1.209e+02 4.238e+01)
s>            ( QUESTION7 1 -6.638e+04 2.433e+02 2.568e+02
s>                ( - -3.071e+02 1 0)
s>                ( QUESTION0_2_R 1 -6.583e+04 2.279e+02 2.548e+02
s>                    ( - -5.349e+04 25 0 WDBNDRY_B 0 2.026e+02 2.073e+02)
s>                    ( - -1.212e+04 10 0 QUESTION0_19_R 1 1.995e+02 4.749e+01)))))INFO: dtree.c(1315): Comp split 1
INFO: dtree.c(1478): Final simple tree
|( QUESTION0_12_R 1 -1.084e+05 3.589e+02 4.179e+02
|    ( - -1.028e+04 6 0 QUESTION11 -1 1.209e+02 4.238e+01)
|    ( QUESTION7 1 -9.779e+04 2.452e+02 3.756e+02
|        ( - -3.071e+02 1 0)
|        ( QUESTION10 1 -9.724e+04 2.383e+02 3.736e+02
|            ( WDBNDRY_B 0 -8.488e+04 2.040e+02 3.261e+02
|                ( - -5.647e+04 34 0 QUESTION0_3_R 1 1.622e+02 2.176e+02)
|                ( QUESTION9 -1 -2.820e+04 1.970e+02 1.085e+02
|                    ( - -4.942e+03 1 0)
|                    ( - -2.306e+04 15 0 QUESTION12 -1 1.517e+02 8.945e+01)))
|            ( QUESTION0_19_R 1 -1.212e+04 1.995e+02 4.749e+01
|                ( - -7.810e+02 1 0)
|                ( QUESTION0_10_R 1 -1.114e+04 1.771e+02 4.349e+01
|                    ( - -5.102e+03 4 0 QUESTION3 1 1.617e+02 1.930e+01)
|                    ( - -5.859e+03 5 0 QUESTION2 1 1.524e+02 2.419e+01))))))
s>    ( QUESTION0_12_R 1 -1.084e+05 3.589e+02 4.179e+02
s>        ( - -1.028e+04 6 0 QUESTION11 -1 1.209e+02 4.238e+01)
s>        ( QUESTION7 1 -9.779e+04 2.452e+02 3.756e+02
s>            ( - -3.071e+02 1 0)
s>            ( QUESTION10 1 -9.724e+04 2.383e+02 3.736e+02
s>                ( WDBNDRY_B 0 -8.488e+04 2.040e+02 3.261e+02
s>                    ( - -5.647e+04 34 0 QUESTION0_3_R 1 1.622e+02 2.176e+02)
s>                    ( QUESTION9 -1 -2.820e+04 1.970e+02 1.085e+02
s>                        ( - -4.942e+03 1 0)
s>                        ( - -2.306e+04 15 0 QUESTION12 -1 1.517e+02 8.945e+01)))
s>                ( QUESTION0_19_R 1 -1.212e+04 1.995e+02 4.749e+01
s>                    ( - -7.810e+02 1 0)
s>                    ( QUESTION0_10_R 1 -1.114e+04 1.771e+02 4.349e+01
s>                        ( - -5.102e+03 4 0 QUESTION3 1 1.617e+02 1.930e+01)
s>                        ( - -5.859e+03 5 0 QUESTION2 1 1.524e+02 2.419e+01))))))INFO: dtree.c(1478): Final simple tree
|( QUESTION0_20_R 1 -3.656e+04 2.250e+02 1.430e+02
|    ( - -3.525e+03 2 0 QUESTION2_1_L -1 7.882e+01 1.500e+01)
|    ( QUESTION0_5_R 1 -3.281e+04 2.114e+02 1.280e+02
|        ( QUESTION0_6_R 1 -4.145e+03 1.167e+02 1.698e+01
|            ( - -1.710e+03 1 0)
|            ( - -2.318e+03 1 0))
|        ( QUESTION11 -1 -2.845e+04 1.687e+02 1.110e+02
|            ( - -3.700e+03 1 0)
|            ( QUESTION0_4_R 1 -2.459e+04 1.472e+02 9.523e+01
|                ( - -8.945e+02 2 0)
|                ( QUESTION16 -1 -2.354e+04 1.182e+02 9.123e+01
|                    ( - -9.177e+02 1 0)
|                    ( QUESTION5 -1 -2.251e+04 1.166e+02 8.723e+01
|                        ( - -6.654e+02 1 0)
|                        ( - -2.173e+04 18 0 QUESTION14 -1 1.192e+02 8.423e+01)))))))
s>    ( QUESTION0_20_R 1 -3.656e+04 2.250e+02 1.430e+02
s>        ( - -3.525e+03 2 0 QUESTION2_1_L -1 7.882e+01 1.500e+01)
s>        ( QUESTION0_5_R 1 -3.281e+04 2.114e+02 1.280e+02
s>            ( QUESTION0_6_R 1 -4.145e+03 1.167e+02 1.698e+01
s>                ( - -1.710e+03 1 0)
s>                ( - -2.318e+03 1 0))
s>            ( QUESTION11 -1 -2.845e+04 1.687e+02 1.110e+02
s>                ( - -3.700e+03 1 0)
s>                ( QUESTION0_4_R 1 -2.459e+04 1.472e+02 9.523e+01
s>                    ( - -8.945e+02 2 0)
s>                    ( QUESTION16 -1 -2.354e+04 1.182e+02 9.123e+01
s>                        ( - -9.177e+02 1 0)
s>                        ( QUESTION5 -1 -2.251e+04 1.166e+02 8.723e+01
s>                            ( - -6.654e+02 1 0)
s>                            ( - -2.173e+04 18 0 QUESTION14 -1 1.192e+02 8.423e+01)))))))INFO: dtree.c(1315): Comp split 2
INFO: dtree.c(1478): Final simple tree
|( QUESTION0_19_R 1 -1.686e+04 2.359e+02 6.857e+01
|    ( - -3.071e+02 1 0)
|    ( SILENCE 1 -1.631e+04 1.866e+02 6.657e+01
|        ( - -2.147e+03 1 0)
|        ( QUESTION2 1 -1.398e+04 1.545e+02 5.739e+01
|            ( - -1.925e+03 1 0)
|            ( QUESTION0_13_R 1 -1.190e+04 1.126e+02 4.838e+01
|                ( QUESTION11 -1 -9.174e+03 1.155e+02 3.838e+01
|                    ( - -3.541e+03 1 0)
|                    ( QUESTION2_1_L -1 -5.517e+03 1.069e+02 2.297e+01
|                        ( - -1.323e+03 1 0)
|                        ( - -4.088e+03 2 0)))
|                ( QUESTION11 -1 -2.615e+03 8.992e+01 1.000e+01
|                    ( - -6.815e+02 1 0)
|                    ( - -1.843e+03 4 0 WDBNDRY_E 0 7.680e+01 7.000e+00))))))
s>    ( QUESTION0_19_R 1 -1.686e+04 2.359e+02 6.857e+01
s>        ( - -3.071e+02 1 0)
s>        ( SILENCE 1 -1.631e+04 1.866e+02 6.657e+01
s>            ( - -2.147e+03 1 0)
s>            ( QUESTION2 1 -1.398e+04 1.545e+02 5.739e+01
s>                ( - -1.925e+03 1 0)
s>                ( QUESTION0_13_R 1 -1.190e+04 1.126e+02 4.838e+01
s>                    ( QUESTION11 -1 -9.174e+03 1.155e+02 3.838e+01
s>                        ( - -3.541e+03 1 0)
s>                        ( QUESTION2_1_L -1 -5.517e+03 1.069e+02 2.297e+01
s>                            ( - -1.323e+03 1 0)
s>                            ( - -4.088e+03 2 0)))
s>                    ( QUESTION11 -1 -2.615e+03 8.992e+01 1.000e+01
s>                        ( - -6.815e+02 1 0)
s>                        ( - -1.843e+03 4 0 WDBNDRY_E 0 7.680e+01 7.000e+00))))))INFO: dtree.c(1478): Final simple tree
|( QUESTION0_11_R 1 -9.118e+04 2.253e+02 3.494e+02
|    ( QUESTION3 1 -5.102e+03 1.617e+02 1.930e+01
|        ( - -1.255e+03 1 0)
|        ( - -3.685e+03 3 0 WDBNDRY_E 0 8.883e+01 1.320e+01))
|    ( WDBNDRY_B 0 -8.586e+04 2.018e+02 3.301e+02
|        ( QUESTION0_3_R 1 -5.647e+04 1.622e+02 2.176e+02
|            ( - -3.528e+04 17 0 QUESTION19 -1 1.376e+02 1.369e+02)
|            ( - -2.103e+04 17 0 QUESTION5 -1 1.395e+02 8.073e+01))
|        ( QUESTION0 1 -2.918e+04 1.980e+02 1.125e+02
|            ( - -7.810e+02 1 0)
|            ( QUESTION9 -1 -2.820e+04 1.970e+02 1.085e+02
|                ( - -4.942e+03 1 0)
|                ( QUESTION12 -1 -2.306e+04 1.517e+02 8.945e+01
|                    ( - -9.050e+03 7 0 QUESTION0_4_R 1 1.389e+02 3.503e+01)
|                    ( - -1.386e+04 8 0 QUESTION2_14_L -1 1.264e+02 5.442e+01))))))
s>    ( QUESTION0_11_R 1 -9.118e+04 2.253e+02 3.494e+02
s>        ( QUESTION3 1 -5.102e+03 1.617e+02 1.930e+01
s>            ( - -1.255e+03 1 0)
s>            ( - -3.685e+03 3 0 WDBNDRY_E 0 8.883e+01 1.320e+01))
s>        ( WDBNDRY_B 0 -8.586e+04 2.018e+02 3.301e+02
s>            ( QUESTION0_3_R 1 -5.647e+04 1.622e+02 2.176e+02
s>                ( - -3.528e+04 17 0 QUESTION19 -1 1.376e+02 1.369e+02)
s>                ( - -2.103e+04 17 0 QUESTION5 -1 1.395e+02 8.073e+01))
s>            ( QUESTION0 1 -2.918e+04 1.980e+02 1.125e+02
s>                ( - -7.810e+02 1 0)
s>                ( QUESTION9 -1 -2.820e+04 1.970e+02 1.085e+02
s>                    ( - -4.942e+03 1 0)
s>                    ( QUESTION12 -1 -2.306e+04 1.517e+02 8.945e+01
s>                        ( - -9.050e+03 7 0 QUESTION0_4_R 1 1.389e+02 3.503e+01)
s>                        ( - -1.386e+04 8 0 QUESTION2_14_L -1 1.264e+02 5.442e+01))))))INFO: dtree.c(1315): Comp split 3
INFO: dtree.c(1439): stop. leaf nodes are specific
INFO: dtree.c(1478): Final simple tree
|( QUESTION3 1 -1.020e+04 1.946e+02 3.832e+01
|    ( - -1.255e+03 1 0)
|    ( QUESTION0_2_R 1 -8.753e+03 1.268e+02 3.222e+01
|        ( - -4.942e+03 1 0)
|        ( WDBNDRY_E 0 -3.685e+03 8.883e+01 1.320e+01
|            ( QUESTION0_16_R 1 -1.437e+03 8.491e+01 4.003e+00
|                ( - -4.064e+02 1 0)
|                ( - -9.458e+02 1 0))
|            ( - -2.159e+03 1 0))))
s>    ( QUESTION3 1 -1.020e+04 1.946e+02 3.832e+01
s>        ( - -1.255e+03 1 0)
s>        ( QUESTION0_2_R 1 -8.753e+03 1.268e+02 3.222e+01
s>            ( - -4.942e+03 1 0)
s>            ( WDBNDRY_E 0 -3.685e+03 8.883e+01 1.320e+01
s>                ( QUESTION0_16_R 1 -1.437e+03 8.491e+01 4.003e+00
s>                    ( - -4.064e+02 1 0)
s>                    ( - -9.458e+02 1 0))
s>                ( - -2.159e+03 1 0))))INFO: dtree.c(1478): Final simple tree
|( QUESTION0 1 -8.070e+04 1.958e+02 3.111e+02
|    ( - -7.810e+02 1 0)
|    ( WDBNDRY_B 0 -7.973e+04 1.893e+02 3.071e+02
|        ( QUESTION0_3_R 1 -5.647e+04 1.622e+02 2.176e+02
|            ( QUESTION19 -1 -3.528e+04 1.376e+02 1.369e+02
|                ( - -9.125e+03 6 0 QUESTION2_3_L -1 8.169e+01 3.481e+01)
|                ( - -2.602e+04 11 0 QUESTION2 -1 1.098e+02 1.021e+02))
|            ( QUESTION5 -1 -2.103e+04 1.395e+02 8.073e+01
|                ( - -1.411e+03 1 0)
|                ( - -1.948e+04 16 0 QUESTION2_0_L -1 1.342e+02 7.473e+01)))
|        ( QUESTION12 -1 -2.306e+04 1.517e+02 8.945e+01
|            ( QUESTION0_4_R 1 -9.050e+03 1.389e+02 3.503e+01
|                ( - -1.625e+03 1 0)
|                ( - -7.287e+03 6 0 QUESTION2_1_L -1 9.479e+01 2.803e+01))
|            ( - -1.386e+04 8 0 QUESTION2_14_L -1 1.264e+02 5.442e+01))))
s>    ( QUESTION0 1 -8.070e+04 1.958e+02 3.111e+02
s>        ( - -7.810e+02 1 0)
s>        ( WDBNDRY_B 0 -7.973e+04 1.893e+02 3.071e+02
s>            ( QUESTION0_3_R 1 -5.647e+04 1.622e+02 2.176e+02
s>                ( QUESTION19 -1 -3.528e+04 1.376e+02 1.369e+02
s>                    ( - -9.125e+03 6 0 QUESTION2_3_L -1 8.169e+01 3.481e+01)
s>                    ( - -2.602e+04 11 0 QUESTION2 -1 1.098e+02 1.021e+02))
s>                ( QUESTION5 -1 -2.103e+04 1.395e+02 8.073e+01
s>                    ( - -1.411e+03 1 0)
s>                    ( - -1.948e+04 16 0 QUESTION2_0_L -1 1.342e+02 7.473e+01)))
s>            ( QUESTION12 -1 -2.306e+04 1.517e+02 8.945e+01
s>                ( QUESTION0_4_R 1 -9.050e+03 1.389e+02 3.503e+01
s>                    ( - -1.625e+03 1 0)
s>                    ( - -7.287e+03 6 0 QUESTION2_1_L -1 9.479e+01 2.803e+01))
s>                ( - -1.386e+04 8 0 QUESTION2_14_L -1 1.264e+02 5.442e+01))))INFO: dtree.c(1315): Comp split 4
INFO: dtree.c(1478): Final simple tree
|( QUESTION0_5_R 1 -2.895e+04 2.185e+02 1.122e+02
|    ( QUESTION0_6_R 1 -4.145e+03 1.167e+02 1.698e+01
|        ( - -1.710e+03 1 0)
|        ( - -2.318e+03 1 0))
|    ( QUESTION0_4_R 1 -2.459e+04 1.472e+02 9.523e+01
|        ( - -8.945e+02 2 0)
|        ( QUESTION16 -1 -2.354e+04 1.182e+02 9.123e+01
|            ( - -9.177e+02 1 0)
|            ( QUESTION5 -1 -2.251e+04 1.166e+02 8.723e+01
|                ( - -6.654e+02 1 0)
|                ( QUESTION14 -1 -2.173e+04 1.192e+02 8.423e+01
|                    ( - -2.863e+03 3 0 WDBNDRY_B 0 9.979e+01 1.100e+01)
|                    ( WDBNDRY_E 0 -1.874e+04 1.082e+02 7.323e+01
|                        ( - -1.734e+03 2 0 QUESTION0_2_R 1 2.016e+02 7.000e+00)
|                        ( - -1.690e+04 13 0 QUESTION13 -1 9.981e+01 6.623e+01)))))))
s>    ( QUESTION0_5_R 1 -2.895e+04 2.185e+02 1.122e+02
s>        ( QUESTION0_6_R 1 -4.145e+03 1.167e+02 1.698e+01
s>            ( - -1.710e+03 1 0)
s>            ( - -2.318e+03 1 0))
s>        ( QUESTION0_4_R 1 -2.459e+04 1.472e+02 9.523e+01
s>            ( - -8.945e+02 2 0)
s>            ( QUESTION16 -1 -2.354e+04 1.182e+02 9.123e+01
s>                ( - -9.177e+02 1 0)
s>                ( QUESTION5 -1 -2.251e+04 1.166e+02 8.723e+01
s>                    ( - -6.654e+02 1 0)
s>                    ( QUESTION14 -1 -2.173e+04 1.192e+02 8.423e+01
s>                        ( - -2.863e+03 3 0 WDBNDRY_B 0 9.979e+01 1.100e+01)
s>                        ( WDBNDRY_E 0 -1.874e+04 1.082e+02 7.323e+01
s>                            ( - -1.734e+03 2 0 QUESTION0_2_R 1 2.016e+02 7.000e+00)
s>                            ( - -1.690e+04 13 0 QUESTION13 -1 9.981e+01 6.623e+01)))))))INFO: dtree.c(1439): stop. leaf nodes are specific
INFO: dtree.c(1478): Final simple tree
|( WDBNDRY_E 0 -7.372e+03 1.468e+02 3.075e+01
|    ( QUESTION2_1_L -1 -3.525e+03 7.882e+01 1.500e+01
|        ( - -3.012e+03 1 0)
|        ( - -4.342e+02 1 0))
|    ( - -3.700e+03 1 0))
s>    ( WDBNDRY_E 0 -7.372e+03 1.468e+02 3.075e+01
s>        ( QUESTION2_1_L -1 -3.525e+03 7.882e+01 1.500e+01
s>            ( - -3.012e+03 1 0)
s>            ( - -4.342e+02 1 0))
s>        ( - -3.700e+03 1 0))INFO: dtree.c(1315): Comp split 5
INFO: dtree.c(1478): Final simple tree
|( SILENCE 1 -1.631e+04 1.866e+02 6.657e+01
|    ( - -2.147e+03 1 0)
|    ( QUESTION2 1 -1.398e+04 1.545e+02 5.739e+01
|        ( - -1.925e+03 1 0)
|        ( QUESTION0_13_R 1 -1.190e+04 1.126e+02 4.838e+01
|            ( QUESTION11 -1 -9.174e+03 1.155e+02 3.838e+01
|                ( - -3.541e+03 1 0)
|                ( QUESTION2_1_L -1 -5.517e+03 1.069e+02 2.297e+01
|                    ( - -1.323e+03 1 0)
|                    ( - -4.088e+03 2 0)))
|            ( QUESTION11 -1 -2.615e+03 8.992e+01 1.000e+01
|                ( - -6.815e+02 1 0)
|                ( WDBNDRY_E 0 -1.843e+03 7.680e+01 7.000e+00
|                    ( - -1.536e+03 3 0 QUESTION0_9_R 1 6.855e+01 6.000e+00)
|                    ( - -2.304e+02 1 0))))))
s>    ( SILENCE 1 -1.631e+04 1.866e+02 6.657e+01
s>        ( - -2.147e+03 1 0)
s>        ( QUESTION2 1 -1.398e+04 1.545e+02 5.739e+01
s>            ( - -1.925e+03 1 0)
s>            ( QUESTION0_13_R 1 -1.190e+04 1.126e+02 4.838e+01
s>                ( QUESTION11 -1 -9.174e+03 1.155e+02 3.838e+01
s>                    ( - -3.541e+03 1 0)
s>                    ( QUESTION2_1_L -1 -5.517e+03 1.069e+02 2.297e+01
s>                        ( - -1.323e+03 1 0)
s>                        ( - -4.088e+03 2 0)))
s>                ( QUESTION11 -1 -2.615e+03 8.992e+01 1.000e+01
s>                    ( - -6.815e+02 1 0)
s>                    ( WDBNDRY_E 0 -1.843e+03 7.680e+01 7.000e+00
s>                        ( - -1.536e+03 3 0 QUESTION0_9_R 1 6.855e+01 6.000e+00)
s>                        ( - -2.304e+02 1 0))))))INFO: dtree.c(1315): Comp split 6
INFO: dtree.c(1439): stop. leaf nodes are specific
INFO: dtree.c(1478): Final simple tree
|( QUESTION0_6_R 1 -4.145e+03 1.167e+02 1.698e+01
|    ( - -1.710e+03 1 0)
|    ( - -2.318e+03 1 0))
s>    ( QUESTION0_6_R 1 -4.145e+03 1.167e+02 1.698e+01
s>        ( - -1.710e+03 1 0)
s>        ( - -2.318e+03 1 0))INFO: dtree.c(1478): Final simple tree
|( QUESTION0_4_R 1 -2.459e+04 1.472e+02 9.523e+01
|    ( - -8.945e+02 2 0)
|    ( QUESTION16 -1 -2.354e+04 1.182e+02 9.123e+01
|        ( - -9.177e+02 1 0)
|        ( QUESTION5 -1 -2.251e+04 1.166e+02 8.723e+01
|            ( - -6.654e+02 1 0)
|            ( QUESTION14 -1 -2.173e+04 1.192e+02 8.423e+01
|                ( - -2.863e+03 3 0 WDBNDRY_B 0 9.979e+01 1.100e+01)
|                ( WDBNDRY_E 0 -1.874e+04 1.082e+02 7.323e+01
|                    ( QUESTION0_2_R 1 -1.734e+03 2.016e+02 7.000e+00
|                        ( - -1.007e+03 1 0)
|                        ( - -5.260e+02 1 0))
|                    ( QUESTION13 -1 -1.690e+04 9.981e+01 6.623e+01
|                        ( - -1.851e+03 1 0)
|                        ( - -1.495e+04 12 0 QUESTION13 1 9.748e+01 5.891e+01)))))))
s>    ( QUESTION0_4_R 1 -2.459e+04 1.472e+02 9.523e+01
s>        ( - -8.945e+02 2 0)
s>        ( QUESTION16 -1 -2.354e+04 1.182e+02 9.123e+01
s>            ( - -9.177e+02 1 0)
s>            ( QUESTION5 -1 -2.251e+04 1.166e+02 8.723e+01
s>                ( - -6.654e+02 1 0)
s>                ( QUESTION14 -1 -2.173e+04 1.192e+02 8.423e+01
s>                    ( - -2.863e+03 3 0 WDBNDRY_B 0 9.979e+01 1.100e+01)
s>                    ( WDBNDRY_E 0 -1.874e+04 1.082e+02 7.323e+01
s>                        ( QUESTION0_2_R 1 -1.734e+03 2.016e+02 7.000e+00
s>                            ( - -1.007e+03 1 0)
s>                            ( - -5.260e+02 1 0))
s>                        ( QUESTION13 -1 -1.690e+04 9.981e+01 6.623e+01
s>                            ( - -1.851e+03 1 0)
s>                            ( - -1.495e+04 12 0 QUESTION13 1 9.748e+01 5.891e+01)))))))INFO: dtree.c(1315): Comp split 7
INFO: dtree.c(1478): Final simple tree
|( QUESTION0_4_R 1 -2.337e+04 1.481e+02 9.023e+01
|    ( - -8.945e+02 2 0)
|    ( QUESTION5 -1 -2.232e+04 1.203e+02 8.623e+01
|        ( - -6.654e+02 1 0)
|        ( QUESTION14 -1 -2.154e+04 1.193e+02 8.323e+01
|            ( WDBNDRY_B 0 -2.863e+03 9.979e+01 1.100e+01
|                ( - -1.584e+03 2 0)
|                ( - -1.180e+03 1 0))
|            ( QUESTION16 -1 -1.856e+04 1.210e+02 7.223e+01
|                ( - -9.177e+02 1 0)
|                ( QUESTION13 -1 -1.752e+04 9.952e+01 6.823e+01
|                    ( - -1.851e+03 1 0)
|                    ( QUESTION13 1 -1.557e+04 9.729e+01 6.091e+01
|                        ( - -8.414e+02 1 0)
|                        ( - -1.463e+04 12 0 QUESTION2_1_L -1 1.197e+02 5.716e+01)))))))
s>    ( QUESTION0_4_R 1 -2.337e+04 1.481e+02 9.023e+01
s>        ( - -8.945e+02 2 0)
s>        ( QUESTION5 -1 -2.232e+04 1.203e+02 8.623e+01
s>            ( - -6.654e+02 1 0)
s>            ( QUESTION14 -1 -2.154e+04 1.193e+02 8.323e+01
s>                ( WDBNDRY_B 0 -2.863e+03 9.979e+01 1.100e+01
s>                    ( - -1.584e+03 2 0)
s>                    ( - -1.180e+03 1 0))
s>                ( QUESTION16 -1 -1.856e+04 1.210e+02 7.223e+01
s>                    ( - -9.177e+02 1 0)
s>                    ( QUESTION13 -1 -1.752e+04 9.952e+01 6.823e+01
s>                        ( - -1.851e+03 1 0)
s>                        ( QUESTION13 1 -1.557e+04 9.729e+01 6.091e+01
s>                            ( - -8.414e+02 1 0)
s>                            ( - -1.463e+04 12 0 QUESTION2_1_L -1 1.197e+02 5.716e+01)))))))INFO: dtree.c(1315): Comp split 8
INFO: dtree.c(1439): stop. leaf nodes are specific
INFO: dtree.c(1478): Final simple tree
|( QUESTION2 1 -1.286e+04 1.524e+02 5.339e+01
|    ( - -1.925e+03 1 0)
|    ( QUESTION11 -1 -1.079e+04 1.244e+02 4.438e+01
|        ( - -3.541e+03 1 0)
|        ( QUESTION2_1_L -1 -7.122e+03 9.973e+01 2.897e+01
|            ( WDBNDRY_E 0 -1.852e+03 7.260e+01 8.005e+00
|                ( - -4.568e+02 1 0)
|                ( - -1.323e+03 1 0))
|            ( QUESTION0_14_R 1 -5.170e+03 7.030e+01 2.096e+01
|                ( - -5.068e+02 1 0)
|                ( WDBNDRY_E 0 -4.593e+03 6.114e+01 1.896e+01
|                    ( - -4.438e+02 1 0)
|                    ( - -4.088e+03 2 0))))))
s>    ( QUESTION2 1 -1.286e+04 1.524e+02 5.339e+01
s>        ( - -1.925e+03 1 0)
s>        ( QUESTION11 -1 -1.079e+04 1.244e+02 4.438e+01
s>            ( - -3.541e+03 1 0)
s>            ( QUESTION2_1_L -1 -7.122e+03 9.973e+01 2.897e+01
s>                ( WDBNDRY_E 0 -1.852e+03 7.260e+01 8.005e+00
s>                    ( - -4.568e+02 1 0)
s>                    ( - -1.323e+03 1 0))
s>                ( QUESTION0_14_R 1 -5.170e+03 7.030e+01 2.096e+01
s>                    ( - -5.068e+02 1 0)
s>                    ( WDBNDRY_E 0 -4.593e+03 6.114e+01 1.896e+01
s>                        ( - -4.438e+02 1 0)
s>                        ( - -4.088e+03 2 0))))))INFO: dtree.c(1439): stop. leaf nodes are specific
INFO: dtree.c(1478): Final simple tree
|( WDBNDRY_E 0 -3.250e+03 1.106e+02 1.318e+01
|    ( - -2.147e+03 1 0)
|    ( QUESTION11 -1 -9.925e+02 8.052e+01 4.000e+00
|        ( - -6.815e+02 1 0)
|        ( - -2.304e+02 1 0)))
s>    ( WDBNDRY_E 0 -3.250e+03 1.106e+02 1.318e+01
s>        ( - -2.147e+03 1 0)
s>        ( QUESTION11 -1 -9.925e+02 8.052e+01 4.000e+00
s>            ( - -6.815e+02 1 0)
s>            ( - -2.304e+02 1 0)))INFO: dtree.c(1315): Comp split 9
INFO: dtree.c(1478): Final simple tree
|( QUESTION0_2_R 1 -2.130e+04 1.483e+02 8.245e+01
|    ( QUESTION11 -1 -1.572e+04 1.221e+02 6.142e+01
|        ( - -3.747e+03 2 0 QUESTION0_3_R 1 6.668e+01 1.461e+01)
|        ( QUESTION4 -1 -1.185e+04 9.092e+01 4.682e+01
|            ( - -4.418e+02 1 0)
|            ( QUESTION2_0_L -1 -1.132e+04 7.915e+01 4.482e+01
|                ( QUESTION0 -1 -3.032e+03 7.699e+01 1.200e+01
|                    ( - -1.167e+03 2 0 QUESTION0_3_R 1 6.900e+01 5.003e+00)
|                    ( - -1.788e+03 3 0 QUESTION2_1_L -1 7.536e+01 7.000e+00))
|                ( QUESTION0_3_R 1 -8.211e+03 8.031e+01 3.281e+01
|                    ( - -7.132e+03 1 0)
|                    ( - -9.984e+02 2 0)))))
|    ( QUESTION2_1_L -1 -5.424e+03 2.535e+02 2.103e+01
|        ( - -3.250e+02 1 0)
|        ( - -4.845e+03 2 0)))
s>    ( QUESTION0_2_R 1 -2.130e+04 1.483e+02 8.245e+01
s>        ( QUESTION11 -1 -1.572e+04 1.221e+02 6.142e+01
s>            ( - -3.747e+03 2 0 QUESTION0_3_R 1 6.668e+01 1.461e+01)
s>            ( QUESTION4 -1 -1.185e+04 9.092e+01 4.682e+01
s>                ( - -4.418e+02 1 0)
s>                ( QUESTION2_0_L -1 -1.132e+04 7.915e+01 4.482e+01
s>                    ( QUESTION0 -1 -3.032e+03 7.699e+01 1.200e+01
s>                        ( - -1.167e+03 2 0 QUESTION0_3_R 1 6.900e+01 5.003e+00)
s>                        ( - -1.788e+03 3 0 QUESTION2_1_L -1 7.536e+01 7.000e+00))
s>                    ( QUESTION0_3_R 1 -8.211e+03 8.031e+01 3.281e+01
s>                        ( - -7.132e+03 1 0)
s>                        ( - -9.984e+02 2 0)))))
s>        ( QUESTION2_1_L -1 -5.424e+03 2.535e+02 2.103e+01
s>            ( - -3.250e+02 1 0)
s>            ( - -4.845e+03 2 0)))INFO: dtree.c(1478): Final simple tree
|( QUESTION0_2_R 1 -5.921e+04 1.955e+02 2.286e+02
|    ( QUESTION0_3_R 1 -5.823e+04 1.568e+02 2.246e+02
|        ( QUESTION19 -1 -3.528e+04 1.376e+02 1.369e+02
|            ( - -9.125e+03 6 0 QUESTION2_3_L -1 8.169e+01 3.481e+01)
|            ( - -2.602e+04 11 0 QUESTION2 -1 1.098e+02 1.021e+02))
|        ( QUESTION5 -1 -2.280e+04 1.411e+02 8.773e+01
|            ( - -1.411e+03 1 0)
|            ( WDBNDRY_B 0 -2.124e+04 1.390e+02 8.173e+01
|                ( QUESTION2_0_L -1 -1.948e+04 1.342e+02 7.473e+01
|                    ( QUESTION13 -1 -1.537e+04 1.246e+02 5.969e+01
|                        ( - -6.145e+03 4 0 QUESTION14 -1 9.820e+01 2.495e+01)
|                        ( - -9.098e+03 8 0 QUESTION2_2_L -1 9.881e+01 3.474e+01))
|                    ( - -3.980e+03 4 0 QUESTION2_11_L -1 1.015e+02 1.503e+01))
|                ( - -1.625e+03 1 0))))
|    ( - -7.810e+02 1 0))
s>    ( QUESTION0_2_R 1 -5.921e+04 1.955e+02 2.286e+02
s>        ( QUESTION0_3_R 1 -5.823e+04 1.568e+02 2.246e+02
s>            ( QUESTION19 -1 -3.528e+04 1.376e+02 1.369e+02
s>                ( - -9.125e+03 6 0 QUESTION2_3_L -1 8.169e+01 3.481e+01)
s>                ( - -2.602e+04 11 0 QUESTION2 -1 1.098e+02 1.021e+02))
s>            ( QUESTION5 -1 -2.280e+04 1.411e+02 8.773e+01
s>                ( - -1.411e+03 1 0)
s>                ( WDBNDRY_B 0 -2.124e+04 1.390e+02 8.173e+01
s>                    ( QUESTION2_0_L -1 -1.948e+04 1.342e+02 7.473e+01
s>                        ( QUESTION13 -1 -1.537e+04 1.246e+02 5.969e+01
s>                            ( - -6.145e+03 4 0 QUESTION14 -1 9.820e+01 2.495e+01)
s>                            ( - -9.098e+03 8 0 QUESTION2_2_L -1 9.881e+01 3.474e+01))
s>                        ( - -3.980e+03 4 0 QUESTION2_11_L -1 1.015e+02 1.503e+01))
s>                    ( - -1.625e+03 1 0))))
s>        ( - -7.810e+02 1 0))INFO: dtree.c(1315): Comp split 10
INFO: dtree.c(1478): Final simple tree
|( QUESTION0_2_R 1 -2.073e+04 1.589e+02 8.045e+01
|    ( QUESTION11 -1 -1.572e+04 1.221e+02 6.142e+01
|        ( - -3.747e+03 2 0 QUESTION0_3_R 1 6.668e+01 1.461e+01)
|        ( QUESTION4 -1 -1.185e+04 9.092e+01 4.682e+01
|            ( - -4.418e+02 1 0)
|            ( QUESTION2_0_L -1 -1.132e+04 7.915e+01 4.482e+01
|                ( QUESTION0 -1 -3.032e+03 7.699e+01 1.200e+01
|                    ( - -1.167e+03 2 0 QUESTION0_3_R 1 6.900e+01 5.003e+00)
|                    ( QUESTION2_1_L -1 -1.788e+03 7.536e+01 7.000e+00
|                        ( - -4.797e+02 1 0)
|                        ( - -1.233e+03 2 0 WDBNDRY_E 0 8.532e+01 5.000e+00)))
|                ( QUESTION0_3_R 1 -8.211e+03 8.031e+01 3.281e+01
|                    ( - -7.132e+03 1 0)
|                    ( - -9.984e+02 2 0)))))
|    ( - -4.845e+03 2 0))
s>    ( QUESTION0_2_R 1 -2.073e+04 1.589e+02 8.045e+01
s>        ( QUESTION11 -1 -1.572e+04 1.221e+02 6.142e+01
s>            ( - -3.747e+03 2 0 QUESTION0_3_R 1 6.668e+01 1.461e+01)
s>            ( QUESTION4 -1 -1.185e+04 9.092e+01 4.682e+01
s>                ( - -4.418e+02 1 0)
s>                ( QUESTION2_0_L -1 -1.132e+04 7.915e+01 4.482e+01
s>                    ( QUESTION0 -1 -3.032e+03 7.699e+01 1.200e+01
s>                        ( - -1.167e+03 2 0 QUESTION0_3_R 1 6.900e+01 5.003e+00)
s>                        ( QUESTION2_1_L -1 -1.788e+03 7.536e+01 7.000e+00
s>                            ( - -4.797e+02 1 0)
s>                            ( - -1.233e+03 2 0 WDBNDRY_E 0 8.532e+01 5.000e+00)))
s>                    ( QUESTION0_3_R 1 -8.211e+03 8.031e+01 3.281e+01
s>                        ( - -7.132e+03 1 0)
s>                        ( - -9.984e+02 2 0)))))
s>        ( - -4.845e+03 2 0))INFO: dtree.c(1315): Comp split 11
INFO: dtree.c(1478): Final simple tree
|( QUESTION19 -1 -2.616e+04 1.423e+02 1.005e+02
|    ( QUESTION0_3_R 1 -1.655e+04 1.047e+02 6.256e+01
|        ( QUESTION2_3_L -1 -9.125e+03 8.169e+01 3.481e+01
|            ( - -5.287e+02 1 0)
|            ( - -8.514e+03 5 0 QUESTION2_1_L -1 6.872e+01 3.281e+01))
|        ( QUESTION2_1_L -1 -7.317e+03 9.975e+01 2.775e+01
|            ( - -6.637e+02 1 0)
|            ( - -6.554e+03 4 0)))
|    ( QUESTION4 -1 -9.475e+03 1.254e+02 3.794e+01
|        ( - -1.411e+03 1 0)
|        ( QUESTION15 -1 -7.939e+03 9.708e+01 3.194e+01
|            ( - -1.181e+03 1 0)
|            ( QUESTION12 -1 -6.660e+03 8.927e+01 2.693e+01
|                ( - -4.865e+03 3 0)
|                ( - -1.706e+03 3 0 QUESTION0 -1 7.144e+01 6.990e+00)))))
s>    ( QUESTION19 -1 -2.616e+04 1.423e+02 1.005e+02
s>        ( QUESTION0_3_R 1 -1.655e+04 1.047e+02 6.256e+01
s>            ( QUESTION2_3_L -1 -9.125e+03 8.169e+01 3.481e+01
s>                ( - -5.287e+02 1 0)
s>                ( - -8.514e+03 5 0 QUESTION2_1_L -1 6.872e+01 3.281e+01))
s>            ( QUESTION2_1_L -1 -7.317e+03 9.975e+01 2.775e+01
s>                ( - -6.637e+02 1 0)
s>                ( - -6.554e+03 4 0)))
s>        ( QUESTION4 -1 -9.475e+03 1.254e+02 3.794e+01
s>            ( - -1.411e+03 1 0)
s>            ( QUESTION15 -1 -7.939e+03 9.708e+01 3.194e+01
s>                ( - -1.181e+03 1 0)
s>                ( QUESTION12 -1 -6.660e+03 8.927e+01 2.693e+01
s>                    ( - -4.865e+03 3 0)
s>                    ( - -1.706e+03 3 0 QUESTION0 -1 7.144e+01 6.990e+00)))))INFO: dtree.c(1478): Final simple tree
|( QUESTION0_2_R 1 -3.283e+04 1.955e+02 1.281e+02
|    ( WDBNDRY_B 0 -3.185e+04 1.332e+02 1.241e+02
|        ( SILENCE -1 -3.010e+04 1.239e+02 1.171e+02
|            ( - -4.669e+03 2 0 QUESTION0_3_R 1 7.425e+01 1.874e+01)
|            ( QUESTION2 -1 -2.530e+04 1.141e+02 9.837e+01
|                ( - -4.356e+03 2 0 QUESTION2_0_L -1 1.005e+02 1.791e+01)
|                ( QUESTION11 -1 -2.083e+04 1.083e+02 8.046e+01
|                    ( - -5.873e+03 1 0)
|                    ( QUESTION2_7_L -1 -1.485e+04 1.081e+02 5.675e+01
|                        ( QUESTION5 -1 -5.378e+03 1.096e+02 2.194e+01
|                            ( - -1.663e+03 1 0)
|                            ( - -3.606e+03 4 0 QUESTION2_11_L -1 1.092e+02 1.500e+01))
|                        ( - -9.365e+03 5 0 QUESTION1 -1 1.008e+02 3.481e+01)))))
|        ( - -1.625e+03 1 0))
|    ( - -7.810e+02 1 0))
s>    ( QUESTION0_2_R 1 -3.283e+04 1.955e+02 1.281e+02
s>        ( WDBNDRY_B 0 -3.185e+04 1.332e+02 1.241e+02
s>            ( SILENCE -1 -3.010e+04 1.239e+02 1.171e+02
s>                ( - -4.669e+03 2 0 QUESTION0_3_R 1 7.425e+01 1.874e+01)
s>                ( QUESTION2 -1 -2.530e+04 1.141e+02 9.837e+01
s>                    ( - -4.356e+03 2 0 QUESTION2_0_L -1 1.005e+02 1.791e+01)
s>                    ( QUESTION11 -1 -2.083e+04 1.083e+02 8.046e+01
s>                        ( - -5.873e+03 1 0)
s>                        ( QUESTION2_7_L -1 -1.485e+04 1.081e+02 5.675e+01
s>                            ( QUESTION5 -1 -5.378e+03 1.096e+02 2.194e+01
s>                                ( - -1.663e+03 1 0)
s>                                ( - -3.606e+03 4 0 QUESTION2_11_L -1 1.092e+02 1.500e+01))
s>                            ( - -9.365e+03 5 0 QUESTION1 -1 1.008e+02 3.481e+01)))))
s>            ( - -1.625e+03 1 0))
s>        ( - -7.810e+02 1 0))INFO: dtree.c(1315): Comp split 12
INFO: dtree.c(1478): Final simple tree
|( WDBNDRY_B 0 -3.185e+04 1.332e+02 1.241e+02
|    ( SILENCE -1 -3.010e+04 1.239e+02 1.171e+02
|        ( - -4.669e+03 2 0 QUESTION0_3_R 1 7.425e+01 1.874e+01)
|        ( QUESTION2 -1 -2.530e+04 1.141e+02 9.837e+01
|            ( - -4.356e+03 2 0 QUESTION2_0_L -1 1.005e+02 1.791e+01)
|            ( QUESTION11 -1 -2.083e+04 1.083e+02 8.046e+01
|                ( - -5.873e+03 1 0)
|                ( QUESTION2_7_L -1 -1.485e+04 1.081e+02 5.675e+01
|                    ( QUESTION5 -1 -5.378e+03 1.096e+02 2.194e+01
|                        ( - -1.663e+03 1 0)
|                        ( QUESTION2_11_L -1 -3.606e+03 1.092e+02 1.500e+01
|                            ( - -1.329e+03 2 0 QUESTION0_3_R 1 1.384e+02 6.000e+00)
|                            ( - -2.168e+03 2 0 QUESTION0_3_R 1 1.009e+02 9.000e+00)))
|                    ( - -9.365e+03 5 0 QUESTION1 -1 1.008e+02 3.481e+01)))))
|    ( - -1.625e+03 1 0))
s>    ( WDBNDRY_B 0 -3.185e+04 1.332e+02 1.241e+02
s>        ( SILENCE -1 -3.010e+04 1.239e+02 1.171e+02
s>            ( - -4.669e+03 2 0 QUESTION0_3_R 1 7.425e+01 1.874e+01)
s>            ( QUESTION2 -1 -2.530e+04 1.141e+02 9.837e+01
s>                ( - -4.356e+03 2 0 QUESTION2_0_L -1 1.005e+02 1.791e+01)
s>                ( QUESTION11 -1 -2.083e+04 1.083e+02 8.046e+01
s>                    ( - -5.873e+03 1 0)
s>                    ( QUESTION2_7_L -1 -1.485e+04 1.081e+02 5.675e+01
s>                        ( QUESTION5 -1 -5.378e+03 1.096e+02 2.194e+01
s>                            ( - -1.663e+03 1 0)
s>                            ( QUESTION2_11_L -1 -3.606e+03 1.092e+02 1.500e+01
s>                                ( - -1.329e+03 2 0 QUESTION0_3_R 1 1.384e+02 6.000e+00)
s>                                ( - -2.168e+03 2 0 QUESTION0_3_R 1 1.009e+02 9.000e+00)))
s>                        ( - -9.365e+03 5 0 QUESTION1 -1 1.008e+02 3.481e+01)))))
s>        ( - -1.625e+03 1 0))INFO: dtree.c(1315): Comp split 13
INFO: dtree.c(1439): stop. leaf nodes are specific
INFO: dtree.c(1478): Final simple tree
|( QUESTION0_2_R 1 -8.753e+03 1.268e+02 3.222e+01
|    ( - -4.942e+03 1 0)
|    ( WDBNDRY_E 0 -3.685e+03 8.883e+01 1.320e+01
|        ( QUESTION0_16_R 1 -1.437e+03 8.491e+01 4.003e+00
|            ( - -4.064e+02 1 0)
|            ( - -9.458e+02 1 0))
|        ( - -2.159e+03 1 0)))
s>    ( QUESTION0_2_R 1 -8.753e+03 1.268e+02 3.222e+01
s>        ( - -4.942e+03 1 0)
s>        ( WDBNDRY_E 0 -3.685e+03 8.883e+01 1.320e+01
s>            ( QUESTION0_16_R 1 -1.437e+03 8.491e+01 4.003e+00
s>                ( - -4.064e+02 1 0)
s>                ( - -9.458e+02 1 0))
s>            ( - -2.159e+03 1 0)))INFO: dtree.c(1315): Comp split 14
INFO: dtree.c(1439): stop. leaf nodes are specific
INFO: dtree.c(1478): Final simple tree
|( QUESTION11 -1 -1.339e+04 1.296e+02 5.242e+01
|    ( QUESTION0_3_R 1 -3.747e+03 6.668e+01 1.461e+01
|        ( - -2.502e+03 1 0)
|        ( - -1.179e+03 1 0))
|    ( QUESTION0_3_R 1 -9.512e+03 7.590e+01 3.781e+01
|        ( WDBNDRY_E 0 -8.438e+03 7.599e+01 3.381e+01
|            ( - -4.750e+02 1 0)
|            ( QUESTION0 -1 -7.887e+03 8.263e+01 3.181e+01
|                ( - -7.132e+03 1 0)
|                ( - -6.723e+02 1 0)))
|        ( - -9.984e+02 2 0)))
s>    ( QUESTION11 -1 -1.339e+04 1.296e+02 5.242e+01
s>        ( QUESTION0_3_R 1 -3.747e+03 6.668e+01 1.461e+01
s>            ( - -2.502e+03 1 0)
s>            ( - -1.179e+03 1 0))
s>        ( QUESTION0_3_R 1 -9.512e+03 7.590e+01 3.781e+01
s>            ( WDBNDRY_E 0 -8.438e+03 7.599e+01 3.381e+01
s>                ( - -4.750e+02 1 0)
s>                ( QUESTION0 -1 -7.887e+03 8.263e+01 3.181e+01
s>                    ( - -7.132e+03 1 0)
s>                    ( - -6.723e+02 1 0)))
s>            ( - -9.984e+02 2 0)))INFO: dtree.c(1439): stop. leaf nodes are specific
INFO: dtree.c(1478): Final simple tree
|( QUESTION4 -1 -7.163e+03 8.354e+01 2.803e+01
|    ( - -4.418e+02 1 0)
|    ( QUESTION0_2_R 1 -6.637e+03 7.837e+01 2.603e+01
|        ( QUESTION0 -1 -1.714e+03 6.679e+01 7.003e+00
|            ( QUESTION0_3_R 1 -1.167e+03 6.900e+01 5.003e+00
|                ( - -6.483e+02 1 0)
|                ( - -4.501e+02 1 0))
|            ( - -4.797e+02 1 0))
|        ( - -4.845e+03 2 0)))
s>    ( QUESTION4 -1 -7.163e+03 8.354e+01 2.803e+01
s>        ( - -4.418e+02 1 0)
s>        ( QUESTION0_2_R 1 -6.637e+03 7.837e+01 2.603e+01
s>            ( QUESTION0 -1 -1.714e+03 6.679e+01 7.003e+00
s>                ( QUESTION0_3_R 1 -1.167e+03 6.900e+01 5.003e+00
s>                    ( - -6.483e+02 1 0)
s>                    ( - -4.501e+02 1 0))
s>                ( - -4.797e+02 1 0))
s>            ( - -4.845e+03 2 0)))INFO: dtree.c(1315): Comp split 15
INFO: dtree.c(1478): Final simple tree
|( QUESTION0_4_R 1 -1.855e+04 1.417e+02 7.223e+01
|    ( - -8.945e+02 2 0)
|    ( QUESTION13 -1 -1.752e+04 9.952e+01 6.823e+01
|        ( - -1.851e+03 1 0)
|        ( QUESTION13 1 -1.557e+04 9.729e+01 6.091e+01
|            ( - -8.414e+02 1 0)
|            ( QUESTION2_1_L -1 -1.463e+04 1.197e+02 5.716e+01
|                ( - -2.759e+03 1 0)
|                ( QUESTION2_14_L -1 -1.175e+04 9.473e+01 4.560e+01
|                    ( WDBNDRY_B 0 -9.603e+02 9.242e+01 3.999e+00
|                        ( - -4.600e+02 1 0)
|                        ( - -4.079e+02 1 0))
|                    ( WDBNDRY_E 0 -1.069e+04 8.609e+01 4.160e+01
|                        ( - -5.260e+02 1 0)
|                        ( - -1.008e+04 8 0 WDBNDRY_B 0 7.760e+01 3.960e+01)))))))
s>    ( QUESTION0_4_R 1 -1.855e+04 1.417e+02 7.223e+01
s>        ( - -8.945e+02 2 0)
s>        ( QUESTION13 -1 -1.752e+04 9.952e+01 6.823e+01
s>            ( - -1.851e+03 1 0)
s>            ( QUESTION13 1 -1.557e+04 9.729e+01 6.091e+01
s>                ( - -8.414e+02 1 0)
s>                ( QUESTION2_1_L -1 -1.463e+04 1.197e+02 5.716e+01
s>                    ( - -2.759e+03 1 0)
s>                    ( QUESTION2_14_L -1 -1.175e+04 9.473e+01 4.560e+01
s>                        ( WDBNDRY_B 0 -9.603e+02 9.242e+01 3.999e+00
s>                            ( - -4.600e+02 1 0)
s>                            ( - -4.079e+02 1 0))
s>                        ( WDBNDRY_E 0 -1.069e+04 8.609e+01 4.160e+01
s>                            ( - -5.260e+02 1 0)
s>                            ( - -1.008e+04 8 0 WDBNDRY_B 0 7.760e+01 3.960e+01)))))))INFO: dtree.c(1439): stop. leaf nodes are specific
INFO: dtree.c(1478): Final simple tree
|( QUESTION15 -1 -4.646e+03 1.080e+02 1.800e+01
|    ( - -9.177e+02 1 0)
|    ( QUESTION0 -1 -3.621e+03 9.237e+01 1.400e+01
|        ( - -6.654e+02 1 0)
|        ( WDBNDRY_B 0 -2.863e+03 9.979e+01 1.100e+01
|            ( - -1.584e+03 2 0)
|            ( - -1.180e+03 1 0))))
s>    ( QUESTION15 -1 -4.646e+03 1.080e+02 1.800e+01
s>        ( - -9.177e+02 1 0)
s>        ( QUESTION0 -1 -3.621e+03 9.237e+01 1.400e+01
s>            ( - -6.654e+02 1 0)
s>            ( WDBNDRY_B 0 -2.863e+03 9.979e+01 1.100e+01
s>                ( - -1.584e+03 2 0)
s>                ( - -1.180e+03 1 0))))INFO: dtree.c(1315): Comp split 16
INFO: dtree.c(1439): stop. leaf nodes are specific
INFO: dtree.c(1478): Final simple tree
|( QUESTION0_3_R 1 -3.052e+03 1.406e+02 1.300e+01
|    ( - -5.736e+02 1 0)
|    ( WDBNDRY_B 0 -2.338e+03 9.666e+01 1.000e+01
|        ( - -6.169e+02 1 0)
|        ( - -1.625e+03 1 0)))
s>    ( QUESTION0_3_R 1 -3.052e+03 1.406e+02 1.300e+01
s>        ( - -5.736e+02 1 0)
s>        ( WDBNDRY_B 0 -2.338e+03 9.666e+01 1.000e+01
s>            ( - -6.169e+02 1 0)
s>            ( - -1.625e+03 1 0)))INFO: dtree.c(1478): Final simple tree
|( SILENCE -1 -2.864e+04 1.247e+02 1.111e+02
|    ( - -4.669e+03 2 0 QUESTION0_3_R 1 7.425e+01 1.874e+01)
|    ( QUESTION2 -1 -2.385e+04 1.186e+02 9.237e+01
|        ( QUESTION2_0_L -1 -4.356e+03 1.005e+02 1.791e+01
|            ( - -2.988e+03 1 0)
|            ( - -1.268e+03 1 0))
|        ( QUESTION11 -1 -1.937e+04 1.115e+02 7.446e+01
|            ( - -5.873e+03 1 0)
|            ( QUESTION2_7_L -1 -1.339e+04 1.022e+02 5.075e+01
|                ( QUESTION0_3_R 1 -3.922e+03 1.011e+02 1.594e+01
|                    ( - -3.071e+03 2 0 QUESTION5 -1 9.116e+01 1.294e+01)
|                    ( - -7.497e+02 1 0))
|                ( QUESTION1 -1 -9.365e+03 1.008e+02 3.481e+01
|                    ( - -2.080e+03 1 0)
|                    ( - -7.185e+03 4 0 QUESTION0_3_R 1 9.378e+01 2.681e+01))))))
s>    ( SILENCE -1 -2.864e+04 1.247e+02 1.111e+02
s>        ( - -4.669e+03 2 0 QUESTION0_3_R 1 7.425e+01 1.874e+01)
s>        ( QUESTION2 -1 -2.385e+04 1.186e+02 9.237e+01
s>            ( QUESTION2_0_L -1 -4.356e+03 1.005e+02 1.791e+01
s>                ( - -2.988e+03 1 0)
s>                ( - -1.268e+03 1 0))
s>            ( QUESTION11 -1 -1.937e+04 1.115e+02 7.446e+01
s>                ( - -5.873e+03 1 0)
s>                ( QUESTION2_7_L -1 -1.339e+04 1.022e+02 5.075e+01
s>                    ( QUESTION0_3_R 1 -3.922e+03 1.011e+02 1.594e+01
s>                        ( - -3.071e+03 2 0 QUESTION5 -1 9.116e+01 1.294e+01)
s>                        ( - -7.497e+02 1 0))
s>                    ( QUESTION1 -1 -9.365e+03 1.008e+02 3.481e+01
s>                        ( - -2.080e+03 1 0)
s>                        ( - -7.185e+03 4 0 QUESTION0_3_R 1 9.378e+01 2.681e+01))))))INFO: dtree.c(1315): Comp split 17
INFO: dtree.c(1439): stop. leaf nodes are specific
INFO: dtree.c(1478): Final simple tree
|( QUESTION11 -1 -1.079e+04 1.244e+02 4.438e+01
|    ( - -3.541e+03 1 0)
|    ( QUESTION2_1_L -1 -7.122e+03 9.973e+01 2.897e+01
|        ( WDBNDRY_E 0 -1.852e+03 7.260e+01 8.005e+00
|            ( - -4.568e+02 1 0)
|            ( - -1.323e+03 1 0))
|        ( QUESTION0_14_R 1 -5.170e+03 7.030e+01 2.096e+01
|            ( - -5.068e+02 1 0)
|            ( WDBNDRY_E 0 -4.593e+03 6.114e+01 1.896e+01
|                ( - -4.438e+02 1 0)
|                ( - -4.088e+03 2 0)))))
s>    ( QUESTION11 -1 -1.079e+04 1.244e+02 4.438e+01
s>        ( - -3.541e+03 1 0)
s>        ( QUESTION2_1_L -1 -7.122e+03 9.973e+01 2.897e+01
s>            ( WDBNDRY_E 0 -1.852e+03 7.260e+01 8.005e+00
s>                ( - -4.568e+02 1 0)
s>                ( - -1.323e+03 1 0))
s>            ( QUESTION0_14_R 1 -5.170e+03 7.030e+01 2.096e+01
s>                ( - -5.068e+02 1 0)
s>                ( WDBNDRY_E 0 -4.593e+03 6.114e+01 1.896e+01
s>                    ( - -4.438e+02 1 0)
s>                    ( - -4.088e+03 2 0)))))INFO: dtree.c(1315): Comp split 18
INFO: dtree.c(1439): stop. leaf nodes are specific
INFO: dtree.c(1478): Final simple tree
|( QUESTION0_3_R 1 -1.833e+04 1.093e+02 6.954e+01
|    ( QUESTION2_3_L -1 -9.125e+03 8.169e+01 3.481e+01
|        ( - -5.287e+02 1 0)
|        ( QUESTION2_1_L -1 -8.514e+03 6.872e+01 3.281e+01
|            ( - -4.293e+02 1 0)
|            ( - -8.016e+03 4 0)))
|    ( QUESTION2_2_L -1 -9.098e+03 9.881e+01 3.474e+01
|        ( - -6.637e+02 1 0)
|        ( QUESTION12 -1 -8.335e+03 7.555e+01 3.174e+01
|            ( - -6.554e+03 4 0)
|            ( QUESTION0 -1 -1.706e+03 7.144e+01 6.990e+00
|                ( - -4.128e+02 1 0)
|                ( - -1.222e+03 2 0)))))
s>    ( QUESTION0_3_R 1 -1.833e+04 1.093e+02 6.954e+01
s>        ( QUESTION2_3_L -1 -9.125e+03 8.169e+01 3.481e+01
s>            ( - -5.287e+02 1 0)
s>            ( QUESTION2_1_L -1 -8.514e+03 6.872e+01 3.281e+01
s>                ( - -4.293e+02 1 0)
s>                ( - -8.016e+03 4 0)))
s>        ( QUESTION2_2_L -1 -9.098e+03 9.881e+01 3.474e+01
s>            ( - -6.637e+02 1 0)
s>            ( QUESTION12 -1 -8.335e+03 7.555e+01 3.174e+01
s>                ( - -6.554e+03 4 0)
s>                ( QUESTION0 -1 -1.706e+03 7.144e+01 6.990e+00
s>                    ( - -4.128e+02 1 0)
s>                    ( - -1.222e+03 2 0)))))INFO: dtree.c(1439): stop. leaf nodes are specific
INFO: dtree.c(1478): Final simple tree
|( QUESTION0 -1 -7.680e+03 1.246e+02 3.095e+01
|    ( - -1.411e+03 1 0)
|    ( QUESTION14 -1 -6.145e+03 9.820e+01 2.495e+01
|        ( - -4.865e+03 3 0)
|        ( - -1.181e+03 1 0)))
s>    ( QUESTION0 -1 -7.680e+03 1.246e+02 3.095e+01
s>        ( - -1.411e+03 1 0)
s>        ( QUESTION14 -1 -6.145e+03 9.820e+01 2.495e+01
s>            ( - -4.865e+03 3 0)
s>            ( - -1.181e+03 1 0)))INFO: dtree.c(1315): Comp split 19
INFO: dtree.c(1439): stop. leaf nodes are specific
INFO: dtree.c(1478): Final simple tree
|( QUESTION2_1_L -1 -3.525e+03 7.882e+01 1.500e+01
|    ( - -3.012e+03 1 0)
|    ( - -4.342e+02 1 0))
s>    ( QUESTION2_1_L -1 -3.525e+03 7.882e+01 1.500e+01
s>        ( - -3.012e+03 1 0)
s>        ( - -4.342e+02 1 0))INFO: dtree.c(1315): Comp split 20
INFO: dtree.c(1439): stop. leaf nodes are specific
INFO: dtree.c(1478): Final simple tree
|( QUESTION0 -1 -7.887e+03 8.263e+01 3.181e+01
|    ( - -7.132e+03 1 0)
|    ( - -6.723e+02 1 0))
s>    ( QUESTION0 -1 -7.887e+03 8.263e+01 3.181e+01
s>        ( - -7.132e+03 1 0)
s>        ( - -6.723e+02 1 0))INFO: dtree.c(1439): stop. leaf nodes are specific
INFO: dtree.c(1478): Final simple tree
|( QUESTION11 -1 -5.358e+03 7.939e+01 2.061e+01
|    ( QUESTION0_3_R 1 -3.747e+03 6.668e+01 1.461e+01
|        ( - -2.502e+03 1 0)
|        ( - -1.179e+03 1 0))
|    ( WDBNDRY_E 0 -1.532e+03 5.860e+01 6.001e+00
|        ( - -4.750e+02 1 0)
|        ( - -9.984e+02 2 0)))
s>    ( QUESTION11 -1 -5.358e+03 7.939e+01 2.061e+01
s>        ( QUESTION0_3_R 1 -3.747e+03 6.668e+01 1.461e+01
s>            ( - -2.502e+03 1 0)
s>            ( - -1.179e+03 1 0))
s>        ( WDBNDRY_E 0 -1.532e+03 5.860e+01 6.001e+00
s>            ( - -4.750e+02 1 0)
s>            ( - -9.984e+02 2 0)))INFO: dtree.c(1315): Comp split 21
INFO: dtree.c(1478): Final simple tree
|( QUESTION13 -1 -1.752e+04 9.952e+01 6.823e+01
|    ( - -1.851e+03 1 0)
|    ( QUESTION13 1 -1.557e+04 9.729e+01 6.091e+01
|        ( - -8.414e+02 1 0)
|        ( QUESTION2_1_L -1 -1.463e+04 1.197e+02 5.716e+01
|            ( - -2.759e+03 1 0)
|            ( QUESTION2_14_L -1 -1.175e+04 9.473e+01 4.560e+01
|                ( WDBNDRY_B 0 -9.603e+02 9.242e+01 3.999e+00
|                    ( - -4.600e+02 1 0)
|                    ( - -4.079e+02 1 0))
|                ( WDBNDRY_E 0 -1.069e+04 8.609e+01 4.160e+01
|                    ( - -5.260e+02 1 0)
|                    ( WDBNDRY_B 0 -1.008e+04 7.760e+01 3.960e+01
|                        ( - -8.740e+03 6 0 QUESTION1 -1 6.954e+01 3.460e+01)
|                        ( - -1.263e+03 2 0 QUESTION0 -1 1.155e+02 4.995e+00)))))))
s>    ( QUESTION13 -1 -1.752e+04 9.952e+01 6.823e+01
s>        ( - -1.851e+03 1 0)
s>        ( QUESTION13 1 -1.557e+04 9.729e+01 6.091e+01
s>            ( - -8.414e+02 1 0)
s>            ( QUESTION2_1_L -1 -1.463e+04 1.197e+02 5.716e+01
s>                ( - -2.759e+03 1 0)
s>                ( QUESTION2_14_L -1 -1.175e+04 9.473e+01 4.560e+01
s>                    ( WDBNDRY_B 0 -9.603e+02 9.242e+01 3.999e+00
s>                        ( - -4.600e+02 1 0)
s>                        ( - -4.079e+02 1 0))
s>                    ( WDBNDRY_E 0 -1.069e+04 8.609e+01 4.160e+01
s>                        ( - -5.260e+02 1 0)
s>                        ( WDBNDRY_B 0 -1.008e+04 7.760e+01 3.960e+01
s>                            ( - -8.740e+03 6 0 QUESTION1 -1 6.954e+01 3.460e+01)
s>                            ( - -1.263e+03 2 0 QUESTION0 -1 1.155e+02 4.995e+00)))))))INFO: dtree.c(1315): Comp split 22
INFO: dtree.c(1439): stop. leaf nodes are specific
INFO: dtree.c(1478): Final simple tree
|( WDBNDRY_B 0 -2.338e+03 9.666e+01 1.000e+01
|    ( - -6.169e+02 1 0)
|    ( - -1.625e+03 1 0))
s>    ( WDBNDRY_B 0 -2.338e+03 9.666e+01 1.000e+01
s>        ( - -6.169e+02 1 0)
s>        ( - -1.625e+03 1 0))INFO: dtree.c(1315): Comp split 23
INFO: dtree.c(1439): stop. leaf nodes are specific
INFO: dtree.c(1478): Final simple tree
|( QUESTION2 -1 -1.432e+04 1.170e+02 5.745e+01
|    ( - -2.988e+03 1 0)
|    ( QUESTION4 -1 -1.122e+04 1.000e+02 4.465e+01
|        ( QUESTION5 -1 -3.071e+03 9.116e+01 1.294e+01
|            ( - -1.663e+03 1 0)
|            ( - -1.317e+03 1 0))
|        ( QUESTION0 -1 -8.048e+03 9.568e+01 3.170e+01
|            ( - -2.080e+03 1 0)
|            ( - -5.873e+03 1 0))))
s>    ( QUESTION2 -1 -1.432e+04 1.170e+02 5.745e+01
s>        ( - -2.988e+03 1 0)
s>        ( QUESTION4 -1 -1.122e+04 1.000e+02 4.465e+01
s>            ( QUESTION5 -1 -3.071e+03 9.116e+01 1.294e+01
s>                ( - -1.663e+03 1 0)
s>                ( - -1.317e+03 1 0))
s>            ( QUESTION0 -1 -8.048e+03 9.568e+01 3.170e+01
s>                ( - -2.080e+03 1 0)
s>                ( - -5.873e+03 1 0))))INFO: dtree.c(1478): Final simple tree
|( SILENCE -1 -1.418e+04 1.151e+02 5.365e+01
|    ( QUESTION0_3_R 1 -4.669e+03 7.425e+01 1.874e+01
|        ( - -3.009e+03 1 0)
|        ( - -1.585e+03 1 0))
|    ( QUESTION1 -1 -9.396e+03 1.016e+02 3.492e+01
|        ( - -1.268e+03 1 0)
|        ( QUESTION0_3_R 1 -8.026e+03 9.512e+01 2.981e+01
|            ( QUESTION16 -1 -6.345e+03 8.553e+01 2.378e+01
|                ( - -1.487e+03 1 0)
|                ( QUESTION0 -1 -4.773e+03 8.268e+01 1.878e+01
|                    ( - -4.773e+02 1 0)
|                    ( - -4.213e+03 1 0)))
|            ( QUESTION2_6_L -1 -1.587e+03 9.044e+01 6.033e+00
|                ( - -7.463e+02 1 0)
|                ( - -7.497e+02 1 0)))))
s>    ( SILENCE -1 -1.418e+04 1.151e+02 5.365e+01
s>        ( QUESTION0_3_R 1 -4.669e+03 7.425e+01 1.874e+01
s>            ( - -3.009e+03 1 0)
s>            ( - -1.585e+03 1 0))
s>        ( QUESTION1 -1 -9.396e+03 1.016e+02 3.492e+01
s>            ( - -1.268e+03 1 0)
s>            ( QUESTION0_3_R 1 -8.026e+03 9.512e+01 2.981e+01
s>                ( QUESTION16 -1 -6.345e+03 8.553e+01 2.378e+01
s>                    ( - -1.487e+03 1 0)
s>                    ( QUESTION0 -1 -4.773e+03 8.268e+01 1.878e+01
s>                        ( - -4.773e+02 1 0)
s>                        ( - -4.213e+03 1 0)))
s>                ( QUESTION2_6_L -1 -1.587e+03 9.044e+01 6.033e+00
s>                    ( - -7.463e+02 1 0)
s>                    ( - -7.497e+02 1 0)))))INFO: dtree.c(1315): Comp split 24
INFO: dtree.c(1439): stop. leaf nodes are specific
INFO: dtree.c(1478): Final simple tree
|( WDBNDRY_E 0 -3.193e+03 8.826e+01 1.120e+01
|    ( - -9.458e+02 1 0)
|    ( - -2.159e+03 1 0))
s>    ( WDBNDRY_E 0 -3.193e+03 8.826e+01 1.120e+01
s>        ( - -9.458e+02 1 0)
s>        ( - -2.159e+03 1 0))INFO: dtree.c(1439): stop. leaf nodes are specific
INFO: dtree.c(1478): Final simple tree
|( WDBNDRY_E 0 -5.426e+03 7.830e+01 2.102e+01
|    ( - -4.064e+02 1 0)
|    ( - -4.942e+03 1 0))
s>    ( WDBNDRY_E 0 -5.426e+03 7.830e+01 2.102e+01
s>        ( - -4.064e+02 1 0)
s>        ( - -4.942e+03 1 0))INFO: dtree.c(1315): Comp split 25
INFO: dtree.c(1439): stop. leaf nodes are specific
INFO: dtree.c(1478): Final simple tree
|( QUESTION14 -1 -6.145e+03 9.820e+01 2.495e+01
|    ( - -4.865e+03 3 0)
|    ( - -1.181e+03 1 0))
s>    ( QUESTION14 -1 -6.145e+03 9.820e+01 2.495e+01
s>        ( - -4.865e+03 3 0)
s>        ( - -1.181e+03 1 0))INFO: dtree.c(1315): Comp split 26
INFO: dtree.c(1439): stop. leaf nodes are specific
INFO: dtree.c(1478): Final simple tree
|( QUESTION2_1_L -1 -7.122e+03 9.973e+01 2.897e+01
|    ( WDBNDRY_E 0 -1.852e+03 7.260e+01 8.005e+00
|        ( - -4.568e+02 1 0)
|        ( - -1.323e+03 1 0))
|    ( QUESTION0_14_R 1 -5.170e+03 7.030e+01 2.096e+01
|        ( - -5.068e+02 1 0)
|        ( WDBNDRY_E 0 -4.593e+03 6.114e+01 1.896e+01
|            ( - -4.438e+02 1 0)
|            ( - -4.088e+03 2 0))))
s>    ( QUESTION2_1_L -1 -7.122e+03 9.973e+01 2.897e+01
s>        ( WDBNDRY_E 0 -1.852e+03 7.260e+01 8.005e+00
s>            ( - -4.568e+02 1 0)
s>            ( - -1.323e+03 1 0))
s>        ( QUESTION0_14_R 1 -5.170e+03 7.030e+01 2.096e+01
s>            ( - -5.068e+02 1 0)
s>            ( WDBNDRY_E 0 -4.593e+03 6.114e+01 1.896e+01
s>                ( - -4.438e+02 1 0)
s>                ( - -4.088e+03 2 0))))INFO: dtree.c(1315): Comp split 27
INFO: dtree.c(1478): Final simple tree
|( QUESTION13 -1 -1.463e+04 9.884e+01 5.667e+01
|    ( - -1.851e+03 1 0)
|    ( QUESTION13 1 -1.268e+04 9.359e+01 4.935e+01
|        ( - -8.414e+02 1 0)
|        ( QUESTION2_14_L -1 -1.175e+04 9.473e+01 4.560e+01
|            ( WDBNDRY_B 0 -9.603e+02 9.242e+01 3.999e+00
|                ( - -4.600e+02 1 0)
|                ( - -4.079e+02 1 0))
|            ( WDBNDRY_E 0 -1.069e+04 8.609e+01 4.160e+01
|                ( - -5.260e+02 1 0)
|                ( WDBNDRY_B 0 -1.008e+04 7.760e+01 3.960e+01
|                    ( - -8.740e+03 6 0 QUESTION1 -1 6.954e+01 3.460e+01)
|                    ( QUESTION0 -1 -1.263e+03 1.155e+02 4.995e+00
|                        ( - -7.290e+02 1 0)
|                        ( - -4.189e+02 1 0)))))))
s>    ( QUESTION13 -1 -1.463e+04 9.884e+01 5.667e+01
s>        ( - -1.851e+03 1 0)
s>        ( QUESTION13 1 -1.268e+04 9.359e+01 4.935e+01
s>            ( - -8.414e+02 1 0)
s>            ( QUESTION2_14_L -1 -1.175e+04 9.473e+01 4.560e+01
s>                ( WDBNDRY_B 0 -9.603e+02 9.242e+01 3.999e+00
s>                    ( - -4.600e+02 1 0)
s>                    ( - -4.079e+02 1 0))
s>                ( WDBNDRY_E 0 -1.069e+04 8.609e+01 4.160e+01
s>                    ( - -5.260e+02 1 0)
s>                    ( WDBNDRY_B 0 -1.008e+04 7.760e+01 3.960e+01
s>                        ( - -8.740e+03 6 0 QUESTION1 -1 6.954e+01 3.460e+01)
s>                        ( QUESTION0 -1 -1.263e+03 1.155e+02 4.995e+00
s>                            ( - -7.290e+02 1 0)
s>                            ( - -4.189e+02 1 0)))))))INFO: dtree.c(1315): Comp split 28
INFO: dtree.c(1439): stop. leaf nodes are specific
INFO: dtree.c(1478): Final simple tree
|( QUESTION13 1 -1.103e+04 9.378e+01 4.335e+01
|    ( - -8.414e+02 1 0)
|    ( WDBNDRY_B 0 -1.010e+04 9.335e+01 3.960e+01
|        ( QUESTION2_14_L -1 -9.276e+03 7.597e+01 3.660e+01
|            ( - -4.600e+02 1 0)
|            ( QUESTION1 -1 -8.740e+03 6.954e+01 3.460e+01
|                ( - -4.795e+02 1 0)
|                ( QUESTION0 -1 -8.191e+03 5.681e+01 3.260e+01
|                    ( - -2.077e+02 1 0)
|                    ( - -7.927e+03 4 0))))
|        ( - -7.290e+02 1 0)))
s>    ( QUESTION13 1 -1.103e+04 9.378e+01 4.335e+01
s>        ( - -8.414e+02 1 0)
s>        ( WDBNDRY_B 0 -1.010e+04 9.335e+01 3.960e+01
s>            ( QUESTION2_14_L -1 -9.276e+03 7.597e+01 3.660e+01
s>                ( - -4.600e+02 1 0)
s>                ( QUESTION1 -1 -8.740e+03 6.954e+01 3.460e+01
s>                    ( - -4.795e+02 1 0)
s>                    ( QUESTION0 -1 -8.191e+03 5.681e+01 3.260e+01
s>                        ( - -2.077e+02 1 0)
s>                        ( - -7.927e+03 4 0))))
s>            ( - -7.290e+02 1 0)))INFO: dtree.c(1439): stop. leaf nodes are specific
INFO: dtree.c(1478): Final simple tree
|( QUESTION0 -1 -3.476e+03 9.244e+01 1.332e+01
|    ( - -4.079e+02 1 0)
|    ( WDBNDRY_E 0 -2.975e+03 8.713e+01 1.132e+01
|        ( - -5.260e+02 1 0)
|        ( WDBNDRY_B 0 -2.362e+03 9.190e+01 9.323e+00
|            ( - -1.851e+03 1 0)
|            ( - -4.189e+02 1 0))))
s>    ( QUESTION0 -1 -3.476e+03 9.244e+01 1.332e+01
s>        ( - -4.079e+02 1 0)
s>        ( WDBNDRY_E 0 -2.975e+03 8.713e+01 1.132e+01
s>            ( - -5.260e+02 1 0)
s>            ( WDBNDRY_B 0 -2.362e+03 9.190e+01 9.323e+00
s>                ( - -1.851e+03 1 0)
s>                ( - -4.189e+02 1 0))))INFO: dtree.c(1315): Comp split 29
INFO: dtree.c(1439): stop. leaf nodes are specific
INFO: dtree.c(1478): Final simple tree
|( QUESTION0_3_R 1 -7.188e+03 9.318e+01 2.678e+01
|    ( QUESTION16 -1 -6.345e+03 8.553e+01 2.378e+01
|        ( - -1.487e+03 1 0)
|        ( QUESTION0 -1 -4.773e+03 8.268e+01 1.878e+01
|            ( - -4.773e+02 1 0)
|            ( - -4.213e+03 1 0)))
|    ( - -7.497e+02 1 0))
s>    ( QUESTION0_3_R 1 -7.188e+03 9.318e+01 2.678e+01
s>        ( QUESTION16 -1 -6.345e+03 8.553e+01 2.378e+01
s>            ( - -1.487e+03 1 0)
s>            ( QUESTION0 -1 -4.773e+03 8.268e+01 1.878e+01
s>                ( - -4.773e+02 1 0)
s>                ( - -4.213e+03 1 0)))
s>        ( - -7.497e+02 1 0))INFO: dtree.c(1439): stop. leaf nodes are specific
INFO: dtree.c(1478): Final simple tree
|( SILENCE -1 -6.868e+03 9.781e+01 2.687e+01
|    ( QUESTION0_3_R 1 -4.669e+03 7.425e+01 1.874e+01
|        ( - -3.009e+03 1 0)
|        ( - -1.585e+03 1 0))
|    ( QUESTION0_3_R 1 -2.101e+03 8.742e+01 8.137e+00
|        ( - -1.268e+03 1 0)
|        ( - -7.463e+02 1 0)))
s>    ( SILENCE -1 -6.868e+03 9.781e+01 2.687e+01
s>        ( QUESTION0_3_R 1 -4.669e+03 7.425e+01 1.874e+01
s>            ( - -3.009e+03 1 0)
s>            ( - -1.585e+03 1 0))
s>        ( QUESTION0_3_R 1 -2.101e+03 8.742e+01 8.137e+00
s>            ( - -1.268e+03 1 0)
s>            ( - -7.463e+02 1 0)))INFO: dtree.c(1315): Comp split 30
INFO: dtree.c(1439): stop. leaf nodes are specific
INFO: dtree.c(1478): Final simple tree
|( QUESTION2_3_L -1 -9.601e+03 8.298e+01 3.679e+01
|    ( - -5.287e+02 1 0)
|    ( QUESTION2_1_L -1 -8.989e+03 6.825e+01 3.479e+01
|        ( - -4.293e+02 1 0)
|        ( QUESTION0_3_R 1 -8.491e+03 6.222e+01 3.282e+01
|            ( - -8.016e+03 4 0)
|            ( - -4.128e+02 1 0))))
s>    ( QUESTION2_3_L -1 -9.601e+03 8.298e+01 3.679e+01
s>        ( - -5.287e+02 1 0)
s>        ( QUESTION2_1_L -1 -8.989e+03 6.825e+01 3.479e+01
s>            ( - -4.293e+02 1 0)
s>            ( QUESTION0_3_R 1 -8.491e+03 6.222e+01 3.282e+01
s>                ( - -8.016e+03 4 0)
s>                ( - -4.128e+02 1 0))))INFO: dtree.c(1439): stop. leaf nodes are specific
INFO: dtree.c(1478): Final simple tree
|( QUESTION2_2_L -1 -8.614e+03 9.971e+01 3.276e+01
|    ( - -6.637e+02 1 0)
|    ( QUESTION11 -1 -7.850e+03 7.487e+01 2.976e+01
|        ( - -1.222e+03 2 0)
|        ( - -6.554e+03 4 0)))
s>    ( QUESTION2_2_L -1 -8.614e+03 9.971e+01 3.276e+01
s>        ( - -6.637e+02 1 0)
s>        ( QUESTION11 -1 -7.850e+03 7.487e+01 2.976e+01
s>            ( - -1.222e+03 2 0)
s>            ( - -6.554e+03 4 0)))INFO: dtree.c(1315): Comp split 31
INFO: dtree.c(1439): stop. leaf nodes are specific
INFO: dtree.c(1478): Final simple tree
|( QUESTION4 -1 -1.122e+04 1.000e+02 4.465e+01
|    ( QUESTION5 -1 -3.071e+03 9.116e+01 1.294e+01
|        ( - -1.663e+03 1 0)
|        ( - -1.317e+03 1 0))
|    ( QUESTION0 -1 -8.048e+03 9.568e+01 3.170e+01
|        ( - -2.080e+03 1 0)
|        ( - -5.873e+03 1 0)))
s>    ( QUESTION4 -1 -1.122e+04 1.000e+02 4.465e+01
s>        ( QUESTION5 -1 -3.071e+03 9.116e+01 1.294e+01
s>            ( - -1.663e+03 1 0)
s>            ( - -1.317e+03 1 0))
s>        ( QUESTION0 -1 -8.048e+03 9.568e+01 3.170e+01
s>            ( - -2.080e+03 1 0)
s>            ( - -5.873e+03 1 0)))INFO: dtree.c(1315): Comp split 32
INFO: dtree.c(1315): Comp split 33
INFO: dtree.c(1439): stop. leaf nodes are specific
INFO: dtree.c(1478): Final simple tree
|( QUESTION11 -1 -9.925e+02 8.052e+01 4.000e+00
|    ( - -6.815e+02 1 0)
|    ( - -2.304e+02 1 0))
s>    ( QUESTION11 -1 -9.925e+02 8.052e+01 4.000e+00
s>        ( - -6.815e+02 1 0)
s>        ( - -2.304e+02 1 0))INFO: dtree.c(1315): Comp split 34
INFO: dtree.c(1439): stop. leaf nodes are specific
INFO: dtree.c(1478): Final simple tree
|( QUESTION0 -1 -3.621e+03 9.237e+01 1.400e+01
|    ( - -6.654e+02 1 0)
|    ( WDBNDRY_B 0 -2.863e+03 9.979e+01 1.100e+01
|        ( - -1.584e+03 2 0)
|        ( - -1.180e+03 1 0)))
s>    ( QUESTION0 -1 -3.621e+03 9.237e+01 1.400e+01
s>        ( - -6.654e+02 1 0)
s>        ( WDBNDRY_B 0 -2.863e+03 9.979e+01 1.100e+01
s>            ( - -1.584e+03 2 0)
s>            ( - -1.180e+03 1 0)))INFO: dtree.c(1315): Comp split 35
INFO: dtree.c(1439): stop. leaf nodes are specific
INFO: dtree.c(1478): Final simple tree
|( QUESTION1 -1 -3.836e+03 9.350e+01 1.494e+01
|    ( - -2.080e+03 1 0)
|    ( - -1.663e+03 1 0))
s>    ( QUESTION1 -1 -3.836e+03 9.350e+01 1.494e+01
s>        ( - -2.080e+03 1 0)
s>        ( - -1.663e+03 1 0))INFO: dtree.c(1439): stop. leaf nodes are specific
INFO: dtree.c(1478): Final simple tree
|( QUESTION0 -1 -7.279e+03 8.959e+01 2.970e+01
|    ( - -1.317e+03 1 0)
|    ( - -5.873e+03 1 0))
s>    ( QUESTION0 -1 -7.279e+03 8.959e+01 2.970e+01
s>        ( - -1.317e+03 1 0)
s>        ( - -5.873e+03 1 0))INFO: dtree.c(1315): Comp split 36
INFO: dtree.c(1439): stop. leaf nodes are specific
INFO: dtree.c(1478): Final simple tree
|( QUESTION0_14_R 1 -5.696e+03 7.961e+01 2.296e+01
|    ( QUESTION2_1_L -1 -1.024e+03 6.017e+01 4.000e+00
|        ( - -4.568e+02 1 0)
|        ( - -5.068e+02 1 0))
|    ( WDBNDRY_E 0 -4.593e+03 6.114e+01 1.896e+01
|        ( - -4.438e+02 1 0)
|        ( - -4.088e+03 2 0)))
s>    ( QUESTION0_14_R 1 -5.696e+03 7.961e+01 2.296e+01
s>        ( QUESTION2_1_L -1 -1.024e+03 6.017e+01 4.000e+00
s>            ( - -4.568e+02 1 0)
s>            ( - -5.068e+02 1 0))
s>        ( WDBNDRY_E 0 -4.593e+03 6.114e+01 1.896e+01
s>            ( - -4.438e+02 1 0)
s>            ( - -4.088e+03 2 0)))INFO: dtree.c(1315): Comp split 37
INFO: dtree.c(1439): stop. leaf nodes are specific
INFO: dtree.c(1478): Final simple tree
|( QUESTION11 -1 -7.850e+03 7.487e+01 2.976e+01
|    ( - -1.222e+03 2 0)
|    ( - -6.554e+03 4 0))
s>    ( QUESTION11 -1 -7.850e+03 7.487e+01 2.976e+01
s>        ( - -1.222e+03 2 0)
s>        ( - -6.554e+03 4 0))INFO: dtree.c(1315): Comp split 38
INFO: dtree.c(1315): Comp split 39
INFO: dtree.c(1439): stop. leaf nodes are specific
INFO: dtree.c(1478): Final simple tree
|( QUESTION0_3_R 1 -2.101e+03 8.742e+01 8.137e+00
|    ( - -1.268e+03 1 0)
|    ( - -7.463e+02 1 0))
s>    ( QUESTION0_3_R 1 -2.101e+03 8.742e+01 8.137e+00
s>        ( - -1.268e+03 1 0)
s>        ( - -7.463e+02 1 0))INFO: dtree.c(1439): stop. leaf nodes are specific
INFO: dtree.c(1478): Final simple tree
|( QUESTION0_3_R 1 -4.669e+03 7.425e+01 1.874e+01
|    ( - -3.009e+03 1 0)
|    ( - -1.585e+03 1 0))
s>    ( QUESTION0_3_R 1 -4.669e+03 7.425e+01 1.874e+01
s>        ( - -3.009e+03 1 0)
s>        ( - -1.585e+03 1 0))INFO: dtree.c(1315): Comp split 40
INFO: dtree.c(1439): stop. leaf nodes are specific
INFO: dtree.c(1478): Final simple tree
|( WDBNDRY_B 0 -1.939e+03 9.447e+01 8.000e+00
|    ( - -6.654e+02 1 0)
|    ( - -1.180e+03 1 0))
s>    ( WDBNDRY_B 0 -1.939e+03 9.447e+01 8.000e+00
s>        ( - -6.654e+02 1 0)
s>        ( - -1.180e+03 1 0))INFO: dtree.c(1315): Comp split 41
INFO: dtree.c(1315): Comp split 42
INFO: dtree.c(1439): stop. leaf nodes are specific
INFO: dtree.c(1478): Final simple tree
|( WDBNDRY_B 0 -1.021e+04 9.249e+01 4.036e+01
|    ( QUESTION2_14_L -1 -9.276e+03 7.597e+01 3.660e+01
|        ( - -4.600e+02 1 0)
|        ( QUESTION1 -1 -8.740e+03 6.954e+01 3.460e+01
|            ( - -4.795e+02 1 0)
|            ( QUESTION0 -1 -8.191e+03 5.681e+01 3.260e+01
|                ( - -2.077e+02 1 0)
|                ( - -7.927e+03 4 0))))
|    ( - -8.414e+02 1 0))
s>    ( WDBNDRY_B 0 -1.021e+04 9.249e+01 4.036e+01
s>        ( QUESTION2_14_L -1 -9.276e+03 7.597e+01 3.660e+01
s>            ( - -4.600e+02 1 0)
s>            ( QUESTION1 -1 -8.740e+03 6.954e+01 3.460e+01
s>                ( - -4.795e+02 1 0)
s>                ( QUESTION0 -1 -8.191e+03 5.681e+01 3.260e+01
s>                    ( - -2.077e+02 1 0)
s>                    ( - -7.927e+03 4 0))))
s>        ( - -8.414e+02 1 0))INFO: dtree.c(1315): Comp split 43
INFO: dtree.c(1315): Comp split 44
INFO: dtree.c(1439): stop. leaf nodes are specific
INFO: dtree.c(1478): Final simple tree
|( QUESTION0 -1 -4.773e+03 8.268e+01 1.878e+01
|    ( - -4.773e+02 1 0)
|    ( - -4.213e+03 1 0))
s>    ( QUESTION0 -1 -4.773e+03 8.268e+01 1.878e+01
s>        ( - -4.773e+02 1 0)
s>        ( - -4.213e+03 1 0))INFO: dtree.c(1439): stop. leaf nodes are specific
INFO: dtree.c(1478): Final simple tree
|( QUESTION0_3_R 1 -2.321e+03 8.500e+01 8.001e+00
|    ( - -1.487e+03 1 0)
|    ( - -7.497e+02 1 0))
s>    ( QUESTION0_3_R 1 -2.321e+03 8.500e+01 8.001e+00
s>        ( - -1.487e+03 1 0)
s>        ( - -7.497e+02 1 0))INFO: dtree.c(1315): Comp split 45
INFO: dtree.c(1315): Comp split 46
INFO: dtree.c(1439): stop. leaf nodes are specific
INFO: dtree.c(1478): Final simple tree
|( QUESTION2_14_L -1 -9.276e+03 7.597e+01 3.660e+01
|    ( - -4.600e+02 1 0)
|    ( QUESTION1 -1 -8.740e+03 6.954e+01 3.460e+01
|        ( - -4.795e+02 1 0)
|        ( QUESTION0 -1 -8.191e+03 5.681e+01 3.260e+01
|            ( - -2.077e+02 1 0)
|            ( - -7.927e+03 4 0))))
s>    ( QUESTION2_14_L -1 -9.276e+03 7.597e+01 3.660e+01
s>        ( - -4.600e+02 1 0)
s>        ( QUESTION1 -1 -8.740e+03 6.954e+01 3.460e+01
s>            ( - -4.795e+02 1 0)
s>            ( QUESTION0 -1 -8.191e+03 5.681e+01 3.260e+01
s>                ( - -2.077e+02 1 0)
s>                ( - -7.927e+03 4 0))))INFO: dtree.c(1315): Comp split 47
INFO: dtree.c(1439): stop. leaf nodes are specific
INFO: dtree.c(1478): Final simple tree
|( WDBNDRY_E 0 -2.975e+03 8.713e+01 1.132e+01
|    ( - -5.260e+02 1 0)
|    ( WDBNDRY_B 0 -2.362e+03 9.190e+01 9.323e+00
|        ( - -1.851e+03 1 0)
|        ( - -4.189e+02 1 0)))
s>    ( WDBNDRY_E 0 -2.975e+03 8.713e+01 1.132e+01
s>        ( - -5.260e+02 1 0)
s>        ( WDBNDRY_B 0 -2.362e+03 9.190e+01 9.323e+00
s>            ( - -1.851e+03 1 0)
s>            ( - -4.189e+02 1 0)))INFO: dtree.c(1315): Comp split 48
INFO: dtree.c(1315): Comp split 49
INFO: dtree.c(1315): Comp split 50
INFO: dtree.c(1315): Comp split 51
INFO: dtree.c(1439): stop. leaf nodes are specific
INFO: dtree.c(1478): Final simple tree
|( WDBNDRY_B 0 -2.362e+03 9.190e+01 9.323e+00
|    ( - -1.851e+03 1 0)
|    ( - -4.189e+02 1 0))
s>    ( WDBNDRY_B 0 -2.362e+03 9.190e+01 9.323e+00
s>        ( - -1.851e+03 1 0)
s>        ( - -4.189e+02 1 0))INFO: dtree.c(1315): Comp split 52
INFO: dtree.c(1315): Comp split 53
INFO: dtree.c(1315): Comp split 54
INFO: dtree.c(1439): stop. leaf nodes are specific
INFO: dtree.c(1478): Final simple tree
|( QUESTION4 -1 -6.430e+03 8.368e+01 2.503e+01
|    ( - -4.418e+02 1 0)
|    ( QUESTION0_2_R 1 -5.905e+03 6.666e+01 2.303e+01
|        ( QUESTION0_3_R 1 -9.930e+02 6.324e+01 4.004e+00
|            ( - -4.797e+02 1 0)
|            ( - -4.501e+02 1 0))
|        ( - -4.845e+03 2 0)))
s>    ( QUESTION4 -1 -6.430e+03 8.368e+01 2.503e+01
s>        ( - -4.418e+02 1 0)
s>        ( QUESTION0_2_R 1 -5.905e+03 6.666e+01 2.303e+01
s>            ( QUESTION0_3_R 1 -9.930e+02 6.324e+01 4.004e+00
s>                ( - -4.797e+02 1 0)
s>                ( - -4.501e+02 1 0))
s>            ( - -4.845e+03 2 0)))INFO: dtree.c(1315): Comp split 55
INFO: dtree.c(1439): stop. leaf nodes are specific
INFO: dtree.c(1478): Final simple tree
|( QUESTION0_2_R 1 -5.905e+03 6.666e+01 2.303e+01
|    ( QUESTION0_3_R 1 -9.930e+02 6.324e+01 4.004e+00
|        ( - -4.797e+02 1 0)
|        ( - -4.501e+02 1 0))
|    ( - -4.845e+03 2 0))
s>    ( QUESTION0_2_R 1 -5.905e+03 6.666e+01 2.303e+01
s>        ( QUESTION0_3_R 1 -9.930e+02 6.324e+01 4.004e+00
s>            ( - -4.797e+02 1 0)
s>            ( - -4.501e+02 1 0))
s>        ( - -4.845e+03 2 0))INFO: dtree.c(1315): Comp split 56
INFO: dtree.c(1439): stop. leaf nodes are specific
INFO: dtree.c(1478): Final simple tree
|( QUESTION2_1_L -1 -8.989e+03 6.825e+01 3.479e+01
|    ( - -4.293e+02 1 0)
|    ( QUESTION0_3_R 1 -8.491e+03 6.222e+01 3.282e+01
|        ( - -8.016e+03 4 0)
|        ( - -4.128e+02 1 0)))
s>    ( QUESTION2_1_L -1 -8.989e+03 6.825e+01 3.479e+01
s>        ( - -4.293e+02 1 0)
s>        ( QUESTION0_3_R 1 -8.491e+03 6.222e+01 3.282e+01
s>            ( - -8.016e+03 4 0)
s>            ( - -4.128e+02 1 0)))INFO: dtree.c(1315): Comp split 57
INFO: dtree.c(1315): Comp split 58
INFO: dtree.c(1315): Comp split 59
INFO: dtree.c(1439): stop. leaf nodes are specific
INFO: dtree.c(1478): Final simple tree
|( QUESTION11 -1 -2.776e+03 6.492e+01 1.004e+01
|    ( - -1.179e+03 1 0)
|    ( WDBNDRY_E 0 -1.532e+03 5.860e+01 6.001e+00
|        ( - -4.750e+02 1 0)
|        ( - -9.984e+02 2 0)))
s>    ( QUESTION11 -1 -2.776e+03 6.492e+01 1.004e+01
s>        ( - -1.179e+03 1 0)
s>        ( WDBNDRY_E 0 -1.532e+03 5.860e+01 6.001e+00
s>            ( - -4.750e+02 1 0)
s>            ( - -9.984e+02 2 0)))INFO: dtree.c(1315): Comp split 60
INFO: dtree.c(1315): Comp split 61
INFO: dtree.c(1439): stop. leaf nodes are specific
INFO: dtree.c(1478): Final simple tree
|( WDBNDRY_E 0 -4.593e+03 6.114e+01 1.896e+01
|    ( - -4.438e+02 1 0)
|    ( - -4.088e+03 2 0))
s>    ( WDBNDRY_E 0 -4.593e+03 6.114e+01 1.896e+01
s>        ( - -4.438e+02 1 0)
s>        ( - -4.088e+03 2 0))INFO: dtree.c(1439): stop. leaf nodes are specific
INFO: dtree.c(1478): Final simple tree
|( QUESTION2_1_L -1 -1.024e+03 6.017e+01 4.000e+00
|    ( - -4.568e+02 1 0)
|    ( - -5.068e+02 1 0))
s>    ( QUESTION2_1_L -1 -1.024e+03 6.017e+01 4.000e+00
s>        ( - -4.568e+02 1 0)
s>        ( - -5.068e+02 1 0))INFO: dtree.c(1315): Comp split 62
INFO: dtree.c(1315): Comp split 63
INFO: dtree.c(1315): Comp split 64
INFO: dtree.c(1439): stop. leaf nodes are specific
INFO: dtree.c(1478): Final simple tree
|( QUESTION1 -1 -8.740e+03 6.954e+01 3.460e+01
|    ( - -4.795e+02 1 0)
|    ( QUESTION0 -1 -8.191e+03 5.681e+01 3.260e+01
|        ( - -2.077e+02 1 0)
|        ( - -7.927e+03 4 0)))
s>    ( QUESTION1 -1 -8.740e+03 6.954e+01 3.460e+01
s>        ( - -4.795e+02 1 0)
s>        ( QUESTION0 -1 -8.191e+03 5.681e+01 3.260e+01
s>            ( - -2.077e+02 1 0)
s>            ( - -7.927e+03 4 0)))INFO: dtree.c(1315): Comp split 65
INFO: dtree.c(1315): Comp split 66
INFO: dtree.c(1315): Comp split 67
INFO: dtree.c(1439): stop. leaf nodes are specific
INFO: dtree.c(1478): Final simple tree
|( QUESTION0 -1 -8.191e+03 5.681e+01 3.260e+01
|    ( - -2.077e+02 1 0)
|    ( - -7.927e+03 4 0))
s>    ( QUESTION0 -1 -8.191e+03 5.681e+01 3.260e+01
s>        ( - -2.077e+02 1 0)
s>        ( - -7.927e+03 4 0))INFO: dtree.c(1315): Comp split 68
INFO: dtree.c(1439): stop. leaf nodes are specific
INFO: dtree.c(1478): Final simple tree
|( QUESTION0_3_R 1 -8.491e+03 6.222e+01 3.282e+01
|    ( - -8.016e+03 4 0)
|    ( - -4.128e+02 1 0))
s>    ( QUESTION0_3_R 1 -8.491e+03 6.222e+01 3.282e+01
s>        ( - -8.016e+03 4 0)
s>        ( - -4.128e+02 1 0))INFO: dtree.c(1315): Comp split 69
INFO: dtree.c(1439): stop. leaf nodes are specific
INFO: dtree.c(1478): Final simple tree
|( QUESTION0_3_R 1 -9.930e+02 6.324e+01 4.004e+00
|    ( - -4.797e+02 1 0)
|    ( - -4.501e+02 1 0))
s>    ( QUESTION0_3_R 1 -9.930e+02 6.324e+01 4.004e+00
s>        ( - -4.797e+02 1 0)
s>        ( - -4.501e+02 1 0))INFO: dtree.c(1315): Comp split 70
INFO: dtree.c(1439): stop. leaf nodes are specific
INFO: dtree.c(1478): Final simple tree
|( WDBNDRY_E 0 -1.532e+03 5.860e+01 6.001e+00
|    ( - -4.750e+02 1 0)
|    ( - -9.984e+02 2 0))
s>    ( WDBNDRY_E 0 -1.532e+03 5.860e+01 6.001e+00
s>        ( - -4.750e+02 1 0)
s>        ( - -9.984e+02 2 0))INFO: dtree.c(1315): Comp split 71
INFO: dtree.c(1315): Comp split 72
INFO: dtree.c(1315): Comp split 73
INFO: dtree.c(1315): Comp split 74
INFO: dtree.c(1315): Comp split 75
INFO: dtree.c(1315): Comp split 76
INFO: dtree.c(1315): Comp split 77
INFO: dtree.c(1318): stop. leaf nodes are specific
Thu May  7 00:23:26 2020
