Current configuration:
[NAME]		[DEFLT]	[VALUE]
-allphones	no	no
-cntthresh	0.00001	1.000000e-05
-csplitmax	100	2000
-csplitmin	1	1
-csplitthr	8e-4	0.000000e+00
-example	no	no
-fullvar	no	no
-help		no	no
-meanfn			/home/abdy/Desktop/diploma/kg/model_parameters/kg.cd_cont_untied/means
-mixwfn			/home/abdy/Desktop/diploma/kg/model_parameters/kg.cd_cont_untied/mixture_weights
-moddeffn		/home/abdy/Desktop/diploma/kg/model_architecture/kg.untied.mdef
-mwfloor	1e-4	1.000000e-08
-phone			n
-psetfn			/home/abdy/Desktop/diploma/kg/model_architecture/kg.tree_questions
-ssplitmax	5	7
-ssplitmin	1	1
-ssplitthr	8e-4	0.000000e+00
-state			1
-stwt			1.0,0.05,0.0,
-treefn			/home/abdy/Desktop/diploma/kg/trees/kg.unpruned/n-1.dtree
-ts2cbfn	.semi.	.cont.
-varfloor	0.00001	1.000000e-05
-varfn			/home/abdy/Desktop/diploma/kg/model_parameters/kg.cd_cont_untied/variances

INFO: main.c(223): Reading: /home/abdy/Desktop/diploma/kg/model_architecture/kg.untied.mdef
INFO: model_def_io.c(573): Model definition info:
INFO: model_def_io.c(574): 10297 total models defined (47 base, 10250 tri)
INFO: model_def_io.c(575): 41188 total states
INFO: model_def_io.c(576): 30891 total tied states
INFO: model_def_io.c(577): 141 total tied CI states
INFO: model_def_io.c(578): 47 total tied transition matrices
INFO: model_def_io.c(579): 4 max state/model
INFO: model_def_io.c(580): 4 min state/model
INFO: main.c(242): Building trees for [n SIL a b] through [n z u b]
INFO: main.c(269): Covering states |[14916 16253]| == 1338
INFO: main.c(275): Reading: /home/abdy/Desktop/diploma/kg/model_parameters/kg.cd_cont_untied/mixture_weights
INFO: s3mixw_io.c(173): Read /home/abdy/Desktop/diploma/kg/model_parameters/kg.cd_cont_untied/mixture_weights [1338x1x1 array]
INFO: main.c(311): 143 of 446 models have observation count greater than 0.000010
INFO: main.c(95): nrm stwt: 0.045 0.909 0.045 
INFO: s3gau_io.c(169): Read /home/abdy/Desktop/diploma/kg/model_parameters/kg.cd_cont_untied/means [30891x1x1 array]
INFO: s3gau_io.c(169): Read /home/abdy/Desktop/diploma/kg/model_parameters/kg.cd_cont_untied/variances [30891x1x1 array]
INFO: main.c(549): Reading: /home/abdy/Desktop/diploma/kg/model_architecture/kg.tree_questions
INFO: main.c(588): 174 total simple questions (166 phone; 8 word bndry)
INFO: main.c(590): 40 Left Only questions, and 42 Right Only questions
INFO: dtree.c(1478): Final simple tree
|( SILENCE 1 -2.560e+05 2.742e+03 1.105e+03
|    ( QUESTION2_2_L -1 -4.257e+04 2.687e+02 1.784e+02
|        ( - -2.561e+03 1 0)
|        ( - -3.974e+04 5 0 QUESTION11 -1 1.762e+02 1.669e+02))
|    ( QUESTION0 1 -2.107e+05 9.343e+02 9.262e+02
|        ( QUESTION5 1 -1.191e+05 4.596e+02 5.310e+02
|            ( - -5.203e+04 21 0 QUESTION2_3_L -1 2.273e+02 2.411e+02)
|            ( - -6.660e+04 51 0 QUESTION0_9_R 1 2.268e+02 2.899e+02))
|        ( QUESTION3 -1 -9.066e+04 4.812e+02 3.951e+02
|            ( - 2.162e+02 1 0)
|            ( QUESTION2_6_L -1 -9.039e+04 4.679e+02 3.941e+02
|                ( - 1.972e+02 1 0)
|                ( QUESTION0_7_R 1 -9.012e+04 2.664e+02 3.931e+02
|                    ( - -2.938e+04 15 0 WDBNDRY_E 0 2.425e+02 1.324e+02)
|                    ( - -6.047e+04 48 0 QUESTION0_3_R 1 2.057e+02 2.607e+02))))))
s>    ( SILENCE 1 -2.560e+05 2.742e+03 1.105e+03
s>        ( QUESTION2_2_L -1 -4.257e+04 2.687e+02 1.784e+02
s>            ( - -2.561e+03 1 0)
s>            ( - -3.974e+04 5 0 QUESTION11 -1 1.762e+02 1.669e+02))
s>        ( QUESTION0 1 -2.107e+05 9.343e+02 9.262e+02
s>            ( QUESTION5 1 -1.191e+05 4.596e+02 5.310e+02
s>                ( - -5.203e+04 21 0 QUESTION2_3_L -1 2.273e+02 2.411e+02)
s>                ( - -6.660e+04 51 0 QUESTION0_9_R 1 2.268e+02 2.899e+02))
s>            ( QUESTION3 -1 -9.066e+04 4.812e+02 3.951e+02
s>                ( - 2.162e+02 1 0)
s>                ( QUESTION2_6_L -1 -9.039e+04 4.679e+02 3.941e+02
s>                    ( - 1.972e+02 1 0)
s>                    ( QUESTION0_7_R 1 -9.012e+04 2.664e+02 3.931e+02
s>                        ( - -2.938e+04 15 0 WDBNDRY_E 0 2.425e+02 1.324e+02)
s>                        ( - -6.047e+04 48 0 QUESTION0_3_R 1 2.057e+02 2.607e+02))))))INFO: dtree.c(1315): Comp split 0
INFO: dtree.c(1439): stop. leaf nodes are specific
INFO: dtree.c(1478): Final simple tree
|( WDBNDRY_E 0 -4.283e+04 4.570e+02 1.794e+02
|    ( QUESTION2_2_L -1 -4.257e+04 2.687e+02 1.784e+02
|        ( - -2.561e+03 1 0)
|        ( QUESTION11 -1 -3.974e+04 1.762e+02 1.669e+02
|            ( - -3.056e+04 1 0)
|            ( QUESTION2_1_L -1 -8.999e+03 1.987e+02 3.658e+01
|                ( - -3.650e+03 1 0)
|                ( - -5.150e+03 3 0))))
|    ( - 1.972e+02 1 0))
s>    ( WDBNDRY_E 0 -4.283e+04 4.570e+02 1.794e+02
s>        ( QUESTION2_2_L -1 -4.257e+04 2.687e+02 1.784e+02
s>            ( - -2.561e+03 1 0)
s>            ( QUESTION11 -1 -3.974e+04 1.762e+02 1.669e+02
s>                ( - -3.056e+04 1 0)
s>                ( QUESTION2_1_L -1 -8.999e+03 1.987e+02 3.658e+01
s>                    ( - -3.650e+03 1 0)
s>                    ( - -5.150e+03 3 0))))
s>        ( - 1.972e+02 1 0))INFO: dtree.c(1478): Final simple tree
|( QUESTION0 1 -2.104e+05 9.398e+02 9.252e+02
|    ( QUESTION5 1 -1.191e+05 4.596e+02 5.310e+02
|        ( QUESTION2_3_L -1 -5.203e+04 2.273e+02 2.411e+02
|            ( - -1.584e+04 6 0 WDBNDRY_E 0 1.763e+02 7.470e+01)
|            ( QUESTION0_11_R 1 -3.597e+04 2.789e+02 1.664e+02
|                ( - -2.744e+04 10 0 QUESTION2_1_L -1 2.359e+02 1.303e+02)
|                ( - -8.247e+03 5 0 QUESTION7 1 1.656e+02 3.614e+01)))
|        ( - -6.660e+04 51 0 QUESTION0_9_R 1 2.268e+02 2.899e+02))
|    ( QUESTION3 -1 -9.039e+04 4.812e+02 3.941e+02
|        ( - 2.162e+02 1 0)
|        ( QUESTION0_7_R 1 -9.012e+04 2.664e+02 3.931e+02
|            ( WDBNDRY_E 0 -2.938e+04 2.425e+02 1.324e+02
|                ( - -9.067e+03 5 0 QUESTION2_2_L -1 1.948e+02 4.340e+01)
|                ( - -2.007e+04 10 0 QUESTION19 -1 2.150e+02 8.904e+01))
|            ( - -6.047e+04 48 0 QUESTION0_3_R 1 2.057e+02 2.607e+02))))
s>    ( QUESTION0 1 -2.104e+05 9.398e+02 9.252e+02
s>        ( QUESTION5 1 -1.191e+05 4.596e+02 5.310e+02
s>            ( QUESTION2_3_L -1 -5.203e+04 2.273e+02 2.411e+02
s>                ( - -1.584e+04 6 0 WDBNDRY_E 0 1.763e+02 7.470e+01)
s>                ( QUESTION0_11_R 1 -3.597e+04 2.789e+02 1.664e+02
s>                    ( - -2.744e+04 10 0 QUESTION2_1_L -1 2.359e+02 1.303e+02)
s>                    ( - -8.247e+03 5 0 QUESTION7 1 1.656e+02 3.614e+01)))
s>            ( - -6.660e+04 51 0 QUESTION0_9_R 1 2.268e+02 2.899e+02))
s>        ( QUESTION3 -1 -9.039e+04 4.812e+02 3.941e+02
s>            ( - 2.162e+02 1 0)
s>            ( QUESTION0_7_R 1 -9.012e+04 2.664e+02 3.931e+02
s>                ( WDBNDRY_E 0 -2.938e+04 2.425e+02 1.324e+02
s>                    ( - -9.067e+03 5 0 QUESTION2_2_L -1 1.948e+02 4.340e+01)
s>                    ( - -2.007e+04 10 0 QUESTION19 -1 2.150e+02 8.904e+01))
s>                ( - -6.047e+04 48 0 QUESTION0_3_R 1 2.057e+02 2.607e+02))))INFO: dtree.c(1315): Comp split 1
INFO: dtree.c(1478): Final simple tree
|( QUESTION5 1 -1.284e+05 4.340e+02 5.744e+02
|    ( QUESTION2_3_L -1 -5.203e+04 2.273e+02 2.411e+02
|        ( - -1.584e+04 6 0 WDBNDRY_E 0 1.763e+02 7.470e+01)
|        ( QUESTION0_11_R 1 -3.597e+04 2.789e+02 1.664e+02
|            ( QUESTION2_1_L -1 -2.744e+04 2.359e+02 1.303e+02
|                ( - -2.688e+03 2 0 WDBNDRY_E 0 2.208e+02 1.246e+01)
|                ( - -2.452e+04 8 0 WDBNDRY_E 0 1.175e+02 1.178e+02))
|            ( - -8.247e+03 5 0 QUESTION7 1 1.656e+02 3.614e+01)))
|    ( QUESTION0_2_R 1 -7.593e+04 2.716e+02 3.333e+02
|        ( - -9.067e+03 5 0 QUESTION2_2_L -1 1.948e+02 4.340e+01)
|        ( QUESTION0_9_R 1 -6.660e+04 2.268e+02 2.899e+02
|            ( WDBNDRY_E 0 -1.759e+04 2.394e+02 7.841e+01
|                ( - -1.086e+04 8 0 QUESTION11 -1 1.623e+02 4.767e+01)
|                ( - -6.491e+03 6 0 QUESTION2 1 2.011e+02 3.074e+01))
|            ( - -4.878e+04 37 0 QUESTION0_18_R 1 2.206e+02 2.115e+02))))
s>    ( QUESTION5 1 -1.284e+05 4.340e+02 5.744e+02
s>        ( QUESTION2_3_L -1 -5.203e+04 2.273e+02 2.411e+02
s>            ( - -1.584e+04 6 0 WDBNDRY_E 0 1.763e+02 7.470e+01)
s>            ( QUESTION0_11_R 1 -3.597e+04 2.789e+02 1.664e+02
s>                ( QUESTION2_1_L -1 -2.744e+04 2.359e+02 1.303e+02
s>                    ( - -2.688e+03 2 0 WDBNDRY_E 0 2.208e+02 1.246e+01)
s>                    ( - -2.452e+04 8 0 WDBNDRY_E 0 1.175e+02 1.178e+02))
s>                ( - -8.247e+03 5 0 QUESTION7 1 1.656e+02 3.614e+01)))
s>        ( QUESTION0_2_R 1 -7.593e+04 2.716e+02 3.333e+02
s>            ( - -9.067e+03 5 0 QUESTION2_2_L -1 1.948e+02 4.340e+01)
s>            ( QUESTION0_9_R 1 -6.660e+04 2.268e+02 2.899e+02
s>                ( WDBNDRY_E 0 -1.759e+04 2.394e+02 7.841e+01
s>                    ( - -1.086e+04 8 0 QUESTION11 -1 1.623e+02 4.767e+01)
s>                    ( - -6.491e+03 6 0 QUESTION2 1 2.011e+02 3.074e+01))
s>                ( - -4.878e+04 37 0 QUESTION0_18_R 1 2.206e+02 2.115e+02))))INFO: dtree.c(1478): Final simple tree
|( QUESTION3 -1 -8.102e+04 4.797e+02 3.507e+02
|    ( - 2.162e+02 1 0)
|    ( QUESTION2_1_L -1 -8.075e+04 2.421e+02 3.497e+02
|        ( QUESTION0_7_R 1 -2.473e+04 1.395e+02 1.089e+02
|            ( - -9.969e+03 4 0 QUESTION11 -1 2.070e+02 4.476e+01)
|            ( - -1.462e+04 10 0 QUESTION2_2_L -1 1.694e+02 6.413e+01))
|        ( QUESTION0_3_R 1 -5.578e+04 2.447e+02 2.409e+02
|            ( - -2.953e+04 24 0 WDBNDRY_I 0 1.364e+02 1.274e+02)
|            ( QUESTION4 -1 -2.601e+04 1.641e+02 1.135e+02
|                ( - -1.078e+03 1 0)
|                ( QUESTION0_7_R 1 -2.477e+04 1.614e+02 1.085e+02
|                    ( - -8.648e+03 5 0 QUESTION11 1 1.248e+02 3.928e+01)
|                    ( QUESTION14 -1 -1.596e+04 1.550e+02 6.917e+01
|                        ( - -1.139e+03 1 0)
|                        ( - -1.466e+04 13 0 QUESTION13 -1 1.221e+02 6.317e+01)))))))
s>    ( QUESTION3 -1 -8.102e+04 4.797e+02 3.507e+02
s>        ( - 2.162e+02 1 0)
s>        ( QUESTION2_1_L -1 -8.075e+04 2.421e+02 3.497e+02
s>            ( QUESTION0_7_R 1 -2.473e+04 1.395e+02 1.089e+02
s>                ( - -9.969e+03 4 0 QUESTION11 -1 2.070e+02 4.476e+01)
s>                ( - -1.462e+04 10 0 QUESTION2_2_L -1 1.694e+02 6.413e+01))
s>            ( QUESTION0_3_R 1 -5.578e+04 2.447e+02 2.409e+02
s>                ( - -2.953e+04 24 0 WDBNDRY_I 0 1.364e+02 1.274e+02)
s>                ( QUESTION4 -1 -2.601e+04 1.641e+02 1.135e+02
s>                    ( - -1.078e+03 1 0)
s>                    ( QUESTION0_7_R 1 -2.477e+04 1.614e+02 1.085e+02
s>                        ( - -8.648e+03 5 0 QUESTION11 1 1.248e+02 3.928e+01)
s>                        ( QUESTION14 -1 -1.596e+04 1.550e+02 6.917e+01
s>                            ( - -1.139e+03 1 0)
s>                            ( - -1.466e+04 13 0 QUESTION13 -1 1.221e+02 6.317e+01)))))))INFO: dtree.c(1315): Comp split 2
INFO: dtree.c(1478): Final simple tree
|( QUESTION0_18_R 1 -7.121e+04 2.434e+02 3.078e+02
|    ( WDBNDRY_E 0 -1.329e+04 1.893e+02 6.007e+01
|        ( - -1.282e+04 7 0 QUESTION2_1_L -1 1.435e+02 5.807e+01)
|        ( - -2.840e+02 1 0))
|    ( QUESTION5 1 -5.767e+04 2.217e+02 2.477e+02
|        ( QUESTION2_1_L -1 -1.114e+04 2.036e+02 4.861e+01
|            ( WDBNDRY_E 0 -3.739e+03 1.771e+02 1.746e+01
|                ( QUESTION0_11_R 1 -1.502e+03 2.016e+02 7.000e+00
|                    ( - -4.071e+02 1 0)
|                    ( - -8.932e+02 1 0))
|                ( - -2.060e+03 1 0))
|            ( - -7.195e+03 4 0 QUESTION7 1 1.679e+02 3.114e+01))
|        ( QUESTION0_9_R 1 -4.632e+04 1.920e+02 1.991e+02
|            ( - -1.086e+04 8 0 QUESTION11 -1 1.623e+02 4.767e+01)
|            ( - -3.526e+04 29 0 QUESTION0_12_R 1 1.712e+02 1.514e+02))))
s>    ( QUESTION0_18_R 1 -7.121e+04 2.434e+02 3.078e+02
s>        ( WDBNDRY_E 0 -1.329e+04 1.893e+02 6.007e+01
s>            ( - -1.282e+04 7 0 QUESTION2_1_L -1 1.435e+02 5.807e+01)
s>            ( - -2.840e+02 1 0))
s>        ( QUESTION5 1 -5.767e+04 2.217e+02 2.477e+02
s>            ( QUESTION2_1_L -1 -1.114e+04 2.036e+02 4.861e+01
s>                ( WDBNDRY_E 0 -3.739e+03 1.771e+02 1.746e+01
s>                    ( QUESTION0_11_R 1 -1.502e+03 2.016e+02 7.000e+00
s>                        ( - -4.071e+02 1 0)
s>                        ( - -8.932e+02 1 0))
s>                    ( - -2.060e+03 1 0))
s>                ( - -7.195e+03 4 0 QUESTION7 1 1.679e+02 3.114e+01))
s>            ( QUESTION0_9_R 1 -4.632e+04 1.920e+02 1.991e+02
s>                ( - -1.086e+04 8 0 QUESTION11 -1 1.623e+02 4.767e+01)
s>                ( - -3.526e+04 29 0 QUESTION0_12_R 1 1.712e+02 1.514e+02))))INFO: dtree.c(1478): Final simple tree
|( WDBNDRY_E 0 -5.654e+04 2.424e+02 2.667e+02
|    ( QUESTION2_2_L -1 -1.583e+04 1.870e+02 7.624e+01
|        ( - -4.254e+02 1 0)
|        ( QUESTION0_2_R 1 -1.522e+04 1.846e+02 7.324e+01
|            ( - -8.447e+03 4 0 QUESTION11 -1 1.505e+02 4.040e+01)
|            ( - -6.584e+03 4 0 QUESTION11 -1 9.885e+01 3.284e+01)))
|    ( QUESTION2_1_L -1 -4.047e+04 2.152e+02 1.904e+02
|        ( QUESTION2 1 -1.539e+04 1.945e+02 7.121e+01
|            ( - -2.435e+02 1 0)
|            ( QUESTION0_9_R 1 -1.495e+04 1.562e+02 6.921e+01
|                ( - -3.363e+03 3 0 QUESTION11 -1 1.617e+02 1.565e+01)
|                ( - -1.143e+04 4 0 QUESTION11 -1 1.284e+02 5.356e+01)))
|        ( QUESTION0_9_R 1 -2.486e+04 1.796e+02 1.192e+02
|            ( - -2.538e+03 2 0)
|            ( - -2.215e+04 6 0))))
s>    ( WDBNDRY_E 0 -5.654e+04 2.424e+02 2.667e+02
s>        ( QUESTION2_2_L -1 -1.583e+04 1.870e+02 7.624e+01
s>            ( - -4.254e+02 1 0)
s>            ( QUESTION0_2_R 1 -1.522e+04 1.846e+02 7.324e+01
s>                ( - -8.447e+03 4 0 QUESTION11 -1 1.505e+02 4.040e+01)
s>                ( - -6.584e+03 4 0 QUESTION11 -1 9.885e+01 3.284e+01)))
s>        ( QUESTION2_1_L -1 -4.047e+04 2.152e+02 1.904e+02
s>            ( QUESTION2 1 -1.539e+04 1.945e+02 7.121e+01
s>                ( - -2.435e+02 1 0)
s>                ( QUESTION0_9_R 1 -1.495e+04 1.562e+02 6.921e+01
s>                    ( - -3.363e+03 3 0 QUESTION11 -1 1.617e+02 1.565e+01)
s>                    ( - -1.143e+04 4 0 QUESTION11 -1 1.284e+02 5.356e+01)))
s>            ( QUESTION0_9_R 1 -2.486e+04 1.796e+02 1.192e+02
s>                ( - -2.538e+03 2 0)
s>                ( - -2.215e+04 6 0))))INFO: dtree.c(1315): Comp split 3
INFO: dtree.c(1478): Final simple tree
|( QUESTION2_1_L -1 -8.075e+04 2.421e+02 3.497e+02
|    ( QUESTION0_7_R 1 -2.473e+04 1.395e+02 1.089e+02
|        ( QUESTION11 -1 -9.969e+03 2.070e+02 4.476e+01
|            ( - -9.486e+03 3 0)
|            ( - -2.757e+02 1 0))
|        ( - -1.462e+04 10 0 QUESTION2_2_L -1 1.694e+02 6.413e+01))
|    ( QUESTION0_3_R 1 -5.578e+04 2.447e+02 2.409e+02
|        ( - -2.953e+04 24 0 WDBNDRY_I 0 1.364e+02 1.274e+02)
|        ( QUESTION4 -1 -2.601e+04 1.641e+02 1.135e+02
|            ( - -1.078e+03 1 0)
|            ( QUESTION0_7_R 1 -2.477e+04 1.614e+02 1.085e+02
|                ( - -8.648e+03 5 0 QUESTION11 1 1.248e+02 3.928e+01)
|                ( QUESTION14 -1 -1.596e+04 1.550e+02 6.917e+01
|                    ( - -1.139e+03 1 0)
|                    ( - -1.466e+04 13 0 QUESTION13 -1 1.221e+02 6.317e+01))))))
s>    ( QUESTION2_1_L -1 -8.075e+04 2.421e+02 3.497e+02
s>        ( QUESTION0_7_R 1 -2.473e+04 1.395e+02 1.089e+02
s>            ( QUESTION11 -1 -9.969e+03 2.070e+02 4.476e+01
s>                ( - -9.486e+03 3 0)
s>                ( - -2.757e+02 1 0))
s>            ( - -1.462e+04 10 0 QUESTION2_2_L -1 1.694e+02 6.413e+01))
s>        ( QUESTION0_3_R 1 -5.578e+04 2.447e+02 2.409e+02
s>            ( - -2.953e+04 24 0 WDBNDRY_I 0 1.364e+02 1.274e+02)
s>            ( QUESTION4 -1 -2.601e+04 1.641e+02 1.135e+02
s>                ( - -1.078e+03 1 0)
s>                ( QUESTION0_7_R 1 -2.477e+04 1.614e+02 1.085e+02
s>                    ( - -8.648e+03 5 0 QUESTION11 1 1.248e+02 3.928e+01)
s>                    ( QUESTION14 -1 -1.596e+04 1.550e+02 6.917e+01
s>                        ( - -1.139e+03 1 0)
s>                        ( - -1.466e+04 13 0 QUESTION13 -1 1.221e+02 6.317e+01))))))INFO: dtree.c(1315): Comp split 4
INFO: dtree.c(1439): stop. leaf nodes are specific
INFO: dtree.c(1478): Final simple tree
|( QUESTION2_2_L -1 -4.257e+04 2.687e+02 1.784e+02
|    ( - -2.561e+03 1 0)
|    ( QUESTION11 -1 -3.974e+04 1.762e+02 1.669e+02
|        ( - -3.056e+04 1 0)
|        ( QUESTION2_1_L -1 -8.999e+03 1.987e+02 3.658e+01
|            ( - -3.650e+03 1 0)
|            ( - -5.150e+03 3 0))))
s>    ( QUESTION2_2_L -1 -4.257e+04 2.687e+02 1.784e+02
s>        ( - -2.561e+03 1 0)
s>        ( QUESTION11 -1 -3.974e+04 1.762e+02 1.669e+02
s>            ( - -3.056e+04 1 0)
s>            ( QUESTION2_1_L -1 -8.999e+03 1.987e+02 3.658e+01
s>                ( - -3.650e+03 1 0)
s>                ( - -5.150e+03 3 0))))INFO: dtree.c(1315): Comp split 5
INFO: dtree.c(1439): stop. leaf nodes are specific
INFO: dtree.c(1478): Final simple tree
|( QUESTION11 -1 -3.587e+04 1.514e+02 1.517e+02
|    ( - -3.056e+04 1 0)
|    ( - -5.150e+03 3 0))
s>    ( QUESTION11 -1 -3.587e+04 1.514e+02 1.517e+02
s>        ( - -3.056e+04 1 0)
s>        ( - -5.150e+03 3 0))INFO: dtree.c(1439): stop. leaf nodes are specific
INFO: dtree.c(1478): Final simple tree
|( QUESTION2_2_L -1 -6.423e+03 2.118e+02 2.672e+01
|    ( - -2.561e+03 1 0)
|    ( - -3.650e+03 1 0))
s>    ( QUESTION2_2_L -1 -6.423e+03 2.118e+02 2.672e+01
s>        ( - -2.561e+03 1 0)
s>        ( - -3.650e+03 1 0))INFO: dtree.c(1315): Comp split 6
INFO: dtree.c(1478): Final simple tree
|( QUESTION4 -1 -2.601e+04 1.641e+02 1.135e+02
|    ( - -1.078e+03 1 0)
|    ( QUESTION0_7_R 1 -2.477e+04 1.614e+02 1.085e+02
|        ( QUESTION11 1 -8.648e+03 1.248e+02 3.928e+01
|            ( - -1.028e+03 1 0)
|            ( QUESTION13 -1 -7.494e+03 8.668e+01 3.428e+01
|                ( - -2.090e+02 1 0)
|                ( - -7.199e+03 3 0)))
|        ( QUESTION14 -1 -1.596e+04 1.550e+02 6.917e+01
|            ( - -1.139e+03 1 0)
|            ( QUESTION13 -1 -1.466e+04 1.221e+02 6.317e+01
|                ( - -2.555e+03 1 0)
|                ( QUESTION0_6_R 1 -1.199e+04 8.096e+01 5.149e+01
|                    ( - -4.124e+03 3 0 WDBNDRY_B 0 5.844e+01 1.844e+01)
|                    ( - -7.780e+03 9 0 WDBNDRY_E 0 5.973e+01 3.305e+01))))))
s>    ( QUESTION4 -1 -2.601e+04 1.641e+02 1.135e+02
s>        ( - -1.078e+03 1 0)
s>        ( QUESTION0_7_R 1 -2.477e+04 1.614e+02 1.085e+02
s>            ( QUESTION11 1 -8.648e+03 1.248e+02 3.928e+01
s>                ( - -1.028e+03 1 0)
s>                ( QUESTION13 -1 -7.494e+03 8.668e+01 3.428e+01
s>                    ( - -2.090e+02 1 0)
s>                    ( - -7.199e+03 3 0)))
s>            ( QUESTION14 -1 -1.596e+04 1.550e+02 6.917e+01
s>                ( - -1.139e+03 1 0)
s>                ( QUESTION13 -1 -1.466e+04 1.221e+02 6.317e+01
s>                    ( - -2.555e+03 1 0)
s>                    ( QUESTION0_6_R 1 -1.199e+04 8.096e+01 5.149e+01
s>                        ( - -4.124e+03 3 0 WDBNDRY_B 0 5.844e+01 1.844e+01)
s>                        ( - -7.780e+03 9 0 WDBNDRY_E 0 5.973e+01 3.305e+01))))))INFO: dtree.c(1478): Final simple tree
|( QUESTION2_1_L -1 -5.448e+04 2.196e+02 2.363e+02
|    ( QUESTION0_7_R 1 -2.473e+04 1.395e+02 1.089e+02
|        ( QUESTION11 -1 -9.969e+03 2.070e+02 4.476e+01
|            ( - -9.486e+03 3 0)
|            ( - -2.757e+02 1 0))
|        ( QUESTION2_2_L -1 -1.462e+04 1.694e+02 6.413e+01
|            ( - -7.967e+02 1 0)
|            ( - -1.365e+04 9 0 QUESTION19 1 1.259e+02 6.013e+01)))
|    ( WDBNDRY_I 0 -2.953e+04 1.364e+02 1.274e+02
|        ( - -1.142e+04 10 0 QUESTION13 -1 1.092e+02 5.011e+01)
|        ( QUESTION13 -1 -1.798e+04 1.898e+02 7.729e+01
|            ( - -2.495e+02 1 0)
|            ( WDBNDRY_B 0 -1.754e+04 1.562e+02 7.529e+01
|                ( - -1.190e+03 2 0)
|                ( - -1.619e+04 11 0 QUESTION11 1 1.561e+02 6.929e+01)))))
s>    ( QUESTION2_1_L -1 -5.448e+04 2.196e+02 2.363e+02
s>        ( QUESTION0_7_R 1 -2.473e+04 1.395e+02 1.089e+02
s>            ( QUESTION11 -1 -9.969e+03 2.070e+02 4.476e+01
s>                ( - -9.486e+03 3 0)
s>                ( - -2.757e+02 1 0))
s>            ( QUESTION2_2_L -1 -1.462e+04 1.694e+02 6.413e+01
s>                ( - -7.967e+02 1 0)
s>                ( - -1.365e+04 9 0 QUESTION19 1 1.259e+02 6.013e+01)))
s>        ( WDBNDRY_I 0 -2.953e+04 1.364e+02 1.274e+02
s>            ( - -1.142e+04 10 0 QUESTION13 -1 1.092e+02 5.011e+01)
s>            ( QUESTION13 -1 -1.798e+04 1.898e+02 7.729e+01
s>                ( - -2.495e+02 1 0)
s>                ( WDBNDRY_B 0 -1.754e+04 1.562e+02 7.529e+01
s>                    ( - -1.190e+03 2 0)
s>                    ( - -1.619e+04 11 0 QUESTION11 1 1.561e+02 6.929e+01)))))INFO: dtree.c(1315): Comp split 7
INFO: dtree.c(1439): stop. leaf nodes are specific
INFO: dtree.c(1478): Final simple tree
|( QUESTION2_1_L -1 -3.380e+04 2.261e+02 1.597e+02
|    ( QUESTION11 -1 -1.143e+04 1.284e+02 5.356e+01
|        ( - -7.680e+03 3 0)
|        ( - -3.621e+03 1 0))
|    ( - -2.215e+04 6 0))
s>    ( QUESTION2_1_L -1 -3.380e+04 2.261e+02 1.597e+02
s>        ( QUESTION11 -1 -1.143e+04 1.284e+02 5.356e+01
s>            ( - -7.680e+03 3 0)
s>            ( - -3.621e+03 1 0))
s>        ( - -2.215e+04 6 0))INFO: dtree.c(1478): Final simple tree
|( QUESTION2 1 -2.248e+04 1.913e+02 1.070e+02
|    ( - -2.435e+02 1 0)
|    ( QUESTION0_2_R 1 -2.204e+04 1.912e+02 1.050e+02
|        ( QUESTION2_2_L -1 -9.067e+03 1.948e+02 4.340e+01
|            ( - -4.254e+02 1 0)
|            ( QUESTION11 -1 -8.447e+03 1.505e+02 4.040e+01
|                ( - -3.735e+03 1 0)
|                ( - -4.562e+03 3 0)))
|        ( WDBNDRY_E 0 -1.279e+04 1.565e+02 6.158e+01
|            ( - -6.584e+03 4 0 QUESTION11 -1 9.885e+01 3.284e+01)
|            ( QUESTION11 -1 -6.046e+03 1.593e+02 2.874e+01
|                ( - -2.038e+03 1 0)
|                ( QUESTION2_1_L -1 -3.849e+03 1.472e+02 1.811e+01
|                    ( - -1.163e+03 2 0)
|                    ( - -2.538e+03 2 0))))))
s>    ( QUESTION2 1 -2.248e+04 1.913e+02 1.070e+02
s>        ( - -2.435e+02 1 0)
s>        ( QUESTION0_2_R 1 -2.204e+04 1.912e+02 1.050e+02
s>            ( QUESTION2_2_L -1 -9.067e+03 1.948e+02 4.340e+01
s>                ( - -4.254e+02 1 0)
s>                ( QUESTION11 -1 -8.447e+03 1.505e+02 4.040e+01
s>                    ( - -3.735e+03 1 0)
s>                    ( - -4.562e+03 3 0)))
s>            ( WDBNDRY_E 0 -1.279e+04 1.565e+02 6.158e+01
s>                ( - -6.584e+03 4 0 QUESTION11 -1 9.885e+01 3.284e+01)
s>                ( QUESTION11 -1 -6.046e+03 1.593e+02 2.874e+01
s>                    ( - -2.038e+03 1 0)
s>                    ( QUESTION2_1_L -1 -3.849e+03 1.472e+02 1.811e+01
s>                        ( - -1.163e+03 2 0)
s>                        ( - -2.538e+03 2 0))))))INFO: dtree.c(1315): Comp split 8
INFO: dtree.c(1478): Final simple tree
|( QUESTION3 1 -5.433e+04 2.082e+02 2.322e+02
|    ( QUESTION11 -1 -9.854e+03 1.746e+02 4.367e+01
|        ( - -2.739e+03 1 0)
|        ( - -6.940e+03 4 0))
|    ( QUESTION0_11_R 1 -4.427e+04 1.853e+02 1.886e+02
|        ( QUESTION5 1 -3.590e+04 2.273e+02 1.534e+02
|            ( - -4.071e+02 1 0)
|            ( QUESTION0_12_R 1 -3.526e+04 1.712e+02 1.514e+02
|                ( QUESTION2_2_L -1 -2.924e+04 1.488e+02 1.265e+02
|                    ( - -3.433e+03 2 0 QUESTION0_13_R 1 8.864e+01 1.599e+01)
|                    ( - -2.566e+04 20 0 QUESTION0_13_R 1 1.278e+02 1.105e+02))
|                ( - -5.850e+03 7 0 QUESTION11 -1 6.004e+01 2.497e+01)))
|        ( QUESTION7 1 -8.192e+03 1.675e+02 3.514e+01
|            ( - -1.221e+03 1 0)
|            ( - -6.804e+03 6 0 QUESTION0_9_R 1 9.553e+01 2.908e+01))))
s>    ( QUESTION3 1 -5.433e+04 2.082e+02 2.322e+02
s>        ( QUESTION11 -1 -9.854e+03 1.746e+02 4.367e+01
s>            ( - -2.739e+03 1 0)
s>            ( - -6.940e+03 4 0))
s>        ( QUESTION0_11_R 1 -4.427e+04 1.853e+02 1.886e+02
s>            ( QUESTION5 1 -3.590e+04 2.273e+02 1.534e+02
s>                ( - -4.071e+02 1 0)
s>                ( QUESTION0_12_R 1 -3.526e+04 1.712e+02 1.514e+02
s>                    ( QUESTION2_2_L -1 -2.924e+04 1.488e+02 1.265e+02
s>                        ( - -3.433e+03 2 0 QUESTION0_13_R 1 8.864e+01 1.599e+01)
s>                        ( - -2.566e+04 20 0 QUESTION0_13_R 1 1.278e+02 1.105e+02))
s>                    ( - -5.850e+03 7 0 QUESTION11 -1 6.004e+01 2.497e+01)))
s>            ( QUESTION7 1 -8.192e+03 1.675e+02 3.514e+01
s>                ( - -1.221e+03 1 0)
s>                ( - -6.804e+03 6 0 QUESTION0_9_R 1 9.553e+01 2.908e+01))))INFO: dtree.c(1439): stop. leaf nodes are specific
INFO: dtree.c(1478): Final simple tree
|( QUESTION0_16_R 1 -1.663e+04 2.146e+02 7.553e+01
|    ( WDBNDRY_E 0 -1.329e+04 1.893e+02 6.007e+01
|        ( QUESTION2_1_L -1 -1.282e+04 1.435e+02 5.807e+01
|            ( QUESTION11 -1 -3.098e+03 1.288e+02 1.452e+01
|                ( - -1.192e+03 2 0)
|                ( - -1.777e+03 1 0))
|            ( - -9.580e+03 4 0))
|        ( - -2.840e+02 1 0))
|    ( WDBNDRY_E 0 -3.125e+03 1.718e+02 1.546e+01
|        ( - -8.932e+02 1 0)
|        ( - -2.060e+03 1 0)))
s>    ( QUESTION0_16_R 1 -1.663e+04 2.146e+02 7.553e+01
s>        ( WDBNDRY_E 0 -1.329e+04 1.893e+02 6.007e+01
s>            ( QUESTION2_1_L -1 -1.282e+04 1.435e+02 5.807e+01
s>                ( QUESTION11 -1 -3.098e+03 1.288e+02 1.452e+01
s>                    ( - -1.192e+03 2 0)
s>                    ( - -1.777e+03 1 0))
s>                ( - -9.580e+03 4 0))
s>            ( - -2.840e+02 1 0))
s>        ( WDBNDRY_E 0 -3.125e+03 1.718e+02 1.546e+01
s>            ( - -8.932e+02 1 0)
s>            ( - -2.060e+03 1 0)))INFO: dtree.c(1315): Comp split 9
INFO: dtree.c(1439): stop. leaf nodes are specific
INFO: dtree.c(1478): Final simple tree
|( QUESTION11 -1 -1.340e+04 1.609e+02 5.966e+01
|    ( - -2.739e+03 1 0)
|    ( QUESTION0_9_R 1 -1.050e+04 1.315e+02 4.765e+01
|        ( - -6.940e+03 4 0)
|        ( QUESTION0_13_R 1 -3.433e+03 8.864e+01 1.599e+01
|            ( - -2.343e+02 1 0)
|            ( - -3.110e+03 1 0))))
s>    ( QUESTION11 -1 -1.340e+04 1.609e+02 5.966e+01
s>        ( - -2.739e+03 1 0)
s>        ( QUESTION0_9_R 1 -1.050e+04 1.315e+02 4.765e+01
s>            ( - -6.940e+03 4 0)
s>            ( QUESTION0_13_R 1 -3.433e+03 8.864e+01 1.599e+01
s>                ( - -2.343e+02 1 0)
s>                ( - -3.110e+03 1 0))))INFO: dtree.c(1478): Final simple tree
|( QUESTION2_2_L -1 -4.069e+04 2.285e+02 1.726e+02
|    ( - -4.071e+02 1 0)
|    ( QUESTION0_15_R 1 -4.006e+04 1.816e+02 1.706e+02
|        ( - -5.850e+03 7 0 QUESTION11 -1 6.004e+01 2.497e+01)
|        ( QUESTION0_11_R 1 -3.402e+04 1.739e+02 1.456e+02
|            ( QUESTION0_13_R 1 -2.566e+04 1.278e+02 1.105e+02
|                ( WDBNDRY_E 0 -1.925e+04 1.066e+02 8.305e+01
|                    ( - -1.567e+04 10 0 QUESTION11 -1 8.787e+01 6.783e+01)
|                    ( - -3.476e+03 5 0 QUESTION11 -1 7.784e+01 1.522e+01))
|                ( QUESTION11 -1 -6.277e+03 1.178e+02 2.741e+01
|                    ( - -1.283e+03 1 0)
|                    ( - -4.877e+03 4 0)))
|            ( QUESTION7 1 -8.192e+03 1.675e+02 3.514e+01
|                ( - -1.221e+03 1 0)
|                ( - -6.804e+03 6 0 QUESTION0_9_R 1 9.553e+01 2.908e+01)))))
s>    ( QUESTION2_2_L -1 -4.069e+04 2.285e+02 1.726e+02
s>        ( - -4.071e+02 1 0)
s>        ( QUESTION0_15_R 1 -4.006e+04 1.816e+02 1.706e+02
s>            ( - -5.850e+03 7 0 QUESTION11 -1 6.004e+01 2.497e+01)
s>            ( QUESTION0_11_R 1 -3.402e+04 1.739e+02 1.456e+02
s>                ( QUESTION0_13_R 1 -2.566e+04 1.278e+02 1.105e+02
s>                    ( WDBNDRY_E 0 -1.925e+04 1.066e+02 8.305e+01
s>                        ( - -1.567e+04 10 0 QUESTION11 -1 8.787e+01 6.783e+01)
s>                        ( - -3.476e+03 5 0 QUESTION11 -1 7.784e+01 1.522e+01))
s>                    ( QUESTION11 -1 -6.277e+03 1.178e+02 2.741e+01
s>                        ( - -1.283e+03 1 0)
s>                        ( - -4.877e+03 4 0)))
s>                ( QUESTION7 1 -8.192e+03 1.675e+02 3.514e+01
s>                    ( - -1.221e+03 1 0)
s>                    ( - -6.804e+03 6 0 QUESTION0_9_R 1 9.553e+01 2.908e+01)))))INFO: dtree.c(1315): Comp split 10
INFO: dtree.c(1478): Final simple tree
|( QUESTION0_15_R 1 -4.006e+04 1.816e+02 1.706e+02
|    ( - -5.850e+03 7 0 QUESTION11 -1 6.004e+01 2.497e+01)
|    ( QUESTION0_11_R 1 -3.402e+04 1.739e+02 1.456e+02
|        ( QUESTION0_13_R 1 -2.566e+04 1.278e+02 1.105e+02
|            ( WDBNDRY_E 0 -1.925e+04 1.066e+02 8.305e+01
|                ( - -1.567e+04 10 0 QUESTION11 -1 8.787e+01 6.783e+01)
|                ( - -3.476e+03 5 0 QUESTION11 -1 7.784e+01 1.522e+01))
|            ( QUESTION11 -1 -6.277e+03 1.178e+02 2.741e+01
|                ( - -1.283e+03 1 0)
|                ( - -4.877e+03 4 0)))
|        ( QUESTION7 1 -8.192e+03 1.675e+02 3.514e+01
|            ( - -1.221e+03 1 0)
|            ( QUESTION0_9_R 1 -6.804e+03 9.553e+01 2.908e+01
|                ( - -9.019e+02 3 0)
|                ( - -5.807e+03 3 0)))))
s>    ( QUESTION0_15_R 1 -4.006e+04 1.816e+02 1.706e+02
s>        ( - -5.850e+03 7 0 QUESTION11 -1 6.004e+01 2.497e+01)
s>        ( QUESTION0_11_R 1 -3.402e+04 1.739e+02 1.456e+02
s>            ( QUESTION0_13_R 1 -2.566e+04 1.278e+02 1.105e+02
s>                ( WDBNDRY_E 0 -1.925e+04 1.066e+02 8.305e+01
s>                    ( - -1.567e+04 10 0 QUESTION11 -1 8.787e+01 6.783e+01)
s>                    ( - -3.476e+03 5 0 QUESTION11 -1 7.784e+01 1.522e+01))
s>                ( QUESTION11 -1 -6.277e+03 1.178e+02 2.741e+01
s>                    ( - -1.283e+03 1 0)
s>                    ( - -4.877e+03 4 0)))
s>            ( QUESTION7 1 -8.192e+03 1.675e+02 3.514e+01
s>                ( - -1.221e+03 1 0)
s>                ( QUESTION0_9_R 1 -6.804e+03 9.553e+01 2.908e+01
s>                    ( - -9.019e+02 3 0)
s>                    ( - -5.807e+03 3 0)))))INFO: dtree.c(1315): Comp split 11
INFO: dtree.c(1439): stop. leaf nodes are specific
INFO: dtree.c(1478): Final simple tree
|( QUESTION11 -1 -1.143e+04 1.284e+02 5.356e+01
|    ( - -7.680e+03 3 0)
|    ( - -3.621e+03 1 0))
s>    ( QUESTION11 -1 -1.143e+04 1.284e+02 5.356e+01
s>        ( - -7.680e+03 3 0)
s>        ( - -3.621e+03 1 0))INFO: dtree.c(1315): Comp split 12
INFO: dtree.c(1478): Final simple tree
|( WDBNDRY_I 0 -2.953e+04 1.364e+02 1.274e+02
|    ( QUESTION13 -1 -1.142e+04 1.092e+02 5.011e+01
|        ( - -1.480e+03 2 0)
|        ( QUESTION11 1 -9.829e+03 7.074e+01 4.376e+01
|            ( QUESTION0 -1 -6.192e+03 5.822e+01 2.745e+01
|                ( - -1.779e+02 1 0)
|                ( - -5.956e+03 4 0))
|            ( - -3.566e+03 3 0)))
|    ( QUESTION13 -1 -1.798e+04 1.898e+02 7.729e+01
|        ( - -2.495e+02 1 0)
|        ( WDBNDRY_B 0 -1.754e+04 1.562e+02 7.529e+01
|            ( - -1.190e+03 2 0)
|            ( QUESTION11 1 -1.619e+04 1.561e+02 6.929e+01
|                ( - -1.014e+04 5 0)
|                ( - -5.891e+03 6 0)))))
s>    ( WDBNDRY_I 0 -2.953e+04 1.364e+02 1.274e+02
s>        ( QUESTION13 -1 -1.142e+04 1.092e+02 5.011e+01
s>            ( - -1.480e+03 2 0)
s>            ( QUESTION11 1 -9.829e+03 7.074e+01 4.376e+01
s>                ( QUESTION0 -1 -6.192e+03 5.822e+01 2.745e+01
s>                    ( - -1.779e+02 1 0)
s>                    ( - -5.956e+03 4 0))
s>                ( - -3.566e+03 3 0)))
s>        ( QUESTION13 -1 -1.798e+04 1.898e+02 7.729e+01
s>            ( - -2.495e+02 1 0)
s>            ( WDBNDRY_B 0 -1.754e+04 1.562e+02 7.529e+01
s>                ( - -1.190e+03 2 0)
s>                ( QUESTION11 1 -1.619e+04 1.561e+02 6.929e+01
s>                    ( - -1.014e+04 5 0)
s>                    ( - -5.891e+03 6 0)))))INFO: dtree.c(1478): Final simple tree
|( QUESTION0_7_R 1 -2.473e+04 1.395e+02 1.089e+02
|    ( QUESTION11 -1 -9.969e+03 2.070e+02 4.476e+01
|        ( - -9.486e+03 3 0)
|        ( - -2.757e+02 1 0))
|    ( QUESTION2_2_L -1 -1.462e+04 1.694e+02 6.413e+01
|        ( - -7.967e+02 1 0)
|        ( QUESTION19 1 -1.365e+04 1.259e+02 6.013e+01
|            ( QUESTION11 -1 -4.703e+03 1.158e+02 2.084e+01
|                ( QUESTION0_3_R 1 -3.198e+03 1.105e+02 1.387e+01
|                    ( - -1.077e+03 1 0)
|                    ( - -2.011e+03 3 0 WDBNDRY_E 0 8.821e+01 8.875e+00))
|                ( - -1.389e+03 1 0))
|            ( WDBNDRY_E 0 -8.826e+03 1.015e+02 3.928e+01
|                ( - -4.520e+03 3 0 QUESTION11 -1 1.028e+02 2.029e+01)
|                ( - -4.205e+03 1 0)))))
s>    ( QUESTION0_7_R 1 -2.473e+04 1.395e+02 1.089e+02
s>        ( QUESTION11 -1 -9.969e+03 2.070e+02 4.476e+01
s>            ( - -9.486e+03 3 0)
s>            ( - -2.757e+02 1 0))
s>        ( QUESTION2_2_L -1 -1.462e+04 1.694e+02 6.413e+01
s>            ( - -7.967e+02 1 0)
s>            ( QUESTION19 1 -1.365e+04 1.259e+02 6.013e+01
s>                ( QUESTION11 -1 -4.703e+03 1.158e+02 2.084e+01
s>                    ( QUESTION0_3_R 1 -3.198e+03 1.105e+02 1.387e+01
s>                        ( - -1.077e+03 1 0)
s>                        ( - -2.011e+03 3 0 WDBNDRY_E 0 8.821e+01 8.875e+00))
s>                    ( - -1.389e+03 1 0))
s>                ( WDBNDRY_E 0 -8.826e+03 1.015e+02 3.928e+01
s>                    ( - -4.520e+03 3 0 QUESTION11 -1 1.028e+02 2.029e+01)
s>                    ( - -4.205e+03 1 0)))))INFO: dtree.c(1315): Comp split 13
INFO: dtree.c(1439): stop. leaf nodes are specific
INFO: dtree.c(1478): Final simple tree
|( WDBNDRY_E 0 -1.435e+04 1.909e+02 6.507e+01
|    ( QUESTION0_11_R 1 -1.388e+04 1.656e+02 6.307e+01
|        ( QUESTION2_1_L -1 -1.282e+04 1.435e+02 5.807e+01
|            ( QUESTION11 -1 -3.098e+03 1.288e+02 1.452e+01
|                ( - -1.192e+03 2 0)
|                ( - -1.777e+03 1 0))
|            ( - -9.580e+03 4 0))
|        ( - -8.932e+02 1 0))
|    ( - -2.840e+02 1 0))
s>    ( WDBNDRY_E 0 -1.435e+04 1.909e+02 6.507e+01
s>        ( QUESTION0_11_R 1 -1.388e+04 1.656e+02 6.307e+01
s>            ( QUESTION2_1_L -1 -1.282e+04 1.435e+02 5.807e+01
s>                ( QUESTION11 -1 -3.098e+03 1.288e+02 1.452e+01
s>                    ( - -1.192e+03 2 0)
s>                    ( - -1.777e+03 1 0))
s>                ( - -9.580e+03 4 0))
s>            ( - -8.932e+02 1 0))
s>        ( - -2.840e+02 1 0))INFO: dtree.c(1315): Comp split 14
INFO: dtree.c(1315): Comp split 15
INFO: dtree.c(1439): stop. leaf nodes are specific
INFO: dtree.c(1478): Final simple tree
|( QUESTION2_1_L -1 -5.176e+03 1.890e+02 2.437e+01
|    ( - -4.254e+02 1 0)
|    ( - -4.562e+03 3 0))
s>    ( QUESTION2_1_L -1 -5.176e+03 1.890e+02 2.437e+01
s>        ( - -4.254e+02 1 0)
s>        ( - -4.562e+03 3 0))INFO: dtree.c(1478): Final simple tree
|( QUESTION2 1 -1.710e+04 1.941e+02 8.261e+01
|    ( - -2.435e+02 1 0)
|    ( QUESTION0_10_R 1 -1.666e+04 1.597e+02 8.061e+01
|        ( QUESTION11 -1 -6.584e+03 9.885e+01 3.284e+01
|            ( QUESTION0_11_R 1 -4.232e+03 1.019e+02 2.114e+01
|                ( - -2.566e+03 1 0)
|                ( - -1.565e+03 1 0))
|            ( - -2.253e+03 2 0))
|        ( QUESTION2_1_L -1 -9.917e+03 1.522e+02 4.777e+01
|            ( WDBNDRY_E 0 -7.227e+03 1.291e+02 3.468e+01
|                ( - -3.735e+03 1 0)
|                ( QUESTION11 -1 -3.363e+03 1.617e+02 1.565e+01
|                    ( - -2.038e+03 1 0)
|                    ( - -1.163e+03 2 0)))
|            ( - -2.538e+03 2 0))))
s>    ( QUESTION2 1 -1.710e+04 1.941e+02 8.261e+01
s>        ( - -2.435e+02 1 0)
s>        ( QUESTION0_10_R 1 -1.666e+04 1.597e+02 8.061e+01
s>            ( QUESTION11 -1 -6.584e+03 9.885e+01 3.284e+01
s>                ( QUESTION0_11_R 1 -4.232e+03 1.019e+02 2.114e+01
s>                    ( - -2.566e+03 1 0)
s>                    ( - -1.565e+03 1 0))
s>                ( - -2.253e+03 2 0))
s>            ( QUESTION2_1_L -1 -9.917e+03 1.522e+02 4.777e+01
s>                ( WDBNDRY_E 0 -7.227e+03 1.291e+02 3.468e+01
s>                    ( - -3.735e+03 1 0)
s>                    ( QUESTION11 -1 -3.363e+03 1.617e+02 1.565e+01
s>                        ( - -2.038e+03 1 0)
s>                        ( - -1.163e+03 2 0)))
s>                ( - -2.538e+03 2 0))))INFO: dtree.c(1315): Comp split 16
INFO: dtree.c(1478): Final simple tree
|( QUESTION2_2_L -1 -2.425e+04 1.706e+02 1.069e+02
|    ( - -7.967e+02 1 0)
|    ( QUESTION0_7_R 1 -2.328e+04 1.436e+02 1.029e+02
|        ( - -9.486e+03 3 0)
|        ( QUESTION19 1 -1.365e+04 1.259e+02 6.013e+01
|            ( QUESTION11 -1 -4.703e+03 1.158e+02 2.084e+01
|                ( QUESTION0_3_R 1 -3.198e+03 1.105e+02 1.387e+01
|                    ( - -1.077e+03 1 0)
|                    ( - -2.011e+03 3 0 WDBNDRY_E 0 8.821e+01 8.875e+00))
|                ( - -1.389e+03 1 0))
|            ( WDBNDRY_E 0 -8.826e+03 1.015e+02 3.928e+01
|                ( QUESTION11 -1 -4.520e+03 1.028e+02 2.029e+01
|                    ( - -3.813e+03 2 0 QUESTION0_2_R 1 7.130e+01 1.729e+01)
|                    ( - -6.037e+02 1 0))
|                ( - -4.205e+03 1 0)))))
s>    ( QUESTION2_2_L -1 -2.425e+04 1.706e+02 1.069e+02
s>        ( - -7.967e+02 1 0)
s>        ( QUESTION0_7_R 1 -2.328e+04 1.436e+02 1.029e+02
s>            ( - -9.486e+03 3 0)
s>            ( QUESTION19 1 -1.365e+04 1.259e+02 6.013e+01
s>                ( QUESTION11 -1 -4.703e+03 1.158e+02 2.084e+01
s>                    ( QUESTION0_3_R 1 -3.198e+03 1.105e+02 1.387e+01
s>                        ( - -1.077e+03 1 0)
s>                        ( - -2.011e+03 3 0 WDBNDRY_E 0 8.821e+01 8.875e+00))
s>                    ( - -1.389e+03 1 0))
s>                ( WDBNDRY_E 0 -8.826e+03 1.015e+02 3.928e+01
s>                    ( QUESTION11 -1 -4.520e+03 1.028e+02 2.029e+01
s>                        ( - -3.813e+03 2 0 QUESTION0_2_R 1 7.130e+01 1.729e+01)
s>                        ( - -6.037e+02 1 0))
s>                    ( - -4.205e+03 1 0)))))INFO: dtree.c(1315): Comp split 17
INFO: dtree.c(1439): stop. leaf nodes are specific
INFO: dtree.c(1478): Final simple tree
|( QUESTION0_11_R 1 -2.266e+04 1.839e+02 9.691e+01
|    ( QUESTION11 -1 -1.567e+04 8.787e+01 6.783e+01
|        ( - -2.302e+03 2 0)
|        ( - -1.328e+04 8 0))
|    ( QUESTION0_9_R 1 -6.804e+03 9.553e+01 2.908e+01
|        ( - -9.019e+02 3 0)
|        ( - -5.807e+03 3 0)))
s>    ( QUESTION0_11_R 1 -2.266e+04 1.839e+02 9.691e+01
s>        ( QUESTION11 -1 -1.567e+04 8.787e+01 6.783e+01
s>            ( - -2.302e+03 2 0)
s>            ( - -1.328e+04 8 0))
s>        ( QUESTION0_9_R 1 -6.804e+03 9.553e+01 2.908e+01
s>            ( - -9.019e+02 3 0)
s>            ( - -5.807e+03 3 0)))INFO: dtree.c(1478): Final simple tree
|( QUESTION0_11_R 1 -1.720e+04 1.544e+02 7.367e+01
|    ( QUESTION0_12_R 1 -1.582e+04 1.352e+02 6.761e+01
|        ( QUESTION11 -1 -9.839e+03 8.671e+01 4.263e+01
|            ( WDBNDRY_E 0 -2.501e+03 1.057e+02 1.099e+01
|                ( - -1.283e+03 1 0)
|                ( - -1.113e+03 2 0))
|            ( WDBNDRY_E 0 -7.251e+03 8.954e+01 3.164e+01
|                ( - -4.877e+03 4 0)
|                ( - -2.285e+03 3 0)))
|        ( QUESTION11 -1 -5.850e+03 6.004e+01 2.497e+01
|            ( - -2.350e+02 1 0)
|            ( WDBNDRY_E 0 -5.555e+03 6.540e+01 2.374e+01
|                ( - -2.212e+02 1 0)
|                ( - -5.269e+03 5 0))))
|    ( - -1.221e+03 1 0))
s>    ( QUESTION0_11_R 1 -1.720e+04 1.544e+02 7.367e+01
s>        ( QUESTION0_12_R 1 -1.582e+04 1.352e+02 6.761e+01
s>            ( QUESTION11 -1 -9.839e+03 8.671e+01 4.263e+01
s>                ( WDBNDRY_E 0 -2.501e+03 1.057e+02 1.099e+01
s>                    ( - -1.283e+03 1 0)
s>                    ( - -1.113e+03 2 0))
s>                ( WDBNDRY_E 0 -7.251e+03 8.954e+01 3.164e+01
s>                    ( - -4.877e+03 4 0)
s>                    ( - -2.285e+03 3 0)))
s>            ( QUESTION11 -1 -5.850e+03 6.004e+01 2.497e+01
s>                ( - -2.350e+02 1 0)
s>                ( WDBNDRY_E 0 -5.555e+03 6.540e+01 2.374e+01
s>                    ( - -2.212e+02 1 0)
s>                    ( - -5.269e+03 5 0))))
s>        ( - -1.221e+03 1 0))INFO: dtree.c(1315): Comp split 18
INFO: dtree.c(1439): stop. leaf nodes are specific
INFO: dtree.c(1478): Final simple tree
|( QUESTION0_10_R 1 -1.666e+04 1.597e+02 8.061e+01
|    ( QUESTION11 -1 -6.584e+03 9.885e+01 3.284e+01
|        ( QUESTION0_11_R 1 -4.232e+03 1.019e+02 2.114e+01
|            ( - -2.566e+03 1 0)
|            ( - -1.565e+03 1 0))
|        ( - -2.253e+03 2 0))
|    ( QUESTION2_1_L -1 -9.917e+03 1.522e+02 4.777e+01
|        ( WDBNDRY_E 0 -7.227e+03 1.291e+02 3.468e+01
|            ( - -3.735e+03 1 0)
|            ( QUESTION11 -1 -3.363e+03 1.617e+02 1.565e+01
|                ( - -2.038e+03 1 0)
|                ( - -1.163e+03 2 0)))
|        ( - -2.538e+03 2 0)))
s>    ( QUESTION0_10_R 1 -1.666e+04 1.597e+02 8.061e+01
s>        ( QUESTION11 -1 -6.584e+03 9.885e+01 3.284e+01
s>            ( QUESTION0_11_R 1 -4.232e+03 1.019e+02 2.114e+01
s>                ( - -2.566e+03 1 0)
s>                ( - -1.565e+03 1 0))
s>            ( - -2.253e+03 2 0))
s>        ( QUESTION2_1_L -1 -9.917e+03 1.522e+02 4.777e+01
s>            ( WDBNDRY_E 0 -7.227e+03 1.291e+02 3.468e+01
s>                ( - -3.735e+03 1 0)
s>                ( QUESTION11 -1 -3.363e+03 1.617e+02 1.565e+01
s>                    ( - -2.038e+03 1 0)
s>                    ( - -1.163e+03 2 0)))
s>            ( - -2.538e+03 2 0)))INFO: dtree.c(1315): Comp split 19
INFO: dtree.c(1439): stop. leaf nodes are specific
INFO: dtree.c(1478): Final simple tree
|( QUESTION0_11_R 1 -1.388e+04 1.656e+02 6.307e+01
|    ( QUESTION2_1_L -1 -1.282e+04 1.435e+02 5.807e+01
|        ( QUESTION11 -1 -3.098e+03 1.288e+02 1.452e+01
|            ( - -1.192e+03 2 0)
|            ( - -1.777e+03 1 0))
|        ( - -9.580e+03 4 0))
|    ( - -8.932e+02 1 0))
s>    ( QUESTION0_11_R 1 -1.388e+04 1.656e+02 6.307e+01
s>        ( QUESTION2_1_L -1 -1.282e+04 1.435e+02 5.807e+01
s>            ( QUESTION11 -1 -3.098e+03 1.288e+02 1.452e+01
s>                ( - -1.192e+03 2 0)
s>                ( - -1.777e+03 1 0))
s>            ( - -9.580e+03 4 0))
s>        ( - -8.932e+02 1 0))INFO: dtree.c(1315): Comp split 20
INFO: dtree.c(1315): Comp split 21
INFO: dtree.c(1439): stop. leaf nodes are specific
INFO: dtree.c(1478): Final simple tree
|( WDBNDRY_B 0 -2.909e+04 1.593e+02 1.254e+02
|    ( - -1.190e+03 2 0)
|    ( QUESTION11 1 -2.774e+04 1.419e+02 1.194e+02
|        ( WDBNDRY_E 0 -1.647e+04 1.396e+02 7.048e+01
|            ( - -1.014e+04 5 0)
|            ( QUESTION0 -1 -6.192e+03 5.822e+01 2.745e+01
|                ( - -1.779e+02 1 0)
|                ( - -5.956e+03 4 0)))
|        ( WDBNDRY_E 0 -1.113e+04 1.054e+02 4.892e+01
|            ( - -5.891e+03 6 0)
|            ( QUESTION13 -1 -5.130e+03 8.390e+01 2.266e+01
|                ( - -1.480e+03 2 0)
|                ( - -3.566e+03 3 0)))))
s>    ( WDBNDRY_B 0 -2.909e+04 1.593e+02 1.254e+02
s>        ( - -1.190e+03 2 0)
s>        ( QUESTION11 1 -2.774e+04 1.419e+02 1.194e+02
s>            ( WDBNDRY_E 0 -1.647e+04 1.396e+02 7.048e+01
s>                ( - -1.014e+04 5 0)
s>                ( QUESTION0 -1 -6.192e+03 5.822e+01 2.745e+01
s>                    ( - -1.779e+02 1 0)
s>                    ( - -5.956e+03 4 0)))
s>            ( WDBNDRY_E 0 -1.113e+04 1.054e+02 4.892e+01
s>                ( - -5.891e+03 6 0)
s>                ( QUESTION13 -1 -5.130e+03 8.390e+01 2.266e+01
s>                    ( - -1.480e+03 2 0)
s>                    ( - -3.566e+03 3 0)))))INFO: dtree.c(1315): Comp split 22
INFO: dtree.c(1439): stop. leaf nodes are specific
INFO: dtree.c(1478): Final simple tree
|( QUESTION0_9_R 1 -6.804e+03 9.553e+01 2.908e+01
|    ( - -9.019e+02 3 0)
|    ( - -5.807e+03 3 0))
s>    ( QUESTION0_9_R 1 -6.804e+03 9.553e+01 2.908e+01
s>        ( - -9.019e+02 3 0)
s>        ( - -5.807e+03 3 0))INFO: dtree.c(1439): stop. leaf nodes are specific
INFO: dtree.c(1478): Final simple tree
|( QUESTION11 -1 -1.567e+04 8.787e+01 6.783e+01
|    ( - -2.302e+03 2 0)
|    ( - -1.328e+04 8 0))
s>    ( QUESTION11 -1 -1.567e+04 8.787e+01 6.783e+01
s>        ( - -2.302e+03 2 0)
s>        ( - -1.328e+04 8 0))INFO: dtree.c(1315): Comp split 23
INFO: dtree.c(1439): stop. leaf nodes are specific
INFO: dtree.c(1478): Final simple tree
|( QUESTION11 1 -8.357e+03 1.301e+02 3.828e+01
|    ( - -1.028e+03 1 0)
|    ( - -7.199e+03 3 0))
s>    ( QUESTION11 1 -8.357e+03 1.301e+02 3.828e+01
s>        ( - -1.028e+03 1 0)
s>        ( - -7.199e+03 3 0))INFO: dtree.c(1478): Final simple tree
|( QUESTION14 -1 -1.747e+04 1.600e+02 7.517e+01
|    ( - -1.139e+03 1 0)
|    ( QUESTION4 -1 -1.617e+04 1.559e+02 6.917e+01
|        ( - -1.078e+03 1 0)
|        ( QUESTION13 -1 -1.494e+04 1.022e+02 6.417e+01
|            ( QUESTION0_5_R 1 -2.848e+03 8.368e+01 1.268e+01
|                ( - -2.555e+03 1 0)
|                ( - -2.090e+02 1 0))
|            ( QUESTION0_6_R 1 -1.199e+04 8.096e+01 5.149e+01
|                ( - -4.124e+03 3 0 WDBNDRY_B 0 5.844e+01 1.844e+01)
|                ( WDBNDRY_E 0 -7.780e+03 5.973e+01 3.305e+01
|                    ( QUESTION0_20_R 1 -3.022e+03 6.022e+01 1.263e+01
|                        ( - -9.358e+02 3 0)
|                        ( - -2.026e+03 4 0))
|                    ( - -4.698e+03 2 0))))))
s>    ( QUESTION14 -1 -1.747e+04 1.600e+02 7.517e+01
s>        ( - -1.139e+03 1 0)
s>        ( QUESTION4 -1 -1.617e+04 1.559e+02 6.917e+01
s>            ( - -1.078e+03 1 0)
s>            ( QUESTION13 -1 -1.494e+04 1.022e+02 6.417e+01
s>                ( QUESTION0_5_R 1 -2.848e+03 8.368e+01 1.268e+01
s>                    ( - -2.555e+03 1 0)
s>                    ( - -2.090e+02 1 0))
s>                ( QUESTION0_6_R 1 -1.199e+04 8.096e+01 5.149e+01
s>                    ( - -4.124e+03 3 0 WDBNDRY_B 0 5.844e+01 1.844e+01)
s>                    ( WDBNDRY_E 0 -7.780e+03 5.973e+01 3.305e+01
s>                        ( QUESTION0_20_R 1 -3.022e+03 6.022e+01 1.263e+01
s>                            ( - -9.358e+02 3 0)
s>                            ( - -2.026e+03 4 0))
s>                        ( - -4.698e+03 2 0))))))INFO: dtree.c(1315): Comp split 24
INFO: dtree.c(1439): stop. leaf nodes are specific
INFO: dtree.c(1478): Final simple tree
|( WDBNDRY_E 0 -2.012e+04 1.504e+02 8.679e+01
|    ( - -1.014e+04 5 0)
|    ( QUESTION11 1 -9.829e+03 7.074e+01 4.376e+01
|        ( QUESTION0 -1 -6.192e+03 5.822e+01 2.745e+01
|            ( - -1.779e+02 1 0)
|            ( - -5.956e+03 4 0))
|        ( - -3.566e+03 3 0)))
s>    ( WDBNDRY_E 0 -2.012e+04 1.504e+02 8.679e+01
s>        ( - -1.014e+04 5 0)
s>        ( QUESTION11 1 -9.829e+03 7.074e+01 4.376e+01
s>            ( QUESTION0 -1 -6.192e+03 5.822e+01 2.745e+01
s>                ( - -1.779e+02 1 0)
s>                ( - -5.956e+03 4 0))
s>            ( - -3.566e+03 3 0)))INFO: dtree.c(1439): stop. leaf nodes are specific
INFO: dtree.c(1478): Final simple tree
|( WDBNDRY_B 0 -8.794e+03 1.453e+02 3.861e+01
|    ( - -1.190e+03 2 0)
|    ( WDBNDRY_E 0 -7.459e+03 8.863e+01 3.261e+01
|        ( - -5.891e+03 6 0)
|        ( - -1.480e+03 2 0)))
s>    ( WDBNDRY_B 0 -8.794e+03 1.453e+02 3.861e+01
s>        ( - -1.190e+03 2 0)
s>        ( WDBNDRY_E 0 -7.459e+03 8.863e+01 3.261e+01
s>            ( - -5.891e+03 6 0)
s>            ( - -1.480e+03 2 0)))INFO: dtree.c(1315): Comp split 25
INFO: dtree.c(1439): stop. leaf nodes are specific
INFO: dtree.c(1478): Final simple tree
|( QUESTION0_9_R 1 -1.018e+04 1.259e+02 4.665e+01
|    ( - -6.940e+03 4 0)
|    ( - -3.110e+03 1 0))
s>    ( QUESTION0_9_R 1 -1.018e+04 1.259e+02 4.665e+01
s>        ( - -6.940e+03 4 0)
s>        ( - -3.110e+03 1 0))INFO: dtree.c(1439): stop. leaf nodes are specific
INFO: dtree.c(1478): Final simple tree
|( QUESTION0_9_R 1 -3.054e+03 8.068e+01 1.302e+01
|    ( - -2.739e+03 1 0)
|    ( - -2.343e+02 1 0))
s>    ( QUESTION0_9_R 1 -3.054e+03 8.068e+01 1.302e+01
s>        ( - -2.739e+03 1 0)
s>        ( - -2.343e+02 1 0))INFO: dtree.c(1315): Comp split 26
INFO: dtree.c(1478): Final simple tree
|( QUESTION0_7_R 1 -2.328e+04 1.436e+02 1.029e+02
|    ( - -9.486e+03 3 0)
|    ( QUESTION19 1 -1.365e+04 1.259e+02 6.013e+01
|        ( QUESTION11 -1 -4.703e+03 1.158e+02 2.084e+01
|            ( QUESTION0_3_R 1 -3.198e+03 1.105e+02 1.387e+01
|                ( - -1.077e+03 1 0)
|                ( WDBNDRY_E 0 -2.011e+03 8.821e+01 8.875e+00
|                    ( - -6.243e+02 1 0)
|                    ( - -1.298e+03 2 0)))
|            ( - -1.389e+03 1 0))
|        ( WDBNDRY_E 0 -8.826e+03 1.015e+02 3.928e+01
|            ( QUESTION11 -1 -4.520e+03 1.028e+02 2.029e+01
|                ( - -3.813e+03 2 0 QUESTION0_2_R 1 7.130e+01 1.729e+01)
|                ( - -6.037e+02 1 0))
|            ( - -4.205e+03 1 0))))
s>    ( QUESTION0_7_R 1 -2.328e+04 1.436e+02 1.029e+02
s>        ( - -9.486e+03 3 0)
s>        ( QUESTION19 1 -1.365e+04 1.259e+02 6.013e+01
s>            ( QUESTION11 -1 -4.703e+03 1.158e+02 2.084e+01
s>                ( QUESTION0_3_R 1 -3.198e+03 1.105e+02 1.387e+01
s>                    ( - -1.077e+03 1 0)
s>                    ( WDBNDRY_E 0 -2.011e+03 8.821e+01 8.875e+00
s>                        ( - -6.243e+02 1 0)
s>                        ( - -1.298e+03 2 0)))
s>                ( - -1.389e+03 1 0))
s>            ( WDBNDRY_E 0 -8.826e+03 1.015e+02 3.928e+01
s>                ( QUESTION11 -1 -4.520e+03 1.028e+02 2.029e+01
s>                    ( - -3.813e+03 2 0 QUESTION0_2_R 1 7.130e+01 1.729e+01)
s>                    ( - -6.037e+02 1 0))
s>                ( - -4.205e+03 1 0))))INFO: dtree.c(1315): Comp split 27
INFO: dtree.c(1439): stop. leaf nodes are specific
INFO: dtree.c(1478): Final simple tree
|( QUESTION0_10_R 1 -1.445e+04 1.536e+02 6.998e+01
|    ( QUESTION11 -1 -6.584e+03 9.885e+01 3.284e+01
|        ( QUESTION0_11_R 1 -4.232e+03 1.019e+02 2.114e+01
|            ( - -2.566e+03 1 0)
|            ( - -1.565e+03 1 0))
|        ( - -2.253e+03 2 0))
|    ( QUESTION2_1_L -1 -7.716e+03 1.490e+02 3.714e+01
|        ( WDBNDRY_E 0 -5.028e+03 1.305e+02 2.404e+01
|            ( - -3.735e+03 1 0)
|            ( - -1.163e+03 2 0))
|        ( - -2.538e+03 2 0)))
s>    ( QUESTION0_10_R 1 -1.445e+04 1.536e+02 6.998e+01
s>        ( QUESTION11 -1 -6.584e+03 9.885e+01 3.284e+01
s>            ( QUESTION0_11_R 1 -4.232e+03 1.019e+02 2.114e+01
s>                ( - -2.566e+03 1 0)
s>                ( - -1.565e+03 1 0))
s>            ( - -2.253e+03 2 0))
s>        ( QUESTION2_1_L -1 -7.716e+03 1.490e+02 3.714e+01
s>            ( WDBNDRY_E 0 -5.028e+03 1.305e+02 2.404e+01
s>                ( - -3.735e+03 1 0)
s>                ( - -1.163e+03 2 0))
s>            ( - -2.538e+03 2 0)))INFO: dtree.c(1315): Comp split 28
INFO: dtree.c(1439): stop. leaf nodes are specific
INFO: dtree.c(1478): Final simple tree
|( QUESTION2_1_L -1 -1.282e+04 1.435e+02 5.807e+01
|    ( QUESTION11 -1 -3.098e+03 1.288e+02 1.452e+01
|        ( - -1.192e+03 2 0)
|        ( - -1.777e+03 1 0))
|    ( - -9.580e+03 4 0))
s>    ( QUESTION2_1_L -1 -1.282e+04 1.435e+02 5.807e+01
s>        ( QUESTION11 -1 -3.098e+03 1.288e+02 1.452e+01
s>            ( - -1.192e+03 2 0)
s>            ( - -1.777e+03 1 0))
s>        ( - -9.580e+03 4 0))INFO: dtree.c(1315): Comp split 29
INFO: dtree.c(1478): Final simple tree
|( QUESTION4 -1 -1.617e+04 1.559e+02 6.917e+01
|    ( - -1.078e+03 1 0)
|    ( QUESTION13 -1 -1.494e+04 1.022e+02 6.417e+01
|        ( QUESTION0_5_R 1 -2.848e+03 8.368e+01 1.268e+01
|            ( - -2.555e+03 1 0)
|            ( - -2.090e+02 1 0))
|        ( QUESTION0_6_R 1 -1.199e+04 8.096e+01 5.149e+01
|            ( WDBNDRY_B 0 -4.124e+03 5.844e+01 1.844e+01
|                ( - -2.118e+02 1 0)
|                ( - -3.854e+03 2 0))
|            ( WDBNDRY_E 0 -7.780e+03 5.973e+01 3.305e+01
|                ( QUESTION0_20_R 1 -3.022e+03 6.022e+01 1.263e+01
|                    ( - -9.358e+02 3 0)
|                    ( - -2.026e+03 4 0))
|                ( - -4.698e+03 2 0)))))
s>    ( QUESTION4 -1 -1.617e+04 1.559e+02 6.917e+01
s>        ( - -1.078e+03 1 0)
s>        ( QUESTION13 -1 -1.494e+04 1.022e+02 6.417e+01
s>            ( QUESTION0_5_R 1 -2.848e+03 8.368e+01 1.268e+01
s>                ( - -2.555e+03 1 0)
s>                ( - -2.090e+02 1 0))
s>            ( QUESTION0_6_R 1 -1.199e+04 8.096e+01 5.149e+01
s>                ( WDBNDRY_B 0 -4.124e+03 5.844e+01 1.844e+01
s>                    ( - -2.118e+02 1 0)
s>                    ( - -3.854e+03 2 0))
s>                ( WDBNDRY_E 0 -7.780e+03 5.973e+01 3.305e+01
s>                    ( QUESTION0_20_R 1 -3.022e+03 6.022e+01 1.263e+01
s>                        ( - -9.358e+02 3 0)
s>                        ( - -2.026e+03 4 0))
s>                    ( - -4.698e+03 2 0)))))INFO: dtree.c(1315): Comp split 30
INFO: dtree.c(1439): stop. leaf nodes are specific
INFO: dtree.c(1478): Final simple tree
|( QUESTION0_3_R 1 -2.791e+03 1.039e+02 1.284e+01
|    ( - -1.389e+03 1 0)
|    ( - -1.298e+03 2 0))
s>    ( QUESTION0_3_R 1 -2.791e+03 1.039e+02 1.284e+01
s>        ( - -1.389e+03 1 0)
s>        ( - -1.298e+03 2 0))INFO: dtree.c(1439): stop. leaf nodes are specific
INFO: dtree.c(1478): Final simple tree
|( WDBNDRY_E 0 -2.033e+04 1.368e+02 9.004e+01
|    ( QUESTION11 -1 -5.240e+03 9.935e+01 2.329e+01
|        ( QUESTION19 1 -4.537e+03 9.899e+01 2.029e+01
|            ( - -6.243e+02 1 0)
|            ( QUESTION0_2_R 1 -3.813e+03 7.130e+01 1.729e+01
|                ( - -3.560e+03 1 0)
|                ( - -1.823e+02 1 0)))
|        ( - -6.037e+02 1 0))
|    ( QUESTION0_3_R 1 -1.496e+04 1.005e+02 6.675e+01
|        ( QUESTION11 1 -5.371e+03 8.923e+01 2.400e+01
|            ( - -4.205e+03 1 0)
|            ( - -1.077e+03 1 0))
|        ( - -9.486e+03 3 0)))
s>    ( WDBNDRY_E 0 -2.033e+04 1.368e+02 9.004e+01
s>        ( QUESTION11 -1 -5.240e+03 9.935e+01 2.329e+01
s>            ( QUESTION19 1 -4.537e+03 9.899e+01 2.029e+01
s>                ( - -6.243e+02 1 0)
s>                ( QUESTION0_2_R 1 -3.813e+03 7.130e+01 1.729e+01
s>                    ( - -3.560e+03 1 0)
s>                    ( - -1.823e+02 1 0)))
s>            ( - -6.037e+02 1 0))
s>        ( QUESTION0_3_R 1 -1.496e+04 1.005e+02 6.675e+01
s>            ( QUESTION11 1 -5.371e+03 8.923e+01 2.400e+01
s>                ( - -4.205e+03 1 0)
s>                ( - -1.077e+03 1 0))
s>            ( - -9.486e+03 3 0)))INFO: dtree.c(1315): Comp split 31
INFO: dtree.c(1439): stop. leaf nodes are specific
INFO: dtree.c(1478): Final simple tree
|( QUESTION0_11_R 1 -2.629e+03 1.255e+02 1.208e+01
|    ( - -1.283e+03 1 0)
|    ( - -1.221e+03 1 0))
s>    ( QUESTION0_11_R 1 -2.629e+03 1.255e+02 1.208e+01
s>        ( - -1.283e+03 1 0)
s>        ( - -1.221e+03 1 0))INFO: dtree.c(1439): stop. leaf nodes are specific
INFO: dtree.c(1478): Final simple tree
|( QUESTION0_12_R 1 -1.441e+04 1.308e+02 6.159e+01
|    ( WDBNDRY_E 0 -8.432e+03 7.992e+01 3.662e+01
|        ( - -4.877e+03 4 0)
|        ( QUESTION11 -1 -3.476e+03 7.784e+01 1.522e+01
|            ( - -1.113e+03 2 0)
|            ( - -2.285e+03 3 0)))
|    ( QUESTION11 -1 -5.850e+03 6.004e+01 2.497e+01
|        ( - -2.350e+02 1 0)
|        ( WDBNDRY_E 0 -5.555e+03 6.540e+01 2.374e+01
|            ( - -2.212e+02 1 0)
|            ( - -5.269e+03 5 0))))
s>    ( QUESTION0_12_R 1 -1.441e+04 1.308e+02 6.159e+01
s>        ( WDBNDRY_E 0 -8.432e+03 7.992e+01 3.662e+01
s>            ( - -4.877e+03 4 0)
s>            ( QUESTION11 -1 -3.476e+03 7.784e+01 1.522e+01
s>                ( - -1.113e+03 2 0)
s>                ( - -2.285e+03 3 0)))
s>        ( QUESTION11 -1 -5.850e+03 6.004e+01 2.497e+01
s>            ( - -2.350e+02 1 0)
s>            ( WDBNDRY_E 0 -5.555e+03 6.540e+01 2.374e+01
s>                ( - -2.212e+02 1 0)
s>                ( - -5.269e+03 5 0))))INFO: dtree.c(1315): Comp split 32
INFO: dtree.c(1439): stop. leaf nodes are specific
INFO: dtree.c(1478): Final simple tree
|( QUESTION13 -1 -1.494e+04 1.022e+02 6.417e+01
|    ( QUESTION0_5_R 1 -2.848e+03 8.368e+01 1.268e+01
|        ( - -2.555e+03 1 0)
|        ( - -2.090e+02 1 0))
|    ( QUESTION0_6_R 1 -1.199e+04 8.096e+01 5.149e+01
|        ( WDBNDRY_B 0 -4.124e+03 5.844e+01 1.844e+01
|            ( - -2.118e+02 1 0)
|            ( - -3.854e+03 2 0))
|        ( WDBNDRY_E 0 -7.780e+03 5.973e+01 3.305e+01
|            ( QUESTION0_20_R 1 -3.022e+03 6.022e+01 1.263e+01
|                ( - -9.358e+02 3 0)
|                ( - -2.026e+03 4 0))
|            ( - -4.698e+03 2 0))))
s>    ( QUESTION13 -1 -1.494e+04 1.022e+02 6.417e+01
s>        ( QUESTION0_5_R 1 -2.848e+03 8.368e+01 1.268e+01
s>            ( - -2.555e+03 1 0)
s>            ( - -2.090e+02 1 0))
s>        ( QUESTION0_6_R 1 -1.199e+04 8.096e+01 5.149e+01
s>            ( WDBNDRY_B 0 -4.124e+03 5.844e+01 1.844e+01
s>                ( - -2.118e+02 1 0)
s>                ( - -3.854e+03 2 0))
s>            ( WDBNDRY_E 0 -7.780e+03 5.973e+01 3.305e+01
s>                ( QUESTION0_20_R 1 -3.022e+03 6.022e+01 1.263e+01
s>                    ( - -9.358e+02 3 0)
s>                    ( - -2.026e+03 4 0))
s>                ( - -4.698e+03 2 0))))INFO: dtree.c(1315): Comp split 33
INFO: dtree.c(1439): stop. leaf nodes are specific
INFO: dtree.c(1478): Final simple tree
|( QUESTION0_10_R 1 -1.176e+04 1.474e+02 5.688e+01
|    ( QUESTION11 -1 -6.584e+03 9.885e+01 3.284e+01
|        ( QUESTION0_11_R 1 -4.232e+03 1.019e+02 2.114e+01
|            ( - -2.566e+03 1 0)
|            ( - -1.565e+03 1 0))
|        ( - -2.253e+03 2 0))
|    ( WDBNDRY_E 0 -5.028e+03 1.305e+02 2.404e+01
|        ( - -3.735e+03 1 0)
|        ( - -1.163e+03 2 0)))
s>    ( QUESTION0_10_R 1 -1.176e+04 1.474e+02 5.688e+01
s>        ( QUESTION11 -1 -6.584e+03 9.885e+01 3.284e+01
s>            ( QUESTION0_11_R 1 -4.232e+03 1.019e+02 2.114e+01
s>                ( - -2.566e+03 1 0)
s>                ( - -1.565e+03 1 0))
s>            ( - -2.253e+03 2 0))
s>        ( WDBNDRY_E 0 -5.028e+03 1.305e+02 2.404e+01
s>            ( - -3.735e+03 1 0)
s>            ( - -1.163e+03 2 0)))INFO: dtree.c(1315): Comp split 34
INFO: dtree.c(1315): Comp split 35
INFO: dtree.c(1439): stop. leaf nodes are specific
INFO: dtree.c(1478): Final simple tree
|( QUESTION11 1 -9.829e+03 7.074e+01 4.376e+01
|    ( QUESTION0 -1 -6.192e+03 5.822e+01 2.745e+01
|        ( - -1.779e+02 1 0)
|        ( - -5.956e+03 4 0))
|    ( - -3.566e+03 3 0))
s>    ( QUESTION11 1 -9.829e+03 7.074e+01 4.376e+01
s>        ( QUESTION0 -1 -6.192e+03 5.822e+01 2.745e+01
s>            ( - -1.779e+02 1 0)
s>            ( - -5.956e+03 4 0))
s>        ( - -3.566e+03 3 0))INFO: dtree.c(1315): Comp split 36
INFO: dtree.c(1439): stop. leaf nodes are specific
INFO: dtree.c(1478): Final simple tree
|( QUESTION11 -1 -4.265e+03 1.020e+02 1.929e+01
|    ( - -3.560e+03 1 0)
|    ( - -6.037e+02 1 0))
s>    ( QUESTION11 -1 -4.265e+03 1.020e+02 1.929e+01
s>        ( - -3.560e+03 1 0)
s>        ( - -6.037e+02 1 0))INFO: dtree.c(1439): stop. leaf nodes are specific
INFO: dtree.c(1478): Final simple tree
|( QUESTION0_4_R 1 -1.592e+04 1.084e+02 7.075e+01
|    ( - -9.486e+03 3 0)
|    ( QUESTION11 1 -6.326e+03 7.892e+01 2.799e+01
|        ( - -4.205e+03 1 0)
|        ( WDBNDRY_E 0 -2.043e+03 8.570e+01 8.999e+00
|            ( QUESTION0_20_R 1 -8.800e+02 7.337e+01 3.999e+00
|                ( - -1.823e+02 1 0)
|                ( - -6.243e+02 1 0))
|            ( - -1.077e+03 1 0))))
s>    ( QUESTION0_4_R 1 -1.592e+04 1.084e+02 7.075e+01
s>        ( - -9.486e+03 3 0)
s>        ( QUESTION11 1 -6.326e+03 7.892e+01 2.799e+01
s>            ( - -4.205e+03 1 0)
s>            ( WDBNDRY_E 0 -2.043e+03 8.570e+01 8.999e+00
s>                ( QUESTION0_20_R 1 -8.800e+02 7.337e+01 3.999e+00
s>                    ( - -1.823e+02 1 0)
s>                    ( - -6.243e+02 1 0))
s>                ( - -1.077e+03 1 0))))INFO: dtree.c(1315): Comp split 37
INFO: dtree.c(1439): stop. leaf nodes are specific
INFO: dtree.c(1478): Final simple tree
|( QUESTION11 -1 -6.584e+03 9.885e+01 3.284e+01
|    ( QUESTION0_11_R 1 -4.232e+03 1.019e+02 2.114e+01
|        ( - -2.566e+03 1 0)
|        ( - -1.565e+03 1 0))
|    ( - -2.253e+03 2 0))
s>    ( QUESTION11 -1 -6.584e+03 9.885e+01 3.284e+01
s>        ( QUESTION0_11_R 1 -4.232e+03 1.019e+02 2.114e+01
s>            ( - -2.566e+03 1 0)
s>            ( - -1.565e+03 1 0))
s>        ( - -2.253e+03 2 0))INFO: dtree.c(1439): stop. leaf nodes are specific
INFO: dtree.c(1478): Final simple tree
|( WDBNDRY_E 0 -5.028e+03 1.305e+02 2.404e+01
|    ( - -3.735e+03 1 0)
|    ( - -1.163e+03 2 0))
s>    ( WDBNDRY_E 0 -5.028e+03 1.305e+02 2.404e+01
s>        ( - -3.735e+03 1 0)
s>        ( - -1.163e+03 2 0))INFO: dtree.c(1315): Comp split 38
INFO: dtree.c(1439): stop. leaf nodes are specific
INFO: dtree.c(1478): Final simple tree
|( WDBNDRY_E 0 -7.459e+03 8.863e+01 3.261e+01
|    ( - -5.891e+03 6 0)
|    ( - -1.480e+03 2 0))
s>    ( WDBNDRY_E 0 -7.459e+03 8.863e+01 3.261e+01
s>        ( - -5.891e+03 6 0)
s>        ( - -1.480e+03 2 0))INFO: dtree.c(1315): Comp split 39
INFO: dtree.c(1439): stop. leaf nodes are specific
INFO: dtree.c(1478): Final simple tree
|( QUESTION11 -1 -3.098e+03 1.288e+02 1.452e+01
|    ( - -1.192e+03 2 0)
|    ( - -1.777e+03 1 0))
s>    ( QUESTION11 -1 -3.098e+03 1.288e+02 1.452e+01
s>        ( - -1.192e+03 2 0)
s>        ( - -1.777e+03 1 0))INFO: dtree.c(1315): Comp split 40
INFO: dtree.c(1439): stop. leaf nodes are specific
INFO: dtree.c(1478): Final simple tree
|( WDBNDRY_E 0 -5.555e+03 6.540e+01 2.374e+01
|    ( - -2.212e+02 1 0)
|    ( - -5.269e+03 5 0))
s>    ( WDBNDRY_E 0 -5.555e+03 6.540e+01 2.374e+01
s>        ( - -2.212e+02 1 0)
s>        ( - -5.269e+03 5 0))INFO: dtree.c(1439): stop. leaf nodes are specific
INFO: dtree.c(1478): Final simple tree
|( QUESTION0_14_R 1 -8.725e+03 7.948e+01 3.785e+01
|    ( - -4.877e+03 4 0)
|    ( QUESTION11 -1 -3.769e+03 7.603e+01 1.646e+01
|        ( WDBNDRY_E 0 -1.408e+03 6.035e+01 6.214e+00
|            ( - -2.350e+02 1 0)
|            ( - -1.113e+03 2 0))
|        ( - -2.285e+03 3 0)))
s>    ( QUESTION0_14_R 1 -8.725e+03 7.948e+01 3.785e+01
s>        ( - -4.877e+03 4 0)
s>        ( QUESTION11 -1 -3.769e+03 7.603e+01 1.646e+01
s>            ( WDBNDRY_E 0 -1.408e+03 6.035e+01 6.214e+00
s>                ( - -2.350e+02 1 0)
s>                ( - -1.113e+03 2 0))
s>            ( - -2.285e+03 3 0)))INFO: dtree.c(1315): Comp split 41
INFO: dtree.c(1315): Comp split 42
INFO: dtree.c(1315): Comp split 43
INFO: dtree.c(1315): Comp split 44
INFO: dtree.c(1315): Comp split 45
INFO: dtree.c(1315): Comp split 46
INFO: dtree.c(1315): Comp split 47
INFO: dtree.c(1439): stop. leaf nodes are specific
INFO: dtree.c(1478): Final simple tree
|( QUESTION0_6_R 1 -1.226e+04 8.032e+01 5.249e+01
|    ( WDBNDRY_B 0 -4.124e+03 5.844e+01 1.844e+01
|        ( - -2.118e+02 1 0)
|        ( - -3.854e+03 2 0))
|    ( QUESTION0_7_R 1 -8.052e+03 6.285e+01 3.405e+01
|        ( - -2.090e+02 1 0)
|        ( WDBNDRY_E 0 -7.780e+03 5.973e+01 3.305e+01
|            ( QUESTION0_20_R 1 -3.022e+03 6.022e+01 1.263e+01
|                ( - -9.358e+02 3 0)
|                ( - -2.026e+03 4 0))
|            ( - -4.698e+03 2 0))))
s>    ( QUESTION0_6_R 1 -1.226e+04 8.032e+01 5.249e+01
s>        ( WDBNDRY_B 0 -4.124e+03 5.844e+01 1.844e+01
s>            ( - -2.118e+02 1 0)
s>            ( - -3.854e+03 2 0))
s>        ( QUESTION0_7_R 1 -8.052e+03 6.285e+01 3.405e+01
s>            ( - -2.090e+02 1 0)
s>            ( WDBNDRY_E 0 -7.780e+03 5.973e+01 3.305e+01
s>                ( QUESTION0_20_R 1 -3.022e+03 6.022e+01 1.263e+01
s>                    ( - -9.358e+02 3 0)
s>                    ( - -2.026e+03 4 0))
s>                ( - -4.698e+03 2 0))))INFO: dtree.c(1315): Comp split 48
INFO: dtree.c(1439): stop. leaf nodes are specific
INFO: dtree.c(1478): Final simple tree
|( WDBNDRY_E 0 -9.730e+03 6.193e+01 4.376e+01
|    ( - -1.823e+02 1 0)
|    ( - -9.486e+03 3 0))
s>    ( WDBNDRY_E 0 -9.730e+03 6.193e+01 4.376e+01
s>        ( - -1.823e+02 1 0)
s>        ( - -9.486e+03 3 0))INFO: dtree.c(1439): stop. leaf nodes are specific
INFO: dtree.c(1478): Final simple tree
|( WDBNDRY_E 0 -6.080e+03 8.494e+01 2.699e+01
|    ( - -6.243e+02 1 0)
|    ( QUESTION11 1 -5.371e+03 8.923e+01 2.400e+01
|        ( - -4.205e+03 1 0)
|        ( - -1.077e+03 1 0)))
s>    ( WDBNDRY_E 0 -6.080e+03 8.494e+01 2.699e+01
s>        ( - -6.243e+02 1 0)
s>        ( QUESTION11 1 -5.371e+03 8.923e+01 2.400e+01
s>            ( - -4.205e+03 1 0)
s>            ( - -1.077e+03 1 0)))INFO: dtree.c(1315): Comp split 49
INFO: dtree.c(1439): stop. leaf nodes are specific
INFO: dtree.c(1478): Final simple tree
|( QUESTION0_11_R 1 -3.910e+03 9.235e+01 2.026e+01
|    ( - -2.253e+03 2 0)
|    ( - -1.565e+03 1 0))
s>    ( QUESTION0_11_R 1 -3.910e+03 9.235e+01 2.026e+01
s>        ( - -2.253e+03 2 0)
s>        ( - -1.565e+03 1 0))INFO: dtree.c(1315): Comp split 50
INFO: dtree.c(1315): Comp split 51
INFO: dtree.c(1315): Comp split 52
INFO: dtree.c(1315): Comp split 53
INFO: dtree.c(1315): Comp split 54
INFO: dtree.c(1439): stop. leaf nodes are specific
INFO: dtree.c(1478): Final simple tree
|( WDBNDRY_E 0 -4.911e+03 8.201e+01 2.199e+01
|    ( - -6.243e+02 1 0)
|    ( - -4.205e+03 1 0))
s>    ( WDBNDRY_E 0 -4.911e+03 8.201e+01 2.199e+01
s>        ( - -6.243e+02 1 0)
s>        ( - -4.205e+03 1 0))INFO: dtree.c(1315): Comp split 55
INFO: dtree.c(1315): Comp split 56
INFO: dtree.c(1315): Comp split 57
INFO: dtree.c(1439): stop. leaf nodes are specific
INFO: dtree.c(1478): Final simple tree
|( WDBNDRY_E 0 -6.353e+03 7.030e+01 2.761e+01
|    ( QUESTION0_12_R 1 -5.170e+03 5.865e+01 2.263e+01
|        ( - -4.877e+03 4 0)
|        ( - -2.350e+02 1 0))
|    ( - -1.113e+03 2 0))
s>    ( WDBNDRY_E 0 -6.353e+03 7.030e+01 2.761e+01
s>        ( QUESTION0_12_R 1 -5.170e+03 5.865e+01 2.263e+01
s>            ( - -4.877e+03 4 0)
s>            ( - -2.350e+02 1 0))
s>        ( - -1.113e+03 2 0))INFO: dtree.c(1315): Comp split 58
INFO: dtree.c(1439): stop. leaf nodes are specific
INFO: dtree.c(1478): Final simple tree
|( QUESTION0_7_R 1 -8.318e+03 6.332e+01 3.505e+01
|    ( - -2.090e+02 1 0)
|    ( WDBNDRY_I 0 -8.046e+03 6.070e+01 3.405e+01
|        ( - -4.698e+03 2 0)
|        ( QUESTION0_20_R 1 -3.287e+03 5.823e+01 1.363e+01
|            ( - -9.358e+02 3 0)
|            ( WDBNDRY_B 0 -2.293e+03 5.537e+01 9.627e+00
|                ( - -2.118e+02 1 0)
|                ( - -2.026e+03 4 0)))))
s>    ( QUESTION0_7_R 1 -8.318e+03 6.332e+01 3.505e+01
s>        ( - -2.090e+02 1 0)
s>        ( WDBNDRY_I 0 -8.046e+03 6.070e+01 3.405e+01
s>            ( - -4.698e+03 2 0)
s>            ( QUESTION0_20_R 1 -3.287e+03 5.823e+01 1.363e+01
s>                ( - -9.358e+02 3 0)
s>                ( WDBNDRY_B 0 -2.293e+03 5.537e+01 9.627e+00
s>                    ( - -2.118e+02 1 0)
s>                    ( - -2.026e+03 4 0)))))INFO: dtree.c(1315): Comp split 59
INFO: dtree.c(1315): Comp split 60
INFO: dtree.c(1315): Comp split 61
INFO: dtree.c(1439): stop. leaf nodes are specific
INFO: dtree.c(1478): Final simple tree
|( QUESTION0 -1 -6.192e+03 5.822e+01 2.745e+01
|    ( - -1.779e+02 1 0)
|    ( - -5.956e+03 4 0))
s>    ( QUESTION0 -1 -6.192e+03 5.822e+01 2.745e+01
s>        ( - -1.779e+02 1 0)
s>        ( - -5.956e+03 4 0))INFO: dtree.c(1315): Comp split 62
INFO: dtree.c(1439): stop. leaf nodes are specific
INFO: dtree.c(1478): Final simple tree
|( QUESTION0_12_R 1 -5.170e+03 5.865e+01 2.263e+01
|    ( - -4.877e+03 4 0)
|    ( - -2.350e+02 1 0))
s>    ( QUESTION0_12_R 1 -5.170e+03 5.865e+01 2.263e+01
s>        ( - -4.877e+03 4 0)
s>        ( - -2.350e+02 1 0))INFO: dtree.c(1315): Comp split 63
INFO: dtree.c(1315): Comp split 64
INFO: dtree.c(1439): stop. leaf nodes are specific
INFO: dtree.c(1478): Final simple tree
|( WDBNDRY_I 0 -8.046e+03 6.070e+01 3.405e+01
|    ( - -4.698e+03 2 0)
|    ( QUESTION0_20_R 1 -3.287e+03 5.823e+01 1.363e+01
|        ( - -9.358e+02 3 0)
|        ( WDBNDRY_B 0 -2.293e+03 5.537e+01 9.627e+00
|            ( - -2.118e+02 1 0)
|            ( - -2.026e+03 4 0))))
s>    ( WDBNDRY_I 0 -8.046e+03 6.070e+01 3.405e+01
s>        ( - -4.698e+03 2 0)
s>        ( QUESTION0_20_R 1 -3.287e+03 5.823e+01 1.363e+01
s>            ( - -9.358e+02 3 0)
s>            ( WDBNDRY_B 0 -2.293e+03 5.537e+01 9.627e+00
s>                ( - -2.118e+02 1 0)
s>                ( - -2.026e+03 4 0))))INFO: dtree.c(1315): Comp split 65
INFO: dtree.c(1439): stop. leaf nodes are specific
INFO: dtree.c(1478): Final simple tree
|( WDBNDRY_B 0 -1.198e+03 5.029e+01 5.001e+00
|    ( - -2.118e+02 1 0)
|    ( - -9.358e+02 3 0))
s>    ( WDBNDRY_B 0 -1.198e+03 5.029e+01 5.001e+00
s>        ( - -2.118e+02 1 0)
s>        ( - -9.358e+02 3 0))INFO: dtree.c(1439): stop. leaf nodes are specific
INFO: dtree.c(1478): Final simple tree
|( WDBNDRY_E 0 -6.784e+03 6.032e+01 2.905e+01
|    ( - -2.026e+03 4 0)
|    ( - -4.698e+03 2 0))
s>    ( WDBNDRY_E 0 -6.784e+03 6.032e+01 2.905e+01
s>        ( - -2.026e+03 4 0)
s>        ( - -4.698e+03 2 0))INFO: dtree.c(1315): Comp split 66
INFO: dtree.c(1315): Comp split 67
INFO: dtree.c(1315): Comp split 68
INFO: dtree.c(1315): Comp split 69
INFO: dtree.c(1315): Comp split 70
INFO: dtree.c(1315): Comp split 71
INFO: dtree.c(1318): stop. leaf nodes are specific
Thu May  7 00:23:28 2020
