Current configuration:
[NAME]		[DEFLT]	[VALUE]
-allphones	no	no
-cntthresh	0.00001	1.000000e-05
-csplitmax	100	2000
-csplitmin	1	1
-csplitthr	8e-4	0.000000e+00
-example	no	no
-fullvar	no	no
-help		no	no
-meanfn			/home/abdy/Desktop/diploma/kg/model_parameters/kg.cd_cont_untied/means
-mixwfn			/home/abdy/Desktop/diploma/kg/model_parameters/kg.cd_cont_untied/mixture_weights
-moddeffn		/home/abdy/Desktop/diploma/kg/model_architecture/kg.untied.mdef
-mwfloor	1e-4	1.000000e-08
-phone			sh
-psetfn			/home/abdy/Desktop/diploma/kg/model_architecture/kg.tree_questions
-ssplitmax	5	7
-ssplitmin	1	1
-ssplitthr	8e-4	0.000000e+00
-state			0
-stwt			1.0,0.05,0.0,
-treefn			/home/abdy/Desktop/diploma/kg/trees/kg.unpruned/sh-0.dtree
-ts2cbfn	.semi.	.cont.
-varfloor	0.00001	1.000000e-05
-varfn			/home/abdy/Desktop/diploma/kg/model_parameters/kg.cd_cont_untied/variances

INFO: main.c(223): Reading: /home/abdy/Desktop/diploma/kg/model_architecture/kg.untied.mdef
INFO: model_def_io.c(573): Model definition info:
INFO: model_def_io.c(574): 10297 total models defined (47 base, 10250 tri)
INFO: model_def_io.c(575): 41188 total states
INFO: model_def_io.c(576): 30891 total tied states
INFO: model_def_io.c(577): 141 total tied CI states
INFO: model_def_io.c(578): 47 total tied transition matrices
INFO: model_def_io.c(579): 4 max state/model
INFO: model_def_io.c(580): 4 min state/model
INFO: main.c(242): Building trees for [sh SIL a b] through [sh z t b]
INFO: main.c(269): Covering states |[22677 23312]| == 636
INFO: main.c(275): Reading: /home/abdy/Desktop/diploma/kg/model_parameters/kg.cd_cont_untied/mixture_weights
INFO: s3mixw_io.c(173): Read /home/abdy/Desktop/diploma/kg/model_parameters/kg.cd_cont_untied/mixture_weights [636x1x1 array]
INFO: main.c(311): 57 of 212 models have observation count greater than 0.000010
INFO: main.c(95): nrm stwt: 0.952 0.048 0.000 
INFO: s3gau_io.c(169): Read /home/abdy/Desktop/diploma/kg/model_parameters/kg.cd_cont_untied/means [30891x1x1 array]
INFO: s3gau_io.c(169): Read /home/abdy/Desktop/diploma/kg/model_parameters/kg.cd_cont_untied/variances [30891x1x1 array]
INFO: main.c(549): Reading: /home/abdy/Desktop/diploma/kg/model_architecture/kg.tree_questions
INFO: main.c(588): 174 total simple questions (166 phone; 8 word bndry)
INFO: main.c(590): 40 Left Only questions, and 42 Right Only questions
INFO: dtree.c(1478): Final simple tree
|( QUESTION2_0_L -1 -7.899e+04 8.940e+02 3.207e+02
|    ( QUESTION2_1_L -1 -6.789e+04 2.807e+02 2.796e+02
|        ( QUESTION11 -1 -2.360e+04 1.926e+02 9.954e+01
|            ( WDBNDRY_I 0 -1.417e+04 1.731e+02 5.984e+01
|                ( - -9.851e+03 6 0 QUESTION11 1 1.300e+02 4.184e+01)
|                ( - -4.146e+03 5 0 QUESTION0_19_R 1 1.783e+02 1.800e+01))
|            ( - -9.239e+03 6 0 WDBNDRY_E 0 1.710e+02 3.970e+01))
|        ( QUESTION0_5_R 1 -4.400e+04 2.271e+02 1.800e+02
|            ( - -8.320e+03 4 0 WDBNDRY_E 0 1.371e+02 3.615e+01)
|            ( WDBNDRY_I 0 -3.546e+04 2.083e+02 1.439e+02
|                ( - -2.592e+04 19 0 QUESTION0_3_R 1 1.636e+02 1.049e+02)
|                ( - -9.331e+03 12 0 QUESTION16 -1 1.664e+02 3.903e+01))))
|    ( WDBNDRY_B 0 -1.021e+04 1.751e+02 4.107e+01
|        ( - -3.679e+03 2 0 SILENCE -1 7.061e+01 1.500e+01)
|        ( - -6.359e+03 3 0 QUESTION0_3_R 1 1.669e+02 2.606e+01)))
s>    ( QUESTION2_0_L -1 -7.899e+04 8.940e+02 3.207e+02
s>        ( QUESTION2_1_L -1 -6.789e+04 2.807e+02 2.796e+02
s>            ( QUESTION11 -1 -2.360e+04 1.926e+02 9.954e+01
s>                ( WDBNDRY_I 0 -1.417e+04 1.731e+02 5.984e+01
s>                    ( - -9.851e+03 6 0 QUESTION11 1 1.300e+02 4.184e+01)
s>                    ( - -4.146e+03 5 0 QUESTION0_19_R 1 1.783e+02 1.800e+01))
s>                ( - -9.239e+03 6 0 WDBNDRY_E 0 1.710e+02 3.970e+01))
s>            ( QUESTION0_5_R 1 -4.400e+04 2.271e+02 1.800e+02
s>                ( - -8.320e+03 4 0 WDBNDRY_E 0 1.371e+02 3.615e+01)
s>                ( WDBNDRY_I 0 -3.546e+04 2.083e+02 1.439e+02
s>                    ( - -2.592e+04 19 0 QUESTION0_3_R 1 1.636e+02 1.049e+02)
s>                    ( - -9.331e+03 12 0 QUESTION16 -1 1.664e+02 3.903e+01))))
s>        ( WDBNDRY_B 0 -1.021e+04 1.751e+02 4.107e+01
s>            ( - -3.679e+03 2 0 SILENCE -1 7.061e+01 1.500e+01)
s>            ( - -6.359e+03 3 0 QUESTION0_3_R 1 1.669e+02 2.606e+01)))INFO: dtree.c(1315): Comp split 0
INFO: dtree.c(1478): Final simple tree
|( QUESTION11 1 -1.454e+04 2.258e+02 5.907e+01
|    ( - -3.679e+03 2 0 SILENCE -1 7.061e+01 1.500e+01)
|    ( QUESTION0_19_R 1 -1.064e+04 1.616e+02 4.406e+01
|        ( - -5.191e+02 1 0)
|        ( QUESTION2_7_L -1 -9.956e+03 1.675e+02 4.106e+01
|            ( QUESTION0_2_R 1 -2.873e+03 1.116e+02 1.206e+01
|                ( - -1.490e+03 1 0)
|                ( - -1.272e+03 1 0))
|            ( QUESTION0_2_R 1 -6.915e+03 1.696e+02 2.900e+01
|                ( WDBNDRY_I 0 -5.342e+03 1.370e+02 2.200e+01
|                    ( - -3.319e+03 1 0)
|                    ( WDBNDRY_B 0 -1.886e+03 1.064e+02 8.001e+00
|                        ( - -8.902e+02 2 0 QUESTION0_6_R 1 1.436e+02 4.000e+00)
|                        ( - -8.895e+02 1 0)))
|                ( - -1.403e+03 1 0)))))
s>    ( QUESTION11 1 -1.454e+04 2.258e+02 5.907e+01
s>        ( - -3.679e+03 2 0 SILENCE -1 7.061e+01 1.500e+01)
s>        ( QUESTION0_19_R 1 -1.064e+04 1.616e+02 4.406e+01
s>            ( - -5.191e+02 1 0)
s>            ( QUESTION2_7_L -1 -9.956e+03 1.675e+02 4.106e+01
s>                ( QUESTION0_2_R 1 -2.873e+03 1.116e+02 1.206e+01
s>                    ( - -1.490e+03 1 0)
s>                    ( - -1.272e+03 1 0))
s>                ( QUESTION0_2_R 1 -6.915e+03 1.696e+02 2.900e+01
s>                    ( WDBNDRY_I 0 -5.342e+03 1.370e+02 2.200e+01
s>                        ( - -3.319e+03 1 0)
s>                        ( WDBNDRY_B 0 -1.886e+03 1.064e+02 8.001e+00
s>                            ( - -8.902e+02 2 0 QUESTION0_6_R 1 1.436e+02 4.000e+00)
s>                            ( - -8.895e+02 1 0)))
s>                    ( - -1.403e+03 1 0)))))INFO: dtree.c(1478): Final simple tree
|( QUESTION2_3_L -1 -6.355e+04 2.739e+02 2.616e+02
|    ( QUESTION11 -1 -1.782e+04 1.934e+02 7.554e+01
|        ( - -9.851e+03 6 0 QUESTION11 1 1.300e+02 4.184e+01)
|        ( WDBNDRY_E 0 -7.773e+03 1.691e+02 3.370e+01
|            ( - -7.142e+02 1 0)
|            ( - -6.890e+03 3 0 QUESTION0_13_R 1 1.224e+02 2.970e+01)))
|    ( QUESTION0_5_R 1 -4.546e+04 2.102e+02 1.860e+02
|        ( - -8.607e+03 5 0 WDBNDRY_I 0 1.402e+02 3.715e+01)
|        ( WDBNDRY_I 0 -3.664e+04 2.012e+02 1.489e+02
|            ( - -2.711e+04 20 0 QUESTION0_3_R 1 1.651e+02 1.099e+02)
|            ( QUESTION16 -1 -9.331e+03 1.664e+02 3.903e+01
|                ( - -1.008e+03 1 0)
|                ( QUESTION0_4_R 1 -8.157e+03 1.924e+02 3.403e+01
|                    ( - -8.091e+02 1 0)
|                    ( - -7.156e+03 10 0 QUESTION12 1 1.687e+02 3.003e+01))))))
s>    ( QUESTION2_3_L -1 -6.355e+04 2.739e+02 2.616e+02
s>        ( QUESTION11 -1 -1.782e+04 1.934e+02 7.554e+01
s>            ( - -9.851e+03 6 0 QUESTION11 1 1.300e+02 4.184e+01)
s>            ( WDBNDRY_E 0 -7.773e+03 1.691e+02 3.370e+01
s>                ( - -7.142e+02 1 0)
s>                ( - -6.890e+03 3 0 QUESTION0_13_R 1 1.224e+02 2.970e+01)))
s>        ( QUESTION0_5_R 1 -4.546e+04 2.102e+02 1.860e+02
s>            ( - -8.607e+03 5 0 WDBNDRY_I 0 1.402e+02 3.715e+01)
s>            ( WDBNDRY_I 0 -3.664e+04 2.012e+02 1.489e+02
s>                ( - -2.711e+04 20 0 QUESTION0_3_R 1 1.651e+02 1.099e+02)
s>                ( QUESTION16 -1 -9.331e+03 1.664e+02 3.903e+01
s>                    ( - -1.008e+03 1 0)
s>                    ( QUESTION0_4_R 1 -8.157e+03 1.924e+02 3.403e+01
s>                        ( - -8.091e+02 1 0)
s>                        ( - -7.156e+03 10 0 QUESTION12 1 1.687e+02 3.003e+01))))))INFO: dtree.c(1315): Comp split 1
INFO: dtree.c(1478): Final simple tree
|( QUESTION2_1_L -1 -2.633e+04 1.891e+02 1.106e+02
|    ( QUESTION11 -1 -1.782e+04 1.934e+02 7.554e+01
|        ( QUESTION11 1 -9.851e+03 1.300e+02 4.184e+01
|            ( - -2.032e+03 1 0)
|            ( - -7.689e+03 5 0 QUESTION0_4_R 1 1.069e+02 3.283e+01))
|        ( WDBNDRY_E 0 -7.773e+03 1.691e+02 3.370e+01
|            ( - -7.142e+02 1 0)
|            ( - -6.890e+03 3 0 QUESTION0_13_R 1 1.224e+02 2.970e+01)))
|    ( QUESTION0_4_R 1 -8.326e+03 1.629e+02 3.503e+01
|        ( - -1.008e+03 1 0)
|        ( QUESTION12 1 -7.156e+03 1.687e+02 3.003e+01
|            ( - -7.572e+02 1 0)
|            ( QUESTION0_9_R 1 -6.230e+03 1.542e+02 2.603e+01
|                ( - -5.896e+02 1 0)
|                ( - -5.486e+03 8 0 WDBNDRY_B 0 1.000e+02 2.303e+01)))))
s>    ( QUESTION2_1_L -1 -2.633e+04 1.891e+02 1.106e+02
s>        ( QUESTION11 -1 -1.782e+04 1.934e+02 7.554e+01
s>            ( QUESTION11 1 -9.851e+03 1.300e+02 4.184e+01
s>                ( - -2.032e+03 1 0)
s>                ( - -7.689e+03 5 0 QUESTION0_4_R 1 1.069e+02 3.283e+01))
s>            ( WDBNDRY_E 0 -7.773e+03 1.691e+02 3.370e+01
s>                ( - -7.142e+02 1 0)
s>                ( - -6.890e+03 3 0 QUESTION0_13_R 1 1.224e+02 2.970e+01)))
s>        ( QUESTION0_4_R 1 -8.326e+03 1.629e+02 3.503e+01
s>            ( - -1.008e+03 1 0)
s>            ( QUESTION12 1 -7.156e+03 1.687e+02 3.003e+01
s>                ( - -7.572e+02 1 0)
s>                ( QUESTION0_9_R 1 -6.230e+03 1.542e+02 2.603e+01
s>                    ( - -5.896e+02 1 0)
s>                    ( - -5.486e+03 8 0 WDBNDRY_B 0 1.000e+02 2.303e+01)))))INFO: dtree.c(1478): Final simple tree
|( QUESTION0_5_R 1 -3.690e+04 2.263e+02 1.510e+02
|    ( WDBNDRY_I 0 -8.607e+03 1.402e+02 3.715e+01
|        ( - -6.426e+03 3 0 QUESTION0_6_R 1 9.649e+01 2.825e+01)
|        ( - -2.041e+03 2 0 WDBNDRY_B 0 8.376e+01 8.901e+00))
|    ( QUESTION0_3_R 1 -2.807e+04 1.716e+02 1.139e+02
|        ( QUESTION11 1 -4.982e+03 1.184e+02 2.071e+01
|            ( - -1.389e+03 2 0)
|            ( - -3.475e+03 1 0))
|        ( QUESTION2_1_L -1 -2.292e+04 1.485e+02 9.316e+01
|            ( - -1.041e+03 1 0)
|            ( WDBNDRY_E 0 -2.173e+04 1.472e+02 8.816e+01
|                ( - -8.091e+02 1 0)
|                ( QUESTION13 1 -2.077e+04 1.203e+02 8.416e+01
|                    ( - -6.405e+02 1 0)
|                    ( - -2.001e+04 15 0 QUESTION0 -1 1.153e+02 8.116e+01))))))
s>    ( QUESTION0_5_R 1 -3.690e+04 2.263e+02 1.510e+02
s>        ( WDBNDRY_I 0 -8.607e+03 1.402e+02 3.715e+01
s>            ( - -6.426e+03 3 0 QUESTION0_6_R 1 9.649e+01 2.825e+01)
s>            ( - -2.041e+03 2 0 WDBNDRY_B 0 8.376e+01 8.901e+00))
s>        ( QUESTION0_3_R 1 -2.807e+04 1.716e+02 1.139e+02
s>            ( QUESTION11 1 -4.982e+03 1.184e+02 2.071e+01
s>                ( - -1.389e+03 2 0)
s>                ( - -3.475e+03 1 0))
s>            ( QUESTION2_1_L -1 -2.292e+04 1.485e+02 9.316e+01
s>                ( - -1.041e+03 1 0)
s>                ( WDBNDRY_E 0 -2.173e+04 1.472e+02 8.816e+01
s>                    ( - -8.091e+02 1 0)
s>                    ( QUESTION13 1 -2.077e+04 1.203e+02 8.416e+01
s>                        ( - -6.405e+02 1 0)
s>                        ( - -2.001e+04 15 0 QUESTION0 -1 1.153e+02 8.116e+01))))))INFO: dtree.c(1315): Comp split 2
INFO: dtree.c(1439): stop. leaf nodes are specific
INFO: dtree.c(1478): Final simple tree
|( QUESTION0_5_R 1 -7.185e+03 1.188e+02 3.125e+01
|    ( QUESTION0_6_R 1 -6.426e+03 9.649e+01 2.825e+01
|        ( - -1.509e+03 1 0)
|        ( - -4.820e+03 2 0))
|    ( - -6.405e+02 1 0))
s>    ( QUESTION0_5_R 1 -7.185e+03 1.188e+02 3.125e+01
s>        ( QUESTION0_6_R 1 -6.426e+03 9.649e+01 2.825e+01
s>            ( - -1.509e+03 1 0)
s>            ( - -4.820e+03 2 0))
s>        ( - -6.405e+02 1 0))INFO: dtree.c(1478): Final simple tree
|( QUESTION0_3_R 1 -2.947e+04 1.776e+02 1.198e+02
|    ( QUESTION11 1 -4.982e+03 1.184e+02 2.071e+01
|        ( - -1.389e+03 2 0)
|        ( - -3.475e+03 1 0))
|    ( WDBNDRY_E 0 -2.431e+04 1.295e+02 9.906e+01
|        ( QUESTION0_5_R 1 -2.713e+03 1.462e+02 1.190e+01
|            ( - -1.758e+03 1 0)
|            ( - -8.091e+02 1 0))
|        ( QUESTION0 -1 -2.147e+04 1.157e+02 8.716e+01
|            ( - -1.448e+03 1 0)
|            ( QUESTION0_7_R 1 -1.991e+04 1.229e+02 8.071e+01
|                ( - -4.484e+03 3 0)
|                ( QUESTION2_1_L -1 -1.530e+04 1.115e+02 6.251e+01
|                    ( - -1.350e+03 2 0 WDBNDRY_B 0 1.094e+02 6.000e+00)
|                    ( - -1.384e+04 11 0 QUESTION0_13_R 1 8.849e+01 5.651e+01))))))
s>    ( QUESTION0_3_R 1 -2.947e+04 1.776e+02 1.198e+02
s>        ( QUESTION11 1 -4.982e+03 1.184e+02 2.071e+01
s>            ( - -1.389e+03 2 0)
s>            ( - -3.475e+03 1 0))
s>        ( WDBNDRY_E 0 -2.431e+04 1.295e+02 9.906e+01
s>            ( QUESTION0_5_R 1 -2.713e+03 1.462e+02 1.190e+01
s>                ( - -1.758e+03 1 0)
s>                ( - -8.091e+02 1 0))
s>            ( QUESTION0 -1 -2.147e+04 1.157e+02 8.716e+01
s>                ( - -1.448e+03 1 0)
s>                ( QUESTION0_7_R 1 -1.991e+04 1.229e+02 8.071e+01
s>                    ( - -4.484e+03 3 0)
s>                    ( QUESTION2_1_L -1 -1.530e+04 1.115e+02 6.251e+01
s>                        ( - -1.350e+03 2 0 WDBNDRY_B 0 1.094e+02 6.000e+00)
s>                        ( - -1.384e+04 11 0 QUESTION0_13_R 1 8.849e+01 5.651e+01))))))INFO: dtree.c(1315): Comp split 3
INFO: dtree.c(1439): stop. leaf nodes are specific
INFO: dtree.c(1478): Final simple tree
|( QUESTION0_19_R 1 -4.539e+03 1.523e+02 2.000e+01
|    ( - -5.191e+02 1 0)
|    ( WDBNDRY_E 0 -3.867e+03 1.460e+02 1.700e+01
|        ( QUESTION0_2_R 1 -2.450e+03 1.570e+02 1.100e+01
|            ( - -8.895e+02 1 0)
|            ( - -1.403e+03 1 0))
|        ( - -1.272e+03 1 0)))
s>    ( QUESTION0_19_R 1 -4.539e+03 1.523e+02 2.000e+01
s>        ( - -5.191e+02 1 0)
s>        ( WDBNDRY_E 0 -3.867e+03 1.460e+02 1.700e+01
s>            ( QUESTION0_2_R 1 -2.450e+03 1.570e+02 1.100e+01
s>                ( - -8.895e+02 1 0)
s>                ( - -1.403e+03 1 0))
s>            ( - -1.272e+03 1 0)))INFO: dtree.c(1439): stop. leaf nodes are specific
INFO: dtree.c(1478): Final simple tree
|( SILENCE -1 -9.774e+03 1.647e+02 3.907e+01
|    ( - -3.400e+03 1 0)
|    ( QUESTION5 -1 -6.210e+03 1.249e+02 2.506e+01
|        ( - -3.319e+03 1 0)
|        ( QUESTION0_5_R 1 -2.766e+03 1.090e+02 1.106e+01
|            ( QUESTION0_6_R 1 -8.902e+02 1.436e+02 4.000e+00
|                ( - -2.181e+02 1 0)
|                ( - -5.285e+02 1 0))
|            ( WDBNDRY_B 0 -1.766e+03 6.825e+01 7.064e+00
|                ( - -2.084e+02 1 0)
|                ( - -1.490e+03 1 0)))))
s>    ( SILENCE -1 -9.774e+03 1.647e+02 3.907e+01
s>        ( - -3.400e+03 1 0)
s>        ( QUESTION5 -1 -6.210e+03 1.249e+02 2.506e+01
s>            ( - -3.319e+03 1 0)
s>            ( QUESTION0_5_R 1 -2.766e+03 1.090e+02 1.106e+01
s>                ( QUESTION0_6_R 1 -8.902e+02 1.436e+02 4.000e+00
s>                    ( - -2.181e+02 1 0)
s>                    ( - -5.285e+02 1 0))
s>                ( WDBNDRY_B 0 -1.766e+03 6.825e+01 7.064e+00
s>                    ( - -2.084e+02 1 0)
s>                    ( - -1.490e+03 1 0)))))INFO: dtree.c(1315): Comp split 4
INFO: dtree.c(1478): Final simple tree
|( QUESTION11 -1 -1.855e+04 1.832e+02 7.854e+01
|    ( QUESTION11 1 -9.851e+03 1.300e+02 4.184e+01
|        ( - -2.032e+03 1 0)
|        ( QUESTION0_4_R 1 -7.689e+03 1.069e+02 3.283e+01
|            ( - -1.310e+03 1 0)
|            ( QUESTION0_14_R 1 -6.272e+03 1.122e+02 2.690e+01
|                ( - -1.872e+03 1 0)
|                ( - -4.288e+03 3 0 QUESTION0_15_R 1 9.059e+01 1.875e+01))))
|    ( WDBNDRY_E 0 -8.516e+03 1.575e+02 3.670e+01
|        ( QUESTION0_9_R 1 -1.469e+03 1.651e+02 7.000e+00
|            ( - -5.896e+02 1 0)
|            ( - -7.142e+02 1 0))
|        ( QUESTION0_13_R 1 -6.890e+03 1.224e+02 2.970e+01
|            ( - -1.704e+03 1 0)
|            ( - -5.064e+03 2 0 QUESTION0_2_R 1 8.377e+01 2.187e+01))))
s>    ( QUESTION11 -1 -1.855e+04 1.832e+02 7.854e+01
s>        ( QUESTION11 1 -9.851e+03 1.300e+02 4.184e+01
s>            ( - -2.032e+03 1 0)
s>            ( QUESTION0_4_R 1 -7.689e+03 1.069e+02 3.283e+01
s>                ( - -1.310e+03 1 0)
s>                ( QUESTION0_14_R 1 -6.272e+03 1.122e+02 2.690e+01
s>                    ( - -1.872e+03 1 0)
s>                    ( - -4.288e+03 3 0 QUESTION0_15_R 1 9.059e+01 1.875e+01))))
s>        ( WDBNDRY_E 0 -8.516e+03 1.575e+02 3.670e+01
s>            ( QUESTION0_9_R 1 -1.469e+03 1.651e+02 7.000e+00
s>                ( - -5.896e+02 1 0)
s>                ( - -7.142e+02 1 0))
s>            ( QUESTION0_13_R 1 -6.890e+03 1.224e+02 2.970e+01
s>                ( - -1.704e+03 1 0)
s>                ( - -5.064e+03 2 0 QUESTION0_2_R 1 8.377e+01 2.187e+01))))INFO: dtree.c(1478): Final simple tree
|( QUESTION0_4_R 1 -7.577e+03 1.596e+02 3.203e+01
|    ( - -1.008e+03 1 0)
|    ( QUESTION12 1 -6.409e+03 1.661e+02 2.703e+01
|        ( - -7.572e+02 1 0)
|        ( WDBNDRY_B 0 -5.486e+03 1.000e+02 2.303e+01
|            ( QUESTION0_2_R 1 -3.725e+03 1.410e+02 1.603e+01
|                ( QUESTION13 -1 -3.016e+03 9.168e+01 1.303e+01
|                    ( - -8.587e+02 1 0)
|                    ( - -2.066e+03 3 0))
|                ( - -5.680e+02 1 0))
|            ( QUESTION0_12_R 1 -1.661e+03 9.880e+01 7.000e+00
|                ( - -5.865e+02 1 0)
|                ( QUESTION0_2_R 1 -9.758e+02 7.403e+01 4.000e+00
|                    ( - -6.435e+02 1 0)
|                    ( - -2.583e+02 1 0))))))
s>    ( QUESTION0_4_R 1 -7.577e+03 1.596e+02 3.203e+01
s>        ( - -1.008e+03 1 0)
s>        ( QUESTION12 1 -6.409e+03 1.661e+02 2.703e+01
s>            ( - -7.572e+02 1 0)
s>            ( WDBNDRY_B 0 -5.486e+03 1.000e+02 2.303e+01
s>                ( QUESTION0_2_R 1 -3.725e+03 1.410e+02 1.603e+01
s>                    ( QUESTION13 -1 -3.016e+03 9.168e+01 1.303e+01
s>                        ( - -8.587e+02 1 0)
s>                        ( - -2.066e+03 3 0))
s>                    ( - -5.680e+02 1 0))
s>                ( QUESTION0_12_R 1 -1.661e+03 9.880e+01 7.000e+00
s>                    ( - -5.865e+02 1 0)
s>                    ( QUESTION0_2_R 1 -9.758e+02 7.403e+01 4.000e+00
s>                        ( - -6.435e+02 1 0)
s>                        ( - -2.583e+02 1 0))))))INFO: dtree.c(1315): Comp split 5
INFO: dtree.c(1439): stop. leaf nodes are specific
INFO: dtree.c(1478): Final simple tree
|( QUESTION0_19_R 1 -2.935e+03 1.391e+02 1.300e+01
|    ( - -5.191e+02 1 0)
|    ( WDBNDRY_E 0 -2.277e+03 1.157e+02 1.000e+01
|        ( - -8.895e+02 1 0)
|        ( - -1.272e+03 1 0)))
s>    ( QUESTION0_19_R 1 -2.935e+03 1.391e+02 1.300e+01
s>        ( - -5.191e+02 1 0)
s>        ( WDBNDRY_E 0 -2.277e+03 1.157e+02 1.000e+01
s>            ( - -8.895e+02 1 0)
s>            ( - -1.272e+03 1 0)))INFO: dtree.c(1315): Comp split 6
INFO: dtree.c(1439): stop. leaf nodes are specific
INFO: dtree.c(1478): Final simple tree
|( WDBNDRY_E 0 -1.059e+04 1.446e+02 4.484e+01
|    ( - -5.896e+02 1 0)
|    ( QUESTION11 1 -9.851e+03 1.300e+02 4.184e+01
|        ( - -2.032e+03 1 0)
|        ( QUESTION0_4_R 1 -7.689e+03 1.069e+02 3.283e+01
|            ( - -1.310e+03 1 0)
|            ( QUESTION0_14_R 1 -6.272e+03 1.122e+02 2.690e+01
|                ( - -1.872e+03 1 0)
|                ( QUESTION0_15_R 1 -4.288e+03 9.059e+01 1.875e+01
|                    ( - -5.483e+02 1 0)
|                    ( QUESTION0_2_R 1 -3.649e+03 8.260e+01 1.575e+01
|                        ( - -6.433e+02 1 0)
|                        ( - -2.923e+03 1 0)))))))
s>    ( WDBNDRY_E 0 -1.059e+04 1.446e+02 4.484e+01
s>        ( - -5.896e+02 1 0)
s>        ( QUESTION11 1 -9.851e+03 1.300e+02 4.184e+01
s>            ( - -2.032e+03 1 0)
s>            ( QUESTION0_4_R 1 -7.689e+03 1.069e+02 3.283e+01
s>                ( - -1.310e+03 1 0)
s>                ( QUESTION0_14_R 1 -6.272e+03 1.122e+02 2.690e+01
s>                    ( - -1.872e+03 1 0)
s>                    ( QUESTION0_15_R 1 -4.288e+03 9.059e+01 1.875e+01
s>                        ( - -5.483e+02 1 0)
s>                        ( QUESTION0_2_R 1 -3.649e+03 8.260e+01 1.575e+01
s>                            ( - -6.433e+02 1 0)
s>                            ( - -2.923e+03 1 0)))))))INFO: dtree.c(1439): stop. leaf nodes are specific
INFO: dtree.c(1478): Final simple tree
|( WDBNDRY_E 0 -7.773e+03 1.691e+02 3.370e+01
|    ( - -7.142e+02 1 0)
|    ( QUESTION0_13_R 1 -6.890e+03 1.224e+02 2.970e+01
|        ( - -1.704e+03 1 0)
|        ( QUESTION0_2_R 1 -5.064e+03 8.377e+01 2.187e+01
|            ( - -4.354e+03 1 0)
|            ( - -6.261e+02 1 0))))
s>    ( WDBNDRY_E 0 -7.773e+03 1.691e+02 3.370e+01
s>        ( - -7.142e+02 1 0)
s>        ( QUESTION0_13_R 1 -6.890e+03 1.224e+02 2.970e+01
s>            ( - -1.704e+03 1 0)
s>            ( QUESTION0_2_R 1 -5.064e+03 8.377e+01 2.187e+01
s>                ( - -4.354e+03 1 0)
s>                ( - -6.261e+02 1 0))))INFO: dtree.c(1315): Comp split 7
INFO: dtree.c(1439): stop. leaf nodes are specific
INFO: dtree.c(1478): Final simple tree
|( QUESTION5 -1 -9.068e+03 1.601e+02 3.607e+01
|    ( - -3.319e+03 1 0)
|    ( SILENCE -1 -5.589e+03 1.312e+02 2.207e+01
|        ( - -3.400e+03 1 0)
|        ( WDBNDRY_B 0 -2.058e+03 7.864e+01 8.064e+00
|            ( QUESTION0_3_R 1 -4.894e+02 6.296e+01 2.000e+00
|                ( - -2.084e+02 1 0)
|                ( - -2.181e+02 1 0))
|            ( - -1.490e+03 1 0))))
s>    ( QUESTION5 -1 -9.068e+03 1.601e+02 3.607e+01
s>        ( - -3.319e+03 1 0)
s>        ( SILENCE -1 -5.589e+03 1.312e+02 2.207e+01
s>            ( - -3.400e+03 1 0)
s>            ( WDBNDRY_B 0 -2.058e+03 7.864e+01 8.064e+00
s>                ( QUESTION0_3_R 1 -4.894e+02 6.296e+01 2.000e+00
s>                    ( - -2.084e+02 1 0)
s>                    ( - -2.181e+02 1 0))
s>                ( - -1.490e+03 1 0))))INFO: dtree.c(1315): Comp split 8
INFO: dtree.c(1478): Final simple tree
|( WDBNDRY_E 0 -2.431e+04 1.295e+02 9.906e+01
|    ( QUESTION0_5_R 1 -2.713e+03 1.462e+02 1.190e+01
|        ( - -1.758e+03 1 0)
|        ( - -8.091e+02 1 0))
|    ( QUESTION0 -1 -2.147e+04 1.157e+02 8.716e+01
|        ( - -1.448e+03 1 0)
|        ( QUESTION0_7_R 1 -1.991e+04 1.229e+02 8.071e+01
|            ( - -4.484e+03 3 0)
|            ( QUESTION2_1_L -1 -1.530e+04 1.115e+02 6.251e+01
|                ( WDBNDRY_B 0 -1.350e+03 1.094e+02 6.000e+00
|                    ( - -1.997e+02 1 0)
|                    ( - -1.041e+03 1 0))
|                ( QUESTION0_13_R 1 -1.384e+04 8.849e+01 5.651e+01
|                    ( - -8.602e+03 8 0)
|                    ( - -5.149e+03 3 0))))))
s>    ( WDBNDRY_E 0 -2.431e+04 1.295e+02 9.906e+01
s>        ( QUESTION0_5_R 1 -2.713e+03 1.462e+02 1.190e+01
s>            ( - -1.758e+03 1 0)
s>            ( - -8.091e+02 1 0))
s>        ( QUESTION0 -1 -2.147e+04 1.157e+02 8.716e+01
s>            ( - -1.448e+03 1 0)
s>            ( QUESTION0_7_R 1 -1.991e+04 1.229e+02 8.071e+01
s>                ( - -4.484e+03 3 0)
s>                ( QUESTION2_1_L -1 -1.530e+04 1.115e+02 6.251e+01
s>                    ( WDBNDRY_B 0 -1.350e+03 1.094e+02 6.000e+00
s>                        ( - -1.997e+02 1 0)
s>                        ( - -1.041e+03 1 0))
s>                    ( QUESTION0_13_R 1 -1.384e+04 8.849e+01 5.651e+01
s>                        ( - -8.602e+03 8 0)
s>                        ( - -5.149e+03 3 0))))))INFO: dtree.c(1439): stop. leaf nodes are specific
INFO: dtree.c(1478): Final simple tree
|( QUESTION11 1 -4.982e+03 1.184e+02 2.071e+01
|    ( - -1.389e+03 2 0)
|    ( - -3.475e+03 1 0))
s>    ( QUESTION11 1 -4.982e+03 1.184e+02 2.071e+01
s>        ( - -1.389e+03 2 0)
s>        ( - -3.475e+03 1 0))INFO: dtree.c(1315): Comp split 9
INFO: dtree.c(1439): stop. leaf nodes are specific
INFO: dtree.c(1478): Final simple tree
|( QUESTION0_13_R 1 -6.890e+03 1.224e+02 2.970e+01
|    ( - -1.704e+03 1 0)
|    ( QUESTION0_2_R 1 -5.064e+03 8.377e+01 2.187e+01
|        ( - -4.354e+03 1 0)
|        ( - -6.261e+02 1 0)))
s>    ( QUESTION0_13_R 1 -6.890e+03 1.224e+02 2.970e+01
s>        ( - -1.704e+03 1 0)
s>        ( QUESTION0_2_R 1 -5.064e+03 8.377e+01 2.187e+01
s>            ( - -4.354e+03 1 0)
s>            ( - -6.261e+02 1 0)))INFO: dtree.c(1315): Comp split 10
INFO: dtree.c(1439): stop. leaf nodes are specific
INFO: dtree.c(1478): Final simple tree
|( QUESTION0_4_R 1 -6.655e+03 1.610e+02 2.803e+01
|    ( - -1.008e+03 1 0)
|    ( WDBNDRY_B 0 -5.486e+03 1.000e+02 2.303e+01
|        ( QUESTION0_2_R 1 -3.725e+03 1.410e+02 1.603e+01
|            ( QUESTION13 -1 -3.016e+03 9.168e+01 1.303e+01
|                ( - -8.587e+02 1 0)
|                ( - -2.066e+03 3 0))
|            ( - -5.680e+02 1 0))
|        ( QUESTION0_12_R 1 -1.661e+03 9.880e+01 7.000e+00
|            ( - -5.865e+02 1 0)
|            ( QUESTION0_2_R 1 -9.758e+02 7.403e+01 4.000e+00
|                ( - -6.435e+02 1 0)
|                ( - -2.583e+02 1 0)))))
s>    ( QUESTION0_4_R 1 -6.655e+03 1.610e+02 2.803e+01
s>        ( - -1.008e+03 1 0)
s>        ( WDBNDRY_B 0 -5.486e+03 1.000e+02 2.303e+01
s>            ( QUESTION0_2_R 1 -3.725e+03 1.410e+02 1.603e+01
s>                ( QUESTION13 -1 -3.016e+03 9.168e+01 1.303e+01
s>                    ( - -8.587e+02 1 0)
s>                    ( - -2.066e+03 3 0))
s>                ( - -5.680e+02 1 0))
s>            ( QUESTION0_12_R 1 -1.661e+03 9.880e+01 7.000e+00
s>                ( - -5.865e+02 1 0)
s>                ( QUESTION0_2_R 1 -9.758e+02 7.403e+01 4.000e+00
s>                    ( - -6.435e+02 1 0)
s>                    ( - -2.583e+02 1 0)))))INFO: dtree.c(1315): Comp split 11
INFO: dtree.c(1439): stop. leaf nodes are specific
INFO: dtree.c(1478): Final simple tree
|( WDBNDRY_B 0 -5.486e+03 1.000e+02 2.303e+01
|    ( QUESTION0_2_R 1 -3.725e+03 1.410e+02 1.603e+01
|        ( QUESTION13 -1 -3.016e+03 9.168e+01 1.303e+01
|            ( - -8.587e+02 1 0)
|            ( - -2.066e+03 3 0))
|        ( - -5.680e+02 1 0))
|    ( QUESTION0_12_R 1 -1.661e+03 9.880e+01 7.000e+00
|        ( - -5.865e+02 1 0)
|        ( QUESTION0_2_R 1 -9.758e+02 7.403e+01 4.000e+00
|            ( - -6.435e+02 1 0)
|            ( - -2.583e+02 1 0))))
s>    ( WDBNDRY_B 0 -5.486e+03 1.000e+02 2.303e+01
s>        ( QUESTION0_2_R 1 -3.725e+03 1.410e+02 1.603e+01
s>            ( QUESTION13 -1 -3.016e+03 9.168e+01 1.303e+01
s>                ( - -8.587e+02 1 0)
s>                ( - -2.066e+03 3 0))
s>            ( - -5.680e+02 1 0))
s>        ( QUESTION0_12_R 1 -1.661e+03 9.880e+01 7.000e+00
s>            ( - -5.865e+02 1 0)
s>            ( QUESTION0_2_R 1 -9.758e+02 7.403e+01 4.000e+00
s>                ( - -6.435e+02 1 0)
s>                ( - -2.583e+02 1 0))))INFO: dtree.c(1315): Comp split 12
INFO: dtree.c(1439): stop. leaf nodes are specific
INFO: dtree.c(1478): Final simple tree
|( SILENCE -1 -5.589e+03 1.312e+02 2.207e+01
|    ( - -3.400e+03 1 0)
|    ( WDBNDRY_B 0 -2.058e+03 7.864e+01 8.064e+00
|        ( QUESTION0_3_R 1 -4.894e+02 6.296e+01 2.000e+00
|            ( - -2.084e+02 1 0)
|            ( - -2.181e+02 1 0))
|        ( - -1.490e+03 1 0)))
s>    ( SILENCE -1 -5.589e+03 1.312e+02 2.207e+01
s>        ( - -3.400e+03 1 0)
s>        ( WDBNDRY_B 0 -2.058e+03 7.864e+01 8.064e+00
s>            ( QUESTION0_3_R 1 -4.894e+02 6.296e+01 2.000e+00
s>                ( - -2.084e+02 1 0)
s>                ( - -2.181e+02 1 0))
s>            ( - -1.490e+03 1 0)))INFO: dtree.c(1315): Comp split 13
INFO: dtree.c(1439): stop. leaf nodes are specific
INFO: dtree.c(1478): Final simple tree
|( QUESTION0_12_R 1 -4.768e+03 1.011e+02 2.003e+01
|    ( - -5.865e+02 1 0)
|    ( WDBNDRY_B 0 -4.081e+03 8.896e+01 1.703e+01
|        ( QUESTION13 -1 -3.016e+03 9.168e+01 1.303e+01
|            ( - -8.587e+02 1 0)
|            ( - -2.066e+03 3 0))
|        ( QUESTION0_2_R 1 -9.758e+02 7.403e+01 4.000e+00
|            ( - -6.435e+02 1 0)
|            ( - -2.583e+02 1 0))))
s>    ( QUESTION0_12_R 1 -4.768e+03 1.011e+02 2.003e+01
s>        ( - -5.865e+02 1 0)
s>        ( WDBNDRY_B 0 -4.081e+03 8.896e+01 1.703e+01
s>            ( QUESTION13 -1 -3.016e+03 9.168e+01 1.303e+01
s>                ( - -8.587e+02 1 0)
s>                ( - -2.066e+03 3 0))
s>            ( QUESTION0_2_R 1 -9.758e+02 7.403e+01 4.000e+00
s>                ( - -6.435e+02 1 0)
s>                ( - -2.583e+02 1 0))))INFO: dtree.c(1315): Comp split 14
INFO: dtree.c(1439): stop. leaf nodes are specific
INFO: dtree.c(1478): Final simple tree
|( WDBNDRY_E 0 -2.336e+04 1.276e+02 9.506e+01
|    ( - -1.758e+03 1 0)
|    ( QUESTION0 -1 -2.147e+04 1.157e+02 8.716e+01
|        ( - -1.448e+03 1 0)
|        ( QUESTION0_7_R 1 -1.991e+04 1.229e+02 8.071e+01
|            ( - -4.484e+03 3 0)
|            ( QUESTION2_1_L -1 -1.530e+04 1.115e+02 6.251e+01
|                ( WDBNDRY_B 0 -1.350e+03 1.094e+02 6.000e+00
|                    ( - -1.997e+02 1 0)
|                    ( - -1.041e+03 1 0))
|                ( QUESTION0_13_R 1 -1.384e+04 8.849e+01 5.651e+01
|                    ( - -8.602e+03 8 0)
|                    ( - -5.149e+03 3 0))))))
s>    ( WDBNDRY_E 0 -2.336e+04 1.276e+02 9.506e+01
s>        ( - -1.758e+03 1 0)
s>        ( QUESTION0 -1 -2.147e+04 1.157e+02 8.716e+01
s>            ( - -1.448e+03 1 0)
s>            ( QUESTION0_7_R 1 -1.991e+04 1.229e+02 8.071e+01
s>                ( - -4.484e+03 3 0)
s>                ( QUESTION2_1_L -1 -1.530e+04 1.115e+02 6.251e+01
s>                    ( WDBNDRY_B 0 -1.350e+03 1.094e+02 6.000e+00
s>                        ( - -1.997e+02 1 0)
s>                        ( - -1.041e+03 1 0))
s>                    ( QUESTION0_13_R 1 -1.384e+04 8.849e+01 5.651e+01
s>                        ( - -8.602e+03 8 0)
s>                        ( - -5.149e+03 3 0))))))INFO: dtree.c(1315): Comp split 15
INFO: dtree.c(1439): stop. leaf nodes are specific
INFO: dtree.c(1478): Final simple tree
|( WDBNDRY_E 0 -2.217e+04 1.306e+02 9.006e+01
|    ( - -1.758e+03 1 0)
|    ( QUESTION0 -1 -2.028e+04 1.155e+02 8.216e+01
|        ( - -1.448e+03 1 0)
|        ( QUESTION0_7_R 1 -1.872e+04 1.244e+02 7.571e+01
|            ( - -4.484e+03 3 0)
|            ( QUESTION0_13_R 1 -1.411e+04 9.671e+01 5.751e+01
|                ( - -8.602e+03 8 0)
|                ( WDBNDRY_B 0 -5.412e+03 6.311e+01 2.171e+01
|                    ( - -1.997e+02 1 0)
|                    ( - -5.149e+03 3 0))))))
s>    ( WDBNDRY_E 0 -2.217e+04 1.306e+02 9.006e+01
s>        ( - -1.758e+03 1 0)
s>        ( QUESTION0 -1 -2.028e+04 1.155e+02 8.216e+01
s>            ( - -1.448e+03 1 0)
s>            ( QUESTION0_7_R 1 -1.872e+04 1.244e+02 7.571e+01
s>                ( - -4.484e+03 3 0)
s>                ( QUESTION0_13_R 1 -1.411e+04 9.671e+01 5.751e+01
s>                    ( - -8.602e+03 8 0)
s>                    ( WDBNDRY_B 0 -5.412e+03 6.311e+01 2.171e+01
s>                        ( - -1.997e+02 1 0)
s>                        ( - -5.149e+03 3 0))))))INFO: dtree.c(1315): Comp split 16
INFO: dtree.c(1439): stop. leaf nodes are specific
INFO: dtree.c(1478): Final simple tree
|( QUESTION11 1 -9.851e+03 1.300e+02 4.184e+01
|    ( - -2.032e+03 1 0)
|    ( QUESTION0_4_R 1 -7.689e+03 1.069e+02 3.283e+01
|        ( - -1.310e+03 1 0)
|        ( QUESTION0_14_R 1 -6.272e+03 1.122e+02 2.690e+01
|            ( - -1.872e+03 1 0)
|            ( QUESTION0_15_R 1 -4.288e+03 9.059e+01 1.875e+01
|                ( - -5.483e+02 1 0)
|                ( QUESTION0_2_R 1 -3.649e+03 8.260e+01 1.575e+01
|                    ( - -6.433e+02 1 0)
|                    ( - -2.923e+03 1 0))))))
s>    ( QUESTION11 1 -9.851e+03 1.300e+02 4.184e+01
s>        ( - -2.032e+03 1 0)
s>        ( QUESTION0_4_R 1 -7.689e+03 1.069e+02 3.283e+01
s>            ( - -1.310e+03 1 0)
s>            ( QUESTION0_14_R 1 -6.272e+03 1.122e+02 2.690e+01
s>                ( - -1.872e+03 1 0)
s>                ( QUESTION0_15_R 1 -4.288e+03 9.059e+01 1.875e+01
s>                    ( - -5.483e+02 1 0)
s>                    ( QUESTION0_2_R 1 -3.649e+03 8.260e+01 1.575e+01
s>                        ( - -6.433e+02 1 0)
s>                        ( - -2.923e+03 1 0))))))INFO: dtree.c(1315): Comp split 17
INFO: dtree.c(1439): stop. leaf nodes are specific
INFO: dtree.c(1478): Final simple tree
|( QUESTION0_7_R 1 -1.567e+04 1.117e+02 6.396e+01
|    ( - -1.448e+03 1 0)
|    ( QUESTION0_13_R 1 -1.411e+04 9.671e+01 5.751e+01
|        ( - -8.602e+03 8 0)
|        ( WDBNDRY_B 0 -5.412e+03 6.311e+01 2.171e+01
|            ( - -1.997e+02 1 0)
|            ( - -5.149e+03 3 0))))
s>    ( QUESTION0_7_R 1 -1.567e+04 1.117e+02 6.396e+01
s>        ( - -1.448e+03 1 0)
s>        ( QUESTION0_13_R 1 -1.411e+04 9.671e+01 5.751e+01
s>            ( - -8.602e+03 8 0)
s>            ( WDBNDRY_B 0 -5.412e+03 6.311e+01 2.171e+01
s>                ( - -1.997e+02 1 0)
s>                ( - -5.149e+03 3 0))))INFO: dtree.c(1439): stop. leaf nodes are specific
INFO: dtree.c(1478): Final simple tree
|( WDBNDRY_E 0 -6.359e+03 1.179e+02 2.610e+01
|    ( - -1.758e+03 1 0)
|    ( - -4.484e+03 3 0))
s>    ( WDBNDRY_E 0 -6.359e+03 1.179e+02 2.610e+01
s>        ( - -1.758e+03 1 0)
s>        ( - -4.484e+03 3 0))INFO: dtree.c(1315): Comp split 18
INFO: dtree.c(1439): stop. leaf nodes are specific
INFO: dtree.c(1478): Final simple tree
|( WDBNDRY_E 0 -2.277e+03 1.157e+02 1.000e+01
|    ( - -8.895e+02 1 0)
|    ( - -1.272e+03 1 0))
s>    ( WDBNDRY_E 0 -2.277e+03 1.157e+02 1.000e+01
s>        ( - -8.895e+02 1 0)
s>        ( - -1.272e+03 1 0))INFO: dtree.c(1315): Comp split 19
INFO: dtree.c(1439): stop. leaf nodes are specific
INFO: dtree.c(1478): Final simple tree
|( QUESTION0_14_R 1 -6.272e+03 1.122e+02 2.690e+01
|    ( - -1.872e+03 1 0)
|    ( QUESTION0_15_R 1 -4.288e+03 9.059e+01 1.875e+01
|        ( - -5.483e+02 1 0)
|        ( QUESTION0_2_R 1 -3.649e+03 8.260e+01 1.575e+01
|            ( - -6.433e+02 1 0)
|            ( - -2.923e+03 1 0))))
s>    ( QUESTION0_14_R 1 -6.272e+03 1.122e+02 2.690e+01
s>        ( - -1.872e+03 1 0)
s>        ( QUESTION0_15_R 1 -4.288e+03 9.059e+01 1.875e+01
s>            ( - -5.483e+02 1 0)
s>            ( QUESTION0_2_R 1 -3.649e+03 8.260e+01 1.575e+01
s>                ( - -6.433e+02 1 0)
s>                ( - -2.923e+03 1 0))))INFO: dtree.c(1439): stop. leaf nodes are specific
INFO: dtree.c(1478): Final simple tree
|( QUESTION0_3_R 1 -3.441e+03 9.911e+01 1.493e+01
|    ( - -2.032e+03 1 0)
|    ( - -1.310e+03 1 0))
s>    ( QUESTION0_3_R 1 -3.441e+03 9.911e+01 1.493e+01
s>        ( - -2.032e+03 1 0)
s>        ( - -1.310e+03 1 0))INFO: dtree.c(1315): Comp split 20
INFO: dtree.c(1439): stop. leaf nodes are specific
INFO: dtree.c(1478): Final simple tree
|( WDBNDRY_B 0 -2.058e+03 7.864e+01 8.064e+00
|    ( QUESTION0_3_R 1 -4.894e+02 6.296e+01 2.000e+00
|        ( - -2.084e+02 1 0)
|        ( - -2.181e+02 1 0))
|    ( - -1.490e+03 1 0))
s>    ( WDBNDRY_B 0 -2.058e+03 7.864e+01 8.064e+00
s>        ( QUESTION0_3_R 1 -4.894e+02 6.296e+01 2.000e+00
s>            ( - -2.084e+02 1 0)
s>            ( - -2.181e+02 1 0))
s>        ( - -1.490e+03 1 0))INFO: dtree.c(1315): Comp split 21
INFO: dtree.c(1439): stop. leaf nodes are specific
INFO: dtree.c(1478): Final simple tree
|( QUESTION0_2_R 1 -5.064e+03 8.377e+01 2.187e+01
|    ( - -4.354e+03 1 0)
|    ( - -6.261e+02 1 0))
s>    ( QUESTION0_2_R 1 -5.064e+03 8.377e+01 2.187e+01
s>        ( - -4.354e+03 1 0)
s>        ( - -6.261e+02 1 0))INFO: dtree.c(1315): Comp split 22
INFO: dtree.c(1439): stop. leaf nodes are specific
INFO: dtree.c(1478): Final simple tree
|( QUESTION0_6_R 1 -6.426e+03 9.649e+01 2.825e+01
|    ( - -1.509e+03 1 0)
|    ( - -4.820e+03 2 0))
s>    ( QUESTION0_6_R 1 -6.426e+03 9.649e+01 2.825e+01
s>        ( - -1.509e+03 1 0)
s>        ( - -4.820e+03 2 0))INFO: dtree.c(1315): Comp split 23
INFO: dtree.c(1315): Comp split 24
INFO: dtree.c(1315): Comp split 25
INFO: dtree.c(1315): Comp split 26
INFO: dtree.c(1439): stop. leaf nodes are specific
INFO: dtree.c(1478): Final simple tree
|( QUESTION0_15_R 1 -4.288e+03 9.059e+01 1.875e+01
|    ( - -5.483e+02 1 0)
|    ( QUESTION0_2_R 1 -3.649e+03 8.260e+01 1.575e+01
|        ( - -6.433e+02 1 0)
|        ( - -2.923e+03 1 0)))
s>    ( QUESTION0_15_R 1 -4.288e+03 9.059e+01 1.875e+01
s>        ( - -5.483e+02 1 0)
s>        ( QUESTION0_2_R 1 -3.649e+03 8.260e+01 1.575e+01
s>            ( - -6.433e+02 1 0)
s>            ( - -2.923e+03 1 0)))INFO: dtree.c(1315): Comp split 27
INFO: dtree.c(1439): stop. leaf nodes are specific
INFO: dtree.c(1478): Final simple tree
|( QUESTION0_13_R 1 -1.411e+04 9.671e+01 5.751e+01
|    ( - -8.602e+03 8 0)
|    ( WDBNDRY_B 0 -5.412e+03 6.311e+01 2.171e+01
|        ( - -1.997e+02 1 0)
|        ( - -5.149e+03 3 0)))
s>    ( QUESTION0_13_R 1 -1.411e+04 9.671e+01 5.751e+01
s>        ( - -8.602e+03 8 0)
s>        ( WDBNDRY_B 0 -5.412e+03 6.311e+01 2.171e+01
s>            ( - -1.997e+02 1 0)
s>            ( - -5.149e+03 3 0)))INFO: dtree.c(1315): Comp split 28
INFO: dtree.c(1439): stop. leaf nodes are specific
INFO: dtree.c(1478): Final simple tree
|( QUESTION0_12_R 1 -4.023e+03 1.010e+02 1.703e+01
|    ( - -5.865e+02 1 0)
|    ( QUESTION13 -1 -3.335e+03 8.987e+01 1.403e+01
|        ( - -8.587e+02 1 0)
|        ( WDBNDRY_B 0 -2.387e+03 6.277e+01 1.003e+01
|            ( - -2.066e+03 3 0)
|            ( - -2.583e+02 1 0))))
s>    ( QUESTION0_12_R 1 -4.023e+03 1.010e+02 1.703e+01
s>        ( - -5.865e+02 1 0)
s>        ( QUESTION13 -1 -3.335e+03 8.987e+01 1.403e+01
s>            ( - -8.587e+02 1 0)
s>            ( WDBNDRY_B 0 -2.387e+03 6.277e+01 1.003e+01
s>                ( - -2.066e+03 3 0)
s>                ( - -2.583e+02 1 0))))INFO: dtree.c(1315): Comp split 29
INFO: dtree.c(1439): stop. leaf nodes are specific
INFO: dtree.c(1478): Final simple tree
|( QUESTION13 -1 -3.335e+03 8.987e+01 1.403e+01
|    ( - -8.587e+02 1 0)
|    ( WDBNDRY_B 0 -2.387e+03 6.277e+01 1.003e+01
|        ( - -2.066e+03 3 0)
|        ( - -2.583e+02 1 0)))
s>    ( QUESTION13 -1 -3.335e+03 8.987e+01 1.403e+01
s>        ( - -8.587e+02 1 0)
s>        ( WDBNDRY_B 0 -2.387e+03 6.277e+01 1.003e+01
s>            ( - -2.066e+03 3 0)
s>            ( - -2.583e+02 1 0)))INFO: dtree.c(1315): Comp split 30
INFO: dtree.c(1315): Comp split 31
INFO: dtree.c(1439): stop. leaf nodes are specific
INFO: dtree.c(1478): Final simple tree
|( WDBNDRY_B 0 -5.412e+03 6.311e+01 2.171e+01
|    ( - -1.997e+02 1 0)
|    ( - -5.149e+03 3 0))
s>    ( WDBNDRY_B 0 -5.412e+03 6.311e+01 2.171e+01
s>        ( - -1.997e+02 1 0)
s>        ( - -5.149e+03 3 0))INFO: dtree.c(1315): Comp split 32
INFO: dtree.c(1315): Comp split 33
INFO: dtree.c(1439): stop. leaf nodes are specific
INFO: dtree.c(1478): Final simple tree
|( QUESTION0_2_R 1 -3.649e+03 8.260e+01 1.575e+01
|    ( - -6.433e+02 1 0)
|    ( - -2.923e+03 1 0))
s>    ( QUESTION0_2_R 1 -3.649e+03 8.260e+01 1.575e+01
s>        ( - -6.433e+02 1 0)
s>        ( - -2.923e+03 1 0))INFO: dtree.c(1315): Comp split 34
INFO: dtree.c(1439): stop. leaf nodes are specific
INFO: dtree.c(1478): Final simple tree
|( WDBNDRY_B 0 -2.387e+03 6.277e+01 1.003e+01
|    ( - -2.066e+03 3 0)
|    ( - -2.583e+02 1 0))
s>    ( WDBNDRY_B 0 -2.387e+03 6.277e+01 1.003e+01
s>        ( - -2.066e+03 3 0)
s>        ( - -2.583e+02 1 0))INFO: dtree.c(1315): Comp split 35
INFO: dtree.c(1315): Comp split 36
INFO: dtree.c(1315): Comp split 37
INFO: dtree.c(1439): stop. leaf nodes are specific
INFO: dtree.c(1478): Final simple tree
|( QUESTION0_3_R 1 -4.894e+02 6.296e+01 2.000e+00
|    ( - -2.084e+02 1 0)
|    ( - -2.181e+02 1 0))
s>    ( QUESTION0_3_R 1 -4.894e+02 6.296e+01 2.000e+00
s>        ( - -2.084e+02 1 0)
s>        ( - -2.181e+02 1 0))INFO: dtree.c(1315): Comp split 38
INFO: dtree.c(1315): Comp split 39
INFO: dtree.c(1315): Comp split 40
INFO: dtree.c(1315): Comp split 41
INFO: dtree.c(1318): stop. leaf nodes are specific
Thu May  7 00:23:33 2020
