Current configuration:
[NAME]		[DEFLT]	[VALUE]
-allphones	no	no
-cntthresh	0.00001	1.000000e-05
-csplitmax	100	2000
-csplitmin	1	1
-csplitthr	8e-4	0.000000e+00
-example	no	no
-fullvar	no	no
-help		no	no
-meanfn			/home/abdy/Desktop/diploma/kg/model_parameters/kg.cd_cont_untied/means
-mixwfn			/home/abdy/Desktop/diploma/kg/model_parameters/kg.cd_cont_untied/mixture_weights
-moddeffn		/home/abdy/Desktop/diploma/kg/model_architecture/kg.untied.mdef
-mwfloor	1e-4	1.000000e-08
-phone			v
-psetfn			/home/abdy/Desktop/diploma/kg/model_architecture/kg.tree_questions
-ssplitmax	5	7
-ssplitmin	1	1
-ssplitthr	8e-4	0.000000e+00
-state			0
-stwt			1.0,0.05,0.0,
-treefn			/home/abdy/Desktop/diploma/kg/trees/kg.unpruned/v-0.dtree
-ts2cbfn	.semi.	.cont.
-varfloor	0.00001	1.000000e-05
-varfn			/home/abdy/Desktop/diploma/kg/model_parameters/kg.cd_cont_untied/variances

INFO: main.c(223): Reading: /home/abdy/Desktop/diploma/kg/model_architecture/kg.untied.mdef
INFO: model_def_io.c(573): Model definition info:
INFO: model_def_io.c(574): 10297 total models defined (47 base, 10250 tri)
INFO: model_def_io.c(575): 41188 total states
INFO: model_def_io.c(576): 30891 total tied states
INFO: model_def_io.c(577): 141 total tied CI states
INFO: model_def_io.c(578): 47 total tied transition matrices
INFO: model_def_io.c(579): 4 max state/model
INFO: model_def_io.c(580): 4 min state/model
INFO: main.c(242): Building trees for [v SIL r b] through [v z je i]
INFO: main.c(269): Covering states |[27981 28283]| == 303
INFO: main.c(275): Reading: /home/abdy/Desktop/diploma/kg/model_parameters/kg.cd_cont_untied/mixture_weights
INFO: s3mixw_io.c(173): Read /home/abdy/Desktop/diploma/kg/model_parameters/kg.cd_cont_untied/mixture_weights [303x1x1 array]
INFO: main.c(311): 17 of 101 models have observation count greater than 0.000010
INFO: main.c(95): nrm stwt: 0.952 0.048 0.000 
INFO: s3gau_io.c(169): Read /home/abdy/Desktop/diploma/kg/model_parameters/kg.cd_cont_untied/means [30891x1x1 array]
INFO: s3gau_io.c(169): Read /home/abdy/Desktop/diploma/kg/model_parameters/kg.cd_cont_untied/variances [30891x1x1 array]
INFO: main.c(549): Reading: /home/abdy/Desktop/diploma/kg/model_architecture/kg.tree_questions
INFO: main.c(588): 174 total simple questions (166 phone; 8 word bndry)
INFO: main.c(590): 40 Left Only questions, and 42 Right Only questions
INFO: dtree.c(1478): Final simple tree
|( QUESTION16 -1 -1.040e+04 4.911e+02 4.380e+01
|    ( - 2.418e+02 1 0)
|    ( QUESTION15 -1 -1.015e+04 4.957e+02 4.280e+01
|        ( - 2.419e+02 1 0)
|        ( QUESTION0 -1 -9.893e+03 4.864e+02 4.180e+01
|            ( - 2.412e+02 1 0)
|            ( QUESTION0_6_R 1 -9.648e+03 1.796e+02 4.080e+01
|                ( - -2.874e+02 1 0)
|                ( WDBNDRY_B 0 -9.181e+03 2.286e+02 3.880e+01
|                    ( - -2.218e+02 1 0)
|                    ( QUESTION0_8_R 1 -8.730e+03 1.655e+02 3.680e+01
|                        ( QUESTION0_15_R 1 -4.198e+03 1.534e+02 1.894e+01
|                            ( - -1.977e+03 2 0 QUESTION2_1_L -1 9.745e+01 8.943e+00)
|                            ( - -2.068e+03 2 0 WDBNDRY_E 0 1.089e+02 1.000e+01))
|                        ( - -4.366e+03 8 0 QUESTION0_7_R 1 1.470e+02 1.786e+01)))))))
s>    ( QUESTION16 -1 -1.040e+04 4.911e+02 4.380e+01
s>        ( - 2.418e+02 1 0)
s>        ( QUESTION15 -1 -1.015e+04 4.957e+02 4.280e+01
s>            ( - 2.419e+02 1 0)
s>            ( QUESTION0 -1 -9.893e+03 4.864e+02 4.180e+01
s>                ( - 2.412e+02 1 0)
s>                ( QUESTION0_6_R 1 -9.648e+03 1.796e+02 4.080e+01
s>                    ( - -2.874e+02 1 0)
s>                    ( WDBNDRY_B 0 -9.181e+03 2.286e+02 3.880e+01
s>                        ( - -2.218e+02 1 0)
s>                        ( QUESTION0_8_R 1 -8.730e+03 1.655e+02 3.680e+01
s>                            ( QUESTION0_15_R 1 -4.198e+03 1.534e+02 1.894e+01
s>                                ( - -1.977e+03 2 0 QUESTION2_1_L -1 9.745e+01 8.943e+00)
s>                                ( - -2.068e+03 2 0 WDBNDRY_E 0 1.089e+02 1.000e+01))
s>                            ( - -4.366e+03 8 0 QUESTION0_7_R 1 1.470e+02 1.786e+01)))))))INFO: dtree.c(1315): Comp split 0
INFO: dtree.c(1478): Final simple tree
|( QUESTION15 -1 -1.014e+04 4.923e+02 4.280e+01
|    ( - 2.418e+02 1 0)
|    ( QUESTION0 -1 -9.893e+03 4.864e+02 4.180e+01
|        ( - 2.412e+02 1 0)
|        ( QUESTION0_6_R 1 -9.648e+03 1.796e+02 4.080e+01
|            ( - -2.874e+02 1 0)
|            ( WDBNDRY_B 0 -9.181e+03 2.286e+02 3.880e+01
|                ( - -2.218e+02 1 0)
|                ( QUESTION0_8_R 1 -8.730e+03 1.655e+02 3.680e+01
|                    ( QUESTION0_15_R 1 -4.198e+03 1.534e+02 1.894e+01
|                        ( - -1.977e+03 2 0 QUESTION2_1_L -1 9.745e+01 8.943e+00)
|                        ( - -2.068e+03 2 0 WDBNDRY_E 0 1.089e+02 1.000e+01))
|                    ( QUESTION0_7_R 1 -4.366e+03 1.470e+02 1.786e+01
|                        ( - -7.571e+02 1 0)
|                        ( - -3.462e+03 7 0 QUESTION11 -1 1.218e+02 1.386e+01)))))))
s>    ( QUESTION15 -1 -1.014e+04 4.923e+02 4.280e+01
s>        ( - 2.418e+02 1 0)
s>        ( QUESTION0 -1 -9.893e+03 4.864e+02 4.180e+01
s>            ( - 2.412e+02 1 0)
s>            ( QUESTION0_6_R 1 -9.648e+03 1.796e+02 4.080e+01
s>                ( - -2.874e+02 1 0)
s>                ( WDBNDRY_B 0 -9.181e+03 2.286e+02 3.880e+01
s>                    ( - -2.218e+02 1 0)
s>                    ( QUESTION0_8_R 1 -8.730e+03 1.655e+02 3.680e+01
s>                        ( QUESTION0_15_R 1 -4.198e+03 1.534e+02 1.894e+01
s>                            ( - -1.977e+03 2 0 QUESTION2_1_L -1 9.745e+01 8.943e+00)
s>                            ( - -2.068e+03 2 0 WDBNDRY_E 0 1.089e+02 1.000e+01))
s>                        ( QUESTION0_7_R 1 -4.366e+03 1.470e+02 1.786e+01
s>                            ( - -7.571e+02 1 0)
s>                            ( - -3.462e+03 7 0 QUESTION11 -1 1.218e+02 1.386e+01)))))))INFO: dtree.c(1315): Comp split 1
INFO: dtree.c(1478): Final simple tree
|( QUESTION0 -1 -9.893e+03 4.864e+02 4.180e+01
|    ( - 2.412e+02 1 0)
|    ( QUESTION0_6_R 1 -9.648e+03 1.796e+02 4.080e+01
|        ( - -2.874e+02 1 0)
|        ( WDBNDRY_B 0 -9.181e+03 2.286e+02 3.880e+01
|            ( - -2.218e+02 1 0)
|            ( QUESTION0_8_R 1 -8.730e+03 1.655e+02 3.680e+01
|                ( QUESTION0_15_R 1 -4.198e+03 1.534e+02 1.894e+01
|                    ( - -1.977e+03 2 0 QUESTION2_1_L -1 9.745e+01 8.943e+00)
|                    ( - -2.068e+03 2 0 WDBNDRY_E 0 1.089e+02 1.000e+01))
|                ( QUESTION0_7_R 1 -4.366e+03 1.470e+02 1.786e+01
|                    ( - -7.571e+02 1 0)
|                    ( QUESTION11 -1 -3.462e+03 1.218e+02 1.386e+01
|                        ( - -3.388e+02 1 0)
|                        ( - -3.002e+03 6 0 QUESTION2_1_L -1 9.406e+01 1.186e+01)))))))
s>    ( QUESTION0 -1 -9.893e+03 4.864e+02 4.180e+01
s>        ( - 2.412e+02 1 0)
s>        ( QUESTION0_6_R 1 -9.648e+03 1.796e+02 4.080e+01
s>            ( - -2.874e+02 1 0)
s>            ( WDBNDRY_B 0 -9.181e+03 2.286e+02 3.880e+01
s>                ( - -2.218e+02 1 0)
s>                ( QUESTION0_8_R 1 -8.730e+03 1.655e+02 3.680e+01
s>                    ( QUESTION0_15_R 1 -4.198e+03 1.534e+02 1.894e+01
s>                        ( - -1.977e+03 2 0 QUESTION2_1_L -1 9.745e+01 8.943e+00)
s>                        ( - -2.068e+03 2 0 WDBNDRY_E 0 1.089e+02 1.000e+01))
s>                    ( QUESTION0_7_R 1 -4.366e+03 1.470e+02 1.786e+01
s>                        ( - -7.571e+02 1 0)
s>                        ( QUESTION11 -1 -3.462e+03 1.218e+02 1.386e+01
s>                            ( - -3.388e+02 1 0)
s>                            ( - -3.002e+03 6 0 QUESTION2_1_L -1 9.406e+01 1.186e+01)))))))INFO: dtree.c(1315): Comp split 2
INFO: dtree.c(1478): Final simple tree
|( QUESTION0_6_R 1 -9.648e+03 1.796e+02 4.080e+01
|    ( - -2.874e+02 1 0)
|    ( WDBNDRY_B 0 -9.181e+03 2.286e+02 3.880e+01
|        ( - -2.218e+02 1 0)
|        ( QUESTION0_8_R 1 -8.730e+03 1.655e+02 3.680e+01
|            ( QUESTION0_15_R 1 -4.198e+03 1.534e+02 1.894e+01
|                ( - -1.977e+03 2 0 QUESTION2_1_L -1 9.745e+01 8.943e+00)
|                ( WDBNDRY_E 0 -2.068e+03 1.089e+02 1.000e+01
|                    ( - -1.210e+03 1 0)
|                    ( - -7.487e+02 1 0)))
|            ( QUESTION0_7_R 1 -4.366e+03 1.470e+02 1.786e+01
|                ( - -7.571e+02 1 0)
|                ( QUESTION11 -1 -3.462e+03 1.218e+02 1.386e+01
|                    ( - -3.388e+02 1 0)
|                    ( - -3.002e+03 6 0 QUESTION2_1_L -1 9.406e+01 1.186e+01))))))
s>    ( QUESTION0_6_R 1 -9.648e+03 1.796e+02 4.080e+01
s>        ( - -2.874e+02 1 0)
s>        ( WDBNDRY_B 0 -9.181e+03 2.286e+02 3.880e+01
s>            ( - -2.218e+02 1 0)
s>            ( QUESTION0_8_R 1 -8.730e+03 1.655e+02 3.680e+01
s>                ( QUESTION0_15_R 1 -4.198e+03 1.534e+02 1.894e+01
s>                    ( - -1.977e+03 2 0 QUESTION2_1_L -1 9.745e+01 8.943e+00)
s>                    ( WDBNDRY_E 0 -2.068e+03 1.089e+02 1.000e+01
s>                        ( - -1.210e+03 1 0)
s>                        ( - -7.487e+02 1 0)))
s>                ( QUESTION0_7_R 1 -4.366e+03 1.470e+02 1.786e+01
s>                    ( - -7.571e+02 1 0)
s>                    ( QUESTION11 -1 -3.462e+03 1.218e+02 1.386e+01
s>                        ( - -3.388e+02 1 0)
s>                        ( - -3.002e+03 6 0 QUESTION2_1_L -1 9.406e+01 1.186e+01))))))INFO: dtree.c(1315): Comp split 3
INFO: dtree.c(1478): Final simple tree
|( WDBNDRY_B 0 -9.198e+03 1.805e+02 3.880e+01
|    ( - -2.874e+02 1 0)
|    ( QUESTION0_8_R 1 -8.730e+03 1.655e+02 3.680e+01
|        ( QUESTION0_15_R 1 -4.198e+03 1.534e+02 1.894e+01
|            ( QUESTION2_1_L -1 -1.977e+03 9.745e+01 8.943e+00
|                ( - -2.229e+02 1 0)
|                ( - -1.657e+03 1 0))
|            ( WDBNDRY_E 0 -2.068e+03 1.089e+02 1.000e+01
|                ( - -1.210e+03 1 0)
|                ( - -7.487e+02 1 0)))
|        ( QUESTION0_7_R 1 -4.366e+03 1.470e+02 1.786e+01
|            ( - -7.571e+02 1 0)
|            ( QUESTION11 -1 -3.462e+03 1.218e+02 1.386e+01
|                ( - -3.388e+02 1 0)
|                ( - -3.002e+03 6 0 QUESTION2_1_L -1 9.406e+01 1.186e+01)))))
s>    ( WDBNDRY_B 0 -9.198e+03 1.805e+02 3.880e+01
s>        ( - -2.874e+02 1 0)
s>        ( QUESTION0_8_R 1 -8.730e+03 1.655e+02 3.680e+01
s>            ( QUESTION0_15_R 1 -4.198e+03 1.534e+02 1.894e+01
s>                ( QUESTION2_1_L -1 -1.977e+03 9.745e+01 8.943e+00
s>                    ( - -2.229e+02 1 0)
s>                    ( - -1.657e+03 1 0))
s>                ( WDBNDRY_E 0 -2.068e+03 1.089e+02 1.000e+01
s>                    ( - -1.210e+03 1 0)
s>                    ( - -7.487e+02 1 0)))
s>            ( QUESTION0_7_R 1 -4.366e+03 1.470e+02 1.786e+01
s>                ( - -7.571e+02 1 0)
s>                ( QUESTION11 -1 -3.462e+03 1.218e+02 1.386e+01
s>                    ( - -3.388e+02 1 0)
s>                    ( - -3.002e+03 6 0 QUESTION2_1_L -1 9.406e+01 1.186e+01)))))INFO: dtree.c(1315): Comp split 4
INFO: dtree.c(1439): stop. leaf nodes are specific
INFO: dtree.c(1478): Final simple tree
|( QUESTION0_15_R 1 -4.747e+03 1.432e+02 2.194e+01
|    ( - -1.657e+03 1 0)
|    ( QUESTION0_2_R 1 -2.948e+03 1.226e+02 1.400e+01
|        ( - -7.571e+02 1 0)
|        ( WDBNDRY_E 0 -2.068e+03 1.089e+02 1.000e+01
|            ( - -1.210e+03 1 0)
|            ( - -7.487e+02 1 0))))
s>    ( QUESTION0_15_R 1 -4.747e+03 1.432e+02 2.194e+01
s>        ( - -1.657e+03 1 0)
s>        ( QUESTION0_2_R 1 -2.948e+03 1.226e+02 1.400e+01
s>            ( - -7.571e+02 1 0)
s>            ( WDBNDRY_E 0 -2.068e+03 1.089e+02 1.000e+01
s>                ( - -1.210e+03 1 0)
s>                ( - -7.487e+02 1 0))))INFO: dtree.c(1478): Final simple tree
|( WDBNDRY_B 0 -4.241e+03 1.858e+02 1.686e+01
|    ( - -2.874e+02 1 0)
|    ( QUESTION11 -1 -3.767e+03 1.226e+02 1.486e+01
|        ( - -3.388e+02 1 0)
|        ( QUESTION2_1_L -1 -3.306e+03 9.384e+01 1.286e+01
|            ( WDBNDRY_E 0 -1.482e+03 8.548e+01 5.863e+00
|                ( - -8.937e+02 1 0)
|                ( QUESTION0_2_R 1 -5.026e+02 8.411e+01 2.010e+00
|                    ( - -1.956e+02 1 0)
|                    ( - -2.229e+02 1 0)))
|            ( QUESTION0_4_R 1 -1.730e+03 8.543e+01 6.997e+00
|                ( - -1.579e+02 1 0)
|                ( WDBNDRY_E 0 -1.487e+03 8.813e+01 5.997e+00
|                    ( - -1.210e+03 2 0 SILENCE 1 6.793e+01 4.997e+00)
|                    ( - -1.894e+02 1 0))))))
s>    ( WDBNDRY_B 0 -4.241e+03 1.858e+02 1.686e+01
s>        ( - -2.874e+02 1 0)
s>        ( QUESTION11 -1 -3.767e+03 1.226e+02 1.486e+01
s>            ( - -3.388e+02 1 0)
s>            ( QUESTION2_1_L -1 -3.306e+03 9.384e+01 1.286e+01
s>                ( WDBNDRY_E 0 -1.482e+03 8.548e+01 5.863e+00
s>                    ( - -8.937e+02 1 0)
s>                    ( QUESTION0_2_R 1 -5.026e+02 8.411e+01 2.010e+00
s>                        ( - -1.956e+02 1 0)
s>                        ( - -2.229e+02 1 0)))
s>                ( QUESTION0_4_R 1 -1.730e+03 8.543e+01 6.997e+00
s>                    ( - -1.579e+02 1 0)
s>                    ( WDBNDRY_E 0 -1.487e+03 8.813e+01 5.997e+00
s>                        ( - -1.210e+03 2 0 SILENCE 1 6.793e+01 4.997e+00)
s>                        ( - -1.894e+02 1 0))))))INFO: dtree.c(1315): Comp split 5
INFO: dtree.c(1478): Final simple tree
|( QUESTION11 -1 -3.767e+03 1.226e+02 1.486e+01
|    ( - -3.388e+02 1 0)
|    ( QUESTION2_1_L -1 -3.306e+03 9.384e+01 1.286e+01
|        ( WDBNDRY_E 0 -1.482e+03 8.548e+01 5.863e+00
|            ( - -8.937e+02 1 0)
|            ( QUESTION0_2_R 1 -5.026e+02 8.411e+01 2.010e+00
|                ( - -1.956e+02 1 0)
|                ( - -2.229e+02 1 0)))
|        ( QUESTION0_4_R 1 -1.730e+03 8.543e+01 6.997e+00
|            ( - -1.579e+02 1 0)
|            ( WDBNDRY_E 0 -1.487e+03 8.813e+01 5.997e+00
|                ( SILENCE 1 -1.210e+03 6.793e+01 4.997e+00
|                    ( - -8.982e+02 1 0)
|                    ( - -2.434e+02 1 0))
|                ( - -1.894e+02 1 0)))))
s>    ( QUESTION11 -1 -3.767e+03 1.226e+02 1.486e+01
s>        ( - -3.388e+02 1 0)
s>        ( QUESTION2_1_L -1 -3.306e+03 9.384e+01 1.286e+01
s>            ( WDBNDRY_E 0 -1.482e+03 8.548e+01 5.863e+00
s>                ( - -8.937e+02 1 0)
s>                ( QUESTION0_2_R 1 -5.026e+02 8.411e+01 2.010e+00
s>                    ( - -1.956e+02 1 0)
s>                    ( - -2.229e+02 1 0)))
s>            ( QUESTION0_4_R 1 -1.730e+03 8.543e+01 6.997e+00
s>                ( - -1.579e+02 1 0)
s>                ( WDBNDRY_E 0 -1.487e+03 8.813e+01 5.997e+00
s>                    ( SILENCE 1 -1.210e+03 6.793e+01 4.997e+00
s>                        ( - -8.982e+02 1 0)
s>                        ( - -2.434e+02 1 0))
s>                    ( - -1.894e+02 1 0)))))INFO: dtree.c(1315): Comp split 6
INFO: dtree.c(1439): stop. leaf nodes are specific
INFO: dtree.c(1478): Final simple tree
|( QUESTION0_2_R 1 -2.948e+03 1.226e+02 1.400e+01
|    ( - -7.571e+02 1 0)
|    ( WDBNDRY_E 0 -2.068e+03 1.089e+02 1.000e+01
|        ( - -1.210e+03 1 0)
|        ( - -7.487e+02 1 0)))
s>    ( QUESTION0_2_R 1 -2.948e+03 1.226e+02 1.400e+01
s>        ( - -7.571e+02 1 0)
s>        ( WDBNDRY_E 0 -2.068e+03 1.089e+02 1.000e+01
s>            ( - -1.210e+03 1 0)
s>            ( - -7.487e+02 1 0)))INFO: dtree.c(1315): Comp split 7
INFO: dtree.c(1439): stop. leaf nodes are specific
INFO: dtree.c(1478): Final simple tree
|( WDBNDRY_E 0 -2.068e+03 1.089e+02 1.000e+01
|    ( - -1.210e+03 1 0)
|    ( - -7.487e+02 1 0))
s>    ( WDBNDRY_E 0 -2.068e+03 1.089e+02 1.000e+01
s>        ( - -1.210e+03 1 0)
s>        ( - -7.487e+02 1 0))INFO: dtree.c(1315): Comp split 8
INFO: dtree.c(1439): stop. leaf nodes are specific
INFO: dtree.c(1478): Final simple tree
|( QUESTION2_1_L -1 -3.306e+03 9.384e+01 1.286e+01
|    ( WDBNDRY_E 0 -1.482e+03 8.548e+01 5.863e+00
|        ( - -8.937e+02 1 0)
|        ( QUESTION0_2_R 1 -5.026e+02 8.411e+01 2.010e+00
|            ( - -1.956e+02 1 0)
|            ( - -2.229e+02 1 0)))
|    ( QUESTION0_4_R 1 -1.730e+03 8.543e+01 6.997e+00
|        ( - -1.579e+02 1 0)
|        ( WDBNDRY_E 0 -1.487e+03 8.813e+01 5.997e+00
|            ( SILENCE 1 -1.210e+03 6.793e+01 4.997e+00
|                ( - -8.982e+02 1 0)
|                ( - -2.434e+02 1 0))
|            ( - -1.894e+02 1 0))))
s>    ( QUESTION2_1_L -1 -3.306e+03 9.384e+01 1.286e+01
s>        ( WDBNDRY_E 0 -1.482e+03 8.548e+01 5.863e+00
s>            ( - -8.937e+02 1 0)
s>            ( QUESTION0_2_R 1 -5.026e+02 8.411e+01 2.010e+00
s>                ( - -1.956e+02 1 0)
s>                ( - -2.229e+02 1 0)))
s>        ( QUESTION0_4_R 1 -1.730e+03 8.543e+01 6.997e+00
s>            ( - -1.579e+02 1 0)
s>            ( WDBNDRY_E 0 -1.487e+03 8.813e+01 5.997e+00
s>                ( SILENCE 1 -1.210e+03 6.793e+01 4.997e+00
s>                    ( - -8.982e+02 1 0)
s>                    ( - -2.434e+02 1 0))
s>                ( - -1.894e+02 1 0))))INFO: dtree.c(1315): Comp split 9
INFO: dtree.c(1315): Comp split 10
INFO: dtree.c(1439): stop. leaf nodes are specific
INFO: dtree.c(1478): Final simple tree
|( SILENCE 1 -2.310e+03 9.136e+01 9.007e+00
|    ( - -8.982e+02 1 0)
|    ( QUESTION0_4_R 1 -1.321e+03 8.379e+01 5.010e+00
|        ( - -1.579e+02 1 0)
|        ( QUESTION0_2_R 1 -1.079e+03 7.950e+01 4.010e+00
|            ( WDBNDRY_E 0 -7.764e+02 7.113e+01 3.010e+00
|                ( - -2.434e+02 1 0)
|                ( QUESTION2_1_L -1 -4.619e+02 7.686e+01 2.010e+00
|                    ( - -1.956e+02 1 0)
|                    ( - -1.894e+02 1 0)))
|            ( - -2.229e+02 1 0))))
s>    ( SILENCE 1 -2.310e+03 9.136e+01 9.007e+00
s>        ( - -8.982e+02 1 0)
s>        ( QUESTION0_4_R 1 -1.321e+03 8.379e+01 5.010e+00
s>            ( - -1.579e+02 1 0)
s>            ( QUESTION0_2_R 1 -1.079e+03 7.950e+01 4.010e+00
s>                ( WDBNDRY_E 0 -7.764e+02 7.113e+01 3.010e+00
s>                    ( - -2.434e+02 1 0)
s>                    ( QUESTION2_1_L -1 -4.619e+02 7.686e+01 2.010e+00
s>                        ( - -1.956e+02 1 0)
s>                        ( - -1.894e+02 1 0)))
s>                ( - -2.229e+02 1 0))))INFO: dtree.c(1315): Comp split 11
INFO: dtree.c(1439): stop. leaf nodes are specific
INFO: dtree.c(1478): Final simple tree
|( QUESTION0_4_R 1 -1.321e+03 8.379e+01 5.010e+00
|    ( - -1.579e+02 1 0)
|    ( QUESTION0_2_R 1 -1.079e+03 7.950e+01 4.010e+00
|        ( WDBNDRY_E 0 -7.764e+02 7.113e+01 3.010e+00
|            ( - -2.434e+02 1 0)
|            ( QUESTION2_1_L -1 -4.619e+02 7.686e+01 2.010e+00
|                ( - -1.956e+02 1 0)
|                ( - -1.894e+02 1 0)))
|        ( - -2.229e+02 1 0)))
s>    ( QUESTION0_4_R 1 -1.321e+03 8.379e+01 5.010e+00
s>        ( - -1.579e+02 1 0)
s>        ( QUESTION0_2_R 1 -1.079e+03 7.950e+01 4.010e+00
s>            ( WDBNDRY_E 0 -7.764e+02 7.113e+01 3.010e+00
s>                ( - -2.434e+02 1 0)
s>                ( QUESTION2_1_L -1 -4.619e+02 7.686e+01 2.010e+00
s>                    ( - -1.956e+02 1 0)
s>                    ( - -1.894e+02 1 0)))
s>            ( - -2.229e+02 1 0)))INFO: dtree.c(1315): Comp split 12
INFO: dtree.c(1439): stop. leaf nodes are specific
INFO: dtree.c(1478): Final simple tree
|( QUESTION0_2_R 1 -1.079e+03 7.950e+01 4.010e+00
|    ( WDBNDRY_E 0 -7.764e+02 7.113e+01 3.010e+00
|        ( - -2.434e+02 1 0)
|        ( QUESTION2_1_L -1 -4.619e+02 7.686e+01 2.010e+00
|            ( - -1.956e+02 1 0)
|            ( - -1.894e+02 1 0)))
|    ( - -2.229e+02 1 0))
s>    ( QUESTION0_2_R 1 -1.079e+03 7.950e+01 4.010e+00
s>        ( WDBNDRY_E 0 -7.764e+02 7.113e+01 3.010e+00
s>            ( - -2.434e+02 1 0)
s>            ( QUESTION2_1_L -1 -4.619e+02 7.686e+01 2.010e+00
s>                ( - -1.956e+02 1 0)
s>                ( - -1.894e+02 1 0)))
s>        ( - -2.229e+02 1 0))INFO: dtree.c(1315): Comp split 13
INFO: dtree.c(1439): stop. leaf nodes are specific
INFO: dtree.c(1478): Final simple tree
|( WDBNDRY_E 0 -7.764e+02 7.113e+01 3.010e+00
|    ( - -2.434e+02 1 0)
|    ( QUESTION2_1_L -1 -4.619e+02 7.686e+01 2.010e+00
|        ( - -1.956e+02 1 0)
|        ( - -1.894e+02 1 0)))
s>    ( WDBNDRY_E 0 -7.764e+02 7.113e+01 3.010e+00
s>        ( - -2.434e+02 1 0)
s>        ( QUESTION2_1_L -1 -4.619e+02 7.686e+01 2.010e+00
s>            ( - -1.956e+02 1 0)
s>            ( - -1.894e+02 1 0)))INFO: dtree.c(1315): Comp split 14
INFO: dtree.c(1439): stop. leaf nodes are specific
INFO: dtree.c(1478): Final simple tree
|( QUESTION2_1_L -1 -4.619e+02 7.686e+01 2.010e+00
|    ( - -1.956e+02 1 0)
|    ( - -1.894e+02 1 0))
s>    ( QUESTION2_1_L -1 -4.619e+02 7.686e+01 2.010e+00
s>        ( - -1.956e+02 1 0)
s>        ( - -1.894e+02 1 0))INFO: dtree.c(1315): Comp split 15
INFO: dtree.c(1315): Comp split 16
INFO: dtree.c(1318): stop. leaf nodes are specific
Thu May  7 00:23:20 2020
