Current configuration:
[NAME]		[DEFLT]	[VALUE]
-allphones	no	no
-cntthresh	0.00001	1.000000e-05
-csplitmax	100	2000
-csplitmin	1	1
-csplitthr	8e-4	0.000000e+00
-example	no	no
-fullvar	no	no
-help		no	no
-meanfn			/home/abdy/Desktop/diploma/kg/model_parameters/kg.cd_cont_untied/means
-mixwfn			/home/abdy/Desktop/diploma/kg/model_parameters/kg.cd_cont_untied/mixture_weights
-moddeffn		/home/abdy/Desktop/diploma/kg/model_architecture/kg.untied.mdef
-mwfloor	1e-4	1.000000e-08
-phone			kh
-psetfn			/home/abdy/Desktop/diploma/kg/model_architecture/kg.tree_questions
-ssplitmax	5	7
-ssplitmin	1	1
-ssplitthr	8e-4	0.000000e+00
-state			0
-stwt			1.0,0.05,0.0,
-treefn			/home/abdy/Desktop/diploma/kg/trees/kg.unpruned/kh-0.dtree
-ts2cbfn	.semi.	.cont.
-varfloor	0.00001	1.000000e-05
-varfn			/home/abdy/Desktop/diploma/kg/model_parameters/kg.cd_cont_untied/variances

INFO: main.c(223): Reading: /home/abdy/Desktop/diploma/kg/model_architecture/kg.untied.mdef
INFO: model_def_io.c(573): Model definition info:
INFO: model_def_io.c(574): 10297 total models defined (47 base, 10250 tri)
INFO: model_def_io.c(575): 41188 total states
INFO: model_def_io.c(576): 30891 total tied states
INFO: model_def_io.c(577): 141 total tied CI states
INFO: model_def_io.c(578): 47 total tied transition matrices
INFO: model_def_io.c(579): 4 max state/model
INFO: model_def_io.c(580): 4 min state/model
INFO: main.c(242): Building trees for [kh SIL a b] through [kh z y b]
INFO: main.c(269): Covering states |[11643 12554]| == 912
INFO: main.c(275): Reading: /home/abdy/Desktop/diploma/kg/model_parameters/kg.cd_cont_untied/mixture_weights
INFO: s3mixw_io.c(173): Read /home/abdy/Desktop/diploma/kg/model_parameters/kg.cd_cont_untied/mixture_weights [912x1x1 array]
INFO: main.c(311): 95 of 304 models have observation count greater than 0.000010
INFO: main.c(95): nrm stwt: 0.952 0.048 0.000 
INFO: s3gau_io.c(169): Read /home/abdy/Desktop/diploma/kg/model_parameters/kg.cd_cont_untied/means [30891x1x1 array]
INFO: s3gau_io.c(169): Read /home/abdy/Desktop/diploma/kg/model_parameters/kg.cd_cont_untied/variances [30891x1x1 array]
INFO: main.c(549): Reading: /home/abdy/Desktop/diploma/kg/model_architecture/kg.tree_questions
INFO: main.c(588): 174 total simple questions (166 phone; 8 word bndry)
INFO: main.c(590): 40 Left Only questions, and 42 Right Only questions
INFO: dtree.c(1478): Final simple tree
|( QUESTION5 1 -2.181e+05 6.146e+02 8.880e+02
|    ( - -1.297e+04 3 0 QUESTION7 1 2.265e+02 5.900e+01)
|    ( QUESTION10 -1 -2.045e+05 3.789e+02 8.290e+02
|        ( QUESTION0_5_R 1 -1.525e+05 2.677e+02 6.212e+02
|            ( - -4.090e+03 2 0 QUESTION0_6_R 1 1.195e+02 1.686e+01)
|            ( QUESTION2_3_L -1 -1.482e+05 2.623e+02 6.044e+02
|                ( QUESTION0_19_R 1 -5.219e+04 3.108e+02 2.100e+02
|                    ( - -4.358e+03 2 0 WDBNDRY_E 0 2.196e+02 1.800e+01)
|                    ( QUESTION0_13_R 1 -4.752e+04 2.502e+02 1.920e+02
|                        ( - -4.075e+03 2 0 QUESTION11 -1 8.913e+01 1.765e+01)
|                        ( - -4.320e+04 17 0 SILENCE 1 2.200e+02 1.743e+02)))
|                ( - -9.574e+04 42 0 QUESTION11 1 2.328e+02 3.944e+02)))
|        ( QUESTION2_14_L -1 -5.156e+04 3.462e+02 2.077e+02
|            ( - -1.592e+04 6 0 WDBNDRY_B 0 1.103e+02 6.704e+01)
|            ( - -3.529e+04 21 0 SILENCE -1 2.376e+02 1.407e+02))))
s>    ( QUESTION5 1 -2.181e+05 6.146e+02 8.880e+02
s>        ( - -1.297e+04 3 0 QUESTION7 1 2.265e+02 5.900e+01)
s>        ( QUESTION10 -1 -2.045e+05 3.789e+02 8.290e+02
s>            ( QUESTION0_5_R 1 -1.525e+05 2.677e+02 6.212e+02
s>                ( - -4.090e+03 2 0 QUESTION0_6_R 1 1.195e+02 1.686e+01)
s>                ( QUESTION2_3_L -1 -1.482e+05 2.623e+02 6.044e+02
s>                    ( QUESTION0_19_R 1 -5.219e+04 3.108e+02 2.100e+02
s>                        ( - -4.358e+03 2 0 WDBNDRY_E 0 2.196e+02 1.800e+01)
s>                        ( QUESTION0_13_R 1 -4.752e+04 2.502e+02 1.920e+02
s>                            ( - -4.075e+03 2 0 QUESTION11 -1 8.913e+01 1.765e+01)
s>                            ( - -4.320e+04 17 0 SILENCE 1 2.200e+02 1.743e+02)))
s>                    ( - -9.574e+04 42 0 QUESTION11 1 2.328e+02 3.944e+02)))
s>            ( QUESTION2_14_L -1 -5.156e+04 3.462e+02 2.077e+02
s>                ( - -1.592e+04 6 0 WDBNDRY_B 0 1.103e+02 6.704e+01)
s>                ( - -3.529e+04 21 0 SILENCE -1 2.376e+02 1.407e+02))))INFO: dtree.c(1315): Comp split 0
INFO: dtree.c(1478): Final simple tree
|( QUESTION10 -1 -2.045e+05 3.789e+02 8.290e+02
|    ( QUESTION0_5_R 1 -1.525e+05 2.677e+02 6.212e+02
|        ( - -4.090e+03 2 0 QUESTION0_6_R 1 1.195e+02 1.686e+01)
|        ( QUESTION2_3_L -1 -1.482e+05 2.623e+02 6.044e+02
|            ( QUESTION0_19_R 1 -5.219e+04 3.108e+02 2.100e+02
|                ( - -4.358e+03 2 0 WDBNDRY_E 0 2.196e+02 1.800e+01)
|                ( QUESTION0_13_R 1 -4.752e+04 2.502e+02 1.920e+02
|                    ( - -4.075e+03 2 0 QUESTION11 -1 8.913e+01 1.765e+01)
|                    ( - -4.320e+04 17 0 SILENCE 1 2.200e+02 1.743e+02)))
|            ( - -9.574e+04 42 0 QUESTION11 1 2.328e+02 3.944e+02)))
|    ( QUESTION2_14_L -1 -5.156e+04 3.462e+02 2.077e+02
|        ( - -1.592e+04 6 0 WDBNDRY_B 0 1.103e+02 6.704e+01)
|        ( SILENCE -1 -3.529e+04 2.376e+02 1.407e+02
|            ( - -7.814e+03 2 0 QUESTION0_3_R 1 1.045e+02 3.268e+01)
|            ( - -2.724e+04 19 0 QUESTION3 -1 1.540e+02 1.080e+02))))
s>    ( QUESTION10 -1 -2.045e+05 3.789e+02 8.290e+02
s>        ( QUESTION0_5_R 1 -1.525e+05 2.677e+02 6.212e+02
s>            ( - -4.090e+03 2 0 QUESTION0_6_R 1 1.195e+02 1.686e+01)
s>            ( QUESTION2_3_L -1 -1.482e+05 2.623e+02 6.044e+02
s>                ( QUESTION0_19_R 1 -5.219e+04 3.108e+02 2.100e+02
s>                    ( - -4.358e+03 2 0 WDBNDRY_E 0 2.196e+02 1.800e+01)
s>                    ( QUESTION0_13_R 1 -4.752e+04 2.502e+02 1.920e+02
s>                        ( - -4.075e+03 2 0 QUESTION11 -1 8.913e+01 1.765e+01)
s>                        ( - -4.320e+04 17 0 SILENCE 1 2.200e+02 1.743e+02)))
s>                ( - -9.574e+04 42 0 QUESTION11 1 2.328e+02 3.944e+02)))
s>        ( QUESTION2_14_L -1 -5.156e+04 3.462e+02 2.077e+02
s>            ( - -1.592e+04 6 0 WDBNDRY_B 0 1.103e+02 6.704e+01)
s>            ( SILENCE -1 -3.529e+04 2.376e+02 1.407e+02
s>                ( - -7.814e+03 2 0 QUESTION0_3_R 1 1.045e+02 3.268e+01)
s>                ( - -2.724e+04 19 0 QUESTION3 -1 1.540e+02 1.080e+02))))INFO: dtree.c(1439): stop. leaf nodes are specific
INFO: dtree.c(1478): Final simple tree
|( QUESTION7 1 -1.297e+04 2.265e+02 5.900e+01
|    ( - -9.599e+02 1 0)
|    ( WDBNDRY_E 0 -1.178e+04 2.063e+02 5.400e+01
|        ( - -1.101e+04 1 0)
|        ( - -5.636e+02 1 0)))
s>    ( QUESTION7 1 -1.297e+04 2.265e+02 5.900e+01
s>        ( - -9.599e+02 1 0)
s>        ( WDBNDRY_E 0 -1.178e+04 2.063e+02 5.400e+01
s>            ( - -1.101e+04 1 0)
s>            ( - -5.636e+02 1 0)))INFO: dtree.c(1315): Comp split 1
INFO: dtree.c(1478): Final simple tree
|( WDBNDRY_E 0 -3.995e+04 3.220e+02 1.587e+02
|    ( - -2.864e+03 1 0)
|    ( SILENCE -1 -3.676e+04 2.456e+02 1.467e+02
|        ( - -7.814e+03 2 0 QUESTION0_3_R 1 1.045e+02 3.268e+01)
|        ( QUESTION0_2_R 1 -2.870e+04 1.870e+02 1.140e+02
|            ( QUESTION3 -1 -2.724e+04 1.540e+02 1.080e+02
|                ( - -4.276e+03 1 0)
|                ( QUESTION0_3_R 1 -2.281e+04 1.258e+02 9.001e+01
|                    ( - -1.617e+04 12 0 QUESTION1 -1 1.114e+02 6.289e+01)
|                    ( QUESTION2_6_L -1 -6.515e+03 1.268e+02 2.713e+01
|                        ( - -1.534e+03 1 0)
|                        ( QUESTION2_12_L -1 -4.854e+03 1.168e+02 2.013e+01
|                            ( - -1.753e+03 1 0)
|                            ( - -2.985e+03 4 0 QUESTION5 -1 1.029e+02 1.213e+01)))))
|            ( - -1.275e+03 1 0))))
s>    ( WDBNDRY_E 0 -3.995e+04 3.220e+02 1.587e+02
s>        ( - -2.864e+03 1 0)
s>        ( SILENCE -1 -3.676e+04 2.456e+02 1.467e+02
s>            ( - -7.814e+03 2 0 QUESTION0_3_R 1 1.045e+02 3.268e+01)
s>            ( QUESTION0_2_R 1 -2.870e+04 1.870e+02 1.140e+02
s>                ( QUESTION3 -1 -2.724e+04 1.540e+02 1.080e+02
s>                    ( - -4.276e+03 1 0)
s>                    ( QUESTION0_3_R 1 -2.281e+04 1.258e+02 9.001e+01
s>                        ( - -1.617e+04 12 0 QUESTION1 -1 1.114e+02 6.289e+01)
s>                        ( QUESTION2_6_L -1 -6.515e+03 1.268e+02 2.713e+01
s>                            ( - -1.534e+03 1 0)
s>                            ( QUESTION2_12_L -1 -4.854e+03 1.168e+02 2.013e+01
s>                                ( - -1.753e+03 1 0)
s>                                ( - -2.985e+03 4 0 QUESTION5 -1 1.029e+02 1.213e+01)))))
s>                ( - -1.275e+03 1 0))))INFO: dtree.c(1478): Final simple tree
|( QUESTION0 -1 -1.641e+05 3.176e+02 6.703e+02
|    ( - -1.592e+04 6 0 WDBNDRY_B 0 1.103e+02 6.704e+01)
|    ( QUESTION0_5_R 1 -1.479e+05 2.696e+02 6.032e+02
|        ( - -4.090e+03 2 0 QUESTION0_6_R 1 1.195e+02 1.686e+01)
|        ( QUESTION4 1 -1.435e+05 2.593e+02 5.864e+02
|            ( - -1.000e+04 7 0 WDBNDRY_E 0 1.466e+02 4.173e+01)
|            ( QUESTION2_1_L -1 -1.332e+05 2.452e+02 5.447e+02
|                ( - -4.415e+04 17 0 QUESTION0_2_R 1 2.247e+02 1.784e+02)
|                ( QUESTION12 1 -8.885e+04 2.377e+02 3.663e+02
|                    ( QUESTION0_4_R 1 -5.519e+04 2.618e+02 2.276e+02
|                        ( QUESTION13 -1 -2.773e+04 2.471e+02 1.171e+02
|                            ( - -1.020e+04 5 0 QUESTION14 -1 1.022e+02 4.197e+01)
|                            ( - -1.728e+04 6 0 WDBNDRY_B 0 2.024e+02 7.517e+01))
|                        ( - -2.720e+04 15 0 QUESTION16 -1 2.073e+02 1.104e+02))
|                    ( - -3.342e+04 11 0 QUESTION16 -1 2.053e+02 1.387e+02))))))
s>    ( QUESTION0 -1 -1.641e+05 3.176e+02 6.703e+02
s>        ( - -1.592e+04 6 0 WDBNDRY_B 0 1.103e+02 6.704e+01)
s>        ( QUESTION0_5_R 1 -1.479e+05 2.696e+02 6.032e+02
s>            ( - -4.090e+03 2 0 QUESTION0_6_R 1 1.195e+02 1.686e+01)
s>            ( QUESTION4 1 -1.435e+05 2.593e+02 5.864e+02
s>                ( - -1.000e+04 7 0 WDBNDRY_E 0 1.466e+02 4.173e+01)
s>                ( QUESTION2_1_L -1 -1.332e+05 2.452e+02 5.447e+02
s>                    ( - -4.415e+04 17 0 QUESTION0_2_R 1 2.247e+02 1.784e+02)
s>                    ( QUESTION12 1 -8.885e+04 2.377e+02 3.663e+02
s>                        ( QUESTION0_4_R 1 -5.519e+04 2.618e+02 2.276e+02
s>                            ( QUESTION13 -1 -2.773e+04 2.471e+02 1.171e+02
s>                                ( - -1.020e+04 5 0 QUESTION14 -1 1.022e+02 4.197e+01)
s>                                ( - -1.728e+04 6 0 WDBNDRY_B 0 2.024e+02 7.517e+01))
s>                            ( - -2.720e+04 15 0 QUESTION16 -1 2.073e+02 1.104e+02))
s>                        ( - -3.342e+04 11 0 QUESTION16 -1 2.053e+02 1.387e+02))))))INFO: dtree.c(1315): Comp split 2
INFO: dtree.c(1478): Final simple tree
|( QUESTION0 -1 -6.715e+04 2.705e+02 2.809e+02
|    ( - -1.592e+04 6 0 WDBNDRY_B 0 1.103e+02 6.704e+01)
|    ( QUESTION0_4_R 1 -5.096e+04 2.528e+02 2.139e+02
|        ( WDBNDRY_B 0 -1.728e+04 2.024e+02 7.517e+01
|            ( - -1.557e+04 4 0)
|            ( - -1.511e+03 2 0))
|        ( QUESTION16 -1 -3.342e+04 2.053e+02 1.387e+02
|            ( - -6.773e+03 1 0)
|            ( QUESTION13 -1 -2.644e+04 2.108e+02 1.087e+02
|                ( - -6.410e+03 1 0)
|                ( WDBNDRY_B 0 -1.982e+04 1.450e+02 8.223e+01
|                    ( - -1.551e+04 4 0)
|                    ( SILENCE 1 -4.159e+03 1.224e+02 1.687e+01
|                        ( - -1.398e+03 1 0)
|                        ( - -2.639e+03 4 0 WDBNDRY_E 0 9.015e+01 1.087e+01)))))))
s>    ( QUESTION0 -1 -6.715e+04 2.705e+02 2.809e+02
s>        ( - -1.592e+04 6 0 WDBNDRY_B 0 1.103e+02 6.704e+01)
s>        ( QUESTION0_4_R 1 -5.096e+04 2.528e+02 2.139e+02
s>            ( WDBNDRY_B 0 -1.728e+04 2.024e+02 7.517e+01
s>                ( - -1.557e+04 4 0)
s>                ( - -1.511e+03 2 0))
s>            ( QUESTION16 -1 -3.342e+04 2.053e+02 1.387e+02
s>                ( - -6.773e+03 1 0)
s>                ( QUESTION13 -1 -2.644e+04 2.108e+02 1.087e+02
s>                    ( - -6.410e+03 1 0)
s>                    ( WDBNDRY_B 0 -1.982e+04 1.450e+02 8.223e+01
s>                        ( - -1.551e+04 4 0)
s>                        ( SILENCE 1 -4.159e+03 1.224e+02 1.687e+01
s>                            ( - -1.398e+03 1 0)
s>                            ( - -2.639e+03 4 0 WDBNDRY_E 0 9.015e+01 1.087e+01)))))))INFO: dtree.c(1478): Final simple tree
|( SILENCE 1 -9.656e+04 2.669e+02 3.894e+02
|    ( - -1.154e+04 1 0)
|    ( QUESTION0_13_R 1 -8.475e+04 2.536e+02 3.417e+02
|        ( - -7.615e+03 4 0 QUESTION11 -1 1.301e+02 3.172e+01)
|        ( QUESTION0_5_R 1 -7.688e+04 2.328e+02 3.100e+02
|            ( - -4.090e+03 2 0 QUESTION0_6_R 1 1.195e+02 1.686e+01)
|            ( QUESTION11 -1 -7.256e+04 2.244e+02 2.931e+02
|                ( QUESTION0_10_R 1 -2.520e+04 1.690e+02 1.024e+02
|                    ( - -3.620e+03 2 0 QUESTION2 1 9.674e+01 1.501e+01)
|                    ( - -2.141e+04 8 0 QUESTION12 1 1.240e+02 8.739e+01))
|                ( QUESTION16 -1 -4.714e+04 1.990e+02 1.907e+02
|                    ( - -1.017e+03 1 0)
|                    ( QUESTION0_4_R 1 -4.592e+04 1.860e+02 1.861e+02
|                        ( - -1.141e+04 6 0 QUESTION14 -1 1.261e+02 4.697e+01)
|                        ( - -3.433e+04 22 0 QUESTION0_11_R 1 1.421e+02 1.391e+02)))))))
s>    ( SILENCE 1 -9.656e+04 2.669e+02 3.894e+02
s>        ( - -1.154e+04 1 0)
s>        ( QUESTION0_13_R 1 -8.475e+04 2.536e+02 3.417e+02
s>            ( - -7.615e+03 4 0 QUESTION11 -1 1.301e+02 3.172e+01)
s>            ( QUESTION0_5_R 1 -7.688e+04 2.328e+02 3.100e+02
s>                ( - -4.090e+03 2 0 QUESTION0_6_R 1 1.195e+02 1.686e+01)
s>                ( QUESTION11 -1 -7.256e+04 2.244e+02 2.931e+02
s>                    ( QUESTION0_10_R 1 -2.520e+04 1.690e+02 1.024e+02
s>                        ( - -3.620e+03 2 0 QUESTION2 1 9.674e+01 1.501e+01)
s>                        ( - -2.141e+04 8 0 QUESTION12 1 1.240e+02 8.739e+01))
s>                    ( QUESTION16 -1 -4.714e+04 1.990e+02 1.907e+02
s>                        ( - -1.017e+03 1 0)
s>                        ( QUESTION0_4_R 1 -4.592e+04 1.860e+02 1.861e+02
s>                            ( - -1.141e+04 6 0 QUESTION14 -1 1.261e+02 4.697e+01)
s>                            ( - -3.433e+04 22 0 QUESTION0_11_R 1 1.421e+02 1.391e+02)))))))INFO: dtree.c(1315): Comp split 3
INFO: dtree.c(1439): stop. leaf nodes are specific
INFO: dtree.c(1478): Final simple tree
|( WDBNDRY_E 0 -1.645e+04 1.544e+02 6.733e+01
|    ( - -1.154e+04 1 0)
|    ( WDBNDRY_B 0 -4.753e+03 1.164e+02 1.965e+01
|        ( - -1.017e+03 1 0)
|        ( QUESTION2 1 -3.620e+03 9.674e+01 1.501e+01
|            ( - -3.259e+03 1 0)
|            ( - -2.642e+02 1 0))))
s>    ( WDBNDRY_E 0 -1.645e+04 1.544e+02 6.733e+01
s>        ( - -1.154e+04 1 0)
s>        ( WDBNDRY_B 0 -4.753e+03 1.164e+02 1.965e+01
s>            ( - -1.017e+03 1 0)
s>            ( QUESTION2 1 -3.620e+03 9.674e+01 1.501e+01
s>                ( - -3.259e+03 1 0)
s>                ( - -2.642e+02 1 0))))INFO: dtree.c(1478): Final simple tree
|( QUESTION0 1 -7.971e+04 2.476e+02 3.221e+02
|    ( WDBNDRY_E 0 -1.158e+04 1.485e+02 4.777e+01
|        ( - -2.241e+03 3 0 QUESTION2_1_L -1 1.260e+02 1.000e+01)
|        ( - -9.194e+03 6 0 QUESTION2_1_L -1 1.191e+02 3.777e+01))
|    ( QUESTION0_5_R 1 -6.788e+04 2.247e+02 2.743e+02
|        ( - -4.090e+03 2 0 QUESTION0_6_R 1 1.195e+02 1.686e+01)
|        ( QUESTION11 -1 -6.356e+04 2.127e+02 2.574e+02
|            ( - -1.982e+04 6 0 QUESTION11 1 1.218e+02 8.135e+01)
|            ( QUESTION0_3_R 1 -4.353e+04 1.821e+02 1.761e+02
|                ( WDBNDRY_E 0 -2.314e+04 1.902e+02 9.311e+01
|                    ( - -3.583e+02 1 0)
|                    ( QUESTION14 -1 -2.259e+04 1.298e+02 9.111e+01
|                        ( - -4.332e+03 3 0 WDBNDRY_B 0 1.446e+02 1.803e+01)
|                        ( - -1.813e+04 11 0 QUESTION2_3_L -1 1.344e+02 7.309e+01)))
|                ( - -2.021e+04 10 0 QUESTION13 -1 1.236e+02 8.297e+01)))))
s>    ( QUESTION0 1 -7.971e+04 2.476e+02 3.221e+02
s>        ( WDBNDRY_E 0 -1.158e+04 1.485e+02 4.777e+01
s>            ( - -2.241e+03 3 0 QUESTION2_1_L -1 1.260e+02 1.000e+01)
s>            ( - -9.194e+03 6 0 QUESTION2_1_L -1 1.191e+02 3.777e+01))
s>        ( QUESTION0_5_R 1 -6.788e+04 2.247e+02 2.743e+02
s>            ( - -4.090e+03 2 0 QUESTION0_6_R 1 1.195e+02 1.686e+01)
s>            ( QUESTION11 -1 -6.356e+04 2.127e+02 2.574e+02
s>                ( - -1.982e+04 6 0 QUESTION11 1 1.218e+02 8.135e+01)
s>                ( QUESTION0_3_R 1 -4.353e+04 1.821e+02 1.761e+02
s>                    ( WDBNDRY_E 0 -2.314e+04 1.902e+02 9.311e+01
s>                        ( - -3.583e+02 1 0)
s>                        ( QUESTION14 -1 -2.259e+04 1.298e+02 9.111e+01
s>                            ( - -4.332e+03 3 0 WDBNDRY_B 0 1.446e+02 1.803e+01)
s>                            ( - -1.813e+04 11 0 QUESTION2_3_L -1 1.344e+02 7.309e+01)))
s>                    ( - -2.021e+04 10 0 QUESTION13 -1 1.236e+02 8.297e+01)))))INFO: dtree.c(1315): Comp split 4
INFO: dtree.c(1439): stop. leaf nodes are specific
INFO: dtree.c(1478): Final simple tree
|( QUESTION0_4_R 1 -1.236e+04 1.598e+02 5.033e+01
|    ( - -1.511e+03 2 0)
|    ( WDBNDRY_B 0 -1.069e+04 1.197e+02 4.333e+01
|        ( - -6.410e+03 1 0)
|        ( SILENCE 1 -4.159e+03 1.224e+02 1.687e+01
|            ( - -1.398e+03 1 0)
|            ( WDBNDRY_E 0 -2.639e+03 9.015e+01 1.087e+01
|                ( QUESTION0_2_R 1 -1.598e+03 9.454e+01 6.870e+00
|                    ( - -7.839e+02 1 0)
|                    ( - -7.193e+02 1 0))
|                ( QUESTION0_2_R 1 -9.511e+02 8.912e+01 4.000e+00
|                    ( - -6.463e+02 1 0)
|                    ( - -2.157e+02 1 0))))))
s>    ( QUESTION0_4_R 1 -1.236e+04 1.598e+02 5.033e+01
s>        ( - -1.511e+03 2 0)
s>        ( WDBNDRY_B 0 -1.069e+04 1.197e+02 4.333e+01
s>            ( - -6.410e+03 1 0)
s>            ( SILENCE 1 -4.159e+03 1.224e+02 1.687e+01
s>                ( - -1.398e+03 1 0)
s>                ( WDBNDRY_E 0 -2.639e+03 9.015e+01 1.087e+01
s>                    ( QUESTION0_2_R 1 -1.598e+03 9.454e+01 6.870e+00
s>                        ( - -7.839e+02 1 0)
s>                        ( - -7.193e+02 1 0))
s>                    ( QUESTION0_2_R 1 -9.511e+02 8.912e+01 4.000e+00
s>                        ( - -6.463e+02 1 0)
s>                        ( - -2.157e+02 1 0))))))INFO: dtree.c(1478): Final simple tree
|( QUESTION0 -1 -5.447e+04 2.536e+02 2.306e+02
|    ( WDBNDRY_B 0 -1.592e+04 1.103e+02 6.704e+01
|        ( QUESTION11 1 -4.086e+03 1.608e+02 1.761e+01
|            ( - -2.824e+03 1 0)
|            ( - -1.101e+03 1 0))
|        ( QUESTION0_3_R 1 -1.172e+04 1.141e+02 4.943e+01
|            ( QUESTION11 1 -9.597e+03 5.791e+01 4.047e+01
|                ( - -9.326e+03 1 0)
|                ( - -2.138e+02 1 0))
|            ( - -2.013e+03 2 0)))
|    ( QUESTION0_3_R 1 -3.829e+04 2.238e+02 1.635e+02
|        ( QUESTION13 -1 -2.250e+04 2.078e+02 9.536e+01
|            ( - -6.773e+03 1 0)
|            ( - -1.551e+04 4 0))
|        ( - -1.557e+04 4 0)))
s>    ( QUESTION0 -1 -5.447e+04 2.536e+02 2.306e+02
s>        ( WDBNDRY_B 0 -1.592e+04 1.103e+02 6.704e+01
s>            ( QUESTION11 1 -4.086e+03 1.608e+02 1.761e+01
s>                ( - -2.824e+03 1 0)
s>                ( - -1.101e+03 1 0))
s>            ( QUESTION0_3_R 1 -1.172e+04 1.141e+02 4.943e+01
s>                ( QUESTION11 1 -9.597e+03 5.791e+01 4.047e+01
s>                    ( - -9.326e+03 1 0)
s>                    ( - -2.138e+02 1 0))
s>                ( - -2.013e+03 2 0)))
s>        ( QUESTION0_3_R 1 -3.829e+04 2.238e+02 1.635e+02
s>            ( QUESTION13 -1 -2.250e+04 2.078e+02 9.536e+01
s>                ( - -6.773e+03 1 0)
s>                ( - -1.551e+04 4 0))
s>            ( - -1.557e+04 4 0)))INFO: dtree.c(1315): Comp split 5
INFO: dtree.c(1478): Final simple tree
|( SILENCE -1 -3.676e+04 2.456e+02 1.467e+02
|    ( - -7.814e+03 2 0 QUESTION0_3_R 1 1.045e+02 3.268e+01)
|    ( QUESTION0_2_R 1 -2.870e+04 1.870e+02 1.140e+02
|        ( QUESTION3 -1 -2.724e+04 1.540e+02 1.080e+02
|            ( - -4.276e+03 1 0)
|            ( QUESTION0_3_R 1 -2.281e+04 1.258e+02 9.001e+01
|                ( QUESTION1 -1 -1.617e+04 1.114e+02 6.289e+01
|                    ( - -5.234e+03 4 0 QUESTION11 1 1.226e+02 2.046e+01)
|                    ( - -1.082e+04 8 0 QUESTION2_6_L -1 9.917e+01 4.242e+01))
|                ( QUESTION2_6_L -1 -6.515e+03 1.268e+02 2.713e+01
|                    ( - -1.534e+03 1 0)
|                    ( QUESTION2_12_L -1 -4.854e+03 1.168e+02 2.013e+01
|                        ( - -1.753e+03 1 0)
|                        ( - -2.985e+03 4 0 QUESTION5 -1 1.029e+02 1.213e+01)))))
|        ( - -1.275e+03 1 0)))
s>    ( SILENCE -1 -3.676e+04 2.456e+02 1.467e+02
s>        ( - -7.814e+03 2 0 QUESTION0_3_R 1 1.045e+02 3.268e+01)
s>        ( QUESTION0_2_R 1 -2.870e+04 1.870e+02 1.140e+02
s>            ( QUESTION3 -1 -2.724e+04 1.540e+02 1.080e+02
s>                ( - -4.276e+03 1 0)
s>                ( QUESTION0_3_R 1 -2.281e+04 1.258e+02 9.001e+01
s>                    ( QUESTION1 -1 -1.617e+04 1.114e+02 6.289e+01
s>                        ( - -5.234e+03 4 0 QUESTION11 1 1.226e+02 2.046e+01)
s>                        ( - -1.082e+04 8 0 QUESTION2_6_L -1 9.917e+01 4.242e+01))
s>                    ( QUESTION2_6_L -1 -6.515e+03 1.268e+02 2.713e+01
s>                        ( - -1.534e+03 1 0)
s>                        ( QUESTION2_12_L -1 -4.854e+03 1.168e+02 2.013e+01
s>                            ( - -1.753e+03 1 0)
s>                            ( - -2.985e+03 4 0 QUESTION5 -1 1.029e+02 1.213e+01)))))
s>            ( - -1.275e+03 1 0)))INFO: dtree.c(1315): Comp split 6
INFO: dtree.c(1478): Final simple tree
|( QUESTION0_4_R 1 -2.980e+04 1.975e+02 1.200e+02
|    ( - -4.090e+03 2 0 QUESTION0_6_R 1 1.195e+02 1.686e+01)
|    ( QUESTION0_2_R 1 -2.552e+04 1.406e+02 1.031e+02
|        ( WDBNDRY_E 0 -2.314e+04 1.902e+02 9.311e+01
|            ( - -3.583e+02 1 0)
|            ( QUESTION14 -1 -2.259e+04 1.298e+02 9.111e+01
|                ( WDBNDRY_B 0 -4.332e+03 1.446e+02 1.803e+01
|                    ( - -3.093e+03 2 0)
|                    ( - -1.094e+03 1 0))
|                ( QUESTION2_3_L -1 -1.813e+04 1.344e+02 7.309e+01
|                    ( - -5.335e+03 4 0 QUESTION13 1 1.090e+02 2.127e+01)
|                    ( - -1.266e+04 7 0 WDBNDRY_B 0 1.071e+02 5.182e+01))))
|        ( QUESTION2_1_L -1 -2.241e+03 1.260e+02 1.000e+01
|            ( - -6.924e+02 2 0 QUESTION0_12_R 1 5.021e+01 3.003e+00)
|            ( - -1.423e+03 1 0))))
s>    ( QUESTION0_4_R 1 -2.980e+04 1.975e+02 1.200e+02
s>        ( - -4.090e+03 2 0 QUESTION0_6_R 1 1.195e+02 1.686e+01)
s>        ( QUESTION0_2_R 1 -2.552e+04 1.406e+02 1.031e+02
s>            ( WDBNDRY_E 0 -2.314e+04 1.902e+02 9.311e+01
s>                ( - -3.583e+02 1 0)
s>                ( QUESTION14 -1 -2.259e+04 1.298e+02 9.111e+01
s>                    ( WDBNDRY_B 0 -4.332e+03 1.446e+02 1.803e+01
s>                        ( - -3.093e+03 2 0)
s>                        ( - -1.094e+03 1 0))
s>                    ( QUESTION2_3_L -1 -1.813e+04 1.344e+02 7.309e+01
s>                        ( - -5.335e+03 4 0 QUESTION13 1 1.090e+02 2.127e+01)
s>                        ( - -1.266e+04 7 0 WDBNDRY_B 0 1.071e+02 5.182e+01))))
s>            ( QUESTION2_1_L -1 -2.241e+03 1.260e+02 1.000e+01
s>                ( - -6.924e+02 2 0 QUESTION0_12_R 1 5.021e+01 3.003e+00)
s>                ( - -1.423e+03 1 0))))INFO: dtree.c(1478): Final simple tree
|( QUESTION0 1 -4.962e+04 2.171e+02 2.021e+02
|    ( QUESTION2_1_L -1 -9.194e+03 1.191e+02 3.777e+01
|        ( QUESTION0_9_R 1 -5.663e+03 1.097e+02 2.370e+01
|            ( - -1.478e+03 2 0 QUESTION2 1 7.809e+01 6.041e+00)
|            ( - -4.075e+03 2 0 QUESTION11 -1 8.913e+01 1.765e+01))
|        ( - -3.413e+03 2 0))
|    ( QUESTION11 -1 -4.021e+04 1.726e+02 1.643e+02
|        ( QUESTION11 1 -1.982e+04 1.218e+02 8.135e+01
|            ( - -1.018e+04 2 0 WDBNDRY_B 0 1.016e+02 4.217e+01)
|            ( QUESTION0_3_R 1 -9.521e+03 1.742e+02 3.918e+01
|                ( - -1.782e+03 1 0)
|                ( - -7.565e+03 3 0 WDBNDRY_B 0 1.026e+02 3.195e+01)))
|        ( QUESTION13 -1 -2.021e+04 1.236e+02 8.297e+01
|            ( - -1.020e+04 5 0 QUESTION14 -1 1.022e+02 4.197e+01)
|            ( - -9.889e+03 5 0 WDBNDRY_B 0 9.608e+01 4.099e+01))))
s>    ( QUESTION0 1 -4.962e+04 2.171e+02 2.021e+02
s>        ( QUESTION2_1_L -1 -9.194e+03 1.191e+02 3.777e+01
s>            ( QUESTION0_9_R 1 -5.663e+03 1.097e+02 2.370e+01
s>                ( - -1.478e+03 2 0 QUESTION2 1 7.809e+01 6.041e+00)
s>                ( - -4.075e+03 2 0 QUESTION11 -1 8.913e+01 1.765e+01))
s>            ( - -3.413e+03 2 0))
s>        ( QUESTION11 -1 -4.021e+04 1.726e+02 1.643e+02
s>            ( QUESTION11 1 -1.982e+04 1.218e+02 8.135e+01
s>                ( - -1.018e+04 2 0 WDBNDRY_B 0 1.016e+02 4.217e+01)
s>                ( QUESTION0_3_R 1 -9.521e+03 1.742e+02 3.918e+01
s>                    ( - -1.782e+03 1 0)
s>                    ( - -7.565e+03 3 0 WDBNDRY_B 0 1.026e+02 3.195e+01)))
s>            ( QUESTION13 -1 -2.021e+04 1.236e+02 8.297e+01
s>                ( - -1.020e+04 5 0 QUESTION14 -1 1.022e+02 4.197e+01)
s>                ( - -9.889e+03 5 0 WDBNDRY_B 0 9.608e+01 4.099e+01))))INFO: dtree.c(1315): Comp split 7
INFO: dtree.c(1439): stop. leaf nodes are specific
INFO: dtree.c(1478): Final simple tree
|( QUESTION0 -1 -3.167e+04 2.304e+02 1.324e+02
|    ( WDBNDRY_B 0 -1.592e+04 1.103e+02 6.704e+01
|        ( QUESTION11 1 -4.086e+03 1.608e+02 1.761e+01
|            ( - -2.824e+03 1 0)
|            ( - -1.101e+03 1 0))
|        ( QUESTION0_3_R 1 -1.172e+04 1.141e+02 4.943e+01
|            ( QUESTION11 1 -9.597e+03 5.791e+01 4.047e+01
|                ( - -9.326e+03 1 0)
|                ( - -2.138e+02 1 0))
|            ( - -2.013e+03 2 0)))
|    ( - -1.551e+04 4 0))
s>    ( QUESTION0 -1 -3.167e+04 2.304e+02 1.324e+02
s>        ( WDBNDRY_B 0 -1.592e+04 1.103e+02 6.704e+01
s>            ( QUESTION11 1 -4.086e+03 1.608e+02 1.761e+01
s>                ( - -2.824e+03 1 0)
s>                ( - -1.101e+03 1 0))
s>            ( QUESTION0_3_R 1 -1.172e+04 1.141e+02 4.943e+01
s>                ( QUESTION11 1 -9.597e+03 5.791e+01 4.047e+01
s>                    ( - -9.326e+03 1 0)
s>                    ( - -2.138e+02 1 0))
s>                ( - -2.013e+03 2 0)))
s>        ( - -1.551e+04 4 0))INFO: dtree.c(1439): stop. leaf nodes are specific
INFO: dtree.c(1478): Final simple tree
|( QUESTION0_3_R 1 -2.252e+04 1.735e+02 9.817e+01
|    ( - -6.773e+03 1 0)
|    ( - -1.557e+04 4 0))
s>    ( QUESTION0_3_R 1 -2.252e+04 1.735e+02 9.817e+01
s>        ( - -6.773e+03 1 0)
s>        ( - -1.557e+04 4 0))INFO: dtree.c(1315): Comp split 8
INFO: dtree.c(1439): stop. leaf nodes are specific
INFO: dtree.c(1478): Final simple tree
|( SILENCE -1 -1.136e+04 1.323e+02 4.768e+01
|    ( QUESTION0_3_R 1 -7.814e+03 1.045e+02 3.268e+01
|        ( - -2.791e+03 1 0)
|        ( - -4.919e+03 1 0))
|    ( QUESTION2_6_L -1 -3.413e+03 1.265e+02 1.500e+01
|        ( - -1.534e+03 1 0)
|        ( - -1.753e+03 1 0)))
s>    ( SILENCE -1 -1.136e+04 1.323e+02 4.768e+01
s>        ( QUESTION0_3_R 1 -7.814e+03 1.045e+02 3.268e+01
s>            ( - -2.791e+03 1 0)
s>            ( - -4.919e+03 1 0))
s>        ( QUESTION2_6_L -1 -3.413e+03 1.265e+02 1.500e+01
s>            ( - -1.534e+03 1 0)
s>            ( - -1.753e+03 1 0)))INFO: dtree.c(1478): Final simple tree
|( QUESTION0_2_R 1 -2.513e+04 1.871e+02 9.901e+01
|    ( QUESTION3 -1 -2.367e+04 1.553e+02 9.301e+01
|        ( - -4.276e+03 1 0)
|        ( QUESTION2_7_L -1 -1.924e+04 1.161e+02 7.501e+01
|            ( QUESTION5 -1 -7.452e+03 9.917e+01 2.984e+01
|                ( - -3.997e+03 4 0 QUESTION0_3_R 1 9.459e+01 1.584e+01)
|                ( QUESTION11 1 -3.356e+03 1.047e+02 1.400e+01
|                    ( QUESTION2_11_L -1 -2.303e+03 1.708e+02 1.000e+01
|                        ( - -7.660e+02 1 0)
|                        ( - -1.366e+03 1 0))
|                    ( - -9.483e+02 2 0 QUESTION0_3_R 1 7.472e+01 4.000e+00)))
|            ( WDBNDRY_B 0 -1.167e+04 1.192e+02 4.517e+01
|                ( - -4.270e+03 4 0 QUESTION1 -1 8.597e+01 1.650e+01)
|                ( - -7.280e+03 4 0 QUESTION1 -1 8.307e+01 2.867e+01))))
|    ( - -1.275e+03 1 0))
s>    ( QUESTION0_2_R 1 -2.513e+04 1.871e+02 9.901e+01
s>        ( QUESTION3 -1 -2.367e+04 1.553e+02 9.301e+01
s>            ( - -4.276e+03 1 0)
s>            ( QUESTION2_7_L -1 -1.924e+04 1.161e+02 7.501e+01
s>                ( QUESTION5 -1 -7.452e+03 9.917e+01 2.984e+01
s>                    ( - -3.997e+03 4 0 QUESTION0_3_R 1 9.459e+01 1.584e+01)
s>                    ( QUESTION11 1 -3.356e+03 1.047e+02 1.400e+01
s>                        ( QUESTION2_11_L -1 -2.303e+03 1.708e+02 1.000e+01
s>                            ( - -7.660e+02 1 0)
s>                            ( - -1.366e+03 1 0))
s>                        ( - -9.483e+02 2 0 QUESTION0_3_R 1 7.472e+01 4.000e+00)))
s>                ( WDBNDRY_B 0 -1.167e+04 1.192e+02 4.517e+01
s>                    ( - -4.270e+03 4 0 QUESTION1 -1 8.597e+01 1.650e+01)
s>                    ( - -7.280e+03 4 0 QUESTION1 -1 8.307e+01 2.867e+01))))
s>        ( - -1.275e+03 1 0))INFO: dtree.c(1315): Comp split 9
INFO: dtree.c(1439): stop. leaf nodes are specific
INFO: dtree.c(1478): Final simple tree
|( QUESTION0_2_R 1 -1.112e+04 1.466e+02 4.499e+01
|    ( - -1.782e+03 1 0)
|    ( QUESTION2_1_L -1 -9.194e+03 1.191e+02 3.777e+01
|        ( QUESTION0_9_R 1 -5.663e+03 1.097e+02 2.370e+01
|            ( QUESTION2 1 -1.478e+03 7.809e+01 6.041e+00
|                ( - -7.447e+02 1 0)
|                ( - -6.547e+02 1 0))
|            ( QUESTION11 -1 -4.075e+03 8.913e+01 1.765e+01
|                ( - -3.294e+03 1 0)
|                ( - -6.918e+02 1 0)))
|        ( - -3.413e+03 2 0)))
s>    ( QUESTION0_2_R 1 -1.112e+04 1.466e+02 4.499e+01
s>        ( - -1.782e+03 1 0)
s>        ( QUESTION2_1_L -1 -9.194e+03 1.191e+02 3.777e+01
s>            ( QUESTION0_9_R 1 -5.663e+03 1.097e+02 2.370e+01
s>                ( QUESTION2 1 -1.478e+03 7.809e+01 6.041e+00
s>                    ( - -7.447e+02 1 0)
s>                    ( - -6.547e+02 1 0))
s>                ( QUESTION11 -1 -4.075e+03 8.913e+01 1.765e+01
s>                    ( - -3.294e+03 1 0)
s>                    ( - -6.918e+02 1 0)))
s>            ( - -3.413e+03 2 0)))INFO: dtree.c(1478): Final simple tree
|( QUESTION11 -1 -3.826e+04 1.917e+02 1.571e+02
|    ( QUESTION0_3_R 1 -1.785e+04 1.090e+02 7.412e+01
|        ( WDBNDRY_B 0 -1.018e+04 1.016e+02 4.217e+01
|            ( - -8.094e+03 1 0)
|            ( - -1.983e+03 1 0))
|        ( WDBNDRY_B 0 -7.565e+03 1.026e+02 3.195e+01
|            ( - -2.085e+03 2 0)
|            ( - -5.377e+03 1 0)))
|    ( QUESTION13 -1 -2.021e+04 1.236e+02 8.297e+01
|        ( QUESTION14 -1 -1.020e+04 1.022e+02 4.197e+01
|            ( WDBNDRY_B 0 -8.461e+03 9.796e+01 3.507e+01
|                ( - -5.511e+03 3 0)
|                ( - -2.852e+03 1 0))
|            ( - -1.636e+03 1 0))
|        ( - -9.889e+03 5 0 WDBNDRY_B 0 9.608e+01 4.099e+01)))
s>    ( QUESTION11 -1 -3.826e+04 1.917e+02 1.571e+02
s>        ( QUESTION0_3_R 1 -1.785e+04 1.090e+02 7.412e+01
s>            ( WDBNDRY_B 0 -1.018e+04 1.016e+02 4.217e+01
s>                ( - -8.094e+03 1 0)
s>                ( - -1.983e+03 1 0))
s>            ( WDBNDRY_B 0 -7.565e+03 1.026e+02 3.195e+01
s>                ( - -2.085e+03 2 0)
s>                ( - -5.377e+03 1 0)))
s>        ( QUESTION13 -1 -2.021e+04 1.236e+02 8.297e+01
s>            ( QUESTION14 -1 -1.020e+04 1.022e+02 4.197e+01
s>                ( WDBNDRY_B 0 -8.461e+03 9.796e+01 3.507e+01
s>                    ( - -5.511e+03 3 0)
s>                    ( - -2.852e+03 1 0))
s>                ( - -1.636e+03 1 0))
s>            ( - -9.889e+03 5 0 WDBNDRY_B 0 9.608e+01 4.099e+01)))INFO: dtree.c(1315): Comp split 10
INFO: dtree.c(1439): stop. leaf nodes are specific
INFO: dtree.c(1478): Final simple tree
|( WDBNDRY_B 0 -1.592e+04 1.103e+02 6.704e+01
|    ( QUESTION11 1 -4.086e+03 1.608e+02 1.761e+01
|        ( - -2.824e+03 1 0)
|        ( - -1.101e+03 1 0))
|    ( QUESTION0_3_R 1 -1.172e+04 1.141e+02 4.943e+01
|        ( QUESTION11 1 -9.597e+03 5.791e+01 4.047e+01
|            ( - -9.326e+03 1 0)
|            ( - -2.138e+02 1 0))
|        ( - -2.013e+03 2 0)))
s>    ( WDBNDRY_B 0 -1.592e+04 1.103e+02 6.704e+01
s>        ( QUESTION11 1 -4.086e+03 1.608e+02 1.761e+01
s>            ( - -2.824e+03 1 0)
s>            ( - -1.101e+03 1 0))
s>        ( QUESTION0_3_R 1 -1.172e+04 1.141e+02 4.943e+01
s>            ( QUESTION11 1 -9.597e+03 5.791e+01 4.047e+01
s>                ( - -9.326e+03 1 0)
s>                ( - -2.138e+02 1 0))
s>            ( - -2.013e+03 2 0)))INFO: dtree.c(1315): Comp split 11
INFO: dtree.c(1439): stop. leaf nodes are specific
INFO: dtree.c(1478): Final simple tree
|( WDBNDRY_E 0 -1.178e+04 2.063e+02 5.400e+01
|    ( - -1.101e+04 1 0)
|    ( - -5.636e+02 1 0))
s>    ( WDBNDRY_E 0 -1.178e+04 2.063e+02 5.400e+01
s>        ( - -1.101e+04 1 0)
s>        ( - -5.636e+02 1 0))INFO: dtree.c(1315): Comp split 12
INFO: dtree.c(1478): Final simple tree
|( QUESTION2_3_L -1 -2.389e+04 1.261e+02 9.612e+01
|    ( QUESTION13 1 -6.095e+03 1.081e+02 2.427e+01
|        ( - -5.275e+02 1 0)
|        ( - -5.459e+03 5 0 QUESTION12 1 7.706e+01 2.199e+01))
|    ( WDBNDRY_E 0 -1.767e+04 1.914e+02 7.185e+01
|        ( - -3.583e+02 1 0)
|        ( QUESTION13 1 -1.712e+04 1.422e+02 6.985e+01
|            ( - -1.094e+03 1 0)
|            ( QUESTION14 -1 -1.589e+04 1.368e+02 6.482e+01
|                ( - -3.093e+03 2 0)
|                ( WDBNDRY_B 0 -1.266e+04 1.071e+02 5.182e+01
|                    ( QUESTION13 -1 -1.181e+04 9.023e+01 4.823e+01
|                        ( - -4.588e+03 1 0)
|                        ( - -7.131e+03 5 0 QUESTION11 1 7.633e+01 2.860e+01))
|                    ( - -7.406e+02 1 0))))))
s>    ( QUESTION2_3_L -1 -2.389e+04 1.261e+02 9.612e+01
s>        ( QUESTION13 1 -6.095e+03 1.081e+02 2.427e+01
s>            ( - -5.275e+02 1 0)
s>            ( - -5.459e+03 5 0 QUESTION12 1 7.706e+01 2.199e+01))
s>        ( WDBNDRY_E 0 -1.767e+04 1.914e+02 7.185e+01
s>            ( - -3.583e+02 1 0)
s>            ( QUESTION13 1 -1.712e+04 1.422e+02 6.985e+01
s>                ( - -1.094e+03 1 0)
s>                ( QUESTION14 -1 -1.589e+04 1.368e+02 6.482e+01
s>                    ( - -3.093e+03 2 0)
s>                    ( WDBNDRY_B 0 -1.266e+04 1.071e+02 5.182e+01
s>                        ( QUESTION13 -1 -1.181e+04 9.023e+01 4.823e+01
s>                            ( - -4.588e+03 1 0)
s>                            ( - -7.131e+03 5 0 QUESTION11 1 7.633e+01 2.860e+01))
s>                        ( - -7.406e+02 1 0))))))INFO: dtree.c(1439): stop. leaf nodes are specific
INFO: dtree.c(1478): Final simple tree
|( WDBNDRY_E 0 -5.702e+03 1.898e+02 2.386e+01
|    ( - -1.423e+03 1 0)
|    ( QUESTION0_6_R 1 -4.090e+03 1.195e+02 1.686e+01
|        ( - -1.647e+03 1 0)
|        ( - -2.323e+03 1 0)))
s>    ( WDBNDRY_E 0 -5.702e+03 1.898e+02 2.386e+01
s>        ( - -1.423e+03 1 0)
s>        ( QUESTION0_6_R 1 -4.090e+03 1.195e+02 1.686e+01
s>            ( - -1.647e+03 1 0)
s>            ( - -2.323e+03 1 0)))INFO: dtree.c(1315): Comp split 13
INFO: dtree.c(1315): Comp split 14
INFO: dtree.c(1478): Final simple tree
|( QUESTION0_2_R 1 -2.416e+04 1.858e+02 9.501e+01
|    ( QUESTION3 -1 -2.270e+04 1.583e+02 8.901e+01
|        ( - -4.276e+03 1 0)
|        ( QUESTION2_7_L -1 -1.827e+04 1.077e+02 7.101e+01
|            ( QUESTION0_3_R 1 -6.492e+03 9.462e+01 2.584e+01
|                ( WDBNDRY_B 0 -4.481e+03 9.507e+01 1.787e+01
|                    ( - -3.702e+03 4 0 QUESTION11 1 8.102e+01 1.487e+01)
|                    ( - -6.842e+02 1 0))
|                ( QUESTION5 -1 -1.916e+03 9.638e+01 7.974e+00
|                    ( - -1.164e+03 1 0)
|                    ( - -6.552e+02 1 0)))
|            ( WDBNDRY_B 0 -1.167e+04 1.192e+02 4.517e+01
|                ( - -4.270e+03 4 0 QUESTION1 -1 8.597e+01 1.650e+01)
|                ( - -7.280e+03 4 0 QUESTION1 -1 8.307e+01 2.867e+01))))
|    ( - -1.275e+03 1 0))
s>    ( QUESTION0_2_R 1 -2.416e+04 1.858e+02 9.501e+01
s>        ( QUESTION3 -1 -2.270e+04 1.583e+02 8.901e+01
s>            ( - -4.276e+03 1 0)
s>            ( QUESTION2_7_L -1 -1.827e+04 1.077e+02 7.101e+01
s>                ( QUESTION0_3_R 1 -6.492e+03 9.462e+01 2.584e+01
s>                    ( WDBNDRY_B 0 -4.481e+03 9.507e+01 1.787e+01
s>                        ( - -3.702e+03 4 0 QUESTION11 1 8.102e+01 1.487e+01)
s>                        ( - -6.842e+02 1 0))
s>                    ( QUESTION5 -1 -1.916e+03 9.638e+01 7.974e+00
s>                        ( - -1.164e+03 1 0)
s>                        ( - -6.552e+02 1 0)))
s>                ( WDBNDRY_B 0 -1.167e+04 1.192e+02 4.517e+01
s>                    ( - -4.270e+03 4 0 QUESTION1 -1 8.597e+01 1.650e+01)
s>                    ( - -7.280e+03 4 0 QUESTION1 -1 8.307e+01 2.867e+01))))
s>        ( - -1.275e+03 1 0))INFO: dtree.c(1315): Comp split 15
INFO: dtree.c(1439): stop. leaf nodes are specific
INFO: dtree.c(1478): Final simple tree
|( WDBNDRY_B 0 -1.081e+04 1.130e+02 4.547e+01
|    ( - -1.101e+03 1 0)
|    ( QUESTION11 1 -9.597e+03 5.791e+01 4.047e+01
|        ( - -9.326e+03 1 0)
|        ( - -2.138e+02 1 0)))
s>    ( WDBNDRY_B 0 -1.081e+04 1.130e+02 4.547e+01
s>        ( - -1.101e+03 1 0)
s>        ( QUESTION11 1 -9.597e+03 5.791e+01 4.047e+01
s>            ( - -9.326e+03 1 0)
s>            ( - -2.138e+02 1 0)))INFO: dtree.c(1439): stop. leaf nodes are specific
INFO: dtree.c(1478): Final simple tree
|( WDBNDRY_B 0 -4.917e+03 7.998e+01 2.158e+01
|    ( - -2.824e+03 1 0)
|    ( - -2.013e+03 2 0))
s>    ( WDBNDRY_B 0 -4.917e+03 7.998e+01 2.158e+01
s>        ( - -2.824e+03 1 0)
s>        ( - -2.013e+03 2 0))INFO: dtree.c(1315): Comp split 16
INFO: dtree.c(1439): stop. leaf nodes are specific
INFO: dtree.c(1478): Final simple tree
|( QUESTION13 -1 -2.021e+04 1.236e+02 8.297e+01
|    ( QUESTION14 -1 -1.020e+04 1.022e+02 4.197e+01
|        ( WDBNDRY_B 0 -8.461e+03 9.796e+01 3.507e+01
|            ( - -5.511e+03 3 0)
|            ( - -2.852e+03 1 0))
|        ( - -1.636e+03 1 0))
|    ( WDBNDRY_B 0 -9.889e+03 9.608e+01 4.099e+01
|        ( - -1.107e+03 1 0)
|        ( QUESTION0_20_R 1 -8.686e+03 7.682e+01 3.599e+01
|            ( WDBNDRY_E 0 -8.155e+03 1.023e+02 3.399e+01
|                ( - -6.288e+02 1 0)
|                ( - -7.424e+03 2 0))
|            ( - -4.548e+02 1 0))))
s>    ( QUESTION13 -1 -2.021e+04 1.236e+02 8.297e+01
s>        ( QUESTION14 -1 -1.020e+04 1.022e+02 4.197e+01
s>            ( WDBNDRY_B 0 -8.461e+03 9.796e+01 3.507e+01
s>                ( - -5.511e+03 3 0)
s>                ( - -2.852e+03 1 0))
s>            ( - -1.636e+03 1 0))
s>        ( WDBNDRY_B 0 -9.889e+03 9.608e+01 4.099e+01
s>            ( - -1.107e+03 1 0)
s>            ( QUESTION0_20_R 1 -8.686e+03 7.682e+01 3.599e+01
s>                ( WDBNDRY_E 0 -8.155e+03 1.023e+02 3.399e+01
s>                    ( - -6.288e+02 1 0)
s>                    ( - -7.424e+03 2 0))
s>                ( - -4.548e+02 1 0))))INFO: dtree.c(1439): stop. leaf nodes are specific
INFO: dtree.c(1478): Final simple tree
|( QUESTION0_3_R 1 -1.785e+04 1.090e+02 7.412e+01
|    ( WDBNDRY_B 0 -1.018e+04 1.016e+02 4.217e+01
|        ( - -8.094e+03 1 0)
|        ( - -1.983e+03 1 0))
|    ( WDBNDRY_B 0 -7.565e+03 1.026e+02 3.195e+01
|        ( - -2.085e+03 2 0)
|        ( - -5.377e+03 1 0)))
s>    ( QUESTION0_3_R 1 -1.785e+04 1.090e+02 7.412e+01
s>        ( WDBNDRY_B 0 -1.018e+04 1.016e+02 4.217e+01
s>            ( - -8.094e+03 1 0)
s>            ( - -1.983e+03 1 0))
s>        ( WDBNDRY_B 0 -7.565e+03 1.026e+02 3.195e+01
s>            ( - -2.085e+03 2 0)
s>            ( - -5.377e+03 1 0)))INFO: dtree.c(1315): Comp split 17
INFO: dtree.c(1478): Final simple tree
|( QUESTION14 -1 -2.334e+04 1.303e+02 9.412e+01
|    ( WDBNDRY_B 0 -4.332e+03 1.446e+02 1.803e+01
|        ( - -3.093e+03 2 0)
|        ( - -1.094e+03 1 0))
|    ( QUESTION2_3_L -1 -1.888e+04 1.312e+02 7.609e+01
|        ( QUESTION13 1 -6.095e+03 1.081e+02 2.427e+01
|            ( - -5.275e+02 1 0)
|            ( QUESTION12 1 -5.459e+03 7.706e+01 2.199e+01
|                ( - -2.232e+03 1 0)
|                ( - -3.150e+03 4 0 WDBNDRY_B 0 9.315e+01 1.300e+01)))
|        ( WDBNDRY_B 0 -1.266e+04 1.071e+02 5.182e+01
|            ( QUESTION13 -1 -1.181e+04 9.023e+01 4.823e+01
|                ( - -4.588e+03 1 0)
|                ( - -7.131e+03 5 0 QUESTION11 1 7.633e+01 2.860e+01))
|            ( - -7.406e+02 1 0))))
s>    ( QUESTION14 -1 -2.334e+04 1.303e+02 9.412e+01
s>        ( WDBNDRY_B 0 -4.332e+03 1.446e+02 1.803e+01
s>            ( - -3.093e+03 2 0)
s>            ( - -1.094e+03 1 0))
s>        ( QUESTION2_3_L -1 -1.888e+04 1.312e+02 7.609e+01
s>            ( QUESTION13 1 -6.095e+03 1.081e+02 2.427e+01
s>                ( - -5.275e+02 1 0)
s>                ( QUESTION12 1 -5.459e+03 7.706e+01 2.199e+01
s>                    ( - -2.232e+03 1 0)
s>                    ( - -3.150e+03 4 0 WDBNDRY_B 0 9.315e+01 1.300e+01)))
s>            ( WDBNDRY_B 0 -1.266e+04 1.071e+02 5.182e+01
s>                ( QUESTION13 -1 -1.181e+04 9.023e+01 4.823e+01
s>                    ( - -4.588e+03 1 0)
s>                    ( - -7.131e+03 5 0 QUESTION11 1 7.633e+01 2.860e+01))
s>                ( - -7.406e+02 1 0))))INFO: dtree.c(1315): Comp split 18
INFO: dtree.c(1439): stop. leaf nodes are specific
INFO: dtree.c(1478): Final simple tree
|( QUESTION0_6_R 1 -4.090e+03 1.195e+02 1.686e+01
|    ( - -1.647e+03 1 0)
|    ( - -2.323e+03 1 0))
s>    ( QUESTION0_6_R 1 -4.090e+03 1.195e+02 1.686e+01
s>        ( - -1.647e+03 1 0)
s>        ( - -2.323e+03 1 0))INFO: dtree.c(1315): Comp split 19
INFO: dtree.c(1478): Final simple tree
|( QUESTION3 -1 -2.270e+04 1.583e+02 8.901e+01
|    ( - -4.276e+03 1 0)
|    ( QUESTION2_7_L -1 -1.827e+04 1.077e+02 7.101e+01
|        ( QUESTION0_3_R 1 -6.492e+03 9.462e+01 2.584e+01
|            ( WDBNDRY_B 0 -4.481e+03 9.507e+01 1.787e+01
|                ( - -3.702e+03 4 0 QUESTION11 1 8.102e+01 1.487e+01)
|                ( - -6.842e+02 1 0))
|            ( QUESTION5 -1 -1.916e+03 9.638e+01 7.974e+00
|                ( - -1.164e+03 1 0)
|                ( - -6.552e+02 1 0)))
|        ( WDBNDRY_B 0 -1.167e+04 1.192e+02 4.517e+01
|            ( QUESTION1 -1 -4.270e+03 8.597e+01 1.650e+01
|                ( - -3.262e+03 3 0 QUESTION11 1 1.085e+02 1.250e+01)
|                ( - -9.213e+02 1 0))
|            ( - -7.280e+03 4 0 QUESTION1 -1 8.307e+01 2.867e+01))))
s>    ( QUESTION3 -1 -2.270e+04 1.583e+02 8.901e+01
s>        ( - -4.276e+03 1 0)
s>        ( QUESTION2_7_L -1 -1.827e+04 1.077e+02 7.101e+01
s>            ( QUESTION0_3_R 1 -6.492e+03 9.462e+01 2.584e+01
s>                ( WDBNDRY_B 0 -4.481e+03 9.507e+01 1.787e+01
s>                    ( - -3.702e+03 4 0 QUESTION11 1 8.102e+01 1.487e+01)
s>                    ( - -6.842e+02 1 0))
s>                ( QUESTION5 -1 -1.916e+03 9.638e+01 7.974e+00
s>                    ( - -1.164e+03 1 0)
s>                    ( - -6.552e+02 1 0)))
s>            ( WDBNDRY_B 0 -1.167e+04 1.192e+02 4.517e+01
s>                ( QUESTION1 -1 -4.270e+03 8.597e+01 1.650e+01
s>                    ( - -3.262e+03 3 0 QUESTION11 1 1.085e+02 1.250e+01)
s>                    ( - -9.213e+02 1 0))
s>                ( - -7.280e+03 4 0 QUESTION1 -1 8.307e+01 2.867e+01))))INFO: dtree.c(1315): Comp split 20
INFO: dtree.c(1439): stop. leaf nodes are specific
INFO: dtree.c(1478): Final simple tree
|( QUESTION0_4_R 1 -3.517e+03 1.237e+02 1.487e+01
|    ( - -1.511e+03 2 0)
|    ( QUESTION0_2_R 1 -1.883e+03 7.893e+01 7.870e+00
|        ( - -7.839e+02 1 0)
|        ( WDBNDRY_E 0 -1.020e+03 8.525e+01 4.419e+00
|            ( - -7.193e+02 1 0)
|            ( - -2.157e+02 1 0))))
s>    ( QUESTION0_4_R 1 -3.517e+03 1.237e+02 1.487e+01
s>        ( - -1.511e+03 2 0)
s>        ( QUESTION0_2_R 1 -1.883e+03 7.893e+01 7.870e+00
s>            ( - -7.839e+02 1 0)
s>            ( WDBNDRY_E 0 -1.020e+03 8.525e+01 4.419e+00
s>                ( - -7.193e+02 1 0)
s>                ( - -2.157e+02 1 0))))INFO: dtree.c(1439): stop. leaf nodes are specific
INFO: dtree.c(1478): Final simple tree
|( WDBNDRY_B 0 -8.665e+03 1.236e+02 3.546e+01
|    ( - -6.410e+03 1 0)
|    ( WDBNDRY_E 0 -2.131e+03 8.673e+01 8.999e+00
|        ( - -1.398e+03 1 0)
|        ( - -6.463e+02 1 0)))
s>    ( WDBNDRY_B 0 -8.665e+03 1.236e+02 3.546e+01
s>        ( - -6.410e+03 1 0)
s>        ( WDBNDRY_E 0 -2.131e+03 8.673e+01 8.999e+00
s>            ( - -1.398e+03 1 0)
s>            ( - -6.463e+02 1 0)))INFO: dtree.c(1315): Comp split 21
INFO: dtree.c(1315): Comp split 22
INFO: dtree.c(1439): stop. leaf nodes are specific
INFO: dtree.c(1478): Final simple tree
|( QUESTION0_3_R 1 -7.060e+03 1.064e+02 2.748e+01
|    ( QUESTION11 1 -4.734e+03 9.576e+01 1.841e+01
|        ( QUESTION9 -1 -3.948e+03 1.088e+02 1.541e+01
|            ( - -9.213e+02 1 0)
|            ( WDBNDRY_B 0 -2.917e+03 8.067e+01 1.141e+01
|                ( - -2.153e+03 1 0)
|                ( - -6.842e+02 1 0)))
|        ( - -6.907e+02 1 0))
|    ( QUESTION5 -1 -2.219e+03 9.053e+01 9.068e+00
|        ( - -1.164e+03 1 0)
|        ( QUESTION1 -1 -9.646e+02 7.111e+01 4.094e+00
|            ( - -2.383e+02 1 0)
|            ( - -6.552e+02 1 0))))
s>    ( QUESTION0_3_R 1 -7.060e+03 1.064e+02 2.748e+01
s>        ( QUESTION11 1 -4.734e+03 9.576e+01 1.841e+01
s>            ( QUESTION9 -1 -3.948e+03 1.088e+02 1.541e+01
s>                ( - -9.213e+02 1 0)
s>                ( WDBNDRY_B 0 -2.917e+03 8.067e+01 1.141e+01
s>                    ( - -2.153e+03 1 0)
s>                    ( - -6.842e+02 1 0)))
s>            ( - -6.907e+02 1 0))
s>        ( QUESTION5 -1 -2.219e+03 9.053e+01 9.068e+00
s>            ( - -1.164e+03 1 0)
s>            ( QUESTION1 -1 -9.646e+02 7.111e+01 4.094e+00
s>                ( - -2.383e+02 1 0)
s>                ( - -6.552e+02 1 0))))INFO: dtree.c(1478): Final simple tree
|( QUESTION3 -1 -1.548e+04 1.389e+02 6.154e+01
|    ( - -4.276e+03 1 0)
|    ( QUESTION11 1 -1.106e+04 9.094e+01 4.354e+01
|        ( QUESTION2_6_L -1 -8.196e+03 1.020e+02 3.242e+01
|            ( - -4.251e+03 1 0)
|            ( QUESTION5 -1 -3.842e+03 9.567e+01 1.587e+01
|                ( - -1.658e+03 1 0)
|                ( WDBNDRY_B 0 -2.089e+03 7.330e+01 9.000e+00
|                    ( - -1.366e+03 1 0)
|                    ( - -6.498e+02 1 0))))
|        ( QUESTION0_3_R 1 -2.777e+03 9.221e+01 1.111e+01
|            ( QUESTION5 -1 -2.010e+03 7.743e+01 8.052e+00
|                ( - -2.168e+02 1 0)
|                ( - -1.716e+03 2 0 WDBNDRY_B 0 5.932e+01 7.052e+00))
|            ( - -6.747e+02 1 0))))
s>    ( QUESTION3 -1 -1.548e+04 1.389e+02 6.154e+01
s>        ( - -4.276e+03 1 0)
s>        ( QUESTION11 1 -1.106e+04 9.094e+01 4.354e+01
s>            ( QUESTION2_6_L -1 -8.196e+03 1.020e+02 3.242e+01
s>                ( - -4.251e+03 1 0)
s>                ( QUESTION5 -1 -3.842e+03 9.567e+01 1.587e+01
s>                    ( - -1.658e+03 1 0)
s>                    ( WDBNDRY_B 0 -2.089e+03 7.330e+01 9.000e+00
s>                        ( - -1.366e+03 1 0)
s>                        ( - -6.498e+02 1 0))))
s>            ( QUESTION0_3_R 1 -2.777e+03 9.221e+01 1.111e+01
s>                ( QUESTION5 -1 -2.010e+03 7.743e+01 8.052e+00
s>                    ( - -2.168e+02 1 0)
s>                    ( - -1.716e+03 2 0 WDBNDRY_B 0 5.932e+01 7.052e+00))
s>                ( - -6.747e+02 1 0))))INFO: dtree.c(1315): Comp split 23
INFO: dtree.c(1439): stop. leaf nodes are specific
INFO: dtree.c(1478): Final simple tree
|( WDBNDRY_B 0 -4.390e+03 1.141e+02 1.865e+01
|    ( - -1.017e+03 1 0)
|    ( - -3.259e+03 1 0))
s>    ( WDBNDRY_B 0 -4.390e+03 1.141e+02 1.865e+01
s>        ( - -1.017e+03 1 0)
s>        ( - -3.259e+03 1 0))INFO: dtree.c(1439): stop. leaf nodes are specific
INFO: dtree.c(1478): Final simple tree
|( WDBNDRY_E 0 -1.190e+04 9.522e+01 4.868e+01
|    ( - -1.154e+04 1 0)
|    ( - -2.642e+02 1 0))
s>    ( WDBNDRY_E 0 -1.190e+04 9.522e+01 4.868e+01
s>        ( - -1.154e+04 1 0)
s>        ( - -2.642e+02 1 0))INFO: dtree.c(1315): Comp split 24
INFO: dtree.c(1439): stop. leaf nodes are specific
INFO: dtree.c(1478): Final simple tree
|( QUESTION0_2_R 1 -7.672e+03 1.241e+02 3.035e+01
|    ( - -1.782e+03 1 0)
|    ( QUESTION3 1 -5.766e+03 1.016e+02 2.312e+01
|        ( - -6.547e+02 1 0)
|        ( QUESTION2_1_L -1 -5.010e+03 7.542e+01 2.012e+01
|            ( QUESTION0_9_R 1 -1.522e+03 8.517e+01 6.052e+00
|                ( - -7.447e+02 1 0)
|                ( - -6.918e+02 1 0))
|            ( - -3.413e+03 2 0))))
s>    ( QUESTION0_2_R 1 -7.672e+03 1.241e+02 3.035e+01
s>        ( - -1.782e+03 1 0)
s>        ( QUESTION3 1 -5.766e+03 1.016e+02 2.312e+01
s>            ( - -6.547e+02 1 0)
s>            ( QUESTION2_1_L -1 -5.010e+03 7.542e+01 2.012e+01
s>                ( QUESTION0_9_R 1 -1.522e+03 8.517e+01 6.052e+00
s>                    ( - -7.447e+02 1 0)
s>                    ( - -6.918e+02 1 0))
s>                ( - -3.413e+03 2 0))))INFO: dtree.c(1315): Comp split 25
INFO: dtree.c(1439): stop. leaf nodes are specific
INFO: dtree.c(1478): Final simple tree
|( QUESTION14 -1 -1.367e+04 1.389e+02 5.555e+01
|    ( - -1.094e+03 1 0)
|    ( WDBNDRY_B 0 -1.244e+04 1.037e+02 5.052e+01
|        ( QUESTION13 -1 -1.181e+04 9.023e+01 4.823e+01
|            ( - -4.588e+03 1 0)
|            ( QUESTION11 1 -7.131e+03 7.633e+01 2.860e+01
|                ( - -4.336e+02 1 0)
|                ( - -6.621e+03 4 0)))
|        ( - -5.275e+02 1 0)))
s>    ( QUESTION14 -1 -1.367e+04 1.389e+02 5.555e+01
s>        ( - -1.094e+03 1 0)
s>        ( WDBNDRY_B 0 -1.244e+04 1.037e+02 5.052e+01
s>            ( QUESTION13 -1 -1.181e+04 9.023e+01 4.823e+01
s>                ( - -4.588e+03 1 0)
s>                ( QUESTION11 1 -7.131e+03 7.633e+01 2.860e+01
s>                    ( - -4.336e+02 1 0)
s>                    ( - -6.621e+03 4 0)))
s>            ( - -5.275e+02 1 0)))INFO: dtree.c(1439): stop. leaf nodes are specific
INFO: dtree.c(1478): Final simple tree
|( QUESTION13 -1 -9.521e+03 1.270e+02 3.857e+01
|    ( - -3.093e+03 2 0)
|    ( QUESTION2_1_L -1 -6.301e+03 1.013e+02 2.558e+01
|        ( QUESTION12 1 -5.459e+03 7.706e+01 2.199e+01
|            ( - -2.232e+03 1 0)
|            ( WDBNDRY_B 0 -3.150e+03 9.315e+01 1.300e+01
|                ( - -1.651e+03 1 0)
|                ( WDBNDRY_E 0 -1.406e+03 7.362e+01 6.003e+00
|                    ( QUESTION0_12_R 1 -6.924e+02 5.021e+01 3.003e+00
|                        ( - -4.349e+02 1 0)
|                        ( - -2.073e+02 1 0))
|                    ( - -6.399e+02 1 0))))
|        ( - -7.406e+02 1 0)))
s>    ( QUESTION13 -1 -9.521e+03 1.270e+02 3.857e+01
s>        ( - -3.093e+03 2 0)
s>        ( QUESTION2_1_L -1 -6.301e+03 1.013e+02 2.558e+01
s>            ( QUESTION12 1 -5.459e+03 7.706e+01 2.199e+01
s>                ( - -2.232e+03 1 0)
s>                ( WDBNDRY_B 0 -3.150e+03 9.315e+01 1.300e+01
s>                    ( - -1.651e+03 1 0)
s>                    ( WDBNDRY_E 0 -1.406e+03 7.362e+01 6.003e+00
s>                        ( QUESTION0_12_R 1 -6.924e+02 5.021e+01 3.003e+00
s>                            ( - -4.349e+02 1 0)
s>                            ( - -2.073e+02 1 0))
s>                        ( - -6.399e+02 1 0))))
s>            ( - -7.406e+02 1 0)))INFO: dtree.c(1315): Comp split 26
INFO: dtree.c(1439): stop. leaf nodes are specific
INFO: dtree.c(1478): Final simple tree
|( WDBNDRY_B 0 -1.244e+04 1.037e+02 5.052e+01
|    ( QUESTION13 -1 -1.181e+04 9.023e+01 4.823e+01
|        ( - -4.588e+03 1 0)
|        ( QUESTION11 1 -7.131e+03 7.633e+01 2.860e+01
|            ( - -4.336e+02 1 0)
|            ( - -6.621e+03 4 0)))
|    ( - -5.275e+02 1 0))
s>    ( WDBNDRY_B 0 -1.244e+04 1.037e+02 5.052e+01
s>        ( QUESTION13 -1 -1.181e+04 9.023e+01 4.823e+01
s>            ( - -4.588e+03 1 0)
s>            ( QUESTION11 1 -7.131e+03 7.633e+01 2.860e+01
s>                ( - -4.336e+02 1 0)
s>                ( - -6.621e+03 4 0)))
s>        ( - -5.275e+02 1 0))INFO: dtree.c(1315): Comp split 27
INFO: dtree.c(1478): Final simple tree
|( QUESTION11 1 -1.106e+04 9.094e+01 4.354e+01
|    ( QUESTION2_6_L -1 -8.196e+03 1.020e+02 3.242e+01
|        ( - -4.251e+03 1 0)
|        ( QUESTION5 -1 -3.842e+03 9.567e+01 1.587e+01
|            ( - -1.658e+03 1 0)
|            ( WDBNDRY_B 0 -2.089e+03 7.330e+01 9.000e+00
|                ( - -1.366e+03 1 0)
|                ( - -6.498e+02 1 0))))
|    ( QUESTION0_3_R 1 -2.777e+03 9.221e+01 1.111e+01
|        ( QUESTION5 -1 -2.010e+03 7.743e+01 8.052e+00
|            ( - -2.168e+02 1 0)
|            ( WDBNDRY_B 0 -1.716e+03 5.932e+01 7.052e+00
|                ( - -2.184e+02 1 0)
|                ( - -1.438e+03 1 0)))
|        ( - -6.747e+02 1 0)))
s>    ( QUESTION11 1 -1.106e+04 9.094e+01 4.354e+01
s>        ( QUESTION2_6_L -1 -8.196e+03 1.020e+02 3.242e+01
s>            ( - -4.251e+03 1 0)
s>            ( QUESTION5 -1 -3.842e+03 9.567e+01 1.587e+01
s>                ( - -1.658e+03 1 0)
s>                ( WDBNDRY_B 0 -2.089e+03 7.330e+01 9.000e+00
s>                    ( - -1.366e+03 1 0)
s>                    ( - -6.498e+02 1 0))))
s>        ( QUESTION0_3_R 1 -2.777e+03 9.221e+01 1.111e+01
s>            ( QUESTION5 -1 -2.010e+03 7.743e+01 8.052e+00
s>                ( - -2.168e+02 1 0)
s>                ( WDBNDRY_B 0 -1.716e+03 5.932e+01 7.052e+00
s>                    ( - -2.184e+02 1 0)
s>                    ( - -1.438e+03 1 0)))
s>            ( - -6.747e+02 1 0)))INFO: dtree.c(1315): Comp split 28
INFO: dtree.c(1439): stop. leaf nodes are specific
INFO: dtree.c(1478): Final simple tree
|( WDBNDRY_B 0 -1.456e+04 1.177e+02 5.990e+01
|    ( QUESTION13 -1 -2.822e+03 7.941e+01 1.191e+01
|        ( - -1.636e+03 1 0)
|        ( - -1.107e+03 1 0))
|    ( QUESTION0_2_R 1 -1.162e+04 8.421e+01 4.799e+01
|        ( - -2.852e+03 1 0)
|        ( QUESTION0_20_R 1 -8.686e+03 7.682e+01 3.599e+01
|            ( WDBNDRY_E 0 -8.155e+03 1.023e+02 3.399e+01
|                ( - -6.288e+02 1 0)
|                ( - -7.424e+03 2 0))
|            ( - -4.548e+02 1 0))))
s>    ( WDBNDRY_B 0 -1.456e+04 1.177e+02 5.990e+01
s>        ( QUESTION13 -1 -2.822e+03 7.941e+01 1.191e+01
s>            ( - -1.636e+03 1 0)
s>            ( - -1.107e+03 1 0))
s>        ( QUESTION0_2_R 1 -1.162e+04 8.421e+01 4.799e+01
s>            ( - -2.852e+03 1 0)
s>            ( QUESTION0_20_R 1 -8.686e+03 7.682e+01 3.599e+01
s>                ( WDBNDRY_E 0 -8.155e+03 1.023e+02 3.399e+01
s>                    ( - -6.288e+02 1 0)
s>                    ( - -7.424e+03 2 0))
s>                ( - -4.548e+02 1 0))))INFO: dtree.c(1315): Comp split 29
INFO: dtree.c(1439): stop. leaf nodes are specific
INFO: dtree.c(1478): Final simple tree
|( QUESTION0_3_R 1 -5.235e+03 9.818e+01 2.048e+01
|    ( WDBNDRY_B 0 -2.917e+03 8.067e+01 1.141e+01
|        ( - -2.153e+03 1 0)
|        ( - -6.842e+02 1 0))
|    ( QUESTION5 -1 -2.219e+03 9.053e+01 9.068e+00
|        ( - -1.164e+03 1 0)
|        ( QUESTION1 -1 -9.646e+02 7.111e+01 4.094e+00
|            ( - -2.383e+02 1 0)
|            ( - -6.552e+02 1 0))))
s>    ( QUESTION0_3_R 1 -5.235e+03 9.818e+01 2.048e+01
s>        ( WDBNDRY_B 0 -2.917e+03 8.067e+01 1.141e+01
s>            ( - -2.153e+03 1 0)
s>            ( - -6.842e+02 1 0))
s>        ( QUESTION5 -1 -2.219e+03 9.053e+01 9.068e+00
s>            ( - -1.164e+03 1 0)
s>            ( QUESTION1 -1 -9.646e+02 7.111e+01 4.094e+00
s>                ( - -2.383e+02 1 0)
s>                ( - -6.552e+02 1 0))))INFO: dtree.c(1439): stop. leaf nodes are specific
INFO: dtree.c(1478): Final simple tree
|( QUESTION1 -1 -1.691e+03 7.862e+01 6.997e+00
|    ( - -6.907e+02 1 0)
|    ( - -9.213e+02 1 0))
s>    ( QUESTION1 -1 -1.691e+03 7.862e+01 6.997e+00
s>        ( - -6.907e+02 1 0)
s>        ( - -9.213e+02 1 0))INFO: dtree.c(1315): Comp split 30
INFO: dtree.c(1439): stop. leaf nodes are specific
INFO: dtree.c(1478): Final simple tree
|( QUESTION2_6_L -1 -3.413e+03 1.265e+02 1.500e+01
|    ( - -1.534e+03 1 0)
|    ( - -1.753e+03 1 0))
s>    ( QUESTION2_6_L -1 -3.413e+03 1.265e+02 1.500e+01
s>        ( - -1.534e+03 1 0)
s>        ( - -1.753e+03 1 0))INFO: dtree.c(1439): stop. leaf nodes are specific
INFO: dtree.c(1478): Final simple tree
|( QUESTION0_3_R 1 -7.814e+03 1.045e+02 3.268e+01
|    ( - -2.791e+03 1 0)
|    ( - -4.919e+03 1 0))
s>    ( QUESTION0_3_R 1 -7.814e+03 1.045e+02 3.268e+01
s>        ( - -2.791e+03 1 0)
s>        ( - -4.919e+03 1 0))INFO: dtree.c(1315): Comp split 31
INFO: dtree.c(1439): stop. leaf nodes are specific
INFO: dtree.c(1478): Final simple tree
|( QUESTION2_1_L -1 -6.301e+03 1.013e+02 2.558e+01
|    ( QUESTION12 1 -5.459e+03 7.706e+01 2.199e+01
|        ( - -2.232e+03 1 0)
|        ( WDBNDRY_B 0 -3.150e+03 9.315e+01 1.300e+01
|            ( - -1.651e+03 1 0)
|            ( WDBNDRY_E 0 -1.406e+03 7.362e+01 6.003e+00
|                ( QUESTION0_12_R 1 -6.924e+02 5.021e+01 3.003e+00
|                    ( - -4.349e+02 1 0)
|                    ( - -2.073e+02 1 0))
|                ( - -6.399e+02 1 0))))
|    ( - -7.406e+02 1 0))
s>    ( QUESTION2_1_L -1 -6.301e+03 1.013e+02 2.558e+01
s>        ( QUESTION12 1 -5.459e+03 7.706e+01 2.199e+01
s>            ( - -2.232e+03 1 0)
s>            ( WDBNDRY_B 0 -3.150e+03 9.315e+01 1.300e+01
s>                ( - -1.651e+03 1 0)
s>                ( WDBNDRY_E 0 -1.406e+03 7.362e+01 6.003e+00
s>                    ( QUESTION0_12_R 1 -6.924e+02 5.021e+01 3.003e+00
s>                        ( - -4.349e+02 1 0)
s>                        ( - -2.073e+02 1 0))
s>                    ( - -6.399e+02 1 0))))
s>        ( - -7.406e+02 1 0))INFO: dtree.c(1315): Comp split 32
INFO: dtree.c(1439): stop. leaf nodes are specific
INFO: dtree.c(1478): Final simple tree
|( WDBNDRY_E 0 -1.070e+03 7.044e+01 4.451e+00
|    ( - -7.839e+02 1 0)
|    ( - -2.157e+02 1 0))
s>    ( WDBNDRY_E 0 -1.070e+03 7.044e+01 4.451e+00
s>        ( - -7.839e+02 1 0)
s>        ( - -2.157e+02 1 0))INFO: dtree.c(1439): stop. leaf nodes are specific
INFO: dtree.c(1478): Final simple tree
|( QUESTION0_2_R 1 -2.320e+03 9.063e+01 1.042e+01
|    ( - -1.511e+03 2 0)
|    ( - -7.193e+02 1 0))
s>    ( QUESTION0_2_R 1 -2.320e+03 9.063e+01 1.042e+01
s>        ( - -1.511e+03 2 0)
s>        ( - -7.193e+02 1 0))INFO: dtree.c(1315): Comp split 33
INFO: dtree.c(1315): Comp split 34
INFO: dtree.c(1439): stop. leaf nodes are specific
INFO: dtree.c(1478): Final simple tree
|( WDBNDRY_B 0 -9.634e+03 1.008e+02 4.037e+01
|    ( - -2.085e+03 2 0)
|    ( QUESTION0_3_R 1 -7.448e+03 8.757e+01 3.139e+01
|        ( - -1.983e+03 1 0)
|        ( - -5.377e+03 1 0)))
s>    ( WDBNDRY_B 0 -9.634e+03 1.008e+02 4.037e+01
s>        ( - -2.085e+03 2 0)
s>        ( QUESTION0_3_R 1 -7.448e+03 8.757e+01 3.139e+01
s>            ( - -1.983e+03 1 0)
s>            ( - -5.377e+03 1 0)))INFO: dtree.c(1315): Comp split 35
INFO: dtree.c(1439): stop. leaf nodes are specific
INFO: dtree.c(1478): Final simple tree
|( QUESTION3 1 -5.766e+03 1.016e+02 2.312e+01
|    ( - -6.547e+02 1 0)
|    ( QUESTION2_1_L -1 -5.010e+03 7.542e+01 2.012e+01
|        ( QUESTION0_9_R 1 -1.522e+03 8.517e+01 6.052e+00
|            ( - -7.447e+02 1 0)
|            ( - -6.918e+02 1 0))
|        ( - -3.413e+03 2 0)))
s>    ( QUESTION3 1 -5.766e+03 1.016e+02 2.312e+01
s>        ( - -6.547e+02 1 0)
s>        ( QUESTION2_1_L -1 -5.010e+03 7.542e+01 2.012e+01
s>            ( QUESTION0_9_R 1 -1.522e+03 8.517e+01 6.052e+00
s>                ( - -7.447e+02 1 0)
s>                ( - -6.918e+02 1 0))
s>            ( - -3.413e+03 2 0)))INFO: dtree.c(1315): Comp split 36
INFO: dtree.c(1439): stop. leaf nodes are specific
INFO: dtree.c(1478): Final simple tree
|( WDBNDRY_E 0 -2.131e+03 8.673e+01 8.999e+00
|    ( - -1.398e+03 1 0)
|    ( - -6.463e+02 1 0))
s>    ( WDBNDRY_E 0 -2.131e+03 8.673e+01 8.999e+00
s>        ( - -1.398e+03 1 0)
s>        ( - -6.463e+02 1 0))INFO: dtree.c(1315): Comp split 37
INFO: dtree.c(1439): stop. leaf nodes are specific
INFO: dtree.c(1478): Final simple tree
|( WDBNDRY_B 0 -2.089e+03 7.330e+01 9.000e+00
|    ( - -1.366e+03 1 0)
|    ( - -6.498e+02 1 0))
s>    ( WDBNDRY_B 0 -2.089e+03 7.330e+01 9.000e+00
s>        ( - -1.366e+03 1 0)
s>        ( - -6.498e+02 1 0))INFO: dtree.c(1439): stop. leaf nodes are specific
INFO: dtree.c(1478): Final simple tree
|( QUESTION11 1 -8.851e+03 8.663e+01 3.454e+01
|    ( WDBNDRY_B 0 -5.988e+03 7.892e+01 2.342e+01
|        ( - -1.658e+03 1 0)
|        ( - -4.251e+03 1 0))
|    ( QUESTION0_3_R 1 -2.777e+03 9.221e+01 1.111e+01
|        ( QUESTION5 -1 -2.010e+03 7.743e+01 8.052e+00
|            ( - -2.168e+02 1 0)
|            ( WDBNDRY_B 0 -1.716e+03 5.932e+01 7.052e+00
|                ( - -2.184e+02 1 0)
|                ( - -1.438e+03 1 0)))
|        ( - -6.747e+02 1 0)))
s>    ( QUESTION11 1 -8.851e+03 8.663e+01 3.454e+01
s>        ( WDBNDRY_B 0 -5.988e+03 7.892e+01 2.342e+01
s>            ( - -1.658e+03 1 0)
s>            ( - -4.251e+03 1 0))
s>        ( QUESTION0_3_R 1 -2.777e+03 9.221e+01 1.111e+01
s>            ( QUESTION5 -1 -2.010e+03 7.743e+01 8.052e+00
s>                ( - -2.168e+02 1 0)
s>                ( WDBNDRY_B 0 -1.716e+03 5.932e+01 7.052e+00
s>                    ( - -2.184e+02 1 0)
s>                    ( - -1.438e+03 1 0)))
s>            ( - -6.747e+02 1 0)))INFO: dtree.c(1315): Comp split 38
INFO: dtree.c(1315): Comp split 39
INFO: dtree.c(1439): stop. leaf nodes are specific
INFO: dtree.c(1478): Final simple tree
|( QUESTION0_2_R 1 -1.162e+04 8.421e+01 4.799e+01
|    ( - -2.852e+03 1 0)
|    ( QUESTION0_20_R 1 -8.686e+03 7.682e+01 3.599e+01
|        ( WDBNDRY_E 0 -8.155e+03 1.023e+02 3.399e+01
|            ( - -6.288e+02 1 0)
|            ( - -7.424e+03 2 0))
|        ( - -4.548e+02 1 0)))
s>    ( QUESTION0_2_R 1 -1.162e+04 8.421e+01 4.799e+01
s>        ( - -2.852e+03 1 0)
s>        ( QUESTION0_20_R 1 -8.686e+03 7.682e+01 3.599e+01
s>            ( WDBNDRY_E 0 -8.155e+03 1.023e+02 3.399e+01
s>                ( - -6.288e+02 1 0)
s>                ( - -7.424e+03 2 0))
s>            ( - -4.548e+02 1 0)))INFO: dtree.c(1439): stop. leaf nodes are specific
INFO: dtree.c(1478): Final simple tree
|( QUESTION13 -1 -2.822e+03 7.941e+01 1.191e+01
|    ( - -1.636e+03 1 0)
|    ( - -1.107e+03 1 0))
s>    ( QUESTION13 -1 -2.822e+03 7.941e+01 1.191e+01
s>        ( - -1.636e+03 1 0)
s>        ( - -1.107e+03 1 0))INFO: dtree.c(1315): Comp split 40
INFO: dtree.c(1315): Comp split 41
INFO: dtree.c(1439): stop. leaf nodes are specific
INFO: dtree.c(1478): Final simple tree
|( QUESTION11 1 -9.597e+03 5.791e+01 4.047e+01
|    ( - -9.326e+03 1 0)
|    ( - -2.138e+02 1 0))
s>    ( QUESTION11 1 -9.597e+03 5.791e+01 4.047e+01
s>        ( - -9.326e+03 1 0)
s>        ( - -2.138e+02 1 0))INFO: dtree.c(1315): Comp split 42
INFO: dtree.c(1439): stop. leaf nodes are specific
INFO: dtree.c(1478): Final simple tree
|( QUESTION12 1 -1.972e+03 8.787e+01 8.590e+00
|    ( - -7.406e+02 1 0)
|    ( WDBNDRY_E 0 -1.144e+03 6.894e+01 5.000e+00
|        ( - -4.349e+02 1 0)
|        ( - -6.399e+02 1 0)))
s>    ( QUESTION12 1 -1.972e+03 8.787e+01 8.590e+00
s>        ( - -7.406e+02 1 0)
s>        ( WDBNDRY_E 0 -1.144e+03 6.894e+01 5.000e+00
s>            ( - -4.349e+02 1 0)
s>            ( - -6.399e+02 1 0)))INFO: dtree.c(1439): stop. leaf nodes are specific
INFO: dtree.c(1478): Final simple tree
|( WDBNDRY_B 0 -4.216e+03 7.154e+01 1.699e+01
|    ( - -1.651e+03 1 0)
|    ( WDBNDRY_E 0 -2.493e+03 5.415e+01 9.986e+00
|        ( - -2.073e+02 1 0)
|        ( - -2.232e+03 1 0)))
s>    ( WDBNDRY_B 0 -4.216e+03 7.154e+01 1.699e+01
s>        ( - -1.651e+03 1 0)
s>        ( WDBNDRY_E 0 -2.493e+03 5.415e+01 9.986e+00
s>            ( - -2.073e+02 1 0)
s>            ( - -2.232e+03 1 0)))INFO: dtree.c(1315): Comp split 43
INFO: dtree.c(1439): stop. leaf nodes are specific
INFO: dtree.c(1478): Final simple tree
|( QUESTION9 -1 -3.961e+03 9.095e+01 1.550e+01
|    ( - -6.552e+02 1 0)
|    ( WDBNDRY_B 0 -3.215e+03 7.516e+01 1.250e+01
|        ( QUESTION0_3_R 1 -2.456e+03 6.513e+01 9.504e+00
|            ( - -2.153e+03 1 0)
|            ( - -2.383e+02 1 0))
|        ( - -6.842e+02 1 0)))
s>    ( QUESTION9 -1 -3.961e+03 9.095e+01 1.550e+01
s>        ( - -6.552e+02 1 0)
s>        ( WDBNDRY_B 0 -3.215e+03 7.516e+01 1.250e+01
s>            ( QUESTION0_3_R 1 -2.456e+03 6.513e+01 9.504e+00
s>                ( - -2.153e+03 1 0)
s>                ( - -2.383e+02 1 0))
s>            ( - -6.842e+02 1 0)))INFO: dtree.c(1315): Comp split 44
INFO: dtree.c(1439): stop. leaf nodes are specific
INFO: dtree.c(1478): Final simple tree
|( WDBNDRY_B 0 -1.735e+03 8.001e+01 7.052e+00
|    ( - -2.168e+02 1 0)
|    ( - -1.438e+03 1 0))
s>    ( WDBNDRY_B 0 -1.735e+03 8.001e+01 7.052e+00
s>        ( - -2.168e+02 1 0)
s>        ( - -1.438e+03 1 0))INFO: dtree.c(1439): stop. leaf nodes are specific
INFO: dtree.c(1478): Final simple tree
|( QUESTION9 -1 -7.008e+03 8.050e+01 2.749e+01
|    ( WDBNDRY_B 0 -4.519e+03 4.944e+01 1.756e+01
|        ( - -2.184e+02 1 0)
|        ( - -4.251e+03 1 0))
|    ( WDBNDRY_B 0 -2.409e+03 7.652e+01 9.926e+00
|        ( - -1.658e+03 1 0)
|        ( - -6.747e+02 1 0)))
s>    ( QUESTION9 -1 -7.008e+03 8.050e+01 2.749e+01
s>        ( WDBNDRY_B 0 -4.519e+03 4.944e+01 1.756e+01
s>            ( - -2.184e+02 1 0)
s>            ( - -4.251e+03 1 0))
s>        ( WDBNDRY_B 0 -2.409e+03 7.652e+01 9.926e+00
s>            ( - -1.658e+03 1 0)
s>            ( - -6.747e+02 1 0)))INFO: dtree.c(1315): Comp split 45
INFO: dtree.c(1439): stop. leaf nodes are specific
INFO: dtree.c(1478): Final simple tree
|( WDBNDRY_B 0 -4.150e+03 8.150e+01 1.740e+01
|    ( - -2.085e+03 2 0)
|    ( - -1.983e+03 1 0))
s>    ( WDBNDRY_B 0 -4.150e+03 8.150e+01 1.740e+01
s>        ( - -2.085e+03 2 0)
s>        ( - -1.983e+03 1 0))INFO: dtree.c(1315): Comp split 46
INFO: dtree.c(1315): Comp split 47
INFO: dtree.c(1439): stop. leaf nodes are specific
INFO: dtree.c(1478): Final simple tree
|( QUESTION13 -1 -1.181e+04 9.023e+01 4.823e+01
|    ( - -4.588e+03 1 0)
|    ( QUESTION11 1 -7.131e+03 7.633e+01 2.860e+01
|        ( - -4.336e+02 1 0)
|        ( - -6.621e+03 4 0)))
s>    ( QUESTION13 -1 -1.181e+04 9.023e+01 4.823e+01
s>        ( - -4.588e+03 1 0)
s>        ( QUESTION11 1 -7.131e+03 7.633e+01 2.860e+01
s>            ( - -4.336e+02 1 0)
s>            ( - -6.621e+03 4 0)))INFO: dtree.c(1315): Comp split 48
INFO: dtree.c(1439): stop. leaf nodes are specific
INFO: dtree.c(1478): Final simple tree
|( QUESTION2_1_L -1 -5.010e+03 7.542e+01 2.012e+01
|    ( QUESTION0_9_R 1 -1.522e+03 8.517e+01 6.052e+00
|        ( - -7.447e+02 1 0)
|        ( - -6.918e+02 1 0))
|    ( - -3.413e+03 2 0))
s>    ( QUESTION2_1_L -1 -5.010e+03 7.542e+01 2.012e+01
s>        ( QUESTION0_9_R 1 -1.522e+03 8.517e+01 6.052e+00
s>            ( - -7.447e+02 1 0)
s>            ( - -6.918e+02 1 0))
s>        ( - -3.413e+03 2 0))INFO: dtree.c(1315): Comp split 49
INFO: dtree.c(1439): stop. leaf nodes are specific
INFO: dtree.c(1478): Final simple tree
|( QUESTION0_2_R 1 -1.089e+04 8.499e+01 4.499e+01
|    ( - -2.852e+03 1 0)
|    ( WDBNDRY_E 0 -7.956e+03 7.728e+01 3.299e+01
|        ( - -4.548e+02 1 0)
|        ( - -7.424e+03 2 0)))
s>    ( QUESTION0_2_R 1 -1.089e+04 8.499e+01 4.499e+01
s>        ( - -2.852e+03 1 0)
s>        ( WDBNDRY_E 0 -7.956e+03 7.728e+01 3.299e+01
s>            ( - -4.548e+02 1 0)
s>            ( - -7.424e+03 2 0)))INFO: dtree.c(1315): Comp split 50
INFO: dtree.c(1315): Comp split 51
INFO: dtree.c(1439): stop. leaf nodes are specific
INFO: dtree.c(1478): Final simple tree
|( WDBNDRY_B 0 -3.215e+03 7.516e+01 1.250e+01
|    ( QUESTION0_3_R 1 -2.456e+03 6.513e+01 9.504e+00
|        ( - -2.153e+03 1 0)
|        ( - -2.383e+02 1 0))
|    ( - -6.842e+02 1 0))
s>    ( WDBNDRY_B 0 -3.215e+03 7.516e+01 1.250e+01
s>        ( QUESTION0_3_R 1 -2.456e+03 6.513e+01 9.504e+00
s>            ( - -2.153e+03 1 0)
s>            ( - -2.383e+02 1 0))
s>        ( - -6.842e+02 1 0))INFO: dtree.c(1315): Comp split 52
INFO: dtree.c(1315): Comp split 53
INFO: dtree.c(1439): stop. leaf nodes are specific
INFO: dtree.c(1478): Final simple tree
|( QUESTION11 1 -7.131e+03 7.633e+01 2.860e+01
|    ( - -4.336e+02 1 0)
|    ( - -6.621e+03 4 0))
s>    ( QUESTION11 1 -7.131e+03 7.633e+01 2.860e+01
s>        ( - -4.336e+02 1 0)
s>        ( - -6.621e+03 4 0))INFO: dtree.c(1315): Comp split 54
INFO: dtree.c(1439): stop. leaf nodes are specific
INFO: dtree.c(1478): Final simple tree
|( WDBNDRY_E 0 -1.144e+03 6.894e+01 5.000e+00
|    ( - -4.349e+02 1 0)
|    ( - -6.399e+02 1 0))
s>    ( WDBNDRY_E 0 -1.144e+03 6.894e+01 5.000e+00
s>        ( - -4.349e+02 1 0)
s>        ( - -6.399e+02 1 0))INFO: dtree.c(1315): Comp split 55
INFO: dtree.c(1439): stop. leaf nodes are specific
INFO: dtree.c(1478): Final simple tree
|( WDBNDRY_B 0 -9.759e+02 5.339e+01 4.094e+00
|    ( - -2.383e+02 1 0)
|    ( - -6.842e+02 1 0))
s>    ( WDBNDRY_B 0 -9.759e+02 5.339e+01 4.094e+00
s>        ( - -2.383e+02 1 0)
s>        ( - -6.842e+02 1 0))INFO: dtree.c(1315): Comp split 56
INFO: dtree.c(1315): Comp split 57
INFO: dtree.c(1439): stop. leaf nodes are specific
INFO: dtree.c(1478): Final simple tree
|( QUESTION0_9_R 1 -4.233e+03 7.543e+01 1.711e+01
|    ( - -7.447e+02 1 0)
|    ( - -3.413e+03 2 0))
s>    ( QUESTION0_9_R 1 -4.233e+03 7.543e+01 1.711e+01
s>        ( - -7.447e+02 1 0)
s>        ( - -3.413e+03 2 0))INFO: dtree.c(1315): Comp split 58
INFO: dtree.c(1439): stop. leaf nodes are specific
INFO: dtree.c(1478): Final simple tree
|( WDBNDRY_E 0 -7.956e+03 7.728e+01 3.299e+01
|    ( - -4.548e+02 1 0)
|    ( - -7.424e+03 2 0))
s>    ( WDBNDRY_E 0 -7.956e+03 7.728e+01 3.299e+01
s>        ( - -4.548e+02 1 0)
s>        ( - -7.424e+03 2 0))INFO: dtree.c(1315): Comp split 59
INFO: dtree.c(1315): Comp split 60
INFO: dtree.c(1439): stop. leaf nodes are specific
INFO: dtree.c(1478): Final simple tree
|( WDBNDRY_B 0 -2.409e+03 7.652e+01 9.926e+00
|    ( - -1.658e+03 1 0)
|    ( - -6.747e+02 1 0))
s>    ( WDBNDRY_B 0 -2.409e+03 7.652e+01 9.926e+00
s>        ( - -1.658e+03 1 0)
s>        ( - -6.747e+02 1 0))INFO: dtree.c(1439): stop. leaf nodes are specific
INFO: dtree.c(1478): Final simple tree
|( WDBNDRY_B 0 -4.519e+03 4.944e+01 1.756e+01
|    ( - -2.184e+02 1 0)
|    ( - -4.251e+03 1 0))
s>    ( WDBNDRY_B 0 -4.519e+03 4.944e+01 1.756e+01
s>        ( - -2.184e+02 1 0)
s>        ( - -4.251e+03 1 0))INFO: dtree.c(1315): Comp split 61
INFO: dtree.c(1315): Comp split 62
INFO: dtree.c(1315): Comp split 63
INFO: dtree.c(1315): Comp split 64
INFO: dtree.c(1315): Comp split 65
INFO: dtree.c(1315): Comp split 66
INFO: dtree.c(1315): Comp split 67
INFO: dtree.c(1315): Comp split 68
INFO: dtree.c(1315): Comp split 69
INFO: dtree.c(1315): Comp split 70
INFO: dtree.c(1439): stop. leaf nodes are specific
INFO: dtree.c(1478): Final simple tree
|( WDBNDRY_E 0 -2.493e+03 5.415e+01 9.986e+00
|    ( - -2.073e+02 1 0)
|    ( - -2.232e+03 1 0))
s>    ( WDBNDRY_E 0 -2.493e+03 5.415e+01 9.986e+00
s>        ( - -2.073e+02 1 0)
s>        ( - -2.232e+03 1 0))INFO: dtree.c(1315): Comp split 71
INFO: dtree.c(1315): Comp split 72
INFO: dtree.c(1315): Comp split 73
INFO: dtree.c(1315): Comp split 74
INFO: dtree.c(1315): Comp split 75
INFO: dtree.c(1315): Comp split 76
INFO: dtree.c(1315): Comp split 77
INFO: dtree.c(1318): stop. leaf nodes are specific
Thu May  7 00:23:25 2020
