Current configuration:
[NAME]		[DEFLT]	[VALUE]
-allphones	no	no
-cntthresh	0.00001	1.000000e-05
-csplitmax	100	2000
-csplitmin	1	1
-csplitthr	8e-4	0.000000e+00
-example	no	no
-fullvar	no	no
-help		no	no
-meanfn			/home/abdy/Desktop/diploma/kg/model_parameters/kg.cd_cont_untied/means
-mixwfn			/home/abdy/Desktop/diploma/kg/model_parameters/kg.cd_cont_untied/mixture_weights
-moddeffn		/home/abdy/Desktop/diploma/kg/model_architecture/kg.untied.mdef
-mwfloor	1e-4	1.000000e-08
-phone			t0
-psetfn			/home/abdy/Desktop/diploma/kg/model_architecture/kg.tree_questions
-ssplitmax	5	7
-ssplitmin	1	1
-ssplitthr	8e-4	0.000000e+00
-state			0
-stwt			1.0,0.05,0.0,
-treefn			/home/abdy/Desktop/diploma/kg/trees/kg.unpruned/t0-0.dtree
-ts2cbfn	.semi.	.cont.
-varfloor	0.00001	1.000000e-05
-varfn			/home/abdy/Desktop/diploma/kg/model_parameters/kg.cd_cont_untied/variances

INFO: main.c(223): Reading: /home/abdy/Desktop/diploma/kg/model_architecture/kg.untied.mdef
INFO: model_def_io.c(573): Model definition info:
INFO: model_def_io.c(574): 10297 total models defined (47 base, 10250 tri)
INFO: model_def_io.c(575): 41188 total states
INFO: model_def_io.c(576): 30891 total tied states
INFO: model_def_io.c(577): 141 total tied CI states
INFO: model_def_io.c(578): 47 total tied transition matrices
INFO: model_def_io.c(579): 4 max state/model
INFO: model_def_io.c(580): 4 min state/model
INFO: main.c(242): Building trees for [t0 a a i] through [t0 y y i]
INFO: main.c(269): Covering states |[24957 25109]| == 153
INFO: main.c(275): Reading: /home/abdy/Desktop/diploma/kg/model_parameters/kg.cd_cont_untied/mixture_weights
INFO: s3mixw_io.c(173): Read /home/abdy/Desktop/diploma/kg/model_parameters/kg.cd_cont_untied/mixture_weights [153x1x1 array]
INFO: main.c(311): 16 of 51 models have observation count greater than 0.000010
INFO: main.c(95): nrm stwt: 0.952 0.048 0.000 
INFO: s3gau_io.c(169): Read /home/abdy/Desktop/diploma/kg/model_parameters/kg.cd_cont_untied/means [30891x1x1 array]
INFO: s3gau_io.c(169): Read /home/abdy/Desktop/diploma/kg/model_parameters/kg.cd_cont_untied/variances [30891x1x1 array]
INFO: main.c(549): Reading: /home/abdy/Desktop/diploma/kg/model_architecture/kg.tree_questions
INFO: main.c(588): 174 total simple questions (166 phone; 8 word bndry)
INFO: main.c(590): 40 Left Only questions, and 42 Right Only questions
INFO: dtree.c(1478): Final simple tree
|( QUESTION12 -1 -3.380e+04 3.204e+02 1.438e+02
|    ( QUESTION14 -1 -1.766e+04 2.590e+02 7.632e+01
|        ( - -1.674e+03 1 0)
|        ( QUESTION2_3_L -1 -1.573e+04 1.866e+02 6.732e+01
|            ( - -3.022e+03 1 0)
|            ( QUESTION0_6_R 1 -1.252e+04 1.565e+02 5.330e+01
|                ( - -4.005e+03 1 0)
|                ( QUESTION11 1 -8.357e+03 1.312e+02 3.609e+01
|                    ( - -2.936e+03 2 0 QUESTION13 -1 3.072e+02 1.300e+01)
|                    ( - -5.290e+03 6 0 QUESTION13 -1 8.829e+01 2.309e+01)))))
|    ( QUESTION11 1 -1.582e+04 1.702e+02 6.746e+01
|        ( QUESTION0 -1 -1.013e+04 1.554e+02 4.300e+01
|            ( - -9.848e+02 1 0)
|            ( - -8.988e+03 1 0))
|        ( - -5.526e+03 3 0 QUESTION0_3_R 1 9.391e+01 2.446e+01)))
s>    ( QUESTION12 -1 -3.380e+04 3.204e+02 1.438e+02
s>        ( QUESTION14 -1 -1.766e+04 2.590e+02 7.632e+01
s>            ( - -1.674e+03 1 0)
s>            ( QUESTION2_3_L -1 -1.573e+04 1.866e+02 6.732e+01
s>                ( - -3.022e+03 1 0)
s>                ( QUESTION0_6_R 1 -1.252e+04 1.565e+02 5.330e+01
s>                    ( - -4.005e+03 1 0)
s>                    ( QUESTION11 1 -8.357e+03 1.312e+02 3.609e+01
s>                        ( - -2.936e+03 2 0 QUESTION13 -1 3.072e+02 1.300e+01)
s>                        ( - -5.290e+03 6 0 QUESTION13 -1 8.829e+01 2.309e+01)))))
s>        ( QUESTION11 1 -1.582e+04 1.702e+02 6.746e+01
s>            ( QUESTION0 -1 -1.013e+04 1.554e+02 4.300e+01
s>                ( - -9.848e+02 1 0)
s>                ( - -8.988e+03 1 0))
s>            ( - -5.526e+03 3 0 QUESTION0_3_R 1 9.391e+01 2.446e+01)))INFO: dtree.c(1315): Comp split 0
INFO: dtree.c(1478): Final simple tree
|( QUESTION14 -1 -1.766e+04 2.590e+02 7.632e+01
|    ( - -1.674e+03 1 0)
|    ( QUESTION2_3_L -1 -1.573e+04 1.866e+02 6.732e+01
|        ( - -3.022e+03 1 0)
|        ( QUESTION0_6_R 1 -1.252e+04 1.565e+02 5.330e+01
|            ( - -4.005e+03 1 0)
|            ( QUESTION11 1 -8.357e+03 1.312e+02 3.609e+01
|                ( QUESTION13 -1 -2.936e+03 3.072e+02 1.300e+01
|                    ( - -9.950e+02 1 0)
|                    ( - -1.634e+03 1 0))
|                ( QUESTION13 -1 -5.290e+03 8.829e+01 2.309e+01
|                    ( - -6.638e+02 1 0)
|                    ( QUESTION0_5_R 1 -4.538e+03 8.529e+01 1.991e+01
|                        ( - -2.904e+03 2 0)
|                        ( - -1.549e+03 3 0 QUESTION2_1_L -1 7.784e+01 6.707e+00)))))))
s>    ( QUESTION14 -1 -1.766e+04 2.590e+02 7.632e+01
s>        ( - -1.674e+03 1 0)
s>        ( QUESTION2_3_L -1 -1.573e+04 1.866e+02 6.732e+01
s>            ( - -3.022e+03 1 0)
s>            ( QUESTION0_6_R 1 -1.252e+04 1.565e+02 5.330e+01
s>                ( - -4.005e+03 1 0)
s>                ( QUESTION11 1 -8.357e+03 1.312e+02 3.609e+01
s>                    ( QUESTION13 -1 -2.936e+03 3.072e+02 1.300e+01
s>                        ( - -9.950e+02 1 0)
s>                        ( - -1.634e+03 1 0))
s>                    ( QUESTION13 -1 -5.290e+03 8.829e+01 2.309e+01
s>                        ( - -6.638e+02 1 0)
s>                        ( QUESTION0_5_R 1 -4.538e+03 8.529e+01 1.991e+01
s>                            ( - -2.904e+03 2 0)
s>                            ( - -1.549e+03 3 0 QUESTION2_1_L -1 7.784e+01 6.707e+00)))))))INFO: dtree.c(1439): stop. leaf nodes are specific
INFO: dtree.c(1478): Final simple tree
|( QUESTION11 1 -1.582e+04 1.702e+02 6.746e+01
|    ( QUESTION0 -1 -1.013e+04 1.554e+02 4.300e+01
|        ( - -9.848e+02 1 0)
|        ( - -8.988e+03 1 0))
|    ( QUESTION0_3_R 1 -5.526e+03 9.391e+01 2.446e+01
|        ( - -3.266e+03 1 0)
|        ( QUESTION0_5_R 1 -2.166e+03 8.150e+01 9.469e+00
|            ( - -6.609e+02 1 0)
|            ( - -1.424e+03 1 0))))
s>    ( QUESTION11 1 -1.582e+04 1.702e+02 6.746e+01
s>        ( QUESTION0 -1 -1.013e+04 1.554e+02 4.300e+01
s>            ( - -9.848e+02 1 0)
s>            ( - -8.988e+03 1 0))
s>        ( QUESTION0_3_R 1 -5.526e+03 9.391e+01 2.446e+01
s>            ( - -3.266e+03 1 0)
s>            ( QUESTION0_5_R 1 -2.166e+03 8.150e+01 9.469e+00
s>                ( - -6.609e+02 1 0)
s>                ( - -1.424e+03 1 0))))INFO: dtree.c(1315): Comp split 1
INFO: dtree.c(1478): Final simple tree
|( QUESTION14 -1 -1.575e+04 2.557e+02 6.832e+01
|    ( - -1.674e+03 1 0)
|    ( QUESTION2_3_L -1 -1.382e+04 1.938e+02 5.932e+01
|        ( - -3.022e+03 1 0)
|        ( QUESTION0_6_R 1 -1.060e+04 1.675e+02 4.530e+01
|            ( - -4.005e+03 1 0)
|            ( QUESTION11 1 -6.431e+03 1.457e+02 2.809e+01
|                ( - -9.950e+02 1 0)
|                ( QUESTION13 -1 -5.290e+03 8.829e+01 2.309e+01
|                    ( - -6.638e+02 1 0)
|                    ( QUESTION0_5_R 1 -4.538e+03 8.529e+01 1.991e+01
|                        ( - -2.904e+03 2 0)
|                        ( QUESTION2_1_L -1 -1.549e+03 7.784e+01 6.707e+00
|                            ( - -1.855e+02 1 0)
|                            ( - -1.286e+03 2 0 QUESTION0_3_R 1 7.928e+01 5.707e+00))))))))
s>    ( QUESTION14 -1 -1.575e+04 2.557e+02 6.832e+01
s>        ( - -1.674e+03 1 0)
s>        ( QUESTION2_3_L -1 -1.382e+04 1.938e+02 5.932e+01
s>            ( - -3.022e+03 1 0)
s>            ( QUESTION0_6_R 1 -1.060e+04 1.675e+02 4.530e+01
s>                ( - -4.005e+03 1 0)
s>                ( QUESTION11 1 -6.431e+03 1.457e+02 2.809e+01
s>                    ( - -9.950e+02 1 0)
s>                    ( QUESTION13 -1 -5.290e+03 8.829e+01 2.309e+01
s>                        ( - -6.638e+02 1 0)
s>                        ( QUESTION0_5_R 1 -4.538e+03 8.529e+01 1.991e+01
s>                            ( - -2.904e+03 2 0)
s>                            ( QUESTION2_1_L -1 -1.549e+03 7.784e+01 6.707e+00
s>                                ( - -1.855e+02 1 0)
s>                                ( - -1.286e+03 2 0 QUESTION0_3_R 1 7.928e+01 5.707e+00))))))))INFO: dtree.c(1315): Comp split 2
INFO: dtree.c(1478): Final simple tree
|( QUESTION2_3_L -1 -1.382e+04 1.938e+02 5.932e+01
|    ( - -3.022e+03 1 0)
|    ( QUESTION0_6_R 1 -1.060e+04 1.675e+02 4.530e+01
|        ( - -4.005e+03 1 0)
|        ( QUESTION11 1 -6.431e+03 1.457e+02 2.809e+01
|            ( - -9.950e+02 1 0)
|            ( QUESTION13 -1 -5.290e+03 8.829e+01 2.309e+01
|                ( - -6.638e+02 1 0)
|                ( QUESTION0_5_R 1 -4.538e+03 8.529e+01 1.991e+01
|                    ( - -2.904e+03 2 0)
|                    ( QUESTION2_1_L -1 -1.549e+03 7.784e+01 6.707e+00
|                        ( - -1.855e+02 1 0)
|                        ( QUESTION0_3_R 1 -1.286e+03 7.928e+01 5.707e+00
|                            ( - -2.386e+02 1 0)
|                            ( - -9.677e+02 1 0))))))))
s>    ( QUESTION2_3_L -1 -1.382e+04 1.938e+02 5.932e+01
s>        ( - -3.022e+03 1 0)
s>        ( QUESTION0_6_R 1 -1.060e+04 1.675e+02 4.530e+01
s>            ( - -4.005e+03 1 0)
s>            ( QUESTION11 1 -6.431e+03 1.457e+02 2.809e+01
s>                ( - -9.950e+02 1 0)
s>                ( QUESTION13 -1 -5.290e+03 8.829e+01 2.309e+01
s>                    ( - -6.638e+02 1 0)
s>                    ( QUESTION0_5_R 1 -4.538e+03 8.529e+01 1.991e+01
s>                        ( - -2.904e+03 2 0)
s>                        ( QUESTION2_1_L -1 -1.549e+03 7.784e+01 6.707e+00
s>                            ( - -1.855e+02 1 0)
s>                            ( QUESTION0_3_R 1 -1.286e+03 7.928e+01 5.707e+00
s>                                ( - -2.386e+02 1 0)
s>                                ( - -9.677e+02 1 0))))))))INFO: dtree.c(1315): Comp split 3
INFO: dtree.c(1439): stop. leaf nodes are specific
INFO: dtree.c(1478): Final simple tree
|( QUESTION0_3_R 1 -5.841e+03 1.378e+02 2.608e+01
|    ( - -9.950e+02 1 0)
|    ( QUESTION13 -1 -4.709e+03 8.962e+01 2.108e+01
|        ( - -6.638e+02 1 0)
|        ( QUESTION0_5_R 1 -3.955e+03 8.329e+01 1.789e+01
|            ( - -2.904e+03 2 0)
|            ( - -9.677e+02 1 0))))
s>    ( QUESTION0_3_R 1 -5.841e+03 1.378e+02 2.608e+01
s>        ( - -9.950e+02 1 0)
s>        ( QUESTION13 -1 -4.709e+03 8.962e+01 2.108e+01
s>            ( - -6.638e+02 1 0)
s>            ( QUESTION0_5_R 1 -3.955e+03 8.329e+01 1.789e+01
s>                ( - -2.904e+03 2 0)
s>                ( - -9.677e+02 1 0))))INFO: dtree.c(1439): stop. leaf nodes are specific
INFO: dtree.c(1478): Final simple tree
|( QUESTION2_3_L -1 -7.778e+03 1.927e+02 3.325e+01
|    ( - -3.022e+03 1 0)
|    ( QUESTION0_7_R 1 -4.563e+03 7.027e+01 1.922e+01
|        ( - -1.855e+02 1 0)
|        ( QUESTION0_3_R 1 -4.308e+03 6.393e+01 1.822e+01
|            ( - -2.386e+02 1 0)
|            ( - -4.005e+03 1 0))))
s>    ( QUESTION2_3_L -1 -7.778e+03 1.927e+02 3.325e+01
s>        ( - -3.022e+03 1 0)
s>        ( QUESTION0_7_R 1 -4.563e+03 7.027e+01 1.922e+01
s>            ( - -1.855e+02 1 0)
s>            ( QUESTION0_3_R 1 -4.308e+03 6.393e+01 1.822e+01
s>                ( - -2.386e+02 1 0)
s>                ( - -4.005e+03 1 0))))INFO: dtree.c(1315): Comp split 4
INFO: dtree.c(1439): stop. leaf nodes are specific
INFO: dtree.c(1478): Final simple tree
|( QUESTION0_7_R 1 -4.563e+03 7.027e+01 1.922e+01
|    ( - -1.855e+02 1 0)
|    ( QUESTION0_3_R 1 -4.308e+03 6.393e+01 1.822e+01
|        ( - -2.386e+02 1 0)
|        ( - -4.005e+03 1 0)))
s>    ( QUESTION0_7_R 1 -4.563e+03 7.027e+01 1.922e+01
s>        ( - -1.855e+02 1 0)
s>        ( QUESTION0_3_R 1 -4.308e+03 6.393e+01 1.822e+01
s>            ( - -2.386e+02 1 0)
s>            ( - -4.005e+03 1 0)))INFO: dtree.c(1315): Comp split 5
INFO: dtree.c(1439): stop. leaf nodes are specific
INFO: dtree.c(1478): Final simple tree
|( QUESTION0 -1 -6.655e+03 1.446e+02 2.946e+01
|    ( - -9.848e+02 1 0)
|    ( QUESTION0_3_R 1 -5.526e+03 9.391e+01 2.446e+01
|        ( - -3.266e+03 1 0)
|        ( QUESTION0_5_R 1 -2.166e+03 8.150e+01 9.469e+00
|            ( - -6.609e+02 1 0)
|            ( - -1.424e+03 1 0))))
s>    ( QUESTION0 -1 -6.655e+03 1.446e+02 2.946e+01
s>        ( - -9.848e+02 1 0)
s>        ( QUESTION0_3_R 1 -5.526e+03 9.391e+01 2.446e+01
s>            ( - -3.266e+03 1 0)
s>            ( QUESTION0_5_R 1 -2.166e+03 8.150e+01 9.469e+00
s>                ( - -6.609e+02 1 0)
s>                ( - -1.424e+03 1 0))))INFO: dtree.c(1315): Comp split 6
INFO: dtree.c(1439): stop. leaf nodes are specific
INFO: dtree.c(1478): Final simple tree
|( QUESTION0_3_R 1 -5.526e+03 9.391e+01 2.446e+01
|    ( - -3.266e+03 1 0)
|    ( QUESTION0_5_R 1 -2.166e+03 8.150e+01 9.469e+00
|        ( - -6.609e+02 1 0)
|        ( - -1.424e+03 1 0)))
s>    ( QUESTION0_3_R 1 -5.526e+03 9.391e+01 2.446e+01
s>        ( - -3.266e+03 1 0)
s>        ( QUESTION0_5_R 1 -2.166e+03 8.150e+01 9.469e+00
s>            ( - -6.609e+02 1 0)
s>            ( - -1.424e+03 1 0)))INFO: dtree.c(1315): Comp split 7
INFO: dtree.c(1439): stop. leaf nodes are specific
INFO: dtree.c(1478): Final simple tree
|( QUESTION13 -1 -4.709e+03 8.962e+01 2.108e+01
|    ( - -6.638e+02 1 0)
|    ( QUESTION0_5_R 1 -3.955e+03 8.329e+01 1.789e+01
|        ( - -2.904e+03 2 0)
|        ( - -9.677e+02 1 0)))
s>    ( QUESTION13 -1 -4.709e+03 8.962e+01 2.108e+01
s>        ( - -6.638e+02 1 0)
s>        ( QUESTION0_5_R 1 -3.955e+03 8.329e+01 1.789e+01
s>            ( - -2.904e+03 2 0)
s>            ( - -9.677e+02 1 0)))INFO: dtree.c(1315): Comp split 8
INFO: dtree.c(1439): stop. leaf nodes are specific
INFO: dtree.c(1478): Final simple tree
|( QUESTION0_5_R 1 -2.166e+03 8.150e+01 9.469e+00
|    ( - -6.609e+02 1 0)
|    ( - -1.424e+03 1 0))
s>    ( QUESTION0_5_R 1 -2.166e+03 8.150e+01 9.469e+00
s>        ( - -6.609e+02 1 0)
s>        ( - -1.424e+03 1 0))INFO: dtree.c(1315): Comp split 9
INFO: dtree.c(1439): stop. leaf nodes are specific
INFO: dtree.c(1478): Final simple tree
|( QUESTION0_5_R 1 -3.955e+03 8.329e+01 1.789e+01
|    ( - -2.904e+03 2 0)
|    ( - -9.677e+02 1 0))
s>    ( QUESTION0_5_R 1 -3.955e+03 8.329e+01 1.789e+01
s>        ( - -2.904e+03 2 0)
s>        ( - -9.677e+02 1 0))INFO: dtree.c(1315): Comp split 10
INFO: dtree.c(1315): Comp split 11
INFO: dtree.c(1315): Comp split 12
INFO: dtree.c(1439): stop. leaf nodes are specific
INFO: dtree.c(1478): Final simple tree
|( QUESTION0_3_R 1 -4.308e+03 6.393e+01 1.822e+01
|    ( - -2.386e+02 1 0)
|    ( - -4.005e+03 1 0))
s>    ( QUESTION0_3_R 1 -4.308e+03 6.393e+01 1.822e+01
s>        ( - -2.386e+02 1 0)
s>        ( - -4.005e+03 1 0))INFO: dtree.c(1315): Comp split 13
INFO: dtree.c(1315): Comp split 14
INFO: dtree.c(1318): stop. leaf nodes are specific
Thu May  7 00:23:30 2020
