Current configuration:
[NAME]		[DEFLT]	[VALUE]
-allphones	no	no
-cntthresh	0.00001	1.000000e-05
-csplitmax	100	2000
-csplitmin	1	1
-csplitthr	8e-4	0.000000e+00
-example	no	no
-fullvar	no	no
-help		no	no
-meanfn			/home/abdy/Desktop/diploma/kg/model_parameters/kg.cd_cont_untied/means
-mixwfn			/home/abdy/Desktop/diploma/kg/model_parameters/kg.cd_cont_untied/mixture_weights
-moddeffn		/home/abdy/Desktop/diploma/kg/model_architecture/kg.untied.mdef
-mwfloor	1e-4	1.000000e-08
-phone			e
-psetfn			/home/abdy/Desktop/diploma/kg/model_architecture/kg.tree_questions
-ssplitmax	5	7
-ssplitmin	1	1
-ssplitthr	8e-4	0.000000e+00
-state			2
-stwt			1.0,0.05,0.0,
-treefn			/home/abdy/Desktop/diploma/kg/trees/kg.unpruned/e-2.dtree
-ts2cbfn	.semi.	.cont.
-varfloor	0.00001	1.000000e-05
-varfn			/home/abdy/Desktop/diploma/kg/model_parameters/kg.cd_cont_untied/variances

INFO: main.c(223): Reading: /home/abdy/Desktop/diploma/kg/model_architecture/kg.untied.mdef
INFO: model_def_io.c(573): Model definition info:
INFO: model_def_io.c(574): 10297 total models defined (47 base, 10250 tri)
INFO: model_def_io.c(575): 41188 total states
INFO: model_def_io.c(576): 30891 total tied states
INFO: model_def_io.c(577): 141 total tied CI states
INFO: model_def_io.c(578): 47 total tied transition matrices
INFO: model_def_io.c(579): 4 max state/model
INFO: model_def_io.c(580): 4 min state/model
INFO: main.c(242): Building trees for [e SIL ch b] through [e zh k b]
INFO: main.c(269): Covering states |[5379 5900]| == 522
INFO: main.c(275): Reading: /home/abdy/Desktop/diploma/kg/model_parameters/kg.cd_cont_untied/mixture_weights
INFO: s3mixw_io.c(173): Read /home/abdy/Desktop/diploma/kg/model_parameters/kg.cd_cont_untied/mixture_weights [522x1x1 array]
INFO: main.c(311): 41 of 174 models have observation count greater than 0.000010
INFO: main.c(95): nrm stwt: 0.000 0.048 0.952 
INFO: s3gau_io.c(169): Read /home/abdy/Desktop/diploma/kg/model_parameters/kg.cd_cont_untied/means [30891x1x1 array]
INFO: s3gau_io.c(169): Read /home/abdy/Desktop/diploma/kg/model_parameters/kg.cd_cont_untied/variances [30891x1x1 array]
INFO: main.c(549): Reading: /home/abdy/Desktop/diploma/kg/model_architecture/kg.tree_questions
INFO: main.c(588): 174 total simple questions (166 phone; 8 word bndry)
INFO: main.c(590): 40 Left Only questions, and 42 Right Only questions
INFO: dtree.c(1478): Final simple tree
|( QUESTION2_2_L -1 -5.937e+04 4.053e+02 2.674e+02
|    ( - -5.438e+03 1 0)
|    ( SILENCE -1 -5.353e+04 3.421e+02 2.394e+02
|        ( QUESTION3 1 -1.321e+04 2.967e+02 6.202e+01
|            ( - -4.826e+03 2 0)
|            ( QUESTION0_19_R 1 -8.091e+03 2.359e+02 3.702e+01
|                ( - -3.456e+03 1 0)
|                ( - -4.399e+03 3 0 QUESTION0_9_R 1 1.389e+02 1.998e+01)))
|        ( QUESTION11 -1 -3.998e+04 2.680e+02 1.774e+02
|            ( QUESTION3 1 -1.044e+04 2.103e+02 5.015e+01
|                ( - -1.472e+03 1 0)
|                ( QUESTION0_9_R 1 -8.760e+03 2.107e+02 4.215e+01
|                    ( - -2.448e+03 1 0)
|                    ( - -6.101e+03 4 0 QUESTION0_15_R 1 1.535e+02 2.915e+01)))
|            ( - -2.927e+04 28 0 QUESTION2_14_L -1 2.088e+02 1.273e+02))))
s>    ( QUESTION2_2_L -1 -5.937e+04 4.053e+02 2.674e+02
s>        ( - -5.438e+03 1 0)
s>        ( SILENCE -1 -5.353e+04 3.421e+02 2.394e+02
s>            ( QUESTION3 1 -1.321e+04 2.967e+02 6.202e+01
s>                ( - -4.826e+03 2 0)
s>                ( QUESTION0_19_R 1 -8.091e+03 2.359e+02 3.702e+01
s>                    ( - -3.456e+03 1 0)
s>                    ( - -4.399e+03 3 0 QUESTION0_9_R 1 1.389e+02 1.998e+01)))
s>            ( QUESTION11 -1 -3.998e+04 2.680e+02 1.774e+02
s>                ( QUESTION3 1 -1.044e+04 2.103e+02 5.015e+01
s>                    ( - -1.472e+03 1 0)
s>                    ( QUESTION0_9_R 1 -8.760e+03 2.107e+02 4.215e+01
s>                        ( - -2.448e+03 1 0)
s>                        ( - -6.101e+03 4 0 QUESTION0_15_R 1 1.535e+02 2.915e+01)))
s>                ( - -2.927e+04 28 0 QUESTION2_14_L -1 2.088e+02 1.273e+02))))INFO: dtree.c(1315): Comp split 0
INFO: dtree.c(1478): Final simple tree
|( SILENCE -1 -3.760e+04 2.390e+02 1.643e+02
|    ( QUESTION0_19_R 1 -8.091e+03 2.359e+02 3.702e+01
|        ( - -3.456e+03 1 0)
|        ( - -4.399e+03 3 0 QUESTION0_9_R 1 1.389e+02 1.998e+01))
|    ( QUESTION2_14_L -1 -2.927e+04 2.088e+02 1.273e+02
|        ( - -6.481e+02 1 0)
|        ( QUESTION19 -1 -2.841e+04 2.141e+02 1.233e+02
|            ( QUESTION0_11_R 1 -1.251e+04 2.181e+02 5.611e+01
|                ( - -6.012e+03 4 0 QUESTION0_12_R 1 1.760e+02 2.809e+01)
|                ( - -6.283e+03 7 0 QUESTION0_9_R 1 1.073e+02 2.802e+01))
|            ( WDBNDRY_B 0 -1.568e+04 2.098e+02 6.716e+01
|                ( QUESTION0 1 -1.393e+04 1.982e+02 5.914e+01
|                    ( - -4.806e+03 6 0 QUESTION0_9_R 1 1.277e+02 1.973e+01)
|                    ( - -8.923e+03 9 0 QUESTION16 -1 2.139e+02 3.941e+01))
|                ( - -1.545e+03 1 0)))))
s>    ( SILENCE -1 -3.760e+04 2.390e+02 1.643e+02
s>        ( QUESTION0_19_R 1 -8.091e+03 2.359e+02 3.702e+01
s>            ( - -3.456e+03 1 0)
s>            ( - -4.399e+03 3 0 QUESTION0_9_R 1 1.389e+02 1.998e+01))
s>        ( QUESTION2_14_L -1 -2.927e+04 2.088e+02 1.273e+02
s>            ( - -6.481e+02 1 0)
s>            ( QUESTION19 -1 -2.841e+04 2.141e+02 1.233e+02
s>                ( QUESTION0_11_R 1 -1.251e+04 2.181e+02 5.611e+01
s>                    ( - -6.012e+03 4 0 QUESTION0_12_R 1 1.760e+02 2.809e+01)
s>                    ( - -6.283e+03 7 0 QUESTION0_9_R 1 1.073e+02 2.802e+01))
s>                ( WDBNDRY_B 0 -1.568e+04 2.098e+02 6.716e+01
s>                    ( QUESTION0 1 -1.393e+04 1.982e+02 5.914e+01
s>                        ( - -4.806e+03 6 0 QUESTION0_9_R 1 1.277e+02 1.973e+01)
s>                        ( - -8.923e+03 9 0 QUESTION16 -1 2.139e+02 3.941e+01))
s>                    ( - -1.545e+03 1 0)))))INFO: dtree.c(1478): Final simple tree
|( QUESTION12 -1 -2.125e+04 2.962e+02 1.032e+02
|    ( - -5.438e+03 1 0)
|    ( SILENCE -1 -1.551e+04 2.446e+02 7.515e+01
|        ( - -4.826e+03 2 0)
|        ( QUESTION3 1 -1.044e+04 2.103e+02 5.015e+01
|            ( - -1.472e+03 1 0)
|            ( QUESTION0_9_R 1 -8.760e+03 2.107e+02 4.215e+01
|                ( - -2.448e+03 1 0)
|                ( QUESTION0_15_R 1 -6.101e+03 1.535e+02 2.915e+01
|                    ( - -1.895e+03 1 0)
|                    ( QUESTION0_11_R 1 -4.053e+03 1.365e+02 1.916e+01
|                        ( - -2.594e+03 1 0)
|                        ( QUESTION0_0_R 1 -1.323e+03 5.856e+01 6.150e+00
|                            ( - -9.331e+02 1 0)
|                            ( - -3.309e+02 1 0))))))))
s>    ( QUESTION12 -1 -2.125e+04 2.962e+02 1.032e+02
s>        ( - -5.438e+03 1 0)
s>        ( SILENCE -1 -1.551e+04 2.446e+02 7.515e+01
s>            ( - -4.826e+03 2 0)
s>            ( QUESTION3 1 -1.044e+04 2.103e+02 5.015e+01
s>                ( - -1.472e+03 1 0)
s>                ( QUESTION0_9_R 1 -8.760e+03 2.107e+02 4.215e+01
s>                    ( - -2.448e+03 1 0)
s>                    ( QUESTION0_15_R 1 -6.101e+03 1.535e+02 2.915e+01
s>                        ( - -1.895e+03 1 0)
s>                        ( QUESTION0_11_R 1 -4.053e+03 1.365e+02 1.916e+01
s>                            ( - -2.594e+03 1 0)
s>                            ( QUESTION0_0_R 1 -1.323e+03 5.856e+01 6.150e+00
s>                                ( - -9.331e+02 1 0)
s>                                ( - -3.309e+02 1 0))))))))INFO: dtree.c(1315): Comp split 1
INFO: dtree.c(1478): Final simple tree
|( SILENCE -1 -9.423e+03 2.177e+02 3.971e+01
|    ( QUESTION0_9_R 1 -4.399e+03 1.389e+02 1.998e+01
|        ( - -1.597e+03 1 0)
|        ( QUESTION0_0_R 1 -2.663e+03 1.187e+02 1.197e+01
|            ( - -1.237e+03 1 0)
|            ( - -1.307e+03 1 0)))
|    ( QUESTION0_9_R 1 -4.806e+03 1.277e+02 1.973e+01
|        ( QUESTION1 -1 -9.523e+02 1.662e+02 4.000e+00
|            ( - -3.275e+02 1 0)
|            ( - -4.586e+02 1 0))
|        ( QUESTION16 -1 -3.726e+03 1.032e+02 1.573e+01
|            ( - -1.322e+03 1 0)
|            ( QUESTION0 -1 -2.301e+03 1.087e+02 9.734e+00
|                ( - -5.896e+02 1 0)
|                ( - -1.603e+03 2 0 QUESTION0_12_R 1 7.370e+01 6.734e+00)))))
s>    ( SILENCE -1 -9.423e+03 2.177e+02 3.971e+01
s>        ( QUESTION0_9_R 1 -4.399e+03 1.389e+02 1.998e+01
s>            ( - -1.597e+03 1 0)
s>            ( QUESTION0_0_R 1 -2.663e+03 1.187e+02 1.197e+01
s>                ( - -1.237e+03 1 0)
s>                ( - -1.307e+03 1 0)))
s>        ( QUESTION0_9_R 1 -4.806e+03 1.277e+02 1.973e+01
s>            ( QUESTION1 -1 -9.523e+02 1.662e+02 4.000e+00
s>                ( - -3.275e+02 1 0)
s>                ( - -4.586e+02 1 0))
s>            ( QUESTION16 -1 -3.726e+03 1.032e+02 1.573e+01
s>                ( - -1.322e+03 1 0)
s>                ( QUESTION0 -1 -2.301e+03 1.087e+02 9.734e+00
s>                    ( - -5.896e+02 1 0)
s>                    ( - -1.603e+03 2 0 QUESTION0_12_R 1 7.370e+01 6.734e+00)))))INFO: dtree.c(1478): Final simple tree
|( QUESTION0_11_R 1 -2.786e+04 2.263e+02 1.246e+02
|    ( QUESTION0_12_R 1 -6.012e+03 1.760e+02 2.809e+01
|        ( - -3.877e+03 2 0)
|        ( - -1.959e+03 2 0))
|    ( SILENCE -1 -2.162e+04 2.051e+02 9.648e+01
|        ( - -3.456e+03 1 0)
|        ( QUESTION3 1 -1.796e+04 2.076e+02 7.944e+01
|            ( - -6.481e+02 1 0)
|            ( QUESTION16 -1 -1.710e+04 2.013e+02 7.544e+01
|                ( WDBNDRY_B 0 -2.590e+03 1.889e+02 1.301e+01
|                    ( - -8.570e+02 1 0)
|                    ( - -1.545e+03 1 0))
|                ( QUESTION0_10_R 1 -1.431e+04 1.795e+02 6.243e+01
|                    ( - -8.348e+03 9 0 QUESTION2 -1 1.369e+02 3.641e+01)
|                    ( - -5.785e+03 6 0 QUESTION0_0_R 1 1.115e+02 2.602e+01))))))
s>    ( QUESTION0_11_R 1 -2.786e+04 2.263e+02 1.246e+02
s>        ( QUESTION0_12_R 1 -6.012e+03 1.760e+02 2.809e+01
s>            ( - -3.877e+03 2 0)
s>            ( - -1.959e+03 2 0))
s>        ( SILENCE -1 -2.162e+04 2.051e+02 9.648e+01
s>            ( - -3.456e+03 1 0)
s>            ( QUESTION3 1 -1.796e+04 2.076e+02 7.944e+01
s>                ( - -6.481e+02 1 0)
s>                ( QUESTION16 -1 -1.710e+04 2.013e+02 7.544e+01
s>                    ( WDBNDRY_B 0 -2.590e+03 1.889e+02 1.301e+01
s>                        ( - -8.570e+02 1 0)
s>                        ( - -1.545e+03 1 0))
s>                    ( QUESTION0_10_R 1 -1.431e+04 1.795e+02 6.243e+01
s>                        ( - -8.348e+03 9 0 QUESTION2 -1 1.369e+02 3.641e+01)
s>                        ( - -5.785e+03 6 0 QUESTION0_0_R 1 1.115e+02 2.602e+01))))))INFO: dtree.c(1315): Comp split 2
INFO: dtree.c(1439): stop. leaf nodes are specific
INFO: dtree.c(1478): Final simple tree
|( SILENCE -1 -1.551e+04 2.446e+02 7.515e+01
|    ( - -4.826e+03 2 0)
|    ( QUESTION3 1 -1.044e+04 2.103e+02 5.015e+01
|        ( - -1.472e+03 1 0)
|        ( QUESTION0_9_R 1 -8.760e+03 2.107e+02 4.215e+01
|            ( - -2.448e+03 1 0)
|            ( QUESTION0_15_R 1 -6.101e+03 1.535e+02 2.915e+01
|                ( - -1.895e+03 1 0)
|                ( QUESTION0_11_R 1 -4.053e+03 1.365e+02 1.916e+01
|                    ( - -2.594e+03 1 0)
|                    ( QUESTION0_0_R 1 -1.323e+03 5.856e+01 6.150e+00
|                        ( - -9.331e+02 1 0)
|                        ( - -3.309e+02 1 0)))))))
s>    ( SILENCE -1 -1.551e+04 2.446e+02 7.515e+01
s>        ( - -4.826e+03 2 0)
s>        ( QUESTION3 1 -1.044e+04 2.103e+02 5.015e+01
s>            ( - -1.472e+03 1 0)
s>            ( QUESTION0_9_R 1 -8.760e+03 2.107e+02 4.215e+01
s>                ( - -2.448e+03 1 0)
s>                ( QUESTION0_15_R 1 -6.101e+03 1.535e+02 2.915e+01
s>                    ( - -1.895e+03 1 0)
s>                    ( QUESTION0_11_R 1 -4.053e+03 1.365e+02 1.916e+01
s>                        ( - -2.594e+03 1 0)
s>                        ( QUESTION0_0_R 1 -1.323e+03 5.856e+01 6.150e+00
s>                            ( - -9.331e+02 1 0)
s>                            ( - -3.309e+02 1 0)))))))INFO: dtree.c(1315): Comp split 3
INFO: dtree.c(1478): Final simple tree
|( SILENCE -1 -1.971e+04 2.074e+02 8.748e+01
|    ( - -3.456e+03 1 0)
|    ( QUESTION0_10_R 1 -1.604e+04 1.886e+02 7.044e+01
|        ( QUESTION2 -1 -8.348e+03 1.369e+02 3.641e+01
|            ( - -2.372e+03 1 0)
|            ( QUESTION2_7_L -1 -5.839e+03 1.291e+02 2.508e+01
|                ( - -9.960e+02 1 0)
|                ( QUESTION4 -1 -4.713e+03 1.118e+02 2.008e+01
|                    ( - -9.952e+02 1 0)
|                    ( - -3.607e+03 6 0 QUESTION13 -1 9.682e+01 1.508e+01))))
|        ( WDBNDRY_B 0 -7.507e+03 1.778e+02 3.403e+01
|            ( QUESTION0_0_R 1 -5.785e+03 1.115e+02 2.602e+01
|                ( - -5.083e+03 5 0 QUESTION19 -1 6.724e+01 2.302e+01)
|                ( - -5.906e+02 1 0))
|            ( - -1.545e+03 1 0))))
s>    ( SILENCE -1 -1.971e+04 2.074e+02 8.748e+01
s>        ( - -3.456e+03 1 0)
s>        ( QUESTION0_10_R 1 -1.604e+04 1.886e+02 7.044e+01
s>            ( QUESTION2 -1 -8.348e+03 1.369e+02 3.641e+01
s>                ( - -2.372e+03 1 0)
s>                ( QUESTION2_7_L -1 -5.839e+03 1.291e+02 2.508e+01
s>                    ( - -9.960e+02 1 0)
s>                    ( QUESTION4 -1 -4.713e+03 1.118e+02 2.008e+01
s>                        ( - -9.952e+02 1 0)
s>                        ( - -3.607e+03 6 0 QUESTION13 -1 9.682e+01 1.508e+01))))
s>            ( WDBNDRY_B 0 -7.507e+03 1.778e+02 3.403e+01
s>                ( QUESTION0_0_R 1 -5.785e+03 1.115e+02 2.602e+01
s>                    ( - -5.083e+03 5 0 QUESTION19 -1 6.724e+01 2.302e+01)
s>                    ( - -5.906e+02 1 0))
s>                ( - -1.545e+03 1 0))))INFO: dtree.c(1439): stop. leaf nodes are specific
INFO: dtree.c(1478): Final simple tree
|( QUESTION0_0_R 1 -7.897e+03 1.978e+02 3.709e+01
|    ( - -8.570e+02 1 0)
|    ( QUESTION0_12_R 1 -6.842e+03 1.887e+02 3.209e+01
|        ( - -3.877e+03 2 0)
|        ( QUESTION0_9_R 1 -2.776e+03 1.687e+02 1.400e+01
|            ( - -6.481e+02 1 0)
|            ( - -1.959e+03 2 0))))
s>    ( QUESTION0_0_R 1 -7.897e+03 1.978e+02 3.709e+01
s>        ( - -8.570e+02 1 0)
s>        ( QUESTION0_12_R 1 -6.842e+03 1.887e+02 3.209e+01
s>            ( - -3.877e+03 2 0)
s>            ( QUESTION0_9_R 1 -2.776e+03 1.687e+02 1.400e+01
s>                ( - -6.481e+02 1 0)
s>                ( - -1.959e+03 2 0))))INFO: dtree.c(1315): Comp split 4
INFO: dtree.c(1439): stop. leaf nodes are specific
INFO: dtree.c(1478): Final simple tree
|( QUESTION3 1 -1.044e+04 2.103e+02 5.015e+01
|    ( - -1.472e+03 1 0)
|    ( QUESTION0_9_R 1 -8.760e+03 2.107e+02 4.215e+01
|        ( - -2.448e+03 1 0)
|        ( QUESTION0_15_R 1 -6.101e+03 1.535e+02 2.915e+01
|            ( - -1.895e+03 1 0)
|            ( QUESTION0_11_R 1 -4.053e+03 1.365e+02 1.916e+01
|                ( - -2.594e+03 1 0)
|                ( QUESTION0_0_R 1 -1.323e+03 5.856e+01 6.150e+00
|                    ( - -9.331e+02 1 0)
|                    ( - -3.309e+02 1 0))))))
s>    ( QUESTION3 1 -1.044e+04 2.103e+02 5.015e+01
s>        ( - -1.472e+03 1 0)
s>        ( QUESTION0_9_R 1 -8.760e+03 2.107e+02 4.215e+01
s>            ( - -2.448e+03 1 0)
s>            ( QUESTION0_15_R 1 -6.101e+03 1.535e+02 2.915e+01
s>                ( - -1.895e+03 1 0)
s>                ( QUESTION0_11_R 1 -4.053e+03 1.365e+02 1.916e+01
s>                    ( - -2.594e+03 1 0)
s>                    ( QUESTION0_0_R 1 -1.323e+03 5.856e+01 6.150e+00
s>                        ( - -9.331e+02 1 0)
s>                        ( - -3.309e+02 1 0))))))INFO: dtree.c(1315): Comp split 5
INFO: dtree.c(1439): stop. leaf nodes are specific
INFO: dtree.c(1478): Final simple tree
|( QUESTION0_0_R 1 -2.962e+03 1.283e+02 1.400e+01
|    ( - -1.237e+03 1 0)
|    ( - -1.597e+03 1 0))
s>    ( QUESTION0_0_R 1 -2.962e+03 1.283e+02 1.400e+01
s>        ( - -1.237e+03 1 0)
s>        ( - -1.597e+03 1 0))INFO: dtree.c(1439): stop. leaf nodes are specific
INFO: dtree.c(1478): Final simple tree
|( QUESTION0_9_R 1 -6.224e+03 1.210e+02 2.571e+01
|    ( QUESTION1 -1 -9.523e+02 1.662e+02 4.000e+00
|        ( - -3.275e+02 1 0)
|        ( - -4.586e+02 1 0))
|    ( SILENCE -1 -5.150e+03 1.166e+02 2.171e+01
|        ( - -1.307e+03 1 0)
|        ( QUESTION16 -1 -3.726e+03 1.032e+02 1.573e+01
|            ( - -1.322e+03 1 0)
|            ( QUESTION0 -1 -2.301e+03 1.087e+02 9.734e+00
|                ( - -5.896e+02 1 0)
|                ( QUESTION0_12_R 1 -1.603e+03 7.370e+01 6.734e+00
|                    ( - -6.353e+02 1 0)
|                    ( - -8.937e+02 1 0))))))
s>    ( QUESTION0_9_R 1 -6.224e+03 1.210e+02 2.571e+01
s>        ( QUESTION1 -1 -9.523e+02 1.662e+02 4.000e+00
s>            ( - -3.275e+02 1 0)
s>            ( - -4.586e+02 1 0))
s>        ( SILENCE -1 -5.150e+03 1.166e+02 2.171e+01
s>            ( - -1.307e+03 1 0)
s>            ( QUESTION16 -1 -3.726e+03 1.032e+02 1.573e+01
s>                ( - -1.322e+03 1 0)
s>                ( QUESTION0 -1 -2.301e+03 1.087e+02 9.734e+00
s>                    ( - -5.896e+02 1 0)
s>                    ( QUESTION0_12_R 1 -1.603e+03 7.370e+01 6.734e+00
s>                        ( - -6.353e+02 1 0)
s>                        ( - -8.937e+02 1 0))))))INFO: dtree.c(1315): Comp split 6
INFO: dtree.c(1439): stop. leaf nodes are specific
INFO: dtree.c(1478): Final simple tree
|( QUESTION0_9_R 1 -7.779e+03 2.053e+02 3.715e+01
|    ( - -1.472e+03 1 0)
|    ( QUESTION0_15_R 1 -6.101e+03 1.535e+02 2.915e+01
|        ( - -1.895e+03 1 0)
|        ( QUESTION0_11_R 1 -4.053e+03 1.365e+02 1.916e+01
|            ( - -2.594e+03 1 0)
|            ( QUESTION0_0_R 1 -1.323e+03 5.856e+01 6.150e+00
|                ( - -9.331e+02 1 0)
|                ( - -3.309e+02 1 0)))))
s>    ( QUESTION0_9_R 1 -7.779e+03 2.053e+02 3.715e+01
s>        ( - -1.472e+03 1 0)
s>        ( QUESTION0_15_R 1 -6.101e+03 1.535e+02 2.915e+01
s>            ( - -1.895e+03 1 0)
s>            ( QUESTION0_11_R 1 -4.053e+03 1.365e+02 1.916e+01
s>                ( - -2.594e+03 1 0)
s>                ( QUESTION0_0_R 1 -1.323e+03 5.856e+01 6.150e+00
s>                    ( - -9.331e+02 1 0)
s>                    ( - -3.309e+02 1 0)))))INFO: dtree.c(1315): Comp split 7
INFO: dtree.c(1478): Final simple tree
|( WDBNDRY_B 0 -1.352e+04 1.843e+02 5.911e+01
|    ( QUESTION0_10_R 1 -1.180e+04 1.720e+02 5.110e+01
|        ( QUESTION2_7_L -1 -5.839e+03 1.291e+02 2.508e+01
|            ( - -9.960e+02 1 0)
|            ( QUESTION4 -1 -4.713e+03 1.118e+02 2.008e+01
|                ( - -9.952e+02 1 0)
|                ( QUESTION13 -1 -3.607e+03 9.682e+01 1.508e+01
|                    ( QUESTION14 -1 -2.013e+03 7.535e+01 9.084e+00
|                        ( - -8.895e+02 1 0)
|                        ( - -1.048e+03 1 0))
|                    ( - -1.497e+03 4 0 QUESTION0 -1 7.098e+01 6.000e+00))))
|        ( QUESTION0_0_R 1 -5.785e+03 1.115e+02 2.602e+01
|            ( - -5.083e+03 5 0 QUESTION19 -1 6.724e+01 2.302e+01)
|            ( - -5.906e+02 1 0)))
|    ( - -1.545e+03 1 0))
s>    ( WDBNDRY_B 0 -1.352e+04 1.843e+02 5.911e+01
s>        ( QUESTION0_10_R 1 -1.180e+04 1.720e+02 5.110e+01
s>            ( QUESTION2_7_L -1 -5.839e+03 1.291e+02 2.508e+01
s>                ( - -9.960e+02 1 0)
s>                ( QUESTION4 -1 -4.713e+03 1.118e+02 2.008e+01
s>                    ( - -9.952e+02 1 0)
s>                    ( QUESTION13 -1 -3.607e+03 9.682e+01 1.508e+01
s>                        ( QUESTION14 -1 -2.013e+03 7.535e+01 9.084e+00
s>                            ( - -8.895e+02 1 0)
s>                            ( - -1.048e+03 1 0))
s>                        ( - -1.497e+03 4 0 QUESTION0 -1 7.098e+01 6.000e+00))))
s>            ( QUESTION0_0_R 1 -5.785e+03 1.115e+02 2.602e+01
s>                ( - -5.083e+03 5 0 QUESTION19 -1 6.724e+01 2.302e+01)
s>                ( - -5.906e+02 1 0)))
s>        ( - -1.545e+03 1 0))INFO: dtree.c(1439): stop. leaf nodes are specific
INFO: dtree.c(1478): Final simple tree
|( SILENCE -1 -5.969e+03 1.409e+02 2.837e+01
|    ( - -3.456e+03 1 0)
|    ( - -2.372e+03 1 0))
s>    ( SILENCE -1 -5.969e+03 1.409e+02 2.837e+01
s>        ( - -3.456e+03 1 0)
s>        ( - -2.372e+03 1 0))INFO: dtree.c(1315): Comp split 8
INFO: dtree.c(1439): stop. leaf nodes are specific
INFO: dtree.c(1478): Final simple tree
|( QUESTION0_15_R 1 -6.101e+03 1.535e+02 2.915e+01
|    ( - -1.895e+03 1 0)
|    ( QUESTION0_11_R 1 -4.053e+03 1.365e+02 1.916e+01
|        ( - -2.594e+03 1 0)
|        ( QUESTION0_0_R 1 -1.323e+03 5.856e+01 6.150e+00
|            ( - -9.331e+02 1 0)
|            ( - -3.309e+02 1 0))))
s>    ( QUESTION0_15_R 1 -6.101e+03 1.535e+02 2.915e+01
s>        ( - -1.895e+03 1 0)
s>        ( QUESTION0_11_R 1 -4.053e+03 1.365e+02 1.916e+01
s>            ( - -2.594e+03 1 0)
s>            ( QUESTION0_0_R 1 -1.323e+03 5.856e+01 6.150e+00
s>                ( - -9.331e+02 1 0)
s>                ( - -3.309e+02 1 0))))INFO: dtree.c(1315): Comp split 9
INFO: dtree.c(1439): stop. leaf nodes are specific
INFO: dtree.c(1478): Final simple tree
|( QUESTION0_12_R 1 -6.842e+03 1.887e+02 3.209e+01
|    ( - -3.877e+03 2 0)
|    ( QUESTION0_9_R 1 -2.776e+03 1.687e+02 1.400e+01
|        ( - -6.481e+02 1 0)
|        ( - -1.959e+03 2 0)))
s>    ( QUESTION0_12_R 1 -6.842e+03 1.887e+02 3.209e+01
s>        ( - -3.877e+03 2 0)
s>        ( QUESTION0_9_R 1 -2.776e+03 1.687e+02 1.400e+01
s>            ( - -6.481e+02 1 0)
s>            ( - -1.959e+03 2 0)))INFO: dtree.c(1315): Comp split 10
INFO: dtree.c(1439): stop. leaf nodes are specific
INFO: dtree.c(1478): Final simple tree
|( WDBNDRY_B 0 -9.099e+03 1.826e+02 4.003e+01
|    ( QUESTION0_9_R 1 -7.372e+03 1.064e+02 3.202e+01
|        ( - -5.906e+02 1 0)
|        ( QUESTION0_0_R 1 -6.675e+03 9.462e+01 2.902e+01
|            ( QUESTION19 -1 -5.083e+03 6.724e+01 2.302e+01
|                ( - -4.313e+03 3 0)
|                ( QUESTION0 -1 -7.023e+02 5.128e+01 3.002e+00
|                    ( - -2.054e+02 1 0)
|                    ( - -4.457e+02 1 0)))
|            ( QUESTION0 -1 -1.497e+03 7.098e+01 6.000e+00
|                ( - -2.486e+02 1 0)
|                ( - -1.177e+03 3 0))))
|    ( - -1.545e+03 1 0))
s>    ( WDBNDRY_B 0 -9.099e+03 1.826e+02 4.003e+01
s>        ( QUESTION0_9_R 1 -7.372e+03 1.064e+02 3.202e+01
s>            ( - -5.906e+02 1 0)
s>            ( QUESTION0_0_R 1 -6.675e+03 9.462e+01 2.902e+01
s>                ( QUESTION19 -1 -5.083e+03 6.724e+01 2.302e+01
s>                    ( - -4.313e+03 3 0)
s>                    ( QUESTION0 -1 -7.023e+02 5.128e+01 3.002e+00
s>                        ( - -2.054e+02 1 0)
s>                        ( - -4.457e+02 1 0)))
s>                ( QUESTION0 -1 -1.497e+03 7.098e+01 6.000e+00
s>                    ( - -2.486e+02 1 0)
s>                    ( - -1.177e+03 3 0))))
s>        ( - -1.545e+03 1 0))INFO: dtree.c(1439): stop. leaf nodes are specific
INFO: dtree.c(1478): Final simple tree
|( QUESTION2_7_L -1 -4.233e+03 1.316e+02 1.908e+01
|    ( - -9.960e+02 1 0)
|    ( QUESTION0 -1 -3.105e+03 9.740e+01 1.408e+01
|        ( - -9.952e+02 1 0)
|        ( QUESTION14 -1 -2.013e+03 7.535e+01 9.084e+00
|            ( - -8.895e+02 1 0)
|            ( - -1.048e+03 1 0))))
s>    ( QUESTION2_7_L -1 -4.233e+03 1.316e+02 1.908e+01
s>        ( - -9.960e+02 1 0)
s>        ( QUESTION0 -1 -3.105e+03 9.740e+01 1.408e+01
s>            ( - -9.952e+02 1 0)
s>            ( QUESTION14 -1 -2.013e+03 7.535e+01 9.084e+00
s>                ( - -8.895e+02 1 0)
s>                ( - -1.048e+03 1 0))))INFO: dtree.c(1315): Comp split 11
INFO: dtree.c(1439): stop. leaf nodes are specific
INFO: dtree.c(1478): Final simple tree
|( QUESTION0_9_R 1 -2.776e+03 1.687e+02 1.400e+01
|    ( - -6.481e+02 1 0)
|    ( - -1.959e+03 2 0))
s>    ( QUESTION0_9_R 1 -2.776e+03 1.687e+02 1.400e+01
s>        ( - -6.481e+02 1 0)
s>        ( - -1.959e+03 2 0))INFO: dtree.c(1315): Comp split 12
INFO: dtree.c(1439): stop. leaf nodes are specific
INFO: dtree.c(1478): Final simple tree
|( QUESTION0_9_R 1 -7.372e+03 1.064e+02 3.202e+01
|    ( - -5.906e+02 1 0)
|    ( QUESTION0_0_R 1 -6.675e+03 9.462e+01 2.902e+01
|        ( QUESTION19 -1 -5.083e+03 6.724e+01 2.302e+01
|            ( - -4.313e+03 3 0)
|            ( QUESTION0 -1 -7.023e+02 5.128e+01 3.002e+00
|                ( - -2.054e+02 1 0)
|                ( - -4.457e+02 1 0)))
|        ( QUESTION0 -1 -1.497e+03 7.098e+01 6.000e+00
|            ( - -2.486e+02 1 0)
|            ( - -1.177e+03 3 0))))
s>    ( QUESTION0_9_R 1 -7.372e+03 1.064e+02 3.202e+01
s>        ( - -5.906e+02 1 0)
s>        ( QUESTION0_0_R 1 -6.675e+03 9.462e+01 2.902e+01
s>            ( QUESTION19 -1 -5.083e+03 6.724e+01 2.302e+01
s>                ( - -4.313e+03 3 0)
s>                ( QUESTION0 -1 -7.023e+02 5.128e+01 3.002e+00
s>                    ( - -2.054e+02 1 0)
s>                    ( - -4.457e+02 1 0)))
s>            ( QUESTION0 -1 -1.497e+03 7.098e+01 6.000e+00
s>                ( - -2.486e+02 1 0)
s>                ( - -1.177e+03 3 0))))INFO: dtree.c(1315): Comp split 13
INFO: dtree.c(1439): stop. leaf nodes are specific
INFO: dtree.c(1478): Final simple tree
|( QUESTION0_9_R 1 -5.721e+03 1.118e+02 2.371e+01
|    ( - -4.586e+02 1 0)
|    ( SILENCE -1 -5.150e+03 1.166e+02 2.171e+01
|        ( - -1.307e+03 1 0)
|        ( QUESTION16 -1 -3.726e+03 1.032e+02 1.573e+01
|            ( - -1.322e+03 1 0)
|            ( QUESTION0 -1 -2.301e+03 1.087e+02 9.734e+00
|                ( - -5.896e+02 1 0)
|                ( QUESTION0_12_R 1 -1.603e+03 7.370e+01 6.734e+00
|                    ( - -6.353e+02 1 0)
|                    ( - -8.937e+02 1 0))))))
s>    ( QUESTION0_9_R 1 -5.721e+03 1.118e+02 2.371e+01
s>        ( - -4.586e+02 1 0)
s>        ( SILENCE -1 -5.150e+03 1.166e+02 2.171e+01
s>            ( - -1.307e+03 1 0)
s>            ( QUESTION16 -1 -3.726e+03 1.032e+02 1.573e+01
s>                ( - -1.322e+03 1 0)
s>                ( QUESTION0 -1 -2.301e+03 1.087e+02 9.734e+00
s>                    ( - -5.896e+02 1 0)
s>                    ( QUESTION0_12_R 1 -1.603e+03 7.370e+01 6.734e+00
s>                        ( - -6.353e+02 1 0)
s>                        ( - -8.937e+02 1 0))))))INFO: dtree.c(1315): Comp split 14
INFO: dtree.c(1315): Comp split 15
INFO: dtree.c(1439): stop. leaf nodes are specific
INFO: dtree.c(1478): Final simple tree
|( QUESTION0_11_R 1 -4.053e+03 1.365e+02 1.916e+01
|    ( - -2.594e+03 1 0)
|    ( QUESTION0_0_R 1 -1.323e+03 5.856e+01 6.150e+00
|        ( - -9.331e+02 1 0)
|        ( - -3.309e+02 1 0)))
s>    ( QUESTION0_11_R 1 -4.053e+03 1.365e+02 1.916e+01
s>        ( - -2.594e+03 1 0)
s>        ( QUESTION0_0_R 1 -1.323e+03 5.856e+01 6.150e+00
s>            ( - -9.331e+02 1 0)
s>            ( - -3.309e+02 1 0)))INFO: dtree.c(1315): Comp split 16
INFO: dtree.c(1315): Comp split 17
INFO: dtree.c(1439): stop. leaf nodes are specific
INFO: dtree.c(1478): Final simple tree
|( QUESTION0_0_R 1 -1.323e+03 5.856e+01 6.150e+00
|    ( - -9.331e+02 1 0)
|    ( - -3.309e+02 1 0))
s>    ( QUESTION0_0_R 1 -1.323e+03 5.856e+01 6.150e+00
s>        ( - -9.331e+02 1 0)
s>        ( - -3.309e+02 1 0))INFO: dtree.c(1315): Comp split 18
INFO: dtree.c(1439): stop. leaf nodes are specific
INFO: dtree.c(1478): Final simple tree
|( QUESTION0 -1 -3.105e+03 9.740e+01 1.408e+01
|    ( - -9.952e+02 1 0)
|    ( QUESTION14 -1 -2.013e+03 7.535e+01 9.084e+00
|        ( - -8.895e+02 1 0)
|        ( - -1.048e+03 1 0)))
s>    ( QUESTION0 -1 -3.105e+03 9.740e+01 1.408e+01
s>        ( - -9.952e+02 1 0)
s>        ( QUESTION14 -1 -2.013e+03 7.535e+01 9.084e+00
s>            ( - -8.895e+02 1 0)
s>            ( - -1.048e+03 1 0)))INFO: dtree.c(1315): Comp split 19
INFO: dtree.c(1439): stop. leaf nodes are specific
INFO: dtree.c(1478): Final simple tree
|( QUESTION16 -1 -3.726e+03 1.032e+02 1.573e+01
|    ( - -1.322e+03 1 0)
|    ( QUESTION0 -1 -2.301e+03 1.087e+02 9.734e+00
|        ( - -5.896e+02 1 0)
|        ( QUESTION0_12_R 1 -1.603e+03 7.370e+01 6.734e+00
|            ( - -6.353e+02 1 0)
|            ( - -8.937e+02 1 0))))
s>    ( QUESTION16 -1 -3.726e+03 1.032e+02 1.573e+01
s>        ( - -1.322e+03 1 0)
s>        ( QUESTION0 -1 -2.301e+03 1.087e+02 9.734e+00
s>            ( - -5.896e+02 1 0)
s>            ( QUESTION0_12_R 1 -1.603e+03 7.370e+01 6.734e+00
s>                ( - -6.353e+02 1 0)
s>                ( - -8.937e+02 1 0))))INFO: dtree.c(1439): stop. leaf nodes are specific
INFO: dtree.c(1478): Final simple tree
|( SILENCE -1 -1.865e+03 9.875e+01 7.975e+00
|    ( - -1.307e+03 1 0)
|    ( - -4.586e+02 1 0))
s>    ( SILENCE -1 -1.865e+03 9.875e+01 7.975e+00
s>        ( - -1.307e+03 1 0)
s>        ( - -4.586e+02 1 0))INFO: dtree.c(1315): Comp split 20
INFO: dtree.c(1315): Comp split 21
INFO: dtree.c(1439): stop. leaf nodes are specific
INFO: dtree.c(1478): Final simple tree
|( QUESTION0_12_R 1 -1.603e+03 7.370e+01 6.734e+00
|    ( - -6.353e+02 1 0)
|    ( - -8.937e+02 1 0))
s>    ( QUESTION0_12_R 1 -1.603e+03 7.370e+01 6.734e+00
s>        ( - -6.353e+02 1 0)
s>        ( - -8.937e+02 1 0))INFO: dtree.c(1439): stop. leaf nodes are specific
INFO: dtree.c(1478): Final simple tree
|( QUESTION0 -1 -1.998e+03 8.604e+01 9.000e+00
|    ( - -5.896e+02 1 0)
|    ( - -1.322e+03 1 0))
s>    ( QUESTION0 -1 -1.998e+03 8.604e+01 9.000e+00
s>        ( - -5.896e+02 1 0)
s>        ( - -1.322e+03 1 0))INFO: dtree.c(1315): Comp split 22
INFO: dtree.c(1439): stop. leaf nodes are specific
INFO: dtree.c(1478): Final simple tree
|( QUESTION0_0_R 1 -6.675e+03 9.462e+01 2.902e+01
|    ( QUESTION19 -1 -5.083e+03 6.724e+01 2.302e+01
|        ( - -4.313e+03 3 0)
|        ( QUESTION0 -1 -7.023e+02 5.128e+01 3.002e+00
|            ( - -2.054e+02 1 0)
|            ( - -4.457e+02 1 0)))
|    ( QUESTION0 -1 -1.497e+03 7.098e+01 6.000e+00
|        ( - -2.486e+02 1 0)
|        ( - -1.177e+03 3 0)))
s>    ( QUESTION0_0_R 1 -6.675e+03 9.462e+01 2.902e+01
s>        ( QUESTION19 -1 -5.083e+03 6.724e+01 2.302e+01
s>            ( - -4.313e+03 3 0)
s>            ( QUESTION0 -1 -7.023e+02 5.128e+01 3.002e+00
s>                ( - -2.054e+02 1 0)
s>                ( - -4.457e+02 1 0)))
s>        ( QUESTION0 -1 -1.497e+03 7.098e+01 6.000e+00
s>            ( - -2.486e+02 1 0)
s>            ( - -1.177e+03 3 0)))INFO: dtree.c(1315): Comp split 23
INFO: dtree.c(1439): stop. leaf nodes are specific
INFO: dtree.c(1478): Final simple tree
|( QUESTION1 -1 -2.252e+03 7.061e+01 9.002e+00
|    ( - -2.486e+02 1 0)
|    ( QUESTION13 -1 -1.932e+03 5.526e+01 8.002e+00
|        ( - -4.457e+02 1 0)
|        ( QUESTION0_0_R 1 -1.432e+03 4.881e+01 6.000e+00
|            ( - -2.054e+02 1 0)
|            ( - -1.177e+03 3 0))))
s>    ( QUESTION1 -1 -2.252e+03 7.061e+01 9.002e+00
s>        ( - -2.486e+02 1 0)
s>        ( QUESTION13 -1 -1.932e+03 5.526e+01 8.002e+00
s>            ( - -4.457e+02 1 0)
s>            ( QUESTION0_0_R 1 -1.432e+03 4.881e+01 6.000e+00
s>                ( - -2.054e+02 1 0)
s>                ( - -1.177e+03 3 0))))INFO: dtree.c(1315): Comp split 24
INFO: dtree.c(1315): Comp split 25
INFO: dtree.c(1439): stop. leaf nodes are specific
INFO: dtree.c(1478): Final simple tree
|( QUESTION14 -1 -2.013e+03 7.535e+01 9.084e+00
|    ( - -8.895e+02 1 0)
|    ( - -1.048e+03 1 0))
s>    ( QUESTION14 -1 -2.013e+03 7.535e+01 9.084e+00
s>        ( - -8.895e+02 1 0)
s>        ( - -1.048e+03 1 0))INFO: dtree.c(1315): Comp split 26
INFO: dtree.c(1315): Comp split 27
INFO: dtree.c(1315): Comp split 28
INFO: dtree.c(1315): Comp split 29
INFO: dtree.c(1439): stop. leaf nodes are specific
INFO: dtree.c(1478): Final simple tree
|( QUESTION13 -1 -1.932e+03 5.526e+01 8.002e+00
|    ( - -4.457e+02 1 0)
|    ( QUESTION0_0_R 1 -1.432e+03 4.881e+01 6.000e+00
|        ( - -2.054e+02 1 0)
|        ( - -1.177e+03 3 0)))
s>    ( QUESTION13 -1 -1.932e+03 5.526e+01 8.002e+00
s>        ( - -4.457e+02 1 0)
s>        ( QUESTION0_0_R 1 -1.432e+03 4.881e+01 6.000e+00
s>            ( - -2.054e+02 1 0)
s>            ( - -1.177e+03 3 0)))INFO: dtree.c(1315): Comp split 30
INFO: dtree.c(1315): Comp split 31
INFO: dtree.c(1439): stop. leaf nodes are specific
INFO: dtree.c(1478): Final simple tree
|( QUESTION0_0_R 1 -1.432e+03 4.881e+01 6.000e+00
|    ( - -2.054e+02 1 0)
|    ( - -1.177e+03 3 0))
s>    ( QUESTION0_0_R 1 -1.432e+03 4.881e+01 6.000e+00
s>        ( - -2.054e+02 1 0)
s>        ( - -1.177e+03 3 0))INFO: dtree.c(1315): Comp split 32
INFO: dtree.c(1315): Comp split 33
INFO: dtree.c(1318): stop. leaf nodes are specific
Thu May  7 00:23:34 2020
