Current configuration:
[NAME]		[DEFLT]	[VALUE]
-allphones	no	no
-cntthresh	0.00001	1.000000e-05
-csplitmax	100	2000
-csplitmin	1	1
-csplitthr	8e-4	0.000000e+00
-example	no	no
-fullvar	no	no
-help		no	no
-meanfn			/home/abdy/Desktop/diploma/kg/model_parameters/kg.cd_cont_untied/means
-mixwfn			/home/abdy/Desktop/diploma/kg/model_parameters/kg.cd_cont_untied/mixture_weights
-moddeffn		/home/abdy/Desktop/diploma/kg/model_architecture/kg.untied.mdef
-mwfloor	1e-4	1.000000e-08
-phone			g
-psetfn			/home/abdy/Desktop/diploma/kg/model_architecture/kg.tree_questions
-ssplitmax	5	7
-ssplitmin	1	1
-ssplitthr	8e-4	0.000000e+00
-state			0
-stwt			1.0,0.05,0.0,
-treefn			/home/abdy/Desktop/diploma/kg/trees/kg.unpruned/g-0.dtree
-ts2cbfn	.semi.	.cont.
-varfloor	0.00001	1.000000e-05
-varfn			/home/abdy/Desktop/diploma/kg/model_parameters/kg.cd_cont_untied/variances

INFO: main.c(223): Reading: /home/abdy/Desktop/diploma/kg/model_architecture/kg.untied.mdef
INFO: model_def_io.c(573): Model definition info:
INFO: model_def_io.c(574): 10297 total models defined (47 base, 10250 tri)
INFO: model_def_io.c(575): 41188 total states
INFO: model_def_io.c(576): 30891 total tied states
INFO: model_def_io.c(577): 141 total tied CI states
INFO: model_def_io.c(578): 47 total tied transition matrices
INFO: model_def_io.c(579): 4 max state/model
INFO: model_def_io.c(580): 4 min state/model
INFO: main.c(242): Building trees for [g SIL je b] through [g z oy i]
INFO: main.c(269): Covering states |[6159 6383]| == 225
INFO: main.c(275): Reading: /home/abdy/Desktop/diploma/kg/model_parameters/kg.cd_cont_untied/mixture_weights
INFO: s3mixw_io.c(173): Read /home/abdy/Desktop/diploma/kg/model_parameters/kg.cd_cont_untied/mixture_weights [225x1x1 array]
INFO: main.c(311): 20 of 75 models have observation count greater than 0.000010
INFO: main.c(95): nrm stwt: 0.952 0.048 0.000 
INFO: s3gau_io.c(169): Read /home/abdy/Desktop/diploma/kg/model_parameters/kg.cd_cont_untied/means [30891x1x1 array]
INFO: s3gau_io.c(169): Read /home/abdy/Desktop/diploma/kg/model_parameters/kg.cd_cont_untied/variances [30891x1x1 array]
INFO: main.c(549): Reading: /home/abdy/Desktop/diploma/kg/model_architecture/kg.tree_questions
INFO: main.c(588): 174 total simple questions (166 phone; 8 word bndry)
INFO: main.c(590): 40 Left Only questions, and 42 Right Only questions
INFO: dtree.c(1478): Final simple tree
|( QUESTION0_5_R 1 -2.460e+04 2.082e+02 1.035e+02
|    ( QUESTION3 -1 -1.337e+04 1.771e+02 5.667e+01
|        ( - -1.213e+03 1 0)
|        ( QUESTION15 -1 -1.198e+04 1.359e+02 5.067e+01
|            ( - -8.206e+02 2 0 QUESTION0_6_R 1 8.627e+01 3.915e+00)
|            ( QUESTION0 -1 -1.103e+04 1.385e+02 4.676e+01
|                ( - -5.088e+03 2 0 QUESTION0_6_R 1 4.703e+01 2.188e+01)
|                ( - -5.800e+03 7 0 QUESTION13 -1 8.793e+01 2.488e+01))))
|    ( QUESTION19 -1 -1.101e+04 1.482e+02 4.686e+01
|        ( QUESTION2_1_L -1 -4.560e+03 1.096e+02 1.967e+01
|            ( - -2.483e+03 2 0)
|            ( - -1.967e+03 1 0))
|        ( QUESTION0 -1 -6.306e+03 1.316e+02 2.719e+01
|            ( - -4.663e+03 4 0 QUESTION2 -1 1.055e+02 2.019e+01)
|            ( - -1.511e+03 1 0))))
s>    ( QUESTION0_5_R 1 -2.460e+04 2.082e+02 1.035e+02
s>        ( QUESTION3 -1 -1.337e+04 1.771e+02 5.667e+01
s>            ( - -1.213e+03 1 0)
s>            ( QUESTION15 -1 -1.198e+04 1.359e+02 5.067e+01
s>                ( - -8.206e+02 2 0 QUESTION0_6_R 1 8.627e+01 3.915e+00)
s>                ( QUESTION0 -1 -1.103e+04 1.385e+02 4.676e+01
s>                    ( - -5.088e+03 2 0 QUESTION0_6_R 1 4.703e+01 2.188e+01)
s>                    ( - -5.800e+03 7 0 QUESTION13 -1 8.793e+01 2.488e+01))))
s>        ( QUESTION19 -1 -1.101e+04 1.482e+02 4.686e+01
s>            ( QUESTION2_1_L -1 -4.560e+03 1.096e+02 1.967e+01
s>                ( - -2.483e+03 2 0)
s>                ( - -1.967e+03 1 0))
s>            ( QUESTION0 -1 -6.306e+03 1.316e+02 2.719e+01
s>                ( - -4.663e+03 4 0 QUESTION2 -1 1.055e+02 2.019e+01)
s>                ( - -1.511e+03 1 0))))INFO: dtree.c(1315): Comp split 0
INFO: dtree.c(1478): Final simple tree
|( QUESTION19 -1 -1.197e+04 1.477e+02 5.077e+01
|    ( QUESTION2_1_L -1 -4.560e+03 1.096e+02 1.967e+01
|        ( - -2.483e+03 2 0)
|        ( - -1.967e+03 1 0))
|    ( QUESTION16 -1 -7.261e+03 1.376e+02 3.110e+01
|        ( - -3.486e+02 1 0)
|        ( QUESTION14 -1 -6.775e+03 1.266e+02 2.910e+01
|            ( - -1.511e+03 1 0)
|            ( QUESTION3 -1 -5.137e+03 1.056e+02 2.210e+01
|                ( - -1.759e+03 1 0)
|                ( QUESTION11 1 -3.272e+03 9.989e+01 1.412e+01
|                    ( - -1.264e+03 1 0)
|                    ( QUESTION0_5_R 1 -1.908e+03 8.228e+01 8.112e+00
|                        ( - -3.858e+02 1 0)
|                        ( - -1.440e+03 2 0)))))))
s>    ( QUESTION19 -1 -1.197e+04 1.477e+02 5.077e+01
s>        ( QUESTION2_1_L -1 -4.560e+03 1.096e+02 1.967e+01
s>            ( - -2.483e+03 2 0)
s>            ( - -1.967e+03 1 0))
s>        ( QUESTION16 -1 -7.261e+03 1.376e+02 3.110e+01
s>            ( - -3.486e+02 1 0)
s>            ( QUESTION14 -1 -6.775e+03 1.266e+02 2.910e+01
s>                ( - -1.511e+03 1 0)
s>                ( QUESTION3 -1 -5.137e+03 1.056e+02 2.210e+01
s>                    ( - -1.759e+03 1 0)
s>                    ( QUESTION11 1 -3.272e+03 9.989e+01 1.412e+01
s>                        ( - -1.264e+03 1 0)
s>                        ( QUESTION0_5_R 1 -1.908e+03 8.228e+01 8.112e+00
s>                            ( - -3.858e+02 1 0)
s>                            ( - -1.440e+03 2 0)))))))INFO: dtree.c(1439): stop. leaf nodes are specific
INFO: dtree.c(1478): Final simple tree
|( QUESTION3 -1 -1.242e+04 1.753e+02 5.275e+01
|    ( - -1.213e+03 1 0)
|    ( QUESTION0 -1 -1.103e+04 1.385e+02 4.676e+01
|        ( QUESTION0_6_R 1 -5.088e+03 4.703e+01 2.188e+01
|            ( - -4.596e+03 1 0)
|            ( - -4.457e+02 1 0))
|        ( QUESTION13 -1 -5.800e+03 8.793e+01 2.488e+01
|            ( QUESTION0_6_R 1 -1.419e+03 5.662e+01 6.301e+00
|                ( - -7.525e+02 1 0)
|                ( - -6.094e+02 1 0))
|            ( QUESTION0_6_R 1 -4.294e+03 9.474e+01 1.858e+01
|                ( - -2.872e+03 3 0)
|                ( - -1.326e+03 2 0)))))
s>    ( QUESTION3 -1 -1.242e+04 1.753e+02 5.275e+01
s>        ( - -1.213e+03 1 0)
s>        ( QUESTION0 -1 -1.103e+04 1.385e+02 4.676e+01
s>            ( QUESTION0_6_R 1 -5.088e+03 4.703e+01 2.188e+01
s>                ( - -4.596e+03 1 0)
s>                ( - -4.457e+02 1 0))
s>            ( QUESTION13 -1 -5.800e+03 8.793e+01 2.488e+01
s>                ( QUESTION0_6_R 1 -1.419e+03 5.662e+01 6.301e+00
s>                    ( - -7.525e+02 1 0)
s>                    ( - -6.094e+02 1 0))
s>                ( QUESTION0_6_R 1 -4.294e+03 9.474e+01 1.858e+01
s>                    ( - -2.872e+03 3 0)
s>                    ( - -1.326e+03 2 0)))))INFO: dtree.c(1315): Comp split 1
INFO: dtree.c(1439): stop. leaf nodes are specific
INFO: dtree.c(1478): Final simple tree
|( QUESTION0 -1 -1.103e+04 1.385e+02 4.676e+01
|    ( QUESTION0_6_R 1 -5.088e+03 4.703e+01 2.188e+01
|        ( - -4.596e+03 1 0)
|        ( - -4.457e+02 1 0))
|    ( QUESTION13 -1 -5.800e+03 8.793e+01 2.488e+01
|        ( QUESTION0_6_R 1 -1.419e+03 5.662e+01 6.301e+00
|            ( - -7.525e+02 1 0)
|            ( - -6.094e+02 1 0))
|        ( QUESTION0_6_R 1 -4.294e+03 9.474e+01 1.858e+01
|            ( - -2.872e+03 3 0)
|            ( - -1.326e+03 2 0))))
s>    ( QUESTION0 -1 -1.103e+04 1.385e+02 4.676e+01
s>        ( QUESTION0_6_R 1 -5.088e+03 4.703e+01 2.188e+01
s>            ( - -4.596e+03 1 0)
s>            ( - -4.457e+02 1 0))
s>        ( QUESTION13 -1 -5.800e+03 8.793e+01 2.488e+01
s>            ( QUESTION0_6_R 1 -1.419e+03 5.662e+01 6.301e+00
s>                ( - -7.525e+02 1 0)
s>                ( - -6.094e+02 1 0))
s>            ( QUESTION0_6_R 1 -4.294e+03 9.474e+01 1.858e+01
s>                ( - -2.872e+03 3 0)
s>                ( - -1.326e+03 2 0))))INFO: dtree.c(1315): Comp split 2
INFO: dtree.c(1439): stop. leaf nodes are specific
INFO: dtree.c(1478): Final simple tree
|( QUESTION2 -1 -3.133e+03 1.093e+02 1.399e+01
|    ( - -1.264e+03 1 0)
|    ( - -1.759e+03 1 0))
s>    ( QUESTION2 -1 -3.133e+03 1.093e+02 1.399e+01
s>        ( - -1.264e+03 1 0)
s>        ( - -1.759e+03 1 0))INFO: dtree.c(1439): stop. leaf nodes are specific
INFO: dtree.c(1478): Final simple tree
|( QUESTION19 -1 -8.688e+03 1.384e+02 3.678e+01
|    ( QUESTION2_1_L -1 -4.560e+03 1.096e+02 1.967e+01
|        ( - -2.483e+03 2 0)
|        ( - -1.967e+03 1 0))
|    ( QUESTION16 -1 -3.989e+03 1.240e+02 1.711e+01
|        ( - -3.486e+02 1 0)
|        ( QUESTION14 -1 -3.517e+03 9.759e+01 1.511e+01
|            ( - -1.511e+03 1 0)
|            ( QUESTION0_5_R 1 -1.908e+03 8.228e+01 8.112e+00
|                ( - -3.858e+02 1 0)
|                ( - -1.440e+03 2 0)))))
s>    ( QUESTION19 -1 -8.688e+03 1.384e+02 3.678e+01
s>        ( QUESTION2_1_L -1 -4.560e+03 1.096e+02 1.967e+01
s>            ( - -2.483e+03 2 0)
s>            ( - -1.967e+03 1 0))
s>        ( QUESTION16 -1 -3.989e+03 1.240e+02 1.711e+01
s>            ( - -3.486e+02 1 0)
s>            ( QUESTION14 -1 -3.517e+03 9.759e+01 1.511e+01
s>                ( - -1.511e+03 1 0)
s>                ( QUESTION0_5_R 1 -1.908e+03 8.228e+01 8.112e+00
s>                    ( - -3.858e+02 1 0)
s>                    ( - -1.440e+03 2 0)))))INFO: dtree.c(1315): Comp split 3
INFO: dtree.c(1439): stop. leaf nodes are specific
INFO: dtree.c(1478): Final simple tree
|( QUESTION13 -1 -5.800e+03 8.793e+01 2.488e+01
|    ( QUESTION0_6_R 1 -1.419e+03 5.662e+01 6.301e+00
|        ( - -7.525e+02 1 0)
|        ( - -6.094e+02 1 0))
|    ( QUESTION0_6_R 1 -4.294e+03 9.474e+01 1.858e+01
|        ( - -2.872e+03 3 0)
|        ( - -1.326e+03 2 0)))
s>    ( QUESTION13 -1 -5.800e+03 8.793e+01 2.488e+01
s>        ( QUESTION0_6_R 1 -1.419e+03 5.662e+01 6.301e+00
s>            ( - -7.525e+02 1 0)
s>            ( - -6.094e+02 1 0))
s>        ( QUESTION0_6_R 1 -4.294e+03 9.474e+01 1.858e+01
s>            ( - -2.872e+03 3 0)
s>            ( - -1.326e+03 2 0)))INFO: dtree.c(1439): stop. leaf nodes are specific
INFO: dtree.c(1478): Final simple tree
|( QUESTION0_6_R 1 -5.088e+03 4.703e+01 2.188e+01
|    ( - -4.596e+03 1 0)
|    ( - -4.457e+02 1 0))
s>    ( QUESTION0_6_R 1 -5.088e+03 4.703e+01 2.188e+01
s>        ( - -4.596e+03 1 0)
s>        ( - -4.457e+02 1 0))INFO: dtree.c(1315): Comp split 4
INFO: dtree.c(1439): stop. leaf nodes are specific
INFO: dtree.c(1478): Final simple tree
|( QUESTION16 -1 -3.989e+03 1.240e+02 1.711e+01
|    ( - -3.486e+02 1 0)
|    ( QUESTION14 -1 -3.517e+03 9.759e+01 1.511e+01
|        ( - -1.511e+03 1 0)
|        ( QUESTION0_5_R 1 -1.908e+03 8.228e+01 8.112e+00
|            ( - -3.858e+02 1 0)
|            ( - -1.440e+03 2 0))))
s>    ( QUESTION16 -1 -3.989e+03 1.240e+02 1.711e+01
s>        ( - -3.486e+02 1 0)
s>        ( QUESTION14 -1 -3.517e+03 9.759e+01 1.511e+01
s>            ( - -1.511e+03 1 0)
s>            ( QUESTION0_5_R 1 -1.908e+03 8.228e+01 8.112e+00
s>                ( - -3.858e+02 1 0)
s>                ( - -1.440e+03 2 0))))INFO: dtree.c(1439): stop. leaf nodes are specific
INFO: dtree.c(1478): Final simple tree
|( QUESTION2_1_L -1 -4.560e+03 1.096e+02 1.967e+01
|    ( - -2.483e+03 2 0)
|    ( - -1.967e+03 1 0))
s>    ( QUESTION2_1_L -1 -4.560e+03 1.096e+02 1.967e+01
s>        ( - -2.483e+03 2 0)
s>        ( - -1.967e+03 1 0))INFO: dtree.c(1315): Comp split 5
INFO: dtree.c(1439): stop. leaf nodes are specific
INFO: dtree.c(1478): Final simple tree
|( QUESTION14 -1 -3.517e+03 9.759e+01 1.511e+01
|    ( - -1.511e+03 1 0)
|    ( QUESTION0_5_R 1 -1.908e+03 8.228e+01 8.112e+00
|        ( - -3.858e+02 1 0)
|        ( - -1.440e+03 2 0)))
s>    ( QUESTION14 -1 -3.517e+03 9.759e+01 1.511e+01
s>        ( - -1.511e+03 1 0)
s>        ( QUESTION0_5_R 1 -1.908e+03 8.228e+01 8.112e+00
s>            ( - -3.858e+02 1 0)
s>            ( - -1.440e+03 2 0)))INFO: dtree.c(1315): Comp split 6
INFO: dtree.c(1315): Comp split 7
INFO: dtree.c(1315): Comp split 8
INFO: dtree.c(1439): stop. leaf nodes are specific
INFO: dtree.c(1478): Final simple tree
|( QUESTION0_5_R 1 -1.908e+03 8.228e+01 8.112e+00
|    ( - -3.858e+02 1 0)
|    ( - -1.440e+03 2 0))
s>    ( QUESTION0_5_R 1 -1.908e+03 8.228e+01 8.112e+00
s>        ( - -3.858e+02 1 0)
s>        ( - -1.440e+03 2 0))INFO: dtree.c(1315): Comp split 9
INFO: dtree.c(1439): stop. leaf nodes are specific
INFO: dtree.c(1478): Final simple tree
|( QUESTION13 -1 -4.380e+03 8.919e+01 1.892e+01
|    ( QUESTION0_6_R 1 -1.419e+03 5.662e+01 6.301e+00
|        ( - -7.525e+02 1 0)
|        ( - -6.094e+02 1 0))
|    ( - -2.872e+03 3 0))
s>    ( QUESTION13 -1 -4.380e+03 8.919e+01 1.892e+01
s>        ( QUESTION0_6_R 1 -1.419e+03 5.662e+01 6.301e+00
s>            ( - -7.525e+02 1 0)
s>            ( - -6.094e+02 1 0))
s>        ( - -2.872e+03 3 0))INFO: dtree.c(1315): Comp split 10
INFO: dtree.c(1439): stop. leaf nodes are specific
INFO: dtree.c(1478): Final simple tree
|( QUESTION0_6_R 1 -1.419e+03 5.662e+01 6.301e+00
|    ( - -7.525e+02 1 0)
|    ( - -6.094e+02 1 0))
s>    ( QUESTION0_6_R 1 -1.419e+03 5.662e+01 6.301e+00
s>        ( - -7.525e+02 1 0)
s>        ( - -6.094e+02 1 0))INFO: dtree.c(1315): Comp split 11
INFO: dtree.c(1315): Comp split 12
INFO: dtree.c(1315): Comp split 13
INFO: dtree.c(1315): Comp split 14
INFO: dtree.c(1318): stop. leaf nodes are specific
Thu May  7 00:23:20 2020
