Current configuration:
[NAME]		[DEFLT]	[VALUE]
-allphones	no	no
-cntthresh	0.00001	1.000000e-05
-csplitmax	100	2000
-csplitmin	1	1
-csplitthr	8e-4	0.000000e+00
-example	no	no
-fullvar	no	no
-help		no	no
-meanfn			/home/abdy/Desktop/diploma/kg/model_parameters/kg.cd_cont_untied/means
-mixwfn			/home/abdy/Desktop/diploma/kg/model_parameters/kg.cd_cont_untied/mixture_weights
-moddeffn		/home/abdy/Desktop/diploma/kg/model_architecture/kg.untied.mdef
-mwfloor	1e-4	1.000000e-08
-phone			sh
-psetfn			/home/abdy/Desktop/diploma/kg/model_architecture/kg.tree_questions
-ssplitmax	5	7
-ssplitmin	1	1
-ssplitthr	8e-4	0.000000e+00
-state			2
-stwt			1.0,0.05,0.0,
-treefn			/home/abdy/Desktop/diploma/kg/trees/kg.unpruned/sh-2.dtree
-ts2cbfn	.semi.	.cont.
-varfloor	0.00001	1.000000e-05
-varfn			/home/abdy/Desktop/diploma/kg/model_parameters/kg.cd_cont_untied/variances

INFO: main.c(223): Reading: /home/abdy/Desktop/diploma/kg/model_architecture/kg.untied.mdef
INFO: model_def_io.c(573): Model definition info:
INFO: model_def_io.c(574): 10297 total models defined (47 base, 10250 tri)
INFO: model_def_io.c(575): 41188 total states
INFO: model_def_io.c(576): 30891 total tied states
INFO: model_def_io.c(577): 141 total tied CI states
INFO: model_def_io.c(578): 47 total tied transition matrices
INFO: model_def_io.c(579): 4 max state/model
INFO: model_def_io.c(580): 4 min state/model
INFO: main.c(242): Building trees for [sh SIL a b] through [sh z t b]
INFO: main.c(269): Covering states |[22677 23312]| == 636
INFO: main.c(275): Reading: /home/abdy/Desktop/diploma/kg/model_parameters/kg.cd_cont_untied/mixture_weights
INFO: s3mixw_io.c(173): Read /home/abdy/Desktop/diploma/kg/model_parameters/kg.cd_cont_untied/mixture_weights [636x1x1 array]
INFO: main.c(311): 57 of 212 models have observation count greater than 0.000010
INFO: main.c(95): nrm stwt: 0.000 0.048 0.952 
INFO: s3gau_io.c(169): Read /home/abdy/Desktop/diploma/kg/model_parameters/kg.cd_cont_untied/means [30891x1x1 array]
INFO: s3gau_io.c(169): Read /home/abdy/Desktop/diploma/kg/model_parameters/kg.cd_cont_untied/variances [30891x1x1 array]
INFO: main.c(549): Reading: /home/abdy/Desktop/diploma/kg/model_architecture/kg.tree_questions
INFO: main.c(588): 174 total simple questions (166 phone; 8 word bndry)
INFO: main.c(590): 40 Left Only questions, and 42 Right Only questions
INFO: dtree.c(1478): Final simple tree
|( QUESTION0_2_R 1 -8.627e+04 6.662e+02 3.532e+02
|    ( QUESTION0_3_R 1 -5.062e+04 2.701e+02 2.071e+02
|        ( WDBNDRY_I 0 -2.514e+04 1.931e+02 1.036e+02
|            ( - -1.804e+04 7 0 QUESTION0 -1 1.649e+02 7.457e+01)
|            ( - -6.907e+03 8 0 QUESTION11 1 1.821e+02 2.900e+01))
|        ( WDBNDRY_B 0 -2.521e+04 1.939e+02 1.036e+02
|            ( QUESTION0_6_R 1 -2.787e+03 1.905e+02 1.200e+01
|                ( - -2.049e+03 2 0 QUESTION11 -1 8.482e+01 9.000e+00)
|                ( - -5.475e+02 1 0))
|            ( - -2.223e+04 14 0 QUESTION0_5_R 1 1.832e+02 9.156e+01)))
|    ( QUESTION0_9_R 1 -3.499e+04 4.538e+02 1.461e+02
|        ( - 1.669e+02 1 0)
|        ( QUESTION0_14_R 1 -3.470e+04 2.510e+02 1.451e+02
|            ( - -1.134e+04 6 0 WDBNDRY_E 0 1.611e+02 4.764e+01)
|            ( - -2.311e+04 18 0 QUESTION2_2_L -1 1.796e+02 9.744e+01))))
s>    ( QUESTION0_2_R 1 -8.627e+04 6.662e+02 3.532e+02
s>        ( QUESTION0_3_R 1 -5.062e+04 2.701e+02 2.071e+02
s>            ( WDBNDRY_I 0 -2.514e+04 1.931e+02 1.036e+02
s>                ( - -1.804e+04 7 0 QUESTION0 -1 1.649e+02 7.457e+01)
s>                ( - -6.907e+03 8 0 QUESTION11 1 1.821e+02 2.900e+01))
s>            ( WDBNDRY_B 0 -2.521e+04 1.939e+02 1.036e+02
s>                ( QUESTION0_6_R 1 -2.787e+03 1.905e+02 1.200e+01
s>                    ( - -2.049e+03 2 0 QUESTION11 -1 8.482e+01 9.000e+00)
s>                    ( - -5.475e+02 1 0))
s>                ( - -2.223e+04 14 0 QUESTION0_5_R 1 1.832e+02 9.156e+01)))
s>        ( QUESTION0_9_R 1 -3.499e+04 4.538e+02 1.461e+02
s>            ( - 1.669e+02 1 0)
s>            ( QUESTION0_14_R 1 -3.470e+04 2.510e+02 1.451e+02
s>                ( - -1.134e+04 6 0 WDBNDRY_E 0 1.611e+02 4.764e+01)
s>                ( - -2.311e+04 18 0 QUESTION2_2_L -1 1.796e+02 9.744e+01))))INFO: dtree.c(1315): Comp split 0
INFO: dtree.c(1478): Final simple tree
|( QUESTION0_3_R 1 -5.062e+04 2.701e+02 2.071e+02
|    ( WDBNDRY_I 0 -2.514e+04 1.931e+02 1.036e+02
|        ( QUESTION0 -1 -1.804e+04 1.649e+02 7.457e+01
|            ( - -8.793e+02 1 0)
|            ( - -1.699e+04 6 0 QUESTION13 1 1.620e+02 7.057e+01))
|        ( QUESTION11 1 -6.907e+03 1.821e+02 2.900e+01
|            ( - -5.999e+03 7 0 WDBNDRY_B 0 9.892e+01 2.500e+01)
|            ( - -7.263e+02 1 0)))
|    ( WDBNDRY_B 0 -2.521e+04 1.939e+02 1.036e+02
|        ( QUESTION0_6_R 1 -2.787e+03 1.905e+02 1.200e+01
|            ( - -2.049e+03 2 0 QUESTION11 -1 8.482e+01 9.000e+00)
|            ( - -5.475e+02 1 0))
|        ( QUESTION0_5_R 1 -2.223e+04 1.832e+02 9.156e+01
|            ( - -8.679e+03 5 0 WDBNDRY_E 0 1.131e+02 3.702e+01)
|            ( - -1.336e+04 9 0 QUESTION13 -1 1.488e+02 5.454e+01))))
s>    ( QUESTION0_3_R 1 -5.062e+04 2.701e+02 2.071e+02
s>        ( WDBNDRY_I 0 -2.514e+04 1.931e+02 1.036e+02
s>            ( QUESTION0 -1 -1.804e+04 1.649e+02 7.457e+01
s>                ( - -8.793e+02 1 0)
s>                ( - -1.699e+04 6 0 QUESTION13 1 1.620e+02 7.057e+01))
s>            ( QUESTION11 1 -6.907e+03 1.821e+02 2.900e+01
s>                ( - -5.999e+03 7 0 WDBNDRY_B 0 9.892e+01 2.500e+01)
s>                ( - -7.263e+02 1 0)))
s>        ( WDBNDRY_B 0 -2.521e+04 1.939e+02 1.036e+02
s>            ( QUESTION0_6_R 1 -2.787e+03 1.905e+02 1.200e+01
s>                ( - -2.049e+03 2 0 QUESTION11 -1 8.482e+01 9.000e+00)
s>                ( - -5.475e+02 1 0))
s>            ( QUESTION0_5_R 1 -2.223e+04 1.832e+02 9.156e+01
s>                ( - -8.679e+03 5 0 WDBNDRY_E 0 1.131e+02 3.702e+01)
s>                ( - -1.336e+04 9 0 QUESTION13 -1 1.488e+02 5.454e+01))))INFO: dtree.c(1478): Final simple tree
|( QUESTION0_9_R 1 -3.499e+04 4.538e+02 1.461e+02
|    ( - 1.669e+02 1 0)
|    ( QUESTION0_14_R 1 -3.470e+04 2.510e+02 1.451e+02
|        ( WDBNDRY_E 0 -1.134e+04 1.611e+02 4.764e+01
|            ( - -7.502e+02 1 0)
|            ( - -1.043e+04 5 0 QUESTION11 -1 9.845e+01 4.364e+01))
|        ( QUESTION2_2_L -1 -2.311e+04 1.796e+02 9.744e+01
|            ( - -1.069e+03 1 0)
|            ( QUESTION0 -1 -2.186e+04 1.650e+02 9.244e+01
|                ( - -1.039e+03 1 0)
|                ( QUESTION0_11_R 1 -2.066e+04 1.553e+02 8.744e+01
|                    ( QUESTION11 -1 -1.974e+04 1.382e+02 8.344e+01
|                        ( - -4.834e+03 3 0 WDBNDRY_E 0 1.724e+02 2.068e+01)
|                        ( - -1.477e+04 12 0 WDBNDRY_B 0 1.346e+02 6.276e+01))
|                    ( - -7.617e+02 1 0))))))
s>    ( QUESTION0_9_R 1 -3.499e+04 4.538e+02 1.461e+02
s>        ( - 1.669e+02 1 0)
s>        ( QUESTION0_14_R 1 -3.470e+04 2.510e+02 1.451e+02
s>            ( WDBNDRY_E 0 -1.134e+04 1.611e+02 4.764e+01
s>                ( - -7.502e+02 1 0)
s>                ( - -1.043e+04 5 0 QUESTION11 -1 9.845e+01 4.364e+01))
s>            ( QUESTION2_2_L -1 -2.311e+04 1.796e+02 9.744e+01
s>                ( - -1.069e+03 1 0)
s>                ( QUESTION0 -1 -2.186e+04 1.650e+02 9.244e+01
s>                    ( - -1.039e+03 1 0)
s>                    ( QUESTION0_11_R 1 -2.066e+04 1.553e+02 8.744e+01
s>                        ( QUESTION11 -1 -1.974e+04 1.382e+02 8.344e+01
s>                            ( - -4.834e+03 3 0 WDBNDRY_E 0 1.724e+02 2.068e+01)
s>                            ( - -1.477e+04 12 0 WDBNDRY_B 0 1.346e+02 6.276e+01))
s>                        ( - -7.617e+02 1 0))))))INFO: dtree.c(1315): Comp split 1
INFO: dtree.c(1478): Final simple tree
|( QUESTION0_14_R 1 -3.470e+04 2.510e+02 1.451e+02
|    ( WDBNDRY_E 0 -1.134e+04 1.611e+02 4.764e+01
|        ( - -7.502e+02 1 0)
|        ( - -1.043e+04 5 0 QUESTION11 -1 9.845e+01 4.364e+01))
|    ( QUESTION2_2_L -1 -2.311e+04 1.796e+02 9.744e+01
|        ( - -1.069e+03 1 0)
|        ( QUESTION0 -1 -2.186e+04 1.650e+02 9.244e+01
|            ( - -1.039e+03 1 0)
|            ( QUESTION0_11_R 1 -2.066e+04 1.553e+02 8.744e+01
|                ( QUESTION11 -1 -1.974e+04 1.382e+02 8.344e+01
|                    ( WDBNDRY_E 0 -4.834e+03 1.724e+02 2.068e+01
|                        ( - -2.905e+02 1 0)
|                        ( - -4.371e+03 2 0 QUESTION0_12_R 1 9.679e+01 1.868e+01))
|                    ( - -1.477e+04 12 0 WDBNDRY_B 0 1.346e+02 6.276e+01))
|                ( - -7.617e+02 1 0)))))
s>    ( QUESTION0_14_R 1 -3.470e+04 2.510e+02 1.451e+02
s>        ( WDBNDRY_E 0 -1.134e+04 1.611e+02 4.764e+01
s>            ( - -7.502e+02 1 0)
s>            ( - -1.043e+04 5 0 QUESTION11 -1 9.845e+01 4.364e+01))
s>        ( QUESTION2_2_L -1 -2.311e+04 1.796e+02 9.744e+01
s>            ( - -1.069e+03 1 0)
s>            ( QUESTION0 -1 -2.186e+04 1.650e+02 9.244e+01
s>                ( - -1.039e+03 1 0)
s>                ( QUESTION0_11_R 1 -2.066e+04 1.553e+02 8.744e+01
s>                    ( QUESTION11 -1 -1.974e+04 1.382e+02 8.344e+01
s>                        ( WDBNDRY_E 0 -4.834e+03 1.724e+02 2.068e+01
s>                            ( - -2.905e+02 1 0)
s>                            ( - -4.371e+03 2 0 QUESTION0_12_R 1 9.679e+01 1.868e+01))
s>                        ( - -1.477e+04 12 0 WDBNDRY_B 0 1.346e+02 6.276e+01))
s>                    ( - -7.617e+02 1 0)))))INFO: dtree.c(1315): Comp split 2
INFO: dtree.c(1478): Final simple tree
|( QUESTION11 -1 -1.974e+04 1.382e+02 8.344e+01
|    ( WDBNDRY_E 0 -4.834e+03 1.724e+02 2.068e+01
|        ( - -2.905e+02 1 0)
|        ( QUESTION0_12_R 1 -4.371e+03 9.679e+01 1.868e+01
|            ( - -3.474e+03 1 0)
|            ( - -8.008e+02 1 0)))
|    ( WDBNDRY_B 0 -1.477e+04 1.346e+02 6.276e+01
|        ( - -5.742e+02 1 0)
|        ( QUESTION2_1_L -1 -1.406e+04 1.169e+02 5.976e+01
|            ( - -1.500e+03 1 0)
|            ( QUESTION0_12_R 1 -1.244e+04 1.137e+02 5.276e+01
|                ( WDBNDRY_E 0 -1.148e+04 1.019e+02 4.876e+01
|                    ( - -4.204e+02 1 0)
|                    ( - -1.096e+04 8 0))
|                ( - -8.503e+02 1 0)))))
s>    ( QUESTION11 -1 -1.974e+04 1.382e+02 8.344e+01
s>        ( WDBNDRY_E 0 -4.834e+03 1.724e+02 2.068e+01
s>            ( - -2.905e+02 1 0)
s>            ( QUESTION0_12_R 1 -4.371e+03 9.679e+01 1.868e+01
s>                ( - -3.474e+03 1 0)
s>                ( - -8.008e+02 1 0)))
s>        ( WDBNDRY_B 0 -1.477e+04 1.346e+02 6.276e+01
s>            ( - -5.742e+02 1 0)
s>            ( QUESTION2_1_L -1 -1.406e+04 1.169e+02 5.976e+01
s>                ( - -1.500e+03 1 0)
s>                ( QUESTION0_12_R 1 -1.244e+04 1.137e+02 5.276e+01
s>                    ( WDBNDRY_E 0 -1.148e+04 1.019e+02 4.876e+01
s>                        ( - -4.204e+02 1 0)
s>                        ( - -1.096e+04 8 0))
s>                    ( - -8.503e+02 1 0)))))INFO: dtree.c(1439): stop. leaf nodes are specific
INFO: dtree.c(1478): Final simple tree
|( QUESTION0 -1 -1.466e+04 1.643e+02 6.164e+01
|    ( - -1.039e+03 1 0)
|    ( QUESTION0_13_R 1 -1.346e+04 1.525e+02 5.664e+01
|        ( - -1.069e+03 1 0)
|        ( QUESTION0_11_R 1 -1.224e+04 1.335e+02 5.164e+01
|            ( WDBNDRY_E 0 -1.134e+04 1.611e+02 4.764e+01
|                ( - -7.502e+02 1 0)
|                ( QUESTION11 -1 -1.043e+04 9.845e+01 4.364e+01
|                    ( - -2.260e+03 1 0)
|                    ( QUESTION2_1_L -1 -8.073e+03 7.183e+01 3.384e+01
|                        ( - -1.906e+02 1 0)
|                        ( - -7.811e+03 3 0))))
|            ( - -7.617e+02 1 0))))
s>    ( QUESTION0 -1 -1.466e+04 1.643e+02 6.164e+01
s>        ( - -1.039e+03 1 0)
s>        ( QUESTION0_13_R 1 -1.346e+04 1.525e+02 5.664e+01
s>            ( - -1.069e+03 1 0)
s>            ( QUESTION0_11_R 1 -1.224e+04 1.335e+02 5.164e+01
s>                ( WDBNDRY_E 0 -1.134e+04 1.611e+02 4.764e+01
s>                    ( - -7.502e+02 1 0)
s>                    ( QUESTION11 -1 -1.043e+04 9.845e+01 4.364e+01
s>                        ( - -2.260e+03 1 0)
s>                        ( QUESTION2_1_L -1 -8.073e+03 7.183e+01 3.384e+01
s>                            ( - -1.906e+02 1 0)
s>                            ( - -7.811e+03 3 0))))
s>                ( - -7.617e+02 1 0))))INFO: dtree.c(1315): Comp split 3
INFO: dtree.c(1478): Final simple tree
|( WDBNDRY_B 0 -2.521e+04 1.939e+02 1.036e+02
|    ( QUESTION0_6_R 1 -2.787e+03 1.905e+02 1.200e+01
|        ( - -2.049e+03 2 0 QUESTION11 -1 8.482e+01 9.000e+00)
|        ( - -5.475e+02 1 0))
|    ( QUESTION0_5_R 1 -2.223e+04 1.832e+02 9.156e+01
|        ( - -8.679e+03 5 0 WDBNDRY_E 0 1.131e+02 3.702e+01)
|        ( QUESTION13 -1 -1.336e+04 1.488e+02 5.454e+01
|            ( - -5.973e+02 1 0)
|            ( QUESTION12 -1 -1.262e+04 1.350e+02 5.154e+01
|                ( QUESTION13 1 -6.482e+03 1.250e+02 2.670e+01
|                    ( - -6.769e+02 1 0)
|                    ( - -5.680e+03 4 0 WDBNDRY_E 0 1.212e+02 2.370e+01))
|                ( QUESTION4 -1 -6.001e+03 1.357e+02 2.484e+01
|                    ( - -1.860e+03 1 0)
|                    ( - -4.006e+03 2 0 QUESTION0 -1 9.254e+01 1.676e+01))))))
s>    ( WDBNDRY_B 0 -2.521e+04 1.939e+02 1.036e+02
s>        ( QUESTION0_6_R 1 -2.787e+03 1.905e+02 1.200e+01
s>            ( - -2.049e+03 2 0 QUESTION11 -1 8.482e+01 9.000e+00)
s>            ( - -5.475e+02 1 0))
s>        ( QUESTION0_5_R 1 -2.223e+04 1.832e+02 9.156e+01
s>            ( - -8.679e+03 5 0 WDBNDRY_E 0 1.131e+02 3.702e+01)
s>            ( QUESTION13 -1 -1.336e+04 1.488e+02 5.454e+01
s>                ( - -5.973e+02 1 0)
s>                ( QUESTION12 -1 -1.262e+04 1.350e+02 5.154e+01
s>                    ( QUESTION13 1 -6.482e+03 1.250e+02 2.670e+01
s>                        ( - -6.769e+02 1 0)
s>                        ( - -5.680e+03 4 0 WDBNDRY_E 0 1.212e+02 2.370e+01))
s>                    ( QUESTION4 -1 -6.001e+03 1.357e+02 2.484e+01
s>                        ( - -1.860e+03 1 0)
s>                        ( - -4.006e+03 2 0 QUESTION0 -1 9.254e+01 1.676e+01))))))INFO: dtree.c(1478): Final simple tree
|( WDBNDRY_I 0 -2.514e+04 1.931e+02 1.036e+02
|    ( QUESTION0 -1 -1.804e+04 1.649e+02 7.457e+01
|        ( - -8.793e+02 1 0)
|        ( QUESTION13 1 -1.699e+04 1.620e+02 7.057e+01
|            ( - -1.081e+03 1 0)
|            ( QUESTION11 1 -1.575e+04 1.265e+02 6.557e+01
|                ( QUESTION11 -1 -4.480e+03 1.141e+02 1.890e+01
|                    ( - -2.950e+03 1 0)
|                    ( - -1.416e+03 2 0))
|                ( QUESTION2_1_L -1 -1.115e+04 1.430e+02 4.667e+01
|                    ( - -4.191e+03 1 0)
|                    ( - -6.811e+03 1 0)))))
|    ( QUESTION11 1 -6.907e+03 1.821e+02 2.900e+01
|        ( - -5.999e+03 7 0 WDBNDRY_B 0 9.892e+01 2.500e+01)
|        ( - -7.263e+02 1 0)))
s>    ( WDBNDRY_I 0 -2.514e+04 1.931e+02 1.036e+02
s>        ( QUESTION0 -1 -1.804e+04 1.649e+02 7.457e+01
s>            ( - -8.793e+02 1 0)
s>            ( QUESTION13 1 -1.699e+04 1.620e+02 7.057e+01
s>                ( - -1.081e+03 1 0)
s>                ( QUESTION11 1 -1.575e+04 1.265e+02 6.557e+01
s>                    ( QUESTION11 -1 -4.480e+03 1.141e+02 1.890e+01
s>                        ( - -2.950e+03 1 0)
s>                        ( - -1.416e+03 2 0))
s>                    ( QUESTION2_1_L -1 -1.115e+04 1.430e+02 4.667e+01
s>                        ( - -4.191e+03 1 0)
s>                        ( - -6.811e+03 1 0)))))
s>        ( QUESTION11 1 -6.907e+03 1.821e+02 2.900e+01
s>            ( - -5.999e+03 7 0 WDBNDRY_B 0 9.892e+01 2.500e+01)
s>            ( - -7.263e+02 1 0)))INFO: dtree.c(1315): Comp split 4
INFO: dtree.c(1439): stop. leaf nodes are specific
INFO: dtree.c(1478): Final simple tree
|( WDBNDRY_B 0 -2.850e+03 1.239e+02 1.200e+01
|    ( QUESTION11 -1 -2.049e+03 8.482e+01 9.000e+00
|        ( - -1.767e+03 1 0)
|        ( - -1.973e+02 1 0))
|    ( - -6.769e+02 1 0))
s>    ( WDBNDRY_B 0 -2.850e+03 1.239e+02 1.200e+01
s>        ( QUESTION11 -1 -2.049e+03 8.482e+01 9.000e+00
s>            ( - -1.767e+03 1 0)
s>            ( - -1.973e+02 1 0))
s>        ( - -6.769e+02 1 0))INFO: dtree.c(1478): Final simple tree
|( QUESTION0_5_R 1 -2.212e+04 1.762e+02 9.156e+01
|    ( WDBNDRY_B 0 -9.387e+03 1.603e+02 4.002e+01
|        ( - -5.475e+02 1 0)
|        ( WDBNDRY_E 0 -8.679e+03 1.131e+02 3.702e+01
|            ( - -2.327e+03 2 0 QUESTION11 -1 7.536e+01 9.998e+00)
|            ( - -6.239e+03 3 0 QUESTION0_6_R 1 9.033e+01 2.702e+01)))
|    ( QUESTION13 -1 -1.256e+04 1.460e+02 5.154e+01
|        ( - -5.973e+02 1 0)
|        ( QUESTION12 -1 -1.181e+04 1.311e+02 4.854e+01
|            ( WDBNDRY_E 0 -5.680e+03 1.212e+02 2.370e+01
|                ( - -6.048e+02 1 0)
|                ( - -4.954e+03 3 0))
|            ( QUESTION4 -1 -6.001e+03 1.357e+02 2.484e+01
|                ( - -1.860e+03 1 0)
|                ( - -4.006e+03 2 0 QUESTION0 -1 9.254e+01 1.676e+01)))))
s>    ( QUESTION0_5_R 1 -2.212e+04 1.762e+02 9.156e+01
s>        ( WDBNDRY_B 0 -9.387e+03 1.603e+02 4.002e+01
s>            ( - -5.475e+02 1 0)
s>            ( WDBNDRY_E 0 -8.679e+03 1.131e+02 3.702e+01
s>                ( - -2.327e+03 2 0 QUESTION11 -1 7.536e+01 9.998e+00)
s>                ( - -6.239e+03 3 0 QUESTION0_6_R 1 9.033e+01 2.702e+01)))
s>        ( QUESTION13 -1 -1.256e+04 1.460e+02 5.154e+01
s>            ( - -5.973e+02 1 0)
s>            ( QUESTION12 -1 -1.181e+04 1.311e+02 4.854e+01
s>                ( WDBNDRY_E 0 -5.680e+03 1.212e+02 2.370e+01
s>                    ( - -6.048e+02 1 0)
s>                    ( - -4.954e+03 3 0))
s>                ( QUESTION4 -1 -6.001e+03 1.357e+02 2.484e+01
s>                    ( - -1.860e+03 1 0)
s>                    ( - -4.006e+03 2 0 QUESTION0 -1 9.254e+01 1.676e+01)))))INFO: dtree.c(1315): Comp split 5
INFO: dtree.c(1439): stop. leaf nodes are specific
INFO: dtree.c(1478): Final simple tree
|( QUESTION11 1 -9.977e+03 1.864e+02 4.190e+01
|    ( WDBNDRY_I 0 -9.064e+03 1.159e+02 3.790e+01
|        ( - -2.950e+03 1 0)
|        ( WDBNDRY_B 0 -5.999e+03 9.892e+01 2.500e+01
|            ( QUESTION0 -1 -5.250e+03 9.603e+01 2.200e+01
|                ( - -6.296e+02 1 0)
|                ( QUESTION19 -1 -4.524e+03 7.452e+01 1.900e+01
|                    ( - -2.122e+03 3 0)
|                    ( SILENCE -1 -2.327e+03 5.641e+01 9.999e+00
|                        ( - -1.606e+03 1 0)
|                        ( - -6.643e+02 1 0))))
|            ( - -6.501e+02 1 0)))
|    ( - -7.263e+02 1 0))
s>    ( QUESTION11 1 -9.977e+03 1.864e+02 4.190e+01
s>        ( WDBNDRY_I 0 -9.064e+03 1.159e+02 3.790e+01
s>            ( - -2.950e+03 1 0)
s>            ( WDBNDRY_B 0 -5.999e+03 9.892e+01 2.500e+01
s>                ( QUESTION0 -1 -5.250e+03 9.603e+01 2.200e+01
s>                    ( - -6.296e+02 1 0)
s>                    ( QUESTION19 -1 -4.524e+03 7.452e+01 1.900e+01
s>                        ( - -2.122e+03 3 0)
s>                        ( SILENCE -1 -2.327e+03 5.641e+01 9.999e+00
s>                            ( - -1.606e+03 1 0)
s>                            ( - -6.643e+02 1 0))))
s>                ( - -6.501e+02 1 0)))
s>        ( - -7.263e+02 1 0))INFO: dtree.c(1439): stop. leaf nodes are specific
INFO: dtree.c(1478): Final simple tree
|( QUESTION0 -1 -1.496e+04 1.654e+02 6.167e+01
|    ( - -8.793e+02 1 0)
|    ( QUESTION11 -1 -1.391e+04 1.562e+02 5.767e+01
|        ( - -1.081e+03 1 0)
|        ( QUESTION2_1_L -1 -1.268e+04 1.332e+02 5.267e+01
|            ( - -4.191e+03 1 0)
|            ( QUESTION11 1 -8.352e+03 1.242e+02 3.478e+01
|                ( - -1.416e+03 2 0)
|                ( - -6.811e+03 1 0)))))
s>    ( QUESTION0 -1 -1.496e+04 1.654e+02 6.167e+01
s>        ( - -8.793e+02 1 0)
s>        ( QUESTION11 -1 -1.391e+04 1.562e+02 5.767e+01
s>            ( - -1.081e+03 1 0)
s>            ( QUESTION2_1_L -1 -1.268e+04 1.332e+02 5.267e+01
s>                ( - -4.191e+03 1 0)
s>                ( QUESTION11 1 -8.352e+03 1.242e+02 3.478e+01
s>                    ( - -1.416e+03 2 0)
s>                    ( - -6.811e+03 1 0)))))INFO: dtree.c(1315): Comp split 6
INFO: dtree.c(1439): stop. leaf nodes are specific
INFO: dtree.c(1478): Final simple tree
|( QUESTION0_5_R 1 -1.355e+04 1.302e+02 5.678e+01
|    ( WDBNDRY_E 0 -8.679e+03 1.131e+02 3.702e+01
|        ( QUESTION11 -1 -2.327e+03 7.536e+01 9.998e+00
|            ( - -2.455e+02 1 0)
|            ( - -2.006e+03 1 0))
|        ( QUESTION0_6_R 1 -6.239e+03 9.033e+01 2.702e+01
|            ( - -1.577e+03 1 0)
|            ( - -4.571e+03 2 0)))
|    ( WDBNDRY_E 0 -4.737e+03 1.268e+02 1.976e+01
|        ( - -6.048e+02 1 0)
|        ( QUESTION0 -1 -4.006e+03 9.254e+01 1.676e+01
|            ( - -2.332e+03 1 0)
|            ( - -1.581e+03 1 0))))
s>    ( QUESTION0_5_R 1 -1.355e+04 1.302e+02 5.678e+01
s>        ( WDBNDRY_E 0 -8.679e+03 1.131e+02 3.702e+01
s>            ( QUESTION11 -1 -2.327e+03 7.536e+01 9.998e+00
s>                ( - -2.455e+02 1 0)
s>                ( - -2.006e+03 1 0))
s>            ( QUESTION0_6_R 1 -6.239e+03 9.033e+01 2.702e+01
s>                ( - -1.577e+03 1 0)
s>                ( - -4.571e+03 2 0)))
s>        ( WDBNDRY_E 0 -4.737e+03 1.268e+02 1.976e+01
s>            ( - -6.048e+02 1 0)
s>            ( QUESTION0 -1 -4.006e+03 9.254e+01 1.676e+01
s>                ( - -2.332e+03 1 0)
s>                ( - -1.581e+03 1 0))))INFO: dtree.c(1439): stop. leaf nodes are specific
INFO: dtree.c(1478): Final simple tree
|( WDBNDRY_B 0 -8.382e+03 1.571e+02 3.478e+01
|    ( - -5.475e+02 1 0)
|    ( WDBNDRY_E 0 -7.677e+03 1.497e+02 3.178e+01
|        ( - -5.973e+02 1 0)
|        ( QUESTION0 -1 -6.930e+03 1.161e+02 2.878e+01
|            ( - -1.860e+03 1 0)
|            ( - -4.954e+03 3 0))))
s>    ( WDBNDRY_B 0 -8.382e+03 1.571e+02 3.478e+01
s>        ( - -5.475e+02 1 0)
s>        ( WDBNDRY_E 0 -7.677e+03 1.497e+02 3.178e+01
s>            ( - -5.973e+02 1 0)
s>            ( QUESTION0 -1 -6.930e+03 1.161e+02 2.878e+01
s>                ( - -1.860e+03 1 0)
s>                ( - -4.954e+03 3 0))))INFO: dtree.c(1315): Comp split 7
INFO: dtree.c(1439): stop. leaf nodes are specific
INFO: dtree.c(1478): Final simple tree
|( WDBNDRY_I 0 -9.064e+03 1.159e+02 3.790e+01
|    ( - -2.950e+03 1 0)
|    ( WDBNDRY_B 0 -5.999e+03 9.892e+01 2.500e+01
|        ( QUESTION0 -1 -5.250e+03 9.603e+01 2.200e+01
|            ( - -6.296e+02 1 0)
|            ( QUESTION19 -1 -4.524e+03 7.452e+01 1.900e+01
|                ( - -2.122e+03 3 0)
|                ( SILENCE -1 -2.327e+03 5.641e+01 9.999e+00
|                    ( - -1.606e+03 1 0)
|                    ( - -6.643e+02 1 0))))
|        ( - -6.501e+02 1 0)))
s>    ( WDBNDRY_I 0 -9.064e+03 1.159e+02 3.790e+01
s>        ( - -2.950e+03 1 0)
s>        ( WDBNDRY_B 0 -5.999e+03 9.892e+01 2.500e+01
s>            ( QUESTION0 -1 -5.250e+03 9.603e+01 2.200e+01
s>                ( - -6.296e+02 1 0)
s>                ( QUESTION19 -1 -4.524e+03 7.452e+01 1.900e+01
s>                    ( - -2.122e+03 3 0)
s>                    ( SILENCE -1 -2.327e+03 5.641e+01 9.999e+00
s>                        ( - -1.606e+03 1 0)
s>                        ( - -6.643e+02 1 0))))
s>            ( - -6.501e+02 1 0)))INFO: dtree.c(1315): Comp split 8
INFO: dtree.c(1439): stop. leaf nodes are specific
INFO: dtree.c(1478): Final simple tree
|( WDBNDRY_B 0 -1.927e+04 1.326e+02 8.144e+01
|    ( - -5.742e+02 1 0)
|    ( QUESTION11 -1 -1.856e+04 1.320e+02 7.844e+01
|        ( QUESTION0_12_R 1 -4.371e+03 9.679e+01 1.868e+01
|            ( - -3.474e+03 1 0)
|            ( - -8.008e+02 1 0))
|        ( QUESTION2_1_L -1 -1.406e+04 1.169e+02 5.976e+01
|            ( - -1.500e+03 1 0)
|            ( QUESTION0_12_R 1 -1.244e+04 1.137e+02 5.276e+01
|                ( WDBNDRY_E 0 -1.148e+04 1.019e+02 4.876e+01
|                    ( - -4.204e+02 1 0)
|                    ( - -1.096e+04 8 0))
|                ( - -8.503e+02 1 0)))))
s>    ( WDBNDRY_B 0 -1.927e+04 1.326e+02 8.144e+01
s>        ( - -5.742e+02 1 0)
s>        ( QUESTION11 -1 -1.856e+04 1.320e+02 7.844e+01
s>            ( QUESTION0_12_R 1 -4.371e+03 9.679e+01 1.868e+01
s>                ( - -3.474e+03 1 0)
s>                ( - -8.008e+02 1 0))
s>            ( QUESTION2_1_L -1 -1.406e+04 1.169e+02 5.976e+01
s>                ( - -1.500e+03 1 0)
s>                ( QUESTION0_12_R 1 -1.244e+04 1.137e+02 5.276e+01
s>                    ( WDBNDRY_E 0 -1.148e+04 1.019e+02 4.876e+01
s>                        ( - -4.204e+02 1 0)
s>                        ( - -1.096e+04 8 0))
s>                    ( - -8.503e+02 1 0)))))INFO: dtree.c(1315): Comp split 9
INFO: dtree.c(1439): stop. leaf nodes are specific
INFO: dtree.c(1478): Final simple tree
|( QUESTION11 -1 -1.391e+04 1.562e+02 5.767e+01
|    ( - -1.081e+03 1 0)
|    ( QUESTION2_1_L -1 -1.268e+04 1.332e+02 5.267e+01
|        ( - -4.191e+03 1 0)
|        ( QUESTION11 1 -8.352e+03 1.242e+02 3.478e+01
|            ( - -1.416e+03 2 0)
|            ( - -6.811e+03 1 0))))
s>    ( QUESTION11 -1 -1.391e+04 1.562e+02 5.767e+01
s>        ( - -1.081e+03 1 0)
s>        ( QUESTION2_1_L -1 -1.268e+04 1.332e+02 5.267e+01
s>            ( - -4.191e+03 1 0)
s>            ( QUESTION11 1 -8.352e+03 1.242e+02 3.478e+01
s>                ( - -1.416e+03 2 0)
s>                ( - -6.811e+03 1 0))))INFO: dtree.c(1315): Comp split 10
INFO: dtree.c(1439): stop. leaf nodes are specific
INFO: dtree.c(1478): Final simple tree
|( QUESTION0_13_R 1 -1.346e+04 1.525e+02 5.664e+01
|    ( - -1.069e+03 1 0)
|    ( QUESTION0_11_R 1 -1.224e+04 1.335e+02 5.164e+01
|        ( WDBNDRY_E 0 -1.134e+04 1.611e+02 4.764e+01
|            ( - -7.502e+02 1 0)
|            ( QUESTION11 -1 -1.043e+04 9.845e+01 4.364e+01
|                ( - -2.260e+03 1 0)
|                ( QUESTION2_1_L -1 -8.073e+03 7.183e+01 3.384e+01
|                    ( - -1.906e+02 1 0)
|                    ( - -7.811e+03 3 0))))
|        ( - -7.617e+02 1 0)))
s>    ( QUESTION0_13_R 1 -1.346e+04 1.525e+02 5.664e+01
s>        ( - -1.069e+03 1 0)
s>        ( QUESTION0_11_R 1 -1.224e+04 1.335e+02 5.164e+01
s>            ( WDBNDRY_E 0 -1.134e+04 1.611e+02 4.764e+01
s>                ( - -7.502e+02 1 0)
s>                ( QUESTION11 -1 -1.043e+04 9.845e+01 4.364e+01
s>                    ( - -2.260e+03 1 0)
s>                    ( QUESTION2_1_L -1 -8.073e+03 7.183e+01 3.384e+01
s>                        ( - -1.906e+02 1 0)
s>                        ( - -7.811e+03 3 0))))
s>            ( - -7.617e+02 1 0)))INFO: dtree.c(1315): Comp split 11
INFO: dtree.c(1439): stop. leaf nodes are specific
INFO: dtree.c(1478): Final simple tree
|( QUESTION0_13_R 1 -1.255e+04 1.558e+02 5.264e+01
|    ( - -1.069e+03 1 0)
|    ( WDBNDRY_E 0 -1.132e+04 1.313e+02 4.764e+01
|        ( - -7.617e+02 1 0)
|        ( QUESTION11 -1 -1.043e+04 9.845e+01 4.364e+01
|            ( - -2.260e+03 1 0)
|            ( QUESTION2_1_L -1 -8.073e+03 7.183e+01 3.384e+01
|                ( - -1.906e+02 1 0)
|                ( - -7.811e+03 3 0)))))
s>    ( QUESTION0_13_R 1 -1.255e+04 1.558e+02 5.264e+01
s>        ( - -1.069e+03 1 0)
s>        ( WDBNDRY_E 0 -1.132e+04 1.313e+02 4.764e+01
s>            ( - -7.617e+02 1 0)
s>            ( QUESTION11 -1 -1.043e+04 9.845e+01 4.364e+01
s>                ( - -2.260e+03 1 0)
s>                ( QUESTION2_1_L -1 -8.073e+03 7.183e+01 3.384e+01
s>                    ( - -1.906e+02 1 0)
s>                    ( - -7.811e+03 3 0)))))INFO: dtree.c(1315): Comp split 12
INFO: dtree.c(1439): stop. leaf nodes are specific
INFO: dtree.c(1478): Final simple tree
|( WDBNDRY_E 0 -7.677e+03 1.497e+02 3.178e+01
|    ( - -5.973e+02 1 0)
|    ( QUESTION0 -1 -6.930e+03 1.161e+02 2.878e+01
|        ( - -1.860e+03 1 0)
|        ( - -4.954e+03 3 0)))
s>    ( WDBNDRY_E 0 -7.677e+03 1.497e+02 3.178e+01
s>        ( - -5.973e+02 1 0)
s>        ( QUESTION0 -1 -6.930e+03 1.161e+02 2.878e+01
s>            ( - -1.860e+03 1 0)
s>            ( - -4.954e+03 3 0)))INFO: dtree.c(1315): Comp split 13
INFO: dtree.c(1439): stop. leaf nodes are specific
INFO: dtree.c(1478): Final simple tree
|( QUESTION2_1_L -1 -1.268e+04 1.332e+02 5.267e+01
|    ( - -4.191e+03 1 0)
|    ( QUESTION11 1 -8.352e+03 1.242e+02 3.478e+01
|        ( - -1.416e+03 2 0)
|        ( - -6.811e+03 1 0)))
s>    ( QUESTION2_1_L -1 -1.268e+04 1.332e+02 5.267e+01
s>        ( - -4.191e+03 1 0)
s>        ( QUESTION11 1 -8.352e+03 1.242e+02 3.478e+01
s>            ( - -1.416e+03 2 0)
s>            ( - -6.811e+03 1 0)))INFO: dtree.c(1315): Comp split 14
INFO: dtree.c(1439): stop. leaf nodes are specific
INFO: dtree.c(1478): Final simple tree
|( WDBNDRY_E 0 -1.132e+04 1.313e+02 4.764e+01
|    ( - -7.617e+02 1 0)
|    ( QUESTION11 -1 -1.043e+04 9.845e+01 4.364e+01
|        ( - -2.260e+03 1 0)
|        ( QUESTION2_1_L -1 -8.073e+03 7.183e+01 3.384e+01
|            ( - -1.906e+02 1 0)
|            ( - -7.811e+03 3 0))))
s>    ( WDBNDRY_E 0 -1.132e+04 1.313e+02 4.764e+01
s>        ( - -7.617e+02 1 0)
s>        ( QUESTION11 -1 -1.043e+04 9.845e+01 4.364e+01
s>            ( - -2.260e+03 1 0)
s>            ( QUESTION2_1_L -1 -8.073e+03 7.183e+01 3.384e+01
s>                ( - -1.906e+02 1 0)
s>                ( - -7.811e+03 3 0))))INFO: dtree.c(1315): Comp split 15
INFO: dtree.c(1439): stop. leaf nodes are specific
INFO: dtree.c(1478): Final simple tree
|( QUESTION0 -1 -6.930e+03 1.161e+02 2.878e+01
|    ( - -1.860e+03 1 0)
|    ( - -4.954e+03 3 0))
s>    ( QUESTION0 -1 -6.930e+03 1.161e+02 2.878e+01
s>        ( - -1.860e+03 1 0)
s>        ( - -4.954e+03 3 0))INFO: dtree.c(1315): Comp split 16
INFO: dtree.c(1439): stop. leaf nodes are specific
INFO: dtree.c(1478): Final simple tree
|( QUESTION0_6_R 1 -6.239e+03 9.033e+01 2.702e+01
|    ( - -1.577e+03 1 0)
|    ( - -4.571e+03 2 0))
s>    ( QUESTION0_6_R 1 -6.239e+03 9.033e+01 2.702e+01
s>        ( - -1.577e+03 1 0)
s>        ( - -4.571e+03 2 0))INFO: dtree.c(1439): stop. leaf nodes are specific
INFO: dtree.c(1478): Final simple tree
|( WDBNDRY_E 0 -7.161e+03 1.137e+02 2.976e+01
|    ( QUESTION0_5_R 1 -3.042e+03 1.096e+02 1.300e+01
|        ( QUESTION11 -1 -2.327e+03 7.536e+01 9.998e+00
|            ( - -2.455e+02 1 0)
|            ( - -2.006e+03 1 0))
|        ( - -6.048e+02 1 0))
|    ( QUESTION0 -1 -4.006e+03 9.254e+01 1.676e+01
|        ( - -2.332e+03 1 0)
|        ( - -1.581e+03 1 0)))
s>    ( WDBNDRY_E 0 -7.161e+03 1.137e+02 2.976e+01
s>        ( QUESTION0_5_R 1 -3.042e+03 1.096e+02 1.300e+01
s>            ( QUESTION11 -1 -2.327e+03 7.536e+01 9.998e+00
s>                ( - -2.455e+02 1 0)
s>                ( - -2.006e+03 1 0))
s>            ( - -6.048e+02 1 0))
s>        ( QUESTION0 -1 -4.006e+03 9.254e+01 1.676e+01
s>            ( - -2.332e+03 1 0)
s>            ( - -1.581e+03 1 0)))INFO: dtree.c(1315): Comp split 17
INFO: dtree.c(1439): stop. leaf nodes are specific
INFO: dtree.c(1478): Final simple tree
|( QUESTION11 1 -5.722e+03 1.142e+02 2.389e+01
|    ( - -1.416e+03 2 0)
|    ( - -4.191e+03 1 0))
s>    ( QUESTION11 1 -5.722e+03 1.142e+02 2.389e+01
s>        ( - -1.416e+03 2 0)
s>        ( - -4.191e+03 1 0))INFO: dtree.c(1315): Comp split 18
INFO: dtree.c(1439): stop. leaf nodes are specific
INFO: dtree.c(1478): Final simple tree
|( QUESTION11 -1 -1.507e+04 1.217e+02 6.344e+01
|    ( - -3.474e+03 1 0)
|    ( WDBNDRY_E 0 -1.148e+04 1.019e+02 4.876e+01
|        ( - -4.204e+02 1 0)
|        ( - -1.096e+04 8 0)))
s>    ( QUESTION11 -1 -1.507e+04 1.217e+02 6.344e+01
s>        ( - -3.474e+03 1 0)
s>        ( WDBNDRY_E 0 -1.148e+04 1.019e+02 4.876e+01
s>            ( - -4.204e+02 1 0)
s>            ( - -1.096e+04 8 0)))INFO: dtree.c(1439): stop. leaf nodes are specific
INFO: dtree.c(1478): Final simple tree
|( WDBNDRY_B 0 -4.057e+03 1.275e+02 1.800e+01
|    ( - -5.742e+02 1 0)
|    ( QUESTION0_17_R 1 -3.355e+03 1.016e+02 1.500e+01
|        ( - -8.008e+02 1 0)
|        ( WDBNDRY_E 0 -2.453e+03 1.031e+02 1.100e+01
|            ( - -8.503e+02 1 0)
|            ( - -1.500e+03 1 0))))
s>    ( WDBNDRY_B 0 -4.057e+03 1.275e+02 1.800e+01
s>        ( - -5.742e+02 1 0)
s>        ( QUESTION0_17_R 1 -3.355e+03 1.016e+02 1.500e+01
s>            ( - -8.008e+02 1 0)
s>            ( WDBNDRY_E 0 -2.453e+03 1.031e+02 1.100e+01
s>                ( - -8.503e+02 1 0)
s>                ( - -1.500e+03 1 0))))INFO: dtree.c(1315): Comp split 19
INFO: dtree.c(1439): stop. leaf nodes are specific
INFO: dtree.c(1478): Final simple tree
|( QUESTION11 -1 -1.043e+04 9.845e+01 4.364e+01
|    ( - -2.260e+03 1 0)
|    ( QUESTION2_1_L -1 -8.073e+03 7.183e+01 3.384e+01
|        ( - -1.906e+02 1 0)
|        ( - -7.811e+03 3 0)))
s>    ( QUESTION11 -1 -1.043e+04 9.845e+01 4.364e+01
s>        ( - -2.260e+03 1 0)
s>        ( QUESTION2_1_L -1 -8.073e+03 7.183e+01 3.384e+01
s>            ( - -1.906e+02 1 0)
s>            ( - -7.811e+03 3 0)))INFO: dtree.c(1315): Comp split 20
INFO: dtree.c(1439): stop. leaf nodes are specific
INFO: dtree.c(1478): Final simple tree
|( QUESTION0_17_R 1 -3.355e+03 1.016e+02 1.500e+01
|    ( - -8.008e+02 1 0)
|    ( WDBNDRY_E 0 -2.453e+03 1.031e+02 1.100e+01
|        ( - -8.503e+02 1 0)
|        ( - -1.500e+03 1 0)))
s>    ( QUESTION0_17_R 1 -3.355e+03 1.016e+02 1.500e+01
s>        ( - -8.008e+02 1 0)
s>        ( WDBNDRY_E 0 -2.453e+03 1.031e+02 1.100e+01
s>            ( - -8.503e+02 1 0)
s>            ( - -1.500e+03 1 0)))INFO: dtree.c(1315): Comp split 21
INFO: dtree.c(1439): stop. leaf nodes are specific
INFO: dtree.c(1478): Final simple tree
|( WDBNDRY_B 0 -5.274e+03 9.974e+01 2.200e+01
|    ( QUESTION19 -1 -4.524e+03 7.452e+01 1.900e+01
|        ( - -2.122e+03 3 0)
|        ( SILENCE -1 -2.327e+03 5.641e+01 9.999e+00
|            ( - -1.606e+03 1 0)
|            ( - -6.643e+02 1 0)))
|    ( - -6.501e+02 1 0))
s>    ( WDBNDRY_B 0 -5.274e+03 9.974e+01 2.200e+01
s>        ( QUESTION19 -1 -4.524e+03 7.452e+01 1.900e+01
s>            ( - -2.122e+03 3 0)
s>            ( SILENCE -1 -2.327e+03 5.641e+01 9.999e+00
s>                ( - -1.606e+03 1 0)
s>                ( - -6.643e+02 1 0)))
s>        ( - -6.501e+02 1 0))INFO: dtree.c(1439): stop. leaf nodes are specific
INFO: dtree.c(1478): Final simple tree
|( WDBNDRY_B 0 -3.664e+03 8.470e+01 1.590e+01
|    ( - -6.296e+02 1 0)
|    ( - -2.950e+03 1 0))
s>    ( WDBNDRY_B 0 -3.664e+03 8.470e+01 1.590e+01
s>        ( - -6.296e+02 1 0)
s>        ( - -2.950e+03 1 0))INFO: dtree.c(1315): Comp split 22
INFO: dtree.c(1439): stop. leaf nodes are specific
INFO: dtree.c(1478): Final simple tree
|( QUESTION11 -1 -2.049e+03 8.482e+01 9.000e+00
|    ( - -1.767e+03 1 0)
|    ( - -1.973e+02 1 0))
s>    ( QUESTION11 -1 -2.049e+03 8.482e+01 9.000e+00
s>        ( - -1.767e+03 1 0)
s>        ( - -1.973e+02 1 0))INFO: dtree.c(1315): Comp split 23
INFO: dtree.c(1439): stop. leaf nodes are specific
INFO: dtree.c(1478): Final simple tree
|( WDBNDRY_E 0 -1.148e+04 1.019e+02 4.876e+01
|    ( - -4.204e+02 1 0)
|    ( - -1.096e+04 8 0))
s>    ( WDBNDRY_E 0 -1.148e+04 1.019e+02 4.876e+01
s>        ( - -4.204e+02 1 0)
s>        ( - -1.096e+04 8 0))INFO: dtree.c(1315): Comp split 24
INFO: dtree.c(1439): stop. leaf nodes are specific
INFO: dtree.c(1478): Final simple tree
|( WDBNDRY_E 0 -6.436e+03 1.033e+02 2.676e+01
|    ( QUESTION11 -1 -2.327e+03 7.536e+01 9.998e+00
|        ( - -2.455e+02 1 0)
|        ( - -2.006e+03 1 0))
|    ( QUESTION0 -1 -4.006e+03 9.254e+01 1.676e+01
|        ( - -2.332e+03 1 0)
|        ( - -1.581e+03 1 0)))
s>    ( WDBNDRY_E 0 -6.436e+03 1.033e+02 2.676e+01
s>        ( QUESTION11 -1 -2.327e+03 7.536e+01 9.998e+00
s>            ( - -2.455e+02 1 0)
s>            ( - -2.006e+03 1 0))
s>        ( QUESTION0 -1 -4.006e+03 9.254e+01 1.676e+01
s>            ( - -2.332e+03 1 0)
s>            ( - -1.581e+03 1 0)))INFO: dtree.c(1315): Comp split 25
INFO: dtree.c(1315): Comp split 26
INFO: dtree.c(1315): Comp split 27
INFO: dtree.c(1439): stop. leaf nodes are specific
INFO: dtree.c(1478): Final simple tree
|( QUESTION0 -1 -4.006e+03 9.254e+01 1.676e+01
|    ( - -2.332e+03 1 0)
|    ( - -1.581e+03 1 0))
s>    ( QUESTION0 -1 -4.006e+03 9.254e+01 1.676e+01
s>        ( - -2.332e+03 1 0)
s>        ( - -1.581e+03 1 0))INFO: dtree.c(1439): stop. leaf nodes are specific
INFO: dtree.c(1478): Final simple tree
|( QUESTION11 -1 -2.327e+03 7.536e+01 9.998e+00
|    ( - -2.455e+02 1 0)
|    ( - -2.006e+03 1 0))
s>    ( QUESTION11 -1 -2.327e+03 7.536e+01 9.998e+00
s>        ( - -2.455e+02 1 0)
s>        ( - -2.006e+03 1 0))INFO: dtree.c(1315): Comp split 28
INFO: dtree.c(1315): Comp split 29
INFO: dtree.c(1439): stop. leaf nodes are specific
INFO: dtree.c(1478): Final simple tree
|( WDBNDRY_E 0 -2.453e+03 1.031e+02 1.100e+01
|    ( - -8.503e+02 1 0)
|    ( - -1.500e+03 1 0))
s>    ( WDBNDRY_E 0 -2.453e+03 1.031e+02 1.100e+01
s>        ( - -8.503e+02 1 0)
s>        ( - -1.500e+03 1 0))INFO: dtree.c(1315): Comp split 30
INFO: dtree.c(1315): Comp split 31
INFO: dtree.c(1439): stop. leaf nodes are specific
INFO: dtree.c(1478): Final simple tree
|( QUESTION19 -1 -4.524e+03 7.452e+01 1.900e+01
|    ( - -2.122e+03 3 0)
|    ( SILENCE -1 -2.327e+03 5.641e+01 9.999e+00
|        ( - -1.606e+03 1 0)
|        ( - -6.643e+02 1 0)))
s>    ( QUESTION19 -1 -4.524e+03 7.452e+01 1.900e+01
s>        ( - -2.122e+03 3 0)
s>        ( SILENCE -1 -2.327e+03 5.641e+01 9.999e+00
s>            ( - -1.606e+03 1 0)
s>            ( - -6.643e+02 1 0)))INFO: dtree.c(1315): Comp split 32
INFO: dtree.c(1439): stop. leaf nodes are specific
INFO: dtree.c(1478): Final simple tree
|( QUESTION2_1_L -1 -8.073e+03 7.183e+01 3.384e+01
|    ( - -1.906e+02 1 0)
|    ( - -7.811e+03 3 0))
s>    ( QUESTION2_1_L -1 -8.073e+03 7.183e+01 3.384e+01
s>        ( - -1.906e+02 1 0)
s>        ( - -7.811e+03 3 0))INFO: dtree.c(1315): Comp split 33
INFO: dtree.c(1315): Comp split 34
INFO: dtree.c(1315): Comp split 35
INFO: dtree.c(1315): Comp split 36
INFO: dtree.c(1315): Comp split 37
INFO: dtree.c(1315): Comp split 38
INFO: dtree.c(1439): stop. leaf nodes are specific
INFO: dtree.c(1478): Final simple tree
|( SILENCE -1 -2.327e+03 5.641e+01 9.999e+00
|    ( - -1.606e+03 1 0)
|    ( - -6.643e+02 1 0))
s>    ( SILENCE -1 -2.327e+03 5.641e+01 9.999e+00
s>        ( - -1.606e+03 1 0)
s>        ( - -6.643e+02 1 0))INFO: dtree.c(1315): Comp split 39
INFO: dtree.c(1315): Comp split 40
INFO: dtree.c(1315): Comp split 41
INFO: dtree.c(1318): stop. leaf nodes are specific
Thu May  7 00:23:34 2020
