Current configuration:
[NAME]		[DEFLT]	[VALUE]
-allphones	no	no
-cntthresh	0.00001	1.000000e-05
-csplitmax	100	2000
-csplitmin	1	1
-csplitthr	8e-4	0.000000e+00
-example	no	no
-fullvar	no	no
-help		no	no
-meanfn			/home/abdy/Desktop/diploma/kg/model_parameters/kg.cd_cont_untied/means
-mixwfn			/home/abdy/Desktop/diploma/kg/model_parameters/kg.cd_cont_untied/mixture_weights
-moddeffn		/home/abdy/Desktop/diploma/kg/model_architecture/kg.untied.mdef
-mwfloor	1e-4	1.000000e-08
-phone			a0
-psetfn			/home/abdy/Desktop/diploma/kg/model_architecture/kg.tree_questions
-ssplitmax	5	7
-ssplitmin	1	1
-ssplitthr	8e-4	0.000000e+00
-state			0
-stwt			1.0,0.05,0.0,
-treefn			/home/abdy/Desktop/diploma/kg/trees/kg.unpruned/a0-0.dtree
-ts2cbfn	.semi.	.cont.
-varfloor	0.00001	1.000000e-05
-varfn			/home/abdy/Desktop/diploma/kg/model_parameters/kg.cd_cont_untied/variances

INFO: main.c(223): Reading: /home/abdy/Desktop/diploma/kg/model_architecture/kg.untied.mdef
INFO: model_def_io.c(573): Model definition info:
INFO: model_def_io.c(574): 10297 total models defined (47 base, 10250 tri)
INFO: model_def_io.c(575): 41188 total states
INFO: model_def_io.c(576): 30891 total tied states
INFO: model_def_io.c(577): 141 total tied CI states
INFO: model_def_io.c(578): 47 total tied transition matrices
INFO: model_def_io.c(579): 4 max state/model
INFO: model_def_io.c(580): 4 min state/model
INFO: main.c(242): Building trees for [a0 b b e] through [a0 zh sh i]
INFO: main.c(269): Covering states |[2796 2930]| == 135
INFO: main.c(275): Reading: /home/abdy/Desktop/diploma/kg/model_parameters/kg.cd_cont_untied/mixture_weights
INFO: s3mixw_io.c(173): Read /home/abdy/Desktop/diploma/kg/model_parameters/kg.cd_cont_untied/mixture_weights [135x1x1 array]
INFO: main.c(311): 11 of 45 models have observation count greater than 0.000010
INFO: main.c(95): nrm stwt: 0.952 0.048 0.000 
INFO: s3gau_io.c(169): Read /home/abdy/Desktop/diploma/kg/model_parameters/kg.cd_cont_untied/means [30891x1x1 array]
INFO: s3gau_io.c(169): Read /home/abdy/Desktop/diploma/kg/model_parameters/kg.cd_cont_untied/variances [30891x1x1 array]
INFO: main.c(549): Reading: /home/abdy/Desktop/diploma/kg/model_architecture/kg.tree_questions
INFO: main.c(588): 174 total simple questions (166 phone; 8 word bndry)
INFO: main.c(590): 40 Left Only questions, and 42 Right Only questions
INFO: dtree.c(1478): Final simple tree
|( QUESTION16 -1 -1.217e+04 2.083e+02 4.989e+01
|    ( - -2.542e+03 2 0 QUESTION14 1 9.096e+01 1.102e+01)
|    ( QUESTION2_14_L -1 -9.415e+03 1.792e+02 3.887e+01
|        ( - -5.272e+02 1 0)
|        ( QUESTION14 -1 -8.709e+03 1.614e+02 3.587e+01
|            ( - -8.785e+02 1 0)
|            ( QUESTION2 1 -7.669e+03 1.270e+02 3.189e+01
|                ( - -3.269e+03 2 0 QUESTION0 -1 1.020e+02 1.450e+01)
|                ( QUESTION5 -1 -4.274e+03 1.175e+02 1.739e+01
|                    ( - -8.910e+02 1 0)
|                    ( QUESTION0_9_R 1 -3.265e+03 1.250e+02 1.340e+01
|                        ( - -1.200e+03 2 0 QUESTION1 -1 8.377e+01 5.395e+00)
|                        ( QUESTION0_0_R 1 -1.940e+03 1.022e+02 8.003e+00
|                            ( - -1.362e+03 1 0)
|                            ( - -4.764e+02 1 0))))))))
s>    ( QUESTION16 -1 -1.217e+04 2.083e+02 4.989e+01
s>        ( - -2.542e+03 2 0 QUESTION14 1 9.096e+01 1.102e+01)
s>        ( QUESTION2_14_L -1 -9.415e+03 1.792e+02 3.887e+01
s>            ( - -5.272e+02 1 0)
s>            ( QUESTION14 -1 -8.709e+03 1.614e+02 3.587e+01
s>                ( - -8.785e+02 1 0)
s>                ( QUESTION2 1 -7.669e+03 1.270e+02 3.189e+01
s>                    ( - -3.269e+03 2 0 QUESTION0 -1 1.020e+02 1.450e+01)
s>                    ( QUESTION5 -1 -4.274e+03 1.175e+02 1.739e+01
s>                        ( - -8.910e+02 1 0)
s>                        ( QUESTION0_9_R 1 -3.265e+03 1.250e+02 1.340e+01
s>                            ( - -1.200e+03 2 0 QUESTION1 -1 8.377e+01 5.395e+00)
s>                            ( QUESTION0_0_R 1 -1.940e+03 1.022e+02 8.003e+00
s>                                ( - -1.362e+03 1 0)
s>                                ( - -4.764e+02 1 0))))))))INFO: dtree.c(1315): Comp split 0
INFO: dtree.c(1439): stop. leaf nodes are specific
INFO: dtree.c(1478): Final simple tree
|( QUESTION0_0_R 1 -3.538e+03 1.045e+02 1.501e+01
|    ( QUESTION14 1 -2.542e+03 9.096e+01 1.102e+01
|        ( - -1.786e+03 1 0)
|        ( - -6.646e+02 1 0))
|    ( - -8.910e+02 1 0))
s>    ( QUESTION0_0_R 1 -3.538e+03 1.045e+02 1.501e+01
s>        ( QUESTION14 1 -2.542e+03 9.096e+01 1.102e+01
s>            ( - -1.786e+03 1 0)
s>            ( - -6.646e+02 1 0))
s>        ( - -8.910e+02 1 0))INFO: dtree.c(1478): Final simple tree
|( QUESTION2_14_L -1 -8.406e+03 1.774e+02 3.488e+01
|    ( - -5.272e+02 1 0)
|    ( QUESTION14 -1 -7.702e+03 1.609e+02 3.188e+01
|        ( - -8.785e+02 1 0)
|        ( QUESTION9 -1 -6.662e+03 1.381e+02 2.790e+01
|            ( QUESTION0_9_R 1 -2.959e+03 1.339e+02 1.240e+01
|                ( - -8.852e+02 1 0)
|                ( QUESTION0_0_R 1 -1.940e+03 1.022e+02 8.003e+00
|                    ( - -1.362e+03 1 0)
|                    ( - -4.764e+02 1 0)))
|            ( QUESTION0 -1 -3.565e+03 1.035e+02 1.550e+01
|                ( QUESTION1 -1 -2.682e+03 6.396e+01 1.150e+01
|                    ( - -2.309e+02 1 0)
|                    ( - -2.387e+03 1 0))
|                ( - -7.795e+02 1 0)))))
s>    ( QUESTION2_14_L -1 -8.406e+03 1.774e+02 3.488e+01
s>        ( - -5.272e+02 1 0)
s>        ( QUESTION14 -1 -7.702e+03 1.609e+02 3.188e+01
s>            ( - -8.785e+02 1 0)
s>            ( QUESTION9 -1 -6.662e+03 1.381e+02 2.790e+01
s>                ( QUESTION0_9_R 1 -2.959e+03 1.339e+02 1.240e+01
s>                    ( - -8.852e+02 1 0)
s>                    ( QUESTION0_0_R 1 -1.940e+03 1.022e+02 8.003e+00
s>                        ( - -1.362e+03 1 0)
s>                        ( - -4.764e+02 1 0)))
s>                ( QUESTION0 -1 -3.565e+03 1.035e+02 1.550e+01
s>                    ( QUESTION1 -1 -2.682e+03 6.396e+01 1.150e+01
s>                        ( - -2.309e+02 1 0)
s>                        ( - -2.387e+03 1 0))
s>                    ( - -7.795e+02 1 0)))))INFO: dtree.c(1315): Comp split 1
INFO: dtree.c(1439): stop. leaf nodes are specific
INFO: dtree.c(1478): Final simple tree
|( QUESTION0 -1 -1.896e+03 1.322e+02 8.374e+00
|    ( - -8.852e+02 1 0)
|    ( - -8.785e+02 1 0))
s>    ( QUESTION0 -1 -1.896e+03 1.322e+02 8.374e+00
s>        ( - -8.852e+02 1 0)
s>        ( - -8.785e+02 1 0))INFO: dtree.c(1439): stop. leaf nodes are specific
INFO: dtree.c(1478): Final simple tree
|( QUESTION2_14_L -1 -6.326e+03 1.739e+02 2.650e+01
|    ( - -5.272e+02 1 0)
|    ( QUESTION0_9_R 1 -5.625e+03 1.197e+02 2.350e+01
|        ( QUESTION0 -1 -3.565e+03 1.035e+02 1.550e+01
|            ( QUESTION1 -1 -2.682e+03 6.396e+01 1.150e+01
|                ( - -2.309e+02 1 0)
|                ( - -2.387e+03 1 0))
|            ( - -7.795e+02 1 0))
|        ( QUESTION0_0_R 1 -1.940e+03 1.022e+02 8.003e+00
|            ( - -1.362e+03 1 0)
|            ( - -4.764e+02 1 0))))
s>    ( QUESTION2_14_L -1 -6.326e+03 1.739e+02 2.650e+01
s>        ( - -5.272e+02 1 0)
s>        ( QUESTION0_9_R 1 -5.625e+03 1.197e+02 2.350e+01
s>            ( QUESTION0 -1 -3.565e+03 1.035e+02 1.550e+01
s>                ( QUESTION1 -1 -2.682e+03 6.396e+01 1.150e+01
s>                    ( - -2.309e+02 1 0)
s>                    ( - -2.387e+03 1 0))
s>                ( - -7.795e+02 1 0))
s>            ( QUESTION0_0_R 1 -1.940e+03 1.022e+02 8.003e+00
s>                ( - -1.362e+03 1 0)
s>                ( - -4.764e+02 1 0))))INFO: dtree.c(1315): Comp split 2
INFO: dtree.c(1439): stop. leaf nodes are specific
INFO: dtree.c(1478): Final simple tree
|( QUESTION0_9_R 1 -5.625e+03 1.197e+02 2.350e+01
|    ( QUESTION0 -1 -3.565e+03 1.035e+02 1.550e+01
|        ( QUESTION1 -1 -2.682e+03 6.396e+01 1.150e+01
|            ( - -2.309e+02 1 0)
|            ( - -2.387e+03 1 0))
|        ( - -7.795e+02 1 0))
|    ( QUESTION0_0_R 1 -1.940e+03 1.022e+02 8.003e+00
|        ( - -1.362e+03 1 0)
|        ( - -4.764e+02 1 0)))
s>    ( QUESTION0_9_R 1 -5.625e+03 1.197e+02 2.350e+01
s>        ( QUESTION0 -1 -3.565e+03 1.035e+02 1.550e+01
s>            ( QUESTION1 -1 -2.682e+03 6.396e+01 1.150e+01
s>                ( - -2.309e+02 1 0)
s>                ( - -2.387e+03 1 0))
s>            ( - -7.795e+02 1 0))
s>        ( QUESTION0_0_R 1 -1.940e+03 1.022e+02 8.003e+00
s>            ( - -1.362e+03 1 0)
s>            ( - -4.764e+02 1 0)))INFO: dtree.c(1315): Comp split 3
INFO: dtree.c(1315): Comp split 4
INFO: dtree.c(1439): stop. leaf nodes are specific
INFO: dtree.c(1478): Final simple tree
|( QUESTION1 -1 -2.682e+03 6.396e+01 1.150e+01
|    ( - -2.309e+02 1 0)
|    ( - -2.387e+03 1 0))
s>    ( QUESTION1 -1 -2.682e+03 6.396e+01 1.150e+01
s>        ( - -2.309e+02 1 0)
s>        ( - -2.387e+03 1 0))INFO: dtree.c(1439): stop. leaf nodes are specific
INFO: dtree.c(1478): Final simple tree
|( QUESTION0_10_R 1 -2.818e+03 1.049e+02 1.200e+01
|    ( - -4.764e+02 1 0)
|    ( QUESTION0_0_R 1 -2.236e+03 9.526e+01 9.989e+00
|        ( - -1.362e+03 1 0)
|        ( - -7.795e+02 1 0)))
s>    ( QUESTION0_10_R 1 -2.818e+03 1.049e+02 1.200e+01
s>        ( - -4.764e+02 1 0)
s>        ( QUESTION0_0_R 1 -2.236e+03 9.526e+01 9.989e+00
s>            ( - -1.362e+03 1 0)
s>            ( - -7.795e+02 1 0)))INFO: dtree.c(1315): Comp split 5
INFO: dtree.c(1439): stop. leaf nodes are specific
INFO: dtree.c(1478): Final simple tree
|( QUESTION0_0_R 1 -2.236e+03 9.526e+01 9.989e+00
|    ( - -1.362e+03 1 0)
|    ( - -7.795e+02 1 0))
s>    ( QUESTION0_0_R 1 -2.236e+03 9.526e+01 9.989e+00
s>        ( - -1.362e+03 1 0)
s>        ( - -7.795e+02 1 0))INFO: dtree.c(1315): Comp split 6
INFO: dtree.c(1439): stop. leaf nodes are specific
INFO: dtree.c(1478): Final simple tree
|( QUESTION14 1 -2.542e+03 9.096e+01 1.102e+01
|    ( - -1.786e+03 1 0)
|    ( - -6.646e+02 1 0))
s>    ( QUESTION14 1 -2.542e+03 9.096e+01 1.102e+01
s>        ( - -1.786e+03 1 0)
s>        ( - -6.646e+02 1 0))INFO: dtree.c(1315): Comp split 7
INFO: dtree.c(1315): Comp split 8
INFO: dtree.c(1315): Comp split 9
INFO: dtree.c(1315): Comp split 10
INFO: dtree.c(1318): stop. leaf nodes are specific
Thu May  7 00:23:20 2020
