Current configuration:
[NAME]		[DEFLT]	[VALUE]
-allphones	no	no
-cntthresh	0.00001	1.000000e-05
-csplitmax	100	2000
-csplitmin	1	1
-csplitthr	8e-4	0.000000e+00
-example	no	no
-fullvar	no	no
-help		no	no
-meanfn			/home/abdy/Desktop/diploma/kg/model_parameters/kg.cd_cont_untied/means
-mixwfn			/home/abdy/Desktop/diploma/kg/model_parameters/kg.cd_cont_untied/mixture_weights
-moddeffn		/home/abdy/Desktop/diploma/kg/model_architecture/kg.untied.mdef
-mwfloor	1e-4	1.000000e-08
-phone			o0
-psetfn			/home/abdy/Desktop/diploma/kg/model_architecture/kg.tree_questions
-ssplitmax	5	7
-ssplitmin	1	1
-ssplitthr	8e-4	0.000000e+00
-state			1
-stwt			1.0,0.05,0.0,
-treefn			/home/abdy/Desktop/diploma/kg/trees/kg.unpruned/o0-1.dtree
-ts2cbfn	.semi.	.cont.
-varfloor	0.00001	1.000000e-05
-varfn			/home/abdy/Desktop/diploma/kg/model_parameters/kg.cd_cont_untied/variances

INFO: main.c(223): Reading: /home/abdy/Desktop/diploma/kg/model_architecture/kg.untied.mdef
INFO: model_def_io.c(573): Model definition info:
INFO: model_def_io.c(574): 10297 total models defined (47 base, 10250 tri)
INFO: model_def_io.c(575): 41188 total states
INFO: model_def_io.c(576): 30891 total tied states
INFO: model_def_io.c(577): 141 total tied CI states
INFO: model_def_io.c(578): 47 total tied transition matrices
INFO: model_def_io.c(579): 4 max state/model
INFO: model_def_io.c(580): 4 min state/model
INFO: main.c(242): Building trees for [o0 SIL b b] through [o0 zh p i]
INFO: main.c(269): Covering states |[17925 18236]| == 312
INFO: main.c(275): Reading: /home/abdy/Desktop/diploma/kg/model_parameters/kg.cd_cont_untied/mixture_weights
INFO: s3mixw_io.c(173): Read /home/abdy/Desktop/diploma/kg/model_parameters/kg.cd_cont_untied/mixture_weights [312x1x1 array]
INFO: main.c(311): 13 of 104 models have observation count greater than 0.000010
INFO: main.c(95): nrm stwt: 0.045 0.909 0.045 
INFO: s3gau_io.c(169): Read /home/abdy/Desktop/diploma/kg/model_parameters/kg.cd_cont_untied/means [30891x1x1 array]
INFO: s3gau_io.c(169): Read /home/abdy/Desktop/diploma/kg/model_parameters/kg.cd_cont_untied/variances [30891x1x1 array]
INFO: main.c(549): Reading: /home/abdy/Desktop/diploma/kg/model_architecture/kg.tree_questions
INFO: main.c(588): 174 total simple questions (166 phone; 8 word bndry)
INFO: main.c(590): 40 Left Only questions, and 42 Right Only questions
INFO: dtree.c(1478): Final simple tree
|( QUESTION0_0_R 1 -2.437e+04 3.905e+02 1.180e+02
|    ( - -1.851e+03 1 0)
|    ( WDBNDRY_B 0 -2.213e+04 3.263e+02 1.060e+02
|        ( - -2.415e+03 1 0)
|        ( QUESTION0_3_R 1 -1.939e+04 2.895e+02 9.303e+01
|            ( - -2.885e+03 1 0)
|            ( QUESTION0_12_R 1 -1.621e+04 2.913e+02 7.703e+01
|                ( - -9.341e+02 1 0)
|                ( QUESTION0_2_R 1 -1.499e+04 2.681e+02 7.103e+01
|                    ( - -1.047e+03 1 0)
|                    ( QUESTION2_10_L -1 -1.367e+04 2.380e+02 6.503e+01
|                        ( - -3.215e+02 1 0)
|                        ( QUESTION0 1 -1.311e+04 2.362e+02 6.303e+01
|                            ( - -1.214e+04 6 0 QUESTION2 -1 2.299e+02 5.803e+01)
|                            ( - -7.350e+02 1 0))))))))
s>    ( QUESTION0_0_R 1 -2.437e+04 3.905e+02 1.180e+02
s>        ( - -1.851e+03 1 0)
s>        ( WDBNDRY_B 0 -2.213e+04 3.263e+02 1.060e+02
s>            ( - -2.415e+03 1 0)
s>            ( QUESTION0_3_R 1 -1.939e+04 2.895e+02 9.303e+01
s>                ( - -2.885e+03 1 0)
s>                ( QUESTION0_12_R 1 -1.621e+04 2.913e+02 7.703e+01
s>                    ( - -9.341e+02 1 0)
s>                    ( QUESTION0_2_R 1 -1.499e+04 2.681e+02 7.103e+01
s>                        ( - -1.047e+03 1 0)
s>                        ( QUESTION2_10_L -1 -1.367e+04 2.380e+02 6.503e+01
s>                            ( - -3.215e+02 1 0)
s>                            ( QUESTION0 1 -1.311e+04 2.362e+02 6.303e+01
s>                                ( - -1.214e+04 6 0 QUESTION2 -1 2.299e+02 5.803e+01)
s>                                ( - -7.350e+02 1 0))))))))INFO: dtree.c(1315): Comp split 0
INFO: dtree.c(1478): Final simple tree
|( WDBNDRY_B 0 -2.213e+04 3.263e+02 1.060e+02
|    ( - -2.415e+03 1 0)
|    ( QUESTION0_3_R 1 -1.939e+04 2.895e+02 9.303e+01
|        ( - -2.885e+03 1 0)
|        ( QUESTION0_12_R 1 -1.621e+04 2.913e+02 7.703e+01
|            ( - -9.341e+02 1 0)
|            ( QUESTION0_2_R 1 -1.499e+04 2.681e+02 7.103e+01
|                ( - -1.047e+03 1 0)
|                ( QUESTION2_10_L -1 -1.367e+04 2.380e+02 6.503e+01
|                    ( - -3.215e+02 1 0)
|                    ( QUESTION0 1 -1.311e+04 2.362e+02 6.303e+01
|                        ( QUESTION2 -1 -1.214e+04 2.299e+02 5.803e+01
|                            ( - -4.440e+02 1 0)
|                            ( - -1.147e+04 5 0 QUESTION1 -1 2.085e+02 5.503e+01))
|                        ( - -7.350e+02 1 0)))))))
s>    ( WDBNDRY_B 0 -2.213e+04 3.263e+02 1.060e+02
s>        ( - -2.415e+03 1 0)
s>        ( QUESTION0_3_R 1 -1.939e+04 2.895e+02 9.303e+01
s>            ( - -2.885e+03 1 0)
s>            ( QUESTION0_12_R 1 -1.621e+04 2.913e+02 7.703e+01
s>                ( - -9.341e+02 1 0)
s>                ( QUESTION0_2_R 1 -1.499e+04 2.681e+02 7.103e+01
s>                    ( - -1.047e+03 1 0)
s>                    ( QUESTION2_10_L -1 -1.367e+04 2.380e+02 6.503e+01
s>                        ( - -3.215e+02 1 0)
s>                        ( QUESTION0 1 -1.311e+04 2.362e+02 6.303e+01
s>                            ( QUESTION2 -1 -1.214e+04 2.299e+02 5.803e+01
s>                                ( - -4.440e+02 1 0)
s>                                ( - -1.147e+04 5 0 QUESTION1 -1 2.085e+02 5.503e+01))
s>                            ( - -7.350e+02 1 0)))))))INFO: dtree.c(1315): Comp split 1
INFO: dtree.c(1478): Final simple tree
|( QUESTION0_2_R 1 -1.499e+04 2.681e+02 7.103e+01
|    ( - -1.047e+03 1 0)
|    ( QUESTION2_10_L -1 -1.367e+04 2.380e+02 6.503e+01
|        ( - -3.215e+02 1 0)
|        ( QUESTION0 1 -1.311e+04 2.362e+02 6.303e+01
|            ( QUESTION2 -1 -1.214e+04 2.299e+02 5.803e+01
|                ( - -4.440e+02 1 0)
|                ( QUESTION1 -1 -1.147e+04 2.085e+02 5.503e+01
|                    ( - -4.665e+02 1 0)
|                    ( QUESTION0_11_R 1 -1.079e+04 1.995e+02 5.203e+01
|                        ( - -6.897e+03 2 0 QUESTION5 -1 9.699e+01 3.404e+01)
|                        ( WDBNDRY_E 0 -3.698e+03 1.629e+02 1.799e+01
|                            ( - -1.922e+03 1 0)
|                            ( - -1.613e+03 1 0)))))
|            ( - -7.350e+02 1 0))))
s>    ( QUESTION0_2_R 1 -1.499e+04 2.681e+02 7.103e+01
s>        ( - -1.047e+03 1 0)
s>        ( QUESTION2_10_L -1 -1.367e+04 2.380e+02 6.503e+01
s>            ( - -3.215e+02 1 0)
s>            ( QUESTION0 1 -1.311e+04 2.362e+02 6.303e+01
s>                ( QUESTION2 -1 -1.214e+04 2.299e+02 5.803e+01
s>                    ( - -4.440e+02 1 0)
s>                    ( QUESTION1 -1 -1.147e+04 2.085e+02 5.503e+01
s>                        ( - -4.665e+02 1 0)
s>                        ( QUESTION0_11_R 1 -1.079e+04 1.995e+02 5.203e+01
s>                            ( - -6.897e+03 2 0 QUESTION5 -1 9.699e+01 3.404e+01)
s>                            ( WDBNDRY_E 0 -3.698e+03 1.629e+02 1.799e+01
s>                                ( - -1.922e+03 1 0)
s>                                ( - -1.613e+03 1 0)))))
s>                ( - -7.350e+02 1 0))))INFO: dtree.c(1439): stop. leaf nodes are specific
INFO: dtree.c(1478): Final simple tree
|( QUESTION0_10_R 1 -6.760e+03 2.613e+02 3.500e+01
|    ( - -9.341e+02 1 0)
|    ( WDBNDRY_B 0 -5.565e+03 2.645e+02 2.900e+01
|        ( - -2.415e+03 1 0)
|        ( - -2.885e+03 1 0)))
s>    ( QUESTION0_10_R 1 -6.760e+03 2.613e+02 3.500e+01
s>        ( - -9.341e+02 1 0)
s>        ( WDBNDRY_B 0 -5.565e+03 2.645e+02 2.900e+01
s>            ( - -2.415e+03 1 0)
s>            ( - -2.885e+03 1 0)))INFO: dtree.c(1315): Comp split 2
INFO: dtree.c(1478): Final simple tree
|( QUESTION2_10_L -1 -1.367e+04 2.380e+02 6.503e+01
|    ( - -3.215e+02 1 0)
|    ( QUESTION0 1 -1.311e+04 2.362e+02 6.303e+01
|        ( QUESTION2 -1 -1.214e+04 2.299e+02 5.803e+01
|            ( - -4.440e+02 1 0)
|            ( QUESTION1 -1 -1.147e+04 2.085e+02 5.503e+01
|                ( - -4.665e+02 1 0)
|                ( QUESTION0_11_R 1 -1.079e+04 1.995e+02 5.203e+01
|                    ( QUESTION5 -1 -6.897e+03 9.699e+01 3.404e+01
|                        ( - -5.250e+03 1 0)
|                        ( - -1.550e+03 1 0))
|                    ( WDBNDRY_E 0 -3.698e+03 1.629e+02 1.799e+01
|                        ( - -1.922e+03 1 0)
|                        ( - -1.613e+03 1 0)))))
|        ( - -7.350e+02 1 0)))
s>    ( QUESTION2_10_L -1 -1.367e+04 2.380e+02 6.503e+01
s>        ( - -3.215e+02 1 0)
s>        ( QUESTION0 1 -1.311e+04 2.362e+02 6.303e+01
s>            ( QUESTION2 -1 -1.214e+04 2.299e+02 5.803e+01
s>                ( - -4.440e+02 1 0)
s>                ( QUESTION1 -1 -1.147e+04 2.085e+02 5.503e+01
s>                    ( - -4.665e+02 1 0)
s>                    ( QUESTION0_11_R 1 -1.079e+04 1.995e+02 5.203e+01
s>                        ( QUESTION5 -1 -6.897e+03 9.699e+01 3.404e+01
s>                            ( - -5.250e+03 1 0)
s>                            ( - -1.550e+03 1 0))
s>                        ( WDBNDRY_E 0 -3.698e+03 1.629e+02 1.799e+01
s>                            ( - -1.922e+03 1 0)
s>                            ( - -1.613e+03 1 0)))))
s>            ( - -7.350e+02 1 0)))INFO: dtree.c(1315): Comp split 3
INFO: dtree.c(1439): stop. leaf nodes are specific
INFO: dtree.c(1478): Final simple tree
|( WDBNDRY_B 0 -5.565e+03 2.645e+02 2.900e+01
|    ( - -2.415e+03 1 0)
|    ( - -2.885e+03 1 0))
s>    ( WDBNDRY_B 0 -5.565e+03 2.645e+02 2.900e+01
s>        ( - -2.415e+03 1 0)
s>        ( - -2.885e+03 1 0))INFO: dtree.c(1315): Comp split 4
INFO: dtree.c(1315): Comp split 5
INFO: dtree.c(1439): stop. leaf nodes are specific
INFO: dtree.c(1478): Final simple tree
|( QUESTION0 1 -1.311e+04 2.362e+02 6.303e+01
|    ( QUESTION2 -1 -1.214e+04 2.299e+02 5.803e+01
|        ( - -4.440e+02 1 0)
|        ( QUESTION1 -1 -1.147e+04 2.085e+02 5.503e+01
|            ( - -4.665e+02 1 0)
|            ( QUESTION0_11_R 1 -1.079e+04 1.995e+02 5.203e+01
|                ( QUESTION5 -1 -6.897e+03 9.699e+01 3.404e+01
|                    ( - -5.250e+03 1 0)
|                    ( - -1.550e+03 1 0))
|                ( WDBNDRY_E 0 -3.698e+03 1.629e+02 1.799e+01
|                    ( - -1.922e+03 1 0)
|                    ( - -1.613e+03 1 0)))))
|    ( - -7.350e+02 1 0))
s>    ( QUESTION0 1 -1.311e+04 2.362e+02 6.303e+01
s>        ( QUESTION2 -1 -1.214e+04 2.299e+02 5.803e+01
s>            ( - -4.440e+02 1 0)
s>            ( QUESTION1 -1 -1.147e+04 2.085e+02 5.503e+01
s>                ( - -4.665e+02 1 0)
s>                ( QUESTION0_11_R 1 -1.079e+04 1.995e+02 5.203e+01
s>                    ( QUESTION5 -1 -6.897e+03 9.699e+01 3.404e+01
s>                        ( - -5.250e+03 1 0)
s>                        ( - -1.550e+03 1 0))
s>                    ( WDBNDRY_E 0 -3.698e+03 1.629e+02 1.799e+01
s>                        ( - -1.922e+03 1 0)
s>                        ( - -1.613e+03 1 0)))))
s>        ( - -7.350e+02 1 0))INFO: dtree.c(1315): Comp split 6
INFO: dtree.c(1439): stop. leaf nodes are specific
INFO: dtree.c(1478): Final simple tree
|( QUESTION2 -1 -1.214e+04 2.299e+02 5.803e+01
|    ( - -4.440e+02 1 0)
|    ( QUESTION1 -1 -1.147e+04 2.085e+02 5.503e+01
|        ( - -4.665e+02 1 0)
|        ( QUESTION0_11_R 1 -1.079e+04 1.995e+02 5.203e+01
|            ( QUESTION5 -1 -6.897e+03 9.699e+01 3.404e+01
|                ( - -5.250e+03 1 0)
|                ( - -1.550e+03 1 0))
|            ( WDBNDRY_E 0 -3.698e+03 1.629e+02 1.799e+01
|                ( - -1.922e+03 1 0)
|                ( - -1.613e+03 1 0)))))
s>    ( QUESTION2 -1 -1.214e+04 2.299e+02 5.803e+01
s>        ( - -4.440e+02 1 0)
s>        ( QUESTION1 -1 -1.147e+04 2.085e+02 5.503e+01
s>            ( - -4.665e+02 1 0)
s>            ( QUESTION0_11_R 1 -1.079e+04 1.995e+02 5.203e+01
s>                ( QUESTION5 -1 -6.897e+03 9.699e+01 3.404e+01
s>                    ( - -5.250e+03 1 0)
s>                    ( - -1.550e+03 1 0))
s>                ( WDBNDRY_E 0 -3.698e+03 1.629e+02 1.799e+01
s>                    ( - -1.922e+03 1 0)
s>                    ( - -1.613e+03 1 0)))))INFO: dtree.c(1315): Comp split 7
INFO: dtree.c(1439): stop. leaf nodes are specific
INFO: dtree.c(1478): Final simple tree
|( QUESTION1 -1 -1.147e+04 2.085e+02 5.503e+01
|    ( - -4.665e+02 1 0)
|    ( QUESTION0_11_R 1 -1.079e+04 1.995e+02 5.203e+01
|        ( QUESTION5 -1 -6.897e+03 9.699e+01 3.404e+01
|            ( - -5.250e+03 1 0)
|            ( - -1.550e+03 1 0))
|        ( WDBNDRY_E 0 -3.698e+03 1.629e+02 1.799e+01
|            ( - -1.922e+03 1 0)
|            ( - -1.613e+03 1 0))))
s>    ( QUESTION1 -1 -1.147e+04 2.085e+02 5.503e+01
s>        ( - -4.665e+02 1 0)
s>        ( QUESTION0_11_R 1 -1.079e+04 1.995e+02 5.203e+01
s>            ( QUESTION5 -1 -6.897e+03 9.699e+01 3.404e+01
s>                ( - -5.250e+03 1 0)
s>                ( - -1.550e+03 1 0))
s>            ( WDBNDRY_E 0 -3.698e+03 1.629e+02 1.799e+01
s>                ( - -1.922e+03 1 0)
s>                ( - -1.613e+03 1 0))))INFO: dtree.c(1315): Comp split 8
INFO: dtree.c(1439): stop. leaf nodes are specific
INFO: dtree.c(1478): Final simple tree
|( QUESTION0_11_R 1 -1.079e+04 1.995e+02 5.203e+01
|    ( QUESTION5 -1 -6.897e+03 9.699e+01 3.404e+01
|        ( - -5.250e+03 1 0)
|        ( - -1.550e+03 1 0))
|    ( WDBNDRY_E 0 -3.698e+03 1.629e+02 1.799e+01
|        ( - -1.922e+03 1 0)
|        ( - -1.613e+03 1 0)))
s>    ( QUESTION0_11_R 1 -1.079e+04 1.995e+02 5.203e+01
s>        ( QUESTION5 -1 -6.897e+03 9.699e+01 3.404e+01
s>            ( - -5.250e+03 1 0)
s>            ( - -1.550e+03 1 0))
s>        ( WDBNDRY_E 0 -3.698e+03 1.629e+02 1.799e+01
s>            ( - -1.922e+03 1 0)
s>            ( - -1.613e+03 1 0)))INFO: dtree.c(1315): Comp split 9
INFO: dtree.c(1439): stop. leaf nodes are specific
INFO: dtree.c(1478): Final simple tree
|( WDBNDRY_E 0 -3.698e+03 1.629e+02 1.799e+01
|    ( - -1.922e+03 1 0)
|    ( - -1.613e+03 1 0))
s>    ( WDBNDRY_E 0 -3.698e+03 1.629e+02 1.799e+01
s>        ( - -1.922e+03 1 0)
s>        ( - -1.613e+03 1 0))INFO: dtree.c(1439): stop. leaf nodes are specific
INFO: dtree.c(1478): Final simple tree
|( QUESTION5 -1 -6.897e+03 9.699e+01 3.404e+01
|    ( - -5.250e+03 1 0)
|    ( - -1.550e+03 1 0))
s>    ( QUESTION5 -1 -6.897e+03 9.699e+01 3.404e+01
s>        ( - -5.250e+03 1 0)
s>        ( - -1.550e+03 1 0))INFO: dtree.c(1315): Comp split 10
INFO: dtree.c(1315): Comp split 11
INFO: dtree.c(1315): Comp split 12
INFO: dtree.c(1318): stop. leaf nodes are specific
Thu May  7 00:23:29 2020
