Current configuration:
[NAME]		[DEFLT]	[VALUE]
-allphones	no	no
-cntthresh	0.00001	1.000000e-05
-csplitmax	100	2000
-csplitmin	1	1
-csplitthr	8e-4	0.000000e+00
-example	no	no
-fullvar	no	no
-help		no	no
-meanfn			/home/abdy/Desktop/diploma/kg/model_parameters/kg.cd_cont_untied/means
-mixwfn			/home/abdy/Desktop/diploma/kg/model_parameters/kg.cd_cont_untied/mixture_weights
-moddeffn		/home/abdy/Desktop/diploma/kg/model_architecture/kg.untied.mdef
-mwfloor	1e-4	1.000000e-08
-phone			u0
-psetfn			/home/abdy/Desktop/diploma/kg/model_architecture/kg.tree_questions
-ssplitmax	5	7
-ssplitmin	1	1
-ssplitthr	8e-4	0.000000e+00
-state			1
-stwt			1.0,0.05,0.0,
-treefn			/home/abdy/Desktop/diploma/kg/trees/kg.unpruned/u0-1.dtree
-ts2cbfn	.semi.	.cont.
-varfloor	0.00001	1.000000e-05
-varfn			/home/abdy/Desktop/diploma/kg/model_parameters/kg.cd_cont_untied/variances

INFO: main.c(223): Reading: /home/abdy/Desktop/diploma/kg/model_architecture/kg.untied.mdef
INFO: model_def_io.c(573): Model definition info:
INFO: model_def_io.c(574): 10297 total models defined (47 base, 10250 tri)
INFO: model_def_io.c(575): 41188 total states
INFO: model_def_io.c(576): 30891 total tied states
INFO: model_def_io.c(577): 141 total tied CI states
INFO: model_def_io.c(578): 47 total tied transition matrices
INFO: model_def_io.c(579): 4 max state/model
INFO: model_def_io.c(580): 4 min state/model
INFO: main.c(242): Building trees for [u0 SIL kh s] through [u0 zh p i]
INFO: main.c(269): Covering states |[26352 26789]| == 438
INFO: main.c(275): Reading: /home/abdy/Desktop/diploma/kg/model_parameters/kg.cd_cont_untied/mixture_weights
INFO: s3mixw_io.c(173): Read /home/abdy/Desktop/diploma/kg/model_parameters/kg.cd_cont_untied/mixture_weights [438x1x1 array]
INFO: main.c(311): 17 of 146 models have observation count greater than 0.000010
INFO: main.c(95): nrm stwt: 0.045 0.909 0.045 
INFO: s3gau_io.c(169): Read /home/abdy/Desktop/diploma/kg/model_parameters/kg.cd_cont_untied/means [30891x1x1 array]
INFO: s3gau_io.c(169): Read /home/abdy/Desktop/diploma/kg/model_parameters/kg.cd_cont_untied/variances [30891x1x1 array]
INFO: main.c(549): Reading: /home/abdy/Desktop/diploma/kg/model_architecture/kg.tree_questions
INFO: main.c(588): 174 total simple questions (166 phone; 8 word bndry)
INFO: main.c(590): 40 Left Only questions, and 42 Right Only questions
INFO: dtree.c(1478): Final simple tree
|( QUESTION5 -1 -1.810e+04 4.452e+02 8.177e+01
|    ( - 1.311e+02 1 0)
|    ( QUESTION2_16_L -1 -1.779e+04 2.923e+02 8.077e+01
|        ( - -9.480e+02 1 0)
|        ( QUESTION2 -1 -1.655e+04 2.675e+02 7.477e+01
|            ( - -1.216e+03 1 0)
|            ( QUESTION0_13_R 1 -1.507e+04 2.108e+02 6.777e+01
|                ( - -1.116e+03 1 0)
|                ( QUESTION3 1 -1.374e+04 1.842e+02 6.177e+01
|                    ( WDBNDRY_E 0 -3.563e+03 1.445e+02 1.831e+01
|                        ( - -1.129e+03 1 0)
|                        ( - -2.290e+03 2 0 QUESTION0 -1 1.308e+02 1.176e+01))
|                    ( QUESTION9 1 -9.991e+03 1.468e+02 4.346e+01
|                        ( - -2.219e+03 3 0 QUESTION0 -1 1.280e+02 1.000e+01)
|                        ( - -7.626e+03 7 0 QUESTION0_0_R 1 1.322e+02 3.346e+01)))))))
s>    ( QUESTION5 -1 -1.810e+04 4.452e+02 8.177e+01
s>        ( - 1.311e+02 1 0)
s>        ( QUESTION2_16_L -1 -1.779e+04 2.923e+02 8.077e+01
s>            ( - -9.480e+02 1 0)
s>            ( QUESTION2 -1 -1.655e+04 2.675e+02 7.477e+01
s>                ( - -1.216e+03 1 0)
s>                ( QUESTION0_13_R 1 -1.507e+04 2.108e+02 6.777e+01
s>                    ( - -1.116e+03 1 0)
s>                    ( QUESTION3 1 -1.374e+04 1.842e+02 6.177e+01
s>                        ( WDBNDRY_E 0 -3.563e+03 1.445e+02 1.831e+01
s>                            ( - -1.129e+03 1 0)
s>                            ( - -2.290e+03 2 0 QUESTION0 -1 1.308e+02 1.176e+01))
s>                        ( QUESTION9 1 -9.991e+03 1.468e+02 4.346e+01
s>                            ( - -2.219e+03 3 0 QUESTION0 -1 1.280e+02 1.000e+01)
s>                            ( - -7.626e+03 7 0 QUESTION0_0_R 1 1.322e+02 3.346e+01)))))))INFO: dtree.c(1315): Comp split 0
INFO: dtree.c(1478): Final simple tree
|( QUESTION2_16_L -1 -1.779e+04 2.923e+02 8.077e+01
|    ( - -9.480e+02 1 0)
|    ( QUESTION2 -1 -1.655e+04 2.675e+02 7.477e+01
|        ( - -1.216e+03 1 0)
|        ( QUESTION0_13_R 1 -1.507e+04 2.108e+02 6.777e+01
|            ( - -1.116e+03 1 0)
|            ( QUESTION3 1 -1.374e+04 1.842e+02 6.177e+01
|                ( WDBNDRY_E 0 -3.563e+03 1.445e+02 1.831e+01
|                    ( - -1.129e+03 1 0)
|                    ( - -2.290e+03 2 0 QUESTION0 -1 1.308e+02 1.176e+01))
|                ( QUESTION9 1 -9.991e+03 1.468e+02 4.346e+01
|                    ( - -2.219e+03 3 0 QUESTION0 -1 1.280e+02 1.000e+01)
|                    ( QUESTION0_0_R 1 -7.626e+03 1.322e+02 3.346e+01
|                        ( - -3.233e+03 3 0 QUESTION14 1 1.126e+02 1.477e+01)
|                        ( - -4.260e+03 4 0 QUESTION4 1 1.203e+02 1.869e+01)))))))
s>    ( QUESTION2_16_L -1 -1.779e+04 2.923e+02 8.077e+01
s>        ( - -9.480e+02 1 0)
s>        ( QUESTION2 -1 -1.655e+04 2.675e+02 7.477e+01
s>            ( - -1.216e+03 1 0)
s>            ( QUESTION0_13_R 1 -1.507e+04 2.108e+02 6.777e+01
s>                ( - -1.116e+03 1 0)
s>                ( QUESTION3 1 -1.374e+04 1.842e+02 6.177e+01
s>                    ( WDBNDRY_E 0 -3.563e+03 1.445e+02 1.831e+01
s>                        ( - -1.129e+03 1 0)
s>                        ( - -2.290e+03 2 0 QUESTION0 -1 1.308e+02 1.176e+01))
s>                    ( QUESTION9 1 -9.991e+03 1.468e+02 4.346e+01
s>                        ( - -2.219e+03 3 0 QUESTION0 -1 1.280e+02 1.000e+01)
s>                        ( QUESTION0_0_R 1 -7.626e+03 1.322e+02 3.346e+01
s>                            ( - -3.233e+03 3 0 QUESTION14 1 1.126e+02 1.477e+01)
s>                            ( - -4.260e+03 4 0 QUESTION4 1 1.203e+02 1.869e+01)))))))INFO: dtree.c(1315): Comp split 1
INFO: dtree.c(1478): Final simple tree
|( QUESTION2 -1 -1.655e+04 2.675e+02 7.477e+01
|    ( - -1.216e+03 1 0)
|    ( QUESTION0_13_R 1 -1.507e+04 2.108e+02 6.777e+01
|        ( - -1.116e+03 1 0)
|        ( QUESTION3 1 -1.374e+04 1.842e+02 6.177e+01
|            ( WDBNDRY_E 0 -3.563e+03 1.445e+02 1.831e+01
|                ( - -1.129e+03 1 0)
|                ( QUESTION0 -1 -2.290e+03 1.308e+02 1.176e+01
|                    ( - -1.167e+03 1 0)
|                    ( - -9.918e+02 1 0)))
|            ( QUESTION9 1 -9.991e+03 1.468e+02 4.346e+01
|                ( - -2.219e+03 3 0 QUESTION0 -1 1.280e+02 1.000e+01)
|                ( QUESTION0_0_R 1 -7.626e+03 1.322e+02 3.346e+01
|                    ( - -3.233e+03 3 0 QUESTION14 1 1.126e+02 1.477e+01)
|                    ( - -4.260e+03 4 0 QUESTION4 1 1.203e+02 1.869e+01))))))
s>    ( QUESTION2 -1 -1.655e+04 2.675e+02 7.477e+01
s>        ( - -1.216e+03 1 0)
s>        ( QUESTION0_13_R 1 -1.507e+04 2.108e+02 6.777e+01
s>            ( - -1.116e+03 1 0)
s>            ( QUESTION3 1 -1.374e+04 1.842e+02 6.177e+01
s>                ( WDBNDRY_E 0 -3.563e+03 1.445e+02 1.831e+01
s>                    ( - -1.129e+03 1 0)
s>                    ( QUESTION0 -1 -2.290e+03 1.308e+02 1.176e+01
s>                        ( - -1.167e+03 1 0)
s>                        ( - -9.918e+02 1 0)))
s>                ( QUESTION9 1 -9.991e+03 1.468e+02 4.346e+01
s>                    ( - -2.219e+03 3 0 QUESTION0 -1 1.280e+02 1.000e+01)
s>                    ( QUESTION0_0_R 1 -7.626e+03 1.322e+02 3.346e+01
s>                        ( - -3.233e+03 3 0 QUESTION14 1 1.126e+02 1.477e+01)
s>                        ( - -4.260e+03 4 0 QUESTION4 1 1.203e+02 1.869e+01))))))INFO: dtree.c(1315): Comp split 2
INFO: dtree.c(1478): Final simple tree
|( QUESTION0_13_R 1 -1.507e+04 2.108e+02 6.777e+01
|    ( - -1.116e+03 1 0)
|    ( QUESTION3 1 -1.374e+04 1.842e+02 6.177e+01
|        ( WDBNDRY_E 0 -3.563e+03 1.445e+02 1.831e+01
|            ( - -1.129e+03 1 0)
|            ( QUESTION0 -1 -2.290e+03 1.308e+02 1.176e+01
|                ( - -1.167e+03 1 0)
|                ( - -9.918e+02 1 0)))
|        ( QUESTION9 1 -9.991e+03 1.468e+02 4.346e+01
|            ( QUESTION0 -1 -2.219e+03 1.280e+02 1.000e+01
|                ( - -9.716e+02 2 0 QUESTION0_12_R 1 8.447e+01 4.000e+00)
|                ( - -1.119e+03 1 0))
|            ( QUESTION0_0_R 1 -7.626e+03 1.322e+02 3.346e+01
|                ( - -3.233e+03 3 0 QUESTION14 1 1.126e+02 1.477e+01)
|                ( - -4.260e+03 4 0 QUESTION4 1 1.203e+02 1.869e+01)))))
s>    ( QUESTION0_13_R 1 -1.507e+04 2.108e+02 6.777e+01
s>        ( - -1.116e+03 1 0)
s>        ( QUESTION3 1 -1.374e+04 1.842e+02 6.177e+01
s>            ( WDBNDRY_E 0 -3.563e+03 1.445e+02 1.831e+01
s>                ( - -1.129e+03 1 0)
s>                ( QUESTION0 -1 -2.290e+03 1.308e+02 1.176e+01
s>                    ( - -1.167e+03 1 0)
s>                    ( - -9.918e+02 1 0)))
s>            ( QUESTION9 1 -9.991e+03 1.468e+02 4.346e+01
s>                ( QUESTION0 -1 -2.219e+03 1.280e+02 1.000e+01
s>                    ( - -9.716e+02 2 0 QUESTION0_12_R 1 8.447e+01 4.000e+00)
s>                    ( - -1.119e+03 1 0))
s>                ( QUESTION0_0_R 1 -7.626e+03 1.322e+02 3.346e+01
s>                    ( - -3.233e+03 3 0 QUESTION14 1 1.126e+02 1.477e+01)
s>                    ( - -4.260e+03 4 0 QUESTION4 1 1.203e+02 1.869e+01)))))INFO: dtree.c(1315): Comp split 3
INFO: dtree.c(1478): Final simple tree
|( QUESTION2_7_L -1 -1.001e+04 1.348e+02 4.370e+01
|    ( - -1.266e+03 3 0 QUESTION0_15_R 1 8.957e+01 5.000e+00)
|    ( QUESTION0_0_R 1 -8.610e+03 1.485e+02 3.870e+01
|        ( QUESTION0 -1 -2.904e+03 9.301e+01 1.377e+01
|            ( - -1.558e+03 1 0)
|            ( - -1.253e+03 1 0))
|        ( QUESTION3 1 -5.558e+03 1.304e+02 2.493e+01
|            ( - -1.167e+03 1 0)
|            ( QUESTION4 1 -4.260e+03 1.203e+02 1.869e+01
|                ( - -1.017e+03 1 0)
|                ( WDBNDRY_E 0 -3.123e+03 1.108e+02 1.371e+01
|                    ( QUESTION0_11_R 1 -1.786e+03 1.000e+02 7.997e+00
|                        ( - -6.374e+02 1 0)
|                        ( - -1.049e+03 1 0))
|                    ( - -1.226e+03 1 0))))))
s>    ( QUESTION2_7_L -1 -1.001e+04 1.348e+02 4.370e+01
s>        ( - -1.266e+03 3 0 QUESTION0_15_R 1 8.957e+01 5.000e+00)
s>        ( QUESTION0_0_R 1 -8.610e+03 1.485e+02 3.870e+01
s>            ( QUESTION0 -1 -2.904e+03 9.301e+01 1.377e+01
s>                ( - -1.558e+03 1 0)
s>                ( - -1.253e+03 1 0))
s>            ( QUESTION3 1 -5.558e+03 1.304e+02 2.493e+01
s>                ( - -1.167e+03 1 0)
s>                ( QUESTION4 1 -4.260e+03 1.203e+02 1.869e+01
s>                    ( - -1.017e+03 1 0)
s>                    ( WDBNDRY_E 0 -3.123e+03 1.108e+02 1.371e+01
s>                        ( QUESTION0_11_R 1 -1.786e+03 1.000e+02 7.997e+00
s>                            ( - -6.374e+02 1 0)
s>                            ( - -1.049e+03 1 0))
s>                        ( - -1.226e+03 1 0))))))INFO: dtree.c(1439): stop. leaf nodes are specific
INFO: dtree.c(1478): Final simple tree
|( QUESTION0_13_R 1 -4.832e+03 1.960e+02 2.408e+01
|    ( - -1.116e+03 1 0)
|    ( QUESTION0 -1 -3.520e+03 1.535e+02 1.807e+01
|        ( - -1.129e+03 1 0)
|        ( WDBNDRY_E 0 -2.238e+03 1.273e+02 1.152e+01
|            ( - -1.119e+03 1 0)
|            ( - -9.918e+02 1 0))))
s>    ( QUESTION0_13_R 1 -4.832e+03 1.960e+02 2.408e+01
s>        ( - -1.116e+03 1 0)
s>        ( QUESTION0 -1 -3.520e+03 1.535e+02 1.807e+01
s>            ( - -1.129e+03 1 0)
s>            ( WDBNDRY_E 0 -2.238e+03 1.273e+02 1.152e+01
s>                ( - -1.119e+03 1 0)
s>                ( - -9.918e+02 1 0))))INFO: dtree.c(1315): Comp split 4
INFO: dtree.c(1439): stop. leaf nodes are specific
INFO: dtree.c(1478): Final simple tree
|( QUESTION0 -1 -3.520e+03 1.535e+02 1.807e+01
|    ( - -1.129e+03 1 0)
|    ( WDBNDRY_E 0 -2.238e+03 1.273e+02 1.152e+01
|        ( - -1.119e+03 1 0)
|        ( - -9.918e+02 1 0)))
s>    ( QUESTION0 -1 -3.520e+03 1.535e+02 1.807e+01
s>        ( - -1.129e+03 1 0)
s>        ( WDBNDRY_E 0 -2.238e+03 1.273e+02 1.152e+01
s>            ( - -1.119e+03 1 0)
s>            ( - -9.918e+02 1 0)))INFO: dtree.c(1315): Comp split 5
INFO: dtree.c(1439): stop. leaf nodes are specific
INFO: dtree.c(1478): Final simple tree
|( QUESTION0_18_R 1 -4.499e+03 1.152e+02 1.871e+01
|    ( - -6.668e+02 1 0)
|    ( QUESTION0_19_R 1 -3.717e+03 1.060e+02 1.571e+01
|        ( - -1.049e+03 1 0)
|        ( QUESTION0_15_R 1 -2.562e+03 9.918e+01 1.071e+01
|            ( - -6.374e+02 1 0)
|            ( QUESTION0_9_R 1 -1.825e+03 9.000e+01 7.711e+00
|                ( - -1.226e+03 1 0)
|                ( WDBNDRY_E 0 -5.095e+02 7.213e+01 2.000e+00
|                    ( - -2.204e+02 1 0)
|                    ( - -2.170e+02 1 0))))))
s>    ( QUESTION0_18_R 1 -4.499e+03 1.152e+02 1.871e+01
s>        ( - -6.668e+02 1 0)
s>        ( QUESTION0_19_R 1 -3.717e+03 1.060e+02 1.571e+01
s>            ( - -1.049e+03 1 0)
s>            ( QUESTION0_15_R 1 -2.562e+03 9.918e+01 1.071e+01
s>                ( - -6.374e+02 1 0)
s>                ( QUESTION0_9_R 1 -1.825e+03 9.000e+01 7.711e+00
s>                    ( - -1.226e+03 1 0)
s>                    ( WDBNDRY_E 0 -5.095e+02 7.213e+01 2.000e+00
s>                        ( - -2.204e+02 1 0)
s>                        ( - -2.170e+02 1 0))))))INFO: dtree.c(1439): stop. leaf nodes are specific
INFO: dtree.c(1478): Final simple tree
|( QUESTION0_0_R 1 -5.338e+03 1.341e+02 2.499e+01
|    ( QUESTION0 -1 -2.904e+03 9.301e+01 1.377e+01
|        ( - -1.558e+03 1 0)
|        ( - -1.253e+03 1 0))
|    ( QUESTION0_9_R 1 -2.300e+03 1.156e+02 1.122e+01
|        ( - -1.167e+03 1 0)
|        ( - -1.017e+03 1 0)))
s>    ( QUESTION0_0_R 1 -5.338e+03 1.341e+02 2.499e+01
s>        ( QUESTION0 -1 -2.904e+03 9.301e+01 1.377e+01
s>            ( - -1.558e+03 1 0)
s>            ( - -1.253e+03 1 0))
s>        ( QUESTION0_9_R 1 -2.300e+03 1.156e+02 1.122e+01
s>            ( - -1.167e+03 1 0)
s>            ( - -1.017e+03 1 0)))INFO: dtree.c(1315): Comp split 6
INFO: dtree.c(1439): stop. leaf nodes are specific
INFO: dtree.c(1478): Final simple tree
|( WDBNDRY_E 0 -2.238e+03 1.273e+02 1.152e+01
|    ( - -1.119e+03 1 0)
|    ( - -9.918e+02 1 0))
s>    ( WDBNDRY_E 0 -2.238e+03 1.273e+02 1.152e+01
s>        ( - -1.119e+03 1 0)
s>        ( - -9.918e+02 1 0))INFO: dtree.c(1315): Comp split 7
INFO: dtree.c(1439): stop. leaf nodes are specific
INFO: dtree.c(1478): Final simple tree
|( QUESTION0_9_R 1 -2.300e+03 1.156e+02 1.122e+01
|    ( - -1.167e+03 1 0)
|    ( - -1.017e+03 1 0))
s>    ( QUESTION0_9_R 1 -2.300e+03 1.156e+02 1.122e+01
s>        ( - -1.167e+03 1 0)
s>        ( - -1.017e+03 1 0))INFO: dtree.c(1439): stop. leaf nodes are specific
INFO: dtree.c(1478): Final simple tree
|( QUESTION0 -1 -2.904e+03 9.301e+01 1.377e+01
|    ( - -1.558e+03 1 0)
|    ( - -1.253e+03 1 0))
s>    ( QUESTION0 -1 -2.904e+03 9.301e+01 1.377e+01
s>        ( - -1.558e+03 1 0)
s>        ( - -1.253e+03 1 0))INFO: dtree.c(1315): Comp split 8
INFO: dtree.c(1315): Comp split 9
INFO: dtree.c(1439): stop. leaf nodes are specific
INFO: dtree.c(1478): Final simple tree
|( WDBNDRY_E 0 -9.697e+02 8.600e+01 4.000e+00
|    ( - -6.668e+02 1 0)
|    ( - -2.170e+02 1 0))
s>    ( WDBNDRY_E 0 -9.697e+02 8.600e+01 4.000e+00
s>        ( - -6.668e+02 1 0)
s>        ( - -2.170e+02 1 0))INFO: dtree.c(1439): stop. leaf nodes are specific
INFO: dtree.c(1478): Final simple tree
|( QUESTION0_19_R 1 -3.412e+03 1.057e+02 1.471e+01
|    ( - -1.049e+03 1 0)
|    ( QUESTION0_15_R 1 -2.257e+03 9.919e+01 9.711e+00
|        ( - -6.374e+02 1 0)
|        ( WDBNDRY_E 0 -1.521e+03 7.481e+01 6.711e+00
|            ( - -2.204e+02 1 0)
|            ( - -1.226e+03 1 0))))
s>    ( QUESTION0_19_R 1 -3.412e+03 1.057e+02 1.471e+01
s>        ( - -1.049e+03 1 0)
s>        ( QUESTION0_15_R 1 -2.257e+03 9.919e+01 9.711e+00
s>            ( - -6.374e+02 1 0)
s>            ( WDBNDRY_E 0 -1.521e+03 7.481e+01 6.711e+00
s>                ( - -2.204e+02 1 0)
s>                ( - -1.226e+03 1 0))))INFO: dtree.c(1315): Comp split 10
INFO: dtree.c(1315): Comp split 11
INFO: dtree.c(1439): stop. leaf nodes are specific
INFO: dtree.c(1478): Final simple tree
|( QUESTION0_15_R 1 -2.257e+03 9.919e+01 9.711e+00
|    ( - -6.374e+02 1 0)
|    ( WDBNDRY_E 0 -1.521e+03 7.481e+01 6.711e+00
|        ( - -2.204e+02 1 0)
|        ( - -1.226e+03 1 0)))
s>    ( QUESTION0_15_R 1 -2.257e+03 9.919e+01 9.711e+00
s>        ( - -6.374e+02 1 0)
s>        ( WDBNDRY_E 0 -1.521e+03 7.481e+01 6.711e+00
s>            ( - -2.204e+02 1 0)
s>            ( - -1.226e+03 1 0)))INFO: dtree.c(1315): Comp split 12
INFO: dtree.c(1439): stop. leaf nodes are specific
INFO: dtree.c(1478): Final simple tree
|( WDBNDRY_E 0 -1.521e+03 7.481e+01 6.711e+00
|    ( - -2.204e+02 1 0)
|    ( - -1.226e+03 1 0))
s>    ( WDBNDRY_E 0 -1.521e+03 7.481e+01 6.711e+00
s>        ( - -2.204e+02 1 0)
s>        ( - -1.226e+03 1 0))INFO: dtree.c(1315): Comp split 13
INFO: dtree.c(1315): Comp split 14
INFO: dtree.c(1315): Comp split 15
INFO: dtree.c(1315): Comp split 16
INFO: dtree.c(1318): stop. leaf nodes are specific
Thu May  7 00:23:32 2020
