Current configuration:
[NAME]		[DEFLT]	[VALUE]
-allphones	no	no
-cntthresh	0.00001	1.000000e-05
-csplitmax	100	2000
-csplitmin	1	1
-csplitthr	8e-4	0.000000e+00
-example	no	no
-fullvar	no	no
-help		no	no
-meanfn			/home/abdy/Desktop/diploma/kg/model_parameters/kg.cd_cont_untied/means
-mixwfn			/home/abdy/Desktop/diploma/kg/model_parameters/kg.cd_cont_untied/mixture_weights
-moddeffn		/home/abdy/Desktop/diploma/kg/model_architecture/kg.untied.mdef
-mwfloor	1e-4	1.000000e-08
-phone			n
-psetfn			/home/abdy/Desktop/diploma/kg/model_architecture/kg.tree_questions
-ssplitmax	5	7
-ssplitmin	1	1
-ssplitthr	8e-4	0.000000e+00
-state			2
-stwt			1.0,0.05,0.0,
-treefn			/home/abdy/Desktop/diploma/kg/trees/kg.unpruned/n-2.dtree
-ts2cbfn	.semi.	.cont.
-varfloor	0.00001	1.000000e-05
-varfn			/home/abdy/Desktop/diploma/kg/model_parameters/kg.cd_cont_untied/variances

INFO: main.c(223): Reading: /home/abdy/Desktop/diploma/kg/model_architecture/kg.untied.mdef
INFO: model_def_io.c(573): Model definition info:
INFO: model_def_io.c(574): 10297 total models defined (47 base, 10250 tri)
INFO: model_def_io.c(575): 41188 total states
INFO: model_def_io.c(576): 30891 total tied states
INFO: model_def_io.c(577): 141 total tied CI states
INFO: model_def_io.c(578): 47 total tied transition matrices
INFO: model_def_io.c(579): 4 max state/model
INFO: model_def_io.c(580): 4 min state/model
INFO: main.c(242): Building trees for [n SIL a b] through [n z u b]
INFO: main.c(269): Covering states |[14916 16253]| == 1338
INFO: main.c(275): Reading: /home/abdy/Desktop/diploma/kg/model_parameters/kg.cd_cont_untied/mixture_weights
INFO: s3mixw_io.c(173): Read /home/abdy/Desktop/diploma/kg/model_parameters/kg.cd_cont_untied/mixture_weights [1338x1x1 array]
INFO: main.c(311): 143 of 446 models have observation count greater than 0.000010
INFO: main.c(95): nrm stwt: 0.000 0.048 0.952 
INFO: s3gau_io.c(169): Read /home/abdy/Desktop/diploma/kg/model_parameters/kg.cd_cont_untied/means [30891x1x1 array]
INFO: s3gau_io.c(169): Read /home/abdy/Desktop/diploma/kg/model_parameters/kg.cd_cont_untied/variances [30891x1x1 array]
INFO: main.c(549): Reading: /home/abdy/Desktop/diploma/kg/model_architecture/kg.tree_questions
INFO: main.c(588): 174 total simple questions (166 phone; 8 word bndry)
INFO: main.c(590): 40 Left Only questions, and 42 Right Only questions
INFO: dtree.c(1478): Final simple tree
|( SILENCE 1 -2.631e+05 4.910e+03 1.109e+03
|    ( - -6.277e+04 6 0 QUESTION11 -1 2.810e+02 2.997e+02)
|    ( WDBNDRY_E 0 -1.955e+05 8.498e+02 8.092e+02
|        ( QUESTION0 1 -1.079e+05 3.270e+02 4.474e+02
|            ( - -7.697e+04 44 0 QUESTION0_19_R 1 2.975e+02 3.209e+02)
|            ( - -3.057e+04 28 0 QUESTION2_2_L -1 3.079e+02 1.264e+02))
|        ( QUESTION0_2_R 1 -8.673e+04 6.113e+02 3.619e+02
|            ( - -4.939e+04 37 0 QUESTION0_5_R 1 2.490e+02 2.105e+02)
|            ( QUESTION0_18_R 1 -3.673e+04 4.645e+02 1.514e+02
|                ( - 2.174e+02 1 0)
|                ( QUESTION0_16_R 1 -3.649e+04 3.476e+02 1.504e+02
|                    ( - -6.261e+03 5 0)
|                    ( QUESTION2 1 -2.988e+04 4.526e+02 1.236e+02
|                        ( - 2.190e+02 1 0)
|                        ( - -2.964e+04 21 0 QUESTION0_15_R 1 2.228e+02 1.226e+02)))))))
s>    ( SILENCE 1 -2.631e+05 4.910e+03 1.109e+03
s>        ( - -6.277e+04 6 0 QUESTION11 -1 2.810e+02 2.997e+02)
s>        ( WDBNDRY_E 0 -1.955e+05 8.498e+02 8.092e+02
s>            ( QUESTION0 1 -1.079e+05 3.270e+02 4.474e+02
s>                ( - -7.697e+04 44 0 QUESTION0_19_R 1 2.975e+02 3.209e+02)
s>                ( - -3.057e+04 28 0 QUESTION2_2_L -1 3.079e+02 1.264e+02))
s>            ( QUESTION0_2_R 1 -8.673e+04 6.113e+02 3.619e+02
s>                ( - -4.939e+04 37 0 QUESTION0_5_R 1 2.490e+02 2.105e+02)
s>                ( QUESTION0_18_R 1 -3.673e+04 4.645e+02 1.514e+02
s>                    ( - 2.174e+02 1 0)
s>                    ( QUESTION0_16_R 1 -3.649e+04 3.476e+02 1.504e+02
s>                        ( - -6.261e+03 5 0)
s>                        ( QUESTION2 1 -2.988e+04 4.526e+02 1.236e+02
s>                            ( - 2.190e+02 1 0)
s>                            ( - -2.964e+04 21 0 QUESTION0_15_R 1 2.228e+02 1.226e+02)))))))INFO: dtree.c(1315): Comp split 0
INFO: dtree.c(1478): Final simple tree
|( WDBNDRY_E 0 -1.955e+05 8.498e+02 8.092e+02
|    ( QUESTION0 1 -1.079e+05 3.270e+02 4.474e+02
|        ( - -7.697e+04 44 0 QUESTION0_19_R 1 2.975e+02 3.209e+02)
|        ( QUESTION2_2_L -1 -3.057e+04 3.079e+02 1.264e+02
|            ( - -2.175e+03 2 0 QUESTION0_3_R 1 4.795e+02 1.102e+01)
|            ( - -2.808e+04 26 0 QUESTION11 1 2.298e+02 1.154e+02)))
|    ( QUESTION0_2_R 1 -8.673e+04 6.113e+02 3.619e+02
|        ( - -4.939e+04 37 0 QUESTION0_5_R 1 2.490e+02 2.105e+02)
|        ( QUESTION0_18_R 1 -3.673e+04 4.645e+02 1.514e+02
|            ( - 2.174e+02 1 0)
|            ( QUESTION0_16_R 1 -3.649e+04 3.476e+02 1.504e+02
|                ( - -6.261e+03 5 0)
|                ( QUESTION2 1 -2.988e+04 4.526e+02 1.236e+02
|                    ( - 2.190e+02 1 0)
|                    ( - -2.964e+04 21 0 QUESTION0_15_R 1 2.228e+02 1.226e+02))))))
s>    ( WDBNDRY_E 0 -1.955e+05 8.498e+02 8.092e+02
s>        ( QUESTION0 1 -1.079e+05 3.270e+02 4.474e+02
s>            ( - -7.697e+04 44 0 QUESTION0_19_R 1 2.975e+02 3.209e+02)
s>            ( QUESTION2_2_L -1 -3.057e+04 3.079e+02 1.264e+02
s>                ( - -2.175e+03 2 0 QUESTION0_3_R 1 4.795e+02 1.102e+01)
s>                ( - -2.808e+04 26 0 QUESTION11 1 2.298e+02 1.154e+02)))
s>        ( QUESTION0_2_R 1 -8.673e+04 6.113e+02 3.619e+02
s>            ( - -4.939e+04 37 0 QUESTION0_5_R 1 2.490e+02 2.105e+02)
s>            ( QUESTION0_18_R 1 -3.673e+04 4.645e+02 1.514e+02
s>                ( - 2.174e+02 1 0)
s>                ( QUESTION0_16_R 1 -3.649e+04 3.476e+02 1.504e+02
s>                    ( - -6.261e+03 5 0)
s>                    ( QUESTION2 1 -2.988e+04 4.526e+02 1.236e+02
s>                        ( - 2.190e+02 1 0)
s>                        ( - -2.964e+04 21 0 QUESTION0_15_R 1 2.228e+02 1.226e+02))))))INFO: dtree.c(1439): stop. leaf nodes are specific
INFO: dtree.c(1478): Final simple tree
|( QUESTION11 -1 -6.277e+04 2.810e+02 2.997e+02
|    ( - -4.465e+04 1 0)
|    ( QUESTION2_1_L -1 -1.784e+04 2.463e+02 8.318e+01
|        ( QUESTION2_2_L -1 -6.441e+03 1.384e+02 2.917e+01
|            ( - -2.100e+03 1 0)
|            ( - -4.203e+03 1 0))
|        ( - -1.115e+04 3 0)))
s>    ( QUESTION11 -1 -6.277e+04 2.810e+02 2.997e+02
s>        ( - -4.465e+04 1 0)
s>        ( QUESTION2_1_L -1 -1.784e+04 2.463e+02 8.318e+01
s>            ( QUESTION2_2_L -1 -6.441e+03 1.384e+02 2.917e+01
s>                ( - -2.100e+03 1 0)
s>                ( - -4.203e+03 1 0))
s>            ( - -1.115e+04 3 0)))INFO: dtree.c(1315): Comp split 1
INFO: dtree.c(1478): Final simple tree
|( QUESTION0_16_R 1 -1.120e+05 4.696e+02 4.631e+02
|    ( QUESTION0_17_R 1 -1.973e+04 2.415e+02 8.287e+01
|        ( - -7.239e+03 7 0 WDBNDRY_E 0 7.687e+01 3.076e+01)
|        ( - -1.224e+04 7 0 QUESTION2_2_L -1 1.061e+02 5.211e+01))
|    ( QUESTION0_20_R 1 -9.181e+04 3.267e+02 3.802e+02
|        ( - -1.104e+04 10 0 QUESTION7 1 1.686e+02 4.697e+01)
|        ( QUESTION0 1 -8.045e+04 2.786e+02 3.333e+02
|            ( QUESTION0_14_R 1 -5.375e+04 2.032e+02 2.248e+02
|                ( - -8.028e+03 6 0 QUESTION2_1_L -1 1.192e+02 3.333e+01)
|                ( QUESTION0_15_R 1 -4.552e+04 1.888e+02 1.915e+02
|                    ( - -9.285e+03 4 0 QUESTION11 -1 1.681e+02 4.053e+01)
|                    ( - -3.604e+04 19 0 QUESTION2_1_L -1 1.701e+02 1.510e+02)))
|            ( QUESTION11 1 -2.642e+04 2.127e+02 1.084e+02
|                ( - -1.542e+04 7 0 QUESTION11 -1 1.693e+02 6.471e+01)
|                ( - -1.079e+04 15 0 QUESTION0_4_R 1 1.570e+02 4.371e+01)))))
s>    ( QUESTION0_16_R 1 -1.120e+05 4.696e+02 4.631e+02
s>        ( QUESTION0_17_R 1 -1.973e+04 2.415e+02 8.287e+01
s>            ( - -7.239e+03 7 0 WDBNDRY_E 0 7.687e+01 3.076e+01)
s>            ( - -1.224e+04 7 0 QUESTION2_2_L -1 1.061e+02 5.211e+01))
s>        ( QUESTION0_20_R 1 -9.181e+04 3.267e+02 3.802e+02
s>            ( - -1.104e+04 10 0 QUESTION7 1 1.686e+02 4.697e+01)
s>            ( QUESTION0 1 -8.045e+04 2.786e+02 3.333e+02
s>                ( QUESTION0_14_R 1 -5.375e+04 2.032e+02 2.248e+02
s>                    ( - -8.028e+03 6 0 QUESTION2_1_L -1 1.192e+02 3.333e+01)
s>                    ( QUESTION0_15_R 1 -4.552e+04 1.888e+02 1.915e+02
s>                        ( - -9.285e+03 4 0 QUESTION11 -1 1.681e+02 4.053e+01)
s>                        ( - -3.604e+04 19 0 QUESTION2_1_L -1 1.701e+02 1.510e+02)))
s>                ( QUESTION11 1 -2.642e+04 2.127e+02 1.084e+02
s>                    ( - -1.542e+04 7 0 QUESTION11 -1 1.693e+02 6.471e+01)
s>                    ( - -1.079e+04 15 0 QUESTION0_4_R 1 1.570e+02 4.371e+01)))))INFO: dtree.c(1478): Final simple tree
|( QUESTION0_2_R 1 -8.251e+04 5.282e+02 3.461e+02
|    ( WDBNDRY_E 0 -5.186e+04 2.964e+02 2.215e+02
|        ( QUESTION0_3_R 1 -2.175e+03 4.795e+02 1.102e+01
|            ( - -1.904e+03 1 0)
|            ( - 2.086e+02 1 0))
|        ( QUESTION0_5_R 1 -4.939e+04 2.490e+02 2.105e+02
|            ( - -1.432e+04 10 0 QUESTION3 -1 1.907e+02 6.086e+01)
|            ( QUESTION2_6_L -1 -3.482e+04 3.182e+02 1.497e+02
|                ( - -6.943e+02 1 0)
|                ( - -3.381e+04 26 0 QUESTION2_2_L -1 1.650e+02 1.457e+02))))
|    ( QUESTION0_16_R 1 -3.012e+04 4.639e+02 1.246e+02
|        ( - 2.174e+02 1 0)
|        ( QUESTION2 1 -2.988e+04 4.526e+02 1.236e+02
|            ( - 2.190e+02 1 0)
|            ( - -2.964e+04 21 0 QUESTION0_15_R 1 2.228e+02 1.226e+02))))
s>    ( QUESTION0_2_R 1 -8.251e+04 5.282e+02 3.461e+02
s>        ( WDBNDRY_E 0 -5.186e+04 2.964e+02 2.215e+02
s>            ( QUESTION0_3_R 1 -2.175e+03 4.795e+02 1.102e+01
s>                ( - -1.904e+03 1 0)
s>                ( - 2.086e+02 1 0))
s>            ( QUESTION0_5_R 1 -4.939e+04 2.490e+02 2.105e+02
s>                ( - -1.432e+04 10 0 QUESTION3 -1 1.907e+02 6.086e+01)
s>                ( QUESTION2_6_L -1 -3.482e+04 3.182e+02 1.497e+02
s>                    ( - -6.943e+02 1 0)
s>                    ( - -3.381e+04 26 0 QUESTION2_2_L -1 1.650e+02 1.457e+02))))
s>        ( QUESTION0_16_R 1 -3.012e+04 4.639e+02 1.246e+02
s>            ( - 2.174e+02 1 0)
s>            ( QUESTION2 1 -2.988e+04 4.526e+02 1.236e+02
s>                ( - 2.190e+02 1 0)
s>                ( - -2.964e+04 21 0 QUESTION0_15_R 1 2.228e+02 1.226e+02))))INFO: dtree.c(1315): Comp split 2
INFO: dtree.c(1478): Final simple tree
|( QUESTION0_16_R 1 -3.106e+04 4.640e+02 1.286e+02
|    ( - 2.174e+02 1 0)
|    ( QUESTION2 1 -3.082e+04 4.523e+02 1.276e+02
|        ( - 2.190e+02 1 0)
|        ( QUESTION0_15_R 1 -3.058e+04 2.583e+02 1.266e+02
|            ( QUESTION11 -1 -1.986e+04 1.223e+02 8.189e+01
|                ( - -6.427e+03 3 0)
|                ( - -1.331e+04 8 0 QUESTION2_1_L -1 1.186e+02 5.435e+01))
|            ( QUESTION0_2_R 1 -1.046e+04 2.094e+02 4.470e+01
|                ( - -6.943e+02 1 0)
|                ( QUESTION0_9_R 1 -9.558e+03 1.441e+02 4.070e+01
|                    ( QUESTION11 -1 -5.162e+03 1.342e+02 2.200e+01
|                        ( - -2.215e+03 1 0)
|                        ( - -2.812e+03 4 0 QUESTION2_1_L -1 1.151e+02 1.208e+01))
|                    ( - -4.252e+03 5 0 QUESTION11 -1 1.100e+02 1.871e+01))))))
s>    ( QUESTION0_16_R 1 -3.106e+04 4.640e+02 1.286e+02
s>        ( - 2.174e+02 1 0)
s>        ( QUESTION2 1 -3.082e+04 4.523e+02 1.276e+02
s>            ( - 2.190e+02 1 0)
s>            ( QUESTION0_15_R 1 -3.058e+04 2.583e+02 1.266e+02
s>                ( QUESTION11 -1 -1.986e+04 1.223e+02 8.189e+01
s>                    ( - -6.427e+03 3 0)
s>                    ( - -1.331e+04 8 0 QUESTION2_1_L -1 1.186e+02 5.435e+01))
s>                ( QUESTION0_2_R 1 -1.046e+04 2.094e+02 4.470e+01
s>                    ( - -6.943e+02 1 0)
s>                    ( QUESTION0_9_R 1 -9.558e+03 1.441e+02 4.070e+01
s>                        ( QUESTION11 -1 -5.162e+03 1.342e+02 2.200e+01
s>                            ( - -2.215e+03 1 0)
s>                            ( - -2.812e+03 4 0 QUESTION2_1_L -1 1.151e+02 1.208e+01))
s>                        ( - -4.252e+03 5 0 QUESTION11 -1 1.100e+02 1.871e+01))))))INFO: dtree.c(1478): Final simple tree
|( WDBNDRY_E 0 -5.086e+04 3.004e+02 2.175e+02
|    ( QUESTION0_3_R 1 -2.175e+03 4.795e+02 1.102e+01
|        ( - -1.904e+03 1 0)
|        ( - 2.086e+02 1 0))
|    ( QUESTION0_5_R 1 -4.838e+04 2.557e+02 2.065e+02
|        ( QUESTION3 -1 -1.432e+04 1.907e+02 6.086e+01
|            ( - -2.805e+02 1 0)
|            ( QUESTION15 -1 -1.385e+04 1.750e+02 5.886e+01
|                ( - -4.120e+03 1 0)
|                ( QUESTION13 -1 -9.556e+03 1.657e+02 4.042e+01
|                    ( - -8.049e+02 1 0)
|                    ( - -8.585e+03 7 0 QUESTION0_6_R 1 9.841e+01 3.642e+01))))
|        ( QUESTION2_2_L -1 -3.381e+04 1.650e+02 1.457e+02
|            ( - -3.062e+02 1 0)
|            ( - -3.333e+04 25 0 QUESTION0_3_R 1 1.665e+02 1.437e+02))))
s>    ( WDBNDRY_E 0 -5.086e+04 3.004e+02 2.175e+02
s>        ( QUESTION0_3_R 1 -2.175e+03 4.795e+02 1.102e+01
s>            ( - -1.904e+03 1 0)
s>            ( - 2.086e+02 1 0))
s>        ( QUESTION0_5_R 1 -4.838e+04 2.557e+02 2.065e+02
s>            ( QUESTION3 -1 -1.432e+04 1.907e+02 6.086e+01
s>                ( - -2.805e+02 1 0)
s>                ( QUESTION15 -1 -1.385e+04 1.750e+02 5.886e+01
s>                    ( - -4.120e+03 1 0)
s>                    ( QUESTION13 -1 -9.556e+03 1.657e+02 4.042e+01
s>                        ( - -8.049e+02 1 0)
s>                        ( - -8.585e+03 7 0 QUESTION0_6_R 1 9.841e+01 3.642e+01))))
s>            ( QUESTION2_2_L -1 -3.381e+04 1.650e+02 1.457e+02
s>                ( - -3.062e+02 1 0)
s>                ( - -3.333e+04 25 0 QUESTION0_3_R 1 1.665e+02 1.437e+02))))INFO: dtree.c(1315): Comp split 3
INFO: dtree.c(1478): Final simple tree
|( QUESTION0 1 -7.223e+04 2.901e+02 2.999e+02
|    ( QUESTION0_15_R 1 -4.552e+04 1.888e+02 1.915e+02
|        ( QUESTION11 -1 -9.285e+03 1.681e+02 4.053e+01
|            ( - -4.321e+03 1 0)
|            ( - -4.796e+03 3 0 QUESTION2_1_L -1 1.211e+02 2.128e+01))
|        ( QUESTION2_1_L -1 -3.604e+04 1.701e+02 1.510e+02
|            ( QUESTION0_9_R 1 -6.393e+03 1.600e+02 2.637e+01
|                ( - -4.416e+03 1 0)
|                ( - -1.817e+03 3 0 QUESTION11 -1 6.938e+01 7.380e+00))
|            ( - -2.948e+04 15 0 QUESTION0_9_R 1 1.245e+02 1.246e+02)))
|    ( QUESTION11 1 -2.642e+04 2.127e+02 1.084e+02
|        ( QUESTION11 -1 -1.542e+04 1.693e+02 6.471e+01
|            ( - -2.880e+03 1 0)
|            ( - -1.237e+04 6 0 QUESTION2_1_L -1 4.953e+01 5.217e+01))
|        ( - -1.079e+04 15 0 QUESTION0_4_R 1 1.570e+02 4.371e+01)))
s>    ( QUESTION0 1 -7.223e+04 2.901e+02 2.999e+02
s>        ( QUESTION0_15_R 1 -4.552e+04 1.888e+02 1.915e+02
s>            ( QUESTION11 -1 -9.285e+03 1.681e+02 4.053e+01
s>                ( - -4.321e+03 1 0)
s>                ( - -4.796e+03 3 0 QUESTION2_1_L -1 1.211e+02 2.128e+01))
s>            ( QUESTION2_1_L -1 -3.604e+04 1.701e+02 1.510e+02
s>                ( QUESTION0_9_R 1 -6.393e+03 1.600e+02 2.637e+01
s>                    ( - -4.416e+03 1 0)
s>                    ( - -1.817e+03 3 0 QUESTION11 -1 6.938e+01 7.380e+00))
s>                ( - -2.948e+04 15 0 QUESTION0_9_R 1 1.245e+02 1.246e+02)))
s>        ( QUESTION11 1 -2.642e+04 2.127e+02 1.084e+02
s>            ( QUESTION11 -1 -1.542e+04 1.693e+02 6.471e+01
s>                ( - -2.880e+03 1 0)
s>                ( - -1.237e+04 6 0 QUESTION2_1_L -1 4.953e+01 5.217e+01))
s>            ( - -1.079e+04 15 0 QUESTION0_4_R 1 1.570e+02 4.371e+01)))INFO: dtree.c(1478): Final simple tree
|( QUESTION0_17_R 1 -3.920e+04 2.997e+02 1.632e+02
|    ( - -7.239e+03 7 0 WDBNDRY_E 0 7.687e+01 3.076e+01)
|    ( QUESTION0_15_R 1 -3.166e+04 2.038e+02 1.324e+02
|        ( QUESTION2_2_L -1 -1.224e+04 1.061e+02 5.211e+01
|            ( - -8.712e+02 1 0)
|            ( - -1.127e+04 6 0 QUESTION11 -1 8.451e+01 4.811e+01))
|        ( QUESTION7 1 -1.922e+04 1.541e+02 8.030e+01
|            ( - -1.228e+03 1 0)
|            ( QUESTION0_11_R 1 -1.783e+04 1.656e+02 7.431e+01
|                ( QUESTION2_1_L -1 -8.028e+03 1.192e+02 3.333e+01
|                    ( - -3.069e+03 2 0 QUESTION11 -1 9.035e+01 1.306e+01)
|                    ( - -4.841e+03 4 0))
|                ( QUESTION0 1 -9.640e+03 1.003e+02 4.098e+01
|                    ( - -8.000e+03 5 0 QUESTION2_1_L -1 8.864e+01 3.398e+01)
|                    ( - -1.540e+03 4 0 QUESTION11 -1 5.596e+01 6.999e+00))))))
s>    ( QUESTION0_17_R 1 -3.920e+04 2.997e+02 1.632e+02
s>        ( - -7.239e+03 7 0 WDBNDRY_E 0 7.687e+01 3.076e+01)
s>        ( QUESTION0_15_R 1 -3.166e+04 2.038e+02 1.324e+02
s>            ( QUESTION2_2_L -1 -1.224e+04 1.061e+02 5.211e+01
s>                ( - -8.712e+02 1 0)
s>                ( - -1.127e+04 6 0 QUESTION11 -1 8.451e+01 4.811e+01))
s>            ( QUESTION7 1 -1.922e+04 1.541e+02 8.030e+01
s>                ( - -1.228e+03 1 0)
s>                ( QUESTION0_11_R 1 -1.783e+04 1.656e+02 7.431e+01
s>                    ( QUESTION2_1_L -1 -8.028e+03 1.192e+02 3.333e+01
s>                        ( - -3.069e+03 2 0 QUESTION11 -1 9.035e+01 1.306e+01)
s>                        ( - -4.841e+03 4 0))
s>                    ( QUESTION0 1 -9.640e+03 1.003e+02 4.098e+01
s>                        ( - -8.000e+03 5 0 QUESTION2_1_L -1 8.864e+01 3.398e+01)
s>                        ( - -1.540e+03 4 0 QUESTION11 -1 5.596e+01 6.999e+00))))))INFO: dtree.c(1315): Comp split 4
INFO: dtree.c(1478): Final simple tree
|( QUESTION2 1 -3.082e+04 4.523e+02 1.276e+02
|    ( - 2.190e+02 1 0)
|    ( QUESTION0_15_R 1 -3.058e+04 2.583e+02 1.266e+02
|        ( QUESTION11 -1 -1.986e+04 1.223e+02 8.189e+01
|            ( - -6.427e+03 3 0)
|            ( QUESTION2_1_L -1 -1.331e+04 1.186e+02 5.435e+01
|                ( - -2.398e+03 2 0 QUESTION2_2_L -1 9.189e+01 9.775e+00)
|                ( - -1.080e+04 6 0)))
|        ( QUESTION0_2_R 1 -1.046e+04 2.094e+02 4.470e+01
|            ( - -6.943e+02 1 0)
|            ( QUESTION0_9_R 1 -9.558e+03 1.441e+02 4.070e+01
|                ( QUESTION11 -1 -5.162e+03 1.342e+02 2.200e+01
|                    ( - -2.215e+03 1 0)
|                    ( - -2.812e+03 4 0 QUESTION2_1_L -1 1.151e+02 1.208e+01))
|                ( - -4.252e+03 5 0 QUESTION11 -1 1.100e+02 1.871e+01)))))
s>    ( QUESTION2 1 -3.082e+04 4.523e+02 1.276e+02
s>        ( - 2.190e+02 1 0)
s>        ( QUESTION0_15_R 1 -3.058e+04 2.583e+02 1.266e+02
s>            ( QUESTION11 -1 -1.986e+04 1.223e+02 8.189e+01
s>                ( - -6.427e+03 3 0)
s>                ( QUESTION2_1_L -1 -1.331e+04 1.186e+02 5.435e+01
s>                    ( - -2.398e+03 2 0 QUESTION2_2_L -1 9.189e+01 9.775e+00)
s>                    ( - -1.080e+04 6 0)))
s>            ( QUESTION0_2_R 1 -1.046e+04 2.094e+02 4.470e+01
s>                ( - -6.943e+02 1 0)
s>                ( QUESTION0_9_R 1 -9.558e+03 1.441e+02 4.070e+01
s>                    ( QUESTION11 -1 -5.162e+03 1.342e+02 2.200e+01
s>                        ( - -2.215e+03 1 0)
s>                        ( - -2.812e+03 4 0 QUESTION2_1_L -1 1.151e+02 1.208e+01))
s>                    ( - -4.252e+03 5 0 QUESTION11 -1 1.100e+02 1.871e+01)))))INFO: dtree.c(1315): Comp split 5
INFO: dtree.c(1478): Final simple tree
|( QUESTION0_15_R 1 -3.058e+04 2.583e+02 1.266e+02
|    ( QUESTION11 -1 -1.986e+04 1.223e+02 8.189e+01
|        ( - -6.427e+03 3 0)
|        ( QUESTION2_1_L -1 -1.331e+04 1.186e+02 5.435e+01
|            ( - -2.398e+03 2 0 QUESTION2_2_L -1 9.189e+01 9.775e+00)
|            ( - -1.080e+04 6 0)))
|    ( QUESTION0_2_R 1 -1.046e+04 2.094e+02 4.470e+01
|        ( - -6.943e+02 1 0)
|        ( QUESTION0_9_R 1 -9.558e+03 1.441e+02 4.070e+01
|            ( QUESTION11 -1 -5.162e+03 1.342e+02 2.200e+01
|                ( - -2.215e+03 1 0)
|                ( QUESTION2_1_L -1 -2.812e+03 1.151e+02 1.208e+01
|                    ( - -1.346e+03 2 0)
|                    ( - -1.351e+03 2 0)))
|            ( - -4.252e+03 5 0 QUESTION11 -1 1.100e+02 1.871e+01))))
s>    ( QUESTION0_15_R 1 -3.058e+04 2.583e+02 1.266e+02
s>        ( QUESTION11 -1 -1.986e+04 1.223e+02 8.189e+01
s>            ( - -6.427e+03 3 0)
s>            ( QUESTION2_1_L -1 -1.331e+04 1.186e+02 5.435e+01
s>                ( - -2.398e+03 2 0 QUESTION2_2_L -1 9.189e+01 9.775e+00)
s>                ( - -1.080e+04 6 0)))
s>        ( QUESTION0_2_R 1 -1.046e+04 2.094e+02 4.470e+01
s>            ( - -6.943e+02 1 0)
s>            ( QUESTION0_9_R 1 -9.558e+03 1.441e+02 4.070e+01
s>                ( QUESTION11 -1 -5.162e+03 1.342e+02 2.200e+01
s>                    ( - -2.215e+03 1 0)
s>                    ( QUESTION2_1_L -1 -2.812e+03 1.151e+02 1.208e+01
s>                        ( - -1.346e+03 2 0)
s>                        ( - -1.351e+03 2 0)))
s>                ( - -4.252e+03 5 0 QUESTION11 -1 1.100e+02 1.871e+01))))INFO: dtree.c(1315): Comp split 6
INFO: dtree.c(1478): Final simple tree
|( WDBNDRY_E 0 -5.062e+04 3.367e+02 2.165e+02
|    ( - -1.904e+03 1 0)
|    ( QUESTION0_5_R 1 -4.838e+04 2.557e+02 2.065e+02
|        ( QUESTION3 -1 -1.432e+04 1.907e+02 6.086e+01
|            ( - -2.805e+02 1 0)
|            ( QUESTION15 -1 -1.385e+04 1.750e+02 5.886e+01
|                ( - -4.120e+03 1 0)
|                ( QUESTION13 -1 -9.556e+03 1.657e+02 4.042e+01
|                    ( - -8.049e+02 1 0)
|                    ( - -8.585e+03 7 0 QUESTION0_6_R 1 9.841e+01 3.642e+01))))
|        ( QUESTION2_2_L -1 -3.381e+04 1.650e+02 1.457e+02
|            ( - -3.062e+02 1 0)
|            ( QUESTION0_3_R 1 -3.333e+04 1.665e+02 1.437e+02
|                ( - -1.788e+04 16 0 WDBNDRY_B 0 1.321e+02 7.728e+01)
|                ( - -1.529e+04 9 0 QUESTION11 -1 1.418e+02 6.638e+01)))))
s>    ( WDBNDRY_E 0 -5.062e+04 3.367e+02 2.165e+02
s>        ( - -1.904e+03 1 0)
s>        ( QUESTION0_5_R 1 -4.838e+04 2.557e+02 2.065e+02
s>            ( QUESTION3 -1 -1.432e+04 1.907e+02 6.086e+01
s>                ( - -2.805e+02 1 0)
s>                ( QUESTION15 -1 -1.385e+04 1.750e+02 5.886e+01
s>                    ( - -4.120e+03 1 0)
s>                    ( QUESTION13 -1 -9.556e+03 1.657e+02 4.042e+01
s>                        ( - -8.049e+02 1 0)
s>                        ( - -8.585e+03 7 0 QUESTION0_6_R 1 9.841e+01 3.642e+01))))
s>            ( QUESTION2_2_L -1 -3.381e+04 1.650e+02 1.457e+02
s>                ( - -3.062e+02 1 0)
s>                ( QUESTION0_3_R 1 -3.333e+04 1.665e+02 1.437e+02
s>                    ( - -1.788e+04 16 0 WDBNDRY_B 0 1.321e+02 7.728e+01)
s>                    ( - -1.529e+04 9 0 QUESTION11 -1 1.418e+02 6.638e+01)))))INFO: dtree.c(1315): Comp split 7
INFO: dtree.c(1478): Final simple tree
|( QUESTION0_5_R 1 -4.838e+04 2.557e+02 2.065e+02
|    ( QUESTION3 -1 -1.432e+04 1.907e+02 6.086e+01
|        ( - -2.805e+02 1 0)
|        ( QUESTION15 -1 -1.385e+04 1.750e+02 5.886e+01
|            ( - -4.120e+03 1 0)
|            ( QUESTION13 -1 -9.556e+03 1.657e+02 4.042e+01
|                ( - -8.049e+02 1 0)
|                ( - -8.585e+03 7 0 QUESTION0_6_R 1 9.841e+01 3.642e+01))))
|    ( QUESTION2_2_L -1 -3.381e+04 1.650e+02 1.457e+02
|        ( - -3.062e+02 1 0)
|        ( QUESTION0_3_R 1 -3.333e+04 1.665e+02 1.437e+02
|            ( - -1.788e+04 16 0 WDBNDRY_B 0 1.321e+02 7.728e+01)
|            ( QUESTION11 -1 -1.529e+04 1.418e+02 6.638e+01
|                ( - -8.147e+03 3 0)
|                ( - -6.998e+03 6 0 QUESTION19 -1 1.122e+02 3.009e+01)))))
s>    ( QUESTION0_5_R 1 -4.838e+04 2.557e+02 2.065e+02
s>        ( QUESTION3 -1 -1.432e+04 1.907e+02 6.086e+01
s>            ( - -2.805e+02 1 0)
s>            ( QUESTION15 -1 -1.385e+04 1.750e+02 5.886e+01
s>                ( - -4.120e+03 1 0)
s>                ( QUESTION13 -1 -9.556e+03 1.657e+02 4.042e+01
s>                    ( - -8.049e+02 1 0)
s>                    ( - -8.585e+03 7 0 QUESTION0_6_R 1 9.841e+01 3.642e+01))))
s>        ( QUESTION2_2_L -1 -3.381e+04 1.650e+02 1.457e+02
s>            ( - -3.062e+02 1 0)
s>            ( QUESTION0_3_R 1 -3.333e+04 1.665e+02 1.437e+02
s>                ( - -1.788e+04 16 0 WDBNDRY_B 0 1.321e+02 7.728e+01)
s>                ( QUESTION11 -1 -1.529e+04 1.418e+02 6.638e+01
s>                    ( - -8.147e+03 3 0)
s>                    ( - -6.998e+03 6 0 QUESTION19 -1 1.122e+02 3.009e+01)))))INFO: dtree.c(1315): Comp split 8
INFO: dtree.c(1439): stop. leaf nodes are specific
INFO: dtree.c(1478): Final simple tree
|( QUESTION2_2_L -1 -6.441e+03 1.384e+02 2.917e+01
|    ( - -2.100e+03 1 0)
|    ( - -4.203e+03 1 0))
s>    ( QUESTION2_2_L -1 -6.441e+03 1.384e+02 2.917e+01
s>        ( - -2.100e+03 1 0)
s>        ( - -4.203e+03 1 0))INFO: dtree.c(1439): stop. leaf nodes are specific
INFO: dtree.c(1478): Final simple tree
|( QUESTION11 -1 -5.599e+04 1.913e+02 2.706e+02
|    ( - -4.465e+04 1 0)
|    ( - -1.115e+04 3 0))
s>    ( QUESTION11 -1 -5.599e+04 1.913e+02 2.706e+02
s>        ( - -4.465e+04 1 0)
s>        ( - -1.115e+04 3 0))INFO: dtree.c(1315): Comp split 9
INFO: dtree.c(1478): Final simple tree
|( QUESTION0_4_R 1 -1.575e+04 1.923e+02 6.364e+01
|    ( QUESTION11 -1 -4.742e+03 1.123e+02 2.000e+01
|        ( - -1.028e+03 1 0)
|        ( - -3.601e+03 3 0))
|    ( QUESTION11 1 -1.082e+04 1.401e+02 4.364e+01
|        ( - -2.880e+03 1 0)
|        ( QUESTION0_19_R 1 -7.797e+03 9.582e+01 3.109e+01
|            ( QUESTION11 -1 -2.299e+03 5.708e+01 9.713e+00
|                ( - -4.368e+02 1 0)
|                ( - -1.805e+03 4 0))
|            ( QUESTION0_2_R 1 -5.403e+03 7.823e+01 2.138e+01
|                ( - -3.507e+03 6 0)
|                ( QUESTION11 -1 -1.817e+03 6.938e+01 7.380e+00
|                    ( - -1.312e+03 2 0)
|                    ( - -4.361e+02 1 0))))))
s>    ( QUESTION0_4_R 1 -1.575e+04 1.923e+02 6.364e+01
s>        ( QUESTION11 -1 -4.742e+03 1.123e+02 2.000e+01
s>            ( - -1.028e+03 1 0)
s>            ( - -3.601e+03 3 0))
s>        ( QUESTION11 1 -1.082e+04 1.401e+02 4.364e+01
s>            ( - -2.880e+03 1 0)
s>            ( QUESTION0_19_R 1 -7.797e+03 9.582e+01 3.109e+01
s>                ( QUESTION11 -1 -2.299e+03 5.708e+01 9.713e+00
s>                    ( - -4.368e+02 1 0)
s>                    ( - -1.805e+03 4 0))
s>                ( QUESTION0_2_R 1 -5.403e+03 7.823e+01 2.138e+01
s>                    ( - -3.507e+03 6 0)
s>                    ( QUESTION11 -1 -1.817e+03 6.938e+01 7.380e+00
s>                        ( - -1.312e+03 2 0)
s>                        ( - -4.361e+02 1 0))))))INFO: dtree.c(1478): Final simple tree
|( QUESTION0_2_R 1 -5.616e+04 2.511e+02 2.363e+02
|    ( - -1.237e+04 6 0 QUESTION2_1_L -1 4.953e+01 5.217e+01)
|    ( QUESTION2_2_L -1 -4.355e+04 2.335e+02 1.841e+02
|        ( - -3.711e+03 1 0)
|        ( QUESTION11 -1 -3.960e+04 1.842e+02 1.671e+02
|            ( QUESTION0_9_R 1 -8.874e+03 1.372e+02 3.823e+01
|                ( - -4.416e+03 1 0)
|                ( - -4.321e+03 1 0))
|            ( QUESTION0_9_R 1 -3.054e+04 1.247e+02 1.289e+02
|                ( QUESTION2 1 -9.302e+03 7.817e+01 3.952e+01
|                    ( - -8.998e+02 3 0)
|                    ( - -8.324e+03 4 0))
|                ( QUESTION0_12_R 1 -2.112e+04 9.962e+01 8.938e+01
|                    ( - -2.005e+04 8 0)
|                    ( - -9.644e+02 2 0))))))
s>    ( QUESTION0_2_R 1 -5.616e+04 2.511e+02 2.363e+02
s>        ( - -1.237e+04 6 0 QUESTION2_1_L -1 4.953e+01 5.217e+01)
s>        ( QUESTION2_2_L -1 -4.355e+04 2.335e+02 1.841e+02
s>            ( - -3.711e+03 1 0)
s>            ( QUESTION11 -1 -3.960e+04 1.842e+02 1.671e+02
s>                ( QUESTION0_9_R 1 -8.874e+03 1.372e+02 3.823e+01
s>                    ( - -4.416e+03 1 0)
s>                    ( - -4.321e+03 1 0))
s>                ( QUESTION0_9_R 1 -3.054e+04 1.247e+02 1.289e+02
s>                    ( QUESTION2 1 -9.302e+03 7.817e+01 3.952e+01
s>                        ( - -8.998e+02 3 0)
s>                        ( - -8.324e+03 4 0))
s>                    ( QUESTION0_12_R 1 -2.112e+04 9.962e+01 8.938e+01
s>                        ( - -2.005e+04 8 0)
s>                        ( - -9.644e+02 2 0))))))INFO: dtree.c(1315): Comp split 10
INFO: dtree.c(1478): Final simple tree
|( QUESTION0_15_R 1 -3.067e+04 1.879e+02 1.284e+02
|    ( - -1.127e+04 6 0 QUESTION11 -1 8.451e+01 4.811e+01)
|    ( QUESTION7 1 -1.922e+04 1.541e+02 8.030e+01
|        ( - -1.228e+03 1 0)
|        ( QUESTION0_11_R 1 -1.783e+04 1.656e+02 7.431e+01
|            ( QUESTION2_1_L -1 -8.028e+03 1.192e+02 3.333e+01
|                ( QUESTION11 -1 -3.069e+03 9.035e+01 1.306e+01
|                    ( - -1.788e+03 1 0)
|                    ( - -1.190e+03 1 0))
|                ( - -4.841e+03 4 0))
|            ( QUESTION0 1 -9.640e+03 1.003e+02 4.098e+01
|                ( QUESTION2_1_L -1 -8.000e+03 8.864e+01 3.398e+01
|                    ( - -7.870e+02 2 0 QUESTION11 -1 6.837e+01 3.227e+00)
|                    ( - -7.124e+03 3 0))
|                ( - -1.540e+03 4 0 QUESTION11 -1 5.596e+01 6.999e+00)))))
s>    ( QUESTION0_15_R 1 -3.067e+04 1.879e+02 1.284e+02
s>        ( - -1.127e+04 6 0 QUESTION11 -1 8.451e+01 4.811e+01)
s>        ( QUESTION7 1 -1.922e+04 1.541e+02 8.030e+01
s>            ( - -1.228e+03 1 0)
s>            ( QUESTION0_11_R 1 -1.783e+04 1.656e+02 7.431e+01
s>                ( QUESTION2_1_L -1 -8.028e+03 1.192e+02 3.333e+01
s>                    ( QUESTION11 -1 -3.069e+03 9.035e+01 1.306e+01
s>                        ( - -1.788e+03 1 0)
s>                        ( - -1.190e+03 1 0))
s>                    ( - -4.841e+03 4 0))
s>                ( QUESTION0 1 -9.640e+03 1.003e+02 4.098e+01
s>                    ( QUESTION2_1_L -1 -8.000e+03 8.864e+01 3.398e+01
s>                        ( - -7.870e+02 2 0 QUESTION11 -1 6.837e+01 3.227e+00)
s>                        ( - -7.124e+03 3 0))
s>                    ( - -1.540e+03 4 0 QUESTION11 -1 5.596e+01 6.999e+00)))))INFO: dtree.c(1439): stop. leaf nodes are specific
INFO: dtree.c(1478): Final simple tree
|( QUESTION0_17_R 1 -8.224e+03 1.132e+02 3.476e+01
|    ( WDBNDRY_E 0 -7.239e+03 7.687e+01 3.076e+01
|        ( QUESTION11 -1 -9.013e+02 8.132e+01 4.000e+00
|            ( - -2.010e+02 1 0)
|            ( - -6.190e+02 1 0))
|        ( - -6.261e+03 5 0))
|    ( - -8.712e+02 1 0))
s>    ( QUESTION0_17_R 1 -8.224e+03 1.132e+02 3.476e+01
s>        ( WDBNDRY_E 0 -7.239e+03 7.687e+01 3.076e+01
s>            ( QUESTION11 -1 -9.013e+02 8.132e+01 4.000e+00
s>                ( - -2.010e+02 1 0)
s>                ( - -6.190e+02 1 0))
s>            ( - -6.261e+03 5 0))
s>        ( - -8.712e+02 1 0))INFO: dtree.c(1315): Comp split 11
INFO: dtree.c(1439): stop. leaf nodes are specific
INFO: dtree.c(1478): Final simple tree
|( QUESTION11 -1 -2.132e+04 1.234e+02 8.798e+01
|    ( - -6.427e+03 3 0)
|    ( QUESTION2_1_L -1 -1.477e+04 1.182e+02 6.044e+01
|        ( QUESTION2_2_L -1 -2.398e+03 9.189e+01 9.775e+00
|            ( - -9.015e+02 1 0)
|            ( - -1.404e+03 1 0))
|        ( QUESTION0_9_R 1 -1.225e+04 1.022e+02 5.067e+01
|            ( - -1.351e+03 2 0)
|            ( - -1.080e+04 6 0))))
s>    ( QUESTION11 -1 -2.132e+04 1.234e+02 8.798e+01
s>        ( - -6.427e+03 3 0)
s>        ( QUESTION2_1_L -1 -1.477e+04 1.182e+02 6.044e+01
s>            ( QUESTION2_2_L -1 -2.398e+03 9.189e+01 9.775e+00
s>                ( - -9.015e+02 1 0)
s>                ( - -1.404e+03 1 0))
s>            ( QUESTION0_9_R 1 -1.225e+04 1.022e+02 5.067e+01
s>                ( - -1.351e+03 2 0)
s>                ( - -1.080e+04 6 0))))INFO: dtree.c(1439): stop. leaf nodes are specific
INFO: dtree.c(1478): Final simple tree
|( QUESTION0_2_R 1 -8.995e+03 2.052e+02 3.862e+01
|    ( - -6.943e+02 1 0)
|    ( QUESTION11 -1 -8.095e+03 1.474e+02 3.462e+01
|        ( QUESTION0_9_R 1 -3.918e+03 1.371e+02 1.704e+01
|            ( - -2.215e+03 1 0)
|            ( - -1.565e+03 2 0))
|        ( QUESTION0_9_R 1 -4.030e+03 1.068e+02 1.757e+01
|            ( - -1.346e+03 2 0)
|            ( - -2.577e+03 3 0))))
s>    ( QUESTION0_2_R 1 -8.995e+03 2.052e+02 3.862e+01
s>        ( - -6.943e+02 1 0)
s>        ( QUESTION11 -1 -8.095e+03 1.474e+02 3.462e+01
s>            ( QUESTION0_9_R 1 -3.918e+03 1.371e+02 1.704e+01
s>                ( - -2.215e+03 1 0)
s>                ( - -1.565e+03 2 0))
s>            ( QUESTION0_9_R 1 -4.030e+03 1.068e+02 1.757e+01
s>                ( - -1.346e+03 2 0)
s>                ( - -2.577e+03 3 0))))INFO: dtree.c(1315): Comp split 12
INFO: dtree.c(1478): Final simple tree
|( QUESTION0_5_R 1 -3.478e+04 1.733e+02 1.497e+02
|    ( - -8.049e+02 1 0)
|    ( QUESTION2_2_L -1 -3.381e+04 1.650e+02 1.457e+02
|        ( - -3.062e+02 1 0)
|        ( QUESTION0_3_R 1 -3.333e+04 1.665e+02 1.437e+02
|            ( WDBNDRY_B 0 -1.788e+04 1.321e+02 7.728e+01
|                ( QUESTION13 -1 -1.303e+03 1.809e+02 6.000e+00
|                    ( - -2.738e+02 1 0)
|                    ( - -8.484e+02 2 0))
|                ( QUESTION13 -1 -1.645e+04 1.438e+02 7.128e+01
|                    ( - -2.420e+03 2 0)
|                    ( - -1.388e+04 11 0 QUESTION11 1 9.665e+01 6.029e+01)))
|            ( QUESTION11 -1 -1.529e+04 1.418e+02 6.638e+01
|                ( - -8.147e+03 3 0)
|                ( - -6.998e+03 6 0 QUESTION19 -1 1.122e+02 3.009e+01)))))
s>    ( QUESTION0_5_R 1 -3.478e+04 1.733e+02 1.497e+02
s>        ( - -8.049e+02 1 0)
s>        ( QUESTION2_2_L -1 -3.381e+04 1.650e+02 1.457e+02
s>            ( - -3.062e+02 1 0)
s>            ( QUESTION0_3_R 1 -3.333e+04 1.665e+02 1.437e+02
s>                ( WDBNDRY_B 0 -1.788e+04 1.321e+02 7.728e+01
s>                    ( QUESTION13 -1 -1.303e+03 1.809e+02 6.000e+00
s>                        ( - -2.738e+02 1 0)
s>                        ( - -8.484e+02 2 0))
s>                    ( QUESTION13 -1 -1.645e+04 1.438e+02 7.128e+01
s>                        ( - -2.420e+03 2 0)
s>                        ( - -1.388e+04 11 0 QUESTION11 1 9.665e+01 6.029e+01)))
s>                ( QUESTION11 -1 -1.529e+04 1.418e+02 6.638e+01
s>                    ( - -8.147e+03 3 0)
s>                    ( - -6.998e+03 6 0 QUESTION19 -1 1.122e+02 3.009e+01)))))INFO: dtree.c(1439): stop. leaf nodes are specific
INFO: dtree.c(1478): Final simple tree
|( QUESTION3 -1 -1.334e+04 1.897e+02 5.686e+01
|    ( - -2.805e+02 1 0)
|    ( QUESTION13 -1 -1.287e+04 1.661e+02 5.486e+01
|        ( - -4.120e+03 1 0)
|        ( QUESTION0_6_R 1 -8.585e+03 9.841e+01 3.642e+01
|            ( WDBNDRY_B 0 -2.852e+03 5.723e+01 1.194e+01
|                ( - -1.925e+02 1 0)
|                ( - -2.602e+03 2 0))
|            ( QUESTION11 -1 -5.635e+03 8.958e+01 2.448e+01
|                ( - -1.111e+03 2 0)
|                ( - -4.434e+03 2 0)))))
s>    ( QUESTION3 -1 -1.334e+04 1.897e+02 5.686e+01
s>        ( - -2.805e+02 1 0)
s>        ( QUESTION13 -1 -1.287e+04 1.661e+02 5.486e+01
s>            ( - -4.120e+03 1 0)
s>            ( QUESTION0_6_R 1 -8.585e+03 9.841e+01 3.642e+01
s>                ( WDBNDRY_B 0 -2.852e+03 5.723e+01 1.194e+01
s>                    ( - -1.925e+02 1 0)
s>                    ( - -2.602e+03 2 0))
s>                ( QUESTION11 -1 -5.635e+03 8.958e+01 2.448e+01
s>                    ( - -1.111e+03 2 0)
s>                    ( - -4.434e+03 2 0)))))INFO: dtree.c(1315): Comp split 13
INFO: dtree.c(1439): stop. leaf nodes are specific
INFO: dtree.c(1478): Final simple tree
|( QUESTION3 1 -1.795e+04 1.933e+02 7.515e+01
|    ( - -4.416e+03 1 0)
|    ( QUESTION0_2_R 1 -1.334e+04 7.566e+01 5.617e+01
|        ( QUESTION2_1_L -1 -1.237e+04 4.953e+01 5.217e+01
|            ( - -2.237e+02 1 0)
|            ( - -1.209e+04 5 0))
|        ( - -8.998e+02 3 0)))
s>    ( QUESTION3 1 -1.795e+04 1.933e+02 7.515e+01
s>        ( - -4.416e+03 1 0)
s>        ( QUESTION0_2_R 1 -1.334e+04 7.566e+01 5.617e+01
s>            ( QUESTION2_1_L -1 -1.237e+04 4.953e+01 5.217e+01
s>                ( - -2.237e+02 1 0)
s>                ( - -1.209e+04 5 0))
s>            ( - -8.998e+02 3 0)))INFO: dtree.c(1439): stop. leaf nodes are specific
INFO: dtree.c(1478): Final simple tree
|( QUESTION2_2_L -1 -3.796e+04 2.290e+02 1.611e+02
|    ( - -3.711e+03 1 0)
|    ( QUESTION11 -1 -3.402e+04 1.333e+02 1.441e+02
|        ( - -4.321e+03 1 0)
|        ( QUESTION0_9_R 1 -2.957e+04 1.235e+02 1.249e+02
|            ( - -8.324e+03 4 0)
|            ( QUESTION0_12_R 1 -2.112e+04 9.962e+01 8.938e+01
|                ( - -2.005e+04 8 0)
|                ( - -9.644e+02 2 0)))))
s>    ( QUESTION2_2_L -1 -3.796e+04 2.290e+02 1.611e+02
s>        ( - -3.711e+03 1 0)
s>        ( QUESTION11 -1 -3.402e+04 1.333e+02 1.441e+02
s>            ( - -4.321e+03 1 0)
s>            ( QUESTION0_9_R 1 -2.957e+04 1.235e+02 1.249e+02
s>                ( - -8.324e+03 4 0)
s>                ( QUESTION0_12_R 1 -2.112e+04 9.962e+01 8.938e+01
s>                    ( - -2.005e+04 8 0)
s>                    ( - -9.644e+02 2 0)))))INFO: dtree.c(1315): Comp split 14
INFO: dtree.c(1439): stop. leaf nodes are specific
INFO: dtree.c(1478): Final simple tree
|( QUESTION11 -1 -3.402e+04 1.333e+02 1.441e+02
|    ( - -4.321e+03 1 0)
|    ( QUESTION0_9_R 1 -2.957e+04 1.235e+02 1.249e+02
|        ( - -8.324e+03 4 0)
|        ( QUESTION0_12_R 1 -2.112e+04 9.962e+01 8.938e+01
|            ( - -2.005e+04 8 0)
|            ( - -9.644e+02 2 0))))
s>    ( QUESTION11 -1 -3.402e+04 1.333e+02 1.441e+02
s>        ( - -4.321e+03 1 0)
s>        ( QUESTION0_9_R 1 -2.957e+04 1.235e+02 1.249e+02
s>            ( - -8.324e+03 4 0)
s>            ( QUESTION0_12_R 1 -2.112e+04 9.962e+01 8.938e+01
s>                ( - -2.005e+04 8 0)
s>                ( - -9.644e+02 2 0))))INFO: dtree.c(1315): Comp split 15
INFO: dtree.c(1439): stop. leaf nodes are specific
INFO: dtree.c(1478): Final simple tree
|( QUESTION11 -1 -8.095e+03 1.474e+02 3.462e+01
|    ( QUESTION0_9_R 1 -3.918e+03 1.371e+02 1.704e+01
|        ( - -2.215e+03 1 0)
|        ( - -1.565e+03 2 0))
|    ( QUESTION0_9_R 1 -4.030e+03 1.068e+02 1.757e+01
|        ( - -1.346e+03 2 0)
|        ( - -2.577e+03 3 0)))
s>    ( QUESTION11 -1 -8.095e+03 1.474e+02 3.462e+01
s>        ( QUESTION0_9_R 1 -3.918e+03 1.371e+02 1.704e+01
s>            ( - -2.215e+03 1 0)
s>            ( - -1.565e+03 2 0))
s>        ( QUESTION0_9_R 1 -4.030e+03 1.068e+02 1.757e+01
s>            ( - -1.346e+03 2 0)
s>            ( - -2.577e+03 3 0)))INFO: dtree.c(1315): Comp split 16
INFO: dtree.c(1439): stop. leaf nodes are specific
INFO: dtree.c(1478): Final simple tree
|( QUESTION0_2_R 1 -1.334e+04 7.566e+01 5.617e+01
|    ( QUESTION2_1_L -1 -1.237e+04 4.953e+01 5.217e+01
|        ( - -2.237e+02 1 0)
|        ( - -1.209e+04 5 0))
|    ( - -8.998e+02 3 0))
s>    ( QUESTION0_2_R 1 -1.334e+04 7.566e+01 5.617e+01
s>        ( QUESTION2_1_L -1 -1.237e+04 4.953e+01 5.217e+01
s>            ( - -2.237e+02 1 0)
s>            ( - -1.209e+04 5 0))
s>        ( - -8.998e+02 3 0))INFO: dtree.c(1315): Comp split 17
INFO: dtree.c(1439): stop. leaf nodes are specific
INFO: dtree.c(1478): Final simple tree
|( QUESTION11 1 -1.082e+04 1.401e+02 4.364e+01
|    ( - -2.880e+03 1 0)
|    ( QUESTION0_19_R 1 -7.797e+03 9.582e+01 3.109e+01
|        ( QUESTION11 -1 -2.299e+03 5.708e+01 9.713e+00
|            ( - -4.368e+02 1 0)
|            ( - -1.805e+03 4 0))
|        ( QUESTION0_2_R 1 -5.403e+03 7.823e+01 2.138e+01
|            ( - -3.507e+03 6 0)
|            ( QUESTION11 -1 -1.817e+03 6.938e+01 7.380e+00
|                ( - -1.312e+03 2 0)
|                ( - -4.361e+02 1 0)))))
s>    ( QUESTION11 1 -1.082e+04 1.401e+02 4.364e+01
s>        ( - -2.880e+03 1 0)
s>        ( QUESTION0_19_R 1 -7.797e+03 9.582e+01 3.109e+01
s>            ( QUESTION11 -1 -2.299e+03 5.708e+01 9.713e+00
s>                ( - -4.368e+02 1 0)
s>                ( - -1.805e+03 4 0))
s>            ( QUESTION0_2_R 1 -5.403e+03 7.823e+01 2.138e+01
s>                ( - -3.507e+03 6 0)
s>                ( QUESTION11 -1 -1.817e+03 6.938e+01 7.380e+00
s>                    ( - -1.312e+03 2 0)
s>                    ( - -4.361e+02 1 0)))))INFO: dtree.c(1439): stop. leaf nodes are specific
INFO: dtree.c(1478): Final simple tree
|( QUESTION11 -1 -4.742e+03 1.123e+02 2.000e+01
|    ( - -1.028e+03 1 0)
|    ( - -3.601e+03 3 0))
s>    ( QUESTION11 -1 -4.742e+03 1.123e+02 2.000e+01
s>        ( - -1.028e+03 1 0)
s>        ( - -3.601e+03 3 0))INFO: dtree.c(1315): Comp split 18
INFO: dtree.c(1315): Comp split 19
INFO: dtree.c(1478): Final simple tree
|( WDBNDRY_B 0 -2.261e+04 1.673e+02 9.857e+01
|    ( - -2.738e+02 1 0)
|    ( QUESTION0_3_R 1 -2.217e+04 1.384e+02 9.657e+01
|        ( QUESTION11 1 -1.388e+04 9.665e+01 6.029e+01
|            ( QUESTION12 -1 -8.774e+03 6.841e+01 3.847e+01
|                ( - -4.974e+03 4 0)
|                ( QUESTION0 -1 -3.732e+03 4.872e+01 1.662e+01
|                    ( - -1.821e+02 1 0)
|                    ( - -3.501e+03 1 0)))
|            ( QUESTION2_1_L -1 -5.012e+03 1.037e+02 2.181e+01
|                ( QUESTION11 -1 -1.819e+03 1.108e+02 8.030e+00
|                    ( - -6.710e+02 1 0)
|                    ( - -1.038e+03 1 0))
|                ( - -3.089e+03 3 0)))
|        ( - -8.147e+03 3 0)))
s>    ( WDBNDRY_B 0 -2.261e+04 1.673e+02 9.857e+01
s>        ( - -2.738e+02 1 0)
s>        ( QUESTION0_3_R 1 -2.217e+04 1.384e+02 9.657e+01
s>            ( QUESTION11 1 -1.388e+04 9.665e+01 6.029e+01
s>                ( QUESTION12 -1 -8.774e+03 6.841e+01 3.847e+01
s>                    ( - -4.974e+03 4 0)
s>                    ( QUESTION0 -1 -3.732e+03 4.872e+01 1.662e+01
s>                        ( - -1.821e+02 1 0)
s>                        ( - -3.501e+03 1 0)))
s>                ( QUESTION2_1_L -1 -5.012e+03 1.037e+02 2.181e+01
s>                    ( QUESTION11 -1 -1.819e+03 1.108e+02 8.030e+00
s>                        ( - -6.710e+02 1 0)
s>                        ( - -1.038e+03 1 0))
s>                    ( - -3.089e+03 3 0)))
s>            ( - -8.147e+03 3 0)))INFO: dtree.c(1478): Final simple tree
|( QUESTION0_5_R 1 -1.198e+04 1.657e+02 5.108e+01
|    ( - -8.049e+02 1 0)
|    ( QUESTION2_1_L -1 -1.101e+04 1.614e+02 4.708e+01
|        ( - -3.062e+02 1 0)
|        ( QUESTION0_3_R 1 -1.055e+04 1.593e+02 4.508e+01
|            ( WDBNDRY_B 0 -3.389e+03 1.209e+02 1.499e+01
|                ( - -8.484e+02 2 0)
|                ( - -2.420e+03 2 0))
|            ( QUESTION19 -1 -6.998e+03 1.122e+02 3.009e+01
|                ( QUESTION11 1 -6.169e+03 8.508e+01 2.709e+01
|                    ( - -6.268e+02 1 0)
|                    ( - -5.457e+03 3 0))
|                ( QUESTION0 -1 -7.165e+02 7.601e+01 3.000e+00
|                    ( - -2.494e+02 1 0)
|                    ( - -3.911e+02 1 0))))))
s>    ( QUESTION0_5_R 1 -1.198e+04 1.657e+02 5.108e+01
s>        ( - -8.049e+02 1 0)
s>        ( QUESTION2_1_L -1 -1.101e+04 1.614e+02 4.708e+01
s>            ( - -3.062e+02 1 0)
s>            ( QUESTION0_3_R 1 -1.055e+04 1.593e+02 4.508e+01
s>                ( WDBNDRY_B 0 -3.389e+03 1.209e+02 1.499e+01
s>                    ( - -8.484e+02 2 0)
s>                    ( - -2.420e+03 2 0))
s>                ( QUESTION19 -1 -6.998e+03 1.122e+02 3.009e+01
s>                    ( QUESTION11 1 -6.169e+03 8.508e+01 2.709e+01
s>                        ( - -6.268e+02 1 0)
s>                        ( - -5.457e+03 3 0))
s>                    ( QUESTION0 -1 -7.165e+02 7.601e+01 3.000e+00
s>                        ( - -2.494e+02 1 0)
s>                        ( - -3.911e+02 1 0))))))INFO: dtree.c(1315): Comp split 20
INFO: dtree.c(1439): stop. leaf nodes are specific
INFO: dtree.c(1478): Final simple tree
|( QUESTION13 -1 -1.287e+04 1.661e+02 5.486e+01
|    ( - -4.120e+03 1 0)
|    ( QUESTION0_6_R 1 -8.585e+03 9.841e+01 3.642e+01
|        ( WDBNDRY_B 0 -2.852e+03 5.723e+01 1.194e+01
|            ( - -1.925e+02 1 0)
|            ( - -2.602e+03 2 0))
|        ( QUESTION11 -1 -5.635e+03 8.958e+01 2.448e+01
|            ( - -1.111e+03 2 0)
|            ( - -4.434e+03 2 0))))
s>    ( QUESTION13 -1 -1.287e+04 1.661e+02 5.486e+01
s>        ( - -4.120e+03 1 0)
s>        ( QUESTION0_6_R 1 -8.585e+03 9.841e+01 3.642e+01
s>            ( WDBNDRY_B 0 -2.852e+03 5.723e+01 1.194e+01
s>                ( - -1.925e+02 1 0)
s>                ( - -2.602e+03 2 0))
s>            ( QUESTION11 -1 -5.635e+03 8.958e+01 2.448e+01
s>                ( - -1.111e+03 2 0)
s>                ( - -4.434e+03 2 0))))INFO: dtree.c(1315): Comp split 21
INFO: dtree.c(1439): stop. leaf nodes are specific
INFO: dtree.c(1478): Final simple tree
|( QUESTION0 1 -8.767e+03 1.036e+02 3.776e+01
|    ( - -7.124e+03 3 0)
|    ( QUESTION11 -1 -1.540e+03 5.596e+01 6.999e+00
|        ( - -1.769e+02 1 0)
|        ( - -1.307e+03 3 0)))
s>    ( QUESTION0 1 -8.767e+03 1.036e+02 3.776e+01
s>        ( - -7.124e+03 3 0)
s>        ( QUESTION11 -1 -1.540e+03 5.596e+01 6.999e+00
s>            ( - -1.769e+02 1 0)
s>            ( - -1.307e+03 3 0)))INFO: dtree.c(1478): Final simple tree
|( QUESTION0_15_R 1 -2.171e+04 1.744e+02 9.065e+01
|    ( QUESTION11 -1 -1.127e+04 8.451e+01 4.811e+01
|        ( - -8.020e+02 2 0)
|        ( - -1.038e+04 4 0))
|    ( QUESTION7 1 -1.027e+04 1.429e+02 4.254e+01
|        ( - -1.228e+03 1 0)
|        ( QUESTION2_1_L -1 -8.901e+03 1.176e+02 3.656e+01
|            ( QUESTION0_11_R 1 -3.943e+03 8.741e+01 1.629e+01
|                ( QUESTION11 -1 -3.069e+03 9.035e+01 1.306e+01
|                    ( - -1.788e+03 1 0)
|                    ( - -1.190e+03 1 0))
|                ( QUESTION11 -1 -7.870e+02 6.837e+01 3.227e+00
|                    ( - -4.907e+02 1 0)
|                    ( - -2.279e+02 1 0)))
|            ( - -4.841e+03 4 0))))
s>    ( QUESTION0_15_R 1 -2.171e+04 1.744e+02 9.065e+01
s>        ( QUESTION11 -1 -1.127e+04 8.451e+01 4.811e+01
s>            ( - -8.020e+02 2 0)
s>            ( - -1.038e+04 4 0))
s>        ( QUESTION7 1 -1.027e+04 1.429e+02 4.254e+01
s>            ( - -1.228e+03 1 0)
s>            ( QUESTION2_1_L -1 -8.901e+03 1.176e+02 3.656e+01
s>                ( QUESTION0_11_R 1 -3.943e+03 8.741e+01 1.629e+01
s>                    ( QUESTION11 -1 -3.069e+03 9.035e+01 1.306e+01
s>                        ( - -1.788e+03 1 0)
s>                        ( - -1.190e+03 1 0))
s>                    ( QUESTION11 -1 -7.870e+02 6.837e+01 3.227e+00
s>                        ( - -4.907e+02 1 0)
s>                        ( - -2.279e+02 1 0)))
s>                ( - -4.841e+03 4 0))))INFO: dtree.c(1315): Comp split 22
INFO: dtree.c(1439): stop. leaf nodes are specific
INFO: dtree.c(1478): Final simple tree
|( QUESTION11 -1 -1.183e+04 7.859e+01 5.034e+01
|    ( QUESTION0_11_R 1 -1.373e+03 8.042e+01 5.677e+00
|        ( - -8.020e+02 2 0)
|        ( - -4.907e+02 1 0))
|    ( - -1.038e+04 4 0))
s>    ( QUESTION11 -1 -1.183e+04 7.859e+01 5.034e+01
s>        ( QUESTION0_11_R 1 -1.373e+03 8.042e+01 5.677e+00
s>            ( - -8.020e+02 2 0)
s>            ( - -4.907e+02 1 0))
s>        ( - -1.038e+04 4 0))INFO: dtree.c(1439): stop. leaf nodes are specific
INFO: dtree.c(1478): Final simple tree
|( QUESTION7 1 -9.702e+03 1.433e+02 4.032e+01
|    ( - -1.228e+03 1 0)
|    ( QUESTION11 -1 -8.330e+03 1.111e+02 3.433e+01
|        ( - -1.788e+03 1 0)
|        ( QUESTION2_1_L -1 -6.431e+03 8.056e+01 2.627e+01
|            ( QUESTION0_11_R 1 -1.510e+03 9.176e+01 6.002e+00
|                ( - -1.190e+03 1 0)
|                ( - -2.279e+02 1 0))
|            ( - -4.841e+03 4 0))))
s>    ( QUESTION7 1 -9.702e+03 1.433e+02 4.032e+01
s>        ( - -1.228e+03 1 0)
s>        ( QUESTION11 -1 -8.330e+03 1.111e+02 3.433e+01
s>            ( - -1.788e+03 1 0)
s>            ( QUESTION2_1_L -1 -6.431e+03 8.056e+01 2.627e+01
s>                ( QUESTION0_11_R 1 -1.510e+03 9.176e+01 6.002e+00
s>                    ( - -1.190e+03 1 0)
s>                    ( - -2.279e+02 1 0))
s>                ( - -4.841e+03 4 0))))INFO: dtree.c(1315): Comp split 23
INFO: dtree.c(1439): stop. leaf nodes are specific
INFO: dtree.c(1478): Final simple tree
|( QUESTION0_3_R 1 -9.301e+03 1.159e+02 4.132e+01
|    ( - -1.038e+03 1 0)
|    ( - -8.147e+03 3 0))
s>    ( QUESTION0_3_R 1 -9.301e+03 1.159e+02 4.132e+01
s>        ( - -1.038e+03 1 0)
s>        ( - -8.147e+03 3 0))INFO: dtree.c(1439): stop. leaf nodes are specific
INFO: dtree.c(1478): Final simple tree
|( WDBNDRY_B 0 -1.313e+04 1.641e+02 5.726e+01
|    ( - -2.738e+02 1 0)
|    ( QUESTION11 1 -1.269e+04 7.775e+01 5.526e+01
|        ( QUESTION12 -1 -8.774e+03 6.841e+01 3.847e+01
|            ( - -4.974e+03 4 0)
|            ( QUESTION0 -1 -3.732e+03 4.872e+01 1.662e+01
|                ( - -1.821e+02 1 0)
|                ( - -3.501e+03 1 0)))
|        ( QUESTION11 -1 -3.841e+03 8.151e+01 1.678e+01
|            ( - -6.710e+02 1 0)
|            ( - -3.089e+03 3 0))))
s>    ( WDBNDRY_B 0 -1.313e+04 1.641e+02 5.726e+01
s>        ( - -2.738e+02 1 0)
s>        ( QUESTION11 1 -1.269e+04 7.775e+01 5.526e+01
s>            ( QUESTION12 -1 -8.774e+03 6.841e+01 3.847e+01
s>                ( - -4.974e+03 4 0)
s>                ( QUESTION0 -1 -3.732e+03 4.872e+01 1.662e+01
s>                    ( - -1.821e+02 1 0)
s>                    ( - -3.501e+03 1 0)))
s>            ( QUESTION11 -1 -3.841e+03 8.151e+01 1.678e+01
s>                ( - -6.710e+02 1 0)
s>                ( - -3.089e+03 3 0))))INFO: dtree.c(1315): Comp split 24
INFO: dtree.c(1439): stop. leaf nodes are specific
INFO: dtree.c(1478): Final simple tree
|( QUESTION2_1_L -1 -5.703e+03 1.109e+02 2.470e+01
|    ( QUESTION0_9_R 1 -3.015e+03 1.032e+02 1.311e+01
|        ( - -1.346e+03 2 0)
|        ( - -1.565e+03 2 0))
|    ( - -2.577e+03 3 0))
s>    ( QUESTION2_1_L -1 -5.703e+03 1.109e+02 2.470e+01
s>        ( QUESTION0_9_R 1 -3.015e+03 1.032e+02 1.311e+01
s>            ( - -1.346e+03 2 0)
s>            ( - -1.565e+03 2 0))
s>        ( - -2.577e+03 3 0))INFO: dtree.c(1315): Comp split 25
INFO: dtree.c(1439): stop. leaf nodes are specific
INFO: dtree.c(1478): Final simple tree
|( WDBNDRY_B 0 -7.136e+03 1.621e+02 3.109e+01
|    ( - -8.049e+02 1 0)
|    ( QUESTION11 1 -6.169e+03 8.508e+01 2.709e+01
|        ( - -6.268e+02 1 0)
|        ( - -5.457e+03 3 0)))
s>    ( WDBNDRY_B 0 -7.136e+03 1.621e+02 3.109e+01
s>        ( - -8.049e+02 1 0)
s>        ( QUESTION11 1 -6.169e+03 8.508e+01 2.709e+01
s>            ( - -6.268e+02 1 0)
s>            ( - -5.457e+03 3 0)))INFO: dtree.c(1439): stop. leaf nodes are specific
INFO: dtree.c(1478): Final simple tree
|( QUESTION2_1_L -1 -4.676e+03 1.601e+02 1.999e+01
|    ( - -3.062e+02 1 0)
|    ( WDBNDRY_B 0 -4.210e+03 1.188e+02 1.799e+01
|        ( - -8.484e+02 2 0)
|        ( QUESTION0_3_R 1 -3.242e+03 1.062e+02 1.399e+01
|            ( - -2.420e+03 2 0)
|            ( QUESTION0 -1 -7.165e+02 7.601e+01 3.000e+00
|                ( - -2.494e+02 1 0)
|                ( - -3.911e+02 1 0)))))
s>    ( QUESTION2_1_L -1 -4.676e+03 1.601e+02 1.999e+01
s>        ( - -3.062e+02 1 0)
s>        ( WDBNDRY_B 0 -4.210e+03 1.188e+02 1.799e+01
s>            ( - -8.484e+02 2 0)
s>            ( QUESTION0_3_R 1 -3.242e+03 1.062e+02 1.399e+01
s>                ( - -2.420e+03 2 0)
s>                ( QUESTION0 -1 -7.165e+02 7.601e+01 3.000e+00
s>                    ( - -2.494e+02 1 0)
s>                    ( - -3.911e+02 1 0)))))INFO: dtree.c(1315): Comp split 26
INFO: dtree.c(1439): stop. leaf nodes are specific
INFO: dtree.c(1478): Final simple tree
|( QUESTION0_6_R 1 -8.585e+03 9.841e+01 3.642e+01
|    ( WDBNDRY_B 0 -2.852e+03 5.723e+01 1.194e+01
|        ( - -1.925e+02 1 0)
|        ( - -2.602e+03 2 0))
|    ( QUESTION11 -1 -5.635e+03 8.958e+01 2.448e+01
|        ( - -1.111e+03 2 0)
|        ( - -4.434e+03 2 0)))
s>    ( QUESTION0_6_R 1 -8.585e+03 9.841e+01 3.642e+01
s>        ( WDBNDRY_B 0 -2.852e+03 5.723e+01 1.194e+01
s>            ( - -1.925e+02 1 0)
s>            ( - -2.602e+03 2 0))
s>        ( QUESTION11 -1 -5.635e+03 8.958e+01 2.448e+01
s>            ( - -1.111e+03 2 0)
s>            ( - -4.434e+03 2 0)))INFO: dtree.c(1315): Comp split 27
INFO: dtree.c(1439): stop. leaf nodes are specific
INFO: dtree.c(1478): Final simple tree
|( QUESTION11 1 -1.269e+04 7.775e+01 5.526e+01
|    ( QUESTION12 -1 -8.774e+03 6.841e+01 3.847e+01
|        ( - -4.974e+03 4 0)
|        ( QUESTION0 -1 -3.732e+03 4.872e+01 1.662e+01
|            ( - -1.821e+02 1 0)
|            ( - -3.501e+03 1 0)))
|    ( QUESTION11 -1 -3.841e+03 8.151e+01 1.678e+01
|        ( - -6.710e+02 1 0)
|        ( - -3.089e+03 3 0)))
s>    ( QUESTION11 1 -1.269e+04 7.775e+01 5.526e+01
s>        ( QUESTION12 -1 -8.774e+03 6.841e+01 3.847e+01
s>            ( - -4.974e+03 4 0)
s>            ( QUESTION0 -1 -3.732e+03 4.872e+01 1.662e+01
s>                ( - -1.821e+02 1 0)
s>                ( - -3.501e+03 1 0)))
s>        ( QUESTION11 -1 -3.841e+03 8.151e+01 1.678e+01
s>            ( - -6.710e+02 1 0)
s>            ( - -3.089e+03 3 0)))INFO: dtree.c(1315): Comp split 28
INFO: dtree.c(1439): stop. leaf nodes are specific
INFO: dtree.c(1478): Final simple tree
|( QUESTION11 1 -6.169e+03 8.508e+01 2.709e+01
|    ( - -6.268e+02 1 0)
|    ( - -5.457e+03 3 0))
s>    ( QUESTION11 1 -6.169e+03 8.508e+01 2.709e+01
s>        ( - -6.268e+02 1 0)
s>        ( - -5.457e+03 3 0))INFO: dtree.c(1315): Comp split 29
INFO: dtree.c(1439): stop. leaf nodes are specific
INFO: dtree.c(1478): Final simple tree
|( WDBNDRY_B 0 -4.210e+03 1.188e+02 1.799e+01
|    ( - -8.484e+02 2 0)
|    ( QUESTION0_3_R 1 -3.242e+03 1.062e+02 1.399e+01
|        ( - -2.420e+03 2 0)
|        ( QUESTION0 -1 -7.165e+02 7.601e+01 3.000e+00
|            ( - -2.494e+02 1 0)
|            ( - -3.911e+02 1 0))))
s>    ( WDBNDRY_B 0 -4.210e+03 1.188e+02 1.799e+01
s>        ( - -8.484e+02 2 0)
s>        ( QUESTION0_3_R 1 -3.242e+03 1.062e+02 1.399e+01
s>            ( - -2.420e+03 2 0)
s>            ( QUESTION0 -1 -7.165e+02 7.601e+01 3.000e+00
s>                ( - -2.494e+02 1 0)
s>                ( - -3.911e+02 1 0))))INFO: dtree.c(1315): Comp split 30
INFO: dtree.c(1439): stop. leaf nodes are specific
INFO: dtree.c(1478): Final simple tree
|( QUESTION11 -1 -8.330e+03 1.111e+02 3.433e+01
|    ( - -1.788e+03 1 0)
|    ( QUESTION2_1_L -1 -6.431e+03 8.056e+01 2.627e+01
|        ( QUESTION0_11_R 1 -1.510e+03 9.176e+01 6.002e+00
|            ( - -1.190e+03 1 0)
|            ( - -2.279e+02 1 0))
|        ( - -4.841e+03 4 0)))
s>    ( QUESTION11 -1 -8.330e+03 1.111e+02 3.433e+01
s>        ( - -1.788e+03 1 0)
s>        ( QUESTION2_1_L -1 -6.431e+03 8.056e+01 2.627e+01
s>            ( QUESTION0_11_R 1 -1.510e+03 9.176e+01 6.002e+00
s>                ( - -1.190e+03 1 0)
s>                ( - -2.279e+02 1 0))
s>            ( - -4.841e+03 4 0)))INFO: dtree.c(1315): Comp split 31
INFO: dtree.c(1439): stop. leaf nodes are specific
INFO: dtree.c(1478): Final simple tree
|( QUESTION0_19_R 1 -7.797e+03 9.582e+01 3.109e+01
|    ( QUESTION11 -1 -2.299e+03 5.708e+01 9.713e+00
|        ( - -4.368e+02 1 0)
|        ( - -1.805e+03 4 0))
|    ( QUESTION0_2_R 1 -5.403e+03 7.823e+01 2.138e+01
|        ( - -3.507e+03 6 0)
|        ( QUESTION11 -1 -1.817e+03 6.938e+01 7.380e+00
|            ( - -1.312e+03 2 0)
|            ( - -4.361e+02 1 0))))
s>    ( QUESTION0_19_R 1 -7.797e+03 9.582e+01 3.109e+01
s>        ( QUESTION11 -1 -2.299e+03 5.708e+01 9.713e+00
s>            ( - -4.368e+02 1 0)
s>            ( - -1.805e+03 4 0))
s>        ( QUESTION0_2_R 1 -5.403e+03 7.823e+01 2.138e+01
s>            ( - -3.507e+03 6 0)
s>            ( QUESTION11 -1 -1.817e+03 6.938e+01 7.380e+00
s>                ( - -1.312e+03 2 0)
s>                ( - -4.361e+02 1 0))))INFO: dtree.c(1315): Comp split 32
INFO: dtree.c(1315): Comp split 33
INFO: dtree.c(1439): stop. leaf nodes are specific
INFO: dtree.c(1478): Final simple tree
|( QUESTION0_9_R 1 -2.957e+04 1.235e+02 1.249e+02
|    ( - -8.324e+03 4 0)
|    ( QUESTION0_12_R 1 -2.112e+04 9.962e+01 8.938e+01
|        ( - -2.005e+04 8 0)
|        ( - -9.644e+02 2 0)))
s>    ( QUESTION0_9_R 1 -2.957e+04 1.235e+02 1.249e+02
s>        ( - -8.324e+03 4 0)
s>        ( QUESTION0_12_R 1 -2.112e+04 9.962e+01 8.938e+01
s>            ( - -2.005e+04 8 0)
s>            ( - -9.644e+02 2 0)))INFO: dtree.c(1315): Comp split 34
INFO: dtree.c(1439): stop. leaf nodes are specific
INFO: dtree.c(1478): Final simple tree
|( QUESTION0_9_R 1 -3.849e+03 1.004e+02 1.586e+01
|    ( - -1.351e+03 2 0)
|    ( QUESTION2_2_L -1 -2.398e+03 9.189e+01 9.775e+00
|        ( - -9.015e+02 1 0)
|        ( - -1.404e+03 1 0)))
s>    ( QUESTION0_9_R 1 -3.849e+03 1.004e+02 1.586e+01
s>        ( - -1.351e+03 2 0)
s>        ( QUESTION2_2_L -1 -2.398e+03 9.189e+01 9.775e+00
s>            ( - -9.015e+02 1 0)
s>            ( - -1.404e+03 1 0)))INFO: dtree.c(1439): stop. leaf nodes are specific
INFO: dtree.c(1478): Final simple tree
|( QUESTION11 -1 -1.734e+04 1.193e+02 7.211e+01
|    ( - -6.427e+03 3 0)
|    ( - -1.080e+04 6 0))
s>    ( QUESTION11 -1 -1.734e+04 1.193e+02 7.211e+01
s>        ( - -6.427e+03 3 0)
s>        ( - -1.080e+04 6 0))INFO: dtree.c(1315): Comp split 35
INFO: dtree.c(1439): stop. leaf nodes are specific
INFO: dtree.c(1478): Final simple tree
|( QUESTION0_12_R 1 -2.112e+04 9.962e+01 8.938e+01
|    ( - -2.005e+04 8 0)
|    ( - -9.644e+02 2 0))
s>    ( QUESTION0_12_R 1 -2.112e+04 9.962e+01 8.938e+01
s>        ( - -2.005e+04 8 0)
s>        ( - -9.644e+02 2 0))INFO: dtree.c(1315): Comp split 36
INFO: dtree.c(1315): Comp split 37
INFO: dtree.c(1439): stop. leaf nodes are specific
INFO: dtree.c(1478): Final simple tree
|( QUESTION0_3_R 1 -3.242e+03 1.062e+02 1.399e+01
|    ( - -2.420e+03 2 0)
|    ( QUESTION0 -1 -7.165e+02 7.601e+01 3.000e+00
|        ( - -2.494e+02 1 0)
|        ( - -3.911e+02 1 0)))
s>    ( QUESTION0_3_R 1 -3.242e+03 1.062e+02 1.399e+01
s>        ( - -2.420e+03 2 0)
s>        ( QUESTION0 -1 -7.165e+02 7.601e+01 3.000e+00
s>            ( - -2.494e+02 1 0)
s>            ( - -3.911e+02 1 0)))INFO: dtree.c(1315): Comp split 38
INFO: dtree.c(1439): stop. leaf nodes are specific
INFO: dtree.c(1478): Final simple tree
|( QUESTION0_11_R 1 -5.143e+03 7.490e+01 2.127e+01
|    ( - -4.841e+03 4 0)
|    ( - -2.279e+02 1 0))
s>    ( QUESTION0_11_R 1 -5.143e+03 7.490e+01 2.127e+01
s>        ( - -4.841e+03 4 0)
s>        ( - -2.279e+02 1 0))INFO: dtree.c(1439): stop. leaf nodes are specific
INFO: dtree.c(1478): Final simple tree
|( QUESTION11 -1 -3.069e+03 9.035e+01 1.306e+01
|    ( - -1.788e+03 1 0)
|    ( - -1.190e+03 1 0))
s>    ( QUESTION11 -1 -3.069e+03 9.035e+01 1.306e+01
s>        ( - -1.788e+03 1 0)
s>        ( - -1.190e+03 1 0))INFO: dtree.c(1315): Comp split 39
INFO: dtree.c(1315): Comp split 40
INFO: dtree.c(1439): stop. leaf nodes are specific
INFO: dtree.c(1478): Final simple tree
|( WDBNDRY_E 0 -7.239e+03 7.687e+01 3.076e+01
|    ( QUESTION11 -1 -9.013e+02 8.132e+01 4.000e+00
|        ( - -2.010e+02 1 0)
|        ( - -6.190e+02 1 0))
|    ( - -6.261e+03 5 0))
s>    ( WDBNDRY_E 0 -7.239e+03 7.687e+01 3.076e+01
s>        ( QUESTION11 -1 -9.013e+02 8.132e+01 4.000e+00
s>            ( - -2.010e+02 1 0)
s>            ( - -6.190e+02 1 0))
s>        ( - -6.261e+03 5 0))INFO: dtree.c(1315): Comp split 41
INFO: dtree.c(1315): Comp split 42
INFO: dtree.c(1439): stop. leaf nodes are specific
INFO: dtree.c(1478): Final simple tree
|( QUESTION0_9_R 1 -3.015e+03 1.032e+02 1.311e+01
|    ( - -1.346e+03 2 0)
|    ( - -1.565e+03 2 0))
s>    ( QUESTION0_9_R 1 -3.015e+03 1.032e+02 1.311e+01
s>        ( - -1.346e+03 2 0)
s>        ( - -1.565e+03 2 0))INFO: dtree.c(1315): Comp split 43
INFO: dtree.c(1439): stop. leaf nodes are specific
INFO: dtree.c(1478): Final simple tree
|( QUESTION0 -1 -7.165e+02 7.601e+01 3.000e+00
|    ( - -2.494e+02 1 0)
|    ( - -3.911e+02 1 0))
s>    ( QUESTION0 -1 -7.165e+02 7.601e+01 3.000e+00
s>        ( - -2.494e+02 1 0)
s>        ( - -3.911e+02 1 0))INFO: dtree.c(1315): Comp split 44
INFO: dtree.c(1439): stop. leaf nodes are specific
INFO: dtree.c(1478): Final simple tree
|( QUESTION11 -1 -1.540e+03 5.596e+01 6.999e+00
|    ( - -1.769e+02 1 0)
|    ( - -1.307e+03 3 0))
s>    ( QUESTION11 -1 -1.540e+03 5.596e+01 6.999e+00
s>        ( - -1.769e+02 1 0)
s>        ( - -1.307e+03 3 0))INFO: dtree.c(1315): Comp split 45
INFO: dtree.c(1315): Comp split 46
INFO: dtree.c(1439): stop. leaf nodes are specific
INFO: dtree.c(1478): Final simple tree
|( WDBNDRY_E 0 -6.518e+03 5.616e+01 2.776e+01
|    ( - -2.010e+02 1 0)
|    ( - -6.261e+03 5 0))
s>    ( WDBNDRY_E 0 -6.518e+03 5.616e+01 2.776e+01
s>        ( - -2.010e+02 1 0)
s>        ( - -6.261e+03 5 0))INFO: dtree.c(1315): Comp split 47
INFO: dtree.c(1439): stop. leaf nodes are specific
INFO: dtree.c(1478): Final simple tree
|( QUESTION2_2_L -1 -2.398e+03 9.189e+01 9.775e+00
|    ( - -9.015e+02 1 0)
|    ( - -1.404e+03 1 0))
s>    ( QUESTION2_2_L -1 -2.398e+03 9.189e+01 9.775e+00
s>        ( - -9.015e+02 1 0)
s>        ( - -1.404e+03 1 0))INFO: dtree.c(1315): Comp split 48
INFO: dtree.c(1315): Comp split 49
INFO: dtree.c(1439): stop. leaf nodes are specific
INFO: dtree.c(1478): Final simple tree
|( QUESTION11 -1 -5.635e+03 8.958e+01 2.448e+01
|    ( - -1.111e+03 2 0)
|    ( - -4.434e+03 2 0))
s>    ( QUESTION11 -1 -5.635e+03 8.958e+01 2.448e+01
s>        ( - -1.111e+03 2 0)
s>        ( - -4.434e+03 2 0))INFO: dtree.c(1439): stop. leaf nodes are specific
INFO: dtree.c(1478): Final simple tree
|( WDBNDRY_B 0 -2.852e+03 5.723e+01 1.194e+01
|    ( - -1.925e+02 1 0)
|    ( - -2.602e+03 2 0))
s>    ( WDBNDRY_B 0 -2.852e+03 5.723e+01 1.194e+01
s>        ( - -1.925e+02 1 0)
s>        ( - -2.602e+03 2 0))INFO: dtree.c(1315): Comp split 50
INFO: dtree.c(1439): stop. leaf nodes are specific
INFO: dtree.c(1478): Final simple tree
|( QUESTION0_2_R 1 -5.403e+03 7.823e+01 2.138e+01
|    ( - -3.507e+03 6 0)
|    ( QUESTION11 -1 -1.817e+03 6.938e+01 7.380e+00
|        ( - -1.312e+03 2 0)
|        ( - -4.361e+02 1 0)))
s>    ( QUESTION0_2_R 1 -5.403e+03 7.823e+01 2.138e+01
s>        ( - -3.507e+03 6 0)
s>        ( QUESTION11 -1 -1.817e+03 6.938e+01 7.380e+00
s>            ( - -1.312e+03 2 0)
s>            ( - -4.361e+02 1 0)))INFO: dtree.c(1439): stop. leaf nodes are specific
INFO: dtree.c(1478): Final simple tree
|( QUESTION11 -1 -2.299e+03 5.708e+01 9.713e+00
|    ( - -4.368e+02 1 0)
|    ( - -1.805e+03 4 0))
s>    ( QUESTION11 -1 -2.299e+03 5.708e+01 9.713e+00
s>        ( - -4.368e+02 1 0)
s>        ( - -1.805e+03 4 0))INFO: dtree.c(1315): Comp split 51
INFO: dtree.c(1315): Comp split 52
INFO: dtree.c(1315): Comp split 53
INFO: dtree.c(1315): Comp split 54
INFO: dtree.c(1439): stop. leaf nodes are specific
INFO: dtree.c(1478): Final simple tree
|( QUESTION11 1 -9.516e+03 7.062e+01 4.147e+01
|    ( QUESTION12 -1 -8.774e+03 6.841e+01 3.847e+01
|        ( - -4.974e+03 4 0)
|        ( QUESTION0 -1 -3.732e+03 4.872e+01 1.662e+01
|            ( - -1.821e+02 1 0)
|            ( - -3.501e+03 1 0)))
|    ( - -6.710e+02 1 0))
s>    ( QUESTION11 1 -9.516e+03 7.062e+01 4.147e+01
s>        ( QUESTION12 -1 -8.774e+03 6.841e+01 3.847e+01
s>            ( - -4.974e+03 4 0)
s>            ( QUESTION0 -1 -3.732e+03 4.872e+01 1.662e+01
s>                ( - -1.821e+02 1 0)
s>                ( - -3.501e+03 1 0)))
s>        ( - -6.710e+02 1 0))INFO: dtree.c(1315): Comp split 55
INFO: dtree.c(1439): stop. leaf nodes are specific
INFO: dtree.c(1478): Final simple tree
|( QUESTION0_11_R 1 -1.095e+04 7.365e+01 4.689e+01
|    ( - -1.038e+04 4 0)
|    ( - -4.907e+02 1 0))
s>    ( QUESTION0_11_R 1 -1.095e+04 7.365e+01 4.689e+01
s>        ( - -1.038e+04 4 0)
s>        ( - -4.907e+02 1 0))INFO: dtree.c(1315): Comp split 56
INFO: dtree.c(1315): Comp split 57
INFO: dtree.c(1439): stop. leaf nodes are specific
INFO: dtree.c(1478): Final simple tree
|( QUESTION11 -1 -1.817e+03 6.938e+01 7.380e+00
|    ( - -1.312e+03 2 0)
|    ( - -4.361e+02 1 0))
s>    ( QUESTION11 -1 -1.817e+03 6.938e+01 7.380e+00
s>        ( - -1.312e+03 2 0)
s>        ( - -4.361e+02 1 0))INFO: dtree.c(1315): Comp split 58
INFO: dtree.c(1315): Comp split 59
INFO: dtree.c(1439): stop. leaf nodes are specific
INFO: dtree.c(1478): Final simple tree
|( QUESTION2_1_L -1 -1.237e+04 4.953e+01 5.217e+01
|    ( - -2.237e+02 1 0)
|    ( - -1.209e+04 5 0))
s>    ( QUESTION2_1_L -1 -1.237e+04 4.953e+01 5.217e+01
s>        ( - -2.237e+02 1 0)
s>        ( - -1.209e+04 5 0))INFO: dtree.c(1315): Comp split 60
INFO: dtree.c(1315): Comp split 61
INFO: dtree.c(1315): Comp split 62
INFO: dtree.c(1439): stop. leaf nodes are specific
INFO: dtree.c(1478): Final simple tree
|( QUESTION12 -1 -8.774e+03 6.841e+01 3.847e+01
|    ( - -4.974e+03 4 0)
|    ( QUESTION0 -1 -3.732e+03 4.872e+01 1.662e+01
|        ( - -1.821e+02 1 0)
|        ( - -3.501e+03 1 0)))
s>    ( QUESTION12 -1 -8.774e+03 6.841e+01 3.847e+01
s>        ( - -4.974e+03 4 0)
s>        ( QUESTION0 -1 -3.732e+03 4.872e+01 1.662e+01
s>            ( - -1.821e+02 1 0)
s>            ( - -3.501e+03 1 0)))INFO: dtree.c(1315): Comp split 63
INFO: dtree.c(1315): Comp split 64
INFO: dtree.c(1439): stop. leaf nodes are specific
INFO: dtree.c(1478): Final simple tree
|( QUESTION0 -1 -3.732e+03 4.872e+01 1.662e+01
|    ( - -1.821e+02 1 0)
|    ( - -3.501e+03 1 0))
s>    ( QUESTION0 -1 -3.732e+03 4.872e+01 1.662e+01
s>        ( - -1.821e+02 1 0)
s>        ( - -3.501e+03 1 0))INFO: dtree.c(1315): Comp split 65
INFO: dtree.c(1315): Comp split 66
INFO: dtree.c(1315): Comp split 67
INFO: dtree.c(1315): Comp split 68
INFO: dtree.c(1315): Comp split 69
INFO: dtree.c(1315): Comp split 70
INFO: dtree.c(1315): Comp split 71
INFO: dtree.c(1318): stop. leaf nodes are specific
Thu May  7 00:23:29 2020
