Current configuration:
[NAME]		[DEFLT]	[VALUE]
-allphones	no	no
-cntthresh	0.00001	1.000000e-05
-csplitmax	100	2000
-csplitmin	1	1
-csplitthr	8e-4	0.000000e+00
-example	no	no
-fullvar	no	no
-help		no	no
-meanfn			/home/abdy/Desktop/diploma/kg/model_parameters/kg.cd_cont_untied/means
-mixwfn			/home/abdy/Desktop/diploma/kg/model_parameters/kg.cd_cont_untied/mixture_weights
-moddeffn		/home/abdy/Desktop/diploma/kg/model_architecture/kg.untied.mdef
-mwfloor	1e-4	1.000000e-08
-phone			s
-psetfn			/home/abdy/Desktop/diploma/kg/model_architecture/kg.tree_questions
-ssplitmax	5	7
-ssplitmin	1	1
-ssplitthr	8e-4	0.000000e+00
-state			0
-stwt			1.0,0.05,0.0,
-treefn			/home/abdy/Desktop/diploma/kg/trees/kg.unpruned/s-0.dtree
-ts2cbfn	.semi.	.cont.
-varfloor	0.00001	1.000000e-05
-varfn			/home/abdy/Desktop/diploma/kg/model_parameters/kg.cd_cont_untied/variances

INFO: main.c(223): Reading: /home/abdy/Desktop/diploma/kg/model_architecture/kg.untied.mdef
INFO: model_def_io.c(573): Model definition info:
INFO: model_def_io.c(574): 10297 total models defined (47 base, 10250 tri)
INFO: model_def_io.c(575): 41188 total states
INFO: model_def_io.c(576): 30891 total tied states
INFO: model_def_io.c(577): 141 total tied CI states
INFO: model_def_io.c(578): 47 total tied transition matrices
INFO: model_def_io.c(579): 4 max state/model
INFO: model_def_io.c(580): 4 min state/model
INFO: main.c(242): Building trees for [s SIL a b] through [s z y i]
INFO: main.c(269): Covering states |[21591 22637]| == 1047
INFO: main.c(275): Reading: /home/abdy/Desktop/diploma/kg/model_parameters/kg.cd_cont_untied/mixture_weights
INFO: s3mixw_io.c(173): Read /home/abdy/Desktop/diploma/kg/model_parameters/kg.cd_cont_untied/mixture_weights [1047x1x1 array]
INFO: main.c(311): 77 of 349 models have observation count greater than 0.000010
INFO: main.c(95): nrm stwt: 0.952 0.048 0.000 
INFO: s3gau_io.c(169): Read /home/abdy/Desktop/diploma/kg/model_parameters/kg.cd_cont_untied/means [30891x1x1 array]
INFO: s3gau_io.c(169): Read /home/abdy/Desktop/diploma/kg/model_parameters/kg.cd_cont_untied/variances [30891x1x1 array]
INFO: main.c(549): Reading: /home/abdy/Desktop/diploma/kg/model_architecture/kg.tree_questions
INFO: main.c(588): 174 total simple questions (166 phone; 8 word bndry)
INFO: main.c(590): 40 Left Only questions, and 42 Right Only questions
INFO: dtree.c(1478): Final simple tree
|( QUESTION2_0_L -1 -9.361e+04 6.150e+02 3.772e+02
|    ( QUESTION11 -1 -8.278e+04 2.941e+02 3.364e+02
|        ( - -1.946e+04 12 0 QUESTION0_5_R 1 1.331e+02 8.132e+01)
|        ( WDBNDRY_I 0 -6.302e+04 2.661e+02 2.551e+02
|            ( QUESTION14 -1 -4.159e+04 2.238e+02 1.715e+02
|                ( - -6.667e+03 3 0 QUESTION11 1 1.194e+02 2.797e+01)
|                ( - -3.469e+04 28 0 QUESTION0_5_R 1 1.877e+02 1.435e+02))
|            ( SILENCE 1 -2.117e+04 2.299e+02 8.361e+01
|                ( - -4.618e+03 1 0)
|                ( QUESTION16 -1 -1.632e+04 2.048e+02 6.542e+01
|                    ( - -8.633e+02 1 0)
|                    ( - -1.525e+04 18 0 QUESTION14 -1 1.581e+02 6.142e+01)))))
|    ( QUESTION2 -1 -1.022e+04 1.999e+02 4.084e+01
|        ( - -2.595e+02 1 0)
|        ( - -9.760e+03 13 0 QUESTION0_7_R 1 1.948e+02 3.884e+01)))
s>    ( QUESTION2_0_L -1 -9.361e+04 6.150e+02 3.772e+02
s>        ( QUESTION11 -1 -8.278e+04 2.941e+02 3.364e+02
s>            ( - -1.946e+04 12 0 QUESTION0_5_R 1 1.331e+02 8.132e+01)
s>            ( WDBNDRY_I 0 -6.302e+04 2.661e+02 2.551e+02
s>                ( QUESTION14 -1 -4.159e+04 2.238e+02 1.715e+02
s>                    ( - -6.667e+03 3 0 QUESTION11 1 1.194e+02 2.797e+01)
s>                    ( - -3.469e+04 28 0 QUESTION0_5_R 1 1.877e+02 1.435e+02))
s>                ( SILENCE 1 -2.117e+04 2.299e+02 8.361e+01
s>                    ( - -4.618e+03 1 0)
s>                    ( QUESTION16 -1 -1.632e+04 2.048e+02 6.542e+01
s>                        ( - -8.633e+02 1 0)
s>                        ( - -1.525e+04 18 0 QUESTION14 -1 1.581e+02 6.142e+01)))))
s>        ( QUESTION2 -1 -1.022e+04 1.999e+02 4.084e+01
s>            ( - -2.595e+02 1 0)
s>            ( - -9.760e+03 13 0 QUESTION0_7_R 1 1.948e+02 3.884e+01)))INFO: dtree.c(1315): Comp split 0
INFO: dtree.c(1478): Final simple tree
|( WDBNDRY_E 0 -1.571e+04 2.663e+02 6.103e+01
|    ( - -4.618e+03 1 0)
|    ( QUESTION10 -1 -1.082e+04 1.978e+02 4.284e+01
|        ( - -8.633e+02 1 0)
|        ( QUESTION0_7_R 1 -9.760e+03 1.948e+02 3.884e+01
|            ( - -3.049e+02 1 0)
|            ( SILENCE -1 -9.260e+03 1.265e+02 3.684e+01
|                ( QUESTION0_2_R 1 -4.374e+03 1.999e+02 1.800e+01
|                    ( - -3.878e+03 3 0 QUESTION0_3_R 1 1.179e+02 1.600e+01)
|                    ( - -2.964e+02 1 0))
|                ( QUESTION0_4_R 1 -4.759e+03 1.737e+02 1.884e+01
|                    ( - -5.765e+02 1 0)
|                    ( QUESTION12 1 -4.009e+03 4.645e+02 1.584e+01
|                        ( - 1.068e+02 1 0)
|                        ( - -3.652e+03 6 0 QUESTION0_2_R 1 1.222e+02 1.484e+01)))))))
s>    ( WDBNDRY_E 0 -1.571e+04 2.663e+02 6.103e+01
s>        ( - -4.618e+03 1 0)
s>        ( QUESTION10 -1 -1.082e+04 1.978e+02 4.284e+01
s>            ( - -8.633e+02 1 0)
s>            ( QUESTION0_7_R 1 -9.760e+03 1.948e+02 3.884e+01
s>                ( - -3.049e+02 1 0)
s>                ( SILENCE -1 -9.260e+03 1.265e+02 3.684e+01
s>                    ( QUESTION0_2_R 1 -4.374e+03 1.999e+02 1.800e+01
s>                        ( - -3.878e+03 3 0 QUESTION0_3_R 1 1.179e+02 1.600e+01)
s>                        ( - -2.964e+02 1 0))
s>                    ( QUESTION0_4_R 1 -4.759e+03 1.737e+02 1.884e+01
s>                        ( - -5.765e+02 1 0)
s>                        ( QUESTION12 1 -4.009e+03 4.645e+02 1.584e+01
s>                            ( - 1.068e+02 1 0)
s>                            ( - -3.652e+03 6 0 QUESTION0_2_R 1 1.222e+02 1.484e+01)))))))INFO: dtree.c(1478): Final simple tree
|( QUESTION11 -1 -7.725e+04 2.800e+02 3.162e+02
|    ( - -1.946e+04 12 0 QUESTION0_5_R 1 1.331e+02 8.132e+01)
|    ( QUESTION13 -1 -5.751e+04 2.340e+02 2.349e+02
|        ( QUESTION14 -1 -1.881e+04 1.789e+02 7.657e+01
|            ( - -9.230e+03 6 0 WDBNDRY_B 0 1.373e+02 3.797e+01)
|            ( - -9.399e+03 10 0 QUESTION0_2_R 1 1.582e+02 3.860e+01))
|        ( QUESTION0 -1 -3.846e+04 1.933e+02 1.583e+02
|            ( QUESTION2_0_L -1 -9.671e+03 1.750e+02 4.080e+01
|                ( - -9.236e+03 9 0 QUESTION0_5_R 1 1.415e+02 3.880e+01)
|                ( - -2.595e+02 1 0))
|            ( WDBNDRY_I 0 -2.860e+04 1.734e+02 1.175e+02
|                ( QUESTION2_1_L -1 -2.363e+04 1.871e+02 9.758e+01
|                    ( - -3.034e+03 2 0 QUESTION0_3_R 1 1.544e+02 1.300e+01)
|                    ( - -2.041e+04 17 0 QUESTION0_5_R 1 1.794e+02 8.458e+01))
|                ( - -4.795e+03 5 0 QUESTION12 1 1.681e+02 1.995e+01)))))
s>    ( QUESTION11 -1 -7.725e+04 2.800e+02 3.162e+02
s>        ( - -1.946e+04 12 0 QUESTION0_5_R 1 1.331e+02 8.132e+01)
s>        ( QUESTION13 -1 -5.751e+04 2.340e+02 2.349e+02
s>            ( QUESTION14 -1 -1.881e+04 1.789e+02 7.657e+01
s>                ( - -9.230e+03 6 0 WDBNDRY_B 0 1.373e+02 3.797e+01)
s>                ( - -9.399e+03 10 0 QUESTION0_2_R 1 1.582e+02 3.860e+01))
s>            ( QUESTION0 -1 -3.846e+04 1.933e+02 1.583e+02
s>                ( QUESTION2_0_L -1 -9.671e+03 1.750e+02 4.080e+01
s>                    ( - -9.236e+03 9 0 QUESTION0_5_R 1 1.415e+02 3.880e+01)
s>                    ( - -2.595e+02 1 0))
s>                ( WDBNDRY_I 0 -2.860e+04 1.734e+02 1.175e+02
s>                    ( QUESTION2_1_L -1 -2.363e+04 1.871e+02 9.758e+01
s>                        ( - -3.034e+03 2 0 QUESTION0_3_R 1 1.544e+02 1.300e+01)
s>                        ( - -2.041e+04 17 0 QUESTION0_5_R 1 1.794e+02 8.458e+01))
s>                    ( - -4.795e+03 5 0 QUESTION12 1 1.681e+02 1.995e+01)))))INFO: dtree.c(1315): Comp split 1
INFO: dtree.c(1478): Final simple tree
|( WDBNDRY_E 0 -1.534e+04 2.628e+02 6.003e+01
|    ( - -4.618e+03 1 0)
|    ( QUESTION10 -1 -1.046e+04 1.987e+02 4.184e+01
|        ( - -8.633e+02 1 0)
|        ( QUESTION0_7_R 1 -9.399e+03 1.947e+02 3.784e+01
|            ( - -3.049e+02 1 0)
|            ( QUESTION0_2_R 1 -8.899e+03 1.237e+02 3.584e+01
|                ( SILENCE -1 -6.703e+03 1.196e+02 2.700e+01
|                    ( - -3.878e+03 3 0 QUESTION0_3_R 1 1.179e+02 1.600e+01)
|                    ( QUESTION0_3_R 1 -2.705e+03 1.690e+02 1.100e+01
|                        ( - -1.960e+03 3 0 QUESTION5 -1 8.924e+01 8.001e+00)
|                        ( - -5.765e+02 1 0)))
|                ( WDBNDRY_B 0 -2.072e+03 2.065e+02 8.840e+00
|                    ( - -2.964e+02 1 0)
|                    ( - -1.570e+03 3 0 QUESTION2_12_L -1 1.133e+02 6.840e+00))))))
s>    ( WDBNDRY_E 0 -1.534e+04 2.628e+02 6.003e+01
s>        ( - -4.618e+03 1 0)
s>        ( QUESTION10 -1 -1.046e+04 1.987e+02 4.184e+01
s>            ( - -8.633e+02 1 0)
s>            ( QUESTION0_7_R 1 -9.399e+03 1.947e+02 3.784e+01
s>                ( - -3.049e+02 1 0)
s>                ( QUESTION0_2_R 1 -8.899e+03 1.237e+02 3.584e+01
s>                    ( SILENCE -1 -6.703e+03 1.196e+02 2.700e+01
s>                        ( - -3.878e+03 3 0 QUESTION0_3_R 1 1.179e+02 1.600e+01)
s>                        ( QUESTION0_3_R 1 -2.705e+03 1.690e+02 1.100e+01
s>                            ( - -1.960e+03 3 0 QUESTION5 -1 8.924e+01 8.001e+00)
s>                            ( - -5.765e+02 1 0)))
s>                    ( WDBNDRY_B 0 -2.072e+03 2.065e+02 8.840e+00
s>                        ( - -2.964e+02 1 0)
s>                        ( - -1.570e+03 3 0 QUESTION2_12_L -1 1.133e+02 6.840e+00))))))INFO: dtree.c(1315): Comp split 2
INFO: dtree.c(1478): Final simple tree
|( QUESTION0_5_R 1 -3.026e+04 1.911e+02 1.254e+02
|    ( QUESTION0 -1 -1.033e+04 1.456e+02 4.340e+01
|        ( - -2.680e+03 2 0 QUESTION0_6_R 1 1.002e+02 1.201e+01)
|        ( - -7.508e+03 6 0 QUESTION0_6_R 1 9.790e+01 3.139e+01))
|    ( QUESTION2_0_L -1 -1.973e+04 1.816e+02 8.198e+01
|        ( QUESTION0 -1 -1.929e+04 1.543e+02 7.998e+01
|            ( QUESTION0_2_R 1 -6.415e+03 1.250e+02 2.679e+01
|                ( QUESTION0_3_R 1 -4.516e+03 1.096e+02 1.880e+01
|                    ( - -1.389e+03 3 0 QUESTION11 1 1.080e+02 6.000e+00)
|                    ( - -3.017e+03 2 0))
|                ( - -1.774e+03 2 0))
|            ( QUESTION12 1 -1.272e+04 1.208e+02 5.320e+01
|                ( - -4.599e+03 3 0 QUESTION0_3_R 1 7.014e+01 1.952e+01)
|                ( - -8.003e+03 8 0 QUESTION0_2_R 1 9.297e+01 3.368e+01)))
|        ( - -2.595e+02 1 0)))
s>    ( QUESTION0_5_R 1 -3.026e+04 1.911e+02 1.254e+02
s>        ( QUESTION0 -1 -1.033e+04 1.456e+02 4.340e+01
s>            ( - -2.680e+03 2 0 QUESTION0_6_R 1 1.002e+02 1.201e+01)
s>            ( - -7.508e+03 6 0 QUESTION0_6_R 1 9.790e+01 3.139e+01))
s>        ( QUESTION2_0_L -1 -1.973e+04 1.816e+02 8.198e+01
s>            ( QUESTION0 -1 -1.929e+04 1.543e+02 7.998e+01
s>                ( QUESTION0_2_R 1 -6.415e+03 1.250e+02 2.679e+01
s>                    ( QUESTION0_3_R 1 -4.516e+03 1.096e+02 1.880e+01
s>                        ( - -1.389e+03 3 0 QUESTION11 1 1.080e+02 6.000e+00)
s>                        ( - -3.017e+03 2 0))
s>                    ( - -1.774e+03 2 0))
s>                ( QUESTION12 1 -1.272e+04 1.208e+02 5.320e+01
s>                    ( - -4.599e+03 3 0 QUESTION0_3_R 1 7.014e+01 1.952e+01)
s>                    ( - -8.003e+03 8 0 QUESTION0_2_R 1 9.297e+01 3.368e+01)))
s>            ( - -2.595e+02 1 0)))INFO: dtree.c(1478): Final simple tree
|( QUESTION11 -1 -4.668e+04 2.735e+02 1.908e+02
|    ( - -1.946e+04 12 0 QUESTION0_5_R 1 1.331e+02 8.132e+01)
|    ( QUESTION14 -1 -2.694e+04 1.972e+02 1.095e+02
|        ( WDBNDRY_B 0 -9.230e+03 1.373e+02 3.797e+01
|            ( - -2.426e+03 3 0 QUESTION0_3_R 1 1.162e+02 1.000e+01)
|            ( - -6.667e+03 3 0 QUESTION11 1 1.194e+02 2.797e+01))
|        ( QUESTION2_3_L -1 -1.752e+04 1.691e+02 7.155e+01
|            ( - -1.814e+03 1 0)
|            ( QUESTION2_1_L -1 -1.553e+04 1.538e+02 6.355e+01
|                ( - -1.065e+03 1 0)
|                ( QUESTION0_19_R 1 -1.431e+04 1.531e+02 5.855e+01
|                    ( - -5.791e+02 1 0)
|                    ( QUESTION0_4_R 1 -1.358e+04 1.366e+02 5.555e+01
|                        ( - -4.366e+03 4 0 QUESTION0_6_R 1 1.070e+02 1.862e+01)
|                        ( - -9.078e+03 10 0 WDBNDRY_I 0 1.350e+02 3.693e+01)))))))
s>    ( QUESTION11 -1 -4.668e+04 2.735e+02 1.908e+02
s>        ( - -1.946e+04 12 0 QUESTION0_5_R 1 1.331e+02 8.132e+01)
s>        ( QUESTION14 -1 -2.694e+04 1.972e+02 1.095e+02
s>            ( WDBNDRY_B 0 -9.230e+03 1.373e+02 3.797e+01
s>                ( - -2.426e+03 3 0 QUESTION0_3_R 1 1.162e+02 1.000e+01)
s>                ( - -6.667e+03 3 0 QUESTION11 1 1.194e+02 2.797e+01))
s>            ( QUESTION2_3_L -1 -1.752e+04 1.691e+02 7.155e+01
s>                ( - -1.814e+03 1 0)
s>                ( QUESTION2_1_L -1 -1.553e+04 1.538e+02 6.355e+01
s>                    ( - -1.065e+03 1 0)
s>                    ( QUESTION0_19_R 1 -1.431e+04 1.531e+02 5.855e+01
s>                        ( - -5.791e+02 1 0)
s>                        ( QUESTION0_4_R 1 -1.358e+04 1.366e+02 5.555e+01
s>                            ( - -4.366e+03 4 0 QUESTION0_6_R 1 1.070e+02 1.862e+01)
s>                            ( - -9.078e+03 10 0 WDBNDRY_I 0 1.350e+02 3.693e+01)))))))INFO: dtree.c(1315): Comp split 3
INFO: dtree.c(1478): Final simple tree
|( QUESTION14 -1 -2.500e+04 2.032e+02 1.015e+02
|    ( WDBNDRY_B 0 -9.230e+03 1.373e+02 3.797e+01
|        ( QUESTION0_3_R 1 -2.426e+03 1.162e+02 1.000e+01
|            ( - -1.622e+03 2 0 QUESTION11 1 1.133e+02 7.000e+00)
|            ( - -6.879e+02 1 0))
|        ( QUESTION11 1 -6.667e+03 1.194e+02 2.797e+01
|            ( - -6.552e+02 1 0)
|            ( - -5.893e+03 2 0)))
|    ( QUESTION2_1_L -1 -1.556e+04 1.667e+02 6.355e+01
|        ( - -1.814e+03 1 0)
|        ( QUESTION0_4_R 1 -1.358e+04 1.366e+02 5.555e+01
|            ( - -4.366e+03 4 0 QUESTION0_6_R 1 1.070e+02 1.862e+01)
|            ( WDBNDRY_I 0 -9.078e+03 1.350e+02 3.693e+01
|                ( - -1.324e+03 1 0)
|                ( - -7.619e+03 9 0 QUESTION19 1 1.093e+02 3.080e+01)))))
s>    ( QUESTION14 -1 -2.500e+04 2.032e+02 1.015e+02
s>        ( WDBNDRY_B 0 -9.230e+03 1.373e+02 3.797e+01
s>            ( QUESTION0_3_R 1 -2.426e+03 1.162e+02 1.000e+01
s>                ( - -1.622e+03 2 0 QUESTION11 1 1.133e+02 7.000e+00)
s>                ( - -6.879e+02 1 0))
s>            ( QUESTION11 1 -6.667e+03 1.194e+02 2.797e+01
s>                ( - -6.552e+02 1 0)
s>                ( - -5.893e+03 2 0)))
s>        ( QUESTION2_1_L -1 -1.556e+04 1.667e+02 6.355e+01
s>            ( - -1.814e+03 1 0)
s>            ( QUESTION0_4_R 1 -1.358e+04 1.366e+02 5.555e+01
s>                ( - -4.366e+03 4 0 QUESTION0_6_R 1 1.070e+02 1.862e+01)
s>                ( WDBNDRY_I 0 -9.078e+03 1.350e+02 3.693e+01
s>                    ( - -1.324e+03 1 0)
s>                    ( - -7.619e+03 9 0 QUESTION19 1 1.093e+02 3.080e+01)))))INFO: dtree.c(1478): Final simple tree
|( QUESTION19 -1 -2.139e+04 1.468e+02 8.932e+01
|    ( - -1.065e+03 1 0)
|    ( QUESTION0_19_R 1 -2.018e+04 1.348e+02 8.432e+01
|        ( - -5.791e+02 1 0)
|        ( QUESTION0_5_R 1 -1.946e+04 1.331e+02 8.132e+01
|            ( - -1.070e+03 1 0)
|            ( QUESTION2_2_L -1 -1.826e+04 1.305e+02 7.632e+01
|                ( - -8.655e+02 1 0)
|                ( QUESTION11 1 -1.726e+04 1.384e+02 7.232e+01
|                    ( WDBNDRY_B 0 -5.798e+03 1.256e+02 2.503e+01
|                        ( - -2.243e+03 1 0)
|                        ( - -3.429e+03 2 0))
|                    ( QUESTION0_4_R 1 -1.133e+04 1.103e+02 4.729e+01
|                        ( - -8.677e+03 4 0 WDBNDRY_B 0 1.058e+02 3.628e+01)
|                        ( - -2.541e+03 3 0 QUESTION13 1 9.145e+01 1.101e+01)))))))
s>    ( QUESTION19 -1 -2.139e+04 1.468e+02 8.932e+01
s>        ( - -1.065e+03 1 0)
s>        ( QUESTION0_19_R 1 -2.018e+04 1.348e+02 8.432e+01
s>            ( - -5.791e+02 1 0)
s>            ( QUESTION0_5_R 1 -1.946e+04 1.331e+02 8.132e+01
s>                ( - -1.070e+03 1 0)
s>                ( QUESTION2_2_L -1 -1.826e+04 1.305e+02 7.632e+01
s>                    ( - -8.655e+02 1 0)
s>                    ( QUESTION11 1 -1.726e+04 1.384e+02 7.232e+01
s>                        ( WDBNDRY_B 0 -5.798e+03 1.256e+02 2.503e+01
s>                            ( - -2.243e+03 1 0)
s>                            ( - -3.429e+03 2 0))
s>                        ( QUESTION0_4_R 1 -1.133e+04 1.103e+02 4.729e+01
s>                            ( - -8.677e+03 4 0 WDBNDRY_B 0 1.058e+02 3.628e+01)
s>                            ( - -2.541e+03 3 0 QUESTION13 1 9.145e+01 1.101e+01)))))))INFO: dtree.c(1315): Comp split 4
INFO: dtree.c(1478): Final simple tree
|( QUESTION10 -1 -1.046e+04 1.987e+02 4.184e+01
|    ( - -8.633e+02 1 0)
|    ( QUESTION0_7_R 1 -9.399e+03 1.947e+02 3.784e+01
|        ( - -3.049e+02 1 0)
|        ( QUESTION0_2_R 1 -8.899e+03 1.237e+02 3.584e+01
|            ( SILENCE -1 -6.703e+03 1.196e+02 2.700e+01
|                ( QUESTION0_3_R 1 -3.878e+03 1.179e+02 1.600e+01
|                    ( - -2.655e+03 2 0 QUESTION13 1 1.112e+02 1.100e+01)
|                    ( - -1.105e+03 1 0))
|                ( QUESTION0_3_R 1 -2.705e+03 1.690e+02 1.100e+01
|                    ( - -1.960e+03 3 0 QUESTION5 -1 8.924e+01 8.001e+00)
|                    ( - -5.765e+02 1 0)))
|            ( WDBNDRY_B 0 -2.072e+03 2.065e+02 8.840e+00
|                ( - -2.964e+02 1 0)
|                ( - -1.570e+03 3 0 QUESTION2_12_L -1 1.133e+02 6.840e+00)))))
s>    ( QUESTION10 -1 -1.046e+04 1.987e+02 4.184e+01
s>        ( - -8.633e+02 1 0)
s>        ( QUESTION0_7_R 1 -9.399e+03 1.947e+02 3.784e+01
s>            ( - -3.049e+02 1 0)
s>            ( QUESTION0_2_R 1 -8.899e+03 1.237e+02 3.584e+01
s>                ( SILENCE -1 -6.703e+03 1.196e+02 2.700e+01
s>                    ( QUESTION0_3_R 1 -3.878e+03 1.179e+02 1.600e+01
s>                        ( - -2.655e+03 2 0 QUESTION13 1 1.112e+02 1.100e+01)
s>                        ( - -1.105e+03 1 0))
s>                    ( QUESTION0_3_R 1 -2.705e+03 1.690e+02 1.100e+01
s>                        ( - -1.960e+03 3 0 QUESTION5 -1 8.924e+01 8.001e+00)
s>                        ( - -5.765e+02 1 0)))
s>                ( WDBNDRY_B 0 -2.072e+03 2.065e+02 8.840e+00
s>                    ( - -2.964e+02 1 0)
s>                    ( - -1.570e+03 3 0 QUESTION2_12_L -1 1.133e+02 6.840e+00)))))INFO: dtree.c(1315): Comp split 5
INFO: dtree.c(1478): Final simple tree
|( QUESTION0_12_R 1 -1.511e+04 1.307e+02 6.155e+01
|    ( - -1.324e+03 1 0)
|    ( QUESTION13 -1 -1.366e+04 1.328e+02 5.542e+01
|        ( QUESTION13 1 -8.727e+03 1.045e+02 3.547e+01
|            ( - -4.984e+02 1 0)
|            ( QUESTION11 1 -8.125e+03 1.054e+02 3.347e+01
|                ( - -1.596e+03 2 0 WDBNDRY_B 0 7.497e+01 6.847e+00)
|                ( QUESTION0_7_R 1 -6.423e+03 1.062e+02 2.662e+01
|                    ( - -2.774e+03 3 0 QUESTION14 -1 1.022e+02 1.200e+01)
|                    ( - -3.543e+03 4 0 QUESTION0_6_R 1 8.690e+01 1.462e+01))))
|        ( QUESTION12 1 -4.795e+03 1.681e+02 1.995e+01
|            ( - -8.241e+02 1 0)
|            ( WDBNDRY_B 0 -3.803e+03 1.103e+02 1.601e+01
|                ( - -2.968e+03 3 0)
|                ( - -7.240e+02 1 0)))))
s>    ( QUESTION0_12_R 1 -1.511e+04 1.307e+02 6.155e+01
s>        ( - -1.324e+03 1 0)
s>        ( QUESTION13 -1 -1.366e+04 1.328e+02 5.542e+01
s>            ( QUESTION13 1 -8.727e+03 1.045e+02 3.547e+01
s>                ( - -4.984e+02 1 0)
s>                ( QUESTION11 1 -8.125e+03 1.054e+02 3.347e+01
s>                    ( - -1.596e+03 2 0 WDBNDRY_B 0 7.497e+01 6.847e+00)
s>                    ( QUESTION0_7_R 1 -6.423e+03 1.062e+02 2.662e+01
s>                        ( - -2.774e+03 3 0 QUESTION14 -1 1.022e+02 1.200e+01)
s>                        ( - -3.543e+03 4 0 QUESTION0_6_R 1 8.690e+01 1.462e+01))))
s>            ( QUESTION12 1 -4.795e+03 1.681e+02 1.995e+01
s>                ( - -8.241e+02 1 0)
s>                ( WDBNDRY_B 0 -3.803e+03 1.103e+02 1.601e+01
s>                    ( - -2.968e+03 3 0)
s>                    ( - -7.240e+02 1 0)))))INFO: dtree.c(1439): stop. leaf nodes are specific
INFO: dtree.c(1478): Final simple tree
|( QUESTION13 -1 -9.644e+03 1.615e+02 3.997e+01
|    ( WDBNDRY_B 0 -7.669e+03 1.544e+02 3.197e+01
|        ( QUESTION11 1 -1.622e+03 1.133e+02 7.000e+00
|            ( - -4.433e+02 1 0)
|            ( - -1.065e+03 1 0))
|        ( - -5.893e+03 2 0))
|    ( - -1.814e+03 1 0))
s>    ( QUESTION13 -1 -9.644e+03 1.615e+02 3.997e+01
s>        ( WDBNDRY_B 0 -7.669e+03 1.544e+02 3.197e+01
s>            ( QUESTION11 1 -1.622e+03 1.133e+02 7.000e+00
s>                ( - -4.433e+02 1 0)
s>                ( - -1.065e+03 1 0))
s>            ( - -5.893e+03 2 0))
s>        ( - -1.814e+03 1 0))INFO: dtree.c(1315): Comp split 6
INFO: dtree.c(1439): stop. leaf nodes are specific
INFO: dtree.c(1478): Final simple tree
|( QUESTION0_6_R 1 -7.508e+03 9.790e+01 3.139e+01
|    ( - -2.753e+03 2 0)
|    ( - -4.657e+03 4 0))
s>    ( QUESTION0_6_R 1 -7.508e+03 9.790e+01 3.139e+01
s>        ( - -2.753e+03 2 0)
s>        ( - -4.657e+03 4 0))INFO: dtree.c(1478): Final simple tree
|( QUESTION2_0_L -1 -2.254e+04 1.782e+02 9.400e+01
|    ( QUESTION0 -1 -2.211e+04 1.471e+02 9.200e+01
|        ( QUESTION0_5_R 1 -9.236e+03 1.415e+02 3.880e+01
|            ( - -2.680e+03 2 0 QUESTION0_6_R 1 1.002e+02 1.201e+01)
|            ( QUESTION0_2_R 1 -6.415e+03 1.250e+02 2.679e+01
|                ( QUESTION0_3_R 1 -4.516e+03 1.096e+02 1.880e+01
|                    ( QUESTION11 1 -1.389e+03 1.080e+02 6.000e+00
|                        ( - -6.861e+02 2 0 WDBNDRY_B 0 8.811e+01 3.000e+00)
|                        ( - -5.952e+02 1 0))
|                    ( - -3.017e+03 2 0))
|                ( - -1.774e+03 2 0)))
|        ( QUESTION12 1 -1.272e+04 1.208e+02 5.320e+01
|            ( - -4.599e+03 3 0 QUESTION0_3_R 1 7.014e+01 1.952e+01)
|            ( - -8.003e+03 8 0 QUESTION0_2_R 1 9.297e+01 3.368e+01)))
|    ( - -2.595e+02 1 0))
s>    ( QUESTION2_0_L -1 -2.254e+04 1.782e+02 9.400e+01
s>        ( QUESTION0 -1 -2.211e+04 1.471e+02 9.200e+01
s>            ( QUESTION0_5_R 1 -9.236e+03 1.415e+02 3.880e+01
s>                ( - -2.680e+03 2 0 QUESTION0_6_R 1 1.002e+02 1.201e+01)
s>                ( QUESTION0_2_R 1 -6.415e+03 1.250e+02 2.679e+01
s>                    ( QUESTION0_3_R 1 -4.516e+03 1.096e+02 1.880e+01
s>                        ( QUESTION11 1 -1.389e+03 1.080e+02 6.000e+00
s>                            ( - -6.861e+02 2 0 WDBNDRY_B 0 8.811e+01 3.000e+00)
s>                            ( - -5.952e+02 1 0))
s>                        ( - -3.017e+03 2 0))
s>                    ( - -1.774e+03 2 0)))
s>            ( QUESTION12 1 -1.272e+04 1.208e+02 5.320e+01
s>                ( - -4.599e+03 3 0 QUESTION0_3_R 1 7.014e+01 1.952e+01)
s>                ( - -8.003e+03 8 0 QUESTION0_2_R 1 9.297e+01 3.368e+01)))
s>        ( - -2.595e+02 1 0))INFO: dtree.c(1315): Comp split 7
INFO: dtree.c(1478): Final simple tree
|( QUESTION0_7_R 1 -9.399e+03 1.947e+02 3.784e+01
|    ( - -3.049e+02 1 0)
|    ( QUESTION0_2_R 1 -8.899e+03 1.237e+02 3.584e+01
|        ( SILENCE -1 -6.703e+03 1.196e+02 2.700e+01
|            ( QUESTION0_3_R 1 -3.878e+03 1.179e+02 1.600e+01
|                ( - -2.655e+03 2 0 QUESTION13 1 1.112e+02 1.100e+01)
|                ( - -1.105e+03 1 0))
|            ( QUESTION0_3_R 1 -2.705e+03 1.690e+02 1.100e+01
|                ( - -1.960e+03 3 0 QUESTION5 -1 8.924e+01 8.001e+00)
|                ( - -5.765e+02 1 0)))
|        ( WDBNDRY_B 0 -2.072e+03 2.065e+02 8.840e+00
|            ( - -2.964e+02 1 0)
|            ( QUESTION2_12_L -1 -1.570e+03 1.133e+02 6.840e+00
|                ( - -6.165e+02 1 0)
|                ( - -8.398e+02 2 0 QUESTION0_11_R 1 7.888e+01 3.840e+00)))))
s>    ( QUESTION0_7_R 1 -9.399e+03 1.947e+02 3.784e+01
s>        ( - -3.049e+02 1 0)
s>        ( QUESTION0_2_R 1 -8.899e+03 1.237e+02 3.584e+01
s>            ( SILENCE -1 -6.703e+03 1.196e+02 2.700e+01
s>                ( QUESTION0_3_R 1 -3.878e+03 1.179e+02 1.600e+01
s>                    ( - -2.655e+03 2 0 QUESTION13 1 1.112e+02 1.100e+01)
s>                    ( - -1.105e+03 1 0))
s>                ( QUESTION0_3_R 1 -2.705e+03 1.690e+02 1.100e+01
s>                    ( - -1.960e+03 3 0 QUESTION5 -1 8.924e+01 8.001e+00)
s>                    ( - -5.765e+02 1 0)))
s>            ( WDBNDRY_B 0 -2.072e+03 2.065e+02 8.840e+00
s>                ( - -2.964e+02 1 0)
s>                ( QUESTION2_12_L -1 -1.570e+03 1.133e+02 6.840e+00
s>                    ( - -6.165e+02 1 0)
s>                    ( - -8.398e+02 2 0 QUESTION0_11_R 1 7.888e+01 3.840e+00)))))INFO: dtree.c(1315): Comp split 8
INFO: dtree.c(1439): stop. leaf nodes are specific
INFO: dtree.c(1478): Final simple tree
|( QUESTION0_2_R 1 -4.902e+03 1.108e+02 2.079e+01
|    ( - -3.017e+03 2 0)
|    ( - -1.774e+03 2 0))
s>    ( QUESTION0_2_R 1 -4.902e+03 1.108e+02 2.079e+01
s>        ( - -3.017e+03 2 0)
s>        ( - -1.774e+03 2 0))INFO: dtree.c(1478): Final simple tree
|( QUESTION2_0_L -1 -1.745e+04 1.782e+02 7.321e+01
|    ( QUESTION0_7_R 1 -1.701e+04 1.311e+02 7.121e+01
|        ( - -4.294e+03 2 0)
|        ( QUESTION0 -1 -1.258e+04 1.179e+02 5.269e+01
|            ( QUESTION0_3_R 1 -4.157e+03 8.738e+01 1.801e+01
|                ( QUESTION11 1 -1.389e+03 1.080e+02 6.000e+00
|                    ( - -6.861e+02 2 0 WDBNDRY_B 0 8.811e+01 3.000e+00)
|                    ( - -5.952e+02 1 0))
|                ( QUESTION0_6_R 1 -2.680e+03 1.002e+02 1.201e+01
|                    ( - -7.102e+02 1 0)
|                    ( - -1.870e+03 1 0)))
|            ( QUESTION11 1 -8.308e+03 9.282e+01 3.468e+01
|                ( - -7.962e+02 1 0)
|                ( - -7.419e+03 8 0 QUESTION0_2_R 1 7.091e+01 3.069e+01))))
|    ( - -2.595e+02 1 0))
s>    ( QUESTION2_0_L -1 -1.745e+04 1.782e+02 7.321e+01
s>        ( QUESTION0_7_R 1 -1.701e+04 1.311e+02 7.121e+01
s>            ( - -4.294e+03 2 0)
s>            ( QUESTION0 -1 -1.258e+04 1.179e+02 5.269e+01
s>                ( QUESTION0_3_R 1 -4.157e+03 8.738e+01 1.801e+01
s>                    ( QUESTION11 1 -1.389e+03 1.080e+02 6.000e+00
s>                        ( - -6.861e+02 2 0 WDBNDRY_B 0 8.811e+01 3.000e+00)
s>                        ( - -5.952e+02 1 0))
s>                    ( QUESTION0_6_R 1 -2.680e+03 1.002e+02 1.201e+01
s>                        ( - -7.102e+02 1 0)
s>                        ( - -1.870e+03 1 0)))
s>                ( QUESTION11 1 -8.308e+03 9.282e+01 3.468e+01
s>                    ( - -7.962e+02 1 0)
s>                    ( - -7.419e+03 8 0 QUESTION0_2_R 1 7.091e+01 3.069e+01))))
s>        ( - -2.595e+02 1 0))INFO: dtree.c(1315): Comp split 9
INFO: dtree.c(1478): Final simple tree
|( QUESTION0_7_R 1 -8.906e+03 1.949e+02 3.584e+01
|    ( - -3.049e+02 1 0)
|    ( QUESTION0_2_R 1 -8.406e+03 1.339e+02 3.384e+01
|        ( SILENCE -1 -6.703e+03 1.196e+02 2.700e+01
|            ( QUESTION0_3_R 1 -3.878e+03 1.179e+02 1.600e+01
|                ( QUESTION13 1 -2.655e+03 1.112e+02 1.100e+01
|                    ( - -1.406e+03 1 0)
|                    ( - -1.137e+03 1 0))
|                ( - -1.105e+03 1 0))
|            ( QUESTION0_3_R 1 -2.705e+03 1.690e+02 1.100e+01
|                ( - -1.960e+03 3 0 QUESTION5 -1 8.924e+01 8.001e+00)
|                ( - -5.765e+02 1 0)))
|        ( QUESTION2_12_L -1 -1.570e+03 1.133e+02 6.840e+00
|            ( - -6.165e+02 1 0)
|            ( - -8.398e+02 2 0 QUESTION0_11_R 1 7.888e+01 3.840e+00))))
s>    ( QUESTION0_7_R 1 -8.906e+03 1.949e+02 3.584e+01
s>        ( - -3.049e+02 1 0)
s>        ( QUESTION0_2_R 1 -8.406e+03 1.339e+02 3.384e+01
s>            ( SILENCE -1 -6.703e+03 1.196e+02 2.700e+01
s>                ( QUESTION0_3_R 1 -3.878e+03 1.179e+02 1.600e+01
s>                    ( QUESTION13 1 -2.655e+03 1.112e+02 1.100e+01
s>                        ( - -1.406e+03 1 0)
s>                        ( - -1.137e+03 1 0))
s>                    ( - -1.105e+03 1 0))
s>                ( QUESTION0_3_R 1 -2.705e+03 1.690e+02 1.100e+01
s>                    ( - -1.960e+03 3 0 QUESTION5 -1 8.924e+01 8.001e+00)
s>                    ( - -5.765e+02 1 0)))
s>            ( QUESTION2_12_L -1 -1.570e+03 1.133e+02 6.840e+00
s>                ( - -6.165e+02 1 0)
s>                ( - -8.398e+02 2 0 QUESTION0_11_R 1 7.888e+01 3.840e+00))))INFO: dtree.c(1315): Comp split 10
INFO: dtree.c(1439): stop. leaf nodes are specific
INFO: dtree.c(1478): Final simple tree
|( QUESTION0_4_R 1 -1.133e+04 1.103e+02 4.729e+01
|    ( WDBNDRY_B 0 -8.677e+03 1.058e+02 3.628e+01
|        ( - -8.566e+02 1 0)
|        ( - -7.714e+03 3 0))
|    ( QUESTION13 1 -2.541e+03 9.145e+01 1.101e+01
|        ( - -6.410e+02 1 0)
|        ( WDBNDRY_B 0 -1.809e+03 8.384e+01 8.010e+00
|            ( - -8.569e+02 1 0)
|            ( - -8.678e+02 1 0))))
s>    ( QUESTION0_4_R 1 -1.133e+04 1.103e+02 4.729e+01
s>        ( WDBNDRY_B 0 -8.677e+03 1.058e+02 3.628e+01
s>            ( - -8.566e+02 1 0)
s>            ( - -7.714e+03 3 0))
s>        ( QUESTION13 1 -2.541e+03 9.145e+01 1.101e+01
s>            ( - -6.410e+02 1 0)
s>            ( WDBNDRY_B 0 -1.809e+03 8.384e+01 8.010e+00
s>                ( - -8.569e+02 1 0)
s>                ( - -8.678e+02 1 0))))INFO: dtree.c(1439): stop. leaf nodes are specific
INFO: dtree.c(1478): Final simple tree
|( QUESTION19 -1 -9.866e+03 1.328e+02 4.202e+01
|    ( - -1.065e+03 1 0)
|    ( WDBNDRY_B 0 -8.668e+03 1.425e+02 3.702e+01
|        ( QUESTION0_2_R 1 -2.942e+03 1.195e+02 1.300e+01
|            ( - -2.243e+03 1 0)
|            ( - -5.791e+02 1 0))
|        ( QUESTION0_5_R 1 -5.584e+03 1.215e+02 2.403e+01
|            ( - -1.070e+03 1 0)
|            ( QUESTION0_3_R 1 -4.392e+03 9.741e+01 1.903e+01
|                ( - -3.429e+03 2 0)
|                ( - -8.655e+02 1 0)))))
s>    ( QUESTION19 -1 -9.866e+03 1.328e+02 4.202e+01
s>        ( - -1.065e+03 1 0)
s>        ( WDBNDRY_B 0 -8.668e+03 1.425e+02 3.702e+01
s>            ( QUESTION0_2_R 1 -2.942e+03 1.195e+02 1.300e+01
s>                ( - -2.243e+03 1 0)
s>                ( - -5.791e+02 1 0))
s>            ( QUESTION0_5_R 1 -5.584e+03 1.215e+02 2.403e+01
s>                ( - -1.070e+03 1 0)
s>                ( QUESTION0_3_R 1 -4.392e+03 9.741e+01 1.903e+01
s>                    ( - -3.429e+03 2 0)
s>                    ( - -8.655e+02 1 0)))))INFO: dtree.c(1315): Comp split 11
INFO: dtree.c(1478): Final simple tree
|( QUESTION0_2_R 1 -8.406e+03 1.339e+02 3.384e+01
|    ( SILENCE -1 -6.703e+03 1.196e+02 2.700e+01
|        ( QUESTION0_3_R 1 -3.878e+03 1.179e+02 1.600e+01
|            ( QUESTION13 1 -2.655e+03 1.112e+02 1.100e+01
|                ( - -1.406e+03 1 0)
|                ( - -1.137e+03 1 0))
|            ( - -1.105e+03 1 0))
|        ( QUESTION0_3_R 1 -2.705e+03 1.690e+02 1.100e+01
|            ( QUESTION5 -1 -1.960e+03 8.924e+01 8.001e+00
|                ( - -6.658e+02 1 0)
|                ( - -1.205e+03 2 0 WDBNDRY_B 0 7.797e+01 5.000e+00))
|            ( - -5.765e+02 1 0)))
|    ( QUESTION2_12_L -1 -1.570e+03 1.133e+02 6.840e+00
|        ( - -6.165e+02 1 0)
|        ( - -8.398e+02 2 0 QUESTION0_11_R 1 7.888e+01 3.840e+00)))
s>    ( QUESTION0_2_R 1 -8.406e+03 1.339e+02 3.384e+01
s>        ( SILENCE -1 -6.703e+03 1.196e+02 2.700e+01
s>            ( QUESTION0_3_R 1 -3.878e+03 1.179e+02 1.600e+01
s>                ( QUESTION13 1 -2.655e+03 1.112e+02 1.100e+01
s>                    ( - -1.406e+03 1 0)
s>                    ( - -1.137e+03 1 0))
s>                ( - -1.105e+03 1 0))
s>            ( QUESTION0_3_R 1 -2.705e+03 1.690e+02 1.100e+01
s>                ( QUESTION5 -1 -1.960e+03 8.924e+01 8.001e+00
s>                    ( - -6.658e+02 1 0)
s>                    ( - -1.205e+03 2 0 WDBNDRY_B 0 7.797e+01 5.000e+00))
s>                ( - -5.765e+02 1 0)))
s>        ( QUESTION2_12_L -1 -1.570e+03 1.133e+02 6.840e+00
s>            ( - -6.165e+02 1 0)
s>            ( - -8.398e+02 2 0 QUESTION0_11_R 1 7.888e+01 3.840e+00)))INFO: dtree.c(1315): Comp split 12
INFO: dtree.c(1439): stop. leaf nodes are specific
INFO: dtree.c(1478): Final simple tree
|( WDBNDRY_B 0 -3.565e+03 1.291e+02 1.500e+01
|    ( QUESTION11 1 -1.622e+03 1.133e+02 7.000e+00
|        ( - -4.433e+02 1 0)
|        ( - -1.065e+03 1 0))
|    ( - -1.814e+03 1 0))
s>    ( WDBNDRY_B 0 -3.565e+03 1.291e+02 1.500e+01
s>        ( QUESTION11 1 -1.622e+03 1.133e+02 7.000e+00
s>            ( - -4.433e+02 1 0)
s>            ( - -1.065e+03 1 0))
s>        ( - -1.814e+03 1 0))INFO: dtree.c(1315): Comp split 13
INFO: dtree.c(1478): Final simple tree
|( QUESTION0_7_R 1 -1.701e+04 1.311e+02 7.121e+01
|    ( - -4.294e+03 2 0)
|    ( QUESTION0 -1 -1.258e+04 1.179e+02 5.269e+01
|        ( QUESTION0_3_R 1 -4.157e+03 8.738e+01 1.801e+01
|            ( QUESTION11 1 -1.389e+03 1.080e+02 6.000e+00
|                ( WDBNDRY_B 0 -6.861e+02 8.811e+01 3.000e+00
|                    ( - -1.577e+02 1 0)
|                    ( - -4.403e+02 1 0))
|                ( - -5.952e+02 1 0))
|            ( QUESTION0_6_R 1 -2.680e+03 1.002e+02 1.201e+01
|                ( - -7.102e+02 1 0)
|                ( - -1.870e+03 1 0)))
|        ( QUESTION11 1 -8.308e+03 9.282e+01 3.468e+01
|            ( - -7.962e+02 1 0)
|            ( - -7.419e+03 8 0 QUESTION0_2_R 1 7.091e+01 3.069e+01))))
s>    ( QUESTION0_7_R 1 -1.701e+04 1.311e+02 7.121e+01
s>        ( - -4.294e+03 2 0)
s>        ( QUESTION0 -1 -1.258e+04 1.179e+02 5.269e+01
s>            ( QUESTION0_3_R 1 -4.157e+03 8.738e+01 1.801e+01
s>                ( QUESTION11 1 -1.389e+03 1.080e+02 6.000e+00
s>                    ( WDBNDRY_B 0 -6.861e+02 8.811e+01 3.000e+00
s>                        ( - -1.577e+02 1 0)
s>                        ( - -4.403e+02 1 0))
s>                    ( - -5.952e+02 1 0))
s>                ( QUESTION0_6_R 1 -2.680e+03 1.002e+02 1.201e+01
s>                    ( - -7.102e+02 1 0)
s>                    ( - -1.870e+03 1 0)))
s>            ( QUESTION11 1 -8.308e+03 9.282e+01 3.468e+01
s>                ( - -7.962e+02 1 0)
s>                ( - -7.419e+03 8 0 QUESTION0_2_R 1 7.091e+01 3.069e+01))))INFO: dtree.c(1315): Comp split 14
INFO: dtree.c(1478): Final simple tree
|( QUESTION0_2_R 1 -7.654e+03 1.327e+02 3.084e+01
|    ( SILENCE -1 -5.952e+03 1.143e+02 2.400e+01
|        ( QUESTION0_3_R 1 -3.878e+03 1.179e+02 1.600e+01
|            ( QUESTION13 1 -2.655e+03 1.112e+02 1.100e+01
|                ( - -1.406e+03 1 0)
|                ( - -1.137e+03 1 0))
|            ( - -1.105e+03 1 0))
|        ( QUESTION5 -1 -1.960e+03 8.924e+01 8.001e+00
|            ( - -6.658e+02 1 0)
|            ( - -1.205e+03 2 0 WDBNDRY_B 0 7.797e+01 5.000e+00)))
|    ( QUESTION2_12_L -1 -1.570e+03 1.133e+02 6.840e+00
|        ( - -6.165e+02 1 0)
|        ( QUESTION0_11_R 1 -8.398e+02 7.888e+01 3.840e+00
|            ( - -5.778e+02 1 0)
|            ( - -1.830e+02 1 0))))
s>    ( QUESTION0_2_R 1 -7.654e+03 1.327e+02 3.084e+01
s>        ( SILENCE -1 -5.952e+03 1.143e+02 2.400e+01
s>            ( QUESTION0_3_R 1 -3.878e+03 1.179e+02 1.600e+01
s>                ( QUESTION13 1 -2.655e+03 1.112e+02 1.100e+01
s>                    ( - -1.406e+03 1 0)
s>                    ( - -1.137e+03 1 0))
s>                ( - -1.105e+03 1 0))
s>            ( QUESTION5 -1 -1.960e+03 8.924e+01 8.001e+00
s>                ( - -6.658e+02 1 0)
s>                ( - -1.205e+03 2 0 WDBNDRY_B 0 7.797e+01 5.000e+00)))
s>        ( QUESTION2_12_L -1 -1.570e+03 1.133e+02 6.840e+00
s>            ( - -6.165e+02 1 0)
s>            ( QUESTION0_11_R 1 -8.398e+02 7.888e+01 3.840e+00
s>                ( - -5.778e+02 1 0)
s>                ( - -1.830e+02 1 0))))INFO: dtree.c(1315): Comp split 15
INFO: dtree.c(1478): Final simple tree
|( QUESTION0_12_R 1 -1.412e+04 1.329e+02 5.760e+01
|    ( - -1.324e+03 1 0)
|    ( QUESTION13 -1 -1.266e+04 1.309e+02 5.148e+01
|        ( QUESTION13 1 -8.727e+03 1.045e+02 3.547e+01
|            ( - -4.984e+02 1 0)
|            ( QUESTION11 1 -8.125e+03 1.054e+02 3.347e+01
|                ( - -1.596e+03 2 0 WDBNDRY_B 0 7.497e+01 6.847e+00)
|                ( QUESTION0_7_R 1 -6.423e+03 1.062e+02 2.662e+01
|                    ( QUESTION14 -1 -2.774e+03 1.022e+02 1.200e+01
|                        ( - -6.879e+02 1 0)
|                        ( - -1.984e+03 2 0 WDBNDRY_B 0 1.720e+02 9.000e+00))
|                    ( - -3.543e+03 4 0 QUESTION0_6_R 1 8.690e+01 1.462e+01))))
|        ( WDBNDRY_B 0 -3.803e+03 1.103e+02 1.601e+01
|            ( - -2.968e+03 3 0)
|            ( - -7.240e+02 1 0))))
s>    ( QUESTION0_12_R 1 -1.412e+04 1.329e+02 5.760e+01
s>        ( - -1.324e+03 1 0)
s>        ( QUESTION13 -1 -1.266e+04 1.309e+02 5.148e+01
s>            ( QUESTION13 1 -8.727e+03 1.045e+02 3.547e+01
s>                ( - -4.984e+02 1 0)
s>                ( QUESTION11 1 -8.125e+03 1.054e+02 3.347e+01
s>                    ( - -1.596e+03 2 0 WDBNDRY_B 0 7.497e+01 6.847e+00)
s>                    ( QUESTION0_7_R 1 -6.423e+03 1.062e+02 2.662e+01
s>                        ( QUESTION14 -1 -2.774e+03 1.022e+02 1.200e+01
s>                            ( - -6.879e+02 1 0)
s>                            ( - -1.984e+03 2 0 WDBNDRY_B 0 1.720e+02 9.000e+00))
s>                        ( - -3.543e+03 4 0 QUESTION0_6_R 1 8.690e+01 1.462e+01))))
s>            ( WDBNDRY_B 0 -3.803e+03 1.103e+02 1.601e+01
s>                ( - -2.968e+03 3 0)
s>                ( - -7.240e+02 1 0))))INFO: dtree.c(1315): Comp split 16
INFO: dtree.c(1439): stop. leaf nodes are specific
INFO: dtree.c(1478): Final simple tree
|( WDBNDRY_B 0 -2.338e+03 8.071e+01 9.998e+00
|    ( - -4.433e+02 1 0)
|    ( - -1.814e+03 1 0))
s>    ( WDBNDRY_B 0 -2.338e+03 8.071e+01 9.998e+00
s>        ( - -4.433e+02 1 0)
s>        ( - -1.814e+03 1 0))INFO: dtree.c(1315): Comp split 17
INFO: dtree.c(1478): Final simple tree
|( QUESTION0_7_R 1 -1.499e+04 1.222e+02 6.221e+01
|    ( - -4.294e+03 2 0)
|    ( QUESTION0 -1 -1.057e+04 9.126e+01 4.369e+01
|        ( WDBNDRY_B 0 -2.173e+03 7.751e+01 9.012e+00
|            ( QUESTION11 1 -8.771e+02 1.242e+02 4.000e+00
|                ( - -1.577e+02 1 0)
|                ( - -5.952e+02 1 0))
|            ( QUESTION0_3_R 1 -1.219e+03 6.822e+01 5.012e+00
|                ( - -4.403e+02 1 0)
|                ( - -7.102e+02 1 0)))
|        ( QUESTION11 1 -8.308e+03 9.282e+01 3.468e+01
|            ( - -7.962e+02 1 0)
|            ( QUESTION0_2_R 1 -7.419e+03 7.091e+01 3.069e+01
|                ( - -2.346e+02 1 0)
|                ( - -7.114e+03 7 0)))))
s>    ( QUESTION0_7_R 1 -1.499e+04 1.222e+02 6.221e+01
s>        ( - -4.294e+03 2 0)
s>        ( QUESTION0 -1 -1.057e+04 9.126e+01 4.369e+01
s>            ( WDBNDRY_B 0 -2.173e+03 7.751e+01 9.012e+00
s>                ( QUESTION11 1 -8.771e+02 1.242e+02 4.000e+00
s>                    ( - -1.577e+02 1 0)
s>                    ( - -5.952e+02 1 0))
s>                ( QUESTION0_3_R 1 -1.219e+03 6.822e+01 5.012e+00
s>                    ( - -4.403e+02 1 0)
s>                    ( - -7.102e+02 1 0)))
s>            ( QUESTION11 1 -8.308e+03 9.282e+01 3.468e+01
s>                ( - -7.962e+02 1 0)
s>                ( QUESTION0_2_R 1 -7.419e+03 7.091e+01 3.069e+01
s>                    ( - -2.346e+02 1 0)
s>                    ( - -7.114e+03 7 0)))))INFO: dtree.c(1315): Comp split 18
INFO: dtree.c(1439): stop. leaf nodes are specific
INFO: dtree.c(1478): Final simple tree
|( QUESTION0_5_R 1 -5.584e+03 1.215e+02 2.403e+01
|    ( - -1.070e+03 1 0)
|    ( QUESTION0_3_R 1 -4.392e+03 9.741e+01 1.903e+01
|        ( - -3.429e+03 2 0)
|        ( - -8.655e+02 1 0)))
s>    ( QUESTION0_5_R 1 -5.584e+03 1.215e+02 2.403e+01
s>        ( - -1.070e+03 1 0)
s>        ( QUESTION0_3_R 1 -4.392e+03 9.741e+01 1.903e+01
s>            ( - -3.429e+03 2 0)
s>            ( - -8.655e+02 1 0)))INFO: dtree.c(1439): stop. leaf nodes are specific
INFO: dtree.c(1478): Final simple tree
|( WDBNDRY_B 0 -4.138e+03 1.305e+02 1.799e+01
|    ( QUESTION0_2_R 1 -2.942e+03 1.195e+02 1.300e+01
|        ( - -2.243e+03 1 0)
|        ( - -5.791e+02 1 0))
|    ( - -1.065e+03 1 0))
s>    ( WDBNDRY_B 0 -4.138e+03 1.305e+02 1.799e+01
s>        ( QUESTION0_2_R 1 -2.942e+03 1.195e+02 1.300e+01
s>            ( - -2.243e+03 1 0)
s>            ( - -5.791e+02 1 0))
s>        ( - -1.065e+03 1 0))INFO: dtree.c(1315): Comp split 19
INFO: dtree.c(1439): stop. leaf nodes are specific
INFO: dtree.c(1478): Final simple tree
|( QUESTION0_3_R 1 -5.192e+03 1.191e+02 2.190e+01
|    ( - -2.968e+03 3 0)
|    ( WDBNDRY_B 0 -2.105e+03 9.293e+01 9.129e+00
|        ( - -6.879e+02 1 0)
|        ( - -1.324e+03 1 0)))
s>    ( QUESTION0_3_R 1 -5.192e+03 1.191e+02 2.190e+01
s>        ( - -2.968e+03 3 0)
s>        ( WDBNDRY_B 0 -2.105e+03 9.293e+01 9.129e+00
s>            ( - -6.879e+02 1 0)
s>            ( - -1.324e+03 1 0)))INFO: dtree.c(1478): Final simple tree
|( QUESTION19 1 -8.786e+03 1.195e+02 3.571e+01
|    ( QUESTION0_7_R 1 -5.636e+03 1.095e+02 2.362e+01
|        ( WDBNDRY_B 0 -1.984e+03 1.720e+02 9.000e+00
|            ( - -7.321e+02 1 0)
|            ( - -1.080e+03 1 0))
|        ( QUESTION0_6_R 1 -3.543e+03 8.690e+01 1.462e+01
|            ( - -1.944e+03 1 0)
|            ( - -1.512e+03 3 0 QUESTION0_3_R 1 6.835e+01 6.000e+00)))
|    ( QUESTION11 1 -3.031e+03 1.115e+02 1.208e+01
|        ( WDBNDRY_B 0 -1.596e+03 7.497e+01 6.847e+00
|            ( - -8.660e+02 1 0)
|            ( - -6.552e+02 1 0))
|        ( WDBNDRY_B 0 -1.323e+03 1.004e+02 5.234e+00
|            ( - -4.984e+02 1 0)
|            ( - -7.240e+02 1 0))))
s>    ( QUESTION19 1 -8.786e+03 1.195e+02 3.571e+01
s>        ( QUESTION0_7_R 1 -5.636e+03 1.095e+02 2.362e+01
s>            ( WDBNDRY_B 0 -1.984e+03 1.720e+02 9.000e+00
s>                ( - -7.321e+02 1 0)
s>                ( - -1.080e+03 1 0))
s>            ( QUESTION0_6_R 1 -3.543e+03 8.690e+01 1.462e+01
s>                ( - -1.944e+03 1 0)
s>                ( - -1.512e+03 3 0 QUESTION0_3_R 1 6.835e+01 6.000e+00)))
s>        ( QUESTION11 1 -3.031e+03 1.115e+02 1.208e+01
s>            ( WDBNDRY_B 0 -1.596e+03 7.497e+01 6.847e+00
s>                ( - -8.660e+02 1 0)
s>                ( - -6.552e+02 1 0))
s>            ( WDBNDRY_B 0 -1.323e+03 1.004e+02 5.234e+00
s>                ( - -4.984e+02 1 0)
s>                ( - -7.240e+02 1 0))))INFO: dtree.c(1315): Comp split 20
INFO: dtree.c(1478): Final simple tree
|( WDBNDRY_I 0 -7.862e+03 1.153e+02 3.171e+01
|    ( QUESTION0_3_R 1 -1.814e+03 7.899e+01 8.000e+00
|        ( - -6.552e+02 1 0)
|        ( - -1.080e+03 1 0))
|    ( QUESTION19 1 -5.933e+03 1.183e+02 2.371e+01
|        ( QUESTION0_6_R 1 -3.543e+03 8.690e+01 1.462e+01
|            ( - -1.944e+03 1 0)
|            ( QUESTION0_3_R 1 -1.512e+03 6.835e+01 6.000e+00
|                ( - -1.186e+03 2 0)
|                ( - -2.578e+02 1 0)))
|        ( WDBNDRY_B 0 -2.272e+03 9.255e+01 9.081e+00
|            ( QUESTION11 1 -1.455e+03 9.057e+01 5.847e+00
|                ( - -8.660e+02 1 0)
|                ( - -4.984e+02 1 0))
|            ( - -7.240e+02 1 0))))
s>    ( WDBNDRY_I 0 -7.862e+03 1.153e+02 3.171e+01
s>        ( QUESTION0_3_R 1 -1.814e+03 7.899e+01 8.000e+00
s>            ( - -6.552e+02 1 0)
s>            ( - -1.080e+03 1 0))
s>        ( QUESTION19 1 -5.933e+03 1.183e+02 2.371e+01
s>            ( QUESTION0_6_R 1 -3.543e+03 8.690e+01 1.462e+01
s>                ( - -1.944e+03 1 0)
s>                ( QUESTION0_3_R 1 -1.512e+03 6.835e+01 6.000e+00
s>                    ( - -1.186e+03 2 0)
s>                    ( - -2.578e+02 1 0)))
s>            ( WDBNDRY_B 0 -2.272e+03 9.255e+01 9.081e+00
s>                ( QUESTION11 1 -1.455e+03 9.057e+01 5.847e+00
s>                    ( - -8.660e+02 1 0)
s>                    ( - -4.984e+02 1 0))
s>                ( - -7.240e+02 1 0))))INFO: dtree.c(1315): Comp split 21
INFO: dtree.c(1439): stop. leaf nodes are specific
INFO: dtree.c(1478): Final simple tree
|( SILENCE -1 -5.952e+03 1.143e+02 2.400e+01
|    ( QUESTION0_3_R 1 -3.878e+03 1.179e+02 1.600e+01
|        ( QUESTION13 1 -2.655e+03 1.112e+02 1.100e+01
|            ( - -1.406e+03 1 0)
|            ( - -1.137e+03 1 0))
|        ( - -1.105e+03 1 0))
|    ( QUESTION5 -1 -1.960e+03 8.924e+01 8.001e+00
|        ( - -6.658e+02 1 0)
|        ( WDBNDRY_B 0 -1.205e+03 7.797e+01 5.000e+00
|            ( - -2.411e+02 1 0)
|            ( - -8.857e+02 1 0))))
s>    ( SILENCE -1 -5.952e+03 1.143e+02 2.400e+01
s>        ( QUESTION0_3_R 1 -3.878e+03 1.179e+02 1.600e+01
s>            ( QUESTION13 1 -2.655e+03 1.112e+02 1.100e+01
s>                ( - -1.406e+03 1 0)
s>                ( - -1.137e+03 1 0))
s>            ( - -1.105e+03 1 0))
s>        ( QUESTION5 -1 -1.960e+03 8.924e+01 8.001e+00
s>            ( - -6.658e+02 1 0)
s>            ( WDBNDRY_B 0 -1.205e+03 7.797e+01 5.000e+00
s>                ( - -2.411e+02 1 0)
s>                ( - -8.857e+02 1 0))))INFO: dtree.c(1439): stop. leaf nodes are specific
INFO: dtree.c(1478): Final simple tree
|( QUESTION2_12_L -1 -1.570e+03 1.133e+02 6.840e+00
|    ( - -6.165e+02 1 0)
|    ( QUESTION0_11_R 1 -8.398e+02 7.888e+01 3.840e+00
|        ( - -5.778e+02 1 0)
|        ( - -1.830e+02 1 0)))
s>    ( QUESTION2_12_L -1 -1.570e+03 1.133e+02 6.840e+00
s>        ( - -6.165e+02 1 0)
s>        ( QUESTION0_11_R 1 -8.398e+02 7.888e+01 3.840e+00
s>            ( - -5.778e+02 1 0)
s>            ( - -1.830e+02 1 0)))INFO: dtree.c(1315): Comp split 22
INFO: dtree.c(1439): stop. leaf nodes are specific
INFO: dtree.c(1478): Final simple tree
|( QUESTION0_2_R 1 -2.942e+03 1.195e+02 1.300e+01
|    ( - -2.243e+03 1 0)
|    ( - -5.791e+02 1 0))
s>    ( QUESTION0_2_R 1 -2.942e+03 1.195e+02 1.300e+01
s>        ( - -2.243e+03 1 0)
s>        ( - -5.791e+02 1 0))INFO: dtree.c(1315): Comp split 23
INFO: dtree.c(1439): stop. leaf nodes are specific
INFO: dtree.c(1478): Final simple tree
|( QUESTION13 1 -3.872e+03 9.380e+01 1.508e+01
|    ( - -4.984e+02 1 0)
|    ( QUESTION11 1 -3.280e+03 8.840e+01 1.308e+01
|        ( - -8.660e+02 1 0)
|        ( WDBNDRY_B 0 -2.326e+03 8.998e+01 9.234e+00
|            ( QUESTION0_3_R 1 -1.512e+03 6.835e+01 6.000e+00
|                ( - -1.186e+03 2 0)
|                ( - -2.578e+02 1 0))
|            ( - -7.240e+02 1 0))))
s>    ( QUESTION13 1 -3.872e+03 9.380e+01 1.508e+01
s>        ( - -4.984e+02 1 0)
s>        ( QUESTION11 1 -3.280e+03 8.840e+01 1.308e+01
s>            ( - -8.660e+02 1 0)
s>            ( WDBNDRY_B 0 -2.326e+03 8.998e+01 9.234e+00
s>                ( QUESTION0_3_R 1 -1.512e+03 6.835e+01 6.000e+00
s>                    ( - -1.186e+03 2 0)
s>                    ( - -2.578e+02 1 0))
s>                ( - -7.240e+02 1 0))))INFO: dtree.c(1439): stop. leaf nodes are specific
INFO: dtree.c(1478): Final simple tree
|( WDBNDRY_B 0 -3.861e+03 1.028e+02 1.662e+01
|    ( - -1.944e+03 1 0)
|    ( QUESTION0_3_R 1 -1.814e+03 7.899e+01 8.000e+00
|        ( - -6.552e+02 1 0)
|        ( - -1.080e+03 1 0)))
s>    ( WDBNDRY_B 0 -3.861e+03 1.028e+02 1.662e+01
s>        ( - -1.944e+03 1 0)
s>        ( QUESTION0_3_R 1 -1.814e+03 7.899e+01 8.000e+00
s>            ( - -6.552e+02 1 0)
s>            ( - -1.080e+03 1 0)))INFO: dtree.c(1315): Comp split 24
INFO: dtree.c(1439): stop. leaf nodes are specific
INFO: dtree.c(1478): Final simple tree
|( QUESTION0_3_R 1 -4.599e+03 7.014e+01 1.952e+01
|    ( - -2.346e+02 1 0)
|    ( - -4.294e+03 2 0))
s>    ( QUESTION0_3_R 1 -4.599e+03 7.014e+01 1.952e+01
s>        ( - -2.346e+02 1 0)
s>        ( - -4.294e+03 2 0))INFO: dtree.c(1439): stop. leaf nodes are specific
INFO: dtree.c(1478): Final simple tree
|( QUESTION0 -1 -1.027e+04 9.163e+01 4.269e+01
|    ( WDBNDRY_B 0 -2.173e+03 7.751e+01 9.012e+00
|        ( QUESTION11 1 -8.771e+02 1.242e+02 4.000e+00
|            ( - -1.577e+02 1 0)
|            ( - -5.952e+02 1 0))
|        ( QUESTION0_3_R 1 -1.219e+03 6.822e+01 5.012e+00
|            ( - -4.403e+02 1 0)
|            ( - -7.102e+02 1 0)))
|    ( QUESTION0_2_R 1 -8.003e+03 9.297e+01 3.368e+01
|        ( - -7.962e+02 1 0)
|        ( - -7.114e+03 7 0)))
s>    ( QUESTION0 -1 -1.027e+04 9.163e+01 4.269e+01
s>        ( WDBNDRY_B 0 -2.173e+03 7.751e+01 9.012e+00
s>            ( QUESTION11 1 -8.771e+02 1.242e+02 4.000e+00
s>                ( - -1.577e+02 1 0)
s>                ( - -5.952e+02 1 0))
s>            ( QUESTION0_3_R 1 -1.219e+03 6.822e+01 5.012e+00
s>                ( - -4.403e+02 1 0)
s>                ( - -7.102e+02 1 0)))
s>        ( QUESTION0_2_R 1 -8.003e+03 9.297e+01 3.368e+01
s>            ( - -7.962e+02 1 0)
s>            ( - -7.114e+03 7 0)))INFO: dtree.c(1315): Comp split 25
INFO: dtree.c(1439): stop. leaf nodes are specific
INFO: dtree.c(1478): Final simple tree
|( QUESTION0_3_R 1 -4.392e+03 9.741e+01 1.903e+01
|    ( - -3.429e+03 2 0)
|    ( - -8.655e+02 1 0))
s>    ( QUESTION0_3_R 1 -4.392e+03 9.741e+01 1.903e+01
s>        ( - -3.429e+03 2 0)
s>        ( - -8.655e+02 1 0))INFO: dtree.c(1315): Comp split 26
INFO: dtree.c(1315): Comp split 27
INFO: dtree.c(1439): stop. leaf nodes are specific
INFO: dtree.c(1478): Final simple tree
|( WDBNDRY_B 0 -2.105e+03 9.293e+01 9.129e+00
|    ( - -6.879e+02 1 0)
|    ( - -1.324e+03 1 0))
s>    ( WDBNDRY_B 0 -2.105e+03 9.293e+01 9.129e+00
s>        ( - -6.879e+02 1 0)
s>        ( - -1.324e+03 1 0))INFO: dtree.c(1315): Comp split 28
INFO: dtree.c(1439): stop. leaf nodes are specific
INFO: dtree.c(1478): Final simple tree
|( WDBNDRY_B 0 -9.555e+03 9.188e+01 3.969e+01
|    ( - -1.577e+02 1 0)
|    ( QUESTION0 -1 -9.305e+03 8.388e+01 3.869e+01
|        ( QUESTION0_3_R 1 -1.219e+03 6.822e+01 5.012e+00
|            ( - -4.403e+02 1 0)
|            ( - -7.102e+02 1 0))
|        ( QUESTION0_2_R 1 -8.003e+03 9.297e+01 3.368e+01
|            ( - -7.962e+02 1 0)
|            ( - -7.114e+03 7 0))))
s>    ( WDBNDRY_B 0 -9.555e+03 9.188e+01 3.969e+01
s>        ( - -1.577e+02 1 0)
s>        ( QUESTION0 -1 -9.305e+03 8.388e+01 3.869e+01
s>            ( QUESTION0_3_R 1 -1.219e+03 6.822e+01 5.012e+00
s>                ( - -4.403e+02 1 0)
s>                ( - -7.102e+02 1 0))
s>            ( QUESTION0_2_R 1 -8.003e+03 9.297e+01 3.368e+01
s>                ( - -7.962e+02 1 0)
s>                ( - -7.114e+03 7 0))))INFO: dtree.c(1315): Comp split 29
INFO: dtree.c(1439): stop. leaf nodes are specific
INFO: dtree.c(1478): Final simple tree
|( QUESTION19 1 -3.635e+03 1.080e+02 1.500e+01
|    ( - -1.137e+03 1 0)
|    ( WDBNDRY_B 0 -2.390e+03 9.790e+01 9.999e+00
|        ( - -1.406e+03 1 0)
|        ( - -8.857e+02 1 0)))
s>    ( QUESTION19 1 -3.635e+03 1.080e+02 1.500e+01
s>        ( - -1.137e+03 1 0)
s>        ( WDBNDRY_B 0 -2.390e+03 9.790e+01 9.999e+00
s>            ( - -1.406e+03 1 0)
s>            ( - -8.857e+02 1 0)))INFO: dtree.c(1439): stop. leaf nodes are specific
INFO: dtree.c(1478): Final simple tree
|( SILENCE -1 -2.199e+03 1.087e+02 9.004e+00
|    ( - -1.105e+03 1 0)
|    ( QUESTION1 -1 -9.858e+02 7.888e+01 4.001e+00
|        ( - -2.411e+02 1 0)
|        ( - -6.658e+02 1 0)))
s>    ( SILENCE -1 -2.199e+03 1.087e+02 9.004e+00
s>        ( - -1.105e+03 1 0)
s>        ( QUESTION1 -1 -9.858e+02 7.888e+01 4.001e+00
s>            ( - -2.411e+02 1 0)
s>            ( - -6.658e+02 1 0)))INFO: dtree.c(1315): Comp split 30
INFO: dtree.c(1439): stop. leaf nodes are specific
INFO: dtree.c(1478): Final simple tree
|( QUESTION0_11_R 1 -8.398e+02 7.888e+01 3.840e+00
|    ( - -5.778e+02 1 0)
|    ( - -1.830e+02 1 0))
s>    ( QUESTION0_11_R 1 -8.398e+02 7.888e+01 3.840e+00
s>        ( - -5.778e+02 1 0)
s>        ( - -1.830e+02 1 0))INFO: dtree.c(1315): Comp split 31
INFO: dtree.c(1315): Comp split 32
INFO: dtree.c(1439): stop. leaf nodes are specific
INFO: dtree.c(1478): Final simple tree
|( QUESTION13 1 -2.541e+03 9.145e+01 1.101e+01
|    ( - -6.410e+02 1 0)
|    ( WDBNDRY_B 0 -1.809e+03 8.384e+01 8.010e+00
|        ( - -8.569e+02 1 0)
|        ( - -8.678e+02 1 0)))
s>    ( QUESTION13 1 -2.541e+03 9.145e+01 1.101e+01
s>        ( - -6.410e+02 1 0)
s>        ( WDBNDRY_B 0 -1.809e+03 8.384e+01 8.010e+00
s>            ( - -8.569e+02 1 0)
s>            ( - -8.678e+02 1 0)))INFO: dtree.c(1439): stop. leaf nodes are specific
INFO: dtree.c(1478): Final simple tree
|( WDBNDRY_B 0 -8.677e+03 1.058e+02 3.628e+01
|    ( - -8.566e+02 1 0)
|    ( - -7.714e+03 3 0))
s>    ( WDBNDRY_B 0 -8.677e+03 1.058e+02 3.628e+01
s>        ( - -8.566e+02 1 0)
s>        ( - -7.714e+03 3 0))INFO: dtree.c(1315): Comp split 33
INFO: dtree.c(1439): stop. leaf nodes are specific
INFO: dtree.c(1478): Final simple tree
|( QUESTION1 -1 -9.858e+02 7.888e+01 4.001e+00
|    ( - -2.411e+02 1 0)
|    ( - -6.658e+02 1 0))
s>    ( QUESTION1 -1 -9.858e+02 7.888e+01 4.001e+00
s>        ( - -2.411e+02 1 0)
s>        ( - -6.658e+02 1 0))INFO: dtree.c(1315): Comp split 34
INFO: dtree.c(1439): stop. leaf nodes are specific
INFO: dtree.c(1478): Final simple tree
|( WDBNDRY_B 0 -2.390e+03 9.790e+01 9.999e+00
|    ( - -1.406e+03 1 0)
|    ( - -8.857e+02 1 0))
s>    ( WDBNDRY_B 0 -2.390e+03 9.790e+01 9.999e+00
s>        ( - -1.406e+03 1 0)
s>        ( - -8.857e+02 1 0))INFO: dtree.c(1315): Comp split 35
INFO: dtree.c(1315): Comp split 36
INFO: dtree.c(1439): stop. leaf nodes are specific
INFO: dtree.c(1478): Final simple tree
|( QUESTION0_3_R 1 -1.814e+03 7.899e+01 8.000e+00
|    ( - -6.552e+02 1 0)
|    ( - -1.080e+03 1 0))
s>    ( QUESTION0_3_R 1 -1.814e+03 7.899e+01 8.000e+00
s>        ( - -6.552e+02 1 0)
s>        ( - -1.080e+03 1 0))INFO: dtree.c(1315): Comp split 37
INFO: dtree.c(1315): Comp split 38
INFO: dtree.c(1315): Comp split 39
INFO: dtree.c(1315): Comp split 40
INFO: dtree.c(1439): stop. leaf nodes are specific
INFO: dtree.c(1478): Final simple tree
|( WDBNDRY_B 0 -8.663e+03 8.971e+01 3.570e+01
|    ( - -1.577e+02 1 0)
|    ( QUESTION0_2_R 1 -8.415e+03 8.312e+01 3.470e+01
|        ( QUESTION0_3_R 1 -1.219e+03 6.822e+01 5.012e+00
|            ( - -4.403e+02 1 0)
|            ( - -7.102e+02 1 0))
|        ( - -7.114e+03 7 0)))
s>    ( WDBNDRY_B 0 -8.663e+03 8.971e+01 3.570e+01
s>        ( - -1.577e+02 1 0)
s>        ( QUESTION0_2_R 1 -8.415e+03 8.312e+01 3.470e+01
s>            ( QUESTION0_3_R 1 -1.219e+03 6.822e+01 5.012e+00
s>                ( - -4.403e+02 1 0)
s>                ( - -7.102e+02 1 0))
s>            ( - -7.114e+03 7 0)))INFO: dtree.c(1315): Comp split 41
INFO: dtree.c(1439): stop. leaf nodes are specific
INFO: dtree.c(1478): Final simple tree
|( QUESTION11 1 -3.280e+03 8.840e+01 1.308e+01
|    ( - -8.660e+02 1 0)
|    ( WDBNDRY_B 0 -2.326e+03 8.998e+01 9.234e+00
|        ( QUESTION0_3_R 1 -1.512e+03 6.835e+01 6.000e+00
|            ( - -1.186e+03 2 0)
|            ( - -2.578e+02 1 0))
|        ( - -7.240e+02 1 0)))
s>    ( QUESTION11 1 -3.280e+03 8.840e+01 1.308e+01
s>        ( - -8.660e+02 1 0)
s>        ( WDBNDRY_B 0 -2.326e+03 8.998e+01 9.234e+00
s>            ( QUESTION0_3_R 1 -1.512e+03 6.835e+01 6.000e+00
s>                ( - -1.186e+03 2 0)
s>                ( - -2.578e+02 1 0))
s>            ( - -7.240e+02 1 0)))INFO: dtree.c(1315): Comp split 42
INFO: dtree.c(1315): Comp split 43
INFO: dtree.c(1439): stop. leaf nodes are specific
INFO: dtree.c(1478): Final simple tree
|( WDBNDRY_B 0 -1.809e+03 8.384e+01 8.010e+00
|    ( - -8.569e+02 1 0)
|    ( - -8.678e+02 1 0))
s>    ( WDBNDRY_B 0 -1.809e+03 8.384e+01 8.010e+00
s>        ( - -8.569e+02 1 0)
s>        ( - -8.678e+02 1 0))INFO: dtree.c(1315): Comp split 44
INFO: dtree.c(1439): stop. leaf nodes are specific
INFO: dtree.c(1478): Final simple tree
|( QUESTION0_2_R 1 -8.415e+03 8.312e+01 3.470e+01
|    ( QUESTION0_3_R 1 -1.219e+03 6.822e+01 5.012e+00
|        ( - -4.403e+02 1 0)
|        ( - -7.102e+02 1 0))
|    ( - -7.114e+03 7 0))
s>    ( QUESTION0_2_R 1 -8.415e+03 8.312e+01 3.470e+01
s>        ( QUESTION0_3_R 1 -1.219e+03 6.822e+01 5.012e+00
s>            ( - -4.403e+02 1 0)
s>            ( - -7.102e+02 1 0))
s>        ( - -7.114e+03 7 0))INFO: dtree.c(1315): Comp split 45
INFO: dtree.c(1439): stop. leaf nodes are specific
INFO: dtree.c(1478): Final simple tree
|( WDBNDRY_B 0 -2.326e+03 8.998e+01 9.234e+00
|    ( QUESTION0_3_R 1 -1.512e+03 6.835e+01 6.000e+00
|        ( - -1.186e+03 2 0)
|        ( - -2.578e+02 1 0))
|    ( - -7.240e+02 1 0))
s>    ( WDBNDRY_B 0 -2.326e+03 8.998e+01 9.234e+00
s>        ( QUESTION0_3_R 1 -1.512e+03 6.835e+01 6.000e+00
s>            ( - -1.186e+03 2 0)
s>            ( - -2.578e+02 1 0))
s>        ( - -7.240e+02 1 0))INFO: dtree.c(1315): Comp split 46
INFO: dtree.c(1439): stop. leaf nodes are specific
INFO: dtree.c(1478): Final simple tree
|( QUESTION0_3_R 1 -1.512e+03 6.835e+01 6.000e+00
|    ( - -1.186e+03 2 0)
|    ( - -2.578e+02 1 0))
s>    ( QUESTION0_3_R 1 -1.512e+03 6.835e+01 6.000e+00
s>        ( - -1.186e+03 2 0)
s>        ( - -2.578e+02 1 0))INFO: dtree.c(1315): Comp split 47
INFO: dtree.c(1315): Comp split 48
INFO: dtree.c(1439): stop. leaf nodes are specific
INFO: dtree.c(1478): Final simple tree
|( QUESTION0_3_R 1 -1.219e+03 6.822e+01 5.012e+00
|    ( - -4.403e+02 1 0)
|    ( - -7.102e+02 1 0))
s>    ( QUESTION0_3_R 1 -1.219e+03 6.822e+01 5.012e+00
s>        ( - -4.403e+02 1 0)
s>        ( - -7.102e+02 1 0))INFO: dtree.c(1315): Comp split 49
INFO: dtree.c(1315): Comp split 50
INFO: dtree.c(1315): Comp split 51
INFO: dtree.c(1315): Comp split 52
INFO: dtree.c(1315): Comp split 53
INFO: dtree.c(1315): Comp split 54
INFO: dtree.c(1315): Comp split 55
INFO: dtree.c(1315): Comp split 56
INFO: dtree.c(1318): stop. leaf nodes are specific
Thu May  7 00:23:31 2020
