Current configuration:
[NAME]		[DEFLT]	[VALUE]
-allphones	no	no
-cntthresh	0.00001	1.000000e-05
-csplitmax	100	2000
-csplitmin	1	1
-csplitthr	8e-4	0.000000e+00
-example	no	no
-fullvar	no	no
-help		no	no
-meanfn			/home/abdy/Desktop/diploma/kg/model_parameters/kg.cd_cont_untied/means
-mixwfn			/home/abdy/Desktop/diploma/kg/model_parameters/kg.cd_cont_untied/mixture_weights
-moddeffn		/home/abdy/Desktop/diploma/kg/model_architecture/kg.untied.mdef
-mwfloor	1e-4	1.000000e-08
-phone			u0
-psetfn			/home/abdy/Desktop/diploma/kg/model_architecture/kg.tree_questions
-ssplitmax	5	7
-ssplitmin	1	1
-ssplitthr	8e-4	0.000000e+00
-state			0
-stwt			1.0,0.05,0.0,
-treefn			/home/abdy/Desktop/diploma/kg/trees/kg.unpruned/u0-0.dtree
-ts2cbfn	.semi.	.cont.
-varfloor	0.00001	1.000000e-05
-varfn			/home/abdy/Desktop/diploma/kg/model_parameters/kg.cd_cont_untied/variances

INFO: main.c(223): Reading: /home/abdy/Desktop/diploma/kg/model_architecture/kg.untied.mdef
INFO: model_def_io.c(573): Model definition info:
INFO: model_def_io.c(574): 10297 total models defined (47 base, 10250 tri)
INFO: model_def_io.c(575): 41188 total states
INFO: model_def_io.c(576): 30891 total tied states
INFO: model_def_io.c(577): 141 total tied CI states
INFO: model_def_io.c(578): 47 total tied transition matrices
INFO: model_def_io.c(579): 4 max state/model
INFO: model_def_io.c(580): 4 min state/model
INFO: main.c(242): Building trees for [u0 SIL kh s] through [u0 zh p i]
INFO: main.c(269): Covering states |[26352 26789]| == 438
INFO: main.c(275): Reading: /home/abdy/Desktop/diploma/kg/model_parameters/kg.cd_cont_untied/mixture_weights
INFO: s3mixw_io.c(173): Read /home/abdy/Desktop/diploma/kg/model_parameters/kg.cd_cont_untied/mixture_weights [438x1x1 array]
INFO: main.c(311): 17 of 146 models have observation count greater than 0.000010
INFO: main.c(95): nrm stwt: 0.952 0.048 0.000 
INFO: s3gau_io.c(169): Read /home/abdy/Desktop/diploma/kg/model_parameters/kg.cd_cont_untied/means [30891x1x1 array]
INFO: s3gau_io.c(169): Read /home/abdy/Desktop/diploma/kg/model_parameters/kg.cd_cont_untied/variances [30891x1x1 array]
INFO: main.c(549): Reading: /home/abdy/Desktop/diploma/kg/model_architecture/kg.tree_questions
INFO: main.c(588): 174 total simple questions (166 phone; 8 word bndry)
INFO: main.c(590): 40 Left Only questions, and 42 Right Only questions
INFO: dtree.c(1478): Final simple tree
|( QUESTION0 -1 -1.602e+04 2.617e+02 6.822e+01
|    ( QUESTION2_0_L -1 -8.808e+03 2.584e+02 3.719e+01
|        ( - -6.805e+02 1 0)
|        ( QUESTION0_17_R 1 -7.869e+03 2.060e+02 3.319e+01
|            ( - -5.069e+02 1 0)
|            ( QUESTION5 -1 -7.156e+03 1.888e+02 3.019e+01
|                ( - -7.034e+02 1 0)
|                ( - -6.264e+03 7 0 QUESTION2_8_L -1 1.348e+02 2.619e+01))))
|    ( QUESTION0_0_R 1 -6.949e+03 1.915e+02 3.102e+01
|        ( - -2.497e+03 1 0)
|        ( QUESTION0_19_R 1 -4.261e+03 1.479e+02 1.842e+01
|            ( - -1.859e+03 1 0)
|            ( QUESTION0_16_R 1 -2.254e+03 1.409e+02 9.420e+00
|                ( - -7.243e+02 1 0)
|                ( - -1.389e+03 4 0 WDBNDRY_E 0 7.380e+01 5.420e+00)))))
s>    ( QUESTION0 -1 -1.602e+04 2.617e+02 6.822e+01
s>        ( QUESTION2_0_L -1 -8.808e+03 2.584e+02 3.719e+01
s>            ( - -6.805e+02 1 0)
s>            ( QUESTION0_17_R 1 -7.869e+03 2.060e+02 3.319e+01
s>                ( - -5.069e+02 1 0)
s>                ( QUESTION5 -1 -7.156e+03 1.888e+02 3.019e+01
s>                    ( - -7.034e+02 1 0)
s>                    ( - -6.264e+03 7 0 QUESTION2_8_L -1 1.348e+02 2.619e+01))))
s>        ( QUESTION0_0_R 1 -6.949e+03 1.915e+02 3.102e+01
s>            ( - -2.497e+03 1 0)
s>            ( QUESTION0_19_R 1 -4.261e+03 1.479e+02 1.842e+01
s>                ( - -1.859e+03 1 0)
s>                ( QUESTION0_16_R 1 -2.254e+03 1.409e+02 9.420e+00
s>                    ( - -7.243e+02 1 0)
s>                    ( - -1.389e+03 4 0 WDBNDRY_E 0 7.380e+01 5.420e+00)))))INFO: dtree.c(1315): Comp split 0
INFO: dtree.c(1478): Final simple tree
|( QUESTION0_17_R 1 -1.141e+04 2.086e+02 4.761e+01
|    ( - -5.069e+02 1 0)
|    ( QUESTION5 -1 -1.070e+04 1.880e+02 4.461e+01
|        ( - -7.034e+02 1 0)
|        ( QUESTION0_19_R 1 -9.807e+03 1.855e+02 4.061e+01
|            ( - -1.859e+03 1 0)
|            ( QUESTION0_16_R 1 -7.763e+03 1.325e+02 3.161e+01
|                ( - -8.203e+02 1 0)
|                ( QUESTION15 1 -6.810e+03 1.228e+02 2.761e+01
|                    ( - -8.625e+02 1 0)
|                    ( QUESTION2 1 -5.824e+03 1.146e+02 2.361e+01
|                        ( - -1.130e+03 1 0)
|                        ( QUESTION2_6_L -1 -4.580e+03 1.200e+02 1.842e+01
|                            ( - -8.995e+02 1 0)
|                            ( - -3.560e+03 7 0 QUESTION4 -1 1.104e+02 1.442e+01))))))))
s>    ( QUESTION0_17_R 1 -1.141e+04 2.086e+02 4.761e+01
s>        ( - -5.069e+02 1 0)
s>        ( QUESTION5 -1 -1.070e+04 1.880e+02 4.461e+01
s>            ( - -7.034e+02 1 0)
s>            ( QUESTION0_19_R 1 -9.807e+03 1.855e+02 4.061e+01
s>                ( - -1.859e+03 1 0)
s>                ( QUESTION0_16_R 1 -7.763e+03 1.325e+02 3.161e+01
s>                    ( - -8.203e+02 1 0)
s>                    ( QUESTION15 1 -6.810e+03 1.228e+02 2.761e+01
s>                        ( - -8.625e+02 1 0)
s>                        ( QUESTION2 1 -5.824e+03 1.146e+02 2.361e+01
s>                            ( - -1.130e+03 1 0)
s>                            ( QUESTION2_6_L -1 -4.580e+03 1.200e+02 1.842e+01
s>                                ( - -8.995e+02 1 0)
s>                                ( - -3.560e+03 7 0 QUESTION4 -1 1.104e+02 1.442e+01))))))))INFO: dtree.c(1439): stop. leaf nodes are specific
INFO: dtree.c(1478): Final simple tree
|( QUESTION0_9_R 1 -4.307e+03 2.555e+02 2.060e+01
|    ( - -6.805e+02 1 0)
|    ( WDBNDRY_E 0 -3.371e+03 1.499e+02 1.660e+01
|        ( - -7.243e+02 1 0)
|        ( - -2.497e+03 1 0)))
s>    ( QUESTION0_9_R 1 -4.307e+03 2.555e+02 2.060e+01
s>        ( - -6.805e+02 1 0)
s>        ( WDBNDRY_E 0 -3.371e+03 1.499e+02 1.660e+01
s>            ( - -7.243e+02 1 0)
s>            ( - -2.497e+03 1 0)))INFO: dtree.c(1315): Comp split 1
INFO: dtree.c(1439): stop. leaf nodes are specific
INFO: dtree.c(1478): Final simple tree
|( WDBNDRY_E 0 -3.371e+03 1.499e+02 1.660e+01
|    ( - -7.243e+02 1 0)
|    ( - -2.497e+03 1 0))
s>    ( WDBNDRY_E 0 -3.371e+03 1.499e+02 1.660e+01
s>        ( - -7.243e+02 1 0)
s>        ( - -2.497e+03 1 0))INFO: dtree.c(1315): Comp split 2
INFO: dtree.c(1478): Final simple tree
|( QUESTION5 -1 -1.070e+04 1.880e+02 4.461e+01
|    ( - -7.034e+02 1 0)
|    ( QUESTION0_19_R 1 -9.807e+03 1.855e+02 4.061e+01
|        ( - -1.859e+03 1 0)
|        ( QUESTION0_16_R 1 -7.763e+03 1.325e+02 3.161e+01
|            ( - -8.203e+02 1 0)
|            ( QUESTION15 1 -6.810e+03 1.228e+02 2.761e+01
|                ( - -8.625e+02 1 0)
|                ( QUESTION2 1 -5.824e+03 1.146e+02 2.361e+01
|                    ( - -1.130e+03 1 0)
|                    ( QUESTION2_6_L -1 -4.580e+03 1.200e+02 1.842e+01
|                        ( - -8.995e+02 1 0)
|                        ( QUESTION4 -1 -3.560e+03 1.104e+02 1.442e+01
|                            ( - -1.323e+03 2 0 WDBNDRY_E 0 9.021e+01 6.000e+00)
|                            ( - -2.127e+03 5 0 QUESTION0 -1 1.105e+02 8.420e+00))))))))
s>    ( QUESTION5 -1 -1.070e+04 1.880e+02 4.461e+01
s>        ( - -7.034e+02 1 0)
s>        ( QUESTION0_19_R 1 -9.807e+03 1.855e+02 4.061e+01
s>            ( - -1.859e+03 1 0)
s>            ( QUESTION0_16_R 1 -7.763e+03 1.325e+02 3.161e+01
s>                ( - -8.203e+02 1 0)
s>                ( QUESTION15 1 -6.810e+03 1.228e+02 2.761e+01
s>                    ( - -8.625e+02 1 0)
s>                    ( QUESTION2 1 -5.824e+03 1.146e+02 2.361e+01
s>                        ( - -1.130e+03 1 0)
s>                        ( QUESTION2_6_L -1 -4.580e+03 1.200e+02 1.842e+01
s>                            ( - -8.995e+02 1 0)
s>                            ( QUESTION4 -1 -3.560e+03 1.104e+02 1.442e+01
s>                                ( - -1.323e+03 2 0 WDBNDRY_E 0 9.021e+01 6.000e+00)
s>                                ( - -2.127e+03 5 0 QUESTION0 -1 1.105e+02 8.420e+00))))))))INFO: dtree.c(1315): Comp split 3
INFO: dtree.c(1478): Final simple tree
|( QUESTION0_19_R 1 -9.807e+03 1.855e+02 4.061e+01
|    ( - -1.859e+03 1 0)
|    ( QUESTION0_16_R 1 -7.763e+03 1.325e+02 3.161e+01
|        ( - -8.203e+02 1 0)
|        ( QUESTION15 1 -6.810e+03 1.228e+02 2.761e+01
|            ( - -8.625e+02 1 0)
|            ( QUESTION2 1 -5.824e+03 1.146e+02 2.361e+01
|                ( - -1.130e+03 1 0)
|                ( QUESTION2_6_L -1 -4.580e+03 1.200e+02 1.842e+01
|                    ( - -8.995e+02 1 0)
|                    ( QUESTION4 -1 -3.560e+03 1.104e+02 1.442e+01
|                        ( - -1.323e+03 2 0 WDBNDRY_E 0 9.021e+01 6.000e+00)
|                        ( QUESTION0 -1 -2.127e+03 1.105e+02 8.420e+00
|                            ( - -6.279e+02 1 0)
|                            ( - -1.389e+03 4 0 WDBNDRY_E 0 7.380e+01 5.420e+00))))))))
s>    ( QUESTION0_19_R 1 -9.807e+03 1.855e+02 4.061e+01
s>        ( - -1.859e+03 1 0)
s>        ( QUESTION0_16_R 1 -7.763e+03 1.325e+02 3.161e+01
s>            ( - -8.203e+02 1 0)
s>            ( QUESTION15 1 -6.810e+03 1.228e+02 2.761e+01
s>                ( - -8.625e+02 1 0)
s>                ( QUESTION2 1 -5.824e+03 1.146e+02 2.361e+01
s>                    ( - -1.130e+03 1 0)
s>                    ( QUESTION2_6_L -1 -4.580e+03 1.200e+02 1.842e+01
s>                        ( - -8.995e+02 1 0)
s>                        ( QUESTION4 -1 -3.560e+03 1.104e+02 1.442e+01
s>                            ( - -1.323e+03 2 0 WDBNDRY_E 0 9.021e+01 6.000e+00)
s>                            ( QUESTION0 -1 -2.127e+03 1.105e+02 8.420e+00
s>                                ( - -6.279e+02 1 0)
s>                                ( - -1.389e+03 4 0 WDBNDRY_E 0 7.380e+01 5.420e+00))))))))INFO: dtree.c(1315): Comp split 4
INFO: dtree.c(1478): Final simple tree
|( QUESTION0_16_R 1 -7.763e+03 1.325e+02 3.161e+01
|    ( - -8.203e+02 1 0)
|    ( QUESTION15 1 -6.810e+03 1.228e+02 2.761e+01
|        ( - -8.625e+02 1 0)
|        ( QUESTION2 1 -5.824e+03 1.146e+02 2.361e+01
|            ( - -1.130e+03 1 0)
|            ( QUESTION2_6_L -1 -4.580e+03 1.200e+02 1.842e+01
|                ( - -8.995e+02 1 0)
|                ( QUESTION4 -1 -3.560e+03 1.104e+02 1.442e+01
|                    ( WDBNDRY_E 0 -1.323e+03 9.021e+01 6.000e+00
|                        ( - -5.964e+02 1 0)
|                        ( - -6.361e+02 1 0))
|                    ( QUESTION0 -1 -2.127e+03 1.105e+02 8.420e+00
|                        ( - -6.279e+02 1 0)
|                        ( - -1.389e+03 4 0 WDBNDRY_E 0 7.380e+01 5.420e+00)))))))
s>    ( QUESTION0_16_R 1 -7.763e+03 1.325e+02 3.161e+01
s>        ( - -8.203e+02 1 0)
s>        ( QUESTION15 1 -6.810e+03 1.228e+02 2.761e+01
s>            ( - -8.625e+02 1 0)
s>            ( QUESTION2 1 -5.824e+03 1.146e+02 2.361e+01
s>                ( - -1.130e+03 1 0)
s>                ( QUESTION2_6_L -1 -4.580e+03 1.200e+02 1.842e+01
s>                    ( - -8.995e+02 1 0)
s>                    ( QUESTION4 -1 -3.560e+03 1.104e+02 1.442e+01
s>                        ( WDBNDRY_E 0 -1.323e+03 9.021e+01 6.000e+00
s>                            ( - -5.964e+02 1 0)
s>                            ( - -6.361e+02 1 0))
s>                        ( QUESTION0 -1 -2.127e+03 1.105e+02 8.420e+00
s>                            ( - -6.279e+02 1 0)
s>                            ( - -1.389e+03 4 0 WDBNDRY_E 0 7.380e+01 5.420e+00)))))))INFO: dtree.c(1315): Comp split 5
INFO: dtree.c(1439): stop. leaf nodes are specific
INFO: dtree.c(1478): Final simple tree
|( QUESTION0_0_R 1 -1.621e+03 8.501e+01 7.000e+00
|    ( - -6.361e+02 1 0)
|    ( - -8.995e+02 1 0))
s>    ( QUESTION0_0_R 1 -1.621e+03 8.501e+01 7.000e+00
s>        ( - -6.361e+02 1 0)
s>        ( - -8.995e+02 1 0))INFO: dtree.c(1478): Final simple tree
|( QUESTION0_16_R 1 -5.988e+03 1.260e+02 2.461e+01
|    ( - -8.203e+02 1 0)
|    ( QUESTION0_0_R 1 -5.042e+03 1.201e+02 2.061e+01
|        ( - -8.625e+02 1 0)
|        ( QUESTION0 -1 -4.059e+03 1.125e+02 1.661e+01
|            ( QUESTION0_9_R 1 -2.558e+03 1.166e+02 1.119e+01
|                ( WDBNDRY_E 0 -1.845e+03 8.711e+01 8.192e+00
|                    ( - -6.279e+02 1 0)
|                    ( - -1.130e+03 1 0))
|                ( - -5.964e+02 1 0))
|            ( WDBNDRY_E 0 -1.389e+03 7.380e+01 5.420e+00
|                ( QUESTION0_13_R 1 -5.226e+02 6.808e+01 2.000e+00
|                    ( - -2.325e+02 1 0)
|                    ( - -2.221e+02 1 0))
|                ( - -7.923e+02 2 0 QUESTION0_9_R 1 5.460e+01 3.420e+00)))))
s>    ( QUESTION0_16_R 1 -5.988e+03 1.260e+02 2.461e+01
s>        ( - -8.203e+02 1 0)
s>        ( QUESTION0_0_R 1 -5.042e+03 1.201e+02 2.061e+01
s>            ( - -8.625e+02 1 0)
s>            ( QUESTION0 -1 -4.059e+03 1.125e+02 1.661e+01
s>                ( QUESTION0_9_R 1 -2.558e+03 1.166e+02 1.119e+01
s>                    ( WDBNDRY_E 0 -1.845e+03 8.711e+01 8.192e+00
s>                        ( - -6.279e+02 1 0)
s>                        ( - -1.130e+03 1 0))
s>                    ( - -5.964e+02 1 0))
s>                ( WDBNDRY_E 0 -1.389e+03 7.380e+01 5.420e+00
s>                    ( QUESTION0_13_R 1 -5.226e+02 6.808e+01 2.000e+00
s>                        ( - -2.325e+02 1 0)
s>                        ( - -2.221e+02 1 0))
s>                    ( - -7.923e+02 2 0 QUESTION0_9_R 1 5.460e+01 3.420e+00)))))INFO: dtree.c(1315): Comp split 6
INFO: dtree.c(1315): Comp split 7
INFO: dtree.c(1439): stop. leaf nodes are specific
INFO: dtree.c(1478): Final simple tree
|( QUESTION0 -1 -4.059e+03 1.125e+02 1.661e+01
|    ( QUESTION0_9_R 1 -2.558e+03 1.166e+02 1.119e+01
|        ( WDBNDRY_E 0 -1.845e+03 8.711e+01 8.192e+00
|            ( - -6.279e+02 1 0)
|            ( - -1.130e+03 1 0))
|        ( - -5.964e+02 1 0))
|    ( WDBNDRY_E 0 -1.389e+03 7.380e+01 5.420e+00
|        ( QUESTION0_13_R 1 -5.226e+02 6.808e+01 2.000e+00
|            ( - -2.325e+02 1 0)
|            ( - -2.221e+02 1 0))
|        ( QUESTION0_9_R 1 -7.923e+02 5.460e+01 3.420e+00
|            ( - -5.089e+02 1 0)
|            ( - -2.288e+02 1 0))))
s>    ( QUESTION0 -1 -4.059e+03 1.125e+02 1.661e+01
s>        ( QUESTION0_9_R 1 -2.558e+03 1.166e+02 1.119e+01
s>            ( WDBNDRY_E 0 -1.845e+03 8.711e+01 8.192e+00
s>                ( - -6.279e+02 1 0)
s>                ( - -1.130e+03 1 0))
s>            ( - -5.964e+02 1 0))
s>        ( WDBNDRY_E 0 -1.389e+03 7.380e+01 5.420e+00
s>            ( QUESTION0_13_R 1 -5.226e+02 6.808e+01 2.000e+00
s>                ( - -2.325e+02 1 0)
s>                ( - -2.221e+02 1 0))
s>            ( QUESTION0_9_R 1 -7.923e+02 5.460e+01 3.420e+00
s>                ( - -5.089e+02 1 0)
s>                ( - -2.288e+02 1 0))))INFO: dtree.c(1439): stop. leaf nodes are specific
INFO: dtree.c(1478): Final simple tree
|( WDBNDRY_E 0 -1.800e+03 1.175e+02 8.000e+00
|    ( - -8.203e+02 1 0)
|    ( - -8.625e+02 1 0))
s>    ( WDBNDRY_E 0 -1.800e+03 1.175e+02 8.000e+00
s>        ( - -8.203e+02 1 0)
s>        ( - -8.625e+02 1 0))INFO: dtree.c(1315): Comp split 8
INFO: dtree.c(1439): stop. leaf nodes are specific
INFO: dtree.c(1478): Final simple tree
|( WDBNDRY_E 0 -1.845e+03 8.711e+01 8.192e+00
|    ( - -6.279e+02 1 0)
|    ( - -1.130e+03 1 0))
s>    ( WDBNDRY_E 0 -1.845e+03 8.711e+01 8.192e+00
s>        ( - -6.279e+02 1 0)
s>        ( - -1.130e+03 1 0))INFO: dtree.c(1439): stop. leaf nodes are specific
INFO: dtree.c(1478): Final simple tree
|( QUESTION0 -1 -2.095e+03 1.101e+02 8.420e+00
|    ( - -5.964e+02 1 0)
|    ( WDBNDRY_E 0 -1.389e+03 7.380e+01 5.420e+00
|        ( QUESTION0_13_R 1 -5.226e+02 6.808e+01 2.000e+00
|            ( - -2.325e+02 1 0)
|            ( - -2.221e+02 1 0))
|        ( QUESTION0_9_R 1 -7.923e+02 5.460e+01 3.420e+00
|            ( - -5.089e+02 1 0)
|            ( - -2.288e+02 1 0))))
s>    ( QUESTION0 -1 -2.095e+03 1.101e+02 8.420e+00
s>        ( - -5.964e+02 1 0)
s>        ( WDBNDRY_E 0 -1.389e+03 7.380e+01 5.420e+00
s>            ( QUESTION0_13_R 1 -5.226e+02 6.808e+01 2.000e+00
s>                ( - -2.325e+02 1 0)
s>                ( - -2.221e+02 1 0))
s>            ( QUESTION0_9_R 1 -7.923e+02 5.460e+01 3.420e+00
s>                ( - -5.089e+02 1 0)
s>                ( - -2.288e+02 1 0))))INFO: dtree.c(1315): Comp split 9
INFO: dtree.c(1315): Comp split 10
INFO: dtree.c(1439): stop. leaf nodes are specific
INFO: dtree.c(1478): Final simple tree
|( WDBNDRY_E 0 -1.389e+03 7.380e+01 5.420e+00
|    ( QUESTION0_13_R 1 -5.226e+02 6.808e+01 2.000e+00
|        ( - -2.325e+02 1 0)
|        ( - -2.221e+02 1 0))
|    ( QUESTION0_9_R 1 -7.923e+02 5.460e+01 3.420e+00
|        ( - -5.089e+02 1 0)
|        ( - -2.288e+02 1 0)))
s>    ( WDBNDRY_E 0 -1.389e+03 7.380e+01 5.420e+00
s>        ( QUESTION0_13_R 1 -5.226e+02 6.808e+01 2.000e+00
s>            ( - -2.325e+02 1 0)
s>            ( - -2.221e+02 1 0))
s>        ( QUESTION0_9_R 1 -7.923e+02 5.460e+01 3.420e+00
s>            ( - -5.089e+02 1 0)
s>            ( - -2.288e+02 1 0)))INFO: dtree.c(1315): Comp split 11
INFO: dtree.c(1315): Comp split 12
INFO: dtree.c(1315): Comp split 13
INFO: dtree.c(1439): stop. leaf nodes are specific
INFO: dtree.c(1478): Final simple tree
|( QUESTION0_9_R 1 -7.923e+02 5.460e+01 3.420e+00
|    ( - -5.089e+02 1 0)
|    ( - -2.288e+02 1 0))
s>    ( QUESTION0_9_R 1 -7.923e+02 5.460e+01 3.420e+00
s>        ( - -5.089e+02 1 0)
s>        ( - -2.288e+02 1 0))INFO: dtree.c(1439): stop. leaf nodes are specific
INFO: dtree.c(1478): Final simple tree
|( QUESTION0_13_R 1 -5.226e+02 6.808e+01 2.000e+00
|    ( - -2.325e+02 1 0)
|    ( - -2.221e+02 1 0))
s>    ( QUESTION0_13_R 1 -5.226e+02 6.808e+01 2.000e+00
s>        ( - -2.325e+02 1 0)
s>        ( - -2.221e+02 1 0))INFO: dtree.c(1315): Comp split 14
INFO: dtree.c(1315): Comp split 15
INFO: dtree.c(1315): Comp split 16
INFO: dtree.c(1318): stop. leaf nodes are specific
Thu May  7 00:23:31 2020
