Current configuration:
[NAME]		[DEFLT]	[VALUE]
-allphones	no	no
-cntthresh	0.00001	1.000000e-05
-csplitmax	100	2000
-csplitmin	1	1
-csplitthr	8e-4	0.000000e+00
-example	no	no
-fullvar	no	no
-help		no	no
-meanfn			/home/abdy/Desktop/diploma/kg/model_parameters/kg.cd_cont_untied/means
-mixwfn			/home/abdy/Desktop/diploma/kg/model_parameters/kg.cd_cont_untied/mixture_weights
-moddeffn		/home/abdy/Desktop/diploma/kg/model_architecture/kg.untied.mdef
-mwfloor	1e-4	1.000000e-08
-phone			ch
-psetfn			/home/abdy/Desktop/diploma/kg/model_architecture/kg.tree_questions
-ssplitmax	5	7
-ssplitmin	1	1
-ssplitthr	8e-4	0.000000e+00
-state			2
-stwt			1.0,0.05,0.0,
-treefn			/home/abdy/Desktop/diploma/kg/trees/kg.unpruned/ch-2.dtree
-ts2cbfn	.semi.	.cont.
-varfloor	0.00001	1.000000e-05
-varfn			/home/abdy/Desktop/diploma/kg/model_parameters/kg.cd_cont_untied/variances

INFO: main.c(223): Reading: /home/abdy/Desktop/diploma/kg/model_architecture/kg.untied.mdef
INFO: model_def_io.c(573): Model definition info:
INFO: model_def_io.c(574): 10297 total models defined (47 base, 10250 tri)
INFO: model_def_io.c(575): 41188 total states
INFO: model_def_io.c(576): 30891 total tied states
INFO: model_def_io.c(577): 141 total tied CI states
INFO: model_def_io.c(578): 47 total tied transition matrices
INFO: model_def_io.c(579): 4 max state/model
INFO: model_def_io.c(580): 4 min state/model
INFO: main.c(242): Building trees for [ch SIL a b] through [ch zh k i]
INFO: main.c(269): Covering states |[3957 4610]| == 654
INFO: main.c(275): Reading: /home/abdy/Desktop/diploma/kg/model_parameters/kg.cd_cont_untied/mixture_weights
INFO: s3mixw_io.c(173): Read /home/abdy/Desktop/diploma/kg/model_parameters/kg.cd_cont_untied/mixture_weights [654x1x1 array]
INFO: main.c(311): 52 of 218 models have observation count greater than 0.000010
INFO: main.c(95): nrm stwt: 0.000 0.048 0.952 
INFO: s3gau_io.c(169): Read /home/abdy/Desktop/diploma/kg/model_parameters/kg.cd_cont_untied/means [30891x1x1 array]
INFO: s3gau_io.c(169): Read /home/abdy/Desktop/diploma/kg/model_parameters/kg.cd_cont_untied/variances [30891x1x1 array]
INFO: main.c(549): Reading: /home/abdy/Desktop/diploma/kg/model_architecture/kg.tree_questions
INFO: main.c(588): 174 total simple questions (166 phone; 8 word bndry)
INFO: main.c(590): 40 Left Only questions, and 42 Right Only questions
INFO: dtree.c(1478): Final simple tree
|( SILENCE 1 -5.817e+04 5.185e+02 2.359e+02
|    ( - -4.572e+03 1 0)
|    ( QUESTION0_11_R 1 -5.308e+04 2.556e+02 2.159e+02
|        ( - -5.251e+03 6 0 WDBNDRY_E 0 1.553e+02 2.229e+01)
|        ( QUESTION0_5_R 1 -4.757e+04 2.031e+02 1.936e+02
|            ( WDBNDRY_E 0 -1.242e+04 4.660e+02 5.159e+01
|                ( - 2.170e+02 1 0)
|                ( QUESTION0 -1 -1.217e+04 1.809e+02 5.059e+01
|                    ( - -5.039e+02 1 0)
|                    ( - -1.148e+04 11 0 QUESTION0_6_R 1 1.513e+02 4.759e+01)))
|            ( QUESTION11 1 -3.495e+04 1.889e+02 1.420e+02
|                ( - -9.525e+03 9 0 QUESTION16 -1 1.330e+02 3.927e+01)
|                ( QUESTION0_3_R 1 -2.523e+04 1.681e+02 1.028e+02
|                    ( - -8.652e+03 5 0 WDBNDRY_B 0 1.633e+02 3.639e+01)
|                    ( - -1.641e+04 18 0 QUESTION14 -1 2.055e+02 6.636e+01))))))
s>    ( SILENCE 1 -5.817e+04 5.185e+02 2.359e+02
s>        ( - -4.572e+03 1 0)
s>        ( QUESTION0_11_R 1 -5.308e+04 2.556e+02 2.159e+02
s>            ( - -5.251e+03 6 0 WDBNDRY_E 0 1.553e+02 2.229e+01)
s>            ( QUESTION0_5_R 1 -4.757e+04 2.031e+02 1.936e+02
s>                ( WDBNDRY_E 0 -1.242e+04 4.660e+02 5.159e+01
s>                    ( - 2.170e+02 1 0)
s>                    ( QUESTION0 -1 -1.217e+04 1.809e+02 5.059e+01
s>                        ( - -5.039e+02 1 0)
s>                        ( - -1.148e+04 11 0 QUESTION0_6_R 1 1.513e+02 4.759e+01)))
s>                ( QUESTION11 1 -3.495e+04 1.889e+02 1.420e+02
s>                    ( - -9.525e+03 9 0 QUESTION16 -1 1.330e+02 3.927e+01)
s>                    ( QUESTION0_3_R 1 -2.523e+04 1.681e+02 1.028e+02
s>                        ( - -8.652e+03 5 0 WDBNDRY_B 0 1.633e+02 3.639e+01)
s>                        ( - -1.641e+04 18 0 QUESTION14 -1 2.055e+02 6.636e+01))))))INFO: dtree.c(1315): Comp split 0
INFO: dtree.c(1478): Final simple tree
|( QUESTION0_5_R 1 -4.757e+04 2.031e+02 1.936e+02
|    ( WDBNDRY_E 0 -1.242e+04 4.660e+02 5.159e+01
|        ( - 2.170e+02 1 0)
|        ( QUESTION0 -1 -1.217e+04 1.809e+02 5.059e+01
|            ( - -5.039e+02 1 0)
|            ( - -1.148e+04 11 0 QUESTION0_6_R 1 1.513e+02 4.759e+01)))
|    ( QUESTION11 1 -3.495e+04 1.889e+02 1.420e+02
|        ( - -9.525e+03 9 0 QUESTION16 -1 1.330e+02 3.927e+01)
|        ( QUESTION0_3_R 1 -2.523e+04 1.681e+02 1.028e+02
|            ( WDBNDRY_B 0 -8.652e+03 1.633e+02 3.639e+01
|                ( - -5.161e+02 1 0)
|                ( - -7.973e+03 4 0 QUESTION13 -1 1.293e+02 3.339e+01))
|            ( QUESTION14 -1 -1.641e+04 2.055e+02 6.636e+01
|                ( - -7.311e+02 1 0)
|                ( - -1.548e+04 17 0 QUESTION0 1 1.607e+02 6.236e+01)))))
s>    ( QUESTION0_5_R 1 -4.757e+04 2.031e+02 1.936e+02
s>        ( WDBNDRY_E 0 -1.242e+04 4.660e+02 5.159e+01
s>            ( - 2.170e+02 1 0)
s>            ( QUESTION0 -1 -1.217e+04 1.809e+02 5.059e+01
s>                ( - -5.039e+02 1 0)
s>                ( - -1.148e+04 11 0 QUESTION0_6_R 1 1.513e+02 4.759e+01)))
s>        ( QUESTION11 1 -3.495e+04 1.889e+02 1.420e+02
s>            ( - -9.525e+03 9 0 QUESTION16 -1 1.330e+02 3.927e+01)
s>            ( QUESTION0_3_R 1 -2.523e+04 1.681e+02 1.028e+02
s>                ( WDBNDRY_B 0 -8.652e+03 1.633e+02 3.639e+01
s>                    ( - -5.161e+02 1 0)
s>                    ( - -7.973e+03 4 0 QUESTION13 -1 1.293e+02 3.339e+01))
s>                ( QUESTION14 -1 -1.641e+04 2.055e+02 6.636e+01
s>                    ( - -7.311e+02 1 0)
s>                    ( - -1.548e+04 17 0 QUESTION0 1 1.607e+02 6.236e+01)))))INFO: dtree.c(1439): stop. leaf nodes are specific
INFO: dtree.c(1478): Final simple tree
|( SILENCE 1 -1.007e+04 2.446e+02 4.230e+01
|    ( - -4.572e+03 1 0)
|    ( WDBNDRY_E 0 -5.251e+03 1.553e+02 2.229e+01
|        ( QUESTION0_13_R 1 -2.230e+03 1.003e+02 9.310e+00
|            ( - -4.644e+02 1 0)
|            ( - -1.666e+03 2 0))
|        ( QUESTION0_13_R 1 -2.865e+03 1.023e+02 1.298e+01
|            ( QUESTION0 -1 -2.338e+03 8.602e+01 1.099e+01
|                ( - -5.812e+02 1 0)
|                ( - -1.671e+03 1 0))
|            ( - -4.249e+02 1 0))))
s>    ( SILENCE 1 -1.007e+04 2.446e+02 4.230e+01
s>        ( - -4.572e+03 1 0)
s>        ( WDBNDRY_E 0 -5.251e+03 1.553e+02 2.229e+01
s>            ( QUESTION0_13_R 1 -2.230e+03 1.003e+02 9.310e+00
s>                ( - -4.644e+02 1 0)
s>                ( - -1.666e+03 2 0))
s>            ( QUESTION0_13_R 1 -2.865e+03 1.023e+02 1.298e+01
s>                ( QUESTION0 -1 -2.338e+03 8.602e+01 1.099e+01
s>                    ( - -5.812e+02 1 0)
s>                    ( - -1.671e+03 1 0))
s>                ( - -4.249e+02 1 0))))INFO: dtree.c(1315): Comp split 1
INFO: dtree.c(1478): Final simple tree
|( QUESTION0_5_R 1 -4.732e+04 1.995e+02 1.926e+02
|    ( QUESTION0 -1 -1.217e+04 1.809e+02 5.059e+01
|        ( - -5.039e+02 1 0)
|        ( - -1.148e+04 11 0 QUESTION0_6_R 1 1.513e+02 4.759e+01))
|    ( QUESTION11 1 -3.495e+04 1.889e+02 1.420e+02
|        ( - -9.525e+03 9 0 QUESTION16 -1 1.330e+02 3.927e+01)
|        ( QUESTION0_3_R 1 -2.523e+04 1.681e+02 1.028e+02
|            ( WDBNDRY_B 0 -8.652e+03 1.633e+02 3.639e+01
|                ( - -5.161e+02 1 0)
|                ( - -7.973e+03 4 0 QUESTION13 -1 1.293e+02 3.339e+01))
|            ( QUESTION14 -1 -1.641e+04 2.055e+02 6.636e+01
|                ( - -7.311e+02 1 0)
|                ( QUESTION0 1 -1.548e+04 1.607e+02 6.236e+01
|                    ( - -3.329e+02 1 0)
|                    ( - -1.498e+04 16 0 QUESTION0_20_R 1 1.424e+02 6.036e+01))))))
s>    ( QUESTION0_5_R 1 -4.732e+04 1.995e+02 1.926e+02
s>        ( QUESTION0 -1 -1.217e+04 1.809e+02 5.059e+01
s>            ( - -5.039e+02 1 0)
s>            ( - -1.148e+04 11 0 QUESTION0_6_R 1 1.513e+02 4.759e+01))
s>        ( QUESTION11 1 -3.495e+04 1.889e+02 1.420e+02
s>            ( - -9.525e+03 9 0 QUESTION16 -1 1.330e+02 3.927e+01)
s>            ( QUESTION0_3_R 1 -2.523e+04 1.681e+02 1.028e+02
s>                ( WDBNDRY_B 0 -8.652e+03 1.633e+02 3.639e+01
s>                    ( - -5.161e+02 1 0)
s>                    ( - -7.973e+03 4 0 QUESTION13 -1 1.293e+02 3.339e+01))
s>                ( QUESTION14 -1 -1.641e+04 2.055e+02 6.636e+01
s>                    ( - -7.311e+02 1 0)
s>                    ( QUESTION0 1 -1.548e+04 1.607e+02 6.236e+01
s>                        ( - -3.329e+02 1 0)
s>                        ( - -1.498e+04 16 0 QUESTION0_20_R 1 1.424e+02 6.036e+01))))))INFO: dtree.c(1315): Comp split 2
INFO: dtree.c(1439): stop. leaf nodes are specific
INFO: dtree.c(1478): Final simple tree
|( QUESTION0_3_R 1 -9.559e+03 1.754e+02 4.039e+01
|    ( WDBNDRY_B 0 -8.652e+03 1.633e+02 3.639e+01
|        ( - -5.161e+02 1 0)
|        ( QUESTION13 -1 -7.973e+03 1.293e+02 3.339e+01
|            ( - -5.084e+03 2 0)
|            ( QUESTION11 -1 -2.760e+03 9.184e+01 1.240e+01
|                ( - -9.477e+02 1 0)
|                ( - -1.720e+03 1 0))))
|    ( - -7.311e+02 1 0))
s>    ( QUESTION0_3_R 1 -9.559e+03 1.754e+02 4.039e+01
s>        ( WDBNDRY_B 0 -8.652e+03 1.633e+02 3.639e+01
s>            ( - -5.161e+02 1 0)
s>            ( QUESTION13 -1 -7.973e+03 1.293e+02 3.339e+01
s>                ( - -5.084e+03 2 0)
s>                ( QUESTION11 -1 -2.760e+03 9.184e+01 1.240e+01
s>                    ( - -9.477e+02 1 0)
s>                    ( - -1.720e+03 1 0))))
s>        ( - -7.311e+02 1 0))INFO: dtree.c(1478): Final simple tree
|( QUESTION0_5_R 1 -3.750e+04 1.732e+02 1.522e+02
|    ( QUESTION0 -1 -1.217e+04 1.809e+02 5.059e+01
|        ( - -5.039e+02 1 0)
|        ( QUESTION0_6_R 1 -1.148e+04 1.513e+02 4.759e+01
|            ( - -6.916e+03 9 0 QUESTION14 -1 1.303e+02 2.843e+01)
|            ( - -4.418e+03 2 0 QUESTION13 -1 1.176e+02 1.916e+01)))
|    ( QUESTION0 1 -2.516e+04 1.614e+02 1.016e+02
|        ( - -3.329e+02 1 0)
|        ( QUESTION0_20_R 1 -2.466e+04 1.556e+02 9.963e+01
|            ( - -1.378e+03 1 0)
|            ( QUESTION0_8_R 1 -2.313e+04 1.452e+02 9.363e+01
|                ( - -5.776e+02 1 0)
|                ( QUESTION16 -1 -2.240e+04 1.378e+02 9.063e+01
|                    ( - -3.627e+02 1 0)
|                    ( - -2.190e+04 22 0 QUESTION0_3_R 1 1.299e+02 8.863e+01))))))
s>    ( QUESTION0_5_R 1 -3.750e+04 1.732e+02 1.522e+02
s>        ( QUESTION0 -1 -1.217e+04 1.809e+02 5.059e+01
s>            ( - -5.039e+02 1 0)
s>            ( QUESTION0_6_R 1 -1.148e+04 1.513e+02 4.759e+01
s>                ( - -6.916e+03 9 0 QUESTION14 -1 1.303e+02 2.843e+01)
s>                ( - -4.418e+03 2 0 QUESTION13 -1 1.176e+02 1.916e+01)))
s>        ( QUESTION0 1 -2.516e+04 1.614e+02 1.016e+02
s>            ( - -3.329e+02 1 0)
s>            ( QUESTION0_20_R 1 -2.466e+04 1.556e+02 9.963e+01
s>                ( - -1.378e+03 1 0)
s>                ( QUESTION0_8_R 1 -2.313e+04 1.452e+02 9.363e+01
s>                    ( - -5.776e+02 1 0)
s>                    ( QUESTION16 -1 -2.240e+04 1.378e+02 9.063e+01
s>                        ( - -3.627e+02 1 0)
s>                        ( - -2.190e+04 22 0 QUESTION0_3_R 1 1.299e+02 8.863e+01))))))INFO: dtree.c(1315): Comp split 3
INFO: dtree.c(1439): stop. leaf nodes are specific
INFO: dtree.c(1478): Final simple tree
|( WDBNDRY_E 0 -5.251e+03 1.553e+02 2.229e+01
|    ( QUESTION0_13_R 1 -2.230e+03 1.003e+02 9.310e+00
|        ( - -4.644e+02 1 0)
|        ( - -1.666e+03 2 0))
|    ( QUESTION0_13_R 1 -2.865e+03 1.023e+02 1.298e+01
|        ( QUESTION0 -1 -2.338e+03 8.602e+01 1.099e+01
|            ( - -5.812e+02 1 0)
|            ( - -1.671e+03 1 0))
|        ( - -4.249e+02 1 0)))
s>    ( WDBNDRY_E 0 -5.251e+03 1.553e+02 2.229e+01
s>        ( QUESTION0_13_R 1 -2.230e+03 1.003e+02 9.310e+00
s>            ( - -4.644e+02 1 0)
s>            ( - -1.666e+03 2 0))
s>        ( QUESTION0_13_R 1 -2.865e+03 1.023e+02 1.298e+01
s>            ( QUESTION0 -1 -2.338e+03 8.602e+01 1.099e+01
s>                ( - -5.812e+02 1 0)
s>                ( - -1.671e+03 1 0))
s>            ( - -4.249e+02 1 0)))INFO: dtree.c(1315): Comp split 4
INFO: dtree.c(1439): stop. leaf nodes are specific
INFO: dtree.c(1478): Final simple tree
|( QUESTION0_6_R 1 -5.821e+03 1.762e+02 2.516e+01
|    ( - -5.039e+02 1 0)
|    ( WDBNDRY_E 0 -5.141e+03 1.452e+02 2.216e+01
|        ( - -5.776e+02 1 0)
|        ( QUESTION13 -1 -4.418e+03 1.176e+02 1.916e+01
|            ( - -1.922e+03 1 0)
|            ( - -2.379e+03 1 0))))
s>    ( QUESTION0_6_R 1 -5.821e+03 1.762e+02 2.516e+01
s>        ( - -5.039e+02 1 0)
s>        ( WDBNDRY_E 0 -5.141e+03 1.452e+02 2.216e+01
s>            ( - -5.776e+02 1 0)
s>            ( QUESTION13 -1 -4.418e+03 1.176e+02 1.916e+01
s>                ( - -1.922e+03 1 0)
s>                ( - -2.379e+03 1 0))))INFO: dtree.c(1478): Final simple tree
|( QUESTION0 1 -3.148e+04 1.640e+02 1.271e+02
|    ( - -3.329e+02 1 0)
|    ( QUESTION0_8_R 1 -3.098e+04 1.625e+02 1.251e+02
|        ( - -1.378e+03 1 0)
|        ( QUESTION16 -1 -2.944e+04 1.377e+02 1.191e+02
|            ( - -3.627e+02 1 0)
|            ( QUESTION14 -1 -2.894e+04 1.324e+02 1.171e+02
|                ( - -1.078e+03 2 0)
|                ( QUESTION0_7_R 1 -2.773e+04 1.280e+02 1.121e+02
|                    ( - -1.222e+04 13 0 QUESTION2_2_L -1 1.082e+02 4.936e+01)
|                    ( QUESTION0_4_R 1 -1.539e+04 1.176e+02 6.270e+01
|                        ( - -5.708e+03 7 0 WDBNDRY_B 0 1.119e+02 2.343e+01)
|                        ( QUESTION13 -1 -9.563e+03 1.253e+02 3.927e+01
|                            ( - -4.717e+03 2 0 WDBNDRY_B 0 9.909e+01 2.032e+01)
|                            ( - -4.721e+03 7 0 QUESTION0 -1 9.999e+01 1.895e+01))))))))
s>    ( QUESTION0 1 -3.148e+04 1.640e+02 1.271e+02
s>        ( - -3.329e+02 1 0)
s>        ( QUESTION0_8_R 1 -3.098e+04 1.625e+02 1.251e+02
s>            ( - -1.378e+03 1 0)
s>            ( QUESTION16 -1 -2.944e+04 1.377e+02 1.191e+02
s>                ( - -3.627e+02 1 0)
s>                ( QUESTION14 -1 -2.894e+04 1.324e+02 1.171e+02
s>                    ( - -1.078e+03 2 0)
s>                    ( QUESTION0_7_R 1 -2.773e+04 1.280e+02 1.121e+02
s>                        ( - -1.222e+04 13 0 QUESTION2_2_L -1 1.082e+02 4.936e+01)
s>                        ( QUESTION0_4_R 1 -1.539e+04 1.176e+02 6.270e+01
s>                            ( - -5.708e+03 7 0 WDBNDRY_B 0 1.119e+02 2.343e+01)
s>                            ( QUESTION13 -1 -9.563e+03 1.253e+02 3.927e+01
s>                                ( - -4.717e+03 2 0 WDBNDRY_B 0 9.909e+01 2.032e+01)
s>                                ( - -4.721e+03 7 0 QUESTION0 -1 9.999e+01 1.895e+01))))))))INFO: dtree.c(1315): Comp split 5
INFO: dtree.c(1439): stop. leaf nodes are specific
INFO: dtree.c(1478): Final simple tree
|( WDBNDRY_E 0 -5.141e+03 1.452e+02 2.216e+01
|    ( - -5.776e+02 1 0)
|    ( QUESTION13 -1 -4.418e+03 1.176e+02 1.916e+01
|        ( - -1.922e+03 1 0)
|        ( - -2.379e+03 1 0)))
s>    ( WDBNDRY_E 0 -5.141e+03 1.452e+02 2.216e+01
s>        ( - -5.776e+02 1 0)
s>        ( QUESTION13 -1 -4.418e+03 1.176e+02 1.916e+01
s>            ( - -1.922e+03 1 0)
s>            ( - -2.379e+03 1 0)))INFO: dtree.c(1315): Comp split 6
INFO: dtree.c(1439): stop. leaf nodes are specific
INFO: dtree.c(1478): Final simple tree
|( WDBNDRY_B 0 -8.652e+03 1.633e+02 3.639e+01
|    ( - -5.161e+02 1 0)
|    ( QUESTION13 -1 -7.973e+03 1.293e+02 3.339e+01
|        ( - -5.084e+03 2 0)
|        ( QUESTION11 -1 -2.760e+03 9.184e+01 1.240e+01
|            ( - -9.477e+02 1 0)
|            ( - -1.720e+03 1 0))))
s>    ( WDBNDRY_B 0 -8.652e+03 1.633e+02 3.639e+01
s>        ( - -5.161e+02 1 0)
s>        ( QUESTION13 -1 -7.973e+03 1.293e+02 3.339e+01
s>            ( - -5.084e+03 2 0)
s>            ( QUESTION11 -1 -2.760e+03 9.184e+01 1.240e+01
s>                ( - -9.477e+02 1 0)
s>                ( - -1.720e+03 1 0))))INFO: dtree.c(1315): Comp split 7
INFO: dtree.c(1439): stop. leaf nodes are specific
INFO: dtree.c(1478): Final simple tree
|( QUESTION0 -1 -2.338e+03 8.602e+01 1.099e+01
|    ( - -5.812e+02 1 0)
|    ( - -1.671e+03 1 0))
s>    ( QUESTION0 -1 -2.338e+03 8.602e+01 1.099e+01
s>        ( - -5.812e+02 1 0)
s>        ( - -1.671e+03 1 0))INFO: dtree.c(1439): stop. leaf nodes are specific
INFO: dtree.c(1478): Final simple tree
|( QUESTION0_13_R 1 -2.738e+03 9.403e+01 1.130e+01
|    ( - -4.644e+02 1 0)
|    ( WDBNDRY_E 0 -2.179e+03 8.877e+01 9.301e+00
|        ( - -1.666e+03 2 0)
|        ( - -4.249e+02 1 0)))
s>    ( QUESTION0_13_R 1 -2.738e+03 9.403e+01 1.130e+01
s>        ( - -4.644e+02 1 0)
s>        ( WDBNDRY_E 0 -2.179e+03 8.877e+01 9.301e+00
s>            ( - -1.666e+03 2 0)
s>            ( - -4.249e+02 1 0)))INFO: dtree.c(1315): Comp split 8
INFO: dtree.c(1439): stop. leaf nodes are specific
INFO: dtree.c(1478): Final simple tree
|( WDBNDRY_E 0 -7.432e+03 1.471e+02 3.132e+01
|    ( - -1.378e+03 1 0)
|    ( QUESTION0_3_R 1 -5.906e+03 1.123e+02 2.532e+01
|        ( WDBNDRY_B 0 -4.717e+03 9.909e+01 2.032e+01
|            ( - -6.453e+02 1 0)
|            ( - -3.972e+03 1 0))
|        ( - -1.078e+03 2 0)))
s>    ( WDBNDRY_E 0 -7.432e+03 1.471e+02 3.132e+01
s>        ( - -1.378e+03 1 0)
s>        ( QUESTION0_3_R 1 -5.906e+03 1.123e+02 2.532e+01
s>            ( WDBNDRY_B 0 -4.717e+03 9.909e+01 2.032e+01
s>                ( - -6.453e+02 1 0)
s>                ( - -3.972e+03 1 0))
s>            ( - -1.078e+03 2 0)))INFO: dtree.c(1478): Final simple tree
|( QUESTION0_8_R 1 -2.388e+04 1.639e+02 9.573e+01
|    ( - -3.329e+02 1 0)
|    ( QUESTION16 -1 -2.338e+04 1.379e+02 9.373e+01
|        ( - -3.627e+02 1 0)
|        ( QUESTION0_5_R 1 -2.288e+04 1.272e+02 9.173e+01
|            ( WDBNDRY_B 0 -5.708e+03 1.119e+02 2.343e+01
|                ( - -3.155e+03 4 0 QUESTION12 -1 8.809e+01 1.342e+01)
|                ( - -2.441e+03 3 0 QUESTION13 -1 9.491e+01 1.001e+01))
|            ( QUESTION0_3_R 1 -1.704e+04 1.180e+02 6.831e+01
|                ( - -4.179e+03 6 0 QUESTION11 -1 1.008e+02 1.695e+01)
|                ( QUESTION2_2_L -1 -1.275e+04 1.087e+02 5.136e+01
|                    ( - -6.063e+02 1 0)
|                    ( QUESTION2_14_L -1 -1.203e+04 1.066e+02 4.837e+01
|                        ( - -4.180e+02 1 0)
|                        ( - -1.151e+04 12 0 QUESTION11 -1 1.025e+02 4.637e+01)))))))
s>    ( QUESTION0_8_R 1 -2.388e+04 1.639e+02 9.573e+01
s>        ( - -3.329e+02 1 0)
s>        ( QUESTION16 -1 -2.338e+04 1.379e+02 9.373e+01
s>            ( - -3.627e+02 1 0)
s>            ( QUESTION0_5_R 1 -2.288e+04 1.272e+02 9.173e+01
s>                ( WDBNDRY_B 0 -5.708e+03 1.119e+02 2.343e+01
s>                    ( - -3.155e+03 4 0 QUESTION12 -1 8.809e+01 1.342e+01)
s>                    ( - -2.441e+03 3 0 QUESTION13 -1 9.491e+01 1.001e+01))
s>                ( QUESTION0_3_R 1 -1.704e+04 1.180e+02 6.831e+01
s>                    ( - -4.179e+03 6 0 QUESTION11 -1 1.008e+02 1.695e+01)
s>                    ( QUESTION2_2_L -1 -1.275e+04 1.087e+02 5.136e+01
s>                        ( - -6.063e+02 1 0)
s>                        ( QUESTION2_14_L -1 -1.203e+04 1.066e+02 4.837e+01
s>                            ( - -4.180e+02 1 0)
s>                            ( - -1.151e+04 12 0 QUESTION11 -1 1.025e+02 4.637e+01)))))))INFO: dtree.c(1315): Comp split 9
INFO: dtree.c(1478): Final simple tree
|( QUESTION16 -1 -2.338e+04 1.379e+02 9.373e+01
|    ( - -3.627e+02 1 0)
|    ( QUESTION0_5_R 1 -2.288e+04 1.272e+02 9.173e+01
|        ( WDBNDRY_B 0 -5.708e+03 1.119e+02 2.343e+01
|            ( - -3.155e+03 4 0 QUESTION12 -1 8.809e+01 1.342e+01)
|            ( - -2.441e+03 3 0 QUESTION13 -1 9.491e+01 1.001e+01))
|        ( QUESTION0_3_R 1 -1.704e+04 1.180e+02 6.831e+01
|            ( - -4.179e+03 6 0 QUESTION11 -1 1.008e+02 1.695e+01)
|            ( QUESTION2_2_L -1 -1.275e+04 1.087e+02 5.136e+01
|                ( - -6.063e+02 1 0)
|                ( QUESTION2_14_L -1 -1.203e+04 1.066e+02 4.837e+01
|                    ( - -4.180e+02 1 0)
|                    ( QUESTION11 -1 -1.151e+04 1.025e+02 4.637e+01
|                        ( - -2.313e+03 2 0)
|                        ( - -9.090e+03 10 0 WDBNDRY_B 0 1.003e+02 3.637e+01)))))))
s>    ( QUESTION16 -1 -2.338e+04 1.379e+02 9.373e+01
s>        ( - -3.627e+02 1 0)
s>        ( QUESTION0_5_R 1 -2.288e+04 1.272e+02 9.173e+01
s>            ( WDBNDRY_B 0 -5.708e+03 1.119e+02 2.343e+01
s>                ( - -3.155e+03 4 0 QUESTION12 -1 8.809e+01 1.342e+01)
s>                ( - -2.441e+03 3 0 QUESTION13 -1 9.491e+01 1.001e+01))
s>            ( QUESTION0_3_R 1 -1.704e+04 1.180e+02 6.831e+01
s>                ( - -4.179e+03 6 0 QUESTION11 -1 1.008e+02 1.695e+01)
s>                ( QUESTION2_2_L -1 -1.275e+04 1.087e+02 5.136e+01
s>                    ( - -6.063e+02 1 0)
s>                    ( QUESTION2_14_L -1 -1.203e+04 1.066e+02 4.837e+01
s>                        ( - -4.180e+02 1 0)
s>                        ( QUESTION11 -1 -1.151e+04 1.025e+02 4.637e+01
s>                            ( - -2.313e+03 2 0)
s>                            ( - -9.090e+03 10 0 WDBNDRY_B 0 1.003e+02 3.637e+01)))))))INFO: dtree.c(1315): Comp split 10
INFO: dtree.c(1439): stop. leaf nodes are specific
INFO: dtree.c(1478): Final simple tree
|( QUESTION13 -1 -7.973e+03 1.293e+02 3.339e+01
|    ( - -5.084e+03 2 0)
|    ( QUESTION11 -1 -2.760e+03 9.184e+01 1.240e+01
|        ( - -9.477e+02 1 0)
|        ( - -1.720e+03 1 0)))
s>    ( QUESTION13 -1 -7.973e+03 1.293e+02 3.339e+01
s>        ( - -5.084e+03 2 0)
s>        ( QUESTION11 -1 -2.760e+03 9.184e+01 1.240e+01
s>            ( - -9.477e+02 1 0)
s>            ( - -1.720e+03 1 0)))INFO: dtree.c(1315): Comp split 11
INFO: dtree.c(1439): stop. leaf nodes are specific
INFO: dtree.c(1478): Final simple tree
|( WDBNDRY_B 0 -5.163e+03 1.135e+02 2.232e+01
|    ( - -1.078e+03 2 0)
|    ( - -3.972e+03 1 0))
s>    ( WDBNDRY_B 0 -5.163e+03 1.135e+02 2.232e+01
s>        ( - -1.078e+03 2 0)
s>        ( - -3.972e+03 1 0))INFO: dtree.c(1439): stop. leaf nodes are specific
INFO: dtree.c(1478): Final simple tree
|( WDBNDRY_B 0 -2.109e+03 8.587e+01 9.000e+00
|    ( - -6.453e+02 1 0)
|    ( - -1.378e+03 1 0))
s>    ( WDBNDRY_B 0 -2.109e+03 8.587e+01 9.000e+00
s>        ( - -6.453e+02 1 0)
s>        ( - -1.378e+03 1 0))INFO: dtree.c(1315): Comp split 12
INFO: dtree.c(1478): Final simple tree
|( QUESTION0_3_R 1 -1.581e+04 1.205e+02 6.332e+01
|    ( QUESTION11 -1 -4.179e+03 1.008e+02 1.695e+01
|        ( - -1.619e+03 2 0 WDBNDRY_B 0 8.984e+01 6.946e+00)
|        ( WDBNDRY_B 0 -2.460e+03 1.261e+02 1.000e+01
|            ( - -5.952e+02 1 0)
|            ( QUESTION0 -1 -1.739e+03 1.006e+02 7.004e+00
|                ( - -6.812e+02 1 0)
|                ( - -9.567e+02 2 0))))
|    ( QUESTION11 -1 -1.151e+04 1.025e+02 4.637e+01
|        ( - -2.313e+03 2 0)
|        ( WDBNDRY_B 0 -9.090e+03 1.003e+02 3.637e+01
|            ( - -2.721e+03 4 0 QUESTION13 -1 8.988e+01 1.098e+01)
|            ( QUESTION9 -1 -6.269e+03 9.092e+01 2.539e+01
|                ( - -2.288e+03 1 0)
|                ( - -3.890e+03 5 0 QUESTION19 -1 9.094e+01 1.540e+01)))))
s>    ( QUESTION0_3_R 1 -1.581e+04 1.205e+02 6.332e+01
s>        ( QUESTION11 -1 -4.179e+03 1.008e+02 1.695e+01
s>            ( - -1.619e+03 2 0 WDBNDRY_B 0 8.984e+01 6.946e+00)
s>            ( WDBNDRY_B 0 -2.460e+03 1.261e+02 1.000e+01
s>                ( - -5.952e+02 1 0)
s>                ( QUESTION0 -1 -1.739e+03 1.006e+02 7.004e+00
s>                    ( - -6.812e+02 1 0)
s>                    ( - -9.567e+02 2 0))))
s>        ( QUESTION11 -1 -1.151e+04 1.025e+02 4.637e+01
s>            ( - -2.313e+03 2 0)
s>            ( WDBNDRY_B 0 -9.090e+03 1.003e+02 3.637e+01
s>                ( - -2.721e+03 4 0 QUESTION13 -1 8.988e+01 1.098e+01)
s>                ( QUESTION9 -1 -6.269e+03 9.092e+01 2.539e+01
s>                    ( - -2.288e+03 1 0)
s>                    ( - -3.890e+03 5 0 QUESTION19 -1 9.094e+01 1.540e+01)))))INFO: dtree.c(1478): Final simple tree
|( QUESTION0_3_R 1 -7.423e+03 1.375e+02 3.042e+01
|    ( - -3.627e+02 1 0)
|    ( WDBNDRY_B 0 -6.923e+03 1.061e+02 2.842e+01
|        ( QUESTION12 -1 -3.155e+03 8.809e+01 1.342e+01
|            ( - -1.321e+03 2 0)
|            ( SILENCE -1 -1.746e+03 6.971e+01 7.518e+00
|                ( - -4.123e+02 1 0)
|                ( - -1.264e+03 1 0)))
|        ( QUESTION2_1_L -1 -3.662e+03 1.031e+02 1.500e+01
|            ( - -6.063e+02 1 0)
|            ( QUESTION0_5_R 1 -2.952e+03 9.349e+01 1.201e+01
|                ( QUESTION13 -1 -2.441e+03 9.491e+01 1.001e+01
|                    ( - -4.157e+02 1 0)
|                    ( - -1.930e+03 2 0))
|                ( - -4.180e+02 1 0)))))
s>    ( QUESTION0_3_R 1 -7.423e+03 1.375e+02 3.042e+01
s>        ( - -3.627e+02 1 0)
s>        ( WDBNDRY_B 0 -6.923e+03 1.061e+02 2.842e+01
s>            ( QUESTION12 -1 -3.155e+03 8.809e+01 1.342e+01
s>                ( - -1.321e+03 2 0)
s>                ( SILENCE -1 -1.746e+03 6.971e+01 7.518e+00
s>                    ( - -4.123e+02 1 0)
s>                    ( - -1.264e+03 1 0)))
s>            ( QUESTION2_1_L -1 -3.662e+03 1.031e+02 1.500e+01
s>                ( - -6.063e+02 1 0)
s>                ( QUESTION0_5_R 1 -2.952e+03 9.349e+01 1.201e+01
s>                    ( QUESTION13 -1 -2.441e+03 9.491e+01 1.001e+01
s>                        ( - -4.157e+02 1 0)
s>                        ( - -1.930e+03 2 0))
s>                    ( - -4.180e+02 1 0)))))INFO: dtree.c(1315): Comp split 13
INFO: dtree.c(1439): stop. leaf nodes are specific
INFO: dtree.c(1478): Final simple tree
|( QUESTION13 -1 -4.418e+03 1.176e+02 1.916e+01
|    ( - -1.922e+03 1 0)
|    ( - -2.379e+03 1 0))
s>    ( QUESTION13 -1 -4.418e+03 1.176e+02 1.916e+01
s>        ( - -1.922e+03 1 0)
s>        ( - -2.379e+03 1 0))INFO: dtree.c(1315): Comp split 14
INFO: dtree.c(1439): stop. leaf nodes are specific
INFO: dtree.c(1478): Final simple tree
|( WDBNDRY_B 0 -1.379e+03 1.025e+02 6.004e+00
|    ( - -5.952e+02 1 0)
|    ( - -6.812e+02 1 0))
s>    ( WDBNDRY_B 0 -1.379e+03 1.025e+02 6.004e+00
s>        ( - -5.952e+02 1 0)
s>        ( - -6.812e+02 1 0))INFO: dtree.c(1478): Final simple tree
|( QUESTION9 -1 -1.429e+04 9.865e+01 5.731e+01
|    ( - -2.288e+03 1 0)
|    ( QUESTION0_4_R 1 -1.190e+04 9.819e+01 4.732e+01
|        ( QUESTION19 -1 -8.587e+03 1.048e+02 3.438e+01
|            ( - -3.038e+03 3 0 WDBNDRY_B 0 8.167e+01 1.241e+01)
|            ( QUESTION11 -1 -5.444e+03 1.039e+02 2.197e+01
|                ( - -2.313e+03 2 0)
|                ( - -3.027e+03 5 0 QUESTION1 -1 7.494e+01 1.198e+01)))
|        ( QUESTION11 -1 -3.214e+03 9.496e+01 1.294e+01
|            ( WDBNDRY_B 0 -1.619e+03 8.984e+01 6.946e+00
|                ( - -4.187e+02 1 0)
|                ( - -1.110e+03 1 0))
|            ( WDBNDRY_E 0 -1.500e+03 9.866e+01 5.996e+00
|                ( - -4.449e+02 1 0)
|                ( - -9.567e+02 2 0)))))
s>    ( QUESTION9 -1 -1.429e+04 9.865e+01 5.731e+01
s>        ( - -2.288e+03 1 0)
s>        ( QUESTION0_4_R 1 -1.190e+04 9.819e+01 4.732e+01
s>            ( QUESTION19 -1 -8.587e+03 1.048e+02 3.438e+01
s>                ( - -3.038e+03 3 0 WDBNDRY_B 0 8.167e+01 1.241e+01)
s>                ( QUESTION11 -1 -5.444e+03 1.039e+02 2.197e+01
s>                    ( - -2.313e+03 2 0)
s>                    ( - -3.027e+03 5 0 QUESTION1 -1 7.494e+01 1.198e+01)))
s>            ( QUESTION11 -1 -3.214e+03 9.496e+01 1.294e+01
s>                ( WDBNDRY_B 0 -1.619e+03 8.984e+01 6.946e+00
s>                    ( - -4.187e+02 1 0)
s>                    ( - -1.110e+03 1 0))
s>                ( WDBNDRY_E 0 -1.500e+03 9.866e+01 5.996e+00
s>                    ( - -4.449e+02 1 0)
s>                    ( - -9.567e+02 2 0)))))INFO: dtree.c(1315): Comp split 15
INFO: dtree.c(1439): stop. leaf nodes are specific
INFO: dtree.c(1478): Final simple tree
|( WDBNDRY_B 0 -6.923e+03 1.061e+02 2.842e+01
|    ( QUESTION12 -1 -3.155e+03 8.809e+01 1.342e+01
|        ( - -1.321e+03 2 0)
|        ( SILENCE -1 -1.746e+03 6.971e+01 7.518e+00
|            ( - -4.123e+02 1 0)
|            ( - -1.264e+03 1 0)))
|    ( QUESTION2_1_L -1 -3.662e+03 1.031e+02 1.500e+01
|        ( - -6.063e+02 1 0)
|        ( QUESTION0_5_R 1 -2.952e+03 9.349e+01 1.201e+01
|            ( QUESTION13 -1 -2.441e+03 9.491e+01 1.001e+01
|                ( - -4.157e+02 1 0)
|                ( - -1.930e+03 2 0))
|            ( - -4.180e+02 1 0))))
s>    ( WDBNDRY_B 0 -6.923e+03 1.061e+02 2.842e+01
s>        ( QUESTION12 -1 -3.155e+03 8.809e+01 1.342e+01
s>            ( - -1.321e+03 2 0)
s>            ( SILENCE -1 -1.746e+03 6.971e+01 7.518e+00
s>                ( - -4.123e+02 1 0)
s>                ( - -1.264e+03 1 0)))
s>        ( QUESTION2_1_L -1 -3.662e+03 1.031e+02 1.500e+01
s>            ( - -6.063e+02 1 0)
s>            ( QUESTION0_5_R 1 -2.952e+03 9.349e+01 1.201e+01
s>                ( QUESTION13 -1 -2.441e+03 9.491e+01 1.001e+01
s>                    ( - -4.157e+02 1 0)
s>                    ( - -1.930e+03 2 0))
s>                ( - -4.180e+02 1 0))))INFO: dtree.c(1315): Comp split 16
INFO: dtree.c(1478): Final simple tree
|( QUESTION19 -1 -5.791e+03 1.029e+02 2.292e+01
|    ( - -9.567e+02 2 0)
|    ( QUESTION0_3_R 1 -4.731e+03 8.546e+01 1.892e+01
|        ( WDBNDRY_B 0 -1.619e+03 8.984e+01 6.946e+00
|            ( - -4.187e+02 1 0)
|            ( - -1.110e+03 1 0))
|        ( QUESTION1 -1 -3.027e+03 7.494e+01 1.198e+01
|            ( - -1.949e+02 1 0)
|            ( QUESTION0 -1 -2.757e+03 6.057e+01 1.098e+01
|                ( WDBNDRY_B 0 -1.715e+03 7.197e+01 6.975e+00
|                    ( - -1.216e+03 1 0)
|                    ( - -4.264e+02 1 0))
|                ( WDBNDRY_B 0 -9.817e+02 8.568e+01 4.000e+00
|                    ( - -6.364e+02 1 0)
|                    ( - -2.597e+02 1 0))))))
s>    ( QUESTION19 -1 -5.791e+03 1.029e+02 2.292e+01
s>        ( - -9.567e+02 2 0)
s>        ( QUESTION0_3_R 1 -4.731e+03 8.546e+01 1.892e+01
s>            ( WDBNDRY_B 0 -1.619e+03 8.984e+01 6.946e+00
s>                ( - -4.187e+02 1 0)
s>                ( - -1.110e+03 1 0))
s>            ( QUESTION1 -1 -3.027e+03 7.494e+01 1.198e+01
s>                ( - -1.949e+02 1 0)
s>                ( QUESTION0 -1 -2.757e+03 6.057e+01 1.098e+01
s>                    ( WDBNDRY_B 0 -1.715e+03 7.197e+01 6.975e+00
s>                        ( - -1.216e+03 1 0)
s>                        ( - -4.264e+02 1 0))
s>                    ( WDBNDRY_B 0 -9.817e+02 8.568e+01 4.000e+00
s>                        ( - -6.364e+02 1 0)
s>                        ( - -2.597e+02 1 0))))))INFO: dtree.c(1439): stop. leaf nodes are specific
INFO: dtree.c(1478): Final simple tree
|( QUESTION11 -1 -8.365e+03 1.076e+02 3.439e+01
|    ( - -2.313e+03 2 0)
|    ( QUESTION0 -1 -5.945e+03 8.855e+01 2.439e+01
|        ( - -2.288e+03 1 0)
|        ( WDBNDRY_E 0 -3.568e+03 8.519e+01 1.440e+01
|            ( - -4.449e+02 1 0)
|            ( WDBNDRY_B 0 -3.038e+03 8.167e+01 1.241e+01
|                ( - -4.469e+02 1 0)
|                ( - -2.510e+03 2 0)))))
s>    ( QUESTION11 -1 -8.365e+03 1.076e+02 3.439e+01
s>        ( - -2.313e+03 2 0)
s>        ( QUESTION0 -1 -5.945e+03 8.855e+01 2.439e+01
s>            ( - -2.288e+03 1 0)
s>            ( WDBNDRY_E 0 -3.568e+03 8.519e+01 1.440e+01
s>                ( - -4.449e+02 1 0)
s>                ( WDBNDRY_B 0 -3.038e+03 8.167e+01 1.241e+01
s>                    ( - -4.469e+02 1 0)
s>                    ( - -2.510e+03 2 0)))))INFO: dtree.c(1315): Comp split 17
INFO: dtree.c(1439): stop. leaf nodes are specific
INFO: dtree.c(1478): Final simple tree
|( QUESTION11 -1 -2.760e+03 9.184e+01 1.240e+01
|    ( - -9.477e+02 1 0)
|    ( - -1.720e+03 1 0))
s>    ( QUESTION11 -1 -2.760e+03 9.184e+01 1.240e+01
s>        ( - -9.477e+02 1 0)
s>        ( - -1.720e+03 1 0))INFO: dtree.c(1315): Comp split 18
INFO: dtree.c(1315): Comp split 19
INFO: dtree.c(1439): stop. leaf nodes are specific
INFO: dtree.c(1478): Final simple tree
|( WDBNDRY_B 0 -2.834e+03 7.443e+01 1.200e+01
|    ( - -4.469e+02 1 0)
|    ( - -2.313e+03 2 0))
s>    ( WDBNDRY_B 0 -2.834e+03 7.443e+01 1.200e+01
s>        ( - -4.469e+02 1 0)
s>        ( - -2.313e+03 2 0))INFO: dtree.c(1439): stop. leaf nodes are specific
INFO: dtree.c(1478): Final simple tree
|( QUESTION0 -1 -5.414e+03 8.615e+01 2.239e+01
|    ( - -2.288e+03 1 0)
|    ( WDBNDRY_E 0 -3.041e+03 8.600e+01 1.240e+01
|        ( - -4.449e+02 1 0)
|        ( - -2.510e+03 2 0)))
s>    ( QUESTION0 -1 -5.414e+03 8.615e+01 2.239e+01
s>        ( - -2.288e+03 1 0)
s>        ( WDBNDRY_E 0 -3.041e+03 8.600e+01 1.240e+01
s>            ( - -4.449e+02 1 0)
s>            ( - -2.510e+03 2 0)))INFO: dtree.c(1315): Comp split 20
INFO: dtree.c(1315): Comp split 21
INFO: dtree.c(1439): stop. leaf nodes are specific
INFO: dtree.c(1478): Final simple tree
|( QUESTION19 -1 -4.574e+03 9.133e+01 1.798e+01
|    ( - -9.567e+02 2 0)
|    ( QUESTION0_3_R 1 -3.526e+03 8.011e+01 1.398e+01
|        ( - -4.187e+02 1 0)
|        ( QUESTION1 -1 -3.027e+03 7.494e+01 1.198e+01
|            ( - -1.949e+02 1 0)
|            ( QUESTION0 -1 -2.757e+03 6.057e+01 1.098e+01
|                ( WDBNDRY_B 0 -1.715e+03 7.197e+01 6.975e+00
|                    ( - -1.216e+03 1 0)
|                    ( - -4.264e+02 1 0))
|                ( WDBNDRY_B 0 -9.817e+02 8.568e+01 4.000e+00
|                    ( - -6.364e+02 1 0)
|                    ( - -2.597e+02 1 0))))))
s>    ( QUESTION19 -1 -4.574e+03 9.133e+01 1.798e+01
s>        ( - -9.567e+02 2 0)
s>        ( QUESTION0_3_R 1 -3.526e+03 8.011e+01 1.398e+01
s>            ( - -4.187e+02 1 0)
s>            ( QUESTION1 -1 -3.027e+03 7.494e+01 1.198e+01
s>                ( - -1.949e+02 1 0)
s>                ( QUESTION0 -1 -2.757e+03 6.057e+01 1.098e+01
s>                    ( WDBNDRY_B 0 -1.715e+03 7.197e+01 6.975e+00
s>                        ( - -1.216e+03 1 0)
s>                        ( - -4.264e+02 1 0))
s>                    ( WDBNDRY_B 0 -9.817e+02 8.568e+01 4.000e+00
s>                        ( - -6.364e+02 1 0)
s>                        ( - -2.597e+02 1 0))))))INFO: dtree.c(1315): Comp split 22
INFO: dtree.c(1439): stop. leaf nodes are specific
INFO: dtree.c(1478): Final simple tree
|( QUESTION2_1_L -1 -3.662e+03 1.031e+02 1.500e+01
|    ( - -6.063e+02 1 0)
|    ( QUESTION0_5_R 1 -2.952e+03 9.349e+01 1.201e+01
|        ( QUESTION13 -1 -2.441e+03 9.491e+01 1.001e+01
|            ( - -4.157e+02 1 0)
|            ( - -1.930e+03 2 0))
|        ( - -4.180e+02 1 0)))
s>    ( QUESTION2_1_L -1 -3.662e+03 1.031e+02 1.500e+01
s>        ( - -6.063e+02 1 0)
s>        ( QUESTION0_5_R 1 -2.952e+03 9.349e+01 1.201e+01
s>            ( QUESTION13 -1 -2.441e+03 9.491e+01 1.001e+01
s>                ( - -4.157e+02 1 0)
s>                ( - -1.930e+03 2 0))
s>            ( - -4.180e+02 1 0)))INFO: dtree.c(1439): stop. leaf nodes are specific
INFO: dtree.c(1478): Final simple tree
|( QUESTION12 -1 -3.155e+03 8.809e+01 1.342e+01
|    ( - -1.321e+03 2 0)
|    ( SILENCE -1 -1.746e+03 6.971e+01 7.518e+00
|        ( - -4.123e+02 1 0)
|        ( - -1.264e+03 1 0)))
s>    ( QUESTION12 -1 -3.155e+03 8.809e+01 1.342e+01
s>        ( - -1.321e+03 2 0)
s>        ( SILENCE -1 -1.746e+03 6.971e+01 7.518e+00
s>            ( - -4.123e+02 1 0)
s>            ( - -1.264e+03 1 0)))INFO: dtree.c(1315): Comp split 23
INFO: dtree.c(1439): stop. leaf nodes are specific
INFO: dtree.c(1478): Final simple tree
|( QUESTION0_5_R 1 -2.952e+03 9.349e+01 1.201e+01
|    ( QUESTION13 -1 -2.441e+03 9.491e+01 1.001e+01
|        ( - -4.157e+02 1 0)
|        ( - -1.930e+03 2 0))
|    ( - -4.180e+02 1 0))
s>    ( QUESTION0_5_R 1 -2.952e+03 9.349e+01 1.201e+01
s>        ( QUESTION13 -1 -2.441e+03 9.491e+01 1.001e+01
s>            ( - -4.157e+02 1 0)
s>            ( - -1.930e+03 2 0))
s>        ( - -4.180e+02 1 0))INFO: dtree.c(1315): Comp split 24
INFO: dtree.c(1315): Comp split 25
INFO: dtree.c(1439): stop. leaf nodes are specific
INFO: dtree.c(1478): Final simple tree
|( WDBNDRY_E 0 -9.706e+02 8.131e+01 3.990e+00
|    ( - -4.644e+02 1 0)
|    ( - -4.249e+02 1 0))
s>    ( WDBNDRY_E 0 -9.706e+02 8.131e+01 3.990e+00
s>        ( - -4.644e+02 1 0)
s>        ( - -4.249e+02 1 0))INFO: dtree.c(1315): Comp split 26
INFO: dtree.c(1439): stop. leaf nodes are specific
INFO: dtree.c(1478): Final simple tree
|( QUESTION19 -1 -3.836e+03 8.634e+01 1.498e+01
|    ( - -9.567e+02 2 0)
|    ( QUESTION0_3_R 1 -2.793e+03 8.076e+01 1.098e+01
|        ( - -4.187e+02 1 0)
|        ( QUESTION1 -1 -2.294e+03 7.167e+01 8.975e+00
|            ( - -1.949e+02 1 0)
|            ( QUESTION0 -1 -2.027e+03 5.291e+01 7.975e+00
|                ( WDBNDRY_B 0 -1.715e+03 7.197e+01 6.975e+00
|                    ( - -1.216e+03 1 0)
|                    ( - -4.264e+02 1 0))
|                ( - -2.597e+02 1 0)))))
s>    ( QUESTION19 -1 -3.836e+03 8.634e+01 1.498e+01
s>        ( - -9.567e+02 2 0)
s>        ( QUESTION0_3_R 1 -2.793e+03 8.076e+01 1.098e+01
s>            ( - -4.187e+02 1 0)
s>            ( QUESTION1 -1 -2.294e+03 7.167e+01 8.975e+00
s>                ( - -1.949e+02 1 0)
s>                ( QUESTION0 -1 -2.027e+03 5.291e+01 7.975e+00
s>                    ( WDBNDRY_B 0 -1.715e+03 7.197e+01 6.975e+00
s>                        ( - -1.216e+03 1 0)
s>                        ( - -4.264e+02 1 0))
s>                    ( - -2.597e+02 1 0)))))INFO: dtree.c(1315): Comp split 27
INFO: dtree.c(1439): stop. leaf nodes are specific
INFO: dtree.c(1478): Final simple tree
|( WDBNDRY_E 0 -2.806e+03 7.339e+01 1.199e+01
|    ( - -4.449e+02 1 0)
|    ( - -2.288e+03 1 0))
s>    ( WDBNDRY_E 0 -2.806e+03 7.339e+01 1.199e+01
s>        ( - -4.449e+02 1 0)
s>        ( - -2.288e+03 1 0))INFO: dtree.c(1315): Comp split 28
INFO: dtree.c(1439): stop. leaf nodes are specific
INFO: dtree.c(1478): Final simple tree
|( QUESTION13 -1 -2.441e+03 9.491e+01 1.001e+01
|    ( - -4.157e+02 1 0)
|    ( - -1.930e+03 2 0))
s>    ( QUESTION13 -1 -2.441e+03 9.491e+01 1.001e+01
s>        ( - -4.157e+02 1 0)
s>        ( - -1.930e+03 2 0))INFO: dtree.c(1315): Comp split 29
INFO: dtree.c(1315): Comp split 30
INFO: dtree.c(1315): Comp split 31
INFO: dtree.c(1439): stop. leaf nodes are specific
INFO: dtree.c(1478): Final simple tree
|( SILENCE -1 -1.746e+03 6.971e+01 7.518e+00
|    ( - -4.123e+02 1 0)
|    ( - -1.264e+03 1 0))
s>    ( SILENCE -1 -1.746e+03 6.971e+01 7.518e+00
s>        ( - -4.123e+02 1 0)
s>        ( - -1.264e+03 1 0))INFO: dtree.c(1315): Comp split 32
INFO: dtree.c(1439): stop. leaf nodes are specific
INFO: dtree.c(1478): Final simple tree
|( QUESTION0_3_R 1 -2.793e+03 8.076e+01 1.098e+01
|    ( - -4.187e+02 1 0)
|    ( QUESTION1 -1 -2.294e+03 7.167e+01 8.975e+00
|        ( - -1.949e+02 1 0)
|        ( QUESTION0 -1 -2.027e+03 5.291e+01 7.975e+00
|            ( WDBNDRY_B 0 -1.715e+03 7.197e+01 6.975e+00
|                ( - -1.216e+03 1 0)
|                ( - -4.264e+02 1 0))
|            ( - -2.597e+02 1 0))))
s>    ( QUESTION0_3_R 1 -2.793e+03 8.076e+01 1.098e+01
s>        ( - -4.187e+02 1 0)
s>        ( QUESTION1 -1 -2.294e+03 7.167e+01 8.975e+00
s>            ( - -1.949e+02 1 0)
s>            ( QUESTION0 -1 -2.027e+03 5.291e+01 7.975e+00
s>                ( WDBNDRY_B 0 -1.715e+03 7.197e+01 6.975e+00
s>                    ( - -1.216e+03 1 0)
s>                    ( - -4.264e+02 1 0))
s>                ( - -2.597e+02 1 0))))INFO: dtree.c(1315): Comp split 33
INFO: dtree.c(1315): Comp split 34
INFO: dtree.c(1315): Comp split 35
INFO: dtree.c(1315): Comp split 36
INFO: dtree.c(1439): stop. leaf nodes are specific
INFO: dtree.c(1478): Final simple tree
|( QUESTION1 -1 -2.294e+03 7.167e+01 8.975e+00
|    ( - -1.949e+02 1 0)
|    ( QUESTION0 -1 -2.027e+03 5.291e+01 7.975e+00
|        ( WDBNDRY_B 0 -1.715e+03 7.197e+01 6.975e+00
|            ( - -1.216e+03 1 0)
|            ( - -4.264e+02 1 0))
|        ( - -2.597e+02 1 0)))
s>    ( QUESTION1 -1 -2.294e+03 7.167e+01 8.975e+00
s>        ( - -1.949e+02 1 0)
s>        ( QUESTION0 -1 -2.027e+03 5.291e+01 7.975e+00
s>            ( WDBNDRY_B 0 -1.715e+03 7.197e+01 6.975e+00
s>                ( - -1.216e+03 1 0)
s>                ( - -4.264e+02 1 0))
s>            ( - -2.597e+02 1 0)))INFO: dtree.c(1315): Comp split 37
INFO: dtree.c(1439): stop. leaf nodes are specific
INFO: dtree.c(1478): Final simple tree
|( QUESTION1 -1 -1.792e+03 6.929e+01 6.975e+00
|    ( - -1.949e+02 1 0)
|    ( WDBNDRY_B 0 -1.528e+03 5.168e+01 5.975e+00
|        ( - -1.216e+03 1 0)
|        ( - -2.597e+02 1 0)))
s>    ( QUESTION1 -1 -1.792e+03 6.929e+01 6.975e+00
s>        ( - -1.949e+02 1 0)
s>        ( WDBNDRY_B 0 -1.528e+03 5.168e+01 5.975e+00
s>            ( - -1.216e+03 1 0)
s>            ( - -2.597e+02 1 0)))INFO: dtree.c(1315): Comp split 38
INFO: dtree.c(1315): Comp split 39
INFO: dtree.c(1315): Comp split 40
INFO: dtree.c(1315): Comp split 41
INFO: dtree.c(1439): stop. leaf nodes are specific
INFO: dtree.c(1478): Final simple tree
|( WDBNDRY_B 0 -1.528e+03 5.168e+01 5.975e+00
|    ( - -1.216e+03 1 0)
|    ( - -2.597e+02 1 0))
s>    ( WDBNDRY_B 0 -1.528e+03 5.168e+01 5.975e+00
s>        ( - -1.216e+03 1 0)
s>        ( - -2.597e+02 1 0))INFO: dtree.c(1315): Comp split 42
INFO: dtree.c(1315): Comp split 43
INFO: dtree.c(1318): stop. leaf nodes are specific
Thu May  7 00:23:34 2020
