Current configuration:
[NAME]		[DEFLT]	[VALUE]
-allphones	no	no
-cntthresh	0.00001	1.000000e-05
-csplitmax	100	2000
-csplitmin	1	1
-csplitthr	8e-4	0.000000e+00
-example	no	no
-fullvar	no	no
-help		no	no
-meanfn			/home/abdy/Desktop/diploma/kg/model_parameters/kg.cd_cont_untied/means
-mixwfn			/home/abdy/Desktop/diploma/kg/model_parameters/kg.cd_cont_untied/mixture_weights
-moddeffn		/home/abdy/Desktop/diploma/kg/model_architecture/kg.untied.mdef
-mwfloor	1e-4	1.000000e-08
-phone			kh
-psetfn			/home/abdy/Desktop/diploma/kg/model_architecture/kg.tree_questions
-ssplitmax	5	7
-ssplitmin	1	1
-ssplitthr	8e-4	0.000000e+00
-state			2
-stwt			1.0,0.05,0.0,
-treefn			/home/abdy/Desktop/diploma/kg/trees/kg.unpruned/kh-2.dtree
-ts2cbfn	.semi.	.cont.
-varfloor	0.00001	1.000000e-05
-varfn			/home/abdy/Desktop/diploma/kg/model_parameters/kg.cd_cont_untied/variances

INFO: main.c(223): Reading: /home/abdy/Desktop/diploma/kg/model_architecture/kg.untied.mdef
INFO: model_def_io.c(573): Model definition info:
INFO: model_def_io.c(574): 10297 total models defined (47 base, 10250 tri)
INFO: model_def_io.c(575): 41188 total states
INFO: model_def_io.c(576): 30891 total tied states
INFO: model_def_io.c(577): 141 total tied CI states
INFO: model_def_io.c(578): 47 total tied transition matrices
INFO: model_def_io.c(579): 4 max state/model
INFO: model_def_io.c(580): 4 min state/model
INFO: main.c(242): Building trees for [kh SIL a b] through [kh z y b]
INFO: main.c(269): Covering states |[11643 12554]| == 912
INFO: main.c(275): Reading: /home/abdy/Desktop/diploma/kg/model_parameters/kg.cd_cont_untied/mixture_weights
INFO: s3mixw_io.c(173): Read /home/abdy/Desktop/diploma/kg/model_parameters/kg.cd_cont_untied/mixture_weights [912x1x1 array]
INFO: main.c(311): 95 of 304 models have observation count greater than 0.000010
INFO: main.c(95): nrm stwt: 0.000 0.048 0.952 
INFO: s3gau_io.c(169): Read /home/abdy/Desktop/diploma/kg/model_parameters/kg.cd_cont_untied/means [30891x1x1 array]
INFO: s3gau_io.c(169): Read /home/abdy/Desktop/diploma/kg/model_parameters/kg.cd_cont_untied/variances [30891x1x1 array]
INFO: main.c(549): Reading: /home/abdy/Desktop/diploma/kg/model_architecture/kg.tree_questions
INFO: main.c(588): 174 total simple questions (166 phone; 8 word bndry)
INFO: main.c(590): 40 Left Only questions, and 42 Right Only questions
INFO: dtree.c(1478): Final simple tree
|( SILENCE 1 -1.215e+05 2.468e+03 4.853e+02
|    ( - -1.478e+04 2 0 QUESTION2_1_L -1 2.066e+02 7.239e+01)
|    ( QUESTION11 1 -1.042e+05 4.385e+02 4.129e+02
|        ( QUESTION2_6_L -1 -4.644e+04 2.346e+02 1.899e+02
|            ( - -1.081e+04 3 0 WDBNDRY_B 0 1.468e+02 4.473e+01)
|            ( - -3.540e+04 22 0 QUESTION16 -1 1.449e+02 1.452e+02))
|        ( QUESTION0_12_R 1 -5.735e+04 3.177e+02 2.229e+02
|            ( - -1.041e+04 6 0 QUESTION11 -1 9.960e+01 4.356e+01)
|            ( QUESTION0_3_R 1 -4.662e+04 2.342e+02 1.794e+02
|                ( WDBNDRY_E 0 -1.406e+04 4.910e+02 5.311e+01
|                    ( - 1.791e+02 1 0)
|                    ( - -1.375e+04 19 0 QUESTION14 -1 1.183e+02 5.211e+01))
|                ( QUESTION7 1 -3.232e+04 2.237e+02 1.263e+02
|                    ( - -7.349e+02 1 0)
|                    ( - -3.136e+04 41 0 QUESTION19 1 1.711e+02 1.223e+02))))))
s>    ( SILENCE 1 -1.215e+05 2.468e+03 4.853e+02
s>        ( - -1.478e+04 2 0 QUESTION2_1_L -1 2.066e+02 7.239e+01)
s>        ( QUESTION11 1 -1.042e+05 4.385e+02 4.129e+02
s>            ( QUESTION2_6_L -1 -4.644e+04 2.346e+02 1.899e+02
s>                ( - -1.081e+04 3 0 WDBNDRY_B 0 1.468e+02 4.473e+01)
s>                ( - -3.540e+04 22 0 QUESTION16 -1 1.449e+02 1.452e+02))
s>            ( QUESTION0_12_R 1 -5.735e+04 3.177e+02 2.229e+02
s>                ( - -1.041e+04 6 0 QUESTION11 -1 9.960e+01 4.356e+01)
s>                ( QUESTION0_3_R 1 -4.662e+04 2.342e+02 1.794e+02
s>                    ( WDBNDRY_E 0 -1.406e+04 4.910e+02 5.311e+01
s>                        ( - 1.791e+02 1 0)
s>                        ( - -1.375e+04 19 0 QUESTION14 -1 1.183e+02 5.211e+01))
s>                    ( QUESTION7 1 -3.232e+04 2.237e+02 1.263e+02
s>                        ( - -7.349e+02 1 0)
s>                        ( - -3.136e+04 41 0 QUESTION19 1 1.711e+02 1.223e+02))))))INFO: dtree.c(1315): Comp split 0
INFO: dtree.c(1478): Final simple tree
|( QUESTION11 1 -1.042e+05 4.385e+02 4.129e+02
|    ( QUESTION2_6_L -1 -4.644e+04 2.346e+02 1.899e+02
|        ( - -1.081e+04 3 0 WDBNDRY_B 0 1.468e+02 4.473e+01)
|        ( - -3.540e+04 22 0 QUESTION16 -1 1.449e+02 1.452e+02))
|    ( QUESTION0_12_R 1 -5.735e+04 3.177e+02 2.229e+02
|        ( - -1.041e+04 6 0 QUESTION11 -1 9.960e+01 4.356e+01)
|        ( QUESTION0_3_R 1 -4.662e+04 2.342e+02 1.794e+02
|            ( WDBNDRY_E 0 -1.406e+04 4.910e+02 5.311e+01
|                ( - 1.791e+02 1 0)
|                ( - -1.375e+04 19 0 QUESTION14 -1 1.183e+02 5.211e+01))
|            ( QUESTION7 1 -3.232e+04 2.237e+02 1.263e+02
|                ( - -7.349e+02 1 0)
|                ( QUESTION19 1 -3.136e+04 1.711e+02 1.223e+02
|                    ( - -2.054e+04 27 0 QUESTION5 -1 1.386e+02 8.147e+01)
|                    ( - -1.065e+04 14 0 QUESTION6 1 1.553e+02 4.079e+01))))))
s>    ( QUESTION11 1 -1.042e+05 4.385e+02 4.129e+02
s>        ( QUESTION2_6_L -1 -4.644e+04 2.346e+02 1.899e+02
s>            ( - -1.081e+04 3 0 WDBNDRY_B 0 1.468e+02 4.473e+01)
s>            ( - -3.540e+04 22 0 QUESTION16 -1 1.449e+02 1.452e+02))
s>        ( QUESTION0_12_R 1 -5.735e+04 3.177e+02 2.229e+02
s>            ( - -1.041e+04 6 0 QUESTION11 -1 9.960e+01 4.356e+01)
s>            ( QUESTION0_3_R 1 -4.662e+04 2.342e+02 1.794e+02
s>                ( WDBNDRY_E 0 -1.406e+04 4.910e+02 5.311e+01
s>                    ( - 1.791e+02 1 0)
s>                    ( - -1.375e+04 19 0 QUESTION14 -1 1.183e+02 5.211e+01))
s>                ( QUESTION7 1 -3.232e+04 2.237e+02 1.263e+02
s>                    ( - -7.349e+02 1 0)
s>                    ( QUESTION19 1 -3.136e+04 1.711e+02 1.223e+02
s>                        ( - -2.054e+04 27 0 QUESTION5 -1 1.386e+02 8.147e+01)
s>                        ( - -1.065e+04 14 0 QUESTION6 1 1.553e+02 4.079e+01))))))INFO: dtree.c(1439): stop. leaf nodes are specific
INFO: dtree.c(1478): Final simple tree
|( QUESTION2_1_L -1 -1.478e+04 2.066e+02 7.239e+01
|    ( - -1.282e+04 1 0)
|    ( - -1.756e+03 1 0))
s>    ( QUESTION2_1_L -1 -1.478e+04 2.066e+02 7.239e+01
s>        ( - -1.282e+04 1 0)
s>        ( - -1.756e+03 1 0))INFO: dtree.c(1315): Comp split 1
INFO: dtree.c(1478): Final simple tree
|( QUESTION11 1 -1.039e+05 4.347e+02 4.119e+02
|    ( QUESTION2_6_L -1 -4.644e+04 2.346e+02 1.899e+02
|        ( - -1.081e+04 3 0 WDBNDRY_B 0 1.468e+02 4.473e+01)
|        ( - -3.540e+04 22 0 QUESTION16 -1 1.449e+02 1.452e+02))
|    ( QUESTION0_12_R 1 -5.703e+04 3.184e+02 2.219e+02
|        ( - -1.041e+04 6 0 QUESTION11 -1 9.960e+01 4.356e+01)
|        ( QUESTION7 1 -4.630e+04 2.290e+02 1.784e+02
|            ( - -7.349e+02 1 0)
|            ( QUESTION0_3_R 1 -4.533e+04 2.197e+02 1.744e+02
|                ( - -1.375e+04 19 0 QUESTION14 -1 1.183e+02 5.211e+01)
|                ( QUESTION19 1 -3.136e+04 1.711e+02 1.223e+02
|                    ( - -2.054e+04 27 0 QUESTION5 -1 1.386e+02 8.147e+01)
|                    ( QUESTION6 1 -1.065e+04 1.553e+02 4.079e+01
|                        ( - -1.079e+03 1 0)
|                        ( - -9.419e+03 13 0 QUESTION0_19_R 1 1.406e+02 3.579e+01)))))))
s>    ( QUESTION11 1 -1.039e+05 4.347e+02 4.119e+02
s>        ( QUESTION2_6_L -1 -4.644e+04 2.346e+02 1.899e+02
s>            ( - -1.081e+04 3 0 WDBNDRY_B 0 1.468e+02 4.473e+01)
s>            ( - -3.540e+04 22 0 QUESTION16 -1 1.449e+02 1.452e+02))
s>        ( QUESTION0_12_R 1 -5.703e+04 3.184e+02 2.219e+02
s>            ( - -1.041e+04 6 0 QUESTION11 -1 9.960e+01 4.356e+01)
s>            ( QUESTION7 1 -4.630e+04 2.290e+02 1.784e+02
s>                ( - -7.349e+02 1 0)
s>                ( QUESTION0_3_R 1 -4.533e+04 2.197e+02 1.744e+02
s>                    ( - -1.375e+04 19 0 QUESTION14 -1 1.183e+02 5.211e+01)
s>                    ( QUESTION19 1 -3.136e+04 1.711e+02 1.223e+02
s>                        ( - -2.054e+04 27 0 QUESTION5 -1 1.386e+02 8.147e+01)
s>                        ( QUESTION6 1 -1.065e+04 1.553e+02 4.079e+01
s>                            ( - -1.079e+03 1 0)
s>                            ( - -9.419e+03 13 0 QUESTION0_19_R 1 1.406e+02 3.579e+01)))))))INFO: dtree.c(1315): Comp split 2
INFO: dtree.c(1478): Final simple tree
|( QUESTION0_3_R 1 -5.615e+04 2.091e+02 2.267e+02
|    ( QUESTION16 -1 -3.540e+04 1.449e+02 1.452e+02
|        ( - -1.566e+03 1 0)
|        ( WDBNDRY_I 0 -3.369e+04 1.344e+02 1.382e+02
|            ( - -1.024e+04 6 0 QUESTION2_14_L -1 1.051e+02 4.278e+01)
|            ( QUESTION19 -1 -2.331e+04 1.327e+02 9.543e+01
|                ( - -7.889e+03 7 0 QUESTION2_3_L -1 9.036e+01 3.227e+01)
|                ( - -1.529e+04 8 0 QUESTION2_5_L -1 1.102e+02 6.317e+01))))
|    ( QUESTION5 -1 -2.054e+04 1.386e+02 8.147e+01
|        ( - -6.846e+02 1 0)
|        ( QUESTION0_7_R 1 -1.972e+04 1.364e+02 7.847e+01
|            ( WDBNDRY_E 0 -1.544e+04 1.298e+02 6.145e+01
|                ( - -6.508e+02 2 0)
|                ( - -1.466e+04 21 0 QUESTION14 -1 1.032e+02 5.845e+01))
|            ( - -4.143e+03 3 0 WDBNDRY_E 0 1.203e+02 1.702e+01))))
s>    ( QUESTION0_3_R 1 -5.615e+04 2.091e+02 2.267e+02
s>        ( QUESTION16 -1 -3.540e+04 1.449e+02 1.452e+02
s>            ( - -1.566e+03 1 0)
s>            ( WDBNDRY_I 0 -3.369e+04 1.344e+02 1.382e+02
s>                ( - -1.024e+04 6 0 QUESTION2_14_L -1 1.051e+02 4.278e+01)
s>                ( QUESTION19 -1 -2.331e+04 1.327e+02 9.543e+01
s>                    ( - -7.889e+03 7 0 QUESTION2_3_L -1 9.036e+01 3.227e+01)
s>                    ( - -1.529e+04 8 0 QUESTION2_5_L -1 1.102e+02 6.317e+01))))
s>        ( QUESTION5 -1 -2.054e+04 1.386e+02 8.147e+01
s>            ( - -6.846e+02 1 0)
s>            ( QUESTION0_7_R 1 -1.972e+04 1.364e+02 7.847e+01
s>                ( WDBNDRY_E 0 -1.544e+04 1.298e+02 6.145e+01
s>                    ( - -6.508e+02 2 0)
s>                    ( - -1.466e+04 21 0 QUESTION14 -1 1.032e+02 5.845e+01))
s>                ( - -4.143e+03 3 0 WDBNDRY_E 0 1.203e+02 1.702e+01))))INFO: dtree.c(1478): Final simple tree
|( QUESTION0_12_R 1 -4.728e+04 3.020e+02 1.852e+02
|    ( - -1.041e+04 6 0 QUESTION11 -1 9.960e+01 4.356e+01)
|    ( QUESTION12 1 -3.657e+04 2.295e+02 1.416e+02
|        ( QUESTION0_2_R 1 -1.966e+04 1.786e+02 7.497e+01
|            ( - -1.375e+04 19 0 QUESTION14 -1 1.183e+02 5.211e+01)
|            ( - -5.731e+03 5 0 WDBNDRY_E 0 1.003e+02 2.286e+01))
|        ( QUESTION7 1 -1.668e+04 2.190e+02 6.666e+01
|            ( - -7.349e+02 1 0)
|            ( QUESTION4 -1 -1.573e+04 1.550e+02 6.266e+01
|                ( - -8.089e+03 2 0 WDBNDRY_B 0 9.997e+01 3.371e+01)
|                ( QUESTION0_19_R 1 -7.482e+03 1.484e+02 2.895e+01
|                    ( - -1.079e+03 1 0)
|                    ( WDBNDRY_B 0 -6.254e+03 1.289e+02 2.395e+01
|                        ( - -2.578e+03 1 0)
|                        ( - -3.547e+03 8 0 QUESTION0_9_R 1 6.913e+01 1.293e+01)))))))
s>    ( QUESTION0_12_R 1 -4.728e+04 3.020e+02 1.852e+02
s>        ( - -1.041e+04 6 0 QUESTION11 -1 9.960e+01 4.356e+01)
s>        ( QUESTION12 1 -3.657e+04 2.295e+02 1.416e+02
s>            ( QUESTION0_2_R 1 -1.966e+04 1.786e+02 7.497e+01
s>                ( - -1.375e+04 19 0 QUESTION14 -1 1.183e+02 5.211e+01)
s>                ( - -5.731e+03 5 0 WDBNDRY_E 0 1.003e+02 2.286e+01))
s>            ( QUESTION7 1 -1.668e+04 2.190e+02 6.666e+01
s>                ( - -7.349e+02 1 0)
s>                ( QUESTION4 -1 -1.573e+04 1.550e+02 6.266e+01
s>                    ( - -8.089e+03 2 0 WDBNDRY_B 0 9.997e+01 3.371e+01)
s>                    ( QUESTION0_19_R 1 -7.482e+03 1.484e+02 2.895e+01
s>                        ( - -1.079e+03 1 0)
s>                        ( WDBNDRY_B 0 -6.254e+03 1.289e+02 2.395e+01
s>                            ( - -2.578e+03 1 0)
s>                            ( - -3.547e+03 8 0 QUESTION0_9_R 1 6.913e+01 1.293e+01)))))))INFO: dtree.c(1315): Comp split 3
INFO: dtree.c(1478): Final simple tree
|( QUESTION12 1 -3.560e+04 2.194e+02 1.376e+02
|    ( QUESTION0_2_R 1 -1.966e+04 1.786e+02 7.497e+01
|        ( QUESTION14 -1 -1.375e+04 1.183e+02 5.211e+01
|            ( - -1.725e+03 3 0 WDBNDRY_B 0 6.467e+01 7.000e+00)
|            ( QUESTION16 -1 -1.190e+04 1.085e+02 4.511e+01
|                ( - -4.068e+02 1 0)
|                ( - -1.139e+04 15 0 QUESTION11 -1 1.063e+02 4.311e+01)))
|        ( - -5.731e+03 5 0 WDBNDRY_E 0 1.003e+02 2.286e+01))
|    ( QUESTION4 -1 -1.573e+04 1.550e+02 6.266e+01
|        ( - -8.089e+03 2 0 WDBNDRY_B 0 9.997e+01 3.371e+01)
|        ( QUESTION0_19_R 1 -7.482e+03 1.484e+02 2.895e+01
|            ( - -1.079e+03 1 0)
|            ( WDBNDRY_B 0 -6.254e+03 1.289e+02 2.395e+01
|                ( - -2.578e+03 1 0)
|                ( - -3.547e+03 8 0 QUESTION0_9_R 1 6.913e+01 1.293e+01)))))
s>    ( QUESTION12 1 -3.560e+04 2.194e+02 1.376e+02
s>        ( QUESTION0_2_R 1 -1.966e+04 1.786e+02 7.497e+01
s>            ( QUESTION14 -1 -1.375e+04 1.183e+02 5.211e+01
s>                ( - -1.725e+03 3 0 WDBNDRY_B 0 6.467e+01 7.000e+00)
s>                ( QUESTION16 -1 -1.190e+04 1.085e+02 4.511e+01
s>                    ( - -4.068e+02 1 0)
s>                    ( - -1.139e+04 15 0 QUESTION11 -1 1.063e+02 4.311e+01)))
s>            ( - -5.731e+03 5 0 WDBNDRY_E 0 1.003e+02 2.286e+01))
s>        ( QUESTION4 -1 -1.573e+04 1.550e+02 6.266e+01
s>            ( - -8.089e+03 2 0 WDBNDRY_B 0 9.997e+01 3.371e+01)
s>            ( QUESTION0_19_R 1 -7.482e+03 1.484e+02 2.895e+01
s>                ( - -1.079e+03 1 0)
s>                ( WDBNDRY_B 0 -6.254e+03 1.289e+02 2.395e+01
s>                    ( - -2.578e+03 1 0)
s>                    ( - -3.547e+03 8 0 QUESTION0_9_R 1 6.913e+01 1.293e+01)))))INFO: dtree.c(1439): stop. leaf nodes are specific
INFO: dtree.c(1478): Final simple tree
|( QUESTION0_11_R 1 -1.135e+04 2.010e+02 4.756e+01
|    ( QUESTION11 -1 -1.041e+04 9.960e+01 4.356e+01
|        ( - -3.389e+03 1 0)
|        ( QUESTION2_1_L -1 -6.924e+03 1.071e+02 2.899e+01
|            ( WDBNDRY_E 0 -1.669e+03 9.256e+01 7.047e+00
|                ( - -6.274e+02 1 0)
|                ( - -9.493e+02 1 0))
|            ( WDBNDRY_E 0 -5.147e+03 1.061e+02 2.194e+01
|                ( - -8.553e+02 1 0)
|                ( - -4.186e+03 2 0))))
|    ( - -7.349e+02 1 0))
s>    ( QUESTION0_11_R 1 -1.135e+04 2.010e+02 4.756e+01
s>        ( QUESTION11 -1 -1.041e+04 9.960e+01 4.356e+01
s>            ( - -3.389e+03 1 0)
s>            ( QUESTION2_1_L -1 -6.924e+03 1.071e+02 2.899e+01
s>                ( WDBNDRY_E 0 -1.669e+03 9.256e+01 7.047e+00
s>                    ( - -6.274e+02 1 0)
s>                    ( - -9.493e+02 1 0))
s>                ( WDBNDRY_E 0 -5.147e+03 1.061e+02 2.194e+01
s>                    ( - -8.553e+02 1 0)
s>                    ( - -4.186e+03 2 0))))
s>        ( - -7.349e+02 1 0))INFO: dtree.c(1315): Comp split 4
INFO: dtree.c(1478): Final simple tree
|( QUESTION0_2_R 1 -2.236e+04 1.764e+02 8.600e+01
|    ( QUESTION1 -1 -1.646e+04 1.307e+02 6.314e+01
|        ( - -4.804e+03 5 0 QUESTION2 -1 9.479e+01 2.003e+01)
|        ( QUESTION2_4_L -1 -1.152e+04 1.173e+02 4.311e+01
|            ( QUESTION14 -1 -7.716e+03 1.156e+02 2.964e+01
|                ( - -1.725e+03 3 0 WDBNDRY_B 0 6.467e+01 7.000e+00)
|                ( QUESTION16 -1 -5.875e+03 1.104e+02 2.264e+01
|                    ( - -4.068e+02 1 0)
|                    ( - -5.357e+03 6 0 WDBNDRY_B 0 8.468e+01 2.064e+01)))
|            ( QUESTION11 -1 -3.689e+03 1.039e+02 1.347e+01
|                ( - -8.647e+02 1 0)
|                ( - -2.720e+03 4 0 QUESTION9 -1 8.026e+01 1.044e+01))))
|    ( WDBNDRY_E 0 -5.731e+03 1.003e+02 2.286e+01
|        ( - -8.572e+02 2 0 QUESTION2_1_L -1 9.568e+01 3.000e+00)
|        ( - -4.773e+03 3 0 QUESTION2_1_L -1 4.900e+02 1.986e+01)))
s>    ( QUESTION0_2_R 1 -2.236e+04 1.764e+02 8.600e+01
s>        ( QUESTION1 -1 -1.646e+04 1.307e+02 6.314e+01
s>            ( - -4.804e+03 5 0 QUESTION2 -1 9.479e+01 2.003e+01)
s>            ( QUESTION2_4_L -1 -1.152e+04 1.173e+02 4.311e+01
s>                ( QUESTION14 -1 -7.716e+03 1.156e+02 2.964e+01
s>                    ( - -1.725e+03 3 0 WDBNDRY_B 0 6.467e+01 7.000e+00)
s>                    ( QUESTION16 -1 -5.875e+03 1.104e+02 2.264e+01
s>                        ( - -4.068e+02 1 0)
s>                        ( - -5.357e+03 6 0 WDBNDRY_B 0 8.468e+01 2.064e+01)))
s>                ( QUESTION11 -1 -3.689e+03 1.039e+02 1.347e+01
s>                    ( - -8.647e+02 1 0)
s>                    ( - -2.720e+03 4 0 QUESTION9 -1 8.026e+01 1.044e+01))))
s>        ( WDBNDRY_E 0 -5.731e+03 1.003e+02 2.286e+01
s>            ( - -8.572e+02 2 0 QUESTION2_1_L -1 9.568e+01 3.000e+00)
s>            ( - -4.773e+03 3 0 QUESTION2_1_L -1 4.900e+02 1.986e+01)))INFO: dtree.c(1478): Final simple tree
|( QUESTION0_2_R 1 -1.302e+04 1.559e+02 5.163e+01
|    ( WDBNDRY_B 0 -8.089e+03 9.997e+01 3.371e+01
|        ( - -4.152e+02 1 0)
|        ( - -7.574e+03 1 0))
|    ( QUESTION0_19_R 1 -4.774e+03 1.477e+02 1.793e+01
|        ( - -1.079e+03 1 0)
|        ( QUESTION0_9_R 1 -3.547e+03 6.913e+01 1.293e+01
|            ( QUESTION11 -1 -2.061e+03 7.604e+01 8.020e+00
|                ( - -1.050e+03 2 0 QUESTION2 1 6.769e+01 4.020e+00)
|                ( WDBNDRY_E 0 -9.344e+02 1.131e+02 4.000e+00
|                    ( - -4.164e+02 1 0)
|                    ( - -4.049e+02 1 0)))
|            ( QUESTION3 1 -1.417e+03 7.185e+01 4.905e+00
|                ( - -2.722e+02 1 0)
|                ( - -1.073e+03 3 0 QUESTION0_16_R 1 6.429e+01 3.904e+00)))))
s>    ( QUESTION0_2_R 1 -1.302e+04 1.559e+02 5.163e+01
s>        ( WDBNDRY_B 0 -8.089e+03 9.997e+01 3.371e+01
s>            ( - -4.152e+02 1 0)
s>            ( - -7.574e+03 1 0))
s>        ( QUESTION0_19_R 1 -4.774e+03 1.477e+02 1.793e+01
s>            ( - -1.079e+03 1 0)
s>            ( QUESTION0_9_R 1 -3.547e+03 6.913e+01 1.293e+01
s>                ( QUESTION11 -1 -2.061e+03 7.604e+01 8.020e+00
s>                    ( - -1.050e+03 2 0 QUESTION2 1 6.769e+01 4.020e+00)
s>                    ( WDBNDRY_E 0 -9.344e+02 1.131e+02 4.000e+00
s>                        ( - -4.164e+02 1 0)
s>                        ( - -4.049e+02 1 0)))
s>                ( QUESTION3 1 -1.417e+03 7.185e+01 4.905e+00
s>                    ( - -2.722e+02 1 0)
s>                    ( - -1.073e+03 3 0 QUESTION0_16_R 1 6.429e+01 3.904e+00)))))INFO: dtree.c(1315): Comp split 5
INFO: dtree.c(1478): Final simple tree
|( WDBNDRY_B 0 -2.567e+04 1.348e+02 1.059e+02
|    ( QUESTION2_5_L -1 -1.529e+04 1.102e+02 6.317e+01
|        ( QUESTION1 -1 -3.551e+03 8.761e+01 1.518e+01
|            ( - -1.334e+03 1 0)
|            ( QUESTION5 -1 -2.129e+03 8.805e+01 9.017e+00
|                ( - -9.532e+02 1 0)
|                ( QUESTION2_11_L -1 -1.088e+03 1.145e+02 5.007e+00
|                    ( - -3.288e+02 1 0)
|                    ( - -6.447e+02 1 0))))
|        ( QUESTION11 -1 -1.163e+04 8.675e+01 4.799e+01
|            ( - -4.000e+03 1 0)
|            ( - -7.542e+03 3 0 QUESTION0 -1 8.480e+01 3.135e+01)))
|    ( QUESTION2_14_L -1 -1.024e+04 1.051e+02 4.278e+01
|        ( - -5.914e+03 1 0)
|        ( - -4.223e+03 5 0 QUESTION12 -1 8.246e+01 1.777e+01)))
s>    ( WDBNDRY_B 0 -2.567e+04 1.348e+02 1.059e+02
s>        ( QUESTION2_5_L -1 -1.529e+04 1.102e+02 6.317e+01
s>            ( QUESTION1 -1 -3.551e+03 8.761e+01 1.518e+01
s>                ( - -1.334e+03 1 0)
s>                ( QUESTION5 -1 -2.129e+03 8.805e+01 9.017e+00
s>                    ( - -9.532e+02 1 0)
s>                    ( QUESTION2_11_L -1 -1.088e+03 1.145e+02 5.007e+00
s>                        ( - -3.288e+02 1 0)
s>                        ( - -6.447e+02 1 0))))
s>            ( QUESTION11 -1 -1.163e+04 8.675e+01 4.799e+01
s>                ( - -4.000e+03 1 0)
s>                ( - -7.542e+03 3 0 QUESTION0 -1 8.480e+01 3.135e+01)))
s>        ( QUESTION2_14_L -1 -1.024e+04 1.051e+02 4.278e+01
s>            ( - -5.914e+03 1 0)
s>            ( - -4.223e+03 5 0 QUESTION12 -1 8.246e+01 1.777e+01)))INFO: dtree.c(1478): Final simple tree
|( QUESTION2_3_L -1 -3.026e+04 1.435e+02 1.207e+02
|    ( - -4.227e+03 6 0 QUESTION0_5_R 1 7.827e+01 1.635e+01)
|    ( WDBNDRY_E 0 -2.589e+04 1.440e+02 1.044e+02
|        ( QUESTION0_4_R 1 -3.486e+03 1.158e+02 1.500e+01
|            ( - -6.508e+02 2 0)
|            ( - -2.720e+03 2 0 QUESTION0_2_R 1 7.320e+01 1.200e+01))
|        ( QUESTION5 -1 -2.226e+04 1.453e+02 8.938e+01
|            ( - -6.846e+02 1 0)
|            ( QUESTION16 -1 -2.143e+04 1.356e+02 8.638e+01
|                ( - -1.566e+03 1 0)
|                ( QUESTION0_3_R 1 -1.973e+04 1.257e+02 7.938e+01
|                    ( - -6.585e+03 5 0 QUESTION2_1_L -1 6.971e+01 2.727e+01)
|                    ( QUESTION14 -1 -1.302e+04 9.481e+01 5.211e+01
|                        ( - -3.665e+03 4 0 WDBNDRY_B 0 1.588e+02 1.500e+01)
|                        ( - -9.258e+03 14 0 QUESTION2_6_L -1 9.703e+01 3.712e+01)))))))
s>    ( QUESTION2_3_L -1 -3.026e+04 1.435e+02 1.207e+02
s>        ( - -4.227e+03 6 0 QUESTION0_5_R 1 7.827e+01 1.635e+01)
s>        ( WDBNDRY_E 0 -2.589e+04 1.440e+02 1.044e+02
s>            ( QUESTION0_4_R 1 -3.486e+03 1.158e+02 1.500e+01
s>                ( - -6.508e+02 2 0)
s>                ( - -2.720e+03 2 0 QUESTION0_2_R 1 7.320e+01 1.200e+01))
s>            ( QUESTION5 -1 -2.226e+04 1.453e+02 8.938e+01
s>                ( - -6.846e+02 1 0)
s>                ( QUESTION16 -1 -2.143e+04 1.356e+02 8.638e+01
s>                    ( - -1.566e+03 1 0)
s>                    ( QUESTION0_3_R 1 -1.973e+04 1.257e+02 7.938e+01
s>                        ( - -6.585e+03 5 0 QUESTION2_1_L -1 6.971e+01 2.727e+01)
s>                        ( QUESTION14 -1 -1.302e+04 9.481e+01 5.211e+01
s>                            ( - -3.665e+03 4 0 WDBNDRY_B 0 1.588e+02 1.500e+01)
s>                            ( - -9.258e+03 14 0 QUESTION2_6_L -1 9.703e+01 3.712e+01)))))))INFO: dtree.c(1315): Comp split 6
INFO: dtree.c(1315): Comp split 7
INFO: dtree.c(1439): stop. leaf nodes are specific
INFO: dtree.c(1478): Final simple tree
|( QUESTION11 -1 -1.041e+04 9.960e+01 4.356e+01
|    ( - -3.389e+03 1 0)
|    ( QUESTION2_1_L -1 -6.924e+03 1.071e+02 2.899e+01
|        ( WDBNDRY_E 0 -1.669e+03 9.256e+01 7.047e+00
|            ( - -6.274e+02 1 0)
|            ( - -9.493e+02 1 0))
|        ( WDBNDRY_E 0 -5.147e+03 1.061e+02 2.194e+01
|            ( - -8.553e+02 1 0)
|            ( - -4.186e+03 2 0))))
s>    ( QUESTION11 -1 -1.041e+04 9.960e+01 4.356e+01
s>        ( - -3.389e+03 1 0)
s>        ( QUESTION2_1_L -1 -6.924e+03 1.071e+02 2.899e+01
s>            ( WDBNDRY_E 0 -1.669e+03 9.256e+01 7.047e+00
s>                ( - -6.274e+02 1 0)
s>                ( - -9.493e+02 1 0))
s>            ( WDBNDRY_E 0 -5.147e+03 1.061e+02 2.194e+01
s>                ( - -8.553e+02 1 0)
s>                ( - -4.186e+03 2 0))))INFO: dtree.c(1315): Comp split 8
INFO: dtree.c(1478): Final simple tree
|( QUESTION2_1_L -1 -1.022e+04 4.867e+02 4.189e+01
|    ( - 2.164e+02 1 0)
|    ( WDBNDRY_B 0 -9.952e+03 1.403e+02 4.089e+01
|        ( QUESTION0 -1 -4.098e+03 1.058e+02 1.703e+01
|            ( QUESTION2 -1 -3.585e+03 8.050e+01 1.503e+01
|                ( QUESTION2_0_L -1 -9.267e+02 7.926e+01 4.000e+00
|                    ( - -6.473e+02 1 0)
|                    ( - -2.002e+02 1 0))
|                ( - -2.578e+03 1 0))
|            ( - -4.068e+02 1 0))
|        ( QUESTION2_0_L -1 -5.715e+03 1.014e+02 2.387e+01
|            ( QUESTION0_2_R 1 -4.796e+03 6.580e+01 1.987e+01
|                ( - -2.303e+02 1 0)
|                ( - -4.500e+03 2 0))
|            ( - -8.173e+02 1 0))))
s>    ( QUESTION2_1_L -1 -1.022e+04 4.867e+02 4.189e+01
s>        ( - 2.164e+02 1 0)
s>        ( WDBNDRY_B 0 -9.952e+03 1.403e+02 4.089e+01
s>            ( QUESTION0 -1 -4.098e+03 1.058e+02 1.703e+01
s>                ( QUESTION2 -1 -3.585e+03 8.050e+01 1.503e+01
s>                    ( QUESTION2_0_L -1 -9.267e+02 7.926e+01 4.000e+00
s>                        ( - -6.473e+02 1 0)
s>                        ( - -2.002e+02 1 0))
s>                    ( - -2.578e+03 1 0))
s>                ( - -4.068e+02 1 0))
s>            ( QUESTION2_0_L -1 -5.715e+03 1.014e+02 2.387e+01
s>                ( QUESTION0_2_R 1 -4.796e+03 6.580e+01 1.987e+01
s>                    ( - -2.303e+02 1 0)
s>                    ( - -4.500e+03 2 0))
s>                ( - -8.173e+02 1 0))))INFO: dtree.c(1478): Final simple tree
|( QUESTION14 -1 -1.195e+04 1.226e+02 4.411e+01
|    ( - -1.725e+03 3 0 WDBNDRY_B 0 6.467e+01 7.000e+00)
|    ( QUESTION2_4_L -1 -1.010e+04 1.208e+02 3.711e+01
|        ( WDBNDRY_E 0 -5.882e+03 9.490e+01 2.264e+01
|            ( - -4.300e+02 1 0)
|            ( WDBNDRY_B 0 -5.357e+03 8.468e+01 2.064e+01
|                ( - -4.870e+03 5 0 QUESTION13 -1 7.161e+01 1.864e+01)
|                ( - -4.027e+02 1 0)))
|        ( QUESTION11 -1 -4.095e+03 1.024e+02 1.447e+01
|            ( - -8.647e+02 1 0)
|            ( QUESTION5 -1 -3.128e+03 8.057e+01 1.144e+01
|                ( - -4.736e+02 1 0)
|                ( QUESTION14 1 -2.574e+03 7.703e+01 9.440e+00
|                    ( - -2.421e+02 1 0)
|                    ( - -2.255e+03 3 0 WDBNDRY_I 0 7.840e+01 8.440e+00))))))
s>    ( QUESTION14 -1 -1.195e+04 1.226e+02 4.411e+01
s>        ( - -1.725e+03 3 0 WDBNDRY_B 0 6.467e+01 7.000e+00)
s>        ( QUESTION2_4_L -1 -1.010e+04 1.208e+02 3.711e+01
s>            ( WDBNDRY_E 0 -5.882e+03 9.490e+01 2.264e+01
s>                ( - -4.300e+02 1 0)
s>                ( WDBNDRY_B 0 -5.357e+03 8.468e+01 2.064e+01
s>                    ( - -4.870e+03 5 0 QUESTION13 -1 7.161e+01 1.864e+01)
s>                    ( - -4.027e+02 1 0)))
s>            ( QUESTION11 -1 -4.095e+03 1.024e+02 1.447e+01
s>                ( - -8.647e+02 1 0)
s>                ( QUESTION5 -1 -3.128e+03 8.057e+01 1.144e+01
s>                    ( - -4.736e+02 1 0)
s>                    ( QUESTION14 1 -2.574e+03 7.703e+01 9.440e+00
s>                        ( - -2.421e+02 1 0)
s>                        ( - -2.255e+03 3 0 WDBNDRY_I 0 7.840e+01 8.440e+00))))))INFO: dtree.c(1315): Comp split 9
INFO: dtree.c(1439): stop. leaf nodes are specific
INFO: dtree.c(1478): Final simple tree
|( WDBNDRY_B 0 -9.952e+03 1.403e+02 4.089e+01
|    ( QUESTION0 -1 -4.098e+03 1.058e+02 1.703e+01
|        ( QUESTION2 -1 -3.585e+03 8.050e+01 1.503e+01
|            ( QUESTION2_0_L -1 -9.267e+02 7.926e+01 4.000e+00
|                ( - -6.473e+02 1 0)
|                ( - -2.002e+02 1 0))
|            ( - -2.578e+03 1 0))
|        ( - -4.068e+02 1 0))
|    ( QUESTION2_0_L -1 -5.715e+03 1.014e+02 2.387e+01
|        ( QUESTION0_2_R 1 -4.796e+03 6.580e+01 1.987e+01
|            ( - -2.303e+02 1 0)
|            ( - -4.500e+03 2 0))
|        ( - -8.173e+02 1 0)))
s>    ( WDBNDRY_B 0 -9.952e+03 1.403e+02 4.089e+01
s>        ( QUESTION0 -1 -4.098e+03 1.058e+02 1.703e+01
s>            ( QUESTION2 -1 -3.585e+03 8.050e+01 1.503e+01
s>                ( QUESTION2_0_L -1 -9.267e+02 7.926e+01 4.000e+00
s>                    ( - -6.473e+02 1 0)
s>                    ( - -2.002e+02 1 0))
s>                ( - -2.578e+03 1 0))
s>            ( - -4.068e+02 1 0))
s>        ( QUESTION2_0_L -1 -5.715e+03 1.014e+02 2.387e+01
s>            ( QUESTION0_2_R 1 -4.796e+03 6.580e+01 1.987e+01
s>                ( - -2.303e+02 1 0)
s>                ( - -4.500e+03 2 0))
s>            ( - -8.173e+02 1 0)))INFO: dtree.c(1315): Comp split 10
INFO: dtree.c(1478): Final simple tree
|( QUESTION16 -1 -2.428e+04 1.381e+02 9.838e+01
|    ( - -1.566e+03 1 0)
|    ( QUESTION0_2_R 1 -2.258e+04 1.355e+02 9.138e+01
|        ( QUESTION0_3_R 1 -2.025e+04 1.158e+02 8.138e+01
|            ( - -7.112e+03 6 0 WDBNDRY_B 0 7.644e+01 2.927e+01)
|            ( QUESTION14 -1 -1.302e+04 9.481e+01 5.211e+01
|                ( WDBNDRY_B 0 -3.665e+03 1.588e+02 1.500e+01
|                    ( - -2.236e+03 3 0)
|                    ( - -1.270e+03 1 0))
|                ( QUESTION2_6_L -1 -9.258e+03 9.703e+01 3.712e+01
|                    ( - -1.283e+03 1 0)
|                    ( SILENCE -1 -7.878e+03 8.725e+01 3.116e+01
|                        ( - -9.199e+02 1 0)
|                        ( - -6.871e+03 12 0 QUESTION2_1_L -1 7.308e+01 2.714e+01)))))
|        ( - -2.196e+03 1 0)))
s>    ( QUESTION16 -1 -2.428e+04 1.381e+02 9.838e+01
s>        ( - -1.566e+03 1 0)
s>        ( QUESTION0_2_R 1 -2.258e+04 1.355e+02 9.138e+01
s>            ( QUESTION0_3_R 1 -2.025e+04 1.158e+02 8.138e+01
s>                ( - -7.112e+03 6 0 WDBNDRY_B 0 7.644e+01 2.927e+01)
s>                ( QUESTION14 -1 -1.302e+04 9.481e+01 5.211e+01
s>                    ( WDBNDRY_B 0 -3.665e+03 1.588e+02 1.500e+01
s>                        ( - -2.236e+03 3 0)
s>                        ( - -1.270e+03 1 0))
s>                    ( QUESTION2_6_L -1 -9.258e+03 9.703e+01 3.712e+01
s>                        ( - -1.283e+03 1 0)
s>                        ( SILENCE -1 -7.878e+03 8.725e+01 3.116e+01
s>                            ( - -9.199e+02 1 0)
s>                            ( - -6.871e+03 12 0 QUESTION2_1_L -1 7.308e+01 2.714e+01)))))
s>            ( - -2.196e+03 1 0)))INFO: dtree.c(1439): stop. leaf nodes are specific
INFO: dtree.c(1478): Final simple tree
|( QUESTION0 -1 -5.810e+03 1.274e+02 2.235e+01
|    ( - -6.846e+02 1 0)
|    ( WDBNDRY_E 0 -4.998e+03 1.199e+02 1.935e+01
|        ( - -6.508e+02 2 0)
|        ( QUESTION0_5_R 1 -4.227e+03 7.827e+01 1.635e+01
|            ( QUESTION0_6_R 1 -1.826e+03 8.532e+01 7.023e+00
|                ( - -7.607e+02 1 0)
|                ( - -9.803e+02 1 0))
|            ( WDBNDRY_B 0 -2.323e+03 6.560e+01 9.332e+00
|                ( QUESTION0_3_R 1 -1.330e+03 5.722e+01 5.355e+00
|                    ( - -6.867e+02 1 0)
|                    ( - -5.858e+02 2 0))
|                ( - -9.274e+02 1 0)))))
s>    ( QUESTION0 -1 -5.810e+03 1.274e+02 2.235e+01
s>        ( - -6.846e+02 1 0)
s>        ( WDBNDRY_E 0 -4.998e+03 1.199e+02 1.935e+01
s>            ( - -6.508e+02 2 0)
s>            ( QUESTION0_5_R 1 -4.227e+03 7.827e+01 1.635e+01
s>                ( QUESTION0_6_R 1 -1.826e+03 8.532e+01 7.023e+00
s>                    ( - -7.607e+02 1 0)
s>                    ( - -9.803e+02 1 0))
s>                ( WDBNDRY_B 0 -2.323e+03 6.560e+01 9.332e+00
s>                    ( QUESTION0_3_R 1 -1.330e+03 5.722e+01 5.355e+00
s>                        ( - -6.867e+02 1 0)
s>                        ( - -5.858e+02 2 0))
s>                    ( - -9.274e+02 1 0)))))INFO: dtree.c(1315): Comp split 11
INFO: dtree.c(1439): stop. leaf nodes are specific
INFO: dtree.c(1478): Final simple tree
|( WDBNDRY_I 0 -4.970e+03 1.267e+02 2.196e+01
|    ( - -1.270e+03 1 0)
|    ( WDBNDRY_B 0 -3.573e+03 9.421e+01 1.596e+01
|        ( - -1.283e+03 1 0)
|        ( - -2.196e+03 1 0)))
s>    ( WDBNDRY_I 0 -4.970e+03 1.267e+02 2.196e+01
s>        ( - -1.270e+03 1 0)
s>        ( WDBNDRY_B 0 -3.573e+03 9.421e+01 1.596e+01
s>            ( - -1.283e+03 1 0)
s>            ( - -2.196e+03 1 0)))INFO: dtree.c(1478): Final simple tree
|( QUESTION16 -1 -1.914e+04 1.363e+02 7.642e+01
|    ( - -1.566e+03 1 0)
|    ( QUESTION0_3_R 1 -1.744e+04 1.180e+02 6.942e+01
|        ( WDBNDRY_B 0 -7.112e+03 7.644e+01 2.927e+01
|            ( QUESTION2_1_L -1 -6.585e+03 6.971e+01 2.727e+01
|                ( - -4.392e+02 1 0)
|                ( - -6.076e+03 4 0))
|            ( - -4.505e+02 1 0))
|        ( QUESTION14 -1 -1.021e+04 9.529e+01 4.016e+01
|            ( - -2.236e+03 3 0)
|            ( SILENCE -1 -7.878e+03 8.725e+01 3.116e+01
|                ( - -9.199e+02 1 0)
|                ( QUESTION2_1_L -1 -6.871e+03 7.308e+01 2.714e+01
|                    ( - -2.065e+02 1 0)
|                    ( - -6.592e+03 11 0 QUESTION2_12_L -1 6.825e+01 2.614e+01))))))
s>    ( QUESTION16 -1 -1.914e+04 1.363e+02 7.642e+01
s>        ( - -1.566e+03 1 0)
s>        ( QUESTION0_3_R 1 -1.744e+04 1.180e+02 6.942e+01
s>            ( WDBNDRY_B 0 -7.112e+03 7.644e+01 2.927e+01
s>                ( QUESTION2_1_L -1 -6.585e+03 6.971e+01 2.727e+01
s>                    ( - -4.392e+02 1 0)
s>                    ( - -6.076e+03 4 0))
s>                ( - -4.505e+02 1 0))
s>            ( QUESTION14 -1 -1.021e+04 9.529e+01 4.016e+01
s>                ( - -2.236e+03 3 0)
s>                ( SILENCE -1 -7.878e+03 8.725e+01 3.116e+01
s>                    ( - -9.199e+02 1 0)
s>                    ( QUESTION2_1_L -1 -6.871e+03 7.308e+01 2.714e+01
s>                        ( - -2.065e+02 1 0)
s>                        ( - -6.592e+03 11 0 QUESTION2_12_L -1 6.825e+01 2.614e+01))))))INFO: dtree.c(1315): Comp split 12
INFO: dtree.c(1439): stop. leaf nodes are specific
INFO: dtree.c(1478): Final simple tree
|( WDBNDRY_E 0 -8.066e+03 7.600e+01 3.371e+01
|    ( - -4.164e+02 1 0)
|    ( - -7.574e+03 1 0))
s>    ( WDBNDRY_E 0 -8.066e+03 7.600e+01 3.371e+01
s>        ( - -4.164e+02 1 0)
s>        ( - -7.574e+03 1 0))INFO: dtree.c(1478): Final simple tree
|( QUESTION0_19_R 1 -4.786e+03 1.471e+02 1.793e+01
|    ( - -1.079e+03 1 0)
|    ( WDBNDRY_B 0 -3.560e+03 9.137e+01 1.293e+01
|        ( - -4.152e+02 1 0)
|        ( QUESTION3 1 -3.053e+03 7.852e+01 1.093e+01
|            ( QUESTION11 -1 -1.086e+03 9.975e+01 4.001e+00
|                ( QUESTION0_9_R 1 -5.811e+02 7.179e+01 2.001e+00
|                    ( - -2.371e+02 1 0)
|                    ( - -2.722e+02 1 0))
|                ( - -4.049e+02 1 0))
|            ( QUESTION0_9_R 1 -1.889e+03 6.990e+01 6.924e+00
|                ( - -7.457e+02 1 0)
|                ( QUESTION0_16_R 1 -1.073e+03 6.429e+01 3.904e+00
|                    ( - -7.853e+02 2 0 WDBNDRY_E 0 6.103e+01 2.904e+00)
|                    ( - -2.238e+02 1 0))))))
s>    ( QUESTION0_19_R 1 -4.786e+03 1.471e+02 1.793e+01
s>        ( - -1.079e+03 1 0)
s>        ( WDBNDRY_B 0 -3.560e+03 9.137e+01 1.293e+01
s>            ( - -4.152e+02 1 0)
s>            ( QUESTION3 1 -3.053e+03 7.852e+01 1.093e+01
s>                ( QUESTION11 -1 -1.086e+03 9.975e+01 4.001e+00
s>                    ( QUESTION0_9_R 1 -5.811e+02 7.179e+01 2.001e+00
s>                        ( - -2.371e+02 1 0)
s>                        ( - -2.722e+02 1 0))
s>                    ( - -4.049e+02 1 0))
s>                ( QUESTION0_9_R 1 -1.889e+03 6.990e+01 6.924e+00
s>                    ( - -7.457e+02 1 0)
s>                    ( QUESTION0_16_R 1 -1.073e+03 6.429e+01 3.904e+00
s>                        ( - -7.853e+02 2 0 WDBNDRY_E 0 6.103e+01 2.904e+00)
s>                        ( - -2.238e+02 1 0))))))INFO: dtree.c(1315): Comp split 13
INFO: dtree.c(1478): Final simple tree
|( WDBNDRY_B 0 -3.560e+03 9.137e+01 1.293e+01
|    ( - -4.152e+02 1 0)
|    ( QUESTION3 1 -3.053e+03 7.852e+01 1.093e+01
|        ( QUESTION11 -1 -1.086e+03 9.975e+01 4.001e+00
|            ( QUESTION0_9_R 1 -5.811e+02 7.179e+01 2.001e+00
|                ( - -2.371e+02 1 0)
|                ( - -2.722e+02 1 0))
|            ( - -4.049e+02 1 0))
|        ( QUESTION0_9_R 1 -1.889e+03 6.990e+01 6.924e+00
|            ( - -7.457e+02 1 0)
|            ( QUESTION0_16_R 1 -1.073e+03 6.429e+01 3.904e+00
|                ( WDBNDRY_E 0 -7.853e+02 6.103e+01 2.904e+00
|                    ( - -2.027e+02 1 0)
|                    ( - -5.216e+02 1 0))
|                ( - -2.238e+02 1 0)))))
s>    ( WDBNDRY_B 0 -3.560e+03 9.137e+01 1.293e+01
s>        ( - -4.152e+02 1 0)
s>        ( QUESTION3 1 -3.053e+03 7.852e+01 1.093e+01
s>            ( QUESTION11 -1 -1.086e+03 9.975e+01 4.001e+00
s>                ( QUESTION0_9_R 1 -5.811e+02 7.179e+01 2.001e+00
s>                    ( - -2.371e+02 1 0)
s>                    ( - -2.722e+02 1 0))
s>                ( - -4.049e+02 1 0))
s>            ( QUESTION0_9_R 1 -1.889e+03 6.990e+01 6.924e+00
s>                ( - -7.457e+02 1 0)
s>                ( QUESTION0_16_R 1 -1.073e+03 6.429e+01 3.904e+00
s>                    ( WDBNDRY_E 0 -7.853e+02 6.103e+01 2.904e+00
s>                        ( - -2.027e+02 1 0)
s>                        ( - -5.216e+02 1 0))
s>                    ( - -2.238e+02 1 0)))))INFO: dtree.c(1315): Comp split 14
INFO: dtree.c(1439): stop. leaf nodes are specific
INFO: dtree.c(1478): Final simple tree
|( QUESTION2_11_L -1 -1.283e+04 1.434e+02 5.300e+01
|    ( - -3.288e+02 1 0)
|    ( QUESTION11 -1 -1.236e+04 8.556e+01 5.100e+01
|        ( - -4.000e+03 1 0)
|        ( QUESTION1 -1 -8.270e+03 8.510e+01 3.435e+01
|            ( - -2.154e+03 1 0)
|            ( QUESTION0 -1 -6.030e+03 8.245e+01 2.528e+01
|                ( - -6.447e+02 1 0)
|                ( SILENCE -1 -5.303e+03 6.413e+01 2.228e+01
|                    ( - -2.167e+03 1 0)
|                    ( - -3.072e+03 1 0))))))
s>    ( QUESTION2_11_L -1 -1.283e+04 1.434e+02 5.300e+01
s>        ( - -3.288e+02 1 0)
s>        ( QUESTION11 -1 -1.236e+04 8.556e+01 5.100e+01
s>            ( - -4.000e+03 1 0)
s>            ( QUESTION1 -1 -8.270e+03 8.510e+01 3.435e+01
s>                ( - -2.154e+03 1 0)
s>                ( QUESTION0 -1 -6.030e+03 8.245e+01 2.528e+01
s>                    ( - -6.447e+02 1 0)
s>                    ( SILENCE -1 -5.303e+03 6.413e+01 2.228e+01
s>                        ( - -2.167e+03 1 0)
s>                        ( - -3.072e+03 1 0))))))INFO: dtree.c(1478): Final simple tree
|( QUESTION0 -1 -1.269e+04 1.069e+02 5.295e+01
|    ( QUESTION1 -1 -8.909e+03 7.322e+01 3.717e+01
|        ( WDBNDRY_B 0 -7.610e+03 9.074e+01 3.216e+01
|            ( - -1.334e+03 1 0)
|            ( QUESTION2_0_L -1 -6.186e+03 4.822e+01 2.600e+01
|                ( - -2.237e+02 1 0)
|                ( - -5.914e+03 1 0)))
|        ( WDBNDRY_B 0 -1.225e+03 7.133e+01 5.010e+00
|            ( - -9.532e+02 1 0)
|            ( - -2.006e+02 1 0)))
|    ( QUESTION2_1_L -1 -3.678e+03 9.729e+01 1.577e+01
|        ( QUESTION11 -1 -2.941e+03 1.040e+02 1.277e+01
|            ( - -1.815e+03 1 0)
|            ( - -1.022e+03 1 0))
|        ( - -6.398e+02 1 0)))
s>    ( QUESTION0 -1 -1.269e+04 1.069e+02 5.295e+01
s>        ( QUESTION1 -1 -8.909e+03 7.322e+01 3.717e+01
s>            ( WDBNDRY_B 0 -7.610e+03 9.074e+01 3.216e+01
s>                ( - -1.334e+03 1 0)
s>                ( QUESTION2_0_L -1 -6.186e+03 4.822e+01 2.600e+01
s>                    ( - -2.237e+02 1 0)
s>                    ( - -5.914e+03 1 0)))
s>            ( WDBNDRY_B 0 -1.225e+03 7.133e+01 5.010e+00
s>                ( - -9.532e+02 1 0)
s>                ( - -2.006e+02 1 0)))
s>        ( QUESTION2_1_L -1 -3.678e+03 9.729e+01 1.577e+01
s>            ( QUESTION11 -1 -2.941e+03 1.040e+02 1.277e+01
s>                ( - -1.815e+03 1 0)
s>                ( - -1.022e+03 1 0))
s>            ( - -6.398e+02 1 0)))INFO: dtree.c(1315): Comp split 15
INFO: dtree.c(1439): stop. leaf nodes are specific
INFO: dtree.c(1478): Final simple tree
|( QUESTION0 -1 -4.390e+03 1.029e+02 1.803e+01
|    ( QUESTION2 -1 -3.881e+03 8.080e+01 1.603e+01
|        ( QUESTION2_0_L -1 -1.222e+03 7.092e+01 5.004e+00
|            ( WDBNDRY_B 0 -9.511e+02 7.352e+01 4.003e+00
|                ( - -6.473e+02 1 0)
|                ( - -2.303e+02 1 0))
|            ( - -2.002e+02 1 0))
|        ( - -2.578e+03 1 0))
|    ( - -4.068e+02 1 0))
s>    ( QUESTION0 -1 -4.390e+03 1.029e+02 1.803e+01
s>        ( QUESTION2 -1 -3.881e+03 8.080e+01 1.603e+01
s>            ( QUESTION2_0_L -1 -1.222e+03 7.092e+01 5.004e+00
s>                ( WDBNDRY_B 0 -9.511e+02 7.352e+01 4.003e+00
s>                    ( - -6.473e+02 1 0)
s>                    ( - -2.303e+02 1 0))
s>                ( - -2.002e+02 1 0))
s>            ( - -2.578e+03 1 0))
s>        ( - -4.068e+02 1 0))INFO: dtree.c(1439): stop. leaf nodes are specific
INFO: dtree.c(1478): Final simple tree
|( QUESTION0_2_R 1 -5.419e+03 1.014e+02 2.286e+01
|    ( - -8.173e+02 1 0)
|    ( - -4.500e+03 2 0))
s>    ( QUESTION0_2_R 1 -5.419e+03 1.014e+02 2.286e+01
s>        ( - -8.173e+02 1 0)
s>        ( - -4.500e+03 2 0))INFO: dtree.c(1315): Comp split 16
INFO: dtree.c(1439): stop. leaf nodes are specific
INFO: dtree.c(1478): Final simple tree
|( QUESTION11 -1 -1.236e+04 8.556e+01 5.100e+01
|    ( - -4.000e+03 1 0)
|    ( QUESTION1 -1 -8.270e+03 8.510e+01 3.435e+01
|        ( - -2.154e+03 1 0)
|        ( QUESTION0 -1 -6.030e+03 8.245e+01 2.528e+01
|            ( - -6.447e+02 1 0)
|            ( SILENCE -1 -5.303e+03 6.413e+01 2.228e+01
|                ( - -2.167e+03 1 0)
|                ( - -3.072e+03 1 0)))))
s>    ( QUESTION11 -1 -1.236e+04 8.556e+01 5.100e+01
s>        ( - -4.000e+03 1 0)
s>        ( QUESTION1 -1 -8.270e+03 8.510e+01 3.435e+01
s>            ( - -2.154e+03 1 0)
s>            ( QUESTION0 -1 -6.030e+03 8.245e+01 2.528e+01
s>                ( - -6.447e+02 1 0)
s>                ( SILENCE -1 -5.303e+03 6.413e+01 2.228e+01
s>                    ( - -2.167e+03 1 0)
s>                    ( - -3.072e+03 1 0)))))INFO: dtree.c(1315): Comp split 17
INFO: dtree.c(1439): stop. leaf nodes are specific
INFO: dtree.c(1478): Final simple tree
|( QUESTION11 -1 -7.142e+03 9.894e+01 2.667e+01
|    ( - -8.647e+02 1 0)
|    ( WDBNDRY_E 0 -6.179e+03 9.585e+01 2.364e+01
|        ( - -4.300e+02 1 0)
|        ( QUESTION13 -1 -5.653e+03 6.744e+01 2.164e+01
|            ( - -1.197e+03 1 0)
|            ( WDBNDRY_B 0 -4.388e+03 5.854e+01 1.655e+01
|                ( - -3.601e+03 4 0)
|                ( QUESTION13 1 -7.283e+02 8.358e+01 3.001e+00
|                    ( - -2.421e+02 1 0)
|                    ( - -4.027e+02 1 0))))))
s>    ( QUESTION11 -1 -7.142e+03 9.894e+01 2.667e+01
s>        ( - -8.647e+02 1 0)
s>        ( WDBNDRY_E 0 -6.179e+03 9.585e+01 2.364e+01
s>            ( - -4.300e+02 1 0)
s>            ( QUESTION13 -1 -5.653e+03 6.744e+01 2.164e+01
s>                ( - -1.197e+03 1 0)
s>                ( WDBNDRY_B 0 -4.388e+03 5.854e+01 1.655e+01
s>                    ( - -3.601e+03 4 0)
s>                    ( QUESTION13 1 -7.283e+02 8.358e+01 3.001e+00
s>                        ( - -2.421e+02 1 0)
s>                        ( - -4.027e+02 1 0))))))INFO: dtree.c(1439): stop. leaf nodes are specific
INFO: dtree.c(1478): Final simple tree
|( QUESTION13 -1 -4.662e+03 1.196e+02 1.744e+01
|    ( WDBNDRY_B 0 -1.725e+03 6.467e+01 7.000e+00
|        ( - -1.401e+03 2 0)
|        ( - -2.595e+02 1 0))
|    ( QUESTION5 -1 -2.817e+03 8.874e+01 1.044e+01
|        ( - -4.736e+02 1 0)
|        ( WDBNDRY_I 0 -2.255e+03 7.840e+01 8.440e+00
|            ( - -1.584e+03 1 0)
|            ( WDBNDRY_B 0 -5.923e+02 8.279e+01 2.000e+00
|                ( - -1.780e+02 1 0)
|                ( - -3.315e+02 1 0)))))
s>    ( QUESTION13 -1 -4.662e+03 1.196e+02 1.744e+01
s>        ( WDBNDRY_B 0 -1.725e+03 6.467e+01 7.000e+00
s>            ( - -1.401e+03 2 0)
s>            ( - -2.595e+02 1 0))
s>        ( QUESTION5 -1 -2.817e+03 8.874e+01 1.044e+01
s>            ( - -4.736e+02 1 0)
s>            ( WDBNDRY_I 0 -2.255e+03 7.840e+01 8.440e+00
s>                ( - -1.584e+03 1 0)
s>                ( WDBNDRY_B 0 -5.923e+02 8.279e+01 2.000e+00
s>                    ( - -1.780e+02 1 0)
s>                    ( - -3.315e+02 1 0)))))INFO: dtree.c(1315): Comp split 18
INFO: dtree.c(1478): Final simple tree
|( QUESTION0_3_R 1 -1.744e+04 1.180e+02 6.942e+01
|    ( WDBNDRY_B 0 -7.112e+03 7.644e+01 2.927e+01
|        ( QUESTION2_1_L -1 -6.585e+03 6.971e+01 2.727e+01
|            ( - -4.392e+02 1 0)
|            ( - -6.076e+03 4 0))
|        ( - -4.505e+02 1 0))
|    ( QUESTION14 -1 -1.021e+04 9.529e+01 4.016e+01
|        ( - -2.236e+03 3 0)
|        ( SILENCE -1 -7.878e+03 8.725e+01 3.116e+01
|            ( - -9.199e+02 1 0)
|            ( QUESTION2_1_L -1 -6.871e+03 7.308e+01 2.714e+01
|                ( - -2.065e+02 1 0)
|                ( QUESTION2_12_L -1 -6.592e+03 6.825e+01 2.614e+01
|                    ( - -2.325e+02 1 0)
|                    ( - -6.291e+03 10 0 QUESTION4 -1 6.694e+01 2.514e+01))))))
s>    ( QUESTION0_3_R 1 -1.744e+04 1.180e+02 6.942e+01
s>        ( WDBNDRY_B 0 -7.112e+03 7.644e+01 2.927e+01
s>            ( QUESTION2_1_L -1 -6.585e+03 6.971e+01 2.727e+01
s>                ( - -4.392e+02 1 0)
s>                ( - -6.076e+03 4 0))
s>            ( - -4.505e+02 1 0))
s>        ( QUESTION14 -1 -1.021e+04 9.529e+01 4.016e+01
s>            ( - -2.236e+03 3 0)
s>            ( SILENCE -1 -7.878e+03 8.725e+01 3.116e+01
s>                ( - -9.199e+02 1 0)
s>                ( QUESTION2_1_L -1 -6.871e+03 7.308e+01 2.714e+01
s>                    ( - -2.065e+02 1 0)
s>                    ( QUESTION2_12_L -1 -6.592e+03 6.825e+01 2.614e+01
s>                        ( - -2.325e+02 1 0)
s>                        ( - -6.291e+03 10 0 QUESTION4 -1 6.694e+01 2.514e+01))))))INFO: dtree.c(1315): Comp split 19
INFO: dtree.c(1439): stop. leaf nodes are specific
INFO: dtree.c(1478): Final simple tree
|( WDBNDRY_E 0 -4.998e+03 1.199e+02 1.935e+01
|    ( - -6.508e+02 2 0)
|    ( QUESTION0_5_R 1 -4.227e+03 7.827e+01 1.635e+01
|        ( QUESTION0_6_R 1 -1.826e+03 8.532e+01 7.023e+00
|            ( - -7.607e+02 1 0)
|            ( - -9.803e+02 1 0))
|        ( WDBNDRY_B 0 -2.323e+03 6.560e+01 9.332e+00
|            ( QUESTION0_3_R 1 -1.330e+03 5.722e+01 5.355e+00
|                ( - -6.867e+02 1 0)
|                ( - -5.858e+02 2 0))
|            ( - -9.274e+02 1 0))))
s>    ( WDBNDRY_E 0 -4.998e+03 1.199e+02 1.935e+01
s>        ( - -6.508e+02 2 0)
s>        ( QUESTION0_5_R 1 -4.227e+03 7.827e+01 1.635e+01
s>            ( QUESTION0_6_R 1 -1.826e+03 8.532e+01 7.023e+00
s>                ( - -7.607e+02 1 0)
s>                ( - -9.803e+02 1 0))
s>            ( WDBNDRY_B 0 -2.323e+03 6.560e+01 9.332e+00
s>                ( QUESTION0_3_R 1 -1.330e+03 5.722e+01 5.355e+00
s>                    ( - -6.867e+02 1 0)
s>                    ( - -5.858e+02 2 0))
s>                ( - -9.274e+02 1 0))))INFO: dtree.c(1315): Comp split 20
INFO: dtree.c(1439): stop. leaf nodes are specific
INFO: dtree.c(1478): Final simple tree
|( WDBNDRY_B 0 -3.573e+03 9.421e+01 1.596e+01
|    ( - -1.283e+03 1 0)
|    ( - -2.196e+03 1 0))
s>    ( WDBNDRY_B 0 -3.573e+03 9.421e+01 1.596e+01
s>        ( - -1.283e+03 1 0)
s>        ( - -2.196e+03 1 0))INFO: dtree.c(1315): Comp split 21
INFO: dtree.c(1439): stop. leaf nodes are specific
INFO: dtree.c(1478): Final simple tree
|( QUESTION2_1_L -1 -6.585e+03 6.971e+01 2.727e+01
|    ( - -4.392e+02 1 0)
|    ( - -6.076e+03 4 0))
s>    ( QUESTION2_1_L -1 -6.585e+03 6.971e+01 2.727e+01
s>        ( - -4.392e+02 1 0)
s>        ( - -6.076e+03 4 0))INFO: dtree.c(1478): Final simple tree
|( QUESTION14 -1 -1.073e+04 9.352e+01 4.216e+01
|    ( - -2.236e+03 3 0)
|    ( SILENCE -1 -8.399e+03 8.916e+01 3.316e+01
|        ( - -9.199e+02 1 0)
|        ( QUESTION2_1_L -1 -7.390e+03 7.347e+01 2.914e+01
|            ( - -2.065e+02 1 0)
|            ( QUESTION2_11_L -1 -7.110e+03 6.840e+01 2.814e+01
|                ( - -2.007e+02 1 0)
|                ( WDBNDRY_E 0 -6.841e+03 6.752e+01 2.714e+01
|                    ( - -4.505e+02 1 0)
|                    ( QUESTION19 -1 -6.323e+03 6.762e+01 2.514e+01
|                        ( - -3.955e+03 4 0)
|                        ( QUESTION4 -1 -2.301e+03 6.546e+01 9.017e+00
|                            ( - -2.325e+02 1 0)
|                            ( - -2.003e+03 5 0 QUESTION0 -1 5.618e+01 8.017e+00))))))))
s>    ( QUESTION14 -1 -1.073e+04 9.352e+01 4.216e+01
s>        ( - -2.236e+03 3 0)
s>        ( SILENCE -1 -8.399e+03 8.916e+01 3.316e+01
s>            ( - -9.199e+02 1 0)
s>            ( QUESTION2_1_L -1 -7.390e+03 7.347e+01 2.914e+01
s>                ( - -2.065e+02 1 0)
s>                ( QUESTION2_11_L -1 -7.110e+03 6.840e+01 2.814e+01
s>                    ( - -2.007e+02 1 0)
s>                    ( WDBNDRY_E 0 -6.841e+03 6.752e+01 2.714e+01
s>                        ( - -4.505e+02 1 0)
s>                        ( QUESTION19 -1 -6.323e+03 6.762e+01 2.514e+01
s>                            ( - -3.955e+03 4 0)
s>                            ( QUESTION4 -1 -2.301e+03 6.546e+01 9.017e+00
s>                                ( - -2.325e+02 1 0)
s>                                ( - -2.003e+03 5 0 QUESTION0 -1 5.618e+01 8.017e+00))))))))INFO: dtree.c(1315): Comp split 22
INFO: dtree.c(1439): stop. leaf nodes are specific
INFO: dtree.c(1478): Final simple tree
|( WDBNDRY_B 0 -3.034e+03 8.574e+01 1.093e+01
|    ( - -4.152e+02 1 0)
|    ( QUESTION2 1 -2.533e+03 6.956e+01 8.925e+00
|        ( QUESTION0_9_R 1 -1.336e+03 6.878e+01 4.924e+00
|            ( - -7.457e+02 1 0)
|            ( - -5.216e+02 1 0))
|        ( QUESTION0_17_R 1 -1.127e+03 6.661e+01 4.002e+00
|            ( - -2.722e+02 1 0)
|            ( QUESTION5 1 -7.885e+02 6.422e+01 3.000e+00
|                ( - -2.238e+02 1 0)
|                ( WDBNDRY_E 0 -5.005e+02 6.068e+01 2.000e+00
|                    ( - -2.027e+02 1 0)
|                    ( - -2.371e+02 1 0))))))
s>    ( WDBNDRY_B 0 -3.034e+03 8.574e+01 1.093e+01
s>        ( - -4.152e+02 1 0)
s>        ( QUESTION2 1 -2.533e+03 6.956e+01 8.925e+00
s>            ( QUESTION0_9_R 1 -1.336e+03 6.878e+01 4.924e+00
s>                ( - -7.457e+02 1 0)
s>                ( - -5.216e+02 1 0))
s>            ( QUESTION0_17_R 1 -1.127e+03 6.661e+01 4.002e+00
s>                ( - -2.722e+02 1 0)
s>                ( QUESTION5 1 -7.885e+02 6.422e+01 3.000e+00
s>                    ( - -2.238e+02 1 0)
s>                    ( WDBNDRY_E 0 -5.005e+02 6.068e+01 2.000e+00
s>                        ( - -2.027e+02 1 0)
s>                        ( - -2.371e+02 1 0))))))INFO: dtree.c(1315): Comp split 23
INFO: dtree.c(1439): stop. leaf nodes are specific
INFO: dtree.c(1478): Final simple tree
|( QUESTION0_5_R 1 -4.227e+03 7.827e+01 1.635e+01
|    ( QUESTION0_6_R 1 -1.826e+03 8.532e+01 7.023e+00
|        ( - -7.607e+02 1 0)
|        ( - -9.803e+02 1 0))
|    ( WDBNDRY_B 0 -2.323e+03 6.560e+01 9.332e+00
|        ( QUESTION0_3_R 1 -1.330e+03 5.722e+01 5.355e+00
|            ( - -6.867e+02 1 0)
|            ( - -5.858e+02 2 0))
|        ( - -9.274e+02 1 0)))
s>    ( QUESTION0_5_R 1 -4.227e+03 7.827e+01 1.635e+01
s>        ( QUESTION0_6_R 1 -1.826e+03 8.532e+01 7.023e+00
s>            ( - -7.607e+02 1 0)
s>            ( - -9.803e+02 1 0))
s>        ( WDBNDRY_B 0 -2.323e+03 6.560e+01 9.332e+00
s>            ( QUESTION0_3_R 1 -1.330e+03 5.722e+01 5.355e+00
s>                ( - -6.867e+02 1 0)
s>                ( - -5.858e+02 2 0))
s>            ( - -9.274e+02 1 0)))INFO: dtree.c(1315): Comp split 24
INFO: dtree.c(1439): stop. leaf nodes are specific
INFO: dtree.c(1478): Final simple tree
|( WDBNDRY_B 0 -1.725e+03 6.467e+01 7.000e+00
|    ( - -1.401e+03 2 0)
|    ( - -2.595e+02 1 0))
s>    ( WDBNDRY_B 0 -1.725e+03 6.467e+01 7.000e+00
s>        ( - -1.401e+03 2 0)
s>        ( - -2.595e+02 1 0))INFO: dtree.c(1439): stop. leaf nodes are specific
INFO: dtree.c(1478): Final simple tree
|( QUESTION5 -1 -2.817e+03 8.874e+01 1.044e+01
|    ( - -4.736e+02 1 0)
|    ( WDBNDRY_I 0 -2.255e+03 7.840e+01 8.440e+00
|        ( - -1.584e+03 1 0)
|        ( WDBNDRY_B 0 -5.923e+02 8.279e+01 2.000e+00
|            ( - -1.780e+02 1 0)
|            ( - -3.315e+02 1 0))))
s>    ( QUESTION5 -1 -2.817e+03 8.874e+01 1.044e+01
s>        ( - -4.736e+02 1 0)
s>        ( WDBNDRY_I 0 -2.255e+03 7.840e+01 8.440e+00
s>            ( - -1.584e+03 1 0)
s>            ( WDBNDRY_B 0 -5.923e+02 8.279e+01 2.000e+00
s>                ( - -1.780e+02 1 0)
s>                ( - -3.315e+02 1 0))))INFO: dtree.c(1315): Comp split 25
INFO: dtree.c(1439): stop. leaf nodes are specific
INFO: dtree.c(1478): Final simple tree
|( QUESTION0 -1 -9.758e+03 1.083e+02 4.117e+01
|    ( WDBNDRY_B 0 -8.628e+03 6.580e+01 3.617e+01
|        ( QUESTION1 -1 -2.376e+03 8.936e+01 1.017e+01
|            ( - -1.334e+03 1 0)
|            ( - -9.532e+02 1 0))
|        ( QUESTION2_0_L -1 -6.186e+03 4.822e+01 2.600e+01
|            ( - -2.237e+02 1 0)
|            ( - -5.914e+03 1 0)))
|    ( - -1.022e+03 1 0))
s>    ( QUESTION0 -1 -9.758e+03 1.083e+02 4.117e+01
s>        ( WDBNDRY_B 0 -8.628e+03 6.580e+01 3.617e+01
s>            ( QUESTION1 -1 -2.376e+03 8.936e+01 1.017e+01
s>                ( - -1.334e+03 1 0)
s>                ( - -9.532e+02 1 0))
s>            ( QUESTION2_0_L -1 -6.186e+03 4.822e+01 2.600e+01
s>                ( - -2.237e+02 1 0)
s>                ( - -5.914e+03 1 0)))
s>        ( - -1.022e+03 1 0))INFO: dtree.c(1439): stop. leaf nodes are specific
INFO: dtree.c(1478): Final simple tree
|( QUESTION12 -1 -2.820e+03 8.870e+01 1.178e+01
|    ( - -6.398e+02 1 0)
|    ( QUESTION0 -1 -2.092e+03 7.605e+01 8.775e+00
|        ( - -2.006e+02 1 0)
|        ( - -1.815e+03 1 0)))
s>    ( QUESTION12 -1 -2.820e+03 8.870e+01 1.178e+01
s>        ( - -6.398e+02 1 0)
s>        ( QUESTION0 -1 -2.092e+03 7.605e+01 8.775e+00
s>            ( - -2.006e+02 1 0)
s>            ( - -1.815e+03 1 0)))INFO: dtree.c(1315): Comp split 26
INFO: dtree.c(1439): stop. leaf nodes are specific
INFO: dtree.c(1478): Final simple tree
|( WDBNDRY_E 0 -1.669e+03 9.256e+01 7.047e+00
|    ( - -6.274e+02 1 0)
|    ( - -9.493e+02 1 0))
s>    ( WDBNDRY_E 0 -1.669e+03 9.256e+01 7.047e+00
s>        ( - -6.274e+02 1 0)
s>        ( - -9.493e+02 1 0))INFO: dtree.c(1439): stop. leaf nodes are specific
INFO: dtree.c(1478): Final simple tree
|( WDBNDRY_E 0 -8.630e+03 1.034e+02 3.651e+01
|    ( - -8.553e+02 1 0)
|    ( QUESTION11 -1 -7.671e+03 9.692e+01 3.251e+01
|        ( - -3.389e+03 1 0)
|        ( - -4.186e+03 2 0)))
s>    ( WDBNDRY_E 0 -8.630e+03 1.034e+02 3.651e+01
s>        ( - -8.553e+02 1 0)
s>        ( QUESTION11 -1 -7.671e+03 9.692e+01 3.251e+01
s>            ( - -3.389e+03 1 0)
s>            ( - -4.186e+03 2 0)))INFO: dtree.c(1315): Comp split 27
INFO: dtree.c(1439): stop. leaf nodes are specific
INFO: dtree.c(1478): Final simple tree
|( WDBNDRY_B 0 -8.628e+03 6.580e+01 3.617e+01
|    ( QUESTION1 -1 -2.376e+03 8.936e+01 1.017e+01
|        ( - -1.334e+03 1 0)
|        ( - -9.532e+02 1 0))
|    ( QUESTION2_0_L -1 -6.186e+03 4.822e+01 2.600e+01
|        ( - -2.237e+02 1 0)
|        ( - -5.914e+03 1 0)))
s>    ( WDBNDRY_B 0 -8.628e+03 6.580e+01 3.617e+01
s>        ( QUESTION1 -1 -2.376e+03 8.936e+01 1.017e+01
s>            ( - -1.334e+03 1 0)
s>            ( - -9.532e+02 1 0))
s>        ( QUESTION2_0_L -1 -6.186e+03 4.822e+01 2.600e+01
s>            ( - -2.237e+02 1 0)
s>            ( - -5.914e+03 1 0)))INFO: dtree.c(1315): Comp split 28
INFO: dtree.c(1439): stop. leaf nodes are specific
INFO: dtree.c(1478): Final simple tree
|( QUESTION13 -1 -5.653e+03 6.744e+01 2.164e+01
|    ( - -1.197e+03 1 0)
|    ( WDBNDRY_B 0 -4.388e+03 5.854e+01 1.655e+01
|        ( - -3.601e+03 4 0)
|        ( QUESTION13 1 -7.283e+02 8.358e+01 3.001e+00
|            ( - -2.421e+02 1 0)
|            ( - -4.027e+02 1 0))))
s>    ( QUESTION13 -1 -5.653e+03 6.744e+01 2.164e+01
s>        ( - -1.197e+03 1 0)
s>        ( WDBNDRY_B 0 -4.388e+03 5.854e+01 1.655e+01
s>            ( - -3.601e+03 4 0)
s>            ( QUESTION13 1 -7.283e+02 8.358e+01 3.001e+00
s>                ( - -2.421e+02 1 0)
s>                ( - -4.027e+02 1 0))))INFO: dtree.c(1439): stop. leaf nodes are specific
INFO: dtree.c(1478): Final simple tree
|( WDBNDRY_E 0 -1.386e+03 9.120e+01 5.027e+00
|    ( - -4.300e+02 1 0)
|    ( - -8.647e+02 1 0))
s>    ( WDBNDRY_E 0 -1.386e+03 9.120e+01 5.027e+00
s>        ( - -4.300e+02 1 0)
s>        ( - -8.647e+02 1 0))INFO: dtree.c(1315): Comp split 29
INFO: dtree.c(1439): stop. leaf nodes are specific
INFO: dtree.c(1478): Final simple tree
|( QUESTION11 -1 -7.671e+03 9.692e+01 3.251e+01
|    ( - -3.389e+03 1 0)
|    ( - -4.186e+03 2 0))
s>    ( QUESTION11 -1 -7.671e+03 9.692e+01 3.251e+01
s>        ( - -3.389e+03 1 0)
s>        ( - -4.186e+03 2 0))INFO: dtree.c(1315): Comp split 30
INFO: dtree.c(1439): stop. leaf nodes are specific
INFO: dtree.c(1478): Final simple tree
|( QUESTION2 -1 -3.881e+03 8.080e+01 1.603e+01
|    ( QUESTION2_0_L -1 -1.222e+03 7.092e+01 5.004e+00
|        ( WDBNDRY_B 0 -9.511e+02 7.352e+01 4.003e+00
|            ( - -6.473e+02 1 0)
|            ( - -2.303e+02 1 0))
|        ( - -2.002e+02 1 0))
|    ( - -2.578e+03 1 0))
s>    ( QUESTION2 -1 -3.881e+03 8.080e+01 1.603e+01
s>        ( QUESTION2_0_L -1 -1.222e+03 7.092e+01 5.004e+00
s>            ( WDBNDRY_B 0 -9.511e+02 7.352e+01 4.003e+00
s>                ( - -6.473e+02 1 0)
s>                ( - -2.303e+02 1 0))
s>            ( - -2.002e+02 1 0))
s>        ( - -2.578e+03 1 0))INFO: dtree.c(1315): Comp split 31
INFO: dtree.c(1315): Comp split 32
INFO: dtree.c(1315): Comp split 33
INFO: dtree.c(1439): stop. leaf nodes are specific
INFO: dtree.c(1478): Final simple tree
|( QUESTION0_5_R 1 -3.151e+03 6.758e+01 1.235e+01
|    ( - -7.607e+02 1 0)
|    ( WDBNDRY_B 0 -2.323e+03 6.560e+01 9.332e+00
|        ( QUESTION0_3_R 1 -1.330e+03 5.722e+01 5.355e+00
|            ( - -6.867e+02 1 0)
|            ( - -5.858e+02 2 0))
|        ( - -9.274e+02 1 0)))
s>    ( QUESTION0_5_R 1 -3.151e+03 6.758e+01 1.235e+01
s>        ( - -7.607e+02 1 0)
s>        ( WDBNDRY_B 0 -2.323e+03 6.560e+01 9.332e+00
s>            ( QUESTION0_3_R 1 -1.330e+03 5.722e+01 5.355e+00
s>                ( - -6.867e+02 1 0)
s>                ( - -5.858e+02 2 0))
s>            ( - -9.274e+02 1 0)))INFO: dtree.c(1315): Comp split 34
INFO: dtree.c(1315): Comp split 35
INFO: dtree.c(1478): Final simple tree
|( SILENCE -1 -8.399e+03 8.916e+01 3.316e+01
|    ( - -9.199e+02 1 0)
|    ( QUESTION2_1_L -1 -7.390e+03 7.347e+01 2.914e+01
|        ( - -2.065e+02 1 0)
|        ( QUESTION2_11_L -1 -7.110e+03 6.840e+01 2.814e+01
|            ( - -2.007e+02 1 0)
|            ( WDBNDRY_E 0 -6.841e+03 6.752e+01 2.714e+01
|                ( - -4.505e+02 1 0)
|                ( QUESTION19 -1 -6.323e+03 6.762e+01 2.514e+01
|                    ( - -3.955e+03 4 0)
|                    ( QUESTION4 -1 -2.301e+03 6.546e+01 9.017e+00
|                        ( - -2.325e+02 1 0)
|                        ( QUESTION0 -1 -2.003e+03 5.618e+01 8.017e+00
|                            ( - -1.463e+03 4 0 QUESTION2_0_L -1 6.952e+01 6.016e+00)
|                            ( - -4.836e+02 1 0))))))))
s>    ( SILENCE -1 -8.399e+03 8.916e+01 3.316e+01
s>        ( - -9.199e+02 1 0)
s>        ( QUESTION2_1_L -1 -7.390e+03 7.347e+01 2.914e+01
s>            ( - -2.065e+02 1 0)
s>            ( QUESTION2_11_L -1 -7.110e+03 6.840e+01 2.814e+01
s>                ( - -2.007e+02 1 0)
s>                ( WDBNDRY_E 0 -6.841e+03 6.752e+01 2.714e+01
s>                    ( - -4.505e+02 1 0)
s>                    ( QUESTION19 -1 -6.323e+03 6.762e+01 2.514e+01
s>                        ( - -3.955e+03 4 0)
s>                        ( QUESTION4 -1 -2.301e+03 6.546e+01 9.017e+00
s>                            ( - -2.325e+02 1 0)
s>                            ( QUESTION0 -1 -2.003e+03 5.618e+01 8.017e+00
s>                                ( - -1.463e+03 4 0 QUESTION2_0_L -1 6.952e+01 6.016e+00)
s>                                ( - -4.836e+02 1 0))))))))INFO: dtree.c(1315): Comp split 36
INFO: dtree.c(1439): stop. leaf nodes are specific
INFO: dtree.c(1478): Final simple tree
|( QUESTION2_14_L -1 -7.201e+03 6.326e+01 3.001e+01
|    ( - -5.914e+03 1 0)
|    ( WDBNDRY_B 0 -1.224e+03 4.674e+01 5.011e+00
|        ( - -9.532e+02 1 0)
|        ( - -2.237e+02 1 0)))
s>    ( QUESTION2_14_L -1 -7.201e+03 6.326e+01 3.001e+01
s>        ( - -5.914e+03 1 0)
s>        ( WDBNDRY_B 0 -1.224e+03 4.674e+01 5.011e+00
s>            ( - -9.532e+02 1 0)
s>            ( - -2.237e+02 1 0)))INFO: dtree.c(1315): Comp split 37
INFO: dtree.c(1315): Comp split 38
INFO: dtree.c(1315): Comp split 39
INFO: dtree.c(1478): Final simple tree
|( QUESTION2_1_L -1 -7.390e+03 7.347e+01 2.914e+01
|    ( - -2.065e+02 1 0)
|    ( QUESTION2_11_L -1 -7.110e+03 6.840e+01 2.814e+01
|        ( - -2.007e+02 1 0)
|        ( WDBNDRY_E 0 -6.841e+03 6.752e+01 2.714e+01
|            ( - -4.505e+02 1 0)
|            ( QUESTION19 -1 -6.323e+03 6.762e+01 2.514e+01
|                ( - -3.955e+03 4 0)
|                ( QUESTION4 -1 -2.301e+03 6.546e+01 9.017e+00
|                    ( - -2.325e+02 1 0)
|                    ( QUESTION0 -1 -2.003e+03 5.618e+01 8.017e+00
|                        ( QUESTION2_0_L -1 -1.463e+03 6.952e+01 6.016e+00
|                            ( - -6.857e+02 2 0 WDBNDRY_B 0 6.550e+01 3.016e+00)
|                            ( - -7.081e+02 2 0))
|                        ( - -4.836e+02 1 0)))))))
s>    ( QUESTION2_1_L -1 -7.390e+03 7.347e+01 2.914e+01
s>        ( - -2.065e+02 1 0)
s>        ( QUESTION2_11_L -1 -7.110e+03 6.840e+01 2.814e+01
s>            ( - -2.007e+02 1 0)
s>            ( WDBNDRY_E 0 -6.841e+03 6.752e+01 2.714e+01
s>                ( - -4.505e+02 1 0)
s>                ( QUESTION19 -1 -6.323e+03 6.762e+01 2.514e+01
s>                    ( - -3.955e+03 4 0)
s>                    ( QUESTION4 -1 -2.301e+03 6.546e+01 9.017e+00
s>                        ( - -2.325e+02 1 0)
s>                        ( QUESTION0 -1 -2.003e+03 5.618e+01 8.017e+00
s>                            ( QUESTION2_0_L -1 -1.463e+03 6.952e+01 6.016e+00
s>                                ( - -6.857e+02 2 0 WDBNDRY_B 0 6.550e+01 3.016e+00)
s>                                ( - -7.081e+02 2 0))
s>                            ( - -4.836e+02 1 0)))))))INFO: dtree.c(1315): Comp split 40
INFO: dtree.c(1439): stop. leaf nodes are specific
INFO: dtree.c(1478): Final simple tree
|( WDBNDRY_I 0 -2.255e+03 7.840e+01 8.440e+00
|    ( - -1.584e+03 1 0)
|    ( WDBNDRY_B 0 -5.923e+02 8.279e+01 2.000e+00
|        ( - -1.780e+02 1 0)
|        ( - -3.315e+02 1 0)))
s>    ( WDBNDRY_I 0 -2.255e+03 7.840e+01 8.440e+00
s>        ( - -1.584e+03 1 0)
s>        ( WDBNDRY_B 0 -5.923e+02 8.279e+01 2.000e+00
s>            ( - -1.780e+02 1 0)
s>            ( - -3.315e+02 1 0)))INFO: dtree.c(1315): Comp split 41
INFO: dtree.c(1439): stop. leaf nodes are specific
INFO: dtree.c(1478): Final simple tree
|( QUESTION0 -1 -2.092e+03 7.605e+01 8.775e+00
|    ( - -2.006e+02 1 0)
|    ( - -1.815e+03 1 0))
s>    ( QUESTION0 -1 -2.092e+03 7.605e+01 8.775e+00
s>        ( - -2.006e+02 1 0)
s>        ( - -1.815e+03 1 0))INFO: dtree.c(1315): Comp split 42
INFO: dtree.c(1439): stop. leaf nodes are specific
INFO: dtree.c(1478): Final simple tree
|( SILENCE -1 -5.303e+03 6.413e+01 2.228e+01
|    ( - -2.167e+03 1 0)
|    ( - -3.072e+03 1 0))
s>    ( SILENCE -1 -5.303e+03 6.413e+01 2.228e+01
s>        ( - -2.167e+03 1 0)
s>        ( - -3.072e+03 1 0))INFO: dtree.c(1439): stop. leaf nodes are specific
INFO: dtree.c(1478): Final simple tree
|( QUESTION1 -1 -6.964e+03 8.439e+01 2.872e+01
|    ( - -2.154e+03 1 0)
|    ( QUESTION0 -1 -4.726e+03 8.065e+01 1.965e+01
|        ( - -6.447e+02 1 0)
|        ( - -4.000e+03 1 0)))
s>    ( QUESTION1 -1 -6.964e+03 8.439e+01 2.872e+01
s>        ( - -2.154e+03 1 0)
s>        ( QUESTION0 -1 -4.726e+03 8.065e+01 1.965e+01
s>            ( - -6.447e+02 1 0)
s>            ( - -4.000e+03 1 0)))INFO: dtree.c(1315): Comp split 43
INFO: dtree.c(1439): stop. leaf nodes are specific
INFO: dtree.c(1478): Final simple tree
|( QUESTION13 -1 -5.164e+03 6.937e+01 1.964e+01
|    ( - -1.197e+03 1 0)
|    ( WDBNDRY_B 0 -3.897e+03 5.375e+01 1.454e+01
|        ( - -3.601e+03 4 0)
|        ( - -2.421e+02 1 0)))
s>    ( QUESTION13 -1 -5.164e+03 6.937e+01 1.964e+01
s>        ( - -1.197e+03 1 0)
s>        ( WDBNDRY_B 0 -3.897e+03 5.375e+01 1.454e+01
s>            ( - -3.601e+03 4 0)
s>            ( - -2.421e+02 1 0)))INFO: dtree.c(1315): Comp split 44
INFO: dtree.c(1439): stop. leaf nodes are specific
INFO: dtree.c(1478): Final simple tree
|( QUESTION2 1 -2.533e+03 6.956e+01 8.925e+00
|    ( QUESTION0_9_R 1 -1.336e+03 6.878e+01 4.924e+00
|        ( - -7.457e+02 1 0)
|        ( - -5.216e+02 1 0))
|    ( QUESTION0_17_R 1 -1.127e+03 6.661e+01 4.002e+00
|        ( - -2.722e+02 1 0)
|        ( QUESTION5 1 -7.885e+02 6.422e+01 3.000e+00
|            ( - -2.238e+02 1 0)
|            ( WDBNDRY_E 0 -5.005e+02 6.068e+01 2.000e+00
|                ( - -2.027e+02 1 0)
|                ( - -2.371e+02 1 0)))))
s>    ( QUESTION2 1 -2.533e+03 6.956e+01 8.925e+00
s>        ( QUESTION0_9_R 1 -1.336e+03 6.878e+01 4.924e+00
s>            ( - -7.457e+02 1 0)
s>            ( - -5.216e+02 1 0))
s>        ( QUESTION0_17_R 1 -1.127e+03 6.661e+01 4.002e+00
s>            ( - -2.722e+02 1 0)
s>            ( QUESTION5 1 -7.885e+02 6.422e+01 3.000e+00
s>                ( - -2.238e+02 1 0)
s>                ( WDBNDRY_E 0 -5.005e+02 6.068e+01 2.000e+00
s>                    ( - -2.027e+02 1 0)
s>                    ( - -2.371e+02 1 0)))))INFO: dtree.c(1315): Comp split 45
INFO: dtree.c(1439): stop. leaf nodes are specific
INFO: dtree.c(1478): Final simple tree
|( QUESTION0 -1 -4.726e+03 8.065e+01 1.965e+01
|    ( - -6.447e+02 1 0)
|    ( - -4.000e+03 1 0))
s>    ( QUESTION0 -1 -4.726e+03 8.065e+01 1.965e+01
s>        ( - -6.447e+02 1 0)
s>        ( - -4.000e+03 1 0))INFO: dtree.c(1315): Comp split 46
INFO: dtree.c(1439): stop. leaf nodes are specific
INFO: dtree.c(1478): Final simple tree
|( QUESTION2_0_L -1 -1.222e+03 7.092e+01 5.004e+00
|    ( WDBNDRY_B 0 -9.511e+02 7.352e+01 4.003e+00
|        ( - -6.473e+02 1 0)
|        ( - -2.303e+02 1 0))
|    ( - -2.002e+02 1 0))
s>    ( QUESTION2_0_L -1 -1.222e+03 7.092e+01 5.004e+00
s>        ( WDBNDRY_B 0 -9.511e+02 7.352e+01 4.003e+00
s>            ( - -6.473e+02 1 0)
s>            ( - -2.303e+02 1 0))
s>        ( - -2.002e+02 1 0))INFO: dtree.c(1315): Comp split 47
INFO: dtree.c(1315): Comp split 48
INFO: dtree.c(1439): stop. leaf nodes are specific
INFO: dtree.c(1478): Final simple tree
|( WDBNDRY_B 0 -5.923e+02 8.279e+01 2.000e+00
|    ( - -1.780e+02 1 0)
|    ( - -3.315e+02 1 0))
s>    ( WDBNDRY_B 0 -5.923e+02 8.279e+01 2.000e+00
s>        ( - -1.780e+02 1 0)
s>        ( - -3.315e+02 1 0))INFO: dtree.c(1315): Comp split 49
INFO: dtree.c(1315): Comp split 50
INFO: dtree.c(1315): Comp split 51
INFO: dtree.c(1315): Comp split 52
INFO: dtree.c(1439): stop. leaf nodes are specific
INFO: dtree.c(1478): Final simple tree
|( QUESTION5 1 -2.186e+03 6.731e+01 7.924e+00
|    ( - -2.238e+02 1 0)
|    ( QUESTION0_17_R 1 -1.894e+03 6.265e+01 6.924e+00
|        ( - -5.216e+02 1 0)
|        ( QUESTION2 1 -1.310e+03 6.415e+01 5.020e+00
|            ( - -7.457e+02 1 0)
|            ( WDBNDRY_E 0 -5.005e+02 6.068e+01 2.000e+00
|                ( - -2.027e+02 1 0)
|                ( - -2.371e+02 1 0)))))
s>    ( QUESTION5 1 -2.186e+03 6.731e+01 7.924e+00
s>        ( - -2.238e+02 1 0)
s>        ( QUESTION0_17_R 1 -1.894e+03 6.265e+01 6.924e+00
s>            ( - -5.216e+02 1 0)
s>            ( QUESTION2 1 -1.310e+03 6.415e+01 5.020e+00
s>                ( - -7.457e+02 1 0)
s>                ( WDBNDRY_E 0 -5.005e+02 6.068e+01 2.000e+00
s>                    ( - -2.027e+02 1 0)
s>                    ( - -2.371e+02 1 0)))))INFO: dtree.c(1315): Comp split 53
INFO: dtree.c(1478): Final simple tree
|( QUESTION2_11_L -1 -7.110e+03 6.840e+01 2.814e+01
|    ( - -2.007e+02 1 0)
|    ( WDBNDRY_E 0 -6.841e+03 6.752e+01 2.714e+01
|        ( - -4.505e+02 1 0)
|        ( QUESTION19 -1 -6.323e+03 6.762e+01 2.514e+01
|            ( - -3.955e+03 4 0)
|            ( QUESTION4 -1 -2.301e+03 6.546e+01 9.017e+00
|                ( - -2.325e+02 1 0)
|                ( QUESTION0 -1 -2.003e+03 5.618e+01 8.017e+00
|                    ( QUESTION2_0_L -1 -1.463e+03 6.952e+01 6.016e+00
|                        ( WDBNDRY_B 0 -6.857e+02 6.550e+01 3.016e+00
|                            ( - -2.142e+02 1 0)
|                            ( - -4.061e+02 1 0))
|                        ( - -7.081e+02 2 0))
|                    ( - -4.836e+02 1 0))))))
s>    ( QUESTION2_11_L -1 -7.110e+03 6.840e+01 2.814e+01
s>        ( - -2.007e+02 1 0)
s>        ( WDBNDRY_E 0 -6.841e+03 6.752e+01 2.714e+01
s>            ( - -4.505e+02 1 0)
s>            ( QUESTION19 -1 -6.323e+03 6.762e+01 2.514e+01
s>                ( - -3.955e+03 4 0)
s>                ( QUESTION4 -1 -2.301e+03 6.546e+01 9.017e+00
s>                    ( - -2.325e+02 1 0)
s>                    ( QUESTION0 -1 -2.003e+03 5.618e+01 8.017e+00
s>                        ( QUESTION2_0_L -1 -1.463e+03 6.952e+01 6.016e+00
s>                            ( WDBNDRY_B 0 -6.857e+02 6.550e+01 3.016e+00
s>                                ( - -2.142e+02 1 0)
s>                                ( - -4.061e+02 1 0))
s>                            ( - -7.081e+02 2 0))
s>                        ( - -4.836e+02 1 0))))))INFO: dtree.c(1315): Comp split 54
INFO: dtree.c(1439): stop. leaf nodes are specific
INFO: dtree.c(1478): Final simple tree
|( WDBNDRY_E 0 -6.623e+03 6.831e+01 2.615e+01
|    ( - -4.505e+02 1 0)
|    ( QUESTION19 -1 -6.104e+03 6.742e+01 2.415e+01
|        ( - -3.955e+03 4 0)
|        ( QUESTION2_11_L -1 -2.082e+03 6.756e+01 8.018e+00
|            ( - -2.007e+02 1 0)
|            ( QUESTION4 -1 -1.813e+03 6.507e+01 7.018e+00
|                ( - -2.325e+02 1 0)
|                ( QUESTION0 -1 -1.516e+03 5.688e+01 6.018e+00
|                    ( WDBNDRY_B 0 -9.755e+02 5.314e+01 4.017e+00
|                        ( - -2.142e+02 1 0)
|                        ( - -7.081e+02 2 0))
|                    ( - -4.836e+02 1 0))))))
s>    ( WDBNDRY_E 0 -6.623e+03 6.831e+01 2.615e+01
s>        ( - -4.505e+02 1 0)
s>        ( QUESTION19 -1 -6.104e+03 6.742e+01 2.415e+01
s>            ( - -3.955e+03 4 0)
s>            ( QUESTION2_11_L -1 -2.082e+03 6.756e+01 8.018e+00
s>                ( - -2.007e+02 1 0)
s>                ( QUESTION4 -1 -1.813e+03 6.507e+01 7.018e+00
s>                    ( - -2.325e+02 1 0)
s>                    ( QUESTION0 -1 -1.516e+03 5.688e+01 6.018e+00
s>                        ( WDBNDRY_B 0 -9.755e+02 5.314e+01 4.017e+00
s>                            ( - -2.142e+02 1 0)
s>                            ( - -7.081e+02 2 0))
s>                        ( - -4.836e+02 1 0))))))INFO: dtree.c(1315): Comp split 55
INFO: dtree.c(1439): stop. leaf nodes are specific
INFO: dtree.c(1478): Final simple tree
|( WDBNDRY_B 0 -5.021e+02 7.163e+01 2.005e+00
|    ( - -2.002e+02 1 0)
|    ( - -2.303e+02 1 0))
s>    ( WDBNDRY_B 0 -5.021e+02 7.163e+01 2.005e+00
s>        ( - -2.002e+02 1 0)
s>        ( - -2.303e+02 1 0))INFO: dtree.c(1315): Comp split 56
INFO: dtree.c(1315): Comp split 57
INFO: dtree.c(1439): stop. leaf nodes are specific
INFO: dtree.c(1478): Final simple tree
|( QUESTION4 -1 -4.486e+03 6.703e+01 1.814e+01
|    ( - -2.007e+02 1 0)
|    ( QUESTION0 -1 -4.219e+03 4.989e+01 1.714e+01
|        ( - -2.142e+02 1 0)
|        ( - -3.955e+03 4 0)))
s>    ( QUESTION4 -1 -4.486e+03 6.703e+01 1.814e+01
s>        ( - -2.007e+02 1 0)
s>        ( QUESTION0 -1 -4.219e+03 4.989e+01 1.714e+01
s>            ( - -2.142e+02 1 0)
s>            ( - -3.955e+03 4 0)))INFO: dtree.c(1439): stop. leaf nodes are specific
INFO: dtree.c(1478): Final simple tree
|( WDBNDRY_E 0 -2.065e+03 6.837e+01 8.002e+00
|    ( - -4.505e+02 1 0)
|    ( QUESTION4 -1 -1.546e+03 6.509e+01 6.001e+00
|        ( - -2.325e+02 1 0)
|        ( WDBNDRY_B 0 -1.249e+03 5.698e+01 5.001e+00
|            ( - -4.836e+02 1 0)
|            ( - -7.081e+02 2 0))))
s>    ( WDBNDRY_E 0 -2.065e+03 6.837e+01 8.002e+00
s>        ( - -4.505e+02 1 0)
s>        ( QUESTION4 -1 -1.546e+03 6.509e+01 6.001e+00
s>            ( - -2.325e+02 1 0)
s>            ( WDBNDRY_B 0 -1.249e+03 5.698e+01 5.001e+00
s>                ( - -4.836e+02 1 0)
s>                ( - -7.081e+02 2 0))))INFO: dtree.c(1315): Comp split 58
INFO: dtree.c(1315): Comp split 59
INFO: dtree.c(1439): stop. leaf nodes are specific
INFO: dtree.c(1478): Final simple tree
|( WDBNDRY_B 0 -3.897e+03 5.375e+01 1.454e+01
|    ( - -3.601e+03 4 0)
|    ( - -2.421e+02 1 0))
s>    ( WDBNDRY_B 0 -3.897e+03 5.375e+01 1.454e+01
s>        ( - -3.601e+03 4 0)
s>        ( - -2.421e+02 1 0))INFO: dtree.c(1315): Comp split 60
INFO: dtree.c(1439): stop. leaf nodes are specific
INFO: dtree.c(1478): Final simple tree
|( WDBNDRY_B 0 -2.155e+03 6.435e+01 8.373e+00
|    ( QUESTION0_3_R 1 -1.330e+03 5.722e+01 5.355e+00
|        ( - -6.867e+02 1 0)
|        ( - -5.858e+02 2 0))
|    ( - -7.607e+02 1 0))
s>    ( WDBNDRY_B 0 -2.155e+03 6.435e+01 8.373e+00
s>        ( QUESTION0_3_R 1 -1.330e+03 5.722e+01 5.355e+00
s>            ( - -6.867e+02 1 0)
s>            ( - -5.858e+02 2 0))
s>        ( - -7.607e+02 1 0))INFO: dtree.c(1315): Comp split 61
INFO: dtree.c(1439): stop. leaf nodes are specific
INFO: dtree.c(1478): Final simple tree
|( QUESTION4 -1 -1.546e+03 6.509e+01 6.001e+00
|    ( - -2.325e+02 1 0)
|    ( WDBNDRY_B 0 -1.249e+03 5.698e+01 5.001e+00
|        ( - -4.836e+02 1 0)
|        ( - -7.081e+02 2 0)))
s>    ( QUESTION4 -1 -1.546e+03 6.509e+01 6.001e+00
s>        ( - -2.325e+02 1 0)
s>        ( WDBNDRY_B 0 -1.249e+03 5.698e+01 5.001e+00
s>            ( - -4.836e+02 1 0)
s>            ( - -7.081e+02 2 0)))INFO: dtree.c(1315): Comp split 62
INFO: dtree.c(1439): stop. leaf nodes are specific
INFO: dtree.c(1478): Final simple tree
|( QUESTION0_17_R 1 -1.894e+03 6.265e+01 6.924e+00
|    ( - -5.216e+02 1 0)
|    ( QUESTION2 1 -1.310e+03 6.415e+01 5.020e+00
|        ( - -7.457e+02 1 0)
|        ( WDBNDRY_E 0 -5.005e+02 6.068e+01 2.000e+00
|            ( - -2.027e+02 1 0)
|            ( - -2.371e+02 1 0))))
s>    ( QUESTION0_17_R 1 -1.894e+03 6.265e+01 6.924e+00
s>        ( - -5.216e+02 1 0)
s>        ( QUESTION2 1 -1.310e+03 6.415e+01 5.020e+00
s>            ( - -7.457e+02 1 0)
s>            ( WDBNDRY_E 0 -5.005e+02 6.068e+01 2.000e+00
s>                ( - -2.027e+02 1 0)
s>                ( - -2.371e+02 1 0))))INFO: dtree.c(1315): Comp split 63
INFO: dtree.c(1439): stop. leaf nodes are specific
INFO: dtree.c(1478): Final simple tree
|( QUESTION0 -1 -4.219e+03 4.989e+01 1.714e+01
|    ( - -2.142e+02 1 0)
|    ( - -3.955e+03 4 0))
s>    ( QUESTION0 -1 -4.219e+03 4.989e+01 1.714e+01
s>        ( - -2.142e+02 1 0)
s>        ( - -3.955e+03 4 0))INFO: dtree.c(1315): Comp split 64
INFO: dtree.c(1439): stop. leaf nodes are specific
INFO: dtree.c(1478): Final simple tree
|( WDBNDRY_B 0 -1.249e+03 5.698e+01 5.001e+00
|    ( - -4.836e+02 1 0)
|    ( - -7.081e+02 2 0))
s>    ( WDBNDRY_B 0 -1.249e+03 5.698e+01 5.001e+00
s>        ( - -4.836e+02 1 0)
s>        ( - -7.081e+02 2 0))INFO: dtree.c(1315): Comp split 65
INFO: dtree.c(1315): Comp split 66
INFO: dtree.c(1439): stop. leaf nodes are specific
INFO: dtree.c(1478): Final simple tree
|( QUESTION0_3_R 1 -1.330e+03 5.722e+01 5.355e+00
|    ( - -6.867e+02 1 0)
|    ( - -5.858e+02 2 0))
s>    ( QUESTION0_3_R 1 -1.330e+03 5.722e+01 5.355e+00
s>        ( - -6.867e+02 1 0)
s>        ( - -5.858e+02 2 0))INFO: dtree.c(1315): Comp split 67
INFO: dtree.c(1315): Comp split 68
INFO: dtree.c(1439): stop. leaf nodes are specific
INFO: dtree.c(1478): Final simple tree
|( WDBNDRY_B 0 -1.224e+03 4.674e+01 5.011e+00
|    ( - -9.532e+02 1 0)
|    ( - -2.237e+02 1 0))
s>    ( WDBNDRY_B 0 -1.224e+03 4.674e+01 5.011e+00
s>        ( - -9.532e+02 1 0)
s>        ( - -2.237e+02 1 0))INFO: dtree.c(1315): Comp split 69
INFO: dtree.c(1439): stop. leaf nodes are specific
INFO: dtree.c(1478): Final simple tree
|( QUESTION0_17_R 1 -1.086e+03 6.362e+01 3.904e+00
|    ( - -5.216e+02 1 0)
|    ( WDBNDRY_E 0 -5.005e+02 6.068e+01 2.000e+00
|        ( - -2.027e+02 1 0)
|        ( - -2.371e+02 1 0)))
s>    ( QUESTION0_17_R 1 -1.086e+03 6.362e+01 3.904e+00
s>        ( - -5.216e+02 1 0)
s>        ( WDBNDRY_E 0 -5.005e+02 6.068e+01 2.000e+00
s>            ( - -2.027e+02 1 0)
s>            ( - -2.371e+02 1 0)))INFO: dtree.c(1315): Comp split 70
INFO: dtree.c(1439): stop. leaf nodes are specific
INFO: dtree.c(1478): Final simple tree
|( WDBNDRY_E 0 -5.005e+02 6.068e+01 2.000e+00
|    ( - -2.027e+02 1 0)
|    ( - -2.371e+02 1 0))
s>    ( WDBNDRY_E 0 -5.005e+02 6.068e+01 2.000e+00
s>        ( - -2.027e+02 1 0)
s>        ( - -2.371e+02 1 0))INFO: dtree.c(1315): Comp split 71
INFO: dtree.c(1315): Comp split 72
INFO: dtree.c(1315): Comp split 73
INFO: dtree.c(1315): Comp split 74
INFO: dtree.c(1315): Comp split 75
INFO: dtree.c(1315): Comp split 76
INFO: dtree.c(1315): Comp split 77
INFO: dtree.c(1318): stop. leaf nodes are specific
Thu May  7 00:23:26 2020
