Current configuration:
[NAME]		[DEFLT]	[VALUE]
-allphones	no	no
-cntthresh	0.00001	1.000000e-05
-csplitmax	100	2000
-csplitmin	1	1
-csplitthr	8e-4	0.000000e+00
-example	no	no
-fullvar	no	no
-help		no	no
-meanfn			/home/abdy/Desktop/diploma/kg/model_parameters/kg.cd_cont_untied/means
-mixwfn			/home/abdy/Desktop/diploma/kg/model_parameters/kg.cd_cont_untied/mixture_weights
-moddeffn		/home/abdy/Desktop/diploma/kg/model_architecture/kg.untied.mdef
-mwfloor	1e-4	1.000000e-08
-phone			m
-psetfn			/home/abdy/Desktop/diploma/kg/model_architecture/kg.tree_questions
-ssplitmax	5	7
-ssplitmin	1	1
-ssplitthr	8e-4	0.000000e+00
-state			1
-stwt			1.0,0.05,0.0,
-treefn			/home/abdy/Desktop/diploma/kg/trees/kg.unpruned/m-1.dtree
-ts2cbfn	.semi.	.cont.
-varfloor	0.00001	1.000000e-05
-varfn			/home/abdy/Desktop/diploma/kg/model_parameters/kg.cd_cont_untied/variances

INFO: main.c(223): Reading: /home/abdy/Desktop/diploma/kg/model_architecture/kg.untied.mdef
INFO: model_def_io.c(573): Model definition info:
INFO: model_def_io.c(574): 10297 total models defined (47 base, 10250 tri)
INFO: model_def_io.c(575): 41188 total states
INFO: model_def_io.c(576): 30891 total tied states
INFO: model_def_io.c(577): 141 total tied CI states
INFO: model_def_io.c(578): 47 total tied transition matrices
INFO: model_def_io.c(579): 4 max state/model
INFO: model_def_io.c(580): 4 min state/model
INFO: main.c(242): Building trees for [m SIL a b] through [m zh k i]
INFO: main.c(269): Covering states |[13605 14915]| == 1311
INFO: main.c(275): Reading: /home/abdy/Desktop/diploma/kg/model_parameters/kg.cd_cont_untied/mixture_weights
INFO: s3mixw_io.c(173): Read /home/abdy/Desktop/diploma/kg/model_parameters/kg.cd_cont_untied/mixture_weights [1311x1x1 array]
INFO: main.c(311): 105 of 437 models have observation count greater than 0.000010
INFO: main.c(95): nrm stwt: 0.045 0.909 0.045 
INFO: s3gau_io.c(169): Read /home/abdy/Desktop/diploma/kg/model_parameters/kg.cd_cont_untied/means [30891x1x1 array]
INFO: s3gau_io.c(169): Read /home/abdy/Desktop/diploma/kg/model_parameters/kg.cd_cont_untied/variances [30891x1x1 array]
INFO: main.c(549): Reading: /home/abdy/Desktop/diploma/kg/model_architecture/kg.tree_questions
INFO: main.c(588): 174 total simple questions (166 phone; 8 word bndry)
INFO: main.c(590): 40 Left Only questions, and 42 Right Only questions
INFO: dtree.c(1478): Final simple tree
|( SILENCE -1 -1.210e+05 1.538e+03 5.144e+02
|    ( - -1.302e+04 7 0 QUESTION0_5_R 1 1.913e+02 4.685e+01)
|    ( QUESTION0_14_R 1 -1.064e+05 1.087e+03 4.676e+02
|        ( - -6.116e+03 3 0 QUESTION11 -1 1.859e+02 3.131e+01)
|        ( QUESTION2_14_L -1 -9.920e+04 4.885e+02 4.363e+02
|            ( - 2.172e+02 1 0)
|            ( SILENCE 1 -9.893e+04 4.102e+02 4.353e+02
|                ( - -1.150e+03 2 0)
|                ( QUESTION4 1 -9.737e+04 3.777e+02 4.311e+02
|                    ( - -3.137e+04 22 0 QUESTION0 -1 2.908e+02 1.455e+02)
|                    ( QUESTION2_0_L -1 -6.562e+04 3.829e+02 2.856e+02
|                        ( - -5.741e+04 59 0 QUESTION0_5_R 1 3.078e+02 2.533e+02)
|                        ( QUESTION0_2_R 1 -7.832e+03 3.233e+02 3.235e+01
|                            ( - -6.273e+03 10 0 QUESTION1 -1 1.632e+02 2.535e+01)
|                            ( - -1.236e+03 1 0))))))))
s>    ( SILENCE -1 -1.210e+05 1.538e+03 5.144e+02
s>        ( - -1.302e+04 7 0 QUESTION0_5_R 1 1.913e+02 4.685e+01)
s>        ( QUESTION0_14_R 1 -1.064e+05 1.087e+03 4.676e+02
s>            ( - -6.116e+03 3 0 QUESTION11 -1 1.859e+02 3.131e+01)
s>            ( QUESTION2_14_L -1 -9.920e+04 4.885e+02 4.363e+02
s>                ( - 2.172e+02 1 0)
s>                ( SILENCE 1 -9.893e+04 4.102e+02 4.353e+02
s>                    ( - -1.150e+03 2 0)
s>                    ( QUESTION4 1 -9.737e+04 3.777e+02 4.311e+02
s>                        ( - -3.137e+04 22 0 QUESTION0 -1 2.908e+02 1.455e+02)
s>                        ( QUESTION2_0_L -1 -6.562e+04 3.829e+02 2.856e+02
s>                            ( - -5.741e+04 59 0 QUESTION0_5_R 1 3.078e+02 2.533e+02)
s>                            ( QUESTION0_2_R 1 -7.832e+03 3.233e+02 3.235e+01
s>                                ( - -6.273e+03 10 0 QUESTION1 -1 1.632e+02 2.535e+01)
s>                                ( - -1.236e+03 1 0))))))))INFO: dtree.c(1315): Comp split 0
INFO: dtree.c(1478): Final simple tree
|( QUESTION4 -1 -9.060e+04 3.324e+02 4.058e+02
|    ( QUESTION0_9_R 1 -1.098e+04 2.530e+02 5.340e+01
|        ( - -1.236e+03 1 0)
|        ( - -9.488e+03 1 0))
|    ( QUESTION0_5_R 1 -7.929e+04 3.057e+02 3.524e+02
|        ( - -2.082e+04 16 0 QUESTION0_6_R 1 1.712e+02 9.226e+01)
|        ( QUESTION4 1 -5.817e+04 2.973e+02 2.601e+02
|            ( QUESTION0_12_R 1 -2.159e+04 1.887e+02 9.909e+01
|                ( QUESTION2_2_L -1 -4.131e+03 2.487e+02 1.890e+01
|                    ( - -1.365e+03 1 0)
|                    ( - -2.518e+03 4 0 QUESTION11 -1 1.060e+02 1.090e+01))
|                ( - -1.727e+04 16 0 QUESTION0_11_R 1 1.563e+02 8.019e+01))
|            ( QUESTION0_2_R 1 -3.628e+04 1.791e+02 1.610e+02
|                ( - -2.704e+04 32 0 QUESTION16 -1 1.690e+02 1.211e+02)
|                ( - -9.064e+03 11 0 WDBNDRY_B 0 1.419e+02 3.994e+01)))))
s>    ( QUESTION4 -1 -9.060e+04 3.324e+02 4.058e+02
s>        ( QUESTION0_9_R 1 -1.098e+04 2.530e+02 5.340e+01
s>            ( - -1.236e+03 1 0)
s>            ( - -9.488e+03 1 0))
s>        ( QUESTION0_5_R 1 -7.929e+04 3.057e+02 3.524e+02
s>            ( - -2.082e+04 16 0 QUESTION0_6_R 1 1.712e+02 9.226e+01)
s>            ( QUESTION4 1 -5.817e+04 2.973e+02 2.601e+02
s>                ( QUESTION0_12_R 1 -2.159e+04 1.887e+02 9.909e+01
s>                    ( QUESTION2_2_L -1 -4.131e+03 2.487e+02 1.890e+01
s>                        ( - -1.365e+03 1 0)
s>                        ( - -2.518e+03 4 0 QUESTION11 -1 1.060e+02 1.090e+01))
s>                    ( - -1.727e+04 16 0 QUESTION0_11_R 1 1.563e+02 8.019e+01))
s>                ( QUESTION0_2_R 1 -3.628e+04 1.791e+02 1.610e+02
s>                    ( - -2.704e+04 32 0 QUESTION16 -1 1.690e+02 1.211e+02)
s>                    ( - -9.064e+03 11 0 WDBNDRY_B 0 1.419e+02 3.994e+01)))))INFO: dtree.c(1478): Final simple tree
|( QUESTION12 -1 -2.820e+04 9.001e+02 1.086e+02
|    ( SILENCE 1 -7.159e+03 2.940e+02 3.442e+01
|        ( - -1.150e+03 2 0)
|        ( - -5.715e+03 2 0))
|    ( QUESTION2 -1 -2.015e+04 4.678e+02 7.420e+01
|        ( - 2.172e+02 1 0)
|        ( SILENCE -1 -1.990e+04 3.154e+02 7.320e+01
|            ( QUESTION0_5_R 1 -1.302e+04 1.913e+02 4.685e+01
|                ( - -6.286e+03 2 0 QUESTION0_6_R 1 9.126e+01 2.402e+01)
|                ( QUESTION0_3_R 1 -6.544e+03 1.178e+02 2.283e+01
|                    ( - -2.974e+03 3 0 QUESTION11 1 1.086e+02 1.181e+01)
|                    ( - -3.452e+03 2 0)))
|            ( QUESTION1 -1 -6.559e+03 1.668e+02 2.635e+01
|                ( - -3.309e+03 2 0 WDBNDRY_B 0 9.124e+01 1.435e+01)
|                ( - -3.083e+03 9 0 QUESTION0_7_R 1 8.872e+01 1.200e+01)))))
s>    ( QUESTION12 -1 -2.820e+04 9.001e+02 1.086e+02
s>        ( SILENCE 1 -7.159e+03 2.940e+02 3.442e+01
s>            ( - -1.150e+03 2 0)
s>            ( - -5.715e+03 2 0))
s>        ( QUESTION2 -1 -2.015e+04 4.678e+02 7.420e+01
s>            ( - 2.172e+02 1 0)
s>            ( SILENCE -1 -1.990e+04 3.154e+02 7.320e+01
s>                ( QUESTION0_5_R 1 -1.302e+04 1.913e+02 4.685e+01
s>                    ( - -6.286e+03 2 0 QUESTION0_6_R 1 9.126e+01 2.402e+01)
s>                    ( QUESTION0_3_R 1 -6.544e+03 1.178e+02 2.283e+01
s>                        ( - -2.974e+03 3 0 QUESTION11 1 1.086e+02 1.181e+01)
s>                        ( - -3.452e+03 2 0)))
s>                ( QUESTION1 -1 -6.559e+03 1.668e+02 2.635e+01
s>                    ( - -3.309e+03 2 0 WDBNDRY_B 0 9.124e+01 1.435e+01)
s>                    ( - -3.083e+03 9 0 QUESTION0_7_R 1 8.872e+01 1.200e+01)))))INFO: dtree.c(1315): Comp split 1
INFO: dtree.c(1478): Final simple tree
|( QUESTION2 -1 -2.150e+04 4.684e+02 7.831e+01
|    ( - 2.172e+02 1 0)
|    ( SILENCE -1 -2.125e+04 2.990e+02 7.731e+01
|        ( QUESTION0_5_R 1 -1.302e+04 1.913e+02 4.685e+01
|            ( - -6.286e+03 2 0 QUESTION0_6_R 1 9.126e+01 2.402e+01)
|            ( QUESTION0_3_R 1 -6.544e+03 1.178e+02 2.283e+01
|                ( QUESTION11 1 -2.974e+03 1.086e+02 1.181e+01
|                    ( - -1.258e+03 1 0)
|                    ( - -1.607e+03 2 0))
|                ( - -3.452e+03 2 0)))
|        ( SILENCE 1 -7.928e+03 2.195e+02 3.047e+01
|            ( - -1.150e+03 2 0)
|            ( QUESTION1 -1 -6.559e+03 1.668e+02 2.635e+01
|                ( - -3.309e+03 2 0 WDBNDRY_B 0 9.124e+01 1.435e+01)
|                ( - -3.083e+03 9 0 QUESTION0_7_R 1 8.872e+01 1.200e+01)))))
s>    ( QUESTION2 -1 -2.150e+04 4.684e+02 7.831e+01
s>        ( - 2.172e+02 1 0)
s>        ( SILENCE -1 -2.125e+04 2.990e+02 7.731e+01
s>            ( QUESTION0_5_R 1 -1.302e+04 1.913e+02 4.685e+01
s>                ( - -6.286e+03 2 0 QUESTION0_6_R 1 9.126e+01 2.402e+01)
s>                ( QUESTION0_3_R 1 -6.544e+03 1.178e+02 2.283e+01
s>                    ( QUESTION11 1 -2.974e+03 1.086e+02 1.181e+01
s>                        ( - -1.258e+03 1 0)
s>                        ( - -1.607e+03 2 0))
s>                    ( - -3.452e+03 2 0)))
s>            ( SILENCE 1 -7.928e+03 2.195e+02 3.047e+01
s>                ( - -1.150e+03 2 0)
s>                ( QUESTION1 -1 -6.559e+03 1.668e+02 2.635e+01
s>                    ( - -3.309e+03 2 0 WDBNDRY_B 0 9.124e+01 1.435e+01)
s>                    ( - -3.083e+03 9 0 QUESTION0_7_R 1 8.872e+01 1.200e+01)))))INFO: dtree.c(1315): Comp split 2
INFO: dtree.c(1478): Final simple tree
|( SILENCE -1 -2.125e+04 2.990e+02 7.731e+01
|    ( QUESTION0_5_R 1 -1.302e+04 1.913e+02 4.685e+01
|        ( QUESTION0_6_R 1 -6.286e+03 9.126e+01 2.402e+01
|            ( - -4.833e+03 1 0)
|            ( - -1.361e+03 1 0))
|        ( QUESTION0_3_R 1 -6.544e+03 1.178e+02 2.283e+01
|            ( QUESTION11 1 -2.974e+03 1.086e+02 1.181e+01
|                ( - -1.258e+03 1 0)
|                ( - -1.607e+03 2 0))
|            ( - -3.452e+03 2 0)))
|    ( SILENCE 1 -7.928e+03 2.195e+02 3.047e+01
|        ( - -1.150e+03 2 0)
|        ( QUESTION1 -1 -6.559e+03 1.668e+02 2.635e+01
|            ( - -3.309e+03 2 0 WDBNDRY_B 0 9.124e+01 1.435e+01)
|            ( - -3.083e+03 9 0 QUESTION0_7_R 1 8.872e+01 1.200e+01))))
s>    ( SILENCE -1 -2.125e+04 2.990e+02 7.731e+01
s>        ( QUESTION0_5_R 1 -1.302e+04 1.913e+02 4.685e+01
s>            ( QUESTION0_6_R 1 -6.286e+03 9.126e+01 2.402e+01
s>                ( - -4.833e+03 1 0)
s>                ( - -1.361e+03 1 0))
s>            ( QUESTION0_3_R 1 -6.544e+03 1.178e+02 2.283e+01
s>                ( QUESTION11 1 -2.974e+03 1.086e+02 1.181e+01
s>                    ( - -1.258e+03 1 0)
s>                    ( - -1.607e+03 2 0))
s>                ( - -3.452e+03 2 0)))
s>        ( SILENCE 1 -7.928e+03 2.195e+02 3.047e+01
s>            ( - -1.150e+03 2 0)
s>            ( QUESTION1 -1 -6.559e+03 1.668e+02 2.635e+01
s>                ( - -3.309e+03 2 0 WDBNDRY_B 0 9.124e+01 1.435e+01)
s>                ( - -3.083e+03 9 0 QUESTION0_7_R 1 8.872e+01 1.200e+01))))INFO: dtree.c(1315): Comp split 3
INFO: dtree.c(1478): Final simple tree
|( QUESTION2_1_L -1 -3.272e+04 1.764e+02 1.431e+02
|    ( WDBNDRY_B 0 -1.030e+04 1.833e+02 4.691e+01
|        ( - -1.818e+03 2 0 QUESTION0_6_R 1 1.228e+02 8.993e+00)
|        ( WDBNDRY_E 0 -8.295e+03 1.662e+02 3.792e+01
|            ( QUESTION0_20_R 1 -9.254e+02 5.338e+02 5.000e+00
|                ( - 2.088e+02 1 0)
|                ( - -6.003e+02 1 0))
|            ( QUESTION0_9_R 1 -7.203e+03 1.673e+02 3.292e+01
|                ( - -2.181e+03 2 0)
|                ( - -4.855e+03 5 0 QUESTION0_8_R 1 1.256e+02 2.192e+01))))
|    ( QUESTION0_20_R 1 -2.225e+04 2.411e+02 9.618e+01
|        ( - -2.186e+02 1 0)
|        ( QUESTION19 -1 -2.179e+04 1.656e+02 9.418e+01
|            ( - -1.634e+04 13 0 QUESTION0 1 1.624e+02 7.017e+01)
|            ( - -5.282e+03 6 0 QUESTION16 -1 1.531e+02 2.401e+01))))
s>    ( QUESTION2_1_L -1 -3.272e+04 1.764e+02 1.431e+02
s>        ( WDBNDRY_B 0 -1.030e+04 1.833e+02 4.691e+01
s>            ( - -1.818e+03 2 0 QUESTION0_6_R 1 1.228e+02 8.993e+00)
s>            ( WDBNDRY_E 0 -8.295e+03 1.662e+02 3.792e+01
s>                ( QUESTION0_20_R 1 -9.254e+02 5.338e+02 5.000e+00
s>                    ( - 2.088e+02 1 0)
s>                    ( - -6.003e+02 1 0))
s>                ( QUESTION0_9_R 1 -7.203e+03 1.673e+02 3.292e+01
s>                    ( - -2.181e+03 2 0)
s>                    ( - -4.855e+03 5 0 QUESTION0_8_R 1 1.256e+02 2.192e+01))))
s>        ( QUESTION0_20_R 1 -2.225e+04 2.411e+02 9.618e+01
s>            ( - -2.186e+02 1 0)
s>            ( QUESTION19 -1 -2.179e+04 1.656e+02 9.418e+01
s>                ( - -1.634e+04 13 0 QUESTION0 1 1.624e+02 7.017e+01)
s>                ( - -5.282e+03 6 0 QUESTION16 -1 1.531e+02 2.401e+01))))INFO: dtree.c(1478): Final simple tree
|( QUESTION0_11_R 1 -5.746e+04 2.953e+02 2.627e+02
|    ( QUESTION0 -1 -1.965e+04 2.326e+02 9.370e+01
|        ( - -9.488e+03 1 0)
|        ( QUESTION0_12_R 1 -9.932e+03 2.262e+02 4.730e+01
|            ( - -1.365e+03 1 0)
|            ( - -8.341e+03 8 0 QUESTION2_2_L -1 1.226e+02 3.930e+01)))
|    ( QUESTION0_9_R 1 -3.751e+04 2.669e+02 1.690e+02
|        ( - -1.236e+03 1 0)
|        ( QUESTION0_2_R 1 -3.600e+04 1.959e+02 1.620e+02
|            ( QUESTION16 -1 -2.704e+04 1.690e+02 1.211e+02
|                ( WDBNDRY_B 0 -1.177e+03 1.871e+02 6.000e+00
|                    ( - -2.575e+02 1 0)
|                    ( - -7.325e+02 2 0 QUESTION11 1 2.063e+02 4.000e+00))
|                ( - -2.569e+04 29 0 QUESTION2_2_L -1 1.521e+02 1.151e+02))
|            ( - -8.774e+03 8 0 QUESTION2_1_L -1 1.628e+02 4.089e+01))))
s>    ( QUESTION0_11_R 1 -5.746e+04 2.953e+02 2.627e+02
s>        ( QUESTION0 -1 -1.965e+04 2.326e+02 9.370e+01
s>            ( - -9.488e+03 1 0)
s>            ( QUESTION0_12_R 1 -9.932e+03 2.262e+02 4.730e+01
s>                ( - -1.365e+03 1 0)
s>                ( - -8.341e+03 8 0 QUESTION2_2_L -1 1.226e+02 3.930e+01)))
s>        ( QUESTION0_9_R 1 -3.751e+04 2.669e+02 1.690e+02
s>            ( - -1.236e+03 1 0)
s>            ( QUESTION0_2_R 1 -3.600e+04 1.959e+02 1.620e+02
s>                ( QUESTION16 -1 -2.704e+04 1.690e+02 1.211e+02
s>                    ( WDBNDRY_B 0 -1.177e+03 1.871e+02 6.000e+00
s>                        ( - -2.575e+02 1 0)
s>                        ( - -7.325e+02 2 0 QUESTION11 1 2.063e+02 4.000e+00))
s>                    ( - -2.569e+04 29 0 QUESTION2_2_L -1 1.521e+02 1.151e+02))
s>                ( - -8.774e+03 8 0 QUESTION2_1_L -1 1.628e+02 4.089e+01))))INFO: dtree.c(1315): Comp split 4
INFO: dtree.c(1478): Final simple tree
|( QUESTION2_1_L -1 -3.245e+04 1.733e+02 1.421e+02
|    ( WDBNDRY_E 0 -1.003e+04 2.322e+02 4.591e+01
|        ( - -6.003e+02 1 0)
|        ( WDBNDRY_B 0 -9.199e+03 1.776e+02 4.191e+01
|            ( - -1.818e+03 2 0 QUESTION0_6_R 1 1.228e+02 8.993e+00)
|            ( QUESTION0_9_R 1 -7.203e+03 1.673e+02 3.292e+01
|                ( - -2.181e+03 2 0)
|                ( - -4.855e+03 5 0 QUESTION0_8_R 1 1.256e+02 2.192e+01))))
|    ( QUESTION0_20_R 1 -2.225e+04 2.411e+02 9.618e+01
|        ( - -2.186e+02 1 0)
|        ( QUESTION19 -1 -2.179e+04 1.656e+02 9.418e+01
|            ( QUESTION0 1 -1.634e+04 1.624e+02 7.017e+01
|                ( - -2.896e+03 4 0 QUESTION0_9_R 1 1.271e+02 1.290e+01)
|                ( - -1.328e+04 9 0 QUESTION0_6_R 1 1.774e+02 5.727e+01))
|            ( - -5.282e+03 6 0 QUESTION16 -1 1.531e+02 2.401e+01))))
s>    ( QUESTION2_1_L -1 -3.245e+04 1.733e+02 1.421e+02
s>        ( WDBNDRY_E 0 -1.003e+04 2.322e+02 4.591e+01
s>            ( - -6.003e+02 1 0)
s>            ( WDBNDRY_B 0 -9.199e+03 1.776e+02 4.191e+01
s>                ( - -1.818e+03 2 0 QUESTION0_6_R 1 1.228e+02 8.993e+00)
s>                ( QUESTION0_9_R 1 -7.203e+03 1.673e+02 3.292e+01
s>                    ( - -2.181e+03 2 0)
s>                    ( - -4.855e+03 5 0 QUESTION0_8_R 1 1.256e+02 2.192e+01))))
s>        ( QUESTION0_20_R 1 -2.225e+04 2.411e+02 9.618e+01
s>            ( - -2.186e+02 1 0)
s>            ( QUESTION19 -1 -2.179e+04 1.656e+02 9.418e+01
s>                ( QUESTION0 1 -1.634e+04 1.624e+02 7.017e+01
s>                    ( - -2.896e+03 4 0 QUESTION0_9_R 1 1.271e+02 1.290e+01)
s>                    ( - -1.328e+04 9 0 QUESTION0_6_R 1 1.774e+02 5.727e+01))
s>                ( - -5.282e+03 6 0 QUESTION16 -1 1.531e+02 2.401e+01))))INFO: dtree.c(1315): Comp split 5
INFO: dtree.c(1478): Final simple tree
|( QUESTION0_2_R 1 -3.600e+04 1.959e+02 1.620e+02
|    ( QUESTION16 -1 -2.704e+04 1.690e+02 1.211e+02
|        ( WDBNDRY_B 0 -1.177e+03 1.871e+02 6.000e+00
|            ( - -2.575e+02 1 0)
|            ( QUESTION11 1 -7.325e+02 2.063e+02 4.000e+00
|                ( - -3.179e+02 1 0)
|                ( - -2.083e+02 1 0)))
|        ( QUESTION2_2_L -1 -2.569e+04 1.521e+02 1.151e+02
|            ( - -9.960e+02 1 0)
|            ( - -2.454e+04 28 0 QUESTION14 -1 1.307e+02 1.101e+02)))
|    ( QUESTION2_1_L -1 -8.774e+03 1.628e+02 4.089e+01
|        ( QUESTION7 1 -5.214e+03 1.484e+02 2.489e+01
|            ( - -2.543e+03 2 0 WDBNDRY_E 0 1.451e+02 1.200e+01)
|            ( - -2.523e+03 2 0 WDBNDRY_E 0 1.078e+02 1.289e+01))
|        ( - -3.397e+03 4 0 WDBNDRY_E 0 1.158e+02 1.599e+01)))
s>    ( QUESTION0_2_R 1 -3.600e+04 1.959e+02 1.620e+02
s>        ( QUESTION16 -1 -2.704e+04 1.690e+02 1.211e+02
s>            ( WDBNDRY_B 0 -1.177e+03 1.871e+02 6.000e+00
s>                ( - -2.575e+02 1 0)
s>                ( QUESTION11 1 -7.325e+02 2.063e+02 4.000e+00
s>                    ( - -3.179e+02 1 0)
s>                    ( - -2.083e+02 1 0)))
s>            ( QUESTION2_2_L -1 -2.569e+04 1.521e+02 1.151e+02
s>                ( - -9.960e+02 1 0)
s>                ( - -2.454e+04 28 0 QUESTION14 -1 1.307e+02 1.101e+02)))
s>        ( QUESTION2_1_L -1 -8.774e+03 1.628e+02 4.089e+01
s>            ( QUESTION7 1 -5.214e+03 1.484e+02 2.489e+01
s>                ( - -2.543e+03 2 0 WDBNDRY_E 0 1.451e+02 1.200e+01)
s>                ( - -2.523e+03 2 0 WDBNDRY_E 0 1.078e+02 1.289e+01))
s>            ( - -3.397e+03 4 0 WDBNDRY_E 0 1.158e+02 1.599e+01)))INFO: dtree.c(1439): stop. leaf nodes are specific
INFO: dtree.c(1478): Final simple tree
|( QUESTION0_9_R 1 -2.114e+04 2.548e+02 1.007e+02
|    ( - -1.236e+03 1 0)
|    ( QUESTION0 -1 -1.965e+04 2.326e+02 9.370e+01
|        ( - -9.488e+03 1 0)
|        ( QUESTION0_12_R 1 -9.932e+03 2.262e+02 4.730e+01
|            ( - -1.365e+03 1 0)
|            ( QUESTION2_2_L -1 -8.341e+03 1.226e+02 3.930e+01
|                ( - -5.967e+02 1 0)
|                ( WDBNDRY_E 0 -7.622e+03 1.289e+02 3.630e+01
|                    ( - -2.237e+03 2 0)
|                    ( QUESTION11 -1 -5.256e+03 1.276e+02 2.530e+01
|                        ( - -9.617e+02 1 0)
|                        ( - -4.167e+03 4 0)))))))
s>    ( QUESTION0_9_R 1 -2.114e+04 2.548e+02 1.007e+02
s>        ( - -1.236e+03 1 0)
s>        ( QUESTION0 -1 -1.965e+04 2.326e+02 9.370e+01
s>            ( - -9.488e+03 1 0)
s>            ( QUESTION0_12_R 1 -9.932e+03 2.262e+02 4.730e+01
s>                ( - -1.365e+03 1 0)
s>                ( QUESTION2_2_L -1 -8.341e+03 1.226e+02 3.930e+01
s>                    ( - -5.967e+02 1 0)
s>                    ( WDBNDRY_E 0 -7.622e+03 1.289e+02 3.630e+01
s>                        ( - -2.237e+03 2 0)
s>                        ( QUESTION11 -1 -5.256e+03 1.276e+02 2.530e+01
s>                            ( - -9.617e+02 1 0)
s>                            ( - -4.167e+03 4 0)))))))INFO: dtree.c(1315): Comp split 6
INFO: dtree.c(1478): Final simple tree
|( QUESTION1 -1 -6.559e+03 1.668e+02 2.635e+01
|    ( WDBNDRY_B 0 -3.309e+03 9.124e+01 1.435e+01
|        ( - -4.330e+02 1 0)
|        ( - -2.785e+03 1 0))
|    ( QUESTION0_7_R 1 -3.083e+03 8.872e+01 1.200e+01
|        ( WDBNDRY_B 0 -7.110e+02 2.010e+02 3.000e+00
|            ( - -2.756e+02 1 0)
|            ( - -2.344e+02 1 0))
|        ( QUESTION2_6_L -1 -2.283e+03 4.879e+02 9.000e+00
|            ( - 2.173e+02 1 0)
|            ( QUESTION5 -1 -2.013e+03 7.834e+01 8.000e+00
|                ( - -4.272e+02 1 0)
|                ( WDBNDRY_E 0 -1.507e+03 6.613e+01 6.000e+00
|                    ( - -2.155e+02 1 0)
|                    ( - -1.226e+03 4 0 QUESTION0_3_R 1 5.514e+01 5.000e+00))))))
s>    ( QUESTION1 -1 -6.559e+03 1.668e+02 2.635e+01
s>        ( WDBNDRY_B 0 -3.309e+03 9.124e+01 1.435e+01
s>            ( - -4.330e+02 1 0)
s>            ( - -2.785e+03 1 0))
s>        ( QUESTION0_7_R 1 -3.083e+03 8.872e+01 1.200e+01
s>            ( WDBNDRY_B 0 -7.110e+02 2.010e+02 3.000e+00
s>                ( - -2.756e+02 1 0)
s>                ( - -2.344e+02 1 0))
s>            ( QUESTION2_6_L -1 -2.283e+03 4.879e+02 9.000e+00
s>                ( - 2.173e+02 1 0)
s>                ( QUESTION5 -1 -2.013e+03 7.834e+01 8.000e+00
s>                    ( - -4.272e+02 1 0)
s>                    ( WDBNDRY_E 0 -1.507e+03 6.613e+01 6.000e+00
s>                        ( - -2.155e+02 1 0)
s>                        ( - -1.226e+03 4 0 QUESTION0_3_R 1 5.514e+01 5.000e+00))))))INFO: dtree.c(1439): stop. leaf nodes are specific
INFO: dtree.c(1478): Final simple tree
|( QUESTION0_5_R 1 -1.439e+04 2.167e+02 5.096e+01
|    ( QUESTION0_6_R 1 -6.286e+03 9.126e+01 2.402e+01
|        ( - -4.833e+03 1 0)
|        ( - -1.361e+03 1 0))
|    ( WDBNDRY_B 0 -7.883e+03 1.900e+02 2.694e+01
|        ( QUESTION0_3_R 1 -6.544e+03 1.178e+02 2.283e+01
|            ( QUESTION11 1 -2.974e+03 1.086e+02 1.181e+01
|                ( - -1.258e+03 1 0)
|                ( - -1.607e+03 2 0))
|            ( - -3.452e+03 2 0))
|        ( - -1.150e+03 2 0)))
s>    ( QUESTION0_5_R 1 -1.439e+04 2.167e+02 5.096e+01
s>        ( QUESTION0_6_R 1 -6.286e+03 9.126e+01 2.402e+01
s>            ( - -4.833e+03 1 0)
s>            ( - -1.361e+03 1 0))
s>        ( WDBNDRY_B 0 -7.883e+03 1.900e+02 2.694e+01
s>            ( QUESTION0_3_R 1 -6.544e+03 1.178e+02 2.283e+01
s>                ( QUESTION11 1 -2.974e+03 1.086e+02 1.181e+01
s>                    ( - -1.258e+03 1 0)
s>                    ( - -1.607e+03 2 0))
s>                ( - -3.452e+03 2 0))
s>            ( - -1.150e+03 2 0)))INFO: dtree.c(1315): Comp split 7
INFO: dtree.c(1478): Final simple tree
|( QUESTION1 -1 -6.285e+03 1.649e+02 2.535e+01
|    ( WDBNDRY_B 0 -3.309e+03 9.124e+01 1.435e+01
|        ( - -4.330e+02 1 0)
|        ( - -2.785e+03 1 0))
|    ( QUESTION0_7_R 1 -2.811e+03 8.695e+01 1.100e+01
|        ( WDBNDRY_B 0 -7.110e+02 2.010e+02 3.000e+00
|            ( - -2.756e+02 1 0)
|            ( - -2.344e+02 1 0))
|        ( QUESTION5 -1 -2.013e+03 7.834e+01 8.000e+00
|            ( - -4.272e+02 1 0)
|            ( WDBNDRY_E 0 -1.507e+03 6.613e+01 6.000e+00
|                ( - -2.155e+02 1 0)
|                ( QUESTION0_3_R 1 -1.226e+03 5.514e+01 5.000e+00
|                    ( - -9.512e+02 3 0 QUESTION11 1 4.647e+02 4.000e+00)
|                    ( - -2.194e+02 1 0))))))
s>    ( QUESTION1 -1 -6.285e+03 1.649e+02 2.535e+01
s>        ( WDBNDRY_B 0 -3.309e+03 9.124e+01 1.435e+01
s>            ( - -4.330e+02 1 0)
s>            ( - -2.785e+03 1 0))
s>        ( QUESTION0_7_R 1 -2.811e+03 8.695e+01 1.100e+01
s>            ( WDBNDRY_B 0 -7.110e+02 2.010e+02 3.000e+00
s>                ( - -2.756e+02 1 0)
s>                ( - -2.344e+02 1 0))
s>            ( QUESTION5 -1 -2.013e+03 7.834e+01 8.000e+00
s>                ( - -4.272e+02 1 0)
s>                ( WDBNDRY_E 0 -1.507e+03 6.613e+01 6.000e+00
s>                    ( - -2.155e+02 1 0)
s>                    ( QUESTION0_3_R 1 -1.226e+03 5.514e+01 5.000e+00
s>                        ( - -9.512e+02 3 0 QUESTION11 1 4.647e+02 4.000e+00)
s>                        ( - -2.194e+02 1 0))))))INFO: dtree.c(1315): Comp split 8
INFO: dtree.c(1439): stop. leaf nodes are specific
INFO: dtree.c(1478): Final simple tree
|( QUESTION0_12_R 1 -1.803e+04 1.986e+02 8.570e+01
|    ( - -9.488e+03 1 0)
|    ( QUESTION2_2_L -1 -8.341e+03 1.226e+02 3.930e+01
|        ( - -5.967e+02 1 0)
|        ( WDBNDRY_E 0 -7.622e+03 1.289e+02 3.630e+01
|            ( - -2.237e+03 2 0)
|            ( QUESTION11 -1 -5.256e+03 1.276e+02 2.530e+01
|                ( - -9.617e+02 1 0)
|                ( - -4.167e+03 4 0)))))
s>    ( QUESTION0_12_R 1 -1.803e+04 1.986e+02 8.570e+01
s>        ( - -9.488e+03 1 0)
s>        ( QUESTION2_2_L -1 -8.341e+03 1.226e+02 3.930e+01
s>            ( - -5.967e+02 1 0)
s>            ( WDBNDRY_E 0 -7.622e+03 1.289e+02 3.630e+01
s>                ( - -2.237e+03 2 0)
s>                ( QUESTION11 -1 -5.256e+03 1.276e+02 2.530e+01
s>                    ( - -9.617e+02 1 0)
s>                    ( - -4.167e+03 4 0)))))INFO: dtree.c(1439): stop. leaf nodes are specific
INFO: dtree.c(1478): Final simple tree
|( WDBNDRY_E 0 -2.849e+03 2.485e+02 1.500e+01
|    ( - -1.365e+03 1 0)
|    ( - -1.236e+03 1 0))
s>    ( WDBNDRY_E 0 -2.849e+03 2.485e+02 1.500e+01
s>        ( - -1.365e+03 1 0)
s>        ( - -1.236e+03 1 0))INFO: dtree.c(1315): Comp split 9
INFO: dtree.c(1315): Comp split 10
INFO: dtree.c(1478): Final simple tree
|( QUESTION2_1_L -1 -3.199e+04 1.750e+02 1.401e+02
|    ( WDBNDRY_E 0 -1.003e+04 2.322e+02 4.591e+01
|        ( - -6.003e+02 1 0)
|        ( WDBNDRY_B 0 -9.199e+03 1.776e+02 4.191e+01
|            ( - -1.818e+03 2 0 QUESTION0_6_R 1 1.228e+02 8.993e+00)
|            ( QUESTION0_9_R 1 -7.203e+03 1.673e+02 3.292e+01
|                ( - -2.181e+03 2 0)
|                ( - -4.855e+03 5 0 QUESTION0_8_R 1 1.256e+02 2.192e+01))))
|    ( QUESTION19 -1 -2.179e+04 1.656e+02 9.418e+01
|        ( QUESTION0 1 -1.634e+04 1.624e+02 7.017e+01
|            ( - -2.896e+03 4 0 QUESTION0_9_R 1 1.271e+02 1.290e+01)
|            ( QUESTION0_6_R 1 -1.328e+04 1.774e+02 5.727e+01
|                ( - -4.984e+03 4 0 WDBNDRY_B 0 1.073e+02 2.136e+01)
|                ( - -8.121e+03 5 0 QUESTION0_2_R 1 1.067e+02 3.591e+01)))
|        ( - -5.282e+03 6 0 QUESTION16 -1 1.531e+02 2.401e+01)))
s>    ( QUESTION2_1_L -1 -3.199e+04 1.750e+02 1.401e+02
s>        ( WDBNDRY_E 0 -1.003e+04 2.322e+02 4.591e+01
s>            ( - -6.003e+02 1 0)
s>            ( WDBNDRY_B 0 -9.199e+03 1.776e+02 4.191e+01
s>                ( - -1.818e+03 2 0 QUESTION0_6_R 1 1.228e+02 8.993e+00)
s>                ( QUESTION0_9_R 1 -7.203e+03 1.673e+02 3.292e+01
s>                    ( - -2.181e+03 2 0)
s>                    ( - -4.855e+03 5 0 QUESTION0_8_R 1 1.256e+02 2.192e+01))))
s>        ( QUESTION19 -1 -2.179e+04 1.656e+02 9.418e+01
s>            ( QUESTION0 1 -1.634e+04 1.624e+02 7.017e+01
s>                ( - -2.896e+03 4 0 QUESTION0_9_R 1 1.271e+02 1.290e+01)
s>                ( QUESTION0_6_R 1 -1.328e+04 1.774e+02 5.727e+01
s>                    ( - -4.984e+03 4 0 WDBNDRY_B 0 1.073e+02 2.136e+01)
s>                    ( - -8.121e+03 5 0 QUESTION0_2_R 1 1.067e+02 3.591e+01)))
s>            ( - -5.282e+03 6 0 QUESTION16 -1 1.531e+02 2.401e+01)))INFO: dtree.c(1315): Comp split 11
INFO: dtree.c(1439): stop. leaf nodes are specific
INFO: dtree.c(1478): Final simple tree
|( QUESTION0_10_R 1 -8.028e+03 1.520e+02 3.426e+01
|    ( WDBNDRY_E 0 -1.964e+03 1.300e+02 8.901e+00
|        ( - -6.925e+02 2 0)
|        ( - -1.141e+03 1 0))
|    ( QUESTION0_2_R 1 -5.912e+03 1.236e+02 2.536e+01
|        ( WDBNDRY_B 0 -4.984e+03 1.073e+02 2.136e+01
|            ( - -2.050e+03 3 0)
|            ( - -2.827e+03 1 0))
|        ( - -8.048e+02 1 0)))
s>    ( QUESTION0_10_R 1 -8.028e+03 1.520e+02 3.426e+01
s>        ( WDBNDRY_E 0 -1.964e+03 1.300e+02 8.901e+00
s>            ( - -6.925e+02 2 0)
s>            ( - -1.141e+03 1 0))
s>        ( QUESTION0_2_R 1 -5.912e+03 1.236e+02 2.536e+01
s>            ( WDBNDRY_B 0 -4.984e+03 1.073e+02 2.136e+01
s>                ( - -2.050e+03 3 0)
s>                ( - -2.827e+03 1 0))
s>            ( - -8.048e+02 1 0)))INFO: dtree.c(1478): Final simple tree
|( QUESTION19 1 -2.373e+04 1.841e+02 1.058e+02
|    ( QUESTION16 -1 -1.794e+04 1.565e+02 8.089e+01
|        ( - -5.048e+02 1 0)
|        ( QUESTION19 -1 -1.728e+04 1.467e+02 7.789e+01
|            ( WDBNDRY_B 0 -9.732e+03 1.859e+02 4.390e+01
|                ( - -1.818e+03 2 0 QUESTION0_6_R 1 1.228e+02 8.993e+00)
|                ( QUESTION2_1_L -1 -7.728e+03 2.093e+02 3.491e+01
|                    ( - -6.003e+02 1 0)
|                    ( - -6.918e+03 4 0 WDBNDRY_E 0 1.090e+02 3.091e+01)))
|            ( QUESTION0_2_R 1 -7.401e+03 1.590e+02 3.399e+01
|                ( QUESTION15 -1 -6.463e+03 1.513e+02 2.999e+01
|                    ( - -1.163e+03 1 0)
|                    ( - -5.149e+03 5 0 QUESTION12 -1 1.349e+02 2.399e+01))
|                ( - -7.783e+02 1 0))))
|    ( - -5.601e+03 6 0 QUESTION0_9_R 1 1.430e+02 2.494e+01))
s>    ( QUESTION19 1 -2.373e+04 1.841e+02 1.058e+02
s>        ( QUESTION16 -1 -1.794e+04 1.565e+02 8.089e+01
s>            ( - -5.048e+02 1 0)
s>            ( QUESTION19 -1 -1.728e+04 1.467e+02 7.789e+01
s>                ( WDBNDRY_B 0 -9.732e+03 1.859e+02 4.390e+01
s>                    ( - -1.818e+03 2 0 QUESTION0_6_R 1 1.228e+02 8.993e+00)
s>                    ( QUESTION2_1_L -1 -7.728e+03 2.093e+02 3.491e+01
s>                        ( - -6.003e+02 1 0)
s>                        ( - -6.918e+03 4 0 WDBNDRY_E 0 1.090e+02 3.091e+01)))
s>                ( QUESTION0_2_R 1 -7.401e+03 1.590e+02 3.399e+01
s>                    ( QUESTION15 -1 -6.463e+03 1.513e+02 2.999e+01
s>                        ( - -1.163e+03 1 0)
s>                        ( - -5.149e+03 5 0 QUESTION12 -1 1.349e+02 2.399e+01))
s>                    ( - -7.783e+02 1 0))))
s>        ( - -5.601e+03 6 0 QUESTION0_9_R 1 1.430e+02 2.494e+01))INFO: dtree.c(1315): Comp split 12
INFO: dtree.c(1478): Final simple tree
|( QUESTION0_2_R 1 -3.557e+04 1.956e+02 1.600e+02
|    ( QUESTION2_2_L -1 -2.660e+04 1.526e+02 1.191e+02
|        ( - -9.960e+02 1 0)
|        ( QUESTION16 -1 -2.545e+04 1.506e+02 1.141e+02
|            ( WDBNDRY_B 0 -7.563e+02 1.809e+02 4.000e+00
|                ( - -2.575e+02 1 0)
|                ( - -3.179e+02 1 0))
|            ( - -2.454e+04 28 0 QUESTION14 -1 1.307e+02 1.101e+02)))
|    ( QUESTION2_1_L -1 -8.774e+03 1.628e+02 4.089e+01
|        ( QUESTION7 1 -5.214e+03 1.484e+02 2.489e+01
|            ( WDBNDRY_E 0 -2.543e+03 1.451e+02 1.200e+01
|                ( - -1.300e+03 1 0)
|                ( - -1.098e+03 1 0))
|            ( - -2.523e+03 2 0 WDBNDRY_E 0 1.078e+02 1.289e+01))
|        ( - -3.397e+03 4 0 WDBNDRY_E 0 1.158e+02 1.599e+01)))
s>    ( QUESTION0_2_R 1 -3.557e+04 1.956e+02 1.600e+02
s>        ( QUESTION2_2_L -1 -2.660e+04 1.526e+02 1.191e+02
s>            ( - -9.960e+02 1 0)
s>            ( QUESTION16 -1 -2.545e+04 1.506e+02 1.141e+02
s>                ( WDBNDRY_B 0 -7.563e+02 1.809e+02 4.000e+00
s>                    ( - -2.575e+02 1 0)
s>                    ( - -3.179e+02 1 0))
s>                ( - -2.454e+04 28 0 QUESTION14 -1 1.307e+02 1.101e+02)))
s>        ( QUESTION2_1_L -1 -8.774e+03 1.628e+02 4.089e+01
s>            ( QUESTION7 1 -5.214e+03 1.484e+02 2.489e+01
s>                ( WDBNDRY_E 0 -2.543e+03 1.451e+02 1.200e+01
s>                    ( - -1.300e+03 1 0)
s>                    ( - -1.098e+03 1 0))
s>                ( - -2.523e+03 2 0 WDBNDRY_E 0 1.078e+02 1.289e+01))
s>            ( - -3.397e+03 4 0 WDBNDRY_E 0 1.158e+02 1.599e+01)))INFO: dtree.c(1315): Comp split 13
INFO: dtree.c(1478): Final simple tree
|( QUESTION1 -1 -5.784e+03 1.606e+02 2.335e+01
|    ( WDBNDRY_B 0 -3.309e+03 9.124e+01 1.435e+01
|        ( - -4.330e+02 1 0)
|        ( - -2.785e+03 1 0))
|    ( QUESTION5 -1 -2.314e+03 8.021e+01 9.000e+00
|        ( - -4.272e+02 1 0)
|        ( WDBNDRY_E 0 -1.807e+03 6.665e+01 7.000e+00
|            ( - -2.155e+02 1 0)
|            ( QUESTION0_7_R 1 -1.525e+03 6.437e+01 6.000e+00
|                ( - -2.344e+02 1 0)
|                ( QUESTION0_3_R 1 -1.226e+03 5.514e+01 5.000e+00
|                    ( QUESTION11 1 -9.512e+02 4.647e+02 4.000e+00
|                        ( - -7.039e+02 2 0 WDBNDRY_B 0 7.269e+01 3.000e+00)
|                        ( - 2.174e+02 1 0))
|                    ( - -2.194e+02 1 0))))))
s>    ( QUESTION1 -1 -5.784e+03 1.606e+02 2.335e+01
s>        ( WDBNDRY_B 0 -3.309e+03 9.124e+01 1.435e+01
s>            ( - -4.330e+02 1 0)
s>            ( - -2.785e+03 1 0))
s>        ( QUESTION5 -1 -2.314e+03 8.021e+01 9.000e+00
s>            ( - -4.272e+02 1 0)
s>            ( WDBNDRY_E 0 -1.807e+03 6.665e+01 7.000e+00
s>                ( - -2.155e+02 1 0)
s>                ( QUESTION0_7_R 1 -1.525e+03 6.437e+01 6.000e+00
s>                    ( - -2.344e+02 1 0)
s>                    ( QUESTION0_3_R 1 -1.226e+03 5.514e+01 5.000e+00
s>                        ( QUESTION11 1 -9.512e+02 4.647e+02 4.000e+00
s>                            ( - -7.039e+02 2 0 WDBNDRY_B 0 7.269e+01 3.000e+00)
s>                            ( - 2.174e+02 1 0))
s>                        ( - -2.194e+02 1 0))))))INFO: dtree.c(1315): Comp split 14
INFO: dtree.c(1478): Final simple tree
|( QUESTION1 -1 -5.542e+03 1.646e+02 2.235e+01
|    ( WDBNDRY_B 0 -3.309e+03 9.124e+01 1.435e+01
|        ( - -4.330e+02 1 0)
|        ( - -2.785e+03 1 0))
|    ( QUESTION5 -1 -2.068e+03 8.054e+01 8.000e+00
|        ( - -4.272e+02 1 0)
|        ( WDBNDRY_E 0 -1.560e+03 6.916e+01 6.000e+00
|            ( - -2.155e+02 1 0)
|            ( QUESTION0_7_R 1 -1.276e+03 6.027e+01 5.000e+00
|                ( - -2.344e+02 1 0)
|                ( WDBNDRY_B 0 -9.811e+02 6.020e+01 4.000e+00
|                    ( QUESTION0_3_R 1 -4.848e+02 7.024e+01 2.000e+00
|                        ( - -1.951e+02 1 0)
|                        ( - -2.194e+02 1 0))
|                    ( - -4.361e+02 1 0))))))
s>    ( QUESTION1 -1 -5.542e+03 1.646e+02 2.235e+01
s>        ( WDBNDRY_B 0 -3.309e+03 9.124e+01 1.435e+01
s>            ( - -4.330e+02 1 0)
s>            ( - -2.785e+03 1 0))
s>        ( QUESTION5 -1 -2.068e+03 8.054e+01 8.000e+00
s>            ( - -4.272e+02 1 0)
s>            ( WDBNDRY_E 0 -1.560e+03 6.916e+01 6.000e+00
s>                ( - -2.155e+02 1 0)
s>                ( QUESTION0_7_R 1 -1.276e+03 6.027e+01 5.000e+00
s>                    ( - -2.344e+02 1 0)
s>                    ( WDBNDRY_B 0 -9.811e+02 6.020e+01 4.000e+00
s>                        ( QUESTION0_3_R 1 -4.848e+02 7.024e+01 2.000e+00
s>                            ( - -1.951e+02 1 0)
s>                            ( - -2.194e+02 1 0))
s>                        ( - -4.361e+02 1 0))))))INFO: dtree.c(1315): Comp split 15
INFO: dtree.c(1478): Final simple tree
|( QUESTION0_2_R 1 -3.404e+04 1.734e+02 1.530e+02
|    ( QUESTION2_2_L -1 -2.660e+04 1.526e+02 1.191e+02
|        ( - -9.960e+02 1 0)
|        ( QUESTION16 -1 -2.545e+04 1.506e+02 1.141e+02
|            ( WDBNDRY_B 0 -7.563e+02 1.809e+02 4.000e+00
|                ( - -2.575e+02 1 0)
|                ( - -3.179e+02 1 0))
|            ( QUESTION14 -1 -2.454e+04 1.307e+02 1.101e+02
|                ( - -3.714e+03 4 0 QUESTION11 1 1.595e+02 1.702e+01)
|                ( - -2.070e+04 24 0 QUESTION2_1_L -1 1.305e+02 9.308e+01))))
|    ( QUESTION11 -1 -7.273e+03 1.476e+02 3.389e+01
|        ( - -2.523e+03 2 0 WDBNDRY_E 0 1.078e+02 1.289e+01)
|        ( WDBNDRY_E 0 -4.603e+03 1.411e+02 2.099e+01
|            ( - -3.102e+03 3 0)
|            ( - -1.360e+03 2 0 QUESTION7 1 8.247e+01 5.999e+00))))
s>    ( QUESTION0_2_R 1 -3.404e+04 1.734e+02 1.530e+02
s>        ( QUESTION2_2_L -1 -2.660e+04 1.526e+02 1.191e+02
s>            ( - -9.960e+02 1 0)
s>            ( QUESTION16 -1 -2.545e+04 1.506e+02 1.141e+02
s>                ( WDBNDRY_B 0 -7.563e+02 1.809e+02 4.000e+00
s>                    ( - -2.575e+02 1 0)
s>                    ( - -3.179e+02 1 0))
s>                ( QUESTION14 -1 -2.454e+04 1.307e+02 1.101e+02
s>                    ( - -3.714e+03 4 0 QUESTION11 1 1.595e+02 1.702e+01)
s>                    ( - -2.070e+04 24 0 QUESTION2_1_L -1 1.305e+02 9.308e+01))))
s>        ( QUESTION11 -1 -7.273e+03 1.476e+02 3.389e+01
s>            ( - -2.523e+03 2 0 WDBNDRY_E 0 1.078e+02 1.289e+01)
s>            ( WDBNDRY_E 0 -4.603e+03 1.411e+02 2.099e+01
s>                ( - -3.102e+03 3 0)
s>                ( - -1.360e+03 2 0 QUESTION7 1 8.247e+01 5.999e+00))))INFO: dtree.c(1315): Comp split 16
INFO: dtree.c(1478): Final simple tree
|( QUESTION0_2_R 1 -2.290e+04 1.871e+02 1.018e+02
|    ( QUESTION16 -1 -1.558e+04 1.632e+02 7.089e+01
|        ( - -5.048e+02 1 0)
|        ( QUESTION15 -1 -1.491e+04 1.633e+02 6.789e+01
|            ( - -1.163e+03 1 0)
|            ( QUESTION19 -1 -1.358e+04 1.420e+02 6.190e+01
|                ( WDBNDRY_B 0 -8.294e+03 1.772e+02 3.790e+01
|                    ( - -1.818e+03 2 0 QUESTION0_6_R 1 1.228e+02 8.993e+00)
|                    ( - -6.299e+03 3 0))
|                ( - -5.149e+03 5 0 QUESTION12 -1 1.349e+02 2.399e+01))))
|    ( QUESTION0_9_R 1 -7.138e+03 1.524e+02 3.094e+01
|        ( - -2.181e+03 2 0)
|        ( WDBNDRY_B 0 -4.804e+03 1.507e+02 1.994e+01
|            ( - -7.783e+02 1 0)
|            ( - -3.875e+03 5 0 QUESTION14 1 1.255e+02 1.594e+01))))
s>    ( QUESTION0_2_R 1 -2.290e+04 1.871e+02 1.018e+02
s>        ( QUESTION16 -1 -1.558e+04 1.632e+02 7.089e+01
s>            ( - -5.048e+02 1 0)
s>            ( QUESTION15 -1 -1.491e+04 1.633e+02 6.789e+01
s>                ( - -1.163e+03 1 0)
s>                ( QUESTION19 -1 -1.358e+04 1.420e+02 6.190e+01
s>                    ( WDBNDRY_B 0 -8.294e+03 1.772e+02 3.790e+01
s>                        ( - -1.818e+03 2 0 QUESTION0_6_R 1 1.228e+02 8.993e+00)
s>                        ( - -6.299e+03 3 0))
s>                    ( - -5.149e+03 5 0 QUESTION12 -1 1.349e+02 2.399e+01))))
s>        ( QUESTION0_9_R 1 -7.138e+03 1.524e+02 3.094e+01
s>            ( - -2.181e+03 2 0)
s>            ( WDBNDRY_B 0 -4.804e+03 1.507e+02 1.994e+01
s>                ( - -7.783e+02 1 0)
s>                ( - -3.875e+03 5 0 QUESTION14 1 1.255e+02 1.594e+01))))INFO: dtree.c(1315): Comp split 17
INFO: dtree.c(1439): stop. leaf nodes are specific
INFO: dtree.c(1478): Final simple tree
|( WDBNDRY_B 0 -7.883e+03 1.900e+02 2.694e+01
|    ( QUESTION0_3_R 1 -6.544e+03 1.178e+02 2.283e+01
|        ( QUESTION11 1 -2.974e+03 1.086e+02 1.181e+01
|            ( - -1.258e+03 1 0)
|            ( - -1.607e+03 2 0))
|        ( - -3.452e+03 2 0))
|    ( - -1.150e+03 2 0))
s>    ( WDBNDRY_B 0 -7.883e+03 1.900e+02 2.694e+01
s>        ( QUESTION0_3_R 1 -6.544e+03 1.178e+02 2.283e+01
s>            ( QUESTION11 1 -2.974e+03 1.086e+02 1.181e+01
s>                ( - -1.258e+03 1 0)
s>                ( - -1.607e+03 2 0))
s>            ( - -3.452e+03 2 0))
s>        ( - -1.150e+03 2 0))INFO: dtree.c(1439): stop. leaf nodes are specific
INFO: dtree.c(1478): Final simple tree
|( QUESTION0_6_R 1 -6.286e+03 9.126e+01 2.402e+01
|    ( - -4.833e+03 1 0)
|    ( - -1.361e+03 1 0))
s>    ( QUESTION0_6_R 1 -6.286e+03 9.126e+01 2.402e+01
s>        ( - -4.833e+03 1 0)
s>        ( - -1.361e+03 1 0))INFO: dtree.c(1315): Comp split 18
INFO: dtree.c(1478): Final simple tree
|( QUESTION0_2_R 1 -3.357e+04 1.728e+02 1.510e+02
|    ( QUESTION2_2_L -1 -2.613e+04 1.533e+02 1.171e+02
|        ( - -9.960e+02 1 0)
|        ( WDBNDRY_B 0 -2.498e+04 1.326e+02 1.121e+02
|            ( QUESTION14 -1 -1.461e+04 1.537e+02 6.798e+01
|                ( - -2.468e+03 3 0 QUESTION11 1 1.173e+02 1.200e+01)
|                ( QUESTION0 -1 -1.198e+04 1.183e+02 5.598e+01
|                    ( - -2.703e+03 3 0 QUESTION0_3_R 1 1.918e+02 1.300e+01)
|                    ( - -9.163e+03 9 0 QUESTION11 1 1.215e+02 4.298e+01)))
|            ( - -1.024e+04 14 0 QUESTION15 -1 1.176e+02 4.413e+01)))
|    ( QUESTION11 -1 -7.273e+03 1.476e+02 3.389e+01
|        ( - -2.523e+03 2 0 WDBNDRY_E 0 1.078e+02 1.289e+01)
|        ( WDBNDRY_E 0 -4.603e+03 1.411e+02 2.099e+01
|            ( - -3.102e+03 3 0)
|            ( - -1.360e+03 2 0 QUESTION7 1 8.247e+01 5.999e+00))))
s>    ( QUESTION0_2_R 1 -3.357e+04 1.728e+02 1.510e+02
s>        ( QUESTION2_2_L -1 -2.613e+04 1.533e+02 1.171e+02
s>            ( - -9.960e+02 1 0)
s>            ( WDBNDRY_B 0 -2.498e+04 1.326e+02 1.121e+02
s>                ( QUESTION14 -1 -1.461e+04 1.537e+02 6.798e+01
s>                    ( - -2.468e+03 3 0 QUESTION11 1 1.173e+02 1.200e+01)
s>                    ( QUESTION0 -1 -1.198e+04 1.183e+02 5.598e+01
s>                        ( - -2.703e+03 3 0 QUESTION0_3_R 1 1.918e+02 1.300e+01)
s>                        ( - -9.163e+03 9 0 QUESTION11 1 1.215e+02 4.298e+01)))
s>                ( - -1.024e+04 14 0 QUESTION15 -1 1.176e+02 4.413e+01)))
s>        ( QUESTION11 -1 -7.273e+03 1.476e+02 3.389e+01
s>            ( - -2.523e+03 2 0 WDBNDRY_E 0 1.078e+02 1.289e+01)
s>            ( WDBNDRY_E 0 -4.603e+03 1.411e+02 2.099e+01
s>                ( - -3.102e+03 3 0)
s>                ( - -1.360e+03 2 0 QUESTION7 1 8.247e+01 5.999e+00))))INFO: dtree.c(1315): Comp split 19
INFO: dtree.c(1478): Final simple tree
|( QUESTION2_2_L -1 -3.027e+04 1.547e+02 1.360e+02
|    ( - -9.960e+02 1 0)
|    ( WDBNDRY_B 0 -2.912e+04 1.399e+02 1.310e+02
|        ( QUESTION14 -1 -1.461e+04 1.537e+02 6.798e+01
|            ( - -2.468e+03 3 0 QUESTION11 1 1.173e+02 1.200e+01)
|            ( QUESTION0 -1 -1.198e+04 1.183e+02 5.598e+01
|                ( QUESTION0_3_R 1 -2.703e+03 1.918e+02 1.300e+01
|                    ( - -1.890e+03 2 0)
|                    ( - -6.216e+02 1 0))
|                ( - -9.163e+03 9 0 QUESTION11 1 1.215e+02 4.298e+01)))
|        ( QUESTION0_2_R 1 -1.437e+04 1.293e+02 6.302e+01
|            ( - -1.024e+04 14 0 QUESTION15 -1 1.176e+02 4.413e+01)
|            ( QUESTION11 -1 -4.003e+03 1.208e+02 1.889e+01
|                ( - -2.523e+03 2 0 WDBNDRY_E 0 1.078e+02 1.289e+01)
|                ( - -1.360e+03 2 0 QUESTION7 1 8.247e+01 5.999e+00)))))
s>    ( QUESTION2_2_L -1 -3.027e+04 1.547e+02 1.360e+02
s>        ( - -9.960e+02 1 0)
s>        ( WDBNDRY_B 0 -2.912e+04 1.399e+02 1.310e+02
s>            ( QUESTION14 -1 -1.461e+04 1.537e+02 6.798e+01
s>                ( - -2.468e+03 3 0 QUESTION11 1 1.173e+02 1.200e+01)
s>                ( QUESTION0 -1 -1.198e+04 1.183e+02 5.598e+01
s>                    ( QUESTION0_3_R 1 -2.703e+03 1.918e+02 1.300e+01
s>                        ( - -1.890e+03 2 0)
s>                        ( - -6.216e+02 1 0))
s>                    ( - -9.163e+03 9 0 QUESTION11 1 1.215e+02 4.298e+01)))
s>            ( QUESTION0_2_R 1 -1.437e+04 1.293e+02 6.302e+01
s>                ( - -1.024e+04 14 0 QUESTION15 -1 1.176e+02 4.413e+01)
s>                ( QUESTION11 -1 -4.003e+03 1.208e+02 1.889e+01
s>                    ( - -2.523e+03 2 0 WDBNDRY_E 0 1.078e+02 1.289e+01)
s>                    ( - -1.360e+03 2 0 QUESTION7 1 8.247e+01 5.999e+00)))))INFO: dtree.c(1315): Comp split 20
INFO: dtree.c(1478): Final simple tree
|( WDBNDRY_B 0 -8.209e+03 1.777e+02 3.593e+01
|    ( QUESTION0_6_R 1 -1.818e+03 1.228e+02 8.993e+00
|        ( - -3.987e+02 1 0)
|        ( - -1.297e+03 1 0))
|    ( QUESTION0_9_R 1 -6.213e+03 1.560e+02 2.694e+01
|        ( - -2.181e+03 2 0)
|        ( QUESTION14 1 -3.875e+03 1.255e+02 1.594e+01
|            ( - -1.244e+03 1 0)
|            ( QUESTION0_0_R 1 -2.506e+03 9.168e+01 1.000e+01
|                ( - -1.113e+03 1 0)
|                ( WDBNDRY_E 0 -1.301e+03 8.436e+01 5.000e+00
|                    ( - -5.109e+02 1 0)
|                    ( QUESTION0_11_R 1 -7.062e+02 6.437e+01 3.000e+00
|                        ( - -4.484e+02 1 0)
|                        ( - -1.935e+02 1 0)))))))
s>    ( WDBNDRY_B 0 -8.209e+03 1.777e+02 3.593e+01
s>        ( QUESTION0_6_R 1 -1.818e+03 1.228e+02 8.993e+00
s>            ( - -3.987e+02 1 0)
s>            ( - -1.297e+03 1 0))
s>        ( QUESTION0_9_R 1 -6.213e+03 1.560e+02 2.694e+01
s>            ( - -2.181e+03 2 0)
s>            ( QUESTION14 1 -3.875e+03 1.255e+02 1.594e+01
s>                ( - -1.244e+03 1 0)
s>                ( QUESTION0_0_R 1 -2.506e+03 9.168e+01 1.000e+01
s>                    ( - -1.113e+03 1 0)
s>                    ( WDBNDRY_E 0 -1.301e+03 8.436e+01 5.000e+00
s>                        ( - -5.109e+02 1 0)
s>                        ( QUESTION0_11_R 1 -7.062e+02 6.437e+01 3.000e+00
s>                            ( - -4.484e+02 1 0)
s>                            ( - -1.935e+02 1 0)))))))INFO: dtree.c(1478): Final simple tree
|( QUESTION16 -1 -1.450e+04 1.547e+02 6.590e+01
|    ( - -5.048e+02 1 0)
|    ( QUESTION0_2_R 1 -1.384e+04 1.541e+02 6.290e+01
|        ( QUESTION15 -1 -1.290e+04 1.606e+02 5.890e+01
|            ( - -1.163e+03 1 0)
|            ( QUESTION13 -1 -1.158e+04 1.365e+02 5.290e+01
|                ( - -1.283e+03 2 0 QUESTION0_6_R 1 7.273e+01 6.000e+00)
|                ( QUESTION12 -1 -1.016e+04 1.304e+02 4.690e+01
|                    ( - -6.299e+03 3 0)
|                    ( QUESTION0_6_R 1 -3.731e+03 1.280e+02 1.799e+01
|                        ( WDBNDRY_B 0 -2.644e+03 9.300e+01 1.299e+01
|                            ( - -9.694e+02 1 0)
|                            ( - -1.581e+03 1 0))
|                        ( - -9.589e+02 1 0)))))
|        ( - -7.783e+02 1 0)))
s>    ( QUESTION16 -1 -1.450e+04 1.547e+02 6.590e+01
s>        ( - -5.048e+02 1 0)
s>        ( QUESTION0_2_R 1 -1.384e+04 1.541e+02 6.290e+01
s>            ( QUESTION15 -1 -1.290e+04 1.606e+02 5.890e+01
s>                ( - -1.163e+03 1 0)
s>                ( QUESTION13 -1 -1.158e+04 1.365e+02 5.290e+01
s>                    ( - -1.283e+03 2 0 QUESTION0_6_R 1 7.273e+01 6.000e+00)
s>                    ( QUESTION12 -1 -1.016e+04 1.304e+02 4.690e+01
s>                        ( - -6.299e+03 3 0)
s>                        ( QUESTION0_6_R 1 -3.731e+03 1.280e+02 1.799e+01
s>                            ( WDBNDRY_B 0 -2.644e+03 9.300e+01 1.299e+01
s>                                ( - -9.694e+02 1 0)
s>                                ( - -1.581e+03 1 0))
s>                            ( - -9.589e+02 1 0)))))
s>            ( - -7.783e+02 1 0)))INFO: dtree.c(1315): Comp split 21
INFO: dtree.c(1439): stop. leaf nodes are specific
INFO: dtree.c(1478): Final simple tree
|( QUESTION0_9_R 1 -6.691e+03 1.569e+02 2.893e+01
|    ( - -2.181e+03 2 0)
|    ( QUESTION14 1 -4.353e+03 1.249e+02 1.793e+01
|        ( - -1.244e+03 1 0)
|        ( QUESTION0_8_R 1 -2.984e+03 9.891e+01 1.199e+01
|            ( WDBNDRY_E 0 -1.301e+03 8.436e+01 5.000e+00
|                ( - -5.109e+02 1 0)
|                ( QUESTION0_11_R 1 -7.062e+02 6.437e+01 3.000e+00
|                    ( - -4.484e+02 1 0)
|                    ( - -1.935e+02 1 0)))
|            ( WDBNDRY_B 0 -1.584e+03 7.197e+01 6.994e+00
|                ( - -3.987e+02 1 0)
|                ( - -1.113e+03 1 0)))))
s>    ( QUESTION0_9_R 1 -6.691e+03 1.569e+02 2.893e+01
s>        ( - -2.181e+03 2 0)
s>        ( QUESTION14 1 -4.353e+03 1.249e+02 1.793e+01
s>            ( - -1.244e+03 1 0)
s>            ( QUESTION0_8_R 1 -2.984e+03 9.891e+01 1.199e+01
s>                ( WDBNDRY_E 0 -1.301e+03 8.436e+01 5.000e+00
s>                    ( - -5.109e+02 1 0)
s>                    ( QUESTION0_11_R 1 -7.062e+02 6.437e+01 3.000e+00
s>                        ( - -4.484e+02 1 0)
s>                        ( - -1.935e+02 1 0)))
s>                ( WDBNDRY_B 0 -1.584e+03 7.197e+01 6.994e+00
s>                    ( - -3.987e+02 1 0)
s>                    ( - -1.113e+03 1 0)))))INFO: dtree.c(1315): Comp split 22
INFO: dtree.c(1478): Final simple tree
|( QUESTION2_2_L -1 -2.945e+04 1.552e+02 1.320e+02
|    ( - -9.960e+02 1 0)
|    ( QUESTION0_3_R 1 -2.830e+04 1.381e+02 1.270e+02
|        ( QUESTION14 -1 -2.059e+04 1.568e+02 9.408e+01
|            ( QUESTION11 1 -2.468e+03 1.173e+02 1.200e+01
|                ( - -2.134e+03 2 0)
|                ( - -2.163e+02 1 0))
|            ( QUESTION16 -1 -1.796e+04 1.245e+02 8.208e+01
|                ( - -3.179e+02 1 0)
|                ( - -1.752e+04 19 0 QUESTION0 -1 1.147e+02 8.008e+01)))
|        ( QUESTION11 -1 -7.573e+03 1.523e+02 3.291e+01
|            ( QUESTION0_2_R 1 -3.413e+03 1.164e+02 1.689e+01
|                ( - -7.739e+02 1 0)
|                ( - -2.523e+03 2 0 WDBNDRY_E 0 1.078e+02 1.289e+01))
|            ( - -4.008e+03 6 0 QUESTION13 -1 9.546e+01 1.602e+01))))
s>    ( QUESTION2_2_L -1 -2.945e+04 1.552e+02 1.320e+02
s>        ( - -9.960e+02 1 0)
s>        ( QUESTION0_3_R 1 -2.830e+04 1.381e+02 1.270e+02
s>            ( QUESTION14 -1 -2.059e+04 1.568e+02 9.408e+01
s>                ( QUESTION11 1 -2.468e+03 1.173e+02 1.200e+01
s>                    ( - -2.134e+03 2 0)
s>                    ( - -2.163e+02 1 0))
s>                ( QUESTION16 -1 -1.796e+04 1.245e+02 8.208e+01
s>                    ( - -3.179e+02 1 0)
s>                    ( - -1.752e+04 19 0 QUESTION0 -1 1.147e+02 8.008e+01)))
s>            ( QUESTION11 -1 -7.573e+03 1.523e+02 3.291e+01
s>                ( QUESTION0_2_R 1 -3.413e+03 1.164e+02 1.689e+01
s>                    ( - -7.739e+02 1 0)
s>                    ( - -2.523e+03 2 0 WDBNDRY_E 0 1.078e+02 1.289e+01))
s>                ( - -4.008e+03 6 0 QUESTION13 -1 9.546e+01 1.602e+01))))INFO: dtree.c(1315): Comp split 23
INFO: dtree.c(1439): stop. leaf nodes are specific
INFO: dtree.c(1478): Final simple tree
|( WDBNDRY_B 0 -3.463e+03 1.316e+02 1.700e+01
|    ( - -2.134e+03 2 0)
|    ( QUESTION0_3_R 1 -1.198e+03 1.059e+02 6.000e+00
|        ( - -3.179e+02 1 0)
|        ( - -7.739e+02 1 0)))
s>    ( WDBNDRY_B 0 -3.463e+03 1.316e+02 1.700e+01
s>        ( - -2.134e+03 2 0)
s>        ( QUESTION0_3_R 1 -1.198e+03 1.059e+02 6.000e+00
s>            ( - -3.179e+02 1 0)
s>            ( - -7.739e+02 1 0)))INFO: dtree.c(1478): Final simple tree
|( QUESTION2_2_L -1 -2.577e+04 1.513e+02 1.150e+02
|    ( - -9.960e+02 1 0)
|    ( QUESTION0_2_R 1 -2.463e+04 1.328e+02 1.100e+02
|        ( QUESTION0_3_R 1 -2.049e+04 1.159e+02 9.110e+01
|            ( QUESTION0 -1 -1.782e+04 1.162e+02 8.108e+01
|                ( - -1.890e+03 2 0)
|                ( QUESTION19 -1 -1.581e+04 1.030e+02 7.208e+01
|                    ( - -1.252e+04 11 0 QUESTION2_1_L -1 1.397e+02 5.817e+01)
|                    ( - -3.186e+03 7 0 WDBNDRY_I 0 9.151e+01 1.391e+01)))
|            ( - -2.556e+03 4 0 WDBNDRY_B 0 7.914e+01 1.002e+01))
|        ( QUESTION11 -1 -4.003e+03 1.208e+02 1.889e+01
|            ( WDBNDRY_E 0 -2.523e+03 1.078e+02 1.289e+01
|                ( - -1.507e+03 1 0)
|                ( - -9.078e+02 1 0))
|            ( - -1.360e+03 2 0 QUESTION7 1 8.247e+01 5.999e+00))))
s>    ( QUESTION2_2_L -1 -2.577e+04 1.513e+02 1.150e+02
s>        ( - -9.960e+02 1 0)
s>        ( QUESTION0_2_R 1 -2.463e+04 1.328e+02 1.100e+02
s>            ( QUESTION0_3_R 1 -2.049e+04 1.159e+02 9.110e+01
s>                ( QUESTION0 -1 -1.782e+04 1.162e+02 8.108e+01
s>                    ( - -1.890e+03 2 0)
s>                    ( QUESTION19 -1 -1.581e+04 1.030e+02 7.208e+01
s>                        ( - -1.252e+04 11 0 QUESTION2_1_L -1 1.397e+02 5.817e+01)
s>                        ( - -3.186e+03 7 0 WDBNDRY_I 0 9.151e+01 1.391e+01)))
s>                ( - -2.556e+03 4 0 WDBNDRY_B 0 7.914e+01 1.002e+01))
s>            ( QUESTION11 -1 -4.003e+03 1.208e+02 1.889e+01
s>                ( WDBNDRY_E 0 -2.523e+03 1.078e+02 1.289e+01
s>                    ( - -1.507e+03 1 0)
s>                    ( - -9.078e+02 1 0))
s>                ( - -1.360e+03 2 0 QUESTION7 1 8.247e+01 5.999e+00))))INFO: dtree.c(1315): Comp split 24
INFO: dtree.c(1439): stop. leaf nodes are specific
INFO: dtree.c(1478): Final simple tree
|( QUESTION2_2_L -1 -8.341e+03 1.226e+02 3.930e+01
|    ( - -5.967e+02 1 0)
|    ( WDBNDRY_E 0 -7.622e+03 1.289e+02 3.630e+01
|        ( - -2.237e+03 2 0)
|        ( QUESTION11 -1 -5.256e+03 1.276e+02 2.530e+01
|            ( - -9.617e+02 1 0)
|            ( - -4.167e+03 4 0))))
s>    ( QUESTION2_2_L -1 -8.341e+03 1.226e+02 3.930e+01
s>        ( - -5.967e+02 1 0)
s>        ( WDBNDRY_E 0 -7.622e+03 1.289e+02 3.630e+01
s>            ( - -2.237e+03 2 0)
s>            ( QUESTION11 -1 -5.256e+03 1.276e+02 2.530e+01
s>                ( - -9.617e+02 1 0)
s>                ( - -4.167e+03 4 0))))INFO: dtree.c(1315): Comp split 25
INFO: dtree.c(1439): stop. leaf nodes are specific
INFO: dtree.c(1478): Final simple tree
|( QUESTION0_3_R 1 -6.544e+03 1.178e+02 2.283e+01
|    ( QUESTION11 1 -2.974e+03 1.086e+02 1.181e+01
|        ( - -1.258e+03 1 0)
|        ( - -1.607e+03 2 0))
|    ( - -3.452e+03 2 0))
s>    ( QUESTION0_3_R 1 -6.544e+03 1.178e+02 2.283e+01
s>        ( QUESTION11 1 -2.974e+03 1.086e+02 1.181e+01
s>            ( - -1.258e+03 1 0)
s>            ( - -1.607e+03 2 0))
s>        ( - -3.452e+03 2 0))INFO: dtree.c(1315): Comp split 26
INFO: dtree.c(1439): stop. leaf nodes are specific
INFO: dtree.c(1478): Final simple tree
|( QUESTION0_9_R 1 -6.705e+03 1.236e+02 2.836e+01
|    ( - -8.048e+02 1 0)
|    ( WDBNDRY_B 0 -5.776e+03 1.094e+02 2.436e+01
|        ( - -2.050e+03 3 0)
|        ( WDBNDRY_E 0 -3.617e+03 9.785e+01 1.536e+01
|            ( - -6.925e+02 2 0)
|            ( - -2.827e+03 1 0))))
s>    ( QUESTION0_9_R 1 -6.705e+03 1.236e+02 2.836e+01
s>        ( - -8.048e+02 1 0)
s>        ( WDBNDRY_B 0 -5.776e+03 1.094e+02 2.436e+01
s>            ( - -2.050e+03 3 0)
s>            ( WDBNDRY_E 0 -3.617e+03 9.785e+01 1.536e+01
s>                ( - -6.925e+02 2 0)
s>                ( - -2.827e+03 1 0))))INFO: dtree.c(1315): Comp split 27
INFO: dtree.c(1439): stop. leaf nodes are specific
INFO: dtree.c(1478): Final simple tree
|( QUESTION15 -1 -1.290e+04 1.606e+02 5.890e+01
|    ( - -1.163e+03 1 0)
|    ( QUESTION13 -1 -1.158e+04 1.365e+02 5.290e+01
|        ( QUESTION0_6_R 1 -1.283e+03 7.273e+01 6.000e+00
|            ( - -9.874e+02 1 0)
|            ( - -2.233e+02 1 0))
|        ( QUESTION12 -1 -1.016e+04 1.304e+02 4.690e+01
|            ( - -6.299e+03 3 0)
|            ( QUESTION0_6_R 1 -3.731e+03 1.280e+02 1.799e+01
|                ( WDBNDRY_B 0 -2.644e+03 9.300e+01 1.299e+01
|                    ( - -9.694e+02 1 0)
|                    ( - -1.581e+03 1 0))
|                ( - -9.589e+02 1 0)))))
s>    ( QUESTION15 -1 -1.290e+04 1.606e+02 5.890e+01
s>        ( - -1.163e+03 1 0)
s>        ( QUESTION13 -1 -1.158e+04 1.365e+02 5.290e+01
s>            ( QUESTION0_6_R 1 -1.283e+03 7.273e+01 6.000e+00
s>                ( - -9.874e+02 1 0)
s>                ( - -2.233e+02 1 0))
s>            ( QUESTION12 -1 -1.016e+04 1.304e+02 4.690e+01
s>                ( - -6.299e+03 3 0)
s>                ( QUESTION0_6_R 1 -3.731e+03 1.280e+02 1.799e+01
s>                    ( WDBNDRY_B 0 -2.644e+03 9.300e+01 1.299e+01
s>                        ( - -9.694e+02 1 0)
s>                        ( - -1.581e+03 1 0))
s>                    ( - -9.589e+02 1 0)))))INFO: dtree.c(1439): stop. leaf nodes are specific
INFO: dtree.c(1478): Final simple tree
|( QUESTION0_2_R 1 -1.419e+03 1.361e+02 7.000e+00
|    ( - -5.048e+02 1 0)
|    ( - -7.783e+02 1 0))
s>    ( QUESTION0_2_R 1 -1.419e+03 1.361e+02 7.000e+00
s>        ( - -5.048e+02 1 0)
s>        ( - -7.783e+02 1 0))INFO: dtree.c(1315): Comp split 28
INFO: dtree.c(1439): stop. leaf nodes are specific
INFO: dtree.c(1478): Final simple tree
|( QUESTION1 -1 -2.592e+03 9.069e+01 1.000e+01
|    ( - -4.330e+02 1 0)
|    ( QUESTION5 -1 -2.068e+03 8.054e+01 8.000e+00
|        ( - -4.272e+02 1 0)
|        ( WDBNDRY_E 0 -1.560e+03 6.916e+01 6.000e+00
|            ( - -2.155e+02 1 0)
|            ( QUESTION0_7_R 1 -1.276e+03 6.027e+01 5.000e+00
|                ( - -2.344e+02 1 0)
|                ( WDBNDRY_B 0 -9.811e+02 6.020e+01 4.000e+00
|                    ( QUESTION0_3_R 1 -4.848e+02 7.024e+01 2.000e+00
|                        ( - -1.951e+02 1 0)
|                        ( - -2.194e+02 1 0))
|                    ( - -4.361e+02 1 0))))))
s>    ( QUESTION1 -1 -2.592e+03 9.069e+01 1.000e+01
s>        ( - -4.330e+02 1 0)
s>        ( QUESTION5 -1 -2.068e+03 8.054e+01 8.000e+00
s>            ( - -4.272e+02 1 0)
s>            ( WDBNDRY_E 0 -1.560e+03 6.916e+01 6.000e+00
s>                ( - -2.155e+02 1 0)
s>                ( QUESTION0_7_R 1 -1.276e+03 6.027e+01 5.000e+00
s>                    ( - -2.344e+02 1 0)
s>                    ( WDBNDRY_B 0 -9.811e+02 6.020e+01 4.000e+00
s>                        ( QUESTION0_3_R 1 -4.848e+02 7.024e+01 2.000e+00
s>                            ( - -1.951e+02 1 0)
s>                            ( - -2.194e+02 1 0))
s>                        ( - -4.361e+02 1 0))))))INFO: dtree.c(1315): Comp split 29
INFO: dtree.c(1439): stop. leaf nodes are specific
INFO: dtree.c(1478): Final simple tree
|( QUESTION13 -1 -1.158e+04 1.365e+02 5.290e+01
|    ( QUESTION0_6_R 1 -1.283e+03 7.273e+01 6.000e+00
|        ( - -9.874e+02 1 0)
|        ( - -2.233e+02 1 0))
|    ( QUESTION12 -1 -1.016e+04 1.304e+02 4.690e+01
|        ( - -6.299e+03 3 0)
|        ( QUESTION0_6_R 1 -3.731e+03 1.280e+02 1.799e+01
|            ( WDBNDRY_B 0 -2.644e+03 9.300e+01 1.299e+01
|                ( - -9.694e+02 1 0)
|                ( - -1.581e+03 1 0))
|            ( - -9.589e+02 1 0))))
s>    ( QUESTION13 -1 -1.158e+04 1.365e+02 5.290e+01
s>        ( QUESTION0_6_R 1 -1.283e+03 7.273e+01 6.000e+00
s>            ( - -9.874e+02 1 0)
s>            ( - -2.233e+02 1 0))
s>        ( QUESTION12 -1 -1.016e+04 1.304e+02 4.690e+01
s>            ( - -6.299e+03 3 0)
s>            ( QUESTION0_6_R 1 -3.731e+03 1.280e+02 1.799e+01
s>                ( WDBNDRY_B 0 -2.644e+03 9.300e+01 1.299e+01
s>                    ( - -9.694e+02 1 0)
s>                    ( - -1.581e+03 1 0))
s>                ( - -9.589e+02 1 0))))INFO: dtree.c(1315): Comp split 30
INFO: dtree.c(1439): stop. leaf nodes are specific
INFO: dtree.c(1478): Final simple tree
|( QUESTION2_2_L -1 -4.017e+03 1.218e+02 1.875e+01
|    ( - -5.967e+02 1 0)
|    ( WDBNDRY_E 0 -3.298e+03 9.969e+01 1.575e+01
|        ( - -2.237e+03 2 0)
|        ( - -9.617e+02 1 0)))
s>    ( QUESTION2_2_L -1 -4.017e+03 1.218e+02 1.875e+01
s>        ( - -5.967e+02 1 0)
s>        ( WDBNDRY_E 0 -3.298e+03 9.969e+01 1.575e+01
s>            ( - -2.237e+03 2 0)
s>            ( - -9.617e+02 1 0)))INFO: dtree.c(1315): Comp split 31
INFO: dtree.c(1439): stop. leaf nodes are specific
INFO: dtree.c(1478): Final simple tree
|( QUESTION14 1 -4.353e+03 1.249e+02 1.793e+01
|    ( - -1.244e+03 1 0)
|    ( QUESTION0_8_R 1 -2.984e+03 9.891e+01 1.199e+01
|        ( WDBNDRY_E 0 -1.301e+03 8.436e+01 5.000e+00
|            ( - -5.109e+02 1 0)
|            ( QUESTION0_11_R 1 -7.062e+02 6.437e+01 3.000e+00
|                ( - -4.484e+02 1 0)
|                ( - -1.935e+02 1 0)))
|        ( WDBNDRY_B 0 -1.584e+03 7.197e+01 6.994e+00
|            ( - -3.987e+02 1 0)
|            ( - -1.113e+03 1 0))))
s>    ( QUESTION14 1 -4.353e+03 1.249e+02 1.793e+01
s>        ( - -1.244e+03 1 0)
s>        ( QUESTION0_8_R 1 -2.984e+03 9.891e+01 1.199e+01
s>            ( WDBNDRY_E 0 -1.301e+03 8.436e+01 5.000e+00
s>                ( - -5.109e+02 1 0)
s>                ( QUESTION0_11_R 1 -7.062e+02 6.437e+01 3.000e+00
s>                    ( - -4.484e+02 1 0)
s>                    ( - -1.935e+02 1 0)))
s>            ( WDBNDRY_B 0 -1.584e+03 7.197e+01 6.994e+00
s>                ( - -3.987e+02 1 0)
s>                ( - -1.113e+03 1 0))))INFO: dtree.c(1315): Comp split 32
INFO: dtree.c(1478): Final simple tree
|( QUESTION0 -1 -1.883e+04 1.133e+02 8.602e+01
|    ( - -1.890e+03 2 0)
|    ( QUESTION0_2_R 1 -1.683e+04 1.114e+02 7.702e+01
|        ( QUESTION19 -1 -1.581e+04 1.030e+02 7.208e+01
|            ( QUESTION2_1_L -1 -1.252e+04 1.397e+02 5.817e+01
|                ( - -6.843e+02 1 0)
|                ( WDBNDRY_B 0 -1.170e+04 1.130e+02 5.417e+01
|                    ( QUESTION11 1 -6.788e+03 1.795e+02 3.298e+01
|                        ( - -5.866e+03 3 0)
|                        ( - -7.421e+02 1 0))
|                    ( QUESTION11 1 -4.798e+03 1.050e+02 2.119e+01
|                        ( - -3.292e+03 4 0)
|                        ( - -1.401e+03 2 0 WDBNDRY_E 0 1.146e+02 6.990e+00))))
|            ( - -3.186e+03 7 0 WDBNDRY_I 0 9.151e+01 1.391e+01))
|        ( - -9.078e+02 1 0)))
s>    ( QUESTION0 -1 -1.883e+04 1.133e+02 8.602e+01
s>        ( - -1.890e+03 2 0)
s>        ( QUESTION0_2_R 1 -1.683e+04 1.114e+02 7.702e+01
s>            ( QUESTION19 -1 -1.581e+04 1.030e+02 7.208e+01
s>                ( QUESTION2_1_L -1 -1.252e+04 1.397e+02 5.817e+01
s>                    ( - -6.843e+02 1 0)
s>                    ( WDBNDRY_B 0 -1.170e+04 1.130e+02 5.417e+01
s>                        ( QUESTION11 1 -6.788e+03 1.795e+02 3.298e+01
s>                            ( - -5.866e+03 3 0)
s>                            ( - -7.421e+02 1 0))
s>                        ( QUESTION11 1 -4.798e+03 1.050e+02 2.119e+01
s>                            ( - -3.292e+03 4 0)
s>                            ( - -1.401e+03 2 0 WDBNDRY_E 0 1.146e+02 6.990e+00))))
s>                ( - -3.186e+03 7 0 WDBNDRY_I 0 9.151e+01 1.391e+01))
s>            ( - -9.078e+02 1 0)))INFO: dtree.c(1439): stop. leaf nodes are specific
INFO: dtree.c(1478): Final simple tree
|( QUESTION2_2_L -1 -6.783e+03 1.436e+02 2.897e+01
|    ( - -9.960e+02 1 0)
|    ( WDBNDRY_E 0 -5.643e+03 1.285e+02 2.397e+01
|        ( - -1.507e+03 1 0)
|        ( QUESTION13 -1 -4.008e+03 9.546e+01 1.602e+01
|            ( - -1.131e+03 1 0)
|            ( WDBNDRY_B 0 -2.781e+03 8.645e+01 1.100e+01
|                ( - -1.969e+02 1 0)
|                ( QUESTION7 1 -2.498e+03 9.094e+01 9.999e+00
|                    ( - -1.098e+03 1 0)
|                    ( QUESTION0_2_R 1 -1.309e+03 7.856e+01 5.000e+00
|                        ( - -1.051e+03 2 0)
|                        ( - -1.794e+02 1 0)))))))
s>    ( QUESTION2_2_L -1 -6.783e+03 1.436e+02 2.897e+01
s>        ( - -9.960e+02 1 0)
s>        ( WDBNDRY_E 0 -5.643e+03 1.285e+02 2.397e+01
s>            ( - -1.507e+03 1 0)
s>            ( QUESTION13 -1 -4.008e+03 9.546e+01 1.602e+01
s>                ( - -1.131e+03 1 0)
s>                ( WDBNDRY_B 0 -2.781e+03 8.645e+01 1.100e+01
s>                    ( - -1.969e+02 1 0)
s>                    ( QUESTION7 1 -2.498e+03 9.094e+01 9.999e+00
s>                        ( - -1.098e+03 1 0)
s>                        ( QUESTION0_2_R 1 -1.309e+03 7.856e+01 5.000e+00
s>                            ( - -1.051e+03 2 0)
s>                            ( - -1.794e+02 1 0)))))))INFO: dtree.c(1315): Comp split 33
INFO: dtree.c(1478): Final simple tree
|( QUESTION19 -1 -1.407e+04 1.020e+02 6.408e+01
|    ( WDBNDRY_B 0 -1.079e+04 1.216e+02 5.017e+01
|        ( - -5.866e+03 3 0)
|        ( QUESTION11 1 -4.798e+03 1.050e+02 2.119e+01
|            ( - -3.292e+03 4 0)
|            ( WDBNDRY_E 0 -1.401e+03 1.146e+02 6.990e+00
|                ( - -5.800e+02 1 0)
|                ( - -7.062e+02 1 0))))
|    ( WDBNDRY_I 0 -3.186e+03 9.151e+01 1.391e+01
|        ( - -5.238e+02 1 0)
|        ( WDBNDRY_B 0 -2.570e+03 7.785e+01 1.100e+01
|            ( QUESTION11 1 -2.281e+03 1.093e+02 9.999e+00
|                ( - -5.603e+02 1 0)
|                ( - -1.611e+03 4 0 QUESTION11 -1 8.600e+01 6.999e+00))
|            ( - -2.118e+02 1 0))))
s>    ( QUESTION19 -1 -1.407e+04 1.020e+02 6.408e+01
s>        ( WDBNDRY_B 0 -1.079e+04 1.216e+02 5.017e+01
s>            ( - -5.866e+03 3 0)
s>            ( QUESTION11 1 -4.798e+03 1.050e+02 2.119e+01
s>                ( - -3.292e+03 4 0)
s>                ( WDBNDRY_E 0 -1.401e+03 1.146e+02 6.990e+00
s>                    ( - -5.800e+02 1 0)
s>                    ( - -7.062e+02 1 0))))
s>        ( WDBNDRY_I 0 -3.186e+03 9.151e+01 1.391e+01
s>            ( - -5.238e+02 1 0)
s>            ( WDBNDRY_B 0 -2.570e+03 7.785e+01 1.100e+01
s>                ( QUESTION11 1 -2.281e+03 1.093e+02 9.999e+00
s>                    ( - -5.603e+02 1 0)
s>                    ( - -1.611e+03 4 0 QUESTION11 -1 8.600e+01 6.999e+00))
s>                ( - -2.118e+02 1 0))))INFO: dtree.c(1439): stop. leaf nodes are specific
INFO: dtree.c(1478): Final simple tree
|( QUESTION12 1 -4.585e+03 1.300e+02 2.194e+01
|    ( - -7.421e+02 1 0)
|    ( QUESTION12 -1 -3.713e+03 1.333e+02 1.794e+01
|        ( - -6.843e+02 1 0)
|        ( WDBNDRY_B 0 -2.895e+03 9.768e+01 1.394e+01
|            ( - -1.890e+03 2 0)
|            ( - -9.078e+02 1 0))))
s>    ( QUESTION12 1 -4.585e+03 1.300e+02 2.194e+01
s>        ( - -7.421e+02 1 0)
s>        ( QUESTION12 -1 -3.713e+03 1.333e+02 1.794e+01
s>            ( - -6.843e+02 1 0)
s>            ( WDBNDRY_B 0 -2.895e+03 9.768e+01 1.394e+01
s>                ( - -1.890e+03 2 0)
s>                ( - -9.078e+02 1 0))))INFO: dtree.c(1315): Comp split 34
INFO: dtree.c(1439): stop. leaf nodes are specific
INFO: dtree.c(1478): Final simple tree
|( WDBNDRY_B 0 -6.682e+03 1.091e+02 3.297e+01
|    ( - -5.866e+03 3 0)
|    ( - -7.062e+02 1 0))
s>    ( WDBNDRY_B 0 -6.682e+03 1.091e+02 3.297e+01
s>        ( - -5.866e+03 3 0)
s>        ( - -7.062e+02 1 0))INFO: dtree.c(1478): Final simple tree
|( QUESTION11 1 -7.219e+03 8.028e+01 3.111e+01
|    ( WDBNDRY_B 0 -4.867e+03 1.057e+02 2.112e+01
|        ( - -5.603e+02 1 0)
|        ( WDBNDRY_E 0 -4.201e+03 7.578e+01 1.812e+01
|            ( - -2.118e+02 1 0)
|            ( QUESTION11 -1 -3.914e+03 9.783e+01 1.712e+01
|                ( - -5.238e+02 1 0)
|                ( - -3.292e+03 4 0))))
|    ( QUESTION11 -1 -2.272e+03 9.028e+01 9.999e+00
|        ( - -5.640e+02 1 0)
|        ( WDBNDRY_B 0 -1.618e+03 7.655e+01 7.001e+00
|            ( QUESTION14 -1 -9.610e+02 7.043e+01 4.001e+00
|                ( - -2.163e+02 1 0)
|                ( - -6.743e+02 2 0))
|            ( - -5.800e+02 1 0))))
s>    ( QUESTION11 1 -7.219e+03 8.028e+01 3.111e+01
s>        ( WDBNDRY_B 0 -4.867e+03 1.057e+02 2.112e+01
s>            ( - -5.603e+02 1 0)
s>            ( WDBNDRY_E 0 -4.201e+03 7.578e+01 1.812e+01
s>                ( - -2.118e+02 1 0)
s>                ( QUESTION11 -1 -3.914e+03 9.783e+01 1.712e+01
s>                    ( - -5.238e+02 1 0)
s>                    ( - -3.292e+03 4 0))))
s>        ( QUESTION11 -1 -2.272e+03 9.028e+01 9.999e+00
s>            ( - -5.640e+02 1 0)
s>            ( WDBNDRY_B 0 -1.618e+03 7.655e+01 7.001e+00
s>                ( QUESTION14 -1 -9.610e+02 7.043e+01 4.001e+00
s>                    ( - -2.163e+02 1 0)
s>                    ( - -6.743e+02 2 0))
s>                ( - -5.800e+02 1 0))))INFO: dtree.c(1315): Comp split 35
INFO: dtree.c(1439): stop. leaf nodes are specific
INFO: dtree.c(1478): Final simple tree
|( WDBNDRY_E 0 -5.643e+03 1.285e+02 2.397e+01
|    ( - -1.507e+03 1 0)
|    ( QUESTION13 -1 -4.008e+03 9.546e+01 1.602e+01
|        ( - -1.131e+03 1 0)
|        ( WDBNDRY_B 0 -2.781e+03 8.645e+01 1.100e+01
|            ( - -1.969e+02 1 0)
|            ( QUESTION7 1 -2.498e+03 9.094e+01 9.999e+00
|                ( - -1.098e+03 1 0)
|                ( QUESTION0_2_R 1 -1.309e+03 7.856e+01 5.000e+00
|                    ( - -1.051e+03 2 0)
|                    ( - -1.794e+02 1 0))))))
s>    ( WDBNDRY_E 0 -5.643e+03 1.285e+02 2.397e+01
s>        ( - -1.507e+03 1 0)
s>        ( QUESTION13 -1 -4.008e+03 9.546e+01 1.602e+01
s>            ( - -1.131e+03 1 0)
s>            ( WDBNDRY_B 0 -2.781e+03 8.645e+01 1.100e+01
s>                ( - -1.969e+02 1 0)
s>                ( QUESTION7 1 -2.498e+03 9.094e+01 9.999e+00
s>                    ( - -1.098e+03 1 0)
s>                    ( QUESTION0_2_R 1 -1.309e+03 7.856e+01 5.000e+00
s>                        ( - -1.051e+03 2 0)
s>                        ( - -1.794e+02 1 0))))))INFO: dtree.c(1315): Comp split 36
INFO: dtree.c(1439): stop. leaf nodes are specific
INFO: dtree.c(1478): Final simple tree
|( QUESTION19 -1 -1.045e+04 1.301e+02 4.790e+01
|    ( - -6.299e+03 3 0)
|    ( QUESTION0_6_R 1 -4.020e+03 1.060e+02 1.899e+01
|        ( WDBNDRY_B 0 -2.644e+03 9.300e+01 1.299e+01
|            ( - -9.694e+02 1 0)
|            ( - -1.581e+03 1 0))
|        ( WDBNDRY_B 0 -1.270e+03 8.813e+01 6.000e+00
|            ( - -2.233e+02 1 0)
|            ( - -9.589e+02 1 0))))
s>    ( QUESTION19 -1 -1.045e+04 1.301e+02 4.790e+01
s>        ( - -6.299e+03 3 0)
s>        ( QUESTION0_6_R 1 -4.020e+03 1.060e+02 1.899e+01
s>            ( WDBNDRY_B 0 -2.644e+03 9.300e+01 1.299e+01
s>                ( - -9.694e+02 1 0)
s>                ( - -1.581e+03 1 0))
s>            ( WDBNDRY_B 0 -1.270e+03 8.813e+01 6.000e+00
s>                ( - -2.233e+02 1 0)
s>                ( - -9.589e+02 1 0))))INFO: dtree.c(1315): Comp split 37
INFO: dtree.c(1439): stop. leaf nodes are specific
INFO: dtree.c(1478): Final simple tree
|( QUESTION12 -1 -3.763e+03 1.256e+02 1.794e+01
|    ( - -7.421e+02 1 0)
|    ( WDBNDRY_B 0 -2.895e+03 9.768e+01 1.394e+01
|        ( - -1.890e+03 2 0)
|        ( - -9.078e+02 1 0)))
s>    ( QUESTION12 -1 -3.763e+03 1.256e+02 1.794e+01
s>        ( - -7.421e+02 1 0)
s>        ( WDBNDRY_B 0 -2.895e+03 9.768e+01 1.394e+01
s>            ( - -1.890e+03 2 0)
s>            ( - -9.078e+02 1 0)))INFO: dtree.c(1315): Comp split 38
INFO: dtree.c(1315): Comp split 39
INFO: dtree.c(1439): stop. leaf nodes are specific
INFO: dtree.c(1478): Final simple tree
|( QUESTION0_6_R 1 -9.356e+03 1.230e+02 4.290e+01
|    ( WDBNDRY_B 0 -2.644e+03 9.300e+01 1.299e+01
|        ( - -9.694e+02 1 0)
|        ( - -1.581e+03 1 0))
|    ( WDBNDRY_B 0 -6.590e+03 6.790e+01 2.991e+01
|        ( - -2.233e+02 1 0)
|        ( - -6.299e+03 3 0)))
s>    ( QUESTION0_6_R 1 -9.356e+03 1.230e+02 4.290e+01
s>        ( WDBNDRY_B 0 -2.644e+03 9.300e+01 1.299e+01
s>            ( - -9.694e+02 1 0)
s>            ( - -1.581e+03 1 0))
s>        ( WDBNDRY_B 0 -6.590e+03 6.790e+01 2.991e+01
s>            ( - -2.233e+02 1 0)
s>            ( - -6.299e+03 3 0)))INFO: dtree.c(1315): Comp split 40
INFO: dtree.c(1439): stop. leaf nodes are specific
INFO: dtree.c(1478): Final simple tree
|( QUESTION0_3_R 1 -1.198e+03 1.059e+02 6.000e+00
|    ( - -3.179e+02 1 0)
|    ( - -7.739e+02 1 0))
s>    ( QUESTION0_3_R 1 -1.198e+03 1.059e+02 6.000e+00
s>        ( - -3.179e+02 1 0)
s>        ( - -7.739e+02 1 0))INFO: dtree.c(1315): Comp split 41
INFO: dtree.c(1439): stop. leaf nodes are specific
INFO: dtree.c(1478): Final simple tree
|( QUESTION13 -1 -4.008e+03 9.546e+01 1.602e+01
|    ( - -1.131e+03 1 0)
|    ( WDBNDRY_B 0 -2.781e+03 8.645e+01 1.100e+01
|        ( - -1.969e+02 1 0)
|        ( QUESTION7 1 -2.498e+03 9.094e+01 9.999e+00
|            ( - -1.098e+03 1 0)
|            ( QUESTION0_2_R 1 -1.309e+03 7.856e+01 5.000e+00
|                ( - -1.051e+03 2 0)
|                ( - -1.794e+02 1 0)))))
s>    ( QUESTION13 -1 -4.008e+03 9.546e+01 1.602e+01
s>        ( - -1.131e+03 1 0)
s>        ( WDBNDRY_B 0 -2.781e+03 8.645e+01 1.100e+01
s>            ( - -1.969e+02 1 0)
s>            ( QUESTION7 1 -2.498e+03 9.094e+01 9.999e+00
s>                ( - -1.098e+03 1 0)
s>                ( QUESTION0_2_R 1 -1.309e+03 7.856e+01 5.000e+00
s>                    ( - -1.051e+03 2 0)
s>                    ( - -1.794e+02 1 0)))))INFO: dtree.c(1315): Comp split 42
INFO: dtree.c(1439): stop. leaf nodes are specific
INFO: dtree.c(1478): Final simple tree
|( WDBNDRY_E 0 -3.617e+03 9.785e+01 1.536e+01
|    ( - -6.925e+02 2 0)
|    ( - -2.827e+03 1 0))
s>    ( WDBNDRY_E 0 -3.617e+03 9.785e+01 1.536e+01
s>        ( - -6.925e+02 2 0)
s>        ( - -2.827e+03 1 0))INFO: dtree.c(1439): stop. leaf nodes are specific
INFO: dtree.c(1478): Final simple tree
|( WDBNDRY_B 0 -2.960e+03 1.056e+02 1.300e+01
|    ( - -2.050e+03 3 0)
|    ( - -8.048e+02 1 0))
s>    ( WDBNDRY_B 0 -2.960e+03 1.056e+02 1.300e+01
s>        ( - -2.050e+03 3 0)
s>        ( - -8.048e+02 1 0))INFO: dtree.c(1315): Comp split 43
INFO: dtree.c(1439): stop. leaf nodes are specific
INFO: dtree.c(1478): Final simple tree
|( WDBNDRY_B 0 -2.895e+03 9.768e+01 1.394e+01
|    ( - -1.890e+03 2 0)
|    ( - -9.078e+02 1 0))
s>    ( WDBNDRY_B 0 -2.895e+03 9.768e+01 1.394e+01
s>        ( - -1.890e+03 2 0)
s>        ( - -9.078e+02 1 0))INFO: dtree.c(1315): Comp split 44
INFO: dtree.c(1439): stop. leaf nodes are specific
INFO: dtree.c(1478): Final simple tree
|( QUESTION0_8_R 1 -2.984e+03 9.891e+01 1.199e+01
|    ( WDBNDRY_E 0 -1.301e+03 8.436e+01 5.000e+00
|        ( - -5.109e+02 1 0)
|        ( QUESTION0_11_R 1 -7.062e+02 6.437e+01 3.000e+00
|            ( - -4.484e+02 1 0)
|            ( - -1.935e+02 1 0)))
|    ( WDBNDRY_B 0 -1.584e+03 7.197e+01 6.994e+00
|        ( - -3.987e+02 1 0)
|        ( - -1.113e+03 1 0)))
s>    ( QUESTION0_8_R 1 -2.984e+03 9.891e+01 1.199e+01
s>        ( WDBNDRY_E 0 -1.301e+03 8.436e+01 5.000e+00
s>            ( - -5.109e+02 1 0)
s>            ( QUESTION0_11_R 1 -7.062e+02 6.437e+01 3.000e+00
s>                ( - -4.484e+02 1 0)
s>                ( - -1.935e+02 1 0)))
s>        ( WDBNDRY_B 0 -1.584e+03 7.197e+01 6.994e+00
s>            ( - -3.987e+02 1 0)
s>            ( - -1.113e+03 1 0)))INFO: dtree.c(1315): Comp split 45
INFO: dtree.c(1439): stop. leaf nodes are specific
INFO: dtree.c(1478): Final simple tree
|( WDBNDRY_B 0 -6.590e+03 6.790e+01 2.991e+01
|    ( - -2.233e+02 1 0)
|    ( - -6.299e+03 3 0))
s>    ( WDBNDRY_B 0 -6.590e+03 6.790e+01 2.991e+01
s>        ( - -2.233e+02 1 0)
s>        ( - -6.299e+03 3 0))INFO: dtree.c(1439): stop. leaf nodes are specific
INFO: dtree.c(1478): Final simple tree
|( WDBNDRY_B 0 -2.644e+03 9.300e+01 1.299e+01
|    ( - -9.694e+02 1 0)
|    ( - -1.581e+03 1 0))
s>    ( WDBNDRY_B 0 -2.644e+03 9.300e+01 1.299e+01
s>        ( - -9.694e+02 1 0)
s>        ( - -1.581e+03 1 0))INFO: dtree.c(1315): Comp split 46
INFO: dtree.c(1439): stop. leaf nodes are specific
INFO: dtree.c(1478): Final simple tree
|( WDBNDRY_E 0 -3.298e+03 9.969e+01 1.575e+01
|    ( - -2.237e+03 2 0)
|    ( - -9.617e+02 1 0))
s>    ( WDBNDRY_E 0 -3.298e+03 9.969e+01 1.575e+01
s>        ( - -2.237e+03 2 0)
s>        ( - -9.617e+02 1 0))INFO: dtree.c(1315): Comp split 47
INFO: dtree.c(1439): stop. leaf nodes are specific
INFO: dtree.c(1478): Final simple tree
|( QUESTION11 1 -2.974e+03 1.086e+02 1.181e+01
|    ( - -1.258e+03 1 0)
|    ( - -1.607e+03 2 0))
s>    ( QUESTION11 1 -2.974e+03 1.086e+02 1.181e+01
s>        ( - -1.258e+03 1 0)
s>        ( - -1.607e+03 2 0))INFO: dtree.c(1315): Comp split 48
INFO: dtree.c(1439): stop. leaf nodes are specific
INFO: dtree.c(1478): Final simple tree
|( WDBNDRY_B 0 -1.170e+03 8.628e+01 5.914e+00
|    ( - -5.603e+02 1 0)
|    ( - -5.238e+02 1 0))
s>    ( WDBNDRY_B 0 -1.170e+03 8.628e+01 5.914e+00
s>        ( - -5.603e+02 1 0)
s>        ( - -5.238e+02 1 0))INFO: dtree.c(1439): stop. leaf nodes are specific
INFO: dtree.c(1478): Final simple tree
|( QUESTION11 1 -5.932e+03 8.353e+01 2.520e+01
|    ( WDBNDRY_E 0 -3.577e+03 7.290e+01 1.520e+01
|        ( - -2.118e+02 1 0)
|        ( - -3.292e+03 4 0))
|    ( QUESTION11 -1 -2.272e+03 9.028e+01 9.999e+00
|        ( - -5.640e+02 1 0)
|        ( WDBNDRY_B 0 -1.618e+03 7.655e+01 7.001e+00
|            ( QUESTION14 -1 -9.610e+02 7.043e+01 4.001e+00
|                ( - -2.163e+02 1 0)
|                ( - -6.743e+02 2 0))
|            ( - -5.800e+02 1 0))))
s>    ( QUESTION11 1 -5.932e+03 8.353e+01 2.520e+01
s>        ( WDBNDRY_E 0 -3.577e+03 7.290e+01 1.520e+01
s>            ( - -2.118e+02 1 0)
s>            ( - -3.292e+03 4 0))
s>        ( QUESTION11 -1 -2.272e+03 9.028e+01 9.999e+00
s>            ( - -5.640e+02 1 0)
s>            ( WDBNDRY_B 0 -1.618e+03 7.655e+01 7.001e+00
s>                ( QUESTION14 -1 -9.610e+02 7.043e+01 4.001e+00
s>                    ( - -2.163e+02 1 0)
s>                    ( - -6.743e+02 2 0))
s>                ( - -5.800e+02 1 0))))INFO: dtree.c(1315): Comp split 49
INFO: dtree.c(1439): stop. leaf nodes are specific
INFO: dtree.c(1478): Final simple tree
|( QUESTION7 1 -2.498e+03 9.094e+01 9.999e+00
|    ( - -1.098e+03 1 0)
|    ( QUESTION0_2_R 1 -1.309e+03 7.856e+01 5.000e+00
|        ( - -1.051e+03 2 0)
|        ( - -1.794e+02 1 0)))
s>    ( QUESTION7 1 -2.498e+03 9.094e+01 9.999e+00
s>        ( - -1.098e+03 1 0)
s>        ( QUESTION0_2_R 1 -1.309e+03 7.856e+01 5.000e+00
s>            ( - -1.051e+03 2 0)
s>            ( - -1.794e+02 1 0)))INFO: dtree.c(1439): stop. leaf nodes are specific
INFO: dtree.c(1478): Final simple tree
|( WDBNDRY_B 0 -1.400e+03 7.158e+01 6.020e+00
|    ( - -1.969e+02 1 0)
|    ( - -1.131e+03 1 0))
s>    ( WDBNDRY_B 0 -1.400e+03 7.158e+01 6.020e+00
s>        ( - -1.969e+02 1 0)
s>        ( - -1.131e+03 1 0))INFO: dtree.c(1315): Comp split 50
INFO: dtree.c(1315): Comp split 51
INFO: dtree.c(1315): Comp split 52
INFO: dtree.c(1315): Comp split 53
INFO: dtree.c(1315): Comp split 54
INFO: dtree.c(1315): Comp split 55
INFO: dtree.c(1439): stop. leaf nodes are specific
INFO: dtree.c(1478): Final simple tree
|( WDBNDRY_E 0 -1.301e+03 8.436e+01 5.000e+00
|    ( - -5.109e+02 1 0)
|    ( QUESTION0_11_R 1 -7.062e+02 6.437e+01 3.000e+00
|        ( - -4.484e+02 1 0)
|        ( - -1.935e+02 1 0)))
s>    ( WDBNDRY_E 0 -1.301e+03 8.436e+01 5.000e+00
s>        ( - -5.109e+02 1 0)
s>        ( QUESTION0_11_R 1 -7.062e+02 6.437e+01 3.000e+00
s>            ( - -4.484e+02 1 0)
s>            ( - -1.935e+02 1 0)))INFO: dtree.c(1439): stop. leaf nodes are specific
INFO: dtree.c(1478): Final simple tree
|( WDBNDRY_B 0 -1.584e+03 7.197e+01 6.994e+00
|    ( - -3.987e+02 1 0)
|    ( - -1.113e+03 1 0))
s>    ( WDBNDRY_B 0 -1.584e+03 7.197e+01 6.994e+00
s>        ( - -3.987e+02 1 0)
s>        ( - -1.113e+03 1 0))INFO: dtree.c(1315): Comp split 56
INFO: dtree.c(1315): Comp split 57
INFO: dtree.c(1315): Comp split 58
INFO: dtree.c(1315): Comp split 59
INFO: dtree.c(1439): stop. leaf nodes are specific
INFO: dtree.c(1478): Final simple tree
|( QUESTION11 1 -5.275e+03 8.098e+01 2.220e+01
|    ( WDBNDRY_E 0 -3.577e+03 7.290e+01 1.520e+01
|        ( - -2.118e+02 1 0)
|        ( - -3.292e+03 4 0))
|    ( WDBNDRY_B 0 -1.618e+03 7.655e+01 7.001e+00
|        ( QUESTION14 -1 -9.610e+02 7.043e+01 4.001e+00
|            ( - -2.163e+02 1 0)
|            ( - -6.743e+02 2 0))
|        ( - -5.800e+02 1 0)))
s>    ( QUESTION11 1 -5.275e+03 8.098e+01 2.220e+01
s>        ( WDBNDRY_E 0 -3.577e+03 7.290e+01 1.520e+01
s>            ( - -2.118e+02 1 0)
s>            ( - -3.292e+03 4 0))
s>        ( WDBNDRY_B 0 -1.618e+03 7.655e+01 7.001e+00
s>            ( QUESTION14 -1 -9.610e+02 7.043e+01 4.001e+00
s>                ( - -2.163e+02 1 0)
s>                ( - -6.743e+02 2 0))
s>            ( - -5.800e+02 1 0)))INFO: dtree.c(1315): Comp split 60
INFO: dtree.c(1439): stop. leaf nodes are specific
INFO: dtree.c(1478): Final simple tree
|( WDBNDRY_E 0 -4.604e+03 6.988e+01 1.920e+01
|    ( - -2.118e+02 1 0)
|    ( QUESTION14 -1 -4.322e+03 7.045e+01 1.820e+01
|        ( - -2.163e+02 1 0)
|        ( WDBNDRY_B 0 -4.035e+03 6.896e+01 1.720e+01
|            ( - -6.743e+02 2 0)
|            ( - -3.292e+03 4 0))))
s>    ( WDBNDRY_E 0 -4.604e+03 6.988e+01 1.920e+01
s>        ( - -2.118e+02 1 0)
s>        ( QUESTION14 -1 -4.322e+03 7.045e+01 1.820e+01
s>            ( - -2.163e+02 1 0)
s>            ( WDBNDRY_B 0 -4.035e+03 6.896e+01 1.720e+01
s>                ( - -6.743e+02 2 0)
s>                ( - -3.292e+03 4 0))))INFO: dtree.c(1315): Comp split 61
INFO: dtree.c(1315): Comp split 62
INFO: dtree.c(1439): stop. leaf nodes are specific
INFO: dtree.c(1478): Final simple tree
|( QUESTION0_2_R 1 -1.309e+03 7.856e+01 5.000e+00
|    ( - -1.051e+03 2 0)
|    ( - -1.794e+02 1 0))
s>    ( QUESTION0_2_R 1 -1.309e+03 7.856e+01 5.000e+00
s>        ( - -1.051e+03 2 0)
s>        ( - -1.794e+02 1 0))INFO: dtree.c(1315): Comp split 63
INFO: dtree.c(1439): stop. leaf nodes are specific
INFO: dtree.c(1478): Final simple tree
|( QUESTION5 -1 -2.068e+03 8.054e+01 8.000e+00
|    ( - -4.272e+02 1 0)
|    ( WDBNDRY_E 0 -1.560e+03 6.916e+01 6.000e+00
|        ( - -2.155e+02 1 0)
|        ( QUESTION0_7_R 1 -1.276e+03 6.027e+01 5.000e+00
|            ( - -2.344e+02 1 0)
|            ( WDBNDRY_B 0 -9.811e+02 6.020e+01 4.000e+00
|                ( QUESTION0_3_R 1 -4.848e+02 7.024e+01 2.000e+00
|                    ( - -1.951e+02 1 0)
|                    ( - -2.194e+02 1 0))
|                ( - -4.361e+02 1 0)))))
s>    ( QUESTION5 -1 -2.068e+03 8.054e+01 8.000e+00
s>        ( - -4.272e+02 1 0)
s>        ( WDBNDRY_E 0 -1.560e+03 6.916e+01 6.000e+00
s>            ( - -2.155e+02 1 0)
s>            ( QUESTION0_7_R 1 -1.276e+03 6.027e+01 5.000e+00
s>                ( - -2.344e+02 1 0)
s>                ( WDBNDRY_B 0 -9.811e+02 6.020e+01 4.000e+00
s>                    ( QUESTION0_3_R 1 -4.848e+02 7.024e+01 2.000e+00
s>                        ( - -1.951e+02 1 0)
s>                        ( - -2.194e+02 1 0))
s>                    ( - -4.361e+02 1 0)))))INFO: dtree.c(1315): Comp split 64
INFO: dtree.c(1315): Comp split 65
INFO: dtree.c(1439): stop. leaf nodes are specific
INFO: dtree.c(1478): Final simple tree
|( QUESTION0_11_R 1 -7.062e+02 6.437e+01 3.000e+00
|    ( - -4.484e+02 1 0)
|    ( - -1.935e+02 1 0))
s>    ( QUESTION0_11_R 1 -7.062e+02 6.437e+01 3.000e+00
s>        ( - -4.484e+02 1 0)
s>        ( - -1.935e+02 1 0))INFO: dtree.c(1315): Comp split 66
INFO: dtree.c(1439): stop. leaf nodes are specific
INFO: dtree.c(1478): Final simple tree
|( WDBNDRY_E 0 -1.560e+03 6.916e+01 6.000e+00
|    ( - -2.155e+02 1 0)
|    ( QUESTION0_7_R 1 -1.276e+03 6.027e+01 5.000e+00
|        ( - -2.344e+02 1 0)
|        ( WDBNDRY_B 0 -9.811e+02 6.020e+01 4.000e+00
|            ( QUESTION0_3_R 1 -4.848e+02 7.024e+01 2.000e+00
|                ( - -1.951e+02 1 0)
|                ( - -2.194e+02 1 0))
|            ( - -4.361e+02 1 0))))
s>    ( WDBNDRY_E 0 -1.560e+03 6.916e+01 6.000e+00
s>        ( - -2.155e+02 1 0)
s>        ( QUESTION0_7_R 1 -1.276e+03 6.027e+01 5.000e+00
s>            ( - -2.344e+02 1 0)
s>            ( WDBNDRY_B 0 -9.811e+02 6.020e+01 4.000e+00
s>                ( QUESTION0_3_R 1 -4.848e+02 7.024e+01 2.000e+00
s>                    ( - -1.951e+02 1 0)
s>                    ( - -2.194e+02 1 0))
s>                ( - -4.361e+02 1 0))))INFO: dtree.c(1315): Comp split 67
INFO: dtree.c(1315): Comp split 68
INFO: dtree.c(1439): stop. leaf nodes are specific
INFO: dtree.c(1478): Final simple tree
|( QUESTION0_3_R 1 -7.767e+02 6.228e+01 3.000e+00
|    ( - -1.951e+02 1 0)
|    ( WDBNDRY_B 0 -5.193e+02 6.546e+01 2.000e+00
|        ( - -2.194e+02 1 0)
|        ( - -2.344e+02 1 0)))
s>    ( QUESTION0_3_R 1 -7.767e+02 6.228e+01 3.000e+00
s>        ( - -1.951e+02 1 0)
s>        ( WDBNDRY_B 0 -5.193e+02 6.546e+01 2.000e+00
s>            ( - -2.194e+02 1 0)
s>            ( - -2.344e+02 1 0)))INFO: dtree.c(1439): stop. leaf nodes are specific
INFO: dtree.c(1478): Final simple tree
|( WDBNDRY_E 0 -7.089e+02 5.728e+01 3.000e+00
|    ( - -2.155e+02 1 0)
|    ( - -4.361e+02 1 0))
s>    ( WDBNDRY_E 0 -7.089e+02 5.728e+01 3.000e+00
s>        ( - -2.155e+02 1 0)
s>        ( - -4.361e+02 1 0))INFO: dtree.c(1315): Comp split 69
INFO: dtree.c(1315): Comp split 70
INFO: dtree.c(1315): Comp split 71
INFO: dtree.c(1439): stop. leaf nodes are specific
INFO: dtree.c(1478): Final simple tree
|( WDBNDRY_B 0 -4.035e+03 6.896e+01 1.720e+01
|    ( - -6.743e+02 2 0)
|    ( - -3.292e+03 4 0))
s>    ( WDBNDRY_B 0 -4.035e+03 6.896e+01 1.720e+01
s>        ( - -6.743e+02 2 0)
s>        ( - -3.292e+03 4 0))INFO: dtree.c(1439): stop. leaf nodes are specific
INFO: dtree.c(1478): Final simple tree
|( WDBNDRY_B 0 -4.980e+02 6.984e+01 2.000e+00
|    ( - -2.163e+02 1 0)
|    ( - -2.118e+02 1 0))
s>    ( WDBNDRY_B 0 -4.980e+02 6.984e+01 2.000e+00
s>        ( - -2.163e+02 1 0)
s>        ( - -2.118e+02 1 0))INFO: dtree.c(1315): Comp split 72
INFO: dtree.c(1315): Comp split 73
INFO: dtree.c(1315): Comp split 74
INFO: dtree.c(1315): Comp split 75
INFO: dtree.c(1315): Comp split 76
INFO: dtree.c(1439): stop. leaf nodes are specific
INFO: dtree.c(1478): Final simple tree
|( WDBNDRY_B 0 -5.193e+02 6.546e+01 2.000e+00
|    ( - -2.194e+02 1 0)
|    ( - -2.344e+02 1 0))
s>    ( WDBNDRY_B 0 -5.193e+02 6.546e+01 2.000e+00
s>        ( - -2.194e+02 1 0)
s>        ( - -2.344e+02 1 0))INFO: dtree.c(1315): Comp split 77
INFO: dtree.c(1315): Comp split 78
INFO: dtree.c(1315): Comp split 79
INFO: dtree.c(1318): stop. leaf nodes are specific
Thu May  7 00:23:28 2020
