Current configuration:
[NAME]		[DEFLT]	[VALUE]
-allphones	no	no
-cntthresh	0.00001	1.000000e-05
-csplitmax	100	2000
-csplitmin	1	1
-csplitthr	8e-4	0.000000e+00
-example	no	no
-fullvar	no	no
-help		no	no
-meanfn			/home/abdy/Desktop/diploma/kg/model_parameters/kg.cd_cont_untied/means
-mixwfn			/home/abdy/Desktop/diploma/kg/model_parameters/kg.cd_cont_untied/mixture_weights
-moddeffn		/home/abdy/Desktop/diploma/kg/model_architecture/kg.untied.mdef
-mwfloor	1e-4	1.000000e-08
-phone			m
-psetfn			/home/abdy/Desktop/diploma/kg/model_architecture/kg.tree_questions
-ssplitmax	5	7
-ssplitmin	1	1
-ssplitthr	8e-4	0.000000e+00
-state			0
-stwt			1.0,0.05,0.0,
-treefn			/home/abdy/Desktop/diploma/kg/trees/kg.unpruned/m-0.dtree
-ts2cbfn	.semi.	.cont.
-varfloor	0.00001	1.000000e-05
-varfn			/home/abdy/Desktop/diploma/kg/model_parameters/kg.cd_cont_untied/variances

INFO: main.c(223): Reading: /home/abdy/Desktop/diploma/kg/model_architecture/kg.untied.mdef
INFO: model_def_io.c(573): Model definition info:
INFO: model_def_io.c(574): 10297 total models defined (47 base, 10250 tri)
INFO: model_def_io.c(575): 41188 total states
INFO: model_def_io.c(576): 30891 total tied states
INFO: model_def_io.c(577): 141 total tied CI states
INFO: model_def_io.c(578): 47 total tied transition matrices
INFO: model_def_io.c(579): 4 max state/model
INFO: model_def_io.c(580): 4 min state/model
INFO: main.c(242): Building trees for [m SIL a b] through [m zh k i]
INFO: main.c(269): Covering states |[13605 14915]| == 1311
INFO: main.c(275): Reading: /home/abdy/Desktop/diploma/kg/model_parameters/kg.cd_cont_untied/mixture_weights
INFO: s3mixw_io.c(173): Read /home/abdy/Desktop/diploma/kg/model_parameters/kg.cd_cont_untied/mixture_weights [1311x1x1 array]
INFO: main.c(311): 105 of 437 models have observation count greater than 0.000010
INFO: main.c(95): nrm stwt: 0.952 0.048 0.000 
INFO: s3gau_io.c(169): Read /home/abdy/Desktop/diploma/kg/model_parameters/kg.cd_cont_untied/means [30891x1x1 array]
INFO: s3gau_io.c(169): Read /home/abdy/Desktop/diploma/kg/model_parameters/kg.cd_cont_untied/variances [30891x1x1 array]
INFO: main.c(549): Reading: /home/abdy/Desktop/diploma/kg/model_architecture/kg.tree_questions
INFO: main.c(588): 174 total simple questions (166 phone; 8 word bndry)
INFO: main.c(590): 40 Left Only questions, and 42 Right Only questions
INFO: dtree.c(1478): Final simple tree
|( SILENCE -1 -1.318e+05 1.537e+03 5.485e+02
|    ( QUESTION0_5_R 1 -4.798e+04 1.125e+03 2.101e+02
|        ( QUESTION0_6_R 1 -1.909e+04 6.540e+02 9.154e+01
|            ( - -3.550e+03 1 0)
|            ( - -1.489e+04 1 0))
|        ( - -2.776e+04 5 0 QUESTION0_3_R 1 3.545e+02 1.185e+02))
|    ( QUESTION2_14_L -1 -8.233e+04 4.945e+02 3.384e+02
|        ( - 2.419e+02 1 0)
|        ( QUESTION0_14_R 1 -8.208e+04 4.787e+02 3.374e+02
|            ( - -7.686e+03 3 0 QUESTION11 -1 1.022e+02 3.300e+01)
|            ( SILENCE 1 -7.392e+04 4.769e+02 3.044e+02
|                ( - -5.017e+03 2 0)
|                ( QUESTION2_0_L -1 -6.842e+04 3.875e+02 2.804e+02
|                    ( - -5.854e+04 80 0 QUESTION0_7_R 1 3.126e+02 2.426e+02)
|                    ( - -9.491e+03 12 0 QUESTION0_9_R 1 2.291e+02 3.777e+01))))))
s>    ( SILENCE -1 -1.318e+05 1.537e+03 5.485e+02
s>        ( QUESTION0_5_R 1 -4.798e+04 1.125e+03 2.101e+02
s>            ( QUESTION0_6_R 1 -1.909e+04 6.540e+02 9.154e+01
s>                ( - -3.550e+03 1 0)
s>                ( - -1.489e+04 1 0))
s>            ( - -2.776e+04 5 0 QUESTION0_3_R 1 3.545e+02 1.185e+02))
s>        ( QUESTION2_14_L -1 -8.233e+04 4.945e+02 3.384e+02
s>            ( - 2.419e+02 1 0)
s>            ( QUESTION0_14_R 1 -8.208e+04 4.787e+02 3.374e+02
s>                ( - -7.686e+03 3 0 QUESTION11 -1 1.022e+02 3.300e+01)
s>                ( SILENCE 1 -7.392e+04 4.769e+02 3.044e+02
s>                    ( - -5.017e+03 2 0)
s>                    ( QUESTION2_0_L -1 -6.842e+04 3.875e+02 2.804e+02
s>                        ( - -5.854e+04 80 0 QUESTION0_7_R 1 3.126e+02 2.426e+02)
s>                        ( - -9.491e+03 12 0 QUESTION0_9_R 1 2.291e+02 3.777e+01))))))INFO: dtree.c(1315): Comp split 0
INFO: dtree.c(1478): Final simple tree
|( SILENCE -1 -1.151e+05 1.248e+03 4.722e+02
|    ( QUESTION0_7_R 1 -3.151e+04 3.978e+02 1.339e+02
|        ( - -2.031e+04 2 0)
|        ( - -1.080e+04 4 0 QUESTION0_3_R 1 1.564e+02 4.633e+01))
|    ( QUESTION2_14_L -1 -8.233e+04 4.945e+02 3.384e+02
|        ( - 2.419e+02 1 0)
|        ( QUESTION0_14_R 1 -8.208e+04 4.787e+02 3.374e+02
|            ( - -7.686e+03 3 0 QUESTION11 -1 1.022e+02 3.300e+01)
|            ( SILENCE 1 -7.392e+04 4.769e+02 3.044e+02
|                ( - -5.017e+03 2 0)
|                ( QUESTION2_0_L -1 -6.842e+04 3.875e+02 2.804e+02
|                    ( QUESTION0_7_R 1 -5.854e+04 3.126e+02 2.426e+02
|                        ( - -8.923e+03 8 0 QUESTION15 -1 4.653e+02 3.827e+01)
|                        ( - -4.931e+04 72 0 QUESTION0_4_R 1 2.227e+02 2.043e+02))
|                    ( - -9.491e+03 12 0 QUESTION0_9_R 1 2.291e+02 3.777e+01))))))
s>    ( SILENCE -1 -1.151e+05 1.248e+03 4.722e+02
s>        ( QUESTION0_7_R 1 -3.151e+04 3.978e+02 1.339e+02
s>            ( - -2.031e+04 2 0)
s>            ( - -1.080e+04 4 0 QUESTION0_3_R 1 1.564e+02 4.633e+01))
s>        ( QUESTION2_14_L -1 -8.233e+04 4.945e+02 3.384e+02
s>            ( - 2.419e+02 1 0)
s>            ( QUESTION0_14_R 1 -8.208e+04 4.787e+02 3.374e+02
s>                ( - -7.686e+03 3 0 QUESTION11 -1 1.022e+02 3.300e+01)
s>                ( SILENCE 1 -7.392e+04 4.769e+02 3.044e+02
s>                    ( - -5.017e+03 2 0)
s>                    ( QUESTION2_0_L -1 -6.842e+04 3.875e+02 2.804e+02
s>                        ( QUESTION0_7_R 1 -5.854e+04 3.126e+02 2.426e+02
s>                            ( - -8.923e+03 8 0 QUESTION15 -1 4.653e+02 3.827e+01)
s>                            ( - -4.931e+04 72 0 QUESTION0_4_R 1 2.227e+02 2.043e+02))
s>                        ( - -9.491e+03 12 0 QUESTION0_9_R 1 2.291e+02 3.777e+01))))))INFO: dtree.c(1315): Comp split 1
INFO: dtree.c(1478): Final simple tree
|( QUESTION0_4_R 1 -4.931e+04 2.227e+02 2.043e+02
|    ( QUESTION14 -1 -1.529e+04 1.775e+02 6.353e+01
|        ( - -1.232e+03 2 0 QUESTION0_6_R 1 1.213e+02 6.000e+00)
|        ( - -1.388e+04 14 0 QUESTION2_1_L -1 1.428e+02 5.753e+01))
|    ( QUESTION11 -1 -3.380e+04 1.704e+02 1.408e+02
|        ( QUESTION7 1 -6.895e+03 1.764e+02 2.922e+01
|            ( - -3.466e+02 1 0)
|            ( - -6.372e+03 11 0 QUESTION0_12_R 1 1.318e+02 2.722e+01))
|        ( QUESTION0_9_R 1 -2.673e+04 1.792e+02 1.116e+02
|            ( - -1.005e+03 1 0)
|            ( QUESTION0_12_R 1 -2.555e+04 1.517e+02 1.066e+02
|                ( QUESTION2_1_L -1 -2.503e+03 1.886e+02 1.107e+01
|                    ( - -3.096e+02 1 0)
|                    ( - -2.005e+03 3 0 WDBNDRY_E 0 1.049e+02 9.072e+00))
|                ( - -2.289e+04 39 0 QUESTION0_0_R 1 1.413e+02 9.550e+01)))))
s>    ( QUESTION0_4_R 1 -4.931e+04 2.227e+02 2.043e+02
s>        ( QUESTION14 -1 -1.529e+04 1.775e+02 6.353e+01
s>            ( - -1.232e+03 2 0 QUESTION0_6_R 1 1.213e+02 6.000e+00)
s>            ( - -1.388e+04 14 0 QUESTION2_1_L -1 1.428e+02 5.753e+01))
s>        ( QUESTION11 -1 -3.380e+04 1.704e+02 1.408e+02
s>            ( QUESTION7 1 -6.895e+03 1.764e+02 2.922e+01
s>                ( - -3.466e+02 1 0)
s>                ( - -6.372e+03 11 0 QUESTION0_12_R 1 1.318e+02 2.722e+01))
s>            ( QUESTION0_9_R 1 -2.673e+04 1.792e+02 1.116e+02
s>                ( - -1.005e+03 1 0)
s>                ( QUESTION0_12_R 1 -2.555e+04 1.517e+02 1.066e+02
s>                    ( QUESTION2_1_L -1 -2.503e+03 1.886e+02 1.107e+01
s>                        ( - -3.096e+02 1 0)
s>                        ( - -2.005e+03 3 0 WDBNDRY_E 0 1.049e+02 9.072e+00))
s>                    ( - -2.289e+04 39 0 QUESTION0_0_R 1 1.413e+02 9.550e+01)))))INFO: dtree.c(1478): Final simple tree
|( QUESTION2_14_L -1 -6.416e+04 4.945e+02 2.679e+02
|    ( - 2.419e+02 1 0)
|    ( QUESTION15 -1 -6.391e+04 4.758e+02 2.669e+02
|        ( - 2.183e+02 1 0)
|        ( SILENCE -1 -6.365e+04 4.667e+02 2.659e+02
|            ( QUESTION0_7_R 1 -3.151e+04 3.978e+02 1.339e+02
|                ( - -2.031e+04 2 0)
|                ( - -1.080e+04 4 0 QUESTION0_3_R 1 1.564e+02 4.633e+01))
|            ( WDBNDRY_E 0 -3.168e+04 3.591e+02 1.321e+02
|                ( SILENCE 1 -1.297e+04 2.661e+02 5.702e+01
|                    ( - -5.017e+03 2 0)
|                    ( - -7.686e+03 3 0 QUESTION11 -1 1.022e+02 3.300e+01))
|                ( QUESTION0_9_R 1 -1.835e+04 2.141e+02 7.505e+01
|                    ( - -1.623e+03 1 0)
|                    ( - -1.651e+04 18 0 QUESTION1 -1 2.115e+02 6.705e+01))))))
s>    ( QUESTION2_14_L -1 -6.416e+04 4.945e+02 2.679e+02
s>        ( - 2.419e+02 1 0)
s>        ( QUESTION15 -1 -6.391e+04 4.758e+02 2.669e+02
s>            ( - 2.183e+02 1 0)
s>            ( SILENCE -1 -6.365e+04 4.667e+02 2.659e+02
s>                ( QUESTION0_7_R 1 -3.151e+04 3.978e+02 1.339e+02
s>                    ( - -2.031e+04 2 0)
s>                    ( - -1.080e+04 4 0 QUESTION0_3_R 1 1.564e+02 4.633e+01))
s>                ( WDBNDRY_E 0 -3.168e+04 3.591e+02 1.321e+02
s>                    ( SILENCE 1 -1.297e+04 2.661e+02 5.702e+01
s>                        ( - -5.017e+03 2 0)
s>                        ( - -7.686e+03 3 0 QUESTION11 -1 1.022e+02 3.300e+01))
s>                    ( QUESTION0_9_R 1 -1.835e+04 2.141e+02 7.505e+01
s>                        ( - -1.623e+03 1 0)
s>                        ( - -1.651e+04 18 0 QUESTION1 -1 2.115e+02 6.705e+01))))))INFO: dtree.c(1315): Comp split 2
INFO: dtree.c(1439): stop. leaf nodes are specific
INFO: dtree.c(1478): Final simple tree
|( QUESTION0_3_R 1 -1.080e+04 1.564e+02 4.633e+01
|    ( QUESTION11 1 -7.092e+03 1.425e+02 3.100e+01
|        ( - -1.029e+03 1 0)
|        ( - -5.921e+03 2 0))
|    ( - -3.550e+03 1 0))
s>    ( QUESTION0_3_R 1 -1.080e+04 1.564e+02 4.633e+01
s>        ( QUESTION11 1 -7.092e+03 1.425e+02 3.100e+01
s>            ( - -1.029e+03 1 0)
s>            ( - -5.921e+03 2 0))
s>        ( - -3.550e+03 1 0))INFO: dtree.c(1478): Final simple tree
|( QUESTION2_14_L -1 -5.285e+04 4.959e+02 2.216e+02
|    ( - 2.419e+02 1 0)
|    ( QUESTION15 -1 -5.259e+04 4.730e+02 2.206e+02
|        ( - 2.183e+02 1 0)
|        ( SILENCE -1 -5.234e+04 3.455e+02 2.196e+02
|            ( - -2.031e+04 2 0)
|            ( WDBNDRY_E 0 -3.168e+04 3.591e+02 1.321e+02
|                ( SILENCE 1 -1.297e+04 2.661e+02 5.702e+01
|                    ( - -5.017e+03 2 0)
|                    ( - -7.686e+03 3 0 QUESTION11 -1 1.022e+02 3.300e+01))
|                ( QUESTION0_9_R 1 -1.835e+04 2.141e+02 7.505e+01
|                    ( - -1.623e+03 1 0)
|                    ( QUESTION1 -1 -1.651e+04 2.115e+02 6.705e+01
|                        ( - -3.288e+03 3 0 QUESTION2 -1 1.718e+02 1.477e+01)
|                        ( - -1.301e+04 15 0 QUESTION19 -1 1.922e+02 5.227e+01)))))))
s>    ( QUESTION2_14_L -1 -5.285e+04 4.959e+02 2.216e+02
s>        ( - 2.419e+02 1 0)
s>        ( QUESTION15 -1 -5.259e+04 4.730e+02 2.206e+02
s>            ( - 2.183e+02 1 0)
s>            ( SILENCE -1 -5.234e+04 3.455e+02 2.196e+02
s>                ( - -2.031e+04 2 0)
s>                ( WDBNDRY_E 0 -3.168e+04 3.591e+02 1.321e+02
s>                    ( SILENCE 1 -1.297e+04 2.661e+02 5.702e+01
s>                        ( - -5.017e+03 2 0)
s>                        ( - -7.686e+03 3 0 QUESTION11 -1 1.022e+02 3.300e+01))
s>                    ( QUESTION0_9_R 1 -1.835e+04 2.141e+02 7.505e+01
s>                        ( - -1.623e+03 1 0)
s>                        ( QUESTION1 -1 -1.651e+04 2.115e+02 6.705e+01
s>                            ( - -3.288e+03 3 0 QUESTION2 -1 1.718e+02 1.477e+01)
s>                            ( - -1.301e+04 15 0 QUESTION19 -1 1.922e+02 5.227e+01)))))))INFO: dtree.c(1315): Comp split 3
INFO: dtree.c(1478): Final simple tree
|( QUESTION15 -1 -5.259e+04 4.730e+02 2.206e+02
|    ( - 2.183e+02 1 0)
|    ( SILENCE -1 -5.234e+04 3.455e+02 2.196e+02
|        ( - -2.031e+04 2 0)
|        ( WDBNDRY_E 0 -3.168e+04 3.591e+02 1.321e+02
|            ( SILENCE 1 -1.297e+04 2.661e+02 5.702e+01
|                ( - -5.017e+03 2 0)
|                ( - -7.686e+03 3 0 QUESTION11 -1 1.022e+02 3.300e+01))
|            ( QUESTION0_9_R 1 -1.835e+04 2.141e+02 7.505e+01
|                ( - -1.623e+03 1 0)
|                ( QUESTION1 -1 -1.651e+04 2.115e+02 6.705e+01
|                    ( - -3.288e+03 3 0 QUESTION2 -1 1.718e+02 1.477e+01)
|                    ( QUESTION19 -1 -1.301e+04 1.922e+02 5.227e+01
|                        ( - -5.768e+03 4 0 QUESTION2_1_L -1 1.163e+02 2.500e+01)
|                        ( - -7.053e+03 11 0 QUESTION0_7_R 1 1.658e+02 2.727e+01)))))))
s>    ( QUESTION15 -1 -5.259e+04 4.730e+02 2.206e+02
s>        ( - 2.183e+02 1 0)
s>        ( SILENCE -1 -5.234e+04 3.455e+02 2.196e+02
s>            ( - -2.031e+04 2 0)
s>            ( WDBNDRY_E 0 -3.168e+04 3.591e+02 1.321e+02
s>                ( SILENCE 1 -1.297e+04 2.661e+02 5.702e+01
s>                    ( - -5.017e+03 2 0)
s>                    ( - -7.686e+03 3 0 QUESTION11 -1 1.022e+02 3.300e+01))
s>                ( QUESTION0_9_R 1 -1.835e+04 2.141e+02 7.505e+01
s>                    ( - -1.623e+03 1 0)
s>                    ( QUESTION1 -1 -1.651e+04 2.115e+02 6.705e+01
s>                        ( - -3.288e+03 3 0 QUESTION2 -1 1.718e+02 1.477e+01)
s>                        ( QUESTION19 -1 -1.301e+04 1.922e+02 5.227e+01
s>                            ( - -5.768e+03 4 0 QUESTION2_1_L -1 1.163e+02 2.500e+01)
s>                            ( - -7.053e+03 11 0 QUESTION0_7_R 1 1.658e+02 2.727e+01)))))))INFO: dtree.c(1315): Comp split 4
INFO: dtree.c(1478): Final simple tree
|( SILENCE -1 -5.234e+04 3.455e+02 2.196e+02
|    ( - -2.031e+04 2 0)
|    ( WDBNDRY_E 0 -3.168e+04 3.591e+02 1.321e+02
|        ( SILENCE 1 -1.297e+04 2.661e+02 5.702e+01
|            ( - -5.017e+03 2 0)
|            ( - -7.686e+03 3 0 QUESTION11 -1 1.022e+02 3.300e+01))
|        ( QUESTION0_9_R 1 -1.835e+04 2.141e+02 7.505e+01
|            ( - -1.623e+03 1 0)
|            ( QUESTION1 -1 -1.651e+04 2.115e+02 6.705e+01
|                ( QUESTION2 -1 -3.288e+03 1.718e+02 1.477e+01
|                    ( - -5.104e+02 1 0)
|                    ( - -2.606e+03 2 0 WDBNDRY_B 0 7.279e+01 1.177e+01))
|                ( QUESTION19 -1 -1.301e+04 1.922e+02 5.227e+01
|                    ( - -5.768e+03 4 0 QUESTION2_1_L -1 1.163e+02 2.500e+01)
|                    ( - -7.053e+03 11 0 QUESTION0_7_R 1 1.658e+02 2.727e+01))))))
s>    ( SILENCE -1 -5.234e+04 3.455e+02 2.196e+02
s>        ( - -2.031e+04 2 0)
s>        ( WDBNDRY_E 0 -3.168e+04 3.591e+02 1.321e+02
s>            ( SILENCE 1 -1.297e+04 2.661e+02 5.702e+01
s>                ( - -5.017e+03 2 0)
s>                ( - -7.686e+03 3 0 QUESTION11 -1 1.022e+02 3.300e+01))
s>            ( QUESTION0_9_R 1 -1.835e+04 2.141e+02 7.505e+01
s>                ( - -1.623e+03 1 0)
s>                ( QUESTION1 -1 -1.651e+04 2.115e+02 6.705e+01
s>                    ( QUESTION2 -1 -3.288e+03 1.718e+02 1.477e+01
s>                        ( - -5.104e+02 1 0)
s>                        ( - -2.606e+03 2 0 WDBNDRY_B 0 7.279e+01 1.177e+01))
s>                    ( QUESTION19 -1 -1.301e+04 1.922e+02 5.227e+01
s>                        ( - -5.768e+03 4 0 QUESTION2_1_L -1 1.163e+02 2.500e+01)
s>                        ( - -7.053e+03 11 0 QUESTION0_7_R 1 1.658e+02 2.727e+01))))))INFO: dtree.c(1315): Comp split 5
INFO: dtree.c(1478): Final simple tree
|( QUESTION0_9_R 1 -1.835e+04 2.141e+02 7.505e+01
|    ( - -1.623e+03 1 0)
|    ( QUESTION1 -1 -1.651e+04 2.115e+02 6.705e+01
|        ( QUESTION2 -1 -3.288e+03 1.718e+02 1.477e+01
|            ( - -5.104e+02 1 0)
|            ( - -2.606e+03 2 0 WDBNDRY_B 0 7.279e+01 1.177e+01))
|        ( QUESTION19 -1 -1.301e+04 1.922e+02 5.227e+01
|            ( - -5.768e+03 4 0 QUESTION2_1_L -1 1.163e+02 2.500e+01)
|            ( QUESTION0_7_R 1 -7.053e+03 1.658e+02 2.727e+01
|                ( WDBNDRY_B 0 -3.454e+03 4.819e+02 1.527e+01
|                    ( - 2.166e+02 1 0)
|                    ( - -3.189e+03 3 0 QUESTION0 -1 1.535e+02 1.427e+01))
|                ( QUESTION2_6_L -1 -3.433e+03 5.041e+02 1.200e+01
|                    ( - 2.417e+02 1 0)
|                    ( - -3.171e+03 6 0 QUESTION0_2_R 1 9.515e+01 1.100e+01))))))
s>    ( QUESTION0_9_R 1 -1.835e+04 2.141e+02 7.505e+01
s>        ( - -1.623e+03 1 0)
s>        ( QUESTION1 -1 -1.651e+04 2.115e+02 6.705e+01
s>            ( QUESTION2 -1 -3.288e+03 1.718e+02 1.477e+01
s>                ( - -5.104e+02 1 0)
s>                ( - -2.606e+03 2 0 WDBNDRY_B 0 7.279e+01 1.177e+01))
s>            ( QUESTION19 -1 -1.301e+04 1.922e+02 5.227e+01
s>                ( - -5.768e+03 4 0 QUESTION2_1_L -1 1.163e+02 2.500e+01)
s>                ( QUESTION0_7_R 1 -7.053e+03 1.658e+02 2.727e+01
s>                    ( WDBNDRY_B 0 -3.454e+03 4.819e+02 1.527e+01
s>                        ( - 2.166e+02 1 0)
s>                        ( - -3.189e+03 3 0 QUESTION0 -1 1.535e+02 1.427e+01))
s>                    ( QUESTION2_6_L -1 -3.433e+03 5.041e+02 1.200e+01
s>                        ( - 2.417e+02 1 0)
s>                        ( - -3.171e+03 6 0 QUESTION0_2_R 1 9.515e+01 1.100e+01))))))INFO: dtree.c(1439): stop. leaf nodes are specific
INFO: dtree.c(1478): Final simple tree
|( QUESTION12 -1 -3.359e+04 3.281e+02 1.445e+02
|    ( SILENCE 1 -1.267e+04 2.625e+02 5.602e+01
|        ( - -5.017e+03 2 0)
|        ( - -7.393e+03 2 0))
|    ( WDBNDRY_B 0 -2.059e+04 8.651e+01 8.852e+01
|        ( - -2.031e+04 2 0)
|        ( - -1.910e+02 1 0)))
s>    ( QUESTION12 -1 -3.359e+04 3.281e+02 1.445e+02
s>        ( SILENCE 1 -1.267e+04 2.625e+02 5.602e+01
s>            ( - -5.017e+03 2 0)
s>            ( - -7.393e+03 2 0))
s>        ( WDBNDRY_B 0 -2.059e+04 8.651e+01 8.852e+01
s>            ( - -2.031e+04 2 0)
s>            ( - -1.910e+02 1 0)))INFO: dtree.c(1315): Comp split 6
INFO: dtree.c(1478): Final simple tree
|( QUESTION0_9_R 1 -1.809e+04 2.123e+02 7.405e+01
|    ( - -1.623e+03 1 0)
|    ( QUESTION1 -1 -1.625e+04 2.115e+02 6.605e+01
|        ( QUESTION2 -1 -3.288e+03 1.718e+02 1.477e+01
|            ( - -5.104e+02 1 0)
|            ( - -2.606e+03 2 0 WDBNDRY_B 0 7.279e+01 1.177e+01))
|        ( QUESTION19 -1 -1.275e+04 1.994e+02 5.127e+01
|            ( - -5.768e+03 4 0 QUESTION2_1_L -1 1.163e+02 2.500e+01)
|            ( QUESTION2_7_L -1 -6.786e+03 1.674e+02 2.627e+01
|                ( QUESTION0_7_R 1 -3.430e+03 4.759e+02 1.200e+01
|                    ( - 2.166e+02 1 0)
|                    ( - -3.171e+03 6 0 QUESTION0_2_R 1 9.515e+01 1.100e+01))
|                ( QUESTION0 -1 -3.189e+03 1.535e+02 1.427e+01
|                    ( - -9.756e+02 1 0)
|                    ( - -2.060e+03 2 0 QUESTION11 -1 1.064e+02 9.274e+00))))))
s>    ( QUESTION0_9_R 1 -1.809e+04 2.123e+02 7.405e+01
s>        ( - -1.623e+03 1 0)
s>        ( QUESTION1 -1 -1.625e+04 2.115e+02 6.605e+01
s>            ( QUESTION2 -1 -3.288e+03 1.718e+02 1.477e+01
s>                ( - -5.104e+02 1 0)
s>                ( - -2.606e+03 2 0 WDBNDRY_B 0 7.279e+01 1.177e+01))
s>            ( QUESTION19 -1 -1.275e+04 1.994e+02 5.127e+01
s>                ( - -5.768e+03 4 0 QUESTION2_1_L -1 1.163e+02 2.500e+01)
s>                ( QUESTION2_7_L -1 -6.786e+03 1.674e+02 2.627e+01
s>                    ( QUESTION0_7_R 1 -3.430e+03 4.759e+02 1.200e+01
s>                        ( - 2.166e+02 1 0)
s>                        ( - -3.171e+03 6 0 QUESTION0_2_R 1 9.515e+01 1.100e+01))
s>                    ( QUESTION0 -1 -3.189e+03 1.535e+02 1.427e+01
s>                        ( - -9.756e+02 1 0)
s>                        ( - -2.060e+03 2 0 QUESTION11 -1 1.064e+02 9.274e+00))))))INFO: dtree.c(1315): Comp split 7
INFO: dtree.c(1478): Final simple tree
|( QUESTION0_9_R 1 -1.783e+04 2.113e+02 7.305e+01
|    ( - -1.623e+03 1 0)
|    ( QUESTION1 -1 -1.599e+04 2.129e+02 6.505e+01
|        ( QUESTION2 -1 -3.288e+03 1.718e+02 1.477e+01
|            ( - -5.104e+02 1 0)
|            ( - -2.606e+03 2 0 WDBNDRY_B 0 7.279e+01 1.177e+01))
|        ( QUESTION19 -1 -1.249e+04 1.954e+02 5.027e+01
|            ( QUESTION2_1_L -1 -5.768e+03 1.163e+02 2.500e+01
|                ( - -6.347e+02 1 0)
|                ( - -5.017e+03 3 0 WDBNDRY_B 0 9.067e+01 2.200e+01))
|            ( QUESTION0_7_R 1 -6.529e+03 1.692e+02 2.527e+01
|                ( QUESTION0 -1 -3.189e+03 1.535e+02 1.427e+01
|                    ( - -9.756e+02 1 0)
|                    ( - -2.060e+03 2 0 QUESTION11 -1 1.064e+02 9.274e+00))
|                ( - -3.171e+03 6 0 QUESTION0_2_R 1 9.515e+01 1.100e+01)))))
s>    ( QUESTION0_9_R 1 -1.783e+04 2.113e+02 7.305e+01
s>        ( - -1.623e+03 1 0)
s>        ( QUESTION1 -1 -1.599e+04 2.129e+02 6.505e+01
s>            ( QUESTION2 -1 -3.288e+03 1.718e+02 1.477e+01
s>                ( - -5.104e+02 1 0)
s>                ( - -2.606e+03 2 0 WDBNDRY_B 0 7.279e+01 1.177e+01))
s>            ( QUESTION19 -1 -1.249e+04 1.954e+02 5.027e+01
s>                ( QUESTION2_1_L -1 -5.768e+03 1.163e+02 2.500e+01
s>                    ( - -6.347e+02 1 0)
s>                    ( - -5.017e+03 3 0 WDBNDRY_B 0 9.067e+01 2.200e+01))
s>                ( QUESTION0_7_R 1 -6.529e+03 1.692e+02 2.527e+01
s>                    ( QUESTION0 -1 -3.189e+03 1.535e+02 1.427e+01
s>                        ( - -9.756e+02 1 0)
s>                        ( - -2.060e+03 2 0 QUESTION11 -1 1.064e+02 9.274e+00))
s>                    ( - -3.171e+03 6 0 QUESTION0_2_R 1 9.515e+01 1.100e+01)))))INFO: dtree.c(1315): Comp split 8
INFO: dtree.c(1439): stop. leaf nodes are specific
INFO: dtree.c(1478): Final simple tree
|( WDBNDRY_B 0 -2.059e+04 8.651e+01 8.852e+01
|    ( - -2.031e+04 2 0)
|    ( - -1.910e+02 1 0))
s>    ( WDBNDRY_B 0 -2.059e+04 8.651e+01 8.852e+01
s>        ( - -2.031e+04 2 0)
s>        ( - -1.910e+02 1 0))INFO: dtree.c(1439): stop. leaf nodes are specific
INFO: dtree.c(1478): Final simple tree
|( SILENCE 1 -1.267e+04 2.625e+02 5.602e+01
|    ( - -5.017e+03 2 0)
|    ( - -7.393e+03 2 0))
s>    ( SILENCE 1 -1.267e+04 2.625e+02 5.602e+01
s>        ( - -5.017e+03 2 0)
s>        ( - -7.393e+03 2 0))INFO: dtree.c(1315): Comp split 9
INFO: dtree.c(1315): Comp split 10
INFO: dtree.c(1478): Final simple tree
|( QUESTION19 -1 -1.249e+04 1.954e+02 5.027e+01
|    ( QUESTION2_1_L -1 -5.768e+03 1.163e+02 2.500e+01
|        ( - -6.347e+02 1 0)
|        ( WDBNDRY_B 0 -5.017e+03 9.067e+01 2.200e+01
|            ( - -3.794e+02 1 0)
|            ( - -4.547e+03 2 0)))
|    ( QUESTION0_7_R 1 -6.529e+03 1.692e+02 2.527e+01
|        ( QUESTION0 -1 -3.189e+03 1.535e+02 1.427e+01
|            ( - -9.756e+02 1 0)
|            ( QUESTION11 -1 -2.060e+03 1.064e+02 9.274e+00
|                ( - -6.272e+02 1 0)
|                ( - -1.326e+03 1 0)))
|        ( QUESTION0_2_R 1 -3.171e+03 9.515e+01 1.100e+01
|            ( - -1.725e+03 5 0 QUESTION5 -1 8.300e+01 7.000e+00)
|            ( - -1.350e+03 1 0))))
s>    ( QUESTION19 -1 -1.249e+04 1.954e+02 5.027e+01
s>        ( QUESTION2_1_L -1 -5.768e+03 1.163e+02 2.500e+01
s>            ( - -6.347e+02 1 0)
s>            ( WDBNDRY_B 0 -5.017e+03 9.067e+01 2.200e+01
s>                ( - -3.794e+02 1 0)
s>                ( - -4.547e+03 2 0)))
s>        ( QUESTION0_7_R 1 -6.529e+03 1.692e+02 2.527e+01
s>            ( QUESTION0 -1 -3.189e+03 1.535e+02 1.427e+01
s>                ( - -9.756e+02 1 0)
s>                ( QUESTION11 -1 -2.060e+03 1.064e+02 9.274e+00
s>                    ( - -6.272e+02 1 0)
s>                    ( - -1.326e+03 1 0)))
s>            ( QUESTION0_2_R 1 -3.171e+03 9.515e+01 1.100e+01
s>                ( - -1.725e+03 5 0 QUESTION5 -1 8.300e+01 7.000e+00)
s>                ( - -1.350e+03 1 0))))INFO: dtree.c(1439): stop. leaf nodes are specific
INFO: dtree.c(1478): Final simple tree
|( QUESTION3 -1 -5.091e+03 1.906e+02 2.277e+01
|    ( WDBNDRY_B 0 -2.606e+03 7.279e+01 1.177e+01
|        ( - -3.897e+02 1 0)
|        ( - -2.143e+03 1 0))
|    ( WDBNDRY_B 0 -2.295e+03 1.616e+02 1.100e+01
|        ( - -5.104e+02 1 0)
|        ( - -1.623e+03 1 0)))
s>    ( QUESTION3 -1 -5.091e+03 1.906e+02 2.277e+01
s>        ( WDBNDRY_B 0 -2.606e+03 7.279e+01 1.177e+01
s>            ( - -3.897e+02 1 0)
s>            ( - -2.143e+03 1 0))
s>        ( WDBNDRY_B 0 -2.295e+03 1.616e+02 1.100e+01
s>            ( - -5.104e+02 1 0)
s>            ( - -1.623e+03 1 0)))INFO: dtree.c(1315): Comp split 11
INFO: dtree.c(1478): Final simple tree
|( QUESTION11 -1 -3.046e+04 1.645e+02 1.267e+02
|    ( QUESTION7 1 -6.895e+03 1.764e+02 2.922e+01
|        ( - -3.466e+02 1 0)
|        ( - -6.372e+03 11 0 QUESTION0_12_R 1 1.318e+02 2.722e+01))
|    ( QUESTION0_12_R 1 -2.340e+04 1.918e+02 9.750e+01
|        ( - -3.096e+02 1 0)
|        ( QUESTION0_0_R 1 -2.289e+04 1.413e+02 9.550e+01
|            ( - -1.453e+03 1 0)
|            ( QUESTION13 -1 -2.130e+04 1.321e+02 8.850e+01
|                ( QUESTION0_2_R 1 -4.306e+03 1.426e+02 1.900e+01
|                    ( QUESTION14 -1 -3.396e+03 1.369e+02 1.500e+01
|                        ( - -1.335e+03 3 0 QUESTION11 1 1.591e+02 6.000e+00)
|                        ( - -1.923e+03 4 0 QUESTION11 1 1.302e+02 8.999e+00))
|                    ( - -7.677e+02 1 0))
|                ( - -1.686e+04 30 0 WDBNDRY_B 0 1.197e+02 6.950e+01)))))
s>    ( QUESTION11 -1 -3.046e+04 1.645e+02 1.267e+02
s>        ( QUESTION7 1 -6.895e+03 1.764e+02 2.922e+01
s>            ( - -3.466e+02 1 0)
s>            ( - -6.372e+03 11 0 QUESTION0_12_R 1 1.318e+02 2.722e+01))
s>        ( QUESTION0_12_R 1 -2.340e+04 1.918e+02 9.750e+01
s>            ( - -3.096e+02 1 0)
s>            ( QUESTION0_0_R 1 -2.289e+04 1.413e+02 9.550e+01
s>                ( - -1.453e+03 1 0)
s>                ( QUESTION13 -1 -2.130e+04 1.321e+02 8.850e+01
s>                    ( QUESTION0_2_R 1 -4.306e+03 1.426e+02 1.900e+01
s>                        ( QUESTION14 -1 -3.396e+03 1.369e+02 1.500e+01
s>                            ( - -1.335e+03 3 0 QUESTION11 1 1.591e+02 6.000e+00)
s>                            ( - -1.923e+03 4 0 QUESTION11 1 1.302e+02 8.999e+00))
s>                        ( - -7.677e+02 1 0))
s>                    ( - -1.686e+04 30 0 WDBNDRY_B 0 1.197e+02 6.950e+01)))))INFO: dtree.c(1478): Final simple tree
|( QUESTION14 -1 -1.862e+04 1.787e+02 7.760e+01
|    ( QUESTION0_6_R 1 -1.232e+03 1.213e+02 6.000e+00
|        ( - -4.268e+02 1 0)
|        ( - -6.842e+02 1 0))
|    ( QUESTION0_9_R 1 -1.721e+04 1.665e+02 7.160e+01
|        ( - -1.005e+03 1 0)
|        ( QUESTION0_2_R 1 -1.603e+04 1.521e+02 6.660e+01
|            ( QUESTION2_1_L -1 -1.388e+04 1.428e+02 5.753e+01
|                ( - -2.814e+03 4 0 WDBNDRY_B 0 1.200e+02 1.203e+01)
|                ( QUESTION0_6_R 1 -1.092e+04 1.235e+02 4.550e+01
|                    ( - -3.635e+03 6 0 WDBNDRY_B 0 1.204e+02 1.471e+01)
|                    ( WDBNDRY_B 0 -7.161e+03 1.280e+02 3.079e+01
|                        ( - -6.078e+02 1 0)
|                        ( - -6.425e+03 3 0))))
|            ( - -2.005e+03 3 0 WDBNDRY_E 0 1.049e+02 9.072e+00))))
s>    ( QUESTION14 -1 -1.862e+04 1.787e+02 7.760e+01
s>        ( QUESTION0_6_R 1 -1.232e+03 1.213e+02 6.000e+00
s>            ( - -4.268e+02 1 0)
s>            ( - -6.842e+02 1 0))
s>        ( QUESTION0_9_R 1 -1.721e+04 1.665e+02 7.160e+01
s>            ( - -1.005e+03 1 0)
s>            ( QUESTION0_2_R 1 -1.603e+04 1.521e+02 6.660e+01
s>                ( QUESTION2_1_L -1 -1.388e+04 1.428e+02 5.753e+01
s>                    ( - -2.814e+03 4 0 WDBNDRY_B 0 1.200e+02 1.203e+01)
s>                    ( QUESTION0_6_R 1 -1.092e+04 1.235e+02 4.550e+01
s>                        ( - -3.635e+03 6 0 WDBNDRY_B 0 1.204e+02 1.471e+01)
s>                        ( WDBNDRY_B 0 -7.161e+03 1.280e+02 3.079e+01
s>                            ( - -6.078e+02 1 0)
s>                            ( - -6.425e+03 3 0))))
s>                ( - -2.005e+03 3 0 WDBNDRY_E 0 1.049e+02 9.072e+00))))INFO: dtree.c(1315): Comp split 12
INFO: dtree.c(1439): stop. leaf nodes are specific
INFO: dtree.c(1478): Final simple tree
|( QUESTION0_7_R 1 -6.904e+03 1.609e+02 2.900e+01
|    ( WDBNDRY_B 0 -5.017e+03 9.067e+01 2.200e+01
|        ( - -3.794e+02 1 0)
|        ( - -4.547e+03 2 0))
|    ( QUESTION5 -1 -1.725e+03 8.300e+01 7.000e+00
|        ( - -4.415e+02 1 0)
|        ( WDBNDRY_B 0 -1.201e+03 5.947e+01 5.000e+00
|            ( QUESTION0_3_R 1 -4.489e+02 7.691e+01 2.000e+00
|                ( - -1.663e+02 1 0)
|                ( - -2.057e+02 1 0))
|            ( QUESTION11 1 -6.925e+02 4.837e+02 3.000e+00
|                ( - -4.507e+02 1 0)
|                ( - 2.418e+02 1 0)))))
s>    ( QUESTION0_7_R 1 -6.904e+03 1.609e+02 2.900e+01
s>        ( WDBNDRY_B 0 -5.017e+03 9.067e+01 2.200e+01
s>            ( - -3.794e+02 1 0)
s>            ( - -4.547e+03 2 0))
s>        ( QUESTION5 -1 -1.725e+03 8.300e+01 7.000e+00
s>            ( - -4.415e+02 1 0)
s>            ( WDBNDRY_B 0 -1.201e+03 5.947e+01 5.000e+00
s>                ( QUESTION0_3_R 1 -4.489e+02 7.691e+01 2.000e+00
s>                    ( - -1.663e+02 1 0)
s>                    ( - -2.057e+02 1 0))
s>                ( QUESTION11 1 -6.925e+02 4.837e+02 3.000e+00
s>                    ( - -4.507e+02 1 0)
s>                    ( - 2.418e+02 1 0)))))INFO: dtree.c(1439): stop. leaf nodes are specific
INFO: dtree.c(1478): Final simple tree
|( QUESTION2_6_L -1 -5.383e+03 1.547e+02 2.128e+01
|    ( - -9.756e+02 1 0)
|    ( QUESTION13 -1 -4.253e+03 1.131e+02 1.628e+01
|        ( - -1.326e+03 1 0)
|        ( QUESTION11 -1 -2.814e+03 1.112e+02 1.000e+01
|            ( - -6.272e+02 1 0)
|            ( QUESTION0_2_R 1 -2.075e+03 9.007e+01 7.003e+00
|                ( - -6.347e+02 1 0)
|                ( - -1.350e+03 1 0)))))
s>    ( QUESTION2_6_L -1 -5.383e+03 1.547e+02 2.128e+01
s>        ( - -9.756e+02 1 0)
s>        ( QUESTION13 -1 -4.253e+03 1.131e+02 1.628e+01
s>            ( - -1.326e+03 1 0)
s>            ( QUESTION11 -1 -2.814e+03 1.112e+02 1.000e+01
s>                ( - -6.272e+02 1 0)
s>                ( QUESTION0_2_R 1 -2.075e+03 9.007e+01 7.003e+00
s>                    ( - -6.347e+02 1 0)
s>                    ( - -1.350e+03 1 0)))))INFO: dtree.c(1315): Comp split 13
INFO: dtree.c(1439): stop. leaf nodes are specific
INFO: dtree.c(1478): Final simple tree
|( QUESTION0_7_R 1 -6.649e+03 1.464e+02 2.800e+01
|    ( WDBNDRY_B 0 -5.017e+03 9.067e+01 2.200e+01
|        ( - -3.794e+02 1 0)
|        ( - -4.547e+03 2 0))
|    ( QUESTION5 -1 -1.486e+03 8.352e+01 6.000e+00
|        ( - -4.415e+02 1 0)
|        ( WDBNDRY_B 0 -9.607e+02 6.114e+01 4.000e+00
|            ( QUESTION0_3_R 1 -4.489e+02 7.691e+01 2.000e+00
|                ( - -1.663e+02 1 0)
|                ( - -2.057e+02 1 0))
|            ( - -4.507e+02 1 0))))
s>    ( QUESTION0_7_R 1 -6.649e+03 1.464e+02 2.800e+01
s>        ( WDBNDRY_B 0 -5.017e+03 9.067e+01 2.200e+01
s>            ( - -3.794e+02 1 0)
s>            ( - -4.547e+03 2 0))
s>        ( QUESTION5 -1 -1.486e+03 8.352e+01 6.000e+00
s>            ( - -4.415e+02 1 0)
s>            ( WDBNDRY_B 0 -9.607e+02 6.114e+01 4.000e+00
s>                ( QUESTION0_3_R 1 -4.489e+02 7.691e+01 2.000e+00
s>                    ( - -1.663e+02 1 0)
s>                    ( - -2.057e+02 1 0))
s>                ( - -4.507e+02 1 0))))INFO: dtree.c(1315): Comp split 14
INFO: dtree.c(1439): stop. leaf nodes are specific
INFO: dtree.c(1478): Final simple tree
|( QUESTION0_3_R 1 -4.682e+03 1.035e+02 2.033e+01
|    ( - -1.029e+03 1 0)
|    ( - -3.550e+03 1 0))
s>    ( QUESTION0_3_R 1 -4.682e+03 1.035e+02 2.033e+01
s>        ( - -1.029e+03 1 0)
s>        ( - -3.550e+03 1 0))INFO: dtree.c(1315): Comp split 15
INFO: dtree.c(1478): Final simple tree
|( QUESTION11 -1 -2.995e+04 1.638e+02 1.247e+02
|    ( QUESTION7 1 -6.895e+03 1.764e+02 2.922e+01
|        ( - -3.466e+02 1 0)
|        ( - -6.372e+03 11 0 QUESTION0_12_R 1 1.318e+02 2.722e+01))
|    ( QUESTION0_0_R 1 -2.289e+04 1.413e+02 9.550e+01
|        ( - -1.453e+03 1 0)
|        ( QUESTION13 -1 -2.130e+04 1.321e+02 8.850e+01
|            ( QUESTION0_2_R 1 -4.306e+03 1.426e+02 1.900e+01
|                ( QUESTION14 -1 -3.396e+03 1.369e+02 1.500e+01
|                    ( QUESTION11 1 -1.335e+03 1.591e+02 6.000e+00
|                        ( - -8.185e+02 2 0)
|                        ( - -3.576e+02 1 0))
|                    ( - -1.923e+03 4 0 QUESTION11 1 1.302e+02 8.999e+00))
|                ( - -7.677e+02 1 0))
|            ( - -1.686e+04 30 0 WDBNDRY_B 0 1.197e+02 6.950e+01))))
s>    ( QUESTION11 -1 -2.995e+04 1.638e+02 1.247e+02
s>        ( QUESTION7 1 -6.895e+03 1.764e+02 2.922e+01
s>            ( - -3.466e+02 1 0)
s>            ( - -6.372e+03 11 0 QUESTION0_12_R 1 1.318e+02 2.722e+01))
s>        ( QUESTION0_0_R 1 -2.289e+04 1.413e+02 9.550e+01
s>            ( - -1.453e+03 1 0)
s>            ( QUESTION13 -1 -2.130e+04 1.321e+02 8.850e+01
s>                ( QUESTION0_2_R 1 -4.306e+03 1.426e+02 1.900e+01
s>                    ( QUESTION14 -1 -3.396e+03 1.369e+02 1.500e+01
s>                        ( QUESTION11 1 -1.335e+03 1.591e+02 6.000e+00
s>                            ( - -8.185e+02 2 0)
s>                            ( - -3.576e+02 1 0))
s>                        ( - -1.923e+03 4 0 QUESTION11 1 1.302e+02 8.999e+00))
s>                    ( - -7.677e+02 1 0))
s>                ( - -1.686e+04 30 0 WDBNDRY_B 0 1.197e+02 6.950e+01))))INFO: dtree.c(1315): Comp split 16
INFO: dtree.c(1439): stop. leaf nodes are specific
INFO: dtree.c(1478): Final simple tree
|( WDBNDRY_B 0 -2.295e+03 1.616e+02 1.100e+01
|    ( - -5.104e+02 1 0)
|    ( - -1.623e+03 1 0))
s>    ( WDBNDRY_B 0 -2.295e+03 1.616e+02 1.100e+01
s>        ( - -5.104e+02 1 0)
s>        ( - -1.623e+03 1 0))INFO: dtree.c(1439): stop. leaf nodes are specific
INFO: dtree.c(1478): Final simple tree
|( WDBNDRY_B 0 -2.606e+03 7.279e+01 1.177e+01
|    ( - -3.897e+02 1 0)
|    ( - -2.143e+03 1 0))
s>    ( WDBNDRY_B 0 -2.606e+03 7.279e+01 1.177e+01
s>        ( - -3.897e+02 1 0)
s>        ( - -2.143e+03 1 0))INFO: dtree.c(1315): Comp split 17
INFO: dtree.c(1478): Final simple tree
|( QUESTION0_9_R 1 -1.774e+04 1.663e+02 7.360e+01
|    ( - -1.005e+03 1 0)
|    ( QUESTION0_2_R 1 -1.657e+04 1.506e+02 6.860e+01
|        ( QUESTION2_1_L -1 -1.442e+04 1.393e+02 5.953e+01
|            ( WDBNDRY_B 0 -2.814e+03 1.200e+02 1.203e+01
|                ( - -1.759e+03 2 0 QUESTION0_6_R 1 1.772e+02 8.000e+00)
|                ( - -9.349e+02 2 0 QUESTION0_6_R 1 5.204e+01 4.029e+00))
|            ( QUESTION0_6_R 1 -1.146e+04 1.326e+02 4.750e+01
|                ( WDBNDRY_B 0 -4.170e+03 1.382e+02 1.671e+01
|                    ( - -1.880e+03 6 0 QUESTION14 -1 8.968e+01 7.000e+00)
|                    ( - -2.152e+03 1 0))
|                ( WDBNDRY_B 0 -7.161e+03 1.280e+02 3.079e+01
|                    ( - -6.078e+02 1 0)
|                    ( - -6.425e+03 3 0))))
|        ( - -2.005e+03 3 0 WDBNDRY_E 0 1.049e+02 9.072e+00)))
s>    ( QUESTION0_9_R 1 -1.774e+04 1.663e+02 7.360e+01
s>        ( - -1.005e+03 1 0)
s>        ( QUESTION0_2_R 1 -1.657e+04 1.506e+02 6.860e+01
s>            ( QUESTION2_1_L -1 -1.442e+04 1.393e+02 5.953e+01
s>                ( WDBNDRY_B 0 -2.814e+03 1.200e+02 1.203e+01
s>                    ( - -1.759e+03 2 0 QUESTION0_6_R 1 1.772e+02 8.000e+00)
s>                    ( - -9.349e+02 2 0 QUESTION0_6_R 1 5.204e+01 4.029e+00))
s>                ( QUESTION0_6_R 1 -1.146e+04 1.326e+02 4.750e+01
s>                    ( WDBNDRY_B 0 -4.170e+03 1.382e+02 1.671e+01
s>                        ( - -1.880e+03 6 0 QUESTION14 -1 8.968e+01 7.000e+00)
s>                        ( - -2.152e+03 1 0))
s>                    ( WDBNDRY_B 0 -7.161e+03 1.280e+02 3.079e+01
s>                        ( - -6.078e+02 1 0)
s>                        ( - -6.425e+03 3 0))))
s>            ( - -2.005e+03 3 0 WDBNDRY_E 0 1.049e+02 9.072e+00)))INFO: dtree.c(1315): Comp split 18
INFO: dtree.c(1478): Final simple tree
|( QUESTION11 -1 -7.342e+03 1.518e+02 3.122e+01
|    ( QUESTION0_12_R 1 -6.372e+03 1.318e+02 2.722e+01
|        ( - -1.014e+03 1 0)
|        ( QUESTION19 1 -5.227e+03 1.104e+02 2.222e+01
|            ( - -5.648e+02 1 0)
|            ( QUESTION0_0_R 1 -4.551e+03 1.034e+02 1.922e+01
|                ( - -1.209e+03 1 0)
|                ( WDBNDRY_B 0 -3.239e+03 9.255e+01 1.325e+01
|                    ( - -3.588e+02 1 0)
|                    ( QUESTION0_11_R 1 -2.787e+03 7.878e+01 1.125e+01
|                        ( - -6.843e+02 1 0)
|                        ( QUESTION0_2_R 1 -2.024e+03 7.266e+01 8.029e+00
|                            ( - -4.710e+02 2 0 WDBNDRY_E 0 5.894e+01 2.033e+00)
|                            ( - -1.481e+03 4 0 WDBNDRY_E 0 6.408e+01 5.996e+00)))))))
|    ( - -8.185e+02 2 0))
s>    ( QUESTION11 -1 -7.342e+03 1.518e+02 3.122e+01
s>        ( QUESTION0_12_R 1 -6.372e+03 1.318e+02 2.722e+01
s>            ( - -1.014e+03 1 0)
s>            ( QUESTION19 1 -5.227e+03 1.104e+02 2.222e+01
s>                ( - -5.648e+02 1 0)
s>                ( QUESTION0_0_R 1 -4.551e+03 1.034e+02 1.922e+01
s>                    ( - -1.209e+03 1 0)
s>                    ( WDBNDRY_B 0 -3.239e+03 9.255e+01 1.325e+01
s>                        ( - -3.588e+02 1 0)
s>                        ( QUESTION0_11_R 1 -2.787e+03 7.878e+01 1.125e+01
s>                            ( - -6.843e+02 1 0)
s>                            ( QUESTION0_2_R 1 -2.024e+03 7.266e+01 8.029e+00
s>                                ( - -4.710e+02 2 0 WDBNDRY_E 0 5.894e+01 2.033e+00)
s>                                ( - -1.481e+03 4 0 WDBNDRY_E 0 6.408e+01 5.996e+00)))))))
s>        ( - -8.185e+02 2 0))INFO: dtree.c(1478): Final simple tree
|( QUESTION11 -1 -2.243e+04 1.665e+02 9.350e+01
|    ( - -3.466e+02 1 0)
|    ( QUESTION13 -1 -2.192e+04 1.496e+02 9.150e+01
|        ( QUESTION0_2_R 1 -3.318e+03 1.542e+02 1.500e+01
|            ( QUESTION11 1 -2.397e+03 1.239e+02 1.100e+01
|                ( - -3.255e+02 1 0)
|                ( WDBNDRY_B 0 -1.947e+03 4.428e+02 8.999e+00
|                    ( QUESTION14 -1 -1.723e+03 1.263e+02 7.999e+00
|                        ( - -3.576e+02 1 0)
|                        ( - -1.240e+03 2 0))
|                    ( - 2.190e+02 1 0)))
|            ( - -7.677e+02 1 0))
|        ( QUESTION0_0_R 1 -1.845e+04 1.324e+02 7.650e+01
|            ( - -1.453e+03 1 0)
|            ( - -1.686e+04 30 0 WDBNDRY_B 0 1.197e+02 6.950e+01))))
s>    ( QUESTION11 -1 -2.243e+04 1.665e+02 9.350e+01
s>        ( - -3.466e+02 1 0)
s>        ( QUESTION13 -1 -2.192e+04 1.496e+02 9.150e+01
s>            ( QUESTION0_2_R 1 -3.318e+03 1.542e+02 1.500e+01
s>                ( QUESTION11 1 -2.397e+03 1.239e+02 1.100e+01
s>                    ( - -3.255e+02 1 0)
s>                    ( WDBNDRY_B 0 -1.947e+03 4.428e+02 8.999e+00
s>                        ( QUESTION14 -1 -1.723e+03 1.263e+02 7.999e+00
s>                            ( - -3.576e+02 1 0)
s>                            ( - -1.240e+03 2 0))
s>                        ( - 2.190e+02 1 0)))
s>                ( - -7.677e+02 1 0))
s>            ( QUESTION0_0_R 1 -1.845e+04 1.324e+02 7.650e+01
s>                ( - -1.453e+03 1 0)
s>                ( - -1.686e+04 30 0 WDBNDRY_B 0 1.197e+02 6.950e+01))))INFO: dtree.c(1315): Comp split 19
INFO: dtree.c(1478): Final simple tree
|( QUESTION11 -1 -2.219e+04 1.667e+02 9.250e+01
|    ( - -3.466e+02 1 0)
|    ( QUESTION13 -1 -2.168e+04 1.430e+02 9.050e+01
|        ( QUESTION0_2_R 1 -3.091e+03 1.499e+02 1.400e+01
|            ( WDBNDRY_B 0 -2.173e+03 1.245e+02 9.999e+00
|                ( QUESTION14 -1 -1.723e+03 1.263e+02 7.999e+00
|                    ( - -3.576e+02 1 0)
|                    ( - -1.240e+03 2 0))
|                ( - -3.255e+02 1 0))
|            ( - -7.677e+02 1 0))
|        ( QUESTION0_0_R 1 -1.845e+04 1.324e+02 7.650e+01
|            ( - -1.453e+03 1 0)
|            ( WDBNDRY_B 0 -1.686e+04 1.197e+02 6.950e+01
|                ( - -3.457e+03 6 0 QUESTION0 -1 9.423e+01 1.401e+01)
|                ( - -1.329e+04 24 0 QUESTION0_11_R 1 9.896e+01 5.548e+01)))))
s>    ( QUESTION11 -1 -2.219e+04 1.667e+02 9.250e+01
s>        ( - -3.466e+02 1 0)
s>        ( QUESTION13 -1 -2.168e+04 1.430e+02 9.050e+01
s>            ( QUESTION0_2_R 1 -3.091e+03 1.499e+02 1.400e+01
s>                ( WDBNDRY_B 0 -2.173e+03 1.245e+02 9.999e+00
s>                    ( QUESTION14 -1 -1.723e+03 1.263e+02 7.999e+00
s>                        ( - -3.576e+02 1 0)
s>                        ( - -1.240e+03 2 0))
s>                    ( - -3.255e+02 1 0))
s>                ( - -7.677e+02 1 0))
s>            ( QUESTION0_0_R 1 -1.845e+04 1.324e+02 7.650e+01
s>                ( - -1.453e+03 1 0)
s>                ( WDBNDRY_B 0 -1.686e+04 1.197e+02 6.950e+01
s>                    ( - -3.457e+03 6 0 QUESTION0 -1 9.423e+01 1.401e+01)
s>                    ( - -1.329e+04 24 0 QUESTION0_11_R 1 9.896e+01 5.548e+01)))))INFO: dtree.c(1315): Comp split 20
INFO: dtree.c(1439): stop. leaf nodes are specific
INFO: dtree.c(1478): Final simple tree
|( QUESTION0_2_R 1 -3.300e+03 1.431e+02 1.471e+01
|    ( - -2.152e+03 1 0)
|    ( - -1.005e+03 1 0))
s>    ( QUESTION0_2_R 1 -3.300e+03 1.431e+02 1.471e+01
s>        ( - -2.152e+03 1 0)
s>        ( - -1.005e+03 1 0))INFO: dtree.c(1478): Final simple tree
|( QUESTION0_2_R 1 -1.427e+04 1.454e+02 5.890e+01
|    ( QUESTION2_1_L -1 -1.212e+04 1.393e+02 4.982e+01
|        ( WDBNDRY_B 0 -2.814e+03 1.200e+02 1.203e+01
|            ( QUESTION0_6_R 1 -1.759e+03 1.772e+02 8.000e+00
|                ( - -7.524e+02 1 0)
|                ( - -8.293e+02 1 0))
|            ( - -9.349e+02 2 0 QUESTION0_6_R 1 5.204e+01 4.029e+00))
|        ( QUESTION0_6_R 1 -9.164e+03 1.225e+02 3.779e+01
|            ( - -1.880e+03 6 0 QUESTION14 -1 8.968e+01 7.000e+00)
|            ( WDBNDRY_B 0 -7.161e+03 1.280e+02 3.079e+01
|                ( - -6.078e+02 1 0)
|                ( - -6.425e+03 3 0))))
|    ( WDBNDRY_E 0 -2.005e+03 1.049e+02 9.072e+00
|        ( - -1.038e+03 2 0)
|        ( - -8.627e+02 1 0)))
s>    ( QUESTION0_2_R 1 -1.427e+04 1.454e+02 5.890e+01
s>        ( QUESTION2_1_L -1 -1.212e+04 1.393e+02 4.982e+01
s>            ( WDBNDRY_B 0 -2.814e+03 1.200e+02 1.203e+01
s>                ( QUESTION0_6_R 1 -1.759e+03 1.772e+02 8.000e+00
s>                    ( - -7.524e+02 1 0)
s>                    ( - -8.293e+02 1 0))
s>                ( - -9.349e+02 2 0 QUESTION0_6_R 1 5.204e+01 4.029e+00))
s>            ( QUESTION0_6_R 1 -9.164e+03 1.225e+02 3.779e+01
s>                ( - -1.880e+03 6 0 QUESTION14 -1 8.968e+01 7.000e+00)
s>                ( WDBNDRY_B 0 -7.161e+03 1.280e+02 3.079e+01
s>                    ( - -6.078e+02 1 0)
s>                    ( - -6.425e+03 3 0))))
s>        ( WDBNDRY_E 0 -2.005e+03 1.049e+02 9.072e+00
s>            ( - -1.038e+03 2 0)
s>            ( - -8.627e+02 1 0)))INFO: dtree.c(1315): Comp split 21
INFO: dtree.c(1478): Final simple tree
|( QUESTION0_2_R 1 -1.324e+04 1.457e+02 5.490e+01
|    ( QUESTION2_1_L -1 -1.109e+04 1.238e+02 4.582e+01
|        ( WDBNDRY_B 0 -1.800e+03 1.123e+02 8.029e+00
|            ( - -7.524e+02 1 0)
|            ( - -9.349e+02 2 0 QUESTION0_6_R 1 5.204e+01 4.029e+00))
|        ( QUESTION0_6_R 1 -9.164e+03 1.225e+02 3.779e+01
|            ( QUESTION14 -1 -1.880e+03 8.968e+01 7.000e+00
|                ( - -4.268e+02 1 0)
|                ( - -1.363e+03 5 0 QUESTION13 -1 7.514e+01 5.000e+00))
|            ( WDBNDRY_B 0 -7.161e+03 1.280e+02 3.079e+01
|                ( - -6.078e+02 1 0)
|                ( - -6.425e+03 3 0))))
|    ( WDBNDRY_E 0 -2.005e+03 1.049e+02 9.072e+00
|        ( - -1.038e+03 2 0)
|        ( - -8.627e+02 1 0)))
s>    ( QUESTION0_2_R 1 -1.324e+04 1.457e+02 5.490e+01
s>        ( QUESTION2_1_L -1 -1.109e+04 1.238e+02 4.582e+01
s>            ( WDBNDRY_B 0 -1.800e+03 1.123e+02 8.029e+00
s>                ( - -7.524e+02 1 0)
s>                ( - -9.349e+02 2 0 QUESTION0_6_R 1 5.204e+01 4.029e+00))
s>            ( QUESTION0_6_R 1 -9.164e+03 1.225e+02 3.779e+01
s>                ( QUESTION14 -1 -1.880e+03 8.968e+01 7.000e+00
s>                    ( - -4.268e+02 1 0)
s>                    ( - -1.363e+03 5 0 QUESTION13 -1 7.514e+01 5.000e+00))
s>                ( WDBNDRY_B 0 -7.161e+03 1.280e+02 3.079e+01
s>                    ( - -6.078e+02 1 0)
s>                    ( - -6.425e+03 3 0))))
s>        ( WDBNDRY_E 0 -2.005e+03 1.049e+02 9.072e+00
s>            ( - -1.038e+03 2 0)
s>            ( - -8.627e+02 1 0)))INFO: dtree.c(1315): Comp split 22
INFO: dtree.c(1478): Final simple tree
|( QUESTION13 -1 -2.168e+04 1.430e+02 9.050e+01
|    ( QUESTION0_2_R 1 -3.091e+03 1.499e+02 1.400e+01
|        ( WDBNDRY_B 0 -2.173e+03 1.245e+02 9.999e+00
|            ( QUESTION14 -1 -1.723e+03 1.263e+02 7.999e+00
|                ( - -3.576e+02 1 0)
|                ( - -1.240e+03 2 0))
|            ( - -3.255e+02 1 0))
|        ( - -7.677e+02 1 0))
|    ( QUESTION0_0_R 1 -1.845e+04 1.324e+02 7.650e+01
|        ( - -1.453e+03 1 0)
|        ( WDBNDRY_B 0 -1.686e+04 1.197e+02 6.950e+01
|            ( - -3.457e+03 6 0 QUESTION0 -1 9.423e+01 1.401e+01)
|            ( QUESTION0_11_R 1 -1.329e+04 9.896e+01 5.548e+01
|                ( - -4.335e+03 7 0 WDBNDRY_E 0 1.025e+02 1.839e+01)
|                ( - -8.852e+03 17 0 QUESTION2_1_L -1 9.379e+01 3.709e+01)))))
s>    ( QUESTION13 -1 -2.168e+04 1.430e+02 9.050e+01
s>        ( QUESTION0_2_R 1 -3.091e+03 1.499e+02 1.400e+01
s>            ( WDBNDRY_B 0 -2.173e+03 1.245e+02 9.999e+00
s>                ( QUESTION14 -1 -1.723e+03 1.263e+02 7.999e+00
s>                    ( - -3.576e+02 1 0)
s>                    ( - -1.240e+03 2 0))
s>                ( - -3.255e+02 1 0))
s>            ( - -7.677e+02 1 0))
s>        ( QUESTION0_0_R 1 -1.845e+04 1.324e+02 7.650e+01
s>            ( - -1.453e+03 1 0)
s>            ( WDBNDRY_B 0 -1.686e+04 1.197e+02 6.950e+01
s>                ( - -3.457e+03 6 0 QUESTION0 -1 9.423e+01 1.401e+01)
s>                ( QUESTION0_11_R 1 -1.329e+04 9.896e+01 5.548e+01
s>                    ( - -4.335e+03 7 0 WDBNDRY_E 0 1.025e+02 1.839e+01)
s>                    ( - -8.852e+03 17 0 QUESTION2_1_L -1 9.379e+01 3.709e+01)))))INFO: dtree.c(1315): Comp split 23
INFO: dtree.c(1315): Comp split 24
INFO: dtree.c(1478): Final simple tree
|( QUESTION0_0_R 1 -2.075e+04 1.381e+02 8.650e+01
|    ( - -1.453e+03 1 0)
|    ( QUESTION16 -1 -1.916e+04 1.302e+02 7.950e+01
|        ( - -3.255e+02 1 0)
|        ( QUESTION15 -1 -1.871e+04 1.264e+02 7.750e+01
|            ( - -1.240e+03 2 0)
|            ( QUESTION13 -1 -1.734e+04 1.220e+02 7.150e+01
|                ( - -3.576e+02 1 0)
|                ( WDBNDRY_B 0 -1.686e+04 1.197e+02 6.950e+01
|                    ( - -3.457e+03 6 0 QUESTION0 -1 9.423e+01 1.401e+01)
|                    ( QUESTION0_11_R 1 -1.329e+04 9.896e+01 5.548e+01
|                        ( WDBNDRY_E 0 -4.335e+03 1.025e+02 1.839e+01
|                            ( - -9.123e+02 2 0)
|                            ( - -3.320e+03 5 0 QUESTION2_1_L -1 1.025e+02 1.439e+01))
|                        ( - -8.852e+03 17 0 QUESTION2_1_L -1 9.379e+01 3.709e+01)))))))
s>    ( QUESTION0_0_R 1 -2.075e+04 1.381e+02 8.650e+01
s>        ( - -1.453e+03 1 0)
s>        ( QUESTION16 -1 -1.916e+04 1.302e+02 7.950e+01
s>            ( - -3.255e+02 1 0)
s>            ( QUESTION15 -1 -1.871e+04 1.264e+02 7.750e+01
s>                ( - -1.240e+03 2 0)
s>                ( QUESTION13 -1 -1.734e+04 1.220e+02 7.150e+01
s>                    ( - -3.576e+02 1 0)
s>                    ( WDBNDRY_B 0 -1.686e+04 1.197e+02 6.950e+01
s>                        ( - -3.457e+03 6 0 QUESTION0 -1 9.423e+01 1.401e+01)
s>                        ( QUESTION0_11_R 1 -1.329e+04 9.896e+01 5.548e+01
s>                            ( WDBNDRY_E 0 -4.335e+03 1.025e+02 1.839e+01
s>                                ( - -9.123e+02 2 0)
s>                                ( - -3.320e+03 5 0 QUESTION2_1_L -1 1.025e+02 1.439e+01))
s>                            ( - -8.852e+03 17 0 QUESTION2_1_L -1 9.379e+01 3.709e+01)))))))INFO: dtree.c(1315): Comp split 25
INFO: dtree.c(1439): stop. leaf nodes are specific
INFO: dtree.c(1478): Final simple tree
|( QUESTION13 -1 -4.253e+03 1.131e+02 1.628e+01
|    ( - -1.326e+03 1 0)
|    ( QUESTION11 -1 -2.814e+03 1.112e+02 1.000e+01
|        ( - -6.272e+02 1 0)
|        ( QUESTION0_2_R 1 -2.075e+03 9.007e+01 7.003e+00
|            ( - -6.347e+02 1 0)
|            ( - -1.350e+03 1 0))))
s>    ( QUESTION13 -1 -4.253e+03 1.131e+02 1.628e+01
s>        ( - -1.326e+03 1 0)
s>        ( QUESTION11 -1 -2.814e+03 1.112e+02 1.000e+01
s>            ( - -6.272e+02 1 0)
s>            ( QUESTION0_2_R 1 -2.075e+03 9.007e+01 7.003e+00
s>                ( - -6.347e+02 1 0)
s>                ( - -1.350e+03 1 0))))INFO: dtree.c(1315): Comp split 26
INFO: dtree.c(1439): stop. leaf nodes are specific
INFO: dtree.c(1478): Final simple tree
|( QUESTION0_6_R 1 -9.164e+03 1.225e+02 3.779e+01
|    ( QUESTION14 -1 -1.880e+03 8.968e+01 7.000e+00
|        ( - -4.268e+02 1 0)
|        ( QUESTION13 -1 -1.363e+03 7.514e+01 5.000e+00
|            ( - -1.909e+02 1 0)
|            ( QUESTION0 -1 -1.097e+03 5.732e+01 4.000e+00
|                ( - -2.396e+02 1 0)
|                ( - -8.002e+02 3 0))))
|    ( WDBNDRY_B 0 -7.161e+03 1.280e+02 3.079e+01
|        ( - -6.078e+02 1 0)
|        ( - -6.425e+03 3 0)))
s>    ( QUESTION0_6_R 1 -9.164e+03 1.225e+02 3.779e+01
s>        ( QUESTION14 -1 -1.880e+03 8.968e+01 7.000e+00
s>            ( - -4.268e+02 1 0)
s>            ( QUESTION13 -1 -1.363e+03 7.514e+01 5.000e+00
s>                ( - -1.909e+02 1 0)
s>                ( QUESTION0 -1 -1.097e+03 5.732e+01 4.000e+00
s>                    ( - -2.396e+02 1 0)
s>                    ( - -8.002e+02 3 0))))
s>        ( WDBNDRY_B 0 -7.161e+03 1.280e+02 3.079e+01
s>            ( - -6.078e+02 1 0)
s>            ( - -6.425e+03 3 0)))INFO: dtree.c(1439): stop. leaf nodes are specific
INFO: dtree.c(1478): Final simple tree
|( WDBNDRY_B 0 -3.921e+03 1.160e+02 1.710e+01
|    ( - -7.524e+02 1 0)
|    ( QUESTION0_2_R 1 -3.052e+03 1.120e+02 1.310e+01
|        ( QUESTION0_6_R 1 -9.349e+02 5.204e+01 4.029e+00
|            ( - -6.511e+02 1 0)
|            ( - -2.317e+02 1 0))
|        ( WDBNDRY_E 0 -2.005e+03 1.049e+02 9.072e+00
|            ( - -1.038e+03 2 0)
|            ( - -8.627e+02 1 0))))
s>    ( WDBNDRY_B 0 -3.921e+03 1.160e+02 1.710e+01
s>        ( - -7.524e+02 1 0)
s>        ( QUESTION0_2_R 1 -3.052e+03 1.120e+02 1.310e+01
s>            ( QUESTION0_6_R 1 -9.349e+02 5.204e+01 4.029e+00
s>                ( - -6.511e+02 1 0)
s>                ( - -2.317e+02 1 0))
s>            ( WDBNDRY_E 0 -2.005e+03 1.049e+02 9.072e+00
s>                ( - -1.038e+03 2 0)
s>                ( - -8.627e+02 1 0))))INFO: dtree.c(1315): Comp split 27
INFO: dtree.c(1478): Final simple tree
|( QUESTION0_12_R 1 -6.372e+03 1.318e+02 2.722e+01
|    ( - -1.014e+03 1 0)
|    ( QUESTION19 1 -5.227e+03 1.104e+02 2.222e+01
|        ( - -5.648e+02 1 0)
|        ( QUESTION0_0_R 1 -4.551e+03 1.034e+02 1.922e+01
|            ( - -1.209e+03 1 0)
|            ( WDBNDRY_B 0 -3.239e+03 9.255e+01 1.325e+01
|                ( - -3.588e+02 1 0)
|                ( QUESTION0_11_R 1 -2.787e+03 7.878e+01 1.125e+01
|                    ( - -6.843e+02 1 0)
|                    ( QUESTION0_2_R 1 -2.024e+03 7.266e+01 8.029e+00
|                        ( - -4.710e+02 2 0 WDBNDRY_E 0 5.894e+01 2.033e+00)
|                        ( WDBNDRY_E 0 -1.481e+03 6.408e+01 5.996e+00
|                            ( - -2.544e+02 1 0)
|                            ( - -1.162e+03 3 0 QUESTION0_9_R 1 6.622e+01 4.992e+00))))))))
s>    ( QUESTION0_12_R 1 -6.372e+03 1.318e+02 2.722e+01
s>        ( - -1.014e+03 1 0)
s>        ( QUESTION19 1 -5.227e+03 1.104e+02 2.222e+01
s>            ( - -5.648e+02 1 0)
s>            ( QUESTION0_0_R 1 -4.551e+03 1.034e+02 1.922e+01
s>                ( - -1.209e+03 1 0)
s>                ( WDBNDRY_B 0 -3.239e+03 9.255e+01 1.325e+01
s>                    ( - -3.588e+02 1 0)
s>                    ( QUESTION0_11_R 1 -2.787e+03 7.878e+01 1.125e+01
s>                        ( - -6.843e+02 1 0)
s>                        ( QUESTION0_2_R 1 -2.024e+03 7.266e+01 8.029e+00
s>                            ( - -4.710e+02 2 0 WDBNDRY_E 0 5.894e+01 2.033e+00)
s>                            ( WDBNDRY_E 0 -1.481e+03 6.408e+01 5.996e+00
s>                                ( - -2.544e+02 1 0)
s>                                ( - -1.162e+03 3 0 QUESTION0_9_R 1 6.622e+01 4.992e+00))))))))INFO: dtree.c(1315): Comp split 28
INFO: dtree.c(1439): stop. leaf nodes are specific
INFO: dtree.c(1478): Final simple tree
|( QUESTION5 -1 -1.486e+03 8.352e+01 6.000e+00
|    ( - -4.415e+02 1 0)
|    ( WDBNDRY_B 0 -9.607e+02 6.114e+01 4.000e+00
|        ( QUESTION0_3_R 1 -4.489e+02 7.691e+01 2.000e+00
|            ( - -1.663e+02 1 0)
|            ( - -2.057e+02 1 0))
|        ( - -4.507e+02 1 0)))
s>    ( QUESTION5 -1 -1.486e+03 8.352e+01 6.000e+00
s>        ( - -4.415e+02 1 0)
s>        ( WDBNDRY_B 0 -9.607e+02 6.114e+01 4.000e+00
s>            ( QUESTION0_3_R 1 -4.489e+02 7.691e+01 2.000e+00
s>                ( - -1.663e+02 1 0)
s>                ( - -2.057e+02 1 0))
s>            ( - -4.507e+02 1 0)))INFO: dtree.c(1439): stop. leaf nodes are specific
INFO: dtree.c(1478): Final simple tree
|( WDBNDRY_B 0 -5.017e+03 9.067e+01 2.200e+01
|    ( - -3.794e+02 1 0)
|    ( - -4.547e+03 2 0))
s>    ( WDBNDRY_B 0 -5.017e+03 9.067e+01 2.200e+01
s>        ( - -3.794e+02 1 0)
s>        ( - -4.547e+03 2 0))INFO: dtree.c(1315): Comp split 29
INFO: dtree.c(1315): Comp split 30
INFO: dtree.c(1439): stop. leaf nodes are specific
INFO: dtree.c(1478): Final simple tree
|( WDBNDRY_B 0 -5.031e+03 1.211e+02 2.102e+01
|    ( QUESTION0 -1 -3.457e+03 9.423e+01 1.401e+01
|        ( - -7.046e+02 2 0)
|        ( QUESTION11 1 -2.658e+03 8.849e+01 1.101e+01
|            ( - -2.105e+03 3 0)
|            ( - -4.650e+02 1 0)))
|    ( - -1.453e+03 1 0))
s>    ( WDBNDRY_B 0 -5.031e+03 1.211e+02 2.102e+01
s>        ( QUESTION0 -1 -3.457e+03 9.423e+01 1.401e+01
s>            ( - -7.046e+02 2 0)
s>            ( QUESTION11 1 -2.658e+03 8.849e+01 1.101e+01
s>                ( - -2.105e+03 3 0)
s>                ( - -4.650e+02 1 0)))
s>        ( - -1.453e+03 1 0))INFO: dtree.c(1478): Final simple tree
|( QUESTION16 -1 -1.558e+04 1.279e+02 6.548e+01
|    ( - -3.255e+02 1 0)
|    ( QUESTION15 -1 -1.513e+04 1.249e+02 6.348e+01
|        ( - -1.240e+03 2 0)
|        ( WDBNDRY_B 0 -1.376e+04 1.200e+02 5.748e+01
|            ( - -3.576e+02 1 0)
|            ( QUESTION0_11_R 1 -1.329e+04 9.896e+01 5.548e+01
|                ( WDBNDRY_E 0 -4.335e+03 1.025e+02 1.839e+01
|                    ( - -9.123e+02 2 0)
|                    ( QUESTION2_1_L -1 -3.320e+03 1.025e+02 1.439e+01
|                        ( - -4.155e+02 1 0)
|                        ( - -2.802e+03 4 0)))
|                ( QUESTION2_1_L -1 -8.852e+03 9.379e+01 3.709e+01
|                    ( - -1.837e+03 5 0 QUESTION19 1 2.222e+02 8.001e+00)
|                    ( - -6.921e+03 12 0 QUESTION13 1 4.585e+02 2.909e+01))))))
s>    ( QUESTION16 -1 -1.558e+04 1.279e+02 6.548e+01
s>        ( - -3.255e+02 1 0)
s>        ( QUESTION15 -1 -1.513e+04 1.249e+02 6.348e+01
s>            ( - -1.240e+03 2 0)
s>            ( WDBNDRY_B 0 -1.376e+04 1.200e+02 5.748e+01
s>                ( - -3.576e+02 1 0)
s>                ( QUESTION0_11_R 1 -1.329e+04 9.896e+01 5.548e+01
s>                    ( WDBNDRY_E 0 -4.335e+03 1.025e+02 1.839e+01
s>                        ( - -9.123e+02 2 0)
s>                        ( QUESTION2_1_L -1 -3.320e+03 1.025e+02 1.439e+01
s>                            ( - -4.155e+02 1 0)
s>                            ( - -2.802e+03 4 0)))
s>                    ( QUESTION2_1_L -1 -8.852e+03 9.379e+01 3.709e+01
s>                        ( - -1.837e+03 5 0 QUESTION19 1 2.222e+02 8.001e+00)
s>                        ( - -6.921e+03 12 0 QUESTION13 1 4.585e+02 2.909e+01))))))INFO: dtree.c(1315): Comp split 31
INFO: dtree.c(1439): stop. leaf nodes are specific
INFO: dtree.c(1478): Final simple tree
|( QUESTION11 1 -4.607e+03 1.270e+02 2.039e+01
|    ( - -3.255e+02 1 0)
|    ( WDBNDRY_B 0 -4.154e+03 1.122e+02 1.839e+01
|        ( - -1.240e+03 2 0)
|        ( - -2.802e+03 4 0)))
s>    ( QUESTION11 1 -4.607e+03 1.270e+02 2.039e+01
s>        ( - -3.255e+02 1 0)
s>        ( WDBNDRY_B 0 -4.154e+03 1.122e+02 1.839e+01
s>            ( - -1.240e+03 2 0)
s>            ( - -2.802e+03 4 0)))INFO: dtree.c(1478): Final simple tree
|( WDBNDRY_B 0 -1.084e+04 1.202e+02 4.509e+01
|    ( - -3.576e+02 1 0)
|    ( QUESTION2_3_L -1 -1.036e+04 9.373e+01 4.309e+01
|        ( QUESTION19 1 -1.837e+03 2.222e+02 8.001e+00
|            ( - -2.313e+02 1 0)
|            ( WDBNDRY_E 0 -1.384e+03 4.662e+02 6.001e+00
|                ( - 2.409e+02 1 0)
|                ( - -1.158e+03 3 0 QUESTION12 1 7.052e+01 5.001e+00)))
|        ( QUESTION13 1 -8.428e+03 4.572e+02 3.509e+01
|            ( - 2.191e+02 1 0)
|            ( QUESTION0_11_R 1 -8.190e+03 8.856e+01 3.409e+01
|                ( WDBNDRY_E 0 -1.420e+03 9.218e+01 6.000e+00
|                    ( - -9.123e+02 2 0)
|                    ( - -4.155e+02 1 0))
|                ( - -6.681e+03 11 0 QUESTION0_20_R 1 8.802e+01 2.809e+01)))))
s>    ( WDBNDRY_B 0 -1.084e+04 1.202e+02 4.509e+01
s>        ( - -3.576e+02 1 0)
s>        ( QUESTION2_3_L -1 -1.036e+04 9.373e+01 4.309e+01
s>            ( QUESTION19 1 -1.837e+03 2.222e+02 8.001e+00
s>                ( - -2.313e+02 1 0)
s>                ( WDBNDRY_E 0 -1.384e+03 4.662e+02 6.001e+00
s>                    ( - 2.409e+02 1 0)
s>                    ( - -1.158e+03 3 0 QUESTION12 1 7.052e+01 5.001e+00)))
s>            ( QUESTION13 1 -8.428e+03 4.572e+02 3.509e+01
s>                ( - 2.191e+02 1 0)
s>                ( QUESTION0_11_R 1 -8.190e+03 8.856e+01 3.409e+01
s>                    ( WDBNDRY_E 0 -1.420e+03 9.218e+01 6.000e+00
s>                        ( - -9.123e+02 2 0)
s>                        ( - -4.155e+02 1 0))
s>                    ( - -6.681e+03 11 0 QUESTION0_20_R 1 8.802e+01 2.809e+01)))))INFO: dtree.c(1315): Comp split 32
INFO: dtree.c(1478): Final simple tree
|( WDBNDRY_B 0 -1.060e+04 1.207e+02 4.409e+01
|    ( - -3.576e+02 1 0)
|    ( QUESTION6 1 -1.012e+04 8.757e+01 4.209e+01
|        ( WDBNDRY_E 0 -2.828e+03 9.208e+01 1.215e+01
|            ( - -1.826e+03 3 0)
|            ( - -9.100e+02 2 0 QUESTION7 1 7.929e+01 4.001e+00))
|        ( QUESTION0_11_R 1 -7.203e+03 8.535e+01 2.994e+01
|            ( WDBNDRY_E 0 -1.420e+03 9.218e+01 6.000e+00
|                ( - -9.123e+02 2 0)
|                ( - -4.155e+02 1 0))
|            ( QUESTION2_1_L -1 -5.698e+03 8.511e+01 2.394e+01
|                ( - -8.905e+02 3 0 WDBNDRY_E 0 2.122e+02 4.000e+00)
|                ( QUESTION0_20_R 1 -4.722e+03 4.589e+02 1.994e+01
|                    ( - 2.191e+02 1 0)
|                    ( - -4.482e+03 7 0 QUESTION0_2_R 1 1.069e+02 1.894e+01))))))
s>    ( WDBNDRY_B 0 -1.060e+04 1.207e+02 4.409e+01
s>        ( - -3.576e+02 1 0)
s>        ( QUESTION6 1 -1.012e+04 8.757e+01 4.209e+01
s>            ( WDBNDRY_E 0 -2.828e+03 9.208e+01 1.215e+01
s>                ( - -1.826e+03 3 0)
s>                ( - -9.100e+02 2 0 QUESTION7 1 7.929e+01 4.001e+00))
s>            ( QUESTION0_11_R 1 -7.203e+03 8.535e+01 2.994e+01
s>                ( WDBNDRY_E 0 -1.420e+03 9.218e+01 6.000e+00
s>                    ( - -9.123e+02 2 0)
s>                    ( - -4.155e+02 1 0))
s>                ( QUESTION2_1_L -1 -5.698e+03 8.511e+01 2.394e+01
s>                    ( - -8.905e+02 3 0 WDBNDRY_E 0 2.122e+02 4.000e+00)
s>                    ( QUESTION0_20_R 1 -4.722e+03 4.589e+02 1.994e+01
s>                        ( - 2.191e+02 1 0)
s>                        ( - -4.482e+03 7 0 QUESTION0_2_R 1 1.069e+02 1.894e+01))))))INFO: dtree.c(1315): Comp split 33
INFO: dtree.c(1478): Final simple tree
|( WDBNDRY_B 0 -1.036e+04 1.202e+02 4.309e+01
|    ( - -3.576e+02 1 0)
|    ( QUESTION0_11_R 1 -9.881e+03 8.764e+01 4.109e+01
|        ( WDBNDRY_E 0 -1.420e+03 9.218e+01 6.000e+00
|            ( - -9.123e+02 2 0)
|            ( - -4.155e+02 1 0))
|        ( QUESTION0 1 -8.374e+03 8.673e+01 3.509e+01
|            ( WDBNDRY_E 0 -2.828e+03 9.208e+01 1.215e+01
|                ( - -1.826e+03 3 0)
|                ( - -9.100e+02 2 0 QUESTION7 1 7.929e+01 4.001e+00))
|            ( QUESTION2_1_L -1 -5.459e+03 8.622e+01 2.294e+01
|                ( WDBNDRY_E 0 -8.905e+02 2.122e+02 4.000e+00
|                    ( - -2.313e+02 1 0)
|                    ( - -4.470e+02 2 0 QUESTION0_2_R 1 7.062e+01 2.000e+00))
|                ( - -4.482e+03 7 0 QUESTION0_2_R 1 1.069e+02 1.894e+01)))))
s>    ( WDBNDRY_B 0 -1.036e+04 1.202e+02 4.309e+01
s>        ( - -3.576e+02 1 0)
s>        ( QUESTION0_11_R 1 -9.881e+03 8.764e+01 4.109e+01
s>            ( WDBNDRY_E 0 -1.420e+03 9.218e+01 6.000e+00
s>                ( - -9.123e+02 2 0)
s>                ( - -4.155e+02 1 0))
s>            ( QUESTION0 1 -8.374e+03 8.673e+01 3.509e+01
s>                ( WDBNDRY_E 0 -2.828e+03 9.208e+01 1.215e+01
s>                    ( - -1.826e+03 3 0)
s>                    ( - -9.100e+02 2 0 QUESTION7 1 7.929e+01 4.001e+00))
s>                ( QUESTION2_1_L -1 -5.459e+03 8.622e+01 2.294e+01
s>                    ( WDBNDRY_E 0 -8.905e+02 2.122e+02 4.000e+00
s>                        ( - -2.313e+02 1 0)
s>                        ( - -4.470e+02 2 0 QUESTION0_2_R 1 7.062e+01 2.000e+00))
s>                    ( - -4.482e+03 7 0 QUESTION0_2_R 1 1.069e+02 1.894e+01)))))INFO: dtree.c(1315): Comp split 34
INFO: dtree.c(1478): Final simple tree
|( WDBNDRY_B 0 -9.894e+03 1.210e+02 4.109e+01
|    ( - -3.576e+02 1 0)
|    ( QUESTION0_11_R 1 -9.415e+03 8.755e+01 3.909e+01
|        ( WDBNDRY_E 0 -1.420e+03 9.218e+01 6.000e+00
|            ( - -9.123e+02 2 0)
|            ( - -4.155e+02 1 0))
|        ( WDBNDRY_E 0 -7.908e+03 8.788e+01 3.309e+01
|            ( QUESTION0_20_R 1 -3.057e+03 1.208e+02 1.315e+01
|                ( - -1.826e+03 3 0)
|                ( QUESTION0_2_R 1 -1.111e+03 1.088e+02 5.004e+00
|                    ( - -3.840e+02 1 0)
|                    ( - -6.179e+02 1 0)))
|            ( QUESTION19 1 -4.763e+03 8.073e+01 1.994e+01
|                ( - -4.027e+02 1 0)
|                ( - -4.279e+03 8 0 QUESTION7 1 6.952e+01 1.791e+01)))))
s>    ( WDBNDRY_B 0 -9.894e+03 1.210e+02 4.109e+01
s>        ( - -3.576e+02 1 0)
s>        ( QUESTION0_11_R 1 -9.415e+03 8.755e+01 3.909e+01
s>            ( WDBNDRY_E 0 -1.420e+03 9.218e+01 6.000e+00
s>                ( - -9.123e+02 2 0)
s>                ( - -4.155e+02 1 0))
s>            ( WDBNDRY_E 0 -7.908e+03 8.788e+01 3.309e+01
s>                ( QUESTION0_20_R 1 -3.057e+03 1.208e+02 1.315e+01
s>                    ( - -1.826e+03 3 0)
s>                    ( QUESTION0_2_R 1 -1.111e+03 1.088e+02 5.004e+00
s>                        ( - -3.840e+02 1 0)
s>                        ( - -6.179e+02 1 0)))
s>                ( QUESTION19 1 -4.763e+03 8.073e+01 1.994e+01
s>                    ( - -4.027e+02 1 0)
s>                    ( - -4.279e+03 8 0 QUESTION7 1 6.952e+01 1.791e+01)))))INFO: dtree.c(1315): Comp split 35
INFO: dtree.c(1439): stop. leaf nodes are specific
INFO: dtree.c(1478): Final simple tree
|( WDBNDRY_B 0 -8.423e+03 1.176e+02 3.479e+01
|    ( QUESTION14 -1 -1.880e+03 8.968e+01 7.000e+00
|        ( - -4.268e+02 1 0)
|        ( QUESTION13 -1 -1.363e+03 7.514e+01 5.000e+00
|            ( - -1.909e+02 1 0)
|            ( QUESTION0 -1 -1.097e+03 5.732e+01 4.000e+00
|                ( - -2.396e+02 1 0)
|                ( - -8.002e+02 3 0))))
|    ( - -6.425e+03 3 0))
s>    ( WDBNDRY_B 0 -8.423e+03 1.176e+02 3.479e+01
s>        ( QUESTION14 -1 -1.880e+03 8.968e+01 7.000e+00
s>            ( - -4.268e+02 1 0)
s>            ( QUESTION13 -1 -1.363e+03 7.514e+01 5.000e+00
s>                ( - -1.909e+02 1 0)
s>                ( QUESTION0 -1 -1.097e+03 5.732e+01 4.000e+00
s>                    ( - -2.396e+02 1 0)
s>                    ( - -8.002e+02 3 0))))
s>        ( - -6.425e+03 3 0))INFO: dtree.c(1315): Comp split 36
INFO: dtree.c(1478): Final simple tree
|( QUESTION19 1 -5.227e+03 1.104e+02 2.222e+01
|    ( - -5.648e+02 1 0)
|    ( QUESTION0_0_R 1 -4.551e+03 1.034e+02 1.922e+01
|        ( - -1.209e+03 1 0)
|        ( WDBNDRY_B 0 -3.239e+03 9.255e+01 1.325e+01
|            ( - -3.588e+02 1 0)
|            ( QUESTION0_11_R 1 -2.787e+03 7.878e+01 1.125e+01
|                ( - -6.843e+02 1 0)
|                ( QUESTION0_2_R 1 -2.024e+03 7.266e+01 8.029e+00
|                    ( - -4.710e+02 2 0 WDBNDRY_E 0 5.894e+01 2.033e+00)
|                    ( WDBNDRY_E 0 -1.481e+03 6.408e+01 5.996e+00
|                        ( - -2.544e+02 1 0)
|                        ( QUESTION0_9_R 1 -1.162e+03 6.622e+01 4.992e+00
|                            ( - -7.039e+02 2 0)
|                            ( - -3.921e+02 1 0))))))))
s>    ( QUESTION19 1 -5.227e+03 1.104e+02 2.222e+01
s>        ( - -5.648e+02 1 0)
s>        ( QUESTION0_0_R 1 -4.551e+03 1.034e+02 1.922e+01
s>            ( - -1.209e+03 1 0)
s>            ( WDBNDRY_B 0 -3.239e+03 9.255e+01 1.325e+01
s>                ( - -3.588e+02 1 0)
s>                ( QUESTION0_11_R 1 -2.787e+03 7.878e+01 1.125e+01
s>                    ( - -6.843e+02 1 0)
s>                    ( QUESTION0_2_R 1 -2.024e+03 7.266e+01 8.029e+00
s>                        ( - -4.710e+02 2 0 WDBNDRY_E 0 5.894e+01 2.033e+00)
s>                        ( WDBNDRY_E 0 -1.481e+03 6.408e+01 5.996e+00
s>                            ( - -2.544e+02 1 0)
s>                            ( QUESTION0_9_R 1 -1.162e+03 6.622e+01 4.992e+00
s>                                ( - -7.039e+02 2 0)
s>                                ( - -3.921e+02 1 0))))))))INFO: dtree.c(1315): Comp split 37
INFO: dtree.c(1439): stop. leaf nodes are specific
INFO: dtree.c(1478): Final simple tree
|( WDBNDRY_B 0 -4.154e+03 1.122e+02 1.839e+01
|    ( - -1.240e+03 2 0)
|    ( - -2.802e+03 4 0))
s>    ( WDBNDRY_B 0 -4.154e+03 1.122e+02 1.839e+01
s>        ( - -1.240e+03 2 0)
s>        ( - -2.802e+03 4 0))INFO: dtree.c(1315): Comp split 38
INFO: dtree.c(1439): stop. leaf nodes are specific
INFO: dtree.c(1478): Final simple tree
|( QUESTION13 -1 -1.616e+03 9.160e+01 6.000e+00
|    ( - -4.268e+02 1 0)
|    ( QUESTION0 -1 -1.097e+03 5.732e+01 4.000e+00
|        ( - -2.396e+02 1 0)
|        ( - -8.002e+02 3 0)))
s>    ( QUESTION13 -1 -1.616e+03 9.160e+01 6.000e+00
s>        ( - -4.268e+02 1 0)
s>        ( QUESTION0 -1 -1.097e+03 5.732e+01 4.000e+00
s>            ( - -2.396e+02 1 0)
s>            ( - -8.002e+02 3 0)))INFO: dtree.c(1439): stop. leaf nodes are specific
INFO: dtree.c(1478): Final simple tree
|( WDBNDRY_B 0 -6.686e+03 6.930e+01 2.879e+01
|    ( - -1.909e+02 1 0)
|    ( - -6.425e+03 3 0))
s>    ( WDBNDRY_B 0 -6.686e+03 6.930e+01 2.879e+01
s>        ( - -1.909e+02 1 0)
s>        ( - -6.425e+03 3 0))INFO: dtree.c(1315): Comp split 39
INFO: dtree.c(1439): stop. leaf nodes are specific
INFO: dtree.c(1478): Final simple tree
|( QUESTION0 -1 -3.457e+03 9.423e+01 1.401e+01
|    ( - -7.046e+02 2 0)
|    ( QUESTION11 1 -2.658e+03 8.849e+01 1.101e+01
|        ( - -2.105e+03 3 0)
|        ( - -4.650e+02 1 0)))
s>    ( QUESTION0 -1 -3.457e+03 9.423e+01 1.401e+01
s>        ( - -7.046e+02 2 0)
s>        ( QUESTION11 1 -2.658e+03 8.849e+01 1.101e+01
s>            ( - -2.105e+03 3 0)
s>            ( - -4.650e+02 1 0)))INFO: dtree.c(1315): Comp split 40
INFO: dtree.c(1478): Final simple tree
|( QUESTION0_11_R 1 -9.415e+03 8.755e+01 3.909e+01
|    ( WDBNDRY_E 0 -1.420e+03 9.218e+01 6.000e+00
|        ( - -9.123e+02 2 0)
|        ( - -4.155e+02 1 0))
|    ( WDBNDRY_E 0 -7.908e+03 8.788e+01 3.309e+01
|        ( QUESTION0_20_R 1 -3.057e+03 1.208e+02 1.315e+01
|            ( - -1.826e+03 3 0)
|            ( QUESTION0_2_R 1 -1.111e+03 1.088e+02 5.004e+00
|                ( - -3.840e+02 1 0)
|                ( - -6.179e+02 1 0)))
|        ( QUESTION19 1 -4.763e+03 8.073e+01 1.994e+01
|            ( - -4.027e+02 1 0)
|            ( QUESTION7 1 -4.279e+03 6.952e+01 1.791e+01
|                ( - -6.479e+02 1 0)
|                ( - -3.562e+03 7 0 QUESTION0 1 7.640e+01 1.491e+01)))))
s>    ( QUESTION0_11_R 1 -9.415e+03 8.755e+01 3.909e+01
s>        ( WDBNDRY_E 0 -1.420e+03 9.218e+01 6.000e+00
s>            ( - -9.123e+02 2 0)
s>            ( - -4.155e+02 1 0))
s>        ( WDBNDRY_E 0 -7.908e+03 8.788e+01 3.309e+01
s>            ( QUESTION0_20_R 1 -3.057e+03 1.208e+02 1.315e+01
s>                ( - -1.826e+03 3 0)
s>                ( QUESTION0_2_R 1 -1.111e+03 1.088e+02 5.004e+00
s>                    ( - -3.840e+02 1 0)
s>                    ( - -6.179e+02 1 0)))
s>            ( QUESTION19 1 -4.763e+03 8.073e+01 1.994e+01
s>                ( - -4.027e+02 1 0)
s>                ( QUESTION7 1 -4.279e+03 6.952e+01 1.791e+01
s>                    ( - -6.479e+02 1 0)
s>                    ( - -3.562e+03 7 0 QUESTION0 1 7.640e+01 1.491e+01)))))INFO: dtree.c(1315): Comp split 41
INFO: dtree.c(1439): stop. leaf nodes are specific
INFO: dtree.c(1478): Final simple tree
|( QUESTION0_2_R 1 -2.075e+03 9.007e+01 7.003e+00
|    ( - -6.347e+02 1 0)
|    ( - -1.350e+03 1 0))
s>    ( QUESTION0_2_R 1 -2.075e+03 9.007e+01 7.003e+00
s>        ( - -6.347e+02 1 0)
s>        ( - -1.350e+03 1 0))INFO: dtree.c(1439): stop. leaf nodes are specific
INFO: dtree.c(1478): Final simple tree
|( QUESTION11 -1 -2.060e+03 1.064e+02 9.274e+00
|    ( - -6.272e+02 1 0)
|    ( - -1.326e+03 1 0))
s>    ( QUESTION11 -1 -2.060e+03 1.064e+02 9.274e+00
s>        ( - -6.272e+02 1 0)
s>        ( - -1.326e+03 1 0))INFO: dtree.c(1315): Comp split 42
INFO: dtree.c(1478): Final simple tree
|( QUESTION0_11_R 1 -8.680e+03 8.553e+01 3.609e+01
|    ( WDBNDRY_E 0 -1.420e+03 9.218e+01 6.000e+00
|        ( - -9.123e+02 2 0)
|        ( - -4.155e+02 1 0))
|    ( WDBNDRY_E 0 -7.174e+03 1.023e+02 3.009e+01
|        ( QUESTION0_2_R 1 -2.309e+03 9.951e+01 1.015e+01
|            ( - -3.840e+02 1 0)
|            ( - -1.826e+03 3 0))
|        ( QUESTION19 1 -4.763e+03 8.073e+01 1.994e+01
|            ( - -4.027e+02 1 0)
|            ( QUESTION7 1 -4.279e+03 6.952e+01 1.791e+01
|                ( - -6.479e+02 1 0)
|                ( QUESTION0 1 -3.562e+03 7.640e+01 1.491e+01
|                    ( - -1.828e+02 1 0)
|                    ( - -3.303e+03 6 0 QUESTION0_2_R 1 6.901e+01 1.391e+01))))))
s>    ( QUESTION0_11_R 1 -8.680e+03 8.553e+01 3.609e+01
s>        ( WDBNDRY_E 0 -1.420e+03 9.218e+01 6.000e+00
s>            ( - -9.123e+02 2 0)
s>            ( - -4.155e+02 1 0))
s>        ( WDBNDRY_E 0 -7.174e+03 1.023e+02 3.009e+01
s>            ( QUESTION0_2_R 1 -2.309e+03 9.951e+01 1.015e+01
s>                ( - -3.840e+02 1 0)
s>                ( - -1.826e+03 3 0))
s>            ( QUESTION19 1 -4.763e+03 8.073e+01 1.994e+01
s>                ( - -4.027e+02 1 0)
s>                ( QUESTION7 1 -4.279e+03 6.952e+01 1.791e+01
s>                    ( - -6.479e+02 1 0)
s>                    ( QUESTION0 1 -3.562e+03 7.640e+01 1.491e+01
s>                        ( - -1.828e+02 1 0)
s>                        ( - -3.303e+03 6 0 QUESTION0_2_R 1 6.901e+01 1.391e+01))))))INFO: dtree.c(1315): Comp split 43
INFO: dtree.c(1439): stop. leaf nodes are specific
INFO: dtree.c(1478): Final simple tree
|( QUESTION0_8_R 1 -3.230e+03 9.192e+01 1.397e+01
|    ( WDBNDRY_E 0 -1.481e+03 6.408e+01 5.996e+00
|        ( - -2.544e+02 1 0)
|        ( QUESTION0_9_R 1 -1.162e+03 6.622e+01 4.992e+00
|            ( - -7.039e+02 2 0)
|            ( - -3.921e+02 1 0)))
|    ( WDBNDRY_B 0 -1.657e+03 8.901e+01 7.976e+00
|        ( - -3.588e+02 1 0)
|        ( - -1.209e+03 1 0)))
s>    ( QUESTION0_8_R 1 -3.230e+03 9.192e+01 1.397e+01
s>        ( WDBNDRY_E 0 -1.481e+03 6.408e+01 5.996e+00
s>            ( - -2.544e+02 1 0)
s>            ( QUESTION0_9_R 1 -1.162e+03 6.622e+01 4.992e+00
s>                ( - -7.039e+02 2 0)
s>                ( - -3.921e+02 1 0)))
s>        ( WDBNDRY_B 0 -1.657e+03 8.901e+01 7.976e+00
s>            ( - -3.588e+02 1 0)
s>            ( - -1.209e+03 1 0)))INFO: dtree.c(1439): stop. leaf nodes are specific
INFO: dtree.c(1478): Final simple tree
|( WDBNDRY_B 0 -1.880e+03 1.016e+02 8.249e+00
|    ( - -5.648e+02 1 0)
|    ( WDBNDRY_E 0 -1.214e+03 6.506e+01 5.249e+00
|        ( - -2.090e+02 1 0)
|        ( QUESTION0_2_R 1 -9.400e+02 5.265e+01 4.249e+00
|            ( - -2.031e+02 1 0)
|            ( - -6.843e+02 1 0))))
s>    ( WDBNDRY_B 0 -1.880e+03 1.016e+02 8.249e+00
s>        ( - -5.648e+02 1 0)
s>        ( WDBNDRY_E 0 -1.214e+03 6.506e+01 5.249e+00
s>            ( - -2.090e+02 1 0)
s>            ( QUESTION0_2_R 1 -9.400e+02 5.265e+01 4.249e+00
s>                ( - -2.031e+02 1 0)
s>                ( - -6.843e+02 1 0))))INFO: dtree.c(1315): Comp split 44
INFO: dtree.c(1439): stop. leaf nodes are specific
INFO: dtree.c(1478): Final simple tree
|( QUESTION0_2_R 1 -3.052e+03 1.120e+02 1.310e+01
|    ( QUESTION0_6_R 1 -9.349e+02 5.204e+01 4.029e+00
|        ( - -6.511e+02 1 0)
|        ( - -2.317e+02 1 0))
|    ( WDBNDRY_E 0 -2.005e+03 1.049e+02 9.072e+00
|        ( - -1.038e+03 2 0)
|        ( - -8.627e+02 1 0)))
s>    ( QUESTION0_2_R 1 -3.052e+03 1.120e+02 1.310e+01
s>        ( QUESTION0_6_R 1 -9.349e+02 5.204e+01 4.029e+00
s>            ( - -6.511e+02 1 0)
s>            ( - -2.317e+02 1 0))
s>        ( WDBNDRY_E 0 -2.005e+03 1.049e+02 9.072e+00
s>            ( - -1.038e+03 2 0)
s>            ( - -8.627e+02 1 0)))INFO: dtree.c(1315): Comp split 45
INFO: dtree.c(1315): Comp split 46
INFO: dtree.c(1439): stop. leaf nodes are specific
INFO: dtree.c(1478): Final simple tree
|( WDBNDRY_E 0 -2.005e+03 1.049e+02 9.072e+00
|    ( - -1.038e+03 2 0)
|    ( - -8.627e+02 1 0))
s>    ( WDBNDRY_E 0 -2.005e+03 1.049e+02 9.072e+00
s>        ( - -1.038e+03 2 0)
s>        ( - -8.627e+02 1 0))INFO: dtree.c(1439): stop. leaf nodes are specific
INFO: dtree.c(1478): Final simple tree
|( QUESTION0_6_R 1 -9.349e+02 5.204e+01 4.029e+00
|    ( - -6.511e+02 1 0)
|    ( - -2.317e+02 1 0))
s>    ( QUESTION0_6_R 1 -9.349e+02 5.204e+01 4.029e+00
s>        ( - -6.511e+02 1 0)
s>        ( - -2.317e+02 1 0))INFO: dtree.c(1315): Comp split 47
INFO: dtree.c(1439): stop. leaf nodes are specific
INFO: dtree.c(1478): Final simple tree
|( QUESTION0_2_R 1 -2.309e+03 9.951e+01 1.015e+01
|    ( - -3.840e+02 1 0)
|    ( - -1.826e+03 3 0))
s>    ( QUESTION0_2_R 1 -2.309e+03 9.951e+01 1.015e+01
s>        ( - -3.840e+02 1 0)
s>        ( - -1.826e+03 3 0))INFO: dtree.c(1478): Final simple tree
|( WDBNDRY_E 0 -6.259e+03 8.759e+01 2.594e+01
|    ( - -9.123e+02 2 0)
|    ( QUESTION19 1 -5.259e+03 8.136e+01 2.194e+01
|        ( - -4.027e+02 1 0)
|        ( QUESTION0_11_R 1 -4.775e+03 8.020e+01 1.991e+01
|            ( - -4.155e+02 1 0)
|            ( QUESTION7 1 -4.279e+03 6.952e+01 1.791e+01
|                ( - -6.479e+02 1 0)
|                ( QUESTION0 1 -3.562e+03 7.640e+01 1.491e+01
|                    ( - -1.828e+02 1 0)
|                    ( QUESTION0_2_R 1 -3.303e+03 6.901e+01 1.391e+01
|                        ( QUESTION2_1_L -1 -3.052e+03 6.549e+01 1.291e+01
|                            ( - -1.951e+02 1 0)
|                            ( - -2.792e+03 4 0))
|                        ( - -1.813e+02 1 0)))))))
s>    ( WDBNDRY_E 0 -6.259e+03 8.759e+01 2.594e+01
s>        ( - -9.123e+02 2 0)
s>        ( QUESTION19 1 -5.259e+03 8.136e+01 2.194e+01
s>            ( - -4.027e+02 1 0)
s>            ( QUESTION0_11_R 1 -4.775e+03 8.020e+01 1.991e+01
s>                ( - -4.155e+02 1 0)
s>                ( QUESTION7 1 -4.279e+03 6.952e+01 1.791e+01
s>                    ( - -6.479e+02 1 0)
s>                    ( QUESTION0 1 -3.562e+03 7.640e+01 1.491e+01
s>                        ( - -1.828e+02 1 0)
s>                        ( QUESTION0_2_R 1 -3.303e+03 6.901e+01 1.391e+01
s>                            ( QUESTION2_1_L -1 -3.052e+03 6.549e+01 1.291e+01
s>                                ( - -1.951e+02 1 0)
s>                                ( - -2.792e+03 4 0))
s>                            ( - -1.813e+02 1 0)))))))INFO: dtree.c(1315): Comp split 48
INFO: dtree.c(1439): stop. leaf nodes are specific
INFO: dtree.c(1478): Final simple tree
|( QUESTION0 -1 -1.243e+03 7.297e+01 5.014e+00
|    ( - -7.046e+02 2 0)
|    ( - -4.650e+02 1 0))
s>    ( QUESTION0 -1 -1.243e+03 7.297e+01 5.014e+00
s>        ( - -7.046e+02 2 0)
s>        ( - -4.650e+02 1 0))INFO: dtree.c(1315): Comp split 49
INFO: dtree.c(1315): Comp split 50
INFO: dtree.c(1315): Comp split 51
INFO: dtree.c(1315): Comp split 52
INFO: dtree.c(1439): stop. leaf nodes are specific
INFO: dtree.c(1478): Final simple tree
|( WDBNDRY_E 0 -1.214e+03 6.506e+01 5.249e+00
|    ( - -2.090e+02 1 0)
|    ( QUESTION0_2_R 1 -9.400e+02 5.265e+01 4.249e+00
|        ( - -2.031e+02 1 0)
|        ( - -6.843e+02 1 0)))
s>    ( WDBNDRY_E 0 -1.214e+03 6.506e+01 5.249e+00
s>        ( - -2.090e+02 1 0)
s>        ( QUESTION0_2_R 1 -9.400e+02 5.265e+01 4.249e+00
s>            ( - -2.031e+02 1 0)
s>            ( - -6.843e+02 1 0)))INFO: dtree.c(1315): Comp split 53
INFO: dtree.c(1439): stop. leaf nodes are specific
INFO: dtree.c(1478): Final simple tree
|( QUESTION0_11_R 1 -3.795e+03 7.795e+01 1.591e+01
|    ( - -4.155e+02 1 0)
|    ( QUESTION0 1 -3.302e+03 7.651e+01 1.391e+01
|        ( - -1.828e+02 1 0)
|        ( QUESTION0_2_R 1 -3.042e+03 6.935e+01 1.291e+01
|            ( - -2.792e+03 4 0)
|            ( - -1.813e+02 1 0))))
s>    ( QUESTION0_11_R 1 -3.795e+03 7.795e+01 1.591e+01
s>        ( - -4.155e+02 1 0)
s>        ( QUESTION0 1 -3.302e+03 7.651e+01 1.391e+01
s>            ( - -1.828e+02 1 0)
s>            ( QUESTION0_2_R 1 -3.042e+03 6.935e+01 1.291e+01
s>                ( - -2.792e+03 4 0)
s>                ( - -1.813e+02 1 0))))INFO: dtree.c(1439): stop. leaf nodes are specific
INFO: dtree.c(1478): Final simple tree
|( WDBNDRY_E 0 -2.363e+03 7.192e+01 1.003e+01
|    ( - -9.123e+02 2 0)
|    ( QUESTION12 1 -1.379e+03 6.987e+01 6.028e+00
|        ( - -4.027e+02 1 0)
|        ( QUESTION0_2_R 1 -9.066e+02 6.353e+01 4.001e+00
|            ( - -1.951e+02 1 0)
|            ( - -6.479e+02 1 0))))
s>    ( WDBNDRY_E 0 -2.363e+03 7.192e+01 1.003e+01
s>        ( - -9.123e+02 2 0)
s>        ( QUESTION12 1 -1.379e+03 6.987e+01 6.028e+00
s>            ( - -4.027e+02 1 0)
s>            ( QUESTION0_2_R 1 -9.066e+02 6.353e+01 4.001e+00
s>                ( - -1.951e+02 1 0)
s>                ( - -6.479e+02 1 0))))INFO: dtree.c(1315): Comp split 54
INFO: dtree.c(1315): Comp split 55
INFO: dtree.c(1439): stop. leaf nodes are specific
INFO: dtree.c(1478): Final simple tree
|( WDBNDRY_E 0 -1.481e+03 6.408e+01 5.996e+00
|    ( - -2.544e+02 1 0)
|    ( QUESTION0_9_R 1 -1.162e+03 6.622e+01 4.992e+00
|        ( - -7.039e+02 2 0)
|        ( - -3.921e+02 1 0)))
s>    ( WDBNDRY_E 0 -1.481e+03 6.408e+01 5.996e+00
s>        ( - -2.544e+02 1 0)
s>        ( QUESTION0_9_R 1 -1.162e+03 6.622e+01 4.992e+00
s>            ( - -7.039e+02 2 0)
s>            ( - -3.921e+02 1 0)))INFO: dtree.c(1439): stop. leaf nodes are specific
INFO: dtree.c(1478): Final simple tree
|( WDBNDRY_B 0 -1.657e+03 8.901e+01 7.976e+00
|    ( - -3.588e+02 1 0)
|    ( - -1.209e+03 1 0))
s>    ( WDBNDRY_B 0 -1.657e+03 8.901e+01 7.976e+00
s>        ( - -3.588e+02 1 0)
s>        ( - -1.209e+03 1 0))INFO: dtree.c(1315): Comp split 56
INFO: dtree.c(1439): stop. leaf nodes are specific
INFO: dtree.c(1478): Final simple tree
|( QUESTION0 -1 -1.097e+03 5.732e+01 4.000e+00
|    ( - -2.396e+02 1 0)
|    ( - -8.002e+02 3 0))
s>    ( QUESTION0 -1 -1.097e+03 5.732e+01 4.000e+00
s>        ( - -2.396e+02 1 0)
s>        ( - -8.002e+02 3 0))INFO: dtree.c(1315): Comp split 57
INFO: dtree.c(1315): Comp split 58
INFO: dtree.c(1315): Comp split 59
INFO: dtree.c(1315): Comp split 60
INFO: dtree.c(1315): Comp split 61
INFO: dtree.c(1439): stop. leaf nodes are specific
INFO: dtree.c(1478): Final simple tree
|( WDBNDRY_B 0 -9.607e+02 6.114e+01 4.000e+00
|    ( QUESTION0_3_R 1 -4.489e+02 7.691e+01 2.000e+00
|        ( - -1.663e+02 1 0)
|        ( - -2.057e+02 1 0))
|    ( - -4.507e+02 1 0))
s>    ( WDBNDRY_B 0 -9.607e+02 6.114e+01 4.000e+00
s>        ( QUESTION0_3_R 1 -4.489e+02 7.691e+01 2.000e+00
s>            ( - -1.663e+02 1 0)
s>            ( - -2.057e+02 1 0))
s>        ( - -4.507e+02 1 0))INFO: dtree.c(1315): Comp split 62
INFO: dtree.c(1439): stop. leaf nodes are specific
INFO: dtree.c(1478): Final simple tree
|( WDBNDRY_B 0 -7.142e+02 5.787e+01 3.000e+00
|    ( - -2.057e+02 1 0)
|    ( - -4.507e+02 1 0))
s>    ( WDBNDRY_B 0 -7.142e+02 5.787e+01 3.000e+00
s>        ( - -2.057e+02 1 0)
s>        ( - -4.507e+02 1 0))INFO: dtree.c(1315): Comp split 63
INFO: dtree.c(1439): stop. leaf nodes are specific
INFO: dtree.c(1478): Final simple tree
|( QUESTION0 1 -3.302e+03 7.651e+01 1.391e+01
|    ( - -1.828e+02 1 0)
|    ( QUESTION0_2_R 1 -3.042e+03 6.935e+01 1.291e+01
|        ( - -2.792e+03 4 0)
|        ( - -1.813e+02 1 0)))
s>    ( QUESTION0 1 -3.302e+03 7.651e+01 1.391e+01
s>        ( - -1.828e+02 1 0)
s>        ( QUESTION0_2_R 1 -3.042e+03 6.935e+01 1.291e+01
s>            ( - -2.792e+03 4 0)
s>            ( - -1.813e+02 1 0)))INFO: dtree.c(1315): Comp split 64
INFO: dtree.c(1439): stop. leaf nodes are specific
INFO: dtree.c(1478): Final simple tree
|( QUESTION0_2_R 1 -3.042e+03 6.935e+01 1.291e+01
|    ( - -2.792e+03 4 0)
|    ( - -1.813e+02 1 0))
s>    ( QUESTION0_2_R 1 -3.042e+03 6.935e+01 1.291e+01
s>        ( - -2.792e+03 4 0)
s>        ( - -1.813e+02 1 0))INFO: dtree.c(1315): Comp split 65
INFO: dtree.c(1315): Comp split 66
INFO: dtree.c(1315): Comp split 67
INFO: dtree.c(1439): stop. leaf nodes are specific
INFO: dtree.c(1478): Final simple tree
|( QUESTION12 1 -1.379e+03 6.987e+01 6.028e+00
|    ( - -4.027e+02 1 0)
|    ( QUESTION0_2_R 1 -9.066e+02 6.353e+01 4.001e+00
|        ( - -1.951e+02 1 0)
|        ( - -6.479e+02 1 0)))
s>    ( QUESTION12 1 -1.379e+03 6.987e+01 6.028e+00
s>        ( - -4.027e+02 1 0)
s>        ( QUESTION0_2_R 1 -9.066e+02 6.353e+01 4.001e+00
s>            ( - -1.951e+02 1 0)
s>            ( - -6.479e+02 1 0)))INFO: dtree.c(1315): Comp split 68
INFO: dtree.c(1439): stop. leaf nodes are specific
INFO: dtree.c(1478): Final simple tree
|( QUESTION0_2_R 1 -9.066e+02 6.353e+01 4.001e+00
|    ( - -1.951e+02 1 0)
|    ( - -6.479e+02 1 0))
s>    ( QUESTION0_2_R 1 -9.066e+02 6.353e+01 4.001e+00
s>        ( - -1.951e+02 1 0)
s>        ( - -6.479e+02 1 0))INFO: dtree.c(1315): Comp split 69
INFO: dtree.c(1315): Comp split 70
INFO: dtree.c(1315): Comp split 71
INFO: dtree.c(1439): stop. leaf nodes are specific
INFO: dtree.c(1478): Final simple tree
|( WDBNDRY_E 0 -1.022e+03 6.390e+01 4.006e+00
|    ( - -2.544e+02 1 0)
|    ( - -7.039e+02 2 0))
s>    ( WDBNDRY_E 0 -1.022e+03 6.390e+01 4.006e+00
s>        ( - -2.544e+02 1 0)
s>        ( - -7.039e+02 2 0))INFO: dtree.c(1315): Comp split 72
INFO: dtree.c(1439): stop. leaf nodes are specific
INFO: dtree.c(1478): Final simple tree
|( QUESTION0_2_R 1 -9.400e+02 5.265e+01 4.249e+00
|    ( - -2.031e+02 1 0)
|    ( - -6.843e+02 1 0))
s>    ( QUESTION0_2_R 1 -9.400e+02 5.265e+01 4.249e+00
s>        ( - -2.031e+02 1 0)
s>        ( - -6.843e+02 1 0))INFO: dtree.c(1315): Comp split 73
INFO: dtree.c(1315): Comp split 74
INFO: dtree.c(1315): Comp split 75
INFO: dtree.c(1315): Comp split 76
INFO: dtree.c(1315): Comp split 77
INFO: dtree.c(1315): Comp split 78
INFO: dtree.c(1315): Comp split 79
INFO: dtree.c(1318): stop. leaf nodes are specific
Thu May  7 00:23:28 2020
