Current configuration:
[NAME]		[DEFLT]	[VALUE]
-allphones	no	no
-cntthresh	0.00001	1.000000e-05
-csplitmax	100	2000
-csplitmin	1	1
-csplitthr	8e-4	0.000000e+00
-example	no	no
-fullvar	no	no
-help		no	no
-meanfn			/home/abdy/Desktop/diploma/kg/model_parameters/kg.cd_cont_untied/means
-mixwfn			/home/abdy/Desktop/diploma/kg/model_parameters/kg.cd_cont_untied/mixture_weights
-moddeffn		/home/abdy/Desktop/diploma/kg/model_architecture/kg.untied.mdef
-mwfloor	1e-4	1.000000e-08
-phone			r
-psetfn			/home/abdy/Desktop/diploma/kg/model_architecture/kg.tree_questions
-ssplitmax	5	7
-ssplitmin	1	1
-ssplitthr	8e-4	0.000000e+00
-state			2
-stwt			1.0,0.05,0.0,
-treefn			/home/abdy/Desktop/diploma/kg/trees/kg.unpruned/r-2.dtree
-ts2cbfn	.semi.	.cont.
-varfloor	0.00001	1.000000e-05
-varfn			/home/abdy/Desktop/diploma/kg/model_parameters/kg.cd_cont_untied/variances

INFO: main.c(223): Reading: /home/abdy/Desktop/diploma/kg/model_architecture/kg.untied.mdef
INFO: model_def_io.c(573): Model definition info:
INFO: model_def_io.c(574): 10297 total models defined (47 base, 10250 tri)
INFO: model_def_io.c(575): 41188 total states
INFO: model_def_io.c(576): 30891 total tied states
INFO: model_def_io.c(577): 141 total tied CI states
INFO: model_def_io.c(578): 47 total tied transition matrices
INFO: model_def_io.c(579): 4 max state/model
INFO: model_def_io.c(580): 4 min state/model
INFO: main.c(242): Building trees for [r SIL a b] through [r zh y i]
INFO: main.c(269): Covering states |[20328 21590]| == 1263
INFO: main.c(275): Reading: /home/abdy/Desktop/diploma/kg/model_parameters/kg.cd_cont_untied/mixture_weights
INFO: s3mixw_io.c(173): Read /home/abdy/Desktop/diploma/kg/model_parameters/kg.cd_cont_untied/mixture_weights [1263x1x1 array]
INFO: main.c(311): 120 of 421 models have observation count greater than 0.000010
INFO: main.c(95): nrm stwt: 0.000 0.048 0.952 
INFO: s3gau_io.c(169): Read /home/abdy/Desktop/diploma/kg/model_parameters/kg.cd_cont_untied/means [30891x1x1 array]
INFO: s3gau_io.c(169): Read /home/abdy/Desktop/diploma/kg/model_parameters/kg.cd_cont_untied/variances [30891x1x1 array]
INFO: main.c(549): Reading: /home/abdy/Desktop/diploma/kg/model_architecture/kg.tree_questions
INFO: main.c(588): 174 total simple questions (166 phone; 8 word bndry)
INFO: main.c(590): 40 Left Only questions, and 42 Right Only questions
INFO: dtree.c(1478): Final simple tree
|( SILENCE 1 -1.485e+05 1.573e+03 6.224e+02
|    ( QUESTION11 -1 -2.514e+04 3.764e+02 1.155e+02
|        ( - -1.409e+04 1 0)
|        ( - -1.067e+04 2 0))
|    ( QUESTION0_2_R 1 -1.218e+05 5.935e+02 5.069e+02
|        ( WDBNDRY_E 0 -5.205e+04 5.233e+02 2.188e+02
|            ( QUESTION2_2_L -1 -1.180e+04 4.826e+02 5.089e+01
|                ( - 2.424e+02 1 0)
|                ( QUESTION0 -1 -1.156e+04 4.792e+02 4.989e+01
|                    ( - 2.423e+02 1 0)
|                    ( - -1.132e+04 6 0 QUESTION11 -1 1.937e+02 4.889e+01)))
|            ( QUESTION16 -1 -3.972e+04 4.820e+02 1.679e+02
|                ( - 2.422e+02 1 0)
|                ( - -3.948e+04 40 0 QUESTION0_5_R 1 2.657e+02 1.669e+02)))
|        ( - -6.914e+04 68 0 QUESTION4 1 2.669e+02 2.881e+02)))
s>    ( SILENCE 1 -1.485e+05 1.573e+03 6.224e+02
s>        ( QUESTION11 -1 -2.514e+04 3.764e+02 1.155e+02
s>            ( - -1.409e+04 1 0)
s>            ( - -1.067e+04 2 0))
s>        ( QUESTION0_2_R 1 -1.218e+05 5.935e+02 5.069e+02
s>            ( WDBNDRY_E 0 -5.205e+04 5.233e+02 2.188e+02
s>                ( QUESTION2_2_L -1 -1.180e+04 4.826e+02 5.089e+01
s>                    ( - 2.424e+02 1 0)
s>                    ( QUESTION0 -1 -1.156e+04 4.792e+02 4.989e+01
s>                        ( - 2.423e+02 1 0)
s>                        ( - -1.132e+04 6 0 QUESTION11 -1 1.937e+02 4.889e+01)))
s>                ( QUESTION16 -1 -3.972e+04 4.820e+02 1.679e+02
s>                    ( - 2.422e+02 1 0)
s>                    ( - -3.948e+04 40 0 QUESTION0_5_R 1 2.657e+02 1.669e+02)))
s>            ( - -6.914e+04 68 0 QUESTION4 1 2.669e+02 2.881e+02)))INFO: dtree.c(1315): Comp split 0
INFO: dtree.c(1439): stop. leaf nodes are specific
INFO: dtree.c(1478): Final simple tree
|( SILENCE 1 -3.694e+04 4.827e+02 1.644e+02
|    ( QUESTION11 -1 -2.514e+04 3.764e+02 1.155e+02
|        ( - -1.409e+04 1 0)
|        ( - -1.067e+04 2 0))
|    ( QUESTION11 -1 -1.132e+04 1.937e+02 4.889e+01
|        ( QUESTION0_3_R 1 -6.741e+03 1.519e+02 2.992e+01
|            ( - -5.478e+03 2 0)
|            ( - -1.111e+03 1 0))
|        ( QUESTION0_3_R 1 -4.390e+03 4.796e+02 1.897e+01
|            ( - -4.153e+03 2 0)
|            ( - 2.429e+02 1 0))))
s>    ( SILENCE 1 -3.694e+04 4.827e+02 1.644e+02
s>        ( QUESTION11 -1 -2.514e+04 3.764e+02 1.155e+02
s>            ( - -1.409e+04 1 0)
s>            ( - -1.067e+04 2 0))
s>        ( QUESTION11 -1 -1.132e+04 1.937e+02 4.889e+01
s>            ( QUESTION0_3_R 1 -6.741e+03 1.519e+02 2.992e+01
s>                ( - -5.478e+03 2 0)
s>                ( - -1.111e+03 1 0))
s>            ( QUESTION0_3_R 1 -4.390e+03 4.796e+02 1.897e+01
s>                ( - -4.153e+03 2 0)
s>                ( - 2.429e+02 1 0))))INFO: dtree.c(1478): Final simple tree
|( QUESTION0_8_R 1 -1.100e+05 6.511e+02 4.580e+02
|    ( QUESTION0_9_R 1 -6.530e+04 2.475e+02 2.719e+02
|        ( - -2.191e+04 20 0 QUESTION11 -1 1.354e+02 9.240e+01)
|        ( QUESTION3 1 -4.314e+04 2.061e+02 1.795e+02
|            ( - -2.689e+02 1 0)
|            ( QUESTION0_20_R 1 -4.267e+04 1.829e+02 1.775e+02
|                ( - -7.656e+03 10 0 QUESTION2_3_L -1 1.110e+02 3.201e+01)
|                ( QUESTION5 1 -3.483e+04 1.879e+02 1.455e+02
|                    ( - -1.618e+04 11 0 WDBNDRY_E 0 1.538e+02 6.910e+01)
|                    ( - -1.846e+04 21 0 QUESTION0_14_R 1 1.441e+02 7.644e+01)))))
|    ( QUESTION16 -1 -4.401e+04 4.812e+02 1.861e+02
|        ( - 2.422e+02 1 0)
|        ( QUESTION0_5_R 1 -4.377e+04 2.660e+02 1.851e+02
|            ( - -1.035e+04 14 0 QUESTION9 -1 1.082e+02 4.406e+01)
|            ( - -3.315e+04 33 0 QUESTION0_4_R 1 1.658e+02 1.410e+02))))
s>    ( QUESTION0_8_R 1 -1.100e+05 6.511e+02 4.580e+02
s>        ( QUESTION0_9_R 1 -6.530e+04 2.475e+02 2.719e+02
s>            ( - -2.191e+04 20 0 QUESTION11 -1 1.354e+02 9.240e+01)
s>            ( QUESTION3 1 -4.314e+04 2.061e+02 1.795e+02
s>                ( - -2.689e+02 1 0)
s>                ( QUESTION0_20_R 1 -4.267e+04 1.829e+02 1.775e+02
s>                    ( - -7.656e+03 10 0 QUESTION2_3_L -1 1.110e+02 3.201e+01)
s>                    ( QUESTION5 1 -3.483e+04 1.879e+02 1.455e+02
s>                        ( - -1.618e+04 11 0 WDBNDRY_E 0 1.538e+02 6.910e+01)
s>                        ( - -1.846e+04 21 0 QUESTION0_14_R 1 1.441e+02 7.644e+01)))))
s>        ( QUESTION16 -1 -4.401e+04 4.812e+02 1.861e+02
s>            ( - 2.422e+02 1 0)
s>            ( QUESTION0_5_R 1 -4.377e+04 2.660e+02 1.851e+02
s>                ( - -1.035e+04 14 0 QUESTION9 -1 1.082e+02 4.406e+01)
s>                ( - -3.315e+04 33 0 QUESTION0_4_R 1 1.658e+02 1.410e+02))))INFO: dtree.c(1315): Comp split 1
INFO: dtree.c(1478): Final simple tree
|( QUESTION0_5_R 1 -4.377e+04 2.660e+02 1.851e+02
|    ( - -1.035e+04 14 0 QUESTION9 -1 1.082e+02 4.406e+01)
|    ( QUESTION0_4_R 1 -3.315e+04 1.658e+02 1.410e+02
|        ( - -1.460e+04 10 0 QUESTION11 -1 1.159e+02 6.187e+01)
|        ( QUESTION2_2_L -1 -1.839e+04 4.704e+02 7.913e+01
|            ( - 2.424e+02 1 0)
|            ( WDBNDRY_E 0 -1.816e+04 4.692e+02 7.813e+01
|                ( - 2.423e+02 1 0)
|                ( QUESTION13 -1 -1.794e+04 1.463e+02 7.713e+01
|                    ( QUESTION0_0_R 1 -1.656e+03 1.720e+02 7.527e+00
|                        ( - -5.129e+02 1 0)
|                        ( - -9.713e+02 1 0))
|                    ( QUESTION11 1 -1.613e+04 1.408e+02 6.960e+01
|                        ( - -8.025e+03 6 0 QUESTION11 -1 9.736e+01 3.532e+01)
|                        ( - -7.966e+03 13 0 QUESTION9 -1 4.770e+02 3.428e+01)))))))
s>    ( QUESTION0_5_R 1 -4.377e+04 2.660e+02 1.851e+02
s>        ( - -1.035e+04 14 0 QUESTION9 -1 1.082e+02 4.406e+01)
s>        ( QUESTION0_4_R 1 -3.315e+04 1.658e+02 1.410e+02
s>            ( - -1.460e+04 10 0 QUESTION11 -1 1.159e+02 6.187e+01)
s>            ( QUESTION2_2_L -1 -1.839e+04 4.704e+02 7.913e+01
s>                ( - 2.424e+02 1 0)
s>                ( WDBNDRY_E 0 -1.816e+04 4.692e+02 7.813e+01
s>                    ( - 2.423e+02 1 0)
s>                    ( QUESTION13 -1 -1.794e+04 1.463e+02 7.713e+01
s>                        ( QUESTION0_0_R 1 -1.656e+03 1.720e+02 7.527e+00
s>                            ( - -5.129e+02 1 0)
s>                            ( - -9.713e+02 1 0))
s>                        ( QUESTION11 1 -1.613e+04 1.408e+02 6.960e+01
s>                            ( - -8.025e+03 6 0 QUESTION11 -1 9.736e+01 3.532e+01)
s>                            ( - -7.966e+03 13 0 QUESTION9 -1 4.770e+02 3.428e+01)))))))INFO: dtree.c(1478): Final simple tree
|( QUESTION0_2_R 1 -6.554e+04 4.768e+02 2.729e+02
|    ( - 2.422e+02 1 0)
|    ( QUESTION0_9_R 1 -6.530e+04 2.475e+02 2.719e+02
|        ( - -2.191e+04 20 0 QUESTION11 -1 1.354e+02 9.240e+01)
|        ( QUESTION3 1 -4.314e+04 2.061e+02 1.795e+02
|            ( - -2.689e+02 1 0)
|            ( QUESTION0_20_R 1 -4.267e+04 1.829e+02 1.775e+02
|                ( - -7.656e+03 10 0 QUESTION2_3_L -1 1.110e+02 3.201e+01)
|                ( QUESTION5 1 -3.483e+04 1.879e+02 1.455e+02
|                    ( WDBNDRY_E 0 -1.618e+04 1.538e+02 6.910e+01
|                        ( - -1.429e+03 3 0 QUESTION11 -1 7.389e+01 6.020e+00)
|                        ( - -1.459e+04 8 0 QUESTION11 -1 1.429e+02 6.308e+01))
|                    ( QUESTION0_14_R 1 -1.846e+04 1.441e+02 7.644e+01
|                        ( - -6.237e+03 5 0 QUESTION2_1_L -1 1.425e+02 2.645e+01)
|                        ( - -1.208e+04 16 0 QUESTION0_17_R 1 1.310e+02 4.999e+01)))))))
s>    ( QUESTION0_2_R 1 -6.554e+04 4.768e+02 2.729e+02
s>        ( - 2.422e+02 1 0)
s>        ( QUESTION0_9_R 1 -6.530e+04 2.475e+02 2.719e+02
s>            ( - -2.191e+04 20 0 QUESTION11 -1 1.354e+02 9.240e+01)
s>            ( QUESTION3 1 -4.314e+04 2.061e+02 1.795e+02
s>                ( - -2.689e+02 1 0)
s>                ( QUESTION0_20_R 1 -4.267e+04 1.829e+02 1.775e+02
s>                    ( - -7.656e+03 10 0 QUESTION2_3_L -1 1.110e+02 3.201e+01)
s>                    ( QUESTION5 1 -3.483e+04 1.879e+02 1.455e+02
s>                        ( WDBNDRY_E 0 -1.618e+04 1.538e+02 6.910e+01
s>                            ( - -1.429e+03 3 0 QUESTION11 -1 7.389e+01 6.020e+00)
s>                            ( - -1.459e+04 8 0 QUESTION11 -1 1.429e+02 6.308e+01))
s>                        ( QUESTION0_14_R 1 -1.846e+04 1.441e+02 7.644e+01
s>                            ( - -6.237e+03 5 0 QUESTION2_1_L -1 1.425e+02 2.645e+01)
s>                            ( - -1.208e+04 16 0 QUESTION0_17_R 1 1.310e+02 4.999e+01)))))))INFO: dtree.c(1315): Comp split 2
INFO: dtree.c(1439): stop. leaf nodes are specific
INFO: dtree.c(1478): Final simple tree
|( SILENCE 1 -2.227e+04 2.739e+02 9.774e+01
|    ( - -1.067e+04 2 0)
|    ( QUESTION11 -1 -1.132e+04 1.937e+02 4.889e+01
|        ( QUESTION0_3_R 1 -6.741e+03 1.519e+02 2.992e+01
|            ( - -5.478e+03 2 0)
|            ( - -1.111e+03 1 0))
|        ( QUESTION0_3_R 1 -4.390e+03 4.796e+02 1.897e+01
|            ( - -4.153e+03 2 0)
|            ( - 2.429e+02 1 0))))
s>    ( SILENCE 1 -2.227e+04 2.739e+02 9.774e+01
s>        ( - -1.067e+04 2 0)
s>        ( QUESTION11 -1 -1.132e+04 1.937e+02 4.889e+01
s>            ( QUESTION0_3_R 1 -6.741e+03 1.519e+02 2.992e+01
s>                ( - -5.478e+03 2 0)
s>                ( - -1.111e+03 1 0))
s>            ( QUESTION0_3_R 1 -4.390e+03 4.796e+02 1.897e+01
s>                ( - -4.153e+03 2 0)
s>                ( - 2.429e+02 1 0))))INFO: dtree.c(1315): Comp split 3
INFO: dtree.c(1439): stop. leaf nodes are specific
INFO: dtree.c(1478): Final simple tree
|( SILENCE 1 -2.203e+04 2.711e+02 9.674e+01
|    ( - -1.067e+04 2 0)
|    ( QUESTION11 -1 -1.109e+04 1.963e+02 4.789e+01
|        ( QUESTION0_3_R 1 -6.741e+03 1.519e+02 2.992e+01
|            ( - -5.478e+03 2 0)
|            ( - -1.111e+03 1 0))
|        ( - -4.153e+03 2 0)))
s>    ( SILENCE 1 -2.203e+04 2.711e+02 9.674e+01
s>        ( - -1.067e+04 2 0)
s>        ( QUESTION11 -1 -1.109e+04 1.963e+02 4.789e+01
s>            ( QUESTION0_3_R 1 -6.741e+03 1.519e+02 2.992e+01
s>                ( - -5.478e+03 2 0)
s>                ( - -1.111e+03 1 0))
s>            ( - -4.153e+03 2 0)))INFO: dtree.c(1315): Comp split 4
INFO: dtree.c(1478): Final simple tree
|( QUESTION0_9_R 1 -6.530e+04 2.475e+02 2.719e+02
|    ( - -2.191e+04 20 0 QUESTION11 -1 1.354e+02 9.240e+01)
|    ( QUESTION3 1 -4.314e+04 2.061e+02 1.795e+02
|        ( - -2.689e+02 1 0)
|        ( QUESTION0_20_R 1 -4.267e+04 1.829e+02 1.775e+02
|            ( - -7.656e+03 10 0 QUESTION2_3_L -1 1.110e+02 3.201e+01)
|            ( QUESTION5 1 -3.483e+04 1.879e+02 1.455e+02
|                ( WDBNDRY_E 0 -1.618e+04 1.538e+02 6.910e+01
|                    ( - -1.429e+03 3 0 QUESTION11 -1 7.389e+01 6.020e+00)
|                    ( QUESTION11 -1 -1.459e+04 1.429e+02 6.308e+01
|                        ( - -8.154e+03 3 0)
|                        ( - -6.298e+03 5 0 QUESTION2_1_L -1 9.428e+01 2.706e+01)))
|                ( QUESTION0_14_R 1 -1.846e+04 1.441e+02 7.644e+01
|                    ( - -6.237e+03 5 0 QUESTION2_1_L -1 1.425e+02 2.645e+01)
|                    ( - -1.208e+04 16 0 QUESTION0_17_R 1 1.310e+02 4.999e+01))))))
s>    ( QUESTION0_9_R 1 -6.530e+04 2.475e+02 2.719e+02
s>        ( - -2.191e+04 20 0 QUESTION11 -1 1.354e+02 9.240e+01)
s>        ( QUESTION3 1 -4.314e+04 2.061e+02 1.795e+02
s>            ( - -2.689e+02 1 0)
s>            ( QUESTION0_20_R 1 -4.267e+04 1.829e+02 1.775e+02
s>                ( - -7.656e+03 10 0 QUESTION2_3_L -1 1.110e+02 3.201e+01)
s>                ( QUESTION5 1 -3.483e+04 1.879e+02 1.455e+02
s>                    ( WDBNDRY_E 0 -1.618e+04 1.538e+02 6.910e+01
s>                        ( - -1.429e+03 3 0 QUESTION11 -1 7.389e+01 6.020e+00)
s>                        ( QUESTION11 -1 -1.459e+04 1.429e+02 6.308e+01
s>                            ( - -8.154e+03 3 0)
s>                            ( - -6.298e+03 5 0 QUESTION2_1_L -1 9.428e+01 2.706e+01)))
s>                    ( QUESTION0_14_R 1 -1.846e+04 1.441e+02 7.644e+01
s>                        ( - -6.237e+03 5 0 QUESTION2_1_L -1 1.425e+02 2.645e+01)
s>                        ( - -1.208e+04 16 0 QUESTION0_17_R 1 1.310e+02 4.999e+01))))))INFO: dtree.c(1315): Comp split 5
INFO: dtree.c(1478): Final simple tree
|( WDBNDRY_E 0 -4.354e+04 4.695e+02 1.841e+02
|    ( - 2.423e+02 1 0)
|    ( QUESTION0_5_R 1 -4.331e+04 2.638e+02 1.831e+02
|        ( - -1.035e+04 14 0 QUESTION9 -1 1.082e+02 4.406e+01)
|        ( QUESTION0_4_R 1 -3.270e+04 1.647e+02 1.390e+02
|            ( - -1.460e+04 10 0 QUESTION11 -1 1.159e+02 6.187e+01)
|            ( QUESTION13 -1 -1.794e+04 1.463e+02 7.713e+01
|                ( QUESTION0_0_R 1 -1.656e+03 1.720e+02 7.527e+00
|                    ( - -5.129e+02 1 0)
|                    ( - -9.713e+02 1 0))
|                ( QUESTION11 1 -1.613e+04 1.408e+02 6.960e+01
|                    ( - -8.025e+03 6 0 QUESTION11 -1 9.736e+01 3.532e+01)
|                    ( QUESTION9 -1 -7.966e+03 4.770e+02 3.428e+01
|                        ( - 2.411e+02 1 0)
|                        ( - -7.731e+03 12 0 QUESTION0_0_R 1 7.844e+01 3.328e+01)))))))
s>    ( WDBNDRY_E 0 -4.354e+04 4.695e+02 1.841e+02
s>        ( - 2.423e+02 1 0)
s>        ( QUESTION0_5_R 1 -4.331e+04 2.638e+02 1.831e+02
s>            ( - -1.035e+04 14 0 QUESTION9 -1 1.082e+02 4.406e+01)
s>            ( QUESTION0_4_R 1 -3.270e+04 1.647e+02 1.390e+02
s>                ( - -1.460e+04 10 0 QUESTION11 -1 1.159e+02 6.187e+01)
s>                ( QUESTION13 -1 -1.794e+04 1.463e+02 7.713e+01
s>                    ( QUESTION0_0_R 1 -1.656e+03 1.720e+02 7.527e+00
s>                        ( - -5.129e+02 1 0)
s>                        ( - -9.713e+02 1 0))
s>                    ( QUESTION11 1 -1.613e+04 1.408e+02 6.960e+01
s>                        ( - -8.025e+03 6 0 QUESTION11 -1 9.736e+01 3.532e+01)
s>                        ( QUESTION9 -1 -7.966e+03 4.770e+02 3.428e+01
s>                            ( - 2.411e+02 1 0)
s>                            ( - -7.731e+03 12 0 QUESTION0_0_R 1 7.844e+01 3.328e+01)))))))INFO: dtree.c(1315): Comp split 6
INFO: dtree.c(1478): Final simple tree
|( WDBNDRY_E 0 -4.330e+04 4.694e+02 1.831e+02
|    ( - 2.423e+02 1 0)
|    ( QUESTION0_5_R 1 -4.307e+04 2.630e+02 1.821e+02
|        ( - -1.035e+04 14 0 QUESTION9 -1 1.082e+02 4.406e+01)
|        ( QUESTION0_4_R 1 -3.246e+04 1.631e+02 1.380e+02
|            ( QUESTION11 -1 -1.460e+04 1.159e+02 6.187e+01
|                ( - -6.930e+03 3 0 QUESTION2_2_L -1 1.155e+02 2.962e+01)
|                ( - -7.552e+03 7 0 QUESTION2_1_L -1 1.149e+02 3.225e+01))
|            ( QUESTION13 -1 -1.770e+04 1.467e+02 7.613e+01
|                ( QUESTION0_0_R 1 -1.656e+03 1.720e+02 7.527e+00
|                    ( - -5.129e+02 1 0)
|                    ( - -9.713e+02 1 0))
|                ( QUESTION11 1 -1.589e+04 1.365e+02 6.860e+01
|                    ( - -8.025e+03 6 0 QUESTION11 -1 9.736e+01 3.532e+01)
|                    ( - -7.731e+03 12 0 QUESTION0_0_R 1 7.844e+01 3.328e+01))))))
s>    ( WDBNDRY_E 0 -4.330e+04 4.694e+02 1.831e+02
s>        ( - 2.423e+02 1 0)
s>        ( QUESTION0_5_R 1 -4.307e+04 2.630e+02 1.821e+02
s>            ( - -1.035e+04 14 0 QUESTION9 -1 1.082e+02 4.406e+01)
s>            ( QUESTION0_4_R 1 -3.246e+04 1.631e+02 1.380e+02
s>                ( QUESTION11 -1 -1.460e+04 1.159e+02 6.187e+01
s>                    ( - -6.930e+03 3 0 QUESTION2_2_L -1 1.155e+02 2.962e+01)
s>                    ( - -7.552e+03 7 0 QUESTION2_1_L -1 1.149e+02 3.225e+01))
s>                ( QUESTION13 -1 -1.770e+04 1.467e+02 7.613e+01
s>                    ( QUESTION0_0_R 1 -1.656e+03 1.720e+02 7.527e+00
s>                        ( - -5.129e+02 1 0)
s>                        ( - -9.713e+02 1 0))
s>                    ( QUESTION11 1 -1.589e+04 1.365e+02 6.860e+01
s>                        ( - -8.025e+03 6 0 QUESTION11 -1 9.736e+01 3.532e+01)
s>                        ( - -7.731e+03 12 0 QUESTION0_0_R 1 7.844e+01 3.328e+01))))))INFO: dtree.c(1315): Comp split 7
INFO: dtree.c(1478): Final simple tree
|( QUESTION0_5_R 1 -4.307e+04 2.630e+02 1.821e+02
|    ( - -1.035e+04 14 0 QUESTION9 -1 1.082e+02 4.406e+01)
|    ( QUESTION0_4_R 1 -3.246e+04 1.631e+02 1.380e+02
|        ( QUESTION11 -1 -1.460e+04 1.159e+02 6.187e+01
|            ( QUESTION2_2_L -1 -6.930e+03 1.155e+02 2.962e+01
|                ( - -3.784e+02 1 0)
|                ( - -6.437e+03 2 0))
|            ( - -7.552e+03 7 0 QUESTION2_1_L -1 1.149e+02 3.225e+01))
|        ( QUESTION13 -1 -1.770e+04 1.467e+02 7.613e+01
|            ( QUESTION0_0_R 1 -1.656e+03 1.720e+02 7.527e+00
|                ( - -5.129e+02 1 0)
|                ( - -9.713e+02 1 0))
|            ( QUESTION11 1 -1.589e+04 1.365e+02 6.860e+01
|                ( - -8.025e+03 6 0 QUESTION11 -1 9.736e+01 3.532e+01)
|                ( - -7.731e+03 12 0 QUESTION0_0_R 1 7.844e+01 3.328e+01)))))
s>    ( QUESTION0_5_R 1 -4.307e+04 2.630e+02 1.821e+02
s>        ( - -1.035e+04 14 0 QUESTION9 -1 1.082e+02 4.406e+01)
s>        ( QUESTION0_4_R 1 -3.246e+04 1.631e+02 1.380e+02
s>            ( QUESTION11 -1 -1.460e+04 1.159e+02 6.187e+01
s>                ( QUESTION2_2_L -1 -6.930e+03 1.155e+02 2.962e+01
s>                    ( - -3.784e+02 1 0)
s>                    ( - -6.437e+03 2 0))
s>                ( - -7.552e+03 7 0 QUESTION2_1_L -1 1.149e+02 3.225e+01))
s>            ( QUESTION13 -1 -1.770e+04 1.467e+02 7.613e+01
s>                ( QUESTION0_0_R 1 -1.656e+03 1.720e+02 7.527e+00
s>                    ( - -5.129e+02 1 0)
s>                    ( - -9.713e+02 1 0))
s>                ( QUESTION11 1 -1.589e+04 1.365e+02 6.860e+01
s>                    ( - -8.025e+03 6 0 QUESTION11 -1 9.736e+01 3.532e+01)
s>                    ( - -7.731e+03 12 0 QUESTION0_0_R 1 7.844e+01 3.328e+01)))))INFO: dtree.c(1315): Comp split 8
INFO: dtree.c(1439): stop. leaf nodes are specific
INFO: dtree.c(1478): Final simple tree
|( QUESTION0_3_R 1 -5.360e+03 9.564e+01 2.297e+01
|    ( - -4.153e+03 2 0)
|    ( - -1.111e+03 1 0))
s>    ( QUESTION0_3_R 1 -5.360e+03 9.564e+01 2.297e+01
s>        ( - -4.153e+03 2 0)
s>        ( - -1.111e+03 1 0))INFO: dtree.c(1439): stop. leaf nodes are specific
INFO: dtree.c(1478): Final simple tree
|( SILENCE 1 -1.630e+04 1.453e+02 7.377e+01
|    ( - -1.067e+04 2 0)
|    ( - -5.478e+03 2 0))
s>    ( SILENCE 1 -1.630e+04 1.453e+02 7.377e+01
s>        ( - -1.067e+04 2 0)
s>        ( - -5.478e+03 2 0))INFO: dtree.c(1315): Comp split 9
INFO: dtree.c(1478): Final simple tree
|( QUESTION9 -1 -1.083e+04 1.086e+02 4.606e+01
|    ( - -5.817e+02 1 0)
|    ( QUESTION0_5_R 1 -1.014e+04 1.013e+02 4.306e+01
|        ( QUESTION0_6_R 1 -9.661e+03 9.202e+01 4.106e+01
|            ( QUESTION0 -1 -3.884e+03 8.653e+01 1.693e+01
|                ( - -1.873e+02 1 0)
|                ( WDBNDRY_B 0 -3.611e+03 7.411e+01 1.593e+01
|                    ( - -1.877e+02 1 0)
|                    ( - -3.349e+03 3 0)))
|            ( WDBNDRY_B 0 -5.684e+03 4.638e+02 2.413e+01
|                ( - 2.144e+02 1 0)
|                ( QUESTION11 -1 -5.435e+03 6.600e+01 2.313e+01
|                    ( - -1.905e+02 1 0)
|                    ( - -5.179e+03 6 0 QUESTION2_1_L -1 6.520e+01 2.213e+01))))
|        ( - -3.784e+02 1 0)))
s>    ( QUESTION9 -1 -1.083e+04 1.086e+02 4.606e+01
s>        ( - -5.817e+02 1 0)
s>        ( QUESTION0_5_R 1 -1.014e+04 1.013e+02 4.306e+01
s>            ( QUESTION0_6_R 1 -9.661e+03 9.202e+01 4.106e+01
s>                ( QUESTION0 -1 -3.884e+03 8.653e+01 1.693e+01
s>                    ( - -1.873e+02 1 0)
s>                    ( WDBNDRY_B 0 -3.611e+03 7.411e+01 1.593e+01
s>                        ( - -1.877e+02 1 0)
s>                        ( - -3.349e+03 3 0)))
s>                ( WDBNDRY_B 0 -5.684e+03 4.638e+02 2.413e+01
s>                    ( - 2.144e+02 1 0)
s>                    ( QUESTION11 -1 -5.435e+03 6.600e+01 2.313e+01
s>                        ( - -1.905e+02 1 0)
s>                        ( - -5.179e+03 6 0 QUESTION2_1_L -1 6.520e+01 2.213e+01))))
s>            ( - -3.784e+02 1 0)))INFO: dtree.c(1478): Final simple tree
|( QUESTION0_4_R 1 -3.196e+04 1.612e+02 1.360e+02
|    ( QUESTION2_2_L -1 -1.411e+04 1.251e+02 5.987e+01
|        ( - -3.594e+03 1 0)
|        ( QUESTION11 -1 -1.039e+04 1.083e+02 4.395e+01
|            ( - -6.437e+03 2 0)
|            ( - -3.843e+03 6 0 QUESTION19 1 8.546e+01 1.633e+01)))
|    ( QUESTION13 -1 -1.770e+04 1.467e+02 7.613e+01
|        ( QUESTION0_0_R 1 -1.656e+03 1.720e+02 7.527e+00
|            ( - -5.129e+02 1 0)
|            ( - -9.713e+02 1 0))
|        ( QUESTION11 1 -1.589e+04 1.365e+02 6.860e+01
|            ( QUESTION11 -1 -8.025e+03 9.736e+01 3.532e+01
|                ( - -4.966e+03 2 0)
|                ( - -2.962e+03 4 0 QUESTION0 -1 7.592e+01 1.303e+01))
|            ( - -7.731e+03 12 0 QUESTION0_0_R 1 7.844e+01 3.328e+01))))
s>    ( QUESTION0_4_R 1 -3.196e+04 1.612e+02 1.360e+02
s>        ( QUESTION2_2_L -1 -1.411e+04 1.251e+02 5.987e+01
s>            ( - -3.594e+03 1 0)
s>            ( QUESTION11 -1 -1.039e+04 1.083e+02 4.395e+01
s>                ( - -6.437e+03 2 0)
s>                ( - -3.843e+03 6 0 QUESTION19 1 8.546e+01 1.633e+01)))
s>        ( QUESTION13 -1 -1.770e+04 1.467e+02 7.613e+01
s>            ( QUESTION0_0_R 1 -1.656e+03 1.720e+02 7.527e+00
s>                ( - -5.129e+02 1 0)
s>                ( - -9.713e+02 1 0))
s>            ( QUESTION11 1 -1.589e+04 1.365e+02 6.860e+01
s>                ( QUESTION11 -1 -8.025e+03 9.736e+01 3.532e+01
s>                    ( - -4.966e+03 2 0)
s>                    ( - -2.962e+03 4 0 QUESTION0 -1 7.592e+01 1.303e+01))
s>                ( - -7.731e+03 12 0 QUESTION0_0_R 1 7.844e+01 3.328e+01))))INFO: dtree.c(1315): Comp split 10
INFO: dtree.c(1478): Final simple tree
|( QUESTION9 -1 -1.058e+04 1.092e+02 4.506e+01
|    ( - -5.817e+02 1 0)
|    ( QUESTION0_5_R 1 -9.889e+03 1.021e+02 4.206e+01
|        ( QUESTION0_6_R 1 -9.408e+03 8.886e+01 4.006e+01
|            ( QUESTION0 -1 -3.884e+03 8.653e+01 1.693e+01
|                ( - -1.873e+02 1 0)
|                ( WDBNDRY_B 0 -3.611e+03 7.411e+01 1.593e+01
|                    ( - -1.877e+02 1 0)
|                    ( - -3.349e+03 3 0)))
|            ( QUESTION11 -1 -5.435e+03 6.600e+01 2.313e+01
|                ( - -1.905e+02 1 0)
|                ( QUESTION2_1_L -1 -5.179e+03 6.520e+01 2.213e+01
|                    ( - -1.803e+02 1 0)
|                    ( - -4.933e+03 5 0))))
|        ( - -3.784e+02 1 0)))
s>    ( QUESTION9 -1 -1.058e+04 1.092e+02 4.506e+01
s>        ( - -5.817e+02 1 0)
s>        ( QUESTION0_5_R 1 -9.889e+03 1.021e+02 4.206e+01
s>            ( QUESTION0_6_R 1 -9.408e+03 8.886e+01 4.006e+01
s>                ( QUESTION0 -1 -3.884e+03 8.653e+01 1.693e+01
s>                    ( - -1.873e+02 1 0)
s>                    ( WDBNDRY_B 0 -3.611e+03 7.411e+01 1.593e+01
s>                        ( - -1.877e+02 1 0)
s>                        ( - -3.349e+03 3 0)))
s>                ( QUESTION11 -1 -5.435e+03 6.600e+01 2.313e+01
s>                    ( - -1.905e+02 1 0)
s>                    ( QUESTION2_1_L -1 -5.179e+03 6.520e+01 2.213e+01
s>                        ( - -1.803e+02 1 0)
s>                        ( - -4.933e+03 5 0))))
s>            ( - -3.784e+02 1 0)))INFO: dtree.c(1315): Comp split 11
INFO: dtree.c(1439): stop. leaf nodes are specific
INFO: dtree.c(1478): Final simple tree
|( QUESTION11 -1 -1.459e+04 1.429e+02 6.308e+01
|    ( - -8.154e+03 3 0)
|    ( QUESTION2_1_L -1 -6.298e+03 9.428e+01 2.706e+01
|        ( QUESTION2_2_L -1 -9.487e+02 7.796e+01 4.000e+00
|            ( - -2.093e+02 1 0)
|            ( - -6.615e+02 1 0))
|        ( - -5.255e+03 3 0)))
s>    ( QUESTION11 -1 -1.459e+04 1.429e+02 6.308e+01
s>        ( - -8.154e+03 3 0)
s>        ( QUESTION2_1_L -1 -6.298e+03 9.428e+01 2.706e+01
s>            ( QUESTION2_2_L -1 -9.487e+02 7.796e+01 4.000e+00
s>                ( - -2.093e+02 1 0)
s>                ( - -6.615e+02 1 0))
s>            ( - -5.255e+03 3 0)))INFO: dtree.c(1478): Final simple tree
|( QUESTION0_11_R 1 -5.046e+04 2.306e+02 2.089e+02
|    ( QUESTION3 1 -1.997e+04 2.066e+02 8.246e+01
|        ( - -2.689e+02 1 0)
|        ( QUESTION0_14_R 1 -1.950e+04 1.448e+02 8.046e+01
|            ( QUESTION2_1_L -1 -6.237e+03 1.425e+02 2.645e+01
|                ( WDBNDRY_E 0 -4.655e+03 1.448e+02 1.954e+01
|                    ( - -1.654e+03 2 0 QUESTION11 -1 9.246e+01 6.666e+00)
|                    ( - -2.857e+03 2 0 QUESTION11 -1 1.069e+02 1.288e+01))
|                ( - -1.439e+03 1 0))
|            ( - -1.311e+04 18 0 QUESTION0_17_R 1 1.287e+02 5.401e+01)))
|    ( QUESTION0_20_R 1 -3.026e+04 1.967e+02 1.264e+02
|        ( - -7.656e+03 10 0 QUESTION2_3_L -1 1.110e+02 3.201e+01)
|        ( QUESTION2_2_L -1 -2.240e+04 1.324e+02 9.440e+01
|            ( - -2.967e+03 2 0)
|            ( - -1.930e+04 19 0 QUESTION2 1 1.211e+02 8.146e+01))))
s>    ( QUESTION0_11_R 1 -5.046e+04 2.306e+02 2.089e+02
s>        ( QUESTION3 1 -1.997e+04 2.066e+02 8.246e+01
s>            ( - -2.689e+02 1 0)
s>            ( QUESTION0_14_R 1 -1.950e+04 1.448e+02 8.046e+01
s>                ( QUESTION2_1_L -1 -6.237e+03 1.425e+02 2.645e+01
s>                    ( WDBNDRY_E 0 -4.655e+03 1.448e+02 1.954e+01
s>                        ( - -1.654e+03 2 0 QUESTION11 -1 9.246e+01 6.666e+00)
s>                        ( - -2.857e+03 2 0 QUESTION11 -1 1.069e+02 1.288e+01))
s>                    ( - -1.439e+03 1 0))
s>                ( - -1.311e+04 18 0 QUESTION0_17_R 1 1.287e+02 5.401e+01)))
s>        ( QUESTION0_20_R 1 -3.026e+04 1.967e+02 1.264e+02
s>            ( - -7.656e+03 10 0 QUESTION2_3_L -1 1.110e+02 3.201e+01)
s>            ( QUESTION2_2_L -1 -2.240e+04 1.324e+02 9.440e+01
s>                ( - -2.967e+03 2 0)
s>                ( - -1.930e+04 19 0 QUESTION2 1 1.211e+02 8.146e+01))))INFO: dtree.c(1315): Comp split 12
INFO: dtree.c(1478): Final simple tree
|( QUESTION0_20_R 1 -3.183e+04 1.945e+02 1.333e+02
|    ( QUESTION2_3_L -1 -7.656e+03 1.110e+02 3.201e+01
|        ( WDBNDRY_E 0 -2.605e+03 4.741e+02 1.130e+01
|            ( - -2.347e+03 3 0 QUESTION11 -1 6.931e+01 1.030e+01)
|            ( - 2.158e+02 1 0))
|        ( - -4.940e+03 6 0 QUESTION0 1 9.499e+01 2.071e+01))
|    ( QUESTION2_2_L -1 -2.398e+04 1.350e+02 1.013e+02
|        ( - -2.967e+03 2 0)
|        ( QUESTION0_11_R 1 -2.087e+04 1.291e+02 8.837e+01
|            ( - -1.439e+03 1 0)
|            ( QUESTION2 1 -1.930e+04 1.211e+02 8.146e+01
|                ( - -8.467e+02 1 0)
|                ( QUESTION11 -1 -1.834e+04 1.215e+02 7.739e+01
|                    ( - -5.208e+03 4 0 WDBNDRY_E 0 9.285e+01 2.247e+01)
|                    ( - -1.301e+04 14 0 WDBNDRY_E 0 9.291e+01 5.492e+01))))))
s>    ( QUESTION0_20_R 1 -3.183e+04 1.945e+02 1.333e+02
s>        ( QUESTION2_3_L -1 -7.656e+03 1.110e+02 3.201e+01
s>            ( WDBNDRY_E 0 -2.605e+03 4.741e+02 1.130e+01
s>                ( - -2.347e+03 3 0 QUESTION11 -1 6.931e+01 1.030e+01)
s>                ( - 2.158e+02 1 0))
s>            ( - -4.940e+03 6 0 QUESTION0 1 9.499e+01 2.071e+01))
s>        ( QUESTION2_2_L -1 -2.398e+04 1.350e+02 1.013e+02
s>            ( - -2.967e+03 2 0)
s>            ( QUESTION0_11_R 1 -2.087e+04 1.291e+02 8.837e+01
s>                ( - -1.439e+03 1 0)
s>                ( QUESTION2 1 -1.930e+04 1.211e+02 8.146e+01
s>                    ( - -8.467e+02 1 0)
s>                    ( QUESTION11 -1 -1.834e+04 1.215e+02 7.739e+01
s>                        ( - -5.208e+03 4 0 WDBNDRY_E 0 9.285e+01 2.247e+01)
s>                        ( - -1.301e+04 14 0 WDBNDRY_E 0 9.291e+01 5.492e+01))))))INFO: dtree.c(1478): Final simple tree
|( QUESTION3 1 -1.839e+04 2.076e+02 7.555e+01
|    ( - -2.689e+02 1 0)
|    ( QUESTION0_14_R 1 -1.791e+04 1.444e+02 7.355e+01
|        ( WDBNDRY_E 0 -4.655e+03 1.448e+02 1.954e+01
|            ( - -1.654e+03 2 0 QUESTION11 -1 9.246e+01 6.666e+00)
|            ( QUESTION11 -1 -2.857e+03 1.069e+02 1.288e+01
|                ( - -2.126e+03 1 0)
|                ( - -6.238e+02 1 0)))
|        ( QUESTION0_17_R 1 -1.311e+04 1.287e+02 5.401e+01
|            ( - -4.096e+02 1 0)
|            ( QUESTION0_16_R 1 -1.257e+04 1.129e+02 5.201e+01
|                ( - -1.546e+03 2 0 QUESTION11 -1 6.808e+01 7.014e+00)
|                ( QUESTION0_12_R 1 -1.092e+04 9.690e+01 4.500e+01
|                    ( - -9.390e+03 12 0 QUESTION2_1_L -1 1.012e+02 3.898e+01)
|                    ( - -1.429e+03 3 0 QUESTION11 -1 7.389e+01 6.020e+00))))))
s>    ( QUESTION3 1 -1.839e+04 2.076e+02 7.555e+01
s>        ( - -2.689e+02 1 0)
s>        ( QUESTION0_14_R 1 -1.791e+04 1.444e+02 7.355e+01
s>            ( WDBNDRY_E 0 -4.655e+03 1.448e+02 1.954e+01
s>                ( - -1.654e+03 2 0 QUESTION11 -1 9.246e+01 6.666e+00)
s>                ( QUESTION11 -1 -2.857e+03 1.069e+02 1.288e+01
s>                    ( - -2.126e+03 1 0)
s>                    ( - -6.238e+02 1 0)))
s>            ( QUESTION0_17_R 1 -1.311e+04 1.287e+02 5.401e+01
s>                ( - -4.096e+02 1 0)
s>                ( QUESTION0_16_R 1 -1.257e+04 1.129e+02 5.201e+01
s>                    ( - -1.546e+03 2 0 QUESTION11 -1 6.808e+01 7.014e+00)
s>                    ( QUESTION0_12_R 1 -1.092e+04 9.690e+01 4.500e+01
s>                        ( - -9.390e+03 12 0 QUESTION2_1_L -1 1.012e+02 3.898e+01)
s>                        ( - -1.429e+03 3 0 QUESTION11 -1 7.389e+01 6.020e+00))))))INFO: dtree.c(1315): Comp split 13
INFO: dtree.c(1478): Final simple tree
|( QUESTION0_20_R 1 -3.156e+04 1.925e+02 1.323e+02
|    ( QUESTION2_3_L -1 -7.394e+03 1.073e+02 3.101e+01
|        ( - -2.347e+03 3 0 QUESTION11 -1 6.931e+01 1.030e+01)
|        ( QUESTION0 1 -4.940e+03 9.499e+01 2.071e+01
|            ( - -3.978e+03 4 0 WDBNDRY_E 0 9.009e+01 1.671e+01)
|            ( - -8.674e+02 2 0 QUESTION2_1_L -1 1.138e+02 4.000e+00)))
|    ( QUESTION2_2_L -1 -2.398e+04 1.350e+02 1.013e+02
|        ( - -2.967e+03 2 0)
|        ( QUESTION0_11_R 1 -2.087e+04 1.291e+02 8.837e+01
|            ( - -1.439e+03 1 0)
|            ( QUESTION2 1 -1.930e+04 1.211e+02 8.146e+01
|                ( - -8.467e+02 1 0)
|                ( QUESTION11 -1 -1.834e+04 1.215e+02 7.739e+01
|                    ( - -5.208e+03 4 0 WDBNDRY_E 0 9.285e+01 2.247e+01)
|                    ( - -1.301e+04 14 0 WDBNDRY_E 0 9.291e+01 5.492e+01))))))
s>    ( QUESTION0_20_R 1 -3.156e+04 1.925e+02 1.323e+02
s>        ( QUESTION2_3_L -1 -7.394e+03 1.073e+02 3.101e+01
s>            ( - -2.347e+03 3 0 QUESTION11 -1 6.931e+01 1.030e+01)
s>            ( QUESTION0 1 -4.940e+03 9.499e+01 2.071e+01
s>                ( - -3.978e+03 4 0 WDBNDRY_E 0 9.009e+01 1.671e+01)
s>                ( - -8.674e+02 2 0 QUESTION2_1_L -1 1.138e+02 4.000e+00)))
s>        ( QUESTION2_2_L -1 -2.398e+04 1.350e+02 1.013e+02
s>            ( - -2.967e+03 2 0)
s>            ( QUESTION0_11_R 1 -2.087e+04 1.291e+02 8.837e+01
s>                ( - -1.439e+03 1 0)
s>                ( QUESTION2 1 -1.930e+04 1.211e+02 8.146e+01
s>                    ( - -8.467e+02 1 0)
s>                    ( QUESTION11 -1 -1.834e+04 1.215e+02 7.739e+01
s>                        ( - -5.208e+03 4 0 WDBNDRY_E 0 9.285e+01 2.247e+01)
s>                        ( - -1.301e+04 14 0 WDBNDRY_E 0 9.291e+01 5.492e+01))))))INFO: dtree.c(1315): Comp split 14
INFO: dtree.c(1478): Final simple tree
|( QUESTION0_14_R 1 -1.791e+04 1.444e+02 7.355e+01
|    ( WDBNDRY_E 0 -4.655e+03 1.448e+02 1.954e+01
|        ( - -1.654e+03 2 0 QUESTION11 -1 9.246e+01 6.666e+00)
|        ( QUESTION11 -1 -2.857e+03 1.069e+02 1.288e+01
|            ( - -2.126e+03 1 0)
|            ( - -6.238e+02 1 0)))
|    ( QUESTION0_17_R 1 -1.311e+04 1.287e+02 5.401e+01
|        ( - -4.096e+02 1 0)
|        ( QUESTION0_16_R 1 -1.257e+04 1.129e+02 5.201e+01
|            ( - -1.546e+03 2 0 QUESTION11 -1 6.808e+01 7.014e+00)
|            ( QUESTION0_12_R 1 -1.092e+04 9.690e+01 4.500e+01
|                ( QUESTION2_1_L -1 -9.390e+03 1.012e+02 3.898e+01
|                    ( - -4.528e+03 6 0 WDBNDRY_E 0 9.269e+01 1.898e+01)
|                    ( - -4.760e+03 6 0 WDBNDRY_E 0 7.878e+01 2.000e+01))
|                ( - -1.429e+03 3 0 QUESTION11 -1 7.389e+01 6.020e+00)))))
s>    ( QUESTION0_14_R 1 -1.791e+04 1.444e+02 7.355e+01
s>        ( WDBNDRY_E 0 -4.655e+03 1.448e+02 1.954e+01
s>            ( - -1.654e+03 2 0 QUESTION11 -1 9.246e+01 6.666e+00)
s>            ( QUESTION11 -1 -2.857e+03 1.069e+02 1.288e+01
s>                ( - -2.126e+03 1 0)
s>                ( - -6.238e+02 1 0)))
s>        ( QUESTION0_17_R 1 -1.311e+04 1.287e+02 5.401e+01
s>            ( - -4.096e+02 1 0)
s>            ( QUESTION0_16_R 1 -1.257e+04 1.129e+02 5.201e+01
s>                ( - -1.546e+03 2 0 QUESTION11 -1 6.808e+01 7.014e+00)
s>                ( QUESTION0_12_R 1 -1.092e+04 9.690e+01 4.500e+01
s>                    ( QUESTION2_1_L -1 -9.390e+03 1.012e+02 3.898e+01
s>                        ( - -4.528e+03 6 0 WDBNDRY_E 0 9.269e+01 1.898e+01)
s>                        ( - -4.760e+03 6 0 WDBNDRY_E 0 7.878e+01 2.000e+01))
s>                    ( - -1.429e+03 3 0 QUESTION11 -1 7.389e+01 6.020e+00)))))INFO: dtree.c(1315): Comp split 15
INFO: dtree.c(1478): Final simple tree
|( QUESTION0_4_R 1 -3.124e+04 1.633e+02 1.330e+02
|    ( QUESTION2_2_L -1 -1.411e+04 1.251e+02 5.987e+01
|        ( - -3.594e+03 1 0)
|        ( QUESTION11 -1 -1.039e+04 1.083e+02 4.395e+01
|            ( - -6.437e+03 2 0)
|            ( - -3.843e+03 6 0 QUESTION19 1 8.546e+01 1.633e+01)))
|    ( QUESTION11 -1 -1.697e+04 1.133e+02 7.313e+01
|        ( - -6.368e+03 4 0 QUESTION11 1 9.721e+01 2.830e+01)
|        ( QUESTION0_0_R 1 -1.049e+04 1.060e+02 4.483e+01
|            ( - -1.872e+03 3 0 QUESTION14 1 6.427e+01 8.177e+00)
|            ( QUESTION13 -1 -8.515e+03 9.760e+01 3.665e+01
|                ( - -9.713e+02 1 0)
|                ( QUESTION11 1 -7.446e+03 1.003e+02 3.212e+01
|                    ( - -2.962e+03 4 0 QUESTION0 -1 7.592e+01 1.303e+01)
|                    ( - -4.383e+03 7 0 QUESTION13 1 6.489e+01 1.909e+01))))))
s>    ( QUESTION0_4_R 1 -3.124e+04 1.633e+02 1.330e+02
s>        ( QUESTION2_2_L -1 -1.411e+04 1.251e+02 5.987e+01
s>            ( - -3.594e+03 1 0)
s>            ( QUESTION11 -1 -1.039e+04 1.083e+02 4.395e+01
s>                ( - -6.437e+03 2 0)
s>                ( - -3.843e+03 6 0 QUESTION19 1 8.546e+01 1.633e+01)))
s>        ( QUESTION11 -1 -1.697e+04 1.133e+02 7.313e+01
s>            ( - -6.368e+03 4 0 QUESTION11 1 9.721e+01 2.830e+01)
s>            ( QUESTION0_0_R 1 -1.049e+04 1.060e+02 4.483e+01
s>                ( - -1.872e+03 3 0 QUESTION14 1 6.427e+01 8.177e+00)
s>                ( QUESTION13 -1 -8.515e+03 9.760e+01 3.665e+01
s>                    ( - -9.713e+02 1 0)
s>                    ( QUESTION11 1 -7.446e+03 1.003e+02 3.212e+01
s>                        ( - -2.962e+03 4 0 QUESTION0 -1 7.592e+01 1.303e+01)
s>                        ( - -4.383e+03 7 0 QUESTION13 1 6.489e+01 1.909e+01))))))INFO: dtree.c(1315): Comp split 16
INFO: dtree.c(1478): Final simple tree
|( QUESTION2_2_L -1 -2.398e+04 1.350e+02 1.013e+02
|    ( - -2.967e+03 2 0)
|    ( QUESTION0_11_R 1 -2.087e+04 1.291e+02 8.837e+01
|        ( - -1.439e+03 1 0)
|        ( QUESTION2 1 -1.930e+04 1.211e+02 8.146e+01
|            ( - -8.467e+02 1 0)
|            ( QUESTION11 -1 -1.834e+04 1.215e+02 7.739e+01
|                ( WDBNDRY_E 0 -5.208e+03 9.285e+01 2.247e+01
|                    ( QUESTION0_9_R 1 -1.374e+03 8.039e+01 5.813e+00
|                        ( - -8.539e+02 1 0)
|                        ( - -4.400e+02 1 0))
|                    ( - -3.741e+03 2 0))
|                ( WDBNDRY_E 0 -1.301e+04 9.291e+01 5.492e+01
|                    ( - -1.359e+03 3 0)
|                    ( - -1.156e+04 11 0))))))
s>    ( QUESTION2_2_L -1 -2.398e+04 1.350e+02 1.013e+02
s>        ( - -2.967e+03 2 0)
s>        ( QUESTION0_11_R 1 -2.087e+04 1.291e+02 8.837e+01
s>            ( - -1.439e+03 1 0)
s>            ( QUESTION2 1 -1.930e+04 1.211e+02 8.146e+01
s>                ( - -8.467e+02 1 0)
s>                ( QUESTION11 -1 -1.834e+04 1.215e+02 7.739e+01
s>                    ( WDBNDRY_E 0 -5.208e+03 9.285e+01 2.247e+01
s>                        ( QUESTION0_9_R 1 -1.374e+03 8.039e+01 5.813e+00
s>                            ( - -8.539e+02 1 0)
s>                            ( - -4.400e+02 1 0))
s>                        ( - -3.741e+03 2 0))
s>                    ( WDBNDRY_E 0 -1.301e+04 9.291e+01 5.492e+01
s>                        ( - -1.359e+03 3 0)
s>                        ( - -1.156e+04 11 0))))))INFO: dtree.c(1439): stop. leaf nodes are specific
INFO: dtree.c(1478): Final simple tree
|( QUESTION2_3_L -1 -7.394e+03 1.073e+02 3.101e+01
|    ( QUESTION11 -1 -2.347e+03 6.931e+01 1.030e+01
|        ( QUESTION0 1 -2.107e+03 5.257e+01 9.299e+00
|            ( - -1.840e+03 1 0)
|            ( - -2.144e+02 1 0))
|        ( - -1.708e+02 1 0))
|    ( QUESTION0 1 -4.940e+03 9.499e+01 2.071e+01
|        ( WDBNDRY_E 0 -3.978e+03 9.009e+01 1.671e+01
|            ( - -3.216e+03 2 0)
|            ( - -6.717e+02 2 0))
|        ( QUESTION2_1_L -1 -8.674e+02 1.138e+02 4.000e+00
|            ( - -1.933e+02 1 0)
|            ( - -5.603e+02 1 0))))
s>    ( QUESTION2_3_L -1 -7.394e+03 1.073e+02 3.101e+01
s>        ( QUESTION11 -1 -2.347e+03 6.931e+01 1.030e+01
s>            ( QUESTION0 1 -2.107e+03 5.257e+01 9.299e+00
s>                ( - -1.840e+03 1 0)
s>                ( - -2.144e+02 1 0))
s>            ( - -1.708e+02 1 0))
s>        ( QUESTION0 1 -4.940e+03 9.499e+01 2.071e+01
s>            ( WDBNDRY_E 0 -3.978e+03 9.009e+01 1.671e+01
s>                ( - -3.216e+03 2 0)
s>                ( - -6.717e+02 2 0))
s>            ( QUESTION2_1_L -1 -8.674e+02 1.138e+02 4.000e+00
s>                ( - -1.933e+02 1 0)
s>                ( - -5.603e+02 1 0))))INFO: dtree.c(1315): Comp split 17
INFO: dtree.c(1478): Final simple tree
|( QUESTION0_14_R 1 -1.562e+04 1.345e+02 6.362e+01
|    ( WDBNDRY_E 0 -2.373e+03 9.509e+01 9.607e+00
|        ( - -1.654e+03 2 0 QUESTION11 -1 9.246e+01 6.666e+00)
|        ( - -6.238e+02 1 0))
|    ( QUESTION0_17_R 1 -1.311e+04 1.287e+02 5.401e+01
|        ( - -4.096e+02 1 0)
|        ( QUESTION0_16_R 1 -1.257e+04 1.129e+02 5.201e+01
|            ( - -1.546e+03 2 0 QUESTION11 -1 6.808e+01 7.014e+00)
|            ( QUESTION0_12_R 1 -1.092e+04 9.690e+01 4.500e+01
|                ( QUESTION2_1_L -1 -9.390e+03 1.012e+02 3.898e+01
|                    ( WDBNDRY_E 0 -4.528e+03 9.269e+01 1.898e+01
|                        ( - -1.183e+03 2 0)
|                        ( - -3.253e+03 4 0 QUESTION11 -1 9.715e+01 1.403e+01))
|                    ( - -4.760e+03 6 0 WDBNDRY_E 0 7.878e+01 2.000e+01))
|                ( - -1.429e+03 3 0 QUESTION11 -1 7.389e+01 6.020e+00)))))
s>    ( QUESTION0_14_R 1 -1.562e+04 1.345e+02 6.362e+01
s>        ( WDBNDRY_E 0 -2.373e+03 9.509e+01 9.607e+00
s>            ( - -1.654e+03 2 0 QUESTION11 -1 9.246e+01 6.666e+00)
s>            ( - -6.238e+02 1 0))
s>        ( QUESTION0_17_R 1 -1.311e+04 1.287e+02 5.401e+01
s>            ( - -4.096e+02 1 0)
s>            ( QUESTION0_16_R 1 -1.257e+04 1.129e+02 5.201e+01
s>                ( - -1.546e+03 2 0 QUESTION11 -1 6.808e+01 7.014e+00)
s>                ( QUESTION0_12_R 1 -1.092e+04 9.690e+01 4.500e+01
s>                    ( QUESTION2_1_L -1 -9.390e+03 1.012e+02 3.898e+01
s>                        ( WDBNDRY_E 0 -4.528e+03 9.269e+01 1.898e+01
s>                            ( - -1.183e+03 2 0)
s>                            ( - -3.253e+03 4 0 QUESTION11 -1 9.715e+01 1.403e+01))
s>                        ( - -4.760e+03 6 0 WDBNDRY_E 0 7.878e+01 2.000e+01))
s>                    ( - -1.429e+03 3 0 QUESTION11 -1 7.389e+01 6.020e+00)))))INFO: dtree.c(1315): Comp split 18
INFO: dtree.c(1478): Final simple tree
|( QUESTION11 -1 -2.092e+04 1.219e+02 8.945e+01
|    ( QUESTION11 1 -6.368e+03 9.721e+01 2.830e+01
|        ( - -4.966e+03 2 0)
|        ( - -1.305e+03 2 0 QUESTION0_0_R 1 7.442e+01 6.008e+00))
|    ( QUESTION0_3_R 1 -1.443e+04 1.143e+02 6.116e+01
|        ( QUESTION13 -1 -8.515e+03 9.760e+01 3.665e+01
|            ( - -9.713e+02 1 0)
|            ( QUESTION11 1 -7.446e+03 1.003e+02 3.212e+01
|                ( - -2.962e+03 4 0 QUESTION0 -1 7.592e+01 1.303e+01)
|                ( - -4.383e+03 7 0 QUESTION13 1 6.489e+01 1.909e+01)))
|        ( QUESTION19 1 -5.801e+03 9.509e+01 2.450e+01
|            ( - -3.023e+03 3 0)
|            ( QUESTION0_0_R 1 -2.682e+03 7.595e+01 1.118e+01
|                ( - -1.872e+03 3 0 QUESTION14 1 6.427e+01 8.177e+00)
|                ( - -7.344e+02 3 0 QUESTION11 1 5.501e+01 3.000e+00)))))
s>    ( QUESTION11 -1 -2.092e+04 1.219e+02 8.945e+01
s>        ( QUESTION11 1 -6.368e+03 9.721e+01 2.830e+01
s>            ( - -4.966e+03 2 0)
s>            ( - -1.305e+03 2 0 QUESTION0_0_R 1 7.442e+01 6.008e+00))
s>        ( QUESTION0_3_R 1 -1.443e+04 1.143e+02 6.116e+01
s>            ( QUESTION13 -1 -8.515e+03 9.760e+01 3.665e+01
s>                ( - -9.713e+02 1 0)
s>                ( QUESTION11 1 -7.446e+03 1.003e+02 3.212e+01
s>                    ( - -2.962e+03 4 0 QUESTION0 -1 7.592e+01 1.303e+01)
s>                    ( - -4.383e+03 7 0 QUESTION13 1 6.489e+01 1.909e+01)))
s>            ( QUESTION19 1 -5.801e+03 9.509e+01 2.450e+01
s>                ( - -3.023e+03 3 0)
s>                ( QUESTION0_0_R 1 -2.682e+03 7.595e+01 1.118e+01
s>                    ( - -1.872e+03 3 0 QUESTION14 1 6.427e+01 8.177e+00)
s>                    ( - -7.344e+02 3 0 QUESTION11 1 5.501e+01 3.000e+00)))))INFO: dtree.c(1439): stop. leaf nodes are specific
INFO: dtree.c(1478): Final simple tree
|( QUESTION11 -1 -1.016e+04 1.287e+02 4.354e+01
|    ( - -6.437e+03 2 0)
|    ( - -3.594e+03 1 0))
s>    ( QUESTION11 -1 -1.016e+04 1.287e+02 4.354e+01
s>        ( - -6.437e+03 2 0)
s>        ( - -3.594e+03 1 0))INFO: dtree.c(1315): Comp split 19
INFO: dtree.c(1439): stop. leaf nodes are specific
INFO: dtree.c(1478): Final simple tree
|( WDBNDRY_E 0 -5.310e+03 1.293e+02 2.356e+01
|    ( - -1.439e+03 1 0)
|    ( - -3.741e+03 2 0))
s>    ( WDBNDRY_E 0 -5.310e+03 1.293e+02 2.356e+01
s>        ( - -1.439e+03 1 0)
s>        ( - -3.741e+03 2 0))INFO: dtree.c(1439): stop. leaf nodes are specific
INFO: dtree.c(1478): Final simple tree
|( QUESTION2_2_L -1 -1.850e+04 1.197e+02 7.775e+01
|    ( - -2.967e+03 2 0)
|    ( QUESTION2 1 -1.541e+04 1.156e+02 6.480e+01
|        ( - -8.467e+02 1 0)
|        ( WDBNDRY_E 0 -1.445e+04 8.668e+01 6.073e+01
|            ( QUESTION11 -1 -2.810e+03 7.624e+01 1.181e+01
|                ( QUESTION0_9_R 1 -1.374e+03 8.039e+01 5.813e+00
|                    ( - -8.539e+02 1 0)
|                    ( - -4.400e+02 1 0))
|                ( - -1.359e+03 3 0))
|            ( - -1.156e+04 11 0))))
s>    ( QUESTION2_2_L -1 -1.850e+04 1.197e+02 7.775e+01
s>        ( - -2.967e+03 2 0)
s>        ( QUESTION2 1 -1.541e+04 1.156e+02 6.480e+01
s>            ( - -8.467e+02 1 0)
s>            ( WDBNDRY_E 0 -1.445e+04 8.668e+01 6.073e+01
s>                ( QUESTION11 -1 -2.810e+03 7.624e+01 1.181e+01
s>                    ( QUESTION0_9_R 1 -1.374e+03 8.039e+01 5.813e+00
s>                        ( - -8.539e+02 1 0)
s>                        ( - -4.400e+02 1 0))
s>                    ( - -1.359e+03 3 0))
s>                ( - -1.156e+04 11 0))))INFO: dtree.c(1315): Comp split 20
INFO: dtree.c(1439): stop. leaf nodes are specific
INFO: dtree.c(1478): Final simple tree
|( QUESTION2_1_L -1 -2.746e+03 1.019e+02 1.230e+01
|    ( QUESTION0 1 -2.084e+03 7.316e+01 9.299e+00
|        ( - -1.840e+03 1 0)
|        ( - -1.708e+02 1 0))
|    ( - -5.603e+02 1 0))
s>    ( QUESTION2_1_L -1 -2.746e+03 1.019e+02 1.230e+01
s>        ( QUESTION0 1 -2.084e+03 7.316e+01 9.299e+00
s>            ( - -1.840e+03 1 0)
s>            ( - -1.708e+02 1 0))
s>        ( - -5.603e+02 1 0))INFO: dtree.c(1439): stop. leaf nodes are specific
INFO: dtree.c(1478): Final simple tree
|( WDBNDRY_E 0 -4.495e+03 8.587e+01 1.871e+01
|    ( QUESTION2_2_L -1 -3.738e+03 6.730e+01 1.571e+01
|        ( - -1.933e+02 1 0)
|        ( QUESTION0 1 -3.477e+03 4.672e+01 1.471e+01
|            ( - -3.216e+03 2 0)
|            ( - -2.144e+02 1 0)))
|    ( - -6.717e+02 2 0))
s>    ( WDBNDRY_E 0 -4.495e+03 8.587e+01 1.871e+01
s>        ( QUESTION2_2_L -1 -3.738e+03 6.730e+01 1.571e+01
s>            ( - -1.933e+02 1 0)
s>            ( QUESTION0 1 -3.477e+03 4.672e+01 1.471e+01
s>                ( - -3.216e+03 2 0)
s>                ( - -2.144e+02 1 0)))
s>        ( - -6.717e+02 2 0))INFO: dtree.c(1315): Comp split 21
INFO: dtree.c(1439): stop. leaf nodes are specific
INFO: dtree.c(1478): Final simple tree
|( QUESTION11 -1 -8.025e+03 9.736e+01 3.532e+01
|    ( - -4.966e+03 2 0)
|    ( QUESTION0 -1 -2.962e+03 7.592e+01 1.303e+01
|        ( - -3.695e+02 1 0)
|        ( - -2.517e+03 3 0)))
s>    ( QUESTION11 -1 -8.025e+03 9.736e+01 3.532e+01
s>        ( - -4.966e+03 2 0)
s>        ( QUESTION0 -1 -2.962e+03 7.592e+01 1.303e+01
s>            ( - -3.695e+02 1 0)
s>            ( - -2.517e+03 3 0)))INFO: dtree.c(1478): Final simple tree
|( QUESTION0_3_R 1 -1.274e+04 1.054e+02 5.413e+01
|    ( QUESTION11 1 -5.691e+03 8.208e+01 2.462e+01
|        ( - -9.713e+02 1 0)
|        ( QUESTION11 -1 -4.638e+03 7.114e+01 2.009e+01
|            ( - -1.836e+02 1 0)
|            ( QUESTION13 1 -4.383e+03 6.489e+01 1.909e+01
|                ( - -1.756e+02 1 0)
|                ( - -4.143e+03 6 0 QUESTION0 -1 6.425e+01 1.809e+01))))
|    ( QUESTION11 -1 -6.948e+03 9.988e+01 2.951e+01
|        ( - -1.047e+03 1 0)
|        ( QUESTION19 1 -5.801e+03 9.509e+01 2.450e+01
|            ( - -3.023e+03 3 0)
|            ( QUESTION0_0_R 1 -2.682e+03 7.595e+01 1.118e+01
|                ( - -1.872e+03 3 0 QUESTION14 1 6.427e+01 8.177e+00)
|                ( - -7.344e+02 3 0 QUESTION11 1 5.501e+01 3.000e+00)))))
s>    ( QUESTION0_3_R 1 -1.274e+04 1.054e+02 5.413e+01
s>        ( QUESTION11 1 -5.691e+03 8.208e+01 2.462e+01
s>            ( - -9.713e+02 1 0)
s>            ( QUESTION11 -1 -4.638e+03 7.114e+01 2.009e+01
s>                ( - -1.836e+02 1 0)
s>                ( QUESTION13 1 -4.383e+03 6.489e+01 1.909e+01
s>                    ( - -1.756e+02 1 0)
s>                    ( - -4.143e+03 6 0 QUESTION0 -1 6.425e+01 1.809e+01))))
s>        ( QUESTION11 -1 -6.948e+03 9.988e+01 2.951e+01
s>            ( - -1.047e+03 1 0)
s>            ( QUESTION19 1 -5.801e+03 9.509e+01 2.450e+01
s>                ( - -3.023e+03 3 0)
s>                ( QUESTION0_0_R 1 -2.682e+03 7.595e+01 1.118e+01
s>                    ( - -1.872e+03 3 0 QUESTION14 1 6.427e+01 8.177e+00)
s>                    ( - -7.344e+02 3 0 QUESTION11 1 5.501e+01 3.000e+00)))))INFO: dtree.c(1315): Comp split 22
INFO: dtree.c(1315): Comp split 23
INFO: dtree.c(1439): stop. leaf nodes are specific
INFO: dtree.c(1478): Final simple tree
|( QUESTION2_1_L -1 -6.298e+03 9.428e+01 2.706e+01
|    ( QUESTION2_2_L -1 -9.487e+02 7.796e+01 4.000e+00
|        ( - -2.093e+02 1 0)
|        ( - -6.615e+02 1 0))
|    ( - -5.255e+03 3 0))
s>    ( QUESTION2_1_L -1 -6.298e+03 9.428e+01 2.706e+01
s>        ( QUESTION2_2_L -1 -9.487e+02 7.796e+01 4.000e+00
s>            ( - -2.093e+02 1 0)
s>            ( - -6.615e+02 1 0))
s>        ( - -5.255e+03 3 0))INFO: dtree.c(1315): Comp split 24
INFO: dtree.c(1439): stop. leaf nodes are specific
INFO: dtree.c(1478): Final simple tree
|( WDBNDRY_E 0 -3.631e+03 8.617e+01 1.456e+01
|    ( QUESTION11 -1 -2.921e+03 1.088e+02 1.162e+01
|        ( QUESTION0_13_R 1 -1.797e+03 6.770e+01 6.980e+00
|            ( - -1.183e+03 2 0)
|            ( - -5.466e+02 1 0))
|        ( - -1.015e+03 1 0))
|    ( - -6.238e+02 1 0))
s>    ( WDBNDRY_E 0 -3.631e+03 8.617e+01 1.456e+01
s>        ( QUESTION11 -1 -2.921e+03 1.088e+02 1.162e+01
s>            ( QUESTION0_13_R 1 -1.797e+03 6.770e+01 6.980e+00
s>                ( - -1.183e+03 2 0)
s>                ( - -5.466e+02 1 0))
s>            ( - -1.015e+03 1 0))
s>        ( - -6.238e+02 1 0))INFO: dtree.c(1478): Final simple tree
|( QUESTION0_17_R 1 -1.185e+04 1.287e+02 4.906e+01
|    ( - -4.096e+02 1 0)
|    ( QUESTION0_16_R 1 -1.131e+04 1.101e+02 4.706e+01
|        ( - -1.546e+03 2 0 QUESTION11 -1 6.808e+01 7.014e+00)
|        ( QUESTION0_12_R 1 -9.653e+03 9.947e+01 4.005e+01
|            ( QUESTION2_3_L -1 -8.124e+03 1.152e+02 3.403e+01
|                ( QUESTION11 -1 -2.716e+03 1.152e+02 1.201e+01
|                    ( - -1.784e+03 2 0)
|                    ( - -8.162e+02 1 0))
|                ( WDBNDRY_E 0 -5.293e+03 7.309e+01 2.201e+01
|                    ( - -1.630e+03 2 0)
|                    ( - -3.590e+03 5 0 QUESTION2_1_L -1 7.515e+01 1.502e+01)))
|            ( QUESTION11 -1 -1.429e+03 7.389e+01 6.020e+00
|                ( - -2.277e+02 1 0)
|                ( - -1.128e+03 2 0)))))
s>    ( QUESTION0_17_R 1 -1.185e+04 1.287e+02 4.906e+01
s>        ( - -4.096e+02 1 0)
s>        ( QUESTION0_16_R 1 -1.131e+04 1.101e+02 4.706e+01
s>            ( - -1.546e+03 2 0 QUESTION11 -1 6.808e+01 7.014e+00)
s>            ( QUESTION0_12_R 1 -9.653e+03 9.947e+01 4.005e+01
s>                ( QUESTION2_3_L -1 -8.124e+03 1.152e+02 3.403e+01
s>                    ( QUESTION11 -1 -2.716e+03 1.152e+02 1.201e+01
s>                        ( - -1.784e+03 2 0)
s>                        ( - -8.162e+02 1 0))
s>                    ( WDBNDRY_E 0 -5.293e+03 7.309e+01 2.201e+01
s>                        ( - -1.630e+03 2 0)
s>                        ( - -3.590e+03 5 0 QUESTION2_1_L -1 7.515e+01 1.502e+01)))
s>                ( QUESTION11 -1 -1.429e+03 7.389e+01 6.020e+00
s>                    ( - -2.277e+02 1 0)
s>                    ( - -1.128e+03 2 0)))))INFO: dtree.c(1315): Comp split 25
INFO: dtree.c(1315): Comp split 26
INFO: dtree.c(1439): stop. leaf nodes are specific
INFO: dtree.c(1478): Final simple tree
|( QUESTION19 1 -6.051e+03 9.543e+01 2.550e+01
|    ( - -3.023e+03 3 0)
|    ( QUESTION0_0_R 1 -2.932e+03 7.677e+01 1.218e+01
|        ( QUESTION14 1 -1.872e+03 6.427e+01 8.177e+00
|            ( - -1.623e+03 2 0)
|            ( - -1.843e+02 1 0))
|        ( QUESTION0_3_R 1 -9.834e+02 6.544e+01 4.000e+00
|            ( - -1.836e+02 1 0)
|            ( QUESTION11 1 -7.344e+02 5.501e+01 3.000e+00
|                ( - -1.853e+02 1 0)
|                ( - -4.942e+02 2 0)))))
s>    ( QUESTION19 1 -6.051e+03 9.543e+01 2.550e+01
s>        ( - -3.023e+03 3 0)
s>        ( QUESTION0_0_R 1 -2.932e+03 7.677e+01 1.218e+01
s>            ( QUESTION14 1 -1.872e+03 6.427e+01 8.177e+00
s>                ( - -1.623e+03 2 0)
s>                ( - -1.843e+02 1 0))
s>            ( QUESTION0_3_R 1 -9.834e+02 6.544e+01 4.000e+00
s>                ( - -1.836e+02 1 0)
s>                ( QUESTION11 1 -7.344e+02 5.501e+01 3.000e+00
s>                    ( - -1.853e+02 1 0)
s>                    ( - -4.942e+02 2 0)))))INFO: dtree.c(1439): stop. leaf nodes are specific
INFO: dtree.c(1478): Final simple tree
|( QUESTION11 1 -6.565e+03 8.683e+01 2.863e+01
|    ( - -9.713e+02 1 0)
|    ( QUESTION0_0_R 1 -5.507e+03 7.600e+01 2.410e+01
|        ( - -1.047e+03 1 0)
|        ( QUESTION13 1 -4.383e+03 6.489e+01 1.909e+01
|            ( - -1.756e+02 1 0)
|            ( QUESTION0 -1 -4.143e+03 6.425e+01 1.809e+01
|                ( - -1.933e+02 1 0)
|                ( QUESTION2_1_L -1 -3.885e+03 5.669e+01 1.709e+01
|                    ( - -1.824e+02 1 0)
|                    ( - -3.646e+03 4 0))))))
s>    ( QUESTION11 1 -6.565e+03 8.683e+01 2.863e+01
s>        ( - -9.713e+02 1 0)
s>        ( QUESTION0_0_R 1 -5.507e+03 7.600e+01 2.410e+01
s>            ( - -1.047e+03 1 0)
s>            ( QUESTION13 1 -4.383e+03 6.489e+01 1.909e+01
s>                ( - -1.756e+02 1 0)
s>                ( QUESTION0 -1 -4.143e+03 6.425e+01 1.809e+01
s>                    ( - -1.933e+02 1 0)
s>                    ( QUESTION2_1_L -1 -3.885e+03 5.669e+01 1.709e+01
s>                        ( - -1.824e+02 1 0)
s>                        ( - -3.646e+03 4 0))))))INFO: dtree.c(1315): Comp split 27
INFO: dtree.c(1315): Comp split 28
INFO: dtree.c(1478): Final simple tree
|( QUESTION0_16_R 1 -1.131e+04 1.101e+02 4.706e+01
|    ( - -1.546e+03 2 0 QUESTION11 -1 6.808e+01 7.014e+00)
|    ( QUESTION0_12_R 1 -9.653e+03 9.947e+01 4.005e+01
|        ( QUESTION2_3_L -1 -8.124e+03 1.152e+02 3.403e+01
|            ( QUESTION11 -1 -2.716e+03 1.152e+02 1.201e+01
|                ( - -1.784e+03 2 0)
|                ( - -8.162e+02 1 0))
|            ( WDBNDRY_E 0 -5.293e+03 7.309e+01 2.201e+01
|                ( - -1.630e+03 2 0)
|                ( QUESTION2_1_L -1 -3.590e+03 7.515e+01 1.502e+01
|                    ( - -4.632e+02 1 0)
|                    ( - -3.052e+03 4 0))))
|        ( QUESTION11 -1 -1.429e+03 7.389e+01 6.020e+00
|            ( - -2.277e+02 1 0)
|            ( - -1.128e+03 2 0))))
s>    ( QUESTION0_16_R 1 -1.131e+04 1.101e+02 4.706e+01
s>        ( - -1.546e+03 2 0 QUESTION11 -1 6.808e+01 7.014e+00)
s>        ( QUESTION0_12_R 1 -9.653e+03 9.947e+01 4.005e+01
s>            ( QUESTION2_3_L -1 -8.124e+03 1.152e+02 3.403e+01
s>                ( QUESTION11 -1 -2.716e+03 1.152e+02 1.201e+01
s>                    ( - -1.784e+03 2 0)
s>                    ( - -8.162e+02 1 0))
s>                ( WDBNDRY_E 0 -5.293e+03 7.309e+01 2.201e+01
s>                    ( - -1.630e+03 2 0)
s>                    ( QUESTION2_1_L -1 -3.590e+03 7.515e+01 1.502e+01
s>                        ( - -4.632e+02 1 0)
s>                        ( - -3.052e+03 4 0))))
s>            ( QUESTION11 -1 -1.429e+03 7.389e+01 6.020e+00
s>                ( - -2.277e+02 1 0)
s>                ( - -1.128e+03 2 0))))INFO: dtree.c(1315): Comp split 29
INFO: dtree.c(1439): stop. leaf nodes are specific
INFO: dtree.c(1478): Final simple tree
|( WDBNDRY_E 0 -1.445e+04 8.668e+01 6.073e+01
|    ( QUESTION11 -1 -2.810e+03 7.624e+01 1.181e+01
|        ( QUESTION0_9_R 1 -1.374e+03 8.039e+01 5.813e+00
|            ( - -8.539e+02 1 0)
|            ( - -4.400e+02 1 0))
|        ( - -1.359e+03 3 0))
|    ( - -1.156e+04 11 0))
s>    ( WDBNDRY_E 0 -1.445e+04 8.668e+01 6.073e+01
s>        ( QUESTION11 -1 -2.810e+03 7.624e+01 1.181e+01
s>            ( QUESTION0_9_R 1 -1.374e+03 8.039e+01 5.813e+00
s>                ( - -8.539e+02 1 0)
s>                ( - -4.400e+02 1 0))
s>            ( - -1.359e+03 3 0))
s>        ( - -1.156e+04 11 0))INFO: dtree.c(1439): stop. leaf nodes are specific
INFO: dtree.c(1478): Final simple tree
|( QUESTION2 1 -3.922e+03 1.080e+02 1.702e+01
|    ( - -8.467e+02 1 0)
|    ( - -2.967e+03 2 0))
s>    ( QUESTION2 1 -3.922e+03 1.080e+02 1.702e+01
s>        ( - -8.467e+02 1 0)
s>        ( - -2.967e+03 2 0))INFO: dtree.c(1315): Comp split 30
INFO: dtree.c(1439): stop. leaf nodes are specific
INFO: dtree.c(1478): Final simple tree
|( QUESTION2_1_L -1 -5.583e+03 6.855e+01 2.302e+01
|    ( WDBNDRY_E 0 -7.544e+02 6.355e+01 3.020e+00
|        ( - -2.277e+02 1 0)
|        ( - -4.632e+02 1 0))
|    ( WDBNDRY_E 0 -4.760e+03 7.878e+01 2.000e+01
|        ( - -1.630e+03 2 0)
|        ( - -3.052e+03 4 0)))
s>    ( QUESTION2_1_L -1 -5.583e+03 6.855e+01 2.302e+01
s>        ( WDBNDRY_E 0 -7.544e+02 6.355e+01 3.020e+00
s>            ( - -2.277e+02 1 0)
s>            ( - -4.632e+02 1 0))
s>        ( WDBNDRY_E 0 -4.760e+03 7.878e+01 2.000e+01
s>            ( - -1.630e+03 2 0)
s>            ( - -3.052e+03 4 0)))INFO: dtree.c(1439): stop. leaf nodes are specific
INFO: dtree.c(1478): Final simple tree
|( QUESTION5 1 -5.604e+03 1.072e+02 2.404e+01
|    ( - -1.128e+03 2 0)
|    ( QUESTION2_1_L -1 -4.369e+03 1.096e+02 1.903e+01
|        ( QUESTION11 -1 -3.018e+03 1.107e+02 1.301e+01
|            ( WDBNDRY_E 0 -2.091e+03 7.103e+01 9.012e+00
|                ( - -2.362e+02 1 0)
|                ( - -1.784e+03 2 0))
|            ( - -8.162e+02 1 0))
|        ( - -1.241e+03 1 0)))
s>    ( QUESTION5 1 -5.604e+03 1.072e+02 2.404e+01
s>        ( - -1.128e+03 2 0)
s>        ( QUESTION2_1_L -1 -4.369e+03 1.096e+02 1.903e+01
s>            ( QUESTION11 -1 -3.018e+03 1.107e+02 1.301e+01
s>                ( WDBNDRY_E 0 -2.091e+03 7.103e+01 9.012e+00
s>                    ( - -2.362e+02 1 0)
s>                    ( - -1.784e+03 2 0))
s>                ( - -8.162e+02 1 0))
s>            ( - -1.241e+03 1 0)))INFO: dtree.c(1315): Comp split 31
INFO: dtree.c(1439): stop. leaf nodes are specific
INFO: dtree.c(1478): Final simple tree
|( WDBNDRY_E 0 -3.140e+03 1.145e+02 1.403e+01
|    ( - -1.241e+03 1 0)
|    ( - -1.784e+03 2 0))
s>    ( WDBNDRY_E 0 -3.140e+03 1.145e+02 1.403e+01
s>        ( - -1.241e+03 1 0)
s>        ( - -1.784e+03 2 0))INFO: dtree.c(1439): stop. leaf nodes are specific
INFO: dtree.c(1478): Final simple tree
|( WDBNDRY_E 0 -2.347e+03 1.093e+02 1.002e+01
|    ( QUESTION0_16_R 1 -1.422e+03 5.763e+01 6.015e+00
|        ( - -2.362e+02 1 0)
|        ( - -1.128e+03 2 0))
|    ( - -8.162e+02 1 0))
s>    ( WDBNDRY_E 0 -2.347e+03 1.093e+02 1.002e+01
s>        ( QUESTION0_16_R 1 -1.422e+03 5.763e+01 6.015e+00
s>            ( - -2.362e+02 1 0)
s>            ( - -1.128e+03 2 0))
s>        ( - -8.162e+02 1 0))INFO: dtree.c(1315): Comp split 32
INFO: dtree.c(1315): Comp split 33
INFO: dtree.c(1439): stop. leaf nodes are specific
INFO: dtree.c(1478): Final simple tree
|( WDBNDRY_E 0 -2.504e+03 8.290e+01 9.921e+00
|    ( QUESTION0_13_R 1 -1.797e+03 6.770e+01 6.980e+00
|        ( - -1.183e+03 2 0)
|        ( - -5.466e+02 1 0))
|    ( - -6.238e+02 1 0))
s>    ( WDBNDRY_E 0 -2.504e+03 8.290e+01 9.921e+00
s>        ( QUESTION0_13_R 1 -1.797e+03 6.770e+01 6.980e+00
s>            ( - -1.183e+03 2 0)
s>            ( - -5.466e+02 1 0))
s>        ( - -6.238e+02 1 0))INFO: dtree.c(1315): Comp split 34
INFO: dtree.c(1439): stop. leaf nodes are specific
INFO: dtree.c(1478): Final simple tree
|( QUESTION0_5_R 1 -5.918e+03 1.024e+02 2.513e+01
|    ( WDBNDRY_B 0 -5.438e+03 7.126e+01 2.313e+01
|        ( - -1.877e+02 1 0)
|        ( QUESTION2_1_L -1 -5.179e+03 6.520e+01 2.213e+01
|            ( - -1.803e+02 1 0)
|            ( - -4.933e+03 5 0)))
|    ( - -3.784e+02 1 0))
s>    ( QUESTION0_5_R 1 -5.918e+03 1.024e+02 2.513e+01
s>        ( WDBNDRY_B 0 -5.438e+03 7.126e+01 2.313e+01
s>            ( - -1.877e+02 1 0)
s>            ( QUESTION2_1_L -1 -5.179e+03 6.520e+01 2.213e+01
s>                ( - -1.803e+02 1 0)
s>                ( - -4.933e+03 5 0)))
s>        ( - -3.784e+02 1 0))INFO: dtree.c(1439): stop. leaf nodes are specific
INFO: dtree.c(1478): Final simple tree
|( QUESTION9 -1 -4.551e+03 9.920e+01 1.993e+01
|    ( - -5.817e+02 1 0)
|    ( QUESTION0 -1 -3.870e+03 8.609e+01 1.693e+01
|        ( - -1.873e+02 1 0)
|        ( QUESTION0_6_R 1 -3.597e+03 5.751e+01 1.593e+01
|            ( - -3.349e+03 3 0)
|            ( - -1.905e+02 1 0))))
s>    ( QUESTION9 -1 -4.551e+03 9.920e+01 1.993e+01
s>        ( - -5.817e+02 1 0)
s>        ( QUESTION0 -1 -3.870e+03 8.609e+01 1.693e+01
s>            ( - -1.873e+02 1 0)
s>            ( QUESTION0_6_R 1 -3.597e+03 5.751e+01 1.593e+01
s>                ( - -3.349e+03 3 0)
s>                ( - -1.905e+02 1 0))))INFO: dtree.c(1315): Comp split 35
INFO: dtree.c(1439): stop. leaf nodes are specific
INFO: dtree.c(1478): Final simple tree
|( QUESTION0_16_R 1 -1.422e+03 5.763e+01 6.015e+00
|    ( - -2.362e+02 1 0)
|    ( - -1.128e+03 2 0))
s>    ( QUESTION0_16_R 1 -1.422e+03 5.763e+01 6.015e+00
s>        ( - -2.362e+02 1 0)
s>        ( - -1.128e+03 2 0))INFO: dtree.c(1315): Comp split 36
INFO: dtree.c(1315): Comp split 37
INFO: dtree.c(1439): stop. leaf nodes are specific
INFO: dtree.c(1478): Final simple tree
|( WDBNDRY_B 0 -5.438e+03 7.126e+01 2.313e+01
|    ( - -1.877e+02 1 0)
|    ( QUESTION2_1_L -1 -5.179e+03 6.520e+01 2.213e+01
|        ( - -1.803e+02 1 0)
|        ( - -4.933e+03 5 0)))
s>    ( WDBNDRY_B 0 -5.438e+03 7.126e+01 2.313e+01
s>        ( - -1.877e+02 1 0)
s>        ( QUESTION2_1_L -1 -5.179e+03 6.520e+01 2.213e+01
s>            ( - -1.803e+02 1 0)
s>            ( - -4.933e+03 5 0)))INFO: dtree.c(1315): Comp split 38
INFO: dtree.c(1439): stop. leaf nodes are specific
INFO: dtree.c(1478): Final simple tree
|( QUESTION0 1 -2.084e+03 7.316e+01 9.299e+00
|    ( - -1.840e+03 1 0)
|    ( - -1.708e+02 1 0))
s>    ( QUESTION0 1 -2.084e+03 7.316e+01 9.299e+00
s>        ( - -1.840e+03 1 0)
s>        ( - -1.708e+02 1 0))INFO: dtree.c(1315): Comp split 39
INFO: dtree.c(1439): stop. leaf nodes are specific
INFO: dtree.c(1478): Final simple tree
|( QUESTION0 -1 -3.870e+03 8.609e+01 1.693e+01
|    ( - -1.873e+02 1 0)
|    ( QUESTION0_6_R 1 -3.597e+03 5.751e+01 1.593e+01
|        ( - -3.349e+03 3 0)
|        ( - -1.905e+02 1 0)))
s>    ( QUESTION0 -1 -3.870e+03 8.609e+01 1.693e+01
s>        ( - -1.873e+02 1 0)
s>        ( QUESTION0_6_R 1 -3.597e+03 5.751e+01 1.593e+01
s>            ( - -3.349e+03 3 0)
s>            ( - -1.905e+02 1 0)))INFO: dtree.c(1315): Comp split 40
INFO: dtree.c(1439): stop. leaf nodes are specific
INFO: dtree.c(1478): Final simple tree
|( WDBNDRY_E 0 -1.350e+04 8.073e+01 5.692e+01
|    ( QUESTION0_9_R 1 -1.863e+03 6.362e+01 8.000e+00
|        ( - -1.359e+03 3 0)
|        ( - -4.400e+02 1 0))
|    ( - -1.156e+04 11 0))
s>    ( WDBNDRY_E 0 -1.350e+04 8.073e+01 5.692e+01
s>        ( QUESTION0_9_R 1 -1.863e+03 6.362e+01 8.000e+00
s>            ( - -1.359e+03 3 0)
s>            ( - -4.400e+02 1 0))
s>        ( - -1.156e+04 11 0))INFO: dtree.c(1315): Comp split 41
INFO: dtree.c(1439): stop. leaf nodes are specific
INFO: dtree.c(1478): Final simple tree
|( QUESTION0 -1 -2.962e+03 7.592e+01 1.303e+01
|    ( - -3.695e+02 1 0)
|    ( - -2.517e+03 3 0))
s>    ( QUESTION0 -1 -2.962e+03 7.592e+01 1.303e+01
s>        ( - -3.695e+02 1 0)
s>        ( - -2.517e+03 3 0))INFO: dtree.c(1315): Comp split 42
INFO: dtree.c(1315): Comp split 43
INFO: dtree.c(1439): stop. leaf nodes are specific
INFO: dtree.c(1478): Final simple tree
|( QUESTION0_0_R 1 -2.932e+03 7.677e+01 1.218e+01
|    ( QUESTION14 1 -1.872e+03 6.427e+01 8.177e+00
|        ( - -1.623e+03 2 0)
|        ( - -1.843e+02 1 0))
|    ( QUESTION0_3_R 1 -9.834e+02 6.544e+01 4.000e+00
|        ( - -1.836e+02 1 0)
|        ( QUESTION11 1 -7.344e+02 5.501e+01 3.000e+00
|            ( - -1.853e+02 1 0)
|            ( - -4.942e+02 2 0))))
s>    ( QUESTION0_0_R 1 -2.932e+03 7.677e+01 1.218e+01
s>        ( QUESTION14 1 -1.872e+03 6.427e+01 8.177e+00
s>            ( - -1.623e+03 2 0)
s>            ( - -1.843e+02 1 0))
s>        ( QUESTION0_3_R 1 -9.834e+02 6.544e+01 4.000e+00
s>            ( - -1.836e+02 1 0)
s>            ( QUESTION11 1 -7.344e+02 5.501e+01 3.000e+00
s>                ( - -1.853e+02 1 0)
s>                ( - -4.942e+02 2 0))))INFO: dtree.c(1315): Comp split 44
INFO: dtree.c(1439): stop. leaf nodes are specific
INFO: dtree.c(1478): Final simple tree
|( QUESTION2_2_L -1 -9.487e+02 7.796e+01 4.000e+00
|    ( - -2.093e+02 1 0)
|    ( - -6.615e+02 1 0))
s>    ( QUESTION2_2_L -1 -9.487e+02 7.796e+01 4.000e+00
s>        ( - -2.093e+02 1 0)
s>        ( - -6.615e+02 1 0))INFO: dtree.c(1315): Comp split 45
INFO: dtree.c(1439): stop. leaf nodes are specific
INFO: dtree.c(1478): Final simple tree
|( WDBNDRY_E 0 -1.205e+04 5.296e+01 5.092e+01
|    ( - -4.400e+02 1 0)
|    ( - -1.156e+04 11 0))
s>    ( WDBNDRY_E 0 -1.205e+04 5.296e+01 5.092e+01
s>        ( - -4.400e+02 1 0)
s>        ( - -1.156e+04 11 0))INFO: dtree.c(1315): Comp split 46
INFO: dtree.c(1439): stop. leaf nodes are specific
INFO: dtree.c(1478): Final simple tree
|( QUESTION0_0_R 1 -5.507e+03 7.600e+01 2.410e+01
|    ( - -1.047e+03 1 0)
|    ( QUESTION13 1 -4.383e+03 6.489e+01 1.909e+01
|        ( - -1.756e+02 1 0)
|        ( QUESTION0 -1 -4.143e+03 6.425e+01 1.809e+01
|            ( - -1.933e+02 1 0)
|            ( QUESTION2_1_L -1 -3.885e+03 5.669e+01 1.709e+01
|                ( - -1.824e+02 1 0)
|                ( - -3.646e+03 4 0)))))
s>    ( QUESTION0_0_R 1 -5.507e+03 7.600e+01 2.410e+01
s>        ( - -1.047e+03 1 0)
s>        ( QUESTION13 1 -4.383e+03 6.489e+01 1.909e+01
s>            ( - -1.756e+02 1 0)
s>            ( QUESTION0 -1 -4.143e+03 6.425e+01 1.809e+01
s>                ( - -1.933e+02 1 0)
s>                ( QUESTION2_1_L -1 -3.885e+03 5.669e+01 1.709e+01
s>                    ( - -1.824e+02 1 0)
s>                    ( - -3.646e+03 4 0)))))INFO: dtree.c(1315): Comp split 47
INFO: dtree.c(1439): stop. leaf nodes are specific
INFO: dtree.c(1478): Final simple tree
|( QUESTION0_6_R 1 -3.597e+03 5.751e+01 1.593e+01
|    ( - -3.349e+03 3 0)
|    ( - -1.905e+02 1 0))
s>    ( QUESTION0_6_R 1 -3.597e+03 5.751e+01 1.593e+01
s>        ( - -3.349e+03 3 0)
s>        ( - -1.905e+02 1 0))INFO: dtree.c(1315): Comp split 48
INFO: dtree.c(1439): stop. leaf nodes are specific
INFO: dtree.c(1478): Final simple tree
|( QUESTION2_2_L -1 -3.738e+03 6.730e+01 1.571e+01
|    ( - -1.933e+02 1 0)
|    ( QUESTION0 1 -3.477e+03 4.672e+01 1.471e+01
|        ( - -3.216e+03 2 0)
|        ( - -2.144e+02 1 0)))
s>    ( QUESTION2_2_L -1 -3.738e+03 6.730e+01 1.571e+01
s>        ( - -1.933e+02 1 0)
s>        ( QUESTION0 1 -3.477e+03 4.672e+01 1.471e+01
s>            ( - -3.216e+03 2 0)
s>            ( - -2.144e+02 1 0)))INFO: dtree.c(1315): Comp split 49
INFO: dtree.c(1439): stop. leaf nodes are specific
INFO: dtree.c(1478): Final simple tree
|( QUESTION0_13_R 1 -1.797e+03 6.770e+01 6.980e+00
|    ( - -1.183e+03 2 0)
|    ( - -5.466e+02 1 0))
s>    ( QUESTION0_13_R 1 -1.797e+03 6.770e+01 6.980e+00
s>        ( - -1.183e+03 2 0)
s>        ( - -5.466e+02 1 0))INFO: dtree.c(1315): Comp split 50
INFO: dtree.c(1439): stop. leaf nodes are specific
INFO: dtree.c(1478): Final simple tree
|( QUESTION0_0_R 1 -1.230e+03 6.188e+01 5.000e+00
|    ( - -1.843e+02 1 0)
|    ( QUESTION0_3_R 1 -9.834e+02 6.544e+01 4.000e+00
|        ( - -1.836e+02 1 0)
|        ( QUESTION11 1 -7.344e+02 5.501e+01 3.000e+00
|            ( - -1.853e+02 1 0)
|            ( - -4.942e+02 2 0))))
s>    ( QUESTION0_0_R 1 -1.230e+03 6.188e+01 5.000e+00
s>        ( - -1.843e+02 1 0)
s>        ( QUESTION0_3_R 1 -9.834e+02 6.544e+01 4.000e+00
s>            ( - -1.836e+02 1 0)
s>            ( QUESTION11 1 -7.344e+02 5.501e+01 3.000e+00
s>                ( - -1.853e+02 1 0)
s>                ( - -4.942e+02 2 0))))INFO: dtree.c(1315): Comp split 51
INFO: dtree.c(1315): Comp split 52
INFO: dtree.c(1439): stop. leaf nodes are specific
INFO: dtree.c(1478): Final simple tree
|( QUESTION13 1 -4.383e+03 6.489e+01 1.909e+01
|    ( - -1.756e+02 1 0)
|    ( QUESTION0 -1 -4.143e+03 6.425e+01 1.809e+01
|        ( - -1.933e+02 1 0)
|        ( QUESTION2_1_L -1 -3.885e+03 5.669e+01 1.709e+01
|            ( - -1.824e+02 1 0)
|            ( - -3.646e+03 4 0))))
s>    ( QUESTION13 1 -4.383e+03 6.489e+01 1.909e+01
s>        ( - -1.756e+02 1 0)
s>        ( QUESTION0 -1 -4.143e+03 6.425e+01 1.809e+01
s>            ( - -1.933e+02 1 0)
s>            ( QUESTION2_1_L -1 -3.885e+03 5.669e+01 1.709e+01
s>                ( - -1.824e+02 1 0)
s>                ( - -3.646e+03 4 0))))INFO: dtree.c(1315): Comp split 53
INFO: dtree.c(1315): Comp split 54
INFO: dtree.c(1439): stop. leaf nodes are specific
INFO: dtree.c(1478): Final simple tree
|( QUESTION2_1_L -1 -2.457e+03 7.240e+01 1.001e+01
|    ( WDBNDRY_E 0 -7.544e+02 6.355e+01 3.020e+00
|        ( - -2.277e+02 1 0)
|        ( - -4.632e+02 1 0))
|    ( - -1.630e+03 2 0))
s>    ( QUESTION2_1_L -1 -2.457e+03 7.240e+01 1.001e+01
s>        ( WDBNDRY_E 0 -7.544e+02 6.355e+01 3.020e+00
s>            ( - -2.277e+02 1 0)
s>            ( - -4.632e+02 1 0))
s>        ( - -1.630e+03 2 0))INFO: dtree.c(1315): Comp split 55
INFO: dtree.c(1315): Comp split 56
INFO: dtree.c(1439): stop. leaf nodes are specific
INFO: dtree.c(1478): Final simple tree
|( WDBNDRY_E 0 -7.544e+02 6.355e+01 3.020e+00
|    ( - -2.277e+02 1 0)
|    ( - -4.632e+02 1 0))
s>    ( WDBNDRY_E 0 -7.544e+02 6.355e+01 3.020e+00
s>        ( - -2.277e+02 1 0)
s>        ( - -4.632e+02 1 0))INFO: dtree.c(1315): Comp split 57
INFO: dtree.c(1439): stop. leaf nodes are specific
INFO: dtree.c(1478): Final simple tree
|( QUESTION2_1_L -1 -5.179e+03 6.520e+01 2.213e+01
|    ( - -1.803e+02 1 0)
|    ( - -4.933e+03 5 0))
s>    ( QUESTION2_1_L -1 -5.179e+03 6.520e+01 2.213e+01
s>        ( - -1.803e+02 1 0)
s>        ( - -4.933e+03 5 0))INFO: dtree.c(1315): Comp split 58
INFO: dtree.c(1315): Comp split 59
INFO: dtree.c(1439): stop. leaf nodes are specific
INFO: dtree.c(1478): Final simple tree
|( QUESTION0 1 -3.477e+03 4.672e+01 1.471e+01
|    ( - -3.216e+03 2 0)
|    ( - -2.144e+02 1 0))
s>    ( QUESTION0 1 -3.477e+03 4.672e+01 1.471e+01
s>        ( - -3.216e+03 2 0)
s>        ( - -2.144e+02 1 0))INFO: dtree.c(1315): Comp split 60
INFO: dtree.c(1315): Comp split 61
INFO: dtree.c(1439): stop. leaf nodes are specific
INFO: dtree.c(1478): Final simple tree
|( QUESTION0 -1 -4.143e+03 6.425e+01 1.809e+01
|    ( - -1.933e+02 1 0)
|    ( QUESTION2_1_L -1 -3.885e+03 5.669e+01 1.709e+01
|        ( - -1.824e+02 1 0)
|        ( - -3.646e+03 4 0)))
s>    ( QUESTION0 -1 -4.143e+03 6.425e+01 1.809e+01
s>        ( - -1.933e+02 1 0)
s>        ( QUESTION2_1_L -1 -3.885e+03 5.669e+01 1.709e+01
s>            ( - -1.824e+02 1 0)
s>            ( - -3.646e+03 4 0)))INFO: dtree.c(1315): Comp split 62
INFO: dtree.c(1439): stop. leaf nodes are specific
INFO: dtree.c(1478): Final simple tree
|( QUESTION2_1_L -1 -3.885e+03 5.669e+01 1.709e+01
|    ( - -1.824e+02 1 0)
|    ( - -3.646e+03 4 0))
s>    ( QUESTION2_1_L -1 -3.885e+03 5.669e+01 1.709e+01
s>        ( - -1.824e+02 1 0)
s>        ( - -3.646e+03 4 0))INFO: dtree.c(1315): Comp split 63
INFO: dtree.c(1315): Comp split 64
INFO: dtree.c(1439): stop. leaf nodes are specific
INFO: dtree.c(1478): Final simple tree
|( QUESTION0_3_R 1 -9.834e+02 6.544e+01 4.000e+00
|    ( - -1.836e+02 1 0)
|    ( QUESTION11 1 -7.344e+02 5.501e+01 3.000e+00
|        ( - -1.853e+02 1 0)
|        ( - -4.942e+02 2 0)))
s>    ( QUESTION0_3_R 1 -9.834e+02 6.544e+01 4.000e+00
s>        ( - -1.836e+02 1 0)
s>        ( QUESTION11 1 -7.344e+02 5.501e+01 3.000e+00
s>            ( - -1.853e+02 1 0)
s>            ( - -4.942e+02 2 0)))INFO: dtree.c(1315): Comp split 65
INFO: dtree.c(1439): stop. leaf nodes are specific
INFO: dtree.c(1478): Final simple tree
|( QUESTION11 1 -7.344e+02 5.501e+01 3.000e+00
|    ( - -1.853e+02 1 0)
|    ( - -4.942e+02 2 0))
s>    ( QUESTION11 1 -7.344e+02 5.501e+01 3.000e+00
s>        ( - -1.853e+02 1 0)
s>        ( - -4.942e+02 2 0))INFO: dtree.c(1315): Comp split 66
INFO: dtree.c(1315): Comp split 67
INFO: dtree.c(1315): Comp split 68
INFO: dtree.c(1315): Comp split 69
INFO: dtree.c(1315): Comp split 70
INFO: dtree.c(1315): Comp split 71
INFO: dtree.c(1315): Comp split 72
INFO: dtree.c(1318): stop. leaf nodes are specific
Thu May  7 00:23:31 2020
