Current configuration:
[NAME]		[DEFLT]	[VALUE]
-dcountfn		/home/abdy/Desktop/diploma/kg/model_parameters/kg.cd_cont_500/mixture_weights
-example	no	no
-fullvar	no	no
-help		no	no
-inmeanfn		/home/abdy/Desktop/diploma/kg/model_parameters/kg.cd_cont_500/means
-inmixwfn		/home/abdy/Desktop/diploma/kg/model_parameters/kg.cd_cont_500/mixture_weights
-invarfn		/home/abdy/Desktop/diploma/kg/model_parameters/kg.cd_cont_500/variances
-ninc		1	2
-outmeanfn		/home/abdy/Desktop/diploma/kg/model_parameters/kg.cd_cont_initial/means
-outmixwfn		/home/abdy/Desktop/diploma/kg/model_parameters/kg.cd_cont_initial/mixture_weights
-outvarfn		/home/abdy/Desktop/diploma/kg/model_parameters/kg.cd_cont_initial/variances

INFO: main.c(86): Reading mixing weight file /home/abdy/Desktop/diploma/kg/model_parameters/kg.cd_cont_500/mixture_weights.
INFO: s3mixw_io.c(117): Read /home/abdy/Desktop/diploma/kg/model_parameters/kg.cd_cont_500/mixture_weights [641x1x2 array]
INFO: s3gau_io.c(169): Read /home/abdy/Desktop/diploma/kg/model_parameters/kg.cd_cont_500/means [641x1x2 array]
INFO: s3gau_io.c(169): Read /home/abdy/Desktop/diploma/kg/model_parameters/kg.cd_cont_500/variances [641x1x2 array]
INFO: s3gau_io.c(553): Read /home/abdy/Desktop/diploma/kg/model_parameters/kg.cd_cont_500/mixture_weights [641x1x2 array]
INFO: main.c(151): output n_density == 4
0:1(2.16e+03)0(1.44e+03)
1:1(3.64e+02)0(6.85e+00)
2:0(4.74e+03)1(2.76e+03)
3:0(1.83e+03)1(8.99e+02)
4:0(1.85e+03)1(1.10e+03)
5:0(1.58e+03)1(1.15e+03)
6:0(3.37e+01)1(2.64e+01)
7:1(7.23e+01)0(6.42e+01)
8:0(2.69e+01)1(2.47e+01)
9:0(6.70e+02)1(2.68e+02)
10:1(4.12e+02)0(1.53e+02)
11:0(2.27e+02)1(2.05e+02)
12:0(2.51e+01)1(1.20e+01)
13:0(1.97e+01)1(1.60e+01)
14:1(2.87e+01)0(1.79e+01)
15:0(2.37e+02)1(2.06e+02)
16:0(2.34e+02)1(2.21e+02)
17:0(2.64e+02)1(9.10e+01)
18:0(3.32e+02)1(2.76e+02)
19:0(2.93e+02)1(1.88e+02)
20:0(3.14e+02)1(2.13e+02)
21:0(2.72e+02)1(9.40e+01)
22:0(1.98e+02)1(8.52e+01)
23:1(1.74e+02)0(1.74e+02)
24:0(7.01e+00)1(6.00e+00)
25:1(1.40e+01)0(9.00e+00)
26:1(1.09e+01)0(9.34e+00)
27:0(5.00e+00)1(4.00e+00)
28:1(4.00e+00)0(3.00e+00)
29:0(7.00e+00)1(3.00e+00)
30:1(3.00e+00)0(2.00e+00)
31:0(2.00e+00)1(2.00e+00)
32:1(1.30e+01)0(5.00e+00)
33:0(8.16e+01)1(6.45e+01)
34:1(8.55e+01)0(7.48e+01)
35:0(1.13e+02)1(4.74e+01)
36:0(1.28e+02)1(9.93e+01)
37:0(1.18e+02)1(6.90e+01)
38:0(8.74e+01)1(6.70e+01)
39:1(7.00e+00)0(3.00e+00)
40:1(6.00e+00)0(4.00e+00)
41:0(5.00e+00)1(5.00e+00)
42:1(3.45e+02)0(3.26e+02)
43:0(3.98e+02)1(3.16e+02)
44:0(6.52e+02)1(3.65e+02)
45:1(2.11e+02)0(1.13e+02)
46:1(2.04e+02)0(1.14e+02)
47:0(1.80e+02)1(1.11e+02)
48:1(6.35e+01)0(5.74e+01)
49:1(8.76e+01)0(8.14e+01)
50:1(5.38e+01)0(4.59e+01)
51:1(4.18e+02)0(4.16e+02)
52:0(5.49e+02)1(4.99e+02)
53:0(5.36e+02)1(4.37e+02)
54:1(1.30e+01)0(1.20e+01)
55:0(1.60e+01)1(6.00e+00)
56:0(8.00e+00)1(8.00e+00)
57:0(1.87e+01)1(1.49e+01)
58:1(1.87e+01)0(1.71e+01)
59:1(2.25e+01)0(1.86e+01)
60:1(4.45e+02)0(2.50e+02)
61:1(4.95e+02)0(2.66e+02)
62:0(5.14e+02)1(1.02e+02)
63:1(5.29e+02)0(5.23e+02)
64:1(4.43e+02)0(3.37e+02)
65:0(6.25e+02)1(1.28e+02)
66:0(2.69e+01)1(1.40e+01)
67:0(6.00e+00)1(2.00e+00)
68:0(4.00e+00)1(4.00e+00)
69:1(5.42e+02)0(3.88e+02)
70:0(4.26e+02)1(3.40e+02)
71:0(6.08e+02)1(3.09e+02)
72:0(4.63e+02)1(3.22e+02)
73:1(4.52e+02)0(1.31e+02)
74:0(4.68e+02)1(1.62e+02)
75:0(7.52e+02)1(5.00e+02)
76:0(1.04e+03)1(4.61e+02)
77:0(1.07e+03)1(4.75e+02)
78:0(3.14e+01)1(9.94e+00)
79:0(4.16e+01)1(3.12e+01)
80:1(5.89e+01)0(3.95e+01)
81:1(3.39e+02)0(1.17e+02)
82:0(3.70e+02)1(2.99e+02)
83:1(4.06e+02)0(3.10e+02)
84:0(3.50e+01)1(2.83e+01)
85:1(9.67e+01)0(4.16e+01)
86:1(5.51e+01)0(4.83e+01)
87:0(1.50e+02)1(1.41e+02)
88:0(2.83e+02)1(2.14e+02)
89:0(3.01e+02)1(1.70e+02)
90:1(3.66e+01)0(1.28e+01)
91:0(3.22e+01)1(2.19e+01)
92:0(2.03e+01)1(9.36e+00)
93:1(2.87e+02)0(8.07e+01)
94:1(1.78e+02)0(9.60e+01)
95:0(1.30e+02)1(1.15e+02)
96:1(6.00e+00)0(5.01e+00)
97:0(2.30e+01)1(3.99e+00)
98:0(2.08e+01)1(1.52e+01)
99:0(4.26e+02)1(2.74e+02)
100:0(5.14e+02)1(2.36e+02)
101:0(7.62e+02)1(1.37e+02)
102:0(3.68e+02)1(2.39e+02)
103:1(5.01e+02)0(3.35e+02)
104:0(4.58e+02)1(1.79e+02)
105:0(5.00e+00)1(4.00e+00)
106:1(1.00e+01)0(6.00e+00)
107:0(6.00e+00)1(3.00e+00)
108:1(4.11e+02)0(1.03e+02)
109:0(3.48e+02)1(3.10e+02)
110:0(2.91e+02)1(2.72e+02)
111:0(5.34e+02)1(4.55e+02)
112:1(9.05e+02)0(5.78e+02)
113:0(7.12e+02)1(3.63e+02)
114:1(9.76e+01)0(8.58e+01)
115:1(8.95e+01)0(8.53e+01)
116:1(6.70e+01)0(3.79e+01)
117:0(2.89e+02)1(8.31e+01)
118:0(3.42e+02)1(1.38e+02)
119:0(4.32e+02)1(1.27e+02)
120:0(6.41e+01)1(3.12e+01)
121:1(6.12e+01)0(5.98e+01)
122:1(6.34e+01)0(3.33e+01)
123:1(1.79e+02)0(1.02e+02)
124:0(1.89e+02)1(1.44e+02)
125:0(3.08e+02)1(6.75e+01)
126:0(3.53e+01)1(2.64e+01)
127:1(5.98e+01)0(5.27e+01)
128:0(4.43e+01)1(3.69e+01)
129:1(3.43e+01)0(2.52e+01)
130:1(2.88e+01)0(2.82e+01)
131:0(3.70e+01)1(2.50e+01)
132:0(3.20e+02)1(2.83e+02)
133:0(7.17e+02)1(3.94e+02)
134:0(8.77e+02)1(2.28e+02)
135:0(2.79e+02)1(1.44e+02)
136:0(3.45e+02)1(2.05e+02)
137:0(3.64e+02)1(2.33e+02)
138:0(3.19e+02)1(1.39e+02)
139:0(1.56e+02)1(1.55e+02)
140:0(1.55e+02)1(1.06e+02)
141:0(1.92e+02)1(1.63e+02)
142:0(5.00e-01)1(5.00e-01)
143:0(1.20e+02)1(1.13e+02)
144:0(1.00e+00)1(1.00e+00)
145:1(2.23e+02)0(1.69e+02)
146:1(9.59e+01)0(8.27e+01)
147:0(1.82e+02)1(1.37e+02)
148:0(8.36e+01)1(4.45e+01)
149:0(2.99e+02)1(2.17e+02)
150:0(3.41e+02)1(2.62e+02)
151:0(1.57e+02)1(1.04e+02)
152:0(6.63e+01)1(5.90e+01)
153:0(4.86e+01)1(4.26e+01)
154:0(1.09e+02)1(4.78e+01)
155:1(1.06e+02)0(1.02e+02)
156:1(1.00e+01)0(8.00e+00)
157:0(1.00e+00)1(1.00e-05)
158:0(5.00e-01)1(5.00e-01)
159:1(7.68e+01)0(6.86e+01)
160:0(1.96e+02)1(1.83e+02)
161:0(8.52e+01)1(6.88e+01)
162:1(2.18e+02)0(2.14e+02)
163:0(1.81e+02)1(1.08e+02)
164:0(1.47e+02)1(1.29e+02)
165:0(6.13e+01)1(4.82e+01)
166:1(1.75e+02)0(1.22e+02)
167:0(9.34e+01)1(6.46e+01)
168:1(5.16e+02)0(3.88e+02)
169:0(1.61e+02)1(1.15e+02)
170:1(3.25e+01)0(1.91e+01)
171:0(1.00e+00)1(1.00e+00)
172:0(1.09e+01)1(7.08e+00)
173:0(5.00e-01)1(5.00e-01)
174:0(5.08e+01)1(3.19e+01)
175:0(2.11e+01)1(1.57e+01)
176:1(2.23e+01)0(1.11e+01)
177:1(2.00e+00)0(1.00e+00)
178:1(2.02e+02)0(1.39e+02)
179:0(2.41e+02)1(1.19e+02)
180:0(2.08e+02)1(2.06e+02)
181:0(4.03e+01)1(1.52e+01)
182:0(3.37e+01)1(2.64e+01)
183:1(7.23e+01)0(6.42e+01)
184:0(2.69e+01)1(2.47e+01)
185:0(1.04e+02)1(7.70e+01)
186:0(2.62e+02)1(1.78e+02)
187:0(5.23e+01)1(2.29e+01)
188:1(1.33e+02)0(1.05e+02)
189:0(1.00e+00)1(1.00e+00)
190:0(5.00e-01)1(5.00e-01)
191:0(2.52e+02)1(1.83e+02)
192:1(6.71e+01)0(6.35e+01)
193:0(1.35e+02)1(1.28e+02)
194:1(5.01e-01)0(4.99e-01)
195:0(9.60e+01)1(7.16e+01)
196:0(2.51e+01)1(1.20e+01)
197:0(1.97e+01)1(1.60e+01)
198:1(2.90e+01)0(1.47e+01)
199:1(2.00e+00)0(1.00e+00)
200:0(1.89e+02)1(1.54e+02)
201:0(2.00e+00)1(1.00e+00)
202:1(5.62e+01)0(3.98e+01)
203:0(2.34e+02)1(2.21e+02)
204:1(1.66e+02)0(1.29e+02)
205:0(4.68e+01)1(1.38e+01)
206:1(2.69e+01)0(2.38e+01)
207:0(1.92e+01)1(1.29e+01)
208:1(5.00e-01)0(5.00e-01)
209:1(1.69e+01)0(1.63e+01)
210:0(2.94e+01)1(1.30e+01)
211:0(3.39e+01)1(3.11e+01)
212:0(5.00e-01)1(5.00e-01)
213:0(2.28e+02)1(1.54e+02)
214:0(2.94e+02)1(1.87e+02)
215:0(5.00e-01)1(5.00e-01)
216:0(2.08e+02)1(1.09e+02)
217:0(3.00e+00)1(2.00e+00)
218:0(1.04e+02)1(9.85e+01)
219:0(5.00e-01)1(5.00e-01)
220:0(5.01e-01)1(4.99e-01)
221:0(4.01e+01)1(3.79e+01)
222:1(1.15e+02)0(4.60e+01)
223:1(7.22e+01)0(5.38e+01)
224:0(5.00e-01)1(5.00e-01)
225:0(4.13e+01)1(3.46e+01)
226:0(1.09e+02)1(9.77e+01)
227:0(1.32e+02)1(1.05e+02)
228:0(5.99e+01)1(5.11e+01)
229:0(7.01e+00)1(6.00e+00)
230:1(1.40e+01)0(9.00e+00)
231:1(1.09e+01)0(9.34e+00)
232:0(5.00e+00)1(4.00e+00)
233:0(7.92e-01)1(2.08e-01)
234:0(2.00e+00)1(2.00e+00)
235:0(1.00e+00)1(1.00e+00)
236:0(7.00e+00)1(3.00e+00)
237:1(3.00e+00)0(2.00e+00)
238:0(2.00e+00)1(2.00e+00)
239:1(1.30e+01)0(5.00e+00)
240:0(8.16e+01)1(6.45e+01)
241:1(8.55e+01)0(7.48e+01)
242:0(1.13e+02)1(4.74e+01)
243:0(1.28e+02)1(9.93e+01)
244:0(1.18e+02)1(6.90e+01)
245:0(8.74e+01)1(6.70e+01)
246:1(7.00e+00)0(3.00e+00)
247:1(6.00e+00)0(4.00e+00)
248:0(5.00e+00)1(5.00e+00)
249:0(1.00e+00)1(1.00e+00)
250:1(1.59e+02)0(1.47e+02)
251:0(7.32e+01)1(7.11e+01)
252:1(1.34e+02)0(8.33e+01)
253:1(6.21e-01)0(3.79e-01)
254:0(5.00e-01)1(5.00e-01)
255:0(2.29e+02)1(1.29e+02)
256:0(2.10e+02)1(1.45e+02)
257:0(5.50e-01)1(4.50e-01)
258:0(2.32e+02)1(1.33e+02)
259:0(2.28e+01)1(2.13e+01)
260:0(1.00e+00)1(1.00e+00)
261:1(3.00e+00)0(1.00e+00)
262:0(5.00e-01)1(5.00e-01)
263:0(1.00e+00)1(1.00e+00)
264:0(1.00e+00)1(1.00e+00)
265:0(5.00e-01)1(5.00e-01)
266:0(2.80e+02)1(2.07e+02)
267:1(5.25e-01)0(4.75e-01)
268:0(5.99e+01)1(4.73e+01)
269:0(9.62e+01)1(7.50e+01)
270:0(7.68e+01)1(7.59e+01)
271:0(1.58e+02)1(6.08e+01)
272:1(5.78e+01)0(4.14e+01)
273:0(1.80e+02)1(1.11e+02)
274:1(6.35e+01)0(5.74e+01)
275:1(8.76e+01)0(8.14e+01)
276:1(5.38e+01)0(4.59e+01)
277:0(2.06e+02)1(1.92e+02)
278:0(2.29e+02)1(2.04e+02)
279:0(1.00e+00)1(1.00e+00)
280:1(2.25e+01)0(1.55e+01)
281:0(5.25e-01)1(4.75e-01)
282:0(3.71e+02)1(2.40e+02)
283:1(2.36e+02)0(1.62e+02)
284:0(2.15e+02)1(1.83e+02)
285:1(1.12e+02)0(9.16e+01)
286:0(1.87e+02)1(1.85e+02)
287:0(2.00e+00)1(1.00e+00)
288:0(9.00e+00)1(7.00e+00)
289:0(4.00e+00)1(2.00e+00)
290:0(1.60e+01)1(6.00e+00)
291:0(8.00e+00)1(8.00e+00)
292:0(1.76e+01)1(1.40e+01)
293:1(5.00e-01)0(5.00e-01)
294:0(5.00e-01)1(5.00e-01)
295:1(1.87e+01)0(1.71e+01)
296:1(2.25e+01)0(1.86e+01)
297:0(3.00e+00)1(3.00e+00)
298:0(3.00e+00)1(2.00e+00)
299:0(2.17e+02)1(1.20e+02)
300:1(1.98e+02)0(1.50e+02)
301:0(1.02e+02)1(7.84e+01)
302:1(1.99e+02)0(1.45e+02)
303:0(1.42e+02)1(9.53e+01)
304:0(9.20e+01)1(8.61e+01)
305:0(1.83e+02)1(1.72e+02)
306:0(4.29e+01)1(3.95e+01)
307:0(5.90e+02)1(4.12e+02)
308:0(2.98e+01)1(2.05e+01)
309:0(3.65e+01)1(2.59e+01)
310:1(3.13e+02)0(2.35e+02)
311:1(1.02e+02)0(6.84e+01)
312:0(1.00e+00)1(1.00e+00)
313:1(1.74e+02)0(1.41e+02)
314:0(3.00e+00)1(1.00e+00)
315:1(3.23e+01)0(2.25e+01)
316:0(5.19e+01)1(4.29e+01)
317:0(5.30e+01)1(5.00e+01)
318:1(3.52e+01)0(3.47e+01)
319:1(6.53e+01)0(4.51e+01)
320:0(2.69e+01)1(1.40e+01)
321:0(6.00e+00)1(2.00e+00)
322:0(4.00e+00)1(4.00e+00)
323:0(1.25e+02)1(9.72e+01)
324:0(2.16e+02)1(1.77e+02)
325:0(5.08e-01)1(4.92e-01)
326:0(1.66e+02)1(1.48e+02)
327:0(1.87e+02)1(1.20e+02)
328:1(1.38e+02)0(1.32e+02)
329:0(1.17e+02)1(7.17e+01)
330:0(9.21e+01)1(6.48e+01)
331:0(1.26e+02)1(6.37e+01)
332:0(1.51e+02)1(9.60e+01)
333:0(1.69e+02)1(1.54e+02)
334:1(5.20e+01)0(7.00e+00)
335:0(1.00e+00)1(1.00e+00)
336:1(3.39e+01)0(2.42e+01)
337:0(1.00e+00)1(1.00e+00)
338:0(3.00e+00)1(2.00e+00)
339:0(1.81e+01)1(1.69e+01)
340:0(2.34e+01)1(1.98e+01)
341:0(5.00e-01)1(5.00e-01)
342:1(5.06e+01)0(2.91e+01)
343:0(3.00e+00)1(3.00e+00)
344:0(6.55e+01)1(4.14e+01)
345:0(3.89e+01)1(3.59e+01)
346:0(5.00e-01)1(5.00e-01)
347:0(1.00e+00)1(1.00e+00)
348:0(5.00e-01)1(5.00e-01)
349:0(2.74e+01)1(1.03e+01)
350:1(2.71e+01)0(2.12e+01)
351:1(1.97e+01)0(1.90e+01)
352:0(9.04e+01)1(8.86e+01)
353:1(5.00e-01)0(5.00e-01)
354:1(2.00e+00)0(1.00e+00)
355:0(2.44e+02)1(1.83e+02)
356:1(2.00e+01)0(1.10e+01)
357:0(1.00e+00)1(1.00e+00)
358:0(2.63e+01)1(1.82e+01)
359:0(4.84e+01)1(2.95e+01)
360:1(6.74e-01)0(3.26e-01)
361:0(1.32e+02)1(7.27e+01)
362:0(1.10e+02)1(7.47e+01)
363:0(5.31e+01)1(5.00e+01)
364:0(5.56e+01)1(5.53e+01)
365:0(1.40e+01)1(1.30e+01)
366:0(1.66e+02)1(1.38e+02)
367:1(1.23e+02)0(8.29e+01)
368:1(2.00e+00)0(1.00e+00)
369:1(4.28e+02)0(3.09e+02)
370:1(2.00e+00)0(1.00e+00)
371:1(1.34e+02)0(9.84e+01)
372:1(2.22e+02)0(1.84e+02)
373:1(2.03e+02)0(1.73e+02)
374:1(2.57e+02)0(2.26e+02)
375:0(1.00e+00)1(1.00e+00)
376:0(3.04e+02)1(1.48e+02)
377:1(1.15e+02)0(1.06e+02)
378:0(7.57e+01)1(7.12e+01)
379:1(1.59e+02)0(1.55e+02)
380:0(3.05e+02)1(1.12e+02)
381:0(3.14e+01)1(9.94e+00)
382:0(4.16e+01)1(3.12e+01)
383:1(5.89e+01)0(3.95e+01)
384:1(2.41e+01)0(1.60e+01)
385:0(4.19e+01)1(3.44e+01)
386:0(5.25e-01)1(4.75e-01)
387:0(2.18e+02)1(1.21e+02)
388:0(3.21e+01)1(3.09e+01)
389:0(2.85e+02)1(2.20e+02)
390:0(5.34e+01)1(4.60e+01)
391:0(5.00e-01)1(5.00e-01)
392:1(1.18e+02)0(5.08e+01)
393:0(5.00e-01)1(5.00e-01)
394:0(1.26e+02)1(1.19e+02)
395:0(2.19e+02)1(8.27e+01)
396:0(3.50e+01)1(2.83e+01)
397:1(9.67e+01)0(4.16e+01)
398:1(5.51e+01)0(4.83e+01)
399:1(6.04e-01)0(3.96e-01)
400:1(9.89e+01)0(8.86e+01)
401:0(5.00e-01)1(5.00e-01)
402:0(4.00e+00)1(3.00e+00)
403:1(1.03e+01)0(7.66e+00)
404:1(9.52e-01)0(4.85e-02)
405:1(4.07e+01)0(3.03e+01)
406:0(2.00e+00)1(2.00e+00)
407:0(1.10e+01)1(3.00e+00)
408:0(5.00e-01)1(5.00e-01)
409:0(7.00e+00)1(5.00e+00)
410:0(2.00e+00)1(2.00e+00)
411:0(2.00e+00)1(1.00e+00)
412:1(9.89e+00)0(4.00e+00)
413:0(4.00e+00)1(4.00e+00)
414:0(3.00e+00)1(3.00e+00)
415:0(6.34e+01)1(6.01e+01)
416:1(1.00e+01)0(9.01e+00)
417:1(7.31e-01)0(2.69e-01)
418:0(2.28e+01)1(1.88e+01)
419:1(2.50e+01)0(1.80e+01)
420:0(2.00e+00)1(1.00e+00)
421:1(4.21e+01)0(2.13e+01)
422:0(6.00e+00)1(2.00e+00)
423:0(2.00e+00)1(1.00e+00)
424:1(5.63e-01)0(4.37e-01)
425:0(5.00e-01)1(5.00e-01)
426:0(2.42e+01)1(2.25e+01)
427:0(5.62e+01)1(2.49e+01)
428:1(1.46e+02)0(1.31e+02)
429:0(2.78e+01)1(2.53e+01)
430:1(5.24e-01)0(4.76e-01)
431:1(1.30e+01)0(6.00e+00)
432:0(5.00e-01)1(5.00e-01)
433:0(2.67e+01)1(1.92e+01)
434:0(1.00e+00)1(1.00e+00)
435:0(9.64e+00)1(7.99e+00)
436:0(1.00e+00)1(1.00e+00)
437:1(4.38e+01)0(8.20e+00)
438:1(3.66e+01)0(1.28e+01)
439:0(3.22e+01)1(2.19e+01)
440:0(2.03e+01)1(9.36e+00)
441:0(2.90e+01)1(1.40e+01)
442:0(5.00e-01)1(5.00e-01)
443:0(1.71e+02)1(1.53e+02)
444:0(5.01e-01)1(4.99e-01)
445:1(2.00e+00)0(1.00e+00)
446:1(1.79e+01)0(1.29e+01)
447:1(6.67e-01)0(3.33e-01)
448:0(1.28e+02)1(1.07e+02)
449:1(2.00e+00)0(1.00e+00)
450:1(2.00e+00)0(1.00e+00)
451:0(7.04e-01)1(2.96e-01)
452:0(1.23e+02)1(1.18e+02)
453:1(6.00e+00)0(5.01e+00)
454:0(2.30e+01)1(3.99e+00)
455:0(2.08e+01)1(1.52e+01)
456:1(1.17e+02)0(1.12e+02)
457:0(5.00e-01)1(5.00e-01)
458:1(5.53e-01)0(4.47e-01)
459:1(5.25e-01)0(4.75e-01)
460:0(1.44e+01)1(1.06e+01)
461:1(3.41e+01)0(1.56e+01)
462:0(7.14e+01)1(6.23e+01)
463:1(1.98e+01)0(1.86e+01)
464:0(1.14e+02)1(1.06e+02)
465:1(5.11e-01)0(4.89e-01)
466:0(1.00e+00)1(1.00e+00)
467:0(2.00e+00)1(1.00e+00)
468:0(6.10e-01)1(3.90e-01)
469:0(1.00e+00)1(1.00e+00)
470:0(5.00e-01)1(5.00e-01)
471:0(5.62e+01)1(4.66e+01)
472:0(6.93e+01)1(6.61e+01)
473:0(2.33e+02)1(1.83e+02)
474:1(5.02e-01)0(4.98e-01)
475:1(6.45e+01)0(2.12e+01)
476:1(4.07e+01)0(2.21e+01)
477:1(5.17e-01)0(4.83e-01)
478:0(4.83e+01)1(3.46e+01)
479:0(5.00e-01)1(5.00e-01)
480:0(5.00e-01)1(5.00e-01)
481:1(1.71e+02)0(1.51e+02)
482:1(6.09e+01)0(4.99e+01)
483:1(6.25e-01)0(3.75e-01)
484:0(1.19e+02)1(5.84e+01)
485:0(7.77e+01)1(6.09e+01)
486:0(5.05e-01)1(4.95e-01)
487:1(9.31e+01)0(5.95e+01)
488:0(2.32e+02)1(2.23e+02)
489:0(9.98e+01)1(2.51e+01)
490:1(4.09e+02)0(3.02e+02)
491:1(2.30e+02)0(2.00e+02)
492:1(5.87e+01)0(5.36e+01)
493:1(5.05e+01)0(4.41e+01)
494:0(5.00e+00)1(4.00e+00)
495:1(1.00e+01)0(6.00e+00)
496:0(6.00e+00)1(3.00e+00)
497:0(6.35e+01)1(5.30e+01)
498:1(2.05e+02)0(1.92e+02)
499:0(3.48e+02)1(3.10e+02)
500:0(1.58e+02)1(1.51e+02)
501:1(1.31e+02)0(1.24e+02)
502:0(4.06e+02)1(2.45e+02)
503:1(1.69e+02)0(1.69e+02)
504:0(9.00e+00)1(5.00e+00)
505:0(3.39e+01)1(2.97e+01)
506:1(1.01e+02)0(8.79e+01)
507:1(2.70e+02)0(1.99e+02)
508:0(5.26e+02)1(2.22e+02)
509:0(1.53e+02)1(1.15e+02)
510:0(2.30e+01)1(2.20e+01)
511:1(4.00e+00)0(3.00e+00)
512:1(4.40e+01)0(6.00e+00)
513:1(4.41e+01)0(3.68e+01)
514:0(1.31e+01)1(5.99e+00)
515:0(1.00e+00)1(1.00e+00)
516:1(2.54e+01)0(2.37e+01)
517:0(1.04e+02)1(5.86e+01)
518:1(6.55e+01)0(5.69e+01)
519:0(2.41e+01)1(2.39e+01)
520:0(2.00e+00)1(2.00e+00)
521:0(1.32e+02)1(8.46e+01)
522:1(9.76e+01)0(8.58e+01)
523:1(8.95e+01)0(8.53e+01)
524:1(6.70e+01)0(3.79e+01)
525:0(8.02e+01)1(7.98e+01)
526:0(3.00e+00)1(2.00e+00)
527:1(2.19e+01)0(1.59e+01)
528:0(5.00e-01)1(5.00e-01)
529:0(4.00e+00)1(2.00e+00)
530:1(5.03e-01)0(4.97e-01)
531:0(4.88e+01)1(3.97e+01)
532:1(2.00e+00)0(1.00e+00)
533:1(5.04e-01)0(4.96e-01)
534:1(3.98e+01)0(2.50e+01)
535:0(1.00e+00)1(1.00e+00)
536:0(1.00e+00)1(1.00e+00)
537:0(5.00e-01)1(5.00e-01)
538:0(3.53e+01)1(1.72e+01)
539:0(5.26e-01)1(4.74e-01)
540:0(5.21e-01)1(4.79e-01)
541:0(1.61e+02)1(1.08e+02)
542:0(1.00e+01)1(4.00e+00)
543:1(7.96e+01)0(6.21e+01)
544:0(3.68e+01)1(2.03e+01)
545:0(2.00e+00)1(1.00e+00)
546:0(6.79e-01)1(3.21e-01)
547:1(5.04e-01)0(4.96e-01)
548:1(3.00e+00)0(2.00e+00)
549:1(5.00e+00)0(5.00e+00)
550:0(2.00e+00)1(1.00e+00)
551:0(5.00e-01)1(5.00e-01)
552:1(5.75e+01)0(3.30e+01)
553:1(2.44e+01)0(1.72e+01)
554:1(8.02e+01)0(7.06e+01)
555:0(6.23e+01)1(4.73e+01)
556:1(4.70e+01)0(3.83e+01)
557:0(6.41e+01)1(3.12e+01)
558:1(6.12e+01)0(5.98e+01)
559:1(6.34e+01)0(3.33e+01)
560:1(2.00e+00)0(1.00e+00)
561:1(8.04e+01)0(3.79e+01)
562:1(5.00e-01)0(5.00e-01)
563:0(9.91e+01)1(5.87e+01)
564:0(5.00e-01)1(5.00e-01)
565:1(6.00e+00)0(4.00e+00)
566:0(2.00e+00)1(2.00e+00)
567:1(6.10e-01)0(3.90e-01)
568:0(1.77e+02)1(1.40e+02)
569:0(5.00e-01)1(5.00e-01)
570:0(5.00e-01)1(5.00e-01)
571:1(1.87e+01)0(1.80e+01)
572:1(5.00e+00)0(2.00e+00)
573:0(1.50e+02)1(1.30e+02)
574:0(2.69e+01)1(2.41e+01)
575:0(3.53e+01)1(2.64e+01)
576:1(5.98e+01)0(5.27e+01)
577:0(1.00e+00)1(1.00e+00)
578:0(4.24e+01)1(3.69e+01)
579:0(7.07e-01)1(2.93e-01)
580:1(3.08e+01)0(2.47e+01)
581:1(5.25e-01)0(4.75e-01)
582:0(1.00e+00)1(1.00e+00)
583:1(5.02e-01)0(4.98e-01)
584:0(2.86e+01)1(2.54e+01)
585:0(5.00e-01)1(5.00e-01)
586:0(5.25e-01)1(4.75e-01)
587:0(5.00e-01)1(5.00e-01)
588:0(3.47e+01)1(2.44e+01)
589:0(6.33e-01)1(3.67e-01)
590:0(5.00e-01)1(5.00e-01)
591:0(1.92e+02)1(1.46e+02)
592:1(6.70e-01)0(3.30e-01)
593:0(1.00e+00)1(1.00e+00)
594:1(1.55e+02)0(1.07e+02)
595:1(1.70e+02)0(1.35e+02)
596:0(2.20e+02)1(2.01e+02)
597:1(2.00e+00)0(1.00e+00)
598:1(3.00e+00)0(2.00e+00)
599:0(1.00e+00)1(1.00e+00)
600:0(5.00e-01)1(5.00e-01)
601:0(5.68e+01)1(5.65e+01)
602:1(4.04e+01)0(3.82e+01)
603:0(1.01e+02)1(7.80e+01)
604:0(2.00e+00)1(1.00e+00)
605:0(2.00e+00)1(1.00e+00)
606:0(3.88e+01)1(2.91e+01)
607:0(2.00e+00)1(2.00e+00)
608:0(6.10e-01)1(3.90e-01)
609:0(8.37e+01)1(7.27e+01)
610:0(8.07e+01)1(3.39e+01)
611:0(6.92e+01)1(3.38e+01)
612:0(1.09e+02)1(8.47e+01)
613:0(1.00e+00)1(1.00e+00)
614:0(1.54e+02)1(9.39e+01)
615:1(8.44e+01)0(6.23e+01)
616:0(3.83e+01)1(2.69e+01)
617:1(7.24e+01)0(3.71e+01)
618:0(7.20e-01)1(2.80e-01)
619:1(4.13e+01)0(3.93e+01)
620:1(8.16e+01)0(6.91e+01)
621:1(4.83e+01)0(3.18e+01)
622:0(1.00e+00)1(1.00e+00)
623:0(1.00e+00)1(1.00e+00)
624:0(1.63e+02)1(1.39e+02)
625:0(1.33e+02)1(1.14e+02)
626:0(1.00e+00)1(1.00e+00)
627:0(2.94e+01)1(2.72e+01)
628:0(6.00e+00)1(3.00e+00)
629:1(5.24e-01)0(4.76e-01)
630:0(6.21e+01)1(3.00e+01)
631:0(1.00e+00)1(1.00e+00)
632:1(5.00e-01)0(5.00e-01)
633:0(3.00e+00)1(1.00e+00)
634:0(7.43e+01)1(7.18e+01)
635:0(2.10e+01)1(8.00e+00)
636:0(1.82e+02)1(7.21e+01)
637:1(8.27e+01)0(4.51e+01)
638:0(1.92e+02)1(1.38e+02)
639:0(1.56e+02)1(1.55e+02)
640:0(1.55e+02)1(1.06e+02)INFO: s3mixw_io.c(233): Wrote /home/abdy/Desktop/diploma/kg/model_parameters/kg.cd_cont_initial/mixture_weights [641x1x4 array]
INFO: s3gau_io.c(228): Wrote /home/abdy/Desktop/diploma/kg/model_parameters/kg.cd_cont_initial/means [641x1x4 array]
INFO: s3gau_io.c(228): Wrote /home/abdy/Desktop/diploma/kg/model_parameters/kg.cd_cont_initial/variances [641x1x4 array]

Thu May  7 00:24:26 2020
