Current configuration:
[NAME]		[DEFLT]	[VALUE]
-allphones	no	no
-cntthresh	0.00001	1.000000e-05
-csplitmax	100	2000
-csplitmin	1	1
-csplitthr	8e-4	0.000000e+00
-example	no	no
-fullvar	no	no
-help		no	no
-meanfn			/home/abdy/Desktop/diploma/kg/model_parameters/kg.cd_cont_untied/means
-mixwfn			/home/abdy/Desktop/diploma/kg/model_parameters/kg.cd_cont_untied/mixture_weights
-moddeffn		/home/abdy/Desktop/diploma/kg/model_architecture/kg.untied.mdef
-mwfloor	1e-4	1.000000e-08
-phone			d
-psetfn			/home/abdy/Desktop/diploma/kg/model_architecture/kg.tree_questions
-ssplitmax	5	7
-ssplitmin	1	1
-ssplitthr	8e-4	0.000000e+00
-state			0
-stwt			1.0,0.05,0.0,
-treefn			/home/abdy/Desktop/diploma/kg/trees/kg.unpruned/d-0.dtree
-ts2cbfn	.semi.	.cont.
-varfloor	0.00001	1.000000e-05
-varfn			/home/abdy/Desktop/diploma/kg/model_parameters/kg.cd_cont_untied/variances

INFO: main.c(223): Reading: /home/abdy/Desktop/diploma/kg/model_architecture/kg.untied.mdef
INFO: model_def_io.c(573): Model definition info:
INFO: model_def_io.c(574): 10297 total models defined (47 base, 10250 tri)
INFO: model_def_io.c(575): 41188 total states
INFO: model_def_io.c(576): 30891 total tied states
INFO: model_def_io.c(577): 141 total tied CI states
INFO: model_def_io.c(578): 47 total tied transition matrices
INFO: model_def_io.c(579): 4 max state/model
INFO: model_def_io.c(580): 4 min state/model
INFO: main.c(242): Building trees for [d SIL a b] through [d zh u i]
INFO: main.c(269): Covering states |[4611 5378]| == 768
INFO: main.c(275): Reading: /home/abdy/Desktop/diploma/kg/model_parameters/kg.cd_cont_untied/mixture_weights
INFO: s3mixw_io.c(173): Read /home/abdy/Desktop/diploma/kg/model_parameters/kg.cd_cont_untied/mixture_weights [768x1x1 array]
INFO: main.c(311): 83 of 256 models have observation count greater than 0.000010
INFO: main.c(95): nrm stwt: 0.952 0.048 0.000 
INFO: s3gau_io.c(169): Read /home/abdy/Desktop/diploma/kg/model_parameters/kg.cd_cont_untied/means [30891x1x1 array]
INFO: s3gau_io.c(169): Read /home/abdy/Desktop/diploma/kg/model_parameters/kg.cd_cont_untied/variances [30891x1x1 array]
INFO: main.c(549): Reading: /home/abdy/Desktop/diploma/kg/model_architecture/kg.tree_questions
INFO: main.c(588): 174 total simple questions (166 phone; 8 word bndry)
INFO: main.c(590): 40 Left Only questions, and 42 Right Only questions
INFO: dtree.c(1478): Final simple tree
|( WDBNDRY_B 0 -1.100e+05 5.323e+02 4.528e+02
|    ( QUESTION2_12_L -1 -2.643e+04 4.872e+02 1.085e+02
|        ( - 2.427e+02 1 0)
|        ( QUESTION10 -1 -2.619e+04 1.910e+02 1.075e+02
|            ( - -1.464e+04 11 0 QUESTION0_3_R 1 1.578e+02 6.103e+01)
|            ( - -1.135e+04 11 0 SILENCE -1 1.778e+02 4.644e+01)))
|    ( QUESTION15 -1 -8.306e+04 3.639e+02 3.443e+02
|        ( - -2.373e+04 15 0 QUESTION11 1 1.594e+02 1.004e+02)
|        ( QUESTION13 -1 -5.897e+04 2.372e+02 2.439e+02
|            ( - -1.534e+04 9 0 QUESTION11 1 1.287e+02 6.406e+01)
|            ( QUESTION0_9_R 1 -4.340e+04 2.224e+02 1.799e+02
|                ( - -4.575e+02 1 0)
|                ( QUESTION2_0_L -1 -4.272e+04 2.025e+02 1.769e+02
|                    ( - -3.396e+04 24 0 QUESTION0_6_R 1 1.727e+02 1.420e+02)
|                    ( - -8.551e+03 11 0 QUESTION11 1 1.061e+02 3.488e+01))))))
s>    ( WDBNDRY_B 0 -1.100e+05 5.323e+02 4.528e+02
s>        ( QUESTION2_12_L -1 -2.643e+04 4.872e+02 1.085e+02
s>            ( - 2.427e+02 1 0)
s>            ( QUESTION10 -1 -2.619e+04 1.910e+02 1.075e+02
s>                ( - -1.464e+04 11 0 QUESTION0_3_R 1 1.578e+02 6.103e+01)
s>                ( - -1.135e+04 11 0 SILENCE -1 1.778e+02 4.644e+01)))
s>        ( QUESTION15 -1 -8.306e+04 3.639e+02 3.443e+02
s>            ( - -2.373e+04 15 0 QUESTION11 1 1.594e+02 1.004e+02)
s>            ( QUESTION13 -1 -5.897e+04 2.372e+02 2.439e+02
s>                ( - -1.534e+04 9 0 QUESTION11 1 1.287e+02 6.406e+01)
s>                ( QUESTION0_9_R 1 -4.340e+04 2.224e+02 1.799e+02
s>                    ( - -4.575e+02 1 0)
s>                    ( QUESTION2_0_L -1 -4.272e+04 2.025e+02 1.769e+02
s>                        ( - -3.396e+04 24 0 QUESTION0_6_R 1 1.727e+02 1.420e+02)
s>                        ( - -8.551e+03 11 0 QUESTION11 1 1.061e+02 3.488e+01))))))INFO: dtree.c(1315): Comp split 0
INFO: dtree.c(1478): Final simple tree
|( QUESTION2_12_L -1 -3.517e+04 4.882e+02 1.433e+02
|    ( - 2.427e+02 1 0)
|    ( SILENCE -1 -3.493e+04 2.111e+02 1.423e+02
|        ( - -3.648e+03 3 0 QUESTION11 1 1.040e+02 1.593e+01)
|        ( QUESTION0 -1 -3.107e+04 1.998e+02 1.264e+02
|            ( QUESTION3 -1 -1.623e+04 1.500e+02 6.538e+01
|                ( WDBNDRY_B 0 -1.067e+04 1.516e+02 4.388e+01
|                    ( QUESTION0_3_R 1 -2.801e+03 1.626e+02 1.200e+01
|                        ( - -5.793e+02 1 0)
|                        ( - -2.059e+03 2 0 QUESTION2_6_L -1 1.098e+02 8.998e+00))
|                    ( - -7.721e+03 8 0 QUESTION11 1 1.224e+02 3.188e+01))
|                ( - -5.405e+03 8 0 QUESTION2_6_L -1 9.381e+01 2.151e+01))
|            ( QUESTION0_3_R 1 -1.464e+04 1.578e+02 6.103e+01
|                ( - -4.352e+03 5 0 QUESTION2_1_L -1 1.124e+02 1.859e+01)
|                ( - -1.013e+04 6 0 QUESTION13 -1 1.420e+02 4.244e+01)))))
s>    ( QUESTION2_12_L -1 -3.517e+04 4.882e+02 1.433e+02
s>        ( - 2.427e+02 1 0)
s>        ( SILENCE -1 -3.493e+04 2.111e+02 1.423e+02
s>            ( - -3.648e+03 3 0 QUESTION11 1 1.040e+02 1.593e+01)
s>            ( QUESTION0 -1 -3.107e+04 1.998e+02 1.264e+02
s>                ( QUESTION3 -1 -1.623e+04 1.500e+02 6.538e+01
s>                    ( WDBNDRY_B 0 -1.067e+04 1.516e+02 4.388e+01
s>                        ( QUESTION0_3_R 1 -2.801e+03 1.626e+02 1.200e+01
s>                            ( - -5.793e+02 1 0)
s>                            ( - -2.059e+03 2 0 QUESTION2_6_L -1 1.098e+02 8.998e+00))
s>                        ( - -7.721e+03 8 0 QUESTION11 1 1.224e+02 3.188e+01))
s>                    ( - -5.405e+03 8 0 QUESTION2_6_L -1 9.381e+01 2.151e+01))
s>                ( QUESTION0_3_R 1 -1.464e+04 1.578e+02 6.103e+01
s>                    ( - -4.352e+03 5 0 QUESTION2_1_L -1 1.124e+02 1.859e+01)
s>                    ( - -1.013e+04 6 0 QUESTION13 -1 1.420e+02 4.244e+01)))))INFO: dtree.c(1478): Final simple tree
|( QUESTION15 -1 -7.425e+04 3.179e+02 3.095e+02
|    ( QUESTION11 1 -2.373e+04 1.594e+02 1.004e+02
|        ( - -1.191e+04 2 0 QUESTION16 -1 1.232e+02 5.178e+01)
|        ( - -1.166e+04 13 0 QUESTION0_5_R 1 1.213e+02 4.863e+01))
|    ( QUESTION13 -1 -5.021e+04 2.325e+02 2.091e+02
|        ( - -1.534e+04 9 0 QUESTION11 1 1.287e+02 6.406e+01)
|        ( QUESTION0_9_R 1 -3.464e+04 2.190e+02 1.450e+02
|            ( - -4.575e+02 1 0)
|            ( QUESTION0_6_R 1 -3.396e+04 1.727e+02 1.420e+02
|                ( QUESTION12 -1 -5.019e+03 1.476e+02 2.193e+01
|                    ( - -2.441e+03 2 0)
|                    ( - -2.431e+03 2 0 QUESTION0 -1 1.342e+02 1.083e+01))
|                ( QUESTION0_7_R 1 -2.877e+04 1.528e+02 1.201e+02
|                    ( - -9.522e+03 6 0 QUESTION12 -1 1.247e+02 4.066e+01)
|                    ( - -1.910e+04 14 0 QUESTION0_2_R 1 1.366e+02 7.941e+01))))))
s>    ( QUESTION15 -1 -7.425e+04 3.179e+02 3.095e+02
s>        ( QUESTION11 1 -2.373e+04 1.594e+02 1.004e+02
s>            ( - -1.191e+04 2 0 QUESTION16 -1 1.232e+02 5.178e+01)
s>            ( - -1.166e+04 13 0 QUESTION0_5_R 1 1.213e+02 4.863e+01))
s>        ( QUESTION13 -1 -5.021e+04 2.325e+02 2.091e+02
s>            ( - -1.534e+04 9 0 QUESTION11 1 1.287e+02 6.406e+01)
s>            ( QUESTION0_9_R 1 -3.464e+04 2.190e+02 1.450e+02
s>                ( - -4.575e+02 1 0)
s>                ( QUESTION0_6_R 1 -3.396e+04 1.727e+02 1.420e+02
s>                    ( QUESTION12 -1 -5.019e+03 1.476e+02 2.193e+01
s>                        ( - -2.441e+03 2 0)
s>                        ( - -2.431e+03 2 0 QUESTION0 -1 1.342e+02 1.083e+01))
s>                    ( QUESTION0_7_R 1 -2.877e+04 1.528e+02 1.201e+02
s>                        ( - -9.522e+03 6 0 QUESTION12 -1 1.247e+02 4.066e+01)
s>                        ( - -1.910e+04 14 0 QUESTION0_2_R 1 1.366e+02 7.941e+01))))))INFO: dtree.c(1315): Comp split 1
INFO: dtree.c(1478): Final simple tree
|( SILENCE -1 -3.493e+04 2.111e+02 1.423e+02
|    ( - -3.648e+03 3 0 QUESTION11 1 1.040e+02 1.593e+01)
|    ( QUESTION0 -1 -3.107e+04 1.998e+02 1.264e+02
|        ( QUESTION3 -1 -1.623e+04 1.500e+02 6.538e+01
|            ( WDBNDRY_B 0 -1.067e+04 1.516e+02 4.388e+01
|                ( QUESTION0_3_R 1 -2.801e+03 1.626e+02 1.200e+01
|                    ( - -5.793e+02 1 0)
|                    ( - -2.059e+03 2 0 QUESTION2_6_L -1 1.098e+02 8.998e+00))
|                ( - -7.721e+03 8 0 QUESTION11 1 1.224e+02 3.188e+01))
|            ( - -5.405e+03 8 0 QUESTION2_6_L -1 9.381e+01 2.151e+01))
|        ( QUESTION0_3_R 1 -1.464e+04 1.578e+02 6.103e+01
|            ( - -4.352e+03 5 0 QUESTION2_1_L -1 1.124e+02 1.859e+01)
|            ( QUESTION13 -1 -1.013e+04 1.420e+02 4.244e+01
|                ( - -3.538e+03 2 0 QUESTION16 -1 1.004e+02 1.548e+01)
|                ( - -6.451e+03 4 0 QUESTION11 -1 1.233e+02 2.696e+01)))))
s>    ( SILENCE -1 -3.493e+04 2.111e+02 1.423e+02
s>        ( - -3.648e+03 3 0 QUESTION11 1 1.040e+02 1.593e+01)
s>        ( QUESTION0 -1 -3.107e+04 1.998e+02 1.264e+02
s>            ( QUESTION3 -1 -1.623e+04 1.500e+02 6.538e+01
s>                ( WDBNDRY_B 0 -1.067e+04 1.516e+02 4.388e+01
s>                    ( QUESTION0_3_R 1 -2.801e+03 1.626e+02 1.200e+01
s>                        ( - -5.793e+02 1 0)
s>                        ( - -2.059e+03 2 0 QUESTION2_6_L -1 1.098e+02 8.998e+00))
s>                    ( - -7.721e+03 8 0 QUESTION11 1 1.224e+02 3.188e+01))
s>                ( - -5.405e+03 8 0 QUESTION2_6_L -1 9.381e+01 2.151e+01))
s>            ( QUESTION0_3_R 1 -1.464e+04 1.578e+02 6.103e+01
s>                ( - -4.352e+03 5 0 QUESTION2_1_L -1 1.124e+02 1.859e+01)
s>                ( QUESTION13 -1 -1.013e+04 1.420e+02 4.244e+01
s>                    ( - -3.538e+03 2 0 QUESTION16 -1 1.004e+02 1.548e+01)
s>                    ( - -6.451e+03 4 0 QUESTION11 -1 1.233e+02 2.696e+01)))))INFO: dtree.c(1315): Comp split 2
INFO: dtree.c(1478): Final simple tree
|( QUESTION13 -1 -5.021e+04 2.325e+02 2.091e+02
|    ( - -1.534e+04 9 0 QUESTION11 1 1.287e+02 6.406e+01)
|    ( QUESTION0_9_R 1 -3.464e+04 2.190e+02 1.450e+02
|        ( - -4.575e+02 1 0)
|        ( QUESTION0_6_R 1 -3.396e+04 1.727e+02 1.420e+02
|            ( QUESTION12 -1 -5.019e+03 1.476e+02 2.193e+01
|                ( - -2.441e+03 2 0)
|                ( QUESTION0 -1 -2.431e+03 1.342e+02 1.083e+01
|                    ( - -1.630e+03 1 0)
|                    ( - -6.666e+02 1 0)))
|            ( QUESTION0_7_R 1 -2.877e+04 1.528e+02 1.201e+02
|                ( - -9.522e+03 6 0 QUESTION12 -1 1.247e+02 4.066e+01)
|                ( QUESTION0_2_R 1 -1.910e+04 1.366e+02 7.941e+01
|                    ( - -1.813e+04 13 0 QUESTION2_1_L -1 1.225e+02 7.541e+01)
|                    ( - -8.287e+02 1 0))))))
s>    ( QUESTION13 -1 -5.021e+04 2.325e+02 2.091e+02
s>        ( - -1.534e+04 9 0 QUESTION11 1 1.287e+02 6.406e+01)
s>        ( QUESTION0_9_R 1 -3.464e+04 2.190e+02 1.450e+02
s>            ( - -4.575e+02 1 0)
s>            ( QUESTION0_6_R 1 -3.396e+04 1.727e+02 1.420e+02
s>                ( QUESTION12 -1 -5.019e+03 1.476e+02 2.193e+01
s>                    ( - -2.441e+03 2 0)
s>                    ( QUESTION0 -1 -2.431e+03 1.342e+02 1.083e+01
s>                        ( - -1.630e+03 1 0)
s>                        ( - -6.666e+02 1 0)))
s>                ( QUESTION0_7_R 1 -2.877e+04 1.528e+02 1.201e+02
s>                    ( - -9.522e+03 6 0 QUESTION12 -1 1.247e+02 4.066e+01)
s>                    ( QUESTION0_2_R 1 -1.910e+04 1.366e+02 7.941e+01
s>                        ( - -1.813e+04 13 0 QUESTION2_1_L -1 1.225e+02 7.541e+01)
s>                        ( - -8.287e+02 1 0))))))INFO: dtree.c(1478): Final simple tree
|( QUESTION11 1 -2.373e+04 1.594e+02 1.004e+02
|    ( QUESTION16 -1 -1.191e+04 1.232e+02 5.178e+01
|        ( - -2.691e+03 1 0)
|        ( - -9.093e+03 1 0))
|    ( QUESTION0_5_R 1 -1.166e+04 1.213e+02 4.863e+01
|        ( QUESTION0_6_R 1 -3.073e+03 7.344e+01 1.346e+01
|            ( - -1.237e+03 1 0)
|            ( QUESTION16 -1 -1.763e+03 8.490e+01 8.004e+00
|                ( - -4.382e+02 1 0)
|                ( - -1.240e+03 1 0)))
|        ( QUESTION13 1 -8.468e+03 1.110e+02 3.518e+01
|            ( - -4.104e+02 1 0)
|            ( QUESTION17 -1 -7.946e+03 9.550e+01 3.318e+01
|                ( - -1.612e+03 2 0 QUESTION0_3_R 1 6.319e+01 6.980e+00)
|                ( - -6.239e+03 7 0 QUESTION0_3_R 1 6.237e+01 2.620e+01)))))
s>    ( QUESTION11 1 -2.373e+04 1.594e+02 1.004e+02
s>        ( QUESTION16 -1 -1.191e+04 1.232e+02 5.178e+01
s>            ( - -2.691e+03 1 0)
s>            ( - -9.093e+03 1 0))
s>        ( QUESTION0_5_R 1 -1.166e+04 1.213e+02 4.863e+01
s>            ( QUESTION0_6_R 1 -3.073e+03 7.344e+01 1.346e+01
s>                ( - -1.237e+03 1 0)
s>                ( QUESTION16 -1 -1.763e+03 8.490e+01 8.004e+00
s>                    ( - -4.382e+02 1 0)
s>                    ( - -1.240e+03 1 0)))
s>            ( QUESTION13 1 -8.468e+03 1.110e+02 3.518e+01
s>                ( - -4.104e+02 1 0)
s>                ( QUESTION17 -1 -7.946e+03 9.550e+01 3.318e+01
s>                    ( - -1.612e+03 2 0 QUESTION0_3_R 1 6.319e+01 6.980e+00)
s>                    ( - -6.239e+03 7 0 QUESTION0_3_R 1 6.237e+01 2.620e+01)))))INFO: dtree.c(1315): Comp split 3
INFO: dtree.c(1439): stop. leaf nodes are specific
INFO: dtree.c(1478): Final simple tree
|( QUESTION12 1 -1.631e+04 1.540e+02 6.806e+01
|    ( QUESTION0_5_R 1 -1.286e+04 1.254e+02 5.406e+01
|        ( QUESTION0_6_R 1 -1.567e+03 6.488e+01 6.832e+00
|            ( - -1.978e+02 1 0)
|            ( - -1.304e+03 1 0))
|        ( QUESTION0_3_R 1 -1.116e+04 1.132e+02 4.723e+01
|            ( QUESTION13 1 -6.398e+03 9.808e+01 2.740e+01
|                ( - -3.710e+02 1 0)
|                ( - -5.929e+03 3 0))
|            ( - -4.653e+03 1 0)))
|    ( QUESTION0_2_R 1 -3.298e+03 1.185e+02 1.400e+01
|        ( - -2.351e+03 2 0)
|        ( - -8.287e+02 1 0)))
s>    ( QUESTION12 1 -1.631e+04 1.540e+02 6.806e+01
s>        ( QUESTION0_5_R 1 -1.286e+04 1.254e+02 5.406e+01
s>            ( QUESTION0_6_R 1 -1.567e+03 6.488e+01 6.832e+00
s>                ( - -1.978e+02 1 0)
s>                ( - -1.304e+03 1 0))
s>            ( QUESTION0_3_R 1 -1.116e+04 1.132e+02 4.723e+01
s>                ( QUESTION13 1 -6.398e+03 9.808e+01 2.740e+01
s>                    ( - -3.710e+02 1 0)
s>                    ( - -5.929e+03 3 0))
s>                ( - -4.653e+03 1 0)))
s>        ( QUESTION0_2_R 1 -3.298e+03 1.185e+02 1.400e+01
s>            ( - -2.351e+03 2 0)
s>            ( - -8.287e+02 1 0)))INFO: dtree.c(1478): Final simple tree
|( QUESTION0_2_R 1 -3.367e+04 2.185e+02 1.410e+02
|    ( QUESTION0_6_R 1 -3.299e+04 1.681e+02 1.380e+02
|        ( QUESTION12 -1 -5.019e+03 1.476e+02 2.193e+01
|            ( - -2.441e+03 2 0)
|            ( QUESTION0 -1 -2.431e+03 1.342e+02 1.083e+01
|                ( - -1.630e+03 1 0)
|                ( - -6.666e+02 1 0)))
|        ( QUESTION0_7_R 1 -2.780e+04 1.493e+02 1.161e+02
|            ( QUESTION12 -1 -9.522e+03 1.247e+02 4.066e+01
|                ( - -1.522e+03 2 0)
|                ( - -7.875e+03 4 0 QUESTION0 -1 1.130e+02 3.366e+01))
|            ( QUESTION2_1_L -1 -1.813e+04 1.225e+02 7.541e+01
|                ( - -4.533e+03 3 0 QUESTION0_3_R 1 7.611e+01 1.931e+01)
|                ( - -1.348e+04 10 0 QUESTION19 1 1.123e+02 5.610e+01))))
|    ( - -4.575e+02 1 0))
s>    ( QUESTION0_2_R 1 -3.367e+04 2.185e+02 1.410e+02
s>        ( QUESTION0_6_R 1 -3.299e+04 1.681e+02 1.380e+02
s>            ( QUESTION12 -1 -5.019e+03 1.476e+02 2.193e+01
s>                ( - -2.441e+03 2 0)
s>                ( QUESTION0 -1 -2.431e+03 1.342e+02 1.083e+01
s>                    ( - -1.630e+03 1 0)
s>                    ( - -6.666e+02 1 0)))
s>            ( QUESTION0_7_R 1 -2.780e+04 1.493e+02 1.161e+02
s>                ( QUESTION12 -1 -9.522e+03 1.247e+02 4.066e+01
s>                    ( - -1.522e+03 2 0)
s>                    ( - -7.875e+03 4 0 QUESTION0 -1 1.130e+02 3.366e+01))
s>                ( QUESTION2_1_L -1 -1.813e+04 1.225e+02 7.541e+01
s>                    ( - -4.533e+03 3 0 QUESTION0_3_R 1 7.611e+01 1.931e+01)
s>                    ( - -1.348e+04 10 0 QUESTION19 1 1.123e+02 5.610e+01))))
s>        ( - -4.575e+02 1 0))INFO: dtree.c(1315): Comp split 4
INFO: dtree.c(1439): stop. leaf nodes are specific
INFO: dtree.c(1478): Final simple tree
|( QUESTION0_3_R 1 -8.014e+03 1.241e+02 3.407e+01
|    ( QUESTION2_1_L -1 -4.352e+03 1.124e+02 1.859e+01
|        ( QUESTION11 -1 -1.164e+03 8.402e+01 5.177e+00
|            ( - -6.349e+02 1 0)
|            ( - -4.451e+02 1 0))
|        ( QUESTION14 -1 -3.075e+03 9.915e+01 1.342e+01
|            ( - -3.938e+02 1 0)
|            ( QUESTION13 -1 -2.582e+03 8.155e+01 1.142e+01
|                ( - -1.078e+03 1 0)
|                ( - -1.423e+03 1 0))))
|    ( QUESTION16 -1 -3.538e+03 1.004e+02 1.548e+01
|        ( - -8.234e+02 1 0)
|        ( - -2.614e+03 1 0)))
s>    ( QUESTION0_3_R 1 -8.014e+03 1.241e+02 3.407e+01
s>        ( QUESTION2_1_L -1 -4.352e+03 1.124e+02 1.859e+01
s>            ( QUESTION11 -1 -1.164e+03 8.402e+01 5.177e+00
s>                ( - -6.349e+02 1 0)
s>                ( - -4.451e+02 1 0))
s>            ( QUESTION14 -1 -3.075e+03 9.915e+01 1.342e+01
s>                ( - -3.938e+02 1 0)
s>                ( QUESTION13 -1 -2.582e+03 8.155e+01 1.142e+01
s>                    ( - -1.078e+03 1 0)
s>                    ( - -1.423e+03 1 0))))
s>        ( QUESTION16 -1 -3.538e+03 1.004e+02 1.548e+01
s>            ( - -8.234e+02 1 0)
s>            ( - -2.614e+03 1 0)))INFO: dtree.c(1478): Final simple tree
|( SILENCE -1 -2.669e+04 2.072e+02 1.083e+02
|    ( - -3.648e+03 3 0 QUESTION11 1 1.040e+02 1.593e+01)
|    ( QUESTION3 -1 -2.284e+04 1.660e+02 9.234e+01
|        ( WDBNDRY_B 0 -1.067e+04 1.516e+02 4.388e+01
|            ( QUESTION0_3_R 1 -2.801e+03 1.626e+02 1.200e+01
|                ( - -5.793e+02 1 0)
|                ( - -2.059e+03 2 0 QUESTION2_6_L -1 1.098e+02 8.998e+00))
|            ( QUESTION11 1 -7.721e+03 1.224e+02 3.188e+01
|                ( - -2.522e+03 2 0 QUESTION0_3_R 1 1.061e+02 1.104e+01)
|                ( - -5.077e+03 6 0 QUESTION0_3_R 1 9.865e+01 2.083e+01)))
|        ( QUESTION0 -1 -1.200e+04 1.399e+02 4.847e+01
|            ( - -5.405e+03 8 0 QUESTION2_6_L -1 9.381e+01 2.151e+01)
|            ( QUESTION11 -1 -6.451e+03 1.233e+02 2.696e+01
|                ( - -2.326e+03 1 0)
|                ( - -4.002e+03 3 0)))))
s>    ( SILENCE -1 -2.669e+04 2.072e+02 1.083e+02
s>        ( - -3.648e+03 3 0 QUESTION11 1 1.040e+02 1.593e+01)
s>        ( QUESTION3 -1 -2.284e+04 1.660e+02 9.234e+01
s>            ( WDBNDRY_B 0 -1.067e+04 1.516e+02 4.388e+01
s>                ( QUESTION0_3_R 1 -2.801e+03 1.626e+02 1.200e+01
s>                    ( - -5.793e+02 1 0)
s>                    ( - -2.059e+03 2 0 QUESTION2_6_L -1 1.098e+02 8.998e+00))
s>                ( QUESTION11 1 -7.721e+03 1.224e+02 3.188e+01
s>                    ( - -2.522e+03 2 0 QUESTION0_3_R 1 1.061e+02 1.104e+01)
s>                    ( - -5.077e+03 6 0 QUESTION0_3_R 1 9.865e+01 2.083e+01)))
s>            ( QUESTION0 -1 -1.200e+04 1.399e+02 4.847e+01
s>                ( - -5.405e+03 8 0 QUESTION2_6_L -1 9.381e+01 2.151e+01)
s>                ( QUESTION11 -1 -6.451e+03 1.233e+02 2.696e+01
s>                    ( - -2.326e+03 1 0)
s>                    ( - -4.002e+03 3 0)))))INFO: dtree.c(1315): Comp split 5
INFO: dtree.c(1478): Final simple tree
|( WDBNDRY_B 0 -1.306e+04 1.291e+02 5.234e+01
|    ( QUESTION0 -1 -7.025e+03 1.244e+02 2.850e+01
|        ( QUESTION1 -1 -4.575e+03 9.543e+01 1.851e+01
|            ( QUESTION0_3_R 1 -1.817e+03 8.392e+01 7.498e+00
|                ( - -7.427e+02 1 0)
|                ( - -9.908e+02 1 0))
|            ( QUESTION0_3_R 1 -2.662e+03 1.161e+02 1.101e+01
|                ( - -1.103e+03 1 0)
|                ( QUESTION2_6_L -1 -1.442e+03 9.143e+01 6.011e+00
|                    ( - -8.726e+02 1 0)
|                    ( - -4.783e+02 1 0))))
|        ( - -2.326e+03 1 0))
|    ( QUESTION0_5_R 1 -5.902e+03 9.125e+01 2.383e+01
|        ( - -3.213e+03 3 0 QUESTION0_6_R 1 6.283e+01 1.369e+01)
|        ( - -2.597e+03 6 0 QUESTION1 -1 6.316e+01 1.015e+01)))
s>    ( WDBNDRY_B 0 -1.306e+04 1.291e+02 5.234e+01
s>        ( QUESTION0 -1 -7.025e+03 1.244e+02 2.850e+01
s>            ( QUESTION1 -1 -4.575e+03 9.543e+01 1.851e+01
s>                ( QUESTION0_3_R 1 -1.817e+03 8.392e+01 7.498e+00
s>                    ( - -7.427e+02 1 0)
s>                    ( - -9.908e+02 1 0))
s>                ( QUESTION0_3_R 1 -2.662e+03 1.161e+02 1.101e+01
s>                    ( - -1.103e+03 1 0)
s>                    ( QUESTION2_6_L -1 -1.442e+03 9.143e+01 6.011e+00
s>                        ( - -8.726e+02 1 0)
s>                        ( - -4.783e+02 1 0))))
s>            ( - -2.326e+03 1 0))
s>        ( QUESTION0_5_R 1 -5.902e+03 9.125e+01 2.383e+01
s>            ( - -3.213e+03 3 0 QUESTION0_6_R 1 6.283e+01 1.369e+01)
s>            ( - -2.597e+03 6 0 QUESTION1 -1 6.316e+01 1.015e+01)))INFO: dtree.c(1478): Final simple tree
|( QUESTION2_6_L -1 -1.341e+04 1.915e+02 5.594e+01
|    ( WDBNDRY_B 0 -4.938e+03 1.244e+02 2.105e+01
|        ( QUESTION0_3_R 1 -2.292e+03 1.612e+02 1.000e+01
|            ( - -5.793e+02 1 0)
|            ( - -1.552e+03 1 0))
|        ( QUESTION0_3_R 1 -2.522e+03 1.061e+02 1.104e+01
|            ( - -1.812e+03 1 0)
|            ( - -6.042e+02 1 0)))
|    ( SILENCE -1 -8.284e+03 1.422e+02 3.489e+01
|        ( QUESTION11 1 -3.648e+03 1.040e+02 1.593e+01
|            ( - -1.683e+03 1 0)
|            ( - -1.860e+03 2 0 QUESTION0_3_R 1 8.949e+01 8.000e+00))
|        ( QUESTION0 -1 -4.494e+03 9.412e+01 1.896e+01
|            ( - -3.980e+02 1 0)
|            ( - -4.002e+03 3 0))))
s>    ( QUESTION2_6_L -1 -1.341e+04 1.915e+02 5.594e+01
s>        ( WDBNDRY_B 0 -4.938e+03 1.244e+02 2.105e+01
s>            ( QUESTION0_3_R 1 -2.292e+03 1.612e+02 1.000e+01
s>                ( - -5.793e+02 1 0)
s>                ( - -1.552e+03 1 0))
s>            ( QUESTION0_3_R 1 -2.522e+03 1.061e+02 1.104e+01
s>                ( - -1.812e+03 1 0)
s>                ( - -6.042e+02 1 0)))
s>        ( SILENCE -1 -8.284e+03 1.422e+02 3.489e+01
s>            ( QUESTION11 1 -3.648e+03 1.040e+02 1.593e+01
s>                ( - -1.683e+03 1 0)
s>                ( - -1.860e+03 2 0 QUESTION0_3_R 1 8.949e+01 8.000e+00))
s>            ( QUESTION0 -1 -4.494e+03 9.412e+01 1.896e+01
s>                ( - -3.980e+02 1 0)
s>                ( - -4.002e+03 3 0))))INFO: dtree.c(1315): Comp split 6
INFO: dtree.c(1478): Final simple tree
|( QUESTION0_6_R 1 -3.299e+04 1.681e+02 1.380e+02
|    ( QUESTION12 -1 -5.019e+03 1.476e+02 2.193e+01
|        ( - -2.441e+03 2 0)
|        ( QUESTION0 -1 -2.431e+03 1.342e+02 1.083e+01
|            ( - -1.630e+03 1 0)
|            ( - -6.666e+02 1 0)))
|    ( QUESTION0_7_R 1 -2.780e+04 1.493e+02 1.161e+02
|        ( QUESTION12 -1 -9.522e+03 1.247e+02 4.066e+01
|            ( - -1.522e+03 2 0)
|            ( QUESTION0 -1 -7.875e+03 1.130e+02 3.366e+01
|                ( - -7.150e+03 3 0 QUESTION13 1 1.095e+02 3.066e+01)
|                ( - -6.112e+02 1 0)))
|        ( QUESTION2_1_L -1 -1.813e+04 1.225e+02 7.541e+01
|            ( - -4.533e+03 3 0 QUESTION0_3_R 1 7.611e+01 1.931e+01)
|            ( - -1.348e+04 10 0 QUESTION19 1 1.123e+02 5.610e+01))))
s>    ( QUESTION0_6_R 1 -3.299e+04 1.681e+02 1.380e+02
s>        ( QUESTION12 -1 -5.019e+03 1.476e+02 2.193e+01
s>            ( - -2.441e+03 2 0)
s>            ( QUESTION0 -1 -2.431e+03 1.342e+02 1.083e+01
s>                ( - -1.630e+03 1 0)
s>                ( - -6.666e+02 1 0)))
s>        ( QUESTION0_7_R 1 -2.780e+04 1.493e+02 1.161e+02
s>            ( QUESTION12 -1 -9.522e+03 1.247e+02 4.066e+01
s>                ( - -1.522e+03 2 0)
s>                ( QUESTION0 -1 -7.875e+03 1.130e+02 3.366e+01
s>                    ( - -7.150e+03 3 0 QUESTION13 1 1.095e+02 3.066e+01)
s>                    ( - -6.112e+02 1 0)))
s>            ( QUESTION2_1_L -1 -1.813e+04 1.225e+02 7.541e+01
s>                ( - -4.533e+03 3 0 QUESTION0_3_R 1 7.611e+01 1.931e+01)
s>                ( - -1.348e+04 10 0 QUESTION19 1 1.123e+02 5.610e+01))))INFO: dtree.c(1315): Comp split 7
INFO: dtree.c(1478): Final simple tree
|( QUESTION19 1 -2.858e+04 1.494e+02 1.191e+02
|    ( QUESTION0_7_R 1 -1.612e+04 1.175e+02 6.780e+01
|        ( QUESTION12 -1 -8.979e+03 1.269e+02 3.866e+01
|            ( - -1.522e+03 2 0)
|            ( QUESTION0 -1 -7.330e+03 1.190e+02 3.166e+01
|                ( - -6.600e+03 2 0)
|                ( - -6.112e+02 1 0)))
|        ( QUESTION0_6_R 1 -7.019e+03 1.030e+02 2.914e+01
|            ( - -6.666e+02 1 0)
|            ( - -6.249e+03 7 0 QUESTION2_1_L -1 8.011e+01 2.614e+01)))
|    ( QUESTION11 -1 -1.231e+04 1.268e+02 5.126e+01
|        ( - -3.815e+03 2 0)
|        ( QUESTION11 1 -8.373e+03 1.083e+02 3.495e+01
|            ( - -5.654e+03 3 0 QUESTION0 -1 1.012e+02 2.395e+01)
|            ( - -2.611e+03 2 0 QUESTION0_3_R 1 9.002e+01 1.100e+01))))
s>    ( QUESTION19 1 -2.858e+04 1.494e+02 1.191e+02
s>        ( QUESTION0_7_R 1 -1.612e+04 1.175e+02 6.780e+01
s>            ( QUESTION12 -1 -8.979e+03 1.269e+02 3.866e+01
s>                ( - -1.522e+03 2 0)
s>                ( QUESTION0 -1 -7.330e+03 1.190e+02 3.166e+01
s>                    ( - -6.600e+03 2 0)
s>                    ( - -6.112e+02 1 0)))
s>            ( QUESTION0_6_R 1 -7.019e+03 1.030e+02 2.914e+01
s>                ( - -6.666e+02 1 0)
s>                ( - -6.249e+03 7 0 QUESTION2_1_L -1 8.011e+01 2.614e+01)))
s>        ( QUESTION11 -1 -1.231e+04 1.268e+02 5.126e+01
s>            ( - -3.815e+03 2 0)
s>            ( QUESTION11 1 -8.373e+03 1.083e+02 3.495e+01
s>                ( - -5.654e+03 3 0 QUESTION0 -1 1.012e+02 2.395e+01)
s>                ( - -2.611e+03 2 0 QUESTION0_3_R 1 9.002e+01 1.100e+01))))INFO: dtree.c(1439): stop. leaf nodes are specific
INFO: dtree.c(1478): Final simple tree
|( QUESTION0 -1 -4.207e+03 1.364e+02 1.893e+01
|    ( - -1.630e+03 1 0)
|    ( - -2.441e+03 2 0))
s>    ( QUESTION0 -1 -4.207e+03 1.364e+02 1.893e+01
s>        ( - -1.630e+03 1 0)
s>        ( - -2.441e+03 2 0))INFO: dtree.c(1315): Comp split 8
INFO: dtree.c(1439): stop. leaf nodes are specific
INFO: dtree.c(1478): Final simple tree
|( SILENCE -1 -8.284e+03 1.422e+02 3.489e+01
|    ( QUESTION11 1 -3.648e+03 1.040e+02 1.593e+01
|        ( - -1.683e+03 1 0)
|        ( QUESTION0_3_R 1 -1.860e+03 8.949e+01 8.000e+00
|            ( - -4.146e+02 1 0)
|            ( - -1.356e+03 1 0)))
|    ( QUESTION0 -1 -4.494e+03 9.412e+01 1.896e+01
|        ( - -3.980e+02 1 0)
|        ( - -4.002e+03 3 0)))
s>    ( SILENCE -1 -8.284e+03 1.422e+02 3.489e+01
s>        ( QUESTION11 1 -3.648e+03 1.040e+02 1.593e+01
s>            ( - -1.683e+03 1 0)
s>            ( QUESTION0_3_R 1 -1.860e+03 8.949e+01 8.000e+00
s>                ( - -4.146e+02 1 0)
s>                ( - -1.356e+03 1 0)))
s>        ( QUESTION0 -1 -4.494e+03 9.412e+01 1.896e+01
s>            ( - -3.980e+02 1 0)
s>            ( - -4.002e+03 3 0)))INFO: dtree.c(1439): stop. leaf nodes are specific
INFO: dtree.c(1478): Final simple tree
|( WDBNDRY_B 0 -4.938e+03 1.244e+02 2.105e+01
|    ( QUESTION0_3_R 1 -2.292e+03 1.612e+02 1.000e+01
|        ( - -5.793e+02 1 0)
|        ( - -1.552e+03 1 0))
|    ( QUESTION0_3_R 1 -2.522e+03 1.061e+02 1.104e+01
|        ( - -1.812e+03 1 0)
|        ( - -6.042e+02 1 0)))
s>    ( WDBNDRY_B 0 -4.938e+03 1.244e+02 2.105e+01
s>        ( QUESTION0_3_R 1 -2.292e+03 1.612e+02 1.000e+01
s>            ( - -5.793e+02 1 0)
s>            ( - -1.552e+03 1 0))
s>        ( QUESTION0_3_R 1 -2.522e+03 1.061e+02 1.104e+01
s>            ( - -1.812e+03 1 0)
s>            ( - -6.042e+02 1 0)))INFO: dtree.c(1315): Comp split 9
INFO: dtree.c(1439): stop. leaf nodes are specific
INFO: dtree.c(1478): Final simple tree
|( QUESTION2_2_L -1 -8.101e+03 1.179e+02 3.466e+01
|    ( - -6.112e+02 1 0)
|    ( QUESTION0_5_R 1 -7.372e+03 1.052e+02 3.166e+01
|        ( - -6.666e+02 1 0)
|        ( - -6.600e+03 2 0)))
s>    ( QUESTION2_2_L -1 -8.101e+03 1.179e+02 3.466e+01
s>        ( - -6.112e+02 1 0)
s>        ( QUESTION0_5_R 1 -7.372e+03 1.052e+02 3.166e+01
s>            ( - -6.666e+02 1 0)
s>            ( - -6.600e+03 2 0)))INFO: dtree.c(1478): Final simple tree
|( QUESTION2_1_L -1 -2.030e+04 1.316e+02 8.441e+01
|    ( - -4.533e+03 3 0 QUESTION0_3_R 1 7.611e+01 1.931e+01)
|    ( QUESTION11 1 -1.563e+04 1.163e+02 6.510e+01
|        ( QUESTION0 -1 -5.654e+03 1.012e+02 2.395e+01
|            ( - -3.705e+03 1 0)
|            ( - -1.848e+03 2 0))
|        ( QUESTION14 1 -9.865e+03 1.023e+02 4.114e+01
|            ( - -2.080e+03 1 0)
|            ( QUESTION0_7_R 1 -7.683e+03 9.086e+01 3.214e+01
|                ( QUESTION0 -1 -2.065e+03 1.012e+02 9.001e+00
|                    ( - -4.410e+02 1 0)
|                    ( - -1.522e+03 2 0))
|                ( QUESTION0_3_R 1 -5.527e+03 8.192e+01 2.314e+01
|                    ( - -2.566e+03 4 0 QUESTION0 -1 7.550e+01 1.100e+01)
|                    ( - -2.880e+03 2 0 QUESTION0 -1 9.752e+01 1.214e+01))))))
s>    ( QUESTION2_1_L -1 -2.030e+04 1.316e+02 8.441e+01
s>        ( - -4.533e+03 3 0 QUESTION0_3_R 1 7.611e+01 1.931e+01)
s>        ( QUESTION11 1 -1.563e+04 1.163e+02 6.510e+01
s>            ( QUESTION0 -1 -5.654e+03 1.012e+02 2.395e+01
s>                ( - -3.705e+03 1 0)
s>                ( - -1.848e+03 2 0))
s>            ( QUESTION14 1 -9.865e+03 1.023e+02 4.114e+01
s>                ( - -2.080e+03 1 0)
s>                ( QUESTION0_7_R 1 -7.683e+03 9.086e+01 3.214e+01
s>                    ( QUESTION0 -1 -2.065e+03 1.012e+02 9.001e+00
s>                        ( - -4.410e+02 1 0)
s>                        ( - -1.522e+03 2 0))
s>                    ( QUESTION0_3_R 1 -5.527e+03 8.192e+01 2.314e+01
s>                        ( - -2.566e+03 4 0 QUESTION0 -1 7.550e+01 1.100e+01)
s>                        ( - -2.880e+03 2 0 QUESTION0 -1 9.752e+01 1.214e+01))))))INFO: dtree.c(1315): Comp split 10
INFO: dtree.c(1439): stop. leaf nodes are specific
INFO: dtree.c(1478): Final simple tree
|( QUESTION0_3_R 1 -1.116e+04 1.132e+02 4.723e+01
|    ( QUESTION13 1 -6.398e+03 9.808e+01 2.740e+01
|        ( - -3.710e+02 1 0)
|        ( - -5.929e+03 3 0))
|    ( - -4.653e+03 1 0))
s>    ( QUESTION0_3_R 1 -1.116e+04 1.132e+02 4.723e+01
s>        ( QUESTION13 1 -6.398e+03 9.808e+01 2.740e+01
s>            ( - -3.710e+02 1 0)
s>            ( - -5.929e+03 3 0))
s>        ( - -4.653e+03 1 0))INFO: dtree.c(1439): stop. leaf nodes are specific
INFO: dtree.c(1478): Final simple tree
|( QUESTION0_2_R 1 -4.977e+03 1.194e+02 2.083e+01
|    ( QUESTION0_3_R 1 -4.029e+03 1.117e+02 1.683e+01
|        ( - -2.351e+03 2 0)
|        ( QUESTION0_6_R 1 -1.567e+03 6.488e+01 6.832e+00
|            ( - -1.978e+02 1 0)
|            ( - -1.304e+03 1 0)))
|    ( - -8.287e+02 1 0))
s>    ( QUESTION0_2_R 1 -4.977e+03 1.194e+02 2.083e+01
s>        ( QUESTION0_3_R 1 -4.029e+03 1.117e+02 1.683e+01
s>            ( - -2.351e+03 2 0)
s>            ( QUESTION0_6_R 1 -1.567e+03 6.488e+01 6.832e+00
s>                ( - -1.978e+02 1 0)
s>                ( - -1.304e+03 1 0)))
s>        ( - -8.287e+02 1 0))INFO: dtree.c(1315): Comp split 11
INFO: dtree.c(1439): stop. leaf nodes are specific
INFO: dtree.c(1478): Final simple tree
|( QUESTION0_3_R 1 -1.327e+04 1.248e+02 5.778e+01
|    ( QUESTION16 -1 -1.191e+04 1.232e+02 5.178e+01
|        ( - -2.691e+03 1 0)
|        ( - -9.093e+03 1 0))
|    ( - -1.240e+03 1 0))
s>    ( QUESTION0_3_R 1 -1.327e+04 1.248e+02 5.778e+01
s>        ( QUESTION16 -1 -1.191e+04 1.232e+02 5.178e+01
s>            ( - -2.691e+03 1 0)
s>            ( - -9.093e+03 1 0))
s>        ( - -1.240e+03 1 0))INFO: dtree.c(1478): Final simple tree
|( QUESTION13 1 -1.029e+04 1.168e+02 4.263e+01
|    ( - -4.104e+02 1 0)
|    ( QUESTION17 -1 -9.763e+03 9.522e+01 4.063e+01
|        ( QUESTION0_3_R 1 -1.612e+03 6.319e+01 6.980e+00
|            ( - -1.960e+02 1 0)
|            ( - -1.352e+03 1 0))
|        ( QUESTION0_5_R 1 -8.057e+03 8.496e+01 3.365e+01
|            ( QUESTION0_6_R 1 -1.733e+03 5.767e+01 7.457e+00
|                ( - -1.237e+03 1 0)
|                ( - -4.382e+02 1 0))
|            ( QUESTION0_3_R 1 -6.239e+03 6.237e+01 2.620e+01
|                ( - -1.628e+03 2 0)
|                ( QUESTION16 -1 -4.549e+03 5.424e+01 1.922e+01
|                    ( - -4.390e+02 2 0)
|                    ( - -4.056e+03 3 0))))))
s>    ( QUESTION13 1 -1.029e+04 1.168e+02 4.263e+01
s>        ( - -4.104e+02 1 0)
s>        ( QUESTION17 -1 -9.763e+03 9.522e+01 4.063e+01
s>            ( QUESTION0_3_R 1 -1.612e+03 6.319e+01 6.980e+00
s>                ( - -1.960e+02 1 0)
s>                ( - -1.352e+03 1 0))
s>            ( QUESTION0_5_R 1 -8.057e+03 8.496e+01 3.365e+01
s>                ( QUESTION0_6_R 1 -1.733e+03 5.767e+01 7.457e+00
s>                    ( - -1.237e+03 1 0)
s>                    ( - -4.382e+02 1 0))
s>                ( QUESTION0_3_R 1 -6.239e+03 6.237e+01 2.620e+01
s>                    ( - -1.628e+03 2 0)
s>                    ( QUESTION16 -1 -4.549e+03 5.424e+01 1.922e+01
s>                        ( - -4.390e+02 2 0)
s>                        ( - -4.056e+03 3 0))))))INFO: dtree.c(1315): Comp split 12
INFO: dtree.c(1439): stop. leaf nodes are specific
INFO: dtree.c(1478): Final simple tree
|( QUESTION11 -1 -1.099e+04 1.013e+02 4.627e+01
|    ( - -3.815e+03 2 0)
|    ( QUESTION11 1 -7.069e+03 8.964e+01 2.995e+01
|        ( - -3.705e+03 1 0)
|        ( QUESTION0 -1 -3.274e+03 6.766e+01 1.400e+01
|            ( - -6.834e+02 2 0)
|            ( QUESTION0_3_R 1 -2.523e+03 7.473e+01 1.100e+01
|                ( - -1.807e+03 2 0)
|                ( - -6.416e+02 1 0)))))
s>    ( QUESTION11 -1 -1.099e+04 1.013e+02 4.627e+01
s>        ( - -3.815e+03 2 0)
s>        ( QUESTION11 1 -7.069e+03 8.964e+01 2.995e+01
s>            ( - -3.705e+03 1 0)
s>            ( QUESTION0 -1 -3.274e+03 6.766e+01 1.400e+01
s>                ( - -6.834e+02 2 0)
s>                ( QUESTION0_3_R 1 -2.523e+03 7.473e+01 1.100e+01
s>                    ( - -1.807e+03 2 0)
s>                    ( - -6.416e+02 1 0)))))INFO: dtree.c(1439): stop. leaf nodes are specific
INFO: dtree.c(1478): Final simple tree
|( QUESTION0_5_R 1 -9.149e+03 1.001e+02 3.814e+01
|    ( QUESTION0 -1 -2.880e+03 9.752e+01 1.214e+01
|        ( - -1.372e+03 1 0)
|        ( - -1.410e+03 1 0))
|    ( QUESTION19 1 -6.169e+03 1.034e+02 2.600e+01
|        ( - -1.522e+03 2 0)
|        ( QUESTION14 1 -4.543e+03 9.551e+01 1.900e+01
|            ( - -2.080e+03 1 0)
|            ( QUESTION0_3_R 1 -2.368e+03 7.918e+01 9.998e+00
|                ( - -1.848e+03 2 0)
|                ( - -4.410e+02 1 0)))))
s>    ( QUESTION0_5_R 1 -9.149e+03 1.001e+02 3.814e+01
s>        ( QUESTION0 -1 -2.880e+03 9.752e+01 1.214e+01
s>            ( - -1.372e+03 1 0)
s>            ( - -1.410e+03 1 0))
s>        ( QUESTION19 1 -6.169e+03 1.034e+02 2.600e+01
s>            ( - -1.522e+03 2 0)
s>            ( QUESTION14 1 -4.543e+03 9.551e+01 1.900e+01
s>                ( - -2.080e+03 1 0)
s>                ( QUESTION0_3_R 1 -2.368e+03 7.918e+01 9.998e+00
s>                    ( - -1.848e+03 2 0)
s>                    ( - -4.410e+02 1 0)))))INFO: dtree.c(1315): Comp split 13
INFO: dtree.c(1439): stop. leaf nodes are specific
INFO: dtree.c(1478): Final simple tree
|( WDBNDRY_B 0 -4.203e+03 1.289e+02 1.805e+01
|    ( - -1.552e+03 1 0)
|    ( QUESTION0_3_R 1 -2.522e+03 1.061e+02 1.104e+01
|        ( - -1.812e+03 1 0)
|        ( - -6.042e+02 1 0)))
s>    ( WDBNDRY_B 0 -4.203e+03 1.289e+02 1.805e+01
s>        ( - -1.552e+03 1 0)
s>        ( QUESTION0_3_R 1 -2.522e+03 1.061e+02 1.104e+01
s>            ( - -1.812e+03 1 0)
s>            ( - -6.042e+02 1 0)))INFO: dtree.c(1315): Comp split 14
INFO: dtree.c(1439): stop. leaf nodes are specific
INFO: dtree.c(1478): Final simple tree
|( QUESTION0_3_R 1 -3.538e+03 1.085e+02 1.500e+01
|    ( - -1.103e+03 1 0)
|    ( - -2.326e+03 1 0))
s>    ( QUESTION0_3_R 1 -3.538e+03 1.085e+02 1.500e+01
s>        ( - -1.103e+03 1 0)
s>        ( - -2.326e+03 1 0))INFO: dtree.c(1478): Final simple tree
|( QUESTION9 -1 -9.363e+03 1.097e+02 3.734e+01
|    ( QUESTION2_6_L -1 -1.442e+03 9.143e+01 6.011e+00
|        ( - -8.726e+02 1 0)
|        ( - -4.783e+02 1 0))
|    ( QUESTION0_5_R 1 -7.811e+03 9.952e+01 3.133e+01
|        ( WDBNDRY_B 0 -4.302e+03 9.800e+01 1.819e+01
|            ( - -9.908e+02 1 0)
|            ( - -3.213e+03 3 0 QUESTION0_6_R 1 6.283e+01 1.369e+01))
|        ( QUESTION3 -1 -3.410e+03 6.972e+01 1.314e+01
|            ( QUESTION0_3_R 1 -1.768e+03 7.923e+01 7.148e+00
|                ( - -4.439e+02 1 0)
|                ( - -1.245e+03 2 0))
|            ( QUESTION11 1 -1.572e+03 7.191e+01 5.995e+00
|                ( - -1.004e+03 2 0 WDBNDRY_B 0 4.939e+01 3.995e+00)
|                ( - -4.966e+02 2 0 QUESTION0_3_R 1 4.935e+02 2.000e+00)))))
s>    ( QUESTION9 -1 -9.363e+03 1.097e+02 3.734e+01
s>        ( QUESTION2_6_L -1 -1.442e+03 9.143e+01 6.011e+00
s>            ( - -8.726e+02 1 0)
s>            ( - -4.783e+02 1 0))
s>        ( QUESTION0_5_R 1 -7.811e+03 9.952e+01 3.133e+01
s>            ( WDBNDRY_B 0 -4.302e+03 9.800e+01 1.819e+01
s>                ( - -9.908e+02 1 0)
s>                ( - -3.213e+03 3 0 QUESTION0_6_R 1 6.283e+01 1.369e+01))
s>            ( QUESTION3 -1 -3.410e+03 6.972e+01 1.314e+01
s>                ( QUESTION0_3_R 1 -1.768e+03 7.923e+01 7.148e+00
s>                    ( - -4.439e+02 1 0)
s>                    ( - -1.245e+03 2 0))
s>                ( QUESTION11 1 -1.572e+03 7.191e+01 5.995e+00
s>                    ( - -1.004e+03 2 0 WDBNDRY_B 0 4.939e+01 3.995e+00)
s>                    ( - -4.966e+02 2 0 QUESTION0_3_R 1 4.935e+02 2.000e+00)))))INFO: dtree.c(1315): Comp split 15
INFO: dtree.c(1439): stop. leaf nodes are specific
INFO: dtree.c(1478): Final simple tree
|( QUESTION0_3_R 1 -3.096e+03 8.767e+01 1.386e+01
|    ( - -3.938e+02 1 0)
|    ( - -2.614e+03 1 0))
s>    ( QUESTION0_3_R 1 -3.096e+03 8.767e+01 1.386e+01
s>        ( - -3.938e+02 1 0)
s>        ( - -2.614e+03 1 0))INFO: dtree.c(1439): stop. leaf nodes are specific
INFO: dtree.c(1478): Final simple tree
|( QUESTION2_1_L -1 -4.767e+03 9.872e+01 2.022e+01
|    ( QUESTION11 -1 -1.164e+03 8.402e+01 5.177e+00
|        ( - -6.349e+02 1 0)
|        ( - -4.451e+02 1 0))
|    ( QUESTION0_3_R 1 -3.504e+03 9.844e+01 1.504e+01
|        ( QUESTION13 -1 -2.582e+03 8.155e+01 1.142e+01
|            ( - -1.078e+03 1 0)
|            ( - -1.423e+03 1 0))
|        ( - -8.234e+02 1 0)))
s>    ( QUESTION2_1_L -1 -4.767e+03 9.872e+01 2.022e+01
s>        ( QUESTION11 -1 -1.164e+03 8.402e+01 5.177e+00
s>            ( - -6.349e+02 1 0)
s>            ( - -4.451e+02 1 0))
s>        ( QUESTION0_3_R 1 -3.504e+03 9.844e+01 1.504e+01
s>            ( QUESTION13 -1 -2.582e+03 8.155e+01 1.142e+01
s>                ( - -1.078e+03 1 0)
s>                ( - -1.423e+03 1 0))
s>            ( - -8.234e+02 1 0)))INFO: dtree.c(1315): Comp split 16
INFO: dtree.c(1439): stop. leaf nodes are specific
INFO: dtree.c(1478): Final simple tree
|( QUESTION11 1 -3.648e+03 1.040e+02 1.593e+01
|    ( - -1.683e+03 1 0)
|    ( QUESTION0_3_R 1 -1.860e+03 8.949e+01 8.000e+00
|        ( - -4.146e+02 1 0)
|        ( - -1.356e+03 1 0)))
s>    ( QUESTION11 1 -3.648e+03 1.040e+02 1.593e+01
s>        ( - -1.683e+03 1 0)
s>        ( QUESTION0_3_R 1 -1.860e+03 8.949e+01 8.000e+00
s>            ( - -4.146e+02 1 0)
s>            ( - -1.356e+03 1 0)))INFO: dtree.c(1439): stop. leaf nodes are specific
INFO: dtree.c(1478): Final simple tree
|( QUESTION0 -1 -4.494e+03 9.412e+01 1.896e+01
|    ( - -3.980e+02 1 0)
|    ( - -4.002e+03 3 0))
s>    ( QUESTION0 -1 -4.494e+03 9.412e+01 1.896e+01
s>        ( - -3.980e+02 1 0)
s>        ( - -4.002e+03 3 0))INFO: dtree.c(1315): Comp split 17
INFO: dtree.c(1315): Comp split 18
INFO: dtree.c(1439): stop. leaf nodes are specific
INFO: dtree.c(1478): Final simple tree
|( QUESTION0_3_R 1 -4.045e+03 1.144e+02 1.799e+01
|    ( - -2.691e+03 1 0)
|    ( - -1.240e+03 1 0))
s>    ( QUESTION0_3_R 1 -4.045e+03 1.144e+02 1.799e+01
s>        ( - -2.691e+03 1 0)
s>        ( - -1.240e+03 1 0))INFO: dtree.c(1315): Comp split 19
INFO: dtree.c(1439): stop. leaf nodes are specific
INFO: dtree.c(1478): Final simple tree
|( QUESTION0_3_R 1 -2.522e+03 1.061e+02 1.104e+01
|    ( - -1.812e+03 1 0)
|    ( - -6.042e+02 1 0))
s>    ( QUESTION0_3_R 1 -2.522e+03 1.061e+02 1.104e+01
s>        ( - -1.812e+03 1 0)
s>        ( - -6.042e+02 1 0))INFO: dtree.c(1315): Comp split 20
INFO: dtree.c(1439): stop. leaf nodes are specific
INFO: dtree.c(1478): Final simple tree
|( QUESTION0_5_R 1 -3.967e+03 7.965e+01 1.514e+01
|    ( - -4.783e+02 1 0)
|    ( QUESTION3 -1 -3.410e+03 6.972e+01 1.314e+01
|        ( QUESTION0_3_R 1 -1.768e+03 7.923e+01 7.148e+00
|            ( - -4.439e+02 1 0)
|            ( - -1.245e+03 2 0))
|        ( QUESTION11 1 -1.572e+03 7.191e+01 5.995e+00
|            ( WDBNDRY_B 0 -1.004e+03 4.939e+01 3.995e+00
|                ( - -7.427e+02 1 0)
|                ( - -2.115e+02 1 0))
|            ( QUESTION0_3_R 1 -4.966e+02 4.935e+02 2.000e+00
|                ( - 2.137e+02 1 0)
|                ( - -2.169e+02 1 0)))))
s>    ( QUESTION0_5_R 1 -3.967e+03 7.965e+01 1.514e+01
s>        ( - -4.783e+02 1 0)
s>        ( QUESTION3 -1 -3.410e+03 6.972e+01 1.314e+01
s>            ( QUESTION0_3_R 1 -1.768e+03 7.923e+01 7.148e+00
s>                ( - -4.439e+02 1 0)
s>                ( - -1.245e+03 2 0))
s>            ( QUESTION11 1 -1.572e+03 7.191e+01 5.995e+00
s>                ( WDBNDRY_B 0 -1.004e+03 4.939e+01 3.995e+00
s>                    ( - -7.427e+02 1 0)
s>                    ( - -2.115e+02 1 0))
s>                ( QUESTION0_3_R 1 -4.966e+02 4.935e+02 2.000e+00
s>                    ( - 2.137e+02 1 0)
s>                    ( - -2.169e+02 1 0)))))INFO: dtree.c(1439): stop. leaf nodes are specific
INFO: dtree.c(1478): Final simple tree
|( QUESTION2 -1 -5.269e+03 1.019e+02 2.220e+01
|    ( - -9.908e+02 1 0)
|    ( WDBNDRY_B 0 -4.176e+03 9.032e+01 1.770e+01
|        ( - -8.726e+02 1 0)
|        ( QUESTION0_6_R 1 -3.213e+03 6.283e+01 1.369e+01
|            ( - -1.144e+03 1 0)
|            ( - -2.006e+03 2 0))))
s>    ( QUESTION2 -1 -5.269e+03 1.019e+02 2.220e+01
s>        ( - -9.908e+02 1 0)
s>        ( WDBNDRY_B 0 -4.176e+03 9.032e+01 1.770e+01
s>            ( - -8.726e+02 1 0)
s>            ( QUESTION0_6_R 1 -3.213e+03 6.283e+01 1.369e+01
s>                ( - -1.144e+03 1 0)
s>                ( - -2.006e+03 2 0))))INFO: dtree.c(1315): Comp split 21
INFO: dtree.c(1439): stop. leaf nodes are specific
INFO: dtree.c(1478): Final simple tree
|( WDBNDRY_B 0 -3.679e+03 8.043e+01 1.414e+01
|    ( QUESTION0_3_R 1 -1.292e+03 7.093e+01 4.995e+00
|        ( - -7.427e+02 1 0)
|        ( - -4.783e+02 1 0))
|    ( QUESTION0_3_R 1 -2.307e+03 5.272e+01 9.148e+00
|        ( QUESTION1 -1 -7.221e+02 6.666e+01 3.000e+00
|            ( - -4.439e+02 1 0)
|            ( - -2.115e+02 1 0))
|        ( QUESTION1 -1 -1.532e+03 7.087e+01 6.148e+00
|            ( - -1.245e+03 2 0)
|            ( - -2.169e+02 1 0))))
s>    ( WDBNDRY_B 0 -3.679e+03 8.043e+01 1.414e+01
s>        ( QUESTION0_3_R 1 -1.292e+03 7.093e+01 4.995e+00
s>            ( - -7.427e+02 1 0)
s>            ( - -4.783e+02 1 0))
s>        ( QUESTION0_3_R 1 -2.307e+03 5.272e+01 9.148e+00
s>            ( QUESTION1 -1 -7.221e+02 6.666e+01 3.000e+00
s>                ( - -4.439e+02 1 0)
s>                ( - -2.115e+02 1 0))
s>            ( QUESTION1 -1 -1.532e+03 7.087e+01 6.148e+00
s>                ( - -1.245e+03 2 0)
s>                ( - -2.169e+02 1 0))))INFO: dtree.c(1315): Comp split 22
INFO: dtree.c(1439): stop. leaf nodes are specific
INFO: dtree.c(1478): Final simple tree
|( QUESTION0_5_R 1 -8.304e+03 8.515e+01 3.465e+01
|    ( QUESTION0_6_R 1 -1.733e+03 5.767e+01 7.457e+00
|        ( - -1.237e+03 1 0)
|        ( - -4.382e+02 1 0))
|    ( QUESTION0_3_R 1 -6.486e+03 6.616e+01 2.720e+01
|        ( QUESTION16 -1 -1.871e+03 4.695e+01 7.981e+00
|            ( - -1.960e+02 1 0)
|            ( - -1.628e+03 2 0))
|        ( QUESTION16 -1 -4.549e+03 5.424e+01 1.922e+01
|            ( - -4.390e+02 2 0)
|            ( - -4.056e+03 3 0))))
s>    ( QUESTION0_5_R 1 -8.304e+03 8.515e+01 3.465e+01
s>        ( QUESTION0_6_R 1 -1.733e+03 5.767e+01 7.457e+00
s>            ( - -1.237e+03 1 0)
s>            ( - -4.382e+02 1 0))
s>        ( QUESTION0_3_R 1 -6.486e+03 6.616e+01 2.720e+01
s>            ( QUESTION16 -1 -1.871e+03 4.695e+01 7.981e+00
s>                ( - -1.960e+02 1 0)
s>                ( - -1.628e+03 2 0))
s>            ( QUESTION16 -1 -4.549e+03 5.424e+01 1.922e+01
s>                ( - -4.390e+02 2 0)
s>                ( - -4.056e+03 3 0))))INFO: dtree.c(1439): stop. leaf nodes are specific
INFO: dtree.c(1478): Final simple tree
|( QUESTION0_3_R 1 -1.867e+03 1.043e+02 7.980e+00
|    ( - -4.104e+02 1 0)
|    ( - -1.352e+03 1 0))
s>    ( QUESTION0_3_R 1 -1.867e+03 1.043e+02 7.980e+00
s>        ( - -4.104e+02 1 0)
s>        ( - -1.352e+03 1 0))INFO: dtree.c(1315): Comp split 23
INFO: dtree.c(1439): stop. leaf nodes are specific
INFO: dtree.c(1478): Final simple tree
|( QUESTION0_3_R 1 -4.029e+03 1.117e+02 1.683e+01
|    ( - -2.351e+03 2 0)
|    ( QUESTION0_6_R 1 -1.567e+03 6.488e+01 6.832e+00
|        ( - -1.978e+02 1 0)
|        ( - -1.304e+03 1 0)))
s>    ( QUESTION0_3_R 1 -4.029e+03 1.117e+02 1.683e+01
s>        ( - -2.351e+03 2 0)
s>        ( QUESTION0_6_R 1 -1.567e+03 6.488e+01 6.832e+00
s>            ( - -1.978e+02 1 0)
s>            ( - -1.304e+03 1 0)))INFO: dtree.c(1315): Comp split 24
INFO: dtree.c(1439): stop. leaf nodes are specific
INFO: dtree.c(1478): Final simple tree
|( QUESTION0_5_R 1 -7.372e+03 1.052e+02 3.166e+01
|    ( - -6.666e+02 1 0)
|    ( - -6.600e+03 2 0))
s>    ( QUESTION0_5_R 1 -7.372e+03 1.052e+02 3.166e+01
s>        ( - -6.666e+02 1 0)
s>        ( - -6.600e+03 2 0))INFO: dtree.c(1315): Comp split 25
INFO: dtree.c(1439): stop. leaf nodes are specific
INFO: dtree.c(1478): Final simple tree
|( QUESTION0_3_R 1 -3.465e+03 9.496e+01 1.500e+01
|    ( - -1.848e+03 2 0)
|    ( - -1.522e+03 2 0))
s>    ( QUESTION0_3_R 1 -3.465e+03 9.496e+01 1.500e+01
s>        ( - -1.848e+03 2 0)
s>        ( - -1.522e+03 2 0))INFO: dtree.c(1439): stop. leaf nodes are specific
INFO: dtree.c(1478): Final simple tree
|( QUESTION0_3_R 1 -5.569e+03 9.001e+01 2.314e+01
|    ( - -2.080e+03 1 0)
|    ( QUESTION0 -1 -3.399e+03 9.556e+01 1.414e+01
|        ( QUESTION0_5_R 1 -1.894e+03 8.052e+01 8.005e+00
|            ( - -1.372e+03 1 0)
|            ( - -4.410e+02 1 0))
|        ( - -1.410e+03 1 0)))
s>    ( QUESTION0_3_R 1 -5.569e+03 9.001e+01 2.314e+01
s>        ( - -2.080e+03 1 0)
s>        ( QUESTION0 -1 -3.399e+03 9.556e+01 1.414e+01
s>            ( QUESTION0_5_R 1 -1.894e+03 8.052e+01 8.005e+00
s>                ( - -1.372e+03 1 0)
s>                ( - -4.410e+02 1 0))
s>            ( - -1.410e+03 1 0)))INFO: dtree.c(1315): Comp split 26
INFO: dtree.c(1315): Comp split 27
INFO: dtree.c(1439): stop. leaf nodes are specific
INFO: dtree.c(1478): Final simple tree
|( QUESTION13 1 -6.398e+03 9.808e+01 2.740e+01
|    ( - -3.710e+02 1 0)
|    ( - -5.929e+03 3 0))
s>    ( QUESTION13 1 -6.398e+03 9.808e+01 2.740e+01
s>        ( - -3.710e+02 1 0)
s>        ( - -5.929e+03 3 0))INFO: dtree.c(1315): Comp split 28
INFO: dtree.c(1439): stop. leaf nodes are specific
INFO: dtree.c(1478): Final simple tree
|( QUESTION0_6_R 1 -1.567e+03 6.488e+01 6.832e+00
|    ( - -1.978e+02 1 0)
|    ( - -1.304e+03 1 0))
s>    ( QUESTION0_6_R 1 -1.567e+03 6.488e+01 6.832e+00
s>        ( - -1.978e+02 1 0)
s>        ( - -1.304e+03 1 0))INFO: dtree.c(1315): Comp split 29
INFO: dtree.c(1439): stop. leaf nodes are specific
INFO: dtree.c(1478): Final simple tree
|( QUESTION11 -1 -3.316e+03 9.916e+01 1.459e+01
|    ( - -6.349e+02 1 0)
|    ( QUESTION13 -1 -2.582e+03 8.155e+01 1.142e+01
|        ( - -1.078e+03 1 0)
|        ( - -1.423e+03 1 0)))
s>    ( QUESTION11 -1 -3.316e+03 9.916e+01 1.459e+01
s>        ( - -6.349e+02 1 0)
s>        ( QUESTION13 -1 -2.582e+03 8.155e+01 1.142e+01
s>            ( - -1.078e+03 1 0)
s>            ( - -1.423e+03 1 0)))INFO: dtree.c(1439): stop. leaf nodes are specific
INFO: dtree.c(1478): Final simple tree
|( QUESTION0_3_R 1 -1.342e+03 7.321e+01 5.624e+00
|    ( - -4.451e+02 1 0)
|    ( - -8.234e+02 1 0))
s>    ( QUESTION0_3_R 1 -1.342e+03 7.321e+01 5.624e+00
s>        ( - -4.451e+02 1 0)
s>        ( - -8.234e+02 1 0))INFO: dtree.c(1315): Comp split 30
INFO: dtree.c(1315): Comp split 31
INFO: dtree.c(1315): Comp split 32
INFO: dtree.c(1315): Comp split 33
INFO: dtree.c(1315): Comp split 34
INFO: dtree.c(1439): stop. leaf nodes are specific
INFO: dtree.c(1478): Final simple tree
|( QUESTION0_3_R 1 -1.860e+03 8.949e+01 8.000e+00
|    ( - -4.146e+02 1 0)
|    ( - -1.356e+03 1 0))
s>    ( QUESTION0_3_R 1 -1.860e+03 8.949e+01 8.000e+00
s>        ( - -4.146e+02 1 0)
s>        ( - -1.356e+03 1 0))INFO: dtree.c(1315): Comp split 35
INFO: dtree.c(1439): stop. leaf nodes are specific
INFO: dtree.c(1478): Final simple tree
|( WDBNDRY_B 0 -4.176e+03 9.032e+01 1.770e+01
|    ( - -8.726e+02 1 0)
|    ( QUESTION0_6_R 1 -3.213e+03 6.283e+01 1.369e+01
|        ( - -1.144e+03 1 0)
|        ( - -2.006e+03 2 0)))
s>    ( WDBNDRY_B 0 -4.176e+03 9.032e+01 1.770e+01
s>        ( - -8.726e+02 1 0)
s>        ( QUESTION0_6_R 1 -3.213e+03 6.283e+01 1.369e+01
s>            ( - -1.144e+03 1 0)
s>            ( - -2.006e+03 2 0)))INFO: dtree.c(1315): Comp split 36
INFO: dtree.c(1439): stop. leaf nodes are specific
INFO: dtree.c(1478): Final simple tree
|( QUESTION11 1 -7.069e+03 8.964e+01 2.995e+01
|    ( - -3.705e+03 1 0)
|    ( QUESTION0 -1 -3.274e+03 6.766e+01 1.400e+01
|        ( - -6.834e+02 2 0)
|        ( QUESTION0_3_R 1 -2.523e+03 7.473e+01 1.100e+01
|            ( - -1.807e+03 2 0)
|            ( - -6.416e+02 1 0))))
s>    ( QUESTION11 1 -7.069e+03 8.964e+01 2.995e+01
s>        ( - -3.705e+03 1 0)
s>        ( QUESTION0 -1 -3.274e+03 6.766e+01 1.400e+01
s>            ( - -6.834e+02 2 0)
s>            ( QUESTION0_3_R 1 -2.523e+03 7.473e+01 1.100e+01
s>                ( - -1.807e+03 2 0)
s>                ( - -6.416e+02 1 0))))INFO: dtree.c(1315): Comp split 37
INFO: dtree.c(1439): stop. leaf nodes are specific
INFO: dtree.c(1478): Final simple tree
|( QUESTION13 -1 -2.582e+03 8.155e+01 1.142e+01
|    ( - -1.078e+03 1 0)
|    ( - -1.423e+03 1 0))
s>    ( QUESTION13 -1 -2.582e+03 8.155e+01 1.142e+01
s>        ( - -1.078e+03 1 0)
s>        ( - -1.423e+03 1 0))INFO: dtree.c(1315): Comp split 38
INFO: dtree.c(1439): stop. leaf nodes are specific
INFO: dtree.c(1478): Final simple tree
|( QUESTION0_5_R 1 -1.935e+03 8.426e+01 8.139e+00
|    ( - -1.410e+03 1 0)
|    ( - -4.410e+02 1 0))
s>    ( QUESTION0_5_R 1 -1.935e+03 8.426e+01 8.139e+00
s>        ( - -1.410e+03 1 0)
s>        ( - -4.410e+02 1 0))INFO: dtree.c(1439): stop. leaf nodes are specific
INFO: dtree.c(1478): Final simple tree
|( QUESTION0_3_R 1 -3.535e+03 8.285e+01 1.500e+01
|    ( - -2.080e+03 1 0)
|    ( - -1.372e+03 1 0))
s>    ( QUESTION0_3_R 1 -3.535e+03 8.285e+01 1.500e+01
s>        ( - -2.080e+03 1 0)
s>        ( - -1.372e+03 1 0))INFO: dtree.c(1315): Comp split 39
INFO: dtree.c(1315): Comp split 40
INFO: dtree.c(1315): Comp split 41
INFO: dtree.c(1315): Comp split 42
INFO: dtree.c(1439): stop. leaf nodes are specific
INFO: dtree.c(1478): Final simple tree
|( QUESTION0_6_R 1 -3.213e+03 6.283e+01 1.369e+01
|    ( - -1.144e+03 1 0)
|    ( - -2.006e+03 2 0))
s>    ( QUESTION0_6_R 1 -3.213e+03 6.283e+01 1.369e+01
s>        ( - -1.144e+03 1 0)
s>        ( - -2.006e+03 2 0))INFO: dtree.c(1315): Comp split 43
INFO: dtree.c(1439): stop. leaf nodes are specific
INFO: dtree.c(1478): Final simple tree
|( QUESTION0 -1 -3.274e+03 6.766e+01 1.400e+01
|    ( - -6.834e+02 2 0)
|    ( QUESTION0_3_R 1 -2.523e+03 7.473e+01 1.100e+01
|        ( - -1.807e+03 2 0)
|        ( - -6.416e+02 1 0)))
s>    ( QUESTION0 -1 -3.274e+03 6.766e+01 1.400e+01
s>        ( - -6.834e+02 2 0)
s>        ( QUESTION0_3_R 1 -2.523e+03 7.473e+01 1.100e+01
s>            ( - -1.807e+03 2 0)
s>            ( - -6.416e+02 1 0)))INFO: dtree.c(1315): Comp split 44
INFO: dtree.c(1315): Comp split 45
INFO: dtree.c(1315): Comp split 46
INFO: dtree.c(1439): stop. leaf nodes are specific
INFO: dtree.c(1478): Final simple tree
|( QUESTION0_3_R 1 -6.486e+03 6.616e+01 2.720e+01
|    ( QUESTION16 -1 -1.871e+03 4.695e+01 7.981e+00
|        ( - -1.960e+02 1 0)
|        ( - -1.628e+03 2 0))
|    ( QUESTION16 -1 -4.549e+03 5.424e+01 1.922e+01
|        ( - -4.390e+02 2 0)
|        ( - -4.056e+03 3 0)))
s>    ( QUESTION0_3_R 1 -6.486e+03 6.616e+01 2.720e+01
s>        ( QUESTION16 -1 -1.871e+03 4.695e+01 7.981e+00
s>            ( - -1.960e+02 1 0)
s>            ( - -1.628e+03 2 0))
s>        ( QUESTION16 -1 -4.549e+03 5.424e+01 1.922e+01
s>            ( - -4.390e+02 2 0)
s>            ( - -4.056e+03 3 0)))INFO: dtree.c(1439): stop. leaf nodes are specific
INFO: dtree.c(1478): Final simple tree
|( QUESTION0_6_R 1 -1.733e+03 5.767e+01 7.457e+00
|    ( - -1.237e+03 1 0)
|    ( - -4.382e+02 1 0))
s>    ( QUESTION0_6_R 1 -1.733e+03 5.767e+01 7.457e+00
s>        ( - -1.237e+03 1 0)
s>        ( - -4.382e+02 1 0))INFO: dtree.c(1315): Comp split 47
INFO: dtree.c(1315): Comp split 48
INFO: dtree.c(1315): Comp split 49
INFO: dtree.c(1315): Comp split 50
INFO: dtree.c(1439): stop. leaf nodes are specific
INFO: dtree.c(1478): Final simple tree
|( QUESTION0_3_R 1 -2.307e+03 5.272e+01 9.148e+00
|    ( QUESTION1 -1 -7.221e+02 6.666e+01 3.000e+00
|        ( - -4.439e+02 1 0)
|        ( - -2.115e+02 1 0))
|    ( QUESTION1 -1 -1.532e+03 7.087e+01 6.148e+00
|        ( - -1.245e+03 2 0)
|        ( - -2.169e+02 1 0)))
s>    ( QUESTION0_3_R 1 -2.307e+03 5.272e+01 9.148e+00
s>        ( QUESTION1 -1 -7.221e+02 6.666e+01 3.000e+00
s>            ( - -4.439e+02 1 0)
s>            ( - -2.115e+02 1 0))
s>        ( QUESTION1 -1 -1.532e+03 7.087e+01 6.148e+00
s>            ( - -1.245e+03 2 0)
s>            ( - -2.169e+02 1 0)))INFO: dtree.c(1439): stop. leaf nodes are specific
INFO: dtree.c(1478): Final simple tree
|( QUESTION0_3_R 1 -1.292e+03 7.093e+01 4.995e+00
|    ( - -7.427e+02 1 0)
|    ( - -4.783e+02 1 0))
s>    ( QUESTION0_3_R 1 -1.292e+03 7.093e+01 4.995e+00
s>        ( - -7.427e+02 1 0)
s>        ( - -4.783e+02 1 0))INFO: dtree.c(1315): Comp split 51
INFO: dtree.c(1439): stop. leaf nodes are specific
INFO: dtree.c(1478): Final simple tree
|( QUESTION1 -1 -1.787e+03 5.451e+01 7.148e+00
|    ( - -1.245e+03 2 0)
|    ( QUESTION0_3_R 1 -4.877e+02 5.932e+01 2.000e+00
|        ( - -2.115e+02 1 0)
|        ( - -2.169e+02 1 0)))
s>    ( QUESTION1 -1 -1.787e+03 5.451e+01 7.148e+00
s>        ( - -1.245e+03 2 0)
s>        ( QUESTION0_3_R 1 -4.877e+02 5.932e+01 2.000e+00
s>            ( - -2.115e+02 1 0)
s>            ( - -2.169e+02 1 0)))INFO: dtree.c(1315): Comp split 52
INFO: dtree.c(1439): stop. leaf nodes are specific
INFO: dtree.c(1478): Final simple tree
|( QUESTION0_3_R 1 -1.392e+03 6.736e+01 6.000e+00
|    ( - -6.834e+02 2 0)
|    ( - -6.416e+02 1 0))
s>    ( QUESTION0_3_R 1 -1.392e+03 6.736e+01 6.000e+00
s>        ( - -6.834e+02 2 0)
s>        ( - -6.416e+02 1 0))INFO: dtree.c(1315): Comp split 53
INFO: dtree.c(1315): Comp split 54
INFO: dtree.c(1315): Comp split 55
INFO: dtree.c(1315): Comp split 56
INFO: dtree.c(1439): stop. leaf nodes are specific
INFO: dtree.c(1478): Final simple tree
|( QUESTION0_3_R 1 -2.363e+03 5.371e+01 9.982e+00
|    ( QUESTION16 -1 -1.871e+03 4.695e+01 7.981e+00
|        ( - -1.960e+02 1 0)
|        ( - -1.628e+03 2 0))
|    ( - -4.390e+02 2 0))
s>    ( QUESTION0_3_R 1 -2.363e+03 5.371e+01 9.982e+00
s>        ( QUESTION16 -1 -1.871e+03 4.695e+01 7.981e+00
s>            ( - -1.960e+02 1 0)
s>            ( - -1.628e+03 2 0))
s>        ( - -4.390e+02 2 0))INFO: dtree.c(1315): Comp split 57
INFO: dtree.c(1439): stop. leaf nodes are specific
INFO: dtree.c(1478): Final simple tree
|( QUESTION0_3_R 1 -1.504e+03 4.826e+01 6.148e+00
|    ( - -2.115e+02 1 0)
|    ( - -1.245e+03 2 0))
s>    ( QUESTION0_3_R 1 -1.504e+03 4.826e+01 6.148e+00
s>        ( - -2.115e+02 1 0)
s>        ( - -1.245e+03 2 0))INFO: dtree.c(1315): Comp split 58
INFO: dtree.c(1315): Comp split 59
INFO: dtree.c(1315): Comp split 60
INFO: dtree.c(1315): Comp split 61
INFO: dtree.c(1439): stop. leaf nodes are specific
INFO: dtree.c(1478): Final simple tree
|( QUESTION16 -1 -1.871e+03 4.695e+01 7.981e+00
|    ( - -1.960e+02 1 0)
|    ( - -1.628e+03 2 0))
s>    ( QUESTION16 -1 -1.871e+03 4.695e+01 7.981e+00
s>        ( - -1.960e+02 1 0)
s>        ( - -1.628e+03 2 0))INFO: dtree.c(1315): Comp split 62
INFO: dtree.c(1315): Comp split 63
INFO: dtree.c(1315): Comp split 64
INFO: dtree.c(1318): stop. leaf nodes are specific
Thu May  7 00:23:23 2020
