Current configuration:
[NAME]		[DEFLT]	[VALUE]
-allphones	no	no
-cntthresh	0.00001	1.000000e-05
-csplitmax	100	2000
-csplitmin	1	1
-csplitthr	8e-4	0.000000e+00
-example	no	no
-fullvar	no	no
-help		no	no
-meanfn			/home/abdy/Desktop/diploma/kg/model_parameters/kg.cd_cont_untied/means
-mixwfn			/home/abdy/Desktop/diploma/kg/model_parameters/kg.cd_cont_untied/mixture_weights
-moddeffn		/home/abdy/Desktop/diploma/kg/model_architecture/kg.untied.mdef
-mwfloor	1e-4	1.000000e-08
-phone			zh
-psetfn			/home/abdy/Desktop/diploma/kg/model_architecture/kg.tree_questions
-ssplitmax	5	7
-ssplitmin	1	1
-ssplitthr	8e-4	0.000000e+00
-state			0
-stwt			1.0,0.05,0.0,
-treefn			/home/abdy/Desktop/diploma/kg/trees/kg.unpruned/zh-0.dtree
-ts2cbfn	.semi.	.cont.
-varfloor	0.00001	1.000000e-05
-varfn			/home/abdy/Desktop/diploma/kg/model_parameters/kg.cd_cont_untied/variances

INFO: main.c(223): Reading: /home/abdy/Desktop/diploma/kg/model_architecture/kg.untied.mdef
INFO: model_def_io.c(573): Model definition info:
INFO: model_def_io.c(574): 10297 total models defined (47 base, 10250 tri)
INFO: model_def_io.c(575): 41188 total states
INFO: model_def_io.c(576): 30891 total tied states
INFO: model_def_io.c(577): 141 total tied CI states
INFO: model_def_io.c(578): 47 total tied transition matrices
INFO: model_def_io.c(579): 4 max state/model
INFO: model_def_io.c(580): 4 min state/model
INFO: main.c(242): Building trees for [zh SIL a b] through [zh zh d i]
INFO: main.c(269): Covering states |[30219 30890]| == 672
INFO: main.c(275): Reading: /home/abdy/Desktop/diploma/kg/model_parameters/kg.cd_cont_untied/mixture_weights
INFO: s3mixw_io.c(173): Read /home/abdy/Desktop/diploma/kg/model_parameters/kg.cd_cont_untied/mixture_weights [672x1x1 array]
INFO: main.c(311): 47 of 224 models have observation count greater than 0.000010
INFO: main.c(95): nrm stwt: 0.952 0.048 0.000 
INFO: s3gau_io.c(169): Read /home/abdy/Desktop/diploma/kg/model_parameters/kg.cd_cont_untied/means [30891x1x1 array]
INFO: s3gau_io.c(169): Read /home/abdy/Desktop/diploma/kg/model_parameters/kg.cd_cont_untied/variances [30891x1x1 array]
INFO: main.c(549): Reading: /home/abdy/Desktop/diploma/kg/model_architecture/kg.tree_questions
INFO: main.c(588): 174 total simple questions (166 phone; 8 word bndry)
INFO: main.c(590): 40 Left Only questions, and 42 Right Only questions
INFO: dtree.c(1478): Final simple tree
|( QUESTION2_0_L -1 -7.126e+04 6.006e+02 2.874e+02
|    ( WDBNDRY_E 0 -4.260e+04 2.503e+02 1.718e+02
|        ( - -4.726e+02 1 0)
|        ( QUESTION19 -1 -4.188e+04 1.845e+02 1.688e+02
|            ( - -1.675e+04 17 0 QUESTION13 1 1.512e+02 6.703e+01)
|            ( QUESTION2_2_L -1 -2.494e+04 4.626e+02 1.018e+02
|                ( - 2.164e+02 1 0)
|                ( - -2.470e+04 18 0 QUESTION0_3_R 1 1.784e+02 1.008e+02))))
|    ( QUESTION0_7_R 1 -2.806e+04 3.642e+02 1.156e+02
|        ( - -8.535e+03 1 0)
|        ( QUESTION4 -1 -1.916e+04 1.928e+02 7.956e+01
|            ( QUESTION2_8_L -1 -4.650e+03 2.110e+02 1.875e+01
|                ( - -3.701e+03 4 0 QUESTION13 1 1.382e+02 1.475e+01)
|                ( - -7.380e+02 1 0))
|            ( - -1.432e+04 4 0 SILENCE -1 1.468e+02 6.081e+01))))
s>    ( QUESTION2_0_L -1 -7.126e+04 6.006e+02 2.874e+02
s>        ( WDBNDRY_E 0 -4.260e+04 2.503e+02 1.718e+02
s>            ( - -4.726e+02 1 0)
s>            ( QUESTION19 -1 -4.188e+04 1.845e+02 1.688e+02
s>                ( - -1.675e+04 17 0 QUESTION13 1 1.512e+02 6.703e+01)
s>                ( QUESTION2_2_L -1 -2.494e+04 4.626e+02 1.018e+02
s>                    ( - 2.164e+02 1 0)
s>                    ( - -2.470e+04 18 0 QUESTION0_3_R 1 1.784e+02 1.008e+02))))
s>        ( QUESTION0_7_R 1 -2.806e+04 3.642e+02 1.156e+02
s>            ( - -8.535e+03 1 0)
s>            ( QUESTION4 -1 -1.916e+04 1.928e+02 7.956e+01
s>                ( QUESTION2_8_L -1 -4.650e+03 2.110e+02 1.875e+01
s>                    ( - -3.701e+03 4 0 QUESTION13 1 1.382e+02 1.475e+01)
s>                    ( - -7.380e+02 1 0))
s>                ( - -1.432e+04 4 0 SILENCE -1 1.468e+02 6.081e+01))))INFO: dtree.c(1315): Comp split 0
INFO: dtree.c(1478): Final simple tree
|( QUESTION4 -1 -1.916e+04 1.928e+02 7.956e+01
|    ( QUESTION2_8_L -1 -4.650e+03 2.110e+02 1.875e+01
|        ( QUESTION13 1 -3.701e+03 1.382e+02 1.475e+01
|            ( - -8.138e+02 1 0)
|            ( QUESTION11 1 -2.749e+03 8.734e+01 1.075e+01
|                ( - -1.932e+03 1 0)
|                ( - -7.299e+02 2 0 QUESTION0_3_R 1 8.745e+01 2.998e+00)))
|        ( - -7.380e+02 1 0))
|    ( SILENCE -1 -1.432e+04 1.468e+02 6.081e+01
|        ( QUESTION0_3_R 1 -1.336e+04 1.111e+02 5.681e+01
|            ( QUESTION11 1 -8.015e+03 1.226e+02 3.407e+01
|                ( - -3.176e+03 1 0)
|                ( - -4.717e+03 1 0))
|            ( - -5.229e+03 1 0))
|        ( - -8.180e+02 1 0)))
s>    ( QUESTION4 -1 -1.916e+04 1.928e+02 7.956e+01
s>        ( QUESTION2_8_L -1 -4.650e+03 2.110e+02 1.875e+01
s>            ( QUESTION13 1 -3.701e+03 1.382e+02 1.475e+01
s>                ( - -8.138e+02 1 0)
s>                ( QUESTION11 1 -2.749e+03 8.734e+01 1.075e+01
s>                    ( - -1.932e+03 1 0)
s>                    ( - -7.299e+02 2 0 QUESTION0_3_R 1 8.745e+01 2.998e+00)))
s>            ( - -7.380e+02 1 0))
s>        ( SILENCE -1 -1.432e+04 1.468e+02 6.081e+01
s>            ( QUESTION0_3_R 1 -1.336e+04 1.111e+02 5.681e+01
s>                ( QUESTION11 1 -8.015e+03 1.226e+02 3.407e+01
s>                    ( - -3.176e+03 1 0)
s>                    ( - -4.717e+03 1 0))
s>                ( - -5.229e+03 1 0))
s>            ( - -8.180e+02 1 0)))INFO: dtree.c(1478): Final simple tree
|( QUESTION3 -1 -5.143e+04 2.969e+02 2.078e+02
|    ( - -8.535e+03 1 0)
|    ( WDBNDRY_E 0 -4.260e+04 2.503e+02 1.718e+02
|        ( - -4.726e+02 1 0)
|        ( QUESTION19 -1 -4.188e+04 1.845e+02 1.688e+02
|            ( QUESTION13 1 -1.675e+04 1.512e+02 6.703e+01
|                ( - -7.975e+02 1 0)
|                ( - -1.580e+04 16 0 QUESTION11 1 1.181e+02 6.303e+01))
|            ( QUESTION2_2_L -1 -2.494e+04 4.626e+02 1.018e+02
|                ( - 2.164e+02 1 0)
|                ( QUESTION0_3_R 1 -2.470e+04 1.784e+02 1.008e+02
|                    ( WDBNDRY_B 0 -1.262e+04 2.308e+02 5.281e+01
|                        ( - -1.194e+04 7 0 QUESTION16 -1 1.214e+02 4.981e+01)
|                        ( - -4.516e+02 1 0))
|                    ( - -1.190e+04 10 0 QUESTION12 -1 1.454e+02 4.799e+01))))))
s>    ( QUESTION3 -1 -5.143e+04 2.969e+02 2.078e+02
s>        ( - -8.535e+03 1 0)
s>        ( WDBNDRY_E 0 -4.260e+04 2.503e+02 1.718e+02
s>            ( - -4.726e+02 1 0)
s>            ( QUESTION19 -1 -4.188e+04 1.845e+02 1.688e+02
s>                ( QUESTION13 1 -1.675e+04 1.512e+02 6.703e+01
s>                    ( - -7.975e+02 1 0)
s>                    ( - -1.580e+04 16 0 QUESTION11 1 1.181e+02 6.303e+01))
s>                ( QUESTION2_2_L -1 -2.494e+04 4.626e+02 1.018e+02
s>                    ( - 2.164e+02 1 0)
s>                    ( QUESTION0_3_R 1 -2.470e+04 1.784e+02 1.008e+02
s>                        ( WDBNDRY_B 0 -1.262e+04 2.308e+02 5.281e+01
s>                            ( - -1.194e+04 7 0 QUESTION16 -1 1.214e+02 4.981e+01)
s>                            ( - -4.516e+02 1 0))
s>                        ( - -1.190e+04 10 0 QUESTION12 -1 1.454e+02 4.799e+01))))))INFO: dtree.c(1315): Comp split 1
INFO: dtree.c(1478): Final simple tree
|( QUESTION3 -1 -5.119e+04 2.958e+02 2.068e+02
|    ( - -8.535e+03 1 0)
|    ( WDBNDRY_E 0 -4.236e+04 2.506e+02 1.708e+02
|        ( - -4.726e+02 1 0)
|        ( QUESTION19 -1 -4.163e+04 1.850e+02 1.678e+02
|            ( QUESTION13 1 -1.675e+04 1.512e+02 6.703e+01
|                ( - -7.975e+02 1 0)
|                ( - -1.580e+04 16 0 QUESTION11 1 1.181e+02 6.303e+01))
|            ( QUESTION0_3_R 1 -2.470e+04 1.784e+02 1.008e+02
|                ( WDBNDRY_B 0 -1.262e+04 2.308e+02 5.281e+01
|                    ( - -1.194e+04 7 0 QUESTION16 -1 1.214e+02 4.981e+01)
|                    ( - -4.516e+02 1 0))
|                ( QUESTION12 -1 -1.190e+04 1.454e+02 4.799e+01
|                    ( - -7.244e+03 6 0 WDBNDRY_B 0 1.240e+02 2.902e+01)
|                    ( - -4.510e+03 4 0 QUESTION0_6_R 1 1.229e+02 1.896e+01))))))
s>    ( QUESTION3 -1 -5.119e+04 2.958e+02 2.068e+02
s>        ( - -8.535e+03 1 0)
s>        ( WDBNDRY_E 0 -4.236e+04 2.506e+02 1.708e+02
s>            ( - -4.726e+02 1 0)
s>            ( QUESTION19 -1 -4.163e+04 1.850e+02 1.678e+02
s>                ( QUESTION13 1 -1.675e+04 1.512e+02 6.703e+01
s>                    ( - -7.975e+02 1 0)
s>                    ( - -1.580e+04 16 0 QUESTION11 1 1.181e+02 6.303e+01))
s>                ( QUESTION0_3_R 1 -2.470e+04 1.784e+02 1.008e+02
s>                    ( WDBNDRY_B 0 -1.262e+04 2.308e+02 5.281e+01
s>                        ( - -1.194e+04 7 0 QUESTION16 -1 1.214e+02 4.981e+01)
s>                        ( - -4.516e+02 1 0))
s>                    ( QUESTION12 -1 -1.190e+04 1.454e+02 4.799e+01
s>                        ( - -7.244e+03 6 0 WDBNDRY_B 0 1.240e+02 2.902e+01)
s>                        ( - -4.510e+03 4 0 QUESTION0_6_R 1 1.229e+02 1.896e+01))))))INFO: dtree.c(1315): Comp split 2
INFO: dtree.c(1478): Final simple tree
|( QUESTION13 -1 -3.349e+04 1.774e+02 1.358e+02
|    ( QUESTION16 -1 -1.039e+04 1.259e+02 4.367e+01
|        ( - -6.377e+02 1 0)
|        ( - -9.625e+03 4 0 QUESTION11 1 1.159e+02 4.067e+01))
|    ( QUESTION13 1 -2.292e+04 1.510e+02 9.213e+01
|        ( - -7.975e+02 1 0)
|        ( WDBNDRY_B 0 -2.197e+04 1.497e+02 8.813e+01
|            ( QUESTION11 -1 -1.831e+04 1.282e+02 7.314e+01
|                ( - -1.612e+03 2 0 QUESTION0_3_R 1 8.813e+01 7.122e+00)
|                ( QUESTION11 1 -1.657e+04 1.285e+02 6.602e+01
|                    ( - -8.551e+03 7 0 QUESTION2_1_L -1 1.016e+02 3.500e+01)
|                    ( QUESTION0_5_R 1 -7.892e+03 1.195e+02 3.102e+01
|                        ( - -6.192e+02 1 0)
|                        ( - -7.153e+03 8 0 QUESTION0 -1 1.092e+02 2.801e+01))))
|            ( - -3.513e+03 4 0 QUESTION0_6_R 1 9.438e+01 1.500e+01))))
s>    ( QUESTION13 -1 -3.349e+04 1.774e+02 1.358e+02
s>        ( QUESTION16 -1 -1.039e+04 1.259e+02 4.367e+01
s>            ( - -6.377e+02 1 0)
s>            ( - -9.625e+03 4 0 QUESTION11 1 1.159e+02 4.067e+01))
s>        ( QUESTION13 1 -2.292e+04 1.510e+02 9.213e+01
s>            ( - -7.975e+02 1 0)
s>            ( WDBNDRY_B 0 -2.197e+04 1.497e+02 8.813e+01
s>                ( QUESTION11 -1 -1.831e+04 1.282e+02 7.314e+01
s>                    ( - -1.612e+03 2 0 QUESTION0_3_R 1 8.813e+01 7.122e+00)
s>                    ( QUESTION11 1 -1.657e+04 1.285e+02 6.602e+01
s>                        ( - -8.551e+03 7 0 QUESTION2_1_L -1 1.016e+02 3.500e+01)
s>                        ( QUESTION0_5_R 1 -7.892e+03 1.195e+02 3.102e+01
s>                            ( - -6.192e+02 1 0)
s>                            ( - -7.153e+03 8 0 QUESTION0 -1 1.092e+02 2.801e+01))))
s>                ( - -3.513e+03 4 0 QUESTION0_6_R 1 9.438e+01 1.500e+01))))INFO: dtree.c(1439): stop. leaf nodes are specific
INFO: dtree.c(1478): Final simple tree
|( WDBNDRY_E 0 -1.739e+04 2.502e+02 7.102e+01
|    ( - -4.726e+02 1 0)
|    ( QUESTION0_3_R 1 -1.667e+04 2.371e+02 6.802e+01
|        ( - -4.516e+02 1 0)
|        ( QUESTION0 -1 -1.598e+04 2.042e+02 6.502e+01
|            ( - -8.535e+03 1 0)
|            ( WDBNDRY_B 0 -7.244e+03 1.240e+02 2.902e+01
|                ( QUESTION0_5_R 1 -6.275e+03 1.236e+02 2.502e+01
|                    ( QUESTION14 -1 -2.703e+03 8.245e+01 1.100e+01
|                        ( - -1.923e+03 2 0)
|                        ( - -6.976e+02 1 0))
|                    ( - -3.448e+03 2 0))
|                ( - -8.449e+02 1 0)))))
s>    ( WDBNDRY_E 0 -1.739e+04 2.502e+02 7.102e+01
s>        ( - -4.726e+02 1 0)
s>        ( QUESTION0_3_R 1 -1.667e+04 2.371e+02 6.802e+01
s>            ( - -4.516e+02 1 0)
s>            ( QUESTION0 -1 -1.598e+04 2.042e+02 6.502e+01
s>                ( - -8.535e+03 1 0)
s>                ( WDBNDRY_B 0 -7.244e+03 1.240e+02 2.902e+01
s>                    ( QUESTION0_5_R 1 -6.275e+03 1.236e+02 2.502e+01
s>                        ( QUESTION14 -1 -2.703e+03 8.245e+01 1.100e+01
s>                            ( - -1.923e+03 2 0)
s>                            ( - -6.976e+02 1 0))
s>                        ( - -3.448e+03 2 0))
s>                    ( - -8.449e+02 1 0)))))INFO: dtree.c(1315): Comp split 3
INFO: dtree.c(1439): stop. leaf nodes are specific
INFO: dtree.c(1478): Final simple tree
|( QUESTION0_3_R 1 -1.667e+04 2.371e+02 6.802e+01
|    ( - -4.516e+02 1 0)
|    ( QUESTION0 -1 -1.598e+04 2.042e+02 6.502e+01
|        ( - -8.535e+03 1 0)
|        ( WDBNDRY_B 0 -7.244e+03 1.240e+02 2.902e+01
|            ( QUESTION0_5_R 1 -6.275e+03 1.236e+02 2.502e+01
|                ( QUESTION14 -1 -2.703e+03 8.245e+01 1.100e+01
|                    ( - -1.923e+03 2 0)
|                    ( - -6.976e+02 1 0))
|                ( - -3.448e+03 2 0))
|            ( - -8.449e+02 1 0))))
s>    ( QUESTION0_3_R 1 -1.667e+04 2.371e+02 6.802e+01
s>        ( - -4.516e+02 1 0)
s>        ( QUESTION0 -1 -1.598e+04 2.042e+02 6.502e+01
s>            ( - -8.535e+03 1 0)
s>            ( WDBNDRY_B 0 -7.244e+03 1.240e+02 2.902e+01
s>                ( QUESTION0_5_R 1 -6.275e+03 1.236e+02 2.502e+01
s>                    ( QUESTION14 -1 -2.703e+03 8.245e+01 1.100e+01
s>                        ( - -1.923e+03 2 0)
s>                        ( - -6.976e+02 1 0))
s>                    ( - -3.448e+03 2 0))
s>                ( - -8.449e+02 1 0))))INFO: dtree.c(1315): Comp split 4
INFO: dtree.c(1439): stop. leaf nodes are specific
INFO: dtree.c(1478): Final simple tree
|( QUESTION0 -1 -1.598e+04 2.042e+02 6.502e+01
|    ( - -8.535e+03 1 0)
|    ( WDBNDRY_B 0 -7.244e+03 1.240e+02 2.902e+01
|        ( QUESTION0_5_R 1 -6.275e+03 1.236e+02 2.502e+01
|            ( QUESTION14 -1 -2.703e+03 8.245e+01 1.100e+01
|                ( - -1.923e+03 2 0)
|                ( - -6.976e+02 1 0))
|            ( - -3.448e+03 2 0))
|        ( - -8.449e+02 1 0)))
s>    ( QUESTION0 -1 -1.598e+04 2.042e+02 6.502e+01
s>        ( - -8.535e+03 1 0)
s>        ( WDBNDRY_B 0 -7.244e+03 1.240e+02 2.902e+01
s>            ( QUESTION0_5_R 1 -6.275e+03 1.236e+02 2.502e+01
s>                ( QUESTION14 -1 -2.703e+03 8.245e+01 1.100e+01
s>                    ( - -1.923e+03 2 0)
s>                    ( - -6.976e+02 1 0))
s>                ( - -3.448e+03 2 0))
s>            ( - -8.449e+02 1 0)))INFO: dtree.c(1315): Comp split 5
INFO: dtree.c(1478): Final simple tree
|( QUESTION5 -1 -1.821e+04 1.922e+02 7.556e+01
|    ( QUESTION13 1 -3.428e+03 1.382e+02 1.375e+01
|        ( - -8.138e+02 1 0)
|        ( QUESTION11 1 -2.476e+03 1.088e+02 9.752e+00
|            ( - -1.932e+03 1 0)
|            ( - -4.350e+02 1 0)))
|    ( QUESTION1 -1 -1.459e+04 1.470e+02 6.181e+01
|        ( - -8.180e+02 1 0)
|        ( QUESTION0_3_R 1 -1.362e+04 1.074e+02 5.781e+01
|            ( QUESTION11 1 -8.015e+03 1.226e+02 3.407e+01
|                ( - -3.176e+03 1 0)
|                ( - -4.717e+03 1 0))
|            ( SILENCE -1 -5.502e+03 6.528e+01 2.374e+01
|                ( - -5.229e+03 1 0)
|                ( - -2.074e+02 1 0)))))
s>    ( QUESTION5 -1 -1.821e+04 1.922e+02 7.556e+01
s>        ( QUESTION13 1 -3.428e+03 1.382e+02 1.375e+01
s>            ( - -8.138e+02 1 0)
s>            ( QUESTION11 1 -2.476e+03 1.088e+02 9.752e+00
s>                ( - -1.932e+03 1 0)
s>                ( - -4.350e+02 1 0)))
s>        ( QUESTION1 -1 -1.459e+04 1.470e+02 6.181e+01
s>            ( - -8.180e+02 1 0)
s>            ( QUESTION0_3_R 1 -1.362e+04 1.074e+02 5.781e+01
s>                ( QUESTION11 1 -8.015e+03 1.226e+02 3.407e+01
s>                    ( - -3.176e+03 1 0)
s>                    ( - -4.717e+03 1 0))
s>                ( SILENCE -1 -5.502e+03 6.528e+01 2.374e+01
s>                    ( - -5.229e+03 1 0)
s>                    ( - -2.074e+02 1 0)))))INFO: dtree.c(1315): Comp split 6
INFO: dtree.c(1478): Final simple tree
|( QUESTION15 -1 -1.496e+04 1.614e+02 6.267e+01
|    ( QUESTION11 1 -8.351e+03 1.117e+02 3.533e+01
|        ( - -5.425e+03 1 0)
|        ( - -2.815e+03 2 0))
|    ( QUESTION13 1 -6.449e+03 1.540e+02 2.734e+01
|        ( - -7.975e+02 1 0)
|        ( QUESTION0_6_R 1 -5.497e+03 9.958e+01 2.334e+01
|            ( WDBNDRY_B 0 -1.403e+03 1.149e+02 6.006e+00
|                ( - -6.192e+02 1 0)
|                ( - -6.687e+02 1 0))
|            ( QUESTION11 -1 -3.995e+03 9.565e+01 1.734e+01
|                ( - -1.798e+03 1 0)
|                ( QUESTION0_3_R 1 -2.101e+03 7.919e+01 9.343e+00
|                    ( - -1.839e+03 2 0 WDBNDRY_B 0 7.646e+01 8.343e+00)
|                    ( - -1.830e+02 1 0))))))
s>    ( QUESTION15 -1 -1.496e+04 1.614e+02 6.267e+01
s>        ( QUESTION11 1 -8.351e+03 1.117e+02 3.533e+01
s>            ( - -5.425e+03 1 0)
s>            ( - -2.815e+03 2 0))
s>        ( QUESTION13 1 -6.449e+03 1.540e+02 2.734e+01
s>            ( - -7.975e+02 1 0)
s>            ( QUESTION0_6_R 1 -5.497e+03 9.958e+01 2.334e+01
s>                ( WDBNDRY_B 0 -1.403e+03 1.149e+02 6.006e+00
s>                    ( - -6.192e+02 1 0)
s>                    ( - -6.687e+02 1 0))
s>                ( QUESTION11 -1 -3.995e+03 9.565e+01 1.734e+01
s>                    ( - -1.798e+03 1 0)
s>                    ( QUESTION0_3_R 1 -2.101e+03 7.919e+01 9.343e+00
s>                        ( - -1.839e+03 2 0 WDBNDRY_B 0 7.646e+01 8.343e+00)
s>                        ( - -1.830e+02 1 0))))))INFO: dtree.c(1478): Final simple tree
|( QUESTION11 -1 -1.832e+04 1.272e+02 7.313e+01
|    ( QUESTION0_3_R 1 -1.612e+03 8.813e+01 7.122e+00
|        ( - -6.888e+02 1 0)
|        ( - -8.347e+02 1 0))
|    ( QUESTION11 1 -1.658e+04 1.309e+02 6.601e+01
|        ( QUESTION2_1_L -1 -8.551e+03 1.016e+02 3.500e+01
|            ( - -1.841e+03 1 0)
|            ( QUESTION0 -1 -6.609e+03 6.697e+01 2.695e+01
|                ( - -6.746e+02 1 0)
|                ( - -5.867e+03 5 0)))
|        ( QUESTION0 -1 -7.896e+03 1.101e+02 3.101e+01
|            ( - -8.697e+02 1 0)
|            ( QUESTION13 -1 -6.916e+03 1.037e+02 2.702e+01
|                ( - -6.377e+02 1 0)
|                ( - -6.175e+03 7 0 QUESTION0_3_R 1 6.183e+01 2.402e+01)))))
s>    ( QUESTION11 -1 -1.832e+04 1.272e+02 7.313e+01
s>        ( QUESTION0_3_R 1 -1.612e+03 8.813e+01 7.122e+00
s>            ( - -6.888e+02 1 0)
s>            ( - -8.347e+02 1 0))
s>        ( QUESTION11 1 -1.658e+04 1.309e+02 6.601e+01
s>            ( QUESTION2_1_L -1 -8.551e+03 1.016e+02 3.500e+01
s>                ( - -1.841e+03 1 0)
s>                ( QUESTION0 -1 -6.609e+03 6.697e+01 2.695e+01
s>                    ( - -6.746e+02 1 0)
s>                    ( - -5.867e+03 5 0)))
s>            ( QUESTION0 -1 -7.896e+03 1.101e+02 3.101e+01
s>                ( - -8.697e+02 1 0)
s>                ( QUESTION13 -1 -6.916e+03 1.037e+02 2.702e+01
s>                    ( - -6.377e+02 1 0)
s>                    ( - -6.175e+03 7 0 QUESTION0_3_R 1 6.183e+01 2.402e+01)))))INFO: dtree.c(1315): Comp split 7
INFO: dtree.c(1439): stop. leaf nodes are specific
INFO: dtree.c(1478): Final simple tree
|( WDBNDRY_B 0 -7.244e+03 1.240e+02 2.902e+01
|    ( QUESTION0_5_R 1 -6.275e+03 1.236e+02 2.502e+01
|        ( QUESTION14 -1 -2.703e+03 8.245e+01 1.100e+01
|            ( - -1.923e+03 2 0)
|            ( - -6.976e+02 1 0))
|        ( - -3.448e+03 2 0))
|    ( - -8.449e+02 1 0))
s>    ( WDBNDRY_B 0 -7.244e+03 1.240e+02 2.902e+01
s>        ( QUESTION0_5_R 1 -6.275e+03 1.236e+02 2.502e+01
s>            ( QUESTION14 -1 -2.703e+03 8.245e+01 1.100e+01
s>                ( - -1.923e+03 2 0)
s>                ( - -6.976e+02 1 0))
s>            ( - -3.448e+03 2 0))
s>        ( - -8.449e+02 1 0))INFO: dtree.c(1315): Comp split 8
INFO: dtree.c(1439): stop. leaf nodes are specific
INFO: dtree.c(1478): Final simple tree
|( QUESTION1 -1 -1.459e+04 1.470e+02 6.181e+01
|    ( - -8.180e+02 1 0)
|    ( QUESTION0_3_R 1 -1.362e+04 1.074e+02 5.781e+01
|        ( QUESTION11 1 -8.015e+03 1.226e+02 3.407e+01
|            ( - -3.176e+03 1 0)
|            ( - -4.717e+03 1 0))
|        ( SILENCE -1 -5.502e+03 6.528e+01 2.374e+01
|            ( - -5.229e+03 1 0)
|            ( - -2.074e+02 1 0))))
s>    ( QUESTION1 -1 -1.459e+04 1.470e+02 6.181e+01
s>        ( - -8.180e+02 1 0)
s>        ( QUESTION0_3_R 1 -1.362e+04 1.074e+02 5.781e+01
s>            ( QUESTION11 1 -8.015e+03 1.226e+02 3.407e+01
s>                ( - -3.176e+03 1 0)
s>                ( - -4.717e+03 1 0))
s>            ( SILENCE -1 -5.502e+03 6.528e+01 2.374e+01
s>                ( - -5.229e+03 1 0)
s>                ( - -2.074e+02 1 0))))INFO: dtree.c(1439): stop. leaf nodes are specific
INFO: dtree.c(1478): Final simple tree
|( QUESTION13 1 -3.428e+03 1.382e+02 1.375e+01
|    ( - -8.138e+02 1 0)
|    ( QUESTION11 1 -2.476e+03 1.088e+02 9.752e+00
|        ( - -1.932e+03 1 0)
|        ( - -4.350e+02 1 0)))
s>    ( QUESTION13 1 -3.428e+03 1.382e+02 1.375e+01
s>        ( - -8.138e+02 1 0)
s>        ( QUESTION11 1 -2.476e+03 1.088e+02 9.752e+00
s>            ( - -1.932e+03 1 0)
s>            ( - -4.350e+02 1 0)))INFO: dtree.c(1315): Comp split 9
INFO: dtree.c(1439): stop. leaf nodes are specific
INFO: dtree.c(1478): Final simple tree
|( QUESTION0_6_R 1 -4.503e+03 9.881e+01 1.934e+01
|    ( - -6.687e+02 1 0)
|    ( QUESTION0_3_R 1 -3.736e+03 9.845e+01 1.634e+01
|        ( WDBNDRY_B 0 -1.839e+03 7.646e+01 8.343e+00
|            ( - -1.176e+03 1 0)
|            ( - -5.867e+02 1 0))
|        ( - -1.798e+03 1 0)))
s>    ( QUESTION0_6_R 1 -4.503e+03 9.881e+01 1.934e+01
s>        ( - -6.687e+02 1 0)
s>        ( QUESTION0_3_R 1 -3.736e+03 9.845e+01 1.634e+01
s>            ( WDBNDRY_B 0 -1.839e+03 7.646e+01 8.343e+00
s>                ( - -1.176e+03 1 0)
s>                ( - -5.867e+02 1 0))
s>            ( - -1.798e+03 1 0)))INFO: dtree.c(1439): stop. leaf nodes are specific
INFO: dtree.c(1478): Final simple tree
|( QUESTION13 1 -1.029e+04 1.584e+02 4.333e+01
|    ( - -7.975e+02 1 0)
|    ( QUESTION0_6_R 1 -9.335e+03 1.105e+02 3.933e+01
|        ( - -6.192e+02 1 0)
|        ( QUESTION11 1 -8.605e+03 1.076e+02 3.633e+01
|            ( - -5.425e+03 1 0)
|            ( WDBNDRY_B 0 -3.073e+03 7.469e+01 1.335e+01
|                ( - -2.815e+03 2 0)
|                ( - -1.830e+02 1 0)))))
s>    ( QUESTION13 1 -1.029e+04 1.584e+02 4.333e+01
s>        ( - -7.975e+02 1 0)
s>        ( QUESTION0_6_R 1 -9.335e+03 1.105e+02 3.933e+01
s>            ( - -6.192e+02 1 0)
s>            ( QUESTION11 1 -8.605e+03 1.076e+02 3.633e+01
s>                ( - -5.425e+03 1 0)
s>                ( WDBNDRY_B 0 -3.073e+03 7.469e+01 1.335e+01
s>                    ( - -2.815e+03 2 0)
s>                    ( - -1.830e+02 1 0)))))INFO: dtree.c(1315): Comp split 10
INFO: dtree.c(1439): stop. leaf nodes are specific
INFO: dtree.c(1478): Final simple tree
|( QUESTION0_6_R 1 -9.335e+03 1.105e+02 3.933e+01
|    ( - -6.192e+02 1 0)
|    ( QUESTION11 1 -8.605e+03 1.076e+02 3.633e+01
|        ( - -5.425e+03 1 0)
|        ( WDBNDRY_B 0 -3.073e+03 7.469e+01 1.335e+01
|            ( - -2.815e+03 2 0)
|            ( - -1.830e+02 1 0))))
s>    ( QUESTION0_6_R 1 -9.335e+03 1.105e+02 3.933e+01
s>        ( - -6.192e+02 1 0)
s>        ( QUESTION11 1 -8.605e+03 1.076e+02 3.633e+01
s>            ( - -5.425e+03 1 0)
s>            ( WDBNDRY_B 0 -3.073e+03 7.469e+01 1.335e+01
s>                ( - -2.815e+03 2 0)
s>                ( - -1.830e+02 1 0))))INFO: dtree.c(1315): Comp split 11
INFO: dtree.c(1439): stop. leaf nodes are specific
INFO: dtree.c(1478): Final simple tree
|( QUESTION0_3_R 1 -1.362e+04 1.074e+02 5.781e+01
|    ( QUESTION11 1 -8.015e+03 1.226e+02 3.407e+01
|        ( - -3.176e+03 1 0)
|        ( - -4.717e+03 1 0))
|    ( SILENCE -1 -5.502e+03 6.528e+01 2.374e+01
|        ( - -5.229e+03 1 0)
|        ( - -2.074e+02 1 0)))
s>    ( QUESTION0_3_R 1 -1.362e+04 1.074e+02 5.781e+01
s>        ( QUESTION11 1 -8.015e+03 1.226e+02 3.407e+01
s>            ( - -3.176e+03 1 0)
s>            ( - -4.717e+03 1 0))
s>        ( SILENCE -1 -5.502e+03 6.528e+01 2.374e+01
s>            ( - -5.229e+03 1 0)
s>            ( - -2.074e+02 1 0)))INFO: dtree.c(1315): Comp split 12
INFO: dtree.c(1439): stop. leaf nodes are specific
INFO: dtree.c(1478): Final simple tree
|( QUESTION0_3_R 1 -8.762e+03 8.465e+01 3.704e+01
|    ( - -3.176e+03 1 0)
|    ( SILENCE -1 -5.502e+03 6.528e+01 2.374e+01
|        ( - -5.229e+03 1 0)
|        ( - -2.074e+02 1 0)))
s>    ( QUESTION0_3_R 1 -8.762e+03 8.465e+01 3.704e+01
s>        ( - -3.176e+03 1 0)
s>        ( SILENCE -1 -5.502e+03 6.528e+01 2.374e+01
s>            ( - -5.229e+03 1 0)
s>            ( - -2.074e+02 1 0)))INFO: dtree.c(1315): Comp split 13
INFO: dtree.c(1439): stop. leaf nodes are specific
INFO: dtree.c(1478): Final simple tree
|( QUESTION0 -1 -7.896e+03 1.101e+02 3.101e+01
|    ( - -8.697e+02 1 0)
|    ( QUESTION13 -1 -6.916e+03 1.037e+02 2.702e+01
|        ( - -6.377e+02 1 0)
|        ( QUESTION0_3_R 1 -6.175e+03 6.183e+01 2.402e+01
|            ( - -4.835e+03 5 0)
|            ( - -1.278e+03 2 0))))
s>    ( QUESTION0 -1 -7.896e+03 1.101e+02 3.101e+01
s>        ( - -8.697e+02 1 0)
s>        ( QUESTION13 -1 -6.916e+03 1.037e+02 2.702e+01
s>            ( - -6.377e+02 1 0)
s>            ( QUESTION0_3_R 1 -6.175e+03 6.183e+01 2.402e+01
s>                ( - -4.835e+03 5 0)
s>                ( - -1.278e+03 2 0))))INFO: dtree.c(1439): stop. leaf nodes are specific
INFO: dtree.c(1478): Final simple tree
|( QUESTION11 -1 -1.028e+04 1.190e+02 4.212e+01
|    ( QUESTION0_3_R 1 -1.612e+03 8.813e+01 7.122e+00
|        ( - -6.888e+02 1 0)
|        ( - -8.347e+02 1 0))
|    ( QUESTION2_1_L -1 -8.551e+03 1.016e+02 3.500e+01
|        ( - -1.841e+03 1 0)
|        ( QUESTION0 -1 -6.609e+03 6.697e+01 2.695e+01
|            ( - -6.746e+02 1 0)
|            ( - -5.867e+03 5 0))))
s>    ( QUESTION11 -1 -1.028e+04 1.190e+02 4.212e+01
s>        ( QUESTION0_3_R 1 -1.612e+03 8.813e+01 7.122e+00
s>            ( - -6.888e+02 1 0)
s>            ( - -8.347e+02 1 0))
s>        ( QUESTION2_1_L -1 -8.551e+03 1.016e+02 3.500e+01
s>            ( - -1.841e+03 1 0)
s>            ( QUESTION0 -1 -6.609e+03 6.697e+01 2.695e+01
s>                ( - -6.746e+02 1 0)
s>                ( - -5.867e+03 5 0))))INFO: dtree.c(1315): Comp split 14
INFO: dtree.c(1439): stop. leaf nodes are specific
INFO: dtree.c(1478): Final simple tree
|( QUESTION11 1 -2.476e+03 1.088e+02 9.752e+00
|    ( - -1.932e+03 1 0)
|    ( - -4.350e+02 1 0))
s>    ( QUESTION11 1 -2.476e+03 1.088e+02 9.752e+00
s>        ( - -1.932e+03 1 0)
s>        ( - -4.350e+02 1 0))INFO: dtree.c(1315): Comp split 15
INFO: dtree.c(1439): stop. leaf nodes are specific
INFO: dtree.c(1478): Final simple tree
|( WDBNDRY_B 0 -3.672e+03 1.235e+02 1.500e+01
|    ( QUESTION14 -1 -2.703e+03 8.245e+01 1.100e+01
|        ( - -1.923e+03 2 0)
|        ( - -6.976e+02 1 0))
|    ( - -8.449e+02 1 0))
s>    ( WDBNDRY_B 0 -3.672e+03 1.235e+02 1.500e+01
s>        ( QUESTION14 -1 -2.703e+03 8.245e+01 1.100e+01
s>            ( - -1.923e+03 2 0)
s>            ( - -6.976e+02 1 0))
s>        ( - -8.449e+02 1 0))INFO: dtree.c(1315): Comp split 16
INFO: dtree.c(1439): stop. leaf nodes are specific
INFO: dtree.c(1478): Final simple tree
|( QUESTION14 -1 -2.703e+03 8.245e+01 1.100e+01
|    ( - -1.923e+03 2 0)
|    ( - -6.976e+02 1 0))
s>    ( QUESTION14 -1 -2.703e+03 8.245e+01 1.100e+01
s>        ( - -1.923e+03 2 0)
s>        ( - -6.976e+02 1 0))INFO: dtree.c(1315): Comp split 17
INFO: dtree.c(1439): stop. leaf nodes are specific
INFO: dtree.c(1478): Final simple tree
|( QUESTION2_1_L -1 -8.551e+03 1.016e+02 3.500e+01
|    ( - -1.841e+03 1 0)
|    ( QUESTION0 -1 -6.609e+03 6.697e+01 2.695e+01
|        ( - -6.746e+02 1 0)
|        ( - -5.867e+03 5 0)))
s>    ( QUESTION2_1_L -1 -8.551e+03 1.016e+02 3.500e+01
s>        ( - -1.841e+03 1 0)
s>        ( QUESTION0 -1 -6.609e+03 6.697e+01 2.695e+01
s>            ( - -6.746e+02 1 0)
s>            ( - -5.867e+03 5 0)))INFO: dtree.c(1439): stop. leaf nodes are specific
INFO: dtree.c(1478): Final simple tree
|( QUESTION0_3_R 1 -1.612e+03 8.813e+01 7.122e+00
|    ( - -6.888e+02 1 0)
|    ( - -8.347e+02 1 0))
s>    ( QUESTION0_3_R 1 -1.612e+03 8.813e+01 7.122e+00
s>        ( - -6.888e+02 1 0)
s>        ( - -8.347e+02 1 0))INFO: dtree.c(1315): Comp split 18
INFO: dtree.c(1439): stop. leaf nodes are specific
INFO: dtree.c(1478): Final simple tree
|( QUESTION0_6_R 1 -6.406e+03 1.044e+02 2.698e+01
|    ( - -6.192e+02 1 0)
|    ( WDBNDRY_B 0 -5.682e+03 7.472e+01 2.397e+01
|        ( - -5.425e+03 1 0)
|        ( - -1.830e+02 1 0)))
s>    ( QUESTION0_6_R 1 -6.406e+03 1.044e+02 2.698e+01
s>        ( - -6.192e+02 1 0)
s>        ( WDBNDRY_B 0 -5.682e+03 7.472e+01 2.397e+01
s>            ( - -5.425e+03 1 0)
s>            ( - -1.830e+02 1 0)))INFO: dtree.c(1315): Comp split 19
INFO: dtree.c(1439): stop. leaf nodes are specific
INFO: dtree.c(1478): Final simple tree
|( QUESTION13 -1 -6.916e+03 1.037e+02 2.702e+01
|    ( - -6.377e+02 1 0)
|    ( QUESTION0_3_R 1 -6.175e+03 6.183e+01 2.402e+01
|        ( - -4.835e+03 5 0)
|        ( - -1.278e+03 2 0)))
s>    ( QUESTION13 -1 -6.916e+03 1.037e+02 2.702e+01
s>        ( - -6.377e+02 1 0)
s>        ( QUESTION0_3_R 1 -6.175e+03 6.183e+01 2.402e+01
s>            ( - -4.835e+03 5 0)
s>            ( - -1.278e+03 2 0)))INFO: dtree.c(1315): Comp split 20
INFO: dtree.c(1315): Comp split 21
INFO: dtree.c(1439): stop. leaf nodes are specific
INFO: dtree.c(1478): Final simple tree
|( WDBNDRY_B 0 -5.682e+03 7.472e+01 2.397e+01
|    ( - -5.425e+03 1 0)
|    ( - -1.830e+02 1 0))
s>    ( WDBNDRY_B 0 -5.682e+03 7.472e+01 2.397e+01
s>        ( - -5.425e+03 1 0)
s>        ( - -1.830e+02 1 0))INFO: dtree.c(1315): Comp split 22
INFO: dtree.c(1439): stop. leaf nodes are specific
INFO: dtree.c(1478): Final simple tree
|( QUESTION0_3_R 1 -6.175e+03 6.183e+01 2.402e+01
|    ( - -4.835e+03 5 0)
|    ( - -1.278e+03 2 0))
s>    ( QUESTION0_3_R 1 -6.175e+03 6.183e+01 2.402e+01
s>        ( - -4.835e+03 5 0)
s>        ( - -1.278e+03 2 0))INFO: dtree.c(1315): Comp split 23
INFO: dtree.c(1439): stop. leaf nodes are specific
INFO: dtree.c(1478): Final simple tree
|( QUESTION0 -1 -6.609e+03 6.697e+01 2.695e+01
|    ( - -6.746e+02 1 0)
|    ( - -5.867e+03 5 0))
s>    ( QUESTION0 -1 -6.609e+03 6.697e+01 2.695e+01
s>        ( - -6.746e+02 1 0)
s>        ( - -5.867e+03 5 0))INFO: dtree.c(1315): Comp split 24
INFO: dtree.c(1439): stop. leaf nodes are specific
INFO: dtree.c(1478): Final simple tree
|( QUESTION0_3_R 1 -3.736e+03 9.845e+01 1.634e+01
|    ( WDBNDRY_B 0 -1.839e+03 7.646e+01 8.343e+00
|        ( - -1.176e+03 1 0)
|        ( - -5.867e+02 1 0))
|    ( - -1.798e+03 1 0))
s>    ( QUESTION0_3_R 1 -3.736e+03 9.845e+01 1.634e+01
s>        ( WDBNDRY_B 0 -1.839e+03 7.646e+01 8.343e+00
s>            ( - -1.176e+03 1 0)
s>            ( - -5.867e+02 1 0))
s>        ( - -1.798e+03 1 0))INFO: dtree.c(1315): Comp split 25
INFO: dtree.c(1439): stop. leaf nodes are specific
INFO: dtree.c(1478): Final simple tree
|( WDBNDRY_B 0 -1.839e+03 7.646e+01 8.343e+00
|    ( - -1.176e+03 1 0)
|    ( - -5.867e+02 1 0))
s>    ( WDBNDRY_B 0 -1.839e+03 7.646e+01 8.343e+00
s>        ( - -1.176e+03 1 0)
s>        ( - -5.867e+02 1 0))INFO: dtree.c(1315): Comp split 26
INFO: dtree.c(1439): stop. leaf nodes are specific
INFO: dtree.c(1478): Final simple tree
|( SILENCE -1 -3.442e+03 5.875e+01 1.430e+01
|    ( - -3.176e+03 1 0)
|    ( - -2.074e+02 1 0))
s>    ( SILENCE -1 -3.442e+03 5.875e+01 1.430e+01
s>        ( - -3.176e+03 1 0)
s>        ( - -2.074e+02 1 0))INFO: dtree.c(1315): Comp split 27
INFO: dtree.c(1315): Comp split 28
INFO: dtree.c(1315): Comp split 29
INFO: dtree.c(1315): Comp split 30
INFO: dtree.c(1315): Comp split 31
INFO: dtree.c(1315): Comp split 32
INFO: dtree.c(1315): Comp split 33
INFO: dtree.c(1315): Comp split 34
INFO: dtree.c(1318): stop. leaf nodes are specific
Thu May  7 00:23:23 2020
