Current configuration:
[NAME]		[DEFLT]	[VALUE]
-allphones	no	no
-cntthresh	0.00001	1.000000e-05
-csplitmax	100	2000
-csplitmin	1	1
-csplitthr	8e-4	0.000000e+00
-example	no	no
-fullvar	no	no
-help		no	no
-meanfn			/home/abdy/Desktop/diploma/kg/model_parameters/kg.cd_cont_untied/means
-mixwfn			/home/abdy/Desktop/diploma/kg/model_parameters/kg.cd_cont_untied/mixture_weights
-moddeffn		/home/abdy/Desktop/diploma/kg/model_architecture/kg.untied.mdef
-mwfloor	1e-4	1.000000e-08
-phone			r
-psetfn			/home/abdy/Desktop/diploma/kg/model_architecture/kg.tree_questions
-ssplitmax	5	7
-ssplitmin	1	1
-ssplitthr	8e-4	0.000000e+00
-state			1
-stwt			1.0,0.05,0.0,
-treefn			/home/abdy/Desktop/diploma/kg/trees/kg.unpruned/r-1.dtree
-ts2cbfn	.semi.	.cont.
-varfloor	0.00001	1.000000e-05
-varfn			/home/abdy/Desktop/diploma/kg/model_parameters/kg.cd_cont_untied/variances

INFO: main.c(223): Reading: /home/abdy/Desktop/diploma/kg/model_architecture/kg.untied.mdef
INFO: model_def_io.c(573): Model definition info:
INFO: model_def_io.c(574): 10297 total models defined (47 base, 10250 tri)
INFO: model_def_io.c(575): 41188 total states
INFO: model_def_io.c(576): 30891 total tied states
INFO: model_def_io.c(577): 141 total tied CI states
INFO: model_def_io.c(578): 47 total tied transition matrices
INFO: model_def_io.c(579): 4 max state/model
INFO: model_def_io.c(580): 4 min state/model
INFO: main.c(242): Building trees for [r SIL a b] through [r zh y i]
INFO: main.c(269): Covering states |[20328 21590]| == 1263
INFO: main.c(275): Reading: /home/abdy/Desktop/diploma/kg/model_parameters/kg.cd_cont_untied/mixture_weights
INFO: s3mixw_io.c(173): Read /home/abdy/Desktop/diploma/kg/model_parameters/kg.cd_cont_untied/mixture_weights [1263x1x1 array]
INFO: main.c(311): 120 of 421 models have observation count greater than 0.000010
INFO: main.c(95): nrm stwt: 0.045 0.909 0.045 
INFO: s3gau_io.c(169): Read /home/abdy/Desktop/diploma/kg/model_parameters/kg.cd_cont_untied/means [30891x1x1 array]
INFO: s3gau_io.c(169): Read /home/abdy/Desktop/diploma/kg/model_parameters/kg.cd_cont_untied/variances [30891x1x1 array]
INFO: main.c(549): Reading: /home/abdy/Desktop/diploma/kg/model_architecture/kg.tree_questions
INFO: main.c(588): 174 total simple questions (166 phone; 8 word bndry)
INFO: main.c(590): 40 Left Only questions, and 42 Right Only questions
INFO: dtree.c(1478): Final simple tree
|( SILENCE 1 -1.238e+05 7.235e+02 5.105e+02
|    ( QUESTION11 -1 -1.667e+04 1.968e+02 6.937e+01
|        ( - -1.326e+04 1 0)
|        ( - -3.220e+03 2 0))
|    ( QUESTION16 -1 -1.064e+05 4.749e+02 4.411e+02
|        ( - 2.410e+02 1 0)
|        ( QUESTION0_2_R 1 -1.062e+05 4.009e+02 4.401e+02
|            ( QUESTION0_5_R 1 -4.578e+04 2.386e+02 1.926e+02
|                ( - -9.722e+03 14 0 QUESTION5 -1 1.047e+02 4.103e+01)
|                ( - -3.582e+04 34 0 QUESTION2_1_L -1 1.868e+02 1.516e+02))
|            ( QUESTION13 -1 -6.002e+04 2.545e+02 2.475e+02
|                ( - -2.649e+02 1 0)
|                ( QUESTION11 -1 -5.950e+04 2.004e+02 2.455e+02
|                    ( - -2.432e+04 21 0 QUESTION5 1 1.677e+02 1.017e+02)
|                    ( - -3.498e+04 46 0 QUESTION0_17_R 1 1.803e+02 1.438e+02))))))
s>    ( SILENCE 1 -1.238e+05 7.235e+02 5.105e+02
s>        ( QUESTION11 -1 -1.667e+04 1.968e+02 6.937e+01
s>            ( - -1.326e+04 1 0)
s>            ( - -3.220e+03 2 0))
s>        ( QUESTION16 -1 -1.064e+05 4.749e+02 4.411e+02
s>            ( - 2.410e+02 1 0)
s>            ( QUESTION0_2_R 1 -1.062e+05 4.009e+02 4.401e+02
s>                ( QUESTION0_5_R 1 -4.578e+04 2.386e+02 1.926e+02
s>                    ( - -9.722e+03 14 0 QUESTION5 -1 1.047e+02 4.103e+01)
s>                    ( - -3.582e+04 34 0 QUESTION2_1_L -1 1.868e+02 1.516e+02))
s>                ( QUESTION13 -1 -6.002e+04 2.545e+02 2.475e+02
s>                    ( - -2.649e+02 1 0)
s>                    ( QUESTION11 -1 -5.950e+04 2.004e+02 2.455e+02
s>                        ( - -2.432e+04 21 0 QUESTION5 1 1.677e+02 1.017e+02)
s>                        ( - -3.498e+04 46 0 QUESTION0_17_R 1 1.803e+02 1.438e+02))))))INFO: dtree.c(1315): Comp split 0
INFO: dtree.c(1478): Final simple tree
|( QUESTION16 -1 -1.064e+05 4.749e+02 4.411e+02
|    ( - 2.410e+02 1 0)
|    ( QUESTION0_2_R 1 -1.062e+05 4.009e+02 4.401e+02
|        ( QUESTION0_5_R 1 -4.578e+04 2.386e+02 1.926e+02
|            ( - -9.722e+03 14 0 QUESTION5 -1 1.047e+02 4.103e+01)
|            ( QUESTION2_1_L -1 -3.582e+04 1.868e+02 1.516e+02
|                ( - -2.039e+04 12 0 QUESTION2_2_L -1 1.496e+02 8.761e+01)
|                ( - -1.525e+04 22 0 WDBNDRY_E 0 1.129e+02 6.399e+01)))
|        ( QUESTION13 -1 -6.002e+04 2.545e+02 2.475e+02
|            ( - -2.649e+02 1 0)
|            ( QUESTION11 -1 -5.950e+04 2.004e+02 2.455e+02
|                ( - -2.432e+04 21 0 QUESTION5 1 1.677e+02 1.017e+02)
|                ( QUESTION0_17_R 1 -3.498e+04 1.803e+02 1.438e+02
|                    ( - -2.801e+02 1 0)
|                    ( - -3.452e+04 45 0 QUESTION0_11_R 1 1.522e+02 1.418e+02))))))
s>    ( QUESTION16 -1 -1.064e+05 4.749e+02 4.411e+02
s>        ( - 2.410e+02 1 0)
s>        ( QUESTION0_2_R 1 -1.062e+05 4.009e+02 4.401e+02
s>            ( QUESTION0_5_R 1 -4.578e+04 2.386e+02 1.926e+02
s>                ( - -9.722e+03 14 0 QUESTION5 -1 1.047e+02 4.103e+01)
s>                ( QUESTION2_1_L -1 -3.582e+04 1.868e+02 1.516e+02
s>                    ( - -2.039e+04 12 0 QUESTION2_2_L -1 1.496e+02 8.761e+01)
s>                    ( - -1.525e+04 22 0 WDBNDRY_E 0 1.129e+02 6.399e+01)))
s>            ( QUESTION13 -1 -6.002e+04 2.545e+02 2.475e+02
s>                ( - -2.649e+02 1 0)
s>                ( QUESTION11 -1 -5.950e+04 2.004e+02 2.455e+02
s>                    ( - -2.432e+04 21 0 QUESTION5 1 1.677e+02 1.017e+02)
s>                    ( QUESTION0_17_R 1 -3.498e+04 1.803e+02 1.438e+02
s>                        ( - -2.801e+02 1 0)
s>                        ( - -3.452e+04 45 0 QUESTION0_11_R 1 1.522e+02 1.418e+02))))))INFO: dtree.c(1439): stop. leaf nodes are specific
INFO: dtree.c(1478): Final simple tree
|( QUESTION11 -1 -1.667e+04 1.968e+02 6.937e+01
|    ( - -1.326e+04 1 0)
|    ( - -3.220e+03 2 0))
s>    ( QUESTION11 -1 -1.667e+04 1.968e+02 6.937e+01
s>        ( - -1.326e+04 1 0)
s>        ( - -3.220e+03 2 0))INFO: dtree.c(1315): Comp split 1
INFO: dtree.c(1478): Final simple tree
|( QUESTION0_2_R 1 -1.062e+05 4.009e+02 4.401e+02
|    ( QUESTION0_5_R 1 -4.578e+04 2.386e+02 1.926e+02
|        ( - -9.722e+03 14 0 QUESTION5 -1 1.047e+02 4.103e+01)
|        ( QUESTION2_1_L -1 -3.582e+04 1.868e+02 1.516e+02
|            ( - -2.039e+04 12 0 QUESTION2_2_L -1 1.496e+02 8.761e+01)
|            ( - -1.525e+04 22 0 WDBNDRY_E 0 1.129e+02 6.399e+01)))
|    ( QUESTION13 -1 -6.002e+04 2.545e+02 2.475e+02
|        ( - -2.649e+02 1 0)
|        ( QUESTION11 -1 -5.950e+04 2.004e+02 2.455e+02
|            ( QUESTION5 1 -2.432e+04 1.677e+02 1.017e+02
|                ( - -9.460e+03 6 0 QUESTION0_11_R 1 1.460e+02 4.038e+01)
|                ( - -1.469e+04 15 0 QUESTION0_14_R 1 1.405e+02 6.131e+01))
|            ( QUESTION0_17_R 1 -3.498e+04 1.803e+02 1.438e+02
|                ( - -2.801e+02 1 0)
|                ( - -3.452e+04 45 0 QUESTION0_11_R 1 1.522e+02 1.418e+02)))))
s>    ( QUESTION0_2_R 1 -1.062e+05 4.009e+02 4.401e+02
s>        ( QUESTION0_5_R 1 -4.578e+04 2.386e+02 1.926e+02
s>            ( - -9.722e+03 14 0 QUESTION5 -1 1.047e+02 4.103e+01)
s>            ( QUESTION2_1_L -1 -3.582e+04 1.868e+02 1.516e+02
s>                ( - -2.039e+04 12 0 QUESTION2_2_L -1 1.496e+02 8.761e+01)
s>                ( - -1.525e+04 22 0 WDBNDRY_E 0 1.129e+02 6.399e+01)))
s>        ( QUESTION13 -1 -6.002e+04 2.545e+02 2.475e+02
s>            ( - -2.649e+02 1 0)
s>            ( QUESTION11 -1 -5.950e+04 2.004e+02 2.455e+02
s>                ( QUESTION5 1 -2.432e+04 1.677e+02 1.017e+02
s>                    ( - -9.460e+03 6 0 QUESTION0_11_R 1 1.460e+02 4.038e+01)
s>                    ( - -1.469e+04 15 0 QUESTION0_14_R 1 1.405e+02 6.131e+01))
s>                ( QUESTION0_17_R 1 -3.498e+04 1.803e+02 1.438e+02
s>                    ( - -2.801e+02 1 0)
s>                    ( - -3.452e+04 45 0 QUESTION0_11_R 1 1.522e+02 1.418e+02)))))INFO: dtree.c(1315): Comp split 2
INFO: dtree.c(1478): Final simple tree
|( QUESTION0_0_R 1 -3.634e+04 2.501e+02 1.536e+02
|    ( - -2.649e+02 1 0)
|    ( QUESTION2_1_L -1 -3.582e+04 1.868e+02 1.516e+02
|        ( QUESTION2_2_L -1 -2.039e+04 1.496e+02 8.761e+01
|            ( WDBNDRY_E 0 -4.504e+03 4.608e+02 2.002e+01
|                ( - 2.177e+02 1 0)
|                ( QUESTION11 -1 -4.261e+03 1.302e+02 1.902e+01
|                    ( - -3.999e+02 1 0)
|                    ( - -3.731e+03 1 0)))
|            ( WDBNDRY_E 0 -1.574e+04 1.267e+02 6.760e+01
|                ( QUESTION0_3_R 1 -3.357e+03 1.202e+02 1.418e+01
|                    ( - -2.205e+03 2 0)
|                    ( - -1.031e+03 1 0))
|                ( - -1.225e+04 6 0 QUESTION11 1 1.033e+02 5.341e+01)))
|        ( - -1.525e+04 22 0 WDBNDRY_E 0 1.129e+02 6.399e+01)))
s>    ( QUESTION0_0_R 1 -3.634e+04 2.501e+02 1.536e+02
s>        ( - -2.649e+02 1 0)
s>        ( QUESTION2_1_L -1 -3.582e+04 1.868e+02 1.516e+02
s>            ( QUESTION2_2_L -1 -2.039e+04 1.496e+02 8.761e+01
s>                ( WDBNDRY_E 0 -4.504e+03 4.608e+02 2.002e+01
s>                    ( - 2.177e+02 1 0)
s>                    ( QUESTION11 -1 -4.261e+03 1.302e+02 1.902e+01
s>                        ( - -3.999e+02 1 0)
s>                        ( - -3.731e+03 1 0)))
s>                ( WDBNDRY_E 0 -1.574e+04 1.267e+02 6.760e+01
s>                    ( QUESTION0_3_R 1 -3.357e+03 1.202e+02 1.418e+01
s>                        ( - -2.205e+03 2 0)
s>                        ( - -1.031e+03 1 0))
s>                    ( - -1.225e+04 6 0 QUESTION11 1 1.033e+02 5.341e+01)))
s>            ( - -1.525e+04 22 0 WDBNDRY_E 0 1.129e+02 6.399e+01)))INFO: dtree.c(1478): Final simple tree
|( QUESTION11 -1 -6.943e+04 2.411e+02 2.865e+02
|    ( QUESTION5 1 -2.457e+04 1.682e+02 1.027e+02
|        ( QUESTION0_11_R 1 -9.460e+03 1.460e+02 4.038e+01
|            ( - -6.351e+03 4 0 WDBNDRY_E 0 6.740e+01 2.719e+01)
|            ( WDBNDRY_E 0 -2.963e+03 1.982e+02 1.318e+01
|                ( - -2.481e+03 1 0)
|                ( - -2.841e+02 1 0)))
|        ( - -1.494e+04 16 0 QUESTION0_14_R 1 1.406e+02 6.231e+01))
|    ( QUESTION0_17_R 1 -4.461e+04 1.799e+02 1.839e+02
|        ( - -2.801e+02 1 0)
|        ( QUESTION0_2_R 1 -4.415e+04 1.643e+02 1.819e+02
|            ( - -9.473e+03 13 0 QUESTION5 -1 1.073e+02 4.003e+01)
|            ( QUESTION0_11_R 1 -3.452e+04 1.522e+02 1.418e+02
|                ( - -1.446e+04 19 0 QUESTION2_1_L -1 1.232e+02 5.941e+01)
|                ( - -1.990e+04 26 0 QUESTION2_2_L -1 1.428e+02 8.242e+01)))))
s>    ( QUESTION11 -1 -6.943e+04 2.411e+02 2.865e+02
s>        ( QUESTION5 1 -2.457e+04 1.682e+02 1.027e+02
s>            ( QUESTION0_11_R 1 -9.460e+03 1.460e+02 4.038e+01
s>                ( - -6.351e+03 4 0 WDBNDRY_E 0 6.740e+01 2.719e+01)
s>                ( WDBNDRY_E 0 -2.963e+03 1.982e+02 1.318e+01
s>                    ( - -2.481e+03 1 0)
s>                    ( - -2.841e+02 1 0)))
s>            ( - -1.494e+04 16 0 QUESTION0_14_R 1 1.406e+02 6.231e+01))
s>        ( QUESTION0_17_R 1 -4.461e+04 1.799e+02 1.839e+02
s>            ( - -2.801e+02 1 0)
s>            ( QUESTION0_2_R 1 -4.415e+04 1.643e+02 1.819e+02
s>                ( - -9.473e+03 13 0 QUESTION5 -1 1.073e+02 4.003e+01)
s>                ( QUESTION0_11_R 1 -3.452e+04 1.522e+02 1.418e+02
s>                    ( - -1.446e+04 19 0 QUESTION2_1_L -1 1.232e+02 5.941e+01)
s>                    ( - -1.990e+04 26 0 QUESTION2_2_L -1 1.428e+02 8.242e+01)))))INFO: dtree.c(1315): Comp split 3
INFO: dtree.c(1478): Final simple tree
|( QUESTION0_0_R 1 -3.609e+04 2.503e+02 1.526e+02
|    ( - -2.649e+02 1 0)
|    ( QUESTION2_1_L -1 -3.558e+04 1.880e+02 1.506e+02
|        ( QUESTION2_2_L -1 -2.015e+04 1.476e+02 8.661e+01
|            ( QUESTION11 -1 -4.261e+03 1.302e+02 1.902e+01
|                ( - -3.999e+02 1 0)
|                ( - -3.731e+03 1 0))
|            ( WDBNDRY_E 0 -1.574e+04 1.267e+02 6.760e+01
|                ( QUESTION0_3_R 1 -3.357e+03 1.202e+02 1.418e+01
|                    ( - -2.205e+03 2 0)
|                    ( - -1.031e+03 1 0))
|                ( - -1.225e+04 6 0 QUESTION11 1 1.033e+02 5.341e+01)))
|        ( WDBNDRY_E 0 -1.525e+04 1.129e+02 6.399e+01
|            ( - -2.806e+03 4 0 QUESTION0 -1 4.766e+02 1.203e+01)
|            ( - -1.233e+04 18 0 QUESTION15 1 1.041e+02 5.196e+01))))
s>    ( QUESTION0_0_R 1 -3.609e+04 2.503e+02 1.526e+02
s>        ( - -2.649e+02 1 0)
s>        ( QUESTION2_1_L -1 -3.558e+04 1.880e+02 1.506e+02
s>            ( QUESTION2_2_L -1 -2.015e+04 1.476e+02 8.661e+01
s>                ( QUESTION11 -1 -4.261e+03 1.302e+02 1.902e+01
s>                    ( - -3.999e+02 1 0)
s>                    ( - -3.731e+03 1 0))
s>                ( WDBNDRY_E 0 -1.574e+04 1.267e+02 6.760e+01
s>                    ( QUESTION0_3_R 1 -3.357e+03 1.202e+02 1.418e+01
s>                        ( - -2.205e+03 2 0)
s>                        ( - -1.031e+03 1 0))
s>                    ( - -1.225e+04 6 0 QUESTION11 1 1.033e+02 5.341e+01)))
s>            ( WDBNDRY_E 0 -1.525e+04 1.129e+02 6.399e+01
s>                ( - -2.806e+03 4 0 QUESTION0 -1 4.766e+02 1.203e+01)
s>                ( - -1.233e+04 18 0 QUESTION15 1 1.041e+02 5.196e+01))))INFO: dtree.c(1315): Comp split 4
INFO: dtree.c(1478): Final simple tree
|( QUESTION2_1_L -1 -3.558e+04 1.880e+02 1.506e+02
|    ( QUESTION2_2_L -1 -2.015e+04 1.476e+02 8.661e+01
|        ( QUESTION11 -1 -4.261e+03 1.302e+02 1.902e+01
|            ( - -3.999e+02 1 0)
|            ( - -3.731e+03 1 0))
|        ( WDBNDRY_E 0 -1.574e+04 1.267e+02 6.760e+01
|            ( QUESTION0_3_R 1 -3.357e+03 1.202e+02 1.418e+01
|                ( - -2.205e+03 2 0)
|                ( - -1.031e+03 1 0))
|            ( - -1.225e+04 6 0 QUESTION11 1 1.033e+02 5.341e+01)))
|    ( WDBNDRY_E 0 -1.525e+04 1.129e+02 6.399e+01
|        ( QUESTION0 -1 -2.806e+03 4.766e+02 1.203e+01
|            ( - 2.153e+02 1 0)
|            ( - -2.545e+03 3 0 QUESTION0_3_R 1 4.527e+02 1.103e+01))
|        ( - -1.233e+04 18 0 QUESTION15 1 1.041e+02 5.196e+01)))
s>    ( QUESTION2_1_L -1 -3.558e+04 1.880e+02 1.506e+02
s>        ( QUESTION2_2_L -1 -2.015e+04 1.476e+02 8.661e+01
s>            ( QUESTION11 -1 -4.261e+03 1.302e+02 1.902e+01
s>                ( - -3.999e+02 1 0)
s>                ( - -3.731e+03 1 0))
s>            ( WDBNDRY_E 0 -1.574e+04 1.267e+02 6.760e+01
s>                ( QUESTION0_3_R 1 -3.357e+03 1.202e+02 1.418e+01
s>                    ( - -2.205e+03 2 0)
s>                    ( - -1.031e+03 1 0))
s>                ( - -1.225e+04 6 0 QUESTION11 1 1.033e+02 5.341e+01)))
s>        ( WDBNDRY_E 0 -1.525e+04 1.129e+02 6.399e+01
s>            ( QUESTION0 -1 -2.806e+03 4.766e+02 1.203e+01
s>                ( - 2.153e+02 1 0)
s>                ( - -2.545e+03 3 0 QUESTION0_3_R 1 4.527e+02 1.103e+01))
s>            ( - -1.233e+04 18 0 QUESTION15 1 1.041e+02 5.196e+01)))INFO: dtree.c(1315): Comp split 5
INFO: dtree.c(1478): Final simple tree
|( QUESTION2_1_L -1 -3.533e+04 1.861e+02 1.496e+02
|    ( QUESTION2_2_L -1 -2.015e+04 1.476e+02 8.661e+01
|        ( QUESTION11 -1 -4.261e+03 1.302e+02 1.902e+01
|            ( - -3.999e+02 1 0)
|            ( - -3.731e+03 1 0))
|        ( WDBNDRY_E 0 -1.574e+04 1.267e+02 6.760e+01
|            ( QUESTION0_3_R 1 -3.357e+03 1.202e+02 1.418e+01
|                ( - -2.205e+03 2 0)
|                ( - -1.031e+03 1 0))
|            ( - -1.225e+04 6 0 QUESTION11 1 1.033e+02 5.341e+01)))
|    ( WDBNDRY_E 0 -1.500e+04 1.315e+02 6.299e+01
|        ( QUESTION0_3_R 1 -2.545e+03 4.527e+02 1.103e+01
|            ( - -2.308e+03 2 0)
|            ( - 2.165e+02 1 0))
|        ( - -1.233e+04 18 0 QUESTION15 1 1.041e+02 5.196e+01)))
s>    ( QUESTION2_1_L -1 -3.533e+04 1.861e+02 1.496e+02
s>        ( QUESTION2_2_L -1 -2.015e+04 1.476e+02 8.661e+01
s>            ( QUESTION11 -1 -4.261e+03 1.302e+02 1.902e+01
s>                ( - -3.999e+02 1 0)
s>                ( - -3.731e+03 1 0))
s>            ( WDBNDRY_E 0 -1.574e+04 1.267e+02 6.760e+01
s>                ( QUESTION0_3_R 1 -3.357e+03 1.202e+02 1.418e+01
s>                    ( - -2.205e+03 2 0)
s>                    ( - -1.031e+03 1 0))
s>                ( - -1.225e+04 6 0 QUESTION11 1 1.033e+02 5.341e+01)))
s>        ( WDBNDRY_E 0 -1.500e+04 1.315e+02 6.299e+01
s>            ( QUESTION0_3_R 1 -2.545e+03 4.527e+02 1.103e+01
s>                ( - -2.308e+03 2 0)
s>                ( - 2.165e+02 1 0))
s>            ( - -1.233e+04 18 0 QUESTION15 1 1.041e+02 5.196e+01)))INFO: dtree.c(1315): Comp split 6
INFO: dtree.c(1478): Final simple tree
|( QUESTION2_1_L -1 -3.510e+04 1.856e+02 1.486e+02
|    ( QUESTION2_2_L -1 -2.015e+04 1.476e+02 8.661e+01
|        ( QUESTION11 -1 -4.261e+03 1.302e+02 1.902e+01
|            ( - -3.999e+02 1 0)
|            ( - -3.731e+03 1 0))
|        ( WDBNDRY_E 0 -1.574e+04 1.267e+02 6.760e+01
|            ( QUESTION0_3_R 1 -3.357e+03 1.202e+02 1.418e+01
|                ( - -2.205e+03 2 0)
|                ( - -1.031e+03 1 0))
|            ( - -1.225e+04 6 0 QUESTION11 1 1.033e+02 5.341e+01)))
|    ( WDBNDRY_E 0 -1.477e+04 1.322e+02 6.199e+01
|        ( - -2.308e+03 2 0)
|        ( QUESTION15 1 -1.233e+04 1.041e+02 5.196e+01
|            ( - -7.301e+02 2 0)
|            ( - -1.149e+04 16 0 QUESTION11 1 9.162e+01 4.896e+01))))
s>    ( QUESTION2_1_L -1 -3.510e+04 1.856e+02 1.486e+02
s>        ( QUESTION2_2_L -1 -2.015e+04 1.476e+02 8.661e+01
s>            ( QUESTION11 -1 -4.261e+03 1.302e+02 1.902e+01
s>                ( - -3.999e+02 1 0)
s>                ( - -3.731e+03 1 0))
s>            ( WDBNDRY_E 0 -1.574e+04 1.267e+02 6.760e+01
s>                ( QUESTION0_3_R 1 -3.357e+03 1.202e+02 1.418e+01
s>                    ( - -2.205e+03 2 0)
s>                    ( - -1.031e+03 1 0))
s>                ( - -1.225e+04 6 0 QUESTION11 1 1.033e+02 5.341e+01)))
s>        ( WDBNDRY_E 0 -1.477e+04 1.322e+02 6.199e+01
s>            ( - -2.308e+03 2 0)
s>            ( QUESTION15 1 -1.233e+04 1.041e+02 5.196e+01
s>                ( - -7.301e+02 2 0)
s>                ( - -1.149e+04 16 0 QUESTION11 1 9.162e+01 4.896e+01))))INFO: dtree.c(1315): Comp split 7
INFO: dtree.c(1478): Final simple tree
|( QUESTION0_2_R 1 -4.415e+04 1.643e+02 1.819e+02
|    ( QUESTION5 -1 -9.473e+03 1.073e+02 4.003e+01
|        ( - -2.016e+02 1 0)
|        ( - -9.164e+03 12 0 QUESTION0 -1 1.015e+02 3.903e+01))
|    ( QUESTION0_11_R 1 -3.452e+04 1.522e+02 1.418e+02
|        ( QUESTION2_1_L -1 -1.446e+04 1.232e+02 5.941e+01
|            ( - -3.481e+03 6 0 QUESTION2_2_L -1 8.896e+01 1.399e+01)
|            ( QUESTION5 1 -1.086e+04 1.144e+02 4.542e+01
|                ( WDBNDRY_E 0 -6.068e+03 1.136e+02 2.641e+01
|                    ( - -6.330e+02 2 0)
|                    ( - -5.322e+03 3 0))
|                ( - -4.678e+03 8 0 QUESTION0_13_R 1 9.476e+01 1.901e+01)))
|        ( QUESTION2_2_L -1 -1.990e+04 1.428e+02 8.242e+01
|            ( - -2.880e+03 3 0 WDBNDRY_E 0 7.685e+01 1.215e+01)
|            ( - -1.688e+04 23 0 QUESTION0_9_R 1 7.800e+01 7.027e+01))))
s>    ( QUESTION0_2_R 1 -4.415e+04 1.643e+02 1.819e+02
s>        ( QUESTION5 -1 -9.473e+03 1.073e+02 4.003e+01
s>            ( - -2.016e+02 1 0)
s>            ( - -9.164e+03 12 0 QUESTION0 -1 1.015e+02 3.903e+01))
s>        ( QUESTION0_11_R 1 -3.452e+04 1.522e+02 1.418e+02
s>            ( QUESTION2_1_L -1 -1.446e+04 1.232e+02 5.941e+01
s>                ( - -3.481e+03 6 0 QUESTION2_2_L -1 8.896e+01 1.399e+01)
s>                ( QUESTION5 1 -1.086e+04 1.144e+02 4.542e+01
s>                    ( WDBNDRY_E 0 -6.068e+03 1.136e+02 2.641e+01
s>                        ( - -6.330e+02 2 0)
s>                        ( - -5.322e+03 3 0))
s>                    ( - -4.678e+03 8 0 QUESTION0_13_R 1 9.476e+01 1.901e+01)))
s>            ( QUESTION2_2_L -1 -1.990e+04 1.428e+02 8.242e+01
s>                ( - -2.880e+03 3 0 WDBNDRY_E 0 7.685e+01 1.215e+01)
s>                ( - -1.688e+04 23 0 QUESTION0_9_R 1 7.800e+01 7.027e+01))))INFO: dtree.c(1478): Final simple tree
|( QUESTION11 -1 -2.503e+04 1.778e+02 1.047e+02
|    ( QUESTION5 1 -2.457e+04 1.682e+02 1.027e+02
|        ( QUESTION0_11_R 1 -9.460e+03 1.460e+02 4.038e+01
|            ( - -6.351e+03 4 0 WDBNDRY_E 0 6.740e+01 2.719e+01)
|            ( WDBNDRY_E 0 -2.963e+03 1.982e+02 1.318e+01
|                ( - -2.481e+03 1 0)
|                ( - -2.841e+02 1 0)))
|        ( QUESTION0_14_R 1 -1.494e+04 1.406e+02 6.231e+01
|            ( WDBNDRY_E 0 -3.630e+03 1.101e+02 1.595e+01
|                ( - -2.144e+03 1 0)
|                ( - -1.376e+03 1 0))
|            ( QUESTION0_18_R 1 -1.117e+04 1.166e+02 4.636e+01
|                ( - -1.034e+03 1 0)
|                ( - -1.002e+04 13 0 QUESTION3 1 1.014e+02 4.136e+01))))
|    ( - -2.801e+02 1 0))
s>    ( QUESTION11 -1 -2.503e+04 1.778e+02 1.047e+02
s>        ( QUESTION5 1 -2.457e+04 1.682e+02 1.027e+02
s>            ( QUESTION0_11_R 1 -9.460e+03 1.460e+02 4.038e+01
s>                ( - -6.351e+03 4 0 WDBNDRY_E 0 6.740e+01 2.719e+01)
s>                ( WDBNDRY_E 0 -2.963e+03 1.982e+02 1.318e+01
s>                    ( - -2.481e+03 1 0)
s>                    ( - -2.841e+02 1 0)))
s>            ( QUESTION0_14_R 1 -1.494e+04 1.406e+02 6.231e+01
s>                ( WDBNDRY_E 0 -3.630e+03 1.101e+02 1.595e+01
s>                    ( - -2.144e+03 1 0)
s>                    ( - -1.376e+03 1 0))
s>                ( QUESTION0_18_R 1 -1.117e+04 1.166e+02 4.636e+01
s>                    ( - -1.034e+03 1 0)
s>                    ( - -1.002e+04 13 0 QUESTION3 1 1.014e+02 4.136e+01))))
s>        ( - -2.801e+02 1 0))INFO: dtree.c(1315): Comp split 8
INFO: dtree.c(1478): Final simple tree
|( QUESTION11 -1 -2.454e+04 1.776e+02 1.027e+02
|    ( QUESTION5 1 -2.408e+04 1.688e+02 1.007e+02
|        ( QUESTION0_11_R 1 -8.974e+03 1.425e+02 3.838e+01
|            ( - -6.351e+03 4 0 WDBNDRY_E 0 6.740e+01 2.719e+01)
|            ( - -2.481e+03 1 0))
|        ( QUESTION0_14_R 1 -1.494e+04 1.406e+02 6.231e+01
|            ( WDBNDRY_E 0 -3.630e+03 1.101e+02 1.595e+01
|                ( - -2.144e+03 1 0)
|                ( - -1.376e+03 1 0))
|            ( QUESTION0_18_R 1 -1.117e+04 1.166e+02 4.636e+01
|                ( - -1.034e+03 1 0)
|                ( QUESTION3 1 -1.002e+04 1.014e+02 4.136e+01
|                    ( - -4.254e+03 3 0 WDBNDRY_E 0 1.125e+02 1.812e+01)
|                    ( - -5.665e+03 10 0 QUESTION0_9_R 1 8.681e+01 2.324e+01)))))
|    ( - -2.801e+02 1 0))
s>    ( QUESTION11 -1 -2.454e+04 1.776e+02 1.027e+02
s>        ( QUESTION5 1 -2.408e+04 1.688e+02 1.007e+02
s>            ( QUESTION0_11_R 1 -8.974e+03 1.425e+02 3.838e+01
s>                ( - -6.351e+03 4 0 WDBNDRY_E 0 6.740e+01 2.719e+01)
s>                ( - -2.481e+03 1 0))
s>            ( QUESTION0_14_R 1 -1.494e+04 1.406e+02 6.231e+01
s>                ( WDBNDRY_E 0 -3.630e+03 1.101e+02 1.595e+01
s>                    ( - -2.144e+03 1 0)
s>                    ( - -1.376e+03 1 0))
s>                ( QUESTION0_18_R 1 -1.117e+04 1.166e+02 4.636e+01
s>                    ( - -1.034e+03 1 0)
s>                    ( QUESTION3 1 -1.002e+04 1.014e+02 4.136e+01
s>                        ( - -4.254e+03 3 0 WDBNDRY_E 0 1.125e+02 1.812e+01)
s>                        ( - -5.665e+03 10 0 QUESTION0_9_R 1 8.681e+01 2.324e+01)))))
s>        ( - -2.801e+02 1 0))INFO: dtree.c(1315): Comp split 9
INFO: dtree.c(1478): Final simple tree
|( QUESTION0_2_R 1 -2.017e+04 1.422e+02 8.444e+01
|    ( QUESTION0 -1 -9.164e+03 1.015e+02 3.903e+01
|        ( - -3.853e+02 1 0)
|        ( QUESTION0_6_R 1 -8.677e+03 8.609e+01 3.703e+01
|            ( - -3.142e+03 4 0 WDBNDRY_B 0 6.560e+01 1.375e+01)
|            ( WDBNDRY_B 0 -5.449e+03 1.508e+02 2.328e+01
|                ( - -2.888e+02 1 0)
|                ( - -5.010e+03 6 0 QUESTION2_1_L -1 6.786e+01 2.128e+01))))
|    ( QUESTION5 1 -1.086e+04 1.144e+02 4.542e+01
|        ( WDBNDRY_E 0 -6.068e+03 1.136e+02 2.641e+01
|            ( - -6.330e+02 2 0)
|            ( - -5.322e+03 3 0))
|        ( QUESTION0_13_R 1 -4.678e+03 9.476e+01 1.901e+01
|            ( - -3.415e+03 6 0 WDBNDRY_E 0 7.145e+01 1.402e+01)
|            ( - -1.168e+03 2 0 QUESTION0_12_R 1 6.519e+01 4.992e+00))))
s>    ( QUESTION0_2_R 1 -2.017e+04 1.422e+02 8.444e+01
s>        ( QUESTION0 -1 -9.164e+03 1.015e+02 3.903e+01
s>            ( - -3.853e+02 1 0)
s>            ( QUESTION0_6_R 1 -8.677e+03 8.609e+01 3.703e+01
s>                ( - -3.142e+03 4 0 WDBNDRY_B 0 6.560e+01 1.375e+01)
s>                ( WDBNDRY_B 0 -5.449e+03 1.508e+02 2.328e+01
s>                    ( - -2.888e+02 1 0)
s>                    ( - -5.010e+03 6 0 QUESTION2_1_L -1 6.786e+01 2.128e+01))))
s>        ( QUESTION5 1 -1.086e+04 1.144e+02 4.542e+01
s>            ( WDBNDRY_E 0 -6.068e+03 1.136e+02 2.641e+01
s>                ( - -6.330e+02 2 0)
s>                ( - -5.322e+03 3 0))
s>            ( QUESTION0_13_R 1 -4.678e+03 9.476e+01 1.901e+01
s>                ( - -3.415e+03 6 0 WDBNDRY_E 0 7.145e+01 1.402e+01)
s>                ( - -1.168e+03 2 0 QUESTION0_12_R 1 6.519e+01 4.992e+00))))INFO: dtree.c(1478): Final simple tree
|( QUESTION2_4_L -1 -2.379e+04 1.387e+02 9.741e+01
|    ( QUESTION16 1 -1.662e+04 9.850e+01 6.927e+01
|        ( - -3.800e+02 1 0)
|        ( QUESTION0_9_R 1 -1.614e+04 7.653e+01 6.727e+01
|            ( WDBNDRY_E 0 -1.106e+04 9.219e+01 4.586e+01
|                ( - -1.130e+03 3 0)
|                ( - -9.840e+03 11 0))
|            ( - -4.998e+03 7 0 WDBNDRY_E 0 7.550e+01 2.141e+01)))
|    ( QUESTION0_9_R 1 -7.034e+03 1.305e+02 2.814e+01
|        ( - -2.618e+03 2 0)
|        ( QUESTION0_12_R 1 -4.285e+03 9.244e+01 1.699e+01
|            ( QUESTION2_2_L -1 -2.652e+03 9.401e+01 1.099e+01
|                ( - -1.095e+03 1 0)
|                ( - -1.463e+03 3 0 QUESTION0_13_R 1 7.191e+01 6.007e+00))
|            ( - -1.541e+03 5 0 QUESTION0_2_R 1 7.112e+01 6.000e+00))))
s>    ( QUESTION2_4_L -1 -2.379e+04 1.387e+02 9.741e+01
s>        ( QUESTION16 1 -1.662e+04 9.850e+01 6.927e+01
s>            ( - -3.800e+02 1 0)
s>            ( QUESTION0_9_R 1 -1.614e+04 7.653e+01 6.727e+01
s>                ( WDBNDRY_E 0 -1.106e+04 9.219e+01 4.586e+01
s>                    ( - -1.130e+03 3 0)
s>                    ( - -9.840e+03 11 0))
s>                ( - -4.998e+03 7 0 WDBNDRY_E 0 7.550e+01 2.141e+01)))
s>        ( QUESTION0_9_R 1 -7.034e+03 1.305e+02 2.814e+01
s>            ( - -2.618e+03 2 0)
s>            ( QUESTION0_12_R 1 -4.285e+03 9.244e+01 1.699e+01
s>                ( QUESTION2_2_L -1 -2.652e+03 9.401e+01 1.099e+01
s>                    ( - -1.095e+03 1 0)
s>                    ( - -1.463e+03 3 0 QUESTION0_13_R 1 7.191e+01 6.007e+00))
s>                ( - -1.541e+03 5 0 QUESTION0_2_R 1 7.112e+01 6.000e+00))))INFO: dtree.c(1315): Comp split 10
INFO: dtree.c(1478): Final simple tree
|( WDBNDRY_E 0 -1.643e+04 1.356e+02 6.899e+01
|    ( QUESTION0_3_R 1 -3.445e+03 1.054e+02 1.503e+01
|        ( - -2.308e+03 2 0)
|        ( - -1.031e+03 1 0))
|    ( QUESTION11 -1 -1.285e+04 1.271e+02 5.396e+01
|        ( - -3.999e+02 1 0)
|        ( QUESTION15 1 -1.233e+04 1.041e+02 5.196e+01
|            ( - -7.301e+02 2 0)
|            ( QUESTION11 1 -1.149e+04 9.162e+01 4.896e+01
|                ( QUESTION13 -1 -4.153e+03 9.226e+01 1.795e+01
|                    ( - -8.116e+02 1 0)
|                    ( - -3.249e+03 5 0 QUESTION0_3_R 1 8.228e+01 1.409e+01))
|                ( QUESTION9 -1 -7.248e+03 4.823e+02 3.102e+01
|                    ( - 2.413e+02 1 0)
|                    ( - -7.007e+03 9 0 QUESTION0 -1 8.903e+01 3.002e+01))))))
s>    ( WDBNDRY_E 0 -1.643e+04 1.356e+02 6.899e+01
s>        ( QUESTION0_3_R 1 -3.445e+03 1.054e+02 1.503e+01
s>            ( - -2.308e+03 2 0)
s>            ( - -1.031e+03 1 0))
s>        ( QUESTION11 -1 -1.285e+04 1.271e+02 5.396e+01
s>            ( - -3.999e+02 1 0)
s>            ( QUESTION15 1 -1.233e+04 1.041e+02 5.196e+01
s>                ( - -7.301e+02 2 0)
s>                ( QUESTION11 1 -1.149e+04 9.162e+01 4.896e+01
s>                    ( QUESTION13 -1 -4.153e+03 9.226e+01 1.795e+01
s>                        ( - -8.116e+02 1 0)
s>                        ( - -3.249e+03 5 0 QUESTION0_3_R 1 8.228e+01 1.409e+01))
s>                    ( QUESTION9 -1 -7.248e+03 4.823e+02 3.102e+01
s>                        ( - 2.413e+02 1 0)
s>                        ( - -7.007e+03 9 0 QUESTION0 -1 8.903e+01 3.002e+01))))))INFO: dtree.c(1439): stop. leaf nodes are specific
INFO: dtree.c(1478): Final simple tree
|( WDBNDRY_E 0 -1.846e+04 1.427e+02 7.961e+01
|    ( - -2.205e+03 2 0)
|    ( QUESTION2_2_L -1 -1.612e+04 1.316e+02 7.043e+01
|        ( - -3.731e+03 1 0)
|        ( QUESTION11 1 -1.225e+04 1.033e+02 5.341e+01
|            ( - -4.073e+03 2 0)
|            ( QUESTION13 1 -8.078e+03 6.459e+01 3.518e+01
|                ( - -1.889e+02 1 0)
|                ( QUESTION0_3_R 1 -7.825e+03 4.884e+01 3.418e+01
|                    ( - -1.860e+02 1 0)
|                    ( - -7.590e+03 2 0))))))
s>    ( WDBNDRY_E 0 -1.846e+04 1.427e+02 7.961e+01
s>        ( - -2.205e+03 2 0)
s>        ( QUESTION2_2_L -1 -1.612e+04 1.316e+02 7.043e+01
s>            ( - -3.731e+03 1 0)
s>            ( QUESTION11 1 -1.225e+04 1.033e+02 5.341e+01
s>                ( - -4.073e+03 2 0)
s>                ( QUESTION13 1 -8.078e+03 6.459e+01 3.518e+01
s>                    ( - -1.889e+02 1 0)
s>                    ( QUESTION0_3_R 1 -7.825e+03 4.884e+01 3.418e+01
s>                        ( - -1.860e+02 1 0)
s>                        ( - -7.590e+03 2 0))))))INFO: dtree.c(1315): Comp split 11
INFO: dtree.c(1478): Final simple tree
|( WDBNDRY_E 0 -1.619e+04 1.354e+02 6.799e+01
|    ( QUESTION0_3_R 1 -3.445e+03 1.054e+02 1.503e+01
|        ( - -2.308e+03 2 0)
|        ( - -1.031e+03 1 0))
|    ( QUESTION11 -1 -1.261e+04 1.264e+02 5.296e+01
|        ( - -3.999e+02 1 0)
|        ( QUESTION15 1 -1.208e+04 1.047e+02 5.096e+01
|            ( - -7.301e+02 2 0)
|            ( QUESTION5 -1 -1.125e+04 8.689e+01 4.796e+01
|                ( - -1.813e+02 1 0)
|                ( QUESTION11 1 -1.098e+04 8.857e+01 4.696e+01
|                    ( QUESTION13 -1 -4.153e+03 9.226e+01 1.795e+01
|                        ( - -8.116e+02 1 0)
|                        ( - -3.249e+03 5 0 QUESTION0_3_R 1 8.228e+01 1.409e+01))
|                    ( - -6.736e+03 8 0 QUESTION0_3_R 1 7.729e+01 2.902e+01))))))
s>    ( WDBNDRY_E 0 -1.619e+04 1.354e+02 6.799e+01
s>        ( QUESTION0_3_R 1 -3.445e+03 1.054e+02 1.503e+01
s>            ( - -2.308e+03 2 0)
s>            ( - -1.031e+03 1 0))
s>        ( QUESTION11 -1 -1.261e+04 1.264e+02 5.296e+01
s>            ( - -3.999e+02 1 0)
s>            ( QUESTION15 1 -1.208e+04 1.047e+02 5.096e+01
s>                ( - -7.301e+02 2 0)
s>                ( QUESTION5 -1 -1.125e+04 8.689e+01 4.796e+01
s>                    ( - -1.813e+02 1 0)
s>                    ( QUESTION11 1 -1.098e+04 8.857e+01 4.696e+01
s>                        ( QUESTION13 -1 -4.153e+03 9.226e+01 1.795e+01
s>                            ( - -8.116e+02 1 0)
s>                            ( - -3.249e+03 5 0 QUESTION0_3_R 1 8.228e+01 1.409e+01))
s>                        ( - -6.736e+03 8 0 QUESTION0_3_R 1 7.729e+01 2.902e+01))))))INFO: dtree.c(1315): Comp split 12
INFO: dtree.c(1315): Comp split 13
INFO: dtree.c(1478): Final simple tree
|( QUESTION11 -1 -2.222e+04 1.751e+02 9.274e+01
|    ( QUESTION5 1 -2.176e+04 1.574e+02 9.074e+01
|        ( QUESTION0_11_R 1 -8.974e+03 1.425e+02 3.838e+01
|            ( - -6.351e+03 4 0 WDBNDRY_E 0 6.740e+01 2.719e+01)
|            ( - -2.481e+03 1 0))
|        ( QUESTION0_15_R 1 -1.263e+04 1.176e+02 5.236e+01
|            ( - -1.330e+03 2 0 QUESTION0_17_R 1 7.697e+01 6.000e+00)
|            ( QUESTION3 1 -1.118e+04 9.711e+01 4.636e+01
|                ( WDBNDRY_E 0 -4.254e+03 1.125e+02 1.812e+01
|                    ( - -1.728e+03 1 0)
|                    ( - -2.413e+03 2 0))
|                ( QUESTION0_14_R 1 -6.834e+03 9.054e+01 2.824e+01
|                    ( - -1.376e+03 1 0)
|                    ( - -5.367e+03 9 0 QUESTION0_9_R 1 8.888e+01 2.224e+01)))))
|    ( - -2.801e+02 1 0))
s>    ( QUESTION11 -1 -2.222e+04 1.751e+02 9.274e+01
s>        ( QUESTION5 1 -2.176e+04 1.574e+02 9.074e+01
s>            ( QUESTION0_11_R 1 -8.974e+03 1.425e+02 3.838e+01
s>                ( - -6.351e+03 4 0 WDBNDRY_E 0 6.740e+01 2.719e+01)
s>                ( - -2.481e+03 1 0))
s>            ( QUESTION0_15_R 1 -1.263e+04 1.176e+02 5.236e+01
s>                ( - -1.330e+03 2 0 QUESTION0_17_R 1 7.697e+01 6.000e+00)
s>                ( QUESTION3 1 -1.118e+04 9.711e+01 4.636e+01
s>                    ( WDBNDRY_E 0 -4.254e+03 1.125e+02 1.812e+01
s>                        ( - -1.728e+03 1 0)
s>                        ( - -2.413e+03 2 0))
s>                    ( QUESTION0_14_R 1 -6.834e+03 9.054e+01 2.824e+01
s>                        ( - -1.376e+03 1 0)
s>                        ( - -5.367e+03 9 0 QUESTION0_9_R 1 8.888e+01 2.224e+01)))))
s>        ( - -2.801e+02 1 0))INFO: dtree.c(1315): Comp split 14
INFO: dtree.c(1478): Final simple tree
|( QUESTION5 1 -2.176e+04 1.574e+02 9.074e+01
|    ( QUESTION0_11_R 1 -8.974e+03 1.425e+02 3.838e+01
|        ( - -6.351e+03 4 0 WDBNDRY_E 0 6.740e+01 2.719e+01)
|        ( - -2.481e+03 1 0))
|    ( QUESTION0_15_R 1 -1.263e+04 1.176e+02 5.236e+01
|        ( - -1.330e+03 2 0 QUESTION0_17_R 1 7.697e+01 6.000e+00)
|        ( QUESTION3 1 -1.118e+04 9.711e+01 4.636e+01
|            ( WDBNDRY_E 0 -4.254e+03 1.125e+02 1.812e+01
|                ( - -1.728e+03 1 0)
|                ( - -2.413e+03 2 0))
|            ( QUESTION0_14_R 1 -6.834e+03 9.054e+01 2.824e+01
|                ( - -1.376e+03 1 0)
|                ( QUESTION0_9_R 1 -5.367e+03 8.888e+01 2.224e+01
|                    ( - -4.366e+02 1 0)
|                    ( - -4.842e+03 8 0 QUESTION0_19_R 1 7.689e+01 2.023e+01))))))
s>    ( QUESTION5 1 -2.176e+04 1.574e+02 9.074e+01
s>        ( QUESTION0_11_R 1 -8.974e+03 1.425e+02 3.838e+01
s>            ( - -6.351e+03 4 0 WDBNDRY_E 0 6.740e+01 2.719e+01)
s>            ( - -2.481e+03 1 0))
s>        ( QUESTION0_15_R 1 -1.263e+04 1.176e+02 5.236e+01
s>            ( - -1.330e+03 2 0 QUESTION0_17_R 1 7.697e+01 6.000e+00)
s>            ( QUESTION3 1 -1.118e+04 9.711e+01 4.636e+01
s>                ( WDBNDRY_E 0 -4.254e+03 1.125e+02 1.812e+01
s>                    ( - -1.728e+03 1 0)
s>                    ( - -2.413e+03 2 0))
s>                ( QUESTION0_14_R 1 -6.834e+03 9.054e+01 2.824e+01
s>                    ( - -1.376e+03 1 0)
s>                    ( QUESTION0_9_R 1 -5.367e+03 8.888e+01 2.224e+01
s>                        ( - -4.366e+02 1 0)
s>                        ( - -4.842e+03 8 0 QUESTION0_19_R 1 7.689e+01 2.023e+01))))))INFO: dtree.c(1315): Comp split 15
INFO: dtree.c(1439): stop. leaf nodes are specific
INFO: dtree.c(1478): Final simple tree
|( WDBNDRY_E 0 -6.351e+03 6.740e+01 2.719e+01
|    ( - -2.164e+02 1 0)
|    ( - -6.067e+03 3 0))
s>    ( WDBNDRY_E 0 -6.351e+03 6.740e+01 2.719e+01
s>        ( - -2.164e+02 1 0)
s>        ( - -6.067e+03 3 0))INFO: dtree.c(1478): Final simple tree
|( QUESTION5 1 -1.525e+04 1.388e+02 6.355e+01
|    ( - -2.481e+03 1 0)
|    ( QUESTION0_15_R 1 -1.263e+04 1.176e+02 5.236e+01
|        ( QUESTION0_17_R 1 -1.330e+03 7.697e+01 6.000e+00
|            ( - -2.193e+02 1 0)
|            ( - -1.034e+03 1 0))
|        ( QUESTION3 1 -1.118e+04 9.711e+01 4.636e+01
|            ( WDBNDRY_E 0 -4.254e+03 1.125e+02 1.812e+01
|                ( - -1.728e+03 1 0)
|                ( - -2.413e+03 2 0))
|            ( QUESTION0_14_R 1 -6.834e+03 9.054e+01 2.824e+01
|                ( - -1.376e+03 1 0)
|                ( QUESTION0_9_R 1 -5.367e+03 8.888e+01 2.224e+01
|                    ( - -4.366e+02 1 0)
|                    ( - -4.842e+03 8 0 QUESTION0_19_R 1 7.689e+01 2.023e+01))))))
s>    ( QUESTION5 1 -1.525e+04 1.388e+02 6.355e+01
s>        ( - -2.481e+03 1 0)
s>        ( QUESTION0_15_R 1 -1.263e+04 1.176e+02 5.236e+01
s>            ( QUESTION0_17_R 1 -1.330e+03 7.697e+01 6.000e+00
s>                ( - -2.193e+02 1 0)
s>                ( - -1.034e+03 1 0))
s>            ( QUESTION3 1 -1.118e+04 9.711e+01 4.636e+01
s>                ( WDBNDRY_E 0 -4.254e+03 1.125e+02 1.812e+01
s>                    ( - -1.728e+03 1 0)
s>                    ( - -2.413e+03 2 0))
s>                ( QUESTION0_14_R 1 -6.834e+03 9.054e+01 2.824e+01
s>                    ( - -1.376e+03 1 0)
s>                    ( QUESTION0_9_R 1 -5.367e+03 8.888e+01 2.224e+01
s>                        ( - -4.366e+02 1 0)
s>                        ( - -4.842e+03 8 0 QUESTION0_19_R 1 7.689e+01 2.023e+01))))))INFO: dtree.c(1315): Comp split 16
INFO: dtree.c(1478): Final simple tree
|( QUESTION0_2_R 1 -1.972e+04 1.418e+02 8.244e+01
|    ( QUESTION0 -1 -8.720e+03 1.019e+02 3.703e+01
|        ( - -3.853e+02 1 0)
|        ( QUESTION0_6_R 1 -8.233e+03 8.131e+01 3.503e+01
|            ( - -3.142e+03 4 0 WDBNDRY_B 0 6.560e+01 1.375e+01)
|            ( - -5.010e+03 6 0 QUESTION2_1_L -1 6.786e+01 2.128e+01)))
|    ( QUESTION5 1 -1.086e+04 1.144e+02 4.542e+01
|        ( WDBNDRY_E 0 -6.068e+03 1.136e+02 2.641e+01
|            ( - -6.330e+02 2 0)
|            ( - -5.322e+03 3 0))
|        ( QUESTION0_13_R 1 -4.678e+03 9.476e+01 1.901e+01
|            ( WDBNDRY_E 0 -3.415e+03 7.145e+01 1.402e+01
|                ( - -1.587e+03 2 0)
|                ( - -1.757e+03 4 0))
|            ( - -1.168e+03 2 0 QUESTION0_12_R 1 6.519e+01 4.992e+00))))
s>    ( QUESTION0_2_R 1 -1.972e+04 1.418e+02 8.244e+01
s>        ( QUESTION0 -1 -8.720e+03 1.019e+02 3.703e+01
s>            ( - -3.853e+02 1 0)
s>            ( QUESTION0_6_R 1 -8.233e+03 8.131e+01 3.503e+01
s>                ( - -3.142e+03 4 0 WDBNDRY_B 0 6.560e+01 1.375e+01)
s>                ( - -5.010e+03 6 0 QUESTION2_1_L -1 6.786e+01 2.128e+01)))
s>        ( QUESTION5 1 -1.086e+04 1.144e+02 4.542e+01
s>            ( WDBNDRY_E 0 -6.068e+03 1.136e+02 2.641e+01
s>                ( - -6.330e+02 2 0)
s>                ( - -5.322e+03 3 0))
s>            ( QUESTION0_13_R 1 -4.678e+03 9.476e+01 1.901e+01
s>                ( WDBNDRY_E 0 -3.415e+03 7.145e+01 1.402e+01
s>                    ( - -1.587e+03 2 0)
s>                    ( - -1.757e+03 4 0))
s>                ( - -1.168e+03 2 0 QUESTION0_12_R 1 6.519e+01 4.992e+00))))INFO: dtree.c(1315): Comp split 17
INFO: dtree.c(1439): stop. leaf nodes are specific
INFO: dtree.c(1478): Final simple tree
|( WDBNDRY_I 0 -1.022e+04 1.084e+02 4.248e+01
|    ( QUESTION0_6_R 1 -7.976e+03 8.486e+01 3.403e+01
|        ( - -2.882e+03 3 0)
|        ( QUESTION2_1_L -1 -5.010e+03 6.786e+01 2.128e+01
|            ( - -3.812e+02 1 0)
|            ( - -4.561e+03 5 0)))
|    ( QUESTION5 1 -2.139e+03 7.588e+01 8.453e+00
|        ( - -6.330e+02 2 0)
|        ( WDBNDRY_B 0 -1.430e+03 6.781e+01 5.992e+00
|            ( - -1.942e+02 1 0)
|            ( QUESTION0_12_R 1 -1.168e+03 6.519e+01 4.992e+00
|                ( - -6.506e+02 1 0)
|                ( - -4.523e+02 1 0)))))
s>    ( WDBNDRY_I 0 -1.022e+04 1.084e+02 4.248e+01
s>        ( QUESTION0_6_R 1 -7.976e+03 8.486e+01 3.403e+01
s>            ( - -2.882e+03 3 0)
s>            ( QUESTION2_1_L -1 -5.010e+03 6.786e+01 2.128e+01
s>                ( - -3.812e+02 1 0)
s>                ( - -4.561e+03 5 0)))
s>        ( QUESTION5 1 -2.139e+03 7.588e+01 8.453e+00
s>            ( - -6.330e+02 2 0)
s>            ( WDBNDRY_B 0 -1.430e+03 6.781e+01 5.992e+00
s>                ( - -1.942e+02 1 0)
s>                ( QUESTION0_12_R 1 -1.168e+03 6.519e+01 4.992e+00
s>                    ( - -6.506e+02 1 0)
s>                    ( - -4.523e+02 1 0)))))INFO: dtree.c(1439): stop. leaf nodes are specific
INFO: dtree.c(1478): Final simple tree
|( QUESTION0_12_R 1 -9.345e+03 1.237e+02 3.996e+01
|    ( WDBNDRY_E 0 -3.415e+03 7.145e+01 1.402e+01
|        ( - -1.587e+03 2 0)
|        ( - -1.757e+03 4 0))
|    ( QUESTION0_2_R 1 -5.806e+03 9.921e+01 2.595e+01
|        ( - -3.853e+02 1 0)
|        ( - -5.322e+03 3 0)))
s>    ( QUESTION0_12_R 1 -9.345e+03 1.237e+02 3.996e+01
s>        ( WDBNDRY_E 0 -3.415e+03 7.145e+01 1.402e+01
s>            ( - -1.587e+03 2 0)
s>            ( - -1.757e+03 4 0))
s>        ( QUESTION0_2_R 1 -5.806e+03 9.921e+01 2.595e+01
s>            ( - -3.853e+02 1 0)
s>            ( - -5.322e+03 3 0)))INFO: dtree.c(1315): Comp split 18
INFO: dtree.c(1439): stop. leaf nodes are specific
INFO: dtree.c(1478): Final simple tree
|( QUESTION0_3_R 1 -3.978e+03 5.834e+01 1.802e+01
|    ( - -1.889e+02 1 0)
|    ( - -3.731e+03 1 0))
s>    ( QUESTION0_3_R 1 -3.978e+03 5.834e+01 1.802e+01
s>        ( - -1.889e+02 1 0)
s>        ( - -3.731e+03 1 0))INFO: dtree.c(1439): stop. leaf nodes are specific
INFO: dtree.c(1478): Final simple tree
|( WDBNDRY_E 0 -1.434e+04 1.321e+02 6.160e+01
|    ( - -2.205e+03 2 0)
|    ( QUESTION11 1 -1.200e+04 1.036e+02 5.241e+01
|        ( - -4.073e+03 2 0)
|        ( QUESTION0_3_R 1 -7.825e+03 4.884e+01 3.418e+01
|            ( - -1.860e+02 1 0)
|            ( - -7.590e+03 2 0))))
s>    ( WDBNDRY_E 0 -1.434e+04 1.321e+02 6.160e+01
s>        ( - -2.205e+03 2 0)
s>        ( QUESTION11 1 -1.200e+04 1.036e+02 5.241e+01
s>            ( - -4.073e+03 2 0)
s>            ( QUESTION0_3_R 1 -7.825e+03 4.884e+01 3.418e+01
s>                ( - -1.860e+02 1 0)
s>                ( - -7.590e+03 2 0))))INFO: dtree.c(1315): Comp split 19
INFO: dtree.c(1439): stop. leaf nodes are specific
INFO: dtree.c(1478): Final simple tree
|( QUESTION0_3_R 1 -7.628e+03 8.192e+01 3.287e+01
|    ( QUESTION11 1 -4.566e+03 7.574e+01 1.981e+01
|        ( - -8.116e+02 1 0)
|        ( QUESTION13 1 -3.679e+03 6.036e+01 1.596e+01
|            ( - -1.871e+02 1 0)
|            ( - -3.431e+03 4 0)))
|    ( - -2.981e+03 3 0))
s>    ( QUESTION0_3_R 1 -7.628e+03 8.192e+01 3.287e+01
s>        ( QUESTION11 1 -4.566e+03 7.574e+01 1.981e+01
s>            ( - -8.116e+02 1 0)
s>            ( QUESTION13 1 -3.679e+03 6.036e+01 1.596e+01
s>                ( - -1.871e+02 1 0)
s>                ( - -3.431e+03 4 0)))
s>        ( - -2.981e+03 3 0))INFO: dtree.c(1478): Final simple tree
|( QUESTION2_2_L -1 -8.412e+03 1.215e+02 3.512e+01
|    ( - -3.999e+02 1 0)
|    ( WDBNDRY_E 0 -7.891e+03 1.139e+02 3.312e+01
|        ( QUESTION0_3_R 1 -3.445e+03 1.054e+02 1.503e+01
|            ( - -2.308e+03 2 0)
|            ( - -1.031e+03 1 0))
|        ( QUESTION0_3_R 1 -4.332e+03 1.013e+02 1.809e+01
|            ( QUESTION5 -1 -3.249e+03 8.482e+01 1.409e+01
|                ( - -1.813e+02 1 0)
|                ( QUESTION0 -1 -2.983e+03 7.244e+01 1.309e+01
|                    ( - -1.930e+02 1 0)
|                    ( - -2.717e+03 3 0)))
|            ( QUESTION11 1 -9.817e+02 6.762e+01 4.000e+00
|                ( - -1.840e+02 1 0)
|                ( - -7.301e+02 2 0)))))
s>    ( QUESTION2_2_L -1 -8.412e+03 1.215e+02 3.512e+01
s>        ( - -3.999e+02 1 0)
s>        ( WDBNDRY_E 0 -7.891e+03 1.139e+02 3.312e+01
s>            ( QUESTION0_3_R 1 -3.445e+03 1.054e+02 1.503e+01
s>                ( - -2.308e+03 2 0)
s>                ( - -1.031e+03 1 0))
s>            ( QUESTION0_3_R 1 -4.332e+03 1.013e+02 1.809e+01
s>                ( QUESTION5 -1 -3.249e+03 8.482e+01 1.409e+01
s>                    ( - -1.813e+02 1 0)
s>                    ( QUESTION0 -1 -2.983e+03 7.244e+01 1.309e+01
s>                        ( - -1.930e+02 1 0)
s>                        ( - -2.717e+03 3 0)))
s>                ( QUESTION11 1 -9.817e+02 6.762e+01 4.000e+00
s>                    ( - -1.840e+02 1 0)
s>                    ( - -7.301e+02 2 0)))))INFO: dtree.c(1315): Comp split 20
INFO: dtree.c(1478): Final simple tree
|( QUESTION0_11_R 1 -1.783e+04 1.147e+02 7.425e+01
|    ( - -1.095e+03 1 0)
|    ( QUESTION16 1 -1.662e+04 9.850e+01 6.927e+01
|        ( - -3.800e+02 1 0)
|        ( QUESTION0_9_R 1 -1.614e+04 7.653e+01 6.727e+01
|            ( WDBNDRY_E 0 -1.106e+04 9.219e+01 4.586e+01
|                ( - -1.130e+03 3 0)
|                ( - -9.840e+03 11 0))
|            ( WDBNDRY_E 0 -4.998e+03 7.550e+01 2.141e+01
|                ( - -2.372e+03 2 0)
|                ( QUESTION14 1 -2.550e+03 8.000e+01 1.090e+01
|                    ( - -1.532e+03 2 0)
|                    ( QUESTION0_0_R 1 -9.380e+02 5.615e+01 4.000e+00
|                        ( - -2.074e+02 1 0)
|                        ( - -6.745e+02 2 0)))))))
s>    ( QUESTION0_11_R 1 -1.783e+04 1.147e+02 7.425e+01
s>        ( - -1.095e+03 1 0)
s>        ( QUESTION16 1 -1.662e+04 9.850e+01 6.927e+01
s>            ( - -3.800e+02 1 0)
s>            ( QUESTION0_9_R 1 -1.614e+04 7.653e+01 6.727e+01
s>                ( WDBNDRY_E 0 -1.106e+04 9.219e+01 4.586e+01
s>                    ( - -1.130e+03 3 0)
s>                    ( - -9.840e+03 11 0))
s>                ( WDBNDRY_E 0 -4.998e+03 7.550e+01 2.141e+01
s>                    ( - -2.372e+03 2 0)
s>                    ( QUESTION14 1 -2.550e+03 8.000e+01 1.090e+01
s>                        ( - -1.532e+03 2 0)
s>                        ( QUESTION0_0_R 1 -9.380e+02 5.615e+01 4.000e+00
s>                            ( - -2.074e+02 1 0)
s>                            ( - -6.745e+02 2 0)))))))INFO: dtree.c(1478): Final simple tree
|( QUESTION0_9_R 1 -5.818e+03 1.122e+02 2.316e+01
|    ( - -2.618e+03 2 0)
|    ( QUESTION0_14_R 1 -3.088e+03 9.171e+01 1.201e+01
|        ( WDBNDRY_E 0 -1.171e+03 8.390e+01 5.007e+00
|            ( - -6.651e+02 1 0)
|            ( - -4.216e+02 1 0))
|        ( QUESTION0_2_R 1 -1.826e+03 6.960e+01 7.000e+00
|            ( - -2.016e+02 1 0)
|            ( QUESTION0_12_R 1 -1.554e+03 6.587e+01 6.000e+00
|                ( - -2.206e+02 1 0)
|                ( QUESTION2_2_L -1 -1.268e+03 5.616e+01 5.000e+00
|                    ( WDBNDRY_E 0 -4.760e+02 8.671e+01 2.000e+00
|                        ( - -1.853e+02 1 0)
|                        ( - -2.041e+02 1 0))
|                    ( - -7.357e+02 2 0 WDBNDRY_E 0 5.471e+01 3.000e+00))))))
s>    ( QUESTION0_9_R 1 -5.818e+03 1.122e+02 2.316e+01
s>        ( - -2.618e+03 2 0)
s>        ( QUESTION0_14_R 1 -3.088e+03 9.171e+01 1.201e+01
s>            ( WDBNDRY_E 0 -1.171e+03 8.390e+01 5.007e+00
s>                ( - -6.651e+02 1 0)
s>                ( - -4.216e+02 1 0))
s>            ( QUESTION0_2_R 1 -1.826e+03 6.960e+01 7.000e+00
s>                ( - -2.016e+02 1 0)
s>                ( QUESTION0_12_R 1 -1.554e+03 6.587e+01 6.000e+00
s>                    ( - -2.206e+02 1 0)
s>                    ( QUESTION2_2_L -1 -1.268e+03 5.616e+01 5.000e+00
s>                        ( WDBNDRY_E 0 -4.760e+02 8.671e+01 2.000e+00
s>                            ( - -1.853e+02 1 0)
s>                            ( - -2.041e+02 1 0))
s>                        ( - -7.357e+02 2 0 WDBNDRY_E 0 5.471e+01 3.000e+00))))))INFO: dtree.c(1315): Comp split 21
INFO: dtree.c(1478): Final simple tree
|( QUESTION0_15_R 1 -1.263e+04 1.176e+02 5.236e+01
|    ( QUESTION0_17_R 1 -1.330e+03 7.697e+01 6.000e+00
|        ( - -2.193e+02 1 0)
|        ( - -1.034e+03 1 0))
|    ( QUESTION3 1 -1.118e+04 9.711e+01 4.636e+01
|        ( WDBNDRY_E 0 -4.254e+03 1.125e+02 1.812e+01
|            ( - -1.728e+03 1 0)
|            ( - -2.413e+03 2 0))
|        ( QUESTION0_14_R 1 -6.834e+03 9.054e+01 2.824e+01
|            ( - -1.376e+03 1 0)
|            ( QUESTION0_9_R 1 -5.367e+03 8.888e+01 2.224e+01
|                ( - -4.366e+02 1 0)
|                ( QUESTION0_19_R 1 -4.842e+03 7.689e+01 2.023e+01
|                    ( - -1.253e+03 2 0 QUESTION0_20_R 1 7.413e+01 5.932e+00)
|                    ( - -3.512e+03 6 0 QUESTION0_8_R 1 7.026e+01 1.430e+01))))))
s>    ( QUESTION0_15_R 1 -1.263e+04 1.176e+02 5.236e+01
s>        ( QUESTION0_17_R 1 -1.330e+03 7.697e+01 6.000e+00
s>            ( - -2.193e+02 1 0)
s>            ( - -1.034e+03 1 0))
s>        ( QUESTION3 1 -1.118e+04 9.711e+01 4.636e+01
s>            ( WDBNDRY_E 0 -4.254e+03 1.125e+02 1.812e+01
s>                ( - -1.728e+03 1 0)
s>                ( - -2.413e+03 2 0))
s>            ( QUESTION0_14_R 1 -6.834e+03 9.054e+01 2.824e+01
s>                ( - -1.376e+03 1 0)
s>                ( QUESTION0_9_R 1 -5.367e+03 8.888e+01 2.224e+01
s>                    ( - -4.366e+02 1 0)
s>                    ( QUESTION0_19_R 1 -4.842e+03 7.689e+01 2.023e+01
s>                        ( - -1.253e+03 2 0 QUESTION0_20_R 1 7.413e+01 5.932e+00)
s>                        ( - -3.512e+03 6 0 QUESTION0_8_R 1 7.026e+01 1.430e+01))))))INFO: dtree.c(1315): Comp split 22
INFO: dtree.c(1439): stop. leaf nodes are specific
INFO: dtree.c(1478): Final simple tree
|( QUESTION11 1 -1.200e+04 1.036e+02 5.241e+01
|    ( - -4.073e+03 2 0)
|    ( QUESTION0_3_R 1 -7.825e+03 4.884e+01 3.418e+01
|        ( - -1.860e+02 1 0)
|        ( - -7.590e+03 2 0)))
s>    ( QUESTION11 1 -1.200e+04 1.036e+02 5.241e+01
s>        ( - -4.073e+03 2 0)
s>        ( QUESTION0_3_R 1 -7.825e+03 4.884e+01 3.418e+01
s>            ( - -1.860e+02 1 0)
s>            ( - -7.590e+03 2 0)))INFO: dtree.c(1315): Comp split 23
INFO: dtree.c(1478): Final simple tree
|( QUESTION3 1 -8.168e+03 9.015e+01 3.316e+01
|    ( - -2.413e+03 2 0)
|    ( QUESTION0_9_R 1 -5.665e+03 8.681e+01 2.324e+01
|        ( - -4.366e+02 1 0)
|        ( QUESTION0_15_R 1 -5.142e+03 8.052e+01 2.123e+01
|            ( - -2.193e+02 1 0)
|            ( QUESTION0_19_R 1 -4.842e+03 7.689e+01 2.023e+01
|                ( QUESTION0_20_R 1 -1.253e+03 7.413e+01 5.932e+00
|                    ( - -5.553e+02 1 0)
|                    ( - -6.238e+02 1 0))
|                ( QUESTION0_8_R 1 -3.512e+03 7.026e+01 1.430e+01
|                    ( WDBNDRY_E 0 -2.497e+03 7.280e+01 1.029e+01
|                        ( - -1.206e+03 2 0)
|                        ( - -1.218e+03 2 0))
|                    ( - -9.444e+02 2 0 QUESTION0_0_R 1 5.604e+01 4.008e+00))))))
s>    ( QUESTION3 1 -8.168e+03 9.015e+01 3.316e+01
s>        ( - -2.413e+03 2 0)
s>        ( QUESTION0_9_R 1 -5.665e+03 8.681e+01 2.324e+01
s>            ( - -4.366e+02 1 0)
s>            ( QUESTION0_15_R 1 -5.142e+03 8.052e+01 2.123e+01
s>                ( - -2.193e+02 1 0)
s>                ( QUESTION0_19_R 1 -4.842e+03 7.689e+01 2.023e+01
s>                    ( QUESTION0_20_R 1 -1.253e+03 7.413e+01 5.932e+00
s>                        ( - -5.553e+02 1 0)
s>                        ( - -6.238e+02 1 0))
s>                    ( QUESTION0_8_R 1 -3.512e+03 7.026e+01 1.430e+01
s>                        ( WDBNDRY_E 0 -2.497e+03 7.280e+01 1.029e+01
s>                            ( - -1.206e+03 2 0)
s>                            ( - -1.218e+03 2 0))
s>                        ( - -9.444e+02 2 0 QUESTION0_0_R 1 5.604e+01 4.008e+00))))))INFO: dtree.c(1439): stop. leaf nodes are specific
INFO: dtree.c(1478): Final simple tree
|( QUESTION0_15_R 1 -4.334e+03 1.149e+02 1.920e+01
|    ( - -1.034e+03 1 0)
|    ( WDBNDRY_E 0 -3.185e+03 8.106e+01 1.420e+01
|        ( - -1.728e+03 1 0)
|        ( - -1.376e+03 1 0)))
s>    ( QUESTION0_15_R 1 -4.334e+03 1.149e+02 1.920e+01
s>        ( - -1.034e+03 1 0)
s>        ( WDBNDRY_E 0 -3.185e+03 8.106e+01 1.420e+01
s>            ( - -1.728e+03 1 0)
s>            ( - -1.376e+03 1 0)))INFO: dtree.c(1315): Comp split 24
INFO: dtree.c(1439): stop. leaf nodes are specific
INFO: dtree.c(1478): Final simple tree
|( WDBNDRY_E 0 -5.141e+03 1.151e+02 2.212e+01
|    ( - -2.308e+03 2 0)
|    ( - -2.717e+03 3 0))
s>    ( WDBNDRY_E 0 -5.141e+03 1.151e+02 2.212e+01
s>        ( - -2.308e+03 2 0)
s>        ( - -2.717e+03 3 0))INFO: dtree.c(1439): stop. leaf nodes are specific
INFO: dtree.c(1478): Final simple tree
|( QUESTION2_2_L -1 -3.144e+03 1.067e+02 1.300e+01
|    ( - -3.999e+02 1 0)
|    ( QUESTION19 1 -2.637e+03 9.918e+01 1.100e+01
|        ( WDBNDRY_E 0 -1.298e+03 8.542e+01 6.000e+00
|            ( - -1.031e+03 1 0)
|            ( - -1.813e+02 1 0))
|        ( QUESTION0_3_R 1 -1.240e+03 6.568e+01 5.000e+00
|            ( - -1.930e+02 1 0)
|            ( QUESTION11 1 -9.817e+02 6.762e+01 4.000e+00
|                ( - -1.840e+02 1 0)
|                ( - -7.301e+02 2 0)))))
s>    ( QUESTION2_2_L -1 -3.144e+03 1.067e+02 1.300e+01
s>        ( - -3.999e+02 1 0)
s>        ( QUESTION19 1 -2.637e+03 9.918e+01 1.100e+01
s>            ( WDBNDRY_E 0 -1.298e+03 8.542e+01 6.000e+00
s>                ( - -1.031e+03 1 0)
s>                ( - -1.813e+02 1 0))
s>            ( QUESTION0_3_R 1 -1.240e+03 6.568e+01 5.000e+00
s>                ( - -1.930e+02 1 0)
s>                ( QUESTION11 1 -9.817e+02 6.762e+01 4.000e+00
s>                    ( - -1.840e+02 1 0)
s>                    ( - -7.301e+02 2 0)))))INFO: dtree.c(1315): Comp split 25
INFO: dtree.c(1439): stop. leaf nodes are specific
INFO: dtree.c(1478): Final simple tree
|( WDBNDRY_E 0 -3.415e+03 7.145e+01 1.402e+01
|    ( - -1.587e+03 2 0)
|    ( - -1.757e+03 4 0))
s>    ( WDBNDRY_E 0 -3.415e+03 7.145e+01 1.402e+01
s>        ( - -1.587e+03 2 0)
s>        ( - -1.757e+03 4 0))INFO: dtree.c(1439): stop. leaf nodes are specific
INFO: dtree.c(1478): Final simple tree
|( QUESTION0_2_R 1 -5.806e+03 9.921e+01 2.595e+01
|    ( - -3.853e+02 1 0)
|    ( - -5.322e+03 3 0))
s>    ( QUESTION0_2_R 1 -5.806e+03 9.921e+01 2.595e+01
s>        ( - -3.853e+02 1 0)
s>        ( - -5.322e+03 3 0))INFO: dtree.c(1315): Comp split 26
INFO: dtree.c(1439): stop. leaf nodes are specific
INFO: dtree.c(1478): Final simple tree
|( QUESTION0_11_R 1 -1.327e+04 1.112e+02 5.484e+01
|    ( - -1.095e+03 1 0)
|    ( WDBNDRY_E 0 -1.206e+04 8.966e+01 4.986e+01
|        ( - -1.130e+03 3 0)
|        ( QUESTION0_10_R 1 -1.084e+04 7.037e+01 4.486e+01
|            ( - -6.745e+02 2 0)
|            ( QUESTION0_0_R 1 -1.009e+04 4.680e+01 4.186e+01
|                ( - -2.074e+02 1 0)
|                ( - -9.840e+03 11 0)))))
s>    ( QUESTION0_11_R 1 -1.327e+04 1.112e+02 5.484e+01
s>        ( - -1.095e+03 1 0)
s>        ( WDBNDRY_E 0 -1.206e+04 8.966e+01 4.986e+01
s>            ( - -1.130e+03 3 0)
s>            ( QUESTION0_10_R 1 -1.084e+04 7.037e+01 4.486e+01
s>                ( - -6.745e+02 2 0)
s>                ( QUESTION0_0_R 1 -1.009e+04 4.680e+01 4.186e+01
s>                    ( - -2.074e+02 1 0)
s>                    ( - -9.840e+03 11 0)))))INFO: dtree.c(1439): stop. leaf nodes are specific
INFO: dtree.c(1478): Final simple tree
|( QUESTION15 1 -4.439e+03 9.589e+01 1.941e+01
|    ( - -3.800e+02 1 0)
|    ( WDBNDRY_E 0 -3.963e+03 5.885e+01 1.741e+01
|        ( - -2.372e+03 2 0)
|        ( - -1.532e+03 2 0)))
s>    ( QUESTION15 1 -4.439e+03 9.589e+01 1.941e+01
s>        ( - -3.800e+02 1 0)
s>        ( WDBNDRY_E 0 -3.963e+03 5.885e+01 1.741e+01
s>            ( - -2.372e+03 2 0)
s>            ( - -1.532e+03 2 0)))INFO: dtree.c(1315): Comp split 27
INFO: dtree.c(1315): Comp split 28
INFO: dtree.c(1439): stop. leaf nodes are specific
INFO: dtree.c(1478): Final simple tree
|( WDBNDRY_E 0 -3.185e+03 8.106e+01 1.420e+01
|    ( - -1.728e+03 1 0)
|    ( - -1.376e+03 1 0))
s>    ( WDBNDRY_E 0 -3.185e+03 8.106e+01 1.420e+01
s>        ( - -1.728e+03 1 0)
s>        ( - -1.376e+03 1 0))INFO: dtree.c(1315): Comp split 29
INFO: dtree.c(1439): stop. leaf nodes are specific
INFO: dtree.c(1478): Final simple tree
|( QUESTION0_2_R 1 -4.767e+02 7.103e+01 2.000e+00
|    ( - -2.016e+02 1 0)
|    ( - -2.041e+02 1 0))
s>    ( QUESTION0_2_R 1 -4.767e+02 7.103e+01 2.000e+00
s>        ( - -2.016e+02 1 0)
s>        ( - -2.041e+02 1 0))INFO: dtree.c(1439): stop. leaf nodes are specific
INFO: dtree.c(1478): Final simple tree
|( QUESTION0_9_R 1 -5.229e+03 9.216e+01 2.116e+01
|    ( - -2.618e+03 2 0)
|    ( QUESTION0_14_R 1 -2.518e+03 7.624e+01 1.001e+01
|        ( WDBNDRY_E 0 -1.171e+03 8.390e+01 5.007e+00
|            ( - -6.651e+02 1 0)
|            ( - -4.216e+02 1 0))
|        ( QUESTION0_12_R 1 -1.272e+03 6.696e+01 5.000e+00
|            ( - -2.206e+02 1 0)
|            ( QUESTION2_2_L -1 -9.841e+02 6.319e+01 4.000e+00
|                ( - -1.853e+02 1 0)
|                ( WDBNDRY_E 0 -7.357e+02 5.471e+01 3.000e+00
|                    ( - -2.084e+02 1 0)
|                    ( - -4.726e+02 1 0))))))
s>    ( QUESTION0_9_R 1 -5.229e+03 9.216e+01 2.116e+01
s>        ( - -2.618e+03 2 0)
s>        ( QUESTION0_14_R 1 -2.518e+03 7.624e+01 1.001e+01
s>            ( WDBNDRY_E 0 -1.171e+03 8.390e+01 5.007e+00
s>                ( - -6.651e+02 1 0)
s>                ( - -4.216e+02 1 0))
s>            ( QUESTION0_12_R 1 -1.272e+03 6.696e+01 5.000e+00
s>                ( - -2.206e+02 1 0)
s>                ( QUESTION2_2_L -1 -9.841e+02 6.319e+01 4.000e+00
s>                    ( - -1.853e+02 1 0)
s>                    ( WDBNDRY_E 0 -7.357e+02 5.471e+01 3.000e+00
s>                        ( - -2.084e+02 1 0)
s>                        ( - -4.726e+02 1 0))))))INFO: dtree.c(1315): Comp split 30
INFO: dtree.c(1439): stop. leaf nodes are specific
INFO: dtree.c(1478): Final simple tree
|( WDBNDRY_E 0 -1.206e+04 8.966e+01 4.986e+01
|    ( - -1.130e+03 3 0)
|    ( QUESTION0_10_R 1 -1.084e+04 7.037e+01 4.486e+01
|        ( - -6.745e+02 2 0)
|        ( QUESTION0_0_R 1 -1.009e+04 4.680e+01 4.186e+01
|            ( - -2.074e+02 1 0)
|            ( - -9.840e+03 11 0))))
s>    ( WDBNDRY_E 0 -1.206e+04 8.966e+01 4.986e+01
s>        ( - -1.130e+03 3 0)
s>        ( QUESTION0_10_R 1 -1.084e+04 7.037e+01 4.486e+01
s>            ( - -6.745e+02 2 0)
s>            ( QUESTION0_0_R 1 -1.009e+04 4.680e+01 4.186e+01
s>                ( - -2.074e+02 1 0)
s>                ( - -9.840e+03 11 0))))INFO: dtree.c(1315): Comp split 31
INFO: dtree.c(1439): stop. leaf nodes are specific
INFO: dtree.c(1478): Final simple tree
|( QUESTION0_9_R 1 -2.369e+03 9.293e+01 1.023e+01
|    ( - -4.366e+02 1 0)
|    ( WDBNDRY_E 0 -1.839e+03 6.593e+01 8.216e+00
|        ( - -5.553e+02 1 0)
|        ( - -1.218e+03 2 0)))
s>    ( QUESTION0_9_R 1 -2.369e+03 9.293e+01 1.023e+01
s>        ( - -4.366e+02 1 0)
s>        ( WDBNDRY_E 0 -1.839e+03 6.593e+01 8.216e+00
s>            ( - -5.553e+02 1 0)
s>            ( - -1.218e+03 2 0)))INFO: dtree.c(1439): stop. leaf nodes are specific
INFO: dtree.c(1478): Final simple tree
|( QUESTION0_19_R 1 -5.690e+03 8.495e+01 2.293e+01
|    ( - -6.238e+02 1 0)
|    ( QUESTION0_15_R 1 -4.981e+03 7.596e+01 1.993e+01
|        ( - -2.193e+02 1 0)
|        ( QUESTION0_9_R 1 -4.686e+03 6.552e+01 1.893e+01
|            ( - -2.413e+03 2 0)
|            ( QUESTION0_0_R 1 -2.207e+03 5.700e+01 9.014e+00
|                ( - -7.001e+02 1 0)
|                ( WDBNDRY_E 0 -1.450e+03 5.564e+01 6.006e+00
|                    ( - -1.206e+03 2 0)
|                    ( - -1.882e+02 1 0))))))
s>    ( QUESTION0_19_R 1 -5.690e+03 8.495e+01 2.293e+01
s>        ( - -6.238e+02 1 0)
s>        ( QUESTION0_15_R 1 -4.981e+03 7.596e+01 1.993e+01
s>            ( - -2.193e+02 1 0)
s>            ( QUESTION0_9_R 1 -4.686e+03 6.552e+01 1.893e+01
s>                ( - -2.413e+03 2 0)
s>                ( QUESTION0_0_R 1 -2.207e+03 5.700e+01 9.014e+00
s>                    ( - -7.001e+02 1 0)
s>                    ( WDBNDRY_E 0 -1.450e+03 5.564e+01 6.006e+00
s>                        ( - -1.206e+03 2 0)
s>                        ( - -1.882e+02 1 0))))))INFO: dtree.c(1315): Comp split 32
INFO: dtree.c(1439): stop. leaf nodes are specific
INFO: dtree.c(1478): Final simple tree
|( QUESTION5 1 -2.139e+03 7.588e+01 8.453e+00
|    ( - -6.330e+02 2 0)
|    ( WDBNDRY_B 0 -1.430e+03 6.781e+01 5.992e+00
|        ( - -1.942e+02 1 0)
|        ( QUESTION0_12_R 1 -1.168e+03 6.519e+01 4.992e+00
|            ( - -6.506e+02 1 0)
|            ( - -4.523e+02 1 0))))
s>    ( QUESTION5 1 -2.139e+03 7.588e+01 8.453e+00
s>        ( - -6.330e+02 2 0)
s>        ( WDBNDRY_B 0 -1.430e+03 6.781e+01 5.992e+00
s>            ( - -1.942e+02 1 0)
s>            ( QUESTION0_12_R 1 -1.168e+03 6.519e+01 4.992e+00
s>                ( - -6.506e+02 1 0)
s>                ( - -4.523e+02 1 0))))INFO: dtree.c(1439): stop. leaf nodes are specific
INFO: dtree.c(1478): Final simple tree
|( QUESTION0_6_R 1 -7.976e+03 8.486e+01 3.403e+01
|    ( - -2.882e+03 3 0)
|    ( QUESTION2_1_L -1 -5.010e+03 6.786e+01 2.128e+01
|        ( - -3.812e+02 1 0)
|        ( - -4.561e+03 5 0)))
s>    ( QUESTION0_6_R 1 -7.976e+03 8.486e+01 3.403e+01
s>        ( - -2.882e+03 3 0)
s>        ( QUESTION2_1_L -1 -5.010e+03 6.786e+01 2.128e+01
s>            ( - -3.812e+02 1 0)
s>            ( - -4.561e+03 5 0)))INFO: dtree.c(1315): Comp split 33
INFO: dtree.c(1439): stop. leaf nodes are specific
INFO: dtree.c(1478): Final simple tree
|( QUESTION19 1 -2.637e+03 9.918e+01 1.100e+01
|    ( WDBNDRY_E 0 -1.298e+03 8.542e+01 6.000e+00
|        ( - -1.031e+03 1 0)
|        ( - -1.813e+02 1 0))
|    ( QUESTION0_3_R 1 -1.240e+03 6.568e+01 5.000e+00
|        ( - -1.930e+02 1 0)
|        ( QUESTION11 1 -9.817e+02 6.762e+01 4.000e+00
|            ( - -1.840e+02 1 0)
|            ( - -7.301e+02 2 0))))
s>    ( QUESTION19 1 -2.637e+03 9.918e+01 1.100e+01
s>        ( WDBNDRY_E 0 -1.298e+03 8.542e+01 6.000e+00
s>            ( - -1.031e+03 1 0)
s>            ( - -1.813e+02 1 0))
s>        ( QUESTION0_3_R 1 -1.240e+03 6.568e+01 5.000e+00
s>            ( - -1.930e+02 1 0)
s>            ( QUESTION11 1 -9.817e+02 6.762e+01 4.000e+00
s>                ( - -1.840e+02 1 0)
s>                ( - -7.301e+02 2 0))))INFO: dtree.c(1315): Comp split 34
INFO: dtree.c(1439): stop. leaf nodes are specific
INFO: dtree.c(1478): Final simple tree
|( QUESTION0_3_R 1 -7.825e+03 4.884e+01 3.418e+01
|    ( - -1.860e+02 1 0)
|    ( - -7.590e+03 2 0))
s>    ( QUESTION0_3_R 1 -7.825e+03 4.884e+01 3.418e+01
s>        ( - -1.860e+02 1 0)
s>        ( - -7.590e+03 2 0))INFO: dtree.c(1315): Comp split 35
INFO: dtree.c(1315): Comp split 36
INFO: dtree.c(1439): stop. leaf nodes are specific
INFO: dtree.c(1478): Final simple tree
|( QUESTION0_3_R 1 -1.240e+03 6.568e+01 5.000e+00
|    ( - -1.930e+02 1 0)
|    ( QUESTION11 1 -9.817e+02 6.762e+01 4.000e+00
|        ( - -1.840e+02 1 0)
|        ( - -7.301e+02 2 0)))
s>    ( QUESTION0_3_R 1 -1.240e+03 6.568e+01 5.000e+00
s>        ( - -1.930e+02 1 0)
s>        ( QUESTION11 1 -9.817e+02 6.762e+01 4.000e+00
s>            ( - -1.840e+02 1 0)
s>            ( - -7.301e+02 2 0)))INFO: dtree.c(1439): stop. leaf nodes are specific
INFO: dtree.c(1478): Final simple tree
|( WDBNDRY_E 0 -1.298e+03 8.542e+01 6.000e+00
|    ( - -1.031e+03 1 0)
|    ( - -1.813e+02 1 0))
s>    ( WDBNDRY_E 0 -1.298e+03 8.542e+01 6.000e+00
s>        ( - -1.031e+03 1 0)
s>        ( - -1.813e+02 1 0))INFO: dtree.c(1315): Comp split 37
INFO: dtree.c(1439): stop. leaf nodes are specific
INFO: dtree.c(1478): Final simple tree
|( WDBNDRY_E 0 -3.963e+03 5.885e+01 1.741e+01
|    ( - -2.372e+03 2 0)
|    ( - -1.532e+03 2 0))
s>    ( WDBNDRY_E 0 -3.963e+03 5.885e+01 1.741e+01
s>        ( - -2.372e+03 2 0)
s>        ( - -1.532e+03 2 0))INFO: dtree.c(1315): Comp split 38
INFO: dtree.c(1439): stop. leaf nodes are specific
INFO: dtree.c(1478): Final simple tree
|( WDBNDRY_E 0 -1.839e+03 6.593e+01 8.216e+00
|    ( - -5.553e+02 1 0)
|    ( - -1.218e+03 2 0))
s>    ( WDBNDRY_E 0 -1.839e+03 6.593e+01 8.216e+00
s>        ( - -5.553e+02 1 0)
s>        ( - -1.218e+03 2 0))INFO: dtree.c(1315): Comp split 39
INFO: dtree.c(1439): stop. leaf nodes are specific
INFO: dtree.c(1478): Final simple tree
|( QUESTION0_14_R 1 -2.518e+03 7.624e+01 1.001e+01
|    ( WDBNDRY_E 0 -1.171e+03 8.390e+01 5.007e+00
|        ( - -6.651e+02 1 0)
|        ( - -4.216e+02 1 0))
|    ( QUESTION0_12_R 1 -1.272e+03 6.696e+01 5.000e+00
|        ( - -2.206e+02 1 0)
|        ( QUESTION2_2_L -1 -9.841e+02 6.319e+01 4.000e+00
|            ( - -1.853e+02 1 0)
|            ( WDBNDRY_E 0 -7.357e+02 5.471e+01 3.000e+00
|                ( - -2.084e+02 1 0)
|                ( - -4.726e+02 1 0)))))
s>    ( QUESTION0_14_R 1 -2.518e+03 7.624e+01 1.001e+01
s>        ( WDBNDRY_E 0 -1.171e+03 8.390e+01 5.007e+00
s>            ( - -6.651e+02 1 0)
s>            ( - -4.216e+02 1 0))
s>        ( QUESTION0_12_R 1 -1.272e+03 6.696e+01 5.000e+00
s>            ( - -2.206e+02 1 0)
s>            ( QUESTION2_2_L -1 -9.841e+02 6.319e+01 4.000e+00
s>                ( - -1.853e+02 1 0)
s>                ( WDBNDRY_E 0 -7.357e+02 5.471e+01 3.000e+00
s>                    ( - -2.084e+02 1 0)
s>                    ( - -4.726e+02 1 0)))))INFO: dtree.c(1315): Comp split 40
INFO: dtree.c(1439): stop. leaf nodes are specific
INFO: dtree.c(1478): Final simple tree
|( QUESTION0_10_R 1 -1.084e+04 7.037e+01 4.486e+01
|    ( - -6.745e+02 2 0)
|    ( QUESTION0_0_R 1 -1.009e+04 4.680e+01 4.186e+01
|        ( - -2.074e+02 1 0)
|        ( - -9.840e+03 11 0)))
s>    ( QUESTION0_10_R 1 -1.084e+04 7.037e+01 4.486e+01
s>        ( - -6.745e+02 2 0)
s>        ( QUESTION0_0_R 1 -1.009e+04 4.680e+01 4.186e+01
s>            ( - -2.074e+02 1 0)
s>            ( - -9.840e+03 11 0)))INFO: dtree.c(1315): Comp split 41
INFO: dtree.c(1315): Comp split 42
INFO: dtree.c(1439): stop. leaf nodes are specific
INFO: dtree.c(1478): Final simple tree
|( QUESTION0_15_R 1 -4.981e+03 7.596e+01 1.993e+01
|    ( - -2.193e+02 1 0)
|    ( QUESTION0_9_R 1 -4.686e+03 6.552e+01 1.893e+01
|        ( - -2.413e+03 2 0)
|        ( QUESTION0_0_R 1 -2.207e+03 5.700e+01 9.014e+00
|            ( - -7.001e+02 1 0)
|            ( WDBNDRY_E 0 -1.450e+03 5.564e+01 6.006e+00
|                ( - -1.206e+03 2 0)
|                ( - -1.882e+02 1 0)))))
s>    ( QUESTION0_15_R 1 -4.981e+03 7.596e+01 1.993e+01
s>        ( - -2.193e+02 1 0)
s>        ( QUESTION0_9_R 1 -4.686e+03 6.552e+01 1.893e+01
s>            ( - -2.413e+03 2 0)
s>            ( QUESTION0_0_R 1 -2.207e+03 5.700e+01 9.014e+00
s>                ( - -7.001e+02 1 0)
s>                ( WDBNDRY_E 0 -1.450e+03 5.564e+01 6.006e+00
s>                    ( - -1.206e+03 2 0)
s>                    ( - -1.882e+02 1 0)))))INFO: dtree.c(1315): Comp split 43
INFO: dtree.c(1439): stop. leaf nodes are specific
INFO: dtree.c(1478): Final simple tree
|( QUESTION2_1_L -1 -5.010e+03 6.786e+01 2.128e+01
|    ( - -3.812e+02 1 0)
|    ( - -4.561e+03 5 0))
s>    ( QUESTION2_1_L -1 -5.010e+03 6.786e+01 2.128e+01
s>        ( - -3.812e+02 1 0)
s>        ( - -4.561e+03 5 0))INFO: dtree.c(1315): Comp split 44
INFO: dtree.c(1439): stop. leaf nodes are specific
INFO: dtree.c(1478): Final simple tree
|( QUESTION11 1 -4.566e+03 7.574e+01 1.981e+01
|    ( - -8.116e+02 1 0)
|    ( QUESTION13 1 -3.679e+03 6.036e+01 1.596e+01
|        ( - -1.871e+02 1 0)
|        ( - -3.431e+03 4 0)))
s>    ( QUESTION11 1 -4.566e+03 7.574e+01 1.981e+01
s>        ( - -8.116e+02 1 0)
s>        ( QUESTION13 1 -3.679e+03 6.036e+01 1.596e+01
s>            ( - -1.871e+02 1 0)
s>            ( - -3.431e+03 4 0)))INFO: dtree.c(1315): Comp split 45
INFO: dtree.c(1439): stop. leaf nodes are specific
INFO: dtree.c(1478): Final simple tree
|( QUESTION0_14_R 1 -1.772e+03 7.884e+01 7.007e+00
|    ( - -4.216e+02 1 0)
|    ( QUESTION0_12_R 1 -1.272e+03 6.696e+01 5.000e+00
|        ( - -2.206e+02 1 0)
|        ( QUESTION2_2_L -1 -9.841e+02 6.319e+01 4.000e+00
|            ( - -1.853e+02 1 0)
|            ( WDBNDRY_E 0 -7.357e+02 5.471e+01 3.000e+00
|                ( - -2.084e+02 1 0)
|                ( - -4.726e+02 1 0)))))
s>    ( QUESTION0_14_R 1 -1.772e+03 7.884e+01 7.007e+00
s>        ( - -4.216e+02 1 0)
s>        ( QUESTION0_12_R 1 -1.272e+03 6.696e+01 5.000e+00
s>            ( - -2.206e+02 1 0)
s>            ( QUESTION2_2_L -1 -9.841e+02 6.319e+01 4.000e+00
s>                ( - -1.853e+02 1 0)
s>                ( WDBNDRY_E 0 -7.357e+02 5.471e+01 3.000e+00
s>                    ( - -2.084e+02 1 0)
s>                    ( - -4.726e+02 1 0)))))INFO: dtree.c(1315): Comp split 46
INFO: dtree.c(1315): Comp split 47
INFO: dtree.c(1439): stop. leaf nodes are specific
INFO: dtree.c(1478): Final simple tree
|( QUESTION0_12_R 1 -1.272e+03 6.696e+01 5.000e+00
|    ( - -2.206e+02 1 0)
|    ( QUESTION2_2_L -1 -9.841e+02 6.319e+01 4.000e+00
|        ( - -1.853e+02 1 0)
|        ( WDBNDRY_E 0 -7.357e+02 5.471e+01 3.000e+00
|            ( - -2.084e+02 1 0)
|            ( - -4.726e+02 1 0))))
s>    ( QUESTION0_12_R 1 -1.272e+03 6.696e+01 5.000e+00
s>        ( - -2.206e+02 1 0)
s>        ( QUESTION2_2_L -1 -9.841e+02 6.319e+01 4.000e+00
s>            ( - -1.853e+02 1 0)
s>            ( WDBNDRY_E 0 -7.357e+02 5.471e+01 3.000e+00
s>                ( - -2.084e+02 1 0)
s>                ( - -4.726e+02 1 0))))INFO: dtree.c(1315): Comp split 48
INFO: dtree.c(1439): stop. leaf nodes are specific
INFO: dtree.c(1478): Final simple tree
|( QUESTION0_9_R 1 -4.686e+03 6.552e+01 1.893e+01
|    ( - -2.413e+03 2 0)
|    ( QUESTION0_0_R 1 -2.207e+03 5.700e+01 9.014e+00
|        ( - -7.001e+02 1 0)
|        ( WDBNDRY_E 0 -1.450e+03 5.564e+01 6.006e+00
|            ( - -1.206e+03 2 0)
|            ( - -1.882e+02 1 0))))
s>    ( QUESTION0_9_R 1 -4.686e+03 6.552e+01 1.893e+01
s>        ( - -2.413e+03 2 0)
s>        ( QUESTION0_0_R 1 -2.207e+03 5.700e+01 9.014e+00
s>            ( - -7.001e+02 1 0)
s>            ( WDBNDRY_E 0 -1.450e+03 5.564e+01 6.006e+00
s>                ( - -1.206e+03 2 0)
s>                ( - -1.882e+02 1 0))))INFO: dtree.c(1315): Comp split 49
INFO: dtree.c(1439): stop. leaf nodes are specific
INFO: dtree.c(1478): Final simple tree
|( WDBNDRY_B 0 -1.430e+03 6.781e+01 5.992e+00
|    ( - -1.942e+02 1 0)
|    ( QUESTION0_12_R 1 -1.168e+03 6.519e+01 4.992e+00
|        ( - -6.506e+02 1 0)
|        ( - -4.523e+02 1 0)))
s>    ( WDBNDRY_B 0 -1.430e+03 6.781e+01 5.992e+00
s>        ( - -1.942e+02 1 0)
s>        ( QUESTION0_12_R 1 -1.168e+03 6.519e+01 4.992e+00
s>            ( - -6.506e+02 1 0)
s>            ( - -4.523e+02 1 0)))INFO: dtree.c(1315): Comp split 50
INFO: dtree.c(1439): stop. leaf nodes are specific
INFO: dtree.c(1478): Final simple tree
|( QUESTION13 1 -3.679e+03 6.036e+01 1.596e+01
|    ( - -1.871e+02 1 0)
|    ( - -3.431e+03 4 0))
s>    ( QUESTION13 1 -3.679e+03 6.036e+01 1.596e+01
s>        ( - -1.871e+02 1 0)
s>        ( - -3.431e+03 4 0))INFO: dtree.c(1315): Comp split 51
INFO: dtree.c(1315): Comp split 52
INFO: dtree.c(1315): Comp split 53
INFO: dtree.c(1439): stop. leaf nodes are specific
INFO: dtree.c(1478): Final simple tree
|( QUESTION0_0_R 1 -1.009e+04 4.680e+01 4.186e+01
|    ( - -2.074e+02 1 0)
|    ( - -9.840e+03 11 0))
s>    ( QUESTION0_0_R 1 -1.009e+04 4.680e+01 4.186e+01
s>        ( - -2.074e+02 1 0)
s>        ( - -9.840e+03 11 0))INFO: dtree.c(1315): Comp split 54
INFO: dtree.c(1439): stop. leaf nodes are specific
INFO: dtree.c(1478): Final simple tree
|( QUESTION0_3_R 1 -9.861e+02 6.295e+01 4.000e+00
|    ( - -1.930e+02 1 0)
|    ( - -7.301e+02 2 0))
s>    ( QUESTION0_3_R 1 -9.861e+02 6.295e+01 4.000e+00
s>        ( - -1.930e+02 1 0)
s>        ( - -7.301e+02 2 0))INFO: dtree.c(1315): Comp split 55
INFO: dtree.c(1315): Comp split 56
INFO: dtree.c(1439): stop. leaf nodes are specific
INFO: dtree.c(1478): Final simple tree
|( QUESTION0_12_R 1 -1.168e+03 6.519e+01 4.992e+00
|    ( - -6.506e+02 1 0)
|    ( - -4.523e+02 1 0))
s>    ( QUESTION0_12_R 1 -1.168e+03 6.519e+01 4.992e+00
s>        ( - -6.506e+02 1 0)
s>        ( - -4.523e+02 1 0))INFO: dtree.c(1315): Comp split 57
INFO: dtree.c(1315): Comp split 58
INFO: dtree.c(1439): stop. leaf nodes are specific
INFO: dtree.c(1478): Final simple tree
|( QUESTION2_2_L -1 -9.841e+02 6.319e+01 4.000e+00
|    ( - -1.853e+02 1 0)
|    ( WDBNDRY_E 0 -7.357e+02 5.471e+01 3.000e+00
|        ( - -2.084e+02 1 0)
|        ( - -4.726e+02 1 0)))
s>    ( QUESTION2_2_L -1 -9.841e+02 6.319e+01 4.000e+00
s>        ( - -1.853e+02 1 0)
s>        ( WDBNDRY_E 0 -7.357e+02 5.471e+01 3.000e+00
s>            ( - -2.084e+02 1 0)
s>            ( - -4.726e+02 1 0)))INFO: dtree.c(1315): Comp split 59
INFO: dtree.c(1315): Comp split 60
INFO: dtree.c(1439): stop. leaf nodes are specific
INFO: dtree.c(1478): Final simple tree
|( QUESTION0_0_R 1 -2.207e+03 5.700e+01 9.014e+00
|    ( - -7.001e+02 1 0)
|    ( WDBNDRY_E 0 -1.450e+03 5.564e+01 6.006e+00
|        ( - -1.206e+03 2 0)
|        ( - -1.882e+02 1 0)))
s>    ( QUESTION0_0_R 1 -2.207e+03 5.700e+01 9.014e+00
s>        ( - -7.001e+02 1 0)
s>        ( WDBNDRY_E 0 -1.450e+03 5.564e+01 6.006e+00
s>            ( - -1.206e+03 2 0)
s>            ( - -1.882e+02 1 0)))INFO: dtree.c(1315): Comp split 61
INFO: dtree.c(1315): Comp split 62
INFO: dtree.c(1439): stop. leaf nodes are specific
INFO: dtree.c(1478): Final simple tree
|( WDBNDRY_E 0 -7.357e+02 5.471e+01 3.000e+00
|    ( - -2.084e+02 1 0)
|    ( - -4.726e+02 1 0))
s>    ( WDBNDRY_E 0 -7.357e+02 5.471e+01 3.000e+00
s>        ( - -2.084e+02 1 0)
s>        ( - -4.726e+02 1 0))INFO: dtree.c(1315): Comp split 63
INFO: dtree.c(1315): Comp split 64
INFO: dtree.c(1315): Comp split 65
INFO: dtree.c(1315): Comp split 66
INFO: dtree.c(1315): Comp split 67
INFO: dtree.c(1439): stop. leaf nodes are specific
INFO: dtree.c(1478): Final simple tree
|( WDBNDRY_E 0 -1.450e+03 5.564e+01 6.006e+00
|    ( - -1.206e+03 2 0)
|    ( - -1.882e+02 1 0))
s>    ( WDBNDRY_E 0 -1.450e+03 5.564e+01 6.006e+00
s>        ( - -1.206e+03 2 0)
s>        ( - -1.882e+02 1 0))INFO: dtree.c(1315): Comp split 68
INFO: dtree.c(1315): Comp split 69
INFO: dtree.c(1315): Comp split 70
INFO: dtree.c(1315): Comp split 71
INFO: dtree.c(1315): Comp split 72
INFO: dtree.c(1318): stop. leaf nodes are specific
Thu May  7 00:23:30 2020
