Current configuration:
[NAME]		[DEFLT]	[VALUE]
-allphones	no	no
-cntthresh	0.00001	1.000000e-05
-csplitmax	100	2000
-csplitmin	1	1
-csplitthr	8e-4	0.000000e+00
-example	no	no
-fullvar	no	no
-help		no	no
-meanfn			/home/abdy/Desktop/diploma/kg/model_parameters/kg.cd_cont_untied/means
-mixwfn			/home/abdy/Desktop/diploma/kg/model_parameters/kg.cd_cont_untied/mixture_weights
-moddeffn		/home/abdy/Desktop/diploma/kg/model_architecture/kg.untied.mdef
-mwfloor	1e-4	1.000000e-08
-phone			a0
-psetfn			/home/abdy/Desktop/diploma/kg/model_architecture/kg.tree_questions
-ssplitmax	5	7
-ssplitmin	1	1
-ssplitthr	8e-4	0.000000e+00
-state			1
-stwt			1.0,0.05,0.0,
-treefn			/home/abdy/Desktop/diploma/kg/trees/kg.unpruned/a0-1.dtree
-ts2cbfn	.semi.	.cont.
-varfloor	0.00001	1.000000e-05
-varfn			/home/abdy/Desktop/diploma/kg/model_parameters/kg.cd_cont_untied/variances

INFO: main.c(223): Reading: /home/abdy/Desktop/diploma/kg/model_architecture/kg.untied.mdef
INFO: model_def_io.c(573): Model definition info:
INFO: model_def_io.c(574): 10297 total models defined (47 base, 10250 tri)
INFO: model_def_io.c(575): 41188 total states
INFO: model_def_io.c(576): 30891 total tied states
INFO: model_def_io.c(577): 141 total tied CI states
INFO: model_def_io.c(578): 47 total tied transition matrices
INFO: model_def_io.c(579): 4 max state/model
INFO: model_def_io.c(580): 4 min state/model
INFO: main.c(242): Building trees for [a0 b b e] through [a0 zh sh i]
INFO: main.c(269): Covering states |[2796 2930]| == 135
INFO: main.c(275): Reading: /home/abdy/Desktop/diploma/kg/model_parameters/kg.cd_cont_untied/mixture_weights
INFO: s3mixw_io.c(173): Read /home/abdy/Desktop/diploma/kg/model_parameters/kg.cd_cont_untied/mixture_weights [135x1x1 array]
INFO: main.c(311): 11 of 45 models have observation count greater than 0.000010
INFO: main.c(95): nrm stwt: 0.045 0.909 0.045 
INFO: s3gau_io.c(169): Read /home/abdy/Desktop/diploma/kg/model_parameters/kg.cd_cont_untied/means [30891x1x1 array]
INFO: s3gau_io.c(169): Read /home/abdy/Desktop/diploma/kg/model_parameters/kg.cd_cont_untied/variances [30891x1x1 array]
INFO: main.c(549): Reading: /home/abdy/Desktop/diploma/kg/model_architecture/kg.tree_questions
INFO: main.c(588): 174 total simple questions (166 phone; 8 word bndry)
INFO: main.c(590): 40 Left Only questions, and 42 Right Only questions
INFO: dtree.c(1478): Final simple tree
|( QUESTION14 -1 -2.273e+04 3.039e+02 1.159e+02
|    ( - -3.849e+03 1 0)
|    ( QUESTION0_10_R 1 -1.857e+04 2.398e+02 9.398e+01
|        ( QUESTION1 -1 -3.692e+03 2.372e+02 1.999e+01
|            ( - -9.741e+02 1 0)
|            ( - -2.480e+03 1 0))
|        ( QUESTION0 -1 -1.464e+04 2.087e+02 7.399e+01
|            ( QUESTION2 1 -1.047e+04 2.244e+02 5.430e+01
|                ( - -3.818e+03 1 0)
|                ( QUESTION1 -1 -6.430e+03 1.642e+02 3.324e+01
|                    ( - -1.049e+03 1 0)
|                    ( QUESTION0_0_R 1 -5.217e+03 1.513e+02 2.724e+01
|                        ( - -2.567e+03 1 0)
|                        ( - -2.499e+03 2 0 QUESTION5 -1 1.441e+02 1.324e+01))))
|            ( - -3.962e+03 3 0 QUESTION15 1 1.389e+02 1.969e+01))))
s>    ( QUESTION14 -1 -2.273e+04 3.039e+02 1.159e+02
s>        ( - -3.849e+03 1 0)
s>        ( QUESTION0_10_R 1 -1.857e+04 2.398e+02 9.398e+01
s>            ( QUESTION1 -1 -3.692e+03 2.372e+02 1.999e+01
s>                ( - -9.741e+02 1 0)
s>                ( - -2.480e+03 1 0))
s>            ( QUESTION0 -1 -1.464e+04 2.087e+02 7.399e+01
s>                ( QUESTION2 1 -1.047e+04 2.244e+02 5.430e+01
s>                    ( - -3.818e+03 1 0)
s>                    ( QUESTION1 -1 -6.430e+03 1.642e+02 3.324e+01
s>                        ( - -1.049e+03 1 0)
s>                        ( QUESTION0_0_R 1 -5.217e+03 1.513e+02 2.724e+01
s>                            ( - -2.567e+03 1 0)
s>                            ( - -2.499e+03 2 0 QUESTION5 -1 1.441e+02 1.324e+01))))
s>                ( - -3.962e+03 3 0 QUESTION15 1 1.389e+02 1.969e+01))))INFO: dtree.c(1315): Comp split 0
INFO: dtree.c(1439): stop. leaf nodes are specific
INFO: dtree.c(1478): Final simple tree
|( QUESTION0_10_R 1 -9.112e+03 2.113e+02 4.569e+01
|    ( - -9.741e+02 1 0)
|    ( QUESTION16 -1 -7.927e+03 2.029e+02 3.969e+01
|        ( QUESTION14 1 -3.656e+03 1.381e+02 1.869e+01
|            ( - -2.261e+03 1 0)
|            ( - -1.257e+03 1 0))
|        ( QUESTION1 -1 -4.067e+03 1.610e+02 2.100e+01
|            ( - -1.049e+03 1 0)
|            ( QUESTION0_0_R 1 -2.857e+03 7.596e+01 1.500e+01
|                ( - -2.567e+03 1 0)
|                ( - -2.147e+02 1 0)))))
s>    ( QUESTION0_10_R 1 -9.112e+03 2.113e+02 4.569e+01
s>        ( - -9.741e+02 1 0)
s>        ( QUESTION16 -1 -7.927e+03 2.029e+02 3.969e+01
s>            ( QUESTION14 1 -3.656e+03 1.381e+02 1.869e+01
s>                ( - -2.261e+03 1 0)
s>                ( - -1.257e+03 1 0))
s>            ( QUESTION1 -1 -4.067e+03 1.610e+02 2.100e+01
s>                ( - -1.049e+03 1 0)
s>                ( QUESTION0_0_R 1 -2.857e+03 7.596e+01 1.500e+01
s>                    ( - -2.567e+03 1 0)
s>                    ( - -2.147e+02 1 0)))))INFO: dtree.c(1439): stop. leaf nodes are specific
INFO: dtree.c(1478): Final simple tree
|( QUESTION0 -1 -1.329e+04 2.544e+02 7.025e+01
|    ( QUESTION2 1 -9.188e+03 2.219e+02 4.829e+01
|        ( - -3.818e+03 1 0)
|        ( QUESTION0_9_R 1 -5.148e+03 1.683e+02 2.722e+01
|            ( QUESTION5 -1 -2.499e+03 1.441e+02 1.324e+01
|                ( - -9.100e+02 1 0)
|                ( - -1.445e+03 1 0))
|            ( - -2.480e+03 1 0)))
|    ( - -3.849e+03 1 0))
s>    ( QUESTION0 -1 -1.329e+04 2.544e+02 7.025e+01
s>        ( QUESTION2 1 -9.188e+03 2.219e+02 4.829e+01
s>            ( - -3.818e+03 1 0)
s>            ( QUESTION0_9_R 1 -5.148e+03 1.683e+02 2.722e+01
s>                ( QUESTION5 -1 -2.499e+03 1.441e+02 1.324e+01
s>                    ( - -9.100e+02 1 0)
s>                    ( - -1.445e+03 1 0))
s>                ( - -2.480e+03 1 0)))
s>        ( - -3.849e+03 1 0))INFO: dtree.c(1315): Comp split 1
INFO: dtree.c(1439): stop. leaf nodes are specific
INFO: dtree.c(1478): Final simple tree
|( QUESTION2 1 -9.188e+03 2.219e+02 4.829e+01
|    ( - -3.818e+03 1 0)
|    ( QUESTION0_9_R 1 -5.148e+03 1.683e+02 2.722e+01
|        ( QUESTION5 -1 -2.499e+03 1.441e+02 1.324e+01
|            ( - -9.100e+02 1 0)
|            ( - -1.445e+03 1 0))
|        ( - -2.480e+03 1 0)))
s>    ( QUESTION2 1 -9.188e+03 2.219e+02 4.829e+01
s>        ( - -3.818e+03 1 0)
s>        ( QUESTION0_9_R 1 -5.148e+03 1.683e+02 2.722e+01
s>            ( QUESTION5 -1 -2.499e+03 1.441e+02 1.324e+01
s>                ( - -9.100e+02 1 0)
s>                ( - -1.445e+03 1 0))
s>            ( - -2.480e+03 1 0)))INFO: dtree.c(1315): Comp split 2
INFO: dtree.c(1439): stop. leaf nodes are specific
INFO: dtree.c(1478): Final simple tree
|( QUESTION0_9_R 1 -5.148e+03 1.683e+02 2.722e+01
|    ( QUESTION5 -1 -2.499e+03 1.441e+02 1.324e+01
|        ( - -9.100e+02 1 0)
|        ( - -1.445e+03 1 0))
|    ( - -2.480e+03 1 0))
s>    ( QUESTION0_9_R 1 -5.148e+03 1.683e+02 2.722e+01
s>        ( QUESTION5 -1 -2.499e+03 1.441e+02 1.324e+01
s>            ( - -9.100e+02 1 0)
s>            ( - -1.445e+03 1 0))
s>        ( - -2.480e+03 1 0))INFO: dtree.c(1315): Comp split 3
INFO: dtree.c(1439): stop. leaf nodes are specific
INFO: dtree.c(1478): Final simple tree
|( QUESTION16 -1 -7.927e+03 2.029e+02 3.969e+01
|    ( QUESTION14 1 -3.656e+03 1.381e+02 1.869e+01
|        ( - -2.261e+03 1 0)
|        ( - -1.257e+03 1 0))
|    ( QUESTION1 -1 -4.067e+03 1.610e+02 2.100e+01
|        ( - -1.049e+03 1 0)
|        ( QUESTION0_0_R 1 -2.857e+03 7.596e+01 1.500e+01
|            ( - -2.567e+03 1 0)
|            ( - -2.147e+02 1 0))))
s>    ( QUESTION16 -1 -7.927e+03 2.029e+02 3.969e+01
s>        ( QUESTION14 1 -3.656e+03 1.381e+02 1.869e+01
s>            ( - -2.261e+03 1 0)
s>            ( - -1.257e+03 1 0))
s>        ( QUESTION1 -1 -4.067e+03 1.610e+02 2.100e+01
s>            ( - -1.049e+03 1 0)
s>            ( QUESTION0_0_R 1 -2.857e+03 7.596e+01 1.500e+01
s>                ( - -2.567e+03 1 0)
s>                ( - -2.147e+02 1 0))))INFO: dtree.c(1315): Comp split 4
INFO: dtree.c(1439): stop. leaf nodes are specific
INFO: dtree.c(1478): Final simple tree
|( QUESTION1 -1 -4.067e+03 1.610e+02 2.100e+01
|    ( - -1.049e+03 1 0)
|    ( QUESTION0_0_R 1 -2.857e+03 7.596e+01 1.500e+01
|        ( - -2.567e+03 1 0)
|        ( - -2.147e+02 1 0)))
s>    ( QUESTION1 -1 -4.067e+03 1.610e+02 2.100e+01
s>        ( - -1.049e+03 1 0)
s>        ( QUESTION0_0_R 1 -2.857e+03 7.596e+01 1.500e+01
s>            ( - -2.567e+03 1 0)
s>            ( - -2.147e+02 1 0)))INFO: dtree.c(1439): stop. leaf nodes are specific
INFO: dtree.c(1478): Final simple tree
|( QUESTION14 1 -3.656e+03 1.381e+02 1.869e+01
|    ( - -2.261e+03 1 0)
|    ( - -1.257e+03 1 0))
s>    ( QUESTION14 1 -3.656e+03 1.381e+02 1.869e+01
s>        ( - -2.261e+03 1 0)
s>        ( - -1.257e+03 1 0))INFO: dtree.c(1315): Comp split 5
INFO: dtree.c(1439): stop. leaf nodes are specific
INFO: dtree.c(1478): Final simple tree
|( QUESTION5 -1 -2.499e+03 1.441e+02 1.324e+01
|    ( - -9.100e+02 1 0)
|    ( - -1.445e+03 1 0))
s>    ( QUESTION5 -1 -2.499e+03 1.441e+02 1.324e+01
s>        ( - -9.100e+02 1 0)
s>        ( - -1.445e+03 1 0))INFO: dtree.c(1315): Comp split 6
INFO: dtree.c(1439): stop. leaf nodes are specific
INFO: dtree.c(1478): Final simple tree
|( QUESTION0_0_R 1 -2.857e+03 7.596e+01 1.500e+01
|    ( - -2.567e+03 1 0)
|    ( - -2.147e+02 1 0))
s>    ( QUESTION0_0_R 1 -2.857e+03 7.596e+01 1.500e+01
s>        ( - -2.567e+03 1 0)
s>        ( - -2.147e+02 1 0))INFO: dtree.c(1315): Comp split 7
INFO: dtree.c(1315): Comp split 8
INFO: dtree.c(1315): Comp split 9
INFO: dtree.c(1315): Comp split 10
INFO: dtree.c(1318): stop. leaf nodes are specific
Thu May  7 00:23:20 2020
