Current configuration:
[NAME]		[DEFLT]	[VALUE]
-allphones	no	no
-cntthresh	0.00001	1.000000e-05
-csplitmax	100	2000
-csplitmin	1	1
-csplitthr	8e-4	0.000000e+00
-example	no	no
-fullvar	no	no
-help		no	no
-meanfn			/home/abdy/Desktop/diploma/kg/model_parameters/kg.cd_cont_untied/means
-mixwfn			/home/abdy/Desktop/diploma/kg/model_parameters/kg.cd_cont_untied/mixture_weights
-moddeffn		/home/abdy/Desktop/diploma/kg/model_architecture/kg.untied.mdef
-mwfloor	1e-4	1.000000e-08
-phone			v
-psetfn			/home/abdy/Desktop/diploma/kg/model_architecture/kg.tree_questions
-ssplitmax	5	7
-ssplitmin	1	1
-ssplitthr	8e-4	0.000000e+00
-state			2
-stwt			1.0,0.05,0.0,
-treefn			/home/abdy/Desktop/diploma/kg/trees/kg.unpruned/v-2.dtree
-ts2cbfn	.semi.	.cont.
-varfloor	0.00001	1.000000e-05
-varfn			/home/abdy/Desktop/diploma/kg/model_parameters/kg.cd_cont_untied/variances

INFO: main.c(223): Reading: /home/abdy/Desktop/diploma/kg/model_architecture/kg.untied.mdef
INFO: model_def_io.c(573): Model definition info:
INFO: model_def_io.c(574): 10297 total models defined (47 base, 10250 tri)
INFO: model_def_io.c(575): 41188 total states
INFO: model_def_io.c(576): 30891 total tied states
INFO: model_def_io.c(577): 141 total tied CI states
INFO: model_def_io.c(578): 47 total tied transition matrices
INFO: model_def_io.c(579): 4 max state/model
INFO: model_def_io.c(580): 4 min state/model
INFO: main.c(242): Building trees for [v SIL r b] through [v z je i]
INFO: main.c(269): Covering states |[27981 28283]| == 303
INFO: main.c(275): Reading: /home/abdy/Desktop/diploma/kg/model_parameters/kg.cd_cont_untied/mixture_weights
INFO: s3mixw_io.c(173): Read /home/abdy/Desktop/diploma/kg/model_parameters/kg.cd_cont_untied/mixture_weights [303x1x1 array]
INFO: main.c(311): 17 of 101 models have observation count greater than 0.000010
INFO: main.c(95): nrm stwt: 0.000 0.048 0.952 
INFO: s3gau_io.c(169): Read /home/abdy/Desktop/diploma/kg/model_parameters/kg.cd_cont_untied/means [30891x1x1 array]
INFO: s3gau_io.c(169): Read /home/abdy/Desktop/diploma/kg/model_parameters/kg.cd_cont_untied/variances [30891x1x1 array]
INFO: main.c(549): Reading: /home/abdy/Desktop/diploma/kg/model_architecture/kg.tree_questions
INFO: main.c(588): 174 total simple questions (166 phone; 8 word bndry)
INFO: main.c(590): 40 Left Only questions, and 42 Right Only questions
INFO: dtree.c(1478): Final simple tree
|( QUESTION0 -1 -1.475e+04 4.952e+02 6.384e+01
|    ( - 2.422e+02 1 0)
|    ( QUESTION16 -1 -1.450e+04 4.913e+02 6.284e+01
|        ( - 2.403e+02 1 0)
|        ( QUESTION15 -1 -1.425e+04 4.882e+02 6.184e+01
|            ( - 2.411e+02 1 0)
|            ( QUESTION0_6_R 1 -1.400e+04 4.572e+02 6.084e+01
|                ( - 2.181e+02 1 0)
|                ( WDBNDRY_B 0 -1.376e+04 3.143e+02 5.984e+01
|                    ( - -3.726e+02 1 0)
|                    ( SILENCE 1 -1.307e+04 2.656e+02 5.684e+01
|                        ( - -3.953e+03 2 0 QUESTION2_1_L -1 1.867e+02 1.875e+01)
|                        ( QUESTION0_2_R 1 -8.856e+03 2.136e+02 3.810e+01
|                            ( - -2.854e+03 6 0 QUESTION0_7_R 1 1.462e+02 1.201e+01)
|                            ( - -5.789e+03 4 0 QUESTION0_15_R 1 1.578e+02 2.609e+01))))))))
s>    ( QUESTION0 -1 -1.475e+04 4.952e+02 6.384e+01
s>        ( - 2.422e+02 1 0)
s>        ( QUESTION16 -1 -1.450e+04 4.913e+02 6.284e+01
s>            ( - 2.403e+02 1 0)
s>            ( QUESTION15 -1 -1.425e+04 4.882e+02 6.184e+01
s>                ( - 2.411e+02 1 0)
s>                ( QUESTION0_6_R 1 -1.400e+04 4.572e+02 6.084e+01
s>                    ( - 2.181e+02 1 0)
s>                    ( WDBNDRY_B 0 -1.376e+04 3.143e+02 5.984e+01
s>                        ( - -3.726e+02 1 0)
s>                        ( SILENCE 1 -1.307e+04 2.656e+02 5.684e+01
s>                            ( - -3.953e+03 2 0 QUESTION2_1_L -1 1.867e+02 1.875e+01)
s>                            ( QUESTION0_2_R 1 -8.856e+03 2.136e+02 3.810e+01
s>                                ( - -2.854e+03 6 0 QUESTION0_7_R 1 1.462e+02 1.201e+01)
s>                                ( - -5.789e+03 4 0 QUESTION0_15_R 1 1.578e+02 2.609e+01))))))))INFO: dtree.c(1315): Comp split 0
INFO: dtree.c(1478): Final simple tree
|( QUESTION16 -1 -1.450e+04 4.913e+02 6.284e+01
|    ( - 2.403e+02 1 0)
|    ( QUESTION15 -1 -1.425e+04 4.882e+02 6.184e+01
|        ( - 2.411e+02 1 0)
|        ( QUESTION0_6_R 1 -1.400e+04 4.572e+02 6.084e+01
|            ( - 2.181e+02 1 0)
|            ( WDBNDRY_B 0 -1.376e+04 3.143e+02 5.984e+01
|                ( - -3.726e+02 1 0)
|                ( SILENCE 1 -1.307e+04 2.656e+02 5.684e+01
|                    ( QUESTION2_1_L -1 -3.953e+03 1.867e+02 1.875e+01
|                        ( - -1.266e+03 1 0)
|                        ( - -2.500e+03 1 0))
|                    ( QUESTION0_2_R 1 -8.856e+03 2.136e+02 3.810e+01
|                        ( - -2.854e+03 6 0 QUESTION0_7_R 1 1.462e+02 1.201e+01)
|                        ( - -5.789e+03 4 0 QUESTION0_15_R 1 1.578e+02 2.609e+01)))))))
s>    ( QUESTION16 -1 -1.450e+04 4.913e+02 6.284e+01
s>        ( - 2.403e+02 1 0)
s>        ( QUESTION15 -1 -1.425e+04 4.882e+02 6.184e+01
s>            ( - 2.411e+02 1 0)
s>            ( QUESTION0_6_R 1 -1.400e+04 4.572e+02 6.084e+01
s>                ( - 2.181e+02 1 0)
s>                ( WDBNDRY_B 0 -1.376e+04 3.143e+02 5.984e+01
s>                    ( - -3.726e+02 1 0)
s>                    ( SILENCE 1 -1.307e+04 2.656e+02 5.684e+01
s>                        ( QUESTION2_1_L -1 -3.953e+03 1.867e+02 1.875e+01
s>                            ( - -1.266e+03 1 0)
s>                            ( - -2.500e+03 1 0))
s>                        ( QUESTION0_2_R 1 -8.856e+03 2.136e+02 3.810e+01
s>                            ( - -2.854e+03 6 0 QUESTION0_7_R 1 1.462e+02 1.201e+01)
s>                            ( - -5.789e+03 4 0 QUESTION0_15_R 1 1.578e+02 2.609e+01)))))))INFO: dtree.c(1315): Comp split 1
INFO: dtree.c(1478): Final simple tree
|( QUESTION15 -1 -1.425e+04 4.882e+02 6.184e+01
|    ( - 2.411e+02 1 0)
|    ( QUESTION0_6_R 1 -1.400e+04 4.572e+02 6.084e+01
|        ( - 2.181e+02 1 0)
|        ( WDBNDRY_B 0 -1.376e+04 3.143e+02 5.984e+01
|            ( - -3.726e+02 1 0)
|            ( SILENCE 1 -1.307e+04 2.656e+02 5.684e+01
|                ( QUESTION2_1_L -1 -3.953e+03 1.867e+02 1.875e+01
|                    ( - -1.266e+03 1 0)
|                    ( - -2.500e+03 1 0))
|                ( QUESTION0_2_R 1 -8.856e+03 2.136e+02 3.810e+01
|                    ( - -2.854e+03 6 0 QUESTION0_7_R 1 1.462e+02 1.201e+01)
|                    ( QUESTION0_15_R 1 -5.789e+03 1.578e+02 2.609e+01
|                        ( - -1.477e+03 2 0 QUESTION2_1_L -1 8.277e+01 6.088e+00)
|                        ( - -4.154e+03 2 0 WDBNDRY_E 0 1.163e+02 2.000e+01)))))))
s>    ( QUESTION15 -1 -1.425e+04 4.882e+02 6.184e+01
s>        ( - 2.411e+02 1 0)
s>        ( QUESTION0_6_R 1 -1.400e+04 4.572e+02 6.084e+01
s>            ( - 2.181e+02 1 0)
s>            ( WDBNDRY_B 0 -1.376e+04 3.143e+02 5.984e+01
s>                ( - -3.726e+02 1 0)
s>                ( SILENCE 1 -1.307e+04 2.656e+02 5.684e+01
s>                    ( QUESTION2_1_L -1 -3.953e+03 1.867e+02 1.875e+01
s>                        ( - -1.266e+03 1 0)
s>                        ( - -2.500e+03 1 0))
s>                    ( QUESTION0_2_R 1 -8.856e+03 2.136e+02 3.810e+01
s>                        ( - -2.854e+03 6 0 QUESTION0_7_R 1 1.462e+02 1.201e+01)
s>                        ( QUESTION0_15_R 1 -5.789e+03 1.578e+02 2.609e+01
s>                            ( - -1.477e+03 2 0 QUESTION2_1_L -1 8.277e+01 6.088e+00)
s>                            ( - -4.154e+03 2 0 WDBNDRY_E 0 1.163e+02 2.000e+01)))))))INFO: dtree.c(1315): Comp split 2
INFO: dtree.c(1478): Final simple tree
|( QUESTION0_6_R 1 -1.400e+04 4.572e+02 6.084e+01
|    ( - 2.181e+02 1 0)
|    ( WDBNDRY_B 0 -1.376e+04 3.143e+02 5.984e+01
|        ( - -3.726e+02 1 0)
|        ( SILENCE 1 -1.307e+04 2.656e+02 5.684e+01
|            ( QUESTION2_1_L -1 -3.953e+03 1.867e+02 1.875e+01
|                ( - -1.266e+03 1 0)
|                ( - -2.500e+03 1 0))
|            ( QUESTION0_2_R 1 -8.856e+03 2.136e+02 3.810e+01
|                ( QUESTION0_7_R 1 -2.854e+03 1.462e+02 1.201e+01
|                    ( - -1.028e+03 1 0)
|                    ( - -1.679e+03 5 0 WDBNDRY_E 0 1.120e+02 7.007e+00))
|                ( QUESTION0_15_R 1 -5.789e+03 1.578e+02 2.609e+01
|                    ( - -1.477e+03 2 0 QUESTION2_1_L -1 8.277e+01 6.088e+00)
|                    ( - -4.154e+03 2 0 WDBNDRY_E 0 1.163e+02 2.000e+01))))))
s>    ( QUESTION0_6_R 1 -1.400e+04 4.572e+02 6.084e+01
s>        ( - 2.181e+02 1 0)
s>        ( WDBNDRY_B 0 -1.376e+04 3.143e+02 5.984e+01
s>            ( - -3.726e+02 1 0)
s>            ( SILENCE 1 -1.307e+04 2.656e+02 5.684e+01
s>                ( QUESTION2_1_L -1 -3.953e+03 1.867e+02 1.875e+01
s>                    ( - -1.266e+03 1 0)
s>                    ( - -2.500e+03 1 0))
s>                ( QUESTION0_2_R 1 -8.856e+03 2.136e+02 3.810e+01
s>                    ( QUESTION0_7_R 1 -2.854e+03 1.462e+02 1.201e+01
s>                        ( - -1.028e+03 1 0)
s>                        ( - -1.679e+03 5 0 WDBNDRY_E 0 1.120e+02 7.007e+00))
s>                    ( QUESTION0_15_R 1 -5.789e+03 1.578e+02 2.609e+01
s>                        ( - -1.477e+03 2 0 QUESTION2_1_L -1 8.277e+01 6.088e+00)
s>                        ( - -4.154e+03 2 0 WDBNDRY_E 0 1.163e+02 2.000e+01))))))INFO: dtree.c(1315): Comp split 3
INFO: dtree.c(1478): Final simple tree
|( WDBNDRY_B 0 -1.376e+04 3.143e+02 5.984e+01
|    ( - -3.726e+02 1 0)
|    ( SILENCE 1 -1.307e+04 2.656e+02 5.684e+01
|        ( QUESTION2_1_L -1 -3.953e+03 1.867e+02 1.875e+01
|            ( - -1.266e+03 1 0)
|            ( - -2.500e+03 1 0))
|        ( QUESTION0_2_R 1 -8.856e+03 2.136e+02 3.810e+01
|            ( QUESTION0_7_R 1 -2.854e+03 1.462e+02 1.201e+01
|                ( - -1.028e+03 1 0)
|                ( - -1.679e+03 5 0 WDBNDRY_E 0 1.120e+02 7.007e+00))
|            ( QUESTION0_15_R 1 -5.789e+03 1.578e+02 2.609e+01
|                ( - -1.477e+03 2 0 QUESTION2_1_L -1 8.277e+01 6.088e+00)
|                ( WDBNDRY_E 0 -4.154e+03 1.163e+02 2.000e+01
|                    ( - -2.634e+03 1 0)
|                    ( - -1.404e+03 1 0))))))
s>    ( WDBNDRY_B 0 -1.376e+04 3.143e+02 5.984e+01
s>        ( - -3.726e+02 1 0)
s>        ( SILENCE 1 -1.307e+04 2.656e+02 5.684e+01
s>            ( QUESTION2_1_L -1 -3.953e+03 1.867e+02 1.875e+01
s>                ( - -1.266e+03 1 0)
s>                ( - -2.500e+03 1 0))
s>            ( QUESTION0_2_R 1 -8.856e+03 2.136e+02 3.810e+01
s>                ( QUESTION0_7_R 1 -2.854e+03 1.462e+02 1.201e+01
s>                    ( - -1.028e+03 1 0)
s>                    ( - -1.679e+03 5 0 WDBNDRY_E 0 1.120e+02 7.007e+00))
s>                ( QUESTION0_15_R 1 -5.789e+03 1.578e+02 2.609e+01
s>                    ( - -1.477e+03 2 0 QUESTION2_1_L -1 8.277e+01 6.088e+00)
s>                    ( WDBNDRY_E 0 -4.154e+03 1.163e+02 2.000e+01
s>                        ( - -2.634e+03 1 0)
s>                        ( - -1.404e+03 1 0))))))INFO: dtree.c(1315): Comp split 4
INFO: dtree.c(1478): Final simple tree
|( SILENCE 1 -1.307e+04 2.656e+02 5.684e+01
|    ( QUESTION2_1_L -1 -3.953e+03 1.867e+02 1.875e+01
|        ( - -1.266e+03 1 0)
|        ( - -2.500e+03 1 0))
|    ( QUESTION0_2_R 1 -8.856e+03 2.136e+02 3.810e+01
|        ( QUESTION0_7_R 1 -2.854e+03 1.462e+02 1.201e+01
|            ( - -1.028e+03 1 0)
|            ( WDBNDRY_E 0 -1.679e+03 1.120e+02 7.007e+00
|                ( - -6.380e+02 1 0)
|                ( - -9.294e+02 4 0 QUESTION0_3_R 1 8.945e+01 4.007e+00)))
|        ( QUESTION0_15_R 1 -5.789e+03 1.578e+02 2.609e+01
|            ( - -1.477e+03 2 0 QUESTION2_1_L -1 8.277e+01 6.088e+00)
|            ( WDBNDRY_E 0 -4.154e+03 1.163e+02 2.000e+01
|                ( - -2.634e+03 1 0)
|                ( - -1.404e+03 1 0)))))
s>    ( SILENCE 1 -1.307e+04 2.656e+02 5.684e+01
s>        ( QUESTION2_1_L -1 -3.953e+03 1.867e+02 1.875e+01
s>            ( - -1.266e+03 1 0)
s>            ( - -2.500e+03 1 0))
s>        ( QUESTION0_2_R 1 -8.856e+03 2.136e+02 3.810e+01
s>            ( QUESTION0_7_R 1 -2.854e+03 1.462e+02 1.201e+01
s>                ( - -1.028e+03 1 0)
s>                ( WDBNDRY_E 0 -1.679e+03 1.120e+02 7.007e+00
s>                    ( - -6.380e+02 1 0)
s>                    ( - -9.294e+02 4 0 QUESTION0_3_R 1 8.945e+01 4.007e+00)))
s>            ( QUESTION0_15_R 1 -5.789e+03 1.578e+02 2.609e+01
s>                ( - -1.477e+03 2 0 QUESTION2_1_L -1 8.277e+01 6.088e+00)
s>                ( WDBNDRY_E 0 -4.154e+03 1.163e+02 2.000e+01
s>                    ( - -2.634e+03 1 0)
s>                    ( - -1.404e+03 1 0)))))INFO: dtree.c(1315): Comp split 5
INFO: dtree.c(1439): stop. leaf nodes are specific
INFO: dtree.c(1478): Final simple tree
|( SILENCE 1 -9.091e+03 2.381e+02 4.175e+01
|    ( QUESTION2_1_L -1 -3.953e+03 1.867e+02 1.875e+01
|        ( - -1.266e+03 1 0)
|        ( - -2.500e+03 1 0))
|    ( QUESTION0_19_R 1 -4.900e+03 1.157e+02 2.300e+01
|        ( - -2.634e+03 1 0)
|        ( WDBNDRY_E 0 -2.151e+03 1.090e+02 1.000e+01
|            ( - -6.380e+02 1 0)
|            ( - -1.404e+03 1 0))))
s>    ( SILENCE 1 -9.091e+03 2.381e+02 4.175e+01
s>        ( QUESTION2_1_L -1 -3.953e+03 1.867e+02 1.875e+01
s>            ( - -1.266e+03 1 0)
s>            ( - -2.500e+03 1 0))
s>        ( QUESTION0_19_R 1 -4.900e+03 1.157e+02 2.300e+01
s>            ( - -2.634e+03 1 0)
s>            ( WDBNDRY_E 0 -2.151e+03 1.090e+02 1.000e+01
s>                ( - -6.380e+02 1 0)
s>                ( - -1.404e+03 1 0))))INFO: dtree.c(1439): stop. leaf nodes are specific
INFO: dtree.c(1478): Final simple tree
|( WDBNDRY_E 0 -3.705e+03 1.746e+02 1.510e+01
|    ( - -1.028e+03 1 0)
|    ( QUESTION0_2_R 1 -2.502e+03 9.543e+01 1.010e+01
|        ( QUESTION0_3_R 1 -9.294e+02 8.945e+01 4.007e+00
|            ( QUESTION2_1_L -1 -6.841e+02 7.402e+01 3.007e+00
|                ( QUESTION11 -1 -4.347e+02 6.250e+01 2.007e+00
|                    ( - -1.637e+02 1 0)
|                    ( - -2.086e+02 1 0))
|                ( - -1.753e+02 1 0))
|            ( - -1.558e+02 1 0))
|        ( QUESTION2_1_L -1 -1.477e+03 8.277e+01 6.088e+00
|            ( - -4.671e+02 1 0)
|            ( - -9.270e+02 1 0))))
s>    ( WDBNDRY_E 0 -3.705e+03 1.746e+02 1.510e+01
s>        ( - -1.028e+03 1 0)
s>        ( QUESTION0_2_R 1 -2.502e+03 9.543e+01 1.010e+01
s>            ( QUESTION0_3_R 1 -9.294e+02 8.945e+01 4.007e+00
s>                ( QUESTION2_1_L -1 -6.841e+02 7.402e+01 3.007e+00
s>                    ( QUESTION11 -1 -4.347e+02 6.250e+01 2.007e+00
s>                        ( - -1.637e+02 1 0)
s>                        ( - -2.086e+02 1 0))
s>                    ( - -1.753e+02 1 0))
s>                ( - -1.558e+02 1 0))
s>            ( QUESTION2_1_L -1 -1.477e+03 8.277e+01 6.088e+00
s>                ( - -4.671e+02 1 0)
s>                ( - -9.270e+02 1 0))))INFO: dtree.c(1315): Comp split 6
INFO: dtree.c(1439): stop. leaf nodes are specific
INFO: dtree.c(1478): Final simple tree
|( QUESTION0_19_R 1 -4.900e+03 1.157e+02 2.300e+01
|    ( - -2.634e+03 1 0)
|    ( WDBNDRY_E 0 -2.151e+03 1.090e+02 1.000e+01
|        ( - -6.380e+02 1 0)
|        ( - -1.404e+03 1 0)))
s>    ( QUESTION0_19_R 1 -4.900e+03 1.157e+02 2.300e+01
s>        ( - -2.634e+03 1 0)
s>        ( WDBNDRY_E 0 -2.151e+03 1.090e+02 1.000e+01
s>            ( - -6.380e+02 1 0)
s>            ( - -1.404e+03 1 0)))INFO: dtree.c(1439): stop. leaf nodes are specific
INFO: dtree.c(1478): Final simple tree
|( QUESTION2_1_L -1 -3.953e+03 1.867e+02 1.875e+01
|    ( - -1.266e+03 1 0)
|    ( - -2.500e+03 1 0))
s>    ( QUESTION2_1_L -1 -3.953e+03 1.867e+02 1.875e+01
s>        ( - -1.266e+03 1 0)
s>        ( - -2.500e+03 1 0))INFO: dtree.c(1315): Comp split 7
INFO: dtree.c(1315): Comp split 8
INFO: dtree.c(1439): stop. leaf nodes are specific
INFO: dtree.c(1478): Final simple tree
|( QUESTION0_2_R 1 -2.502e+03 9.543e+01 1.010e+01
|    ( QUESTION0_3_R 1 -9.294e+02 8.945e+01 4.007e+00
|        ( QUESTION2_1_L -1 -6.841e+02 7.402e+01 3.007e+00
|            ( QUESTION11 -1 -4.347e+02 6.250e+01 2.007e+00
|                ( - -1.637e+02 1 0)
|                ( - -2.086e+02 1 0))
|            ( - -1.753e+02 1 0))
|        ( - -1.558e+02 1 0))
|    ( QUESTION2_1_L -1 -1.477e+03 8.277e+01 6.088e+00
|        ( - -4.671e+02 1 0)
|        ( - -9.270e+02 1 0)))
s>    ( QUESTION0_2_R 1 -2.502e+03 9.543e+01 1.010e+01
s>        ( QUESTION0_3_R 1 -9.294e+02 8.945e+01 4.007e+00
s>            ( QUESTION2_1_L -1 -6.841e+02 7.402e+01 3.007e+00
s>                ( QUESTION11 -1 -4.347e+02 6.250e+01 2.007e+00
s>                    ( - -1.637e+02 1 0)
s>                    ( - -2.086e+02 1 0))
s>                ( - -1.753e+02 1 0))
s>            ( - -1.558e+02 1 0))
s>        ( QUESTION2_1_L -1 -1.477e+03 8.277e+01 6.088e+00
s>            ( - -4.671e+02 1 0)
s>            ( - -9.270e+02 1 0)))INFO: dtree.c(1315): Comp split 9
INFO: dtree.c(1439): stop. leaf nodes are specific
INFO: dtree.c(1478): Final simple tree
|( WDBNDRY_E 0 -2.151e+03 1.090e+02 1.000e+01
|    ( - -6.380e+02 1 0)
|    ( - -1.404e+03 1 0))
s>    ( WDBNDRY_E 0 -2.151e+03 1.090e+02 1.000e+01
s>        ( - -6.380e+02 1 0)
s>        ( - -1.404e+03 1 0))INFO: dtree.c(1315): Comp split 10
INFO: dtree.c(1315): Comp split 11
INFO: dtree.c(1439): stop. leaf nodes are specific
INFO: dtree.c(1478): Final simple tree
|( QUESTION0_3_R 1 -9.294e+02 8.945e+01 4.007e+00
|    ( QUESTION2_1_L -1 -6.841e+02 7.402e+01 3.007e+00
|        ( QUESTION11 -1 -4.347e+02 6.250e+01 2.007e+00
|            ( - -1.637e+02 1 0)
|            ( - -2.086e+02 1 0))
|        ( - -1.753e+02 1 0))
|    ( - -1.558e+02 1 0))
s>    ( QUESTION0_3_R 1 -9.294e+02 8.945e+01 4.007e+00
s>        ( QUESTION2_1_L -1 -6.841e+02 7.402e+01 3.007e+00
s>            ( QUESTION11 -1 -4.347e+02 6.250e+01 2.007e+00
s>                ( - -1.637e+02 1 0)
s>                ( - -2.086e+02 1 0))
s>            ( - -1.753e+02 1 0))
s>        ( - -1.558e+02 1 0))INFO: dtree.c(1439): stop. leaf nodes are specific
INFO: dtree.c(1478): Final simple tree
|( QUESTION2_1_L -1 -1.477e+03 8.277e+01 6.088e+00
|    ( - -4.671e+02 1 0)
|    ( - -9.270e+02 1 0))
s>    ( QUESTION2_1_L -1 -1.477e+03 8.277e+01 6.088e+00
s>        ( - -4.671e+02 1 0)
s>        ( - -9.270e+02 1 0))INFO: dtree.c(1315): Comp split 12
INFO: dtree.c(1439): stop. leaf nodes are specific
INFO: dtree.c(1478): Final simple tree
|( QUESTION2_1_L -1 -6.841e+02 7.402e+01 3.007e+00
|    ( QUESTION11 -1 -4.347e+02 6.250e+01 2.007e+00
|        ( - -1.637e+02 1 0)
|        ( - -2.086e+02 1 0))
|    ( - -1.753e+02 1 0))
s>    ( QUESTION2_1_L -1 -6.841e+02 7.402e+01 3.007e+00
s>        ( QUESTION11 -1 -4.347e+02 6.250e+01 2.007e+00
s>            ( - -1.637e+02 1 0)
s>            ( - -2.086e+02 1 0))
s>        ( - -1.753e+02 1 0))INFO: dtree.c(1315): Comp split 13
INFO: dtree.c(1315): Comp split 14
INFO: dtree.c(1439): stop. leaf nodes are specific
INFO: dtree.c(1478): Final simple tree
|( QUESTION11 -1 -4.347e+02 6.250e+01 2.007e+00
|    ( - -1.637e+02 1 0)
|    ( - -2.086e+02 1 0))
s>    ( QUESTION11 -1 -4.347e+02 6.250e+01 2.007e+00
s>        ( - -1.637e+02 1 0)
s>        ( - -2.086e+02 1 0))INFO: dtree.c(1315): Comp split 15
INFO: dtree.c(1315): Comp split 16
INFO: dtree.c(1318): stop. leaf nodes are specific
Thu May  7 00:23:20 2020
