Current configuration:
[NAME]		[DEFLT]	[VALUE]
-allphones	no	no
-cntthresh	0.00001	1.000000e-05
-csplitmax	100	2000
-csplitmin	1	1
-csplitthr	8e-4	0.000000e+00
-example	no	no
-fullvar	no	no
-help		no	no
-meanfn			/home/abdy/Desktop/diploma/kg/model_parameters/kg.cd_cont_untied/means
-mixwfn			/home/abdy/Desktop/diploma/kg/model_parameters/kg.cd_cont_untied/mixture_weights
-moddeffn		/home/abdy/Desktop/diploma/kg/model_architecture/kg.untied.mdef
-mwfloor	1e-4	1.000000e-08
-phone			u
-psetfn			/home/abdy/Desktop/diploma/kg/model_architecture/kg.tree_questions
-ssplitmax	5	7
-ssplitmin	1	1
-ssplitthr	8e-4	0.000000e+00
-state			1
-stwt			1.0,0.05,0.0,
-treefn			/home/abdy/Desktop/diploma/kg/trees/kg.unpruned/u-1.dtree
-ts2cbfn	.semi.	.cont.
-varfloor	0.00001	1.000000e-05
-varfn			/home/abdy/Desktop/diploma/kg/model_parameters/kg.cd_cont_untied/variances

INFO: main.c(223): Reading: /home/abdy/Desktop/diploma/kg/model_architecture/kg.untied.mdef
INFO: model_def_io.c(573): Model definition info:
INFO: model_def_io.c(574): 10297 total models defined (47 base, 10250 tri)
INFO: model_def_io.c(575): 41188 total states
INFO: model_def_io.c(576): 30891 total tied states
INFO: model_def_io.c(577): 141 total tied CI states
INFO: model_def_io.c(578): 47 total tied transition matrices
INFO: model_def_io.c(579): 4 max state/model
INFO: model_def_io.c(580): 4 min state/model
INFO: main.c(242): Building trees for [u SIL ch b] through [u zh r i]
INFO: main.c(269): Covering states |[25110 26351]| == 1242
INFO: main.c(275): Reading: /home/abdy/Desktop/diploma/kg/model_parameters/kg.cd_cont_untied/mixture_weights
INFO: s3mixw_io.c(173): Read /home/abdy/Desktop/diploma/kg/model_parameters/kg.cd_cont_untied/mixture_weights [1242x1x1 array]
INFO: main.c(311): 77 of 414 models have observation count greater than 0.000010
INFO: main.c(95): nrm stwt: 0.045 0.909 0.045 
INFO: s3gau_io.c(169): Read /home/abdy/Desktop/diploma/kg/model_parameters/kg.cd_cont_untied/means [30891x1x1 array]
INFO: s3gau_io.c(169): Read /home/abdy/Desktop/diploma/kg/model_parameters/kg.cd_cont_untied/variances [30891x1x1 array]
INFO: main.c(549): Reading: /home/abdy/Desktop/diploma/kg/model_architecture/kg.tree_questions
INFO: main.c(588): 174 total simple questions (166 phone; 8 word bndry)
INFO: main.c(590): 40 Left Only questions, and 42 Right Only questions
INFO: dtree.c(1478): Final simple tree
|( SILENCE 1 -9.128e+04 7.259e+02 3.765e+02
|    ( QUESTION6 -1 -1.663e+04 2.663e+02 7.111e+01
|        ( - -2.817e+03 1 0)
|        ( - -1.355e+04 1 0))
|    ( QUESTION0_4_R 1 -7.393e+04 4.676e+02 3.054e+02
|        ( - -2.605e+03 1 0)
|        ( WDBNDRY_B 0 -7.086e+04 2.806e+02 2.914e+02
|            ( - -1.272e+04 12 0 QUESTION7 1 2.107e+02 5.301e+01)
|            ( QUESTION17 1 -5.785e+04 2.579e+02 2.384e+02
|                ( - -6.986e+02 1 0)
|                ( QUESTION2_8_L -1 -5.689e+04 2.316e+02 2.344e+02
|                    ( QUESTION0_2_R 1 -2.065e+04 4.634e+02 8.470e+01
|                        ( - 2.184e+02 1 0)
|                        ( - -2.041e+04 18 0 QUESTION19 1 2.135e+02 8.370e+01))
|                    ( - -3.601e+04 42 0 QUESTION1 1 1.984e+02 1.497e+02))))))
s>    ( SILENCE 1 -9.128e+04 7.259e+02 3.765e+02
s>        ( QUESTION6 -1 -1.663e+04 2.663e+02 7.111e+01
s>            ( - -2.817e+03 1 0)
s>            ( - -1.355e+04 1 0))
s>        ( QUESTION0_4_R 1 -7.393e+04 4.676e+02 3.054e+02
s>            ( - -2.605e+03 1 0)
s>            ( WDBNDRY_B 0 -7.086e+04 2.806e+02 2.914e+02
s>                ( - -1.272e+04 12 0 QUESTION7 1 2.107e+02 5.301e+01)
s>                ( QUESTION17 1 -5.785e+04 2.579e+02 2.384e+02
s>                    ( - -6.986e+02 1 0)
s>                    ( QUESTION2_8_L -1 -5.689e+04 2.316e+02 2.344e+02
s>                        ( QUESTION0_2_R 1 -2.065e+04 4.634e+02 8.470e+01
s>                            ( - 2.184e+02 1 0)
s>                            ( - -2.041e+04 18 0 QUESTION19 1 2.135e+02 8.370e+01))
s>                        ( - -3.601e+04 42 0 QUESTION1 1 1.984e+02 1.497e+02))))))INFO: dtree.c(1315): Comp split 0
INFO: dtree.c(1478): Final simple tree
|( QUESTION0_4_R 1 -7.393e+04 4.676e+02 3.054e+02
|    ( - -2.605e+03 1 0)
|    ( WDBNDRY_B 0 -7.086e+04 2.806e+02 2.914e+02
|        ( QUESTION7 1 -1.272e+04 2.107e+02 5.301e+01
|            ( - -6.695e+02 1 0)
|            ( - -1.184e+04 11 0 SILENCE -1 1.945e+02 4.901e+01))
|        ( QUESTION17 1 -5.785e+04 2.579e+02 2.384e+02
|            ( - -6.986e+02 1 0)
|            ( QUESTION2_8_L -1 -5.689e+04 2.316e+02 2.344e+02
|                ( QUESTION0_2_R 1 -2.065e+04 4.634e+02 8.470e+01
|                    ( - 2.184e+02 1 0)
|                    ( QUESTION19 1 -2.041e+04 2.135e+02 8.370e+01
|                        ( - -2.937e+02 1 0)
|                        ( - -1.990e+04 17 0 QUESTION14 1 1.769e+02 8.170e+01)))
|                ( - -3.601e+04 42 0 QUESTION1 1 1.984e+02 1.497e+02)))))
s>    ( QUESTION0_4_R 1 -7.393e+04 4.676e+02 3.054e+02
s>        ( - -2.605e+03 1 0)
s>        ( WDBNDRY_B 0 -7.086e+04 2.806e+02 2.914e+02
s>            ( QUESTION7 1 -1.272e+04 2.107e+02 5.301e+01
s>                ( - -6.695e+02 1 0)
s>                ( - -1.184e+04 11 0 SILENCE -1 1.945e+02 4.901e+01))
s>            ( QUESTION17 1 -5.785e+04 2.579e+02 2.384e+02
s>                ( - -6.986e+02 1 0)
s>                ( QUESTION2_8_L -1 -5.689e+04 2.316e+02 2.344e+02
s>                    ( QUESTION0_2_R 1 -2.065e+04 4.634e+02 8.470e+01
s>                        ( - 2.184e+02 1 0)
s>                        ( QUESTION19 1 -2.041e+04 2.135e+02 8.370e+01
s>                            ( - -2.937e+02 1 0)
s>                            ( - -1.990e+04 17 0 QUESTION14 1 1.769e+02 8.170e+01)))
s>                    ( - -3.601e+04 42 0 QUESTION1 1 1.984e+02 1.497e+02)))))INFO: dtree.c(1439): stop. leaf nodes are specific
INFO: dtree.c(1478): Final simple tree
|( QUESTION6 -1 -1.663e+04 2.663e+02 7.111e+01
|    ( - -2.817e+03 1 0)
|    ( - -1.355e+04 1 0))
s>    ( QUESTION6 -1 -1.663e+04 2.663e+02 7.111e+01
s>        ( - -2.817e+03 1 0)
s>        ( - -1.355e+04 1 0))INFO: dtree.c(1315): Comp split 1
INFO: dtree.c(1478): Final simple tree
|( WDBNDRY_B 0 -7.086e+04 2.806e+02 2.914e+02
|    ( QUESTION7 1 -1.272e+04 2.107e+02 5.301e+01
|        ( - -6.695e+02 1 0)
|        ( - -1.184e+04 11 0 SILENCE -1 1.945e+02 4.901e+01))
|    ( QUESTION17 1 -5.785e+04 2.579e+02 2.384e+02
|        ( - -6.986e+02 1 0)
|        ( QUESTION2_8_L -1 -5.689e+04 2.316e+02 2.344e+02
|            ( QUESTION0_2_R 1 -2.065e+04 4.634e+02 8.470e+01
|                ( - 2.184e+02 1 0)
|                ( QUESTION19 1 -2.041e+04 2.135e+02 8.370e+01
|                    ( - -2.937e+02 1 0)
|                    ( - -1.990e+04 17 0 QUESTION14 1 1.769e+02 8.170e+01)))
|            ( QUESTION1 1 -3.601e+04 1.984e+02 1.497e+02
|                ( - -1.480e+04 16 0 QUESTION4 -1 1.701e+02 6.105e+01)
|                ( - -2.101e+04 26 0 QUESTION15 -1 1.731e+02 8.866e+01)))))
s>    ( WDBNDRY_B 0 -7.086e+04 2.806e+02 2.914e+02
s>        ( QUESTION7 1 -1.272e+04 2.107e+02 5.301e+01
s>            ( - -6.695e+02 1 0)
s>            ( - -1.184e+04 11 0 SILENCE -1 1.945e+02 4.901e+01))
s>        ( QUESTION17 1 -5.785e+04 2.579e+02 2.384e+02
s>            ( - -6.986e+02 1 0)
s>            ( QUESTION2_8_L -1 -5.689e+04 2.316e+02 2.344e+02
s>                ( QUESTION0_2_R 1 -2.065e+04 4.634e+02 8.470e+01
s>                    ( - 2.184e+02 1 0)
s>                    ( QUESTION19 1 -2.041e+04 2.135e+02 8.370e+01
s>                        ( - -2.937e+02 1 0)
s>                        ( - -1.990e+04 17 0 QUESTION14 1 1.769e+02 8.170e+01)))
s>                ( QUESTION1 1 -3.601e+04 1.984e+02 1.497e+02
s>                    ( - -1.480e+04 16 0 QUESTION4 -1 1.701e+02 6.105e+01)
s>                    ( - -2.101e+04 26 0 QUESTION15 -1 1.731e+02 8.866e+01)))))INFO: dtree.c(1315): Comp split 2
INFO: dtree.c(1478): Final simple tree
|( WDBNDRY_B 0 -7.061e+04 2.813e+02 2.904e+02
|    ( QUESTION7 1 -1.272e+04 2.107e+02 5.301e+01
|        ( - -6.695e+02 1 0)
|        ( SILENCE -1 -1.184e+04 1.945e+02 4.901e+01
|            ( - -1.775e+03 1 0)
|            ( - -9.875e+03 10 0 QUESTION0_19_R 1 1.818e+02 4.200e+01)))
|    ( QUESTION17 1 -5.760e+04 2.580e+02 2.374e+02
|        ( - -6.986e+02 1 0)
|        ( QUESTION2_8_L -1 -5.665e+04 2.287e+02 2.334e+02
|            ( QUESTION19 1 -2.041e+04 2.135e+02 8.370e+01
|                ( - -2.937e+02 1 0)
|                ( - -1.990e+04 17 0 QUESTION14 1 1.769e+02 8.170e+01))
|            ( QUESTION1 1 -3.601e+04 1.984e+02 1.497e+02
|                ( - -1.480e+04 16 0 QUESTION4 -1 1.701e+02 6.105e+01)
|                ( - -2.101e+04 26 0 QUESTION15 -1 1.731e+02 8.866e+01)))))
s>    ( WDBNDRY_B 0 -7.061e+04 2.813e+02 2.904e+02
s>        ( QUESTION7 1 -1.272e+04 2.107e+02 5.301e+01
s>            ( - -6.695e+02 1 0)
s>            ( SILENCE -1 -1.184e+04 1.945e+02 4.901e+01
s>                ( - -1.775e+03 1 0)
s>                ( - -9.875e+03 10 0 QUESTION0_19_R 1 1.818e+02 4.200e+01)))
s>        ( QUESTION17 1 -5.760e+04 2.580e+02 2.374e+02
s>            ( - -6.986e+02 1 0)
s>            ( QUESTION2_8_L -1 -5.665e+04 2.287e+02 2.334e+02
s>                ( QUESTION19 1 -2.041e+04 2.135e+02 8.370e+01
s>                    ( - -2.937e+02 1 0)
s>                    ( - -1.990e+04 17 0 QUESTION14 1 1.769e+02 8.170e+01))
s>                ( QUESTION1 1 -3.601e+04 1.984e+02 1.497e+02
s>                    ( - -1.480e+04 16 0 QUESTION4 -1 1.701e+02 6.105e+01)
s>                    ( - -2.101e+04 26 0 QUESTION15 -1 1.731e+02 8.866e+01)))))INFO: dtree.c(1315): Comp split 3
INFO: dtree.c(1478): Final simple tree
|( QUESTION7 1 -1.075e+04 2.029e+02 4.600e+01
|    ( - -6.695e+02 1 0)
|    ( QUESTION0_19_R 1 -9.875e+03 1.818e+02 4.200e+01
|        ( - -7.353e+02 1 0)
|        ( QUESTION16 -1 -8.958e+03 4.717e+02 3.800e+01
|            ( - 2.419e+02 1 0)
|            ( QUESTION3 1 -8.728e+03 1.819e+02 3.700e+01
|                ( - -5.954e+02 1 0)
|                ( QUESTION0_9_R 1 -7.951e+03 1.651e+02 3.400e+01
|                    ( - -7.288e+02 1 0)
|                    ( QUESTION0_0_R 1 -7.057e+03 1.414e+02 3.000e+01
|                        ( - -3.195e+03 1 0)
|                        ( QUESTION0_12_R 1 -3.721e+03 1.405e+02 1.500e+01
|                            ( - -2.705e+03 3 0 QUESTION13 -1 1.487e+02 1.100e+01)
|                            ( - -8.756e+02 2 0 QUESTION13 -1 5.247e+02 4.000e+00))))))))
s>    ( QUESTION7 1 -1.075e+04 2.029e+02 4.600e+01
s>        ( - -6.695e+02 1 0)
s>        ( QUESTION0_19_R 1 -9.875e+03 1.818e+02 4.200e+01
s>            ( - -7.353e+02 1 0)
s>            ( QUESTION16 -1 -8.958e+03 4.717e+02 3.800e+01
s>                ( - 2.419e+02 1 0)
s>                ( QUESTION3 1 -8.728e+03 1.819e+02 3.700e+01
s>                    ( - -5.954e+02 1 0)
s>                    ( QUESTION0_9_R 1 -7.951e+03 1.651e+02 3.400e+01
s>                        ( - -7.288e+02 1 0)
s>                        ( QUESTION0_0_R 1 -7.057e+03 1.414e+02 3.000e+01
s>                            ( - -3.195e+03 1 0)
s>                            ( QUESTION0_12_R 1 -3.721e+03 1.405e+02 1.500e+01
s>                                ( - -2.705e+03 3 0 QUESTION13 -1 1.487e+02 1.100e+01)
s>                                ( - -8.756e+02 2 0 QUESTION13 -1 5.247e+02 4.000e+00))))))))INFO: dtree.c(1478): Final simple tree
|( QUESTION17 1 -5.955e+04 2.585e+02 2.444e+02
|    ( - -6.986e+02 1 0)
|    ( QUESTION14 1 -5.859e+04 2.247e+02 2.404e+02
|        ( - -6.692e+03 2 0 QUESTION5 -1 1.010e+02 2.910e+01)
|        ( QUESTION10 -1 -5.168e+04 2.160e+02 2.113e+02
|            ( QUESTION0_15_R 1 -1.391e+04 4.792e+02 5.962e+01
|                ( - 2.186e+02 1 0)
|                ( QUESTION0_0_R 1 -1.365e+04 1.947e+02 5.862e+01
|                    ( - -3.394e+03 2 0 QUESTION16 -1 8.326e+01 1.584e+01)
|                    ( - -1.006e+04 12 0 QUESTION4 1 1.541e+02 4.278e+01)))
|            ( WDBNDRY_E 0 -3.755e+04 1.874e+02 1.517e+02
|                ( QUESTION2_0_L -1 -6.890e+03 4.873e+02 2.921e+01
|                    ( - 2.064e+02 1 0)
|                    ( - -6.609e+03 7 0 QUESTION0_9_R 1 4.960e+02 2.821e+01))
|                ( - -3.047e+04 36 0 QUESTION11 1 1.852e+02 1.225e+02)))))
s>    ( QUESTION17 1 -5.955e+04 2.585e+02 2.444e+02
s>        ( - -6.986e+02 1 0)
s>        ( QUESTION14 1 -5.859e+04 2.247e+02 2.404e+02
s>            ( - -6.692e+03 2 0 QUESTION5 -1 1.010e+02 2.910e+01)
s>            ( QUESTION10 -1 -5.168e+04 2.160e+02 2.113e+02
s>                ( QUESTION0_15_R 1 -1.391e+04 4.792e+02 5.962e+01
s>                    ( - 2.186e+02 1 0)
s>                    ( QUESTION0_0_R 1 -1.365e+04 1.947e+02 5.862e+01
s>                        ( - -3.394e+03 2 0 QUESTION16 -1 8.326e+01 1.584e+01)
s>                        ( - -1.006e+04 12 0 QUESTION4 1 1.541e+02 4.278e+01)))
s>                ( WDBNDRY_E 0 -3.755e+04 1.874e+02 1.517e+02
s>                    ( QUESTION2_0_L -1 -6.890e+03 4.873e+02 2.921e+01
s>                        ( - 2.064e+02 1 0)
s>                        ( - -6.609e+03 7 0 QUESTION0_9_R 1 4.960e+02 2.821e+01))
s>                    ( - -3.047e+04 36 0 QUESTION11 1 1.852e+02 1.225e+02)))))INFO: dtree.c(1315): Comp split 4
INFO: dtree.c(1478): Final simple tree
|( QUESTION17 1 -5.928e+04 2.586e+02 2.434e+02
|    ( - -6.986e+02 1 0)
|    ( QUESTION14 1 -5.832e+04 2.243e+02 2.394e+02
|        ( - -6.692e+03 2 0 QUESTION5 -1 1.010e+02 2.910e+01)
|        ( QUESTION10 -1 -5.141e+04 2.172e+02 2.103e+02
|            ( QUESTION0_15_R 1 -1.391e+04 4.792e+02 5.962e+01
|                ( - 2.186e+02 1 0)
|                ( QUESTION0_0_R 1 -1.365e+04 1.947e+02 5.862e+01
|                    ( - -3.394e+03 2 0 QUESTION16 -1 8.326e+01 1.584e+01)
|                    ( - -1.006e+04 12 0 QUESTION4 1 1.541e+02 4.278e+01)))
|            ( WDBNDRY_E 0 -3.728e+04 1.977e+02 1.507e+02
|                ( QUESTION0_9_R 1 -6.609e+03 4.960e+02 2.821e+01
|                    ( - 2.191e+02 1 0)
|                    ( - -6.332e+03 6 0 QUESTION9 -1 1.217e+02 2.721e+01))
|                ( - -3.047e+04 36 0 QUESTION11 1 1.852e+02 1.225e+02)))))
s>    ( QUESTION17 1 -5.928e+04 2.586e+02 2.434e+02
s>        ( - -6.986e+02 1 0)
s>        ( QUESTION14 1 -5.832e+04 2.243e+02 2.394e+02
s>            ( - -6.692e+03 2 0 QUESTION5 -1 1.010e+02 2.910e+01)
s>            ( QUESTION10 -1 -5.141e+04 2.172e+02 2.103e+02
s>                ( QUESTION0_15_R 1 -1.391e+04 4.792e+02 5.962e+01
s>                    ( - 2.186e+02 1 0)
s>                    ( QUESTION0_0_R 1 -1.365e+04 1.947e+02 5.862e+01
s>                        ( - -3.394e+03 2 0 QUESTION16 -1 8.326e+01 1.584e+01)
s>                        ( - -1.006e+04 12 0 QUESTION4 1 1.541e+02 4.278e+01)))
s>                ( WDBNDRY_E 0 -3.728e+04 1.977e+02 1.507e+02
s>                    ( QUESTION0_9_R 1 -6.609e+03 4.960e+02 2.821e+01
s>                        ( - 2.191e+02 1 0)
s>                        ( - -6.332e+03 6 0 QUESTION9 -1 1.217e+02 2.721e+01))
s>                    ( - -3.047e+04 36 0 QUESTION11 1 1.852e+02 1.225e+02)))))INFO: dtree.c(1315): Comp split 5
INFO: dtree.c(1478): Final simple tree
|( QUESTION17 1 -5.901e+04 2.587e+02 2.424e+02
|    ( - -6.986e+02 1 0)
|    ( QUESTION14 1 -5.805e+04 2.245e+02 2.384e+02
|        ( - -6.692e+03 2 0 QUESTION5 -1 1.010e+02 2.910e+01)
|        ( QUESTION10 -1 -5.114e+04 2.171e+02 2.093e+02
|            ( QUESTION0_15_R 1 -1.391e+04 4.792e+02 5.962e+01
|                ( - 2.186e+02 1 0)
|                ( QUESTION0_0_R 1 -1.365e+04 1.947e+02 5.862e+01
|                    ( - -3.394e+03 2 0 QUESTION16 -1 8.326e+01 1.584e+01)
|                    ( - -1.006e+04 12 0 QUESTION4 1 1.541e+02 4.278e+01)))
|            ( WDBNDRY_E 0 -3.701e+04 2.046e+02 1.497e+02
|                ( - -6.332e+03 6 0 QUESTION9 -1 1.217e+02 2.721e+01)
|                ( QUESTION11 1 -3.047e+04 1.852e+02 1.225e+02
|                    ( - -2.701e+03 2 0 QUESTION5 -1 1.395e+02 1.200e+01)
|                    ( - -2.758e+04 34 0 QUESTION2_9_L -1 1.633e+02 1.105e+02))))))
s>    ( QUESTION17 1 -5.901e+04 2.587e+02 2.424e+02
s>        ( - -6.986e+02 1 0)
s>        ( QUESTION14 1 -5.805e+04 2.245e+02 2.384e+02
s>            ( - -6.692e+03 2 0 QUESTION5 -1 1.010e+02 2.910e+01)
s>            ( QUESTION10 -1 -5.114e+04 2.171e+02 2.093e+02
s>                ( QUESTION0_15_R 1 -1.391e+04 4.792e+02 5.962e+01
s>                    ( - 2.186e+02 1 0)
s>                    ( QUESTION0_0_R 1 -1.365e+04 1.947e+02 5.862e+01
s>                        ( - -3.394e+03 2 0 QUESTION16 -1 8.326e+01 1.584e+01)
s>                        ( - -1.006e+04 12 0 QUESTION4 1 1.541e+02 4.278e+01)))
s>                ( WDBNDRY_E 0 -3.701e+04 2.046e+02 1.497e+02
s>                    ( - -6.332e+03 6 0 QUESTION9 -1 1.217e+02 2.721e+01)
s>                    ( QUESTION11 1 -3.047e+04 1.852e+02 1.225e+02
s>                        ( - -2.701e+03 2 0 QUESTION5 -1 1.395e+02 1.200e+01)
s>                        ( - -2.758e+04 34 0 QUESTION2_9_L -1 1.633e+02 1.105e+02))))))INFO: dtree.c(1315): Comp split 6
INFO: dtree.c(1478): Final simple tree
|( QUESTION17 1 -5.876e+04 2.588e+02 2.414e+02
|    ( - -6.986e+02 1 0)
|    ( QUESTION1 1 -5.780e+04 2.294e+02 2.374e+02
|        ( QUESTION2_6_L -1 -1.851e+04 1.828e+02 7.507e+01
|            ( - -4.952e+03 2 0 QUESTION0_9_R 1 1.356e+02 2.147e+01)
|            ( - -1.338e+04 17 0 WDBNDRY_B 0 1.488e+02 5.361e+01))
|        ( QUESTION14 1 -3.906e+04 2.055e+02 1.623e+02
|            ( - -6.692e+03 2 0 QUESTION5 -1 1.010e+02 2.910e+01)
|            ( QUESTION15 -1 -3.216e+04 1.990e+02 1.332e+02
|                ( - -4.979e+03 4 0 QUESTION0_8_R 1 1.545e+02 2.284e+01)
|                ( QUESTION11 1 -2.698e+04 1.790e+02 1.104e+02
|                    ( - -2.701e+03 2 0 QUESTION5 -1 1.395e+02 1.200e+01)
|                    ( WDBNDRY_E 0 -2.410e+04 1.782e+02 9.839e+01
|                        ( - -6.332e+03 6 0 QUESTION9 -1 1.217e+02 2.721e+01)
|                        ( - -1.759e+04 25 0 QUESTION1 -1 1.465e+02 7.118e+01)))))))
s>    ( QUESTION17 1 -5.876e+04 2.588e+02 2.414e+02
s>        ( - -6.986e+02 1 0)
s>        ( QUESTION1 1 -5.780e+04 2.294e+02 2.374e+02
s>            ( QUESTION2_6_L -1 -1.851e+04 1.828e+02 7.507e+01
s>                ( - -4.952e+03 2 0 QUESTION0_9_R 1 1.356e+02 2.147e+01)
s>                ( - -1.338e+04 17 0 WDBNDRY_B 0 1.488e+02 5.361e+01))
s>            ( QUESTION14 1 -3.906e+04 2.055e+02 1.623e+02
s>                ( - -6.692e+03 2 0 QUESTION5 -1 1.010e+02 2.910e+01)
s>                ( QUESTION15 -1 -3.216e+04 1.990e+02 1.332e+02
s>                    ( - -4.979e+03 4 0 QUESTION0_8_R 1 1.545e+02 2.284e+01)
s>                    ( QUESTION11 1 -2.698e+04 1.790e+02 1.104e+02
s>                        ( - -2.701e+03 2 0 QUESTION5 -1 1.395e+02 1.200e+01)
s>                        ( WDBNDRY_E 0 -2.410e+04 1.782e+02 9.839e+01
s>                            ( - -6.332e+03 6 0 QUESTION9 -1 1.217e+02 2.721e+01)
s>                            ( - -1.759e+04 25 0 QUESTION1 -1 1.465e+02 7.118e+01)))))))INFO: dtree.c(1315): Comp split 7
INFO: dtree.c(1478): Final simple tree
|( QUESTION7 1 -1.052e+04 2.025e+02 4.500e+01
|    ( - -6.695e+02 1 0)
|    ( QUESTION0_19_R 1 -9.645e+03 1.822e+02 4.100e+01
|        ( - -7.353e+02 1 0)
|        ( QUESTION3 1 -8.728e+03 1.819e+02 3.700e+01
|            ( - -5.954e+02 1 0)
|            ( QUESTION0_9_R 1 -7.951e+03 1.651e+02 3.400e+01
|                ( - -7.288e+02 1 0)
|                ( QUESTION0_0_R 1 -7.057e+03 1.414e+02 3.000e+01
|                    ( - -3.195e+03 1 0)
|                    ( QUESTION0_12_R 1 -3.721e+03 1.405e+02 1.500e+01
|                        ( - -2.705e+03 3 0 QUESTION13 -1 1.487e+02 1.100e+01)
|                        ( QUESTION13 -1 -8.756e+02 5.247e+02 4.000e+00
|                            ( - 1.949e+02 1 0)
|                            ( - -5.458e+02 1 0))))))))
s>    ( QUESTION7 1 -1.052e+04 2.025e+02 4.500e+01
s>        ( - -6.695e+02 1 0)
s>        ( QUESTION0_19_R 1 -9.645e+03 1.822e+02 4.100e+01
s>            ( - -7.353e+02 1 0)
s>            ( QUESTION3 1 -8.728e+03 1.819e+02 3.700e+01
s>                ( - -5.954e+02 1 0)
s>                ( QUESTION0_9_R 1 -7.951e+03 1.651e+02 3.400e+01
s>                    ( - -7.288e+02 1 0)
s>                    ( QUESTION0_0_R 1 -7.057e+03 1.414e+02 3.000e+01
s>                        ( - -3.195e+03 1 0)
s>                        ( QUESTION0_12_R 1 -3.721e+03 1.405e+02 1.500e+01
s>                            ( - -2.705e+03 3 0 QUESTION13 -1 1.487e+02 1.100e+01)
s>                            ( QUESTION13 -1 -8.756e+02 5.247e+02 4.000e+00
s>                                ( - 1.949e+02 1 0)
s>                                ( - -5.458e+02 1 0))))))))INFO: dtree.c(1315): Comp split 8
INFO: dtree.c(1478): Final simple tree
|( QUESTION7 1 -1.024e+04 2.032e+02 4.400e+01
|    ( - -6.695e+02 1 0)
|    ( QUESTION0_15_R 1 -9.372e+03 1.985e+02 4.000e+01
|        ( - -5.458e+02 1 0)
|        ( QUESTION3 1 -8.628e+03 1.839e+02 3.700e+01
|            ( - -5.954e+02 1 0)
|            ( QUESTION0_19_R 1 -7.848e+03 1.817e+02 3.400e+01
|                ( - -7.353e+02 1 0)
|                ( QUESTION0_0_R 1 -6.931e+03 1.601e+02 3.000e+01
|                    ( - -3.195e+03 1 0)
|                    ( QUESTION13 -1 -3.577e+03 1.457e+02 1.500e+01
|                        ( - -1.138e+03 1 0)
|                        ( QUESTION0_9_R 1 -2.293e+03 1.464e+02 1.000e+01
|                            ( - -7.288e+02 1 0)
|                            ( - -1.418e+03 2 0 QUESTION11 -1 9.238e+01 6.002e+00))))))))
s>    ( QUESTION7 1 -1.024e+04 2.032e+02 4.400e+01
s>        ( - -6.695e+02 1 0)
s>        ( QUESTION0_15_R 1 -9.372e+03 1.985e+02 4.000e+01
s>            ( - -5.458e+02 1 0)
s>            ( QUESTION3 1 -8.628e+03 1.839e+02 3.700e+01
s>                ( - -5.954e+02 1 0)
s>                ( QUESTION0_19_R 1 -7.848e+03 1.817e+02 3.400e+01
s>                    ( - -7.353e+02 1 0)
s>                    ( QUESTION0_0_R 1 -6.931e+03 1.601e+02 3.000e+01
s>                        ( - -3.195e+03 1 0)
s>                        ( QUESTION13 -1 -3.577e+03 1.457e+02 1.500e+01
s>                            ( - -1.138e+03 1 0)
s>                            ( QUESTION0_9_R 1 -2.293e+03 1.464e+02 1.000e+01
s>                                ( - -7.288e+02 1 0)
s>                                ( - -1.418e+03 2 0 QUESTION11 -1 9.238e+01 6.002e+00))))))))INFO: dtree.c(1315): Comp split 9
INFO: dtree.c(1478): Final simple tree
|( QUESTION10 -1 -3.624e+04 1.714e+02 1.463e+02
|    ( QUESTION14 -1 -8.490e+03 1.500e+02 3.578e+01
|        ( - -3.861e+03 5 0 QUESTION0 1 1.385e+02 1.617e+01)
|        ( - -4.479e+03 5 0 QUESTION16 -1 1.269e+02 1.961e+01))
|    ( QUESTION2_9_L -1 -2.758e+04 1.633e+02 1.105e+02
|        ( QUESTION19 1 -6.803e+03 2.157e+02 2.786e+01
|            ( - -2.937e+02 1 0)
|            ( - -6.294e+03 6 0 QUESTION0_13_R 1 1.351e+02 2.586e+01))
|        ( QUESTION19 1 -2.062e+04 2.179e+02 8.262e+01
|            ( - -2.317e+02 1 0)
|            ( WDBNDRY_B 0 -2.017e+04 1.597e+02 8.062e+01
|                ( - -1.775e+03 1 0)
|                ( QUESTION0_19_R 1 -1.823e+04 1.476e+02 7.362e+01
|                    ( - -2.711e+03 6 0 QUESTION3 -1 1.618e+02 1.198e+01)
|                    ( - -1.537e+04 19 0 QUESTION2_6_L -1 1.361e+02 6.164e+01))))))
s>    ( QUESTION10 -1 -3.624e+04 1.714e+02 1.463e+02
s>        ( QUESTION14 -1 -8.490e+03 1.500e+02 3.578e+01
s>            ( - -3.861e+03 5 0 QUESTION0 1 1.385e+02 1.617e+01)
s>            ( - -4.479e+03 5 0 QUESTION16 -1 1.269e+02 1.961e+01))
s>        ( QUESTION2_9_L -1 -2.758e+04 1.633e+02 1.105e+02
s>            ( QUESTION19 1 -6.803e+03 2.157e+02 2.786e+01
s>                ( - -2.937e+02 1 0)
s>                ( - -6.294e+03 6 0 QUESTION0_13_R 1 1.351e+02 2.586e+01))
s>            ( QUESTION19 1 -2.062e+04 2.179e+02 8.262e+01
s>                ( - -2.317e+02 1 0)
s>                ( WDBNDRY_B 0 -2.017e+04 1.597e+02 8.062e+01
s>                    ( - -1.775e+03 1 0)
s>                    ( QUESTION0_19_R 1 -1.823e+04 1.476e+02 7.362e+01
s>                        ( - -2.711e+03 6 0 QUESTION3 -1 1.618e+02 1.198e+01)
s>                        ( - -1.537e+04 19 0 QUESTION2_6_L -1 1.361e+02 6.164e+01))))))INFO: dtree.c(1478): Final simple tree
|( QUESTION0_9_R 1 -2.220e+04 2.486e+02 9.515e+01
|    ( - -6.986e+02 1 0)
|    ( QUESTION14 1 -2.125e+04 2.285e+02 9.115e+01
|        ( - -6.692e+03 2 0 QUESTION5 -1 1.010e+02 2.910e+01)
|        ( QUESTION6 -1 -1.433e+04 1.864e+02 6.205e+01
|            ( - -1.622e+03 1 0)
|            ( QUESTION13 1 -1.252e+04 1.605e+02 5.405e+01
|                ( - -3.394e+03 2 0 QUESTION16 -1 8.326e+01 1.584e+01)
|                ( QUESTION1 -1 -8.964e+03 1.495e+02 3.821e+01
|                    ( - -4.096e+03 3 0)
|                    ( QUESTION0_12_R 1 -4.719e+03 1.404e+02 1.968e+01
|                        ( QUESTION0 -1 -1.966e+03 1.166e+02 9.000e+00
|                            ( - -6.687e+02 1 0)
|                            ( - -1.181e+03 1 0))
|                        ( - -2.612e+03 4 0 WDBNDRY_E 0 1.065e+02 1.068e+01)))))))
s>    ( QUESTION0_9_R 1 -2.220e+04 2.486e+02 9.515e+01
s>        ( - -6.986e+02 1 0)
s>        ( QUESTION14 1 -2.125e+04 2.285e+02 9.115e+01
s>            ( - -6.692e+03 2 0 QUESTION5 -1 1.010e+02 2.910e+01)
s>            ( QUESTION6 -1 -1.433e+04 1.864e+02 6.205e+01
s>                ( - -1.622e+03 1 0)
s>                ( QUESTION13 1 -1.252e+04 1.605e+02 5.405e+01
s>                    ( - -3.394e+03 2 0 QUESTION16 -1 8.326e+01 1.584e+01)
s>                    ( QUESTION1 -1 -8.964e+03 1.495e+02 3.821e+01
s>                        ( - -4.096e+03 3 0)
s>                        ( QUESTION0_12_R 1 -4.719e+03 1.404e+02 1.968e+01
s>                            ( QUESTION0 -1 -1.966e+03 1.166e+02 9.000e+00
s>                                ( - -6.687e+02 1 0)
s>                                ( - -1.181e+03 1 0))
s>                            ( - -2.612e+03 4 0 WDBNDRY_E 0 1.065e+02 1.068e+01)))))))INFO: dtree.c(1315): Comp split 10
INFO: dtree.c(1315): Comp split 11
INFO: dtree.c(1478): Final simple tree
|( QUESTION14 1 -2.125e+04 2.285e+02 9.115e+01
|    ( - -6.692e+03 2 0 QUESTION5 -1 1.010e+02 2.910e+01)
|    ( QUESTION6 -1 -1.433e+04 1.864e+02 6.205e+01
|        ( - -1.622e+03 1 0)
|        ( QUESTION13 1 -1.252e+04 1.605e+02 5.405e+01
|            ( - -3.394e+03 2 0 QUESTION16 -1 8.326e+01 1.584e+01)
|            ( QUESTION1 -1 -8.964e+03 1.495e+02 3.821e+01
|                ( - -4.096e+03 3 0)
|                ( QUESTION0_12_R 1 -4.719e+03 1.404e+02 1.968e+01
|                    ( QUESTION0 -1 -1.966e+03 1.166e+02 9.000e+00
|                        ( - -6.687e+02 1 0)
|                        ( - -1.181e+03 1 0))
|                    ( WDBNDRY_E 0 -2.612e+03 1.065e+02 1.068e+01
|                        ( - -1.567e+03 3 0 QUESTION0_11_R 1 9.171e+01 6.674e+00)
|                        ( - -9.390e+02 1 0)))))))
s>    ( QUESTION14 1 -2.125e+04 2.285e+02 9.115e+01
s>        ( - -6.692e+03 2 0 QUESTION5 -1 1.010e+02 2.910e+01)
s>        ( QUESTION6 -1 -1.433e+04 1.864e+02 6.205e+01
s>            ( - -1.622e+03 1 0)
s>            ( QUESTION13 1 -1.252e+04 1.605e+02 5.405e+01
s>                ( - -3.394e+03 2 0 QUESTION16 -1 8.326e+01 1.584e+01)
s>                ( QUESTION1 -1 -8.964e+03 1.495e+02 3.821e+01
s>                    ( - -4.096e+03 3 0)
s>                    ( QUESTION0_12_R 1 -4.719e+03 1.404e+02 1.968e+01
s>                        ( QUESTION0 -1 -1.966e+03 1.166e+02 9.000e+00
s>                            ( - -6.687e+02 1 0)
s>                            ( - -1.181e+03 1 0))
s>                        ( WDBNDRY_E 0 -2.612e+03 1.065e+02 1.068e+01
s>                            ( - -1.567e+03 3 0 QUESTION0_11_R 1 9.171e+01 6.674e+00)
s>                            ( - -9.390e+02 1 0)))))))INFO: dtree.c(1315): Comp split 12
INFO: dtree.c(1439): stop. leaf nodes are specific
INFO: dtree.c(1478): Final simple tree
|( WDBNDRY_E 0 -9.332e+03 1.580e+02 4.105e+01
|    ( QUESTION0_12_R 1 -5.780e+03 1.177e+02 2.521e+01
|        ( - -4.096e+03 3 0)
|        ( QUESTION0_11_R 1 -1.567e+03 9.171e+01 6.674e+00
|            ( - -3.951e+02 1 0)
|            ( QUESTION0_2_R 1 -1.080e+03 7.419e+01 4.674e+00
|                ( - -1.677e+02 1 0)
|                ( - -8.378e+02 1 0))))
|    ( QUESTION16 -1 -3.394e+03 8.326e+01 1.584e+01
|        ( - -4.327e+02 1 0)
|        ( - -2.878e+03 1 0)))
s>    ( WDBNDRY_E 0 -9.332e+03 1.580e+02 4.105e+01
s>        ( QUESTION0_12_R 1 -5.780e+03 1.177e+02 2.521e+01
s>            ( - -4.096e+03 3 0)
s>            ( QUESTION0_11_R 1 -1.567e+03 9.171e+01 6.674e+00
s>                ( - -3.951e+02 1 0)
s>                ( QUESTION0_2_R 1 -1.080e+03 7.419e+01 4.674e+00
s>                    ( - -1.677e+02 1 0)
s>                    ( - -8.378e+02 1 0))))
s>        ( QUESTION16 -1 -3.394e+03 8.326e+01 1.584e+01
s>            ( - -4.327e+02 1 0)
s>            ( - -2.878e+03 1 0)))INFO: dtree.c(1439): stop. leaf nodes are specific
INFO: dtree.c(1478): Final simple tree
|( QUESTION12 1 -1.168e+04 1.732e+02 5.010e+01
|    ( QUESTION5 -1 -6.692e+03 1.010e+02 2.910e+01
|        ( - -6.134e+03 1 0)
|        ( - -4.570e+02 1 0))
|    ( QUESTION5 -1 -4.812e+03 1.524e+02 2.100e+01
|        ( - -1.622e+03 1 0)
|        ( WDBNDRY_E 0 -3.037e+03 1.321e+02 1.300e+01
|            ( QUESTION0 -1 -1.966e+03 1.166e+02 9.000e+00
|                ( - -6.687e+02 1 0)
|                ( - -1.181e+03 1 0))
|            ( - -9.390e+02 1 0))))
s>    ( QUESTION12 1 -1.168e+04 1.732e+02 5.010e+01
s>        ( QUESTION5 -1 -6.692e+03 1.010e+02 2.910e+01
s>            ( - -6.134e+03 1 0)
s>            ( - -4.570e+02 1 0))
s>        ( QUESTION5 -1 -4.812e+03 1.524e+02 2.100e+01
s>            ( - -1.622e+03 1 0)
s>            ( WDBNDRY_E 0 -3.037e+03 1.321e+02 1.300e+01
s>                ( QUESTION0 -1 -1.966e+03 1.166e+02 9.000e+00
s>                    ( - -6.687e+02 1 0)
s>                    ( - -1.181e+03 1 0))
s>                ( - -9.390e+02 1 0))))INFO: dtree.c(1315): Comp split 13
INFO: dtree.c(1478): Final simple tree
|( QUESTION19 1 -3.579e+04 2.171e+02 1.443e+02
|    ( - -2.937e+02 1 0)
|    ( QUESTION10 -1 -3.528e+04 1.715e+02 1.423e+02
|        ( QUESTION14 -1 -8.490e+03 1.500e+02 3.578e+01
|            ( - -3.861e+03 5 0 QUESTION0 1 1.385e+02 1.617e+01)
|            ( - -4.479e+03 5 0 QUESTION16 -1 1.269e+02 1.961e+01))
|        ( WDBNDRY_B 0 -2.662e+04 1.635e+02 1.065e+02
|            ( - -1.775e+03 1 0)
|            ( QUESTION2_9_L -1 -2.468e+04 1.565e+02 9.948e+01
|                ( - -6.294e+03 6 0 QUESTION0_13_R 1 1.351e+02 2.586e+01)
|                ( QUESTION0_19_R 1 -1.823e+04 1.476e+02 7.362e+01
|                    ( QUESTION3 -1 -2.711e+03 1.618e+02 1.198e+01
|                        ( - -3.075e+02 1 0)
|                        ( - -2.241e+03 5 0 QUESTION7 1 1.092e+02 9.978e+00))
|                    ( - -1.537e+04 19 0 QUESTION2_6_L -1 1.361e+02 6.164e+01))))))
s>    ( QUESTION19 1 -3.579e+04 2.171e+02 1.443e+02
s>        ( - -2.937e+02 1 0)
s>        ( QUESTION10 -1 -3.528e+04 1.715e+02 1.423e+02
s>            ( QUESTION14 -1 -8.490e+03 1.500e+02 3.578e+01
s>                ( - -3.861e+03 5 0 QUESTION0 1 1.385e+02 1.617e+01)
s>                ( - -4.479e+03 5 0 QUESTION16 -1 1.269e+02 1.961e+01))
s>            ( WDBNDRY_B 0 -2.662e+04 1.635e+02 1.065e+02
s>                ( - -1.775e+03 1 0)
s>                ( QUESTION2_9_L -1 -2.468e+04 1.565e+02 9.948e+01
s>                    ( - -6.294e+03 6 0 QUESTION0_13_R 1 1.351e+02 2.586e+01)
s>                    ( QUESTION0_19_R 1 -1.823e+04 1.476e+02 7.362e+01
s>                        ( QUESTION3 -1 -2.711e+03 1.618e+02 1.198e+01
s>                            ( - -3.075e+02 1 0)
s>                            ( - -2.241e+03 5 0 QUESTION7 1 1.092e+02 9.978e+00))
s>                        ( - -1.537e+04 19 0 QUESTION2_6_L -1 1.361e+02 6.164e+01))))))INFO: dtree.c(1315): Comp split 14
INFO: dtree.c(1478): Final simple tree
|( QUESTION10 -1 -3.528e+04 1.715e+02 1.423e+02
|    ( QUESTION14 -1 -8.490e+03 1.500e+02 3.578e+01
|        ( QUESTION0 1 -3.861e+03 1.385e+02 1.617e+01
|            ( - -3.168e+03 4 0 QUESTION0_9_R 1 1.125e+02 1.317e+01)
|            ( - -5.547e+02 1 0))
|        ( - -4.479e+03 5 0 QUESTION16 -1 1.269e+02 1.961e+01))
|    ( WDBNDRY_B 0 -2.662e+04 1.635e+02 1.065e+02
|        ( - -1.775e+03 1 0)
|        ( QUESTION2_9_L -1 -2.468e+04 1.565e+02 9.948e+01
|            ( - -6.294e+03 6 0 QUESTION0_13_R 1 1.351e+02 2.586e+01)
|            ( QUESTION0_19_R 1 -1.823e+04 1.476e+02 7.362e+01
|                ( QUESTION3 -1 -2.711e+03 1.618e+02 1.198e+01
|                    ( - -3.075e+02 1 0)
|                    ( - -2.241e+03 5 0 QUESTION7 1 1.092e+02 9.978e+00))
|                ( - -1.537e+04 19 0 QUESTION2_6_L -1 1.361e+02 6.164e+01)))))
s>    ( QUESTION10 -1 -3.528e+04 1.715e+02 1.423e+02
s>        ( QUESTION14 -1 -8.490e+03 1.500e+02 3.578e+01
s>            ( QUESTION0 1 -3.861e+03 1.385e+02 1.617e+01
s>                ( - -3.168e+03 4 0 QUESTION0_9_R 1 1.125e+02 1.317e+01)
s>                ( - -5.547e+02 1 0))
s>            ( - -4.479e+03 5 0 QUESTION16 -1 1.269e+02 1.961e+01))
s>        ( WDBNDRY_B 0 -2.662e+04 1.635e+02 1.065e+02
s>            ( - -1.775e+03 1 0)
s>            ( QUESTION2_9_L -1 -2.468e+04 1.565e+02 9.948e+01
s>                ( - -6.294e+03 6 0 QUESTION0_13_R 1 1.351e+02 2.586e+01)
s>                ( QUESTION0_19_R 1 -1.823e+04 1.476e+02 7.362e+01
s>                    ( QUESTION3 -1 -2.711e+03 1.618e+02 1.198e+01
s>                        ( - -3.075e+02 1 0)
s>                        ( - -2.241e+03 5 0 QUESTION7 1 1.092e+02 9.978e+00))
s>                    ( - -1.537e+04 19 0 QUESTION2_6_L -1 1.361e+02 6.164e+01)))))INFO: dtree.c(1315): Comp split 15
INFO: dtree.c(1478): Final simple tree
|( QUESTION0_15_R 1 -9.372e+03 1.985e+02 4.000e+01
|    ( - -5.458e+02 1 0)
|    ( QUESTION3 1 -8.628e+03 1.839e+02 3.700e+01
|        ( - -5.954e+02 1 0)
|        ( QUESTION0_19_R 1 -7.848e+03 1.817e+02 3.400e+01
|            ( - -7.353e+02 1 0)
|            ( QUESTION0_0_R 1 -6.931e+03 1.601e+02 3.000e+01
|                ( - -3.195e+03 1 0)
|                ( QUESTION13 -1 -3.577e+03 1.457e+02 1.500e+01
|                    ( - -1.138e+03 1 0)
|                    ( QUESTION0_9_R 1 -2.293e+03 1.464e+02 1.000e+01
|                        ( - -7.288e+02 1 0)
|                        ( QUESTION11 -1 -1.418e+03 9.238e+01 6.002e+00
|                            ( - -3.026e+02 1 0)
|                            ( - -1.023e+03 1 0))))))))
s>    ( QUESTION0_15_R 1 -9.372e+03 1.985e+02 4.000e+01
s>        ( - -5.458e+02 1 0)
s>        ( QUESTION3 1 -8.628e+03 1.839e+02 3.700e+01
s>            ( - -5.954e+02 1 0)
s>            ( QUESTION0_19_R 1 -7.848e+03 1.817e+02 3.400e+01
s>                ( - -7.353e+02 1 0)
s>                ( QUESTION0_0_R 1 -6.931e+03 1.601e+02 3.000e+01
s>                    ( - -3.195e+03 1 0)
s>                    ( QUESTION13 -1 -3.577e+03 1.457e+02 1.500e+01
s>                        ( - -1.138e+03 1 0)
s>                        ( QUESTION0_9_R 1 -2.293e+03 1.464e+02 1.000e+01
s>                            ( - -7.288e+02 1 0)
s>                            ( QUESTION11 -1 -1.418e+03 9.238e+01 6.002e+00
s>                                ( - -3.026e+02 1 0)
s>                                ( - -1.023e+03 1 0))))))))INFO: dtree.c(1315): Comp split 16
INFO: dtree.c(1439): stop. leaf nodes are specific
INFO: dtree.c(1478): Final simple tree
|( QUESTION3 1 -8.628e+03 1.839e+02 3.700e+01
|    ( - -5.954e+02 1 0)
|    ( QUESTION0_19_R 1 -7.848e+03 1.817e+02 3.400e+01
|        ( - -7.353e+02 1 0)
|        ( QUESTION0_0_R 1 -6.931e+03 1.601e+02 3.000e+01
|            ( - -3.195e+03 1 0)
|            ( QUESTION13 -1 -3.577e+03 1.457e+02 1.500e+01
|                ( - -1.138e+03 1 0)
|                ( QUESTION0_9_R 1 -2.293e+03 1.464e+02 1.000e+01
|                    ( - -7.288e+02 1 0)
|                    ( QUESTION11 -1 -1.418e+03 9.238e+01 6.002e+00
|                        ( - -3.026e+02 1 0)
|                        ( - -1.023e+03 1 0)))))))
s>    ( QUESTION3 1 -8.628e+03 1.839e+02 3.700e+01
s>        ( - -5.954e+02 1 0)
s>        ( QUESTION0_19_R 1 -7.848e+03 1.817e+02 3.400e+01
s>            ( - -7.353e+02 1 0)
s>            ( QUESTION0_0_R 1 -6.931e+03 1.601e+02 3.000e+01
s>                ( - -3.195e+03 1 0)
s>                ( QUESTION13 -1 -3.577e+03 1.457e+02 1.500e+01
s>                    ( - -1.138e+03 1 0)
s>                    ( QUESTION0_9_R 1 -2.293e+03 1.464e+02 1.000e+01
s>                        ( - -7.288e+02 1 0)
s>                        ( QUESTION11 -1 -1.418e+03 9.238e+01 6.002e+00
s>                            ( - -3.026e+02 1 0)
s>                            ( - -1.023e+03 1 0)))))))INFO: dtree.c(1315): Comp split 17
INFO: dtree.c(1439): stop. leaf nodes are specific
INFO: dtree.c(1478): Final simple tree
|( WDBNDRY_E 0 -9.861e+03 1.529e+02 4.210e+01
|    ( QUESTION0 -1 -1.966e+03 1.166e+02 9.000e+00
|        ( - -6.687e+02 1 0)
|        ( - -1.181e+03 1 0))
|    ( QUESTION5 -1 -7.741e+03 1.301e+02 3.310e+01
|        ( - -6.134e+03 1 0)
|        ( QUESTION11 1 -1.478e+03 8.154e+01 6.005e+00
|            ( - -9.390e+02 1 0)
|            ( - -4.570e+02 1 0))))
s>    ( WDBNDRY_E 0 -9.861e+03 1.529e+02 4.210e+01
s>        ( QUESTION0 -1 -1.966e+03 1.166e+02 9.000e+00
s>            ( - -6.687e+02 1 0)
s>            ( - -1.181e+03 1 0))
s>        ( QUESTION5 -1 -7.741e+03 1.301e+02 3.310e+01
s>            ( - -6.134e+03 1 0)
s>            ( QUESTION11 1 -1.478e+03 8.154e+01 6.005e+00
s>                ( - -9.390e+02 1 0)
s>                ( - -4.570e+02 1 0))))INFO: dtree.c(1315): Comp split 18
INFO: dtree.c(1439): stop. leaf nodes are specific
INFO: dtree.c(1478): Final simple tree
|( QUESTION0_9_R 1 -1.610e+03 1.458e+02 8.000e+00
|    ( - -7.288e+02 1 0)
|    ( - -7.353e+02 1 0))
s>    ( QUESTION0_9_R 1 -1.610e+03 1.458e+02 8.000e+00
s>        ( - -7.288e+02 1 0)
s>        ( - -7.353e+02 1 0))INFO: dtree.c(1439): stop. leaf nodes are specific
INFO: dtree.c(1478): Final simple tree
|( QUESTION0_9_R 1 -6.828e+03 1.882e+02 2.900e+01
|    ( - -5.954e+02 1 0)
|    ( QUESTION13 -1 -6.045e+03 1.514e+02 2.600e+01
|        ( - -1.138e+03 1 0)
|        ( QUESTION0_0_R 1 -4.755e+03 1.429e+02 2.100e+01
|            ( - -3.195e+03 1 0)
|            ( QUESTION11 -1 -1.418e+03 9.238e+01 6.002e+00
|                ( - -3.026e+02 1 0)
|                ( - -1.023e+03 1 0)))))
s>    ( QUESTION0_9_R 1 -6.828e+03 1.882e+02 2.900e+01
s>        ( - -5.954e+02 1 0)
s>        ( QUESTION13 -1 -6.045e+03 1.514e+02 2.600e+01
s>            ( - -1.138e+03 1 0)
s>            ( QUESTION0_0_R 1 -4.755e+03 1.429e+02 2.100e+01
s>                ( - -3.195e+03 1 0)
s>                ( QUESTION11 -1 -1.418e+03 9.238e+01 6.002e+00
s>                    ( - -3.026e+02 1 0)
s>                    ( - -1.023e+03 1 0)))))INFO: dtree.c(1315): Comp split 19
INFO: dtree.c(1439): stop. leaf nodes are specific
INFO: dtree.c(1478): Final simple tree
|( QUESTION13 -1 -6.045e+03 1.514e+02 2.600e+01
|    ( - -1.138e+03 1 0)
|    ( QUESTION0_0_R 1 -4.755e+03 1.429e+02 2.100e+01
|        ( - -3.195e+03 1 0)
|        ( QUESTION11 -1 -1.418e+03 9.238e+01 6.002e+00
|            ( - -3.026e+02 1 0)
|            ( - -1.023e+03 1 0))))
s>    ( QUESTION13 -1 -6.045e+03 1.514e+02 2.600e+01
s>        ( - -1.138e+03 1 0)
s>        ( QUESTION0_0_R 1 -4.755e+03 1.429e+02 2.100e+01
s>            ( - -3.195e+03 1 0)
s>            ( QUESTION11 -1 -1.418e+03 9.238e+01 6.002e+00
s>                ( - -3.026e+02 1 0)
s>                ( - -1.023e+03 1 0))))INFO: dtree.c(1315): Comp split 20
INFO: dtree.c(1478): Final simple tree
|( QUESTION0 -1 -1.800e+04 1.614e+02 7.164e+01
|    ( QUESTION2_6_L -1 -1.537e+04 1.361e+02 6.164e+01
|        ( QUESTION0_9_R 1 -6.356e+03 1.257e+02 2.655e+01
|            ( - -3.764e+03 1 0)
|            ( QUESTION0_15_R 1 -2.467e+03 1.071e+02 1.008e+01
|                ( - -1.052e+03 1 0)
|                ( - -1.308e+03 2 0 QUESTION0_0_R 1 7.839e+01 5.080e+00)))
|        ( QUESTION2_18_L -1 -8.880e+03 1.004e+02 3.509e+01
|            ( - -3.694e+02 1 0)
|            ( QUESTION0_0_R 1 -8.411e+03 9.457e+01 3.309e+01
|                ( - -3.677e+03 4 0 QUESTION2_0_L -1 9.834e+01 1.497e+01)
|                ( - -4.639e+03 10 0 QUESTION0_14_R 1 7.748e+01 1.812e+01))))
|    ( WDBNDRY_B 0 -2.467e+03 1.371e+02 1.000e+01
|        ( - -1.775e+03 1 0)
|        ( - -5.547e+02 1 0)))
s>    ( QUESTION0 -1 -1.800e+04 1.614e+02 7.164e+01
s>        ( QUESTION2_6_L -1 -1.537e+04 1.361e+02 6.164e+01
s>            ( QUESTION0_9_R 1 -6.356e+03 1.257e+02 2.655e+01
s>                ( - -3.764e+03 1 0)
s>                ( QUESTION0_15_R 1 -2.467e+03 1.071e+02 1.008e+01
s>                    ( - -1.052e+03 1 0)
s>                    ( - -1.308e+03 2 0 QUESTION0_0_R 1 7.839e+01 5.080e+00)))
s>            ( QUESTION2_18_L -1 -8.880e+03 1.004e+02 3.509e+01
s>                ( - -3.694e+02 1 0)
s>                ( QUESTION0_0_R 1 -8.411e+03 9.457e+01 3.309e+01
s>                    ( - -3.677e+03 4 0 QUESTION2_0_L -1 9.834e+01 1.497e+01)
s>                    ( - -4.639e+03 10 0 QUESTION0_14_R 1 7.748e+01 1.812e+01))))
s>        ( WDBNDRY_B 0 -2.467e+03 1.371e+02 1.000e+01
s>            ( - -1.775e+03 1 0)
s>            ( - -5.547e+02 1 0)))INFO: dtree.c(1478): Final simple tree
|( QUESTION0_9_R 1 -1.710e+04 1.686e+02 7.061e+01
|    ( QUESTION14 -1 -8.520e+03 1.290e+02 3.554e+01
|        ( - -1.856e+03 2 0 QUESTION2 1 7.305e+01 7.908e+00)
|        ( - -6.535e+03 8 0 QUESTION16 -1 1.188e+02 2.763e+01))
|    ( QUESTION3 -1 -8.410e+03 1.715e+02 3.508e+01
|        ( - -3.075e+02 1 0)
|        ( QUESTION6 -1 -7.930e+03 1.489e+02 3.308e+01
|            ( - -5.415e+02 1 0)
|            ( QUESTION9 -1 -7.240e+03 1.286e+02 3.008e+01
|                ( QUESTION7 1 -1.991e+03 1.224e+02 8.978e+00
|                    ( - -2.393e+02 1 0)
|                    ( QUESTION2_6_L -1 -1.629e+03 1.213e+02 7.978e+00
|                        ( - -5.212e+02 1 0)
|                        ( - -9.869e+02 2 0 QUESTION0 1 1.040e+02 4.978e+00)))
|                ( - -5.120e+03 5 0 QUESTION4 -1 1.167e+02 2.110e+01)))))
s>    ( QUESTION0_9_R 1 -1.710e+04 1.686e+02 7.061e+01
s>        ( QUESTION14 -1 -8.520e+03 1.290e+02 3.554e+01
s>            ( - -1.856e+03 2 0 QUESTION2 1 7.305e+01 7.908e+00)
s>            ( - -6.535e+03 8 0 QUESTION16 -1 1.188e+02 2.763e+01))
s>        ( QUESTION3 -1 -8.410e+03 1.715e+02 3.508e+01
s>            ( - -3.075e+02 1 0)
s>            ( QUESTION6 -1 -7.930e+03 1.489e+02 3.308e+01
s>                ( - -5.415e+02 1 0)
s>                ( QUESTION9 -1 -7.240e+03 1.286e+02 3.008e+01
s>                    ( QUESTION7 1 -1.991e+03 1.224e+02 8.978e+00
s>                        ( - -2.393e+02 1 0)
s>                        ( QUESTION2_6_L -1 -1.629e+03 1.213e+02 7.978e+00
s>                            ( - -5.212e+02 1 0)
s>                            ( - -9.869e+02 2 0 QUESTION0 1 1.040e+02 4.978e+00)))
s>                    ( - -5.120e+03 5 0 QUESTION4 -1 1.167e+02 2.110e+01)))))INFO: dtree.c(1315): Comp split 21
INFO: dtree.c(1439): stop. leaf nodes are specific
INFO: dtree.c(1478): Final simple tree
|( QUESTION1 -1 -2.102e+03 1.651e+02 9.978e+00
|    ( - -3.075e+02 1 0)
|    ( QUESTION2_6_L -1 -1.629e+03 1.213e+02 7.978e+00
|        ( - -5.212e+02 1 0)
|        ( QUESTION0 1 -9.869e+02 1.040e+02 4.978e+00
|            ( - -5.349e+02 1 0)
|            ( - -3.479e+02 1 0))))
s>    ( QUESTION1 -1 -2.102e+03 1.651e+02 9.978e+00
s>        ( - -3.075e+02 1 0)
s>        ( QUESTION2_6_L -1 -1.629e+03 1.213e+02 7.978e+00
s>            ( - -5.212e+02 1 0)
s>            ( QUESTION0 1 -9.869e+02 1.040e+02 4.978e+00
s>                ( - -5.349e+02 1 0)
s>                ( - -3.479e+02 1 0))))INFO: dtree.c(1478): Final simple tree
|( QUESTION0_9_R 1 -1.481e+04 1.622e+02 6.064e+01
|    ( QUESTION14 -1 -8.520e+03 1.290e+02 3.554e+01
|        ( - -1.856e+03 2 0 QUESTION2 1 7.305e+01 7.908e+00)
|        ( QUESTION16 -1 -6.535e+03 1.188e+02 2.763e+01
|            ( - -2.152e+03 2 0)
|            ( QUESTION0 -1 -4.264e+03 1.260e+02 1.802e+01
|                ( - -1.938e+03 3 0 QUESTION6 -1 7.145e+01 8.021e+00)
|                ( - -2.200e+03 3 0 WDBNDRY_E 0 7.812e+01 9.998e+00))))
|    ( QUESTION6 -1 -6.130e+03 1.444e+02 2.510e+01
|        ( - -5.415e+02 1 0)
|        ( QUESTION4 -1 -5.444e+03 1.172e+02 2.210e+01
|            ( QUESTION0_0_R 1 -3.887e+03 1.050e+02 1.584e+01
|                ( - -2.574e+03 1 0)
|                ( - -1.208e+03 2 0 QUESTION0_11_R 1 8.723e+01 4.863e+00))
|            ( - -1.440e+03 3 0 QUESTION0 -1 6.902e+01 6.260e+00))))
s>    ( QUESTION0_9_R 1 -1.481e+04 1.622e+02 6.064e+01
s>        ( QUESTION14 -1 -8.520e+03 1.290e+02 3.554e+01
s>            ( - -1.856e+03 2 0 QUESTION2 1 7.305e+01 7.908e+00)
s>            ( QUESTION16 -1 -6.535e+03 1.188e+02 2.763e+01
s>                ( - -2.152e+03 2 0)
s>                ( QUESTION0 -1 -4.264e+03 1.260e+02 1.802e+01
s>                    ( - -1.938e+03 3 0 QUESTION6 -1 7.145e+01 8.021e+00)
s>                    ( - -2.200e+03 3 0 WDBNDRY_E 0 7.812e+01 9.998e+00))))
s>        ( QUESTION6 -1 -6.130e+03 1.444e+02 2.510e+01
s>            ( - -5.415e+02 1 0)
s>            ( QUESTION4 -1 -5.444e+03 1.172e+02 2.210e+01
s>                ( QUESTION0_0_R 1 -3.887e+03 1.050e+02 1.584e+01
s>                    ( - -2.574e+03 1 0)
s>                    ( - -1.208e+03 2 0 QUESTION0_11_R 1 8.723e+01 4.863e+00))
s>                ( - -1.440e+03 3 0 QUESTION0 -1 6.902e+01 6.260e+00))))INFO: dtree.c(1315): Comp split 22
INFO: dtree.c(1478): Final simple tree
|( QUESTION0 -1 -1.406e+04 1.437e+02 5.518e+01
|    ( QUESTION0_15_R 1 -1.145e+04 1.192e+02 4.517e+01
|        ( - -1.052e+03 1 0)
|        ( QUESTION0_14_R 1 -1.028e+04 1.150e+02 4.017e+01
|            ( - -1.576e+03 3 0 QUESTION2_6_L -1 8.542e+01 6.080e+00)
|            ( QUESTION2_18_L -1 -8.590e+03 9.996e+01 3.409e+01
|                ( - -3.694e+02 1 0)
|                ( QUESTION5 -1 -8.121e+03 9.055e+01 3.209e+01
|                    ( - -6.943e+02 1 0)
|                    ( QUESTION0_10_R 1 -7.336e+03 1.036e+02 2.903e+01
|                        ( - -3.725e+02 1 0)
|                        ( - -6.860e+03 11 0 QUESTION2_0_L -1 9.018e+01 2.703e+01))))))
|    ( WDBNDRY_B 0 -2.467e+03 1.371e+02 1.000e+01
|        ( - -1.775e+03 1 0)
|        ( - -5.547e+02 1 0)))
s>    ( QUESTION0 -1 -1.406e+04 1.437e+02 5.518e+01
s>        ( QUESTION0_15_R 1 -1.145e+04 1.192e+02 4.517e+01
s>            ( - -1.052e+03 1 0)
s>            ( QUESTION0_14_R 1 -1.028e+04 1.150e+02 4.017e+01
s>                ( - -1.576e+03 3 0 QUESTION2_6_L -1 8.542e+01 6.080e+00)
s>                ( QUESTION2_18_L -1 -8.590e+03 9.996e+01 3.409e+01
s>                    ( - -3.694e+02 1 0)
s>                    ( QUESTION5 -1 -8.121e+03 9.055e+01 3.209e+01
s>                        ( - -6.943e+02 1 0)
s>                        ( QUESTION0_10_R 1 -7.336e+03 1.036e+02 2.903e+01
s>                            ( - -3.725e+02 1 0)
s>                            ( - -6.860e+03 11 0 QUESTION2_0_L -1 9.018e+01 2.703e+01))))))
s>        ( WDBNDRY_B 0 -2.467e+03 1.371e+02 1.000e+01
s>            ( - -1.775e+03 1 0)
s>            ( - -5.547e+02 1 0)))INFO: dtree.c(1315): Comp split 23
INFO: dtree.c(1439): stop. leaf nodes are specific
INFO: dtree.c(1478): Final simple tree
|( QUESTION4 -1 -5.444e+03 1.172e+02 2.210e+01
|    ( QUESTION0_0_R 1 -3.887e+03 1.050e+02 1.584e+01
|        ( - -2.574e+03 1 0)
|        ( QUESTION0_11_R 1 -1.208e+03 8.723e+01 4.863e+00
|            ( - -8.810e+02 1 0)
|            ( - -2.393e+02 1 0)))
|    ( QUESTION0 -1 -1.440e+03 6.902e+01 6.260e+00
|        ( - -1.725e+02 1 0)
|        ( QUESTION0_11_R 1 -1.199e+03 6.295e+01 5.260e+00
|            ( - -4.367e+02 1 0)
|            ( - -6.990e+02 1 0))))
s>    ( QUESTION4 -1 -5.444e+03 1.172e+02 2.210e+01
s>        ( QUESTION0_0_R 1 -3.887e+03 1.050e+02 1.584e+01
s>            ( - -2.574e+03 1 0)
s>            ( QUESTION0_11_R 1 -1.208e+03 8.723e+01 4.863e+00
s>                ( - -8.810e+02 1 0)
s>                ( - -2.393e+02 1 0)))
s>        ( QUESTION0 -1 -1.440e+03 6.902e+01 6.260e+00
s>            ( - -1.725e+02 1 0)
s>            ( QUESTION0_11_R 1 -1.199e+03 6.295e+01 5.260e+00
s>                ( - -4.367e+02 1 0)
s>                ( - -6.990e+02 1 0))))INFO: dtree.c(1478): Final simple tree
|( QUESTION0_9_R 1 -9.201e+03 1.391e+02 3.854e+01
|    ( QUESTION14 -1 -8.520e+03 1.290e+02 3.554e+01
|        ( QUESTION2 1 -1.856e+03 7.305e+01 7.908e+00
|            ( - -1.380e+03 1 0)
|            ( - -4.034e+02 1 0))
|        ( QUESTION16 -1 -6.535e+03 1.188e+02 2.763e+01
|            ( - -2.152e+03 2 0)
|            ( QUESTION0 -1 -4.264e+03 1.260e+02 1.802e+01
|                ( QUESTION6 -1 -1.938e+03 7.145e+01 8.021e+00
|                    ( - -1.661e+03 2 0)
|                    ( - -2.048e+02 1 0))
|                ( WDBNDRY_E 0 -2.200e+03 7.812e+01 9.998e+00
|                    ( - -4.099e+02 1 0)
|                    ( - -1.712e+03 2 0)))))
|    ( - -5.415e+02 1 0))
s>    ( QUESTION0_9_R 1 -9.201e+03 1.391e+02 3.854e+01
s>        ( QUESTION14 -1 -8.520e+03 1.290e+02 3.554e+01
s>            ( QUESTION2 1 -1.856e+03 7.305e+01 7.908e+00
s>                ( - -1.380e+03 1 0)
s>                ( - -4.034e+02 1 0))
s>            ( QUESTION16 -1 -6.535e+03 1.188e+02 2.763e+01
s>                ( - -2.152e+03 2 0)
s>                ( QUESTION0 -1 -4.264e+03 1.260e+02 1.802e+01
s>                    ( QUESTION6 -1 -1.938e+03 7.145e+01 8.021e+00
s>                        ( - -1.661e+03 2 0)
s>                        ( - -2.048e+02 1 0))
s>                    ( WDBNDRY_E 0 -2.200e+03 7.812e+01 9.998e+00
s>                        ( - -4.099e+02 1 0)
s>                        ( - -1.712e+03 2 0)))))
s>        ( - -5.415e+02 1 0))INFO: dtree.c(1315): Comp split 24
INFO: dtree.c(1439): stop. leaf nodes are specific
INFO: dtree.c(1478): Final simple tree
|( QUESTION2_6_L -1 -1.629e+03 1.213e+02 7.978e+00
|    ( - -5.212e+02 1 0)
|    ( QUESTION0 1 -9.869e+02 1.040e+02 4.978e+00
|        ( - -5.349e+02 1 0)
|        ( - -3.479e+02 1 0)))
s>    ( QUESTION2_6_L -1 -1.629e+03 1.213e+02 7.978e+00
s>        ( - -5.212e+02 1 0)
s>        ( QUESTION0 1 -9.869e+02 1.040e+02 4.978e+00
s>            ( - -5.349e+02 1 0)
s>            ( - -3.479e+02 1 0)))INFO: dtree.c(1315): Comp split 25
INFO: dtree.c(1439): stop. leaf nodes are specific
INFO: dtree.c(1478): Final simple tree
|( QUESTION13 -1 -4.859e+03 1.548e+02 2.100e+01
|    ( - -1.138e+03 1 0)
|    ( QUESTION0_0_R 1 -3.566e+03 6.893e+01 1.600e+01
|        ( - -3.195e+03 1 0)
|        ( - -3.026e+02 1 0)))
s>    ( QUESTION13 -1 -4.859e+03 1.548e+02 2.100e+01
s>        ( - -1.138e+03 1 0)
s>        ( QUESTION0_0_R 1 -3.566e+03 6.893e+01 1.600e+01
s>            ( - -3.195e+03 1 0)
s>            ( - -3.026e+02 1 0)))INFO: dtree.c(1315): Comp split 26
INFO: dtree.c(1439): stop. leaf nodes are specific
INFO: dtree.c(1478): Final simple tree
|( QUESTION0_12_R 1 -5.780e+03 1.177e+02 2.521e+01
|    ( - -4.096e+03 3 0)
|    ( QUESTION0_11_R 1 -1.567e+03 9.171e+01 6.674e+00
|        ( - -3.951e+02 1 0)
|        ( QUESTION0_2_R 1 -1.080e+03 7.419e+01 4.674e+00
|            ( - -1.677e+02 1 0)
|            ( - -8.378e+02 1 0))))
s>    ( QUESTION0_12_R 1 -5.780e+03 1.177e+02 2.521e+01
s>        ( - -4.096e+03 3 0)
s>        ( QUESTION0_11_R 1 -1.567e+03 9.171e+01 6.674e+00
s>            ( - -3.951e+02 1 0)
s>            ( QUESTION0_2_R 1 -1.080e+03 7.419e+01 4.674e+00
s>                ( - -1.677e+02 1 0)
s>                ( - -8.378e+02 1 0))))INFO: dtree.c(1439): stop. leaf nodes are specific
INFO: dtree.c(1478): Final simple tree
|( QUESTION16 -1 -3.394e+03 8.326e+01 1.584e+01
|    ( - -4.327e+02 1 0)
|    ( - -2.878e+03 1 0))
s>    ( QUESTION16 -1 -3.394e+03 8.326e+01 1.584e+01
s>        ( - -4.327e+02 1 0)
s>        ( - -2.878e+03 1 0))INFO: dtree.c(1315): Comp split 27
INFO: dtree.c(1439): stop. leaf nodes are specific
INFO: dtree.c(1478): Final simple tree
|( QUESTION0_0_R 1 -3.566e+03 6.893e+01 1.600e+01
|    ( - -3.195e+03 1 0)
|    ( - -3.026e+02 1 0))
s>    ( QUESTION0_0_R 1 -3.566e+03 6.893e+01 1.600e+01
s>        ( - -3.195e+03 1 0)
s>        ( - -3.026e+02 1 0))INFO: dtree.c(1315): Comp split 28
INFO: dtree.c(1439): stop. leaf nodes are specific
INFO: dtree.c(1478): Final simple tree
|( QUESTION5 -1 -7.741e+03 1.301e+02 3.310e+01
|    ( - -6.134e+03 1 0)
|    ( QUESTION11 1 -1.478e+03 8.154e+01 6.005e+00
|        ( - -9.390e+02 1 0)
|        ( - -4.570e+02 1 0)))
s>    ( QUESTION5 -1 -7.741e+03 1.301e+02 3.310e+01
s>        ( - -6.134e+03 1 0)
s>        ( QUESTION11 1 -1.478e+03 8.154e+01 6.005e+00
s>            ( - -9.390e+02 1 0)
s>            ( - -4.570e+02 1 0)))INFO: dtree.c(1439): stop. leaf nodes are specific
INFO: dtree.c(1478): Final simple tree
|( QUESTION0 -1 -1.966e+03 1.166e+02 9.000e+00
|    ( - -6.687e+02 1 0)
|    ( - -1.181e+03 1 0))
s>    ( QUESTION0 -1 -1.966e+03 1.166e+02 9.000e+00
s>        ( - -6.687e+02 1 0)
s>        ( - -1.181e+03 1 0))INFO: dtree.c(1315): Comp split 29
INFO: dtree.c(1478): Final simple tree
|( QUESTION2_18_L -1 -8.590e+03 9.996e+01 3.409e+01
|    ( - -3.694e+02 1 0)
|    ( QUESTION5 -1 -8.121e+03 9.055e+01 3.209e+01
|        ( - -6.943e+02 1 0)
|        ( QUESTION0_10_R 1 -7.336e+03 1.036e+02 2.903e+01
|            ( - -3.725e+02 1 0)
|            ( QUESTION2_0_L -1 -6.860e+03 9.018e+01 2.703e+01
|                ( QUESTION0_0_R 1 -1.123e+03 1.057e+02 4.999e+00
|                    ( - -3.690e+02 1 0)
|                    ( - -6.485e+02 1 0))
|                ( QUESTION2 -1 -5.646e+03 8.649e+01 2.203e+01
|                    ( QUESTION0_0_R 1 -2.740e+03 7.329e+01 1.108e+01
|                        ( - -1.972e+03 2 0)
|                        ( - -6.943e+02 1 0))
|                    ( - -2.820e+03 6 0 QUESTION3 1 6.904e+01 1.095e+01))))))
s>    ( QUESTION2_18_L -1 -8.590e+03 9.996e+01 3.409e+01
s>        ( - -3.694e+02 1 0)
s>        ( QUESTION5 -1 -8.121e+03 9.055e+01 3.209e+01
s>            ( - -6.943e+02 1 0)
s>            ( QUESTION0_10_R 1 -7.336e+03 1.036e+02 2.903e+01
s>                ( - -3.725e+02 1 0)
s>                ( QUESTION2_0_L -1 -6.860e+03 9.018e+01 2.703e+01
s>                    ( QUESTION0_0_R 1 -1.123e+03 1.057e+02 4.999e+00
s>                        ( - -3.690e+02 1 0)
s>                        ( - -6.485e+02 1 0))
s>                    ( QUESTION2 -1 -5.646e+03 8.649e+01 2.203e+01
s>                        ( QUESTION0_0_R 1 -2.740e+03 7.329e+01 1.108e+01
s>                            ( - -1.972e+03 2 0)
s>                            ( - -6.943e+02 1 0))
s>                        ( - -2.820e+03 6 0 QUESTION3 1 6.904e+01 1.095e+01))))))INFO: dtree.c(1439): stop. leaf nodes are specific
INFO: dtree.c(1478): Final simple tree
|( QUESTION0_11_R 1 -5.323e+03 1.334e+02 2.108e+01
|    ( QUESTION4 -1 -4.635e+03 1.297e+02 1.808e+01
|        ( QUESTION0_12_R 1 -2.449e+03 1.027e+02 1.008e+01
|            ( QUESTION2_6_L -1 -1.294e+03 8.067e+01 5.080e+00
|                ( - -1.003e+03 1 0)
|                ( - -2.100e+02 1 0))
|            ( - -1.052e+03 1 0))
|        ( WDBNDRY_B 0 -2.057e+03 7.783e+01 8.002e+00
|            ( - -1.775e+03 1 0)
|            ( - -2.037e+02 1 0)))
|    ( - -5.547e+02 1 0))
s>    ( QUESTION0_11_R 1 -5.323e+03 1.334e+02 2.108e+01
s>        ( QUESTION4 -1 -4.635e+03 1.297e+02 1.808e+01
s>            ( QUESTION0_12_R 1 -2.449e+03 1.027e+02 1.008e+01
s>                ( QUESTION2_6_L -1 -1.294e+03 8.067e+01 5.080e+00
s>                    ( - -1.003e+03 1 0)
s>                    ( - -2.100e+02 1 0))
s>                ( - -1.052e+03 1 0))
s>            ( WDBNDRY_B 0 -2.057e+03 7.783e+01 8.002e+00
s>                ( - -1.775e+03 1 0)
s>                ( - -2.037e+02 1 0)))
s>        ( - -5.547e+02 1 0))INFO: dtree.c(1315): Comp split 30
INFO: dtree.c(1315): Comp split 31
INFO: dtree.c(1439): stop. leaf nodes are specific
INFO: dtree.c(1478): Final simple tree
|( QUESTION14 -1 -8.520e+03 1.290e+02 3.554e+01
|    ( QUESTION2 1 -1.856e+03 7.305e+01 7.908e+00
|        ( - -1.380e+03 1 0)
|        ( - -4.034e+02 1 0))
|    ( QUESTION16 -1 -6.535e+03 1.188e+02 2.763e+01
|        ( - -2.152e+03 2 0)
|        ( QUESTION0 -1 -4.264e+03 1.260e+02 1.802e+01
|            ( QUESTION6 -1 -1.938e+03 7.145e+01 8.021e+00
|                ( - -1.661e+03 2 0)
|                ( - -2.048e+02 1 0))
|            ( WDBNDRY_E 0 -2.200e+03 7.812e+01 9.998e+00
|                ( - -4.099e+02 1 0)
|                ( - -1.712e+03 2 0)))))
s>    ( QUESTION14 -1 -8.520e+03 1.290e+02 3.554e+01
s>        ( QUESTION2 1 -1.856e+03 7.305e+01 7.908e+00
s>            ( - -1.380e+03 1 0)
s>            ( - -4.034e+02 1 0))
s>        ( QUESTION16 -1 -6.535e+03 1.188e+02 2.763e+01
s>            ( - -2.152e+03 2 0)
s>            ( QUESTION0 -1 -4.264e+03 1.260e+02 1.802e+01
s>                ( QUESTION6 -1 -1.938e+03 7.145e+01 8.021e+00
s>                    ( - -1.661e+03 2 0)
s>                    ( - -2.048e+02 1 0))
s>                ( WDBNDRY_E 0 -2.200e+03 7.812e+01 9.998e+00
s>                    ( - -4.099e+02 1 0)
s>                    ( - -1.712e+03 2 0)))))INFO: dtree.c(1315): Comp split 32
INFO: dtree.c(1439): stop. leaf nodes are specific
INFO: dtree.c(1478): Final simple tree
|( WDBNDRY_B 0 -2.057e+03 7.783e+01 8.002e+00
|    ( - -1.775e+03 1 0)
|    ( - -2.037e+02 1 0))
s>    ( WDBNDRY_B 0 -2.057e+03 7.783e+01 8.002e+00
s>        ( - -1.775e+03 1 0)
s>        ( - -2.037e+02 1 0))INFO: dtree.c(1439): stop. leaf nodes are specific
INFO: dtree.c(1478): Final simple tree
|( QUESTION0_11_R 1 -3.133e+03 1.294e+02 1.308e+01
|    ( QUESTION0_12_R 1 -2.449e+03 1.027e+02 1.008e+01
|        ( QUESTION2_6_L -1 -1.294e+03 8.067e+01 5.080e+00
|            ( - -1.003e+03 1 0)
|            ( - -2.100e+02 1 0))
|        ( - -1.052e+03 1 0))
|    ( - -5.547e+02 1 0))
s>    ( QUESTION0_11_R 1 -3.133e+03 1.294e+02 1.308e+01
s>        ( QUESTION0_12_R 1 -2.449e+03 1.027e+02 1.008e+01
s>            ( QUESTION2_6_L -1 -1.294e+03 8.067e+01 5.080e+00
s>                ( - -1.003e+03 1 0)
s>                ( - -2.100e+02 1 0))
s>            ( - -1.052e+03 1 0))
s>        ( - -5.547e+02 1 0))INFO: dtree.c(1315): Comp split 33
INFO: dtree.c(1439): stop. leaf nodes are specific
INFO: dtree.c(1478): Final simple tree
|( WDBNDRY_E 0 -2.635e+03 7.304e+01 1.161e+01
|    ( - -4.099e+02 1 0)
|    ( - -2.152e+03 2 0))
s>    ( WDBNDRY_E 0 -2.635e+03 7.304e+01 1.161e+01
s>        ( - -4.099e+02 1 0)
s>        ( - -2.152e+03 2 0))INFO: dtree.c(1439): stop. leaf nodes are specific
INFO: dtree.c(1478): Final simple tree
|( QUESTION15 -1 -5.753e+03 1.228e+02 2.393e+01
|    ( - -1.712e+03 2 0)
|    ( QUESTION0 -1 -3.918e+03 1.239e+02 1.593e+01
|        ( QUESTION6 -1 -1.938e+03 7.145e+01 8.021e+00
|            ( - -1.661e+03 2 0)
|            ( - -2.048e+02 1 0))
|        ( QUESTION2 1 -1.856e+03 7.305e+01 7.908e+00
|            ( - -1.380e+03 1 0)
|            ( - -4.034e+02 1 0))))
s>    ( QUESTION15 -1 -5.753e+03 1.228e+02 2.393e+01
s>        ( - -1.712e+03 2 0)
s>        ( QUESTION0 -1 -3.918e+03 1.239e+02 1.593e+01
s>            ( QUESTION6 -1 -1.938e+03 7.145e+01 8.021e+00
s>                ( - -1.661e+03 2 0)
s>                ( - -2.048e+02 1 0))
s>            ( QUESTION2 1 -1.856e+03 7.305e+01 7.908e+00
s>                ( - -1.380e+03 1 0)
s>                ( - -4.034e+02 1 0))))INFO: dtree.c(1315): Comp split 34
INFO: dtree.c(1439): stop. leaf nodes are specific
INFO: dtree.c(1478): Final simple tree
|( QUESTION11 1 -1.478e+03 8.154e+01 6.005e+00
|    ( - -9.390e+02 1 0)
|    ( - -4.570e+02 1 0))
s>    ( QUESTION11 1 -1.478e+03 8.154e+01 6.005e+00
s>        ( - -9.390e+02 1 0)
s>        ( - -4.570e+02 1 0))INFO: dtree.c(1315): Comp split 35
INFO: dtree.c(1439): stop. leaf nodes are specific
INFO: dtree.c(1478): Final simple tree
|( QUESTION0_12_R 1 -2.449e+03 1.027e+02 1.008e+01
|    ( QUESTION2_6_L -1 -1.294e+03 8.067e+01 5.080e+00
|        ( - -1.003e+03 1 0)
|        ( - -2.100e+02 1 0))
|    ( - -1.052e+03 1 0))
s>    ( QUESTION0_12_R 1 -2.449e+03 1.027e+02 1.008e+01
s>        ( QUESTION2_6_L -1 -1.294e+03 8.067e+01 5.080e+00
s>            ( - -1.003e+03 1 0)
s>            ( - -2.100e+02 1 0))
s>        ( - -1.052e+03 1 0))INFO: dtree.c(1315): Comp split 36
INFO: dtree.c(1439): stop. leaf nodes are specific
INFO: dtree.c(1478): Final simple tree
|( QUESTION0 -1 -3.918e+03 1.239e+02 1.593e+01
|    ( QUESTION6 -1 -1.938e+03 7.145e+01 8.021e+00
|        ( - -1.661e+03 2 0)
|        ( - -2.048e+02 1 0))
|    ( QUESTION2 1 -1.856e+03 7.305e+01 7.908e+00
|        ( - -1.380e+03 1 0)
|        ( - -4.034e+02 1 0)))
s>    ( QUESTION0 -1 -3.918e+03 1.239e+02 1.593e+01
s>        ( QUESTION6 -1 -1.938e+03 7.145e+01 8.021e+00
s>            ( - -1.661e+03 2 0)
s>            ( - -2.048e+02 1 0))
s>        ( QUESTION2 1 -1.856e+03 7.305e+01 7.908e+00
s>            ( - -1.380e+03 1 0)
s>            ( - -4.034e+02 1 0)))INFO: dtree.c(1315): Comp split 37
INFO: dtree.c(1439): stop. leaf nodes are specific
INFO: dtree.c(1478): Final simple tree
|( QUESTION2 1 -1.856e+03 7.305e+01 7.908e+00
|    ( - -1.380e+03 1 0)
|    ( - -4.034e+02 1 0))
s>    ( QUESTION2 1 -1.856e+03 7.305e+01 7.908e+00
s>        ( - -1.380e+03 1 0)
s>        ( - -4.034e+02 1 0))INFO: dtree.c(1439): stop. leaf nodes are specific
INFO: dtree.c(1478): Final simple tree
|( QUESTION6 -1 -1.938e+03 7.145e+01 8.021e+00
|    ( - -1.661e+03 2 0)
|    ( - -2.048e+02 1 0))
s>    ( QUESTION6 -1 -1.938e+03 7.145e+01 8.021e+00
s>        ( - -1.661e+03 2 0)
s>        ( - -2.048e+02 1 0))INFO: dtree.c(1315): Comp split 38
INFO: dtree.c(1439): stop. leaf nodes are specific
INFO: dtree.c(1478): Final simple tree
|( QUESTION0 1 -9.869e+02 1.040e+02 4.978e+00
|    ( - -5.349e+02 1 0)
|    ( - -3.479e+02 1 0))
s>    ( QUESTION0 1 -9.869e+02 1.040e+02 4.978e+00
s>        ( - -5.349e+02 1 0)
s>        ( - -3.479e+02 1 0))INFO: dtree.c(1315): Comp split 39
INFO: dtree.c(1439): stop. leaf nodes are specific
INFO: dtree.c(1478): Final simple tree
|( QUESTION0_11_R 1 -1.567e+03 9.171e+01 6.674e+00
|    ( - -3.951e+02 1 0)
|    ( QUESTION0_2_R 1 -1.080e+03 7.419e+01 4.674e+00
|        ( - -1.677e+02 1 0)
|        ( - -8.378e+02 1 0)))
s>    ( QUESTION0_11_R 1 -1.567e+03 9.171e+01 6.674e+00
s>        ( - -3.951e+02 1 0)
s>        ( QUESTION0_2_R 1 -1.080e+03 7.419e+01 4.674e+00
s>            ( - -1.677e+02 1 0)
s>            ( - -8.378e+02 1 0)))INFO: dtree.c(1315): Comp split 40
INFO: dtree.c(1439): stop. leaf nodes are specific
INFO: dtree.c(1478): Final simple tree
|( QUESTION0 -1 -1.440e+03 6.902e+01 6.260e+00
|    ( - -1.725e+02 1 0)
|    ( QUESTION0_11_R 1 -1.199e+03 6.295e+01 5.260e+00
|        ( - -4.367e+02 1 0)
|        ( - -6.990e+02 1 0)))
s>    ( QUESTION0 -1 -1.440e+03 6.902e+01 6.260e+00
s>        ( - -1.725e+02 1 0)
s>        ( QUESTION0_11_R 1 -1.199e+03 6.295e+01 5.260e+00
s>            ( - -4.367e+02 1 0)
s>            ( - -6.990e+02 1 0)))INFO: dtree.c(1439): stop. leaf nodes are specific
INFO: dtree.c(1478): Final simple tree
|( QUESTION0_0_R 1 -3.887e+03 1.050e+02 1.584e+01
|    ( - -2.574e+03 1 0)
|    ( QUESTION0_11_R 1 -1.208e+03 8.723e+01 4.863e+00
|        ( - -8.810e+02 1 0)
|        ( - -2.393e+02 1 0)))
s>    ( QUESTION0_0_R 1 -3.887e+03 1.050e+02 1.584e+01
s>        ( - -2.574e+03 1 0)
s>        ( QUESTION0_11_R 1 -1.208e+03 8.723e+01 4.863e+00
s>            ( - -8.810e+02 1 0)
s>            ( - -2.393e+02 1 0)))INFO: dtree.c(1315): Comp split 41
INFO: dtree.c(1315): Comp split 42
INFO: dtree.c(1439): stop. leaf nodes are specific
INFO: dtree.c(1478): Final simple tree
|( QUESTION0_11_R 1 -1.208e+03 8.723e+01 4.863e+00
|    ( - -8.810e+02 1 0)
|    ( - -2.393e+02 1 0))
s>    ( QUESTION0_11_R 1 -1.208e+03 8.723e+01 4.863e+00
s>        ( - -8.810e+02 1 0)
s>        ( - -2.393e+02 1 0))INFO: dtree.c(1315): Comp split 43
INFO: dtree.c(1315): Comp split 44
INFO: dtree.c(1478): Final simple tree
|( QUESTION2_18_L -1 -8.113e+03 1.002e+02 3.209e+01
|    ( - -3.694e+02 1 0)
|    ( QUESTION2_0_L -1 -7.644e+03 9.088e+01 3.009e+01
|        ( QUESTION0_0_R 1 -1.123e+03 1.057e+02 4.999e+00
|            ( - -3.690e+02 1 0)
|            ( - -6.485e+02 1 0))
|        ( QUESTION0_10_R 1 -6.430e+03 8.923e+01 2.509e+01
|            ( - -6.943e+02 1 0)
|            ( QUESTION2 -1 -5.646e+03 8.649e+01 2.203e+01
|                ( QUESTION0_0_R 1 -2.740e+03 7.329e+01 1.108e+01
|                    ( - -1.972e+03 2 0)
|                    ( - -6.943e+02 1 0))
|                ( QUESTION3 1 -2.820e+03 6.904e+01 1.095e+01
|                    ( - -2.264e+02 1 0)
|                    ( - -2.524e+03 5 0 QUESTION2_11_L -1 6.388e+01 9.954e+00))))))
s>    ( QUESTION2_18_L -1 -8.113e+03 1.002e+02 3.209e+01
s>        ( - -3.694e+02 1 0)
s>        ( QUESTION2_0_L -1 -7.644e+03 9.088e+01 3.009e+01
s>            ( QUESTION0_0_R 1 -1.123e+03 1.057e+02 4.999e+00
s>                ( - -3.690e+02 1 0)
s>                ( - -6.485e+02 1 0))
s>            ( QUESTION0_10_R 1 -6.430e+03 8.923e+01 2.509e+01
s>                ( - -6.943e+02 1 0)
s>                ( QUESTION2 -1 -5.646e+03 8.649e+01 2.203e+01
s>                    ( QUESTION0_0_R 1 -2.740e+03 7.329e+01 1.108e+01
s>                        ( - -1.972e+03 2 0)
s>                        ( - -6.943e+02 1 0))
s>                    ( QUESTION3 1 -2.820e+03 6.904e+01 1.095e+01
s>                        ( - -2.264e+02 1 0)
s>                        ( - -2.524e+03 5 0 QUESTION2_11_L -1 6.388e+01 9.954e+00))))))INFO: dtree.c(1315): Comp split 45
INFO: dtree.c(1478): Final simple tree
|( QUESTION2_18_L -1 -7.641e+03 1.002e+02 3.009e+01
|    ( - -3.694e+02 1 0)
|    ( QUESTION2_0_L -1 -7.171e+03 9.293e+01 2.809e+01
|        ( - -6.485e+02 1 0)
|        ( QUESTION0_10_R 1 -6.430e+03 8.923e+01 2.509e+01
|            ( - -6.943e+02 1 0)
|            ( QUESTION2 -1 -5.646e+03 8.649e+01 2.203e+01
|                ( QUESTION0_0_R 1 -2.740e+03 7.329e+01 1.108e+01
|                    ( - -1.972e+03 2 0)
|                    ( - -6.943e+02 1 0))
|                ( QUESTION3 1 -2.820e+03 6.904e+01 1.095e+01
|                    ( - -2.264e+02 1 0)
|                    ( QUESTION2_11_L -1 -2.524e+03 6.388e+01 9.954e+00
|                        ( - -2.017e+02 1 0)
|                        ( - -2.259e+03 4 0 QUESTION2_6_L -1 6.034e+01 8.954e+00)))))))
s>    ( QUESTION2_18_L -1 -7.641e+03 1.002e+02 3.009e+01
s>        ( - -3.694e+02 1 0)
s>        ( QUESTION2_0_L -1 -7.171e+03 9.293e+01 2.809e+01
s>            ( - -6.485e+02 1 0)
s>            ( QUESTION0_10_R 1 -6.430e+03 8.923e+01 2.509e+01
s>                ( - -6.943e+02 1 0)
s>                ( QUESTION2 -1 -5.646e+03 8.649e+01 2.203e+01
s>                    ( QUESTION0_0_R 1 -2.740e+03 7.329e+01 1.108e+01
s>                        ( - -1.972e+03 2 0)
s>                        ( - -6.943e+02 1 0))
s>                    ( QUESTION3 1 -2.820e+03 6.904e+01 1.095e+01
s>                        ( - -2.264e+02 1 0)
s>                        ( QUESTION2_11_L -1 -2.524e+03 6.388e+01 9.954e+00
s>                            ( - -2.017e+02 1 0)
s>                            ( - -2.259e+03 4 0 QUESTION2_6_L -1 6.034e+01 8.954e+00)))))))INFO: dtree.c(1315): Comp split 46
INFO: dtree.c(1439): stop. leaf nodes are specific
INFO: dtree.c(1478): Final simple tree
|( QUESTION2_6_L -1 -1.294e+03 8.067e+01 5.080e+00
|    ( - -1.003e+03 1 0)
|    ( - -2.100e+02 1 0))
s>    ( QUESTION2_6_L -1 -1.294e+03 8.067e+01 5.080e+00
s>        ( - -1.003e+03 1 0)
s>        ( - -2.100e+02 1 0))INFO: dtree.c(1315): Comp split 47
INFO: dtree.c(1478): Final simple tree
|( QUESTION2_0_L -1 -7.171e+03 9.293e+01 2.809e+01
|    ( - -6.485e+02 1 0)
|    ( QUESTION0_10_R 1 -6.430e+03 8.923e+01 2.509e+01
|        ( - -6.943e+02 1 0)
|        ( QUESTION2 -1 -5.646e+03 8.649e+01 2.203e+01
|            ( QUESTION0_0_R 1 -2.740e+03 7.329e+01 1.108e+01
|                ( - -1.972e+03 2 0)
|                ( - -6.943e+02 1 0))
|            ( QUESTION3 1 -2.820e+03 6.904e+01 1.095e+01
|                ( - -2.264e+02 1 0)
|                ( QUESTION2_11_L -1 -2.524e+03 6.388e+01 9.954e+00
|                    ( - -2.017e+02 1 0)
|                    ( QUESTION2_6_L -1 -2.259e+03 6.034e+01 8.954e+00
|                        ( - -2.263e+02 1 0)
|                        ( - -1.972e+03 3 0 QUESTION1 -1 5.914e+01 7.954e+00)))))))
s>    ( QUESTION2_0_L -1 -7.171e+03 9.293e+01 2.809e+01
s>        ( - -6.485e+02 1 0)
s>        ( QUESTION0_10_R 1 -6.430e+03 8.923e+01 2.509e+01
s>            ( - -6.943e+02 1 0)
s>            ( QUESTION2 -1 -5.646e+03 8.649e+01 2.203e+01
s>                ( QUESTION0_0_R 1 -2.740e+03 7.329e+01 1.108e+01
s>                    ( - -1.972e+03 2 0)
s>                    ( - -6.943e+02 1 0))
s>                ( QUESTION3 1 -2.820e+03 6.904e+01 1.095e+01
s>                    ( - -2.264e+02 1 0)
s>                    ( QUESTION2_11_L -1 -2.524e+03 6.388e+01 9.954e+00
s>                        ( - -2.017e+02 1 0)
s>                        ( QUESTION2_6_L -1 -2.259e+03 6.034e+01 8.954e+00
s>                            ( - -2.263e+02 1 0)
s>                            ( - -1.972e+03 3 0 QUESTION1 -1 5.914e+01 7.954e+00)))))))INFO: dtree.c(1315): Comp split 48
INFO: dtree.c(1439): stop. leaf nodes are specific
INFO: dtree.c(1478): Final simple tree
|( QUESTION2_6_L -1 -2.259e+03 6.034e+01 8.954e+00
|    ( - -2.263e+02 1 0)
|    ( QUESTION1 -1 -1.972e+03 5.914e+01 7.954e+00
|        ( QUESTION0_0_R 1 -1.715e+03 6.024e+01 6.954e+00
|            ( - -1.160e+03 1 0)
|            ( - -4.941e+02 1 0))
|        ( - -1.985e+02 1 0)))
s>    ( QUESTION2_6_L -1 -2.259e+03 6.034e+01 8.954e+00
s>        ( - -2.263e+02 1 0)
s>        ( QUESTION1 -1 -1.972e+03 5.914e+01 7.954e+00
s>            ( QUESTION0_0_R 1 -1.715e+03 6.024e+01 6.954e+00
s>                ( - -1.160e+03 1 0)
s>                ( - -4.941e+02 1 0))
s>            ( - -1.985e+02 1 0)))INFO: dtree.c(1439): stop. leaf nodes are specific
INFO: dtree.c(1478): Final simple tree
|( QUESTION2_0_L -1 -4.817e+03 9.504e+01 1.914e+01
|    ( - -6.485e+02 1 0)
|    ( QUESTION0_10_R 1 -4.074e+03 8.534e+01 1.614e+01
|        ( - -6.943e+02 1 0)
|        ( QUESTION1 -1 -3.294e+03 6.220e+01 1.308e+01
|            ( QUESTION2 1 -3.030e+03 7.265e+01 1.208e+01
|                ( - -6.943e+02 1 0)
|                ( QUESTION0_0_R 1 -2.263e+03 6.464e+01 9.030e+00
|                    ( - -1.972e+03 2 0)
|                    ( - -2.264e+02 1 0)))
|            ( - -2.017e+02 1 0))))
s>    ( QUESTION2_0_L -1 -4.817e+03 9.504e+01 1.914e+01
s>        ( - -6.485e+02 1 0)
s>        ( QUESTION0_10_R 1 -4.074e+03 8.534e+01 1.614e+01
s>            ( - -6.943e+02 1 0)
s>            ( QUESTION1 -1 -3.294e+03 6.220e+01 1.308e+01
s>                ( QUESTION2 1 -3.030e+03 7.265e+01 1.208e+01
s>                    ( - -6.943e+02 1 0)
s>                    ( QUESTION0_0_R 1 -2.263e+03 6.464e+01 9.030e+00
s>                        ( - -1.972e+03 2 0)
s>                        ( - -2.264e+02 1 0)))
s>                ( - -2.017e+02 1 0))))INFO: dtree.c(1315): Comp split 49
INFO: dtree.c(1439): stop. leaf nodes are specific
INFO: dtree.c(1478): Final simple tree
|( QUESTION0_10_R 1 -4.074e+03 8.534e+01 1.614e+01
|    ( - -6.943e+02 1 0)
|    ( QUESTION1 -1 -3.294e+03 6.220e+01 1.308e+01
|        ( QUESTION2 1 -3.030e+03 7.265e+01 1.208e+01
|            ( - -6.943e+02 1 0)
|            ( QUESTION0_0_R 1 -2.263e+03 6.464e+01 9.030e+00
|                ( - -1.972e+03 2 0)
|                ( - -2.264e+02 1 0)))
|        ( - -2.017e+02 1 0)))
s>    ( QUESTION0_10_R 1 -4.074e+03 8.534e+01 1.614e+01
s>        ( - -6.943e+02 1 0)
s>        ( QUESTION1 -1 -3.294e+03 6.220e+01 1.308e+01
s>            ( QUESTION2 1 -3.030e+03 7.265e+01 1.208e+01
s>                ( - -6.943e+02 1 0)
s>                ( QUESTION0_0_R 1 -2.263e+03 6.464e+01 9.030e+00
s>                    ( - -1.972e+03 2 0)
s>                    ( - -2.264e+02 1 0)))
s>            ( - -2.017e+02 1 0)))INFO: dtree.c(1315): Comp split 50
INFO: dtree.c(1439): stop. leaf nodes are specific
INFO: dtree.c(1478): Final simple tree
|( QUESTION0_2_R 1 -1.080e+03 7.419e+01 4.674e+00
|    ( - -1.677e+02 1 0)
|    ( - -8.378e+02 1 0))
s>    ( QUESTION0_2_R 1 -1.080e+03 7.419e+01 4.674e+00
s>        ( - -1.677e+02 1 0)
s>        ( - -8.378e+02 1 0))INFO: dtree.c(1315): Comp split 51
INFO: dtree.c(1315): Comp split 52
INFO: dtree.c(1439): stop. leaf nodes are specific
INFO: dtree.c(1478): Final simple tree
|( QUESTION1 -1 -3.294e+03 6.220e+01 1.308e+01
|    ( QUESTION2 1 -3.030e+03 7.265e+01 1.208e+01
|        ( - -6.943e+02 1 0)
|        ( QUESTION0_0_R 1 -2.263e+03 6.464e+01 9.030e+00
|            ( - -1.972e+03 2 0)
|            ( - -2.264e+02 1 0)))
|    ( - -2.017e+02 1 0))
s>    ( QUESTION1 -1 -3.294e+03 6.220e+01 1.308e+01
s>        ( QUESTION2 1 -3.030e+03 7.265e+01 1.208e+01
s>            ( - -6.943e+02 1 0)
s>            ( QUESTION0_0_R 1 -2.263e+03 6.464e+01 9.030e+00
s>                ( - -1.972e+03 2 0)
s>                ( - -2.264e+02 1 0)))
s>        ( - -2.017e+02 1 0))INFO: dtree.c(1315): Comp split 53
INFO: dtree.c(1315): Comp split 54
INFO: dtree.c(1315): Comp split 55
INFO: dtree.c(1315): Comp split 56
INFO: dtree.c(1315): Comp split 57
INFO: dtree.c(1439): stop. leaf nodes are specific
INFO: dtree.c(1478): Final simple tree
|( QUESTION3 -1 -2.525e+03 6.160e+01 1.003e+01
|    ( - -2.264e+02 1 0)
|    ( QUESTION0_0_R 1 -2.237e+03 6.278e+01 9.030e+00
|        ( - -1.972e+03 2 0)
|        ( - -2.017e+02 1 0)))
s>    ( QUESTION3 -1 -2.525e+03 6.160e+01 1.003e+01
s>        ( - -2.264e+02 1 0)
s>        ( QUESTION0_0_R 1 -2.237e+03 6.278e+01 9.030e+00
s>            ( - -1.972e+03 2 0)
s>            ( - -2.017e+02 1 0)))INFO: dtree.c(1315): Comp split 58
INFO: dtree.c(1315): Comp split 59
INFO: dtree.c(1315): Comp split 60
INFO: dtree.c(1315): Comp split 61
INFO: dtree.c(1315): Comp split 62
INFO: dtree.c(1439): stop. leaf nodes are specific
INFO: dtree.c(1478): Final simple tree
|( QUESTION0_11_R 1 -1.199e+03 6.295e+01 5.260e+00
|    ( - -4.367e+02 1 0)
|    ( - -6.990e+02 1 0))
s>    ( QUESTION0_11_R 1 -1.199e+03 6.295e+01 5.260e+00
s>        ( - -4.367e+02 1 0)
s>        ( - -6.990e+02 1 0))INFO: dtree.c(1315): Comp split 63
INFO: dtree.c(1315): Comp split 64
INFO: dtree.c(1315): Comp split 65
INFO: dtree.c(1439): stop. leaf nodes are specific
INFO: dtree.c(1478): Final simple tree
|( QUESTION0_0_R 1 -2.237e+03 6.278e+01 9.030e+00
|    ( - -1.972e+03 2 0)
|    ( - -2.017e+02 1 0))
s>    ( QUESTION0_0_R 1 -2.237e+03 6.278e+01 9.030e+00
s>        ( - -1.972e+03 2 0)
s>        ( - -2.017e+02 1 0))INFO: dtree.c(1315): Comp split 66
INFO: dtree.c(1315): Comp split 67
INFO: dtree.c(1439): stop. leaf nodes are specific
INFO: dtree.c(1478): Final simple tree
|( QUESTION1 -1 -1.704e+03 5.921e+01 6.941e+00
|    ( - -1.160e+03 1 0)
|    ( QUESTION0_0_R 1 -4.846e+02 5.987e+01 2.000e+00
|        ( - -2.263e+02 1 0)
|        ( - -1.985e+02 1 0)))
s>    ( QUESTION1 -1 -1.704e+03 5.921e+01 6.941e+00
s>        ( - -1.160e+03 1 0)
s>        ( QUESTION0_0_R 1 -4.846e+02 5.987e+01 2.000e+00
s>            ( - -2.263e+02 1 0)
s>            ( - -1.985e+02 1 0)))INFO: dtree.c(1315): Comp split 68
INFO: dtree.c(1439): stop. leaf nodes are specific
INFO: dtree.c(1478): Final simple tree
|( QUESTION0_0_R 1 -4.846e+02 5.987e+01 2.000e+00
|    ( - -2.263e+02 1 0)
|    ( - -1.985e+02 1 0))
s>    ( QUESTION0_0_R 1 -4.846e+02 5.987e+01 2.000e+00
s>        ( - -2.263e+02 1 0)
s>        ( - -1.985e+02 1 0))INFO: dtree.c(1315): Comp split 69
INFO: dtree.c(1315): Comp split 70
INFO: dtree.c(1318): stop. leaf nodes are specific
Thu May  7 00:23:32 2020
