Current configuration:
[NAME]		[DEFLT]	[VALUE]
-allphones	no	no
-cntthresh	0.00001	1.000000e-05
-csplitmax	100	2000
-csplitmin	1	1
-csplitthr	8e-4	0.000000e+00
-example	no	no
-fullvar	no	no
-help		no	no
-meanfn			/home/abdy/Desktop/diploma/kg/model_parameters/kg.cd_cont_untied/means
-mixwfn			/home/abdy/Desktop/diploma/kg/model_parameters/kg.cd_cont_untied/mixture_weights
-moddeffn		/home/abdy/Desktop/diploma/kg/model_architecture/kg.untied.mdef
-mwfloor	1e-4	1.000000e-08
-phone			p
-psetfn			/home/abdy/Desktop/diploma/kg/model_architecture/kg.tree_questions
-ssplitmax	5	7
-ssplitmin	1	1
-ssplitthr	8e-4	0.000000e+00
-state			0
-stwt			1.0,0.05,0.0,
-treefn			/home/abdy/Desktop/diploma/kg/trees/kg.unpruned/p-0.dtree
-ts2cbfn	.semi.	.cont.
-varfloor	0.00001	1.000000e-05
-varfn			/home/abdy/Desktop/diploma/kg/model_parameters/kg.cd_cont_untied/variances

INFO: main.c(223): Reading: /home/abdy/Desktop/diploma/kg/model_architecture/kg.untied.mdef
INFO: model_def_io.c(573): Model definition info:
INFO: model_def_io.c(574): 10297 total models defined (47 base, 10250 tri)
INFO: model_def_io.c(575): 41188 total states
INFO: model_def_io.c(576): 30891 total tied states
INFO: model_def_io.c(577): 141 total tied CI states
INFO: model_def_io.c(578): 47 total tied transition matrices
INFO: model_def_io.c(579): 4 max state/model
INFO: model_def_io.c(580): 4 min state/model
INFO: main.c(242): Building trees for [p SIL a b] through [p z r b]
INFO: main.c(269): Covering states |[19428 20318]| == 891
INFO: main.c(275): Reading: /home/abdy/Desktop/diploma/kg/model_parameters/kg.cd_cont_untied/mixture_weights
INFO: s3mixw_io.c(173): Read /home/abdy/Desktop/diploma/kg/model_parameters/kg.cd_cont_untied/mixture_weights [891x1x1 array]
INFO: main.c(311): 67 of 297 models have observation count greater than 0.000010
INFO: main.c(95): nrm stwt: 0.952 0.048 0.000 
INFO: s3gau_io.c(169): Read /home/abdy/Desktop/diploma/kg/model_parameters/kg.cd_cont_untied/means [30891x1x1 array]
INFO: s3gau_io.c(169): Read /home/abdy/Desktop/diploma/kg/model_parameters/kg.cd_cont_untied/variances [30891x1x1 array]
INFO: main.c(549): Reading: /home/abdy/Desktop/diploma/kg/model_architecture/kg.tree_questions
INFO: main.c(588): 174 total simple questions (166 phone; 8 word bndry)
INFO: main.c(590): 40 Left Only questions, and 42 Right Only questions
INFO: dtree.c(1478): Final simple tree
|( QUESTION13 1 -7.718e+04 1.626e+03 3.263e+02
|    ( QUESTION2_1_L -1 -7.949e+03 6.213e+02 4.500e+01
|        ( - -2.768e+02 1 0)
|        ( - -7.051e+03 1 0))
|    ( QUESTION2 -1 -6.760e+04 5.164e+02 2.813e+02
|        ( - 2.426e+02 1 0)
|        ( SILENCE 1 -6.733e+04 4.362e+02 2.803e+02
|            ( - -7.403e+03 2 0 QUESTION2_1_L -1 1.456e+02 3.540e+01)
|            ( SILENCE -1 -5.949e+04 3.102e+02 2.449e+02
|                ( - -3.457e+03 1 0)
|                ( QUESTION2_8_L -1 -5.572e+04 1.968e+02 2.299e+02
|                    ( - -2.976e+02 1 0)
|                    ( QUESTION16 -1 -5.523e+04 1.817e+02 2.279e+02
|                        ( - -3.082e+03 3 0 WDBNDRY_B 0 1.692e+02 1.400e+01)
|                        ( - -5.196e+04 57 0 QUESTION2_2_L -1 1.756e+02 2.139e+02)))))))
s>    ( QUESTION13 1 -7.718e+04 1.626e+03 3.263e+02
s>        ( QUESTION2_1_L -1 -7.949e+03 6.213e+02 4.500e+01
s>            ( - -2.768e+02 1 0)
s>            ( - -7.051e+03 1 0))
s>        ( QUESTION2 -1 -6.760e+04 5.164e+02 2.813e+02
s>            ( - 2.426e+02 1 0)
s>            ( SILENCE 1 -6.733e+04 4.362e+02 2.803e+02
s>                ( - -7.403e+03 2 0 QUESTION2_1_L -1 1.456e+02 3.540e+01)
s>                ( SILENCE -1 -5.949e+04 3.102e+02 2.449e+02
s>                    ( - -3.457e+03 1 0)
s>                    ( QUESTION2_8_L -1 -5.572e+04 1.968e+02 2.299e+02
s>                        ( - -2.976e+02 1 0)
s>                        ( QUESTION16 -1 -5.523e+04 1.817e+02 2.279e+02
s>                            ( - -3.082e+03 3 0 WDBNDRY_B 0 1.692e+02 1.400e+01)
s>                            ( - -5.196e+04 57 0 QUESTION2_2_L -1 1.756e+02 2.139e+02)))))))INFO: dtree.c(1315): Comp split 0
INFO: dtree.c(1478): Final simple tree
|( QUESTION2 -1 -6.810e+04 5.166e+02 2.833e+02
|    ( - 2.426e+02 1 0)
|    ( SILENCE 1 -6.782e+04 4.376e+02 2.823e+02
|        ( - -7.403e+03 2 0 QUESTION2_1_L -1 1.456e+02 3.540e+01)
|        ( SILENCE -1 -5.998e+04 3.108e+02 2.469e+02
|            ( - -3.457e+03 1 0)
|            ( QUESTION13 1 -5.622e+04 2.185e+02 2.319e+02
|                ( - -2.768e+02 1 0)
|                ( QUESTION2_8_L -1 -5.572e+04 1.968e+02 2.299e+02
|                    ( - -2.976e+02 1 0)
|                    ( QUESTION16 -1 -5.523e+04 1.817e+02 2.279e+02
|                        ( - -3.082e+03 3 0 WDBNDRY_B 0 1.692e+02 1.400e+01)
|                        ( QUESTION2_2_L -1 -5.196e+04 1.756e+02 2.139e+02
|                            ( - -2.533e+03 3 0 WDBNDRY_E 0 2.357e+02 1.002e+01)
|                            ( - -4.925e+04 54 0 QUESTION0_15_R 1 1.594e+02 2.038e+02))))))))
s>    ( QUESTION2 -1 -6.810e+04 5.166e+02 2.833e+02
s>        ( - 2.426e+02 1 0)
s>        ( SILENCE 1 -6.782e+04 4.376e+02 2.823e+02
s>            ( - -7.403e+03 2 0 QUESTION2_1_L -1 1.456e+02 3.540e+01)
s>            ( SILENCE -1 -5.998e+04 3.108e+02 2.469e+02
s>                ( - -3.457e+03 1 0)
s>                ( QUESTION13 1 -5.622e+04 2.185e+02 2.319e+02
s>                    ( - -2.768e+02 1 0)
s>                    ( QUESTION2_8_L -1 -5.572e+04 1.968e+02 2.299e+02
s>                        ( - -2.976e+02 1 0)
s>                        ( QUESTION16 -1 -5.523e+04 1.817e+02 2.279e+02
s>                            ( - -3.082e+03 3 0 WDBNDRY_B 0 1.692e+02 1.400e+01)
s>                            ( QUESTION2_2_L -1 -5.196e+04 1.756e+02 2.139e+02
s>                                ( - -2.533e+03 3 0 WDBNDRY_E 0 2.357e+02 1.002e+01)
s>                                ( - -4.925e+04 54 0 QUESTION0_15_R 1 1.594e+02 2.038e+02))))))))INFO: dtree.c(1315): Comp split 1
INFO: dtree.c(1478): Final simple tree
|( SILENCE 1 -6.782e+04 4.376e+02 2.823e+02
|    ( - -7.403e+03 2 0 QUESTION2_1_L -1 1.456e+02 3.540e+01)
|    ( SILENCE -1 -5.998e+04 3.108e+02 2.469e+02
|        ( - -3.457e+03 1 0)
|        ( QUESTION13 1 -5.622e+04 2.185e+02 2.319e+02
|            ( - -2.768e+02 1 0)
|            ( QUESTION2_8_L -1 -5.572e+04 1.968e+02 2.299e+02
|                ( - -2.976e+02 1 0)
|                ( QUESTION16 -1 -5.523e+04 1.817e+02 2.279e+02
|                    ( - -3.082e+03 3 0 WDBNDRY_B 0 1.692e+02 1.400e+01)
|                    ( QUESTION2_2_L -1 -5.196e+04 1.756e+02 2.139e+02
|                        ( WDBNDRY_E 0 -2.533e+03 2.357e+02 1.002e+01
|                            ( - -9.317e+02 1 0)
|                            ( - -1.365e+03 2 0 QUESTION0_12_R 1 7.587e+01 6.022e+00))
|                        ( - -4.925e+04 54 0 QUESTION0_15_R 1 1.594e+02 2.038e+02)))))))
s>    ( SILENCE 1 -6.782e+04 4.376e+02 2.823e+02
s>        ( - -7.403e+03 2 0 QUESTION2_1_L -1 1.456e+02 3.540e+01)
s>        ( SILENCE -1 -5.998e+04 3.108e+02 2.469e+02
s>            ( - -3.457e+03 1 0)
s>            ( QUESTION13 1 -5.622e+04 2.185e+02 2.319e+02
s>                ( - -2.768e+02 1 0)
s>                ( QUESTION2_8_L -1 -5.572e+04 1.968e+02 2.299e+02
s>                    ( - -2.976e+02 1 0)
s>                    ( QUESTION16 -1 -5.523e+04 1.817e+02 2.279e+02
s>                        ( - -3.082e+03 3 0 WDBNDRY_B 0 1.692e+02 1.400e+01)
s>                        ( QUESTION2_2_L -1 -5.196e+04 1.756e+02 2.139e+02
s>                            ( WDBNDRY_E 0 -2.533e+03 2.357e+02 1.002e+01
s>                                ( - -9.317e+02 1 0)
s>                                ( - -1.365e+03 2 0 QUESTION0_12_R 1 7.587e+01 6.022e+00))
s>                            ( - -4.925e+04 54 0 QUESTION0_15_R 1 1.594e+02 2.038e+02)))))))INFO: dtree.c(1315): Comp split 2
INFO: dtree.c(1478): Final simple tree
|( QUESTION13 1 -5.622e+04 2.185e+02 2.319e+02
|    ( - -2.768e+02 1 0)
|    ( QUESTION2_8_L -1 -5.572e+04 1.968e+02 2.299e+02
|        ( - -2.976e+02 1 0)
|        ( QUESTION16 -1 -5.523e+04 1.817e+02 2.279e+02
|            ( WDBNDRY_B 0 -3.082e+03 1.692e+02 1.400e+01
|                ( - -1.556e+03 1 0)
|                ( - -1.357e+03 2 0 QUESTION11 1 8.027e+01 6.000e+00))
|            ( QUESTION2_2_L -1 -5.196e+04 1.756e+02 2.139e+02
|                ( WDBNDRY_E 0 -2.533e+03 2.357e+02 1.002e+01
|                    ( - -9.317e+02 1 0)
|                    ( - -1.365e+03 2 0 QUESTION0_12_R 1 7.587e+01 6.022e+00))
|                ( QUESTION0_15_R 1 -4.925e+04 1.594e+02 2.038e+02
|                    ( - -9.450e+03 7 0 QUESTION11 -1 1.786e+02 3.993e+01)
|                    ( - -3.964e+04 47 0 QUESTION0_3_R 1 1.433e+02 1.639e+02))))))
s>    ( QUESTION13 1 -5.622e+04 2.185e+02 2.319e+02
s>        ( - -2.768e+02 1 0)
s>        ( QUESTION2_8_L -1 -5.572e+04 1.968e+02 2.299e+02
s>            ( - -2.976e+02 1 0)
s>            ( QUESTION16 -1 -5.523e+04 1.817e+02 2.279e+02
s>                ( WDBNDRY_B 0 -3.082e+03 1.692e+02 1.400e+01
s>                    ( - -1.556e+03 1 0)
s>                    ( - -1.357e+03 2 0 QUESTION11 1 8.027e+01 6.000e+00))
s>                ( QUESTION2_2_L -1 -5.196e+04 1.756e+02 2.139e+02
s>                    ( WDBNDRY_E 0 -2.533e+03 2.357e+02 1.002e+01
s>                        ( - -9.317e+02 1 0)
s>                        ( - -1.365e+03 2 0 QUESTION0_12_R 1 7.587e+01 6.022e+00))
s>                    ( QUESTION0_15_R 1 -4.925e+04 1.594e+02 2.038e+02
s>                        ( - -9.450e+03 7 0 QUESTION11 -1 1.786e+02 3.993e+01)
s>                        ( - -3.964e+04 47 0 QUESTION0_3_R 1 1.433e+02 1.639e+02))))))INFO: dtree.c(1439): stop. leaf nodes are specific
INFO: dtree.c(1478): Final simple tree
|( WDBNDRY_B 0 -1.115e+04 2.858e+02 5.042e+01
|    ( - -3.457e+03 1 0)
|    ( QUESTION2_1_L -1 -7.403e+03 1.456e+02 3.540e+01
|        ( - -6.132e+03 1 0)
|        ( - -1.126e+03 1 0)))
s>    ( WDBNDRY_B 0 -1.115e+04 2.858e+02 5.042e+01
s>        ( - -3.457e+03 1 0)
s>        ( QUESTION2_1_L -1 -7.403e+03 1.456e+02 3.540e+01
s>            ( - -6.132e+03 1 0)
s>            ( - -1.126e+03 1 0)))INFO: dtree.c(1315): Comp split 3
INFO: dtree.c(1478): Final simple tree
|( QUESTION13 1 -5.495e+04 2.179e+02 2.279e+02
|    ( - -2.768e+02 1 0)
|    ( QUESTION2_8_L -1 -5.446e+04 1.973e+02 2.259e+02
|        ( - -2.976e+02 1 0)
|        ( QUESTION16 -1 -5.396e+04 1.817e+02 2.239e+02
|            ( WDBNDRY_B 0 -3.082e+03 1.692e+02 1.400e+01
|                ( - -1.556e+03 1 0)
|                ( - -1.357e+03 2 0 QUESTION11 1 8.027e+01 6.000e+00))
|            ( QUESTION0_18_R 1 -5.070e+04 1.541e+02 2.099e+02
|                ( QUESTION11 -1 -7.552e+03 1.684e+02 3.294e+01
|                    ( - -4.144e+03 1 0)
|                    ( - -3.239e+03 3 0))
|                ( QUESTION0_3_R 1 -4.299e+04 1.417e+02 1.769e+02
|                    ( - -8.086e+03 10 0 WDBNDRY_B 0 1.689e+02 3.422e+01)
|                    ( - -3.477e+04 42 0 QUESTION2_3_L -1 1.378e+02 1.427e+02))))))
s>    ( QUESTION13 1 -5.495e+04 2.179e+02 2.279e+02
s>        ( - -2.768e+02 1 0)
s>        ( QUESTION2_8_L -1 -5.446e+04 1.973e+02 2.259e+02
s>            ( - -2.976e+02 1 0)
s>            ( QUESTION16 -1 -5.396e+04 1.817e+02 2.239e+02
s>                ( WDBNDRY_B 0 -3.082e+03 1.692e+02 1.400e+01
s>                    ( - -1.556e+03 1 0)
s>                    ( - -1.357e+03 2 0 QUESTION11 1 8.027e+01 6.000e+00))
s>                ( QUESTION0_18_R 1 -5.070e+04 1.541e+02 2.099e+02
s>                    ( QUESTION11 -1 -7.552e+03 1.684e+02 3.294e+01
s>                        ( - -4.144e+03 1 0)
s>                        ( - -3.239e+03 3 0))
s>                    ( QUESTION0_3_R 1 -4.299e+04 1.417e+02 1.769e+02
s>                        ( - -8.086e+03 10 0 WDBNDRY_B 0 1.689e+02 3.422e+01)
s>                        ( - -3.477e+04 42 0 QUESTION2_3_L -1 1.378e+02 1.427e+02))))))INFO: dtree.c(1315): Comp split 4
INFO: dtree.c(1439): stop. leaf nodes are specific
INFO: dtree.c(1478): Final simple tree
|( QUESTION2_1_L -1 -7.403e+03 1.456e+02 3.540e+01
|    ( - -6.132e+03 1 0)
|    ( - -1.126e+03 1 0))
s>    ( QUESTION2_1_L -1 -7.403e+03 1.456e+02 3.540e+01
s>        ( - -6.132e+03 1 0)
s>        ( - -1.126e+03 1 0))INFO: dtree.c(1315): Comp split 5
INFO: dtree.c(1478): Final simple tree
|( QUESTION13 1 -5.314e+04 2.171e+02 2.199e+02
|    ( - -2.768e+02 1 0)
|    ( QUESTION2_8_L -1 -5.264e+04 1.976e+02 2.179e+02
|        ( - -2.976e+02 1 0)
|        ( QUESTION0_3_R 1 -5.215e+04 1.542e+02 2.159e+02
|            ( WDBNDRY_B 0 -9.525e+03 1.636e+02 4.022e+01
|                ( - -7.821e+02 1 0)
|                ( - -8.579e+03 11 0 QUESTION19 -1 1.292e+02 3.622e+01))
|            ( QUESTION0_18_R 1 -4.247e+04 1.500e+02 1.756e+02
|                ( QUESTION11 -1 -7.552e+03 1.684e+02 3.294e+01
|                    ( - -4.144e+03 1 0)
|                    ( - -3.239e+03 3 0))
|                ( QUESTION2_3_L -1 -3.477e+04 1.378e+02 1.427e+02
|                    ( - -1.191e+04 13 0 WDBNDRY_B 0 1.824e+02 4.987e+01)
|                    ( - -2.272e+04 29 0 QUESTION14 -1 1.219e+02 9.284e+01))))))
s>    ( QUESTION13 1 -5.314e+04 2.171e+02 2.199e+02
s>        ( - -2.768e+02 1 0)
s>        ( QUESTION2_8_L -1 -5.264e+04 1.976e+02 2.179e+02
s>            ( - -2.976e+02 1 0)
s>            ( QUESTION0_3_R 1 -5.215e+04 1.542e+02 2.159e+02
s>                ( WDBNDRY_B 0 -9.525e+03 1.636e+02 4.022e+01
s>                    ( - -7.821e+02 1 0)
s>                    ( - -8.579e+03 11 0 QUESTION19 -1 1.292e+02 3.622e+01))
s>                ( QUESTION0_18_R 1 -4.247e+04 1.500e+02 1.756e+02
s>                    ( QUESTION11 -1 -7.552e+03 1.684e+02 3.294e+01
s>                        ( - -4.144e+03 1 0)
s>                        ( - -3.239e+03 3 0))
s>                    ( QUESTION2_3_L -1 -3.477e+04 1.378e+02 1.427e+02
s>                        ( - -1.191e+04 13 0 WDBNDRY_B 0 1.824e+02 4.987e+01)
s>                        ( - -2.272e+04 29 0 QUESTION14 -1 1.219e+02 9.284e+01))))))INFO: dtree.c(1315): Comp split 6
INFO: dtree.c(1478): Final simple tree
|( QUESTION13 1 -4.877e+04 2.166e+02 2.009e+02
|    ( - -2.768e+02 1 0)
|    ( QUESTION2_8_L -1 -4.827e+04 1.973e+02 1.989e+02
|        ( - -2.976e+02 1 0)
|        ( QUESTION0_3_R 1 -4.778e+04 1.524e+02 1.969e+02
|            ( WDBNDRY_B 0 -9.525e+03 1.636e+02 4.022e+01
|                ( - -7.821e+02 1 0)
|                ( - -8.579e+03 11 0 QUESTION19 -1 1.292e+02 3.622e+01))
|            ( QUESTION2_3_L -1 -3.810e+04 1.360e+02 1.566e+02
|                ( WDBNDRY_B 0 -1.191e+04 1.824e+02 4.987e+01
|                    ( - -5.512e+02 1 0)
|                    ( QUESTION0_19_R 1 -1.118e+04 1.395e+02 4.687e+01
|                        ( - -2.096e+03 1 0)
|                        ( - -8.944e+03 11 0 QUESTION11 -1 1.085e+02 3.687e+01)))
|                ( - -2.605e+04 32 0 QUESTION14 -1 1.218e+02 1.068e+02)))))
s>    ( QUESTION13 1 -4.877e+04 2.166e+02 2.009e+02
s>        ( - -2.768e+02 1 0)
s>        ( QUESTION2_8_L -1 -4.827e+04 1.973e+02 1.989e+02
s>            ( - -2.976e+02 1 0)
s>            ( QUESTION0_3_R 1 -4.778e+04 1.524e+02 1.969e+02
s>                ( WDBNDRY_B 0 -9.525e+03 1.636e+02 4.022e+01
s>                    ( - -7.821e+02 1 0)
s>                    ( - -8.579e+03 11 0 QUESTION19 -1 1.292e+02 3.622e+01))
s>                ( QUESTION2_3_L -1 -3.810e+04 1.360e+02 1.566e+02
s>                    ( WDBNDRY_B 0 -1.191e+04 1.824e+02 4.987e+01
s>                        ( - -5.512e+02 1 0)
s>                        ( QUESTION0_19_R 1 -1.118e+04 1.395e+02 4.687e+01
s>                            ( - -2.096e+03 1 0)
s>                            ( - -8.944e+03 11 0 QUESTION11 -1 1.085e+02 3.687e+01)))
s>                    ( - -2.605e+04 32 0 QUESTION14 -1 1.218e+02 1.068e+02)))))INFO: dtree.c(1315): Comp split 7
INFO: dtree.c(1478): Final simple tree
|( QUESTION2_8_L -1 -4.827e+04 1.973e+02 1.989e+02
|    ( - -2.976e+02 1 0)
|    ( QUESTION0_3_R 1 -4.778e+04 1.524e+02 1.969e+02
|        ( WDBNDRY_B 0 -9.525e+03 1.636e+02 4.022e+01
|            ( - -7.821e+02 1 0)
|            ( QUESTION19 -1 -8.579e+03 1.292e+02 3.622e+01
|                ( - -6.327e+03 7 0 WDBNDRY_E 0 1.329e+02 2.722e+01)
|                ( - -2.123e+03 4 0 QUESTION0 -1 1.078e+02 9.000e+00)))
|        ( QUESTION2_3_L -1 -3.810e+04 1.360e+02 1.566e+02
|            ( WDBNDRY_B 0 -1.191e+04 1.824e+02 4.987e+01
|                ( - -5.512e+02 1 0)
|                ( QUESTION0_19_R 1 -1.118e+04 1.395e+02 4.687e+01
|                    ( - -2.096e+03 1 0)
|                    ( - -8.944e+03 11 0 QUESTION11 -1 1.085e+02 3.687e+01)))
|            ( - -2.605e+04 32 0 QUESTION14 -1 1.218e+02 1.068e+02))))
s>    ( QUESTION2_8_L -1 -4.827e+04 1.973e+02 1.989e+02
s>        ( - -2.976e+02 1 0)
s>        ( QUESTION0_3_R 1 -4.778e+04 1.524e+02 1.969e+02
s>            ( WDBNDRY_B 0 -9.525e+03 1.636e+02 4.022e+01
s>                ( - -7.821e+02 1 0)
s>                ( QUESTION19 -1 -8.579e+03 1.292e+02 3.622e+01
s>                    ( - -6.327e+03 7 0 WDBNDRY_E 0 1.329e+02 2.722e+01)
s>                    ( - -2.123e+03 4 0 QUESTION0 -1 1.078e+02 9.000e+00)))
s>            ( QUESTION2_3_L -1 -3.810e+04 1.360e+02 1.566e+02
s>                ( WDBNDRY_B 0 -1.191e+04 1.824e+02 4.987e+01
s>                    ( - -5.512e+02 1 0)
s>                    ( QUESTION0_19_R 1 -1.118e+04 1.395e+02 4.687e+01
s>                        ( - -2.096e+03 1 0)
s>                        ( - -8.944e+03 11 0 QUESTION11 -1 1.085e+02 3.687e+01)))
s>                ( - -2.605e+04 32 0 QUESTION14 -1 1.218e+02 1.068e+02))))INFO: dtree.c(1315): Comp split 8
INFO: dtree.c(1478): Final simple tree
|( QUESTION0_3_R 1 -4.778e+04 1.524e+02 1.969e+02
|    ( WDBNDRY_B 0 -9.525e+03 1.636e+02 4.022e+01
|        ( - -7.821e+02 1 0)
|        ( QUESTION19 -1 -8.579e+03 1.292e+02 3.622e+01
|            ( WDBNDRY_E 0 -6.327e+03 1.329e+02 2.722e+01
|                ( - -4.364e+03 5 0 QUESTION11 1 1.087e+02 1.928e+01)
|                ( - -1.830e+03 2 0 QUESTION11 1 1.987e+02 7.944e+00))
|            ( - -2.123e+03 4 0 QUESTION0 -1 1.078e+02 9.000e+00)))
|    ( QUESTION2_3_L -1 -3.810e+04 1.360e+02 1.566e+02
|        ( WDBNDRY_B 0 -1.191e+04 1.824e+02 4.987e+01
|            ( - -5.512e+02 1 0)
|            ( QUESTION0_19_R 1 -1.118e+04 1.395e+02 4.687e+01
|                ( - -2.096e+03 1 0)
|                ( - -8.944e+03 11 0 QUESTION11 -1 1.085e+02 3.687e+01)))
|        ( - -2.605e+04 32 0 QUESTION14 -1 1.218e+02 1.068e+02)))
s>    ( QUESTION0_3_R 1 -4.778e+04 1.524e+02 1.969e+02
s>        ( WDBNDRY_B 0 -9.525e+03 1.636e+02 4.022e+01
s>            ( - -7.821e+02 1 0)
s>            ( QUESTION19 -1 -8.579e+03 1.292e+02 3.622e+01
s>                ( WDBNDRY_E 0 -6.327e+03 1.329e+02 2.722e+01
s>                    ( - -4.364e+03 5 0 QUESTION11 1 1.087e+02 1.928e+01)
s>                    ( - -1.830e+03 2 0 QUESTION11 1 1.987e+02 7.944e+00))
s>                ( - -2.123e+03 4 0 QUESTION0 -1 1.078e+02 9.000e+00)))
s>        ( QUESTION2_3_L -1 -3.810e+04 1.360e+02 1.566e+02
s>            ( WDBNDRY_B 0 -1.191e+04 1.824e+02 4.987e+01
s>                ( - -5.512e+02 1 0)
s>                ( QUESTION0_19_R 1 -1.118e+04 1.395e+02 4.687e+01
s>                    ( - -2.096e+03 1 0)
s>                    ( - -8.944e+03 11 0 QUESTION11 -1 1.085e+02 3.687e+01)))
s>            ( - -2.605e+04 32 0 QUESTION14 -1 1.218e+02 1.068e+02)))INFO: dtree.c(1315): Comp split 9
INFO: dtree.c(1439): stop. leaf nodes are specific
INFO: dtree.c(1478): Final simple tree
|( WDBNDRY_B 0 -3.013e+03 1.353e+02 1.400e+01
|    ( - -7.821e+02 1 0)
|    ( - -2.096e+03 1 0))
s>    ( WDBNDRY_B 0 -3.013e+03 1.353e+02 1.400e+01
s>        ( - -7.821e+02 1 0)
s>        ( - -2.096e+03 1 0))INFO: dtree.c(1478): Final simple tree
|( QUESTION0_3_R 1 -4.457e+04 1.462e+02 1.829e+02
|    ( QUESTION19 -1 -8.579e+03 1.292e+02 3.622e+01
|        ( WDBNDRY_E 0 -6.327e+03 1.329e+02 2.722e+01
|            ( - -4.364e+03 5 0 QUESTION11 1 1.087e+02 1.928e+01)
|            ( QUESTION11 1 -1.830e+03 1.987e+02 7.944e+00
|                ( - -3.153e+02 1 0)
|                ( - -1.316e+03 1 0)))
|        ( - -2.123e+03 4 0 QUESTION0 -1 1.078e+02 9.000e+00))
|    ( QUESTION4 1 -3.585e+04 1.260e+02 1.466e+02
|        ( QUESTION13 -1 -2.490e+04 1.530e+02 1.036e+02
|            ( - -1.454e+03 1 0)
|            ( QUESTION2_1_L -1 -2.329e+04 1.156e+02 9.654e+01
|                ( - -6.674e+03 7 0 WDBNDRY_E 0 8.760e+01 2.787e+01)
|                ( - -1.650e+04 16 0 WDBNDRY_E 0 1.201e+02 6.867e+01)))
|        ( - -1.082e+04 20 0 QUESTION15 -1 1.151e+02 4.301e+01)))
s>    ( QUESTION0_3_R 1 -4.457e+04 1.462e+02 1.829e+02
s>        ( QUESTION19 -1 -8.579e+03 1.292e+02 3.622e+01
s>            ( WDBNDRY_E 0 -6.327e+03 1.329e+02 2.722e+01
s>                ( - -4.364e+03 5 0 QUESTION11 1 1.087e+02 1.928e+01)
s>                ( QUESTION11 1 -1.830e+03 1.987e+02 7.944e+00
s>                    ( - -3.153e+02 1 0)
s>                    ( - -1.316e+03 1 0)))
s>            ( - -2.123e+03 4 0 QUESTION0 -1 1.078e+02 9.000e+00))
s>        ( QUESTION4 1 -3.585e+04 1.260e+02 1.466e+02
s>            ( QUESTION13 -1 -2.490e+04 1.530e+02 1.036e+02
s>                ( - -1.454e+03 1 0)
s>                ( QUESTION2_1_L -1 -2.329e+04 1.156e+02 9.654e+01
s>                    ( - -6.674e+03 7 0 WDBNDRY_E 0 8.760e+01 2.787e+01)
s>                    ( - -1.650e+04 16 0 WDBNDRY_E 0 1.201e+02 6.867e+01)))
s>            ( - -1.082e+04 20 0 QUESTION15 -1 1.151e+02 4.301e+01)))INFO: dtree.c(1315): Comp split 10
INFO: dtree.c(1439): stop. leaf nodes are specific
INFO: dtree.c(1478): Final simple tree
|( QUESTION0_2_R 1 -7.928e+03 1.471e+02 3.431e+01
|    ( WDBNDRY_E 0 -6.327e+03 1.329e+02 2.722e+01
|        ( QUESTION11 1 -4.364e+03 1.087e+02 1.928e+01
|            ( - -2.735e+03 3 0)
|            ( - -1.520e+03 2 0))
|        ( QUESTION11 1 -1.830e+03 1.987e+02 7.944e+00
|            ( - -3.153e+02 1 0)
|            ( - -1.316e+03 1 0)))
|    ( - -1.454e+03 1 0))
s>    ( QUESTION0_2_R 1 -7.928e+03 1.471e+02 3.431e+01
s>        ( WDBNDRY_E 0 -6.327e+03 1.329e+02 2.722e+01
s>            ( QUESTION11 1 -4.364e+03 1.087e+02 1.928e+01
s>                ( - -2.735e+03 3 0)
s>                ( - -1.520e+03 2 0))
s>            ( QUESTION11 1 -1.830e+03 1.987e+02 7.944e+00
s>                ( - -3.153e+02 1 0)
s>                ( - -1.316e+03 1 0)))
s>        ( - -1.454e+03 1 0))INFO: dtree.c(1478): Final simple tree
|( QUESTION4 1 -3.646e+04 1.329e+02 1.486e+02
|    ( QUESTION2_1_L -1 -2.329e+04 1.156e+02 9.654e+01
|        ( - -6.674e+03 7 0 WDBNDRY_E 0 8.760e+01 2.787e+01)
|        ( WDBNDRY_E 0 -1.650e+04 1.201e+02 6.867e+01
|            ( - -1.351e+04 13 0 QUESTION0_11_R 1 9.071e+01 5.637e+01)
|            ( - -2.876e+03 3 0)))
|    ( WDBNDRY_B 0 -1.303e+04 1.134e+02 5.201e+01
|        ( QUESTION14 -1 -2.192e+03 2.178e+02 9.000e+00
|            ( - -3.259e+02 1 0)
|            ( QUESTION11 -1 -1.649e+03 1.421e+02 7.000e+00
|                ( - -5.512e+02 1 0)
|                ( - -9.555e+02 2 0 QUESTION0_2_R 1 9.495e+01 4.000e+00)))
|        ( QUESTION2_2_L -1 -1.073e+04 1.075e+02 4.301e+01
|            ( - -1.076e+03 1 0)
|            ( - -9.543e+03 19 0 QUESTION11 1 9.532e+01 3.799e+01))))
s>    ( QUESTION4 1 -3.646e+04 1.329e+02 1.486e+02
s>        ( QUESTION2_1_L -1 -2.329e+04 1.156e+02 9.654e+01
s>            ( - -6.674e+03 7 0 WDBNDRY_E 0 8.760e+01 2.787e+01)
s>            ( WDBNDRY_E 0 -1.650e+04 1.201e+02 6.867e+01
s>                ( - -1.351e+04 13 0 QUESTION0_11_R 1 9.071e+01 5.637e+01)
s>                ( - -2.876e+03 3 0)))
s>        ( WDBNDRY_B 0 -1.303e+04 1.134e+02 5.201e+01
s>            ( QUESTION14 -1 -2.192e+03 2.178e+02 9.000e+00
s>                ( - -3.259e+02 1 0)
s>                ( QUESTION11 -1 -1.649e+03 1.421e+02 7.000e+00
s>                    ( - -5.512e+02 1 0)
s>                    ( - -9.555e+02 2 0 QUESTION0_2_R 1 9.495e+01 4.000e+00)))
s>            ( QUESTION2_2_L -1 -1.073e+04 1.075e+02 4.301e+01
s>                ( - -1.076e+03 1 0)
s>                ( - -9.543e+03 19 0 QUESTION11 1 9.532e+01 3.799e+01))))INFO: dtree.c(1315): Comp split 11
INFO: dtree.c(1478): Final simple tree
|( QUESTION4 1 -3.591e+04 1.284e+02 1.466e+02
|    ( QUESTION2_1_L -1 -2.329e+04 1.156e+02 9.654e+01
|        ( - -6.674e+03 7 0 WDBNDRY_E 0 8.760e+01 2.787e+01)
|        ( WDBNDRY_E 0 -1.650e+04 1.201e+02 6.867e+01
|            ( - -1.351e+04 13 0 QUESTION0_11_R 1 9.071e+01 5.637e+01)
|            ( - -2.876e+03 3 0)))
|    ( WDBNDRY_B 0 -1.249e+04 1.162e+02 5.001e+01
|        ( QUESTION11 -1 -1.649e+03 1.421e+02 7.000e+00
|            ( - -5.512e+02 1 0)
|            ( - -9.555e+02 2 0 QUESTION0_2_R 1 9.495e+01 4.000e+00))
|        ( QUESTION2_2_L -1 -1.073e+04 1.075e+02 4.301e+01
|            ( - -1.076e+03 1 0)
|            ( QUESTION11 1 -9.543e+03 9.532e+01 3.799e+01
|                ( - -1.849e+03 3 0 QUESTION0 -1 1.094e+02 8.000e+00)
|                ( - -7.599e+03 16 0 QUESTION11 -1 1.132e+02 2.999e+01)))))
s>    ( QUESTION4 1 -3.591e+04 1.284e+02 1.466e+02
s>        ( QUESTION2_1_L -1 -2.329e+04 1.156e+02 9.654e+01
s>            ( - -6.674e+03 7 0 WDBNDRY_E 0 8.760e+01 2.787e+01)
s>            ( WDBNDRY_E 0 -1.650e+04 1.201e+02 6.867e+01
s>                ( - -1.351e+04 13 0 QUESTION0_11_R 1 9.071e+01 5.637e+01)
s>                ( - -2.876e+03 3 0)))
s>        ( WDBNDRY_B 0 -1.249e+04 1.162e+02 5.001e+01
s>            ( QUESTION11 -1 -1.649e+03 1.421e+02 7.000e+00
s>                ( - -5.512e+02 1 0)
s>                ( - -9.555e+02 2 0 QUESTION0_2_R 1 9.495e+01 4.000e+00))
s>            ( QUESTION2_2_L -1 -1.073e+04 1.075e+02 4.301e+01
s>                ( - -1.076e+03 1 0)
s>                ( QUESTION11 1 -9.543e+03 9.532e+01 3.799e+01
s>                    ( - -1.849e+03 3 0 QUESTION0 -1 1.094e+02 8.000e+00)
s>                    ( - -7.599e+03 16 0 QUESTION11 -1 1.132e+02 2.999e+01)))))INFO: dtree.c(1315): Comp split 12
INFO: dtree.c(1439): stop. leaf nodes are specific
INFO: dtree.c(1478): Final simple tree
|( QUESTION0_2_R 1 -7.430e+03 1.457e+02 3.231e+01
|    ( WDBNDRY_E 0 -5.830e+03 1.502e+02 2.522e+01
|        ( QUESTION11 1 -4.364e+03 1.087e+02 1.928e+01
|            ( - -2.735e+03 3 0)
|            ( - -1.520e+03 2 0))
|        ( - -1.316e+03 1 0))
|    ( - -1.454e+03 1 0))
s>    ( QUESTION0_2_R 1 -7.430e+03 1.457e+02 3.231e+01
s>        ( WDBNDRY_E 0 -5.830e+03 1.502e+02 2.522e+01
s>            ( QUESTION11 1 -4.364e+03 1.087e+02 1.928e+01
s>                ( - -2.735e+03 3 0)
s>                ( - -1.520e+03 2 0))
s>            ( - -1.316e+03 1 0))
s>        ( - -1.454e+03 1 0))INFO: dtree.c(1315): Comp split 13
INFO: dtree.c(1478): Final simple tree
|( QUESTION2_3_L -1 -3.519e+04 1.378e+02 1.436e+02
|    ( QUESTION11 -1 -9.224e+03 1.031e+02 3.787e+01
|        ( QUESTION0_4_R 1 -4.302e+03 1.127e+02 1.692e+01
|            ( - -1.327e+03 2 0)
|            ( - -2.862e+03 6 0 QUESTION0_13_R 1 7.497e+01 1.092e+01))
|        ( - -4.820e+03 4 0 WDBNDRY_E 0 9.673e+01 2.096e+01))
|    ( QUESTION0_17_R 1 -2.583e+04 1.142e+02 1.057e+02
|        ( WDBNDRY_E 0 -2.399e+03 1.151e+02 1.001e+01
|            ( - -1.208e+03 2 0)
|            ( - -1.076e+03 1 0))
|        ( QUESTION11 1 -2.332e+04 1.101e+02 9.567e+01
|            ( QUESTION0 -1 -1.573e+03 1.215e+02 7.000e+00
|                ( - -3.850e+02 1 0)
|                ( - -1.066e+03 1 0))
|            ( - -2.164e+04 28 0 QUESTION0_20_R 1 9.471e+01 8.867e+01))))
s>    ( QUESTION2_3_L -1 -3.519e+04 1.378e+02 1.436e+02
s>        ( QUESTION11 -1 -9.224e+03 1.031e+02 3.787e+01
s>            ( QUESTION0_4_R 1 -4.302e+03 1.127e+02 1.692e+01
s>                ( - -1.327e+03 2 0)
s>                ( - -2.862e+03 6 0 QUESTION0_13_R 1 7.497e+01 1.092e+01))
s>            ( - -4.820e+03 4 0 WDBNDRY_E 0 9.673e+01 2.096e+01))
s>        ( QUESTION0_17_R 1 -2.583e+04 1.142e+02 1.057e+02
s>            ( WDBNDRY_E 0 -2.399e+03 1.151e+02 1.001e+01
s>                ( - -1.208e+03 2 0)
s>                ( - -1.076e+03 1 0))
s>            ( QUESTION11 1 -2.332e+04 1.101e+02 9.567e+01
s>                ( QUESTION0 -1 -1.573e+03 1.215e+02 7.000e+00
s>                    ( - -3.850e+02 1 0)
s>                    ( - -1.066e+03 1 0))
s>                ( - -2.164e+04 28 0 QUESTION0_20_R 1 9.471e+01 8.867e+01))))INFO: dtree.c(1315): Comp split 14
INFO: dtree.c(1439): stop. leaf nodes are specific
INFO: dtree.c(1478): Final simple tree
|( QUESTION11 1 -4.364e+03 1.087e+02 1.928e+01
|    ( - -2.735e+03 3 0)
|    ( - -1.520e+03 2 0))
s>    ( QUESTION11 1 -4.364e+03 1.087e+02 1.928e+01
s>        ( - -2.735e+03 3 0)
s>        ( - -1.520e+03 2 0))INFO: dtree.c(1439): stop. leaf nodes are specific
INFO: dtree.c(1478): Final simple tree
|( WDBNDRY_E 0 -2.902e+03 1.324e+02 1.304e+01
|    ( - -1.454e+03 1 0)
|    ( - -1.316e+03 1 0))
s>    ( WDBNDRY_E 0 -2.902e+03 1.324e+02 1.304e+01
s>        ( - -1.454e+03 1 0)
s>        ( - -1.316e+03 1 0))INFO: dtree.c(1315): Comp split 15
INFO: dtree.c(1439): stop. leaf nodes are specific
INFO: dtree.c(1478): Final simple tree
|( WDBNDRY_E 0 -2.499e+03 1.054e+02 1.100e+01
|    ( - -1.327e+03 2 0)
|    ( - -1.066e+03 1 0))
s>    ( WDBNDRY_E 0 -2.499e+03 1.054e+02 1.100e+01
s>        ( - -1.327e+03 2 0)
s>        ( - -1.066e+03 1 0))INFO: dtree.c(1478): Final simple tree
|( QUESTION4 1 -3.254e+04 1.279e+02 1.326e+02
|    ( QUESTION2_1_L -1 -2.329e+04 1.156e+02 9.654e+01
|        ( - -6.674e+03 7 0 WDBNDRY_E 0 8.760e+01 2.787e+01)
|        ( WDBNDRY_E 0 -1.650e+04 1.201e+02 6.867e+01
|            ( QUESTION0_11_R 1 -1.351e+04 9.071e+01 5.637e+01
|                ( - -1.031e+04 11 0 QUESTION0_12_R 1 7.545e+01 4.297e+01)
|                ( - -3.107e+03 2 0))
|            ( - -2.876e+03 3 0)))
|    ( QUESTION2_2_L -1 -9.120e+03 1.048e+02 3.601e+01
|        ( - -1.076e+03 1 0)
|        ( QUESTION0_11_R 1 -7.938e+03 9.442e+01 3.099e+01
|            ( QUESTION2_1_L -1 -1.789e+03 1.156e+02 6.991e+00
|                ( - -4.660e+02 1 0)
|                ( - -1.208e+03 2 0))
|            ( - -6.055e+03 15 0 QUESTION15 -1 8.509e+01 2.400e+01))))
s>    ( QUESTION4 1 -3.254e+04 1.279e+02 1.326e+02
s>        ( QUESTION2_1_L -1 -2.329e+04 1.156e+02 9.654e+01
s>            ( - -6.674e+03 7 0 WDBNDRY_E 0 8.760e+01 2.787e+01)
s>            ( WDBNDRY_E 0 -1.650e+04 1.201e+02 6.867e+01
s>                ( QUESTION0_11_R 1 -1.351e+04 9.071e+01 5.637e+01
s>                    ( - -1.031e+04 11 0 QUESTION0_12_R 1 7.545e+01 4.297e+01)
s>                    ( - -3.107e+03 2 0))
s>                ( - -2.876e+03 3 0)))
s>        ( QUESTION2_2_L -1 -9.120e+03 1.048e+02 3.601e+01
s>            ( - -1.076e+03 1 0)
s>            ( QUESTION0_11_R 1 -7.938e+03 9.442e+01 3.099e+01
s>                ( QUESTION2_1_L -1 -1.789e+03 1.156e+02 6.991e+00
s>                    ( - -4.660e+02 1 0)
s>                    ( - -1.208e+03 2 0))
s>                ( - -6.055e+03 15 0 QUESTION15 -1 8.509e+01 2.400e+01))))INFO: dtree.c(1315): Comp split 16
INFO: dtree.c(1478): Final simple tree
|( QUESTION2_1_L -1 -2.085e+04 1.128e+02 8.625e+01
|    ( QUESTION0_12_R 1 -7.232e+03 9.212e+01 2.987e+01
|        ( WDBNDRY_E 0 -6.674e+03 8.760e+01 2.787e+01
|            ( QUESTION0_13_R 1 -1.345e+03 8.503e+01 5.912e+00
|                ( - -3.757e+02 1 0)
|                ( - -8.844e+02 1 0))
|            ( QUESTION11 -1 -5.241e+03 1.061e+02 2.196e+01
|                ( - -1.363e+03 3 0 QUESTION0_13_R 1 7.151e+01 5.005e+00)
|                ( QUESTION2_2_L -1 -3.772e+03 7.873e+01 1.696e+01
|                    ( - -2.132e+02 1 0)
|                    ( - -3.480e+03 1 0))))
|        ( - -4.660e+02 1 0))
|    ( QUESTION0_11_R 1 -1.351e+04 9.071e+01 5.637e+01
|        ( - -1.031e+04 11 0 QUESTION0_12_R 1 7.545e+01 4.297e+01)
|        ( - -3.107e+03 2 0)))
s>    ( QUESTION2_1_L -1 -2.085e+04 1.128e+02 8.625e+01
s>        ( QUESTION0_12_R 1 -7.232e+03 9.212e+01 2.987e+01
s>            ( WDBNDRY_E 0 -6.674e+03 8.760e+01 2.787e+01
s>                ( QUESTION0_13_R 1 -1.345e+03 8.503e+01 5.912e+00
s>                    ( - -3.757e+02 1 0)
s>                    ( - -8.844e+02 1 0))
s>                ( QUESTION11 -1 -5.241e+03 1.061e+02 2.196e+01
s>                    ( - -1.363e+03 3 0 QUESTION0_13_R 1 7.151e+01 5.005e+00)
s>                    ( QUESTION2_2_L -1 -3.772e+03 7.873e+01 1.696e+01
s>                        ( - -2.132e+02 1 0)
s>                        ( - -3.480e+03 1 0))))
s>            ( - -4.660e+02 1 0))
s>        ( QUESTION0_11_R 1 -1.351e+04 9.071e+01 5.637e+01
s>            ( - -1.031e+04 11 0 QUESTION0_12_R 1 7.545e+01 4.297e+01)
s>            ( - -3.107e+03 2 0)))INFO: dtree.c(1478): Final simple tree
|( QUESTION0_10_R 1 -1.154e+04 1.169e+02 4.631e+01
|    ( QUESTION0_15_R 1 -6.127e+03 1.194e+02 2.531e+01
|        ( WDBNDRY_E 0 -2.399e+03 1.151e+02 1.001e+01
|            ( - -1.208e+03 2 0)
|            ( - -1.076e+03 1 0))
|        ( - -3.609e+03 5 0 WDBNDRY_E 0 5.842e+01 1.529e+01))
|    ( QUESTION15 -1 -5.296e+03 8.702e+01 2.100e+01
|        ( WDBNDRY_B 0 -9.196e+02 7.692e+01 4.000e+00
|            ( - -6.325e+02 1 0)
|            ( - -2.102e+02 1 0))
|        ( QUESTION13 -1 -4.289e+03 8.568e+01 1.700e+01
|            ( WDBNDRY_E 0 -1.166e+03 1.931e+02 5.000e+00
|                ( - -7.195e+02 1 0)
|                ( - -2.535e+02 1 0))
|            ( - -3.038e+03 9 0 QUESTION1 -1 7.183e+01 1.200e+01))))
s>    ( QUESTION0_10_R 1 -1.154e+04 1.169e+02 4.631e+01
s>        ( QUESTION0_15_R 1 -6.127e+03 1.194e+02 2.531e+01
s>            ( WDBNDRY_E 0 -2.399e+03 1.151e+02 1.001e+01
s>                ( - -1.208e+03 2 0)
s>                ( - -1.076e+03 1 0))
s>            ( - -3.609e+03 5 0 WDBNDRY_E 0 5.842e+01 1.529e+01))
s>        ( QUESTION15 -1 -5.296e+03 8.702e+01 2.100e+01
s>            ( WDBNDRY_B 0 -9.196e+02 7.692e+01 4.000e+00
s>                ( - -6.325e+02 1 0)
s>                ( - -2.102e+02 1 0))
s>            ( QUESTION13 -1 -4.289e+03 8.568e+01 1.700e+01
s>                ( WDBNDRY_E 0 -1.166e+03 1.931e+02 5.000e+00
s>                    ( - -7.195e+02 1 0)
s>                    ( - -2.535e+02 1 0))
s>                ( - -3.038e+03 9 0 QUESTION1 -1 7.183e+01 1.200e+01))))INFO: dtree.c(1315): Comp split 17
INFO: dtree.c(1478): Final simple tree
|( QUESTION0_10_R 1 -1.062e+04 1.205e+02 4.231e+01
|    ( QUESTION0_15_R 1 -6.127e+03 1.194e+02 2.531e+01
|        ( WDBNDRY_E 0 -2.399e+03 1.151e+02 1.001e+01
|            ( - -1.208e+03 2 0)
|            ( - -1.076e+03 1 0))
|        ( - -3.609e+03 5 0 WDBNDRY_E 0 5.842e+01 1.529e+01))
|    ( QUESTION15 -1 -4.374e+03 8.892e+01 1.700e+01
|        ( - -9.196e+02 2 0 WDBNDRY_B 0 7.692e+01 4.000e+00)
|        ( QUESTION0 -1 -3.366e+03 7.778e+01 1.300e+01
|            ( QUESTION0_3_R 1 -1.663e+03 1.072e+02 7.000e+00
|                ( - -3.850e+02 1 0)
|                ( QUESTION0_6_R 1 -1.170e+03 8.954e+01 5.000e+00
|                    ( - -4.865e+02 2 0 QUESTION1 -1 7.726e+01 2.000e+00)
|                    ( - -5.944e+02 1 0)))
|            ( - -1.625e+03 6 0 QUESTION3 1 6.603e+01 6.000e+00))))
s>    ( QUESTION0_10_R 1 -1.062e+04 1.205e+02 4.231e+01
s>        ( QUESTION0_15_R 1 -6.127e+03 1.194e+02 2.531e+01
s>            ( WDBNDRY_E 0 -2.399e+03 1.151e+02 1.001e+01
s>                ( - -1.208e+03 2 0)
s>                ( - -1.076e+03 1 0))
s>            ( - -3.609e+03 5 0 WDBNDRY_E 0 5.842e+01 1.529e+01))
s>        ( QUESTION15 -1 -4.374e+03 8.892e+01 1.700e+01
s>            ( - -9.196e+02 2 0 WDBNDRY_B 0 7.692e+01 4.000e+00)
s>            ( QUESTION0 -1 -3.366e+03 7.778e+01 1.300e+01
s>                ( QUESTION0_3_R 1 -1.663e+03 1.072e+02 7.000e+00
s>                    ( - -3.850e+02 1 0)
s>                    ( QUESTION0_6_R 1 -1.170e+03 8.954e+01 5.000e+00
s>                        ( - -4.865e+02 2 0 QUESTION1 -1 7.726e+01 2.000e+00)
s>                        ( - -5.944e+02 1 0)))
s>                ( - -1.625e+03 6 0 QUESTION3 1 6.603e+01 6.000e+00))))INFO: dtree.c(1315): Comp split 18
INFO: dtree.c(1315): Comp split 19
INFO: dtree.c(1478): Final simple tree
|( QUESTION0_10_R 1 -4.678e+03 1.045e+02 1.799e+01
|    ( - -1.208e+03 2 0)
|    ( QUESTION0 -1 -3.366e+03 7.778e+01 1.300e+01
|        ( QUESTION0_3_R 1 -1.663e+03 1.072e+02 7.000e+00
|            ( - -3.850e+02 1 0)
|            ( QUESTION0_6_R 1 -1.170e+03 8.954e+01 5.000e+00
|                ( QUESTION1 -1 -4.865e+02 7.726e+01 2.000e+00
|                    ( - -2.035e+02 1 0)
|                    ( - -2.057e+02 1 0))
|                ( - -5.944e+02 1 0)))
|        ( QUESTION3 1 -1.625e+03 6.603e+01 6.000e+00
|            ( - -1.810e+02 1 0)
|            ( QUESTION13 -1 -1.378e+03 6.347e+01 5.000e+00
|                ( - -2.535e+02 1 0)
|                ( - -1.061e+03 4 0 WDBNDRY_B 0 6.343e+01 4.000e+00)))))
s>    ( QUESTION0_10_R 1 -4.678e+03 1.045e+02 1.799e+01
s>        ( - -1.208e+03 2 0)
s>        ( QUESTION0 -1 -3.366e+03 7.778e+01 1.300e+01
s>            ( QUESTION0_3_R 1 -1.663e+03 1.072e+02 7.000e+00
s>                ( - -3.850e+02 1 0)
s>                ( QUESTION0_6_R 1 -1.170e+03 8.954e+01 5.000e+00
s>                    ( QUESTION1 -1 -4.865e+02 7.726e+01 2.000e+00
s>                        ( - -2.035e+02 1 0)
s>                        ( - -2.057e+02 1 0))
s>                    ( - -5.944e+02 1 0)))
s>            ( QUESTION3 1 -1.625e+03 6.603e+01 6.000e+00
s>                ( - -1.810e+02 1 0)
s>                ( QUESTION13 -1 -1.378e+03 6.347e+01 5.000e+00
s>                    ( - -2.535e+02 1 0)
s>                    ( - -1.061e+03 4 0 WDBNDRY_B 0 6.343e+01 4.000e+00)))))INFO: dtree.c(1439): stop. leaf nodes are specific
INFO: dtree.c(1478): Final simple tree
|( WDBNDRY_B 0 -5.803e+03 1.069e+02 2.432e+01
|    ( - -6.325e+02 1 0)
|    ( QUESTION0_15_R 1 -5.064e+03 1.069e+02 2.132e+01
|        ( - -1.076e+03 1 0)
|        ( QUESTION0_2_R 1 -3.881e+03 6.182e+01 1.629e+01
|            ( - -2.102e+02 1 0)
|            ( WDBNDRY_E 0 -3.609e+03 5.842e+01 1.529e+01
|                ( - -6.739e+02 2 0)
|                ( - -2.876e+03 3 0)))))
s>    ( WDBNDRY_B 0 -5.803e+03 1.069e+02 2.432e+01
s>        ( - -6.325e+02 1 0)
s>        ( QUESTION0_15_R 1 -5.064e+03 1.069e+02 2.132e+01
s>            ( - -1.076e+03 1 0)
s>            ( QUESTION0_2_R 1 -3.881e+03 6.182e+01 1.629e+01
s>                ( - -2.102e+02 1 0)
s>                ( WDBNDRY_E 0 -3.609e+03 5.842e+01 1.529e+01
s>                    ( - -6.739e+02 2 0)
s>                    ( - -2.876e+03 3 0)))))INFO: dtree.c(1315): Comp split 20
INFO: dtree.c(1315): Comp split 21
INFO: dtree.c(1478): Final simple tree
|( QUESTION2_1_L -1 -1.724e+04 1.246e+02 7.029e+01
|    ( QUESTION0_12_R 1 -3.605e+03 9.004e+01 1.392e+01
|        ( WDBNDRY_E 0 -3.049e+03 8.279e+01 1.192e+01
|            ( QUESTION0_13_R 1 -1.345e+03 8.503e+01 5.912e+00
|                ( - -3.757e+02 1 0)
|                ( - -8.844e+02 1 0))
|            ( QUESTION0_13_R 1 -1.621e+03 6.611e+01 6.005e+00
|                ( - -1.307e+03 3 0 QUESTION11 -1 5.036e+01 5.005e+00)
|                ( - -2.485e+02 1 0)))
|        ( - -4.660e+02 1 0))
|    ( QUESTION0_11_R 1 -1.351e+04 9.071e+01 5.637e+01
|        ( QUESTION0_12_R 1 -1.031e+04 7.545e+01 4.297e+01
|            ( - -6.995e+03 8 0 QUESTION0_13_R 1 4.477e+01 2.903e+01)
|            ( - -3.239e+03 3 0))
|        ( - -3.107e+03 2 0)))
s>    ( QUESTION2_1_L -1 -1.724e+04 1.246e+02 7.029e+01
s>        ( QUESTION0_12_R 1 -3.605e+03 9.004e+01 1.392e+01
s>            ( WDBNDRY_E 0 -3.049e+03 8.279e+01 1.192e+01
s>                ( QUESTION0_13_R 1 -1.345e+03 8.503e+01 5.912e+00
s>                    ( - -3.757e+02 1 0)
s>                    ( - -8.844e+02 1 0))
s>                ( QUESTION0_13_R 1 -1.621e+03 6.611e+01 6.005e+00
s>                    ( - -1.307e+03 3 0 QUESTION11 -1 5.036e+01 5.005e+00)
s>                    ( - -2.485e+02 1 0)))
s>            ( - -4.660e+02 1 0))
s>        ( QUESTION0_11_R 1 -1.351e+04 9.071e+01 5.637e+01
s>            ( QUESTION0_12_R 1 -1.031e+04 7.545e+01 4.297e+01
s>                ( - -6.995e+03 8 0 QUESTION0_13_R 1 4.477e+01 2.903e+01)
s>                ( - -3.239e+03 3 0))
s>            ( - -3.107e+03 2 0)))INFO: dtree.c(1315): Comp split 22
INFO: dtree.c(1315): Comp split 23
INFO: dtree.c(1439): stop. leaf nodes are specific
INFO: dtree.c(1478): Final simple tree
|( QUESTION0_11_R 1 -1.351e+04 9.071e+01 5.637e+01
|    ( QUESTION0_12_R 1 -1.031e+04 7.545e+01 4.297e+01
|        ( QUESTION0_13_R 1 -6.995e+03 4.477e+01 2.903e+01
|            ( - -6.231e+03 5 0)
|            ( - -7.196e+02 3 0))
|        ( - -3.239e+03 3 0))
|    ( - -3.107e+03 2 0))
s>    ( QUESTION0_11_R 1 -1.351e+04 9.071e+01 5.637e+01
s>        ( QUESTION0_12_R 1 -1.031e+04 7.545e+01 4.297e+01
s>            ( QUESTION0_13_R 1 -6.995e+03 4.477e+01 2.903e+01
s>                ( - -6.231e+03 5 0)
s>                ( - -7.196e+02 3 0))
s>            ( - -3.239e+03 3 0))
s>        ( - -3.107e+03 2 0))INFO: dtree.c(1439): stop. leaf nodes are specific
INFO: dtree.c(1478): Final simple tree
|( QUESTION0_12_R 1 -3.605e+03 9.004e+01 1.392e+01
|    ( WDBNDRY_E 0 -3.049e+03 8.279e+01 1.192e+01
|        ( QUESTION0_13_R 1 -1.345e+03 8.503e+01 5.912e+00
|            ( - -3.757e+02 1 0)
|            ( - -8.844e+02 1 0))
|        ( QUESTION0_13_R 1 -1.621e+03 6.611e+01 6.005e+00
|            ( QUESTION11 -1 -1.307e+03 5.036e+01 5.005e+00
|                ( - -1.043e+03 2 0)
|                ( - -2.132e+02 1 0))
|            ( - -2.485e+02 1 0)))
|    ( - -4.660e+02 1 0))
s>    ( QUESTION0_12_R 1 -3.605e+03 9.004e+01 1.392e+01
s>        ( WDBNDRY_E 0 -3.049e+03 8.279e+01 1.192e+01
s>            ( QUESTION0_13_R 1 -1.345e+03 8.503e+01 5.912e+00
s>                ( - -3.757e+02 1 0)
s>                ( - -8.844e+02 1 0))
s>            ( QUESTION0_13_R 1 -1.621e+03 6.611e+01 6.005e+00
s>                ( QUESTION11 -1 -1.307e+03 5.036e+01 5.005e+00
s>                    ( - -1.043e+03 2 0)
s>                    ( - -2.132e+02 1 0))
s>                ( - -2.485e+02 1 0)))
s>        ( - -4.660e+02 1 0))INFO: dtree.c(1315): Comp split 24
INFO: dtree.c(1478): Final simple tree
|( QUESTION0_10_R 1 -3.964e+03 1.004e+02 1.499e+01
|    ( - -1.208e+03 2 0)
|    ( QUESTION13 -1 -2.655e+03 6.921e+01 1.000e+01
|        ( - -2.535e+02 1 0)
|        ( QUESTION3 1 -2.333e+03 6.715e+01 9.000e+00
|            ( - -1.810e+02 1 0)
|            ( WDBNDRY_B 0 -2.085e+03 6.427e+01 8.000e+00
|                ( - -2.281e+02 1 0)
|                ( QUESTION0_3_R 1 -1.792e+03 6.322e+01 7.000e+00
|                    ( WDBNDRY_E 0 -6.923e+02 9.093e+01 3.000e+00
|                        ( - -2.163e+02 1 0)
|                        ( - -3.850e+02 1 0))
|                    ( QUESTION1 -1 -1.037e+03 6.465e+01 4.000e+00
|                        ( - -2.035e+02 1 0)
|                        ( - -7.687e+02 3 0 QUESTION0 -1 6.204e+01 3.000e+00)))))))
s>    ( QUESTION0_10_R 1 -3.964e+03 1.004e+02 1.499e+01
s>        ( - -1.208e+03 2 0)
s>        ( QUESTION13 -1 -2.655e+03 6.921e+01 1.000e+01
s>            ( - -2.535e+02 1 0)
s>            ( QUESTION3 1 -2.333e+03 6.715e+01 9.000e+00
s>                ( - -1.810e+02 1 0)
s>                ( WDBNDRY_B 0 -2.085e+03 6.427e+01 8.000e+00
s>                    ( - -2.281e+02 1 0)
s>                    ( QUESTION0_3_R 1 -1.792e+03 6.322e+01 7.000e+00
s>                        ( WDBNDRY_E 0 -6.923e+02 9.093e+01 3.000e+00
s>                            ( - -2.163e+02 1 0)
s>                            ( - -3.850e+02 1 0))
s>                        ( QUESTION1 -1 -1.037e+03 6.465e+01 4.000e+00
s>                            ( - -2.035e+02 1 0)
s>                            ( - -7.687e+02 3 0 QUESTION0 -1 6.204e+01 3.000e+00)))))))INFO: dtree.c(1315): Comp split 25
INFO: dtree.c(1439): stop. leaf nodes are specific
INFO: dtree.c(1478): Final simple tree
|( QUESTION0_2_R 1 -3.881e+03 6.182e+01 1.629e+01
|    ( - -2.102e+02 1 0)
|    ( WDBNDRY_E 0 -3.609e+03 5.842e+01 1.529e+01
|        ( - -6.739e+02 2 0)
|        ( - -2.876e+03 3 0)))
s>    ( QUESTION0_2_R 1 -3.881e+03 6.182e+01 1.629e+01
s>        ( - -2.102e+02 1 0)
s>        ( WDBNDRY_E 0 -3.609e+03 5.842e+01 1.529e+01
s>            ( - -6.739e+02 2 0)
s>            ( - -2.876e+03 3 0)))INFO: dtree.c(1439): stop. leaf nodes are specific
INFO: dtree.c(1478): Final simple tree
|( WDBNDRY_B 0 -1.809e+03 1.005e+02 8.022e+00
|    ( - -6.325e+02 1 0)
|    ( - -1.076e+03 1 0))
s>    ( WDBNDRY_B 0 -1.809e+03 1.005e+02 8.022e+00
s>        ( - -6.325e+02 1 0)
s>        ( - -1.076e+03 1 0))INFO: dtree.c(1315): Comp split 26
INFO: dtree.c(1478): Final simple tree
|( QUESTION0_10_R 1 -3.468e+03 9.963e+01 1.299e+01
|    ( - -1.208e+03 2 0)
|    ( QUESTION3 1 -2.161e+03 6.615e+01 8.000e+00
|        ( - -1.810e+02 1 0)
|        ( QUESTION13 -1 -1.913e+03 6.524e+01 7.000e+00
|            ( - -2.535e+02 1 0)
|            ( WDBNDRY_B 0 -1.595e+03 6.513e+01 6.000e+00
|                ( - -2.281e+02 1 0)
|                ( QUESTION4 -1 -1.301e+03 6.249e+01 5.000e+00
|                    ( - -2.057e+02 1 0)
|                    ( QUESTION0 -1 -1.033e+03 5.995e+01 4.000e+00
|                        ( - -2.035e+02 1 0)
|                        ( QUESTION0_7_R 1 -7.698e+02 5.532e+01 3.000e+00
|                            ( - -2.329e+02 1 0)
|                            ( - -4.816e+02 2 0 WDBNDRY_E 0 5.152e+01 2.000e+00))))))))
s>    ( QUESTION0_10_R 1 -3.468e+03 9.963e+01 1.299e+01
s>        ( - -1.208e+03 2 0)
s>        ( QUESTION3 1 -2.161e+03 6.615e+01 8.000e+00
s>            ( - -1.810e+02 1 0)
s>            ( QUESTION13 -1 -1.913e+03 6.524e+01 7.000e+00
s>                ( - -2.535e+02 1 0)
s>                ( WDBNDRY_B 0 -1.595e+03 6.513e+01 6.000e+00
s>                    ( - -2.281e+02 1 0)
s>                    ( QUESTION4 -1 -1.301e+03 6.249e+01 5.000e+00
s>                        ( - -2.057e+02 1 0)
s>                        ( QUESTION0 -1 -1.033e+03 5.995e+01 4.000e+00
s>                            ( - -2.035e+02 1 0)
s>                            ( QUESTION0_7_R 1 -7.698e+02 5.532e+01 3.000e+00
s>                                ( - -2.329e+02 1 0)
s>                                ( - -4.816e+02 2 0 WDBNDRY_E 0 5.152e+01 2.000e+00))))))))INFO: dtree.c(1315): Comp split 27
INFO: dtree.c(1315): Comp split 28
INFO: dtree.c(1315): Comp split 29
INFO: dtree.c(1315): Comp split 30
INFO: dtree.c(1478): Final simple tree
|( QUESTION3 1 -2.161e+03 6.615e+01 8.000e+00
|    ( - -1.810e+02 1 0)
|    ( QUESTION13 -1 -1.913e+03 6.524e+01 7.000e+00
|        ( - -2.535e+02 1 0)
|        ( WDBNDRY_B 0 -1.595e+03 6.513e+01 6.000e+00
|            ( - -2.281e+02 1 0)
|            ( QUESTION4 -1 -1.301e+03 6.249e+01 5.000e+00
|                ( - -2.057e+02 1 0)
|                ( QUESTION0 -1 -1.033e+03 5.995e+01 4.000e+00
|                    ( - -2.035e+02 1 0)
|                    ( QUESTION0_7_R 1 -7.698e+02 5.532e+01 3.000e+00
|                        ( - -2.329e+02 1 0)
|                        ( WDBNDRY_E 0 -4.816e+02 5.152e+01 2.000e+00
|                            ( - -2.163e+02 1 0)
|                            ( - -2.137e+02 1 0))))))))
s>    ( QUESTION3 1 -2.161e+03 6.615e+01 8.000e+00
s>        ( - -1.810e+02 1 0)
s>        ( QUESTION13 -1 -1.913e+03 6.524e+01 7.000e+00
s>            ( - -2.535e+02 1 0)
s>            ( WDBNDRY_B 0 -1.595e+03 6.513e+01 6.000e+00
s>                ( - -2.281e+02 1 0)
s>                ( QUESTION4 -1 -1.301e+03 6.249e+01 5.000e+00
s>                    ( - -2.057e+02 1 0)
s>                    ( QUESTION0 -1 -1.033e+03 5.995e+01 4.000e+00
s>                        ( - -2.035e+02 1 0)
s>                        ( QUESTION0_7_R 1 -7.698e+02 5.532e+01 3.000e+00
s>                            ( - -2.329e+02 1 0)
s>                            ( WDBNDRY_E 0 -4.816e+02 5.152e+01 2.000e+00
s>                                ( - -2.163e+02 1 0)
s>                                ( - -2.137e+02 1 0))))))))INFO: dtree.c(1315): Comp split 31
INFO: dtree.c(1439): stop. leaf nodes are specific
INFO: dtree.c(1478): Final simple tree
|( QUESTION0_13_R 1 -2.455e+03 8.055e+01 9.917e+00
|    ( WDBNDRY_E 0 -1.490e+03 7.137e+01 6.005e+00
|        ( - -3.757e+02 1 0)
|        ( - -1.043e+03 2 0))
|    ( - -8.844e+02 1 0))
s>    ( QUESTION0_13_R 1 -2.455e+03 8.055e+01 9.917e+00
s>        ( WDBNDRY_E 0 -1.490e+03 7.137e+01 6.005e+00
s>            ( - -3.757e+02 1 0)
s>            ( - -1.043e+03 2 0))
s>        ( - -8.844e+02 1 0))INFO: dtree.c(1439): stop. leaf nodes are specific
INFO: dtree.c(1478): Final simple tree
|( WDBNDRY_E 0 -1.057e+03 7.960e+01 4.000e+00
|    ( - -4.660e+02 1 0)
|    ( QUESTION0_13_R 1 -5.111e+02 4.937e+01 2.000e+00
|        ( - -2.132e+02 1 0)
|        ( - -2.485e+02 1 0)))
s>    ( WDBNDRY_E 0 -1.057e+03 7.960e+01 4.000e+00
s>        ( - -4.660e+02 1 0)
s>        ( QUESTION0_13_R 1 -5.111e+02 4.937e+01 2.000e+00
s>            ( - -2.132e+02 1 0)
s>            ( - -2.485e+02 1 0)))INFO: dtree.c(1315): Comp split 32
INFO: dtree.c(1439): stop. leaf nodes are specific
INFO: dtree.c(1478): Final simple tree
|( QUESTION0_12_R 1 -1.031e+04 7.545e+01 4.297e+01
|    ( QUESTION0_13_R 1 -6.995e+03 4.477e+01 2.903e+01
|        ( - -6.231e+03 5 0)
|        ( - -7.196e+02 3 0))
|    ( - -3.239e+03 3 0))
s>    ( QUESTION0_12_R 1 -1.031e+04 7.545e+01 4.297e+01
s>        ( QUESTION0_13_R 1 -6.995e+03 4.477e+01 2.903e+01
s>            ( - -6.231e+03 5 0)
s>            ( - -7.196e+02 3 0))
s>        ( - -3.239e+03 3 0))INFO: dtree.c(1315): Comp split 33
INFO: dtree.c(1439): stop. leaf nodes are specific
INFO: dtree.c(1478): Final simple tree
|( WDBNDRY_E 0 -1.490e+03 7.137e+01 6.005e+00
|    ( - -3.757e+02 1 0)
|    ( - -1.043e+03 2 0))
s>    ( WDBNDRY_E 0 -1.490e+03 7.137e+01 6.005e+00
s>        ( - -3.757e+02 1 0)
s>        ( - -1.043e+03 2 0))INFO: dtree.c(1315): Comp split 34
INFO: dtree.c(1439): stop. leaf nodes are specific
INFO: dtree.c(1478): Final simple tree
|( QUESTION0_13_R 1 -5.111e+02 4.937e+01 2.000e+00
|    ( - -2.132e+02 1 0)
|    ( - -2.485e+02 1 0))
s>    ( QUESTION0_13_R 1 -5.111e+02 4.937e+01 2.000e+00
s>        ( - -2.132e+02 1 0)
s>        ( - -2.485e+02 1 0))INFO: dtree.c(1315): Comp split 35
INFO: dtree.c(1439): stop. leaf nodes are specific
INFO: dtree.c(1478): Final simple tree
|( QUESTION0_13_R 1 -6.995e+03 4.477e+01 2.903e+01
|    ( - -6.231e+03 5 0)
|    ( - -7.196e+02 3 0))
s>    ( QUESTION0_13_R 1 -6.995e+03 4.477e+01 2.903e+01
s>        ( - -6.231e+03 5 0)
s>        ( - -7.196e+02 3 0))INFO: dtree.c(1315): Comp split 36
INFO: dtree.c(1315): Comp split 37
INFO: dtree.c(1439): stop. leaf nodes are specific
INFO: dtree.c(1478): Final simple tree
|( QUESTION13 -1 -1.913e+03 6.524e+01 7.000e+00
|    ( - -2.535e+02 1 0)
|    ( WDBNDRY_B 0 -1.595e+03 6.513e+01 6.000e+00
|        ( - -2.281e+02 1 0)
|        ( QUESTION4 -1 -1.301e+03 6.249e+01 5.000e+00
|            ( - -2.057e+02 1 0)
|            ( QUESTION0 -1 -1.033e+03 5.995e+01 4.000e+00
|                ( - -2.035e+02 1 0)
|                ( QUESTION0_7_R 1 -7.698e+02 5.532e+01 3.000e+00
|                    ( - -2.329e+02 1 0)
|                    ( WDBNDRY_E 0 -4.816e+02 5.152e+01 2.000e+00
|                        ( - -2.163e+02 1 0)
|                        ( - -2.137e+02 1 0)))))))
s>    ( QUESTION13 -1 -1.913e+03 6.524e+01 7.000e+00
s>        ( - -2.535e+02 1 0)
s>        ( WDBNDRY_B 0 -1.595e+03 6.513e+01 6.000e+00
s>            ( - -2.281e+02 1 0)
s>            ( QUESTION4 -1 -1.301e+03 6.249e+01 5.000e+00
s>                ( - -2.057e+02 1 0)
s>                ( QUESTION0 -1 -1.033e+03 5.995e+01 4.000e+00
s>                    ( - -2.035e+02 1 0)
s>                    ( QUESTION0_7_R 1 -7.698e+02 5.532e+01 3.000e+00
s>                        ( - -2.329e+02 1 0)
s>                        ( WDBNDRY_E 0 -4.816e+02 5.152e+01 2.000e+00
s>                            ( - -2.163e+02 1 0)
s>                            ( - -2.137e+02 1 0)))))))INFO: dtree.c(1315): Comp split 38
INFO: dtree.c(1439): stop. leaf nodes are specific
INFO: dtree.c(1478): Final simple tree
|( WDBNDRY_B 0 -1.595e+03 6.513e+01 6.000e+00
|    ( - -2.281e+02 1 0)
|    ( QUESTION4 -1 -1.301e+03 6.249e+01 5.000e+00
|        ( - -2.057e+02 1 0)
|        ( QUESTION0 -1 -1.033e+03 5.995e+01 4.000e+00
|            ( - -2.035e+02 1 0)
|            ( QUESTION0_7_R 1 -7.698e+02 5.532e+01 3.000e+00
|                ( - -2.329e+02 1 0)
|                ( WDBNDRY_E 0 -4.816e+02 5.152e+01 2.000e+00
|                    ( - -2.163e+02 1 0)
|                    ( - -2.137e+02 1 0))))))
s>    ( WDBNDRY_B 0 -1.595e+03 6.513e+01 6.000e+00
s>        ( - -2.281e+02 1 0)
s>        ( QUESTION4 -1 -1.301e+03 6.249e+01 5.000e+00
s>            ( - -2.057e+02 1 0)
s>            ( QUESTION0 -1 -1.033e+03 5.995e+01 4.000e+00
s>                ( - -2.035e+02 1 0)
s>                ( QUESTION0_7_R 1 -7.698e+02 5.532e+01 3.000e+00
s>                    ( - -2.329e+02 1 0)
s>                    ( WDBNDRY_E 0 -4.816e+02 5.152e+01 2.000e+00
s>                        ( - -2.163e+02 1 0)
s>                        ( - -2.137e+02 1 0))))))INFO: dtree.c(1315): Comp split 39
INFO: dtree.c(1439): stop. leaf nodes are specific
INFO: dtree.c(1478): Final simple tree
|( QUESTION4 -1 -1.301e+03 6.249e+01 5.000e+00
|    ( - -2.057e+02 1 0)
|    ( QUESTION0 -1 -1.033e+03 5.995e+01 4.000e+00
|        ( - -2.035e+02 1 0)
|        ( QUESTION0_7_R 1 -7.698e+02 5.532e+01 3.000e+00
|            ( - -2.329e+02 1 0)
|            ( WDBNDRY_E 0 -4.816e+02 5.152e+01 2.000e+00
|                ( - -2.163e+02 1 0)
|                ( - -2.137e+02 1 0)))))
s>    ( QUESTION4 -1 -1.301e+03 6.249e+01 5.000e+00
s>        ( - -2.057e+02 1 0)
s>        ( QUESTION0 -1 -1.033e+03 5.995e+01 4.000e+00
s>            ( - -2.035e+02 1 0)
s>            ( QUESTION0_7_R 1 -7.698e+02 5.532e+01 3.000e+00
s>                ( - -2.329e+02 1 0)
s>                ( WDBNDRY_E 0 -4.816e+02 5.152e+01 2.000e+00
s>                    ( - -2.163e+02 1 0)
s>                    ( - -2.137e+02 1 0)))))INFO: dtree.c(1315): Comp split 40
INFO: dtree.c(1439): stop. leaf nodes are specific
INFO: dtree.c(1478): Final simple tree
|( QUESTION0 -1 -1.033e+03 5.995e+01 4.000e+00
|    ( - -2.035e+02 1 0)
|    ( QUESTION0_7_R 1 -7.698e+02 5.532e+01 3.000e+00
|        ( - -2.329e+02 1 0)
|        ( WDBNDRY_E 0 -4.816e+02 5.152e+01 2.000e+00
|            ( - -2.163e+02 1 0)
|            ( - -2.137e+02 1 0))))
s>    ( QUESTION0 -1 -1.033e+03 5.995e+01 4.000e+00
s>        ( - -2.035e+02 1 0)
s>        ( QUESTION0_7_R 1 -7.698e+02 5.532e+01 3.000e+00
s>            ( - -2.329e+02 1 0)
s>            ( WDBNDRY_E 0 -4.816e+02 5.152e+01 2.000e+00
s>                ( - -2.163e+02 1 0)
s>                ( - -2.137e+02 1 0))))INFO: dtree.c(1315): Comp split 41
INFO: dtree.c(1439): stop. leaf nodes are specific
INFO: dtree.c(1478): Final simple tree
|( WDBNDRY_E 0 -3.609e+03 5.842e+01 1.529e+01
|    ( - -6.739e+02 2 0)
|    ( - -2.876e+03 3 0))
s>    ( WDBNDRY_E 0 -3.609e+03 5.842e+01 1.529e+01
s>        ( - -6.739e+02 2 0)
s>        ( - -2.876e+03 3 0))INFO: dtree.c(1315): Comp split 42
INFO: dtree.c(1439): stop. leaf nodes are specific
INFO: dtree.c(1478): Final simple tree
|( QUESTION0_7_R 1 -7.698e+02 5.532e+01 3.000e+00
|    ( - -2.329e+02 1 0)
|    ( WDBNDRY_E 0 -4.816e+02 5.152e+01 2.000e+00
|        ( - -2.163e+02 1 0)
|        ( - -2.137e+02 1 0)))
s>    ( QUESTION0_7_R 1 -7.698e+02 5.532e+01 3.000e+00
s>        ( - -2.329e+02 1 0)
s>        ( WDBNDRY_E 0 -4.816e+02 5.152e+01 2.000e+00
s>            ( - -2.163e+02 1 0)
s>            ( - -2.137e+02 1 0)))INFO: dtree.c(1315): Comp split 43
INFO: dtree.c(1315): Comp split 44
INFO: dtree.c(1439): stop. leaf nodes are specific
INFO: dtree.c(1478): Final simple tree
|( WDBNDRY_E 0 -4.816e+02 5.152e+01 2.000e+00
|    ( - -2.163e+02 1 0)
|    ( - -2.137e+02 1 0))
s>    ( WDBNDRY_E 0 -4.816e+02 5.152e+01 2.000e+00
s>        ( - -2.163e+02 1 0)
s>        ( - -2.137e+02 1 0))INFO: dtree.c(1315): Comp split 45
INFO: dtree.c(1315): Comp split 46
INFO: dtree.c(1315): Comp split 47
INFO: dtree.c(1315): Comp split 48
INFO: dtree.c(1318): stop. leaf nodes are specific
Thu May  7 00:23:29 2020
