Current configuration:
[NAME]		[DEFLT]	[VALUE]
-allphones	no	no
-cntthresh	0.00001	1.000000e-05
-csplitmax	100	2000
-csplitmin	1	1
-csplitthr	8e-4	0.000000e+00
-example	no	no
-fullvar	no	no
-help		no	no
-meanfn			/home/abdy/Desktop/diploma/kg/model_parameters/kg.cd_cont_untied/means
-mixwfn			/home/abdy/Desktop/diploma/kg/model_parameters/kg.cd_cont_untied/mixture_weights
-moddeffn		/home/abdy/Desktop/diploma/kg/model_architecture/kg.untied.mdef
-mwfloor	1e-4	1.000000e-08
-phone			z
-psetfn			/home/abdy/Desktop/diploma/kg/model_architecture/kg.tree_questions
-ssplitmax	5	7
-ssplitmin	1	1
-ssplitthr	8e-4	0.000000e+00
-state			0
-stwt			1.0,0.05,0.0,
-treefn			/home/abdy/Desktop/diploma/kg/trees/kg.unpruned/z-0.dtree
-ts2cbfn	.semi.	.cont.
-varfloor	0.00001	1.000000e-05
-varfn			/home/abdy/Desktop/diploma/kg/model_parameters/kg.cd_cont_untied/variances

INFO: main.c(223): Reading: /home/abdy/Desktop/diploma/kg/model_architecture/kg.untied.mdef
INFO: model_def_io.c(573): Model definition info:
INFO: model_def_io.c(574): 10297 total models defined (47 base, 10250 tri)
INFO: model_def_io.c(575): 41188 total states
INFO: model_def_io.c(576): 30891 total tied states
INFO: model_def_io.c(577): 141 total tied CI states
INFO: model_def_io.c(578): 47 total tied transition matrices
INFO: model_def_io.c(579): 4 max state/model
INFO: model_def_io.c(580): 4 min state/model
INFO: main.c(242): Building trees for [z SIL a b] through [z y zh e]
INFO: main.c(269): Covering states |[29628 30218]| == 591
INFO: main.c(275): Reading: /home/abdy/Desktop/diploma/kg/model_parameters/kg.cd_cont_untied/mixture_weights
INFO: s3mixw_io.c(173): Read /home/abdy/Desktop/diploma/kg/model_parameters/kg.cd_cont_untied/mixture_weights [591x1x1 array]
INFO: main.c(311): 53 of 197 models have observation count greater than 0.000010
INFO: main.c(95): nrm stwt: 0.952 0.048 0.000 
INFO: s3gau_io.c(169): Read /home/abdy/Desktop/diploma/kg/model_parameters/kg.cd_cont_untied/means [30891x1x1 array]
INFO: s3gau_io.c(169): Read /home/abdy/Desktop/diploma/kg/model_parameters/kg.cd_cont_untied/variances [30891x1x1 array]
INFO: main.c(549): Reading: /home/abdy/Desktop/diploma/kg/model_architecture/kg.tree_questions
INFO: main.c(588): 174 total simple questions (166 phone; 8 word bndry)
INFO: main.c(590): 40 Left Only questions, and 42 Right Only questions
INFO: dtree.c(1478): Final simple tree
|( SILENCE 1 -7.622e+04 6.632e+02 3.159e+02
|    ( - -1.328e+04 4 0)
|    ( QUESTION0_0_R 1 -6.227e+04 4.599e+02 2.652e+02
|        ( - 1.832e+02 1 0)
|        ( QUESTION2_2_L -1 -6.199e+04 2.895e+02 2.642e+02
|            ( QUESTION0_16_R 1 -1.260e+04 2.064e+02 5.479e+01
|                ( - -1.110e+03 1 0)
|                ( - -1.129e+04 8 0 QUESTION0_11_R 1 1.430e+02 4.979e+01))
|            ( QUESTION2_4_L -1 -4.910e+04 2.331e+02 2.094e+02
|                ( QUESTION0_12_R 1 -3.520e+04 1.880e+02 1.498e+02
|                    ( - -4.074e+03 4 0 QUESTION0_13_R 1 1.231e+02 1.800e+01)
|                    ( WDBNDRY_I 0 -3.094e+04 2.014e+02 1.318e+02
|                        ( - -2.023e+04 14 0 QUESTION13 1 2.138e+02 8.780e+01)
|                        ( - -1.051e+04 12 0 QUESTION0_9_R 1 1.985e+02 4.397e+01)))
|                ( - -1.366e+04 9 0 QUESTION0_5_R 1 1.773e+02 5.959e+01)))))
s>    ( SILENCE 1 -7.622e+04 6.632e+02 3.159e+02
s>        ( - -1.328e+04 4 0)
s>        ( QUESTION0_0_R 1 -6.227e+04 4.599e+02 2.652e+02
s>            ( - 1.832e+02 1 0)
s>            ( QUESTION2_2_L -1 -6.199e+04 2.895e+02 2.642e+02
s>                ( QUESTION0_16_R 1 -1.260e+04 2.064e+02 5.479e+01
s>                    ( - -1.110e+03 1 0)
s>                    ( - -1.129e+04 8 0 QUESTION0_11_R 1 1.430e+02 4.979e+01))
s>                ( QUESTION2_4_L -1 -4.910e+04 2.331e+02 2.094e+02
s>                    ( QUESTION0_12_R 1 -3.520e+04 1.880e+02 1.498e+02
s>                        ( - -4.074e+03 4 0 QUESTION0_13_R 1 1.231e+02 1.800e+01)
s>                        ( WDBNDRY_I 0 -3.094e+04 2.014e+02 1.318e+02
s>                            ( - -2.023e+04 14 0 QUESTION13 1 2.138e+02 8.780e+01)
s>                            ( - -1.051e+04 12 0 QUESTION0_9_R 1 1.985e+02 4.397e+01)))
s>                    ( - -1.366e+04 9 0 QUESTION0_5_R 1 1.773e+02 5.959e+01)))))INFO: dtree.c(1315): Comp split 0
INFO: dtree.c(1439): stop. leaf nodes are specific
INFO: dtree.c(1478): Final simple tree
|( SILENCE 1 -1.459e+04 1.946e+02 5.577e+01
|    ( - -1.328e+04 4 0)
|    ( - -1.110e+03 1 0))
s>    ( SILENCE 1 -1.459e+04 1.946e+02 5.577e+01
s>        ( - -1.328e+04 4 0)
s>        ( - -1.110e+03 1 0))INFO: dtree.c(1478): Final simple tree
|( QUESTION0_0_R 1 -6.096e+04 4.600e+02 2.602e+02
|    ( - 1.832e+02 1 0)
|    ( QUESTION2_2_L -1 -6.069e+04 2.982e+02 2.592e+02
|        ( - -1.129e+04 8 0 QUESTION0_11_R 1 1.430e+02 4.979e+01)
|        ( QUESTION2_4_L -1 -4.910e+04 2.331e+02 2.094e+02
|            ( QUESTION0_12_R 1 -3.520e+04 1.880e+02 1.498e+02
|                ( - -4.074e+03 4 0 QUESTION0_13_R 1 1.231e+02 1.800e+01)
|                ( WDBNDRY_I 0 -3.094e+04 2.014e+02 1.318e+02
|                    ( QUESTION13 1 -2.023e+04 2.138e+02 8.780e+01
|                        ( - -3.038e+03 1 0)
|                        ( - -1.698e+04 13 0 QUESTION0_2_R 1 1.653e+02 7.349e+01))
|                    ( QUESTION0_9_R 1 -1.051e+04 1.985e+02 4.397e+01
|                        ( - -2.535e+02 1 0)
|                        ( - -1.006e+04 11 0 QUESTION6 1 1.550e+02 4.197e+01))))
|            ( - -1.366e+04 9 0 QUESTION0_5_R 1 1.773e+02 5.959e+01))))
s>    ( QUESTION0_0_R 1 -6.096e+04 4.600e+02 2.602e+02
s>        ( - 1.832e+02 1 0)
s>        ( QUESTION2_2_L -1 -6.069e+04 2.982e+02 2.592e+02
s>            ( - -1.129e+04 8 0 QUESTION0_11_R 1 1.430e+02 4.979e+01)
s>            ( QUESTION2_4_L -1 -4.910e+04 2.331e+02 2.094e+02
s>                ( QUESTION0_12_R 1 -3.520e+04 1.880e+02 1.498e+02
s>                    ( - -4.074e+03 4 0 QUESTION0_13_R 1 1.231e+02 1.800e+01)
s>                    ( WDBNDRY_I 0 -3.094e+04 2.014e+02 1.318e+02
s>                        ( QUESTION13 1 -2.023e+04 2.138e+02 8.780e+01
s>                            ( - -3.038e+03 1 0)
s>                            ( - -1.698e+04 13 0 QUESTION0_2_R 1 1.653e+02 7.349e+01))
s>                        ( QUESTION0_9_R 1 -1.051e+04 1.985e+02 4.397e+01
s>                            ( - -2.535e+02 1 0)
s>                            ( - -1.006e+04 11 0 QUESTION6 1 1.550e+02 4.197e+01))))
s>                ( - -1.366e+04 9 0 QUESTION0_5_R 1 1.773e+02 5.959e+01))))INFO: dtree.c(1315): Comp split 1
INFO: dtree.c(1478): Final simple tree
|( QUESTION2_2_L -1 -6.069e+04 2.982e+02 2.592e+02
|    ( - -1.129e+04 8 0 QUESTION0_11_R 1 1.430e+02 4.979e+01)
|    ( QUESTION2_4_L -1 -4.910e+04 2.331e+02 2.094e+02
|        ( QUESTION0_12_R 1 -3.520e+04 1.880e+02 1.498e+02
|            ( - -4.074e+03 4 0 QUESTION0_13_R 1 1.231e+02 1.800e+01)
|            ( WDBNDRY_I 0 -3.094e+04 2.014e+02 1.318e+02
|                ( QUESTION13 1 -2.023e+04 2.138e+02 8.780e+01
|                    ( - -3.038e+03 1 0)
|                    ( - -1.698e+04 13 0 QUESTION0_2_R 1 1.653e+02 7.349e+01))
|                ( QUESTION0_9_R 1 -1.051e+04 1.985e+02 4.397e+01
|                    ( - -2.535e+02 1 0)
|                    ( - -1.006e+04 11 0 QUESTION6 1 1.550e+02 4.197e+01))))
|        ( QUESTION0_5_R 1 -1.366e+04 1.773e+02 5.959e+01
|            ( - -2.796e+03 2 0 QUESTION0_6_R 1 1.303e+02 1.301e+01)
|            ( - -1.069e+04 7 0 QUESTION0 -1 1.631e+02 4.658e+01))))
s>    ( QUESTION2_2_L -1 -6.069e+04 2.982e+02 2.592e+02
s>        ( - -1.129e+04 8 0 QUESTION0_11_R 1 1.430e+02 4.979e+01)
s>        ( QUESTION2_4_L -1 -4.910e+04 2.331e+02 2.094e+02
s>            ( QUESTION0_12_R 1 -3.520e+04 1.880e+02 1.498e+02
s>                ( - -4.074e+03 4 0 QUESTION0_13_R 1 1.231e+02 1.800e+01)
s>                ( WDBNDRY_I 0 -3.094e+04 2.014e+02 1.318e+02
s>                    ( QUESTION13 1 -2.023e+04 2.138e+02 8.780e+01
s>                        ( - -3.038e+03 1 0)
s>                        ( - -1.698e+04 13 0 QUESTION0_2_R 1 1.653e+02 7.349e+01))
s>                    ( QUESTION0_9_R 1 -1.051e+04 1.985e+02 4.397e+01
s>                        ( - -2.535e+02 1 0)
s>                        ( - -1.006e+04 11 0 QUESTION6 1 1.550e+02 4.197e+01))))
s>            ( QUESTION0_5_R 1 -1.366e+04 1.773e+02 5.959e+01
s>                ( - -2.796e+03 2 0 QUESTION0_6_R 1 1.303e+02 1.301e+01)
s>                ( - -1.069e+04 7 0 QUESTION0 -1 1.631e+02 4.658e+01))))INFO: dtree.c(1315): Comp split 2
INFO: dtree.c(1478): Final simple tree
|( QUESTION2_4_L -1 -4.483e+04 2.231e+02 1.914e+02
|    ( WDBNDRY_I 0 -3.094e+04 2.014e+02 1.318e+02
|        ( QUESTION13 1 -2.023e+04 2.138e+02 8.780e+01
|            ( - -3.038e+03 1 0)
|            ( QUESTION0_2_R 1 -1.698e+04 1.653e+02 7.349e+01
|                ( - -6.768e+03 8 0 QUESTION0_3_R 1 1.451e+02 2.897e+01)
|                ( - -1.005e+04 5 0 QUESTION0_11_R 1 1.275e+02 4.452e+01)))
|        ( QUESTION0_9_R 1 -1.051e+04 1.985e+02 4.397e+01
|            ( - -2.535e+02 1 0)
|            ( - -1.006e+04 11 0 QUESTION6 1 1.550e+02 4.197e+01)))
|    ( QUESTION0_5_R 1 -1.366e+04 1.773e+02 5.959e+01
|        ( - -2.796e+03 2 0 QUESTION0_6_R 1 1.303e+02 1.301e+01)
|        ( QUESTION0 -1 -1.069e+04 1.631e+02 4.658e+01
|            ( - -3.161e+02 1 0)
|            ( - -1.021e+04 6 0 WDBNDRY_E 0 1.593e+02 4.458e+01))))
s>    ( QUESTION2_4_L -1 -4.483e+04 2.231e+02 1.914e+02
s>        ( WDBNDRY_I 0 -3.094e+04 2.014e+02 1.318e+02
s>            ( QUESTION13 1 -2.023e+04 2.138e+02 8.780e+01
s>                ( - -3.038e+03 1 0)
s>                ( QUESTION0_2_R 1 -1.698e+04 1.653e+02 7.349e+01
s>                    ( - -6.768e+03 8 0 QUESTION0_3_R 1 1.451e+02 2.897e+01)
s>                    ( - -1.005e+04 5 0 QUESTION0_11_R 1 1.275e+02 4.452e+01)))
s>            ( QUESTION0_9_R 1 -1.051e+04 1.985e+02 4.397e+01
s>                ( - -2.535e+02 1 0)
s>                ( - -1.006e+04 11 0 QUESTION6 1 1.550e+02 4.197e+01)))
s>        ( QUESTION0_5_R 1 -1.366e+04 1.773e+02 5.959e+01
s>            ( - -2.796e+03 2 0 QUESTION0_6_R 1 1.303e+02 1.301e+01)
s>            ( QUESTION0 -1 -1.069e+04 1.631e+02 4.658e+01
s>                ( - -3.161e+02 1 0)
s>                ( - -1.021e+04 6 0 WDBNDRY_E 0 1.593e+02 4.458e+01))))INFO: dtree.c(1478): Final simple tree
|( QUESTION0_10_R 1 -1.554e+04 1.844e+02 6.779e+01
|    ( QUESTION2_1_L -1 -7.447e+03 1.288e+02 3.238e+01
|        ( QUESTION0_14_R 1 -3.245e+03 1.140e+02 1.438e+01
|            ( - -1.268e+03 1 0)
|            ( WDBNDRY_E 0 -1.863e+03 9.636e+01 8.279e+00
|                ( - -6.136e+02 1 0)
|                ( QUESTION0_11_R 1 -1.153e+03 9.644e+01 5.276e+00
|                    ( - -6.739e+02 1 0)
|                    ( - -3.829e+02 1 0))))
|        ( QUESTION0_13_R 1 -4.074e+03 1.231e+02 1.800e+01
|            ( - -3.090e+03 3 0)
|            ( - -8.603e+02 1 0)))
|    ( QUESTION0_4_R 1 -7.910e+03 1.201e+02 3.541e+01
|        ( - -5.601e+03 2 0)
|        ( - -2.189e+03 2 0 WDBNDRY_E 0 7.583e+01 9.871e+00)))
s>    ( QUESTION0_10_R 1 -1.554e+04 1.844e+02 6.779e+01
s>        ( QUESTION2_1_L -1 -7.447e+03 1.288e+02 3.238e+01
s>            ( QUESTION0_14_R 1 -3.245e+03 1.140e+02 1.438e+01
s>                ( - -1.268e+03 1 0)
s>                ( WDBNDRY_E 0 -1.863e+03 9.636e+01 8.279e+00
s>                    ( - -6.136e+02 1 0)
s>                    ( QUESTION0_11_R 1 -1.153e+03 9.644e+01 5.276e+00
s>                        ( - -6.739e+02 1 0)
s>                        ( - -3.829e+02 1 0))))
s>            ( QUESTION0_13_R 1 -4.074e+03 1.231e+02 1.800e+01
s>                ( - -3.090e+03 3 0)
s>                ( - -8.603e+02 1 0)))
s>        ( QUESTION0_4_R 1 -7.910e+03 1.201e+02 3.541e+01
s>            ( - -5.601e+03 2 0)
s>            ( - -2.189e+03 2 0 WDBNDRY_E 0 7.583e+01 9.871e+00)))INFO: dtree.c(1315): Comp split 3
INFO: dtree.c(1478): Final simple tree
|( WDBNDRY_B 0 -1.695e+04 1.501e+02 7.094e+01
|    ( QUESTION19 -1 -2.555e+03 5.093e+02 1.100e+01
|        ( - 2.417e+02 1 0)
|        ( - -2.287e+03 3 0 QUESTION0 -1 8.894e+01 1.000e+01))
|    ( QUESTION12 1 -1.425e+04 1.400e+02 5.994e+01
|        ( WDBNDRY_E 0 -6.368e+03 1.074e+02 2.697e+01
|            ( - -3.258e+03 4 0 QUESTION0_20_R 1 1.166e+02 1.396e+01)
|            ( - -3.003e+03 5 0 QUESTION0 -1 1.079e+02 1.301e+01))
|        ( QUESTION0_11_R 1 -7.739e+03 1.420e+02 3.297e+01
|            ( - -1.537e+03 1 0)
|            ( QUESTION0_2_R 1 -6.060e+03 1.191e+02 2.594e+01
|                ( WDBNDRY_E 0 -3.962e+03 1.087e+02 1.696e+01
|                    ( - -2.337e+02 1 0)
|                    ( - -3.619e+03 3 0))
|                ( - -1.979e+03 1 0)))))
s>    ( WDBNDRY_B 0 -1.695e+04 1.501e+02 7.094e+01
s>        ( QUESTION19 -1 -2.555e+03 5.093e+02 1.100e+01
s>            ( - 2.417e+02 1 0)
s>            ( - -2.287e+03 3 0 QUESTION0 -1 8.894e+01 1.000e+01))
s>        ( QUESTION12 1 -1.425e+04 1.400e+02 5.994e+01
s>            ( WDBNDRY_E 0 -6.368e+03 1.074e+02 2.697e+01
s>                ( - -3.258e+03 4 0 QUESTION0_20_R 1 1.166e+02 1.396e+01)
s>                ( - -3.003e+03 5 0 QUESTION0 -1 1.079e+02 1.301e+01))
s>            ( QUESTION0_11_R 1 -7.739e+03 1.420e+02 3.297e+01
s>                ( - -1.537e+03 1 0)
s>                ( QUESTION0_2_R 1 -6.060e+03 1.191e+02 2.594e+01
s>                    ( WDBNDRY_E 0 -3.962e+03 1.087e+02 1.696e+01
s>                        ( - -2.337e+02 1 0)
s>                        ( - -3.619e+03 3 0))
s>                    ( - -1.979e+03 1 0)))))INFO: dtree.c(1478): Final simple tree
|( QUESTION12 -1 -2.761e+04 2.134e+02 1.204e+02
|    ( WDBNDRY_E 0 -1.645e+04 2.027e+02 7.282e+01
|        ( - -2.535e+02 1 0)
|        ( QUESTION13 1 -1.600e+04 1.977e+02 7.082e+01
|            ( - -3.038e+03 1 0)
|            ( QUESTION0_2_R 1 -1.276e+04 1.376e+02 5.651e+01
|                ( - -1.634e+03 1 0)
|                ( - -1.099e+04 6 0 QUESTION0_19_R 1 1.163e+02 4.850e+01))))
|    ( QUESTION0 -1 -1.094e+04 1.615e+02 4.760e+01
|        ( - -3.161e+02 1 0)
|        ( WDBNDRY_E 0 -1.047e+04 1.581e+02 4.560e+01
|            ( - -4.864e+02 1 0)
|            ( QUESTION0_5_R 1 -9.821e+03 1.451e+02 4.260e+01
|                ( - -1.032e+03 1 0)
|                ( - -8.644e+03 4 0 QUESTION0_4_R 1 1.023e+02 3.760e+01)))))
s>    ( QUESTION12 -1 -2.761e+04 2.134e+02 1.204e+02
s>        ( WDBNDRY_E 0 -1.645e+04 2.027e+02 7.282e+01
s>            ( - -2.535e+02 1 0)
s>            ( QUESTION13 1 -1.600e+04 1.977e+02 7.082e+01
s>                ( - -3.038e+03 1 0)
s>                ( QUESTION0_2_R 1 -1.276e+04 1.376e+02 5.651e+01
s>                    ( - -1.634e+03 1 0)
s>                    ( - -1.099e+04 6 0 QUESTION0_19_R 1 1.163e+02 4.850e+01))))
s>        ( QUESTION0 -1 -1.094e+04 1.615e+02 4.760e+01
s>            ( - -3.161e+02 1 0)
s>            ( WDBNDRY_E 0 -1.047e+04 1.581e+02 4.560e+01
s>                ( - -4.864e+02 1 0)
s>                ( QUESTION0_5_R 1 -9.821e+03 1.451e+02 4.260e+01
s>                    ( - -1.032e+03 1 0)
s>                    ( - -8.644e+03 4 0 QUESTION0_4_R 1 1.023e+02 3.760e+01)))))INFO: dtree.c(1315): Comp split 4
INFO: dtree.c(1478): Final simple tree
|( WDBNDRY_B 0 -1.668e+04 1.504e+02 6.994e+01
|    ( - -2.287e+03 3 0 QUESTION0 -1 8.894e+01 1.000e+01)
|    ( QUESTION12 1 -1.425e+04 1.400e+02 5.994e+01
|        ( WDBNDRY_E 0 -6.368e+03 1.074e+02 2.697e+01
|            ( QUESTION0_20_R 1 -3.258e+03 1.166e+02 1.396e+01
|                ( - -8.667e+02 1 0)
|                ( - -2.274e+03 3 0))
|            ( - -3.003e+03 5 0 QUESTION0 -1 1.079e+02 1.301e+01))
|        ( QUESTION0_11_R 1 -7.739e+03 1.420e+02 3.297e+01
|            ( - -1.537e+03 1 0)
|            ( QUESTION0_2_R 1 -6.060e+03 1.191e+02 2.594e+01
|                ( WDBNDRY_E 0 -3.962e+03 1.087e+02 1.696e+01
|                    ( - -2.337e+02 1 0)
|                    ( - -3.619e+03 3 0))
|                ( - -1.979e+03 1 0)))))
s>    ( WDBNDRY_B 0 -1.668e+04 1.504e+02 6.994e+01
s>        ( - -2.287e+03 3 0 QUESTION0 -1 8.894e+01 1.000e+01)
s>        ( QUESTION12 1 -1.425e+04 1.400e+02 5.994e+01
s>            ( WDBNDRY_E 0 -6.368e+03 1.074e+02 2.697e+01
s>                ( QUESTION0_20_R 1 -3.258e+03 1.166e+02 1.396e+01
s>                    ( - -8.667e+02 1 0)
s>                    ( - -2.274e+03 3 0))
s>                ( - -3.003e+03 5 0 QUESTION0 -1 1.079e+02 1.301e+01))
s>            ( QUESTION0_11_R 1 -7.739e+03 1.420e+02 3.297e+01
s>                ( - -1.537e+03 1 0)
s>                ( QUESTION0_2_R 1 -6.060e+03 1.191e+02 2.594e+01
s>                    ( WDBNDRY_E 0 -3.962e+03 1.087e+02 1.696e+01
s>                        ( - -2.337e+02 1 0)
s>                        ( - -3.619e+03 3 0))
s>                    ( - -1.979e+03 1 0)))))INFO: dtree.c(1315): Comp split 5
INFO: dtree.c(1439): stop. leaf nodes are specific
INFO: dtree.c(1478): Final simple tree
|( QUESTION0_2_R 1 -1.276e+04 1.376e+02 5.651e+01
|    ( - -1.634e+03 1 0)
|    ( QUESTION0_19_R 1 -1.099e+04 1.163e+02 4.850e+01
|        ( - -7.836e+02 1 0)
|        ( QUESTION2_1_L -1 -1.009e+04 1.102e+02 4.450e+01
|            ( - -8.315e+02 1 0)
|            ( QUESTION0_9_R 1 -9.147e+03 1.226e+02 4.052e+01
|                ( - -2.495e+03 2 0)
|                ( - -6.529e+03 2 0)))))
s>    ( QUESTION0_2_R 1 -1.276e+04 1.376e+02 5.651e+01
s>        ( - -1.634e+03 1 0)
s>        ( QUESTION0_19_R 1 -1.099e+04 1.163e+02 4.850e+01
s>            ( - -7.836e+02 1 0)
s>            ( QUESTION2_1_L -1 -1.009e+04 1.102e+02 4.450e+01
s>                ( - -8.315e+02 1 0)
s>                ( QUESTION0_9_R 1 -9.147e+03 1.226e+02 4.052e+01
s>                    ( - -2.495e+03 2 0)
s>                    ( - -6.529e+03 2 0)))))INFO: dtree.c(1478): Final simple tree
|( QUESTION0_10_R 1 -1.463e+04 1.964e+02 6.391e+01
|    ( - -3.038e+03 1 0)
|    ( QUESTION12 -1 -1.140e+04 2.015e+02 4.960e+01
|        ( - -2.535e+02 1 0)
|        ( QUESTION0 -1 -1.094e+04 1.615e+02 4.760e+01
|            ( - -3.161e+02 1 0)
|            ( WDBNDRY_E 0 -1.047e+04 1.581e+02 4.560e+01
|                ( - -4.864e+02 1 0)
|                ( QUESTION0_5_R 1 -9.821e+03 1.451e+02 4.260e+01
|                    ( - -1.032e+03 1 0)
|                    ( QUESTION0_4_R 1 -8.644e+03 1.023e+02 3.760e+01
|                        ( - -6.596e+03 2 0)
|                        ( QUESTION0_2_R 1 -1.945e+03 8.570e+01 8.916e+00
|                            ( - -1.470e+03 1 0)
|                            ( - -3.896e+02 1 0))))))))
s>    ( QUESTION0_10_R 1 -1.463e+04 1.964e+02 6.391e+01
s>        ( - -3.038e+03 1 0)
s>        ( QUESTION12 -1 -1.140e+04 2.015e+02 4.960e+01
s>            ( - -2.535e+02 1 0)
s>            ( QUESTION0 -1 -1.094e+04 1.615e+02 4.760e+01
s>                ( - -3.161e+02 1 0)
s>                ( WDBNDRY_E 0 -1.047e+04 1.581e+02 4.560e+01
s>                    ( - -4.864e+02 1 0)
s>                    ( QUESTION0_5_R 1 -9.821e+03 1.451e+02 4.260e+01
s>                        ( - -1.032e+03 1 0)
s>                        ( QUESTION0_4_R 1 -8.644e+03 1.023e+02 3.760e+01
s>                            ( - -6.596e+03 2 0)
s>                            ( QUESTION0_2_R 1 -1.945e+03 8.570e+01 8.916e+00
s>                                ( - -1.470e+03 1 0)
s>                                ( - -3.896e+02 1 0))))))))INFO: dtree.c(1315): Comp split 6
INFO: dtree.c(1439): stop. leaf nodes are specific
INFO: dtree.c(1478): Final simple tree
|( QUESTION0_10_R 1 -1.418e+04 1.984e+02 6.191e+01
|    ( - -3.038e+03 1 0)
|    ( QUESTION0 -1 -1.094e+04 1.615e+02 4.760e+01
|        ( - -3.161e+02 1 0)
|        ( WDBNDRY_E 0 -1.047e+04 1.581e+02 4.560e+01
|            ( - -4.864e+02 1 0)
|            ( QUESTION0_5_R 1 -9.821e+03 1.451e+02 4.260e+01
|                ( - -1.032e+03 1 0)
|                ( QUESTION0_4_R 1 -8.644e+03 1.023e+02 3.760e+01
|                    ( - -6.596e+03 2 0)
|                    ( QUESTION0_2_R 1 -1.945e+03 8.570e+01 8.916e+00
|                        ( - -1.470e+03 1 0)
|                        ( - -3.896e+02 1 0)))))))
s>    ( QUESTION0_10_R 1 -1.418e+04 1.984e+02 6.191e+01
s>        ( - -3.038e+03 1 0)
s>        ( QUESTION0 -1 -1.094e+04 1.615e+02 4.760e+01
s>            ( - -3.161e+02 1 0)
s>            ( WDBNDRY_E 0 -1.047e+04 1.581e+02 4.560e+01
s>                ( - -4.864e+02 1 0)
s>                ( QUESTION0_5_R 1 -9.821e+03 1.451e+02 4.260e+01
s>                    ( - -1.032e+03 1 0)
s>                    ( QUESTION0_4_R 1 -8.644e+03 1.023e+02 3.760e+01
s>                        ( - -6.596e+03 2 0)
s>                        ( QUESTION0_2_R 1 -1.945e+03 8.570e+01 8.916e+00
s>                            ( - -1.470e+03 1 0)
s>                            ( - -3.896e+02 1 0)))))))INFO: dtree.c(1315): Comp split 7
INFO: dtree.c(1439): stop. leaf nodes are specific
INFO: dtree.c(1478): Final simple tree
|( QUESTION0 -1 -1.094e+04 1.615e+02 4.760e+01
|    ( - -3.161e+02 1 0)
|    ( WDBNDRY_E 0 -1.047e+04 1.581e+02 4.560e+01
|        ( - -4.864e+02 1 0)
|        ( QUESTION0_5_R 1 -9.821e+03 1.451e+02 4.260e+01
|            ( - -1.032e+03 1 0)
|            ( QUESTION0_4_R 1 -8.644e+03 1.023e+02 3.760e+01
|                ( - -6.596e+03 2 0)
|                ( QUESTION0_2_R 1 -1.945e+03 8.570e+01 8.916e+00
|                    ( - -1.470e+03 1 0)
|                    ( - -3.896e+02 1 0))))))
s>    ( QUESTION0 -1 -1.094e+04 1.615e+02 4.760e+01
s>        ( - -3.161e+02 1 0)
s>        ( WDBNDRY_E 0 -1.047e+04 1.581e+02 4.560e+01
s>            ( - -4.864e+02 1 0)
s>            ( QUESTION0_5_R 1 -9.821e+03 1.451e+02 4.260e+01
s>                ( - -1.032e+03 1 0)
s>                ( QUESTION0_4_R 1 -8.644e+03 1.023e+02 3.760e+01
s>                    ( - -6.596e+03 2 0)
s>                    ( QUESTION0_2_R 1 -1.945e+03 8.570e+01 8.916e+00
s>                        ( - -1.470e+03 1 0)
s>                        ( - -3.896e+02 1 0))))))INFO: dtree.c(1315): Comp split 8
INFO: dtree.c(1315): Comp split 9
INFO: dtree.c(1439): stop. leaf nodes are specific
INFO: dtree.c(1478): Final simple tree
|( QUESTION2_1_L -1 -6.058e+03 1.213e+02 2.628e+01
|    ( WDBNDRY_E 0 -1.863e+03 9.636e+01 8.279e+00
|        ( - -6.136e+02 1 0)
|        ( QUESTION0_11_R 1 -1.153e+03 9.644e+01 5.276e+00
|            ( - -6.739e+02 1 0)
|            ( - -3.829e+02 1 0)))
|    ( QUESTION0_13_R 1 -4.074e+03 1.231e+02 1.800e+01
|        ( - -3.090e+03 3 0)
|        ( - -8.603e+02 1 0)))
s>    ( QUESTION2_1_L -1 -6.058e+03 1.213e+02 2.628e+01
s>        ( WDBNDRY_E 0 -1.863e+03 9.636e+01 8.279e+00
s>            ( - -6.136e+02 1 0)
s>            ( QUESTION0_11_R 1 -1.153e+03 9.644e+01 5.276e+00
s>                ( - -6.739e+02 1 0)
s>                ( - -3.829e+02 1 0)))
s>        ( QUESTION0_13_R 1 -4.074e+03 1.231e+02 1.800e+01
s>            ( - -3.090e+03 3 0)
s>            ( - -8.603e+02 1 0)))INFO: dtree.c(1439): stop. leaf nodes are specific
INFO: dtree.c(1478): Final simple tree
|( QUESTION0_4_R 1 -9.290e+03 1.449e+02 4.152e+01
|    ( - -5.601e+03 2 0)
|    ( QUESTION0_10_R 1 -3.544e+03 8.726e+01 1.597e+01
|        ( - -1.268e+03 1 0)
|        ( WDBNDRY_E 0 -2.189e+03 7.583e+01 9.871e+00
|            ( - -1.023e+03 1 0)
|            ( - -1.091e+03 1 0))))
s>    ( QUESTION0_4_R 1 -9.290e+03 1.449e+02 4.152e+01
s>        ( - -5.601e+03 2 0)
s>        ( QUESTION0_10_R 1 -3.544e+03 8.726e+01 1.597e+01
s>            ( - -1.268e+03 1 0)
s>            ( WDBNDRY_E 0 -2.189e+03 7.583e+01 9.871e+00
s>                ( - -1.023e+03 1 0)
s>                ( - -1.091e+03 1 0))))INFO: dtree.c(1315): Comp split 10
INFO: dtree.c(1439): stop. leaf nodes are specific
INFO: dtree.c(1478): Final simple tree
|( WDBNDRY_E 0 -5.710e+03 1.116e+02 2.494e+01
|    ( - -1.979e+03 1 0)
|    ( - -3.619e+03 3 0))
s>    ( WDBNDRY_E 0 -5.710e+03 1.116e+02 2.494e+01
s>        ( - -1.979e+03 1 0)
s>        ( - -3.619e+03 3 0))INFO: dtree.c(1478): Final simple tree
|( WDBNDRY_B 0 -1.080e+04 1.444e+02 4.499e+01
|    ( QUESTION0 -1 -2.287e+03 8.894e+01 1.000e+01
|        ( - -6.145e+02 1 0)
|        ( - -1.584e+03 2 0))
|    ( QUESTION0_11_R 1 -8.364e+03 1.373e+02 3.499e+01
|        ( - -1.537e+03 1 0)
|        ( WDBNDRY_E 0 -6.689e+03 1.145e+02 2.797e+01
|            ( QUESTION0_20_R 1 -3.572e+03 1.192e+02 1.496e+01
|                ( - -8.667e+02 1 0)
|                ( - -2.586e+03 4 0 QUESTION0_2_R 1 7.760e+01 1.100e+01))
|            ( QUESTION0 -1 -3.003e+03 1.079e+02 1.301e+01
|                ( - -7.094e+02 1 0)
|                ( QUESTION0_5_R 1 -2.186e+03 8.795e+01 1.001e+01
|                    ( - -1.442e+03 2 0)
|                    ( - -6.564e+02 2 0))))))
s>    ( WDBNDRY_B 0 -1.080e+04 1.444e+02 4.499e+01
s>        ( QUESTION0 -1 -2.287e+03 8.894e+01 1.000e+01
s>            ( - -6.145e+02 1 0)
s>            ( - -1.584e+03 2 0))
s>        ( QUESTION0_11_R 1 -8.364e+03 1.373e+02 3.499e+01
s>            ( - -1.537e+03 1 0)
s>            ( WDBNDRY_E 0 -6.689e+03 1.145e+02 2.797e+01
s>                ( QUESTION0_20_R 1 -3.572e+03 1.192e+02 1.496e+01
s>                    ( - -8.667e+02 1 0)
s>                    ( - -2.586e+03 4 0 QUESTION0_2_R 1 7.760e+01 1.100e+01))
s>                ( QUESTION0 -1 -3.003e+03 1.079e+02 1.301e+01
s>                    ( - -7.094e+02 1 0)
s>                    ( QUESTION0_5_R 1 -2.186e+03 8.795e+01 1.001e+01
s>                        ( - -1.442e+03 2 0)
s>                        ( - -6.564e+02 2 0))))))INFO: dtree.c(1315): Comp split 11
INFO: dtree.c(1439): stop. leaf nodes are specific
INFO: dtree.c(1478): Final simple tree
|( QUESTION0_5_R 1 -2.186e+03 8.795e+01 1.001e+01
|    ( - -1.442e+03 2 0)
|    ( - -6.564e+02 2 0))
s>    ( QUESTION0_5_R 1 -2.186e+03 8.795e+01 1.001e+01
s>        ( - -1.442e+03 2 0)
s>        ( - -6.564e+02 2 0))INFO: dtree.c(1439): stop. leaf nodes are specific
INFO: dtree.c(1478): Final simple tree
|( WDBNDRY_B 0 -8.443e+03 1.432e+02 3.498e+01
|    ( QUESTION0 -1 -2.287e+03 8.894e+01 1.000e+01
|        ( - -6.145e+02 1 0)
|        ( - -1.584e+03 2 0))
|    ( QUESTION0_11_R 1 -6.013e+03 1.235e+02 2.498e+01
|        ( - -1.537e+03 1 0)
|        ( QUESTION0_20_R 1 -4.352e+03 1.100e+02 1.796e+01
|            ( - -8.667e+02 1 0)
|            ( QUESTION0_3_R 1 -3.375e+03 8.162e+01 1.400e+01
|                ( - -2.337e+02 1 0)
|                ( WDBNDRY_E 0 -3.060e+03 7.629e+01 1.300e+01
|                    ( - -2.274e+03 3 0)
|                    ( - -7.094e+02 1 0))))))
s>    ( WDBNDRY_B 0 -8.443e+03 1.432e+02 3.498e+01
s>        ( QUESTION0 -1 -2.287e+03 8.894e+01 1.000e+01
s>            ( - -6.145e+02 1 0)
s>            ( - -1.584e+03 2 0))
s>        ( QUESTION0_11_R 1 -6.013e+03 1.235e+02 2.498e+01
s>            ( - -1.537e+03 1 0)
s>            ( QUESTION0_20_R 1 -4.352e+03 1.100e+02 1.796e+01
s>                ( - -8.667e+02 1 0)
s>                ( QUESTION0_3_R 1 -3.375e+03 8.162e+01 1.400e+01
s>                    ( - -2.337e+02 1 0)
s>                    ( WDBNDRY_E 0 -3.060e+03 7.629e+01 1.300e+01
s>                        ( - -2.274e+03 3 0)
s>                        ( - -7.094e+02 1 0))))))INFO: dtree.c(1315): Comp split 12
INFO: dtree.c(1439): stop. leaf nodes are specific
INFO: dtree.c(1478): Final simple tree
|( WDBNDRY_E 0 -1.047e+04 1.581e+02 4.560e+01
|    ( - -4.864e+02 1 0)
|    ( QUESTION0_5_R 1 -9.821e+03 1.451e+02 4.260e+01
|        ( - -1.032e+03 1 0)
|        ( QUESTION0_4_R 1 -8.644e+03 1.023e+02 3.760e+01
|            ( - -6.596e+03 2 0)
|            ( QUESTION0_2_R 1 -1.945e+03 8.570e+01 8.916e+00
|                ( - -1.470e+03 1 0)
|                ( - -3.896e+02 1 0)))))
s>    ( WDBNDRY_E 0 -1.047e+04 1.581e+02 4.560e+01
s>        ( - -4.864e+02 1 0)
s>        ( QUESTION0_5_R 1 -9.821e+03 1.451e+02 4.260e+01
s>            ( - -1.032e+03 1 0)
s>            ( QUESTION0_4_R 1 -8.644e+03 1.023e+02 3.760e+01
s>                ( - -6.596e+03 2 0)
s>                ( QUESTION0_2_R 1 -1.945e+03 8.570e+01 8.916e+00
s>                    ( - -1.470e+03 1 0)
s>                    ( - -3.896e+02 1 0)))))INFO: dtree.c(1315): Comp split 13
INFO: dtree.c(1439): stop. leaf nodes are specific
INFO: dtree.c(1478): Final simple tree
|( WDBNDRY_E 0 -3.552e+03 7.860e+01 1.591e+01
|    ( - -3.090e+03 3 0)
|    ( - -3.829e+02 1 0))
s>    ( WDBNDRY_E 0 -3.552e+03 7.860e+01 1.591e+01
s>        ( - -3.090e+03 3 0)
s>        ( - -3.829e+02 1 0))INFO: dtree.c(1439): stop. leaf nodes are specific
INFO: dtree.c(1478): Final simple tree
|( QUESTION0_13_R 1 -2.345e+03 1.020e+02 1.037e+01
|    ( - -6.136e+02 1 0)
|    ( WDBNDRY_E 0 -1.630e+03 9.540e+01 7.362e+00
|        ( - -8.603e+02 1 0)
|        ( - -6.739e+02 1 0)))
s>    ( QUESTION0_13_R 1 -2.345e+03 1.020e+02 1.037e+01
s>        ( - -6.136e+02 1 0)
s>        ( WDBNDRY_E 0 -1.630e+03 9.540e+01 7.362e+00
s>            ( - -8.603e+02 1 0)
s>            ( - -6.739e+02 1 0)))INFO: dtree.c(1315): Comp split 14
INFO: dtree.c(1439): stop. leaf nodes are specific
INFO: dtree.c(1478): Final simple tree
|( QUESTION0_5_R 1 -9.821e+03 1.451e+02 4.260e+01
|    ( - -1.032e+03 1 0)
|    ( QUESTION0_4_R 1 -8.644e+03 1.023e+02 3.760e+01
|        ( - -6.596e+03 2 0)
|        ( QUESTION0_2_R 1 -1.945e+03 8.570e+01 8.916e+00
|            ( - -1.470e+03 1 0)
|            ( - -3.896e+02 1 0))))
s>    ( QUESTION0_5_R 1 -9.821e+03 1.451e+02 4.260e+01
s>        ( - -1.032e+03 1 0)
s>        ( QUESTION0_4_R 1 -8.644e+03 1.023e+02 3.760e+01
s>            ( - -6.596e+03 2 0)
s>            ( QUESTION0_2_R 1 -1.945e+03 8.570e+01 8.916e+00
s>                ( - -1.470e+03 1 0)
s>                ( - -3.896e+02 1 0))))INFO: dtree.c(1315): Comp split 15
INFO: dtree.c(1439): stop. leaf nodes are specific
INFO: dtree.c(1478): Final simple tree
|( QUESTION0_2_R 1 -4.239e+03 1.100e+02 1.977e+01
|    ( - -1.634e+03 1 0)
|    ( - -2.495e+03 2 0))
s>    ( QUESTION0_2_R 1 -4.239e+03 1.100e+02 1.977e+01
s>        ( - -1.634e+03 1 0)
s>        ( - -2.495e+03 2 0))INFO: dtree.c(1439): stop. leaf nodes are specific
INFO: dtree.c(1478): Final simple tree
|( QUESTION0_19_R 1 -8.374e+03 1.174e+02 3.675e+01
|    ( - -7.836e+02 1 0)
|    ( QUESTION0_9_R 1 -7.473e+03 1.121e+02 3.275e+01
|        ( - -8.315e+02 1 0)
|        ( - -6.529e+03 2 0)))
s>    ( QUESTION0_19_R 1 -8.374e+03 1.174e+02 3.675e+01
s>        ( - -7.836e+02 1 0)
s>        ( QUESTION0_9_R 1 -7.473e+03 1.121e+02 3.275e+01
s>            ( - -8.315e+02 1 0)
s>            ( - -6.529e+03 2 0)))INFO: dtree.c(1315): Comp split 16
INFO: dtree.c(1439): stop. leaf nodes are specific
INFO: dtree.c(1478): Final simple tree
|( QUESTION0_4_R 1 -8.644e+03 1.023e+02 3.760e+01
|    ( - -6.596e+03 2 0)
|    ( QUESTION0_2_R 1 -1.945e+03 8.570e+01 8.916e+00
|        ( - -1.470e+03 1 0)
|        ( - -3.896e+02 1 0)))
s>    ( QUESTION0_4_R 1 -8.644e+03 1.023e+02 3.760e+01
s>        ( - -6.596e+03 2 0)
s>        ( QUESTION0_2_R 1 -1.945e+03 8.570e+01 8.916e+00
s>            ( - -1.470e+03 1 0)
s>            ( - -3.896e+02 1 0)))INFO: dtree.c(1315): Comp split 17
INFO: dtree.c(1439): stop. leaf nodes are specific
INFO: dtree.c(1478): Final simple tree
|( QUESTION0_10_R 1 -3.544e+03 8.726e+01 1.597e+01
|    ( - -1.268e+03 1 0)
|    ( WDBNDRY_E 0 -2.189e+03 7.583e+01 9.871e+00
|        ( - -1.023e+03 1 0)
|        ( - -1.091e+03 1 0)))
s>    ( QUESTION0_10_R 1 -3.544e+03 8.726e+01 1.597e+01
s>        ( - -1.268e+03 1 0)
s>        ( WDBNDRY_E 0 -2.189e+03 7.583e+01 9.871e+00
s>            ( - -1.023e+03 1 0)
s>            ( - -1.091e+03 1 0)))INFO: dtree.c(1315): Comp split 18
INFO: dtree.c(1439): stop. leaf nodes are specific
INFO: dtree.c(1478): Final simple tree
|( QUESTION0_11_R 1 -6.013e+03 1.235e+02 2.498e+01
|    ( - -1.537e+03 1 0)
|    ( QUESTION0_20_R 1 -4.352e+03 1.100e+02 1.796e+01
|        ( - -8.667e+02 1 0)
|        ( QUESTION0_3_R 1 -3.375e+03 8.162e+01 1.400e+01
|            ( - -2.337e+02 1 0)
|            ( WDBNDRY_E 0 -3.060e+03 7.629e+01 1.300e+01
|                ( - -2.274e+03 3 0)
|                ( - -7.094e+02 1 0)))))
s>    ( QUESTION0_11_R 1 -6.013e+03 1.235e+02 2.498e+01
s>        ( - -1.537e+03 1 0)
s>        ( QUESTION0_20_R 1 -4.352e+03 1.100e+02 1.796e+01
s>            ( - -8.667e+02 1 0)
s>            ( QUESTION0_3_R 1 -3.375e+03 8.162e+01 1.400e+01
s>                ( - -2.337e+02 1 0)
s>                ( WDBNDRY_E 0 -3.060e+03 7.629e+01 1.300e+01
s>                    ( - -2.274e+03 3 0)
s>                    ( - -7.094e+02 1 0)))))INFO: dtree.c(1439): stop. leaf nodes are specific
INFO: dtree.c(1478): Final simple tree
|( QUESTION0 -1 -2.287e+03 8.894e+01 1.000e+01
|    ( - -6.145e+02 1 0)
|    ( - -1.584e+03 2 0))
s>    ( QUESTION0 -1 -2.287e+03 8.894e+01 1.000e+01
s>        ( - -6.145e+02 1 0)
s>        ( - -1.584e+03 2 0))INFO: dtree.c(1315): Comp split 19
INFO: dtree.c(1439): stop. leaf nodes are specific
INFO: dtree.c(1478): Final simple tree
|( QUESTION0_20_R 1 -4.352e+03 1.100e+02 1.796e+01
|    ( - -8.667e+02 1 0)
|    ( QUESTION0_3_R 1 -3.375e+03 8.162e+01 1.400e+01
|        ( - -2.337e+02 1 0)
|        ( WDBNDRY_E 0 -3.060e+03 7.629e+01 1.300e+01
|            ( - -2.274e+03 3 0)
|            ( - -7.094e+02 1 0))))
s>    ( QUESTION0_20_R 1 -4.352e+03 1.100e+02 1.796e+01
s>        ( - -8.667e+02 1 0)
s>        ( QUESTION0_3_R 1 -3.375e+03 8.162e+01 1.400e+01
s>            ( - -2.337e+02 1 0)
s>            ( WDBNDRY_E 0 -3.060e+03 7.629e+01 1.300e+01
s>                ( - -2.274e+03 3 0)
s>                ( - -7.094e+02 1 0))))INFO: dtree.c(1315): Comp split 20
INFO: dtree.c(1439): stop. leaf nodes are specific
INFO: dtree.c(1478): Final simple tree
|( QUESTION0_9_R 1 -7.473e+03 1.121e+02 3.275e+01
|    ( - -8.315e+02 1 0)
|    ( - -6.529e+03 2 0))
s>    ( QUESTION0_9_R 1 -7.473e+03 1.121e+02 3.275e+01
s>        ( - -8.315e+02 1 0)
s>        ( - -6.529e+03 2 0))INFO: dtree.c(1315): Comp split 21
INFO: dtree.c(1439): stop. leaf nodes are specific
INFO: dtree.c(1478): Final simple tree
|( QUESTION0_2_R 1 -2.586e+03 7.760e+01 1.100e+01
|    ( - -2.337e+02 1 0)
|    ( - -2.274e+03 3 0))
s>    ( QUESTION0_2_R 1 -2.586e+03 7.760e+01 1.100e+01
s>        ( - -2.337e+02 1 0)
s>        ( - -2.274e+03 3 0))INFO: dtree.c(1439): stop. leaf nodes are specific
INFO: dtree.c(1478): Final simple tree
|( WDBNDRY_E 0 -1.650e+03 7.423e+01 6.959e+00
|    ( - -8.667e+02 1 0)
|    ( - -7.094e+02 1 0))
s>    ( WDBNDRY_E 0 -1.650e+03 7.423e+01 6.959e+00
s>        ( - -8.667e+02 1 0)
s>        ( - -7.094e+02 1 0))INFO: dtree.c(1315): Comp split 22
INFO: dtree.c(1315): Comp split 23
INFO: dtree.c(1315): Comp split 24
INFO: dtree.c(1315): Comp split 25
INFO: dtree.c(1439): stop. leaf nodes are specific
INFO: dtree.c(1478): Final simple tree
|( QUESTION0_2_R 1 -1.945e+03 8.570e+01 8.916e+00
|    ( - -1.470e+03 1 0)
|    ( - -3.896e+02 1 0))
s>    ( QUESTION0_2_R 1 -1.945e+03 8.570e+01 8.916e+00
s>        ( - -1.470e+03 1 0)
s>        ( - -3.896e+02 1 0))INFO: dtree.c(1315): Comp split 26
INFO: dtree.c(1439): stop. leaf nodes are specific
INFO: dtree.c(1478): Final simple tree
|( WDBNDRY_E 0 -1.630e+03 9.540e+01 7.362e+00
|    ( - -8.603e+02 1 0)
|    ( - -6.739e+02 1 0))
s>    ( WDBNDRY_E 0 -1.630e+03 9.540e+01 7.362e+00
s>        ( - -8.603e+02 1 0)
s>        ( - -6.739e+02 1 0))INFO: dtree.c(1315): Comp split 27
INFO: dtree.c(1315): Comp split 28
INFO: dtree.c(1315): Comp split 29
INFO: dtree.c(1315): Comp split 30
INFO: dtree.c(1439): stop. leaf nodes are specific
INFO: dtree.c(1478): Final simple tree
|( WDBNDRY_E 0 -2.189e+03 7.583e+01 9.871e+00
|    ( - -1.023e+03 1 0)
|    ( - -1.091e+03 1 0))
s>    ( WDBNDRY_E 0 -2.189e+03 7.583e+01 9.871e+00
s>        ( - -1.023e+03 1 0)
s>        ( - -1.091e+03 1 0))INFO: dtree.c(1315): Comp split 31
INFO: dtree.c(1315): Comp split 32
INFO: dtree.c(1315): Comp split 33
INFO: dtree.c(1315): Comp split 34
INFO: dtree.c(1315): Comp split 35
INFO: dtree.c(1315): Comp split 36
INFO: dtree.c(1318): stop. leaf nodes are specific
Thu May  7 00:23:24 2020
