Current configuration:
[NAME]		[DEFLT]	[VALUE]
-allphones	no	no
-cntthresh	0.00001	1.000000e-05
-csplitmax	100	2000
-csplitmin	1	1
-csplitthr	8e-4	0.000000e+00
-example	no	no
-fullvar	no	no
-help		no	no
-meanfn			/home/abdy/Desktop/diploma/kg/model_parameters/kg.cd_cont_untied/means
-mixwfn			/home/abdy/Desktop/diploma/kg/model_parameters/kg.cd_cont_untied/mixture_weights
-moddeffn		/home/abdy/Desktop/diploma/kg/model_architecture/kg.untied.mdef
-mwfloor	1e-4	1.000000e-08
-phone			zh
-psetfn			/home/abdy/Desktop/diploma/kg/model_architecture/kg.tree_questions
-ssplitmax	5	7
-ssplitmin	1	1
-ssplitthr	8e-4	0.000000e+00
-state			2
-stwt			1.0,0.05,0.0,
-treefn			/home/abdy/Desktop/diploma/kg/trees/kg.unpruned/zh-2.dtree
-ts2cbfn	.semi.	.cont.
-varfloor	0.00001	1.000000e-05
-varfn			/home/abdy/Desktop/diploma/kg/model_parameters/kg.cd_cont_untied/variances

INFO: main.c(223): Reading: /home/abdy/Desktop/diploma/kg/model_architecture/kg.untied.mdef
INFO: model_def_io.c(573): Model definition info:
INFO: model_def_io.c(574): 10297 total models defined (47 base, 10250 tri)
INFO: model_def_io.c(575): 41188 total states
INFO: model_def_io.c(576): 30891 total tied states
INFO: model_def_io.c(577): 141 total tied CI states
INFO: model_def_io.c(578): 47 total tied transition matrices
INFO: model_def_io.c(579): 4 max state/model
INFO: model_def_io.c(580): 4 min state/model
INFO: main.c(242): Building trees for [zh SIL a b] through [zh zh d i]
INFO: main.c(269): Covering states |[30219 30890]| == 672
INFO: main.c(275): Reading: /home/abdy/Desktop/diploma/kg/model_parameters/kg.cd_cont_untied/mixture_weights
INFO: s3mixw_io.c(173): Read /home/abdy/Desktop/diploma/kg/model_parameters/kg.cd_cont_untied/mixture_weights [672x1x1 array]
INFO: main.c(311): 47 of 224 models have observation count greater than 0.000010
INFO: main.c(95): nrm stwt: 0.000 0.048 0.952 
INFO: s3gau_io.c(169): Read /home/abdy/Desktop/diploma/kg/model_parameters/kg.cd_cont_untied/means [30891x1x1 array]
INFO: s3gau_io.c(169): Read /home/abdy/Desktop/diploma/kg/model_parameters/kg.cd_cont_untied/variances [30891x1x1 array]
INFO: main.c(549): Reading: /home/abdy/Desktop/diploma/kg/model_architecture/kg.tree_questions
INFO: main.c(588): 174 total simple questions (166 phone; 8 word bndry)
INFO: main.c(590): 40 Left Only questions, and 42 Right Only questions
INFO: dtree.c(1478): Final simple tree
|( QUESTION11 1 -4.056e+04 2.423e+02 1.639e+02
|    ( QUESTION10 -1 -1.683e+04 1.654e+02 6.899e+01
|        ( - -1.010e+04 9 0 QUESTION11 -1 8.284e+01 4.164e+01)
|        ( - -6.564e+03 5 0 QUESTION5 -1 1.272e+02 2.735e+01))
|    ( QUESTION0_3_R 1 -2.349e+04 2.321e+02 9.488e+01
|        ( QUESTION11 -1 -1.036e+04 2.324e+02 4.288e+01
|            ( - -2.434e+02 1 0)
|            ( - -9.884e+03 13 0 QUESTION13 -1 1.066e+02 4.088e+01))
|        ( WDBNDRY_E 0 -1.290e+04 1.988e+02 5.200e+01
|            ( - -3.102e+02 1 0)
|            ( QUESTION2_2_L -1 -1.239e+04 1.856e+02 5.000e+01
|                ( - -7.036e+02 1 0)
|                ( QUESTION3 -1 -1.150e+04 1.720e+02 4.600e+01
|                    ( - -3.406e+02 1 0)
|                    ( - -1.099e+04 16 0 QUESTION0 -1 1.256e+02 4.400e+01))))))
s>    ( QUESTION11 1 -4.056e+04 2.423e+02 1.639e+02
s>        ( QUESTION10 -1 -1.683e+04 1.654e+02 6.899e+01
s>            ( - -1.010e+04 9 0 QUESTION11 -1 8.284e+01 4.164e+01)
s>            ( - -6.564e+03 5 0 QUESTION5 -1 1.272e+02 2.735e+01))
s>        ( QUESTION0_3_R 1 -2.349e+04 2.321e+02 9.488e+01
s>            ( QUESTION11 -1 -1.036e+04 2.324e+02 4.288e+01
s>                ( - -2.434e+02 1 0)
s>                ( - -9.884e+03 13 0 QUESTION13 -1 1.066e+02 4.088e+01))
s>            ( WDBNDRY_E 0 -1.290e+04 1.988e+02 5.200e+01
s>                ( - -3.102e+02 1 0)
s>                ( QUESTION2_2_L -1 -1.239e+04 1.856e+02 5.000e+01
s>                    ( - -7.036e+02 1 0)
s>                    ( QUESTION3 -1 -1.150e+04 1.720e+02 4.600e+01
s>                        ( - -3.406e+02 1 0)
s>                        ( - -1.099e+04 16 0 QUESTION0 -1 1.256e+02 4.400e+01))))))INFO: dtree.c(1315): Comp split 0
INFO: dtree.c(1478): Final simple tree
|( QUESTION11 -1 -1.130e+04 1.921e+02 4.688e+01
|    ( - -7.036e+02 1 0)
|    ( QUESTION0_3_R 1 -1.040e+04 1.750e+02 4.288e+01
|        ( QUESTION13 -1 -9.884e+03 1.066e+02 4.088e+01
|            ( QUESTION16 -1 -3.209e+03 1.099e+02 1.388e+01
|                ( - -6.578e+02 1 0)
|                ( - -2.441e+03 2 0))
|            ( QUESTION13 1 -6.569e+03 9.910e+01 2.700e+01
|                ( QUESTION0 -1 -1.301e+03 2.018e+02 6.000e+00
|                    ( - -3.251e+02 1 0)
|                    ( - -7.746e+02 1 0))
|                ( WDBNDRY_B 0 -5.168e+03 9.832e+01 2.100e+01
|                    ( - -4.695e+03 7 0 QUESTION10 -1 7.976e+01 1.900e+01)
|                    ( - -3.751e+02 1 0))))
|        ( - -3.406e+02 1 0)))
s>    ( QUESTION11 -1 -1.130e+04 1.921e+02 4.688e+01
s>        ( - -7.036e+02 1 0)
s>        ( QUESTION0_3_R 1 -1.040e+04 1.750e+02 4.288e+01
s>            ( QUESTION13 -1 -9.884e+03 1.066e+02 4.088e+01
s>                ( QUESTION16 -1 -3.209e+03 1.099e+02 1.388e+01
s>                    ( - -6.578e+02 1 0)
s>                    ( - -2.441e+03 2 0))
s>                ( QUESTION13 1 -6.569e+03 9.910e+01 2.700e+01
s>                    ( QUESTION0 -1 -1.301e+03 2.018e+02 6.000e+00
s>                        ( - -3.251e+02 1 0)
s>                        ( - -7.746e+02 1 0))
s>                    ( WDBNDRY_B 0 -5.168e+03 9.832e+01 2.100e+01
s>                        ( - -4.695e+03 7 0 QUESTION10 -1 7.976e+01 1.900e+01)
s>                        ( - -3.751e+02 1 0))))
s>            ( - -3.406e+02 1 0)))INFO: dtree.c(1478): Final simple tree
|( QUESTION0_3_R 1 -2.900e+04 2.066e+02 1.170e+02
|    ( WDBNDRY_B 0 -1.729e+04 2.205e+02 7.099e+01
|        ( QUESTION10 -1 -1.683e+04 1.654e+02 6.899e+01
|            ( - -1.010e+04 9 0 QUESTION11 -1 8.284e+01 4.164e+01)
|            ( QUESTION5 -1 -6.564e+03 1.272e+02 2.735e+01
|                ( - -2.403e+03 1 0)
|                ( QUESTION4 -1 -4.035e+03 1.143e+02 1.704e+01
|                    ( - -5.698e+02 1 0)
|                    ( - -3.351e+03 3 0 QUESTION2_5_L -1 1.102e+02 1.404e+01))))
|        ( - -2.434e+02 1 0))
|    ( WDBNDRY_E 0 -1.149e+04 1.991e+02 4.600e+01
|        ( - -3.102e+02 1 0)
|        ( QUESTION0 -1 -1.099e+04 1.256e+02 4.400e+01
|            ( - -1.487e+03 2 0 QUESTION0_5_R 1 1.079e+02 6.997e+00)
|            ( - -9.372e+03 14 0 SILENCE -1 1.005e+02 3.701e+01))))
s>    ( QUESTION0_3_R 1 -2.900e+04 2.066e+02 1.170e+02
s>        ( WDBNDRY_B 0 -1.729e+04 2.205e+02 7.099e+01
s>            ( QUESTION10 -1 -1.683e+04 1.654e+02 6.899e+01
s>                ( - -1.010e+04 9 0 QUESTION11 -1 8.284e+01 4.164e+01)
s>                ( QUESTION5 -1 -6.564e+03 1.272e+02 2.735e+01
s>                    ( - -2.403e+03 1 0)
s>                    ( QUESTION4 -1 -4.035e+03 1.143e+02 1.704e+01
s>                        ( - -5.698e+02 1 0)
s>                        ( - -3.351e+03 3 0 QUESTION2_5_L -1 1.102e+02 1.404e+01))))
s>            ( - -2.434e+02 1 0))
s>        ( WDBNDRY_E 0 -1.149e+04 1.991e+02 4.600e+01
s>            ( - -3.102e+02 1 0)
s>            ( QUESTION0 -1 -1.099e+04 1.256e+02 4.400e+01
s>                ( - -1.487e+03 2 0 QUESTION0_5_R 1 1.079e+02 6.997e+00)
s>                ( - -9.372e+03 14 0 SILENCE -1 1.005e+02 3.701e+01))))INFO: dtree.c(1315): Comp split 1
INFO: dtree.c(1478): Final simple tree
|( QUESTION0_3_R 1 -2.853e+04 2.042e+02 1.150e+02
|    ( QUESTION10 -1 -1.683e+04 1.654e+02 6.899e+01
|        ( - -1.010e+04 9 0 QUESTION11 -1 8.284e+01 4.164e+01)
|        ( QUESTION5 -1 -6.564e+03 1.272e+02 2.735e+01
|            ( - -2.403e+03 1 0)
|            ( QUESTION4 -1 -4.035e+03 1.143e+02 1.704e+01
|                ( - -5.698e+02 1 0)
|                ( QUESTION2_5_L -1 -3.351e+03 1.102e+02 1.404e+01
|                    ( - -5.874e+02 1 0)
|                    ( - -2.653e+03 2 0 SILENCE -1 7.428e+01 1.104e+01)))))
|    ( WDBNDRY_E 0 -1.149e+04 1.991e+02 4.600e+01
|        ( - -3.102e+02 1 0)
|        ( QUESTION0 -1 -1.099e+04 1.256e+02 4.400e+01
|            ( - -1.487e+03 2 0 QUESTION0_5_R 1 1.079e+02 6.997e+00)
|            ( - -9.372e+03 14 0 SILENCE -1 1.005e+02 3.701e+01))))
s>    ( QUESTION0_3_R 1 -2.853e+04 2.042e+02 1.150e+02
s>        ( QUESTION10 -1 -1.683e+04 1.654e+02 6.899e+01
s>            ( - -1.010e+04 9 0 QUESTION11 -1 8.284e+01 4.164e+01)
s>            ( QUESTION5 -1 -6.564e+03 1.272e+02 2.735e+01
s>                ( - -2.403e+03 1 0)
s>                ( QUESTION4 -1 -4.035e+03 1.143e+02 1.704e+01
s>                    ( - -5.698e+02 1 0)
s>                    ( QUESTION2_5_L -1 -3.351e+03 1.102e+02 1.404e+01
s>                        ( - -5.874e+02 1 0)
s>                        ( - -2.653e+03 2 0 SILENCE -1 7.428e+01 1.104e+01)))))
s>        ( WDBNDRY_E 0 -1.149e+04 1.991e+02 4.600e+01
s>            ( - -3.102e+02 1 0)
s>            ( QUESTION0 -1 -1.099e+04 1.256e+02 4.400e+01
s>                ( - -1.487e+03 2 0 QUESTION0_5_R 1 1.079e+02 6.997e+00)
s>                ( - -9.372e+03 14 0 SILENCE -1 1.005e+02 3.701e+01))))INFO: dtree.c(1315): Comp split 2
INFO: dtree.c(1478): Final simple tree
|( WDBNDRY_E 0 -1.427e+04 1.981e+02 5.704e+01
|    ( - -3.102e+02 1 0)
|    ( QUESTION2_0_L -1 -1.376e+04 1.276e+02 5.504e+01
|        ( QUESTION15 -1 -1.033e+04 9.852e+01 4.100e+01
|            ( WDBNDRY_B 0 -4.123e+03 1.644e+02 1.701e+01
|                ( - -3.399e+03 3 0 QUESTION0_5_R 1 9.079e+01 1.401e+01)
|                ( - -5.595e+02 1 0))
|            ( QUESTION11 -1 -6.112e+03 9.671e+01 2.399e+01
|                ( - -1.343e+03 3 0 QUESTION0_6_R 1 6.672e+01 5.001e+00)
|                ( - -4.672e+03 8 0 QUESTION0_3_R 1 8.286e+01 1.899e+01)))
|        ( SILENCE -1 -3.297e+03 1.109e+02 1.404e+01
|            ( QUESTION0_3_R 1 -2.628e+03 9.965e+01 1.104e+01
|                ( - -2.102e+03 1 0)
|                ( - -4.266e+02 1 0))
|            ( - -5.572e+02 1 0))))
s>    ( WDBNDRY_E 0 -1.427e+04 1.981e+02 5.704e+01
s>        ( - -3.102e+02 1 0)
s>        ( QUESTION2_0_L -1 -1.376e+04 1.276e+02 5.504e+01
s>            ( QUESTION15 -1 -1.033e+04 9.852e+01 4.100e+01
s>                ( WDBNDRY_B 0 -4.123e+03 1.644e+02 1.701e+01
s>                    ( - -3.399e+03 3 0 QUESTION0_5_R 1 9.079e+01 1.401e+01)
s>                    ( - -5.595e+02 1 0))
s>                ( QUESTION11 -1 -6.112e+03 9.671e+01 2.399e+01
s>                    ( - -1.343e+03 3 0 QUESTION0_6_R 1 6.672e+01 5.001e+00)
s>                    ( - -4.672e+03 8 0 QUESTION0_3_R 1 8.286e+01 1.899e+01)))
s>            ( SILENCE -1 -3.297e+03 1.109e+02 1.404e+01
s>                ( QUESTION0_3_R 1 -2.628e+03 9.965e+01 1.104e+01
s>                    ( - -2.102e+03 1 0)
s>                    ( - -4.266e+02 1 0))
s>                ( - -5.572e+02 1 0))))INFO: dtree.c(1478): Final simple tree
|( QUESTION0 -1 -1.406e+04 1.514e+02 5.795e+01
|    ( QUESTION5 -1 -3.806e+03 1.338e+02 1.631e+01
|        ( - -2.403e+03 1 0)
|        ( QUESTION1 -1 -1.270e+03 1.124e+02 6.000e+00
|            ( - -5.874e+02 1 0)
|            ( - -5.698e+02 1 0)))
|    ( QUESTION11 -1 -1.010e+04 8.284e+01 4.164e+01
|        ( - -4.595e+02 1 0)
|        ( QUESTION14 -1 -9.559e+03 8.195e+01 3.955e+01
|            ( - -6.582e+02 1 0)
|            ( QUESTION13 -1 -8.819e+03 6.580e+01 3.655e+01
|                ( - -3.383e+03 1 0)
|                ( QUESTION2_1_L -1 -5.370e+03 6.350e+01 2.234e+01
|                    ( - -1.142e+03 1 0)
|                    ( - -4.164e+03 5 0))))))
s>    ( QUESTION0 -1 -1.406e+04 1.514e+02 5.795e+01
s>        ( QUESTION5 -1 -3.806e+03 1.338e+02 1.631e+01
s>            ( - -2.403e+03 1 0)
s>            ( QUESTION1 -1 -1.270e+03 1.124e+02 6.000e+00
s>                ( - -5.874e+02 1 0)
s>                ( - -5.698e+02 1 0)))
s>        ( QUESTION11 -1 -1.010e+04 8.284e+01 4.164e+01
s>            ( - -4.595e+02 1 0)
s>            ( QUESTION14 -1 -9.559e+03 8.195e+01 3.955e+01
s>                ( - -6.582e+02 1 0)
s>                ( QUESTION13 -1 -8.819e+03 6.580e+01 3.655e+01
s>                    ( - -3.383e+03 1 0)
s>                    ( QUESTION2_1_L -1 -5.370e+03 6.350e+01 2.234e+01
s>                        ( - -1.142e+03 1 0)
s>                        ( - -4.164e+03 5 0))))))INFO: dtree.c(1315): Comp split 3
INFO: dtree.c(1478): Final simple tree
|( QUESTION2_0_L -1 -1.376e+04 1.276e+02 5.504e+01
|    ( QUESTION15 -1 -1.033e+04 9.852e+01 4.100e+01
|        ( WDBNDRY_B 0 -4.123e+03 1.644e+02 1.701e+01
|            ( QUESTION0_5_R 1 -3.399e+03 9.079e+01 1.401e+01
|                ( - -4.253e+02 1 0)
|                ( - -2.883e+03 2 0))
|            ( - -5.595e+02 1 0))
|        ( QUESTION11 -1 -6.112e+03 9.671e+01 2.399e+01
|            ( - -1.343e+03 3 0 QUESTION0_6_R 1 6.672e+01 5.001e+00)
|            ( - -4.672e+03 8 0 QUESTION0_3_R 1 8.286e+01 1.899e+01)))
|    ( SILENCE -1 -3.297e+03 1.109e+02 1.404e+01
|        ( QUESTION0_3_R 1 -2.628e+03 9.965e+01 1.104e+01
|            ( - -2.102e+03 1 0)
|            ( - -4.266e+02 1 0))
|        ( - -5.572e+02 1 0)))
s>    ( QUESTION2_0_L -1 -1.376e+04 1.276e+02 5.504e+01
s>        ( QUESTION15 -1 -1.033e+04 9.852e+01 4.100e+01
s>            ( WDBNDRY_B 0 -4.123e+03 1.644e+02 1.701e+01
s>                ( QUESTION0_5_R 1 -3.399e+03 9.079e+01 1.401e+01
s>                    ( - -4.253e+02 1 0)
s>                    ( - -2.883e+03 2 0))
s>                ( - -5.595e+02 1 0))
s>            ( QUESTION11 -1 -6.112e+03 9.671e+01 2.399e+01
s>                ( - -1.343e+03 3 0 QUESTION0_6_R 1 6.672e+01 5.001e+00)
s>                ( - -4.672e+03 8 0 QUESTION0_3_R 1 8.286e+01 1.899e+01)))
s>        ( SILENCE -1 -3.297e+03 1.109e+02 1.404e+01
s>            ( QUESTION0_3_R 1 -2.628e+03 9.965e+01 1.104e+01
s>                ( - -2.102e+03 1 0)
s>                ( - -4.266e+02 1 0))
s>            ( - -5.572e+02 1 0)))INFO: dtree.c(1315): Comp split 4
INFO: dtree.c(1478): Final simple tree
|( QUESTION0_3_R 1 -1.040e+04 1.750e+02 4.288e+01
|    ( QUESTION13 -1 -9.884e+03 1.066e+02 4.088e+01
|        ( QUESTION16 -1 -3.209e+03 1.099e+02 1.388e+01
|            ( - -6.578e+02 1 0)
|            ( - -2.441e+03 2 0))
|        ( QUESTION13 1 -6.569e+03 9.910e+01 2.700e+01
|            ( QUESTION0 -1 -1.301e+03 2.018e+02 6.000e+00
|                ( - -3.251e+02 1 0)
|                ( - -7.746e+02 1 0))
|            ( WDBNDRY_B 0 -5.168e+03 9.832e+01 2.100e+01
|                ( QUESTION10 -1 -4.695e+03 7.976e+01 1.900e+01
|                    ( - -3.434e+03 5 0)
|                    ( - -1.181e+03 2 0 SILENCE -1 8.159e+01 5.000e+00))
|                ( - -3.751e+02 1 0))))
|    ( - -3.406e+02 1 0))
s>    ( QUESTION0_3_R 1 -1.040e+04 1.750e+02 4.288e+01
s>        ( QUESTION13 -1 -9.884e+03 1.066e+02 4.088e+01
s>            ( QUESTION16 -1 -3.209e+03 1.099e+02 1.388e+01
s>                ( - -6.578e+02 1 0)
s>                ( - -2.441e+03 2 0))
s>            ( QUESTION13 1 -6.569e+03 9.910e+01 2.700e+01
s>                ( QUESTION0 -1 -1.301e+03 2.018e+02 6.000e+00
s>                    ( - -3.251e+02 1 0)
s>                    ( - -7.746e+02 1 0))
s>                ( WDBNDRY_B 0 -5.168e+03 9.832e+01 2.100e+01
s>                    ( QUESTION10 -1 -4.695e+03 7.976e+01 1.900e+01
s>                        ( - -3.434e+03 5 0)
s>                        ( - -1.181e+03 2 0 SILENCE -1 8.159e+01 5.000e+00))
s>                    ( - -3.751e+02 1 0))))
s>        ( - -3.406e+02 1 0))INFO: dtree.c(1315): Comp split 5
INFO: dtree.c(1478): Final simple tree
|( QUESTION13 -1 -9.884e+03 1.066e+02 4.088e+01
|    ( QUESTION16 -1 -3.209e+03 1.099e+02 1.388e+01
|        ( - -6.578e+02 1 0)
|        ( - -2.441e+03 2 0))
|    ( QUESTION13 1 -6.569e+03 9.910e+01 2.700e+01
|        ( QUESTION0 -1 -1.301e+03 2.018e+02 6.000e+00
|            ( - -3.251e+02 1 0)
|            ( - -7.746e+02 1 0))
|        ( WDBNDRY_B 0 -5.168e+03 9.832e+01 2.100e+01
|            ( QUESTION10 -1 -4.695e+03 7.976e+01 1.900e+01
|                ( - -3.434e+03 5 0)
|                ( SILENCE -1 -1.181e+03 8.159e+01 5.000e+00
|                    ( - -4.273e+02 1 0)
|                    ( - -6.724e+02 1 0)))
|            ( - -3.751e+02 1 0))))
s>    ( QUESTION13 -1 -9.884e+03 1.066e+02 4.088e+01
s>        ( QUESTION16 -1 -3.209e+03 1.099e+02 1.388e+01
s>            ( - -6.578e+02 1 0)
s>            ( - -2.441e+03 2 0))
s>        ( QUESTION13 1 -6.569e+03 9.910e+01 2.700e+01
s>            ( QUESTION0 -1 -1.301e+03 2.018e+02 6.000e+00
s>                ( - -3.251e+02 1 0)
s>                ( - -7.746e+02 1 0))
s>            ( WDBNDRY_B 0 -5.168e+03 9.832e+01 2.100e+01
s>                ( QUESTION10 -1 -4.695e+03 7.976e+01 1.900e+01
s>                    ( - -3.434e+03 5 0)
s>                    ( SILENCE -1 -1.181e+03 8.159e+01 5.000e+00
s>                        ( - -4.273e+02 1 0)
s>                        ( - -6.724e+02 1 0)))
s>                ( - -3.751e+02 1 0))))INFO: dtree.c(1315): Comp split 6
INFO: dtree.c(1478): Final simple tree
|( QUESTION2_0_L -1 -1.303e+04 1.294e+02 5.204e+01
|    ( QUESTION12 -1 -9.609e+03 9.783e+01 3.800e+01
|        ( QUESTION0_6_R 1 -6.688e+03 1.015e+02 2.700e+01
|            ( - -2.110e+03 4 0 QUESTION13 -1 8.075e+01 8.994e+00)
|            ( QUESTION13 -1 -4.477e+03 8.894e+01 1.801e+01
|                ( - -2.883e+03 2 0)
|                ( - -1.505e+03 3 0 WDBNDRY_B 0 6.306e+01 6.000e+00)))
|        ( QUESTION0_7_R 1 -2.823e+03 1.103e+02 1.100e+01
|            ( - -8.222e+02 1 0)
|            ( - -1.890e+03 4 0 QUESTION0_6_R 1 7.236e+01 7.003e+00)))
|    ( SILENCE -1 -3.297e+03 1.109e+02 1.404e+01
|        ( QUESTION0_3_R 1 -2.628e+03 9.965e+01 1.104e+01
|            ( - -2.102e+03 1 0)
|            ( - -4.266e+02 1 0))
|        ( - -5.572e+02 1 0)))
s>    ( QUESTION2_0_L -1 -1.303e+04 1.294e+02 5.204e+01
s>        ( QUESTION12 -1 -9.609e+03 9.783e+01 3.800e+01
s>            ( QUESTION0_6_R 1 -6.688e+03 1.015e+02 2.700e+01
s>                ( - -2.110e+03 4 0 QUESTION13 -1 8.075e+01 8.994e+00)
s>                ( QUESTION13 -1 -4.477e+03 8.894e+01 1.801e+01
s>                    ( - -2.883e+03 2 0)
s>                    ( - -1.505e+03 3 0 WDBNDRY_B 0 6.306e+01 6.000e+00)))
s>            ( QUESTION0_7_R 1 -2.823e+03 1.103e+02 1.100e+01
s>                ( - -8.222e+02 1 0)
s>                ( - -1.890e+03 4 0 QUESTION0_6_R 1 7.236e+01 7.003e+00)))
s>        ( SILENCE -1 -3.297e+03 1.109e+02 1.404e+01
s>            ( QUESTION0_3_R 1 -2.628e+03 9.965e+01 1.104e+01
s>                ( - -2.102e+03 1 0)
s>                ( - -4.266e+02 1 0))
s>            ( - -5.572e+02 1 0)))INFO: dtree.c(1315): Comp split 7
INFO: dtree.c(1478): Final simple tree
|( QUESTION12 -1 -9.197e+03 1.172e+02 3.605e+01
|    ( QUESTION13 -1 -4.477e+03 8.894e+01 1.801e+01
|        ( - -2.883e+03 2 0)
|        ( - -1.505e+03 3 0 WDBNDRY_B 0 6.306e+01 6.000e+00))
|    ( QUESTION0_3_R 1 -4.603e+03 8.712e+01 1.804e+01
|        ( SILENCE -1 -2.653e+03 7.428e+01 1.104e+01
|            ( - -2.102e+03 1 0)
|            ( - -4.766e+02 1 0))
|        ( SILENCE -1 -1.863e+03 9.352e+01 7.001e+00
|            ( - -4.266e+02 1 0)
|            ( QUESTION0_6_R 1 -1.343e+03 6.672e+01 5.001e+00
|                ( WDBNDRY_B 0 -7.451e+02 7.157e+01 3.001e+00
|                    ( - -2.288e+02 1 0)
|                    ( - -4.447e+02 1 0))
|                ( - -5.308e+02 1 0)))))
s>    ( QUESTION12 -1 -9.197e+03 1.172e+02 3.605e+01
s>        ( QUESTION13 -1 -4.477e+03 8.894e+01 1.801e+01
s>            ( - -2.883e+03 2 0)
s>            ( - -1.505e+03 3 0 WDBNDRY_B 0 6.306e+01 6.000e+00))
s>        ( QUESTION0_3_R 1 -4.603e+03 8.712e+01 1.804e+01
s>            ( SILENCE -1 -2.653e+03 7.428e+01 1.104e+01
s>                ( - -2.102e+03 1 0)
s>                ( - -4.766e+02 1 0))
s>            ( SILENCE -1 -1.863e+03 9.352e+01 7.001e+00
s>                ( - -4.266e+02 1 0)
s>                ( QUESTION0_6_R 1 -1.343e+03 6.672e+01 5.001e+00
s>                    ( WDBNDRY_B 0 -7.451e+02 7.157e+01 3.001e+00
s>                        ( - -2.288e+02 1 0)
s>                        ( - -4.447e+02 1 0))
s>                    ( - -5.308e+02 1 0)))))INFO: dtree.c(1439): stop. leaf nodes are specific
INFO: dtree.c(1478): Final simple tree
|( QUESTION4 -1 -3.681e+03 1.033e+02 1.599e+01
|    ( - -5.572e+02 1 0)
|    ( QUESTION0_5_R 1 -3.020e+03 8.798e+01 1.299e+01
|        ( QUESTION13 -1 -2.110e+03 8.075e+01 8.994e+00
|            ( QUESTION14 -1 -1.412e+03 6.797e+01 5.994e+00
|                ( - -9.191e+02 2 0)
|                ( - -4.253e+02 1 0))
|            ( - -6.168e+02 1 0))
|        ( - -8.222e+02 1 0)))
s>    ( QUESTION4 -1 -3.681e+03 1.033e+02 1.599e+01
s>        ( - -5.572e+02 1 0)
s>        ( QUESTION0_5_R 1 -3.020e+03 8.798e+01 1.299e+01
s>            ( QUESTION13 -1 -2.110e+03 8.075e+01 8.994e+00
s>                ( QUESTION14 -1 -1.412e+03 6.797e+01 5.994e+00
s>                    ( - -9.191e+02 2 0)
s>                    ( - -4.253e+02 1 0))
s>                ( - -6.168e+02 1 0))
s>            ( - -8.222e+02 1 0)))INFO: dtree.c(1315): Comp split 8
INFO: dtree.c(1439): stop. leaf nodes are specific
INFO: dtree.c(1478): Final simple tree
|( QUESTION13 1 -9.405e+03 1.491e+02 3.888e+01
|    ( - -7.746e+02 1 0)
|    ( QUESTION13 -1 -8.481e+03 1.044e+02 3.488e+01
|        ( QUESTION16 -1 -3.209e+03 1.099e+02 1.388e+01
|            ( - -6.578e+02 1 0)
|            ( - -2.441e+03 2 0))
|        ( WDBNDRY_B 0 -5.168e+03 9.832e+01 2.100e+01
|            ( QUESTION10 -1 -4.695e+03 7.976e+01 1.900e+01
|                ( - -3.434e+03 5 0)
|                ( SILENCE -1 -1.181e+03 8.159e+01 5.000e+00
|                    ( - -4.273e+02 1 0)
|                    ( - -6.724e+02 1 0)))
|            ( - -3.751e+02 1 0))))
s>    ( QUESTION13 1 -9.405e+03 1.491e+02 3.888e+01
s>        ( - -7.746e+02 1 0)
s>        ( QUESTION13 -1 -8.481e+03 1.044e+02 3.488e+01
s>            ( QUESTION16 -1 -3.209e+03 1.099e+02 1.388e+01
s>                ( - -6.578e+02 1 0)
s>                ( - -2.441e+03 2 0))
s>            ( WDBNDRY_B 0 -5.168e+03 9.832e+01 2.100e+01
s>                ( QUESTION10 -1 -4.695e+03 7.976e+01 1.900e+01
s>                    ( - -3.434e+03 5 0)
s>                    ( SILENCE -1 -1.181e+03 8.159e+01 5.000e+00
s>                        ( - -4.273e+02 1 0)
s>                        ( - -6.724e+02 1 0)))
s>                ( - -3.751e+02 1 0))))INFO: dtree.c(1315): Comp split 9
INFO: dtree.c(1439): stop. leaf nodes are specific
INFO: dtree.c(1478): Final simple tree
|( QUESTION0 -1 -1.080e+04 1.312e+02 4.464e+01
|    ( - -5.698e+02 1 0)
|    ( QUESTION11 -1 -1.010e+04 8.284e+01 4.164e+01
|        ( - -4.595e+02 1 0)
|        ( QUESTION14 -1 -9.559e+03 8.195e+01 3.955e+01
|            ( - -6.582e+02 1 0)
|            ( QUESTION13 -1 -8.819e+03 6.580e+01 3.655e+01
|                ( - -3.383e+03 1 0)
|                ( QUESTION2_1_L -1 -5.370e+03 6.350e+01 2.234e+01
|                    ( - -1.142e+03 1 0)
|                    ( - -4.164e+03 5 0))))))
s>    ( QUESTION0 -1 -1.080e+04 1.312e+02 4.464e+01
s>        ( - -5.698e+02 1 0)
s>        ( QUESTION11 -1 -1.010e+04 8.284e+01 4.164e+01
s>            ( - -4.595e+02 1 0)
s>            ( QUESTION14 -1 -9.559e+03 8.195e+01 3.955e+01
s>                ( - -6.582e+02 1 0)
s>                ( QUESTION13 -1 -8.819e+03 6.580e+01 3.655e+01
s>                    ( - -3.383e+03 1 0)
s>                    ( QUESTION2_1_L -1 -5.370e+03 6.350e+01 2.234e+01
s>                        ( - -1.142e+03 1 0)
s>                        ( - -4.164e+03 5 0))))))INFO: dtree.c(1439): stop. leaf nodes are specific
INFO: dtree.c(1478): Final simple tree
|( QUESTION1 -1 -3.104e+03 1.143e+02 1.331e+01
|    ( - -5.874e+02 1 0)
|    ( - -2.403e+03 1 0))
s>    ( QUESTION1 -1 -3.104e+03 1.143e+02 1.331e+01
s>        ( - -5.874e+02 1 0)
s>        ( - -2.403e+03 1 0))INFO: dtree.c(1315): Comp split 10
INFO: dtree.c(1439): stop. leaf nodes are specific
INFO: dtree.c(1478): Final simple tree
|( QUESTION13 -1 -8.481e+03 1.044e+02 3.488e+01
|    ( QUESTION16 -1 -3.209e+03 1.099e+02 1.388e+01
|        ( - -6.578e+02 1 0)
|        ( - -2.441e+03 2 0))
|    ( WDBNDRY_B 0 -5.168e+03 9.832e+01 2.100e+01
|        ( QUESTION10 -1 -4.695e+03 7.976e+01 1.900e+01
|            ( - -3.434e+03 5 0)
|            ( SILENCE -1 -1.181e+03 8.159e+01 5.000e+00
|                ( - -4.273e+02 1 0)
|                ( - -6.724e+02 1 0)))
|        ( - -3.751e+02 1 0)))
s>    ( QUESTION13 -1 -8.481e+03 1.044e+02 3.488e+01
s>        ( QUESTION16 -1 -3.209e+03 1.099e+02 1.388e+01
s>            ( - -6.578e+02 1 0)
s>            ( - -2.441e+03 2 0))
s>        ( WDBNDRY_B 0 -5.168e+03 9.832e+01 2.100e+01
s>            ( QUESTION10 -1 -4.695e+03 7.976e+01 1.900e+01
s>                ( - -3.434e+03 5 0)
s>                ( SILENCE -1 -1.181e+03 8.159e+01 5.000e+00
s>                    ( - -4.273e+02 1 0)
s>                    ( - -6.724e+02 1 0)))
s>            ( - -3.751e+02 1 0)))INFO: dtree.c(1315): Comp split 11
INFO: dtree.c(1439): stop. leaf nodes are specific
INFO: dtree.c(1478): Final simple tree
|( QUESTION11 -1 -1.010e+04 8.284e+01 4.164e+01
|    ( - -4.595e+02 1 0)
|    ( QUESTION14 -1 -9.559e+03 8.195e+01 3.955e+01
|        ( - -6.582e+02 1 0)
|        ( QUESTION13 -1 -8.819e+03 6.580e+01 3.655e+01
|            ( - -3.383e+03 1 0)
|            ( QUESTION2_1_L -1 -5.370e+03 6.350e+01 2.234e+01
|                ( - -1.142e+03 1 0)
|                ( - -4.164e+03 5 0)))))
s>    ( QUESTION11 -1 -1.010e+04 8.284e+01 4.164e+01
s>        ( - -4.595e+02 1 0)
s>        ( QUESTION14 -1 -9.559e+03 8.195e+01 3.955e+01
s>            ( - -6.582e+02 1 0)
s>            ( QUESTION13 -1 -8.819e+03 6.580e+01 3.655e+01
s>                ( - -3.383e+03 1 0)
s>                ( QUESTION2_1_L -1 -5.370e+03 6.350e+01 2.234e+01
s>                    ( - -1.142e+03 1 0)
s>                    ( - -4.164e+03 5 0)))))INFO: dtree.c(1315): Comp split 12
INFO: dtree.c(1439): stop. leaf nodes are specific
INFO: dtree.c(1478): Final simple tree
|( QUESTION13 -1 -5.010e+03 8.994e+01 2.001e+01
|    ( - -2.883e+03 2 0)
|    ( QUESTION0_6_R 1 -2.036e+03 8.696e+01 8.001e+00
|        ( - -4.447e+02 1 0)
|        ( WDBNDRY_B 0 -1.505e+03 6.306e+01 6.000e+00
|            ( - -1.226e+03 2 0)
|            ( - -2.154e+02 1 0))))
s>    ( QUESTION13 -1 -5.010e+03 8.994e+01 2.001e+01
s>        ( - -2.883e+03 2 0)
s>        ( QUESTION0_6_R 1 -2.036e+03 8.696e+01 8.001e+00
s>            ( - -4.447e+02 1 0)
s>            ( WDBNDRY_B 0 -1.505e+03 6.306e+01 6.000e+00
s>                ( - -1.226e+03 2 0)
s>                ( - -2.154e+02 1 0))))INFO: dtree.c(1439): stop. leaf nodes are specific
INFO: dtree.c(1478): Final simple tree
|( QUESTION0_3_R 1 -4.061e+03 8.000e+01 1.604e+01
|    ( SILENCE -1 -2.653e+03 7.428e+01 1.104e+01
|        ( - -2.102e+03 1 0)
|        ( - -4.766e+02 1 0))
|    ( SILENCE -1 -1.328e+03 9.061e+01 5.000e+00
|        ( - -4.266e+02 1 0)
|        ( WDBNDRY_B 0 -8.104e+02 5.076e+01 3.000e+00
|            ( - -2.288e+02 1 0)
|            ( - -5.308e+02 1 0))))
s>    ( QUESTION0_3_R 1 -4.061e+03 8.000e+01 1.604e+01
s>        ( SILENCE -1 -2.653e+03 7.428e+01 1.104e+01
s>            ( - -2.102e+03 1 0)
s>            ( - -4.766e+02 1 0))
s>        ( SILENCE -1 -1.328e+03 9.061e+01 5.000e+00
s>            ( - -4.266e+02 1 0)
s>            ( WDBNDRY_B 0 -8.104e+02 5.076e+01 3.000e+00
s>                ( - -2.288e+02 1 0)
s>                ( - -5.308e+02 1 0))))INFO: dtree.c(1315): Comp split 13
INFO: dtree.c(1439): stop. leaf nodes are specific
INFO: dtree.c(1478): Final simple tree
|( QUESTION13 -1 -5.925e+03 9.940e+01 2.400e+01
|    ( - -6.578e+02 1 0)
|    ( WDBNDRY_B 0 -5.168e+03 9.832e+01 2.100e+01
|        ( QUESTION10 -1 -4.695e+03 7.976e+01 1.900e+01
|            ( - -3.434e+03 5 0)
|            ( SILENCE -1 -1.181e+03 8.159e+01 5.000e+00
|                ( - -4.273e+02 1 0)
|                ( - -6.724e+02 1 0)))
|        ( - -3.751e+02 1 0)))
s>    ( QUESTION13 -1 -5.925e+03 9.940e+01 2.400e+01
s>        ( - -6.578e+02 1 0)
s>        ( WDBNDRY_B 0 -5.168e+03 9.832e+01 2.100e+01
s>            ( QUESTION10 -1 -4.695e+03 7.976e+01 1.900e+01
s>                ( - -3.434e+03 5 0)
s>                ( SILENCE -1 -1.181e+03 8.159e+01 5.000e+00
s>                    ( - -4.273e+02 1 0)
s>                    ( - -6.724e+02 1 0)))
s>            ( - -3.751e+02 1 0)))INFO: dtree.c(1315): Comp split 14
INFO: dtree.c(1315): Comp split 15
INFO: dtree.c(1439): stop. leaf nodes are specific
INFO: dtree.c(1478): Final simple tree
|( QUESTION0_5_R 1 -3.020e+03 8.798e+01 1.299e+01
|    ( QUESTION13 -1 -2.110e+03 8.075e+01 8.994e+00
|        ( QUESTION14 -1 -1.412e+03 6.797e+01 5.994e+00
|            ( - -9.191e+02 2 0)
|            ( - -4.253e+02 1 0))
|        ( - -6.168e+02 1 0))
|    ( - -8.222e+02 1 0))
s>    ( QUESTION0_5_R 1 -3.020e+03 8.798e+01 1.299e+01
s>        ( QUESTION13 -1 -2.110e+03 8.075e+01 8.994e+00
s>            ( QUESTION14 -1 -1.412e+03 6.797e+01 5.994e+00
s>                ( - -9.191e+02 2 0)
s>                ( - -4.253e+02 1 0))
s>            ( - -6.168e+02 1 0))
s>        ( - -8.222e+02 1 0))INFO: dtree.c(1315): Comp split 16
INFO: dtree.c(1439): stop. leaf nodes are specific
INFO: dtree.c(1478): Final simple tree
|( WDBNDRY_B 0 -5.168e+03 9.832e+01 2.100e+01
|    ( QUESTION10 -1 -4.695e+03 7.976e+01 1.900e+01
|        ( - -3.434e+03 5 0)
|        ( SILENCE -1 -1.181e+03 8.159e+01 5.000e+00
|            ( - -4.273e+02 1 0)
|            ( - -6.724e+02 1 0)))
|    ( - -3.751e+02 1 0))
s>    ( WDBNDRY_B 0 -5.168e+03 9.832e+01 2.100e+01
s>        ( QUESTION10 -1 -4.695e+03 7.976e+01 1.900e+01
s>            ( - -3.434e+03 5 0)
s>            ( SILENCE -1 -1.181e+03 8.159e+01 5.000e+00
s>                ( - -4.273e+02 1 0)
s>                ( - -6.724e+02 1 0)))
s>        ( - -3.751e+02 1 0))INFO: dtree.c(1315): Comp split 17
INFO: dtree.c(1439): stop. leaf nodes are specific
INFO: dtree.c(1478): Final simple tree
|( QUESTION10 -1 -4.695e+03 7.976e+01 1.900e+01
|    ( - -3.434e+03 5 0)
|    ( SILENCE -1 -1.181e+03 8.159e+01 5.000e+00
|        ( - -4.273e+02 1 0)
|        ( - -6.724e+02 1 0)))
s>    ( QUESTION10 -1 -4.695e+03 7.976e+01 1.900e+01
s>        ( - -3.434e+03 5 0)
s>        ( SILENCE -1 -1.181e+03 8.159e+01 5.000e+00
s>            ( - -4.273e+02 1 0)
s>            ( - -6.724e+02 1 0)))INFO: dtree.c(1315): Comp split 18
INFO: dtree.c(1439): stop. leaf nodes are specific
INFO: dtree.c(1478): Final simple tree
|( SILENCE -1 -3.539e+03 8.236e+01 1.404e+01
|    ( - -2.102e+03 1 0)
|    ( QUESTION0_3_R 1 -1.355e+03 6.772e+01 5.002e+00
|        ( - -4.766e+02 1 0)
|        ( WDBNDRY_B 0 -8.104e+02 5.076e+01 3.000e+00
|            ( - -2.288e+02 1 0)
|            ( - -5.308e+02 1 0))))
s>    ( SILENCE -1 -3.539e+03 8.236e+01 1.404e+01
s>        ( - -2.102e+03 1 0)
s>        ( QUESTION0_3_R 1 -1.355e+03 6.772e+01 5.002e+00
s>            ( - -4.766e+02 1 0)
s>            ( WDBNDRY_B 0 -8.104e+02 5.076e+01 3.000e+00
s>                ( - -2.288e+02 1 0)
s>                ( - -5.308e+02 1 0))))INFO: dtree.c(1315): Comp split 19
INFO: dtree.c(1439): stop. leaf nodes are specific
INFO: dtree.c(1478): Final simple tree
|( QUESTION0_6_R 1 -3.690e+03 9.200e+01 1.501e+01
|    ( - -4.447e+02 1 0)
|    ( WDBNDRY_B 0 -3.154e+03 5.522e+01 1.301e+01
|        ( - -2.883e+03 2 0)
|        ( - -2.154e+02 1 0)))
s>    ( QUESTION0_6_R 1 -3.690e+03 9.200e+01 1.501e+01
s>        ( - -4.447e+02 1 0)
s>        ( WDBNDRY_B 0 -3.154e+03 5.522e+01 1.301e+01
s>            ( - -2.883e+03 2 0)
s>            ( - -2.154e+02 1 0)))INFO: dtree.c(1315): Comp split 20
INFO: dtree.c(1439): stop. leaf nodes are specific
INFO: dtree.c(1478): Final simple tree
|( QUESTION13 -1 -8.819e+03 6.580e+01 3.655e+01
|    ( - -3.383e+03 1 0)
|    ( QUESTION2_1_L -1 -5.370e+03 6.350e+01 2.234e+01
|        ( - -1.142e+03 1 0)
|        ( - -4.164e+03 5 0)))
s>    ( QUESTION13 -1 -8.819e+03 6.580e+01 3.655e+01
s>        ( - -3.383e+03 1 0)
s>        ( QUESTION2_1_L -1 -5.370e+03 6.350e+01 2.234e+01
s>            ( - -1.142e+03 1 0)
s>            ( - -4.164e+03 5 0)))INFO: dtree.c(1439): stop. leaf nodes are specific
INFO: dtree.c(1478): Final simple tree
|( QUESTION11 -1 -1.190e+03 7.270e+01 5.096e+00
|    ( - -4.595e+02 1 0)
|    ( - -6.582e+02 1 0))
s>    ( QUESTION11 -1 -1.190e+03 7.270e+01 5.096e+00
s>        ( - -4.595e+02 1 0)
s>        ( - -6.582e+02 1 0))INFO: dtree.c(1315): Comp split 21
INFO: dtree.c(1439): stop. leaf nodes are specific
INFO: dtree.c(1478): Final simple tree
|( WDBNDRY_B 0 -3.154e+03 5.522e+01 1.301e+01
|    ( - -2.883e+03 2 0)
|    ( - -2.154e+02 1 0))
s>    ( WDBNDRY_B 0 -3.154e+03 5.522e+01 1.301e+01
s>        ( - -2.883e+03 2 0)
s>        ( - -2.154e+02 1 0))INFO: dtree.c(1315): Comp split 22
INFO: dtree.c(1439): stop. leaf nodes are specific
INFO: dtree.c(1478): Final simple tree
|( QUESTION13 -1 -2.110e+03 8.075e+01 8.994e+00
|    ( QUESTION14 -1 -1.412e+03 6.797e+01 5.994e+00
|        ( - -9.191e+02 2 0)
|        ( - -4.253e+02 1 0))
|    ( - -6.168e+02 1 0))
s>    ( QUESTION13 -1 -2.110e+03 8.075e+01 8.994e+00
s>        ( QUESTION14 -1 -1.412e+03 6.797e+01 5.994e+00
s>            ( - -9.191e+02 2 0)
s>            ( - -4.253e+02 1 0))
s>        ( - -6.168e+02 1 0))INFO: dtree.c(1315): Comp split 23
INFO: dtree.c(1439): stop. leaf nodes are specific
INFO: dtree.c(1478): Final simple tree
|( QUESTION0_3_R 1 -1.355e+03 6.772e+01 5.002e+00
|    ( - -4.766e+02 1 0)
|    ( WDBNDRY_B 0 -8.104e+02 5.076e+01 3.000e+00
|        ( - -2.288e+02 1 0)
|        ( - -5.308e+02 1 0)))
s>    ( QUESTION0_3_R 1 -1.355e+03 6.772e+01 5.002e+00
s>        ( - -4.766e+02 1 0)
s>        ( WDBNDRY_B 0 -8.104e+02 5.076e+01 3.000e+00
s>            ( - -2.288e+02 1 0)
s>            ( - -5.308e+02 1 0)))INFO: dtree.c(1315): Comp split 24
INFO: dtree.c(1439): stop. leaf nodes are specific
INFO: dtree.c(1478): Final simple tree
|( QUESTION14 -1 -1.412e+03 6.797e+01 5.994e+00
|    ( - -9.191e+02 2 0)
|    ( - -4.253e+02 1 0))
s>    ( QUESTION14 -1 -1.412e+03 6.797e+01 5.994e+00
s>        ( - -9.191e+02 2 0)
s>        ( - -4.253e+02 1 0))INFO: dtree.c(1315): Comp split 25
INFO: dtree.c(1439): stop. leaf nodes are specific
INFO: dtree.c(1478): Final simple tree
|( SILENCE -1 -1.181e+03 8.159e+01 5.000e+00
|    ( - -4.273e+02 1 0)
|    ( - -6.724e+02 1 0))
s>    ( SILENCE -1 -1.181e+03 8.159e+01 5.000e+00
s>        ( - -4.273e+02 1 0)
s>        ( - -6.724e+02 1 0))INFO: dtree.c(1315): Comp split 26
INFO: dtree.c(1315): Comp split 27
INFO: dtree.c(1315): Comp split 28
INFO: dtree.c(1315): Comp split 29
INFO: dtree.c(1439): stop. leaf nodes are specific
INFO: dtree.c(1478): Final simple tree
|( WDBNDRY_B 0 -8.104e+02 5.076e+01 3.000e+00
|    ( - -2.288e+02 1 0)
|    ( - -5.308e+02 1 0))
s>    ( WDBNDRY_B 0 -8.104e+02 5.076e+01 3.000e+00
s>        ( - -2.288e+02 1 0)
s>        ( - -5.308e+02 1 0))INFO: dtree.c(1315): Comp split 30
INFO: dtree.c(1439): stop. leaf nodes are specific
INFO: dtree.c(1478): Final simple tree
|( QUESTION2_1_L -1 -5.370e+03 6.350e+01 2.234e+01
|    ( - -1.142e+03 1 0)
|    ( - -4.164e+03 5 0))
s>    ( QUESTION2_1_L -1 -5.370e+03 6.350e+01 2.234e+01
s>        ( - -1.142e+03 1 0)
s>        ( - -4.164e+03 5 0))INFO: dtree.c(1315): Comp split 31
INFO: dtree.c(1315): Comp split 32
INFO: dtree.c(1315): Comp split 33
INFO: dtree.c(1315): Comp split 34
INFO: dtree.c(1318): stop. leaf nodes are specific
Thu May  7 00:23:24 2020
