Current configuration:
[NAME]		[DEFLT]	[VALUE]
-allphones	no	no
-cntthresh	0.00001	1.000000e-05
-csplitmax	100	2000
-csplitmin	1	1
-csplitthr	8e-4	0.000000e+00
-example	no	no
-fullvar	no	no
-help		no	no
-meanfn			/home/abdy/Desktop/diploma/kg/model_parameters/kg.cd_cont_untied/means
-mixwfn			/home/abdy/Desktop/diploma/kg/model_parameters/kg.cd_cont_untied/mixture_weights
-moddeffn		/home/abdy/Desktop/diploma/kg/model_architecture/kg.untied.mdef
-mwfloor	1e-4	1.000000e-08
-phone			ja
-psetfn			/home/abdy/Desktop/diploma/kg/model_architecture/kg.tree_questions
-ssplitmax	5	7
-ssplitmin	1	1
-ssplitthr	8e-4	0.000000e+00
-state			2
-stwt			1.0,0.05,0.0,
-treefn			/home/abdy/Desktop/diploma/kg/trees/kg.unpruned/ja-2.dtree
-ts2cbfn	.semi.	.cont.
-varfloor	0.00001	1.000000e-05
-varfn			/home/abdy/Desktop/diploma/kg/model_parameters/kg.cd_cont_untied/variances

INFO: main.c(223): Reading: /home/abdy/Desktop/diploma/kg/model_architecture/kg.untied.mdef
INFO: model_def_io.c(573): Model definition info:
INFO: model_def_io.c(574): 10297 total models defined (47 base, 10250 tri)
INFO: model_def_io.c(575): 41188 total states
INFO: model_def_io.c(576): 30891 total tied states
INFO: model_def_io.c(577): 141 total tied CI states
INFO: model_def_io.c(578): 47 total tied transition matrices
INFO: model_def_io.c(579): 4 max state/model
INFO: model_def_io.c(580): 4 min state/model
INFO: main.c(242): Building trees for [ja a b i] through [ja y r i]
INFO: main.c(269): Covering states |[9024 9281]| == 258
INFO: main.c(275): Reading: /home/abdy/Desktop/diploma/kg/model_parameters/kg.cd_cont_untied/mixture_weights
INFO: s3mixw_io.c(173): Read /home/abdy/Desktop/diploma/kg/model_parameters/kg.cd_cont_untied/mixture_weights [258x1x1 array]
INFO: main.c(311): 22 of 86 models have observation count greater than 0.000010
INFO: main.c(95): nrm stwt: 0.000 0.048 0.952 
INFO: s3gau_io.c(169): Read /home/abdy/Desktop/diploma/kg/model_parameters/kg.cd_cont_untied/means [30891x1x1 array]
INFO: s3gau_io.c(169): Read /home/abdy/Desktop/diploma/kg/model_parameters/kg.cd_cont_untied/variances [30891x1x1 array]
INFO: main.c(549): Reading: /home/abdy/Desktop/diploma/kg/model_architecture/kg.tree_questions
INFO: main.c(588): 174 total simple questions (166 phone; 8 word bndry)
INFO: main.c(590): 40 Left Only questions, and 42 Right Only questions
INFO: dtree.c(1478): Final simple tree
|( QUESTION0_13_R 1 -1.976e+04 4.563e+02 8.377e+01
|    ( - 1.845e+02 1 0)
|    ( QUESTION0_4_R 1 -1.949e+04 2.194e+02 8.277e+01
|        ( - -4.986e+02 1 0)
|        ( QUESTION12 1 -1.877e+04 2.095e+02 7.977e+01
|            ( QUESTION15 1 -4.952e+03 1.510e+02 2.189e+01
|                ( - -2.402e+03 3 0 QUESTION11 -1 1.056e+02 1.080e+01)
|                ( - -2.399e+03 4 0 QUESTION11 -1 1.077e+02 1.109e+01))
|            ( QUESTION4 1 -1.361e+04 1.779e+02 5.788e+01
|                ( - -5.188e+03 6 0 QUESTION11 -1 1.216e+02 2.201e+01)
|                ( QUESTION2 1 -8.240e+03 1.503e+02 3.587e+01
|                    ( QUESTION0_9_R 1 -2.920e+03 1.339e+02 1.287e+01
|                        ( - -2.223e+03 1 0)
|                        ( - -5.623e+02 1 0))
|                    ( - -5.171e+03 5 0 WDBNDRY_E 0 1.260e+02 2.299e+01))))))
s>    ( QUESTION0_13_R 1 -1.976e+04 4.563e+02 8.377e+01
s>        ( - 1.845e+02 1 0)
s>        ( QUESTION0_4_R 1 -1.949e+04 2.194e+02 8.277e+01
s>            ( - -4.986e+02 1 0)
s>            ( QUESTION12 1 -1.877e+04 2.095e+02 7.977e+01
s>                ( QUESTION15 1 -4.952e+03 1.510e+02 2.189e+01
s>                    ( - -2.402e+03 3 0 QUESTION11 -1 1.056e+02 1.080e+01)
s>                    ( - -2.399e+03 4 0 QUESTION11 -1 1.077e+02 1.109e+01))
s>                ( QUESTION4 1 -1.361e+04 1.779e+02 5.788e+01
s>                    ( - -5.188e+03 6 0 QUESTION11 -1 1.216e+02 2.201e+01)
s>                    ( QUESTION2 1 -8.240e+03 1.503e+02 3.587e+01
s>                        ( QUESTION0_9_R 1 -2.920e+03 1.339e+02 1.287e+01
s>                            ( - -2.223e+03 1 0)
s>                            ( - -5.623e+02 1 0))
s>                        ( - -5.171e+03 5 0 WDBNDRY_E 0 1.260e+02 2.299e+01))))))INFO: dtree.c(1315): Comp split 0
INFO: dtree.c(1478): Final simple tree
|( QUESTION0_4_R 1 -1.949e+04 2.194e+02 8.277e+01
|    ( - -4.986e+02 1 0)
|    ( QUESTION12 1 -1.877e+04 2.095e+02 7.977e+01
|        ( QUESTION15 1 -4.952e+03 1.510e+02 2.189e+01
|            ( - -2.402e+03 3 0 QUESTION11 -1 1.056e+02 1.080e+01)
|            ( - -2.399e+03 4 0 QUESTION11 -1 1.077e+02 1.109e+01))
|        ( QUESTION4 1 -1.361e+04 1.779e+02 5.788e+01
|            ( - -5.188e+03 6 0 QUESTION11 -1 1.216e+02 2.201e+01)
|            ( QUESTION2 1 -8.240e+03 1.503e+02 3.587e+01
|                ( QUESTION0_9_R 1 -2.920e+03 1.339e+02 1.287e+01
|                    ( - -2.223e+03 1 0)
|                    ( - -5.623e+02 1 0))
|                ( WDBNDRY_E 0 -5.171e+03 1.260e+02 2.299e+01
|                    ( - -1.312e+03 1 0)
|                    ( - -3.733e+03 4 0 QUESTION11 -1 9.471e+01 1.699e+01))))))
s>    ( QUESTION0_4_R 1 -1.949e+04 2.194e+02 8.277e+01
s>        ( - -4.986e+02 1 0)
s>        ( QUESTION12 1 -1.877e+04 2.095e+02 7.977e+01
s>            ( QUESTION15 1 -4.952e+03 1.510e+02 2.189e+01
s>                ( - -2.402e+03 3 0 QUESTION11 -1 1.056e+02 1.080e+01)
s>                ( - -2.399e+03 4 0 QUESTION11 -1 1.077e+02 1.109e+01))
s>            ( QUESTION4 1 -1.361e+04 1.779e+02 5.788e+01
s>                ( - -5.188e+03 6 0 QUESTION11 -1 1.216e+02 2.201e+01)
s>                ( QUESTION2 1 -8.240e+03 1.503e+02 3.587e+01
s>                    ( QUESTION0_9_R 1 -2.920e+03 1.339e+02 1.287e+01
s>                        ( - -2.223e+03 1 0)
s>                        ( - -5.623e+02 1 0))
s>                    ( WDBNDRY_E 0 -5.171e+03 1.260e+02 2.299e+01
s>                        ( - -1.312e+03 1 0)
s>                        ( - -3.733e+03 4 0 QUESTION11 -1 9.471e+01 1.699e+01))))))INFO: dtree.c(1315): Comp split 1
INFO: dtree.c(1478): Final simple tree
|( QUESTION12 1 -1.877e+04 2.095e+02 7.977e+01
|    ( QUESTION15 1 -4.952e+03 1.510e+02 2.189e+01
|        ( - -2.402e+03 3 0 QUESTION11 -1 1.056e+02 1.080e+01)
|        ( - -2.399e+03 4 0 QUESTION11 -1 1.077e+02 1.109e+01))
|    ( QUESTION4 1 -1.361e+04 1.779e+02 5.788e+01
|        ( QUESTION11 -1 -5.188e+03 1.216e+02 2.201e+01
|            ( - -5.840e+02 1 0)
|            ( - -4.482e+03 5 0 WDBNDRY_E 0 1.143e+02 1.901e+01))
|        ( QUESTION2 1 -8.240e+03 1.503e+02 3.587e+01
|            ( QUESTION0_9_R 1 -2.920e+03 1.339e+02 1.287e+01
|                ( - -2.223e+03 1 0)
|                ( - -5.623e+02 1 0))
|            ( WDBNDRY_E 0 -5.171e+03 1.260e+02 2.299e+01
|                ( - -1.312e+03 1 0)
|                ( - -3.733e+03 4 0 QUESTION11 -1 9.471e+01 1.699e+01)))))
s>    ( QUESTION12 1 -1.877e+04 2.095e+02 7.977e+01
s>        ( QUESTION15 1 -4.952e+03 1.510e+02 2.189e+01
s>            ( - -2.402e+03 3 0 QUESTION11 -1 1.056e+02 1.080e+01)
s>            ( - -2.399e+03 4 0 QUESTION11 -1 1.077e+02 1.109e+01))
s>        ( QUESTION4 1 -1.361e+04 1.779e+02 5.788e+01
s>            ( QUESTION11 -1 -5.188e+03 1.216e+02 2.201e+01
s>                ( - -5.840e+02 1 0)
s>                ( - -4.482e+03 5 0 WDBNDRY_E 0 1.143e+02 1.901e+01))
s>            ( QUESTION2 1 -8.240e+03 1.503e+02 3.587e+01
s>                ( QUESTION0_9_R 1 -2.920e+03 1.339e+02 1.287e+01
s>                    ( - -2.223e+03 1 0)
s>                    ( - -5.623e+02 1 0))
s>                ( WDBNDRY_E 0 -5.171e+03 1.260e+02 2.299e+01
s>                    ( - -1.312e+03 1 0)
s>                    ( - -3.733e+03 4 0 QUESTION11 -1 9.471e+01 1.699e+01)))))INFO: dtree.c(1315): Comp split 2
INFO: dtree.c(1478): Final simple tree
|( QUESTION4 1 -1.361e+04 1.779e+02 5.788e+01
|    ( QUESTION11 -1 -5.188e+03 1.216e+02 2.201e+01
|        ( - -5.840e+02 1 0)
|        ( WDBNDRY_E 0 -4.482e+03 1.143e+02 1.901e+01
|            ( - -2.098e+03 3 0 QUESTION0_11_R 1 8.995e+01 9.013e+00)
|            ( - -2.270e+03 2 0)))
|    ( QUESTION2 1 -8.240e+03 1.503e+02 3.587e+01
|        ( QUESTION0_9_R 1 -2.920e+03 1.339e+02 1.287e+01
|            ( - -2.223e+03 1 0)
|            ( - -5.623e+02 1 0))
|        ( WDBNDRY_E 0 -5.171e+03 1.260e+02 2.299e+01
|            ( - -1.312e+03 1 0)
|            ( QUESTION11 -1 -3.733e+03 9.471e+01 1.699e+01
|                ( - -2.485e+03 2 0)
|                ( - -1.153e+03 2 0)))))
s>    ( QUESTION4 1 -1.361e+04 1.779e+02 5.788e+01
s>        ( QUESTION11 -1 -5.188e+03 1.216e+02 2.201e+01
s>            ( - -5.840e+02 1 0)
s>            ( WDBNDRY_E 0 -4.482e+03 1.143e+02 1.901e+01
s>                ( - -2.098e+03 3 0 QUESTION0_11_R 1 8.995e+01 9.013e+00)
s>                ( - -2.270e+03 2 0)))
s>        ( QUESTION2 1 -8.240e+03 1.503e+02 3.587e+01
s>            ( QUESTION0_9_R 1 -2.920e+03 1.339e+02 1.287e+01
s>                ( - -2.223e+03 1 0)
s>                ( - -5.623e+02 1 0))
s>            ( WDBNDRY_E 0 -5.171e+03 1.260e+02 2.299e+01
s>                ( - -1.312e+03 1 0)
s>                ( QUESTION11 -1 -3.733e+03 9.471e+01 1.699e+01
s>                    ( - -2.485e+03 2 0)
s>                    ( - -1.153e+03 2 0)))))INFO: dtree.c(1439): stop. leaf nodes are specific
INFO: dtree.c(1478): Final simple tree
|( QUESTION15 1 -4.952e+03 1.510e+02 2.189e+01
|    ( QUESTION11 -1 -2.402e+03 1.056e+02 1.080e+01
|        ( - -3.905e+02 1 0)
|        ( - -1.906e+03 2 0))
|    ( QUESTION11 -1 -2.399e+03 1.077e+02 1.109e+01
|        ( QUESTION0_0_R 1 -1.225e+03 2.241e+02 6.000e+00
|            ( - -7.603e+02 1 0)
|            ( - -2.403e+02 1 0))
|        ( WDBNDRY_E 0 -1.066e+03 8.647e+01 5.094e+00
|            ( - -3.907e+02 1 0)
|            ( - -5.891e+02 1 0))))
s>    ( QUESTION15 1 -4.952e+03 1.510e+02 2.189e+01
s>        ( QUESTION11 -1 -2.402e+03 1.056e+02 1.080e+01
s>            ( - -3.905e+02 1 0)
s>            ( - -1.906e+03 2 0))
s>        ( QUESTION11 -1 -2.399e+03 1.077e+02 1.109e+01
s>            ( QUESTION0_0_R 1 -1.225e+03 2.241e+02 6.000e+00
s>                ( - -7.603e+02 1 0)
s>                ( - -2.403e+02 1 0))
s>            ( WDBNDRY_E 0 -1.066e+03 8.647e+01 5.094e+00
s>                ( - -3.907e+02 1 0)
s>                ( - -5.891e+02 1 0))))INFO: dtree.c(1315): Comp split 3
INFO: dtree.c(1439): stop. leaf nodes are specific
INFO: dtree.c(1478): Final simple tree
|( QUESTION15 1 -4.481e+03 1.487e+02 1.989e+01
|    ( QUESTION11 -1 -2.402e+03 1.056e+02 1.080e+01
|        ( - -3.905e+02 1 0)
|        ( - -1.906e+03 2 0))
|    ( QUESTION11 -1 -1.930e+03 1.034e+02 9.094e+00
|        ( - -7.603e+02 1 0)
|        ( WDBNDRY_E 0 -1.066e+03 8.647e+01 5.094e+00
|            ( - -3.907e+02 1 0)
|            ( - -5.891e+02 1 0))))
s>    ( QUESTION15 1 -4.481e+03 1.487e+02 1.989e+01
s>        ( QUESTION11 -1 -2.402e+03 1.056e+02 1.080e+01
s>            ( - -3.905e+02 1 0)
s>            ( - -1.906e+03 2 0))
s>        ( QUESTION11 -1 -1.930e+03 1.034e+02 9.094e+00
s>            ( - -7.603e+02 1 0)
s>            ( WDBNDRY_E 0 -1.066e+03 8.647e+01 5.094e+00
s>                ( - -3.907e+02 1 0)
s>                ( - -5.891e+02 1 0))))INFO: dtree.c(1315): Comp split 4
INFO: dtree.c(1439): stop. leaf nodes are specific
INFO: dtree.c(1478): Final simple tree
|( QUESTION2 1 -8.240e+03 1.503e+02 3.587e+01
|    ( QUESTION0_9_R 1 -2.920e+03 1.339e+02 1.287e+01
|        ( - -2.223e+03 1 0)
|        ( - -5.623e+02 1 0))
|    ( WDBNDRY_E 0 -5.171e+03 1.260e+02 2.299e+01
|        ( - -1.312e+03 1 0)
|        ( QUESTION11 -1 -3.733e+03 9.471e+01 1.699e+01
|            ( - -2.485e+03 2 0)
|            ( - -1.153e+03 2 0))))
s>    ( QUESTION2 1 -8.240e+03 1.503e+02 3.587e+01
s>        ( QUESTION0_9_R 1 -2.920e+03 1.339e+02 1.287e+01
s>            ( - -2.223e+03 1 0)
s>            ( - -5.623e+02 1 0))
s>        ( WDBNDRY_E 0 -5.171e+03 1.260e+02 2.299e+01
s>            ( - -1.312e+03 1 0)
s>            ( QUESTION11 -1 -3.733e+03 9.471e+01 1.699e+01
s>                ( - -2.485e+03 2 0)
s>                ( - -1.153e+03 2 0))))INFO: dtree.c(1439): stop. leaf nodes are specific
INFO: dtree.c(1478): Final simple tree
|( QUESTION11 -1 -5.188e+03 1.216e+02 2.201e+01
|    ( - -5.840e+02 1 0)
|    ( WDBNDRY_E 0 -4.482e+03 1.143e+02 1.901e+01
|        ( QUESTION0_11_R 1 -2.098e+03 8.995e+01 9.013e+00
|            ( - -6.108e+02 1 0)
|            ( - -1.397e+03 2 0))
|        ( - -2.270e+03 2 0)))
s>    ( QUESTION11 -1 -5.188e+03 1.216e+02 2.201e+01
s>        ( - -5.840e+02 1 0)
s>        ( WDBNDRY_E 0 -4.482e+03 1.143e+02 1.901e+01
s>            ( QUESTION0_11_R 1 -2.098e+03 8.995e+01 9.013e+00
s>                ( - -6.108e+02 1 0)
s>                ( - -1.397e+03 2 0))
s>            ( - -2.270e+03 2 0)))INFO: dtree.c(1315): Comp split 5
INFO: dtree.c(1439): stop. leaf nodes are specific
INFO: dtree.c(1478): Final simple tree
|( WDBNDRY_E 0 -5.171e+03 1.260e+02 2.299e+01
|    ( - -1.312e+03 1 0)
|    ( QUESTION11 -1 -3.733e+03 9.471e+01 1.699e+01
|        ( - -2.485e+03 2 0)
|        ( - -1.153e+03 2 0)))
s>    ( WDBNDRY_E 0 -5.171e+03 1.260e+02 2.299e+01
s>        ( - -1.312e+03 1 0)
s>        ( QUESTION11 -1 -3.733e+03 9.471e+01 1.699e+01
s>            ( - -2.485e+03 2 0)
s>            ( - -1.153e+03 2 0)))INFO: dtree.c(1439): stop. leaf nodes are specific
INFO: dtree.c(1478): Final simple tree
|( QUESTION0_9_R 1 -2.920e+03 1.339e+02 1.287e+01
|    ( - -2.223e+03 1 0)
|    ( - -5.623e+02 1 0))
s>    ( QUESTION0_9_R 1 -2.920e+03 1.339e+02 1.287e+01
s>        ( - -2.223e+03 1 0)
s>        ( - -5.623e+02 1 0))INFO: dtree.c(1315): Comp split 6
INFO: dtree.c(1439): stop. leaf nodes are specific
INFO: dtree.c(1478): Final simple tree
|( QUESTION11 -1 -1.930e+03 1.034e+02 9.094e+00
|    ( - -7.603e+02 1 0)
|    ( WDBNDRY_E 0 -1.066e+03 8.647e+01 5.094e+00
|        ( - -3.907e+02 1 0)
|        ( - -5.891e+02 1 0)))
s>    ( QUESTION11 -1 -1.930e+03 1.034e+02 9.094e+00
s>        ( - -7.603e+02 1 0)
s>        ( WDBNDRY_E 0 -1.066e+03 8.647e+01 5.094e+00
s>            ( - -3.907e+02 1 0)
s>            ( - -5.891e+02 1 0)))INFO: dtree.c(1439): stop. leaf nodes are specific
INFO: dtree.c(1478): Final simple tree
|( QUESTION11 -1 -2.402e+03 1.056e+02 1.080e+01
|    ( - -3.905e+02 1 0)
|    ( - -1.906e+03 2 0))
s>    ( QUESTION11 -1 -2.402e+03 1.056e+02 1.080e+01
s>        ( - -3.905e+02 1 0)
s>        ( - -1.906e+03 2 0))INFO: dtree.c(1315): Comp split 7
INFO: dtree.c(1315): Comp split 8
INFO: dtree.c(1439): stop. leaf nodes are specific
INFO: dtree.c(1478): Final simple tree
|( QUESTION11 -1 -3.733e+03 9.471e+01 1.699e+01
|    ( - -2.485e+03 2 0)
|    ( - -1.153e+03 2 0))
s>    ( QUESTION11 -1 -3.733e+03 9.471e+01 1.699e+01
s>        ( - -2.485e+03 2 0)
s>        ( - -1.153e+03 2 0))INFO: dtree.c(1315): Comp split 9
INFO: dtree.c(1439): stop. leaf nodes are specific
INFO: dtree.c(1478): Final simple tree
|( WDBNDRY_E 0 -4.482e+03 1.143e+02 1.901e+01
|    ( QUESTION0_11_R 1 -2.098e+03 8.995e+01 9.013e+00
|        ( - -6.108e+02 1 0)
|        ( - -1.397e+03 2 0))
|    ( - -2.270e+03 2 0))
s>    ( WDBNDRY_E 0 -4.482e+03 1.143e+02 1.901e+01
s>        ( QUESTION0_11_R 1 -2.098e+03 8.995e+01 9.013e+00
s>            ( - -6.108e+02 1 0)
s>            ( - -1.397e+03 2 0))
s>        ( - -2.270e+03 2 0))INFO: dtree.c(1315): Comp split 10
INFO: dtree.c(1439): stop. leaf nodes are specific
INFO: dtree.c(1478): Final simple tree
|( QUESTION0_11_R 1 -2.098e+03 8.995e+01 9.013e+00
|    ( - -6.108e+02 1 0)
|    ( - -1.397e+03 2 0))
s>    ( QUESTION0_11_R 1 -2.098e+03 8.995e+01 9.013e+00
s>        ( - -6.108e+02 1 0)
s>        ( - -1.397e+03 2 0))INFO: dtree.c(1315): Comp split 11
INFO: dtree.c(1315): Comp split 12
INFO: dtree.c(1439): stop. leaf nodes are specific
INFO: dtree.c(1478): Final simple tree
|( WDBNDRY_E 0 -1.066e+03 8.647e+01 5.094e+00
|    ( - -3.907e+02 1 0)
|    ( - -5.891e+02 1 0))
s>    ( WDBNDRY_E 0 -1.066e+03 8.647e+01 5.094e+00
s>        ( - -3.907e+02 1 0)
s>        ( - -5.891e+02 1 0))INFO: dtree.c(1315): Comp split 13
INFO: dtree.c(1315): Comp split 14
INFO: dtree.c(1315): Comp split 15
INFO: dtree.c(1315): Comp split 16
INFO: dtree.c(1318): stop. leaf nodes are specific
Thu May  7 00:23:34 2020
