Current configuration:
[NAME]		[DEFLT]	[VALUE]
-allphones	no	no
-cntthresh	0.00001	1.000000e-05
-csplitmax	100	2000
-csplitmin	1	1
-csplitthr	8e-4	0.000000e+00
-example	no	no
-fullvar	no	no
-help		no	no
-meanfn			/home/abdy/Desktop/diploma/kg/model_parameters/kg.cd_cont_untied/means
-mixwfn			/home/abdy/Desktop/diploma/kg/model_parameters/kg.cd_cont_untied/mixture_weights
-moddeffn		/home/abdy/Desktop/diploma/kg/model_architecture/kg.untied.mdef
-mwfloor	1e-4	1.000000e-08
-phone			s
-psetfn			/home/abdy/Desktop/diploma/kg/model_architecture/kg.tree_questions
-ssplitmax	5	7
-ssplitmin	1	1
-ssplitthr	8e-4	0.000000e+00
-state			2
-stwt			1.0,0.05,0.0,
-treefn			/home/abdy/Desktop/diploma/kg/trees/kg.unpruned/s-2.dtree
-ts2cbfn	.semi.	.cont.
-varfloor	0.00001	1.000000e-05
-varfn			/home/abdy/Desktop/diploma/kg/model_parameters/kg.cd_cont_untied/variances

INFO: main.c(223): Reading: /home/abdy/Desktop/diploma/kg/model_architecture/kg.untied.mdef
INFO: model_def_io.c(573): Model definition info:
INFO: model_def_io.c(574): 10297 total models defined (47 base, 10250 tri)
INFO: model_def_io.c(575): 41188 total states
INFO: model_def_io.c(576): 30891 total tied states
INFO: model_def_io.c(577): 141 total tied CI states
INFO: model_def_io.c(578): 47 total tied transition matrices
INFO: model_def_io.c(579): 4 max state/model
INFO: model_def_io.c(580): 4 min state/model
INFO: main.c(242): Building trees for [s SIL a b] through [s z y i]
INFO: main.c(269): Covering states |[21591 22637]| == 1047
INFO: main.c(275): Reading: /home/abdy/Desktop/diploma/kg/model_parameters/kg.cd_cont_untied/mixture_weights
INFO: s3mixw_io.c(173): Read /home/abdy/Desktop/diploma/kg/model_parameters/kg.cd_cont_untied/mixture_weights [1047x1x1 array]
INFO: main.c(311): 77 of 349 models have observation count greater than 0.000010
INFO: main.c(95): nrm stwt: 0.000 0.048 0.952 
INFO: s3gau_io.c(169): Read /home/abdy/Desktop/diploma/kg/model_parameters/kg.cd_cont_untied/means [30891x1x1 array]
INFO: s3gau_io.c(169): Read /home/abdy/Desktop/diploma/kg/model_parameters/kg.cd_cont_untied/variances [30891x1x1 array]
INFO: main.c(549): Reading: /home/abdy/Desktop/diploma/kg/model_architecture/kg.tree_questions
INFO: main.c(588): 174 total simple questions (166 phone; 8 word bndry)
INFO: main.c(590): 40 Left Only questions, and 42 Right Only questions
INFO: dtree.c(1478): Final simple tree
|( SILENCE 1 -1.130e+05 1.298e+03 4.575e+02
|    ( - -9.847e+03 1 0)
|    ( QUESTION0_2_R 1 -1.019e+05 5.438e+02 4.130e+02
|        ( QUESTION0_5_R 1 -8.296e+04 2.434e+02 3.352e+02
|            ( - -1.454e+04 13 0 QUESTION4 -1 1.830e+02 5.899e+01)
|            ( WDBNDRY_B 0 -6.817e+04 2.046e+02 2.763e+02
|                ( QUESTION2 -1 -2.684e+04 2.046e+02 1.085e+02
|                    ( - -2.864e+03 3 0 QUESTION0_3_R 1 1.696e+02 1.300e+01)
|                    ( - -2.378e+04 21 0 QUESTION16 -1 1.764e+02 9.555e+01))
|                ( QUESTION2_4_L -1 -4.112e+04 1.930e+02 1.677e+02
|                    ( - -2.056e+04 11 0 QUESTION14 -1 1.600e+02 8.442e+01)
|                    ( - -2.037e+04 11 0 QUESTION2_6_L -1 1.845e+02 8.329e+01))))
|        ( SILENCE -1 -1.837e+04 1.847e+02 7.776e+01
|            ( - -9.862e+02 1 0)
|            ( - -1.720e+04 16 0 QUESTION11 -1 1.735e+02 7.276e+01))))
s>    ( SILENCE 1 -1.130e+05 1.298e+03 4.575e+02
s>        ( - -9.847e+03 1 0)
s>        ( QUESTION0_2_R 1 -1.019e+05 5.438e+02 4.130e+02
s>            ( QUESTION0_5_R 1 -8.296e+04 2.434e+02 3.352e+02
s>                ( - -1.454e+04 13 0 QUESTION4 -1 1.830e+02 5.899e+01)
s>                ( WDBNDRY_B 0 -6.817e+04 2.046e+02 2.763e+02
s>                    ( QUESTION2 -1 -2.684e+04 2.046e+02 1.085e+02
s>                        ( - -2.864e+03 3 0 QUESTION0_3_R 1 1.696e+02 1.300e+01)
s>                        ( - -2.378e+04 21 0 QUESTION16 -1 1.764e+02 9.555e+01))
s>                    ( QUESTION2_4_L -1 -4.112e+04 1.930e+02 1.677e+02
s>                        ( - -2.056e+04 11 0 QUESTION14 -1 1.600e+02 8.442e+01)
s>                        ( - -2.037e+04 11 0 QUESTION2_6_L -1 1.845e+02 8.329e+01))))
s>            ( SILENCE -1 -1.837e+04 1.847e+02 7.776e+01
s>                ( - -9.862e+02 1 0)
s>                ( - -1.720e+04 16 0 QUESTION11 -1 1.735e+02 7.276e+01))))INFO: dtree.c(1315): Comp split 0
INFO: dtree.c(1478): Final simple tree
|( QUESTION0_2_R 1 -1.019e+05 5.438e+02 4.130e+02
|    ( QUESTION0_5_R 1 -8.296e+04 2.434e+02 3.352e+02
|        ( - -1.454e+04 13 0 QUESTION4 -1 1.830e+02 5.899e+01)
|        ( WDBNDRY_B 0 -6.817e+04 2.046e+02 2.763e+02
|            ( QUESTION2 -1 -2.684e+04 2.046e+02 1.085e+02
|                ( - -2.864e+03 3 0 QUESTION0_3_R 1 1.696e+02 1.300e+01)
|                ( - -2.378e+04 21 0 QUESTION16 -1 1.764e+02 9.555e+01))
|            ( QUESTION2_4_L -1 -4.112e+04 1.930e+02 1.677e+02
|                ( - -2.056e+04 11 0 QUESTION14 -1 1.600e+02 8.442e+01)
|                ( QUESTION2_6_L -1 -2.037e+04 1.845e+02 8.329e+01
|                    ( - -1.014e+03 1 0)
|                    ( - -1.917e+04 10 0 QUESTION0_3_R 1 1.573e+02 7.829e+01)))))
|    ( SILENCE -1 -1.837e+04 1.847e+02 7.776e+01
|        ( - -9.862e+02 1 0)
|        ( - -1.720e+04 16 0 QUESTION11 -1 1.735e+02 7.276e+01)))
s>    ( QUESTION0_2_R 1 -1.019e+05 5.438e+02 4.130e+02
s>        ( QUESTION0_5_R 1 -8.296e+04 2.434e+02 3.352e+02
s>            ( - -1.454e+04 13 0 QUESTION4 -1 1.830e+02 5.899e+01)
s>            ( WDBNDRY_B 0 -6.817e+04 2.046e+02 2.763e+02
s>                ( QUESTION2 -1 -2.684e+04 2.046e+02 1.085e+02
s>                    ( - -2.864e+03 3 0 QUESTION0_3_R 1 1.696e+02 1.300e+01)
s>                    ( - -2.378e+04 21 0 QUESTION16 -1 1.764e+02 9.555e+01))
s>                ( QUESTION2_4_L -1 -4.112e+04 1.930e+02 1.677e+02
s>                    ( - -2.056e+04 11 0 QUESTION14 -1 1.600e+02 8.442e+01)
s>                    ( QUESTION2_6_L -1 -2.037e+04 1.845e+02 8.329e+01
s>                        ( - -1.014e+03 1 0)
s>                        ( - -1.917e+04 10 0 QUESTION0_3_R 1 1.573e+02 7.829e+01)))))
s>        ( SILENCE -1 -1.837e+04 1.847e+02 7.776e+01
s>            ( - -9.862e+02 1 0)
s>            ( - -1.720e+04 16 0 QUESTION11 -1 1.735e+02 7.276e+01)))INFO: dtree.c(1315): Comp split 1
INFO: dtree.c(1478): Final simple tree
|( QUESTION0_5_R 1 -8.296e+04 2.434e+02 3.352e+02
|    ( QUESTION4 -1 -1.454e+04 1.830e+02 5.899e+01
|        ( - -3.191e+02 1 0)
|        ( - -1.404e+04 12 0 QUESTION19 -1 1.433e+02 5.699e+01))
|    ( WDBNDRY_B 0 -6.817e+04 2.046e+02 2.763e+02
|        ( QUESTION2 -1 -2.684e+04 2.046e+02 1.085e+02
|            ( - -2.864e+03 3 0 QUESTION0_3_R 1 1.696e+02 1.300e+01)
|            ( QUESTION16 -1 -2.378e+04 1.764e+02 9.555e+01
|                ( - -1.815e+03 1 0)
|                ( - -2.178e+04 20 0 QUESTION13 1 1.531e+02 8.755e+01)))
|        ( QUESTION2_4_L -1 -4.112e+04 1.930e+02 1.677e+02
|            ( - -2.056e+04 11 0 QUESTION14 -1 1.600e+02 8.442e+01)
|            ( QUESTION2_6_L -1 -2.037e+04 1.845e+02 8.329e+01
|                ( - -1.014e+03 1 0)
|                ( - -1.917e+04 10 0 QUESTION0_3_R 1 1.573e+02 7.829e+01)))))
s>    ( QUESTION0_5_R 1 -8.296e+04 2.434e+02 3.352e+02
s>        ( QUESTION4 -1 -1.454e+04 1.830e+02 5.899e+01
s>            ( - -3.191e+02 1 0)
s>            ( - -1.404e+04 12 0 QUESTION19 -1 1.433e+02 5.699e+01))
s>        ( WDBNDRY_B 0 -6.817e+04 2.046e+02 2.763e+02
s>            ( QUESTION2 -1 -2.684e+04 2.046e+02 1.085e+02
s>                ( - -2.864e+03 3 0 QUESTION0_3_R 1 1.696e+02 1.300e+01)
s>                ( QUESTION16 -1 -2.378e+04 1.764e+02 9.555e+01
s>                    ( - -1.815e+03 1 0)
s>                    ( - -2.178e+04 20 0 QUESTION13 1 1.531e+02 8.755e+01)))
s>            ( QUESTION2_4_L -1 -4.112e+04 1.930e+02 1.677e+02
s>                ( - -2.056e+04 11 0 QUESTION14 -1 1.600e+02 8.442e+01)
s>                ( QUESTION2_6_L -1 -2.037e+04 1.845e+02 8.329e+01
s>                    ( - -1.014e+03 1 0)
s>                    ( - -1.917e+04 10 0 QUESTION0_3_R 1 1.573e+02 7.829e+01)))))INFO: dtree.c(1478): Final simple tree
|( SILENCE -1 -1.837e+04 1.847e+02 7.776e+01
|    ( - -9.862e+02 1 0)
|    ( QUESTION11 -1 -1.720e+04 1.735e+02 7.276e+01
|        ( - -1.544e+03 1 0)
|        ( WDBNDRY_B 0 -1.548e+04 1.619e+02 6.576e+01
|            ( - -7.717e+02 1 0)
|            ( QUESTION0_12_R 1 -1.455e+04 1.499e+02 6.176e+01
|                ( QUESTION0 -1 -1.303e+04 1.209e+02 5.576e+01
|                    ( - -2.946e+03 4 0 QUESTION2 -1 7.601e+01 1.279e+01)
|                    ( QUESTION13 -1 -9.963e+03 1.140e+02 4.297e+01
|                        ( - -1.210e+03 1 0)
|                        ( - -8.639e+03 7 0)))
|                ( WDBNDRY_E 0 -1.367e+03 1.312e+02 6.003e+00
|                    ( - -6.518e+02 1 0)
|                    ( - -5.843e+02 1 0))))))
s>    ( SILENCE -1 -1.837e+04 1.847e+02 7.776e+01
s>        ( - -9.862e+02 1 0)
s>        ( QUESTION11 -1 -1.720e+04 1.735e+02 7.276e+01
s>            ( - -1.544e+03 1 0)
s>            ( WDBNDRY_B 0 -1.548e+04 1.619e+02 6.576e+01
s>                ( - -7.717e+02 1 0)
s>                ( QUESTION0_12_R 1 -1.455e+04 1.499e+02 6.176e+01
s>                    ( QUESTION0 -1 -1.303e+04 1.209e+02 5.576e+01
s>                        ( - -2.946e+03 4 0 QUESTION2 -1 7.601e+01 1.279e+01)
s>                        ( QUESTION13 -1 -9.963e+03 1.140e+02 4.297e+01
s>                            ( - -1.210e+03 1 0)
s>                            ( - -8.639e+03 7 0)))
s>                    ( WDBNDRY_E 0 -1.367e+03 1.312e+02 6.003e+00
s>                        ( - -6.518e+02 1 0)
s>                        ( - -5.843e+02 1 0))))))INFO: dtree.c(1315): Comp split 2
INFO: dtree.c(1478): Final simple tree
|( QUESTION0_3_R 1 -5.537e+04 2.166e+02 2.228e+02
|    ( QUESTION2_4_L -1 -2.745e+04 1.780e+02 1.113e+02
|        ( - -1.192e+04 10 0 QUESTION13 1 1.383e+02 4.872e+01)
|        ( QUESTION13 1 -1.535e+04 1.519e+02 6.258e+01
|            ( - -1.830e+03 2 0 WDBNDRY_B 0 8.367e+01 8.003e+00)
|            ( - -1.337e+04 10 0 QUESTION4 -1 1.250e+02 5.458e+01)))
|    ( QUESTION0_5_R 1 -2.771e+04 1.647e+02 1.115e+02
|        ( QUESTION19 -1 -1.404e+04 1.433e+02 5.699e+01
|            ( - -6.905e+03 6 0 QUESTION0_6_R 1 1.219e+02 2.804e+01)
|            ( - -6.994e+03 6 0 QUESTION2_4_L -1 1.755e+02 2.894e+01))
|        ( QUESTION15 -1 -1.350e+04 1.930e+02 5.454e+01
|            ( - -3.001e+02 1 0)
|            ( QUESTION2_2_L -1 -1.301e+04 1.564e+02 5.254e+01
|                ( - -1.711e+03 2 0 QUESTION11 -1 9.864e+01 7.035e+00)
|                ( - -1.114e+04 5 0 QUESTION11 -1 1.341e+02 4.550e+01)))))
s>    ( QUESTION0_3_R 1 -5.537e+04 2.166e+02 2.228e+02
s>        ( QUESTION2_4_L -1 -2.745e+04 1.780e+02 1.113e+02
s>            ( - -1.192e+04 10 0 QUESTION13 1 1.383e+02 4.872e+01)
s>            ( QUESTION13 1 -1.535e+04 1.519e+02 6.258e+01
s>                ( - -1.830e+03 2 0 WDBNDRY_B 0 8.367e+01 8.003e+00)
s>                ( - -1.337e+04 10 0 QUESTION4 -1 1.250e+02 5.458e+01)))
s>        ( QUESTION0_5_R 1 -2.771e+04 1.647e+02 1.115e+02
s>            ( QUESTION19 -1 -1.404e+04 1.433e+02 5.699e+01
s>                ( - -6.905e+03 6 0 QUESTION0_6_R 1 1.219e+02 2.804e+01)
s>                ( - -6.994e+03 6 0 QUESTION2_4_L -1 1.755e+02 2.894e+01))
s>            ( QUESTION15 -1 -1.350e+04 1.930e+02 5.454e+01
s>                ( - -3.001e+02 1 0)
s>                ( QUESTION2_2_L -1 -1.301e+04 1.564e+02 5.254e+01
s>                    ( - -1.711e+03 2 0 QUESTION11 -1 9.864e+01 7.035e+00)
s>                    ( - -1.114e+04 5 0 QUESTION11 -1 1.341e+02 4.550e+01)))))INFO: dtree.c(1478): Final simple tree
|( WDBNDRY_B 0 -2.731e+04 2.054e+02 1.124e+02
|    ( QUESTION0_5_R 1 -5.359e+03 2.142e+02 2.300e+01
|        ( - -3.191e+02 1 0)
|        ( QUESTION0_3_R 1 -4.825e+03 1.764e+02 2.100e+01
|            ( QUESTION11 1 -4.172e+03 1.467e+02 1.800e+01
|                ( - -1.452e+03 1 0)
|                ( QUESTION0 -1 -2.573e+03 1.389e+02 1.100e+01
|                    ( - -6.191e+02 1 0)
|                    ( - -1.815e+03 1 0)))
|            ( - -4.772e+02 1 0)))
|    ( QUESTION4 -1 -2.174e+04 1.676e+02 8.942e+01
|        ( - -1.014e+03 1 0)
|        ( QUESTION14 -1 -2.056e+04 1.600e+02 8.442e+01
|            ( - -7.711e+03 3 0 QUESTION11 1 1.205e+02 3.217e+01)
|            ( - -1.269e+04 8 0 QUESTION0 -1 1.332e+02 5.225e+01))))
s>    ( WDBNDRY_B 0 -2.731e+04 2.054e+02 1.124e+02
s>        ( QUESTION0_5_R 1 -5.359e+03 2.142e+02 2.300e+01
s>            ( - -3.191e+02 1 0)
s>            ( QUESTION0_3_R 1 -4.825e+03 1.764e+02 2.100e+01
s>                ( QUESTION11 1 -4.172e+03 1.467e+02 1.800e+01
s>                    ( - -1.452e+03 1 0)
s>                    ( QUESTION0 -1 -2.573e+03 1.389e+02 1.100e+01
s>                        ( - -6.191e+02 1 0)
s>                        ( - -1.815e+03 1 0)))
s>                ( - -4.772e+02 1 0)))
s>        ( QUESTION4 -1 -2.174e+04 1.676e+02 8.942e+01
s>            ( - -1.014e+03 1 0)
s>            ( QUESTION14 -1 -2.056e+04 1.600e+02 8.442e+01
s>                ( - -7.711e+03 3 0 QUESTION11 1 1.205e+02 3.217e+01)
s>                ( - -1.269e+04 8 0 QUESTION0 -1 1.332e+02 5.225e+01))))INFO: dtree.c(1315): Comp split 3
INFO: dtree.c(1478): Final simple tree
|( QUESTION0_5_R 1 -2.536e+04 1.738e+02 1.025e+02
|    ( QUESTION19 -1 -1.404e+04 1.433e+02 5.699e+01
|        ( QUESTION0_6_R 1 -6.905e+03 1.219e+02 2.804e+01
|            ( - -2.957e+03 2 0)
|            ( - -3.826e+03 4 0))
|        ( QUESTION2_4_L -1 -6.994e+03 1.755e+02 2.894e+01
|            ( - -4.909e+03 4 0 QUESTION0_6_R 1 9.108e+01 2.095e+01)
|            ( WDBNDRY_B 0 -1.909e+03 9.943e+01 7.996e+00
|                ( - -9.294e+02 1 0)
|                ( - -8.802e+02 1 0))))
|    ( QUESTION11 -1 -1.114e+04 1.341e+02 4.550e+01
|        ( WDBNDRY_B 0 -1.014e+04 1.259e+02 4.150e+01
|            ( - -9.137e+02 1 0)
|            ( - -9.101e+03 3 0))
|        ( - -8.657e+02 1 0)))
s>    ( QUESTION0_5_R 1 -2.536e+04 1.738e+02 1.025e+02
s>        ( QUESTION19 -1 -1.404e+04 1.433e+02 5.699e+01
s>            ( QUESTION0_6_R 1 -6.905e+03 1.219e+02 2.804e+01
s>                ( - -2.957e+03 2 0)
s>                ( - -3.826e+03 4 0))
s>            ( QUESTION2_4_L -1 -6.994e+03 1.755e+02 2.894e+01
s>                ( - -4.909e+03 4 0 QUESTION0_6_R 1 9.108e+01 2.095e+01)
s>                ( WDBNDRY_B 0 -1.909e+03 9.943e+01 7.996e+00
s>                    ( - -9.294e+02 1 0)
s>                    ( - -8.802e+02 1 0))))
s>        ( QUESTION11 -1 -1.114e+04 1.341e+02 4.550e+01
s>            ( WDBNDRY_B 0 -1.014e+04 1.259e+02 4.150e+01
s>                ( - -9.137e+02 1 0)
s>                ( - -9.101e+03 3 0))
s>            ( - -8.657e+02 1 0)))INFO: dtree.c(1478): Final simple tree
|( QUESTION2_3_L -1 -2.978e+04 1.714e+02 1.203e+02
|    ( - -1.024e+04 6 0 QUESTION13 1 1.009e+02 4.258e+01)
|    ( QUESTION13 1 -1.937e+04 1.629e+02 7.776e+01
|        ( - -1.900e+03 2 0 SILENCE -1 1.183e+02 8.002e+00)
|        ( QUESTION0 -1 -1.731e+04 1.360e+02 6.975e+01
|            ( QUESTION11 1 -3.194e+03 1.479e+02 1.300e+01
|                ( - -2.614e+03 3 0 QUESTION1 -1 9.083e+01 1.100e+01)
|                ( - -4.324e+02 1 0))
|            ( WDBNDRY_B 0 -1.398e+04 1.289e+02 5.675e+01
|                ( QUESTION0_3_R 1 -1.214e+04 1.767e+02 4.972e+01
|                    ( QUESTION19 -1 -1.166e+04 1.206e+02 4.772e+01
|                        ( - -5.126e+03 4 0 QUESTION11 1 1.388e+02 2.169e+01)
|                        ( - -6.413e+03 6 0 QUESTION11 1 1.193e+02 2.602e+01))
|                    ( - -3.001e+02 1 0))
|                ( - -1.711e+03 2 0 QUESTION11 -1 9.864e+01 7.035e+00)))))
s>    ( QUESTION2_3_L -1 -2.978e+04 1.714e+02 1.203e+02
s>        ( - -1.024e+04 6 0 QUESTION13 1 1.009e+02 4.258e+01)
s>        ( QUESTION13 1 -1.937e+04 1.629e+02 7.776e+01
s>            ( - -1.900e+03 2 0 SILENCE -1 1.183e+02 8.002e+00)
s>            ( QUESTION0 -1 -1.731e+04 1.360e+02 6.975e+01
s>                ( QUESTION11 1 -3.194e+03 1.479e+02 1.300e+01
s>                    ( - -2.614e+03 3 0 QUESTION1 -1 9.083e+01 1.100e+01)
s>                    ( - -4.324e+02 1 0))
s>                ( WDBNDRY_B 0 -1.398e+04 1.289e+02 5.675e+01
s>                    ( QUESTION0_3_R 1 -1.214e+04 1.767e+02 4.972e+01
s>                        ( QUESTION19 -1 -1.166e+04 1.206e+02 4.772e+01
s>                            ( - -5.126e+03 4 0 QUESTION11 1 1.388e+02 2.169e+01)
s>                            ( - -6.413e+03 6 0 QUESTION11 1 1.193e+02 2.602e+01))
s>                        ( - -3.001e+02 1 0))
s>                    ( - -1.711e+03 2 0 QUESTION11 -1 9.864e+01 7.035e+00)))))INFO: dtree.c(1315): Comp split 4
INFO: dtree.c(1478): Final simple tree
|( QUESTION0_5_R 1 -2.300e+04 1.896e+02 9.442e+01
|    ( - -3.191e+02 1 0)
|    ( QUESTION4 -1 -2.249e+04 1.683e+02 9.242e+01
|        ( - -1.014e+03 1 0)
|        ( QUESTION14 -1 -2.131e+04 1.538e+02 8.742e+01
|            ( QUESTION11 1 -7.711e+03 1.205e+02 3.217e+01
|                ( - -8.915e+02 1 0)
|                ( - -6.699e+03 2 0))
|            ( QUESTION0 -1 -1.344e+04 1.344e+02 5.525e+01
|                ( WDBNDRY_B 0 -5.783e+03 1.322e+02 2.415e+01
|                    ( - -6.191e+02 1 0)
|                    ( QUESTION0_3_R 1 -5.031e+03 1.179e+02 2.115e+01
|                        ( - -9.225e+02 1 0)
|                        ( - -3.991e+03 2 0)))
|                ( - -7.527e+03 5 0 QUESTION13 -1 1.049e+02 3.110e+01)))))
s>    ( QUESTION0_5_R 1 -2.300e+04 1.896e+02 9.442e+01
s>        ( - -3.191e+02 1 0)
s>        ( QUESTION4 -1 -2.249e+04 1.683e+02 9.242e+01
s>            ( - -1.014e+03 1 0)
s>            ( QUESTION14 -1 -2.131e+04 1.538e+02 8.742e+01
s>                ( QUESTION11 1 -7.711e+03 1.205e+02 3.217e+01
s>                    ( - -8.915e+02 1 0)
s>                    ( - -6.699e+03 2 0))
s>                ( QUESTION0 -1 -1.344e+04 1.344e+02 5.525e+01
s>                    ( WDBNDRY_B 0 -5.783e+03 1.322e+02 2.415e+01
s>                        ( - -6.191e+02 1 0)
s>                        ( QUESTION0_3_R 1 -5.031e+03 1.179e+02 2.115e+01
s>                            ( - -9.225e+02 1 0)
s>                            ( - -3.991e+03 2 0)))
s>                    ( - -7.527e+03 5 0 QUESTION13 -1 1.049e+02 3.110e+01)))))INFO: dtree.c(1439): stop. leaf nodes are specific
INFO: dtree.c(1478): Final simple tree
|( QUESTION0_3_R 1 -4.072e+03 1.851e+02 1.800e+01
|    ( QUESTION0 -1 -3.410e+03 1.428e+02 1.500e+01
|        ( - -1.452e+03 1 0)
|        ( - -1.815e+03 1 0))
|    ( - -4.772e+02 1 0))
s>    ( QUESTION0_3_R 1 -4.072e+03 1.851e+02 1.800e+01
s>        ( QUESTION0 -1 -3.410e+03 1.428e+02 1.500e+01
s>            ( - -1.452e+03 1 0)
s>            ( - -1.815e+03 1 0))
s>        ( - -4.772e+02 1 0))INFO: dtree.c(1315): Comp split 5
INFO: dtree.c(1478): Final simple tree
|( WDBNDRY_B 0 -1.398e+04 1.289e+02 5.675e+01
|    ( QUESTION0_3_R 1 -1.214e+04 1.767e+02 4.972e+01
|        ( QUESTION19 -1 -1.166e+04 1.206e+02 4.772e+01
|            ( QUESTION11 1 -5.126e+03 1.388e+02 2.169e+01
|                ( - -3.706e+03 3 0)
|                ( - -1.282e+03 1 0))
|            ( QUESTION11 1 -6.413e+03 1.193e+02 2.602e+01
|                ( QUESTION14 -1 -2.532e+03 1.128e+02 1.102e+01
|                    ( - -8.456e+02 1 0)
|                    ( - -1.573e+03 1 0))
|                ( - -3.762e+03 4 0 QUESTION15 -1 9.495e+01 1.500e+01)))
|        ( - -3.001e+02 1 0))
|    ( QUESTION11 -1 -1.711e+03 9.864e+01 7.035e+00
|        ( - -6.934e+02 1 0)
|        ( - -9.190e+02 1 0)))
s>    ( WDBNDRY_B 0 -1.398e+04 1.289e+02 5.675e+01
s>        ( QUESTION0_3_R 1 -1.214e+04 1.767e+02 4.972e+01
s>            ( QUESTION19 -1 -1.166e+04 1.206e+02 4.772e+01
s>                ( QUESTION11 1 -5.126e+03 1.388e+02 2.169e+01
s>                    ( - -3.706e+03 3 0)
s>                    ( - -1.282e+03 1 0))
s>                ( QUESTION11 1 -6.413e+03 1.193e+02 2.602e+01
s>                    ( QUESTION14 -1 -2.532e+03 1.128e+02 1.102e+01
s>                        ( - -8.456e+02 1 0)
s>                        ( - -1.573e+03 1 0))
s>                    ( - -3.762e+03 4 0 QUESTION15 -1 9.495e+01 1.500e+01)))
s>            ( - -3.001e+02 1 0))
s>        ( QUESTION11 -1 -1.711e+03 9.864e+01 7.035e+00
s>            ( - -6.934e+02 1 0)
s>            ( - -9.190e+02 1 0)))INFO: dtree.c(1478): Final simple tree
|( SILENCE -1 -1.558e+04 1.444e+02 6.358e+01
|    ( - -8.824e+02 1 0)
|    ( QUESTION4 -1 -1.455e+04 1.233e+02 5.958e+01
|        ( QUESTION11 1 -2.415e+03 1.533e+02 1.000e+01
|            ( - -1.830e+03 2 0 WDBNDRY_B 0 7.767e+01 8.001e+00)
|            ( - -4.324e+02 1 0))
|        ( QUESTION13 -1 -1.201e+04 1.090e+02 4.958e+01
|            ( - -8.993e+02 1 0)
|            ( QUESTION13 1 -1.101e+04 9.733e+01 4.558e+01
|                ( - -8.636e+02 1 0)
|                ( QUESTION11 1 -1.005e+04 9.489e+01 4.158e+01
|                    ( - -7.390e+03 4 0 QUESTION0 -1 8.403e+01 3.082e+01)
|                    ( WDBNDRY_B 0 -2.561e+03 1.149e+02 1.076e+01
|                        ( - -8.980e+02 1 0)
|                        ( - -1.548e+03 1 0)))))))
s>    ( SILENCE -1 -1.558e+04 1.444e+02 6.358e+01
s>        ( - -8.824e+02 1 0)
s>        ( QUESTION4 -1 -1.455e+04 1.233e+02 5.958e+01
s>            ( QUESTION11 1 -2.415e+03 1.533e+02 1.000e+01
s>                ( - -1.830e+03 2 0 WDBNDRY_B 0 7.767e+01 8.001e+00)
s>                ( - -4.324e+02 1 0))
s>            ( QUESTION13 -1 -1.201e+04 1.090e+02 4.958e+01
s>                ( - -8.993e+02 1 0)
s>                ( QUESTION13 1 -1.101e+04 9.733e+01 4.558e+01
s>                    ( - -8.636e+02 1 0)
s>                    ( QUESTION11 1 -1.005e+04 9.489e+01 4.158e+01
s>                        ( - -7.390e+03 4 0 QUESTION0 -1 8.403e+01 3.082e+01)
s>                        ( WDBNDRY_B 0 -2.561e+03 1.149e+02 1.076e+01
s>                            ( - -8.980e+02 1 0)
s>                            ( - -1.548e+03 1 0)))))))INFO: dtree.c(1315): Comp split 6
INFO: dtree.c(1439): stop. leaf nodes are specific
INFO: dtree.c(1478): Final simple tree
|( QUESTION0_11_R 1 -6.092e+03 1.347e+02 2.580e+01
|    ( QUESTION11 -1 -5.373e+03 1.234e+02 2.280e+01
|        ( - -1.544e+03 1 0)
|        ( QUESTION1 -1 -3.706e+03 1.129e+02 1.579e+01
|            ( QUESTION2 -1 -2.463e+03 7.704e+01 1.079e+01
|                ( - -1.749e+03 2 0)
|                ( - -6.370e+02 1 0))
|            ( WDBNDRY_E 0 -1.130e+03 6.869e+01 5.003e+00
|                ( - -6.518e+02 1 0)
|                ( - -4.093e+02 1 0))))
|    ( - -5.843e+02 1 0))
s>    ( QUESTION0_11_R 1 -6.092e+03 1.347e+02 2.580e+01
s>        ( QUESTION11 -1 -5.373e+03 1.234e+02 2.280e+01
s>            ( - -1.544e+03 1 0)
s>            ( QUESTION1 -1 -3.706e+03 1.129e+02 1.579e+01
s>                ( QUESTION2 -1 -2.463e+03 7.704e+01 1.079e+01
s>                    ( - -1.749e+03 2 0)
s>                    ( - -6.370e+02 1 0))
s>                ( WDBNDRY_E 0 -1.130e+03 6.869e+01 5.003e+00
s>                    ( - -6.518e+02 1 0)
s>                    ( - -4.093e+02 1 0))))
s>        ( - -5.843e+02 1 0))INFO: dtree.c(1439): stop. leaf nodes are specific
INFO: dtree.c(1478): Final simple tree
|( SILENCE -1 -1.206e+04 1.860e+02 5.197e+01
|    ( - -9.862e+02 1 0)
|    ( WDBNDRY_B 0 -1.089e+04 1.558e+02 4.697e+01
|        ( - -7.717e+02 1 0)
|        ( QUESTION13 -1 -9.963e+03 1.140e+02 4.297e+01
|            ( - -1.210e+03 1 0)
|            ( - -8.639e+03 7 0))))
s>    ( SILENCE -1 -1.206e+04 1.860e+02 5.197e+01
s>        ( - -9.862e+02 1 0)
s>        ( WDBNDRY_B 0 -1.089e+04 1.558e+02 4.697e+01
s>            ( - -7.717e+02 1 0)
s>            ( QUESTION13 -1 -9.963e+03 1.140e+02 4.297e+01
s>                ( - -1.210e+03 1 0)
s>                ( - -8.639e+03 7 0))))INFO: dtree.c(1315): Comp split 7
INFO: dtree.c(1439): stop. leaf nodes are specific
INFO: dtree.c(1478): Final simple tree
|( QUESTION0_6_R 1 -9.963e+03 1.254e+02 4.004e+01
|    ( - -2.957e+03 2 0)
|    ( QUESTION0_5_R 1 -6.881e+03 1.180e+02 2.733e+01
|        ( QUESTION12 -1 -5.849e+03 1.141e+02 2.333e+01
|            ( - -3.826e+03 4 0)
|            ( WDBNDRY_B 0 -1.909e+03 9.943e+01 7.996e+00
|                ( - -9.294e+02 1 0)
|                ( - -8.802e+02 1 0)))
|        ( - -9.137e+02 1 0)))
s>    ( QUESTION0_6_R 1 -9.963e+03 1.254e+02 4.004e+01
s>        ( - -2.957e+03 2 0)
s>        ( QUESTION0_5_R 1 -6.881e+03 1.180e+02 2.733e+01
s>            ( QUESTION12 -1 -5.849e+03 1.141e+02 2.333e+01
s>                ( - -3.826e+03 4 0)
s>                ( WDBNDRY_B 0 -1.909e+03 9.943e+01 7.996e+00
s>                    ( - -9.294e+02 1 0)
s>                    ( - -8.802e+02 1 0)))
s>            ( - -9.137e+02 1 0)))INFO: dtree.c(1439): stop. leaf nodes are specific
INFO: dtree.c(1478): Final simple tree
|( QUESTION0_5_R 1 -1.519e+04 1.811e+02 6.245e+01
|    ( QUESTION0_6_R 1 -4.909e+03 9.108e+01 2.095e+01
|        ( WDBNDRY_B 0 -2.971e+03 8.097e+01 1.296e+01
|            ( - -1.530e+03 1 0)
|            ( - -1.360e+03 1 0))
|        ( WDBNDRY_B 0 -1.846e+03 8.476e+01 7.989e+00
|            ( - -8.954e+02 1 0)
|            ( - -8.662e+02 1 0)))
|    ( WDBNDRY_B 0 -1.010e+04 1.324e+02 4.150e+01
|        ( - -8.657e+02 1 0)
|        ( - -9.101e+03 3 0)))
s>    ( QUESTION0_5_R 1 -1.519e+04 1.811e+02 6.245e+01
s>        ( QUESTION0_6_R 1 -4.909e+03 9.108e+01 2.095e+01
s>            ( WDBNDRY_B 0 -2.971e+03 8.097e+01 1.296e+01
s>                ( - -1.530e+03 1 0)
s>                ( - -1.360e+03 1 0))
s>            ( WDBNDRY_B 0 -1.846e+03 8.476e+01 7.989e+00
s>                ( - -8.954e+02 1 0)
s>                ( - -8.662e+02 1 0)))
s>        ( WDBNDRY_B 0 -1.010e+04 1.324e+02 4.150e+01
s>            ( - -8.657e+02 1 0)
s>            ( - -9.101e+03 3 0)))INFO: dtree.c(1315): Comp split 8
INFO: dtree.c(1439): stop. leaf nodes are specific
INFO: dtree.c(1478): Final simple tree
|( QUESTION4 -1 -1.273e+04 1.659e+02 5.313e+01
|    ( - -1.014e+03 1 0)
|    ( WDBNDRY_B 0 -1.156e+04 1.278e+02 4.813e+01
|        ( - -6.191e+02 1 0)
|        ( QUESTION0_3_R 1 -1.081e+04 1.182e+02 4.513e+01
|            ( - -6.699e+03 2 0)
|            ( - -3.991e+03 2 0))))
s>    ( QUESTION4 -1 -1.273e+04 1.659e+02 5.313e+01
s>        ( - -1.014e+03 1 0)
s>        ( WDBNDRY_B 0 -1.156e+04 1.278e+02 4.813e+01
s>            ( - -6.191e+02 1 0)
s>            ( QUESTION0_3_R 1 -1.081e+04 1.182e+02 4.513e+01
s>                ( - -6.699e+03 2 0)
s>                ( - -3.991e+03 2 0))))INFO: dtree.c(1439): stop. leaf nodes are specific
INFO: dtree.c(1478): Final simple tree
|( WDBNDRY_B 0 -1.007e+04 1.788e+02 4.129e+01
|    ( - -3.191e+02 1 0)
|    ( QUESTION14 -1 -9.573e+03 1.272e+02 3.929e+01
|        ( - -8.915e+02 1 0)
|        ( QUESTION19 -1 -8.554e+03 1.063e+02 3.533e+01
|            ( QUESTION11 1 -6.135e+03 8.347e+01 2.524e+01
|                ( - -7.737e+02 1 0)
|                ( QUESTION0_3_R 1 -5.278e+03 1.012e+02 2.166e+01
|                    ( - -6.527e+02 1 0)
|                    ( - -4.524e+03 2 0)))
|            ( QUESTION0_3_R 1 -2.313e+03 1.035e+02 1.009e+01
|                ( - -9.225e+02 1 0)
|                ( - -1.287e+03 1 0)))))
s>    ( WDBNDRY_B 0 -1.007e+04 1.788e+02 4.129e+01
s>        ( - -3.191e+02 1 0)
s>        ( QUESTION14 -1 -9.573e+03 1.272e+02 3.929e+01
s>            ( - -8.915e+02 1 0)
s>            ( QUESTION19 -1 -8.554e+03 1.063e+02 3.533e+01
s>                ( QUESTION11 1 -6.135e+03 8.347e+01 2.524e+01
s>                    ( - -7.737e+02 1 0)
s>                    ( QUESTION0_3_R 1 -5.278e+03 1.012e+02 2.166e+01
s>                        ( - -6.527e+02 1 0)
s>                        ( - -4.524e+03 2 0)))
s>                ( QUESTION0_3_R 1 -2.313e+03 1.035e+02 1.009e+01
s>                    ( - -9.225e+02 1 0)
s>                    ( - -1.287e+03 1 0)))))INFO: dtree.c(1315): Comp split 9
INFO: dtree.c(1439): stop. leaf nodes are specific
INFO: dtree.c(1478): Final simple tree
|( QUESTION4 -1 -1.097e+04 1.226e+02 4.557e+01
|    ( WDBNDRY_B 0 -1.830e+03 7.767e+01 8.001e+00
|        ( - -8.750e+02 1 0)
|        ( - -8.769e+02 1 0))
|    ( QUESTION11 1 -9.022e+03 8.412e+01 3.757e+01
|        ( QUESTION0 -1 -7.390e+03 8.403e+01 3.082e+01
|            ( - -6.933e+02 1 0)
|            ( WDBNDRY_B 0 -6.613e+03 6.915e+01 2.782e+01
|                ( - -2.072e+03 1 0)
|                ( - -4.472e+03 2 0)))
|        ( - -1.548e+03 1 0)))
s>    ( QUESTION4 -1 -1.097e+04 1.226e+02 4.557e+01
s>        ( WDBNDRY_B 0 -1.830e+03 7.767e+01 8.001e+00
s>            ( - -8.750e+02 1 0)
s>            ( - -8.769e+02 1 0))
s>        ( QUESTION11 1 -9.022e+03 8.412e+01 3.757e+01
s>            ( QUESTION0 -1 -7.390e+03 8.403e+01 3.082e+01
s>                ( - -6.933e+02 1 0)
s>                ( WDBNDRY_B 0 -6.613e+03 6.915e+01 2.782e+01
s>                    ( - -2.072e+03 1 0)
s>                    ( - -4.472e+03 2 0)))
s>            ( - -1.548e+03 1 0)))INFO: dtree.c(1439): stop. leaf nodes are specific
INFO: dtree.c(1478): Final simple tree
|( QUESTION10 -1 -4.414e+03 1.268e+02 1.801e+01
|    ( WDBNDRY_B 0 -2.858e+03 1.049e+02 1.201e+01
|        ( QUESTION11 -1 -1.890e+03 9.218e+01 8.007e+00
|            ( - -8.980e+02 1 0)
|            ( - -8.993e+02 1 0))
|        ( - -8.636e+02 1 0))
|    ( SILENCE -1 -1.429e+03 1.142e+02 6.002e+00
|        ( - -8.824e+02 1 0)
|        ( - -4.324e+02 1 0)))
s>    ( QUESTION10 -1 -4.414e+03 1.268e+02 1.801e+01
s>        ( WDBNDRY_B 0 -2.858e+03 1.049e+02 1.201e+01
s>            ( QUESTION11 -1 -1.890e+03 9.218e+01 8.007e+00
s>                ( - -8.980e+02 1 0)
s>                ( - -8.993e+02 1 0))
s>            ( - -8.636e+02 1 0))
s>        ( SILENCE -1 -1.429e+03 1.142e+02 6.002e+00
s>            ( - -8.824e+02 1 0)
s>            ( - -4.324e+02 1 0)))INFO: dtree.c(1315): Comp split 10
INFO: dtree.c(1439): stop. leaf nodes are specific
INFO: dtree.c(1478): Final simple tree
|( WDBNDRY_B 0 -1.089e+04 1.558e+02 4.697e+01
|    ( - -7.717e+02 1 0)
|    ( QUESTION13 -1 -9.963e+03 1.140e+02 4.297e+01
|        ( - -1.210e+03 1 0)
|        ( - -8.639e+03 7 0)))
s>    ( WDBNDRY_B 0 -1.089e+04 1.558e+02 4.697e+01
s>        ( - -7.717e+02 1 0)
s>        ( QUESTION13 -1 -9.963e+03 1.140e+02 4.297e+01
s>            ( - -1.210e+03 1 0)
s>            ( - -8.639e+03 7 0)))INFO: dtree.c(1315): Comp split 11
INFO: dtree.c(1439): stop. leaf nodes are specific
INFO: dtree.c(1478): Final simple tree
|( QUESTION0 -1 -3.410e+03 1.428e+02 1.500e+01
|    ( - -1.452e+03 1 0)
|    ( - -1.815e+03 1 0))
s>    ( QUESTION0 -1 -3.410e+03 1.428e+02 1.500e+01
s>        ( - -1.452e+03 1 0)
s>        ( - -1.815e+03 1 0))INFO: dtree.c(1315): Comp split 12
INFO: dtree.c(1439): stop. leaf nodes are specific
INFO: dtree.c(1478): Final simple tree
|( QUESTION0_6_R 1 -4.909e+03 9.108e+01 2.095e+01
|    ( WDBNDRY_B 0 -2.971e+03 8.097e+01 1.296e+01
|        ( - -1.530e+03 1 0)
|        ( - -1.360e+03 1 0))
|    ( WDBNDRY_B 0 -1.846e+03 8.476e+01 7.989e+00
|        ( - -8.954e+02 1 0)
|        ( - -8.662e+02 1 0)))
s>    ( QUESTION0_6_R 1 -4.909e+03 9.108e+01 2.095e+01
s>        ( WDBNDRY_B 0 -2.971e+03 8.097e+01 1.296e+01
s>            ( - -1.530e+03 1 0)
s>            ( - -1.360e+03 1 0))
s>        ( WDBNDRY_B 0 -1.846e+03 8.476e+01 7.989e+00
s>            ( - -8.954e+02 1 0)
s>            ( - -8.662e+02 1 0)))INFO: dtree.c(1439): stop. leaf nodes are specific
INFO: dtree.c(1478): Final simple tree
|( WDBNDRY_B 0 -1.010e+04 1.324e+02 4.150e+01
|    ( - -8.657e+02 1 0)
|    ( - -9.101e+03 3 0))
s>    ( WDBNDRY_B 0 -1.010e+04 1.324e+02 4.150e+01
s>        ( - -8.657e+02 1 0)
s>        ( - -9.101e+03 3 0))INFO: dtree.c(1315): Comp split 13
INFO: dtree.c(1439): stop. leaf nodes are specific
INFO: dtree.c(1478): Final simple tree
|( QUESTION14 -1 -9.573e+03 1.272e+02 3.929e+01
|    ( - -8.915e+02 1 0)
|    ( QUESTION19 -1 -8.554e+03 1.063e+02 3.533e+01
|        ( QUESTION11 1 -6.135e+03 8.347e+01 2.524e+01
|            ( - -7.737e+02 1 0)
|            ( QUESTION0_3_R 1 -5.278e+03 1.012e+02 2.166e+01
|                ( - -6.527e+02 1 0)
|                ( - -4.524e+03 2 0)))
|        ( QUESTION0_3_R 1 -2.313e+03 1.035e+02 1.009e+01
|            ( - -9.225e+02 1 0)
|            ( - -1.287e+03 1 0))))
s>    ( QUESTION14 -1 -9.573e+03 1.272e+02 3.929e+01
s>        ( - -8.915e+02 1 0)
s>        ( QUESTION19 -1 -8.554e+03 1.063e+02 3.533e+01
s>            ( QUESTION11 1 -6.135e+03 8.347e+01 2.524e+01
s>                ( - -7.737e+02 1 0)
s>                ( QUESTION0_3_R 1 -5.278e+03 1.012e+02 2.166e+01
s>                    ( - -6.527e+02 1 0)
s>                    ( - -4.524e+03 2 0)))
s>            ( QUESTION0_3_R 1 -2.313e+03 1.035e+02 1.009e+01
s>                ( - -9.225e+02 1 0)
s>                ( - -1.287e+03 1 0))))INFO: dtree.c(1315): Comp split 14
INFO: dtree.c(1478): Final simple tree
|( WDBNDRY_B 0 -1.350e+04 1.274e+02 5.475e+01
|    ( QUESTION19 -1 -1.166e+04 1.206e+02 4.772e+01
|        ( QUESTION11 1 -5.126e+03 1.388e+02 2.169e+01
|            ( - -3.706e+03 3 0)
|            ( - -1.282e+03 1 0))
|        ( QUESTION11 1 -6.413e+03 1.193e+02 2.602e+01
|            ( QUESTION14 -1 -2.532e+03 1.128e+02 1.102e+01
|                ( - -8.456e+02 1 0)
|                ( - -1.573e+03 1 0))
|            ( QUESTION15 -1 -3.762e+03 9.495e+01 1.500e+01
|                ( - -2.643e+03 2 0)
|                ( - -1.025e+03 2 0 SILENCE -1 7.953e+01 4.000e+00))))
|    ( QUESTION11 -1 -1.711e+03 9.864e+01 7.035e+00
|        ( - -6.934e+02 1 0)
|        ( - -9.190e+02 1 0)))
s>    ( WDBNDRY_B 0 -1.350e+04 1.274e+02 5.475e+01
s>        ( QUESTION19 -1 -1.166e+04 1.206e+02 4.772e+01
s>            ( QUESTION11 1 -5.126e+03 1.388e+02 2.169e+01
s>                ( - -3.706e+03 3 0)
s>                ( - -1.282e+03 1 0))
s>            ( QUESTION11 1 -6.413e+03 1.193e+02 2.602e+01
s>                ( QUESTION14 -1 -2.532e+03 1.128e+02 1.102e+01
s>                    ( - -8.456e+02 1 0)
s>                    ( - -1.573e+03 1 0))
s>                ( QUESTION15 -1 -3.762e+03 9.495e+01 1.500e+01
s>                    ( - -2.643e+03 2 0)
s>                    ( - -1.025e+03 2 0 SILENCE -1 7.953e+01 4.000e+00))))
s>        ( QUESTION11 -1 -1.711e+03 9.864e+01 7.035e+00
s>            ( - -6.934e+02 1 0)
s>            ( - -9.190e+02 1 0)))INFO: dtree.c(1315): Comp split 15
INFO: dtree.c(1439): stop. leaf nodes are specific
INFO: dtree.c(1478): Final simple tree
|( WDBNDRY_B 0 -1.156e+04 1.278e+02 4.813e+01
|    ( - -6.191e+02 1 0)
|    ( QUESTION0_3_R 1 -1.081e+04 1.182e+02 4.513e+01
|        ( - -6.699e+03 2 0)
|        ( - -3.991e+03 2 0)))
s>    ( WDBNDRY_B 0 -1.156e+04 1.278e+02 4.813e+01
s>        ( - -6.191e+02 1 0)
s>        ( QUESTION0_3_R 1 -1.081e+04 1.182e+02 4.513e+01
s>            ( - -6.699e+03 2 0)
s>            ( - -3.991e+03 2 0)))INFO: dtree.c(1315): Comp split 16
INFO: dtree.c(1439): stop. leaf nodes are specific
INFO: dtree.c(1478): Final simple tree
|( QUESTION13 -1 -9.963e+03 1.140e+02 4.297e+01
|    ( - -1.210e+03 1 0)
|    ( - -8.639e+03 7 0))
s>    ( QUESTION13 -1 -9.963e+03 1.140e+02 4.297e+01
s>        ( - -1.210e+03 1 0)
s>        ( - -8.639e+03 7 0))INFO: dtree.c(1315): Comp split 17
INFO: dtree.c(1439): stop. leaf nodes are specific
INFO: dtree.c(1478): Final simple tree
|( WDBNDRY_B 0 -3.663e+03 1.017e+02 1.500e+01
|    ( - -2.643e+03 2 0)
|    ( - -9.190e+02 1 0))
s>    ( WDBNDRY_B 0 -3.663e+03 1.017e+02 1.500e+01
s>        ( - -2.643e+03 2 0)
s>        ( - -9.190e+02 1 0))INFO: dtree.c(1439): stop. leaf nodes are specific
INFO: dtree.c(1478): Final simple tree
|( QUESTION11 1 -9.690e+03 1.106e+02 3.976e+01
|    ( QUESTION15 -1 -6.353e+03 1.179e+02 2.701e+01
|        ( - -1.573e+03 1 0)
|        ( QUESTION13 -1 -4.662e+03 1.105e+02 1.995e+01
|            ( - -8.456e+02 1 0)
|            ( - -3.706e+03 3 0)))
|    ( QUESTION19 -1 -3.226e+03 1.227e+02 1.275e+01
|        ( - -1.282e+03 1 0)
|        ( WDBNDRY_B 0 -1.822e+03 1.033e+02 7.040e+00
|            ( SILENCE -1 -1.025e+03 7.953e+01 4.000e+00
|                ( - -6.824e+02 1 0)
|                ( - -2.629e+02 1 0))
|            ( - -6.934e+02 1 0))))
s>    ( QUESTION11 1 -9.690e+03 1.106e+02 3.976e+01
s>        ( QUESTION15 -1 -6.353e+03 1.179e+02 2.701e+01
s>            ( - -1.573e+03 1 0)
s>            ( QUESTION13 -1 -4.662e+03 1.105e+02 1.995e+01
s>                ( - -8.456e+02 1 0)
s>                ( - -3.706e+03 3 0)))
s>        ( QUESTION19 -1 -3.226e+03 1.227e+02 1.275e+01
s>            ( - -1.282e+03 1 0)
s>            ( WDBNDRY_B 0 -1.822e+03 1.033e+02 7.040e+00
s>                ( SILENCE -1 -1.025e+03 7.953e+01 4.000e+00
s>                    ( - -6.824e+02 1 0)
s>                    ( - -2.629e+02 1 0))
s>                ( - -6.934e+02 1 0))))INFO: dtree.c(1315): Comp split 18
INFO: dtree.c(1315): Comp split 19
INFO: dtree.c(1439): stop. leaf nodes are specific
INFO: dtree.c(1478): Final simple tree
|( WDBNDRY_B 0 -3.984e+03 9.755e+01 1.670e+01
|    ( - -9.294e+02 1 0)
|    ( - -2.957e+03 2 0))
s>    ( WDBNDRY_B 0 -3.984e+03 9.755e+01 1.670e+01
s>        ( - -9.294e+02 1 0)
s>        ( - -2.957e+03 2 0))INFO: dtree.c(1439): stop. leaf nodes are specific
INFO: dtree.c(1478): Final simple tree
|( WDBNDRY_B 0 -5.840e+03 1.111e+02 2.334e+01
|    ( - -9.137e+02 1 0)
|    ( QUESTION11 -1 -4.815e+03 1.090e+02 1.934e+01
|        ( - -8.802e+02 1 0)
|        ( - -3.826e+03 4 0)))
s>    ( WDBNDRY_B 0 -5.840e+03 1.111e+02 2.334e+01
s>        ( - -9.137e+02 1 0)
s>        ( QUESTION11 -1 -4.815e+03 1.090e+02 1.934e+01
s>            ( - -8.802e+02 1 0)
s>            ( - -3.826e+03 4 0)))INFO: dtree.c(1315): Comp split 20
INFO: dtree.c(1439): stop. leaf nodes are specific
INFO: dtree.c(1478): Final simple tree
|( QUESTION11 -1 -1.890e+03 9.218e+01 8.007e+00
|    ( - -8.980e+02 1 0)
|    ( - -8.993e+02 1 0))
s>    ( QUESTION11 -1 -1.890e+03 9.218e+01 8.007e+00
s>        ( - -8.980e+02 1 0)
s>        ( - -8.993e+02 1 0))INFO: dtree.c(1439): stop. leaf nodes are specific
INFO: dtree.c(1478): Final simple tree
|( QUESTION0 -1 -2.385e+03 1.230e+02 1.000e+01
|    ( - -4.324e+02 1 0)
|    ( WDBNDRY_B 0 -1.830e+03 8.367e+01 8.003e+00
|        ( - -8.824e+02 1 0)
|        ( - -8.636e+02 1 0)))
s>    ( QUESTION0 -1 -2.385e+03 1.230e+02 1.000e+01
s>        ( - -4.324e+02 1 0)
s>        ( WDBNDRY_B 0 -1.830e+03 8.367e+01 8.003e+00
s>            ( - -8.824e+02 1 0)
s>            ( - -8.636e+02 1 0)))INFO: dtree.c(1315): Comp split 21
INFO: dtree.c(1439): stop. leaf nodes are specific
INFO: dtree.c(1478): Final simple tree
|( QUESTION19 -1 -8.271e+03 1.125e+02 3.405e+01
|    ( - -3.706e+03 3 0)
|    ( WDBNDRY_B 0 -4.453e+03 1.038e+02 1.806e+01
|        ( QUESTION14 -1 -3.656e+03 9.995e+01 1.502e+01
|            ( QUESTION11 1 -1.212e+03 1.037e+02 4.969e+00
|                ( - -8.456e+02 1 0)
|                ( - -2.629e+02 1 0))
|            ( SILENCE -1 -2.344e+03 8.784e+01 1.006e+01
|                ( - -6.824e+02 1 0)
|                ( - -1.573e+03 1 0)))
|        ( - -6.934e+02 1 0)))
s>    ( QUESTION19 -1 -8.271e+03 1.125e+02 3.405e+01
s>        ( - -3.706e+03 3 0)
s>        ( WDBNDRY_B 0 -4.453e+03 1.038e+02 1.806e+01
s>            ( QUESTION14 -1 -3.656e+03 9.995e+01 1.502e+01
s>                ( QUESTION11 1 -1.212e+03 1.037e+02 4.969e+00
s>                    ( - -8.456e+02 1 0)
s>                    ( - -2.629e+02 1 0))
s>                ( SILENCE -1 -2.344e+03 8.784e+01 1.006e+01
s>                    ( - -6.824e+02 1 0)
s>                    ( - -1.573e+03 1 0)))
s>            ( - -6.934e+02 1 0)))INFO: dtree.c(1315): Comp split 22
INFO: dtree.c(1439): stop. leaf nodes are specific
INFO: dtree.c(1478): Final simple tree
|( QUESTION11 -1 -5.373e+03 1.234e+02 2.280e+01
|    ( - -1.544e+03 1 0)
|    ( QUESTION1 -1 -3.706e+03 1.129e+02 1.579e+01
|        ( QUESTION2 -1 -2.463e+03 7.704e+01 1.079e+01
|            ( - -1.749e+03 2 0)
|            ( - -6.370e+02 1 0))
|        ( WDBNDRY_E 0 -1.130e+03 6.869e+01 5.003e+00
|            ( - -6.518e+02 1 0)
|            ( - -4.093e+02 1 0))))
s>    ( QUESTION11 -1 -5.373e+03 1.234e+02 2.280e+01
s>        ( - -1.544e+03 1 0)
s>        ( QUESTION1 -1 -3.706e+03 1.129e+02 1.579e+01
s>            ( QUESTION2 -1 -2.463e+03 7.704e+01 1.079e+01
s>                ( - -1.749e+03 2 0)
s>                ( - -6.370e+02 1 0))
s>            ( WDBNDRY_E 0 -1.130e+03 6.869e+01 5.003e+00
s>                ( - -6.518e+02 1 0)
s>                ( - -4.093e+02 1 0))))INFO: dtree.c(1315): Comp split 23
INFO: dtree.c(1439): stop. leaf nodes are specific
INFO: dtree.c(1478): Final simple tree
|( QUESTION14 -1 -3.304e+03 1.150e+02 1.402e+01
|    ( - -8.456e+02 1 0)
|    ( SILENCE -1 -2.344e+03 8.784e+01 1.006e+01
|        ( - -6.824e+02 1 0)
|        ( - -1.573e+03 1 0)))
s>    ( QUESTION14 -1 -3.304e+03 1.150e+02 1.402e+01
s>        ( - -8.456e+02 1 0)
s>        ( SILENCE -1 -2.344e+03 8.784e+01 1.006e+01
s>            ( - -6.824e+02 1 0)
s>            ( - -1.573e+03 1 0)))INFO: dtree.c(1439): stop. leaf nodes are specific
INFO: dtree.c(1478): Final simple tree
|( WDBNDRY_B 0 -4.834e+03 9.179e+01 2.002e+01
|    ( QUESTION11 1 -4.049e+03 8.029e+01 1.698e+01
|        ( - -3.706e+03 3 0)
|        ( - -2.629e+02 1 0))
|    ( - -6.934e+02 1 0))
s>    ( WDBNDRY_B 0 -4.834e+03 9.179e+01 2.002e+01
s>        ( QUESTION11 1 -4.049e+03 8.029e+01 1.698e+01
s>            ( - -3.706e+03 3 0)
s>            ( - -2.629e+02 1 0))
s>        ( - -6.934e+02 1 0))INFO: dtree.c(1315): Comp split 24
INFO: dtree.c(1315): Comp split 25
INFO: dtree.c(1439): stop. leaf nodes are specific
INFO: dtree.c(1478): Final simple tree
|( QUESTION0_3_R 1 -1.081e+04 1.182e+02 4.513e+01
|    ( - -6.699e+03 2 0)
|    ( - -3.991e+03 2 0))
s>    ( QUESTION0_3_R 1 -1.081e+04 1.182e+02 4.513e+01
s>        ( - -6.699e+03 2 0)
s>        ( - -3.991e+03 2 0))INFO: dtree.c(1315): Comp split 26
INFO: dtree.c(1439): stop. leaf nodes are specific
INFO: dtree.c(1478): Final simple tree
|( QUESTION19 -1 -8.554e+03 1.063e+02 3.533e+01
|    ( QUESTION11 1 -6.135e+03 8.347e+01 2.524e+01
|        ( - -7.737e+02 1 0)
|        ( QUESTION0_3_R 1 -5.278e+03 1.012e+02 2.166e+01
|            ( - -6.527e+02 1 0)
|            ( - -4.524e+03 2 0)))
|    ( QUESTION0_3_R 1 -2.313e+03 1.035e+02 1.009e+01
|        ( - -9.225e+02 1 0)
|        ( - -1.287e+03 1 0)))
s>    ( QUESTION19 -1 -8.554e+03 1.063e+02 3.533e+01
s>        ( QUESTION11 1 -6.135e+03 8.347e+01 2.524e+01
s>            ( - -7.737e+02 1 0)
s>            ( QUESTION0_3_R 1 -5.278e+03 1.012e+02 2.166e+01
s>                ( - -6.527e+02 1 0)
s>                ( - -4.524e+03 2 0)))
s>        ( QUESTION0_3_R 1 -2.313e+03 1.035e+02 1.009e+01
s>            ( - -9.225e+02 1 0)
s>            ( - -1.287e+03 1 0)))INFO: dtree.c(1315): Comp split 27
INFO: dtree.c(1439): stop. leaf nodes are specific
INFO: dtree.c(1478): Final simple tree
|( QUESTION1 -1 -3.706e+03 1.129e+02 1.579e+01
|    ( QUESTION2 -1 -2.463e+03 7.704e+01 1.079e+01
|        ( - -1.749e+03 2 0)
|        ( - -6.370e+02 1 0))
|    ( WDBNDRY_E 0 -1.130e+03 6.869e+01 5.003e+00
|        ( - -6.518e+02 1 0)
|        ( - -4.093e+02 1 0)))
s>    ( QUESTION1 -1 -3.706e+03 1.129e+02 1.579e+01
s>        ( QUESTION2 -1 -2.463e+03 7.704e+01 1.079e+01
s>            ( - -1.749e+03 2 0)
s>            ( - -6.370e+02 1 0))
s>        ( WDBNDRY_E 0 -1.130e+03 6.869e+01 5.003e+00
s>            ( - -6.518e+02 1 0)
s>            ( - -4.093e+02 1 0)))INFO: dtree.c(1315): Comp split 28
INFO: dtree.c(1439): stop. leaf nodes are specific
INFO: dtree.c(1478): Final simple tree
|( WDBNDRY_B 0 -1.830e+03 8.367e+01 8.003e+00
|    ( - -8.824e+02 1 0)
|    ( - -8.636e+02 1 0))
s>    ( WDBNDRY_B 0 -1.830e+03 8.367e+01 8.003e+00
s>        ( - -8.824e+02 1 0)
s>        ( - -8.636e+02 1 0))INFO: dtree.c(1315): Comp split 29
INFO: dtree.c(1439): stop. leaf nodes are specific
INFO: dtree.c(1478): Final simple tree
|( QUESTION11 1 -9.022e+03 8.412e+01 3.757e+01
|    ( QUESTION0 -1 -7.390e+03 8.403e+01 3.082e+01
|        ( - -6.933e+02 1 0)
|        ( WDBNDRY_B 0 -6.613e+03 6.915e+01 2.782e+01
|            ( - -2.072e+03 1 0)
|            ( - -4.472e+03 2 0)))
|    ( - -1.548e+03 1 0))
s>    ( QUESTION11 1 -9.022e+03 8.412e+01 3.757e+01
s>        ( QUESTION0 -1 -7.390e+03 8.403e+01 3.082e+01
s>            ( - -6.933e+02 1 0)
s>            ( WDBNDRY_B 0 -6.613e+03 6.915e+01 2.782e+01
s>                ( - -2.072e+03 1 0)
s>                ( - -4.472e+03 2 0)))
s>        ( - -1.548e+03 1 0))INFO: dtree.c(1439): stop. leaf nodes are specific
INFO: dtree.c(1478): Final simple tree
|( WDBNDRY_B 0 -1.830e+03 7.767e+01 8.001e+00
|    ( - -8.750e+02 1 0)
|    ( - -8.769e+02 1 0))
s>    ( WDBNDRY_B 0 -1.830e+03 7.767e+01 8.001e+00
s>        ( - -8.750e+02 1 0)
s>        ( - -8.769e+02 1 0))INFO: dtree.c(1315): Comp split 30
INFO: dtree.c(1315): Comp split 31
INFO: dtree.c(1439): stop. leaf nodes are specific
INFO: dtree.c(1478): Final simple tree
|( SILENCE -1 -2.344e+03 8.784e+01 1.006e+01
|    ( - -6.824e+02 1 0)
|    ( - -1.573e+03 1 0))
s>    ( SILENCE -1 -2.344e+03 8.784e+01 1.006e+01
s>        ( - -6.824e+02 1 0)
s>        ( - -1.573e+03 1 0))INFO: dtree.c(1315): Comp split 32
INFO: dtree.c(1315): Comp split 33
INFO: dtree.c(1439): stop. leaf nodes are specific
INFO: dtree.c(1478): Final simple tree
|( WDBNDRY_E 0 -1.130e+03 6.869e+01 5.003e+00
|    ( - -6.518e+02 1 0)
|    ( - -4.093e+02 1 0))
s>    ( WDBNDRY_E 0 -1.130e+03 6.869e+01 5.003e+00
s>        ( - -6.518e+02 1 0)
s>        ( - -4.093e+02 1 0))INFO: dtree.c(1439): stop. leaf nodes are specific
INFO: dtree.c(1478): Final simple tree
|( QUESTION2 -1 -2.463e+03 7.704e+01 1.079e+01
|    ( - -1.749e+03 2 0)
|    ( - -6.370e+02 1 0))
s>    ( QUESTION2 -1 -2.463e+03 7.704e+01 1.079e+01
s>        ( - -1.749e+03 2 0)
s>        ( - -6.370e+02 1 0))INFO: dtree.c(1315): Comp split 34
INFO: dtree.c(1439): stop. leaf nodes are specific
INFO: dtree.c(1478): Final simple tree
|( QUESTION0_3_R 1 -3.061e+03 1.037e+02 1.302e+01
|    ( QUESTION0 -1 -1.670e+03 9.499e+01 7.156e+00
|        ( - -9.225e+02 1 0)
|        ( - -6.527e+02 1 0))
|    ( - -1.287e+03 1 0))
s>    ( QUESTION0_3_R 1 -3.061e+03 1.037e+02 1.302e+01
s>        ( QUESTION0 -1 -1.670e+03 9.499e+01 7.156e+00
s>            ( - -9.225e+02 1 0)
s>            ( - -6.527e+02 1 0))
s>        ( - -1.287e+03 1 0))INFO: dtree.c(1439): stop. leaf nodes are specific
INFO: dtree.c(1478): Final simple tree
|( QUESTION0_3_R 1 -5.382e+03 8.400e+01 2.232e+01
|    ( - -7.737e+02 1 0)
|    ( - -4.524e+03 2 0))
s>    ( QUESTION0_3_R 1 -5.382e+03 8.400e+01 2.232e+01
s>        ( - -7.737e+02 1 0)
s>        ( - -4.524e+03 2 0))INFO: dtree.c(1315): Comp split 35
INFO: dtree.c(1439): stop. leaf nodes are specific
INFO: dtree.c(1478): Final simple tree
|( QUESTION11 -1 -4.815e+03 1.090e+02 1.934e+01
|    ( - -8.802e+02 1 0)
|    ( - -3.826e+03 4 0))
s>    ( QUESTION11 -1 -4.815e+03 1.090e+02 1.934e+01
s>        ( - -8.802e+02 1 0)
s>        ( - -3.826e+03 4 0))INFO: dtree.c(1315): Comp split 36
INFO: dtree.c(1315): Comp split 37
INFO: dtree.c(1439): stop. leaf nodes are specific
INFO: dtree.c(1478): Final simple tree
|( QUESTION0 -1 -1.670e+03 9.499e+01 7.156e+00
|    ( - -9.225e+02 1 0)
|    ( - -6.527e+02 1 0))
s>    ( QUESTION0 -1 -1.670e+03 9.499e+01 7.156e+00
s>        ( - -9.225e+02 1 0)
s>        ( - -6.527e+02 1 0))INFO: dtree.c(1315): Comp split 38
INFO: dtree.c(1315): Comp split 39
INFO: dtree.c(1439): stop. leaf nodes are specific
INFO: dtree.c(1478): Final simple tree
|( WDBNDRY_B 0 -3.916e+03 8.578e+01 1.695e+01
|    ( - -1.530e+03 1 0)
|    ( QUESTION0_6_R 1 -2.300e+03 7.309e+01 1.000e+01
|        ( - -1.360e+03 1 0)
|        ( - -8.662e+02 1 0)))
s>    ( WDBNDRY_B 0 -3.916e+03 8.578e+01 1.695e+01
s>        ( - -1.530e+03 1 0)
s>        ( QUESTION0_6_R 1 -2.300e+03 7.309e+01 1.000e+01
s>            ( - -1.360e+03 1 0)
s>            ( - -8.662e+02 1 0)))INFO: dtree.c(1315): Comp split 40
INFO: dtree.c(1315): Comp split 41
INFO: dtree.c(1315): Comp split 42
INFO: dtree.c(1315): Comp split 43
INFO: dtree.c(1439): stop. leaf nodes are specific
INFO: dtree.c(1478): Final simple tree
|( QUESTION11 1 -4.049e+03 8.029e+01 1.698e+01
|    ( - -3.706e+03 3 0)
|    ( - -2.629e+02 1 0))
s>    ( QUESTION11 1 -4.049e+03 8.029e+01 1.698e+01
s>        ( - -3.706e+03 3 0)
s>        ( - -2.629e+02 1 0))INFO: dtree.c(1315): Comp split 44
INFO: dtree.c(1315): Comp split 45
INFO: dtree.c(1439): stop. leaf nodes are specific
INFO: dtree.c(1478): Final simple tree
|( QUESTION0_6_R 1 -2.300e+03 7.309e+01 1.000e+01
|    ( - -1.360e+03 1 0)
|    ( - -8.662e+02 1 0))
s>    ( QUESTION0_6_R 1 -2.300e+03 7.309e+01 1.000e+01
s>        ( - -1.360e+03 1 0)
s>        ( - -8.662e+02 1 0))INFO: dtree.c(1315): Comp split 46
INFO: dtree.c(1439): stop. leaf nodes are specific
INFO: dtree.c(1478): Final simple tree
|( QUESTION0 -1 -4.465e+03 7.950e+01 1.857e+01
|    ( - -6.933e+02 1 0)
|    ( WDBNDRY_B 0 -3.692e+03 7.245e+01 1.557e+01
|        ( - -2.072e+03 1 0)
|        ( - -1.548e+03 1 0)))
s>    ( QUESTION0 -1 -4.465e+03 7.950e+01 1.857e+01
s>        ( - -6.933e+02 1 0)
s>        ( WDBNDRY_B 0 -3.692e+03 7.245e+01 1.557e+01
s>            ( - -2.072e+03 1 0)
s>            ( - -1.548e+03 1 0)))INFO: dtree.c(1315): Comp split 47
INFO: dtree.c(1315): Comp split 48
INFO: dtree.c(1315): Comp split 49
INFO: dtree.c(1315): Comp split 50
INFO: dtree.c(1439): stop. leaf nodes are specific
INFO: dtree.c(1478): Final simple tree
|( WDBNDRY_B 0 -3.692e+03 7.245e+01 1.557e+01
|    ( - -2.072e+03 1 0)
|    ( - -1.548e+03 1 0))
s>    ( WDBNDRY_B 0 -3.692e+03 7.245e+01 1.557e+01
s>        ( - -2.072e+03 1 0)
s>        ( - -1.548e+03 1 0))INFO: dtree.c(1315): Comp split 51
INFO: dtree.c(1315): Comp split 52
INFO: dtree.c(1315): Comp split 53
INFO: dtree.c(1315): Comp split 54
INFO: dtree.c(1315): Comp split 55
INFO: dtree.c(1315): Comp split 56
INFO: dtree.c(1318): stop. leaf nodes are specific
Thu May  7 00:23:31 2020
