Current configuration:
[NAME]		[DEFLT]	[VALUE]
-allphones	no	no
-cntthresh	0.00001	1.000000e-05
-csplitmax	100	2000
-csplitmin	1	1
-csplitthr	8e-4	0.000000e+00
-example	no	no
-fullvar	no	no
-help		no	no
-meanfn			/home/abdy/Desktop/diploma/kg/model_parameters/kg.cd_cont_untied/means
-mixwfn			/home/abdy/Desktop/diploma/kg/model_parameters/kg.cd_cont_untied/mixture_weights
-moddeffn		/home/abdy/Desktop/diploma/kg/model_architecture/kg.untied.mdef
-mwfloor	1e-4	1.000000e-08
-phone			ch
-psetfn			/home/abdy/Desktop/diploma/kg/model_architecture/kg.tree_questions
-ssplitmax	5	7
-ssplitmin	1	1
-ssplitthr	8e-4	0.000000e+00
-state			0
-stwt			1.0,0.05,0.0,
-treefn			/home/abdy/Desktop/diploma/kg/trees/kg.unpruned/ch-0.dtree
-ts2cbfn	.semi.	.cont.
-varfloor	0.00001	1.000000e-05
-varfn			/home/abdy/Desktop/diploma/kg/model_parameters/kg.cd_cont_untied/variances

INFO: main.c(223): Reading: /home/abdy/Desktop/diploma/kg/model_architecture/kg.untied.mdef
INFO: model_def_io.c(573): Model definition info:
INFO: model_def_io.c(574): 10297 total models defined (47 base, 10250 tri)
INFO: model_def_io.c(575): 41188 total states
INFO: model_def_io.c(576): 30891 total tied states
INFO: model_def_io.c(577): 141 total tied CI states
INFO: model_def_io.c(578): 47 total tied transition matrices
INFO: model_def_io.c(579): 4 max state/model
INFO: model_def_io.c(580): 4 min state/model
INFO: main.c(242): Building trees for [ch SIL a b] through [ch zh k i]
INFO: main.c(269): Covering states |[3957 4610]| == 654
INFO: main.c(275): Reading: /home/abdy/Desktop/diploma/kg/model_parameters/kg.cd_cont_untied/mixture_weights
INFO: s3mixw_io.c(173): Read /home/abdy/Desktop/diploma/kg/model_parameters/kg.cd_cont_untied/mixture_weights [654x1x1 array]
INFO: main.c(311): 52 of 218 models have observation count greater than 0.000010
INFO: main.c(95): nrm stwt: 0.952 0.048 0.000 
INFO: s3gau_io.c(169): Read /home/abdy/Desktop/diploma/kg/model_parameters/kg.cd_cont_untied/means [30891x1x1 array]
INFO: s3gau_io.c(169): Read /home/abdy/Desktop/diploma/kg/model_parameters/kg.cd_cont_untied/variances [30891x1x1 array]
INFO: main.c(549): Reading: /home/abdy/Desktop/diploma/kg/model_architecture/kg.tree_questions
INFO: main.c(588): 174 total simple questions (166 phone; 8 word bndry)
INFO: main.c(590): 40 Left Only questions, and 42 Right Only questions
INFO: dtree.c(1478): Final simple tree
|( QUESTION14 1 -7.924e+04 4.193e+02 3.220e+02
|    ( - -5.411e+03 2 0 WDBNDRY_B 0 7.406e+01 2.402e+01)
|    ( QUESTION14 -1 -7.341e+04 2.848e+02 2.980e+02
|        ( QUESTION0_7_R 1 -1.230e+04 2.144e+02 5.089e+01
|            ( - -9.810e+02 1 0)
|            ( - -1.111e+04 4 0 WDBNDRY_B 0 1.830e+02 4.589e+01))
|        ( QUESTION10 -1 -6.082e+04 2.699e+02 2.471e+02
|            ( SILENCE 1 -4.997e+04 2.260e+02 2.042e+02
|                ( - -1.045e+03 1 0)
|                ( QUESTION0_2_R 1 -4.870e+04 2.007e+02 1.992e+02
|                    ( WDBNDRY_E 0 -3.885e+04 2.070e+02 1.588e+02
|                        ( - -7.083e+02 1 0)
|                        ( - -3.794e+04 25 0 QUESTION0_5_R 1 1.701e+02 1.548e+02))
|                    ( - -9.646e+03 9 0 QUESTION19 1 1.718e+02 4.041e+01)))
|            ( - -1.058e+04 9 0 QUESTION2_8_L -1 1.592e+02 4.289e+01))))
s>    ( QUESTION14 1 -7.924e+04 4.193e+02 3.220e+02
s>        ( - -5.411e+03 2 0 WDBNDRY_B 0 7.406e+01 2.402e+01)
s>        ( QUESTION14 -1 -7.341e+04 2.848e+02 2.980e+02
s>            ( QUESTION0_7_R 1 -1.230e+04 2.144e+02 5.089e+01
s>                ( - -9.810e+02 1 0)
s>                ( - -1.111e+04 4 0 WDBNDRY_B 0 1.830e+02 4.589e+01))
s>            ( QUESTION10 -1 -6.082e+04 2.699e+02 2.471e+02
s>                ( SILENCE 1 -4.997e+04 2.260e+02 2.042e+02
s>                    ( - -1.045e+03 1 0)
s>                    ( QUESTION0_2_R 1 -4.870e+04 2.007e+02 1.992e+02
s>                        ( WDBNDRY_E 0 -3.885e+04 2.070e+02 1.588e+02
s>                            ( - -7.083e+02 1 0)
s>                            ( - -3.794e+04 25 0 QUESTION0_5_R 1 1.701e+02 1.548e+02))
s>                        ( - -9.646e+03 9 0 QUESTION19 1 1.718e+02 4.041e+01)))
s>                ( - -1.058e+04 9 0 QUESTION2_8_L -1 1.592e+02 4.289e+01))))INFO: dtree.c(1315): Comp split 0
INFO: dtree.c(1478): Final simple tree
|( QUESTION14 -1 -6.255e+04 2.808e+02 2.551e+02
|    ( QUESTION0_7_R 1 -1.230e+04 2.144e+02 5.089e+01
|        ( - -9.810e+02 1 0)
|        ( WDBNDRY_B 0 -1.111e+04 1.830e+02 4.589e+01
|            ( - -2.011e+03 2 0)
|            ( - -8.914e+03 2 0)))
|    ( SILENCE 1 -4.997e+04 2.260e+02 2.042e+02
|        ( - -1.045e+03 1 0)
|        ( QUESTION0_2_R 1 -4.870e+04 2.007e+02 1.992e+02
|            ( WDBNDRY_E 0 -3.885e+04 2.070e+02 1.588e+02
|                ( - -7.083e+02 1 0)
|                ( - -3.794e+04 25 0 QUESTION0_5_R 1 1.701e+02 1.548e+02))
|            ( QUESTION19 1 -9.646e+03 1.718e+02 4.041e+01
|                ( - -9.853e+02 1 0)
|                ( - -8.489e+03 8 0 QUESTION0_13_R 1 1.436e+02 3.541e+01)))))
s>    ( QUESTION14 -1 -6.255e+04 2.808e+02 2.551e+02
s>        ( QUESTION0_7_R 1 -1.230e+04 2.144e+02 5.089e+01
s>            ( - -9.810e+02 1 0)
s>            ( WDBNDRY_B 0 -1.111e+04 1.830e+02 4.589e+01
s>                ( - -2.011e+03 2 0)
s>                ( - -8.914e+03 2 0)))
s>        ( SILENCE 1 -4.997e+04 2.260e+02 2.042e+02
s>            ( - -1.045e+03 1 0)
s>            ( QUESTION0_2_R 1 -4.870e+04 2.007e+02 1.992e+02
s>                ( WDBNDRY_E 0 -3.885e+04 2.070e+02 1.588e+02
s>                    ( - -7.083e+02 1 0)
s>                    ( - -3.794e+04 25 0 QUESTION0_5_R 1 1.701e+02 1.548e+02))
s>                ( QUESTION19 1 -9.646e+03 1.718e+02 4.041e+01
s>                    ( - -9.853e+02 1 0)
s>                    ( - -8.489e+03 8 0 QUESTION0_13_R 1 1.436e+02 3.541e+01)))))INFO: dtree.c(1478): Final simple tree
|( QUESTION10 -1 -1.623e+04 2.361e+02 6.691e+01
|    ( - -5.411e+03 2 0 WDBNDRY_B 0 7.406e+01 2.402e+01)
|    ( QUESTION2_8_L -1 -1.058e+04 1.592e+02 4.289e+01
|        ( QUESTION0_5_R 1 -5.690e+03 4.837e+02 2.288e+01
|            ( - 2.164e+02 1 0)
|            ( QUESTION0_3_R 1 -5.422e+03 1.336e+02 2.188e+01
|                ( - -1.178e+03 1 0)
|                ( - -4.111e+03 2 0 WDBNDRY_B 0 5.218e+01 1.699e+01)))
|        ( QUESTION0_2_R 1 -4.732e+03 1.334e+02 2.001e+01
|            ( QUESTION2_0_L -1 -4.050e+03 1.277e+02 1.701e+01
|                ( - -6.456e+02 1 0)
|                ( QUESTION4 -1 -3.276e+03 1.239e+02 1.401e+01
|                    ( - -1.129e+03 1 0)
|                    ( - -2.024e+03 2 0 WDBNDRY_B 0 1.016e+02 9.011e+00)))
|            ( - -5.485e+02 1 0))))
s>    ( QUESTION10 -1 -1.623e+04 2.361e+02 6.691e+01
s>        ( - -5.411e+03 2 0 WDBNDRY_B 0 7.406e+01 2.402e+01)
s>        ( QUESTION2_8_L -1 -1.058e+04 1.592e+02 4.289e+01
s>            ( QUESTION0_5_R 1 -5.690e+03 4.837e+02 2.288e+01
s>                ( - 2.164e+02 1 0)
s>                ( QUESTION0_3_R 1 -5.422e+03 1.336e+02 2.188e+01
s>                    ( - -1.178e+03 1 0)
s>                    ( - -4.111e+03 2 0 WDBNDRY_B 0 5.218e+01 1.699e+01)))
s>            ( QUESTION0_2_R 1 -4.732e+03 1.334e+02 2.001e+01
s>                ( QUESTION2_0_L -1 -4.050e+03 1.277e+02 1.701e+01
s>                    ( - -6.456e+02 1 0)
s>                    ( QUESTION4 -1 -3.276e+03 1.239e+02 1.401e+01
s>                        ( - -1.129e+03 1 0)
s>                        ( - -2.024e+03 2 0 WDBNDRY_B 0 1.016e+02 9.011e+00)))
s>                ( - -5.485e+02 1 0))))INFO: dtree.c(1315): Comp split 1
INFO: dtree.c(1478): Final simple tree
|( QUESTION10 -1 -1.596e+04 2.369e+02 6.591e+01
|    ( - -5.411e+03 2 0 WDBNDRY_B 0 7.406e+01 2.402e+01)
|    ( QUESTION2_8_L -1 -1.031e+04 1.602e+02 4.189e+01
|        ( QUESTION0_3_R 1 -5.422e+03 1.336e+02 2.188e+01
|            ( - -1.178e+03 1 0)
|            ( - -4.111e+03 2 0 WDBNDRY_B 0 5.218e+01 1.699e+01))
|        ( QUESTION0_2_R 1 -4.732e+03 1.334e+02 2.001e+01
|            ( QUESTION2_0_L -1 -4.050e+03 1.277e+02 1.701e+01
|                ( - -6.456e+02 1 0)
|                ( QUESTION4 -1 -3.276e+03 1.239e+02 1.401e+01
|                    ( - -1.129e+03 1 0)
|                    ( WDBNDRY_B 0 -2.024e+03 1.016e+02 9.011e+00
|                        ( - -1.102e+03 1 0)
|                        ( - -8.196e+02 1 0))))
|            ( - -5.485e+02 1 0))))
s>    ( QUESTION10 -1 -1.596e+04 2.369e+02 6.591e+01
s>        ( - -5.411e+03 2 0 WDBNDRY_B 0 7.406e+01 2.402e+01)
s>        ( QUESTION2_8_L -1 -1.031e+04 1.602e+02 4.189e+01
s>            ( QUESTION0_3_R 1 -5.422e+03 1.336e+02 2.188e+01
s>                ( - -1.178e+03 1 0)
s>                ( - -4.111e+03 2 0 WDBNDRY_B 0 5.218e+01 1.699e+01))
s>            ( QUESTION0_2_R 1 -4.732e+03 1.334e+02 2.001e+01
s>                ( QUESTION2_0_L -1 -4.050e+03 1.277e+02 1.701e+01
s>                    ( - -6.456e+02 1 0)
s>                    ( QUESTION4 -1 -3.276e+03 1.239e+02 1.401e+01
s>                        ( - -1.129e+03 1 0)
s>                        ( WDBNDRY_B 0 -2.024e+03 1.016e+02 9.011e+00
s>                            ( - -1.102e+03 1 0)
s>                            ( - -8.196e+02 1 0))))
s>                ( - -5.485e+02 1 0))))INFO: dtree.c(1315): Comp split 2
INFO: dtree.c(1478): Final simple tree
|( SILENCE 1 -5.332e+04 2.255e+02 2.182e+02
|    ( - -1.045e+03 1 0)
|    ( QUESTION0_5_R 1 -5.205e+04 2.099e+02 2.132e+02
|        ( WDBNDRY_E 0 -1.638e+04 1.935e+02 6.796e+01
|            ( - -7.083e+02 1 0)
|            ( QUESTION11 -1 -1.548e+04 1.646e+02 6.396e+01
|                ( - -2.504e+03 1 0)
|                ( - -1.281e+04 9 0 QUESTION13 -1 1.482e+02 5.309e+01)))
|        ( QUESTION14 -1 -3.546e+04 2.069e+02 1.453e+02
|            ( - -9.810e+02 1 0)
|            ( QUESTION0_2_R 1 -3.427e+04 1.920e+02 1.403e+02
|                ( - -2.444e+04 17 0 QUESTION11 -1 1.504e+02 9.989e+01)
|                ( QUESTION19 1 -9.646e+03 1.718e+02 4.041e+01
|                    ( - -9.853e+02 1 0)
|                    ( - -8.489e+03 8 0 QUESTION0_13_R 1 1.436e+02 3.541e+01))))))
s>    ( SILENCE 1 -5.332e+04 2.255e+02 2.182e+02
s>        ( - -1.045e+03 1 0)
s>        ( QUESTION0_5_R 1 -5.205e+04 2.099e+02 2.132e+02
s>            ( WDBNDRY_E 0 -1.638e+04 1.935e+02 6.796e+01
s>                ( - -7.083e+02 1 0)
s>                ( QUESTION11 -1 -1.548e+04 1.646e+02 6.396e+01
s>                    ( - -2.504e+03 1 0)
s>                    ( - -1.281e+04 9 0 QUESTION13 -1 1.482e+02 5.309e+01)))
s>            ( QUESTION14 -1 -3.546e+04 2.069e+02 1.453e+02
s>                ( - -9.810e+02 1 0)
s>                ( QUESTION0_2_R 1 -3.427e+04 1.920e+02 1.403e+02
s>                    ( - -2.444e+04 17 0 QUESTION11 -1 1.504e+02 9.989e+01)
s>                    ( QUESTION19 1 -9.646e+03 1.718e+02 4.041e+01
s>                        ( - -9.853e+02 1 0)
s>                        ( - -8.489e+03 8 0 QUESTION0_13_R 1 1.436e+02 3.541e+01))))))INFO: dtree.c(1315): Comp split 3
INFO: dtree.c(1439): stop. leaf nodes are specific
INFO: dtree.c(1478): Final simple tree
|( QUESTION0_2_R 1 -7.030e+03 1.496e+02 3.102e+01
|    ( WDBNDRY_B 0 -6.332e+03 1.039e+02 2.802e+01
|        ( - -5.085e+03 1 0)
|        ( QUESTION0_3_R 1 -1.143e+03 7.140e+01 5.023e+00
|            ( - -2.524e+02 1 0)
|            ( - -8.196e+02 1 0)))
|    ( - -5.485e+02 1 0))
s>    ( QUESTION0_2_R 1 -7.030e+03 1.496e+02 3.102e+01
s>        ( WDBNDRY_B 0 -6.332e+03 1.039e+02 2.802e+01
s>            ( - -5.085e+03 1 0)
s>            ( QUESTION0_3_R 1 -1.143e+03 7.140e+01 5.023e+00
s>                ( - -2.524e+02 1 0)
s>                ( - -8.196e+02 1 0)))
s>        ( - -5.485e+02 1 0))INFO: dtree.c(1439): stop. leaf nodes are specific
INFO: dtree.c(1478): Final simple tree
|( QUESTION0_3_R 1 -8.670e+03 1.460e+02 3.489e+01
|    ( - -1.178e+03 1 0)
|    ( QUESTION9 -1 -7.347e+03 1.323e+02 3.000e+01
|        ( - -1.129e+03 1 0)
|        ( QUESTION1 -1 -6.086e+03 1.181e+02 2.500e+01
|            ( - -6.456e+02 1 0)
|            ( SILENCE -1 -5.322e+03 1.082e+02 2.200e+01
|                ( - -1.102e+03 1 0)
|                ( WDBNDRY_B 0 -4.111e+03 5.218e+01 1.699e+01
|                    ( - -3.816e+03 1 0)
|                    ( - -2.431e+02 1 0))))))
s>    ( QUESTION0_3_R 1 -8.670e+03 1.460e+02 3.489e+01
s>        ( - -1.178e+03 1 0)
s>        ( QUESTION9 -1 -7.347e+03 1.323e+02 3.000e+01
s>            ( - -1.129e+03 1 0)
s>            ( QUESTION1 -1 -6.086e+03 1.181e+02 2.500e+01
s>                ( - -6.456e+02 1 0)
s>                ( SILENCE -1 -5.322e+03 1.082e+02 2.200e+01
s>                    ( - -1.102e+03 1 0)
s>                    ( WDBNDRY_B 0 -4.111e+03 5.218e+01 1.699e+01
s>                        ( - -3.816e+03 1 0)
s>                        ( - -2.431e+02 1 0))))))INFO: dtree.c(1315): Comp split 4
INFO: dtree.c(1478): Final simple tree
|( QUESTION0_5_R 1 -5.205e+04 2.099e+02 2.132e+02
|    ( WDBNDRY_E 0 -1.638e+04 1.935e+02 6.796e+01
|        ( - -7.083e+02 1 0)
|        ( QUESTION11 -1 -1.548e+04 1.646e+02 6.396e+01
|            ( - -2.504e+03 1 0)
|            ( - -1.281e+04 9 0 QUESTION13 -1 1.482e+02 5.309e+01)))
|    ( QUESTION14 -1 -3.546e+04 2.069e+02 1.453e+02
|        ( - -9.810e+02 1 0)
|        ( QUESTION0_2_R 1 -3.427e+04 1.920e+02 1.403e+02
|            ( QUESTION11 -1 -2.444e+04 1.504e+02 9.989e+01
|                ( - -7.080e+03 4 0 QUESTION0_3_R 1 1.238e+02 3.000e+01)
|                ( - -1.721e+04 13 0 WDBNDRY_B 0 1.491e+02 6.989e+01))
|            ( QUESTION19 1 -9.646e+03 1.718e+02 4.041e+01
|                ( - -9.853e+02 1 0)
|                ( - -8.489e+03 8 0 QUESTION0_13_R 1 1.436e+02 3.541e+01)))))
s>    ( QUESTION0_5_R 1 -5.205e+04 2.099e+02 2.132e+02
s>        ( WDBNDRY_E 0 -1.638e+04 1.935e+02 6.796e+01
s>            ( - -7.083e+02 1 0)
s>            ( QUESTION11 -1 -1.548e+04 1.646e+02 6.396e+01
s>                ( - -2.504e+03 1 0)
s>                ( - -1.281e+04 9 0 QUESTION13 -1 1.482e+02 5.309e+01)))
s>        ( QUESTION14 -1 -3.546e+04 2.069e+02 1.453e+02
s>            ( - -9.810e+02 1 0)
s>            ( QUESTION0_2_R 1 -3.427e+04 1.920e+02 1.403e+02
s>                ( QUESTION11 -1 -2.444e+04 1.504e+02 9.989e+01
s>                    ( - -7.080e+03 4 0 QUESTION0_3_R 1 1.238e+02 3.000e+01)
s>                    ( - -1.721e+04 13 0 WDBNDRY_B 0 1.491e+02 6.989e+01))
s>                ( QUESTION19 1 -9.646e+03 1.718e+02 4.041e+01
s>                    ( - -9.853e+02 1 0)
s>                    ( - -8.489e+03 8 0 QUESTION0_13_R 1 1.436e+02 3.541e+01)))))INFO: dtree.c(1315): Comp split 5
INFO: dtree.c(1478): Final simple tree
|( QUESTION0_2_R 1 -2.703e+04 1.819e+02 1.103e+02
|    ( WDBNDRY_B 0 -1.721e+04 1.491e+02 6.989e+01
|        ( - -4.848e+03 5 0 QUESTION16 -1 1.159e+02 1.989e+01)
|        ( QUESTION13 -1 -1.221e+04 1.331e+02 5.000e+01
|            ( - -3.430e+03 2 0 QUESTION0_3_R 1 7.327e+01 1.405e+01)
|            ( - -8.645e+03 6 0 QUESTION11 1 1.331e+02 3.595e+01)))
|    ( QUESTION19 1 -9.646e+03 1.718e+02 4.041e+01
|        ( - -9.853e+02 1 0)
|        ( QUESTION0_13_R 1 -8.489e+03 1.436e+02 3.541e+01
|            ( WDBNDRY_E 0 -1.987e+03 1.411e+02 8.370e+00
|                ( - -8.054e+02 1 0)
|                ( - -1.041e+03 1 0))
|            ( QUESTION5 1 -6.358e+03 1.333e+02 2.704e+01
|                ( - -5.938e+02 1 0)
|                ( - -5.631e+03 5 0 WDBNDRY_E 0 1.024e+02 2.404e+01)))))
s>    ( QUESTION0_2_R 1 -2.703e+04 1.819e+02 1.103e+02
s>        ( WDBNDRY_B 0 -1.721e+04 1.491e+02 6.989e+01
s>            ( - -4.848e+03 5 0 QUESTION16 -1 1.159e+02 1.989e+01)
s>            ( QUESTION13 -1 -1.221e+04 1.331e+02 5.000e+01
s>                ( - -3.430e+03 2 0 QUESTION0_3_R 1 7.327e+01 1.405e+01)
s>                ( - -8.645e+03 6 0 QUESTION11 1 1.331e+02 3.595e+01)))
s>        ( QUESTION19 1 -9.646e+03 1.718e+02 4.041e+01
s>            ( - -9.853e+02 1 0)
s>            ( QUESTION0_13_R 1 -8.489e+03 1.436e+02 3.541e+01
s>                ( WDBNDRY_E 0 -1.987e+03 1.411e+02 8.370e+00
s>                    ( - -8.054e+02 1 0)
s>                    ( - -1.041e+03 1 0))
s>                ( QUESTION5 1 -6.358e+03 1.333e+02 2.704e+01
s>                    ( - -5.938e+02 1 0)
s>                    ( - -5.631e+03 5 0 WDBNDRY_E 0 1.024e+02 2.404e+01)))))INFO: dtree.c(1478): Final simple tree
|( WDBNDRY_E 0 -2.478e+04 1.965e+02 1.030e+02
|    ( - -7.083e+02 1 0)
|    ( QUESTION13 -1 -2.387e+04 1.740e+02 9.896e+01
|        ( QUESTION0_5_R 1 -6.097e+03 1.968e+02 2.591e+01
|            ( WDBNDRY_B 0 -4.919e+03 1.291e+02 2.091e+01
|                ( - -2.011e+03 2 0)
|                ( - -2.779e+03 2 0 QUESTION0_6_R 1 7.312e+01 1.191e+01))
|            ( - -9.810e+02 1 0))
|        ( QUESTION11 -1 -1.760e+04 1.364e+02 7.305e+01
|            ( QUESTION0_5_R 1 -9.726e+03 1.422e+02 4.086e+01
|                ( - -2.504e+03 1 0)
|                ( - -7.080e+03 4 0 QUESTION0_3_R 1 1.238e+02 3.000e+01))
|            ( WDBNDRY_B 0 -7.740e+03 1.493e+02 3.218e+01
|                ( - -1.814e+03 2 0)
|                ( - -5.777e+03 3 0 QUESTION0_6_R 1 1.136e+02 2.418e+01)))))
s>    ( WDBNDRY_E 0 -2.478e+04 1.965e+02 1.030e+02
s>        ( - -7.083e+02 1 0)
s>        ( QUESTION13 -1 -2.387e+04 1.740e+02 9.896e+01
s>            ( QUESTION0_5_R 1 -6.097e+03 1.968e+02 2.591e+01
s>                ( WDBNDRY_B 0 -4.919e+03 1.291e+02 2.091e+01
s>                    ( - -2.011e+03 2 0)
s>                    ( - -2.779e+03 2 0 QUESTION0_6_R 1 7.312e+01 1.191e+01))
s>                ( - -9.810e+02 1 0))
s>            ( QUESTION11 -1 -1.760e+04 1.364e+02 7.305e+01
s>                ( QUESTION0_5_R 1 -9.726e+03 1.422e+02 4.086e+01
s>                    ( - -2.504e+03 1 0)
s>                    ( - -7.080e+03 4 0 QUESTION0_3_R 1 1.238e+02 3.000e+01))
s>                ( WDBNDRY_B 0 -7.740e+03 1.493e+02 3.218e+01
s>                    ( - -1.814e+03 2 0)
s>                    ( - -5.777e+03 3 0 QUESTION0_6_R 1 1.136e+02 2.418e+01)))))INFO: dtree.c(1315): Comp split 6
INFO: dtree.c(1478): Final simple tree
|( WDBNDRY_E 0 -2.359e+04 1.972e+02 9.796e+01
|    ( - -7.083e+02 1 0)
|    ( QUESTION13 -1 -2.269e+04 1.646e+02 9.396e+01
|        ( WDBNDRY_B 0 -4.919e+03 1.291e+02 2.091e+01
|            ( - -2.011e+03 2 0)
|            ( - -2.779e+03 2 0 QUESTION0_6_R 1 7.312e+01 1.191e+01))
|        ( QUESTION11 -1 -1.760e+04 1.364e+02 7.305e+01
|            ( QUESTION0_5_R 1 -9.726e+03 1.422e+02 4.086e+01
|                ( - -2.504e+03 1 0)
|                ( QUESTION0_3_R 1 -7.080e+03 1.238e+02 3.000e+01
|                    ( - -2.976e+03 2 0 WDBNDRY_B 0 1.130e+02 1.300e+01)
|                    ( - -3.980e+03 2 0)))
|            ( WDBNDRY_B 0 -7.740e+03 1.493e+02 3.218e+01
|                ( - -1.814e+03 2 0)
|                ( - -5.777e+03 3 0 QUESTION0_6_R 1 1.136e+02 2.418e+01)))))
s>    ( WDBNDRY_E 0 -2.359e+04 1.972e+02 9.796e+01
s>        ( - -7.083e+02 1 0)
s>        ( QUESTION13 -1 -2.269e+04 1.646e+02 9.396e+01
s>            ( WDBNDRY_B 0 -4.919e+03 1.291e+02 2.091e+01
s>                ( - -2.011e+03 2 0)
s>                ( - -2.779e+03 2 0 QUESTION0_6_R 1 7.312e+01 1.191e+01))
s>            ( QUESTION11 -1 -1.760e+04 1.364e+02 7.305e+01
s>                ( QUESTION0_5_R 1 -9.726e+03 1.422e+02 4.086e+01
s>                    ( - -2.504e+03 1 0)
s>                    ( QUESTION0_3_R 1 -7.080e+03 1.238e+02 3.000e+01
s>                        ( - -2.976e+03 2 0 WDBNDRY_B 0 1.130e+02 1.300e+01)
s>                        ( - -3.980e+03 2 0)))
s>                ( WDBNDRY_B 0 -7.740e+03 1.493e+02 3.218e+01
s>                    ( - -1.814e+03 2 0)
s>                    ( - -5.777e+03 3 0 QUESTION0_6_R 1 1.136e+02 2.418e+01)))))INFO: dtree.c(1315): Comp split 7
INFO: dtree.c(1439): stop. leaf nodes are specific
INFO: dtree.c(1478): Final simple tree
|( WDBNDRY_B 0 -6.507e+03 1.408e+02 2.626e+01
|    ( QUESTION16 -1 -4.848e+03 1.159e+02 1.989e+01
|        ( - -8.508e+02 1 0)
|        ( QUESTION13 -1 -3.882e+03 1.284e+02 1.589e+01
|            ( QUESTION0_3_R 1 -1.665e+03 1.226e+02 6.888e+00
|                ( - -8.853e+02 1 0)
|                ( - -6.572e+02 1 0))
|            ( QUESTION0_3_R 1 -2.088e+03 1.306e+02 9.000e+00
|                ( - -1.057e+03 1 0)
|                ( - -9.007e+02 1 0))))
|    ( WDBNDRY_E 0 -1.518e+03 1.192e+02 6.370e+00
|        ( - -8.054e+02 1 0)
|        ( - -5.938e+02 1 0)))
s>    ( WDBNDRY_B 0 -6.507e+03 1.408e+02 2.626e+01
s>        ( QUESTION16 -1 -4.848e+03 1.159e+02 1.989e+01
s>            ( - -8.508e+02 1 0)
s>            ( QUESTION13 -1 -3.882e+03 1.284e+02 1.589e+01
s>                ( QUESTION0_3_R 1 -1.665e+03 1.226e+02 6.888e+00
s>                    ( - -8.853e+02 1 0)
s>                    ( - -6.572e+02 1 0))
s>                ( QUESTION0_3_R 1 -2.088e+03 1.306e+02 9.000e+00
s>                    ( - -1.057e+03 1 0)
s>                    ( - -9.007e+02 1 0))))
s>        ( WDBNDRY_E 0 -1.518e+03 1.192e+02 6.370e+00
s>            ( - -8.054e+02 1 0)
s>            ( - -5.938e+02 1 0)))INFO: dtree.c(1478): Final simple tree
|( WDBNDRY_E 0 -2.033e+04 1.762e+02 8.403e+01
|    ( QUESTION19 1 -6.244e+03 1.655e+02 2.701e+01
|        ( - -9.853e+02 1 0)
|        ( QUESTION0_19_R 1 -5.093e+03 1.018e+02 2.201e+01
|            ( - -6.122e+02 1 0)
|            ( QUESTION0_0_R 1 -4.379e+03 9.826e+01 1.899e+01
|                ( - -6.369e+02 1 0)
|                ( - -3.644e+03 2 0))))
|    ( QUESTION12 1 -1.391e+04 1.411e+02 5.702e+01
|        ( - -7.657e+03 5 0 QUESTION0_3_R 1 8.959e+01 3.195e+01)
|        ( QUESTION0_2_R 1 -6.110e+03 1.291e+02 2.508e+01
|            ( QUESTION13 -1 -4.419e+03 1.249e+02 1.805e+01
|                ( - -3.116e+03 1 0)
|                ( - -1.178e+03 2 0))
|            ( - -1.562e+03 2 0 QUESTION0_13_R 1 8.626e+01 7.023e+00))))
s>    ( WDBNDRY_E 0 -2.033e+04 1.762e+02 8.403e+01
s>        ( QUESTION19 1 -6.244e+03 1.655e+02 2.701e+01
s>            ( - -9.853e+02 1 0)
s>            ( QUESTION0_19_R 1 -5.093e+03 1.018e+02 2.201e+01
s>                ( - -6.122e+02 1 0)
s>                ( QUESTION0_0_R 1 -4.379e+03 9.826e+01 1.899e+01
s>                    ( - -6.369e+02 1 0)
s>                    ( - -3.644e+03 2 0))))
s>        ( QUESTION12 1 -1.391e+04 1.411e+02 5.702e+01
s>            ( - -7.657e+03 5 0 QUESTION0_3_R 1 8.959e+01 3.195e+01)
s>            ( QUESTION0_2_R 1 -6.110e+03 1.291e+02 2.508e+01
s>                ( QUESTION13 -1 -4.419e+03 1.249e+02 1.805e+01
s>                    ( - -3.116e+03 1 0)
s>                    ( - -1.178e+03 2 0))
s>                ( - -1.562e+03 2 0 QUESTION0_13_R 1 8.626e+01 7.023e+00))))INFO: dtree.c(1315): Comp split 8
INFO: dtree.c(1478): Final simple tree
|( QUESTION13 -1 -2.269e+04 1.646e+02 9.396e+01
|    ( WDBNDRY_B 0 -4.919e+03 1.291e+02 2.091e+01
|        ( - -2.011e+03 2 0)
|        ( - -2.779e+03 2 0 QUESTION0_6_R 1 7.312e+01 1.191e+01))
|    ( QUESTION11 -1 -1.760e+04 1.364e+02 7.305e+01
|        ( QUESTION0_5_R 1 -9.726e+03 1.422e+02 4.086e+01
|            ( - -2.504e+03 1 0)
|            ( QUESTION0_3_R 1 -7.080e+03 1.238e+02 3.000e+01
|                ( - -2.976e+03 2 0 WDBNDRY_B 0 1.130e+02 1.300e+01)
|                ( - -3.980e+03 2 0)))
|        ( WDBNDRY_B 0 -7.740e+03 1.493e+02 3.218e+01
|            ( - -1.814e+03 2 0)
|            ( QUESTION0_6_R 1 -5.777e+03 1.136e+02 2.418e+01
|                ( - -1.944e+03 2 0)
|                ( - -3.719e+03 1 0)))))
s>    ( QUESTION13 -1 -2.269e+04 1.646e+02 9.396e+01
s>        ( WDBNDRY_B 0 -4.919e+03 1.291e+02 2.091e+01
s>            ( - -2.011e+03 2 0)
s>            ( - -2.779e+03 2 0 QUESTION0_6_R 1 7.312e+01 1.191e+01))
s>        ( QUESTION11 -1 -1.760e+04 1.364e+02 7.305e+01
s>            ( QUESTION0_5_R 1 -9.726e+03 1.422e+02 4.086e+01
s>                ( - -2.504e+03 1 0)
s>                ( QUESTION0_3_R 1 -7.080e+03 1.238e+02 3.000e+01
s>                    ( - -2.976e+03 2 0 WDBNDRY_B 0 1.130e+02 1.300e+01)
s>                    ( - -3.980e+03 2 0)))
s>            ( WDBNDRY_B 0 -7.740e+03 1.493e+02 3.218e+01
s>                ( - -1.814e+03 2 0)
s>                ( QUESTION0_6_R 1 -5.777e+03 1.136e+02 2.418e+01
s>                    ( - -1.944e+03 2 0)
s>                    ( - -3.719e+03 1 0)))))INFO: dtree.c(1315): Comp split 9
INFO: dtree.c(1439): stop. leaf nodes are specific
INFO: dtree.c(1478): Final simple tree
|( QUESTION0_19_R 1 -3.417e+03 1.449e+02 1.502e+01
|    ( - -9.853e+02 1 0)
|    ( WDBNDRY_E 0 -2.287e+03 8.802e+01 1.002e+01
|        ( - -6.369e+02 1 0)
|        ( QUESTION0_13_R 1 -1.562e+03 8.626e+01 7.023e+00
|            ( - -1.041e+03 1 0)
|            ( - -4.355e+02 1 0))))
s>    ( QUESTION0_19_R 1 -3.417e+03 1.449e+02 1.502e+01
s>        ( - -9.853e+02 1 0)
s>        ( WDBNDRY_E 0 -2.287e+03 8.802e+01 1.002e+01
s>            ( - -6.369e+02 1 0)
s>            ( QUESTION0_13_R 1 -1.562e+03 8.626e+01 7.023e+00
s>                ( - -1.041e+03 1 0)
s>                ( - -4.355e+02 1 0))))INFO: dtree.c(1478): Final simple tree
|( QUESTION0_11_R 1 -1.672e+04 1.518e+02 6.901e+01
|    ( - -3.644e+03 2 0)
|    ( QUESTION13 -1 -1.292e+04 1.364e+02 5.302e+01
|        ( QUESTION0_3_R 1 -3.430e+03 7.327e+01 1.405e+01
|            ( - -3.116e+03 1 0)
|            ( - -2.414e+02 1 0))
|        ( QUESTION11 1 -9.355e+03 1.337e+02 3.897e+01
|            ( - -1.178e+03 2 0)
|            ( WDBNDRY_E 0 -8.043e+03 9.665e+01 3.397e+01
|                ( - -6.122e+02 1 0)
|                ( QUESTION0_3_R 1 -7.334e+03 8.487e+01 3.095e+01
|                    ( - -2.708e+03 1 0)
|                    ( QUESTION2_1_L -1 -4.541e+03 8.033e+01 1.896e+01
|                        ( - -6.729e+02 1 0)
|                        ( - -3.788e+03 2 0)))))))
s>    ( QUESTION0_11_R 1 -1.672e+04 1.518e+02 6.901e+01
s>        ( - -3.644e+03 2 0)
s>        ( QUESTION13 -1 -1.292e+04 1.364e+02 5.302e+01
s>            ( QUESTION0_3_R 1 -3.430e+03 7.327e+01 1.405e+01
s>                ( - -3.116e+03 1 0)
s>                ( - -2.414e+02 1 0))
s>            ( QUESTION11 1 -9.355e+03 1.337e+02 3.897e+01
s>                ( - -1.178e+03 2 0)
s>                ( WDBNDRY_E 0 -8.043e+03 9.665e+01 3.397e+01
s>                    ( - -6.122e+02 1 0)
s>                    ( QUESTION0_3_R 1 -7.334e+03 8.487e+01 3.095e+01
s>                        ( - -2.708e+03 1 0)
s>                        ( QUESTION2_1_L -1 -4.541e+03 8.033e+01 1.896e+01
s>                            ( - -6.729e+02 1 0)
s>                            ( - -3.788e+03 2 0)))))))INFO: dtree.c(1315): Comp split 10
INFO: dtree.c(1439): stop. leaf nodes are specific
INFO: dtree.c(1478): Final simple tree
|( QUESTION11 -1 -1.050e+04 1.544e+02 4.404e+01
|    ( WDBNDRY_B 0 -6.624e+03 1.398e+02 2.787e+01
|        ( - -2.504e+03 1 0)
|        ( - -3.980e+03 2 0))
|    ( - -3.719e+03 1 0))
s>    ( QUESTION11 -1 -1.050e+04 1.544e+02 4.404e+01
s>        ( WDBNDRY_B 0 -6.624e+03 1.398e+02 2.787e+01
s>            ( - -2.504e+03 1 0)
s>            ( - -3.980e+03 2 0))
s>        ( - -3.719e+03 1 0))INFO: dtree.c(1439): stop. leaf nodes are specific
INFO: dtree.c(1478): Final simple tree
|( QUESTION14 -1 -1.200e+04 1.261e+02 4.991e+01
|    ( - -2.011e+03 2 0)
|    ( QUESTION13 -1 -9.863e+03 1.147e+02 4.091e+01
|        ( QUESTION0_6_R 1 -2.779e+03 7.312e+01 1.191e+01
|            ( - -4.374e+02 1 0)
|            ( - -2.269e+03 1 0))
|        ( WDBNDRY_B 0 -6.969e+03 1.123e+02 2.900e+01
|            ( QUESTION0_3_R 1 -2.809e+03 1.422e+02 1.200e+01
|                ( - -8.535e+02 1 0)
|                ( - -1.814e+03 2 0))
|            ( QUESTION0_3_R 1 -4.047e+03 9.348e+01 1.700e+01
|                ( - -2.009e+03 1 0)
|                ( - -1.944e+03 2 0)))))
s>    ( QUESTION14 -1 -1.200e+04 1.261e+02 4.991e+01
s>        ( - -2.011e+03 2 0)
s>        ( QUESTION13 -1 -9.863e+03 1.147e+02 4.091e+01
s>            ( QUESTION0_6_R 1 -2.779e+03 7.312e+01 1.191e+01
s>                ( - -4.374e+02 1 0)
s>                ( - -2.269e+03 1 0))
s>            ( WDBNDRY_B 0 -6.969e+03 1.123e+02 2.900e+01
s>                ( QUESTION0_3_R 1 -2.809e+03 1.422e+02 1.200e+01
s>                    ( - -8.535e+02 1 0)
s>                    ( - -1.814e+03 2 0))
s>                ( QUESTION0_3_R 1 -4.047e+03 9.348e+01 1.700e+01
s>                    ( - -2.009e+03 1 0)
s>                    ( - -1.944e+03 2 0)))))INFO: dtree.c(1315): Comp split 11
INFO: dtree.c(1439): stop. leaf nodes are specific
INFO: dtree.c(1478): Final simple tree
|( QUESTION0_3_R 1 -2.582e+03 1.237e+02 1.026e+01
|    ( - -8.853e+02 1 0)
|    ( WDBNDRY_B 0 -1.573e+03 1.106e+02 6.259e+00
|        ( - -6.572e+02 1 0)
|        ( - -8.054e+02 1 0)))
s>    ( QUESTION0_3_R 1 -2.582e+03 1.237e+02 1.026e+01
s>        ( - -8.853e+02 1 0)
s>        ( WDBNDRY_B 0 -1.573e+03 1.106e+02 6.259e+00
s>            ( - -6.572e+02 1 0)
s>            ( - -8.054e+02 1 0)))INFO: dtree.c(1439): stop. leaf nodes are specific
INFO: dtree.c(1478): Final simple tree
|( WDBNDRY_B 0 -3.763e+03 1.250e+02 1.600e+01
|    ( QUESTION13 -1 -3.045e+03 1.057e+02 1.300e+01
|        ( - -8.508e+02 1 0)
|        ( QUESTION0_3_R 1 -2.088e+03 1.306e+02 9.000e+00
|            ( - -1.057e+03 1 0)
|            ( - -9.007e+02 1 0)))
|    ( - -5.938e+02 1 0))
s>    ( WDBNDRY_B 0 -3.763e+03 1.250e+02 1.600e+01
s>        ( QUESTION13 -1 -3.045e+03 1.057e+02 1.300e+01
s>            ( - -8.508e+02 1 0)
s>            ( QUESTION0_3_R 1 -2.088e+03 1.306e+02 9.000e+00
s>                ( - -1.057e+03 1 0)
s>                ( - -9.007e+02 1 0)))
s>        ( - -5.938e+02 1 0))INFO: dtree.c(1315): Comp split 12
INFO: dtree.c(1439): stop. leaf nodes are specific
INFO: dtree.c(1478): Final simple tree
|( QUESTION0_3_R 1 -7.636e+03 1.239e+02 3.204e+01
|    ( - -3.116e+03 1 0)
|    ( WDBNDRY_E 0 -4.396e+03 7.935e+01 1.899e+01
|        ( - -3.644e+03 2 0)
|        ( - -6.729e+02 1 0)))
s>    ( QUESTION0_3_R 1 -7.636e+03 1.239e+02 3.204e+01
s>        ( - -3.116e+03 1 0)
s>        ( WDBNDRY_E 0 -4.396e+03 7.935e+01 1.899e+01
s>            ( - -3.644e+03 2 0)
s>            ( - -6.729e+02 1 0)))INFO: dtree.c(1439): stop. leaf nodes are specific
INFO: dtree.c(1478): Final simple tree
|( QUESTION11 1 -8.920e+03 1.298e+02 3.697e+01
|    ( - -1.178e+03 2 0)
|    ( WDBNDRY_E 0 -7.612e+03 9.839e+01 3.197e+01
|        ( - -6.122e+02 1 0)
|        ( QUESTION0_3_R 1 -6.902e+03 8.622e+01 2.895e+01
|            ( - -2.708e+03 1 0)
|            ( QUESTION13 -1 -4.108e+03 7.795e+01 1.696e+01
|                ( - -2.414e+02 1 0)
|                ( - -3.788e+03 2 0)))))
s>    ( QUESTION11 1 -8.920e+03 1.298e+02 3.697e+01
s>        ( - -1.178e+03 2 0)
s>        ( WDBNDRY_E 0 -7.612e+03 9.839e+01 3.197e+01
s>            ( - -6.122e+02 1 0)
s>            ( QUESTION0_3_R 1 -6.902e+03 8.622e+01 2.895e+01
s>                ( - -2.708e+03 1 0)
s>                ( QUESTION13 -1 -4.108e+03 7.795e+01 1.696e+01
s>                    ( - -2.414e+02 1 0)
s>                    ( - -3.788e+03 2 0)))))INFO: dtree.c(1315): Comp split 13
INFO: dtree.c(1439): stop. leaf nodes are specific
INFO: dtree.c(1478): Final simple tree
|( WDBNDRY_B 0 -6.624e+03 1.398e+02 2.787e+01
|    ( - -2.504e+03 1 0)
|    ( - -3.980e+03 2 0))
s>    ( WDBNDRY_B 0 -6.624e+03 1.398e+02 2.787e+01
s>        ( - -2.504e+03 1 0)
s>        ( - -3.980e+03 2 0))INFO: dtree.c(1315): Comp split 14
INFO: dtree.c(1439): stop. leaf nodes are specific
INFO: dtree.c(1478): Final simple tree
|( SILENCE -1 -5.322e+03 1.082e+02 2.200e+01
|    ( - -1.102e+03 1 0)
|    ( WDBNDRY_B 0 -4.111e+03 5.218e+01 1.699e+01
|        ( - -3.816e+03 1 0)
|        ( - -2.431e+02 1 0)))
s>    ( SILENCE -1 -5.322e+03 1.082e+02 2.200e+01
s>        ( - -1.102e+03 1 0)
s>        ( WDBNDRY_B 0 -4.111e+03 5.218e+01 1.699e+01
s>            ( - -3.816e+03 1 0)
s>            ( - -2.431e+02 1 0)))INFO: dtree.c(1439): stop. leaf nodes are specific
INFO: dtree.c(1478): Final simple tree
|( QUESTION2_6_L -1 -3.195e+03 1.329e+02 1.289e+01
|    ( - -1.129e+03 1 0)
|    ( WDBNDRY_B 0 -1.933e+03 1.098e+02 7.890e+00
|        ( - -6.456e+02 1 0)
|        ( - -1.178e+03 1 0)))
s>    ( QUESTION2_6_L -1 -3.195e+03 1.329e+02 1.289e+01
s>        ( - -1.129e+03 1 0)
s>        ( WDBNDRY_B 0 -1.933e+03 1.098e+02 7.890e+00
s>            ( - -6.456e+02 1 0)
s>            ( - -1.178e+03 1 0)))INFO: dtree.c(1315): Comp split 15
INFO: dtree.c(1439): stop. leaf nodes are specific
INFO: dtree.c(1478): Final simple tree
|( WDBNDRY_B 0 -6.332e+03 1.039e+02 2.802e+01
|    ( - -5.085e+03 1 0)
|    ( QUESTION0_3_R 1 -1.143e+03 7.140e+01 5.023e+00
|        ( - -2.524e+02 1 0)
|        ( - -8.196e+02 1 0)))
s>    ( WDBNDRY_B 0 -6.332e+03 1.039e+02 2.802e+01
s>        ( - -5.085e+03 1 0)
s>        ( QUESTION0_3_R 1 -1.143e+03 7.140e+01 5.023e+00
s>            ( - -2.524e+02 1 0)
s>            ( - -8.196e+02 1 0)))INFO: dtree.c(1315): Comp split 16
INFO: dtree.c(1439): stop. leaf nodes are specific
INFO: dtree.c(1478): Final simple tree
|( WDBNDRY_E 0 -2.287e+03 8.802e+01 1.002e+01
|    ( - -6.369e+02 1 0)
|    ( QUESTION0_13_R 1 -1.562e+03 8.626e+01 7.023e+00
|        ( - -1.041e+03 1 0)
|        ( - -4.355e+02 1 0)))
s>    ( WDBNDRY_E 0 -2.287e+03 8.802e+01 1.002e+01
s>        ( - -6.369e+02 1 0)
s>        ( QUESTION0_13_R 1 -1.562e+03 8.626e+01 7.023e+00
s>            ( - -1.041e+03 1 0)
s>            ( - -4.355e+02 1 0)))INFO: dtree.c(1315): Comp split 17
INFO: dtree.c(1439): stop. leaf nodes are specific
INFO: dtree.c(1478): Final simple tree
|( WDBNDRY_B 0 -2.562e+03 1.252e+02 1.100e+01
|    ( QUESTION0_3_R 1 -1.843e+03 9.147e+01 8.000e+00
|        ( - -8.508e+02 1 0)
|        ( - -9.007e+02 1 0))
|    ( - -5.938e+02 1 0))
s>    ( WDBNDRY_B 0 -2.562e+03 1.252e+02 1.100e+01
s>        ( QUESTION0_3_R 1 -1.843e+03 9.147e+01 8.000e+00
s>            ( - -8.508e+02 1 0)
s>            ( - -9.007e+02 1 0))
s>        ( - -5.938e+02 1 0))INFO: dtree.c(1315): Comp split 18
INFO: dtree.c(1315): Comp split 19
INFO: dtree.c(1439): stop. leaf nodes are specific
INFO: dtree.c(1478): Final simple tree
|( QUESTION0_3_R 1 -1.494e+03 7.448e+01 6.000e+00
|    ( - -1.178e+03 2 0)
|    ( - -2.414e+02 1 0))
s>    ( QUESTION0_3_R 1 -1.494e+03 7.448e+01 6.000e+00
s>        ( - -1.178e+03 2 0)
s>        ( - -2.414e+02 1 0))INFO: dtree.c(1439): stop. leaf nodes are specific
INFO: dtree.c(1478): Final simple tree
|( WDBNDRY_E 0 -7.287e+03 9.706e+01 3.097e+01
|    ( - -6.122e+02 1 0)
|    ( QUESTION0_3_R 1 -6.578e+03 8.187e+01 2.795e+01
|        ( - -2.708e+03 1 0)
|        ( - -3.788e+03 2 0)))
s>    ( WDBNDRY_E 0 -7.287e+03 9.706e+01 3.097e+01
s>        ( - -6.122e+02 1 0)
s>        ( QUESTION0_3_R 1 -6.578e+03 8.187e+01 2.795e+01
s>            ( - -2.708e+03 1 0)
s>            ( - -3.788e+03 2 0)))INFO: dtree.c(1315): Comp split 20
INFO: dtree.c(1439): stop. leaf nodes are specific
INFO: dtree.c(1478): Final simple tree
|( WDBNDRY_B 0 -5.013e+03 1.123e+02 2.100e+01
|    ( - -8.535e+02 1 0)
|    ( QUESTION0_3_R 1 -4.047e+03 9.348e+01 1.700e+01
|        ( - -2.009e+03 1 0)
|        ( - -1.944e+03 2 0)))
s>    ( WDBNDRY_B 0 -5.013e+03 1.123e+02 2.100e+01
s>        ( - -8.535e+02 1 0)
s>        ( QUESTION0_3_R 1 -4.047e+03 9.348e+01 1.700e+01
s>            ( - -2.009e+03 1 0)
s>            ( - -1.944e+03 2 0)))INFO: dtree.c(1439): stop. leaf nodes are specific
INFO: dtree.c(1478): Final simple tree
|( WDBNDRY_B 0 -6.853e+03 1.220e+02 2.891e+01
|    ( QUESTION13 -1 -3.952e+03 1.279e+02 1.700e+01
|        ( - -2.011e+03 2 0)
|        ( - -1.814e+03 2 0))
|    ( QUESTION0_6_R 1 -2.779e+03 7.312e+01 1.191e+01
|        ( - -4.374e+02 1 0)
|        ( - -2.269e+03 1 0)))
s>    ( WDBNDRY_B 0 -6.853e+03 1.220e+02 2.891e+01
s>        ( QUESTION13 -1 -3.952e+03 1.279e+02 1.700e+01
s>            ( - -2.011e+03 2 0)
s>            ( - -1.814e+03 2 0))
s>        ( QUESTION0_6_R 1 -2.779e+03 7.312e+01 1.191e+01
s>            ( - -4.374e+02 1 0)
s>            ( - -2.269e+03 1 0)))INFO: dtree.c(1315): Comp split 21
INFO: dtree.c(1439): stop. leaf nodes are specific
INFO: dtree.c(1478): Final simple tree
|( WDBNDRY_B 0 -1.933e+03 1.098e+02 7.890e+00
|    ( - -6.456e+02 1 0)
|    ( - -1.178e+03 1 0))
s>    ( WDBNDRY_B 0 -1.933e+03 1.098e+02 7.890e+00
s>        ( - -6.456e+02 1 0)
s>        ( - -1.178e+03 1 0))INFO: dtree.c(1315): Comp split 22
INFO: dtree.c(1439): stop. leaf nodes are specific
INFO: dtree.c(1478): Final simple tree
|( QUESTION0_3_R 1 -1.843e+03 9.147e+01 8.000e+00
|    ( - -8.508e+02 1 0)
|    ( - -9.007e+02 1 0))
s>    ( QUESTION0_3_R 1 -1.843e+03 9.147e+01 8.000e+00
s>        ( - -8.508e+02 1 0)
s>        ( - -9.007e+02 1 0))INFO: dtree.c(1315): Comp split 23
INFO: dtree.c(1439): stop. leaf nodes are specific
INFO: dtree.c(1478): Final simple tree
|( WDBNDRY_E 0 -4.396e+03 7.935e+01 1.899e+01
|    ( - -3.644e+03 2 0)
|    ( - -6.729e+02 1 0))
s>    ( WDBNDRY_E 0 -4.396e+03 7.935e+01 1.899e+01
s>        ( - -3.644e+03 2 0)
s>        ( - -6.729e+02 1 0))INFO: dtree.c(1315): Comp split 24
INFO: dtree.c(1439): stop. leaf nodes are specific
INFO: dtree.c(1478): Final simple tree
|( WDBNDRY_B 0 -1.573e+03 1.106e+02 6.259e+00
|    ( - -6.572e+02 1 0)
|    ( - -8.054e+02 1 0))
s>    ( WDBNDRY_B 0 -1.573e+03 1.106e+02 6.259e+00
s>        ( - -6.572e+02 1 0)
s>        ( - -8.054e+02 1 0))INFO: dtree.c(1315): Comp split 25
INFO: dtree.c(1439): stop. leaf nodes are specific
INFO: dtree.c(1478): Final simple tree
|( QUESTION0_6_R 1 -2.779e+03 7.312e+01 1.191e+01
|    ( - -4.374e+02 1 0)
|    ( - -2.269e+03 1 0))
s>    ( QUESTION0_6_R 1 -2.779e+03 7.312e+01 1.191e+01
s>        ( - -4.374e+02 1 0)
s>        ( - -2.269e+03 1 0))INFO: dtree.c(1439): stop. leaf nodes are specific
INFO: dtree.c(1478): Final simple tree
|( QUESTION13 -1 -3.952e+03 1.279e+02 1.700e+01
|    ( - -2.011e+03 2 0)
|    ( - -1.814e+03 2 0))
s>    ( QUESTION13 -1 -3.952e+03 1.279e+02 1.700e+01
s>        ( - -2.011e+03 2 0)
s>        ( - -1.814e+03 2 0))INFO: dtree.c(1315): Comp split 26
INFO: dtree.c(1315): Comp split 27
INFO: dtree.c(1439): stop. leaf nodes are specific
INFO: dtree.c(1478): Final simple tree
|( QUESTION0_3_R 1 -4.047e+03 9.348e+01 1.700e+01
|    ( - -2.009e+03 1 0)
|    ( - -1.944e+03 2 0))
s>    ( QUESTION0_3_R 1 -4.047e+03 9.348e+01 1.700e+01
s>        ( - -2.009e+03 1 0)
s>        ( - -1.944e+03 2 0))INFO: dtree.c(1315): Comp split 28
INFO: dtree.c(1315): Comp split 29
INFO: dtree.c(1315): Comp split 30
INFO: dtree.c(1439): stop. leaf nodes are specific
INFO: dtree.c(1478): Final simple tree
|( WDBNDRY_B 0 -4.111e+03 5.218e+01 1.699e+01
|    ( - -3.816e+03 1 0)
|    ( - -2.431e+02 1 0))
s>    ( WDBNDRY_B 0 -4.111e+03 5.218e+01 1.699e+01
s>        ( - -3.816e+03 1 0)
s>        ( - -2.431e+02 1 0))INFO: dtree.c(1315): Comp split 31
INFO: dtree.c(1439): stop. leaf nodes are specific
INFO: dtree.c(1478): Final simple tree
|( QUESTION0_3_R 1 -1.143e+03 7.140e+01 5.023e+00
|    ( - -2.524e+02 1 0)
|    ( - -8.196e+02 1 0))
s>    ( QUESTION0_3_R 1 -1.143e+03 7.140e+01 5.023e+00
s>        ( - -2.524e+02 1 0)
s>        ( - -8.196e+02 1 0))INFO: dtree.c(1315): Comp split 32
INFO: dtree.c(1439): stop. leaf nodes are specific
INFO: dtree.c(1478): Final simple tree
|( QUESTION0_3_R 1 -6.578e+03 8.187e+01 2.795e+01
|    ( - -2.708e+03 1 0)
|    ( - -3.788e+03 2 0))
s>    ( QUESTION0_3_R 1 -6.578e+03 8.187e+01 2.795e+01
s>        ( - -2.708e+03 1 0)
s>        ( - -3.788e+03 2 0))INFO: dtree.c(1315): Comp split 33
INFO: dtree.c(1315): Comp split 34
INFO: dtree.c(1315): Comp split 35
INFO: dtree.c(1439): stop. leaf nodes are specific
INFO: dtree.c(1478): Final simple tree
|( QUESTION0_13_R 1 -1.562e+03 8.626e+01 7.023e+00
|    ( - -1.041e+03 1 0)
|    ( - -4.355e+02 1 0))
s>    ( QUESTION0_13_R 1 -1.562e+03 8.626e+01 7.023e+00
s>        ( - -1.041e+03 1 0)
s>        ( - -4.355e+02 1 0))INFO: dtree.c(1315): Comp split 36
INFO: dtree.c(1315): Comp split 37
INFO: dtree.c(1315): Comp split 38
INFO: dtree.c(1315): Comp split 39
INFO: dtree.c(1315): Comp split 40
INFO: dtree.c(1315): Comp split 41
INFO: dtree.c(1315): Comp split 42
INFO: dtree.c(1315): Comp split 43
INFO: dtree.c(1318): stop. leaf nodes are specific
Thu May  7 00:23:33 2020
