Current configuration:
[NAME]		[DEFLT]	[VALUE]
-allphones	no	no
-cntthresh	0.00001	1.000000e-05
-csplitmax	100	2000
-csplitmin	1	1
-csplitthr	8e-4	0.000000e+00
-example	no	no
-fullvar	no	no
-help		no	no
-meanfn			/home/abdy/Desktop/diploma/kg/model_parameters/kg.cd_cont_untied/means
-mixwfn			/home/abdy/Desktop/diploma/kg/model_parameters/kg.cd_cont_untied/mixture_weights
-moddeffn		/home/abdy/Desktop/diploma/kg/model_architecture/kg.untied.mdef
-mwfloor	1e-4	1.000000e-08
-phone			sh
-psetfn			/home/abdy/Desktop/diploma/kg/model_architecture/kg.tree_questions
-ssplitmax	5	7
-ssplitmin	1	1
-ssplitthr	8e-4	0.000000e+00
-state			1
-stwt			1.0,0.05,0.0,
-treefn			/home/abdy/Desktop/diploma/kg/trees/kg.unpruned/sh-1.dtree
-ts2cbfn	.semi.	.cont.
-varfloor	0.00001	1.000000e-05
-varfn			/home/abdy/Desktop/diploma/kg/model_parameters/kg.cd_cont_untied/variances

INFO: main.c(223): Reading: /home/abdy/Desktop/diploma/kg/model_architecture/kg.untied.mdef
INFO: model_def_io.c(573): Model definition info:
INFO: model_def_io.c(574): 10297 total models defined (47 base, 10250 tri)
INFO: model_def_io.c(575): 41188 total states
INFO: model_def_io.c(576): 30891 total tied states
INFO: model_def_io.c(577): 141 total tied CI states
INFO: model_def_io.c(578): 47 total tied transition matrices
INFO: model_def_io.c(579): 4 max state/model
INFO: model_def_io.c(580): 4 min state/model
INFO: main.c(242): Building trees for [sh SIL a b] through [sh z t b]
INFO: main.c(269): Covering states |[22677 23312]| == 636
INFO: main.c(275): Reading: /home/abdy/Desktop/diploma/kg/model_parameters/kg.cd_cont_untied/mixture_weights
INFO: s3mixw_io.c(173): Read /home/abdy/Desktop/diploma/kg/model_parameters/kg.cd_cont_untied/mixture_weights [636x1x1 array]
INFO: main.c(311): 57 of 212 models have observation count greater than 0.000010
INFO: main.c(95): nrm stwt: 0.045 0.909 0.045 
INFO: s3gau_io.c(169): Read /home/abdy/Desktop/diploma/kg/model_parameters/kg.cd_cont_untied/means [30891x1x1 array]
INFO: s3gau_io.c(169): Read /home/abdy/Desktop/diploma/kg/model_parameters/kg.cd_cont_untied/variances [30891x1x1 array]
INFO: main.c(549): Reading: /home/abdy/Desktop/diploma/kg/model_architecture/kg.tree_questions
INFO: main.c(588): 174 total simple questions (166 phone; 8 word bndry)
INFO: main.c(590): 40 Left Only questions, and 42 Right Only questions
INFO: dtree.c(1478): Final simple tree
|( QUESTION12 1 -9.765e+04 3.224e+02 4.296e+02
|    ( QUESTION5 -1 -4.564e+04 2.991e+02 2.033e+02
|        ( - -3.147e+03 1 0)
|        ( QUESTION0_3_R 1 -4.220e+04 2.731e+02 1.873e+02
|            ( WDBNDRY_E 0 -1.266e+04 4.615e+02 5.750e+01
|                ( - 1.478e+02 1 0)
|                ( - -1.235e+04 3 0 QUESTION11 -1 1.374e+02 5.650e+01))
|            ( QUESTION0_5_R 1 -2.926e+04 2.068e+02 1.298e+02
|                ( - -1.170e+04 8 0 WDBNDRY_I 0 2.666e+02 5.193e+01)
|                ( - -1.736e+04 9 0 QUESTION13 -1 1.982e+02 7.783e+01))))
|    ( WDBNDRY_B 0 -5.168e+04 2.543e+02 2.263e+02
|        ( - -9.781e+03 7 0 SILENCE -1 1.724e+02 4.597e+01)
|        ( QUESTION0_9_R 1 -4.165e+04 2.426e+02 1.804e+02
|            ( - -1.222e+03 1 0)
|            ( - -4.018e+04 27 0 QUESTION0_18_R 1 1.819e+02 1.734e+02))))
s>    ( QUESTION12 1 -9.765e+04 3.224e+02 4.296e+02
s>        ( QUESTION5 -1 -4.564e+04 2.991e+02 2.033e+02
s>            ( - -3.147e+03 1 0)
s>            ( QUESTION0_3_R 1 -4.220e+04 2.731e+02 1.873e+02
s>                ( WDBNDRY_E 0 -1.266e+04 4.615e+02 5.750e+01
s>                    ( - 1.478e+02 1 0)
s>                    ( - -1.235e+04 3 0 QUESTION11 -1 1.374e+02 5.650e+01))
s>                ( QUESTION0_5_R 1 -2.926e+04 2.068e+02 1.298e+02
s>                    ( - -1.170e+04 8 0 WDBNDRY_I 0 2.666e+02 5.193e+01)
s>                    ( - -1.736e+04 9 0 QUESTION13 -1 1.982e+02 7.783e+01))))
s>        ( WDBNDRY_B 0 -5.168e+04 2.543e+02 2.263e+02
s>            ( - -9.781e+03 7 0 SILENCE -1 1.724e+02 4.597e+01)
s>            ( QUESTION0_9_R 1 -4.165e+04 2.426e+02 1.804e+02
s>                ( - -1.222e+03 1 0)
s>                ( - -4.018e+04 27 0 QUESTION0_18_R 1 1.819e+02 1.734e+02))))INFO: dtree.c(1315): Comp split 0
INFO: dtree.c(1478): Final simple tree
|( QUESTION12 1 -9.734e+04 3.271e+02 4.286e+02
|    ( QUESTION5 -1 -4.533e+04 2.981e+02 2.023e+02
|        ( - -3.147e+03 1 0)
|        ( QUESTION0_3_R 1 -4.189e+04 2.757e+02 1.863e+02
|            ( - -1.235e+04 3 0 QUESTION11 -1 1.374e+02 5.650e+01)
|            ( QUESTION0_5_R 1 -2.926e+04 2.068e+02 1.298e+02
|                ( WDBNDRY_I 0 -1.170e+04 2.666e+02 5.193e+01
|                    ( - -7.951e+03 3 0 QUESTION0_6_R 1 9.992e+01 3.785e+01)
|                    ( - -3.480e+03 5 0 WDBNDRY_B 0 1.439e+02 1.408e+01))
|                ( - -1.736e+04 9 0 QUESTION13 -1 1.982e+02 7.783e+01))))
|    ( WDBNDRY_B 0 -5.168e+04 2.543e+02 2.263e+02
|        ( - -9.781e+03 7 0 SILENCE -1 1.724e+02 4.597e+01)
|        ( QUESTION0_9_R 1 -4.165e+04 2.426e+02 1.804e+02
|            ( - -1.222e+03 1 0)
|            ( - -4.018e+04 27 0 QUESTION0_18_R 1 1.819e+02 1.734e+02))))
s>    ( QUESTION12 1 -9.734e+04 3.271e+02 4.286e+02
s>        ( QUESTION5 -1 -4.533e+04 2.981e+02 2.023e+02
s>            ( - -3.147e+03 1 0)
s>            ( QUESTION0_3_R 1 -4.189e+04 2.757e+02 1.863e+02
s>                ( - -1.235e+04 3 0 QUESTION11 -1 1.374e+02 5.650e+01)
s>                ( QUESTION0_5_R 1 -2.926e+04 2.068e+02 1.298e+02
s>                    ( WDBNDRY_I 0 -1.170e+04 2.666e+02 5.193e+01
s>                        ( - -7.951e+03 3 0 QUESTION0_6_R 1 9.992e+01 3.785e+01)
s>                        ( - -3.480e+03 5 0 WDBNDRY_B 0 1.439e+02 1.408e+01))
s>                    ( - -1.736e+04 9 0 QUESTION13 -1 1.982e+02 7.783e+01))))
s>        ( WDBNDRY_B 0 -5.168e+04 2.543e+02 2.263e+02
s>            ( - -9.781e+03 7 0 SILENCE -1 1.724e+02 4.597e+01)
s>            ( QUESTION0_9_R 1 -4.165e+04 2.426e+02 1.804e+02
s>                ( - -1.222e+03 1 0)
s>                ( - -4.018e+04 27 0 QUESTION0_18_R 1 1.819e+02 1.734e+02))))INFO: dtree.c(1315): Comp split 1
INFO: dtree.c(1478): Final simple tree
|( QUESTION0_4_R 1 -4.385e+04 1.913e+02 1.874e+02
|    ( - -3.480e+03 5 0 WDBNDRY_B 0 1.439e+02 1.408e+01)
|    ( QUESTION0_18_R 1 -4.018e+04 1.819e+02 1.734e+02
|        ( - -1.504e+03 1 0)
|        ( QUESTION0 -1 -3.850e+04 1.601e+02 1.654e+02
|            ( - -1.207e+03 1 0)
|            ( QUESTION2_3_L -1 -3.713e+04 1.559e+02 1.594e+02
|                ( QUESTION0_13_R 1 -1.321e+04 1.576e+02 5.650e+01
|                    ( WDBNDRY_E 0 -6.191e+03 2.016e+02 2.731e+01
|                        ( - -3.357e+02 1 0)
|                        ( - -5.654e+03 2 0 QUESTION11 -1 1.347e+02 2.531e+01))
|                    ( - -6.858e+03 6 0 WDBNDRY_E 0 1.281e+02 2.920e+01))
|                ( QUESTION0_13_R 1 -2.377e+04 1.488e+02 1.028e+02
|                    ( - -1.281e+04 10 0 QUESTION2_1_L -1 8.457e+01 5.618e+01)
|                    ( - -1.081e+04 6 0 WDBNDRY_E 0 1.528e+02 4.667e+01))))))
s>    ( QUESTION0_4_R 1 -4.385e+04 1.913e+02 1.874e+02
s>        ( - -3.480e+03 5 0 WDBNDRY_B 0 1.439e+02 1.408e+01)
s>        ( QUESTION0_18_R 1 -4.018e+04 1.819e+02 1.734e+02
s>            ( - -1.504e+03 1 0)
s>            ( QUESTION0 -1 -3.850e+04 1.601e+02 1.654e+02
s>                ( - -1.207e+03 1 0)
s>                ( QUESTION2_3_L -1 -3.713e+04 1.559e+02 1.594e+02
s>                    ( QUESTION0_13_R 1 -1.321e+04 1.576e+02 5.650e+01
s>                        ( WDBNDRY_E 0 -6.191e+03 2.016e+02 2.731e+01
s>                            ( - -3.357e+02 1 0)
s>                            ( - -5.654e+03 2 0 QUESTION11 -1 1.347e+02 2.531e+01))
s>                        ( - -6.858e+03 6 0 WDBNDRY_E 0 1.281e+02 2.920e+01))
s>                    ( QUESTION0_13_R 1 -2.377e+04 1.488e+02 1.028e+02
s>                        ( - -1.281e+04 10 0 QUESTION2_1_L -1 8.457e+01 5.618e+01)
s>                        ( - -1.081e+04 6 0 WDBNDRY_E 0 1.528e+02 4.667e+01))))))INFO: dtree.c(1478): Final simple tree
|( QUESTION5 -1 -5.309e+04 3.024e+02 2.411e+02
|    ( - -3.147e+03 1 0)
|    ( QUESTION0_5_R 1 -4.964e+04 2.788e+02 2.251e+02
|        ( - -7.951e+03 3 0 QUESTION0_6_R 1 9.992e+01 3.785e+01)
|        ( QUESTION12 1 -4.141e+04 2.512e+02 1.873e+02
|            ( QUESTION0_3_R 1 -2.992e+04 2.163e+02 1.343e+02
|                ( - -1.235e+04 3 0 QUESTION11 -1 1.374e+02 5.650e+01)
|                ( QUESTION13 -1 -1.736e+04 1.982e+02 7.783e+01
|                    ( - -1.280e+03 1 0)
|                    ( QUESTION4 -1 -1.588e+04 1.922e+02 7.083e+01
|                        ( - -3.023e+03 1 0)
|                        ( - -1.267e+04 7 0 QUESTION12 -1 1.563e+02 5.604e+01))))
|            ( WDBNDRY_B 0 -1.124e+04 2.368e+02 5.297e+01
|                ( - -9.781e+03 7 0 SILENCE -1 1.724e+02 4.597e+01)
|                ( - -1.222e+03 1 0)))))
s>    ( QUESTION5 -1 -5.309e+04 3.024e+02 2.411e+02
s>        ( - -3.147e+03 1 0)
s>        ( QUESTION0_5_R 1 -4.964e+04 2.788e+02 2.251e+02
s>            ( - -7.951e+03 3 0 QUESTION0_6_R 1 9.992e+01 3.785e+01)
s>            ( QUESTION12 1 -4.141e+04 2.512e+02 1.873e+02
s>                ( QUESTION0_3_R 1 -2.992e+04 2.163e+02 1.343e+02
s>                    ( - -1.235e+04 3 0 QUESTION11 -1 1.374e+02 5.650e+01)
s>                    ( QUESTION13 -1 -1.736e+04 1.982e+02 7.783e+01
s>                        ( - -1.280e+03 1 0)
s>                        ( QUESTION4 -1 -1.588e+04 1.922e+02 7.083e+01
s>                            ( - -3.023e+03 1 0)
s>                            ( - -1.267e+04 7 0 QUESTION12 -1 1.563e+02 5.604e+01))))
s>                ( WDBNDRY_B 0 -1.124e+04 2.368e+02 5.297e+01
s>                    ( - -9.781e+03 7 0 SILENCE -1 1.724e+02 4.597e+01)
s>                    ( - -1.222e+03 1 0)))))INFO: dtree.c(1315): Comp split 2
INFO: dtree.c(1478): Final simple tree
|( WDBNDRY_B 0 -2.553e+04 2.337e+02 1.173e+02
|    ( SILENCE -1 -9.781e+03 1.724e+02 4.597e+01
|        ( - -2.539e+03 1 0)
|        ( QUESTION0_2_R 1 -7.070e+03 1.446e+02 3.397e+01
|            ( QUESTION13 -1 -5.674e+03 1.148e+02 2.697e+01
|                ( - -1.361e+03 1 0)
|                ( - -4.199e+03 4 0 QUESTION0 -1 1.098e+02 1.997e+01))
|            ( - -1.251e+03 1 0)))
|    ( QUESTION0_3_R 1 -1.552e+04 1.461e+02 7.129e+01
|        ( QUESTION11 -1 -1.235e+04 1.374e+02 5.650e+01
|            ( - -1.003e+03 1 0)
|            ( QUESTION2_1_L -1 -1.121e+04 1.156e+02 5.150e+01
|                ( - -5.929e+03 1 0)
|                ( - -5.161e+03 1 0)))
|        ( - -3.023e+03 1 0)))
s>    ( WDBNDRY_B 0 -2.553e+04 2.337e+02 1.173e+02
s>        ( SILENCE -1 -9.781e+03 1.724e+02 4.597e+01
s>            ( - -2.539e+03 1 0)
s>            ( QUESTION0_2_R 1 -7.070e+03 1.446e+02 3.397e+01
s>                ( QUESTION13 -1 -5.674e+03 1.148e+02 2.697e+01
s>                    ( - -1.361e+03 1 0)
s>                    ( - -4.199e+03 4 0 QUESTION0 -1 1.098e+02 1.997e+01))
s>                ( - -1.251e+03 1 0)))
s>        ( QUESTION0_3_R 1 -1.552e+04 1.461e+02 7.129e+01
s>            ( QUESTION11 -1 -1.235e+04 1.374e+02 5.650e+01
s>                ( - -1.003e+03 1 0)
s>                ( QUESTION2_1_L -1 -1.121e+04 1.156e+02 5.150e+01
s>                    ( - -5.929e+03 1 0)
s>                    ( - -5.161e+03 1 0)))
s>            ( - -3.023e+03 1 0)))INFO: dtree.c(1478): Final simple tree
|( QUESTION0_3_R 1 -2.724e+04 3.032e+02 1.239e+02
|    ( - -3.147e+03 1 0)
|    ( QUESTION0_7_R 1 -2.379e+04 2.620e+02 1.079e+02
|        ( QUESTION13 -1 -1.415e+04 2.008e+02 6.304e+01
|            ( - -1.280e+03 1 0)
|            ( QUESTION12 -1 -1.267e+04 1.563e+02 5.604e+01
|                ( QUESTION13 1 -8.618e+03 1.222e+02 3.825e+01
|                    ( - -1.244e+03 1 0)
|                    ( - -7.252e+03 4 0 WDBNDRY_E 0 9.366e+01 3.225e+01))
|                ( QUESTION0 -1 -3.892e+03 1.003e+02 1.779e+01
|                    ( - -2.044e+03 1 0)
|                    ( - -1.747e+03 1 0))))
|        ( WDBNDRY_E 0 -9.379e+03 2.052e+02 4.485e+01
|            ( - -1.222e+03 1 0)
|            ( - -7.951e+03 3 0 QUESTION0_6_R 1 9.992e+01 3.785e+01))))
s>    ( QUESTION0_3_R 1 -2.724e+04 3.032e+02 1.239e+02
s>        ( - -3.147e+03 1 0)
s>        ( QUESTION0_7_R 1 -2.379e+04 2.620e+02 1.079e+02
s>            ( QUESTION13 -1 -1.415e+04 2.008e+02 6.304e+01
s>                ( - -1.280e+03 1 0)
s>                ( QUESTION12 -1 -1.267e+04 1.563e+02 5.604e+01
s>                    ( QUESTION13 1 -8.618e+03 1.222e+02 3.825e+01
s>                        ( - -1.244e+03 1 0)
s>                        ( - -7.252e+03 4 0 WDBNDRY_E 0 9.366e+01 3.225e+01))
s>                    ( QUESTION0 -1 -3.892e+03 1.003e+02 1.779e+01
s>                        ( - -2.044e+03 1 0)
s>                        ( - -1.747e+03 1 0))))
s>            ( WDBNDRY_E 0 -9.379e+03 2.052e+02 4.485e+01
s>                ( - -1.222e+03 1 0)
s>                ( - -7.951e+03 3 0 QUESTION0_6_R 1 9.992e+01 3.785e+01))))INFO: dtree.c(1315): Comp split 3
INFO: dtree.c(1478): Final simple tree
|( QUESTION0_7_R 1 -2.379e+04 2.620e+02 1.079e+02
|    ( QUESTION13 -1 -1.415e+04 2.008e+02 6.304e+01
|        ( - -1.280e+03 1 0)
|        ( QUESTION12 -1 -1.267e+04 1.563e+02 5.604e+01
|            ( QUESTION13 1 -8.618e+03 1.222e+02 3.825e+01
|                ( - -1.244e+03 1 0)
|                ( - -7.252e+03 4 0 WDBNDRY_E 0 9.366e+01 3.225e+01))
|            ( QUESTION0 -1 -3.892e+03 1.003e+02 1.779e+01
|                ( - -2.044e+03 1 0)
|                ( - -1.747e+03 1 0))))
|    ( WDBNDRY_E 0 -9.379e+03 2.052e+02 4.485e+01
|        ( - -1.222e+03 1 0)
|        ( QUESTION0_6_R 1 -7.951e+03 9.992e+01 3.785e+01
|            ( - -2.074e+03 1 0)
|            ( - -5.778e+03 2 0))))
s>    ( QUESTION0_7_R 1 -2.379e+04 2.620e+02 1.079e+02
s>        ( QUESTION13 -1 -1.415e+04 2.008e+02 6.304e+01
s>            ( - -1.280e+03 1 0)
s>            ( QUESTION12 -1 -1.267e+04 1.563e+02 5.604e+01
s>                ( QUESTION13 1 -8.618e+03 1.222e+02 3.825e+01
s>                    ( - -1.244e+03 1 0)
s>                    ( - -7.252e+03 4 0 WDBNDRY_E 0 9.366e+01 3.225e+01))
s>                ( QUESTION0 -1 -3.892e+03 1.003e+02 1.779e+01
s>                    ( - -2.044e+03 1 0)
s>                    ( - -1.747e+03 1 0))))
s>        ( WDBNDRY_E 0 -9.379e+03 2.052e+02 4.485e+01
s>            ( - -1.222e+03 1 0)
s>            ( QUESTION0_6_R 1 -7.951e+03 9.992e+01 3.785e+01
s>                ( - -2.074e+03 1 0)
s>                ( - -5.778e+03 2 0))))INFO: dtree.c(1315): Comp split 4
INFO: dtree.c(1439): stop. leaf nodes are specific
INFO: dtree.c(1478): Final simple tree
|( QUESTION0 -1 -1.081e+04 1.425e+02 4.771e+01
|    ( - -2.044e+03 1 0)
|    ( QUESTION13 1 -8.618e+03 1.222e+02 3.825e+01
|        ( - -1.244e+03 1 0)
|        ( WDBNDRY_E 0 -7.252e+03 9.366e+01 3.225e+01
|            ( - -2.485e+02 1 0)
|            ( - -6.910e+03 3 0))))
s>    ( QUESTION0 -1 -1.081e+04 1.425e+02 4.771e+01
s>        ( - -2.044e+03 1 0)
s>        ( QUESTION13 1 -8.618e+03 1.222e+02 3.825e+01
s>            ( - -1.244e+03 1 0)
s>            ( WDBNDRY_E 0 -7.252e+03 9.366e+01 3.225e+01
s>                ( - -2.485e+02 1 0)
s>                ( - -6.910e+03 3 0))))INFO: dtree.c(1439): stop. leaf nodes are specific
INFO: dtree.c(1478): Final simple tree
|( QUESTION13 -1 -1.271e+04 2.024e+02 6.018e+01
|    ( - -1.280e+03 1 0)
|    ( WDBNDRY_E 0 -1.123e+04 1.981e+02 5.318e+01
|        ( - -1.222e+03 1 0)
|        ( QUESTION0_5_R 1 -9.810e+03 1.123e+02 4.618e+01
|            ( QUESTION0_6_R 1 -7.951e+03 9.992e+01 3.785e+01
|                ( - -2.074e+03 1 0)
|                ( - -5.778e+03 2 0))
|            ( - -1.747e+03 1 0))))
s>    ( QUESTION13 -1 -1.271e+04 2.024e+02 6.018e+01
s>        ( - -1.280e+03 1 0)
s>        ( WDBNDRY_E 0 -1.123e+04 1.981e+02 5.318e+01
s>            ( - -1.222e+03 1 0)
s>            ( QUESTION0_5_R 1 -9.810e+03 1.123e+02 4.618e+01
s>                ( QUESTION0_6_R 1 -7.951e+03 9.992e+01 3.785e+01
s>                    ( - -2.074e+03 1 0)
s>                    ( - -5.778e+03 2 0))
s>                ( - -1.747e+03 1 0))))INFO: dtree.c(1315): Comp split 5
INFO: dtree.c(1439): stop. leaf nodes are specific
INFO: dtree.c(1478): Final simple tree
|( QUESTION0_3_R 1 -1.552e+04 1.461e+02 7.129e+01
|    ( QUESTION11 -1 -1.235e+04 1.374e+02 5.650e+01
|        ( - -1.003e+03 1 0)
|        ( QUESTION2_1_L -1 -1.121e+04 1.156e+02 5.150e+01
|            ( - -5.929e+03 1 0)
|            ( - -5.161e+03 1 0)))
|    ( - -3.023e+03 1 0))
s>    ( QUESTION0_3_R 1 -1.552e+04 1.461e+02 7.129e+01
s>        ( QUESTION11 -1 -1.235e+04 1.374e+02 5.650e+01
s>            ( - -1.003e+03 1 0)
s>            ( QUESTION2_1_L -1 -1.121e+04 1.156e+02 5.150e+01
s>                ( - -5.929e+03 1 0)
s>                ( - -5.161e+03 1 0)))
s>        ( - -3.023e+03 1 0))INFO: dtree.c(1439): stop. leaf nodes are specific
INFO: dtree.c(1478): Final simple tree
|( SILENCE -1 -9.781e+03 1.724e+02 4.597e+01
|    ( - -2.539e+03 1 0)
|    ( QUESTION0_2_R 1 -7.070e+03 1.446e+02 3.397e+01
|        ( QUESTION13 -1 -5.674e+03 1.148e+02 2.697e+01
|            ( - -1.361e+03 1 0)
|            ( QUESTION0 -1 -4.199e+03 1.098e+02 1.997e+01
|                ( - -4.141e+02 1 0)
|                ( - -3.675e+03 3 0)))
|        ( - -1.251e+03 1 0)))
s>    ( SILENCE -1 -9.781e+03 1.724e+02 4.597e+01
s>        ( - -2.539e+03 1 0)
s>        ( QUESTION0_2_R 1 -7.070e+03 1.446e+02 3.397e+01
s>            ( QUESTION13 -1 -5.674e+03 1.148e+02 2.697e+01
s>                ( - -1.361e+03 1 0)
s>                ( QUESTION0 -1 -4.199e+03 1.098e+02 1.997e+01
s>                    ( - -4.141e+02 1 0)
s>                    ( - -3.675e+03 3 0)))
s>            ( - -1.251e+03 1 0)))INFO: dtree.c(1315): Comp split 6
INFO: dtree.c(1478): Final simple tree
|( QUESTION2_3_L -1 -3.659e+04 1.560e+02 1.574e+02
|    ( QUESTION0_13_R 1 -1.267e+04 1.573e+02 5.450e+01
|        ( QUESTION11 -1 -5.654e+03 1.347e+02 2.531e+01
|            ( - -4.019e+03 1 0)
|            ( - -1.500e+03 1 0))
|        ( WDBNDRY_E 0 -6.858e+03 1.281e+02 2.920e+01
|            ( QUESTION0_11_R 1 -1.043e+03 1.756e+02 5.000e+00
|                ( - -3.170e+02 1 0)
|                ( - -5.504e+02 1 0))
|            ( - -5.687e+03 4 0 QUESTION0_2_R 1 1.062e+02 2.420e+01)))
|    ( QUESTION0_13_R 1 -2.377e+04 1.488e+02 1.028e+02
|        ( - -1.281e+04 10 0 QUESTION2_1_L -1 8.457e+01 5.618e+01)
|        ( WDBNDRY_E 0 -1.081e+04 1.528e+02 4.667e+01
|            ( - -1.392e+03 1 0)
|            ( - -9.268e+03 5 0 QUESTION0_2_R 1 1.029e+02 3.967e+01))))
s>    ( QUESTION2_3_L -1 -3.659e+04 1.560e+02 1.574e+02
s>        ( QUESTION0_13_R 1 -1.267e+04 1.573e+02 5.450e+01
s>            ( QUESTION11 -1 -5.654e+03 1.347e+02 2.531e+01
s>                ( - -4.019e+03 1 0)
s>                ( - -1.500e+03 1 0))
s>            ( WDBNDRY_E 0 -6.858e+03 1.281e+02 2.920e+01
s>                ( QUESTION0_11_R 1 -1.043e+03 1.756e+02 5.000e+00
s>                    ( - -3.170e+02 1 0)
s>                    ( - -5.504e+02 1 0))
s>                ( - -5.687e+03 4 0 QUESTION0_2_R 1 1.062e+02 2.420e+01)))
s>        ( QUESTION0_13_R 1 -2.377e+04 1.488e+02 1.028e+02
s>            ( - -1.281e+04 10 0 QUESTION2_1_L -1 8.457e+01 5.618e+01)
s>            ( WDBNDRY_E 0 -1.081e+04 1.528e+02 4.667e+01
s>                ( - -1.392e+03 1 0)
s>                ( - -9.268e+03 5 0 QUESTION0_2_R 1 1.029e+02 3.967e+01))))INFO: dtree.c(1478): Final simple tree
|( QUESTION0_15_R 1 -7.050e+03 1.782e+02 3.008e+01
|    ( - -1.504e+03 1 0)
|    ( WDBNDRY_I 0 -5.368e+03 1.507e+02 2.208e+01
|        ( - -1.207e+03 1 0)
|        ( QUESTION0_2_R 1 -4.011e+03 1.954e+02 1.608e+01
|            ( WDBNDRY_B 0 -3.480e+03 1.439e+02 1.408e+01
|                ( QUESTION0_6_R 1 -1.437e+03 1.863e+02 6.000e+00
|                    ( QUESTION11 -1 -5.537e+02 6.182e+01 2.000e+00
|                        ( - -2.954e+02 1 0)
|                        ( - -1.964e+02 1 0))
|                    ( - -6.970e+02 1 0))
|                ( QUESTION11 -1 -1.899e+03 8.580e+01 8.080e+00
|                    ( - -8.343e+02 1 0)
|                    ( - -9.787e+02 1 0)))
|            ( - -3.357e+02 1 0))))
s>    ( QUESTION0_15_R 1 -7.050e+03 1.782e+02 3.008e+01
s>        ( - -1.504e+03 1 0)
s>        ( WDBNDRY_I 0 -5.368e+03 1.507e+02 2.208e+01
s>            ( - -1.207e+03 1 0)
s>            ( QUESTION0_2_R 1 -4.011e+03 1.954e+02 1.608e+01
s>                ( WDBNDRY_B 0 -3.480e+03 1.439e+02 1.408e+01
s>                    ( QUESTION0_6_R 1 -1.437e+03 1.863e+02 6.000e+00
s>                        ( QUESTION11 -1 -5.537e+02 6.182e+01 2.000e+00
s>                            ( - -2.954e+02 1 0)
s>                            ( - -1.964e+02 1 0))
s>                        ( - -6.970e+02 1 0))
s>                    ( QUESTION11 -1 -1.899e+03 8.580e+01 8.080e+00
s>                        ( - -8.343e+02 1 0)
s>                        ( - -9.787e+02 1 0)))
s>                ( - -3.357e+02 1 0))))INFO: dtree.c(1315): Comp split 7
INFO: dtree.c(1439): stop. leaf nodes are specific
INFO: dtree.c(1478): Final simple tree
|( WDBNDRY_B 0 -2.379e+03 1.783e+02 1.200e+01
|    ( - -6.970e+02 1 0)
|    ( - -1.504e+03 1 0))
s>    ( WDBNDRY_B 0 -2.379e+03 1.783e+02 1.200e+01
s>        ( - -6.970e+02 1 0)
s>        ( - -1.504e+03 1 0))INFO: dtree.c(1439): stop. leaf nodes are specific
INFO: dtree.c(1478): Final simple tree
|( WDBNDRY_I 0 -4.449e+03 1.464e+02 1.808e+01
|    ( - -1.207e+03 1 0)
|    ( QUESTION0_2_R 1 -3.095e+03 1.954e+02 1.208e+01
|        ( WDBNDRY_B 0 -2.564e+03 1.118e+02 1.008e+01
|            ( QUESTION11 -1 -5.537e+02 6.182e+01 2.000e+00
|                ( - -2.954e+02 1 0)
|                ( - -1.964e+02 1 0))
|            ( QUESTION11 -1 -1.899e+03 8.580e+01 8.080e+00
|                ( - -8.343e+02 1 0)
|                ( - -9.787e+02 1 0)))
|        ( - -3.357e+02 1 0)))
s>    ( WDBNDRY_I 0 -4.449e+03 1.464e+02 1.808e+01
s>        ( - -1.207e+03 1 0)
s>        ( QUESTION0_2_R 1 -3.095e+03 1.954e+02 1.208e+01
s>            ( WDBNDRY_B 0 -2.564e+03 1.118e+02 1.008e+01
s>                ( QUESTION11 -1 -5.537e+02 6.182e+01 2.000e+00
s>                    ( - -2.954e+02 1 0)
s>                    ( - -1.964e+02 1 0))
s>                ( QUESTION11 -1 -1.899e+03 8.580e+01 8.080e+00
s>                    ( - -8.343e+02 1 0)
s>                    ( - -9.787e+02 1 0)))
s>            ( - -3.357e+02 1 0)))INFO: dtree.c(1315): Comp split 8
INFO: dtree.c(1439): stop. leaf nodes are specific
INFO: dtree.c(1478): Final simple tree
|( WDBNDRY_E 0 -1.123e+04 1.981e+02 5.318e+01
|    ( - -1.222e+03 1 0)
|    ( QUESTION0_5_R 1 -9.810e+03 1.123e+02 4.618e+01
|        ( QUESTION0_6_R 1 -7.951e+03 9.992e+01 3.785e+01
|            ( - -2.074e+03 1 0)
|            ( - -5.778e+03 2 0))
|        ( - -1.747e+03 1 0)))
s>    ( WDBNDRY_E 0 -1.123e+04 1.981e+02 5.318e+01
s>        ( - -1.222e+03 1 0)
s>        ( QUESTION0_5_R 1 -9.810e+03 1.123e+02 4.618e+01
s>            ( QUESTION0_6_R 1 -7.951e+03 9.992e+01 3.785e+01
s>                ( - -2.074e+03 1 0)
s>                ( - -5.778e+03 2 0))
s>            ( - -1.747e+03 1 0)))INFO: dtree.c(1315): Comp split 9
INFO: dtree.c(1439): stop. leaf nodes are specific
INFO: dtree.c(1478): Final simple tree
|( WDBNDRY_I 0 -3.914e+03 1.428e+02 1.608e+01
|    ( - -1.207e+03 1 0)
|    ( WDBNDRY_B 0 -2.564e+03 1.118e+02 1.008e+01
|        ( QUESTION11 -1 -5.537e+02 6.182e+01 2.000e+00
|            ( - -2.954e+02 1 0)
|            ( - -1.964e+02 1 0))
|        ( QUESTION11 -1 -1.899e+03 8.580e+01 8.080e+00
|            ( - -8.343e+02 1 0)
|            ( - -9.787e+02 1 0))))
s>    ( WDBNDRY_I 0 -3.914e+03 1.428e+02 1.608e+01
s>        ( - -1.207e+03 1 0)
s>        ( WDBNDRY_B 0 -2.564e+03 1.118e+02 1.008e+01
s>            ( QUESTION11 -1 -5.537e+02 6.182e+01 2.000e+00
s>                ( - -2.954e+02 1 0)
s>                ( - -1.964e+02 1 0))
s>            ( QUESTION11 -1 -1.899e+03 8.580e+01 8.080e+00
s>                ( - -8.343e+02 1 0)
s>                ( - -9.787e+02 1 0))))INFO: dtree.c(1315): Comp split 10
INFO: dtree.c(1439): stop. leaf nodes are specific
INFO: dtree.c(1478): Final simple tree
|( QUESTION0_5_R 1 -9.810e+03 1.123e+02 4.618e+01
|    ( QUESTION0_6_R 1 -7.951e+03 9.992e+01 3.785e+01
|        ( - -2.074e+03 1 0)
|        ( - -5.778e+03 2 0))
|    ( - -1.747e+03 1 0))
s>    ( QUESTION0_5_R 1 -9.810e+03 1.123e+02 4.618e+01
s>        ( QUESTION0_6_R 1 -7.951e+03 9.992e+01 3.785e+01
s>            ( - -2.074e+03 1 0)
s>            ( - -5.778e+03 2 0))
s>        ( - -1.747e+03 1 0))INFO: dtree.c(1315): Comp split 11
INFO: dtree.c(1439): stop. leaf nodes are specific
INFO: dtree.c(1478): Final simple tree
|( QUESTION11 -1 -5.654e+03 1.347e+02 2.531e+01
|    ( - -4.019e+03 1 0)
|    ( - -1.500e+03 1 0))
s>    ( QUESTION11 -1 -5.654e+03 1.347e+02 2.531e+01
s>        ( - -4.019e+03 1 0)
s>        ( - -1.500e+03 1 0))INFO: dtree.c(1478): Final simple tree
|( QUESTION0_13_R 1 -3.074e+04 1.583e+02 1.320e+02
|    ( - -1.281e+04 10 0 QUESTION2_1_L -1 8.457e+01 5.618e+01)
|    ( WDBNDRY_E 0 -1.778e+04 1.512e+02 7.587e+01
|        ( QUESTION0_11_R 1 -2.580e+03 1.784e+02 1.200e+01
|            ( - -3.170e+02 1 0)
|            ( QUESTION0_2_R 1 -2.084e+03 1.413e+02 1.000e+01
|                ( - -1.392e+03 1 0)
|                ( - -5.504e+02 1 0)))
|        ( QUESTION0_2_R 1 -1.505e+04 1.066e+02 6.387e+01
|            ( QUESTION11 -1 -2.945e+03 1.023e+02 1.203e+01
|                ( - -1.709e+03 1 0)
|                ( - -1.134e+03 2 0))
|            ( QUESTION11 -1 -1.200e+04 9.938e+01 5.184e+01
|                ( - -3.362e+03 2 0 QUESTION0_12_R 1 1.057e+02 1.510e+01)
|                ( - -8.536e+03 4 0 QUESTION2_1_L -1 9.744e+01 3.673e+01)))))
s>    ( QUESTION0_13_R 1 -3.074e+04 1.583e+02 1.320e+02
s>        ( - -1.281e+04 10 0 QUESTION2_1_L -1 8.457e+01 5.618e+01)
s>        ( WDBNDRY_E 0 -1.778e+04 1.512e+02 7.587e+01
s>            ( QUESTION0_11_R 1 -2.580e+03 1.784e+02 1.200e+01
s>                ( - -3.170e+02 1 0)
s>                ( QUESTION0_2_R 1 -2.084e+03 1.413e+02 1.000e+01
s>                    ( - -1.392e+03 1 0)
s>                    ( - -5.504e+02 1 0)))
s>            ( QUESTION0_2_R 1 -1.505e+04 1.066e+02 6.387e+01
s>                ( QUESTION11 -1 -2.945e+03 1.023e+02 1.203e+01
s>                    ( - -1.709e+03 1 0)
s>                    ( - -1.134e+03 2 0))
s>                ( QUESTION11 -1 -1.200e+04 9.938e+01 5.184e+01
s>                    ( - -3.362e+03 2 0 QUESTION0_12_R 1 1.057e+02 1.510e+01)
s>                    ( - -8.536e+03 4 0 QUESTION2_1_L -1 9.744e+01 3.673e+01)))))INFO: dtree.c(1315): Comp split 12
INFO: dtree.c(1478): Final simple tree
|( QUESTION0_13_R 1 -3.025e+04 1.581e+02 1.300e+02
|    ( - -1.281e+04 10 0 QUESTION2_1_L -1 8.457e+01 5.618e+01)
|    ( WDBNDRY_E 0 -1.728e+04 1.476e+02 7.387e+01
|        ( QUESTION0_2_R 1 -2.084e+03 1.413e+02 1.000e+01
|            ( - -1.392e+03 1 0)
|            ( - -5.504e+02 1 0))
|        ( QUESTION0_2_R 1 -1.505e+04 1.066e+02 6.387e+01
|            ( QUESTION11 -1 -2.945e+03 1.023e+02 1.203e+01
|                ( - -1.709e+03 1 0)
|                ( - -1.134e+03 2 0))
|            ( QUESTION11 -1 -1.200e+04 9.938e+01 5.184e+01
|                ( QUESTION0_12_R 1 -3.362e+03 1.057e+02 1.510e+01
|                    ( - -3.059e+03 1 0)
|                    ( - -1.980e+02 1 0))
|                ( - -8.536e+03 4 0 QUESTION2_1_L -1 9.744e+01 3.673e+01)))))
s>    ( QUESTION0_13_R 1 -3.025e+04 1.581e+02 1.300e+02
s>        ( - -1.281e+04 10 0 QUESTION2_1_L -1 8.457e+01 5.618e+01)
s>        ( WDBNDRY_E 0 -1.728e+04 1.476e+02 7.387e+01
s>            ( QUESTION0_2_R 1 -2.084e+03 1.413e+02 1.000e+01
s>                ( - -1.392e+03 1 0)
s>                ( - -5.504e+02 1 0))
s>            ( QUESTION0_2_R 1 -1.505e+04 1.066e+02 6.387e+01
s>                ( QUESTION11 -1 -2.945e+03 1.023e+02 1.203e+01
s>                    ( - -1.709e+03 1 0)
s>                    ( - -1.134e+03 2 0))
s>                ( QUESTION11 -1 -1.200e+04 9.938e+01 5.184e+01
s>                    ( QUESTION0_12_R 1 -3.362e+03 1.057e+02 1.510e+01
s>                        ( - -3.059e+03 1 0)
s>                        ( - -1.980e+02 1 0))
s>                    ( - -8.536e+03 4 0 QUESTION2_1_L -1 9.744e+01 3.673e+01)))))INFO: dtree.c(1315): Comp split 13
INFO: dtree.c(1315): Comp split 14
INFO: dtree.c(1439): stop. leaf nodes are specific
INFO: dtree.c(1478): Final simple tree
|( QUESTION0_2_R 1 -7.070e+03 1.446e+02 3.397e+01
|    ( QUESTION13 -1 -5.674e+03 1.148e+02 2.697e+01
|        ( - -1.361e+03 1 0)
|        ( QUESTION0 -1 -4.199e+03 1.098e+02 1.997e+01
|            ( - -4.141e+02 1 0)
|            ( - -3.675e+03 3 0)))
|    ( - -1.251e+03 1 0))
s>    ( QUESTION0_2_R 1 -7.070e+03 1.446e+02 3.397e+01
s>        ( QUESTION13 -1 -5.674e+03 1.148e+02 2.697e+01
s>            ( - -1.361e+03 1 0)
s>            ( QUESTION0 -1 -4.199e+03 1.098e+02 1.997e+01
s>                ( - -4.141e+02 1 0)
s>                ( - -3.675e+03 3 0)))
s>        ( - -1.251e+03 1 0))INFO: dtree.c(1315): Comp split 15
INFO: dtree.c(1478): Final simple tree
|( QUESTION0_13_R 1 -2.869e+04 1.544e+02 1.230e+02
|    ( - -1.281e+04 10 0 QUESTION2_1_L -1 8.457e+01 5.618e+01)
|    ( WDBNDRY_E 0 -1.573e+04 1.302e+02 6.687e+01
|        ( - -5.504e+02 1 0)
|        ( QUESTION0_2_R 1 -1.505e+04 1.066e+02 6.387e+01
|            ( QUESTION11 -1 -2.945e+03 1.023e+02 1.203e+01
|                ( - -1.709e+03 1 0)
|                ( - -1.134e+03 2 0))
|            ( QUESTION11 -1 -1.200e+04 9.938e+01 5.184e+01
|                ( QUESTION0_12_R 1 -3.362e+03 1.057e+02 1.510e+01
|                    ( - -3.059e+03 1 0)
|                    ( - -1.980e+02 1 0))
|                ( QUESTION2_1_L -1 -8.536e+03 9.744e+01 3.673e+01
|                    ( - -4.076e+02 1 0)
|                    ( - -8.031e+03 3 0))))))
s>    ( QUESTION0_13_R 1 -2.869e+04 1.544e+02 1.230e+02
s>        ( - -1.281e+04 10 0 QUESTION2_1_L -1 8.457e+01 5.618e+01)
s>        ( WDBNDRY_E 0 -1.573e+04 1.302e+02 6.687e+01
s>            ( - -5.504e+02 1 0)
s>            ( QUESTION0_2_R 1 -1.505e+04 1.066e+02 6.387e+01
s>                ( QUESTION11 -1 -2.945e+03 1.023e+02 1.203e+01
s>                    ( - -1.709e+03 1 0)
s>                    ( - -1.134e+03 2 0))
s>                ( QUESTION11 -1 -1.200e+04 9.938e+01 5.184e+01
s>                    ( QUESTION0_12_R 1 -3.362e+03 1.057e+02 1.510e+01
s>                        ( - -3.059e+03 1 0)
s>                        ( - -1.980e+02 1 0))
s>                    ( QUESTION2_1_L -1 -8.536e+03 9.744e+01 3.673e+01
s>                        ( - -4.076e+02 1 0)
s>                        ( - -8.031e+03 3 0))))))INFO: dtree.c(1315): Comp split 16
INFO: dtree.c(1439): stop. leaf nodes are specific
INFO: dtree.c(1478): Final simple tree
|( WDBNDRY_E 0 -1.573e+04 1.302e+02 6.687e+01
|    ( - -5.504e+02 1 0)
|    ( QUESTION0_2_R 1 -1.505e+04 1.066e+02 6.387e+01
|        ( QUESTION11 -1 -2.945e+03 1.023e+02 1.203e+01
|            ( - -1.709e+03 1 0)
|            ( - -1.134e+03 2 0))
|        ( QUESTION11 -1 -1.200e+04 9.938e+01 5.184e+01
|            ( QUESTION0_12_R 1 -3.362e+03 1.057e+02 1.510e+01
|                ( - -3.059e+03 1 0)
|                ( - -1.980e+02 1 0))
|            ( QUESTION2_1_L -1 -8.536e+03 9.744e+01 3.673e+01
|                ( - -4.076e+02 1 0)
|                ( - -8.031e+03 3 0)))))
s>    ( WDBNDRY_E 0 -1.573e+04 1.302e+02 6.687e+01
s>        ( - -5.504e+02 1 0)
s>        ( QUESTION0_2_R 1 -1.505e+04 1.066e+02 6.387e+01
s>            ( QUESTION11 -1 -2.945e+03 1.023e+02 1.203e+01
s>                ( - -1.709e+03 1 0)
s>                ( - -1.134e+03 2 0))
s>            ( QUESTION11 -1 -1.200e+04 9.938e+01 5.184e+01
s>                ( QUESTION0_12_R 1 -3.362e+03 1.057e+02 1.510e+01
s>                    ( - -3.059e+03 1 0)
s>                    ( - -1.980e+02 1 0))
s>                ( QUESTION2_1_L -1 -8.536e+03 9.744e+01 3.673e+01
s>                    ( - -4.076e+02 1 0)
s>                    ( - -8.031e+03 3 0)))))INFO: dtree.c(1439): stop. leaf nodes are specific
INFO: dtree.c(1478): Final simple tree
|( QUESTION2_1_L -1 -1.281e+04 8.457e+01 5.618e+01
|    ( - -2.817e+02 1 0)
|    ( WDBNDRY_E 0 -1.244e+04 7.631e+01 5.518e+01
|        ( - -2.252e+02 1 0)
|        ( - -1.214e+04 8 0)))
s>    ( QUESTION2_1_L -1 -1.281e+04 8.457e+01 5.618e+01
s>        ( - -2.817e+02 1 0)
s>        ( WDBNDRY_E 0 -1.244e+04 7.631e+01 5.518e+01
s>            ( - -2.252e+02 1 0)
s>            ( - -1.214e+04 8 0)))INFO: dtree.c(1315): Comp split 17
INFO: dtree.c(1439): stop. leaf nodes are specific
INFO: dtree.c(1478): Final simple tree
|( QUESTION11 -1 -1.235e+04 1.374e+02 5.650e+01
|    ( - -1.003e+03 1 0)
|    ( QUESTION2_1_L -1 -1.121e+04 1.156e+02 5.150e+01
|        ( - -5.929e+03 1 0)
|        ( - -5.161e+03 1 0)))
s>    ( QUESTION11 -1 -1.235e+04 1.374e+02 5.650e+01
s>        ( - -1.003e+03 1 0)
s>        ( QUESTION2_1_L -1 -1.121e+04 1.156e+02 5.150e+01
s>            ( - -5.929e+03 1 0)
s>            ( - -5.161e+03 1 0)))INFO: dtree.c(1315): Comp split 18
INFO: dtree.c(1439): stop. leaf nodes are specific
INFO: dtree.c(1478): Final simple tree
|( QUESTION13 -1 -5.674e+03 1.148e+02 2.697e+01
|    ( - -1.361e+03 1 0)
|    ( QUESTION0 -1 -4.199e+03 1.098e+02 1.997e+01
|        ( - -4.141e+02 1 0)
|        ( - -3.675e+03 3 0)))
s>    ( QUESTION13 -1 -5.674e+03 1.148e+02 2.697e+01
s>        ( - -1.361e+03 1 0)
s>        ( QUESTION0 -1 -4.199e+03 1.098e+02 1.997e+01
s>            ( - -4.141e+02 1 0)
s>            ( - -3.675e+03 3 0)))INFO: dtree.c(1315): Comp split 19
INFO: dtree.c(1439): stop. leaf nodes are specific
INFO: dtree.c(1478): Final simple tree
|( WDBNDRY_B 0 -2.564e+03 1.118e+02 1.008e+01
|    ( QUESTION11 -1 -5.537e+02 6.182e+01 2.000e+00
|        ( - -2.954e+02 1 0)
|        ( - -1.964e+02 1 0))
|    ( QUESTION11 -1 -1.899e+03 8.580e+01 8.080e+00
|        ( - -8.343e+02 1 0)
|        ( - -9.787e+02 1 0)))
s>    ( WDBNDRY_B 0 -2.564e+03 1.118e+02 1.008e+01
s>        ( QUESTION11 -1 -5.537e+02 6.182e+01 2.000e+00
s>            ( - -2.954e+02 1 0)
s>            ( - -1.964e+02 1 0))
s>        ( QUESTION11 -1 -1.899e+03 8.580e+01 8.080e+00
s>            ( - -8.343e+02 1 0)
s>            ( - -9.787e+02 1 0)))INFO: dtree.c(1315): Comp split 20
INFO: dtree.c(1439): stop. leaf nodes are specific
INFO: dtree.c(1478): Final simple tree
|( QUESTION0 -1 -3.752e+03 1.272e+02 1.646e+01
|    ( - -2.044e+03 1 0)
|    ( WDBNDRY_E 0 -1.581e+03 8.845e+01 7.000e+00
|        ( - -2.485e+02 1 0)
|        ( - -1.244e+03 1 0)))
s>    ( QUESTION0 -1 -3.752e+03 1.272e+02 1.646e+01
s>        ( - -2.044e+03 1 0)
s>        ( WDBNDRY_E 0 -1.581e+03 8.845e+01 7.000e+00
s>            ( - -2.485e+02 1 0)
s>            ( - -1.244e+03 1 0)))INFO: dtree.c(1315): Comp split 21
INFO: dtree.c(1439): stop. leaf nodes are specific
INFO: dtree.c(1478): Final simple tree
|( QUESTION2_1_L -1 -1.121e+04 1.156e+02 5.150e+01
|    ( - -5.929e+03 1 0)
|    ( - -5.161e+03 1 0))
s>    ( QUESTION2_1_L -1 -1.121e+04 1.156e+02 5.150e+01
s>        ( - -5.929e+03 1 0)
s>        ( - -5.161e+03 1 0))INFO: dtree.c(1315): Comp split 22
INFO: dtree.c(1315): Comp split 23
INFO: dtree.c(1439): stop. leaf nodes are specific
INFO: dtree.c(1478): Final simple tree
|( QUESTION0_2_R 1 -1.505e+04 1.066e+02 6.387e+01
|    ( QUESTION11 -1 -2.945e+03 1.023e+02 1.203e+01
|        ( - -1.709e+03 1 0)
|        ( - -1.134e+03 2 0))
|    ( QUESTION11 -1 -1.200e+04 9.938e+01 5.184e+01
|        ( QUESTION0_12_R 1 -3.362e+03 1.057e+02 1.510e+01
|            ( - -3.059e+03 1 0)
|            ( - -1.980e+02 1 0))
|        ( QUESTION2_1_L -1 -8.536e+03 9.744e+01 3.673e+01
|            ( - -4.076e+02 1 0)
|            ( - -8.031e+03 3 0))))
s>    ( QUESTION0_2_R 1 -1.505e+04 1.066e+02 6.387e+01
s>        ( QUESTION11 -1 -2.945e+03 1.023e+02 1.203e+01
s>            ( - -1.709e+03 1 0)
s>            ( - -1.134e+03 2 0))
s>        ( QUESTION11 -1 -1.200e+04 9.938e+01 5.184e+01
s>            ( QUESTION0_12_R 1 -3.362e+03 1.057e+02 1.510e+01
s>                ( - -3.059e+03 1 0)
s>                ( - -1.980e+02 1 0))
s>            ( QUESTION2_1_L -1 -8.536e+03 9.744e+01 3.673e+01
s>                ( - -4.076e+02 1 0)
s>                ( - -8.031e+03 3 0))))INFO: dtree.c(1315): Comp split 24
INFO: dtree.c(1439): stop. leaf nodes are specific
INFO: dtree.c(1478): Final simple tree
|( WDBNDRY_E 0 -1.581e+03 8.845e+01 7.000e+00
|    ( - -2.485e+02 1 0)
|    ( - -1.244e+03 1 0))
s>    ( WDBNDRY_E 0 -1.581e+03 8.845e+01 7.000e+00
s>        ( - -2.485e+02 1 0)
s>        ( - -1.244e+03 1 0))INFO: dtree.c(1315): Comp split 25
INFO: dtree.c(1439): stop. leaf nodes are specific
INFO: dtree.c(1478): Final simple tree
|( QUESTION0_5_R 1 -3.910e+03 8.982e+01 1.834e+01
|    ( - -2.074e+03 1 0)
|    ( - -1.747e+03 1 0))
s>    ( QUESTION0_5_R 1 -3.910e+03 8.982e+01 1.834e+01
s>        ( - -2.074e+03 1 0)
s>        ( - -1.747e+03 1 0))INFO: dtree.c(1315): Comp split 26
INFO: dtree.c(1439): stop. leaf nodes are specific
INFO: dtree.c(1478): Final simple tree
|( QUESTION0_2_R 1 -1.187e+04 9.769e+01 4.976e+01
|    ( QUESTION11 -1 -2.945e+03 1.023e+02 1.203e+01
|        ( - -1.709e+03 1 0)
|        ( - -1.134e+03 2 0))
|    ( QUESTION0_12_R 1 -8.831e+03 9.674e+01 3.773e+01
|        ( QUESTION2_1_L -1 -8.536e+03 9.744e+01 3.673e+01
|            ( - -4.076e+02 1 0)
|            ( - -8.031e+03 3 0))
|        ( - -1.980e+02 1 0)))
s>    ( QUESTION0_2_R 1 -1.187e+04 9.769e+01 4.976e+01
s>        ( QUESTION11 -1 -2.945e+03 1.023e+02 1.203e+01
s>            ( - -1.709e+03 1 0)
s>            ( - -1.134e+03 2 0))
s>        ( QUESTION0_12_R 1 -8.831e+03 9.674e+01 3.773e+01
s>            ( QUESTION2_1_L -1 -8.536e+03 9.744e+01 3.673e+01
s>                ( - -4.076e+02 1 0)
s>                ( - -8.031e+03 3 0))
s>            ( - -1.980e+02 1 0)))INFO: dtree.c(1315): Comp split 27
INFO: dtree.c(1315): Comp split 28
INFO: dtree.c(1439): stop. leaf nodes are specific
INFO: dtree.c(1478): Final simple tree
|( QUESTION0 -1 -4.199e+03 1.098e+02 1.997e+01
|    ( - -4.141e+02 1 0)
|    ( - -3.675e+03 3 0))
s>    ( QUESTION0 -1 -4.199e+03 1.098e+02 1.997e+01
s>        ( - -4.141e+02 1 0)
s>        ( - -3.675e+03 3 0))INFO: dtree.c(1315): Comp split 29
INFO: dtree.c(1439): stop. leaf nodes are specific
INFO: dtree.c(1478): Final simple tree
|( QUESTION11 -1 -5.537e+02 6.182e+01 2.000e+00
|    ( - -2.954e+02 1 0)
|    ( - -1.964e+02 1 0))
s>    ( QUESTION11 -1 -5.537e+02 6.182e+01 2.000e+00
s>        ( - -2.954e+02 1 0)
s>        ( - -1.964e+02 1 0))INFO: dtree.c(1439): stop. leaf nodes are specific
INFO: dtree.c(1478): Final simple tree
|( QUESTION11 -1 -1.899e+03 8.580e+01 8.080e+00
|    ( - -8.343e+02 1 0)
|    ( - -9.787e+02 1 0))
s>    ( QUESTION11 -1 -1.899e+03 8.580e+01 8.080e+00
s>        ( - -8.343e+02 1 0)
s>        ( - -9.787e+02 1 0))INFO: dtree.c(1315): Comp split 30
INFO: dtree.c(1315): Comp split 31
INFO: dtree.c(1439): stop. leaf nodes are specific
INFO: dtree.c(1478): Final simple tree
|( QUESTION0_2_R 1 -1.064e+04 9.751e+01 4.483e+01
|    ( - -1.709e+03 1 0)
|    ( QUESTION0_12_R 1 -8.831e+03 9.674e+01 3.773e+01
|        ( QUESTION2_1_L -1 -8.536e+03 9.744e+01 3.673e+01
|            ( - -4.076e+02 1 0)
|            ( - -8.031e+03 3 0))
|        ( - -1.980e+02 1 0)))
s>    ( QUESTION0_2_R 1 -1.064e+04 9.751e+01 4.483e+01
s>        ( - -1.709e+03 1 0)
s>        ( QUESTION0_12_R 1 -8.831e+03 9.674e+01 3.773e+01
s>            ( QUESTION2_1_L -1 -8.536e+03 9.744e+01 3.673e+01
s>                ( - -4.076e+02 1 0)
s>                ( - -8.031e+03 3 0))
s>            ( - -1.980e+02 1 0)))INFO: dtree.c(1315): Comp split 32
INFO: dtree.c(1439): stop. leaf nodes are specific
INFO: dtree.c(1478): Final simple tree
|( QUESTION0_12_R 1 -8.831e+03 9.674e+01 3.773e+01
|    ( QUESTION2_1_L -1 -8.536e+03 9.744e+01 3.673e+01
|        ( - -4.076e+02 1 0)
|        ( - -8.031e+03 3 0))
|    ( - -1.980e+02 1 0))
s>    ( QUESTION0_12_R 1 -8.831e+03 9.674e+01 3.773e+01
s>        ( QUESTION2_1_L -1 -8.536e+03 9.744e+01 3.673e+01
s>            ( - -4.076e+02 1 0)
s>            ( - -8.031e+03 3 0))
s>        ( - -1.980e+02 1 0))INFO: dtree.c(1315): Comp split 33
INFO: dtree.c(1439): stop. leaf nodes are specific
INFO: dtree.c(1478): Final simple tree
|( QUESTION2_1_L -1 -8.536e+03 9.744e+01 3.673e+01
|    ( - -4.076e+02 1 0)
|    ( - -8.031e+03 3 0))
s>    ( QUESTION2_1_L -1 -8.536e+03 9.744e+01 3.673e+01
s>        ( - -4.076e+02 1 0)
s>        ( - -8.031e+03 3 0))INFO: dtree.c(1315): Comp split 34
INFO: dtree.c(1315): Comp split 35
INFO: dtree.c(1315): Comp split 36
INFO: dtree.c(1315): Comp split 37
INFO: dtree.c(1439): stop. leaf nodes are specific
INFO: dtree.c(1478): Final simple tree
|( WDBNDRY_E 0 -5.802e+02 7.329e+01 2.000e+00
|    ( - -2.252e+02 1 0)
|    ( - -2.817e+02 1 0))
s>    ( WDBNDRY_E 0 -5.802e+02 7.329e+01 2.000e+00
s>        ( - -2.252e+02 1 0)
s>        ( - -2.817e+02 1 0))INFO: dtree.c(1315): Comp split 38
INFO: dtree.c(1315): Comp split 39
INFO: dtree.c(1315): Comp split 40
INFO: dtree.c(1315): Comp split 41
INFO: dtree.c(1318): stop. leaf nodes are specific
Thu May  7 00:23:34 2020
