Current configuration:
[NAME]		[DEFLT]	[VALUE]
-allphones	no	no
-cntthresh	0.00001	1.000000e-05
-csplitmax	100	2000
-csplitmin	1	1
-csplitthr	8e-4	0.000000e+00
-example	no	no
-fullvar	no	no
-help		no	no
-meanfn			/home/abdy/Desktop/diploma/kg/model_parameters/kg.cd_cont_untied/means
-mixwfn			/home/abdy/Desktop/diploma/kg/model_parameters/kg.cd_cont_untied/mixture_weights
-moddeffn		/home/abdy/Desktop/diploma/kg/model_architecture/kg.untied.mdef
-mwfloor	1e-4	1.000000e-08
-phone			gh
-psetfn			/home/abdy/Desktop/diploma/kg/model_architecture/kg.tree_questions
-ssplitmax	5	7
-ssplitmin	1	1
-ssplitthr	8e-4	0.000000e+00
-state			2
-stwt			1.0,0.05,0.0,
-treefn			/home/abdy/Desktop/diploma/kg/trees/kg.unpruned/gh-2.dtree
-ts2cbfn	.semi.	.cont.
-varfloor	0.00001	1.000000e-05
-varfn			/home/abdy/Desktop/diploma/kg/model_parameters/kg.cd_cont_untied/variances

INFO: main.c(223): Reading: /home/abdy/Desktop/diploma/kg/model_architecture/kg.untied.mdef
INFO: model_def_io.c(573): Model definition info:
INFO: model_def_io.c(574): 10297 total models defined (47 base, 10250 tri)
INFO: model_def_io.c(575): 41188 total states
INFO: model_def_io.c(576): 30891 total tied states
INFO: model_def_io.c(577): 141 total tied CI states
INFO: model_def_io.c(578): 47 total tied transition matrices
INFO: model_def_io.c(579): 4 max state/model
INFO: model_def_io.c(580): 4 min state/model
INFO: main.c(242): Building trees for [gh SIL a b] through [gh z o i]
INFO: main.c(269): Covering states |[6384 6644]| == 261
INFO: main.c(275): Reading: /home/abdy/Desktop/diploma/kg/model_parameters/kg.cd_cont_untied/mixture_weights
INFO: s3mixw_io.c(173): Read /home/abdy/Desktop/diploma/kg/model_parameters/kg.cd_cont_untied/mixture_weights [261x1x1 array]
INFO: main.c(311): 21 of 87 models have observation count greater than 0.000010
INFO: main.c(95): nrm stwt: 0.000 0.048 0.952 
INFO: s3gau_io.c(169): Read /home/abdy/Desktop/diploma/kg/model_parameters/kg.cd_cont_untied/means [30891x1x1 array]
INFO: s3gau_io.c(169): Read /home/abdy/Desktop/diploma/kg/model_parameters/kg.cd_cont_untied/variances [30891x1x1 array]
INFO: main.c(549): Reading: /home/abdy/Desktop/diploma/kg/model_architecture/kg.tree_questions
INFO: main.c(588): 174 total simple questions (166 phone; 8 word bndry)
INFO: main.c(590): 40 Left Only questions, and 42 Right Only questions
INFO: dtree.c(1478): Final simple tree
|( QUESTION4 -1 -2.692e+04 1.925e+02 1.161e+02
|    ( - -1.188e+03 1 0)
|    ( QUESTION0_3_R 1 -2.554e+04 1.670e+02 1.101e+02
|        ( QUESTION12 -1 -1.718e+04 1.450e+02 7.366e+01
|            ( QUESTION2_1_L -1 -9.232e+03 1.338e+02 3.947e+01
|                ( - -1.534e+03 1 0)
|                ( QUESTION15 -1 -7.565e+03 1.038e+02 3.230e+01
|                    ( - -1.880e+03 2 0 QUESTION11 1 6.838e+01 8.226e+00)
|                    ( - -5.581e+03 6 0 QUESTION13 -1 7.421e+01 2.407e+01)))
|            ( QUESTION11 1 -7.802e+03 1.213e+02 3.419e+01
|                ( WDBNDRY_B 0 -7.016e+03 1.374e+02 3.113e+01
|                    ( - -6.503e+02 1 0)
|                    ( - -6.228e+03 4 0 QUESTION2 -1 7.514e+01 2.813e+01))
|                ( - -6.648e+02 1 0)))
|        ( - -8.190e+03 5 0 QUESTION13 -1 9.343e+01 3.645e+01)))
s>    ( QUESTION4 -1 -2.692e+04 1.925e+02 1.161e+02
s>        ( - -1.188e+03 1 0)
s>        ( QUESTION0_3_R 1 -2.554e+04 1.670e+02 1.101e+02
s>            ( QUESTION12 -1 -1.718e+04 1.450e+02 7.366e+01
s>                ( QUESTION2_1_L -1 -9.232e+03 1.338e+02 3.947e+01
s>                    ( - -1.534e+03 1 0)
s>                    ( QUESTION15 -1 -7.565e+03 1.038e+02 3.230e+01
s>                        ( - -1.880e+03 2 0 QUESTION11 1 6.838e+01 8.226e+00)
s>                        ( - -5.581e+03 6 0 QUESTION13 -1 7.421e+01 2.407e+01)))
s>                ( QUESTION11 1 -7.802e+03 1.213e+02 3.419e+01
s>                    ( WDBNDRY_B 0 -7.016e+03 1.374e+02 3.113e+01
s>                        ( - -6.503e+02 1 0)
s>                        ( - -6.228e+03 4 0 QUESTION2 -1 7.514e+01 2.813e+01))
s>                    ( - -6.648e+02 1 0)))
s>            ( - -8.190e+03 5 0 QUESTION13 -1 9.343e+01 3.645e+01)))INFO: dtree.c(1315): Comp split 0
INFO: dtree.c(1478): Final simple tree
|( QUESTION0 -1 -1.079e+04 1.597e+02 4.553e+01
|    ( WDBNDRY_B 0 -1.394e+03 7.867e+01 6.066e+00
|        ( - -6.503e+02 1 0)
|        ( - -6.648e+02 1 0))
|    ( QUESTION2_1_L -1 -9.232e+03 1.338e+02 3.947e+01
|        ( - -1.534e+03 1 0)
|        ( QUESTION15 -1 -7.565e+03 1.038e+02 3.230e+01
|            ( QUESTION11 1 -1.880e+03 6.838e+01 8.226e+00
|                ( - -1.605e+03 1 0)
|                ( - -2.061e+02 1 0))
|            ( QUESTION13 -1 -5.581e+03 7.421e+01 2.407e+01
|                ( - -3.840e+03 2 0)
|                ( QUESTION11 1 -1.667e+03 7.789e+01 7.223e+00
|                    ( - -1.088e+03 2 0)
|                    ( - -5.002e+02 2 0))))))
s>    ( QUESTION0 -1 -1.079e+04 1.597e+02 4.553e+01
s>        ( WDBNDRY_B 0 -1.394e+03 7.867e+01 6.066e+00
s>            ( - -6.503e+02 1 0)
s>            ( - -6.648e+02 1 0))
s>        ( QUESTION2_1_L -1 -9.232e+03 1.338e+02 3.947e+01
s>            ( - -1.534e+03 1 0)
s>            ( QUESTION15 -1 -7.565e+03 1.038e+02 3.230e+01
s>                ( QUESTION11 1 -1.880e+03 6.838e+01 8.226e+00
s>                    ( - -1.605e+03 1 0)
s>                    ( - -2.061e+02 1 0))
s>                ( QUESTION13 -1 -5.581e+03 7.421e+01 2.407e+01
s>                    ( - -3.840e+03 2 0)
s>                    ( QUESTION11 1 -1.667e+03 7.789e+01 7.223e+00
s>                        ( - -1.088e+03 2 0)
s>                        ( - -5.002e+02 2 0))))))INFO: dtree.c(1478): Final simple tree
|( QUESTION4 -1 -1.590e+04 1.847e+02 7.058e+01
|    ( - -1.188e+03 1 0)
|    ( QUESTION0_3_R 1 -1.453e+04 1.132e+02 6.458e+01
|        ( QUESTION2 -1 -6.228e+03 7.514e+01 2.813e+01
|            ( - -2.932e+03 1 0)
|            ( QUESTION0 -1 -3.221e+03 4.352e+01 1.462e+01
|                ( - -1.979e+02 1 0)
|                ( - -2.979e+03 2 0)))
|        ( QUESTION13 -1 -8.190e+03 9.343e+01 3.645e+01
|            ( - -4.240e+02 1 0)
|            ( QUESTION0 -1 -7.672e+03 7.217e+01 3.445e+01
|                ( - -7.580e+02 1 0)
|                ( QUESTION11 -1 -6.842e+03 6.929e+01 3.080e+01
|                    ( - -4.675e+03 2 0)
|                    ( - -2.097e+03 1 0))))))
s>    ( QUESTION4 -1 -1.590e+04 1.847e+02 7.058e+01
s>        ( - -1.188e+03 1 0)
s>        ( QUESTION0_3_R 1 -1.453e+04 1.132e+02 6.458e+01
s>            ( QUESTION2 -1 -6.228e+03 7.514e+01 2.813e+01
s>                ( - -2.932e+03 1 0)
s>                ( QUESTION0 -1 -3.221e+03 4.352e+01 1.462e+01
s>                    ( - -1.979e+02 1 0)
s>                    ( - -2.979e+03 2 0)))
s>            ( QUESTION13 -1 -8.190e+03 9.343e+01 3.645e+01
s>                ( - -4.240e+02 1 0)
s>                ( QUESTION0 -1 -7.672e+03 7.217e+01 3.445e+01
s>                    ( - -7.580e+02 1 0)
s>                    ( QUESTION11 -1 -6.842e+03 6.929e+01 3.080e+01
s>                        ( - -4.675e+03 2 0)
s>                        ( - -2.097e+03 1 0))))))INFO: dtree.c(1315): Comp split 1
INFO: dtree.c(1439): stop. leaf nodes are specific
INFO: dtree.c(1478): Final simple tree
|( QUESTION0_3_R 1 -1.453e+04 1.132e+02 6.458e+01
|    ( QUESTION2 -1 -6.228e+03 7.514e+01 2.813e+01
|        ( - -2.932e+03 1 0)
|        ( QUESTION0 -1 -3.221e+03 4.352e+01 1.462e+01
|            ( - -1.979e+02 1 0)
|            ( - -2.979e+03 2 0)))
|    ( QUESTION13 -1 -8.190e+03 9.343e+01 3.645e+01
|        ( - -4.240e+02 1 0)
|        ( QUESTION0 -1 -7.672e+03 7.217e+01 3.445e+01
|            ( - -7.580e+02 1 0)
|            ( QUESTION11 -1 -6.842e+03 6.929e+01 3.080e+01
|                ( - -4.675e+03 2 0)
|                ( - -2.097e+03 1 0)))))
s>    ( QUESTION0_3_R 1 -1.453e+04 1.132e+02 6.458e+01
s>        ( QUESTION2 -1 -6.228e+03 7.514e+01 2.813e+01
s>            ( - -2.932e+03 1 0)
s>            ( QUESTION0 -1 -3.221e+03 4.352e+01 1.462e+01
s>                ( - -1.979e+02 1 0)
s>                ( - -2.979e+03 2 0)))
s>        ( QUESTION13 -1 -8.190e+03 9.343e+01 3.645e+01
s>            ( - -4.240e+02 1 0)
s>            ( QUESTION0 -1 -7.672e+03 7.217e+01 3.445e+01
s>                ( - -7.580e+02 1 0)
s>                ( QUESTION11 -1 -6.842e+03 6.929e+01 3.080e+01
s>                    ( - -4.675e+03 2 0)
s>                    ( - -2.097e+03 1 0)))))INFO: dtree.c(1315): Comp split 2
INFO: dtree.c(1439): stop. leaf nodes are specific
INFO: dtree.c(1478): Final simple tree
|( QUESTION2_1_L -1 -9.232e+03 1.338e+02 3.947e+01
|    ( - -1.534e+03 1 0)
|    ( QUESTION15 -1 -7.565e+03 1.038e+02 3.230e+01
|        ( QUESTION11 1 -1.880e+03 6.838e+01 8.226e+00
|            ( - -1.605e+03 1 0)
|            ( - -2.061e+02 1 0))
|        ( QUESTION13 -1 -5.581e+03 7.421e+01 2.407e+01
|            ( - -3.840e+03 2 0)
|            ( QUESTION11 1 -1.667e+03 7.789e+01 7.223e+00
|                ( - -1.088e+03 2 0)
|                ( - -5.002e+02 2 0)))))
s>    ( QUESTION2_1_L -1 -9.232e+03 1.338e+02 3.947e+01
s>        ( - -1.534e+03 1 0)
s>        ( QUESTION15 -1 -7.565e+03 1.038e+02 3.230e+01
s>            ( QUESTION11 1 -1.880e+03 6.838e+01 8.226e+00
s>                ( - -1.605e+03 1 0)
s>                ( - -2.061e+02 1 0))
s>            ( QUESTION13 -1 -5.581e+03 7.421e+01 2.407e+01
s>                ( - -3.840e+03 2 0)
s>                ( QUESTION11 1 -1.667e+03 7.789e+01 7.223e+00
s>                    ( - -1.088e+03 2 0)
s>                    ( - -5.002e+02 2 0)))))INFO: dtree.c(1439): stop. leaf nodes are specific
INFO: dtree.c(1478): Final simple tree
|( WDBNDRY_B 0 -1.394e+03 7.867e+01 6.066e+00
|    ( - -6.503e+02 1 0)
|    ( - -6.648e+02 1 0))
s>    ( WDBNDRY_B 0 -1.394e+03 7.867e+01 6.066e+00
s>        ( - -6.503e+02 1 0)
s>        ( - -6.648e+02 1 0))INFO: dtree.c(1315): Comp split 3
INFO: dtree.c(1439): stop. leaf nodes are specific
INFO: dtree.c(1478): Final simple tree
|( QUESTION15 -1 -7.565e+03 1.038e+02 3.230e+01
|    ( QUESTION11 1 -1.880e+03 6.838e+01 8.226e+00
|        ( - -1.605e+03 1 0)
|        ( - -2.061e+02 1 0))
|    ( QUESTION13 -1 -5.581e+03 7.421e+01 2.407e+01
|        ( - -3.840e+03 2 0)
|        ( QUESTION11 1 -1.667e+03 7.789e+01 7.223e+00
|            ( - -1.088e+03 2 0)
|            ( - -5.002e+02 2 0))))
s>    ( QUESTION15 -1 -7.565e+03 1.038e+02 3.230e+01
s>        ( QUESTION11 1 -1.880e+03 6.838e+01 8.226e+00
s>            ( - -1.605e+03 1 0)
s>            ( - -2.061e+02 1 0))
s>        ( QUESTION13 -1 -5.581e+03 7.421e+01 2.407e+01
s>            ( - -3.840e+03 2 0)
s>            ( QUESTION11 1 -1.667e+03 7.789e+01 7.223e+00
s>                ( - -1.088e+03 2 0)
s>                ( - -5.002e+02 2 0))))INFO: dtree.c(1315): Comp split 4
INFO: dtree.c(1439): stop. leaf nodes are specific
INFO: dtree.c(1478): Final simple tree
|( QUESTION13 -1 -8.190e+03 9.343e+01 3.645e+01
|    ( - -4.240e+02 1 0)
|    ( QUESTION0 -1 -7.672e+03 7.217e+01 3.445e+01
|        ( - -7.580e+02 1 0)
|        ( QUESTION11 -1 -6.842e+03 6.929e+01 3.080e+01
|            ( - -4.675e+03 2 0)
|            ( - -2.097e+03 1 0))))
s>    ( QUESTION13 -1 -8.190e+03 9.343e+01 3.645e+01
s>        ( - -4.240e+02 1 0)
s>        ( QUESTION0 -1 -7.672e+03 7.217e+01 3.445e+01
s>            ( - -7.580e+02 1 0)
s>            ( QUESTION11 -1 -6.842e+03 6.929e+01 3.080e+01
s>                ( - -4.675e+03 2 0)
s>                ( - -2.097e+03 1 0))))INFO: dtree.c(1439): stop. leaf nodes are specific
INFO: dtree.c(1478): Final simple tree
|( QUESTION2 -1 -6.228e+03 7.514e+01 2.813e+01
|    ( - -2.932e+03 1 0)
|    ( QUESTION0 -1 -3.221e+03 4.352e+01 1.462e+01
|        ( - -1.979e+02 1 0)
|        ( - -2.979e+03 2 0)))
s>    ( QUESTION2 -1 -6.228e+03 7.514e+01 2.813e+01
s>        ( - -2.932e+03 1 0)
s>        ( QUESTION0 -1 -3.221e+03 4.352e+01 1.462e+01
s>            ( - -1.979e+02 1 0)
s>            ( - -2.979e+03 2 0)))INFO: dtree.c(1315): Comp split 5
INFO: dtree.c(1439): stop. leaf nodes are specific
INFO: dtree.c(1478): Final simple tree
|( QUESTION11 1 -5.854e+03 7.937e+01 2.507e+01
|    ( QUESTION13 -1 -5.011e+03 8.179e+01 2.181e+01
|        ( - -3.840e+03 2 0)
|        ( - -1.088e+03 2 0))
|    ( QUESTION13 -1 -7.635e+02 5.721e+01 3.255e+00
|        ( - -2.061e+02 1 0)
|        ( - -5.002e+02 2 0)))
s>    ( QUESTION11 1 -5.854e+03 7.937e+01 2.507e+01
s>        ( QUESTION13 -1 -5.011e+03 8.179e+01 2.181e+01
s>            ( - -3.840e+03 2 0)
s>            ( - -1.088e+03 2 0))
s>        ( QUESTION13 -1 -7.635e+02 5.721e+01 3.255e+00
s>            ( - -2.061e+02 1 0)
s>            ( - -5.002e+02 2 0)))INFO: dtree.c(1315): Comp split 6
INFO: dtree.c(1439): stop. leaf nodes are specific
INFO: dtree.c(1478): Final simple tree
|( QUESTION0 -1 -7.672e+03 7.217e+01 3.445e+01
|    ( - -7.580e+02 1 0)
|    ( QUESTION11 -1 -6.842e+03 6.929e+01 3.080e+01
|        ( - -4.675e+03 2 0)
|        ( - -2.097e+03 1 0)))
s>    ( QUESTION0 -1 -7.672e+03 7.217e+01 3.445e+01
s>        ( - -7.580e+02 1 0)
s>        ( QUESTION11 -1 -6.842e+03 6.929e+01 3.080e+01
s>            ( - -4.675e+03 2 0)
s>            ( - -2.097e+03 1 0)))INFO: dtree.c(1315): Comp split 7
INFO: dtree.c(1439): stop. leaf nodes are specific
INFO: dtree.c(1478): Final simple tree
|( QUESTION11 1 -4.685e+03 8.126e+01 2.010e+01
|    ( - -3.840e+03 2 0)
|    ( QUESTION13 -1 -7.635e+02 5.721e+01 3.255e+00
|        ( - -2.061e+02 1 0)
|        ( - -5.002e+02 2 0)))
s>    ( QUESTION11 1 -4.685e+03 8.126e+01 2.010e+01
s>        ( - -3.840e+03 2 0)
s>        ( QUESTION13 -1 -7.635e+02 5.721e+01 3.255e+00
s>            ( - -2.061e+02 1 0)
s>            ( - -5.002e+02 2 0)))INFO: dtree.c(1315): Comp split 8
INFO: dtree.c(1439): stop. leaf nodes are specific
INFO: dtree.c(1478): Final simple tree
|( QUESTION13 -1 -7.635e+02 5.721e+01 3.255e+00
|    ( - -2.061e+02 1 0)
|    ( - -5.002e+02 2 0))
s>    ( QUESTION13 -1 -7.635e+02 5.721e+01 3.255e+00
s>        ( - -2.061e+02 1 0)
s>        ( - -5.002e+02 2 0))INFO: dtree.c(1315): Comp split 9
INFO: dtree.c(1315): Comp split 10
INFO: dtree.c(1439): stop. leaf nodes are specific
INFO: dtree.c(1478): Final simple tree
|( QUESTION0 -1 -3.221e+03 4.352e+01 1.462e+01
|    ( - -1.979e+02 1 0)
|    ( - -2.979e+03 2 0))
s>    ( QUESTION0 -1 -3.221e+03 4.352e+01 1.462e+01
s>        ( - -1.979e+02 1 0)
s>        ( - -2.979e+03 2 0))INFO: dtree.c(1315): Comp split 11
INFO: dtree.c(1439): stop. leaf nodes are specific
INFO: dtree.c(1478): Final simple tree
|( QUESTION11 -1 -6.842e+03 6.929e+01 3.080e+01
|    ( - -4.675e+03 2 0)
|    ( - -2.097e+03 1 0))
s>    ( QUESTION11 -1 -6.842e+03 6.929e+01 3.080e+01
s>        ( - -4.675e+03 2 0)
s>        ( - -2.097e+03 1 0))INFO: dtree.c(1315): Comp split 12
INFO: dtree.c(1315): Comp split 13
INFO: dtree.c(1315): Comp split 14
INFO: dtree.c(1315): Comp split 15
INFO: dtree.c(1318): stop. leaf nodes are specific
Thu May  7 00:23:23 2020
