Current configuration:
[NAME]		[DEFLT]	[VALUE]
-allphones	no	no
-cntthresh	0.00001	1.000000e-05
-csplitmax	100	2000
-csplitmin	1	1
-csplitthr	8e-4	0.000000e+00
-example	no	no
-fullvar	no	no
-help		no	no
-meanfn			/home/abdy/Desktop/diploma/kg/model_parameters/kg.cd_cont_untied/means
-mixwfn			/home/abdy/Desktop/diploma/kg/model_parameters/kg.cd_cont_untied/mixture_weights
-moddeffn		/home/abdy/Desktop/diploma/kg/model_architecture/kg.untied.mdef
-mwfloor	1e-4	1.000000e-08
-phone			o0
-psetfn			/home/abdy/Desktop/diploma/kg/model_architecture/kg.tree_questions
-ssplitmax	5	7
-ssplitmin	1	1
-ssplitthr	8e-4	0.000000e+00
-state			2
-stwt			1.0,0.05,0.0,
-treefn			/home/abdy/Desktop/diploma/kg/trees/kg.unpruned/o0-2.dtree
-ts2cbfn	.semi.	.cont.
-varfloor	0.00001	1.000000e-05
-varfn			/home/abdy/Desktop/diploma/kg/model_parameters/kg.cd_cont_untied/variances

INFO: main.c(223): Reading: /home/abdy/Desktop/diploma/kg/model_architecture/kg.untied.mdef
INFO: model_def_io.c(573): Model definition info:
INFO: model_def_io.c(574): 10297 total models defined (47 base, 10250 tri)
INFO: model_def_io.c(575): 41188 total states
INFO: model_def_io.c(576): 30891 total tied states
INFO: model_def_io.c(577): 141 total tied CI states
INFO: model_def_io.c(578): 47 total tied transition matrices
INFO: model_def_io.c(579): 4 max state/model
INFO: model_def_io.c(580): 4 min state/model
INFO: main.c(242): Building trees for [o0 SIL b b] through [o0 zh p i]
INFO: main.c(269): Covering states |[17925 18236]| == 312
INFO: main.c(275): Reading: /home/abdy/Desktop/diploma/kg/model_parameters/kg.cd_cont_untied/mixture_weights
INFO: s3mixw_io.c(173): Read /home/abdy/Desktop/diploma/kg/model_parameters/kg.cd_cont_untied/mixture_weights [312x1x1 array]
INFO: main.c(311): 13 of 104 models have observation count greater than 0.000010
INFO: main.c(95): nrm stwt: 0.000 0.048 0.952 
INFO: s3gau_io.c(169): Read /home/abdy/Desktop/diploma/kg/model_parameters/kg.cd_cont_untied/means [30891x1x1 array]
INFO: s3gau_io.c(169): Read /home/abdy/Desktop/diploma/kg/model_parameters/kg.cd_cont_untied/variances [30891x1x1 array]
INFO: main.c(549): Reading: /home/abdy/Desktop/diploma/kg/model_architecture/kg.tree_questions
INFO: main.c(588): 174 total simple questions (166 phone; 8 word bndry)
INFO: main.c(590): 40 Left Only questions, and 42 Right Only questions
INFO: dtree.c(1478): Final simple tree
|( QUESTION15 1 -2.106e+04 4.460e+02 8.992e+01
|    ( - 1.922e+02 1 0)
|    ( QUESTION0_16_R 1 -2.080e+04 4.024e+02 8.892e+01
|        ( - -5.700e+03 3 0 QUESTION1 -1 1.830e+02 2.500e+01)
|        ( QUESTION0_0_R 1 -1.470e+04 2.665e+02 6.392e+01
|            ( - -2.583e+02 1 0)
|            ( QUESTION0_4_R 1 -1.418e+04 2.285e+02 6.192e+01
|                ( - -2.009e+03 1 0)
|                ( WDBNDRY_E 0 -1.194e+04 2.112e+02 5.192e+01
|                    ( QUESTION0_10_R 1 -5.620e+03 2.243e+02 2.501e+01
|                        ( - -1.808e+03 2 0 QUESTION0_11_R 1 1.423e+02 9.000e+00)
|                        ( QUESTION0_2_R 1 -3.588e+03 2.263e+02 1.601e+01
|                            ( - -1.018e+03 1 0)
|                            ( - -2.343e+03 1 0)))
|                    ( - -6.106e+03 3 0 QUESTION0_19_R 1 1.906e+02 2.691e+01))))))
s>    ( QUESTION15 1 -2.106e+04 4.460e+02 8.992e+01
s>        ( - 1.922e+02 1 0)
s>        ( QUESTION0_16_R 1 -2.080e+04 4.024e+02 8.892e+01
s>            ( - -5.700e+03 3 0 QUESTION1 -1 1.830e+02 2.500e+01)
s>            ( QUESTION0_0_R 1 -1.470e+04 2.665e+02 6.392e+01
s>                ( - -2.583e+02 1 0)
s>                ( QUESTION0_4_R 1 -1.418e+04 2.285e+02 6.192e+01
s>                    ( - -2.009e+03 1 0)
s>                    ( WDBNDRY_E 0 -1.194e+04 2.112e+02 5.192e+01
s>                        ( QUESTION0_10_R 1 -5.620e+03 2.243e+02 2.501e+01
s>                            ( - -1.808e+03 2 0 QUESTION0_11_R 1 1.423e+02 9.000e+00)
s>                            ( QUESTION0_2_R 1 -3.588e+03 2.263e+02 1.601e+01
s>                                ( - -1.018e+03 1 0)
s>                                ( - -2.343e+03 1 0)))
s>                        ( - -6.106e+03 3 0 QUESTION0_19_R 1 1.906e+02 2.691e+01))))))INFO: dtree.c(1315): Comp split 0
INFO: dtree.c(1478): Final simple tree
|( QUESTION0_16_R 1 -2.080e+04 4.024e+02 8.892e+01
|    ( - -5.700e+03 3 0 QUESTION1 -1 1.830e+02 2.500e+01)
|    ( QUESTION0_0_R 1 -1.470e+04 2.665e+02 6.392e+01
|        ( - -2.583e+02 1 0)
|        ( QUESTION0_4_R 1 -1.418e+04 2.285e+02 6.192e+01
|            ( - -2.009e+03 1 0)
|            ( WDBNDRY_E 0 -1.194e+04 2.112e+02 5.192e+01
|                ( QUESTION0_10_R 1 -5.620e+03 2.243e+02 2.501e+01
|                    ( - -1.808e+03 2 0 QUESTION0_11_R 1 1.423e+02 9.000e+00)
|                    ( QUESTION0_2_R 1 -3.588e+03 2.263e+02 1.601e+01
|                        ( - -1.018e+03 1 0)
|                        ( - -2.343e+03 1 0)))
|                ( QUESTION0_19_R 1 -6.106e+03 1.906e+02 2.691e+01
|                    ( - -3.419e+03 1 0)
|                    ( - -2.497e+03 2 0 WDBNDRY_B 0 1.640e+02 1.100e+01))))))
s>    ( QUESTION0_16_R 1 -2.080e+04 4.024e+02 8.892e+01
s>        ( - -5.700e+03 3 0 QUESTION1 -1 1.830e+02 2.500e+01)
s>        ( QUESTION0_0_R 1 -1.470e+04 2.665e+02 6.392e+01
s>            ( - -2.583e+02 1 0)
s>            ( QUESTION0_4_R 1 -1.418e+04 2.285e+02 6.192e+01
s>                ( - -2.009e+03 1 0)
s>                ( WDBNDRY_E 0 -1.194e+04 2.112e+02 5.192e+01
s>                    ( QUESTION0_10_R 1 -5.620e+03 2.243e+02 2.501e+01
s>                        ( - -1.808e+03 2 0 QUESTION0_11_R 1 1.423e+02 9.000e+00)
s>                        ( QUESTION0_2_R 1 -3.588e+03 2.263e+02 1.601e+01
s>                            ( - -1.018e+03 1 0)
s>                            ( - -2.343e+03 1 0)))
s>                    ( QUESTION0_19_R 1 -6.106e+03 1.906e+02 2.691e+01
s>                        ( - -3.419e+03 1 0)
s>                        ( - -2.497e+03 2 0 WDBNDRY_B 0 1.640e+02 1.100e+01))))))INFO: dtree.c(1315): Comp split 1
INFO: dtree.c(1478): Final simple tree
|( QUESTION0_0_R 1 -1.470e+04 2.665e+02 6.392e+01
|    ( - -2.583e+02 1 0)
|    ( QUESTION0_4_R 1 -1.418e+04 2.285e+02 6.192e+01
|        ( - -2.009e+03 1 0)
|        ( WDBNDRY_E 0 -1.194e+04 2.112e+02 5.192e+01
|            ( QUESTION0_10_R 1 -5.620e+03 2.243e+02 2.501e+01
|                ( - -1.808e+03 2 0 QUESTION0_11_R 1 1.423e+02 9.000e+00)
|                ( QUESTION0_2_R 1 -3.588e+03 2.263e+02 1.601e+01
|                    ( - -1.018e+03 1 0)
|                    ( - -2.343e+03 1 0)))
|            ( QUESTION0_19_R 1 -6.106e+03 1.906e+02 2.691e+01
|                ( - -3.419e+03 1 0)
|                ( WDBNDRY_B 0 -2.497e+03 1.640e+02 1.100e+01
|                    ( - -1.312e+03 1 0)
|                    ( - -1.021e+03 1 0))))))
s>    ( QUESTION0_0_R 1 -1.470e+04 2.665e+02 6.392e+01
s>        ( - -2.583e+02 1 0)
s>        ( QUESTION0_4_R 1 -1.418e+04 2.285e+02 6.192e+01
s>            ( - -2.009e+03 1 0)
s>            ( WDBNDRY_E 0 -1.194e+04 2.112e+02 5.192e+01
s>                ( QUESTION0_10_R 1 -5.620e+03 2.243e+02 2.501e+01
s>                    ( - -1.808e+03 2 0 QUESTION0_11_R 1 1.423e+02 9.000e+00)
s>                    ( QUESTION0_2_R 1 -3.588e+03 2.263e+02 1.601e+01
s>                        ( - -1.018e+03 1 0)
s>                        ( - -2.343e+03 1 0)))
s>                ( QUESTION0_19_R 1 -6.106e+03 1.906e+02 2.691e+01
s>                    ( - -3.419e+03 1 0)
s>                    ( WDBNDRY_B 0 -2.497e+03 1.640e+02 1.100e+01
s>                        ( - -1.312e+03 1 0)
s>                        ( - -1.021e+03 1 0))))))INFO: dtree.c(1439): stop. leaf nodes are specific
INFO: dtree.c(1478): Final simple tree
|( QUESTION1 -1 -5.700e+03 1.830e+02 2.500e+01
|    ( - -9.363e+02 1 0)
|    ( QUESTION5 -1 -4.580e+03 7.898e+01 2.000e+01
|        ( - -3.625e+03 1 0)
|        ( - -8.766e+02 1 0)))
s>    ( QUESTION1 -1 -5.700e+03 1.830e+02 2.500e+01
s>        ( - -9.363e+02 1 0)
s>        ( QUESTION5 -1 -4.580e+03 7.898e+01 2.000e+01
s>            ( - -3.625e+03 1 0)
s>            ( - -8.766e+02 1 0)))INFO: dtree.c(1315): Comp split 2
INFO: dtree.c(1478): Final simple tree
|( QUESTION0_4_R 1 -1.418e+04 2.285e+02 6.192e+01
|    ( - -2.009e+03 1 0)
|    ( WDBNDRY_E 0 -1.194e+04 2.112e+02 5.192e+01
|        ( QUESTION0_10_R 1 -5.620e+03 2.243e+02 2.501e+01
|            ( QUESTION0_11_R 1 -1.808e+03 1.423e+02 9.000e+00
|                ( - -7.489e+02 1 0)
|                ( - -9.171e+02 1 0))
|            ( QUESTION0_2_R 1 -3.588e+03 2.263e+02 1.601e+01
|                ( - -1.018e+03 1 0)
|                ( - -2.343e+03 1 0)))
|        ( QUESTION0_19_R 1 -6.106e+03 1.906e+02 2.691e+01
|            ( - -3.419e+03 1 0)
|            ( WDBNDRY_B 0 -2.497e+03 1.640e+02 1.100e+01
|                ( - -1.312e+03 1 0)
|                ( - -1.021e+03 1 0)))))
s>    ( QUESTION0_4_R 1 -1.418e+04 2.285e+02 6.192e+01
s>        ( - -2.009e+03 1 0)
s>        ( WDBNDRY_E 0 -1.194e+04 2.112e+02 5.192e+01
s>            ( QUESTION0_10_R 1 -5.620e+03 2.243e+02 2.501e+01
s>                ( QUESTION0_11_R 1 -1.808e+03 1.423e+02 9.000e+00
s>                    ( - -7.489e+02 1 0)
s>                    ( - -9.171e+02 1 0))
s>                ( QUESTION0_2_R 1 -3.588e+03 2.263e+02 1.601e+01
s>                    ( - -1.018e+03 1 0)
s>                    ( - -2.343e+03 1 0)))
s>            ( QUESTION0_19_R 1 -6.106e+03 1.906e+02 2.691e+01
s>                ( - -3.419e+03 1 0)
s>                ( WDBNDRY_B 0 -2.497e+03 1.640e+02 1.100e+01
s>                    ( - -1.312e+03 1 0)
s>                    ( - -1.021e+03 1 0)))))INFO: dtree.c(1315): Comp split 3
INFO: dtree.c(1439): stop. leaf nodes are specific
INFO: dtree.c(1478): Final simple tree
|( WDBNDRY_B 0 -2.497e+03 1.640e+02 1.100e+01
|    ( - -1.312e+03 1 0)
|    ( - -1.021e+03 1 0))
s>    ( WDBNDRY_B 0 -2.497e+03 1.640e+02 1.100e+01
s>        ( - -1.312e+03 1 0)
s>        ( - -1.021e+03 1 0))INFO: dtree.c(1439): stop. leaf nodes are specific
INFO: dtree.c(1478): Final simple tree
|( QUESTION0_4_R 1 -1.143e+04 2.125e+02 5.092e+01
|    ( - -2.009e+03 1 0)
|    ( QUESTION0_2_R 1 -9.211e+03 2.041e+02 4.092e+01
|        ( - -1.018e+03 1 0)
|        ( QUESTION0_11_R 1 -7.989e+03 2.009e+02 3.592e+01
|            ( - -7.489e+02 1 0)
|            ( QUESTION0_9_R 1 -7.039e+03 1.834e+02 3.192e+01
|                ( - -2.343e+03 1 0)
|                ( WDBNDRY_E 0 -4.513e+03 1.769e+02 2.091e+01
|                    ( - -9.171e+02 1 0)
|                    ( - -3.419e+03 1 0))))))
s>    ( QUESTION0_4_R 1 -1.143e+04 2.125e+02 5.092e+01
s>        ( - -2.009e+03 1 0)
s>        ( QUESTION0_2_R 1 -9.211e+03 2.041e+02 4.092e+01
s>            ( - -1.018e+03 1 0)
s>            ( QUESTION0_11_R 1 -7.989e+03 2.009e+02 3.592e+01
s>                ( - -7.489e+02 1 0)
s>                ( QUESTION0_9_R 1 -7.039e+03 1.834e+02 3.192e+01
s>                    ( - -2.343e+03 1 0)
s>                    ( WDBNDRY_E 0 -4.513e+03 1.769e+02 2.091e+01
s>                        ( - -9.171e+02 1 0)
s>                        ( - -3.419e+03 1 0))))))INFO: dtree.c(1315): Comp split 4
INFO: dtree.c(1439): stop. leaf nodes are specific
INFO: dtree.c(1478): Final simple tree
|( QUESTION0_11_R 1 -1.808e+03 1.423e+02 9.000e+00
|    ( - -7.489e+02 1 0)
|    ( - -9.171e+02 1 0))
s>    ( QUESTION0_11_R 1 -1.808e+03 1.423e+02 9.000e+00
s>        ( - -7.489e+02 1 0)
s>        ( - -9.171e+02 1 0))INFO: dtree.c(1439): stop. leaf nodes are specific
INFO: dtree.c(1478): Final simple tree
|( QUESTION0_3_R 1 -9.392e+03 2.151e+02 4.192e+01
|    ( - -1.018e+03 1 0)
|    ( QUESTION0_2_R 1 -8.159e+03 2.041e+02 3.692e+01
|        ( - -2.009e+03 1 0)
|        ( WDBNDRY_E 0 -5.946e+03 1.839e+02 2.692e+01
|            ( - -2.343e+03 1 0)
|            ( - -3.419e+03 1 0))))
s>    ( QUESTION0_3_R 1 -9.392e+03 2.151e+02 4.192e+01
s>        ( - -1.018e+03 1 0)
s>        ( QUESTION0_2_R 1 -8.159e+03 2.041e+02 3.692e+01
s>            ( - -2.009e+03 1 0)
s>            ( WDBNDRY_E 0 -5.946e+03 1.839e+02 2.692e+01
s>                ( - -2.343e+03 1 0)
s>                ( - -3.419e+03 1 0))))INFO: dtree.c(1315): Comp split 5
INFO: dtree.c(1439): stop. leaf nodes are specific
INFO: dtree.c(1478): Final simple tree
|( QUESTION0_2_R 1 -8.159e+03 2.041e+02 3.692e+01
|    ( - -2.009e+03 1 0)
|    ( WDBNDRY_E 0 -5.946e+03 1.839e+02 2.692e+01
|        ( - -2.343e+03 1 0)
|        ( - -3.419e+03 1 0)))
s>    ( QUESTION0_2_R 1 -8.159e+03 2.041e+02 3.692e+01
s>        ( - -2.009e+03 1 0)
s>        ( WDBNDRY_E 0 -5.946e+03 1.839e+02 2.692e+01
s>            ( - -2.343e+03 1 0)
s>            ( - -3.419e+03 1 0)))INFO: dtree.c(1315): Comp split 6
INFO: dtree.c(1439): stop. leaf nodes are specific
INFO: dtree.c(1478): Final simple tree
|( WDBNDRY_E 0 -5.946e+03 1.839e+02 2.692e+01
|    ( - -2.343e+03 1 0)
|    ( - -3.419e+03 1 0))
s>    ( WDBNDRY_E 0 -5.946e+03 1.839e+02 2.692e+01
s>        ( - -2.343e+03 1 0)
s>        ( - -3.419e+03 1 0))INFO: dtree.c(1315): Comp split 7
INFO: dtree.c(1315): Comp split 8
INFO: dtree.c(1439): stop. leaf nodes are specific
INFO: dtree.c(1478): Final simple tree
|( QUESTION5 -1 -4.580e+03 7.898e+01 2.000e+01
|    ( - -3.625e+03 1 0)
|    ( - -8.766e+02 1 0))
s>    ( QUESTION5 -1 -4.580e+03 7.898e+01 2.000e+01
s>        ( - -3.625e+03 1 0)
s>        ( - -8.766e+02 1 0))INFO: dtree.c(1315): Comp split 9
INFO: dtree.c(1315): Comp split 10
INFO: dtree.c(1315): Comp split 11
INFO: dtree.c(1315): Comp split 12
INFO: dtree.c(1318): stop. leaf nodes are specific
Thu May  7 00:23:29 2020
