Current configuration:
[NAME]		[DEFLT]	[VALUE]
-allphones	no	no
-cntthresh	0.00001	1.000000e-05
-csplitmax	100	2000
-csplitmin	1	1
-csplitthr	8e-4	0.000000e+00
-example	no	no
-fullvar	no	no
-help		no	no
-meanfn			/home/abdy/Desktop/diploma/kg/model_parameters/kg.cd_cont_untied/means
-mixwfn			/home/abdy/Desktop/diploma/kg/model_parameters/kg.cd_cont_untied/mixture_weights
-moddeffn		/home/abdy/Desktop/diploma/kg/model_architecture/kg.untied.mdef
-mwfloor	1e-4	1.000000e-08
-phone			ng
-psetfn			/home/abdy/Desktop/diploma/kg/model_architecture/kg.tree_questions
-ssplitmax	5	7
-ssplitmin	1	1
-ssplitthr	8e-4	0.000000e+00
-state			2
-stwt			1.0,0.05,0.0,
-treefn			/home/abdy/Desktop/diploma/kg/trees/kg.unpruned/ng-2.dtree
-ts2cbfn	.semi.	.cont.
-varfloor	0.00001	1.000000e-05
-varfn			/home/abdy/Desktop/diploma/kg/model_parameters/kg.cd_cont_untied/variances

INFO: main.c(223): Reading: /home/abdy/Desktop/diploma/kg/model_architecture/kg.untied.mdef
INFO: model_def_io.c(573): Model definition info:
INFO: model_def_io.c(574): 10297 total models defined (47 base, 10250 tri)
INFO: model_def_io.c(575): 41188 total states
INFO: model_def_io.c(576): 30891 total tied states
INFO: model_def_io.c(577): 141 total tied CI states
INFO: model_def_io.c(578): 47 total tied transition matrices
INFO: model_def_io.c(579): 4 max state/model
INFO: model_def_io.c(580): 4 min state/model
INFO: main.c(242): Building trees for [ng a a e] through [ng y zh e]
INFO: main.c(269): Covering states |[16254 16526]| == 273
INFO: main.c(275): Reading: /home/abdy/Desktop/diploma/kg/model_parameters/kg.cd_cont_untied/mixture_weights
INFO: s3mixw_io.c(173): Read /home/abdy/Desktop/diploma/kg/model_parameters/kg.cd_cont_untied/mixture_weights [273x1x1 array]
INFO: main.c(311): 11 of 91 models have observation count greater than 0.000010
INFO: main.c(95): nrm stwt: 0.000 0.048 0.952 
INFO: s3gau_io.c(169): Read /home/abdy/Desktop/diploma/kg/model_parameters/kg.cd_cont_untied/means [30891x1x1 array]
INFO: s3gau_io.c(169): Read /home/abdy/Desktop/diploma/kg/model_parameters/kg.cd_cont_untied/variances [30891x1x1 array]
INFO: main.c(549): Reading: /home/abdy/Desktop/diploma/kg/model_architecture/kg.tree_questions
INFO: main.c(588): 174 total simple questions (166 phone; 8 word bndry)
INFO: main.c(590): 40 Left Only questions, and 42 Right Only questions
INFO: dtree.c(1478): Final simple tree
|( QUESTION13 -1 -1.086e+04 4.644e+02 4.611e+01
|    ( - 1.760e+02 1 0)
|    ( QUESTION0_9_R 1 -1.057e+04 3.073e+02 4.511e+01
|        ( - -5.271e+03 1 0)
|        ( QUESTION0_12_R 1 -4.989e+03 2.287e+02 2.111e+01
|            ( - -4.464e+02 1 0)
|            ( QUESTION6 1 -4.314e+03 2.180e+02 1.811e+01
|                ( - -2.464e+02 1 0)
|                ( WDBNDRY_E 0 -3.850e+03 1.499e+02 1.611e+01
|                    ( QUESTION0_2_R 1 -1.103e+03 1.064e+02 5.000e+00
|                        ( - -7.970e+02 1 0)
|                        ( - -1.998e+02 1 0))
|                    ( QUESTION0_2_R 1 -2.596e+03 9.220e+01 1.111e+01
|                        ( - -2.155e+03 4 0 QUESTION11 -1 7.944e+01 9.111e+00)
|                        ( - -3.492e+02 1 0)))))))
s>    ( QUESTION13 -1 -1.086e+04 4.644e+02 4.611e+01
s>        ( - 1.760e+02 1 0)
s>        ( QUESTION0_9_R 1 -1.057e+04 3.073e+02 4.511e+01
s>            ( - -5.271e+03 1 0)
s>            ( QUESTION0_12_R 1 -4.989e+03 2.287e+02 2.111e+01
s>                ( - -4.464e+02 1 0)
s>                ( QUESTION6 1 -4.314e+03 2.180e+02 1.811e+01
s>                    ( - -2.464e+02 1 0)
s>                    ( WDBNDRY_E 0 -3.850e+03 1.499e+02 1.611e+01
s>                        ( QUESTION0_2_R 1 -1.103e+03 1.064e+02 5.000e+00
s>                            ( - -7.970e+02 1 0)
s>                            ( - -1.998e+02 1 0))
s>                        ( QUESTION0_2_R 1 -2.596e+03 9.220e+01 1.111e+01
s>                            ( - -2.155e+03 4 0 QUESTION11 -1 7.944e+01 9.111e+00)
s>                            ( - -3.492e+02 1 0)))))))INFO: dtree.c(1315): Comp split 0
INFO: dtree.c(1478): Final simple tree
|( QUESTION0_9_R 1 -1.057e+04 3.073e+02 4.511e+01
|    ( - -5.271e+03 1 0)
|    ( QUESTION0_12_R 1 -4.989e+03 2.287e+02 2.111e+01
|        ( - -4.464e+02 1 0)
|        ( QUESTION6 1 -4.314e+03 2.180e+02 1.811e+01
|            ( - -2.464e+02 1 0)
|            ( WDBNDRY_E 0 -3.850e+03 1.499e+02 1.611e+01
|                ( QUESTION0_2_R 1 -1.103e+03 1.064e+02 5.000e+00
|                    ( - -7.970e+02 1 0)
|                    ( - -1.998e+02 1 0))
|                ( QUESTION0_2_R 1 -2.596e+03 9.220e+01 1.111e+01
|                    ( QUESTION11 -1 -2.155e+03 7.944e+01 9.111e+00
|                        ( - -3.994e+02 1 0)
|                        ( - -1.676e+03 3 0 QUESTION0_7_R 1 2.216e+02 7.106e+00))
|                    ( - -3.492e+02 1 0))))))
s>    ( QUESTION0_9_R 1 -1.057e+04 3.073e+02 4.511e+01
s>        ( - -5.271e+03 1 0)
s>        ( QUESTION0_12_R 1 -4.989e+03 2.287e+02 2.111e+01
s>            ( - -4.464e+02 1 0)
s>            ( QUESTION6 1 -4.314e+03 2.180e+02 1.811e+01
s>                ( - -2.464e+02 1 0)
s>                ( WDBNDRY_E 0 -3.850e+03 1.499e+02 1.611e+01
s>                    ( QUESTION0_2_R 1 -1.103e+03 1.064e+02 5.000e+00
s>                        ( - -7.970e+02 1 0)
s>                        ( - -1.998e+02 1 0))
s>                    ( QUESTION0_2_R 1 -2.596e+03 9.220e+01 1.111e+01
s>                        ( QUESTION11 -1 -2.155e+03 7.944e+01 9.111e+00
s>                            ( - -3.994e+02 1 0)
s>                            ( - -1.676e+03 3 0 QUESTION0_7_R 1 2.216e+02 7.106e+00))
s>                        ( - -3.492e+02 1 0))))))INFO: dtree.c(1315): Comp split 1
INFO: dtree.c(1478): Final simple tree
|( QUESTION0_12_R 1 -4.989e+03 2.287e+02 2.111e+01
|    ( - -4.464e+02 1 0)
|    ( QUESTION6 1 -4.314e+03 2.180e+02 1.811e+01
|        ( - -2.464e+02 1 0)
|        ( WDBNDRY_E 0 -3.850e+03 1.499e+02 1.611e+01
|            ( QUESTION0_2_R 1 -1.103e+03 1.064e+02 5.000e+00
|                ( - -7.970e+02 1 0)
|                ( - -1.998e+02 1 0))
|            ( QUESTION0_2_R 1 -2.596e+03 9.220e+01 1.111e+01
|                ( QUESTION11 -1 -2.155e+03 7.944e+01 9.111e+00
|                    ( - -3.994e+02 1 0)
|                    ( QUESTION0_7_R 1 -1.676e+03 2.216e+02 7.106e+00
|                        ( - -2.163e+02 1 0)
|                        ( - -1.238e+03 2 0 QUESTION0_3_R 1 5.799e+01 5.106e+00)))
|                ( - -3.492e+02 1 0)))))
s>    ( QUESTION0_12_R 1 -4.989e+03 2.287e+02 2.111e+01
s>        ( - -4.464e+02 1 0)
s>        ( QUESTION6 1 -4.314e+03 2.180e+02 1.811e+01
s>            ( - -2.464e+02 1 0)
s>            ( WDBNDRY_E 0 -3.850e+03 1.499e+02 1.611e+01
s>                ( QUESTION0_2_R 1 -1.103e+03 1.064e+02 5.000e+00
s>                    ( - -7.970e+02 1 0)
s>                    ( - -1.998e+02 1 0))
s>                ( QUESTION0_2_R 1 -2.596e+03 9.220e+01 1.111e+01
s>                    ( QUESTION11 -1 -2.155e+03 7.944e+01 9.111e+00
s>                        ( - -3.994e+02 1 0)
s>                        ( QUESTION0_7_R 1 -1.676e+03 2.216e+02 7.106e+00
s>                            ( - -2.163e+02 1 0)
s>                            ( - -1.238e+03 2 0 QUESTION0_3_R 1 5.799e+01 5.106e+00)))
s>                    ( - -3.492e+02 1 0)))))INFO: dtree.c(1315): Comp split 2
INFO: dtree.c(1478): Final simple tree
|( QUESTION6 1 -4.314e+03 2.180e+02 1.811e+01
|    ( - -2.464e+02 1 0)
|    ( WDBNDRY_E 0 -3.850e+03 1.499e+02 1.611e+01
|        ( QUESTION0_2_R 1 -1.103e+03 1.064e+02 5.000e+00
|            ( - -7.970e+02 1 0)
|            ( - -1.998e+02 1 0))
|        ( QUESTION0_2_R 1 -2.596e+03 9.220e+01 1.111e+01
|            ( QUESTION11 -1 -2.155e+03 7.944e+01 9.111e+00
|                ( - -3.994e+02 1 0)
|                ( QUESTION0_7_R 1 -1.676e+03 2.216e+02 7.106e+00
|                    ( - -2.163e+02 1 0)
|                    ( QUESTION0_3_R 1 -1.238e+03 5.799e+01 5.106e+00
|                        ( - -9.818e+02 1 0)
|                        ( - -1.983e+02 1 0))))
|            ( - -3.492e+02 1 0))))
s>    ( QUESTION6 1 -4.314e+03 2.180e+02 1.811e+01
s>        ( - -2.464e+02 1 0)
s>        ( WDBNDRY_E 0 -3.850e+03 1.499e+02 1.611e+01
s>            ( QUESTION0_2_R 1 -1.103e+03 1.064e+02 5.000e+00
s>                ( - -7.970e+02 1 0)
s>                ( - -1.998e+02 1 0))
s>            ( QUESTION0_2_R 1 -2.596e+03 9.220e+01 1.111e+01
s>                ( QUESTION11 -1 -2.155e+03 7.944e+01 9.111e+00
s>                    ( - -3.994e+02 1 0)
s>                    ( QUESTION0_7_R 1 -1.676e+03 2.216e+02 7.106e+00
s>                        ( - -2.163e+02 1 0)
s>                        ( QUESTION0_3_R 1 -1.238e+03 5.799e+01 5.106e+00
s>                            ( - -9.818e+02 1 0)
s>                            ( - -1.983e+02 1 0))))
s>                ( - -3.492e+02 1 0))))INFO: dtree.c(1315): Comp split 3
INFO: dtree.c(1439): stop. leaf nodes are specific
INFO: dtree.c(1478): Final simple tree
|( QUESTION6 1 -3.870e+03 2.201e+02 1.611e+01
|    ( - -2.464e+02 1 0)
|    ( WDBNDRY_E 0 -3.404e+03 1.437e+02 1.411e+01
|        ( QUESTION0_2_R 1 -1.103e+03 1.064e+02 5.000e+00
|            ( - -7.970e+02 1 0)
|            ( - -1.998e+02 1 0))
|        ( QUESTION0_2_R 1 -2.157e+03 9.578e+01 9.111e+00
|            ( QUESTION0_7_R 1 -1.712e+03 7.424e+01 7.111e+00
|                ( - -3.994e+02 1 0)
|                ( QUESTION0_3_R 1 -1.238e+03 5.799e+01 5.106e+00
|                    ( - -9.818e+02 1 0)
|                    ( - -1.983e+02 1 0)))
|            ( - -3.492e+02 1 0))))
s>    ( QUESTION6 1 -3.870e+03 2.201e+02 1.611e+01
s>        ( - -2.464e+02 1 0)
s>        ( WDBNDRY_E 0 -3.404e+03 1.437e+02 1.411e+01
s>            ( QUESTION0_2_R 1 -1.103e+03 1.064e+02 5.000e+00
s>                ( - -7.970e+02 1 0)
s>                ( - -1.998e+02 1 0))
s>            ( QUESTION0_2_R 1 -2.157e+03 9.578e+01 9.111e+00
s>                ( QUESTION0_7_R 1 -1.712e+03 7.424e+01 7.111e+00
s>                    ( - -3.994e+02 1 0)
s>                    ( QUESTION0_3_R 1 -1.238e+03 5.799e+01 5.106e+00
s>                        ( - -9.818e+02 1 0)
s>                        ( - -1.983e+02 1 0)))
s>                ( - -3.492e+02 1 0))))INFO: dtree.c(1315): Comp split 4
INFO: dtree.c(1439): stop. leaf nodes are specific
INFO: dtree.c(1478): Final simple tree
|( WDBNDRY_E 0 -3.404e+03 1.437e+02 1.411e+01
|    ( QUESTION0_2_R 1 -1.103e+03 1.064e+02 5.000e+00
|        ( - -7.970e+02 1 0)
|        ( - -1.998e+02 1 0))
|    ( QUESTION0_2_R 1 -2.157e+03 9.578e+01 9.111e+00
|        ( QUESTION0_7_R 1 -1.712e+03 7.424e+01 7.111e+00
|            ( - -3.994e+02 1 0)
|            ( QUESTION0_3_R 1 -1.238e+03 5.799e+01 5.106e+00
|                ( - -9.818e+02 1 0)
|                ( - -1.983e+02 1 0)))
|        ( - -3.492e+02 1 0)))
s>    ( WDBNDRY_E 0 -3.404e+03 1.437e+02 1.411e+01
s>        ( QUESTION0_2_R 1 -1.103e+03 1.064e+02 5.000e+00
s>            ( - -7.970e+02 1 0)
s>            ( - -1.998e+02 1 0))
s>        ( QUESTION0_2_R 1 -2.157e+03 9.578e+01 9.111e+00
s>            ( QUESTION0_7_R 1 -1.712e+03 7.424e+01 7.111e+00
s>                ( - -3.994e+02 1 0)
s>                ( QUESTION0_3_R 1 -1.238e+03 5.799e+01 5.106e+00
s>                    ( - -9.818e+02 1 0)
s>                    ( - -1.983e+02 1 0)))
s>            ( - -3.492e+02 1 0)))INFO: dtree.c(1315): Comp split 5
INFO: dtree.c(1439): stop. leaf nodes are specific
INFO: dtree.c(1478): Final simple tree
|( QUESTION0_11_R 1 -2.422e+03 9.672e+01 1.011e+01
|    ( - -3.492e+02 1 0)
|    ( QUESTION0_7_R 1 -1.976e+03 7.983e+01 8.111e+00
|        ( - -3.994e+02 1 0)
|        ( QUESTION0_3_R 1 -1.496e+03 5.853e+01 6.106e+00
|            ( - -9.818e+02 1 0)
|            ( WDBNDRY_E 0 -4.560e+02 5.778e+01 2.000e+00
|                ( - -1.998e+02 1 0)
|                ( - -1.983e+02 1 0)))))
s>    ( QUESTION0_11_R 1 -2.422e+03 9.672e+01 1.011e+01
s>        ( - -3.492e+02 1 0)
s>        ( QUESTION0_7_R 1 -1.976e+03 7.983e+01 8.111e+00
s>            ( - -3.994e+02 1 0)
s>            ( QUESTION0_3_R 1 -1.496e+03 5.853e+01 6.106e+00
s>                ( - -9.818e+02 1 0)
s>                ( WDBNDRY_E 0 -4.560e+02 5.778e+01 2.000e+00
s>                    ( - -1.998e+02 1 0)
s>                    ( - -1.983e+02 1 0)))))INFO: dtree.c(1315): Comp split 6
INFO: dtree.c(1439): stop. leaf nodes are specific
INFO: dtree.c(1478): Final simple tree
|( QUESTION0_7_R 1 -1.976e+03 7.983e+01 8.111e+00
|    ( - -3.994e+02 1 0)
|    ( QUESTION0_3_R 1 -1.496e+03 5.853e+01 6.106e+00
|        ( - -9.818e+02 1 0)
|        ( WDBNDRY_E 0 -4.560e+02 5.778e+01 2.000e+00
|            ( - -1.998e+02 1 0)
|            ( - -1.983e+02 1 0))))
s>    ( QUESTION0_7_R 1 -1.976e+03 7.983e+01 8.111e+00
s>        ( - -3.994e+02 1 0)
s>        ( QUESTION0_3_R 1 -1.496e+03 5.853e+01 6.106e+00
s>            ( - -9.818e+02 1 0)
s>            ( WDBNDRY_E 0 -4.560e+02 5.778e+01 2.000e+00
s>                ( - -1.998e+02 1 0)
s>                ( - -1.983e+02 1 0))))INFO: dtree.c(1315): Comp split 7
INFO: dtree.c(1439): stop. leaf nodes are specific
INFO: dtree.c(1478): Final simple tree
|( QUESTION0_3_R 1 -1.496e+03 5.853e+01 6.106e+00
|    ( - -9.818e+02 1 0)
|    ( WDBNDRY_E 0 -4.560e+02 5.778e+01 2.000e+00
|        ( - -1.998e+02 1 0)
|        ( - -1.983e+02 1 0)))
s>    ( QUESTION0_3_R 1 -1.496e+03 5.853e+01 6.106e+00
s>        ( - -9.818e+02 1 0)
s>        ( WDBNDRY_E 0 -4.560e+02 5.778e+01 2.000e+00
s>            ( - -1.998e+02 1 0)
s>            ( - -1.983e+02 1 0)))INFO: dtree.c(1315): Comp split 8
INFO: dtree.c(1439): stop. leaf nodes are specific
INFO: dtree.c(1478): Final simple tree
|( WDBNDRY_E 0 -4.560e+02 5.778e+01 2.000e+00
|    ( - -1.998e+02 1 0)
|    ( - -1.983e+02 1 0))
s>    ( WDBNDRY_E 0 -4.560e+02 5.778e+01 2.000e+00
s>        ( - -1.998e+02 1 0)
s>        ( - -1.983e+02 1 0))INFO: dtree.c(1315): Comp split 9
INFO: dtree.c(1315): Comp split 10
INFO: dtree.c(1318): stop. leaf nodes are specific
Thu May  7 00:23:27 2020
