Current configuration:
[NAME]		[DEFLT]	[VALUE]
-allphones	no	no
-cntthresh	0.00001	1.000000e-05
-csplitmax	100	2000
-csplitmin	1	1
-csplitthr	8e-4	0.000000e+00
-example	no	no
-fullvar	no	no
-help		no	no
-meanfn			/home/abdy/Desktop/diploma/kg/model_parameters/kg.cd_cont_untied/means
-mixwfn			/home/abdy/Desktop/diploma/kg/model_parameters/kg.cd_cont_untied/mixture_weights
-moddeffn		/home/abdy/Desktop/diploma/kg/model_architecture/kg.untied.mdef
-mwfloor	1e-4	1.000000e-08
-phone			a0
-psetfn			/home/abdy/Desktop/diploma/kg/model_architecture/kg.tree_questions
-ssplitmax	5	7
-ssplitmin	1	1
-ssplitthr	8e-4	0.000000e+00
-state			2
-stwt			1.0,0.05,0.0,
-treefn			/home/abdy/Desktop/diploma/kg/trees/kg.unpruned/a0-2.dtree
-ts2cbfn	.semi.	.cont.
-varfloor	0.00001	1.000000e-05
-varfn			/home/abdy/Desktop/diploma/kg/model_parameters/kg.cd_cont_untied/variances

INFO: main.c(223): Reading: /home/abdy/Desktop/diploma/kg/model_architecture/kg.untied.mdef
INFO: model_def_io.c(573): Model definition info:
INFO: model_def_io.c(574): 10297 total models defined (47 base, 10250 tri)
INFO: model_def_io.c(575): 41188 total states
INFO: model_def_io.c(576): 30891 total tied states
INFO: model_def_io.c(577): 141 total tied CI states
INFO: model_def_io.c(578): 47 total tied transition matrices
INFO: model_def_io.c(579): 4 max state/model
INFO: model_def_io.c(580): 4 min state/model
INFO: main.c(242): Building trees for [a0 b b e] through [a0 zh sh i]
INFO: main.c(269): Covering states |[2796 2930]| == 135
INFO: main.c(275): Reading: /home/abdy/Desktop/diploma/kg/model_parameters/kg.cd_cont_untied/mixture_weights
INFO: s3mixw_io.c(173): Read /home/abdy/Desktop/diploma/kg/model_parameters/kg.cd_cont_untied/mixture_weights [135x1x1 array]
INFO: main.c(311): 11 of 45 models have observation count greater than 0.000010
INFO: main.c(95): nrm stwt: 0.000 0.048 0.952 
INFO: s3gau_io.c(169): Read /home/abdy/Desktop/diploma/kg/model_parameters/kg.cd_cont_untied/means [30891x1x1 array]
INFO: s3gau_io.c(169): Read /home/abdy/Desktop/diploma/kg/model_parameters/kg.cd_cont_untied/variances [30891x1x1 array]
INFO: main.c(549): Reading: /home/abdy/Desktop/diploma/kg/model_architecture/kg.tree_questions
INFO: main.c(588): 174 total simple questions (166 phone; 8 word bndry)
INFO: main.c(590): 40 Left Only questions, and 42 Right Only questions
INFO: dtree.c(1478): Final simple tree
|( QUESTION2_14_L -1 -1.116e+04 2.182e+02 4.686e+01
|    ( - -8.783e+02 1 0)
|    ( QUESTION5 -1 -1.006e+04 1.718e+02 4.186e+01
|        ( QUESTION2 1 -3.903e+03 1.593e+02 1.784e+01
|            ( - -2.984e+03 1 0)
|            ( - -7.596e+02 1 0))
|        ( QUESTION15 -1 -5.987e+03 1.093e+02 2.402e+01
|            ( QUESTION0_0_R 1 -1.849e+03 1.018e+02 7.956e+00
|                ( - -1.184e+03 2 0 QUESTION14 1 8.834e+01 4.956e+00)
|                ( - -5.639e+02 1 0))
|            ( QUESTION1 -1 -4.028e+03 1.091e+02 1.606e+01
|                ( - -6.043e+02 1 0)
|                ( QUESTION3 1 -3.315e+03 9.791e+01 1.306e+01
|                    ( - -8.457e+02 1 0)
|                    ( - -2.371e+03 3 0 QUESTION0_10_R 1 8.356e+01 9.063e+00))))))
s>    ( QUESTION2_14_L -1 -1.116e+04 2.182e+02 4.686e+01
s>        ( - -8.783e+02 1 0)
s>        ( QUESTION5 -1 -1.006e+04 1.718e+02 4.186e+01
s>            ( QUESTION2 1 -3.903e+03 1.593e+02 1.784e+01
s>                ( - -2.984e+03 1 0)
s>                ( - -7.596e+02 1 0))
s>            ( QUESTION15 -1 -5.987e+03 1.093e+02 2.402e+01
s>                ( QUESTION0_0_R 1 -1.849e+03 1.018e+02 7.956e+00
s>                    ( - -1.184e+03 2 0 QUESTION14 1 8.834e+01 4.956e+00)
s>                    ( - -5.639e+02 1 0))
s>                ( QUESTION1 -1 -4.028e+03 1.091e+02 1.606e+01
s>                    ( - -6.043e+02 1 0)
s>                    ( QUESTION3 1 -3.315e+03 9.791e+01 1.306e+01
s>                        ( - -8.457e+02 1 0)
s>                        ( - -2.371e+03 3 0 QUESTION0_10_R 1 8.356e+01 9.063e+00))))))INFO: dtree.c(1315): Comp split 0
INFO: dtree.c(1478): Final simple tree
|( QUESTION5 -1 -1.006e+04 1.718e+02 4.186e+01
|    ( QUESTION2 1 -3.903e+03 1.593e+02 1.784e+01
|        ( - -2.984e+03 1 0)
|        ( - -7.596e+02 1 0))
|    ( QUESTION15 -1 -5.987e+03 1.093e+02 2.402e+01
|        ( QUESTION0_0_R 1 -1.849e+03 1.018e+02 7.956e+00
|            ( QUESTION14 1 -1.184e+03 8.834e+01 4.956e+00
|                ( - -6.795e+02 1 0)
|                ( - -4.157e+02 1 0))
|            ( - -5.639e+02 1 0))
|        ( QUESTION1 -1 -4.028e+03 1.091e+02 1.606e+01
|            ( - -6.043e+02 1 0)
|            ( QUESTION3 1 -3.315e+03 9.791e+01 1.306e+01
|                ( - -8.457e+02 1 0)
|                ( - -2.371e+03 3 0 QUESTION0_10_R 1 8.356e+01 9.063e+00)))))
s>    ( QUESTION5 -1 -1.006e+04 1.718e+02 4.186e+01
s>        ( QUESTION2 1 -3.903e+03 1.593e+02 1.784e+01
s>            ( - -2.984e+03 1 0)
s>            ( - -7.596e+02 1 0))
s>        ( QUESTION15 -1 -5.987e+03 1.093e+02 2.402e+01
s>            ( QUESTION0_0_R 1 -1.849e+03 1.018e+02 7.956e+00
s>                ( QUESTION14 1 -1.184e+03 8.834e+01 4.956e+00
s>                    ( - -6.795e+02 1 0)
s>                    ( - -4.157e+02 1 0))
s>                ( - -5.639e+02 1 0))
s>            ( QUESTION1 -1 -4.028e+03 1.091e+02 1.606e+01
s>                ( - -6.043e+02 1 0)
s>                ( QUESTION3 1 -3.315e+03 9.791e+01 1.306e+01
s>                    ( - -8.457e+02 1 0)
s>                    ( - -2.371e+03 3 0 QUESTION0_10_R 1 8.356e+01 9.063e+00)))))INFO: dtree.c(1315): Comp split 1
INFO: dtree.c(1478): Final simple tree
|( QUESTION5 -1 -6.886e+03 1.397e+02 2.803e+01
|    ( - -7.596e+02 1 0)
|    ( QUESTION15 -1 -5.987e+03 1.093e+02 2.402e+01
|        ( QUESTION0_0_R 1 -1.849e+03 1.018e+02 7.956e+00
|            ( QUESTION14 1 -1.184e+03 8.834e+01 4.956e+00
|                ( - -6.795e+02 1 0)
|                ( - -4.157e+02 1 0))
|            ( - -5.639e+02 1 0))
|        ( QUESTION1 -1 -4.028e+03 1.091e+02 1.606e+01
|            ( - -6.043e+02 1 0)
|            ( QUESTION3 1 -3.315e+03 9.791e+01 1.306e+01
|                ( - -8.457e+02 1 0)
|                ( QUESTION0_10_R 1 -2.371e+03 8.356e+01 9.063e+00
|                    ( - -9.147e+02 1 0)
|                    ( - -1.373e+03 2 0 QUESTION0_0_R 1 7.806e+01 5.064e+00))))))
s>    ( QUESTION5 -1 -6.886e+03 1.397e+02 2.803e+01
s>        ( - -7.596e+02 1 0)
s>        ( QUESTION15 -1 -5.987e+03 1.093e+02 2.402e+01
s>            ( QUESTION0_0_R 1 -1.849e+03 1.018e+02 7.956e+00
s>                ( QUESTION14 1 -1.184e+03 8.834e+01 4.956e+00
s>                    ( - -6.795e+02 1 0)
s>                    ( - -4.157e+02 1 0))
s>                ( - -5.639e+02 1 0))
s>            ( QUESTION1 -1 -4.028e+03 1.091e+02 1.606e+01
s>                ( - -6.043e+02 1 0)
s>                ( QUESTION3 1 -3.315e+03 9.791e+01 1.306e+01
s>                    ( - -8.457e+02 1 0)
s>                    ( QUESTION0_10_R 1 -2.371e+03 8.356e+01 9.063e+00
s>                        ( - -9.147e+02 1 0)
s>                        ( - -1.373e+03 2 0 QUESTION0_0_R 1 7.806e+01 5.064e+00))))))INFO: dtree.c(1315): Comp split 2
INFO: dtree.c(1478): Final simple tree
|( QUESTION15 -1 -5.987e+03 1.093e+02 2.402e+01
|    ( QUESTION0_0_R 1 -1.849e+03 1.018e+02 7.956e+00
|        ( QUESTION14 1 -1.184e+03 8.834e+01 4.956e+00
|            ( - -6.795e+02 1 0)
|            ( - -4.157e+02 1 0))
|        ( - -5.639e+02 1 0))
|    ( QUESTION1 -1 -4.028e+03 1.091e+02 1.606e+01
|        ( - -6.043e+02 1 0)
|        ( QUESTION3 1 -3.315e+03 9.791e+01 1.306e+01
|            ( - -8.457e+02 1 0)
|            ( QUESTION0_10_R 1 -2.371e+03 8.356e+01 9.063e+00
|                ( - -9.147e+02 1 0)
|                ( QUESTION0_0_R 1 -1.373e+03 7.806e+01 5.064e+00
|                    ( - -7.178e+02 1 0)
|                    ( - -5.770e+02 1 0))))))
s>    ( QUESTION15 -1 -5.987e+03 1.093e+02 2.402e+01
s>        ( QUESTION0_0_R 1 -1.849e+03 1.018e+02 7.956e+00
s>            ( QUESTION14 1 -1.184e+03 8.834e+01 4.956e+00
s>                ( - -6.795e+02 1 0)
s>                ( - -4.157e+02 1 0))
s>            ( - -5.639e+02 1 0))
s>        ( QUESTION1 -1 -4.028e+03 1.091e+02 1.606e+01
s>            ( - -6.043e+02 1 0)
s>            ( QUESTION3 1 -3.315e+03 9.791e+01 1.306e+01
s>                ( - -8.457e+02 1 0)
s>                ( QUESTION0_10_R 1 -2.371e+03 8.356e+01 9.063e+00
s>                    ( - -9.147e+02 1 0)
s>                    ( QUESTION0_0_R 1 -1.373e+03 7.806e+01 5.064e+00
s>                        ( - -7.178e+02 1 0)
s>                        ( - -5.770e+02 1 0))))))INFO: dtree.c(1315): Comp split 3
INFO: dtree.c(1439): stop. leaf nodes are specific
INFO: dtree.c(1478): Final simple tree
|( QUESTION16 -1 -3.332e+03 9.378e+01 1.396e+01
|    ( QUESTION14 1 -1.184e+03 8.834e+01 4.956e+00
|        ( - -6.795e+02 1 0)
|        ( - -4.157e+02 1 0))
|    ( QUESTION1 -1 -2.054e+03 9.538e+01 9.007e+00
|        ( - -6.043e+02 1 0)
|        ( QUESTION0_0_R 1 -1.355e+03 7.297e+01 6.007e+00
|            ( - -7.178e+02 1 0)
|            ( - -5.639e+02 1 0))))
s>    ( QUESTION16 -1 -3.332e+03 9.378e+01 1.396e+01
s>        ( QUESTION14 1 -1.184e+03 8.834e+01 4.956e+00
s>            ( - -6.795e+02 1 0)
s>            ( - -4.157e+02 1 0))
s>        ( QUESTION1 -1 -2.054e+03 9.538e+01 9.007e+00
s>            ( - -6.043e+02 1 0)
s>            ( QUESTION0_0_R 1 -1.355e+03 7.297e+01 6.007e+00
s>                ( - -7.178e+02 1 0)
s>                ( - -5.639e+02 1 0))))INFO: dtree.c(1439): stop. leaf nodes are specific
INFO: dtree.c(1478): Final simple tree
|( QUESTION3 1 -2.513e+03 9.738e+01 1.006e+01
|    ( - -8.457e+02 1 0)
|    ( QUESTION0_9_R 1 -1.570e+03 7.810e+01 6.056e+00
|        ( - -5.770e+02 1 0)
|        ( - -9.147e+02 1 0)))
s>    ( QUESTION3 1 -2.513e+03 9.738e+01 1.006e+01
s>        ( - -8.457e+02 1 0)
s>        ( QUESTION0_9_R 1 -1.570e+03 7.810e+01 6.056e+00
s>            ( - -5.770e+02 1 0)
s>            ( - -9.147e+02 1 0)))INFO: dtree.c(1315): Comp split 4
INFO: dtree.c(1439): stop. leaf nodes are specific
INFO: dtree.c(1478): Final simple tree
|( QUESTION0_9_R 1 -1.570e+03 7.810e+01 6.056e+00
|    ( - -5.770e+02 1 0)
|    ( - -9.147e+02 1 0))
s>    ( QUESTION0_9_R 1 -1.570e+03 7.810e+01 6.056e+00
s>        ( - -5.770e+02 1 0)
s>        ( - -9.147e+02 1 0))INFO: dtree.c(1315): Comp split 5
INFO: dtree.c(1439): stop. leaf nodes are specific
INFO: dtree.c(1478): Final simple tree
|( QUESTION1 -1 -2.054e+03 9.538e+01 9.007e+00
|    ( - -6.043e+02 1 0)
|    ( QUESTION0_0_R 1 -1.355e+03 7.297e+01 6.007e+00
|        ( - -7.178e+02 1 0)
|        ( - -5.639e+02 1 0)))
s>    ( QUESTION1 -1 -2.054e+03 9.538e+01 9.007e+00
s>        ( - -6.043e+02 1 0)
s>        ( QUESTION0_0_R 1 -1.355e+03 7.297e+01 6.007e+00
s>            ( - -7.178e+02 1 0)
s>            ( - -5.639e+02 1 0)))INFO: dtree.c(1439): stop. leaf nodes are specific
INFO: dtree.c(1478): Final simple tree
|( QUESTION14 1 -1.184e+03 8.834e+01 4.956e+00
|    ( - -6.795e+02 1 0)
|    ( - -4.157e+02 1 0))
s>    ( QUESTION14 1 -1.184e+03 8.834e+01 4.956e+00
s>        ( - -6.795e+02 1 0)
s>        ( - -4.157e+02 1 0))INFO: dtree.c(1315): Comp split 6
INFO: dtree.c(1439): stop. leaf nodes are specific
INFO: dtree.c(1478): Final simple tree
|( QUESTION0_0_R 1 -1.355e+03 7.297e+01 6.007e+00
|    ( - -7.178e+02 1 0)
|    ( - -5.639e+02 1 0))
s>    ( QUESTION0_0_R 1 -1.355e+03 7.297e+01 6.007e+00
s>        ( - -7.178e+02 1 0)
s>        ( - -5.639e+02 1 0))INFO: dtree.c(1315): Comp split 7
INFO: dtree.c(1315): Comp split 8
INFO: dtree.c(1315): Comp split 9
INFO: dtree.c(1315): Comp split 10
INFO: dtree.c(1318): stop. leaf nodes are specific
Thu May  7 00:23:20 2020
