Current configuration:
[NAME]		[DEFLT]	[VALUE]
-allphones	no	no
-cntthresh	0.00001	1.000000e-05
-csplitmax	100	2000
-csplitmin	1	1
-csplitthr	8e-4	0.000000e+00
-example	no	no
-fullvar	no	no
-help		no	no
-meanfn			/home/abdy/Desktop/diploma/kg/model_parameters/kg.cd_cont_untied/means
-mixwfn			/home/abdy/Desktop/diploma/kg/model_parameters/kg.cd_cont_untied/mixture_weights
-moddeffn		/home/abdy/Desktop/diploma/kg/model_architecture/kg.untied.mdef
-mwfloor	1e-4	1.000000e-08
-phone			d
-psetfn			/home/abdy/Desktop/diploma/kg/model_architecture/kg.tree_questions
-ssplitmax	5	7
-ssplitmin	1	1
-ssplitthr	8e-4	0.000000e+00
-state			1
-stwt			1.0,0.05,0.0,
-treefn			/home/abdy/Desktop/diploma/kg/trees/kg.unpruned/d-1.dtree
-ts2cbfn	.semi.	.cont.
-varfloor	0.00001	1.000000e-05
-varfn			/home/abdy/Desktop/diploma/kg/model_parameters/kg.cd_cont_untied/variances

INFO: main.c(223): Reading: /home/abdy/Desktop/diploma/kg/model_architecture/kg.untied.mdef
INFO: model_def_io.c(573): Model definition info:
INFO: model_def_io.c(574): 10297 total models defined (47 base, 10250 tri)
INFO: model_def_io.c(575): 41188 total states
INFO: model_def_io.c(576): 30891 total tied states
INFO: model_def_io.c(577): 141 total tied CI states
INFO: model_def_io.c(578): 47 total tied transition matrices
INFO: model_def_io.c(579): 4 max state/model
INFO: model_def_io.c(580): 4 min state/model
INFO: main.c(242): Building trees for [d SIL a b] through [d zh u i]
INFO: main.c(269): Covering states |[4611 5378]| == 768
INFO: main.c(275): Reading: /home/abdy/Desktop/diploma/kg/model_parameters/kg.cd_cont_untied/mixture_weights
INFO: s3mixw_io.c(173): Read /home/abdy/Desktop/diploma/kg/model_parameters/kg.cd_cont_untied/mixture_weights [768x1x1 array]
INFO: main.c(311): 83 of 256 models have observation count greater than 0.000010
INFO: main.c(95): nrm stwt: 0.045 0.909 0.045 
INFO: s3gau_io.c(169): Read /home/abdy/Desktop/diploma/kg/model_parameters/kg.cd_cont_untied/means [30891x1x1 array]
INFO: s3gau_io.c(169): Read /home/abdy/Desktop/diploma/kg/model_parameters/kg.cd_cont_untied/variances [30891x1x1 array]
INFO: main.c(549): Reading: /home/abdy/Desktop/diploma/kg/model_architecture/kg.tree_questions
INFO: main.c(588): 174 total simple questions (166 phone; 8 word bndry)
INFO: main.c(590): 40 Left Only questions, and 42 Right Only questions
INFO: dtree.c(1478): Final simple tree
|( QUESTION2_12_L -1 -8.759e+04 4.958e+02 3.488e+02
|    ( - 2.421e+02 1 0)
|    ( QUESTION0_9_R 1 -8.733e+04 4.710e+02 3.478e+02
|        ( - 2.087e+02 1 0)
|        ( QUESTION13 -1 -8.707e+04 3.907e+02 3.468e+02
|            ( QUESTION11 1 -3.550e+04 2.254e+02 1.439e+02
|                ( - -1.316e+04 6 0 QUESTION14 -1 1.121e+02 5.529e+01)
|                ( QUESTION0_5_R 1 -2.212e+04 1.357e+02 8.856e+01
|                    ( - -6.484e+03 7 0 QUESTION16 -1 1.050e+02 2.672e+01)
|                    ( - -1.550e+04 15 0 QUESTION14 -1 9.840e+01 6.184e+01)))
|            ( QUESTION0_5_R 1 -5.118e+04 1.618e+02 2.029e+02
|                ( WDBNDRY_B 0 -1.963e+04 1.490e+02 7.825e+01
|                    ( - -1.003e+04 10 0 QUESTION2_4_L -1 1.282e+02 4.017e+01)
|                    ( - -9.454e+03 10 0 QUESTION0_6_R 1 1.109e+02 3.808e+01))
|                ( - -3.139e+04 33 0 WDBNDRY_B 0 1.234e+02 1.247e+02)))))
s>    ( QUESTION2_12_L -1 -8.759e+04 4.958e+02 3.488e+02
s>        ( - 2.421e+02 1 0)
s>        ( QUESTION0_9_R 1 -8.733e+04 4.710e+02 3.478e+02
s>            ( - 2.087e+02 1 0)
s>            ( QUESTION13 -1 -8.707e+04 3.907e+02 3.468e+02
s>                ( QUESTION11 1 -3.550e+04 2.254e+02 1.439e+02
s>                    ( - -1.316e+04 6 0 QUESTION14 -1 1.121e+02 5.529e+01)
s>                    ( QUESTION0_5_R 1 -2.212e+04 1.357e+02 8.856e+01
s>                        ( - -6.484e+03 7 0 QUESTION16 -1 1.050e+02 2.672e+01)
s>                        ( - -1.550e+04 15 0 QUESTION14 -1 9.840e+01 6.184e+01)))
s>                ( QUESTION0_5_R 1 -5.118e+04 1.618e+02 2.029e+02
s>                    ( WDBNDRY_B 0 -1.963e+04 1.490e+02 7.825e+01
s>                        ( - -1.003e+04 10 0 QUESTION2_4_L -1 1.282e+02 4.017e+01)
s>                        ( - -9.454e+03 10 0 QUESTION0_6_R 1 1.109e+02 3.808e+01))
s>                    ( - -3.139e+04 33 0 WDBNDRY_B 0 1.234e+02 1.247e+02)))))INFO: dtree.c(1315): Comp split 0
INFO: dtree.c(1478): Final simple tree
|( QUESTION0_9_R 1 -8.733e+04 4.710e+02 3.478e+02
|    ( - 2.087e+02 1 0)
|    ( QUESTION13 -1 -8.707e+04 3.907e+02 3.468e+02
|        ( QUESTION11 1 -3.550e+04 2.254e+02 1.439e+02
|            ( - -1.316e+04 6 0 QUESTION14 -1 1.121e+02 5.529e+01)
|            ( QUESTION0_5_R 1 -2.212e+04 1.357e+02 8.856e+01
|                ( - -6.484e+03 7 0 QUESTION16 -1 1.050e+02 2.672e+01)
|                ( - -1.550e+04 15 0 QUESTION14 -1 9.840e+01 6.184e+01)))
|        ( QUESTION0_5_R 1 -5.118e+04 1.618e+02 2.029e+02
|            ( WDBNDRY_B 0 -1.963e+04 1.490e+02 7.825e+01
|                ( QUESTION2_4_L -1 -1.003e+04 1.282e+02 4.017e+01
|                    ( - -3.619e+03 4 0 QUESTION0 -1 9.146e+01 1.504e+01)
|                    ( - -6.279e+03 6 0 SILENCE -1 1.088e+02 2.513e+01))
|                ( - -9.454e+03 10 0 QUESTION0_6_R 1 1.109e+02 3.808e+01))
|            ( - -3.139e+04 33 0 WDBNDRY_B 0 1.234e+02 1.247e+02))))
s>    ( QUESTION0_9_R 1 -8.733e+04 4.710e+02 3.478e+02
s>        ( - 2.087e+02 1 0)
s>        ( QUESTION13 -1 -8.707e+04 3.907e+02 3.468e+02
s>            ( QUESTION11 1 -3.550e+04 2.254e+02 1.439e+02
s>                ( - -1.316e+04 6 0 QUESTION14 -1 1.121e+02 5.529e+01)
s>                ( QUESTION0_5_R 1 -2.212e+04 1.357e+02 8.856e+01
s>                    ( - -6.484e+03 7 0 QUESTION16 -1 1.050e+02 2.672e+01)
s>                    ( - -1.550e+04 15 0 QUESTION14 -1 9.840e+01 6.184e+01)))
s>            ( QUESTION0_5_R 1 -5.118e+04 1.618e+02 2.029e+02
s>                ( WDBNDRY_B 0 -1.963e+04 1.490e+02 7.825e+01
s>                    ( QUESTION2_4_L -1 -1.003e+04 1.282e+02 4.017e+01
s>                        ( - -3.619e+03 4 0 QUESTION0 -1 9.146e+01 1.504e+01)
s>                        ( - -6.279e+03 6 0 SILENCE -1 1.088e+02 2.513e+01))
s>                    ( - -9.454e+03 10 0 QUESTION0_6_R 1 1.109e+02 3.808e+01))
s>                ( - -3.139e+04 33 0 WDBNDRY_B 0 1.234e+02 1.247e+02))))INFO: dtree.c(1315): Comp split 1
INFO: dtree.c(1478): Final simple tree
|( QUESTION13 -1 -8.707e+04 3.907e+02 3.468e+02
|    ( QUESTION11 1 -3.550e+04 2.254e+02 1.439e+02
|        ( - -1.316e+04 6 0 QUESTION14 -1 1.121e+02 5.529e+01)
|        ( QUESTION0_5_R 1 -2.212e+04 1.357e+02 8.856e+01
|            ( - -6.484e+03 7 0 QUESTION16 -1 1.050e+02 2.672e+01)
|            ( - -1.550e+04 15 0 QUESTION14 -1 9.840e+01 6.184e+01)))
|    ( QUESTION0_5_R 1 -5.118e+04 1.618e+02 2.029e+02
|        ( WDBNDRY_B 0 -1.963e+04 1.490e+02 7.825e+01
|            ( QUESTION2_4_L -1 -1.003e+04 1.282e+02 4.017e+01
|                ( - -3.619e+03 4 0 QUESTION0 -1 9.146e+01 1.504e+01)
|                ( - -6.279e+03 6 0 SILENCE -1 1.088e+02 2.513e+01))
|            ( - -9.454e+03 10 0 QUESTION0_6_R 1 1.109e+02 3.808e+01))
|        ( WDBNDRY_B 0 -3.139e+04 1.234e+02 1.247e+02
|            ( - -6.212e+03 8 0 QUESTION3 -1 2.168e+02 2.457e+01)
|            ( - -2.505e+04 25 0 QUESTION11 1 1.128e+02 1.001e+02))))
s>    ( QUESTION13 -1 -8.707e+04 3.907e+02 3.468e+02
s>        ( QUESTION11 1 -3.550e+04 2.254e+02 1.439e+02
s>            ( - -1.316e+04 6 0 QUESTION14 -1 1.121e+02 5.529e+01)
s>            ( QUESTION0_5_R 1 -2.212e+04 1.357e+02 8.856e+01
s>                ( - -6.484e+03 7 0 QUESTION16 -1 1.050e+02 2.672e+01)
s>                ( - -1.550e+04 15 0 QUESTION14 -1 9.840e+01 6.184e+01)))
s>        ( QUESTION0_5_R 1 -5.118e+04 1.618e+02 2.029e+02
s>            ( WDBNDRY_B 0 -1.963e+04 1.490e+02 7.825e+01
s>                ( QUESTION2_4_L -1 -1.003e+04 1.282e+02 4.017e+01
s>                    ( - -3.619e+03 4 0 QUESTION0 -1 9.146e+01 1.504e+01)
s>                    ( - -6.279e+03 6 0 SILENCE -1 1.088e+02 2.513e+01))
s>                ( - -9.454e+03 10 0 QUESTION0_6_R 1 1.109e+02 3.808e+01))
s>            ( WDBNDRY_B 0 -3.139e+04 1.234e+02 1.247e+02
s>                ( - -6.212e+03 8 0 QUESTION3 -1 2.168e+02 2.457e+01)
s>                ( - -2.505e+04 25 0 QUESTION11 1 1.128e+02 1.001e+02))))INFO: dtree.c(1315): Comp split 2
INFO: dtree.c(1478): Final simple tree
|( QUESTION0_5_R 1 -5.118e+04 1.618e+02 2.029e+02
|    ( WDBNDRY_B 0 -1.963e+04 1.490e+02 7.825e+01
|        ( QUESTION2_4_L -1 -1.003e+04 1.282e+02 4.017e+01
|            ( - -3.619e+03 4 0 QUESTION0 -1 9.146e+01 1.504e+01)
|            ( - -6.279e+03 6 0 SILENCE -1 1.088e+02 2.513e+01))
|        ( - -9.454e+03 10 0 QUESTION0_6_R 1 1.109e+02 3.808e+01))
|    ( WDBNDRY_B 0 -3.139e+04 1.234e+02 1.247e+02
|        ( QUESTION3 -1 -6.212e+03 2.168e+02 2.457e+01
|            ( - -3.107e+02 1 0)
|            ( QUESTION1 -1 -5.685e+03 1.179e+02 2.257e+01
|                ( - -1.444e+03 1 0)
|                ( - -4.123e+03 6 0 QUESTION10 -1 9.449e+01 1.657e+01)))
|        ( QUESTION11 1 -2.505e+04 1.128e+02 1.001e+02
|            ( - -1.092e+04 8 0 QUESTION2_4_L -1 1.050e+02 4.448e+01)
|            ( - -1.402e+04 17 0 QUESTION2 -1 1.224e+02 5.563e+01))))
s>    ( QUESTION0_5_R 1 -5.118e+04 1.618e+02 2.029e+02
s>        ( WDBNDRY_B 0 -1.963e+04 1.490e+02 7.825e+01
s>            ( QUESTION2_4_L -1 -1.003e+04 1.282e+02 4.017e+01
s>                ( - -3.619e+03 4 0 QUESTION0 -1 9.146e+01 1.504e+01)
s>                ( - -6.279e+03 6 0 SILENCE -1 1.088e+02 2.513e+01))
s>            ( - -9.454e+03 10 0 QUESTION0_6_R 1 1.109e+02 3.808e+01))
s>        ( WDBNDRY_B 0 -3.139e+04 1.234e+02 1.247e+02
s>            ( QUESTION3 -1 -6.212e+03 2.168e+02 2.457e+01
s>                ( - -3.107e+02 1 0)
s>                ( QUESTION1 -1 -5.685e+03 1.179e+02 2.257e+01
s>                    ( - -1.444e+03 1 0)
s>                    ( - -4.123e+03 6 0 QUESTION10 -1 9.449e+01 1.657e+01)))
s>            ( QUESTION11 1 -2.505e+04 1.128e+02 1.001e+02
s>                ( - -1.092e+04 8 0 QUESTION2_4_L -1 1.050e+02 4.448e+01)
s>                ( - -1.402e+04 17 0 QUESTION2 -1 1.224e+02 5.563e+01))))INFO: dtree.c(1478): Final simple tree
|( QUESTION11 1 -3.550e+04 2.254e+02 1.439e+02
|    ( QUESTION14 -1 -1.316e+04 1.121e+02 5.529e+01
|        ( - -2.674e+03 3 0 WDBNDRY_B 0 7.814e+01 1.135e+01)
|        ( QUESTION16 -1 -1.037e+04 9.653e+01 4.394e+01
|            ( - -1.707e+03 1 0)
|            ( - -8.571e+03 2 0 WDBNDRY_B 0 7.118e+01 3.688e+01)))
|    ( QUESTION0_5_R 1 -2.212e+04 1.357e+02 8.856e+01
|        ( QUESTION16 -1 -6.484e+03 1.050e+02 2.672e+01
|            ( - -1.475e+03 2 0 WDBNDRY_B 0 6.059e+01 6.368e+00)
|            ( - -4.905e+03 5 0 WDBNDRY_B 0 9.475e+01 2.035e+01))
|        ( QUESTION14 -1 -1.550e+04 9.840e+01 6.184e+01
|            ( QUESTION0_3_R 1 -7.307e+03 9.615e+01 2.866e+01
|                ( - -4.796e+03 4 0 QUESTION13 1 8.046e+01 1.931e+01)
|                ( - -2.415e+03 1 0))
|            ( - -8.093e+03 10 0 QUESTION17 -1 7.907e+01 3.318e+01))))
s>    ( QUESTION11 1 -3.550e+04 2.254e+02 1.439e+02
s>        ( QUESTION14 -1 -1.316e+04 1.121e+02 5.529e+01
s>            ( - -2.674e+03 3 0 WDBNDRY_B 0 7.814e+01 1.135e+01)
s>            ( QUESTION16 -1 -1.037e+04 9.653e+01 4.394e+01
s>                ( - -1.707e+03 1 0)
s>                ( - -8.571e+03 2 0 WDBNDRY_B 0 7.118e+01 3.688e+01)))
s>        ( QUESTION0_5_R 1 -2.212e+04 1.357e+02 8.856e+01
s>            ( QUESTION16 -1 -6.484e+03 1.050e+02 2.672e+01
s>                ( - -1.475e+03 2 0 WDBNDRY_B 0 6.059e+01 6.368e+00)
s>                ( - -4.905e+03 5 0 WDBNDRY_B 0 9.475e+01 2.035e+01))
s>            ( QUESTION14 -1 -1.550e+04 9.840e+01 6.184e+01
s>                ( QUESTION0_3_R 1 -7.307e+03 9.615e+01 2.866e+01
s>                    ( - -4.796e+03 4 0 QUESTION13 1 8.046e+01 1.931e+01)
s>                    ( - -2.415e+03 1 0))
s>                ( - -8.093e+03 10 0 QUESTION17 -1 7.907e+01 3.318e+01))))INFO: dtree.c(1315): Comp split 3
INFO: dtree.c(1439): stop. leaf nodes are specific
INFO: dtree.c(1478): Final simple tree
|( WDBNDRY_B 0 -8.571e+03 7.118e+01 3.688e+01
|    ( - -1.084e+03 1 0)
|    ( - -7.416e+03 1 0))
s>    ( WDBNDRY_B 0 -8.571e+03 7.118e+01 3.688e+01
s>        ( - -1.084e+03 1 0)
s>        ( - -7.416e+03 1 0))INFO: dtree.c(1478): Final simple tree
|( QUESTION0_5_R 1 -2.668e+04 1.352e+02 1.070e+02
|    ( QUESTION16 -1 -6.484e+03 1.050e+02 2.672e+01
|        ( - -1.475e+03 2 0 WDBNDRY_B 0 6.059e+01 6.368e+00)
|        ( WDBNDRY_B 0 -4.905e+03 9.475e+01 2.035e+01
|            ( - -9.401e+02 1 0)
|            ( - -3.870e+03 4 0 QUESTION14 -1 7.673e+01 1.635e+01)))
|    ( QUESTION11 1 -2.006e+04 1.079e+02 8.026e+01
|        ( WDBNDRY_B 0 -4.451e+03 8.675e+01 1.841e+01
|            ( - -4.199e+02 1 0)
|            ( - -3.945e+03 3 0 QUESTION14 -1 6.184e+01 1.641e+01))
|        ( QUESTION14 -1 -1.550e+04 9.840e+01 6.184e+01
|            ( QUESTION0_3_R 1 -7.307e+03 9.615e+01 2.866e+01
|                ( - -4.796e+03 4 0 QUESTION13 1 8.046e+01 1.931e+01)
|                ( - -2.415e+03 1 0))
|            ( - -8.093e+03 10 0 QUESTION17 -1 7.907e+01 3.318e+01))))
s>    ( QUESTION0_5_R 1 -2.668e+04 1.352e+02 1.070e+02
s>        ( QUESTION16 -1 -6.484e+03 1.050e+02 2.672e+01
s>            ( - -1.475e+03 2 0 WDBNDRY_B 0 6.059e+01 6.368e+00)
s>            ( WDBNDRY_B 0 -4.905e+03 9.475e+01 2.035e+01
s>                ( - -9.401e+02 1 0)
s>                ( - -3.870e+03 4 0 QUESTION14 -1 7.673e+01 1.635e+01)))
s>        ( QUESTION11 1 -2.006e+04 1.079e+02 8.026e+01
s>            ( WDBNDRY_B 0 -4.451e+03 8.675e+01 1.841e+01
s>                ( - -4.199e+02 1 0)
s>                ( - -3.945e+03 3 0 QUESTION14 -1 6.184e+01 1.641e+01))
s>            ( QUESTION14 -1 -1.550e+04 9.840e+01 6.184e+01
s>                ( QUESTION0_3_R 1 -7.307e+03 9.615e+01 2.866e+01
s>                    ( - -4.796e+03 4 0 QUESTION13 1 8.046e+01 1.931e+01)
s>                    ( - -2.415e+03 1 0))
s>                ( - -8.093e+03 10 0 QUESTION17 -1 7.907e+01 3.318e+01))))INFO: dtree.c(1315): Comp split 4
INFO: dtree.c(1478): Final simple tree
|( QUESTION0_5_R 1 -5.064e+04 1.647e+02 2.009e+02
|    ( WDBNDRY_B 0 -1.963e+04 1.490e+02 7.825e+01
|        ( QUESTION2_4_L -1 -1.003e+04 1.282e+02 4.017e+01
|            ( - -3.619e+03 4 0 QUESTION0 -1 9.146e+01 1.504e+01)
|            ( - -6.279e+03 6 0 SILENCE -1 1.088e+02 2.513e+01))
|        ( - -9.454e+03 10 0 QUESTION0_6_R 1 1.109e+02 3.808e+01))
|    ( QUESTION11 1 -3.084e+04 1.183e+02 1.227e+02
|        ( QUESTION2 -1 -1.619e+04 1.138e+02 6.505e+01
|            ( WDBNDRY_B 0 -5.186e+03 1.170e+02 2.098e+01
|                ( - -1.444e+03 1 0)
|                ( - -3.624e+03 1 0))
|            ( - -1.089e+04 12 0 QUESTION2_4_L -1 1.066e+02 4.408e+01))
|        ( QUESTION2 -1 -1.453e+04 1.255e+02 5.763e+01
|            ( - -6.201e+03 5 0 QUESTION13 1 7.811e+01 2.517e+01)
|            ( - -8.208e+03 13 0 QUESTION11 -1 1.095e+02 3.246e+01))))
s>    ( QUESTION0_5_R 1 -5.064e+04 1.647e+02 2.009e+02
s>        ( WDBNDRY_B 0 -1.963e+04 1.490e+02 7.825e+01
s>            ( QUESTION2_4_L -1 -1.003e+04 1.282e+02 4.017e+01
s>                ( - -3.619e+03 4 0 QUESTION0 -1 9.146e+01 1.504e+01)
s>                ( - -6.279e+03 6 0 SILENCE -1 1.088e+02 2.513e+01))
s>            ( - -9.454e+03 10 0 QUESTION0_6_R 1 1.109e+02 3.808e+01))
s>        ( QUESTION11 1 -3.084e+04 1.183e+02 1.227e+02
s>            ( QUESTION2 -1 -1.619e+04 1.138e+02 6.505e+01
s>                ( WDBNDRY_B 0 -5.186e+03 1.170e+02 2.098e+01
s>                    ( - -1.444e+03 1 0)
s>                    ( - -3.624e+03 1 0))
s>                ( - -1.089e+04 12 0 QUESTION2_4_L -1 1.066e+02 4.408e+01))
s>            ( QUESTION2 -1 -1.453e+04 1.255e+02 5.763e+01
s>                ( - -6.201e+03 5 0 QUESTION13 1 7.811e+01 2.517e+01)
s>                ( - -8.208e+03 13 0 QUESTION11 -1 1.095e+02 3.246e+01))))INFO: dtree.c(1315): Comp split 5
INFO: dtree.c(1478): Final simple tree
|( QUESTION0_5_R 1 -1.617e+04 1.233e+02 6.359e+01
|    ( SILENCE -1 -6.279e+03 1.088e+02 2.513e+01
|        ( - -9.336e+02 1 0)
|        ( QUESTION0 -1 -5.237e+03 9.285e+01 2.113e+01
|            ( - -2.791e+03 4 0 QUESTION2_6_L -1 8.428e+01 1.113e+01)
|            ( - -2.353e+03 1 0)))
|    ( QUESTION2 -1 -9.764e+03 1.116e+02 3.846e+01
|        ( - -1.444e+03 1 0)
|        ( QUESTION11 -1 -8.208e+03 1.095e+02 3.246e+01
|            ( - -3.864e+02 1 0)
|            ( QUESTION4 -1 -7.712e+03 9.900e+01 3.046e+01
|                ( QUESTION0_3_R 1 -8.980e+02 1.756e+02 4.000e+00
|                    ( - -3.126e+02 1 0)
|                    ( - -4.097e+02 1 0))
|                ( - -6.716e+03 10 0 QUESTION0_2_R 1 8.790e+01 2.646e+01)))))
s>    ( QUESTION0_5_R 1 -1.617e+04 1.233e+02 6.359e+01
s>        ( SILENCE -1 -6.279e+03 1.088e+02 2.513e+01
s>            ( - -9.336e+02 1 0)
s>            ( QUESTION0 -1 -5.237e+03 9.285e+01 2.113e+01
s>                ( - -2.791e+03 4 0 QUESTION2_6_L -1 8.428e+01 1.113e+01)
s>                ( - -2.353e+03 1 0)))
s>        ( QUESTION2 -1 -9.764e+03 1.116e+02 3.846e+01
s>            ( - -1.444e+03 1 0)
s>            ( QUESTION11 -1 -8.208e+03 1.095e+02 3.246e+01
s>                ( - -3.864e+02 1 0)
s>                ( QUESTION4 -1 -7.712e+03 9.900e+01 3.046e+01
s>                    ( QUESTION0_3_R 1 -8.980e+02 1.756e+02 4.000e+00
s>                        ( - -3.126e+02 1 0)
s>                        ( - -4.097e+02 1 0))
s>                    ( - -6.716e+03 10 0 QUESTION0_2_R 1 8.790e+01 2.646e+01)))))INFO: dtree.c(1478): Final simple tree
|( QUESTION0_6_R 1 -3.427e+04 1.618e+02 1.373e+02
|    ( WDBNDRY_B 0 -8.063e+03 1.103e+02 3.281e+01
|        ( - -3.619e+03 4 0 QUESTION0 -1 9.146e+01 1.504e+01)
|        ( - -4.333e+03 5 0 QUESTION11 -1 8.976e+01 1.777e+01))
|    ( QUESTION0_3_R 1 -2.605e+04 1.230e+02 1.045e+02
|        ( QUESTION2_0_L -1 -1.465e+04 1.212e+02 5.905e+01
|            ( - -1.123e+04 10 0 QUESTION12 -1 9.707e+01 4.544e+01)
|            ( - -3.298e+03 4 0 SILENCE -1 9.707e+01 1.361e+01))
|        ( QUESTION0_5_R 1 -1.128e+04 1.048e+02 4.549e+01
|            ( QUESTION2_4_L -1 -5.010e+03 1.010e+02 2.031e+01
|                ( - -2.918e+03 2 0 QUESTION0 -1 8.630e+01 1.215e+01)
|                ( - -1.992e+03 3 0 QUESTION0 -1 7.931e+01 8.162e+00))
|            ( QUESTION2 -1 -6.164e+03 1.067e+02 2.517e+01
|                ( - -5.633e+03 3 0 QUESTION13 1 8.214e+01 2.317e+01)
|                ( - -4.246e+02 1 0)))))
s>    ( QUESTION0_6_R 1 -3.427e+04 1.618e+02 1.373e+02
s>        ( WDBNDRY_B 0 -8.063e+03 1.103e+02 3.281e+01
s>            ( - -3.619e+03 4 0 QUESTION0 -1 9.146e+01 1.504e+01)
s>            ( - -4.333e+03 5 0 QUESTION11 -1 8.976e+01 1.777e+01))
s>        ( QUESTION0_3_R 1 -2.605e+04 1.230e+02 1.045e+02
s>            ( QUESTION2_0_L -1 -1.465e+04 1.212e+02 5.905e+01
s>                ( - -1.123e+04 10 0 QUESTION12 -1 9.707e+01 4.544e+01)
s>                ( - -3.298e+03 4 0 SILENCE -1 9.707e+01 1.361e+01))
s>            ( QUESTION0_5_R 1 -1.128e+04 1.048e+02 4.549e+01
s>                ( QUESTION2_4_L -1 -5.010e+03 1.010e+02 2.031e+01
s>                    ( - -2.918e+03 2 0 QUESTION0 -1 8.630e+01 1.215e+01)
s>                    ( - -1.992e+03 3 0 QUESTION0 -1 7.931e+01 8.162e+00))
s>                ( QUESTION2 -1 -6.164e+03 1.067e+02 2.517e+01
s>                    ( - -5.633e+03 3 0 QUESTION13 1 8.214e+01 2.317e+01)
s>                    ( - -4.246e+02 1 0)))))INFO: dtree.c(1315): Comp split 6
INFO: dtree.c(1478): Final simple tree
|( QUESTION0_5_R 1 -1.567e+04 1.249e+02 6.159e+01
|    ( SILENCE -1 -6.279e+03 1.088e+02 2.513e+01
|        ( - -9.336e+02 1 0)
|        ( QUESTION0 -1 -5.237e+03 9.285e+01 2.113e+01
|            ( - -2.791e+03 4 0 QUESTION2_6_L -1 8.428e+01 1.113e+01)
|            ( - -2.353e+03 1 0)))
|    ( QUESTION2 -1 -9.268e+03 1.143e+02 3.646e+01
|        ( - -1.444e+03 1 0)
|        ( QUESTION11 -1 -7.710e+03 1.083e+02 3.046e+01
|            ( - -3.864e+02 1 0)
|            ( QUESTION4 -1 -7.215e+03 8.981e+01 2.846e+01
|                ( - -4.097e+02 1 0)
|                ( QUESTION0_2_R 1 -6.716e+03 8.790e+01 2.646e+01
|                    ( - -6.409e+03 9 0 WDBNDRY_B 0 7.486e+01 2.546e+01)
|                    ( - -2.190e+02 1 0))))))
s>    ( QUESTION0_5_R 1 -1.567e+04 1.249e+02 6.159e+01
s>        ( SILENCE -1 -6.279e+03 1.088e+02 2.513e+01
s>            ( - -9.336e+02 1 0)
s>            ( QUESTION0 -1 -5.237e+03 9.285e+01 2.113e+01
s>                ( - -2.791e+03 4 0 QUESTION2_6_L -1 8.428e+01 1.113e+01)
s>                ( - -2.353e+03 1 0)))
s>        ( QUESTION2 -1 -9.268e+03 1.143e+02 3.646e+01
s>            ( - -1.444e+03 1 0)
s>            ( QUESTION11 -1 -7.710e+03 1.083e+02 3.046e+01
s>                ( - -3.864e+02 1 0)
s>                ( QUESTION4 -1 -7.215e+03 8.981e+01 2.846e+01
s>                    ( - -4.097e+02 1 0)
s>                    ( QUESTION0_2_R 1 -6.716e+03 8.790e+01 2.646e+01
s>                        ( - -6.409e+03 9 0 WDBNDRY_B 0 7.486e+01 2.546e+01)
s>                        ( - -2.190e+02 1 0))))))INFO: dtree.c(1315): Comp split 7
INFO: dtree.c(1478): Final simple tree
|( QUESTION0_7_R 1 -2.054e+04 1.228e+02 8.276e+01
|    ( QUESTION2 -1 -6.164e+03 1.067e+02 2.517e+01
|        ( - -5.633e+03 3 0 QUESTION13 1 8.214e+01 2.317e+01)
|        ( - -4.246e+02 1 0))
|    ( QUESTION0_3_R 1 -1.425e+04 1.043e+02 5.759e+01
|        ( QUESTION12 -1 -1.123e+04 9.707e+01 4.544e+01
|            ( QUESTION2_1_L -1 -3.717e+03 9.149e+01 1.557e+01
|                ( - -4.445e+02 1 0)
|                ( - -3.182e+03 3 0 WDBNDRY_B 0 8.574e+01 1.357e+01))
|            ( WDBNDRY_B 0 -7.413e+03 9.106e+01 2.987e+01
|                ( - -4.015e+02 1 0)
|                ( - -6.921e+03 5 0 QUESTION0 -1 7.431e+01 2.787e+01)))
|        ( QUESTION0 -1 -2.918e+03 8.630e+01 1.215e+01
|            ( - -1.390e+03 1 0)
|            ( - -1.441e+03 1 0))))
s>    ( QUESTION0_7_R 1 -2.054e+04 1.228e+02 8.276e+01
s>        ( QUESTION2 -1 -6.164e+03 1.067e+02 2.517e+01
s>            ( - -5.633e+03 3 0 QUESTION13 1 8.214e+01 2.317e+01)
s>            ( - -4.246e+02 1 0))
s>        ( QUESTION0_3_R 1 -1.425e+04 1.043e+02 5.759e+01
s>            ( QUESTION12 -1 -1.123e+04 9.707e+01 4.544e+01
s>                ( QUESTION2_1_L -1 -3.717e+03 9.149e+01 1.557e+01
s>                    ( - -4.445e+02 1 0)
s>                    ( - -3.182e+03 3 0 WDBNDRY_B 0 8.574e+01 1.357e+01))
s>                ( WDBNDRY_B 0 -7.413e+03 9.106e+01 2.987e+01
s>                    ( - -4.015e+02 1 0)
s>                    ( - -6.921e+03 5 0 QUESTION0 -1 7.431e+01 2.787e+01)))
s>            ( QUESTION0 -1 -2.918e+03 8.630e+01 1.215e+01
s>                ( - -1.390e+03 1 0)
s>                ( - -1.441e+03 1 0))))INFO: dtree.c(1478): Final simple tree
|( QUESTION0_3_R 1 -1.357e+04 1.228e+02 5.458e+01
|    ( SILENCE -1 -3.298e+03 9.707e+01 1.361e+01
|        ( - -6.753e+02 1 0)
|        ( - -2.526e+03 3 0 QUESTION1 -1 7.888e+01 1.060e+01))
|    ( WDBNDRY_B 0 -1.014e+04 1.081e+02 4.097e+01
|        ( QUESTION0 -1 -3.619e+03 9.146e+01 1.504e+01
|            ( - -6.361e+02 1 0)
|            ( - -2.892e+03 3 0))
|        ( QUESTION0_6_R 1 -6.417e+03 9.211e+01 2.593e+01
|            ( QUESTION11 -1 -4.333e+03 8.976e+01 1.777e+01
|                ( - -4.613e+02 1 0)
|                ( - -3.782e+03 4 0 QUESTION0 -1 6.868e+01 1.577e+01))
|            ( QUESTION0 -1 -1.992e+03 7.931e+01 8.162e+00
|                ( - -1.482e+03 2 0)
|                ( - -4.301e+02 1 0)))))
s>    ( QUESTION0_3_R 1 -1.357e+04 1.228e+02 5.458e+01
s>        ( SILENCE -1 -3.298e+03 9.707e+01 1.361e+01
s>            ( - -6.753e+02 1 0)
s>            ( - -2.526e+03 3 0 QUESTION1 -1 7.888e+01 1.060e+01))
s>        ( WDBNDRY_B 0 -1.014e+04 1.081e+02 4.097e+01
s>            ( QUESTION0 -1 -3.619e+03 9.146e+01 1.504e+01
s>                ( - -6.361e+02 1 0)
s>                ( - -2.892e+03 3 0))
s>            ( QUESTION0_6_R 1 -6.417e+03 9.211e+01 2.593e+01
s>                ( QUESTION11 -1 -4.333e+03 8.976e+01 1.777e+01
s>                    ( - -4.613e+02 1 0)
s>                    ( - -3.782e+03 4 0 QUESTION0 -1 6.868e+01 1.577e+01))
s>                ( QUESTION0 -1 -1.992e+03 7.931e+01 8.162e+00
s>                    ( - -1.482e+03 2 0)
s>                    ( - -4.301e+02 1 0)))))INFO: dtree.c(1315): Comp split 8
INFO: dtree.c(1439): stop. leaf nodes are specific
INFO: dtree.c(1478): Final simple tree
|( QUESTION2_6_L -1 -5.732e+03 8.629e+01 2.313e+01
|    ( QUESTION1 -1 -1.519e+03 6.937e+01 6.125e+00
|        ( - -9.363e+02 1 0)
|        ( - -5.138e+02 1 0))
|    ( WDBNDRY_B 0 -4.126e+03 8.387e+01 1.700e+01
|        ( QUESTION0 -1 -3.632e+03 9.190e+01 1.500e+01
|            ( QUESTION1 -1 -1.187e+03 7.389e+01 5.000e+00
|                ( - -6.422e+02 1 0)
|                ( - -4.708e+02 1 0))
|            ( - -2.353e+03 1 0))
|        ( - -4.097e+02 1 0)))
s>    ( QUESTION2_6_L -1 -5.732e+03 8.629e+01 2.313e+01
s>        ( QUESTION1 -1 -1.519e+03 6.937e+01 6.125e+00
s>            ( - -9.363e+02 1 0)
s>            ( - -5.138e+02 1 0))
s>        ( WDBNDRY_B 0 -4.126e+03 8.387e+01 1.700e+01
s>            ( QUESTION0 -1 -3.632e+03 9.190e+01 1.500e+01
s>                ( QUESTION1 -1 -1.187e+03 7.389e+01 5.000e+00
s>                    ( - -6.422e+02 1 0)
s>                    ( - -4.708e+02 1 0))
s>                ( - -2.353e+03 1 0))
s>            ( - -4.097e+02 1 0)))INFO: dtree.c(1478): Final simple tree
|( QUESTION12 1 -9.790e+03 1.134e+02 3.846e+01
|    ( QUESTION11 -1 -7.925e+03 1.071e+02 3.146e+01
|        ( - -3.864e+02 1 0)
|        ( QUESTION0_5_R 1 -7.432e+03 8.970e+01 2.946e+01
|            ( - -9.336e+02 1 0)
|            ( WDBNDRY_B 0 -6.409e+03 7.486e+01 2.546e+01
|                ( - -4.380e+02 1 0)
|                ( QUESTION13 1 -5.896e+03 7.146e+01 2.346e+01
|                    ( - -1.355e+03 1 0)
|                    ( QUESTION0 -1 -4.469e+03 7.041e+01 1.800e+01
|                        ( - -2.204e+03 3 0 QUESTION0_3_R 1 8.293e+01 9.005e+00)
|                        ( - -2.195e+03 4 0 QUESTION0_3_R 1 5.708e+01 8.998e+00))))))
|    ( WDBNDRY_B 0 -1.751e+03 8.747e+01 7.001e+00
|        ( - -1.444e+03 1 0)
|        ( - -2.190e+02 1 0)))
s>    ( QUESTION12 1 -9.790e+03 1.134e+02 3.846e+01
s>        ( QUESTION11 -1 -7.925e+03 1.071e+02 3.146e+01
s>            ( - -3.864e+02 1 0)
s>            ( QUESTION0_5_R 1 -7.432e+03 8.970e+01 2.946e+01
s>                ( - -9.336e+02 1 0)
s>                ( WDBNDRY_B 0 -6.409e+03 7.486e+01 2.546e+01
s>                    ( - -4.380e+02 1 0)
s>                    ( QUESTION13 1 -5.896e+03 7.146e+01 2.346e+01
s>                        ( - -1.355e+03 1 0)
s>                        ( QUESTION0 -1 -4.469e+03 7.041e+01 1.800e+01
s>                            ( - -2.204e+03 3 0 QUESTION0_3_R 1 8.293e+01 9.005e+00)
s>                            ( - -2.195e+03 4 0 QUESTION0_3_R 1 5.708e+01 8.998e+00))))))
s>        ( WDBNDRY_B 0 -1.751e+03 8.747e+01 7.001e+00
s>            ( - -1.444e+03 1 0)
s>            ( - -2.190e+02 1 0)))INFO: dtree.c(1315): Comp split 9
INFO: dtree.c(1439): stop. leaf nodes are specific
INFO: dtree.c(1478): Final simple tree
|( WDBNDRY_B 0 -5.402e+03 8.384e+01 2.235e+01
|    ( QUESTION0_3_R 1 -1.449e+03 8.872e+01 6.001e+00
|        ( - -4.199e+02 1 0)
|        ( - -9.401e+02 1 0))
|    ( QUESTION14 -1 -3.870e+03 7.673e+01 1.635e+01
|        ( QUESTION0_6_R 1 -1.609e+03 5.579e+01 6.921e+00
|            ( - -2.239e+02 1 0)
|            ( - -1.330e+03 1 0))
|        ( QUESTION0_6_R 1 -2.184e+03 7.158e+01 9.430e+00
|            ( - -1.246e+03 1 0)
|            ( - -8.660e+02 1 0))))
s>    ( WDBNDRY_B 0 -5.402e+03 8.384e+01 2.235e+01
s>        ( QUESTION0_3_R 1 -1.449e+03 8.872e+01 6.001e+00
s>            ( - -4.199e+02 1 0)
s>            ( - -9.401e+02 1 0))
s>        ( QUESTION14 -1 -3.870e+03 7.673e+01 1.635e+01
s>            ( QUESTION0_6_R 1 -1.609e+03 5.579e+01 6.921e+00
s>                ( - -2.239e+02 1 0)
s>                ( - -1.330e+03 1 0))
s>            ( QUESTION0_6_R 1 -2.184e+03 7.158e+01 9.430e+00
s>                ( - -1.246e+03 1 0)
s>                ( - -8.660e+02 1 0))))INFO: dtree.c(1478): Final simple tree
|( QUESTION11 1 -2.113e+04 1.128e+02 8.462e+01
|    ( - -3.945e+03 3 0 QUESTION14 -1 6.184e+01 1.641e+01)
|    ( QUESTION14 -1 -1.707e+04 1.017e+02 6.821e+01
|        ( QUESTION0_3_R 1 -7.307e+03 9.615e+01 2.866e+01
|            ( QUESTION13 1 -4.796e+03 8.046e+01 1.931e+01
|                ( - -4.231e+02 1 0)
|                ( - -4.293e+03 3 0))
|            ( - -2.415e+03 1 0))
|        ( QUESTION0_5_R 1 -9.660e+03 9.147e+01 3.955e+01
|            ( - -1.475e+03 2 0 WDBNDRY_B 0 6.059e+01 6.368e+00)
|            ( QUESTION17 -1 -8.093e+03 7.907e+01 3.318e+01
|                ( - -1.436e+03 2 0 QUESTION0_3_R 1 7.591e+01 6.037e+00)
|                ( QUESTION13 1 -6.578e+03 7.742e+01 2.714e+01
|                    ( - -4.444e+02 1 0)
|                    ( - -6.056e+03 7 0 QUESTION0_3_R 1 6.573e+01 2.514e+01))))))
s>    ( QUESTION11 1 -2.113e+04 1.128e+02 8.462e+01
s>        ( - -3.945e+03 3 0 QUESTION14 -1 6.184e+01 1.641e+01)
s>        ( QUESTION14 -1 -1.707e+04 1.017e+02 6.821e+01
s>            ( QUESTION0_3_R 1 -7.307e+03 9.615e+01 2.866e+01
s>                ( QUESTION13 1 -4.796e+03 8.046e+01 1.931e+01
s>                    ( - -4.231e+02 1 0)
s>                    ( - -4.293e+03 3 0))
s>                ( - -2.415e+03 1 0))
s>            ( QUESTION0_5_R 1 -9.660e+03 9.147e+01 3.955e+01
s>                ( - -1.475e+03 2 0 WDBNDRY_B 0 6.059e+01 6.368e+00)
s>                ( QUESTION17 -1 -8.093e+03 7.907e+01 3.318e+01
s>                    ( - -1.436e+03 2 0 QUESTION0_3_R 1 7.591e+01 6.037e+00)
s>                    ( QUESTION13 1 -6.578e+03 7.742e+01 2.714e+01
s>                        ( - -4.444e+02 1 0)
s>                        ( - -6.056e+03 7 0 QUESTION0_3_R 1 6.573e+01 2.514e+01))))))INFO: dtree.c(1315): Comp split 10
INFO: dtree.c(1439): stop. leaf nodes are specific
INFO: dtree.c(1478): Final simple tree
|( QUESTION0_7_R 1 -1.046e+04 1.009e+02 4.202e+01
|    ( - -4.246e+02 1 0)
|    ( QUESTION0_3_R 1 -9.931e+03 9.229e+01 4.002e+01
|        ( QUESTION0 -1 -6.921e+03 7.431e+01 2.787e+01
|            ( QUESTION11 1 -4.182e+03 5.684e+01 1.698e+01
|                ( - -3.624e+03 1 0)
|                ( - -5.006e+02 2 0))
|            ( - -2.665e+03 2 0))
|        ( QUESTION0 -1 -2.918e+03 8.630e+01 1.215e+01
|            ( - -1.390e+03 1 0)
|            ( - -1.441e+03 1 0))))
s>    ( QUESTION0_7_R 1 -1.046e+04 1.009e+02 4.202e+01
s>        ( - -4.246e+02 1 0)
s>        ( QUESTION0_3_R 1 -9.931e+03 9.229e+01 4.002e+01
s>            ( QUESTION0 -1 -6.921e+03 7.431e+01 2.787e+01
s>                ( QUESTION11 1 -4.182e+03 5.684e+01 1.698e+01
s>                    ( - -3.624e+03 1 0)
s>                    ( - -5.006e+02 2 0))
s>                ( - -2.665e+03 2 0))
s>            ( QUESTION0 -1 -2.918e+03 8.630e+01 1.215e+01
s>                ( - -1.390e+03 1 0)
s>                ( - -1.441e+03 1 0))))INFO: dtree.c(1439): stop. leaf nodes are specific
INFO: dtree.c(1478): Final simple tree
|( QUESTION0_3_R 1 -9.932e+03 1.014e+02 4.074e+01
|    ( QUESTION2_2_L -1 -4.198e+03 9.302e+01 1.757e+01
|        ( - -4.445e+02 1 0)
|        ( WDBNDRY_B 0 -3.661e+03 8.930e+01 1.557e+01
|            ( QUESTION11 -1 -1.741e+03 7.424e+01 7.566e+00
|                ( - -4.015e+02 1 0)
|                ( - -1.266e+03 1 0))
|            ( - -1.830e+03 2 0)))
|    ( QUESTION13 1 -5.633e+03 8.214e+01 2.317e+01
|        ( - -4.303e+02 1 0)
|        ( - -5.120e+03 2 0)))
s>    ( QUESTION0_3_R 1 -9.932e+03 1.014e+02 4.074e+01
s>        ( QUESTION2_2_L -1 -4.198e+03 9.302e+01 1.757e+01
s>            ( - -4.445e+02 1 0)
s>            ( WDBNDRY_B 0 -3.661e+03 8.930e+01 1.557e+01
s>                ( QUESTION11 -1 -1.741e+03 7.424e+01 7.566e+00
s>                    ( - -4.015e+02 1 0)
s>                    ( - -1.266e+03 1 0))
s>                ( - -1.830e+03 2 0)))
s>        ( QUESTION13 1 -5.633e+03 8.214e+01 2.317e+01
s>            ( - -4.303e+02 1 0)
s>            ( - -5.120e+03 2 0)))INFO: dtree.c(1315): Comp split 11
INFO: dtree.c(1439): stop. leaf nodes are specific
INFO: dtree.c(1478): Final simple tree
|( QUESTION11 -1 -5.896e+03 8.842e+01 2.393e+01
|    ( - -4.613e+02 1 0)
|    ( QUESTION3 -1 -5.346e+03 8.416e+01 2.193e+01
|        ( QUESTION0_6_R 1 -2.834e+03 6.497e+01 1.184e+01
|            ( - -1.287e+03 1 0)
|            ( - -1.482e+03 2 0))
|        ( QUESTION0 -1 -2.428e+03 6.645e+01 1.009e+01
|            ( - -7.713e+02 1 0)
|            ( - -1.590e+03 2 0))))
s>    ( QUESTION11 -1 -5.896e+03 8.842e+01 2.393e+01
s>        ( - -4.613e+02 1 0)
s>        ( QUESTION3 -1 -5.346e+03 8.416e+01 2.193e+01
s>            ( QUESTION0_6_R 1 -2.834e+03 6.497e+01 1.184e+01
s>                ( - -1.287e+03 1 0)
s>                ( - -1.482e+03 2 0))
s>            ( QUESTION0 -1 -2.428e+03 6.645e+01 1.009e+01
s>                ( - -7.713e+02 1 0)
s>                ( - -1.590e+03 2 0))))INFO: dtree.c(1439): stop. leaf nodes are specific
INFO: dtree.c(1478): Final simple tree
|( QUESTION0_3_R 1 -7.544e+03 1.085e+02 3.065e+01
|    ( SILENCE -1 -3.298e+03 9.707e+01 1.361e+01
|        ( - -6.753e+02 1 0)
|        ( QUESTION1 -1 -2.526e+03 7.888e+01 1.060e+01
|            ( - -1.719e+03 1 0)
|            ( WDBNDRY_B 0 -7.278e+02 6.640e+01 3.000e+00
|                ( - -4.544e+02 1 0)
|                ( - -2.070e+02 1 0))))
|    ( QUESTION0 -1 -4.138e+03 9.423e+01 1.704e+01
|        ( - -6.361e+02 1 0)
|        ( WDBNDRY_B 0 -3.407e+03 8.538e+01 1.405e+01
|            ( - -2.892e+03 3 0)
|            ( - -4.301e+02 1 0))))
s>    ( QUESTION0_3_R 1 -7.544e+03 1.085e+02 3.065e+01
s>        ( SILENCE -1 -3.298e+03 9.707e+01 1.361e+01
s>            ( - -6.753e+02 1 0)
s>            ( QUESTION1 -1 -2.526e+03 7.888e+01 1.060e+01
s>                ( - -1.719e+03 1 0)
s>                ( WDBNDRY_B 0 -7.278e+02 6.640e+01 3.000e+00
s>                    ( - -4.544e+02 1 0)
s>                    ( - -2.070e+02 1 0))))
s>        ( QUESTION0 -1 -4.138e+03 9.423e+01 1.704e+01
s>            ( - -6.361e+02 1 0)
s>            ( WDBNDRY_B 0 -3.407e+03 8.538e+01 1.405e+01
s>                ( - -2.892e+03 3 0)
s>                ( - -4.301e+02 1 0))))INFO: dtree.c(1315): Comp split 12
INFO: dtree.c(1478): Final simple tree
|( QUESTION14 -1 -1.456e+04 1.088e+02 5.886e+01
|    ( QUESTION13 1 -4.796e+03 8.046e+01 1.931e+01
|        ( - -4.231e+02 1 0)
|        ( - -4.293e+03 3 0))
|    ( QUESTION0_5_R 1 -9.660e+03 9.147e+01 3.955e+01
|        ( - -1.475e+03 2 0 WDBNDRY_B 0 6.059e+01 6.368e+00)
|        ( QUESTION17 -1 -8.093e+03 7.907e+01 3.318e+01
|            ( QUESTION0_3_R 1 -1.436e+03 7.591e+01 6.037e+00
|                ( - -1.887e+02 1 0)
|                ( - -1.172e+03 1 0))
|            ( QUESTION13 1 -6.578e+03 7.742e+01 2.714e+01
|                ( - -4.444e+02 1 0)
|                ( QUESTION0_3_R 1 -6.056e+03 6.573e+01 2.514e+01
|                    ( - -1.683e+03 2 0)
|                    ( - -4.308e+03 5 0 QUESTION16 -1 5.789e+01 1.809e+01))))))
s>    ( QUESTION14 -1 -1.456e+04 1.088e+02 5.886e+01
s>        ( QUESTION13 1 -4.796e+03 8.046e+01 1.931e+01
s>            ( - -4.231e+02 1 0)
s>            ( - -4.293e+03 3 0))
s>        ( QUESTION0_5_R 1 -9.660e+03 9.147e+01 3.955e+01
s>            ( - -1.475e+03 2 0 WDBNDRY_B 0 6.059e+01 6.368e+00)
s>            ( QUESTION17 -1 -8.093e+03 7.907e+01 3.318e+01
s>                ( QUESTION0_3_R 1 -1.436e+03 7.591e+01 6.037e+00
s>                    ( - -1.887e+02 1 0)
s>                    ( - -1.172e+03 1 0))
s>                ( QUESTION13 1 -6.578e+03 7.742e+01 2.714e+01
s>                    ( - -4.444e+02 1 0)
s>                    ( QUESTION0_3_R 1 -6.056e+03 6.573e+01 2.514e+01
s>                        ( - -1.683e+03 2 0)
s>                        ( - -4.308e+03 5 0 QUESTION16 -1 5.789e+01 1.809e+01))))))INFO: dtree.c(1439): stop. leaf nodes are specific
INFO: dtree.c(1478): Final simple tree
|( QUESTION0_3_R 1 -6.442e+03 8.255e+01 2.577e+01
|    ( QUESTION14 -1 -3.945e+03 6.184e+01 1.641e+01
|        ( - -2.176e+03 2 0)
|        ( - -1.707e+03 1 0))
|    ( - -2.415e+03 1 0))
s>    ( QUESTION0_3_R 1 -6.442e+03 8.255e+01 2.577e+01
s>        ( QUESTION14 -1 -3.945e+03 6.184e+01 1.641e+01
s>            ( - -2.176e+03 2 0)
s>            ( - -1.707e+03 1 0))
s>        ( - -2.415e+03 1 0))INFO: dtree.c(1315): Comp split 13
INFO: dtree.c(1478): Final simple tree
|( QUESTION11 -1 -7.925e+03 1.071e+02 3.146e+01
|    ( - -3.864e+02 1 0)
|    ( QUESTION0_5_R 1 -7.432e+03 8.970e+01 2.946e+01
|        ( - -9.336e+02 1 0)
|        ( WDBNDRY_B 0 -6.409e+03 7.486e+01 2.546e+01
|            ( - -4.380e+02 1 0)
|            ( QUESTION13 1 -5.896e+03 7.146e+01 2.346e+01
|                ( - -1.355e+03 1 0)
|                ( QUESTION0 -1 -4.469e+03 7.041e+01 1.800e+01
|                    ( QUESTION0_3_R 1 -2.204e+03 8.293e+01 9.005e+00
|                        ( - -4.566e+02 1 0)
|                        ( - -1.664e+03 2 0))
|                    ( QUESTION0_3_R 1 -2.195e+03 5.708e+01 8.998e+00
|                        ( - -1.382e+03 2 0)
|                        ( - -7.556e+02 2 0)))))))
s>    ( QUESTION11 -1 -7.925e+03 1.071e+02 3.146e+01
s>        ( - -3.864e+02 1 0)
s>        ( QUESTION0_5_R 1 -7.432e+03 8.970e+01 2.946e+01
s>            ( - -9.336e+02 1 0)
s>            ( WDBNDRY_B 0 -6.409e+03 7.486e+01 2.546e+01
s>                ( - -4.380e+02 1 0)
s>                ( QUESTION13 1 -5.896e+03 7.146e+01 2.346e+01
s>                    ( - -1.355e+03 1 0)
s>                    ( QUESTION0 -1 -4.469e+03 7.041e+01 1.800e+01
s>                        ( QUESTION0_3_R 1 -2.204e+03 8.293e+01 9.005e+00
s>                            ( - -4.566e+02 1 0)
s>                            ( - -1.664e+03 2 0))
s>                        ( QUESTION0_3_R 1 -2.195e+03 5.708e+01 8.998e+00
s>                            ( - -1.382e+03 2 0)
s>                            ( - -7.556e+02 2 0)))))))INFO: dtree.c(1439): stop. leaf nodes are specific
INFO: dtree.c(1478): Final simple tree
|( WDBNDRY_B 0 -1.751e+03 8.747e+01 7.001e+00
|    ( - -1.444e+03 1 0)
|    ( - -2.190e+02 1 0))
s>    ( WDBNDRY_B 0 -1.751e+03 8.747e+01 7.001e+00
s>        ( - -1.444e+03 1 0)
s>        ( - -2.190e+02 1 0))INFO: dtree.c(1315): Comp split 14
INFO: dtree.c(1439): stop. leaf nodes are specific
INFO: dtree.c(1478): Final simple tree
|( QUESTION1 -1 -4.404e+03 9.398e+01 1.804e+01
|    ( - -6.361e+02 1 0)
|    ( QUESTION2_1_L -1 -3.674e+03 8.335e+01 1.505e+01
|        ( - -4.301e+02 1 0)
|        ( WDBNDRY_B 0 -3.161e+03 6.186e+01 1.305e+01
|            ( - -2.892e+03 3 0)
|            ( - -2.070e+02 1 0))))
s>    ( QUESTION1 -1 -4.404e+03 9.398e+01 1.804e+01
s>        ( - -6.361e+02 1 0)
s>        ( QUESTION2_1_L -1 -3.674e+03 8.335e+01 1.505e+01
s>            ( - -4.301e+02 1 0)
s>            ( WDBNDRY_B 0 -3.161e+03 6.186e+01 1.305e+01
s>                ( - -2.892e+03 3 0)
s>                ( - -2.070e+02 1 0))))INFO: dtree.c(1439): stop. leaf nodes are specific
INFO: dtree.c(1478): Final simple tree
|( SILENCE -1 -3.031e+03 9.704e+01 1.261e+01
|    ( - -6.753e+02 1 0)
|    ( WDBNDRY_B 0 -2.258e+03 8.495e+01 9.605e+00
|        ( - -4.544e+02 1 0)
|        ( - -1.719e+03 1 0)))
s>    ( SILENCE -1 -3.031e+03 9.704e+01 1.261e+01
s>        ( - -6.753e+02 1 0)
s>        ( WDBNDRY_B 0 -2.258e+03 8.495e+01 9.605e+00
s>            ( - -4.544e+02 1 0)
s>            ( - -1.719e+03 1 0)))INFO: dtree.c(1315): Comp split 15
INFO: dtree.c(1478): Final simple tree
|( QUESTION0_5_R 1 -9.660e+03 9.147e+01 3.955e+01
|    ( WDBNDRY_B 0 -1.475e+03 6.059e+01 6.368e+00
|        ( - -7.837e+02 1 0)
|        ( - -6.303e+02 1 0))
|    ( QUESTION17 -1 -8.093e+03 7.907e+01 3.318e+01
|        ( QUESTION0_3_R 1 -1.436e+03 7.591e+01 6.037e+00
|            ( - -1.887e+02 1 0)
|            ( - -1.172e+03 1 0))
|        ( QUESTION13 1 -6.578e+03 7.742e+01 2.714e+01
|            ( - -4.444e+02 1 0)
|            ( QUESTION0_3_R 1 -6.056e+03 6.573e+01 2.514e+01
|                ( - -1.683e+03 2 0)
|                ( QUESTION16 -1 -4.308e+03 5.789e+01 1.809e+01
|                    ( - -4.472e+02 2 0)
|                    ( - -3.803e+03 3 0))))))
s>    ( QUESTION0_5_R 1 -9.660e+03 9.147e+01 3.955e+01
s>        ( WDBNDRY_B 0 -1.475e+03 6.059e+01 6.368e+00
s>            ( - -7.837e+02 1 0)
s>            ( - -6.303e+02 1 0))
s>        ( QUESTION17 -1 -8.093e+03 7.907e+01 3.318e+01
s>            ( QUESTION0_3_R 1 -1.436e+03 7.591e+01 6.037e+00
s>                ( - -1.887e+02 1 0)
s>                ( - -1.172e+03 1 0))
s>            ( QUESTION13 1 -6.578e+03 7.742e+01 2.714e+01
s>                ( - -4.444e+02 1 0)
s>                ( QUESTION0_3_R 1 -6.056e+03 6.573e+01 2.514e+01
s>                    ( - -1.683e+03 2 0)
s>                    ( QUESTION16 -1 -4.308e+03 5.789e+01 1.809e+01
s>                        ( - -4.472e+02 2 0)
s>                        ( - -3.803e+03 3 0))))))INFO: dtree.c(1439): stop. leaf nodes are specific
INFO: dtree.c(1478): Final simple tree
|( QUESTION13 1 -4.796e+03 8.046e+01 1.931e+01
|    ( - -4.231e+02 1 0)
|    ( - -4.293e+03 3 0))
s>    ( QUESTION13 1 -4.796e+03 8.046e+01 1.931e+01
s>        ( - -4.231e+02 1 0)
s>        ( - -4.293e+03 3 0))INFO: dtree.c(1315): Comp split 16
INFO: dtree.c(1439): stop. leaf nodes are specific
INFO: dtree.c(1478): Final simple tree
|( WDBNDRY_B 0 -3.661e+03 8.930e+01 1.557e+01
|    ( QUESTION11 -1 -1.741e+03 7.424e+01 7.566e+00
|        ( - -4.015e+02 1 0)
|        ( - -1.266e+03 1 0))
|    ( - -1.830e+03 2 0))
s>    ( WDBNDRY_B 0 -3.661e+03 8.930e+01 1.557e+01
s>        ( QUESTION11 -1 -1.741e+03 7.424e+01 7.566e+00
s>            ( - -4.015e+02 1 0)
s>            ( - -1.266e+03 1 0))
s>        ( - -1.830e+03 2 0))INFO: dtree.c(1439): stop. leaf nodes are specific
INFO: dtree.c(1478): Final simple tree
|( WDBNDRY_B 0 -6.163e+03 8.611e+01 2.517e+01
|    ( - -4.445e+02 1 0)
|    ( QUESTION13 1 -5.633e+03 8.214e+01 2.317e+01
|        ( - -4.303e+02 1 0)
|        ( - -5.120e+03 2 0)))
s>    ( WDBNDRY_B 0 -6.163e+03 8.611e+01 2.517e+01
s>        ( - -4.445e+02 1 0)
s>        ( QUESTION13 1 -5.633e+03 8.214e+01 2.317e+01
s>            ( - -4.303e+02 1 0)
s>            ( - -5.120e+03 2 0)))INFO: dtree.c(1315): Comp split 17
INFO: dtree.c(1439): stop. leaf nodes are specific
INFO: dtree.c(1478): Final simple tree
|( QUESTION0_5_R 1 -7.432e+03 8.970e+01 2.946e+01
|    ( - -9.336e+02 1 0)
|    ( WDBNDRY_B 0 -6.409e+03 7.486e+01 2.546e+01
|        ( - -4.380e+02 1 0)
|        ( QUESTION13 1 -5.896e+03 7.146e+01 2.346e+01
|            ( - -1.355e+03 1 0)
|            ( QUESTION0 -1 -4.469e+03 7.041e+01 1.800e+01
|                ( QUESTION0_3_R 1 -2.204e+03 8.293e+01 9.005e+00
|                    ( - -4.566e+02 1 0)
|                    ( - -1.664e+03 2 0))
|                ( QUESTION0_3_R 1 -2.195e+03 5.708e+01 8.998e+00
|                    ( - -1.382e+03 2 0)
|                    ( - -7.556e+02 2 0))))))
s>    ( QUESTION0_5_R 1 -7.432e+03 8.970e+01 2.946e+01
s>        ( - -9.336e+02 1 0)
s>        ( WDBNDRY_B 0 -6.409e+03 7.486e+01 2.546e+01
s>            ( - -4.380e+02 1 0)
s>            ( QUESTION13 1 -5.896e+03 7.146e+01 2.346e+01
s>                ( - -1.355e+03 1 0)
s>                ( QUESTION0 -1 -4.469e+03 7.041e+01 1.800e+01
s>                    ( QUESTION0_3_R 1 -2.204e+03 8.293e+01 9.005e+00
s>                        ( - -4.566e+02 1 0)
s>                        ( - -1.664e+03 2 0))
s>                    ( QUESTION0_3_R 1 -2.195e+03 5.708e+01 8.998e+00
s>                        ( - -1.382e+03 2 0)
s>                        ( - -7.556e+02 2 0))))))INFO: dtree.c(1315): Comp split 18
INFO: dtree.c(1439): stop. leaf nodes are specific
INFO: dtree.c(1478): Final simple tree
|( WDBNDRY_B 0 -4.694e+03 8.260e+01 1.916e+01
|    ( QUESTION2_7_L -1 -4.202e+03 9.188e+01 1.716e+01
|        ( QUESTION1 -1 -1.187e+03 7.389e+01 5.000e+00
|            ( - -6.422e+02 1 0)
|            ( - -4.708e+02 1 0))
|        ( QUESTION0 -1 -2.923e+03 5.565e+01 1.215e+01
|            ( - -5.138e+02 1 0)
|            ( - -2.353e+03 1 0)))
|    ( - -4.097e+02 1 0))
s>    ( WDBNDRY_B 0 -4.694e+03 8.260e+01 1.916e+01
s>        ( QUESTION2_7_L -1 -4.202e+03 9.188e+01 1.716e+01
s>            ( QUESTION1 -1 -1.187e+03 7.389e+01 5.000e+00
s>                ( - -6.422e+02 1 0)
s>                ( - -4.708e+02 1 0))
s>            ( QUESTION0 -1 -2.923e+03 5.565e+01 1.215e+01
s>                ( - -5.138e+02 1 0)
s>                ( - -2.353e+03 1 0)))
s>        ( - -4.097e+02 1 0))INFO: dtree.c(1315): Comp split 19
INFO: dtree.c(1439): stop. leaf nodes are specific
INFO: dtree.c(1478): Final simple tree
|( QUESTION0_3_R 1 -9.931e+03 9.229e+01 4.002e+01
|    ( QUESTION0 -1 -6.921e+03 7.431e+01 2.787e+01
|        ( QUESTION11 1 -4.182e+03 5.684e+01 1.698e+01
|            ( - -3.624e+03 1 0)
|            ( - -5.006e+02 2 0))
|        ( - -2.665e+03 2 0))
|    ( QUESTION0 -1 -2.918e+03 8.630e+01 1.215e+01
|        ( - -1.390e+03 1 0)
|        ( - -1.441e+03 1 0)))
s>    ( QUESTION0_3_R 1 -9.931e+03 9.229e+01 4.002e+01
s>        ( QUESTION0 -1 -6.921e+03 7.431e+01 2.787e+01
s>            ( QUESTION11 1 -4.182e+03 5.684e+01 1.698e+01
s>                ( - -3.624e+03 1 0)
s>                ( - -5.006e+02 2 0))
s>            ( - -2.665e+03 2 0))
s>        ( QUESTION0 -1 -2.918e+03 8.630e+01 1.215e+01
s>            ( - -1.390e+03 1 0)
s>            ( - -1.441e+03 1 0)))INFO: dtree.c(1315): Comp split 20
INFO: dtree.c(1439): stop. leaf nodes are specific
INFO: dtree.c(1478): Final simple tree
|( WDBNDRY_B 0 -2.258e+03 8.495e+01 9.605e+00
|    ( - -4.544e+02 1 0)
|    ( - -1.719e+03 1 0))
s>    ( WDBNDRY_B 0 -2.258e+03 8.495e+01 9.605e+00
s>        ( - -4.544e+02 1 0)
s>        ( - -1.719e+03 1 0))INFO: dtree.c(1315): Comp split 21
INFO: dtree.c(1439): stop. leaf nodes are specific
INFO: dtree.c(1478): Final simple tree
|( QUESTION0_3_R 1 -6.309e+03 6.900e+01 2.614e+01
|    ( QUESTION16 -1 -1.932e+03 6.060e+01 8.052e+00
|        ( - -1.887e+02 1 0)
|        ( - -1.683e+03 2 0))
|    ( QUESTION16 -1 -4.308e+03 5.789e+01 1.809e+01
|        ( - -4.472e+02 2 0)
|        ( - -3.803e+03 3 0)))
s>    ( QUESTION0_3_R 1 -6.309e+03 6.900e+01 2.614e+01
s>        ( QUESTION16 -1 -1.932e+03 6.060e+01 8.052e+00
s>            ( - -1.887e+02 1 0)
s>            ( - -1.683e+03 2 0))
s>        ( QUESTION16 -1 -4.308e+03 5.789e+01 1.809e+01
s>            ( - -4.472e+02 2 0)
s>            ( - -3.803e+03 3 0)))INFO: dtree.c(1439): stop. leaf nodes are specific
INFO: dtree.c(1478): Final simple tree
|( QUESTION0_5_R 1 -3.254e+03 8.757e+01 1.341e+01
|    ( WDBNDRY_B 0 -1.475e+03 6.059e+01 6.368e+00
|        ( - -7.837e+02 1 0)
|        ( - -6.303e+02 1 0))
|    ( QUESTION0_3_R 1 -1.691e+03 7.541e+01 7.037e+00
|        ( - -4.444e+02 1 0)
|        ( - -1.172e+03 1 0)))
s>    ( QUESTION0_5_R 1 -3.254e+03 8.757e+01 1.341e+01
s>        ( WDBNDRY_B 0 -1.475e+03 6.059e+01 6.368e+00
s>            ( - -7.837e+02 1 0)
s>            ( - -6.303e+02 1 0))
s>        ( QUESTION0_3_R 1 -1.691e+03 7.541e+01 7.037e+00
s>            ( - -4.444e+02 1 0)
s>            ( - -1.172e+03 1 0)))INFO: dtree.c(1315): Comp split 22
INFO: dtree.c(1439): stop. leaf nodes are specific
INFO: dtree.c(1478): Final simple tree
|( QUESTION0_3_R 1 -8.445e+03 8.256e+01 3.403e+01
|    ( QUESTION0 -1 -6.921e+03 7.431e+01 2.787e+01
|        ( QUESTION11 1 -4.182e+03 5.684e+01 1.698e+01
|            ( - -3.624e+03 1 0)
|            ( - -5.006e+02 2 0))
|        ( - -2.665e+03 2 0))
|    ( - -1.441e+03 1 0))
s>    ( QUESTION0_3_R 1 -8.445e+03 8.256e+01 3.403e+01
s>        ( QUESTION0 -1 -6.921e+03 7.431e+01 2.787e+01
s>            ( QUESTION11 1 -4.182e+03 5.684e+01 1.698e+01
s>                ( - -3.624e+03 1 0)
s>                ( - -5.006e+02 2 0))
s>            ( - -2.665e+03 2 0))
s>        ( - -1.441e+03 1 0))INFO: dtree.c(1315): Comp split 23
INFO: dtree.c(1439): stop. leaf nodes are specific
INFO: dtree.c(1478): Final simple tree
|( QUESTION1 -1 -1.187e+03 7.389e+01 5.000e+00
|    ( - -6.422e+02 1 0)
|    ( - -4.708e+02 1 0))
s>    ( QUESTION1 -1 -1.187e+03 7.389e+01 5.000e+00
s>        ( - -6.422e+02 1 0)
s>        ( - -4.708e+02 1 0))INFO: dtree.c(1439): stop. leaf nodes are specific
INFO: dtree.c(1478): Final simple tree
|( WDBNDRY_B 0 -3.412e+03 7.958e+01 1.415e+01
|    ( QUESTION0 -1 -2.923e+03 5.565e+01 1.215e+01
|        ( - -5.138e+02 1 0)
|        ( - -2.353e+03 1 0))
|    ( - -4.097e+02 1 0))
s>    ( WDBNDRY_B 0 -3.412e+03 7.958e+01 1.415e+01
s>        ( QUESTION0 -1 -2.923e+03 5.565e+01 1.215e+01
s>            ( - -5.138e+02 1 0)
s>            ( - -2.353e+03 1 0))
s>        ( - -4.097e+02 1 0))INFO: dtree.c(1315): Comp split 24
INFO: dtree.c(1439): stop. leaf nodes are specific
INFO: dtree.c(1478): Final simple tree
|( QUESTION2_1_L -1 -3.674e+03 8.335e+01 1.505e+01
|    ( - -4.301e+02 1 0)
|    ( WDBNDRY_B 0 -3.161e+03 6.186e+01 1.305e+01
|        ( - -2.892e+03 3 0)
|        ( - -2.070e+02 1 0)))
s>    ( QUESTION2_1_L -1 -3.674e+03 8.335e+01 1.505e+01
s>        ( - -4.301e+02 1 0)
s>        ( WDBNDRY_B 0 -3.161e+03 6.186e+01 1.305e+01
s>            ( - -2.892e+03 3 0)
s>            ( - -2.070e+02 1 0)))INFO: dtree.c(1315): Comp split 25
INFO: dtree.c(1439): stop. leaf nodes are specific
INFO: dtree.c(1478): Final simple tree
|( WDBNDRY_B 0 -1.471e+03 8.087e+01 6.000e+00
|    ( - -9.336e+02 1 0)
|    ( - -4.566e+02 1 0))
s>    ( WDBNDRY_B 0 -1.471e+03 8.087e+01 6.000e+00
s>        ( - -9.336e+02 1 0)
s>        ( - -4.566e+02 1 0))INFO: dtree.c(1439): stop. leaf nodes are specific
INFO: dtree.c(1478): Final simple tree
|( WDBNDRY_B 0 -5.868e+03 7.964e+01 2.346e+01
|    ( - -4.380e+02 1 0)
|    ( QUESTION13 1 -5.350e+03 7.402e+01 2.146e+01
|        ( - -1.355e+03 1 0)
|        ( QUESTION0 -1 -3.921e+03 6.171e+01 1.600e+01
|            ( - -1.664e+03 2 0)
|            ( QUESTION0_3_R 1 -2.195e+03 5.708e+01 8.998e+00
|                ( - -1.382e+03 2 0)
|                ( - -7.556e+02 2 0)))))
s>    ( WDBNDRY_B 0 -5.868e+03 7.964e+01 2.346e+01
s>        ( - -4.380e+02 1 0)
s>        ( QUESTION13 1 -5.350e+03 7.402e+01 2.146e+01
s>            ( - -1.355e+03 1 0)
s>            ( QUESTION0 -1 -3.921e+03 6.171e+01 1.600e+01
s>                ( - -1.664e+03 2 0)
s>                ( QUESTION0_3_R 1 -2.195e+03 5.708e+01 8.998e+00
s>                    ( - -1.382e+03 2 0)
s>                    ( - -7.556e+02 2 0)))))INFO: dtree.c(1315): Comp split 26
INFO: dtree.c(1439): stop. leaf nodes are specific
INFO: dtree.c(1478): Final simple tree
|( WDBNDRY_B 0 -4.370e+03 7.998e+01 1.835e+01
|    ( - -4.199e+02 1 0)
|    ( QUESTION14 -1 -3.870e+03 7.673e+01 1.635e+01
|        ( QUESTION0_6_R 1 -1.609e+03 5.579e+01 6.921e+00
|            ( - -2.239e+02 1 0)
|            ( - -1.330e+03 1 0))
|        ( QUESTION0_6_R 1 -2.184e+03 7.158e+01 9.430e+00
|            ( - -1.246e+03 1 0)
|            ( - -8.660e+02 1 0))))
s>    ( WDBNDRY_B 0 -4.370e+03 7.998e+01 1.835e+01
s>        ( - -4.199e+02 1 0)
s>        ( QUESTION14 -1 -3.870e+03 7.673e+01 1.635e+01
s>            ( QUESTION0_6_R 1 -1.609e+03 5.579e+01 6.921e+00
s>                ( - -2.239e+02 1 0)
s>                ( - -1.330e+03 1 0))
s>            ( QUESTION0_6_R 1 -2.184e+03 7.158e+01 9.430e+00
s>                ( - -1.246e+03 1 0)
s>                ( - -8.660e+02 1 0))))INFO: dtree.c(1315): Comp split 27
INFO: dtree.c(1439): stop. leaf nodes are specific
INFO: dtree.c(1478): Final simple tree
|( QUESTION11 -1 -1.741e+03 7.424e+01 7.566e+00
|    ( - -4.015e+02 1 0)
|    ( - -1.266e+03 1 0))
s>    ( QUESTION11 -1 -1.741e+03 7.424e+01 7.566e+00
s>        ( - -4.015e+02 1 0)
s>        ( - -1.266e+03 1 0))INFO: dtree.c(1315): Comp split 28
INFO: dtree.c(1439): stop. leaf nodes are specific
INFO: dtree.c(1478): Final simple tree
|( QUESTION0 -1 -3.782e+03 6.868e+01 1.577e+01
|    ( QUESTION2 -1 -2.123e+03 6.493e+01 9.006e+00
|        ( - -7.713e+02 1 0)
|        ( - -1.287e+03 1 0))
|    ( - -1.590e+03 2 0))
s>    ( QUESTION0 -1 -3.782e+03 6.868e+01 1.577e+01
s>        ( QUESTION2 -1 -2.123e+03 6.493e+01 9.006e+00
s>            ( - -7.713e+02 1 0)
s>            ( - -1.287e+03 1 0))
s>        ( - -1.590e+03 2 0))INFO: dtree.c(1439): stop. leaf nodes are specific
INFO: dtree.c(1478): Final simple tree
|( QUESTION0_6_R 1 -2.025e+03 8.141e+01 8.162e+00
|    ( - -4.613e+02 1 0)
|    ( - -1.482e+03 2 0))
s>    ( QUESTION0_6_R 1 -2.025e+03 8.141e+01 8.162e+00
s>        ( - -4.613e+02 1 0)
s>        ( - -1.482e+03 2 0))INFO: dtree.c(1315): Comp split 29
INFO: dtree.c(1439): stop. leaf nodes are specific
INFO: dtree.c(1478): Final simple tree
|( QUESTION0_3_R 1 -1.691e+03 7.541e+01 7.037e+00
|    ( - -4.444e+02 1 0)
|    ( - -1.172e+03 1 0))
s>    ( QUESTION0_3_R 1 -1.691e+03 7.541e+01 7.037e+00
s>        ( - -4.444e+02 1 0)
s>        ( - -1.172e+03 1 0))INFO: dtree.c(1439): stop. leaf nodes are specific
INFO: dtree.c(1478): Final simple tree
|( WDBNDRY_B 0 -1.475e+03 6.059e+01 6.368e+00
|    ( - -7.837e+02 1 0)
|    ( - -6.303e+02 1 0))
s>    ( WDBNDRY_B 0 -1.475e+03 6.059e+01 6.368e+00
s>        ( - -7.837e+02 1 0)
s>        ( - -6.303e+02 1 0))INFO: dtree.c(1315): Comp split 30
INFO: dtree.c(1315): Comp split 31
INFO: dtree.c(1439): stop. leaf nodes are specific
INFO: dtree.c(1478): Final simple tree
|( QUESTION13 1 -5.633e+03 8.214e+01 2.317e+01
|    ( - -4.303e+02 1 0)
|    ( - -5.120e+03 2 0))
s>    ( QUESTION13 1 -5.633e+03 8.214e+01 2.317e+01
s>        ( - -4.303e+02 1 0)
s>        ( - -5.120e+03 2 0))INFO: dtree.c(1315): Comp split 32
INFO: dtree.c(1315): Comp split 33
INFO: dtree.c(1439): stop. leaf nodes are specific
INFO: dtree.c(1478): Final simple tree
|( WDBNDRY_B 0 -3.161e+03 6.186e+01 1.305e+01
|    ( - -2.892e+03 3 0)
|    ( - -2.070e+02 1 0))
s>    ( WDBNDRY_B 0 -3.161e+03 6.186e+01 1.305e+01
s>        ( - -2.892e+03 3 0)
s>        ( - -2.070e+02 1 0))INFO: dtree.c(1315): Comp split 34
INFO: dtree.c(1439): stop. leaf nodes are specific
INFO: dtree.c(1478): Final simple tree
|( QUESTION0 -1 -6.921e+03 7.431e+01 2.787e+01
|    ( QUESTION11 1 -4.182e+03 5.684e+01 1.698e+01
|        ( - -3.624e+03 1 0)
|        ( - -5.006e+02 2 0))
|    ( - -2.665e+03 2 0))
s>    ( QUESTION0 -1 -6.921e+03 7.431e+01 2.787e+01
s>        ( QUESTION11 1 -4.182e+03 5.684e+01 1.698e+01
s>            ( - -3.624e+03 1 0)
s>            ( - -5.006e+02 2 0))
s>        ( - -2.665e+03 2 0))INFO: dtree.c(1315): Comp split 35
INFO: dtree.c(1439): stop. leaf nodes are specific
INFO: dtree.c(1478): Final simple tree
|( QUESTION14 -1 -3.945e+03 6.184e+01 1.641e+01
|    ( - -2.176e+03 2 0)
|    ( - -1.707e+03 1 0))
s>    ( QUESTION14 -1 -3.945e+03 6.184e+01 1.641e+01
s>        ( - -2.176e+03 2 0)
s>        ( - -1.707e+03 1 0))INFO: dtree.c(1315): Comp split 36
INFO: dtree.c(1315): Comp split 37
INFO: dtree.c(1315): Comp split 38
INFO: dtree.c(1315): Comp split 39
INFO: dtree.c(1315): Comp split 40
INFO: dtree.c(1439): stop. leaf nodes are specific
INFO: dtree.c(1478): Final simple tree
|( QUESTION14 -1 -3.870e+03 7.673e+01 1.635e+01
|    ( QUESTION0_6_R 1 -1.609e+03 5.579e+01 6.921e+00
|        ( - -2.239e+02 1 0)
|        ( - -1.330e+03 1 0))
|    ( QUESTION0_6_R 1 -2.184e+03 7.158e+01 9.430e+00
|        ( - -1.246e+03 1 0)
|        ( - -8.660e+02 1 0)))
s>    ( QUESTION14 -1 -3.870e+03 7.673e+01 1.635e+01
s>        ( QUESTION0_6_R 1 -1.609e+03 5.579e+01 6.921e+00
s>            ( - -2.239e+02 1 0)
s>            ( - -1.330e+03 1 0))
s>        ( QUESTION0_6_R 1 -2.184e+03 7.158e+01 9.430e+00
s>            ( - -1.246e+03 1 0)
s>            ( - -8.660e+02 1 0)))INFO: dtree.c(1315): Comp split 41
INFO: dtree.c(1439): stop. leaf nodes are specific
INFO: dtree.c(1478): Final simple tree
|( QUESTION13 1 -5.350e+03 7.402e+01 2.146e+01
|    ( - -1.355e+03 1 0)
|    ( QUESTION0 -1 -3.921e+03 6.171e+01 1.600e+01
|        ( - -1.664e+03 2 0)
|        ( QUESTION0_3_R 1 -2.195e+03 5.708e+01 8.998e+00
|            ( - -1.382e+03 2 0)
|            ( - -7.556e+02 2 0))))
s>    ( QUESTION13 1 -5.350e+03 7.402e+01 2.146e+01
s>        ( - -1.355e+03 1 0)
s>        ( QUESTION0 -1 -3.921e+03 6.171e+01 1.600e+01
s>            ( - -1.664e+03 2 0)
s>            ( QUESTION0_3_R 1 -2.195e+03 5.708e+01 8.998e+00
s>                ( - -1.382e+03 2 0)
s>                ( - -7.556e+02 2 0))))INFO: dtree.c(1315): Comp split 42
INFO: dtree.c(1439): stop. leaf nodes are specific
INFO: dtree.c(1478): Final simple tree
|( QUESTION0 -1 -2.923e+03 5.565e+01 1.215e+01
|    ( - -5.138e+02 1 0)
|    ( - -2.353e+03 1 0))
s>    ( QUESTION0 -1 -2.923e+03 5.565e+01 1.215e+01
s>        ( - -5.138e+02 1 0)
s>        ( - -2.353e+03 1 0))INFO: dtree.c(1315): Comp split 43
INFO: dtree.c(1439): stop. leaf nodes are specific
INFO: dtree.c(1478): Final simple tree
|( QUESTION0_3_R 1 -2.167e+03 5.657e+01 8.455e+00
|    ( - -1.355e+03 1 0)
|    ( - -7.556e+02 2 0))
s>    ( QUESTION0_3_R 1 -2.167e+03 5.657e+01 8.455e+00
s>        ( - -1.355e+03 1 0)
s>        ( - -7.556e+02 2 0))INFO: dtree.c(1439): stop. leaf nodes are specific
INFO: dtree.c(1478): Final simple tree
|( QUESTION0_3_R 1 -3.105e+03 5.842e+01 1.300e+01
|    ( - -1.382e+03 2 0)
|    ( - -1.664e+03 2 0))
s>    ( QUESTION0_3_R 1 -3.105e+03 5.842e+01 1.300e+01
s>        ( - -1.382e+03 2 0)
s>        ( - -1.664e+03 2 0))INFO: dtree.c(1315): Comp split 44
INFO: dtree.c(1439): stop. leaf nodes are specific
INFO: dtree.c(1478): Final simple tree
|( QUESTION0_6_R 1 -2.184e+03 7.158e+01 9.430e+00
|    ( - -1.246e+03 1 0)
|    ( - -8.660e+02 1 0))
s>    ( QUESTION0_6_R 1 -2.184e+03 7.158e+01 9.430e+00
s>        ( - -1.246e+03 1 0)
s>        ( - -8.660e+02 1 0))INFO: dtree.c(1439): stop. leaf nodes are specific
INFO: dtree.c(1478): Final simple tree
|( QUESTION0_6_R 1 -1.609e+03 5.579e+01 6.921e+00
|    ( - -2.239e+02 1 0)
|    ( - -1.330e+03 1 0))
s>    ( QUESTION0_6_R 1 -1.609e+03 5.579e+01 6.921e+00
s>        ( - -2.239e+02 1 0)
s>        ( - -1.330e+03 1 0))INFO: dtree.c(1315): Comp split 45
INFO: dtree.c(1439): stop. leaf nodes are specific
INFO: dtree.c(1478): Final simple tree
|( QUESTION17 -1 -2.429e+03 6.062e+01 1.005e+01
|    ( - -1.887e+02 1 0)
|    ( QUESTION0_3_R 1 -2.180e+03 5.033e+01 9.053e+00
|        ( - -1.683e+03 2 0)
|        ( - -4.472e+02 2 0)))
s>    ( QUESTION17 -1 -2.429e+03 6.062e+01 1.005e+01
s>        ( - -1.887e+02 1 0)
s>        ( QUESTION0_3_R 1 -2.180e+03 5.033e+01 9.053e+00
s>            ( - -1.683e+03 2 0)
s>            ( - -4.472e+02 2 0)))INFO: dtree.c(1315): Comp split 46
INFO: dtree.c(1315): Comp split 47
INFO: dtree.c(1439): stop. leaf nodes are specific
INFO: dtree.c(1478): Final simple tree
|( QUESTION11 1 -4.182e+03 5.684e+01 1.698e+01
|    ( - -3.624e+03 1 0)
|    ( - -5.006e+02 2 0))
s>    ( QUESTION11 1 -4.182e+03 5.684e+01 1.698e+01
s>        ( - -3.624e+03 1 0)
s>        ( - -5.006e+02 2 0))INFO: dtree.c(1315): Comp split 48
INFO: dtree.c(1315): Comp split 49
INFO: dtree.c(1315): Comp split 50
INFO: dtree.c(1315): Comp split 51
INFO: dtree.c(1315): Comp split 52
INFO: dtree.c(1439): stop. leaf nodes are specific
INFO: dtree.c(1478): Final simple tree
|( QUESTION2 -1 -2.123e+03 6.493e+01 9.006e+00
|    ( - -7.713e+02 1 0)
|    ( - -1.287e+03 1 0))
s>    ( QUESTION2 -1 -2.123e+03 6.493e+01 9.006e+00
s>        ( - -7.713e+02 1 0)
s>        ( - -1.287e+03 1 0))INFO: dtree.c(1315): Comp split 53
INFO: dtree.c(1315): Comp split 54
INFO: dtree.c(1315): Comp split 55
INFO: dtree.c(1315): Comp split 56
INFO: dtree.c(1439): stop. leaf nodes are specific
INFO: dtree.c(1478): Final simple tree
|( QUESTION0_3_R 1 -2.180e+03 5.033e+01 9.053e+00
|    ( - -1.683e+03 2 0)
|    ( - -4.472e+02 2 0))
s>    ( QUESTION0_3_R 1 -2.180e+03 5.033e+01 9.053e+00
s>        ( - -1.683e+03 2 0)
s>        ( - -4.472e+02 2 0))INFO: dtree.c(1315): Comp split 57
INFO: dtree.c(1315): Comp split 58
INFO: dtree.c(1315): Comp split 59
INFO: dtree.c(1315): Comp split 60
INFO: dtree.c(1315): Comp split 61
INFO: dtree.c(1315): Comp split 62
INFO: dtree.c(1315): Comp split 63
INFO: dtree.c(1315): Comp split 64
INFO: dtree.c(1318): stop. leaf nodes are specific
Thu May  7 00:23:24 2020
