Current configuration:
[NAME]		[DEFLT]	[VALUE]
-allphones	no	no
-cntthresh	0.00001	1.000000e-05
-csplitmax	100	2000
-csplitmin	1	1
-csplitthr	8e-4	0.000000e+00
-example	no	no
-fullvar	no	no
-help		no	no
-meanfn			/home/abdy/Desktop/diploma/kg/model_parameters/kg.cd_cont_untied/means
-mixwfn			/home/abdy/Desktop/diploma/kg/model_parameters/kg.cd_cont_untied/mixture_weights
-moddeffn		/home/abdy/Desktop/diploma/kg/model_architecture/kg.untied.mdef
-mwfloor	1e-4	1.000000e-08
-phone			zh
-psetfn			/home/abdy/Desktop/diploma/kg/model_architecture/kg.tree_questions
-ssplitmax	5	7
-ssplitmin	1	1
-ssplitthr	8e-4	0.000000e+00
-state			1
-stwt			1.0,0.05,0.0,
-treefn			/home/abdy/Desktop/diploma/kg/trees/kg.unpruned/zh-1.dtree
-ts2cbfn	.semi.	.cont.
-varfloor	0.00001	1.000000e-05
-varfn			/home/abdy/Desktop/diploma/kg/model_parameters/kg.cd_cont_untied/variances

INFO: main.c(223): Reading: /home/abdy/Desktop/diploma/kg/model_architecture/kg.untied.mdef
INFO: model_def_io.c(573): Model definition info:
INFO: model_def_io.c(574): 10297 total models defined (47 base, 10250 tri)
INFO: model_def_io.c(575): 41188 total states
INFO: model_def_io.c(576): 30891 total tied states
INFO: model_def_io.c(577): 141 total tied CI states
INFO: model_def_io.c(578): 47 total tied transition matrices
INFO: model_def_io.c(579): 4 max state/model
INFO: model_def_io.c(580): 4 min state/model
INFO: main.c(242): Building trees for [zh SIL a b] through [zh zh d i]
INFO: main.c(269): Covering states |[30219 30890]| == 672
INFO: main.c(275): Reading: /home/abdy/Desktop/diploma/kg/model_parameters/kg.cd_cont_untied/mixture_weights
INFO: s3mixw_io.c(173): Read /home/abdy/Desktop/diploma/kg/model_parameters/kg.cd_cont_untied/mixture_weights [672x1x1 array]
INFO: main.c(311): 47 of 224 models have observation count greater than 0.000010
INFO: main.c(95): nrm stwt: 0.045 0.909 0.045 
INFO: s3gau_io.c(169): Read /home/abdy/Desktop/diploma/kg/model_parameters/kg.cd_cont_untied/means [30891x1x1 array]
INFO: s3gau_io.c(169): Read /home/abdy/Desktop/diploma/kg/model_parameters/kg.cd_cont_untied/variances [30891x1x1 array]
INFO: main.c(549): Reading: /home/abdy/Desktop/diploma/kg/model_architecture/kg.tree_questions
INFO: main.c(588): 174 total simple questions (166 phone; 8 word bndry)
INFO: main.c(590): 40 Left Only questions, and 42 Right Only questions
INFO: dtree.c(1478): Final simple tree
|( WDBNDRY_E 0 -5.420e+04 2.391e+02 2.167e+02
|    ( - -4.872e+02 1 0)
|    ( QUESTION2_0_L -1 -5.347e+04 2.295e+02 2.137e+02
|        ( QUESTION11 1 -4.132e+04 1.939e+02 1.686e+02
|            ( - -1.631e+04 10 0 QUESTION12 -1 1.290e+02 6.819e+01)
|            ( QUESTION2_2_L -1 -2.482e+04 1.963e+02 1.004e+02
|                ( - -2.812e+02 1 0)
|                ( QUESTION0_3_R 1 -2.434e+04 1.775e+02 9.842e+01
|                    ( QUESTION11 -1 -8.885e+03 2.416e+02 3.503e+01
|                        ( - -2.480e+02 1 0)
|                        ( - -8.395e+03 10 0 QUESTION13 1 1.333e+02 3.303e+01))
|                    ( - -1.528e+04 14 0 QUESTION13 -1 1.237e+02 6.339e+01))))
|        ( QUESTION0_7_R 1 -1.192e+04 1.697e+02 4.507e+01
|            ( - -1.382e+03 1 0)
|            ( - -1.037e+04 9 0 QUESTION13 1 1.664e+02 4.007e+01))))
s>    ( WDBNDRY_E 0 -5.420e+04 2.391e+02 2.167e+02
s>        ( - -4.872e+02 1 0)
s>        ( QUESTION2_0_L -1 -5.347e+04 2.295e+02 2.137e+02
s>            ( QUESTION11 1 -4.132e+04 1.939e+02 1.686e+02
s>                ( - -1.631e+04 10 0 QUESTION12 -1 1.290e+02 6.819e+01)
s>                ( QUESTION2_2_L -1 -2.482e+04 1.963e+02 1.004e+02
s>                    ( - -2.812e+02 1 0)
s>                    ( QUESTION0_3_R 1 -2.434e+04 1.775e+02 9.842e+01
s>                        ( QUESTION11 -1 -8.885e+03 2.416e+02 3.503e+01
s>                            ( - -2.480e+02 1 0)
s>                            ( - -8.395e+03 10 0 QUESTION13 1 1.333e+02 3.303e+01))
s>                        ( - -1.528e+04 14 0 QUESTION13 -1 1.237e+02 6.339e+01))))
s>            ( QUESTION0_7_R 1 -1.192e+04 1.697e+02 4.507e+01
s>                ( - -1.382e+03 1 0)
s>                ( - -1.037e+04 9 0 QUESTION13 1 1.664e+02 4.007e+01))))INFO: dtree.c(1315): Comp split 0
INFO: dtree.c(1478): Final simple tree
|( WDBNDRY_E 0 -1.965e+04 2.351e+02 7.610e+01
|    ( - -4.872e+02 1 0)
|    ( QUESTION10 -1 -1.893e+04 1.661e+02 7.310e+01
|        ( QUESTION13 1 -8.395e+03 1.333e+02 3.303e+01
|            ( - -6.148e+02 1 0)
|            ( - -7.647e+03 9 0 WDBNDRY_B 0 9.350e+01 3.003e+01))
|        ( QUESTION13 1 -1.037e+04 1.664e+02 4.007e+01
|            ( - -3.398e+02 1 0)
|            ( QUESTION0_3_R 1 -9.860e+03 1.340e+02 3.807e+01
|                ( QUESTION9 -1 -8.103e+03 1.745e+02 3.206e+01
|                    ( - -5.461e+02 1 0)
|                    ( - -7.382e+03 5 0 QUESTION1 -1 1.097e+02 2.906e+01))
|                ( SILENCE -1 -1.623e+03 1.334e+02 6.008e+00
|                    ( - -1.125e+03 1 0)
|                    ( - -3.653e+02 1 0))))))
s>    ( WDBNDRY_E 0 -1.965e+04 2.351e+02 7.610e+01
s>        ( - -4.872e+02 1 0)
s>        ( QUESTION10 -1 -1.893e+04 1.661e+02 7.310e+01
s>            ( QUESTION13 1 -8.395e+03 1.333e+02 3.303e+01
s>                ( - -6.148e+02 1 0)
s>                ( - -7.647e+03 9 0 WDBNDRY_B 0 9.350e+01 3.003e+01))
s>            ( QUESTION13 1 -1.037e+04 1.664e+02 4.007e+01
s>                ( - -3.398e+02 1 0)
s>                ( QUESTION0_3_R 1 -9.860e+03 1.340e+02 3.807e+01
s>                    ( QUESTION9 -1 -8.103e+03 1.745e+02 3.206e+01
s>                        ( - -5.461e+02 1 0)
s>                        ( - -7.382e+03 5 0 QUESTION1 -1 1.097e+02 2.906e+01))
s>                    ( SILENCE -1 -1.623e+03 1.334e+02 6.008e+00
s>                        ( - -1.125e+03 1 0)
s>                        ( - -3.653e+02 1 0))))))INFO: dtree.c(1478): Final simple tree
|( QUESTION0_3_R 1 -3.427e+04 2.053e+02 1.406e+02
|    ( WDBNDRY_B 0 -1.678e+04 2.245e+02 7.019e+01
|        ( QUESTION12 -1 -1.631e+04 1.290e+02 6.819e+01
|            ( - -1.450e+04 8 0 QUESTION14 -1 1.118e+02 6.121e+01)
|            ( - -1.675e+03 2 0 QUESTION0 -1 9.606e+01 6.984e+00))
|        ( - -2.480e+02 1 0))
|    ( QUESTION2_2_L -1 -1.728e+04 1.936e+02 7.039e+01
|        ( - -2.812e+02 1 0)
|        ( QUESTION3 -1 -1.681e+04 1.443e+02 6.839e+01
|            ( - -1.382e+03 1 0)
|            ( QUESTION13 -1 -1.528e+04 1.237e+02 6.339e+01
|                ( WDBNDRY_B 0 -6.868e+03 1.153e+02 2.836e+01
|                    ( - -5.916e+03 5 0 QUESTION0_5_R 1 1.176e+02 2.436e+01)
|                    ( - -8.369e+02 1 0))
|                ( - -8.290e+03 8 0 QUESTION0 -1 1.043e+02 3.503e+01)))))
s>    ( QUESTION0_3_R 1 -3.427e+04 2.053e+02 1.406e+02
s>        ( WDBNDRY_B 0 -1.678e+04 2.245e+02 7.019e+01
s>            ( QUESTION12 -1 -1.631e+04 1.290e+02 6.819e+01
s>                ( - -1.450e+04 8 0 QUESTION14 -1 1.118e+02 6.121e+01)
s>                ( - -1.675e+03 2 0 QUESTION0 -1 9.606e+01 6.984e+00))
s>            ( - -2.480e+02 1 0))
s>        ( QUESTION2_2_L -1 -1.728e+04 1.936e+02 7.039e+01
s>            ( - -2.812e+02 1 0)
s>            ( QUESTION3 -1 -1.681e+04 1.443e+02 6.839e+01
s>                ( - -1.382e+03 1 0)
s>                ( QUESTION13 -1 -1.528e+04 1.237e+02 6.339e+01
s>                    ( WDBNDRY_B 0 -6.868e+03 1.153e+02 2.836e+01
s>                        ( - -5.916e+03 5 0 QUESTION0_5_R 1 1.176e+02 2.436e+01)
s>                        ( - -8.369e+02 1 0))
s>                    ( - -8.290e+03 8 0 QUESTION0 -1 1.043e+02 3.503e+01)))))INFO: dtree.c(1315): Comp split 1
INFO: dtree.c(1478): Final simple tree
|( QUESTION10 -1 -1.893e+04 1.661e+02 7.310e+01
|    ( QUESTION13 1 -8.395e+03 1.333e+02 3.303e+01
|        ( - -6.148e+02 1 0)
|        ( - -7.647e+03 9 0 WDBNDRY_B 0 9.350e+01 3.003e+01))
|    ( QUESTION13 1 -1.037e+04 1.664e+02 4.007e+01
|        ( - -3.398e+02 1 0)
|        ( QUESTION0_3_R 1 -9.860e+03 1.340e+02 3.807e+01
|            ( QUESTION9 -1 -8.103e+03 1.745e+02 3.206e+01
|                ( - -5.461e+02 1 0)
|                ( QUESTION1 -1 -7.382e+03 1.097e+02 2.906e+01
|                    ( - -8.340e+02 1 0)
|                    ( - -6.439e+03 4 0 QUESTION11 1 9.954e+01 2.506e+01)))
|            ( SILENCE -1 -1.623e+03 1.334e+02 6.008e+00
|                ( - -1.125e+03 1 0)
|                ( - -3.653e+02 1 0)))))
s>    ( QUESTION10 -1 -1.893e+04 1.661e+02 7.310e+01
s>        ( QUESTION13 1 -8.395e+03 1.333e+02 3.303e+01
s>            ( - -6.148e+02 1 0)
s>            ( - -7.647e+03 9 0 WDBNDRY_B 0 9.350e+01 3.003e+01))
s>        ( QUESTION13 1 -1.037e+04 1.664e+02 4.007e+01
s>            ( - -3.398e+02 1 0)
s>            ( QUESTION0_3_R 1 -9.860e+03 1.340e+02 3.807e+01
s>                ( QUESTION9 -1 -8.103e+03 1.745e+02 3.206e+01
s>                    ( - -5.461e+02 1 0)
s>                    ( QUESTION1 -1 -7.382e+03 1.097e+02 2.906e+01
s>                        ( - -8.340e+02 1 0)
s>                        ( - -6.439e+03 4 0 QUESTION11 1 9.954e+01 2.506e+01)))
s>                ( SILENCE -1 -1.623e+03 1.334e+02 6.008e+00
s>                    ( - -1.125e+03 1 0)
s>                    ( - -3.653e+02 1 0)))))INFO: dtree.c(1315): Comp split 2
INFO: dtree.c(1478): Final simple tree
|( QUESTION0_3_R 1 -3.380e+04 2.052e+02 1.386e+02
|    ( QUESTION12 -1 -1.631e+04 1.290e+02 6.819e+01
|        ( - -1.450e+04 8 0 QUESTION14 -1 1.118e+02 6.121e+01)
|        ( - -1.675e+03 2 0 QUESTION0 -1 9.606e+01 6.984e+00))
|    ( QUESTION2_2_L -1 -1.728e+04 1.936e+02 7.039e+01
|        ( - -2.812e+02 1 0)
|        ( QUESTION3 -1 -1.681e+04 1.443e+02 6.839e+01
|            ( - -1.382e+03 1 0)
|            ( QUESTION13 -1 -1.528e+04 1.237e+02 6.339e+01
|                ( WDBNDRY_B 0 -6.868e+03 1.153e+02 2.836e+01
|                    ( QUESTION0_5_R 1 -5.916e+03 1.176e+02 2.436e+01
|                        ( - -2.384e+03 3 0 QUESTION14 -1 7.317e+01 9.992e+00)
|                        ( - -3.414e+03 2 0))
|                    ( - -8.369e+02 1 0))
|                ( - -8.290e+03 8 0 QUESTION0 -1 1.043e+02 3.503e+01)))))
s>    ( QUESTION0_3_R 1 -3.380e+04 2.052e+02 1.386e+02
s>        ( QUESTION12 -1 -1.631e+04 1.290e+02 6.819e+01
s>            ( - -1.450e+04 8 0 QUESTION14 -1 1.118e+02 6.121e+01)
s>            ( - -1.675e+03 2 0 QUESTION0 -1 9.606e+01 6.984e+00))
s>        ( QUESTION2_2_L -1 -1.728e+04 1.936e+02 7.039e+01
s>            ( - -2.812e+02 1 0)
s>            ( QUESTION3 -1 -1.681e+04 1.443e+02 6.839e+01
s>                ( - -1.382e+03 1 0)
s>                ( QUESTION13 -1 -1.528e+04 1.237e+02 6.339e+01
s>                    ( WDBNDRY_B 0 -6.868e+03 1.153e+02 2.836e+01
s>                        ( QUESTION0_5_R 1 -5.916e+03 1.176e+02 2.436e+01
s>                            ( - -2.384e+03 3 0 QUESTION14 -1 7.317e+01 9.992e+00)
s>                            ( - -3.414e+03 2 0))
s>                        ( - -8.369e+02 1 0))
s>                    ( - -8.290e+03 8 0 QUESTION0 -1 1.043e+02 3.503e+01)))))INFO: dtree.c(1315): Comp split 3
INFO: dtree.c(1478): Final simple tree
|( QUESTION12 -1 -1.881e+04 1.187e+02 7.819e+01
|    ( QUESTION0_3_R 1 -1.701e+04 1.246e+02 7.120e+01
|        ( QUESTION14 -1 -1.450e+04 1.118e+02 6.121e+01
|            ( - -1.259e+03 1 0)
|            ( QUESTION2_1_L -1 -1.313e+04 9.360e+01 5.528e+01
|                ( - -1.554e+03 1 0)
|                ( QUESTION13 -1 -1.149e+04 7.996e+01 4.842e+01
|                    ( - -5.686e+03 1 0)
|                    ( - -5.719e+03 5 0))))
|        ( QUESTION14 -1 -2.384e+03 7.317e+01 9.992e+00
|            ( - -1.655e+03 2 0)
|            ( - -6.564e+02 1 0)))
|    ( QUESTION0 -1 -1.675e+03 9.606e+01 6.984e+00
|        ( - -9.064e+02 1 0)
|        ( - -6.726e+02 1 0)))
s>    ( QUESTION12 -1 -1.881e+04 1.187e+02 7.819e+01
s>        ( QUESTION0_3_R 1 -1.701e+04 1.246e+02 7.120e+01
s>            ( QUESTION14 -1 -1.450e+04 1.118e+02 6.121e+01
s>                ( - -1.259e+03 1 0)
s>                ( QUESTION2_1_L -1 -1.313e+04 9.360e+01 5.528e+01
s>                    ( - -1.554e+03 1 0)
s>                    ( QUESTION13 -1 -1.149e+04 7.996e+01 4.842e+01
s>                        ( - -5.686e+03 1 0)
s>                        ( - -5.719e+03 5 0))))
s>            ( QUESTION14 -1 -2.384e+03 7.317e+01 9.992e+00
s>                ( - -1.655e+03 2 0)
s>                ( - -6.564e+02 1 0)))
s>        ( QUESTION0 -1 -1.675e+03 9.606e+01 6.984e+00
s>            ( - -9.064e+02 1 0)
s>            ( - -6.726e+02 1 0)))INFO: dtree.c(1478): Final simple tree
|( QUESTION2_2_L -1 -1.478e+04 1.932e+02 6.040e+01
|    ( - -2.812e+02 1 0)
|    ( QUESTION3 -1 -1.430e+04 1.434e+02 5.840e+01
|        ( - -1.382e+03 1 0)
|        ( QUESTION13 -1 -1.278e+04 1.121e+02 5.340e+01
|            ( WDBNDRY_B 0 -4.375e+03 1.239e+02 1.837e+01
|                ( - -3.414e+03 2 0)
|                ( - -8.369e+02 1 0))
|            ( QUESTION0 -1 -8.290e+03 1.043e+02 3.503e+01
|                ( - -8.864e+02 1 0)
|                ( QUESTION11 -1 -7.300e+03 1.006e+02 3.103e+01
|                    ( QUESTION0_6_R 1 -3.724e+03 1.268e+02 1.603e+01
|                        ( - -1.977e+03 2 0 WDBNDRY_B 0 1.086e+02 9.025e+00)
|                        ( - -1.621e+03 1 0))
|                    ( - -3.475e+03 4 0 QUESTION0_6_R 1 9.452e+01 1.500e+01))))))
s>    ( QUESTION2_2_L -1 -1.478e+04 1.932e+02 6.040e+01
s>        ( - -2.812e+02 1 0)
s>        ( QUESTION3 -1 -1.430e+04 1.434e+02 5.840e+01
s>            ( - -1.382e+03 1 0)
s>            ( QUESTION13 -1 -1.278e+04 1.121e+02 5.340e+01
s>                ( WDBNDRY_B 0 -4.375e+03 1.239e+02 1.837e+01
s>                    ( - -3.414e+03 2 0)
s>                    ( - -8.369e+02 1 0))
s>                ( QUESTION0 -1 -8.290e+03 1.043e+02 3.503e+01
s>                    ( - -8.864e+02 1 0)
s>                    ( QUESTION11 -1 -7.300e+03 1.006e+02 3.103e+01
s>                        ( QUESTION0_6_R 1 -3.724e+03 1.268e+02 1.603e+01
s>                            ( - -1.977e+03 2 0 WDBNDRY_B 0 1.086e+02 9.025e+00)
s>                            ( - -1.621e+03 1 0))
s>                        ( - -3.475e+03 4 0 QUESTION0_6_R 1 9.452e+01 1.500e+01))))))INFO: dtree.c(1315): Comp split 4
INFO: dtree.c(1478): Final simple tree
|( QUESTION3 -1 -1.430e+04 1.434e+02 5.840e+01
|    ( - -1.382e+03 1 0)
|    ( QUESTION13 -1 -1.278e+04 1.121e+02 5.340e+01
|        ( WDBNDRY_B 0 -4.375e+03 1.239e+02 1.837e+01
|            ( - -3.414e+03 2 0)
|            ( - -8.369e+02 1 0))
|        ( QUESTION0 -1 -8.290e+03 1.043e+02 3.503e+01
|            ( - -8.864e+02 1 0)
|            ( QUESTION11 -1 -7.300e+03 1.006e+02 3.103e+01
|                ( QUESTION0_6_R 1 -3.724e+03 1.268e+02 1.603e+01
|                    ( WDBNDRY_B 0 -1.977e+03 1.086e+02 9.025e+00
|                        ( - -6.315e+02 1 0)
|                        ( - -1.237e+03 1 0))
|                    ( - -1.621e+03 1 0))
|                ( - -3.475e+03 4 0 QUESTION0_6_R 1 9.452e+01 1.500e+01)))))
s>    ( QUESTION3 -1 -1.430e+04 1.434e+02 5.840e+01
s>        ( - -1.382e+03 1 0)
s>        ( QUESTION13 -1 -1.278e+04 1.121e+02 5.340e+01
s>            ( WDBNDRY_B 0 -4.375e+03 1.239e+02 1.837e+01
s>                ( - -3.414e+03 2 0)
s>                ( - -8.369e+02 1 0))
s>            ( QUESTION0 -1 -8.290e+03 1.043e+02 3.503e+01
s>                ( - -8.864e+02 1 0)
s>                ( QUESTION11 -1 -7.300e+03 1.006e+02 3.103e+01
s>                    ( QUESTION0_6_R 1 -3.724e+03 1.268e+02 1.603e+01
s>                        ( WDBNDRY_B 0 -1.977e+03 1.086e+02 9.025e+00
s>                            ( - -6.315e+02 1 0)
s>                            ( - -1.237e+03 1 0))
s>                        ( - -1.621e+03 1 0))
s>                    ( - -3.475e+03 4 0 QUESTION0_6_R 1 9.452e+01 1.500e+01)))))INFO: dtree.c(1315): Comp split 5
INFO: dtree.c(1439): stop. leaf nodes are specific
INFO: dtree.c(1478): Final simple tree
|( SILENCE -1 -1.014e+04 1.396e+02 3.904e+01
|    ( - -1.125e+03 1 0)
|    ( QUESTION13 1 -8.871e+03 1.329e+02 3.503e+01
|        ( - -6.148e+02 1 0)
|        ( QUESTION0_3_R 1 -8.124e+03 1.115e+02 3.203e+01
|            ( WDBNDRY_B 0 -7.647e+03 9.350e+01 3.003e+01
|                ( QUESTION16 -1 -7.159e+03 8.821e+01 2.803e+01
|                    ( - -6.923e+02 1 0)
|                    ( QUESTION13 -1 -6.378e+03 9.810e+01 2.503e+01
|                        ( - -1.730e+03 2 0)
|                        ( - -4.551e+03 5 0)))
|                ( - -3.944e+02 1 0))
|            ( - -3.653e+02 1 0))))
s>    ( SILENCE -1 -1.014e+04 1.396e+02 3.904e+01
s>        ( - -1.125e+03 1 0)
s>        ( QUESTION13 1 -8.871e+03 1.329e+02 3.503e+01
s>            ( - -6.148e+02 1 0)
s>            ( QUESTION0_3_R 1 -8.124e+03 1.115e+02 3.203e+01
s>                ( WDBNDRY_B 0 -7.647e+03 9.350e+01 3.003e+01
s>                    ( QUESTION16 -1 -7.159e+03 8.821e+01 2.803e+01
s>                        ( - -6.923e+02 1 0)
s>                        ( QUESTION13 -1 -6.378e+03 9.810e+01 2.503e+01
s>                            ( - -1.730e+03 2 0)
s>                            ( - -4.551e+03 5 0)))
s>                    ( - -3.944e+02 1 0))
s>                ( - -3.653e+02 1 0))))INFO: dtree.c(1439): stop. leaf nodes are specific
INFO: dtree.c(1478): Final simple tree
|( QUESTION9 -1 -8.605e+03 1.747e+02 3.406e+01
|    ( - -5.461e+02 1 0)
|    ( QUESTION13 1 -7.885e+03 1.626e+02 3.106e+01
|        ( - -3.398e+02 1 0)
|        ( QUESTION1 -1 -7.382e+03 1.097e+02 2.906e+01
|            ( - -8.340e+02 1 0)
|            ( QUESTION11 1 -6.439e+03 9.954e+01 2.506e+01
|                ( SILENCE -1 -4.899e+03 1.073e+02 1.982e+01
|                    ( - -1.887e+03 1 0)
|                    ( - -2.904e+03 1 0))
|                ( SILENCE -1 -1.440e+03 8.552e+01 5.236e+00
|                    ( - -7.035e+02 1 0)
|                    ( - -6.515e+02 1 0))))))
s>    ( QUESTION9 -1 -8.605e+03 1.747e+02 3.406e+01
s>        ( - -5.461e+02 1 0)
s>        ( QUESTION13 1 -7.885e+03 1.626e+02 3.106e+01
s>            ( - -3.398e+02 1 0)
s>            ( QUESTION1 -1 -7.382e+03 1.097e+02 2.906e+01
s>                ( - -8.340e+02 1 0)
s>                ( QUESTION11 1 -6.439e+03 9.954e+01 2.506e+01
s>                    ( SILENCE -1 -4.899e+03 1.073e+02 1.982e+01
s>                        ( - -1.887e+03 1 0)
s>                        ( - -2.904e+03 1 0))
s>                    ( SILENCE -1 -1.440e+03 8.552e+01 5.236e+00
s>                        ( - -7.035e+02 1 0)
s>                        ( - -6.515e+02 1 0))))))INFO: dtree.c(1315): Comp split 6
INFO: dtree.c(1439): stop. leaf nodes are specific
INFO: dtree.c(1478): Final simple tree
|( QUESTION13 1 -7.885e+03 1.626e+02 3.106e+01
|    ( - -3.398e+02 1 0)
|    ( QUESTION1 -1 -7.382e+03 1.097e+02 2.906e+01
|        ( - -8.340e+02 1 0)
|        ( QUESTION11 1 -6.439e+03 9.954e+01 2.506e+01
|            ( SILENCE -1 -4.899e+03 1.073e+02 1.982e+01
|                ( - -1.887e+03 1 0)
|                ( - -2.904e+03 1 0))
|            ( SILENCE -1 -1.440e+03 8.552e+01 5.236e+00
|                ( - -7.035e+02 1 0)
|                ( - -6.515e+02 1 0)))))
s>    ( QUESTION13 1 -7.885e+03 1.626e+02 3.106e+01
s>        ( - -3.398e+02 1 0)
s>        ( QUESTION1 -1 -7.382e+03 1.097e+02 2.906e+01
s>            ( - -8.340e+02 1 0)
s>            ( QUESTION11 1 -6.439e+03 9.954e+01 2.506e+01
s>                ( SILENCE -1 -4.899e+03 1.073e+02 1.982e+01
s>                    ( - -1.887e+03 1 0)
s>                    ( - -2.904e+03 1 0))
s>                ( SILENCE -1 -1.440e+03 8.552e+01 5.236e+00
s>                    ( - -7.035e+02 1 0)
s>                    ( - -6.515e+02 1 0)))))INFO: dtree.c(1315): Comp split 7
INFO: dtree.c(1439): stop. leaf nodes are specific
INFO: dtree.c(1478): Final simple tree
|( QUESTION1 -1 -7.382e+03 1.097e+02 2.906e+01
|    ( - -8.340e+02 1 0)
|    ( QUESTION11 1 -6.439e+03 9.954e+01 2.506e+01
|        ( SILENCE -1 -4.899e+03 1.073e+02 1.982e+01
|            ( - -1.887e+03 1 0)
|            ( - -2.904e+03 1 0))
|        ( SILENCE -1 -1.440e+03 8.552e+01 5.236e+00
|            ( - -7.035e+02 1 0)
|            ( - -6.515e+02 1 0))))
s>    ( QUESTION1 -1 -7.382e+03 1.097e+02 2.906e+01
s>        ( - -8.340e+02 1 0)
s>        ( QUESTION11 1 -6.439e+03 9.954e+01 2.506e+01
s>            ( SILENCE -1 -4.899e+03 1.073e+02 1.982e+01
s>                ( - -1.887e+03 1 0)
s>                ( - -2.904e+03 1 0))
s>            ( SILENCE -1 -1.440e+03 8.552e+01 5.236e+00
s>                ( - -7.035e+02 1 0)
s>                ( - -6.515e+02 1 0))))INFO: dtree.c(1315): Comp split 8
INFO: dtree.c(1439): stop. leaf nodes are specific
INFO: dtree.c(1478): Final simple tree
|( QUESTION13 -1 -1.082e+04 1.101e+02 4.539e+01
|    ( - -3.414e+03 2 0)
|    ( QUESTION11 -1 -7.300e+03 1.006e+02 3.103e+01
|        ( QUESTION0_6_R 1 -3.724e+03 1.268e+02 1.603e+01
|            ( WDBNDRY_B 0 -1.977e+03 1.086e+02 9.025e+00
|                ( - -6.315e+02 1 0)
|                ( - -1.237e+03 1 0))
|            ( - -1.621e+03 1 0))
|        ( QUESTION0_6_R 1 -3.475e+03 9.452e+01 1.500e+01
|            ( - -6.116e+02 1 0)
|            ( WDBNDRY_B 0 -2.769e+03 5.770e+01 1.200e+01
|                ( - -2.512e+03 2 0)
|                ( - -1.991e+02 1 0)))))
s>    ( QUESTION13 -1 -1.082e+04 1.101e+02 4.539e+01
s>        ( - -3.414e+03 2 0)
s>        ( QUESTION11 -1 -7.300e+03 1.006e+02 3.103e+01
s>            ( QUESTION0_6_R 1 -3.724e+03 1.268e+02 1.603e+01
s>                ( WDBNDRY_B 0 -1.977e+03 1.086e+02 9.025e+00
s>                    ( - -6.315e+02 1 0)
s>                    ( - -1.237e+03 1 0))
s>                ( - -1.621e+03 1 0))
s>            ( QUESTION0_6_R 1 -3.475e+03 9.452e+01 1.500e+01
s>                ( - -6.116e+02 1 0)
s>                ( WDBNDRY_B 0 -2.769e+03 5.770e+01 1.200e+01
s>                    ( - -2.512e+03 2 0)
s>                    ( - -1.991e+02 1 0)))))INFO: dtree.c(1439): stop. leaf nodes are specific
INFO: dtree.c(1478): Final simple tree
|( QUESTION3 -1 -3.326e+03 1.266e+02 1.300e+01
|    ( - -1.382e+03 1 0)
|    ( WDBNDRY_B 0 -1.817e+03 9.412e+01 8.003e+00
|        ( - -8.864e+02 1 0)
|        ( - -8.369e+02 1 0)))
s>    ( QUESTION3 -1 -3.326e+03 1.266e+02 1.300e+01
s>        ( - -1.382e+03 1 0)
s>        ( WDBNDRY_B 0 -1.817e+03 9.412e+01 8.003e+00
s>            ( - -8.864e+02 1 0)
s>            ( - -8.369e+02 1 0)))INFO: dtree.c(1315): Comp split 9
INFO: dtree.c(1439): stop. leaf nodes are specific
INFO: dtree.c(1478): Final simple tree
|( QUESTION14 -1 -1.450e+04 1.118e+02 6.121e+01
|    ( - -1.259e+03 1 0)
|    ( QUESTION2_1_L -1 -1.313e+04 9.360e+01 5.528e+01
|        ( - -1.554e+03 1 0)
|        ( QUESTION13 -1 -1.149e+04 7.996e+01 4.842e+01
|            ( - -5.686e+03 1 0)
|            ( - -5.719e+03 5 0))))
s>    ( QUESTION14 -1 -1.450e+04 1.118e+02 6.121e+01
s>        ( - -1.259e+03 1 0)
s>        ( QUESTION2_1_L -1 -1.313e+04 9.360e+01 5.528e+01
s>            ( - -1.554e+03 1 0)
s>            ( QUESTION13 -1 -1.149e+04 7.996e+01 4.842e+01
s>                ( - -5.686e+03 1 0)
s>                ( - -5.719e+03 5 0))))INFO: dtree.c(1439): stop. leaf nodes are specific
INFO: dtree.c(1478): Final simple tree
|( QUESTION11 -1 -4.156e+03 9.946e+01 1.698e+01
|    ( - -6.726e+02 1 0)
|    ( QUESTION0_3_R 1 -3.384e+03 9.352e+01 1.399e+01
|        ( - -9.064e+02 1 0)
|        ( QUESTION14 -1 -2.384e+03 7.317e+01 9.992e+00
|            ( - -1.655e+03 2 0)
|            ( - -6.564e+02 1 0))))
s>    ( QUESTION11 -1 -4.156e+03 9.946e+01 1.698e+01
s>        ( - -6.726e+02 1 0)
s>        ( QUESTION0_3_R 1 -3.384e+03 9.352e+01 1.399e+01
s>            ( - -9.064e+02 1 0)
s>            ( QUESTION14 -1 -2.384e+03 7.317e+01 9.992e+00
s>                ( - -1.655e+03 2 0)
s>                ( - -6.564e+02 1 0))))INFO: dtree.c(1315): Comp split 10
INFO: dtree.c(1439): stop. leaf nodes are specific
INFO: dtree.c(1478): Final simple tree
|( QUESTION13 1 -8.871e+03 1.329e+02 3.503e+01
|    ( - -6.148e+02 1 0)
|    ( QUESTION0_3_R 1 -8.124e+03 1.115e+02 3.203e+01
|        ( WDBNDRY_B 0 -7.647e+03 9.350e+01 3.003e+01
|            ( QUESTION16 -1 -7.159e+03 8.821e+01 2.803e+01
|                ( - -6.923e+02 1 0)
|                ( QUESTION13 -1 -6.378e+03 9.810e+01 2.503e+01
|                    ( - -1.730e+03 2 0)
|                    ( - -4.551e+03 5 0)))
|            ( - -3.944e+02 1 0))
|        ( - -3.653e+02 1 0)))
s>    ( QUESTION13 1 -8.871e+03 1.329e+02 3.503e+01
s>        ( - -6.148e+02 1 0)
s>        ( QUESTION0_3_R 1 -8.124e+03 1.115e+02 3.203e+01
s>            ( WDBNDRY_B 0 -7.647e+03 9.350e+01 3.003e+01
s>                ( QUESTION16 -1 -7.159e+03 8.821e+01 2.803e+01
s>                    ( - -6.923e+02 1 0)
s>                    ( QUESTION13 -1 -6.378e+03 9.810e+01 2.503e+01
s>                        ( - -1.730e+03 2 0)
s>                        ( - -4.551e+03 5 0)))
s>                ( - -3.944e+02 1 0))
s>            ( - -3.653e+02 1 0)))INFO: dtree.c(1315): Comp split 11
INFO: dtree.c(1439): stop. leaf nodes are specific
INFO: dtree.c(1478): Final simple tree
|( QUESTION0_3_R 1 -8.124e+03 1.115e+02 3.203e+01
|    ( WDBNDRY_B 0 -7.647e+03 9.350e+01 3.003e+01
|        ( QUESTION16 -1 -7.159e+03 8.821e+01 2.803e+01
|            ( - -6.923e+02 1 0)
|            ( QUESTION13 -1 -6.378e+03 9.810e+01 2.503e+01
|                ( - -1.730e+03 2 0)
|                ( - -4.551e+03 5 0)))
|        ( - -3.944e+02 1 0))
|    ( - -3.653e+02 1 0))
s>    ( QUESTION0_3_R 1 -8.124e+03 1.115e+02 3.203e+01
s>        ( WDBNDRY_B 0 -7.647e+03 9.350e+01 3.003e+01
s>            ( QUESTION16 -1 -7.159e+03 8.821e+01 2.803e+01
s>                ( - -6.923e+02 1 0)
s>                ( QUESTION13 -1 -6.378e+03 9.810e+01 2.503e+01
s>                    ( - -1.730e+03 2 0)
s>                    ( - -4.551e+03 5 0)))
s>            ( - -3.944e+02 1 0))
s>        ( - -3.653e+02 1 0))INFO: dtree.c(1315): Comp split 12
INFO: dtree.c(1439): stop. leaf nodes are specific
INFO: dtree.c(1478): Final simple tree
|( QUESTION13 -1 -9.076e+03 1.134e+02 3.839e+01
|    ( - -3.414e+03 2 0)
|    ( QUESTION11 -1 -5.549e+03 9.708e+01 2.403e+01
|        ( WDBNDRY_B 0 -1.977e+03 1.086e+02 9.025e+00
|            ( - -6.315e+02 1 0)
|            ( - -1.237e+03 1 0))
|        ( QUESTION0_6_R 1 -3.475e+03 9.452e+01 1.500e+01
|            ( - -6.116e+02 1 0)
|            ( WDBNDRY_B 0 -2.769e+03 5.770e+01 1.200e+01
|                ( - -2.512e+03 2 0)
|                ( - -1.991e+02 1 0)))))
s>    ( QUESTION13 -1 -9.076e+03 1.134e+02 3.839e+01
s>        ( - -3.414e+03 2 0)
s>        ( QUESTION11 -1 -5.549e+03 9.708e+01 2.403e+01
s>            ( WDBNDRY_B 0 -1.977e+03 1.086e+02 9.025e+00
s>                ( - -6.315e+02 1 0)
s>                ( - -1.237e+03 1 0))
s>            ( QUESTION0_6_R 1 -3.475e+03 9.452e+01 1.500e+01
s>                ( - -6.116e+02 1 0)
s>                ( WDBNDRY_B 0 -2.769e+03 5.770e+01 1.200e+01
s>                    ( - -2.512e+03 2 0)
s>                    ( - -1.991e+02 1 0)))))INFO: dtree.c(1315): Comp split 13
INFO: dtree.c(1439): stop. leaf nodes are specific
INFO: dtree.c(1478): Final simple tree
|( WDBNDRY_B 0 -1.817e+03 9.412e+01 8.003e+00
|    ( - -8.864e+02 1 0)
|    ( - -8.369e+02 1 0))
s>    ( WDBNDRY_B 0 -1.817e+03 9.412e+01 8.003e+00
s>        ( - -8.864e+02 1 0)
s>        ( - -8.369e+02 1 0))INFO: dtree.c(1315): Comp split 14
INFO: dtree.c(1439): stop. leaf nodes are specific
INFO: dtree.c(1478): Final simple tree
|( QUESTION11 -1 -4.197e+03 9.080e+01 1.803e+01
|    ( - -6.315e+02 1 0)
|    ( QUESTION0_6_R 1 -3.475e+03 9.452e+01 1.500e+01
|        ( - -6.116e+02 1 0)
|        ( WDBNDRY_B 0 -2.769e+03 5.770e+01 1.200e+01
|            ( - -2.512e+03 2 0)
|            ( - -1.991e+02 1 0))))
s>    ( QUESTION11 -1 -4.197e+03 9.080e+01 1.803e+01
s>        ( - -6.315e+02 1 0)
s>        ( QUESTION0_6_R 1 -3.475e+03 9.452e+01 1.500e+01
s>            ( - -6.116e+02 1 0)
s>            ( WDBNDRY_B 0 -2.769e+03 5.770e+01 1.200e+01
s>                ( - -2.512e+03 2 0)
s>                ( - -1.991e+02 1 0))))INFO: dtree.c(1439): stop. leaf nodes are specific
INFO: dtree.c(1478): Final simple tree
|( WDBNDRY_B 0 -4.759e+03 1.082e+02 2.037e+01
|    ( - -3.414e+03 2 0)
|    ( - -1.237e+03 1 0))
s>    ( WDBNDRY_B 0 -4.759e+03 1.082e+02 2.037e+01
s>        ( - -3.414e+03 2 0)
s>        ( - -1.237e+03 1 0))INFO: dtree.c(1315): Comp split 15
INFO: dtree.c(1439): stop. leaf nodes are specific
INFO: dtree.c(1478): Final simple tree
|( QUESTION11 1 -3.428e+03 9.966e+01 1.270e+01
|    ( - -1.887e+03 1 0)
|    ( SILENCE -1 -1.440e+03 8.552e+01 5.236e+00
|        ( - -7.035e+02 1 0)
|        ( - -6.515e+02 1 0)))
s>    ( QUESTION11 1 -3.428e+03 9.966e+01 1.270e+01
s>        ( - -1.887e+03 1 0)
s>        ( SILENCE -1 -1.440e+03 8.552e+01 5.236e+00
s>            ( - -7.035e+02 1 0)
s>            ( - -6.515e+02 1 0)))INFO: dtree.c(1439): stop. leaf nodes are specific
INFO: dtree.c(1478): Final simple tree
|( QUESTION1 -1 -3.838e+03 1.004e+02 1.636e+01
|    ( - -8.340e+02 1 0)
|    ( - -2.904e+03 1 0))
s>    ( QUESTION1 -1 -3.838e+03 1.004e+02 1.636e+01
s>        ( - -8.340e+02 1 0)
s>        ( - -2.904e+03 1 0))INFO: dtree.c(1315): Comp split 16
INFO: dtree.c(1439): stop. leaf nodes are specific
INFO: dtree.c(1478): Final simple tree
|( QUESTION13 -1 -5.328e+03 8.493e+01 2.100e+01
|    ( - -6.923e+02 1 0)
|    ( - -4.551e+03 5 0))
s>    ( QUESTION13 -1 -5.328e+03 8.493e+01 2.100e+01
s>        ( - -6.923e+02 1 0)
s>        ( - -4.551e+03 5 0))INFO: dtree.c(1439): stop. leaf nodes are specific
INFO: dtree.c(1478): Final simple tree
|( QUESTION0_3_R 1 -2.680e+03 1.031e+02 1.103e+01
|    ( WDBNDRY_B 0 -2.211e+03 8.689e+01 9.033e+00
|        ( - -1.730e+03 2 0)
|        ( - -3.944e+02 1 0))
|    ( - -3.653e+02 1 0))
s>    ( QUESTION0_3_R 1 -2.680e+03 1.031e+02 1.103e+01
s>        ( WDBNDRY_B 0 -2.211e+03 8.689e+01 9.033e+00
s>            ( - -1.730e+03 2 0)
s>            ( - -3.944e+02 1 0))
s>        ( - -3.653e+02 1 0))INFO: dtree.c(1315): Comp split 17
INFO: dtree.c(1439): stop. leaf nodes are specific
INFO: dtree.c(1478): Final simple tree
|( QUESTION2_1_L -1 -1.313e+04 9.360e+01 5.528e+01
|    ( - -1.554e+03 1 0)
|    ( QUESTION13 -1 -1.149e+04 7.996e+01 4.842e+01
|        ( - -5.686e+03 1 0)
|        ( - -5.719e+03 5 0)))
s>    ( QUESTION2_1_L -1 -1.313e+04 9.360e+01 5.528e+01
s>        ( - -1.554e+03 1 0)
s>        ( QUESTION13 -1 -1.149e+04 7.996e+01 4.842e+01
s>            ( - -5.686e+03 1 0)
s>            ( - -5.719e+03 5 0)))INFO: dtree.c(1315): Comp split 18
INFO: dtree.c(1315): Comp split 19
INFO: dtree.c(1439): stop. leaf nodes are specific
INFO: dtree.c(1478): Final simple tree
|( WDBNDRY_B 0 -2.211e+03 8.689e+01 9.033e+00
|    ( - -1.730e+03 2 0)
|    ( - -3.944e+02 1 0))
s>    ( WDBNDRY_B 0 -2.211e+03 8.689e+01 9.033e+00
s>        ( - -1.730e+03 2 0)
s>        ( - -3.944e+02 1 0))INFO: dtree.c(1315): Comp split 20
INFO: dtree.c(1439): stop. leaf nodes are specific
INFO: dtree.c(1478): Final simple tree
|( QUESTION0_6_R 1 -3.485e+03 8.463e+01 1.503e+01
|    ( - -6.315e+02 1 0)
|    ( WDBNDRY_B 0 -2.769e+03 5.770e+01 1.200e+01
|        ( - -2.512e+03 2 0)
|        ( - -1.991e+02 1 0)))
s>    ( QUESTION0_6_R 1 -3.485e+03 8.463e+01 1.503e+01
s>        ( - -6.315e+02 1 0)
s>        ( WDBNDRY_B 0 -2.769e+03 5.770e+01 1.200e+01
s>            ( - -2.512e+03 2 0)
s>            ( - -1.991e+02 1 0)))INFO: dtree.c(1315): Comp split 21
INFO: dtree.c(1315): Comp split 22
INFO: dtree.c(1439): stop. leaf nodes are specific
INFO: dtree.c(1478): Final simple tree
|( SILENCE -1 -1.440e+03 8.552e+01 5.236e+00
|    ( - -7.035e+02 1 0)
|    ( - -6.515e+02 1 0))
s>    ( SILENCE -1 -1.440e+03 8.552e+01 5.236e+00
s>        ( - -7.035e+02 1 0)
s>        ( - -6.515e+02 1 0))INFO: dtree.c(1315): Comp split 23
INFO: dtree.c(1439): stop. leaf nodes are specific
INFO: dtree.c(1478): Final simple tree
|( QUESTION0_3_R 1 -3.384e+03 9.352e+01 1.399e+01
|    ( - -9.064e+02 1 0)
|    ( QUESTION14 -1 -2.384e+03 7.317e+01 9.992e+00
|        ( - -1.655e+03 2 0)
|        ( - -6.564e+02 1 0)))
s>    ( QUESTION0_3_R 1 -3.384e+03 9.352e+01 1.399e+01
s>        ( - -9.064e+02 1 0)
s>        ( QUESTION14 -1 -2.384e+03 7.317e+01 9.992e+00
s>            ( - -1.655e+03 2 0)
s>            ( - -6.564e+02 1 0)))INFO: dtree.c(1315): Comp split 24
INFO: dtree.c(1315): Comp split 25
INFO: dtree.c(1439): stop. leaf nodes are specific
INFO: dtree.c(1478): Final simple tree
|( QUESTION13 -1 -1.149e+04 7.996e+01 4.842e+01
|    ( - -5.686e+03 1 0)
|    ( - -5.719e+03 5 0))
s>    ( QUESTION13 -1 -1.149e+04 7.996e+01 4.842e+01
s>        ( - -5.686e+03 1 0)
s>        ( - -5.719e+03 5 0))INFO: dtree.c(1315): Comp split 26
INFO: dtree.c(1439): stop. leaf nodes are specific
INFO: dtree.c(1478): Final simple tree
|( QUESTION14 -1 -2.384e+03 7.317e+01 9.992e+00
|    ( - -1.655e+03 2 0)
|    ( - -6.564e+02 1 0))
s>    ( QUESTION14 -1 -2.384e+03 7.317e+01 9.992e+00
s>        ( - -1.655e+03 2 0)
s>        ( - -6.564e+02 1 0))INFO: dtree.c(1315): Comp split 27
INFO: dtree.c(1315): Comp split 28
INFO: dtree.c(1315): Comp split 29
INFO: dtree.c(1315): Comp split 30
INFO: dtree.c(1439): stop. leaf nodes are specific
INFO: dtree.c(1478): Final simple tree
|( WDBNDRY_B 0 -2.769e+03 5.770e+01 1.200e+01
|    ( - -2.512e+03 2 0)
|    ( - -1.991e+02 1 0))
s>    ( WDBNDRY_B 0 -2.769e+03 5.770e+01 1.200e+01
s>        ( - -2.512e+03 2 0)
s>        ( - -1.991e+02 1 0))INFO: dtree.c(1315): Comp split 31
INFO: dtree.c(1315): Comp split 32
INFO: dtree.c(1315): Comp split 33
INFO: dtree.c(1315): Comp split 34
INFO: dtree.c(1318): stop. leaf nodes are specific
Thu May  7 00:23:23 2020
