Current configuration:
[NAME]		[DEFLT]	[VALUE]
-allphones	no	no
-cntthresh	0.00001	1.000000e-05
-csplitmax	100	2000
-csplitmin	1	1
-csplitthr	8e-4	0.000000e+00
-example	no	no
-fullvar	no	no
-help		no	no
-meanfn			/home/abdy/Desktop/diploma/kg/model_parameters/kg.cd_cont_untied/means
-mixwfn			/home/abdy/Desktop/diploma/kg/model_parameters/kg.cd_cont_untied/mixture_weights
-moddeffn		/home/abdy/Desktop/diploma/kg/model_architecture/kg.untied.mdef
-mwfloor	1e-4	1.000000e-08
-phone			e
-psetfn			/home/abdy/Desktop/diploma/kg/model_architecture/kg.tree_questions
-ssplitmax	5	7
-ssplitmin	1	1
-ssplitthr	8e-4	0.000000e+00
-state			0
-stwt			1.0,0.05,0.0,
-treefn			/home/abdy/Desktop/diploma/kg/trees/kg.unpruned/e-0.dtree
-ts2cbfn	.semi.	.cont.
-varfloor	0.00001	1.000000e-05
-varfn			/home/abdy/Desktop/diploma/kg/model_parameters/kg.cd_cont_untied/variances

INFO: main.c(223): Reading: /home/abdy/Desktop/diploma/kg/model_architecture/kg.untied.mdef
INFO: model_def_io.c(573): Model definition info:
INFO: model_def_io.c(574): 10297 total models defined (47 base, 10250 tri)
INFO: model_def_io.c(575): 41188 total states
INFO: model_def_io.c(576): 30891 total tied states
INFO: model_def_io.c(577): 141 total tied CI states
INFO: model_def_io.c(578): 47 total tied transition matrices
INFO: model_def_io.c(579): 4 max state/model
INFO: model_def_io.c(580): 4 min state/model
INFO: main.c(242): Building trees for [e SIL ch b] through [e zh k b]
INFO: main.c(269): Covering states |[5379 5900]| == 522
INFO: main.c(275): Reading: /home/abdy/Desktop/diploma/kg/model_parameters/kg.cd_cont_untied/mixture_weights
INFO: s3mixw_io.c(173): Read /home/abdy/Desktop/diploma/kg/model_parameters/kg.cd_cont_untied/mixture_weights [522x1x1 array]
INFO: main.c(311): 41 of 174 models have observation count greater than 0.000010
INFO: main.c(95): nrm stwt: 0.952 0.048 0.000 
INFO: s3gau_io.c(169): Read /home/abdy/Desktop/diploma/kg/model_parameters/kg.cd_cont_untied/means [30891x1x1 array]
INFO: s3gau_io.c(169): Read /home/abdy/Desktop/diploma/kg/model_parameters/kg.cd_cont_untied/variances [30891x1x1 array]
INFO: main.c(549): Reading: /home/abdy/Desktop/diploma/kg/model_architecture/kg.tree_questions
INFO: main.c(588): 174 total simple questions (166 phone; 8 word bndry)
INFO: main.c(590): 40 Left Only questions, and 42 Right Only questions
INFO: dtree.c(1478): Final simple tree
|( QUESTION0_0_R 1 -7.371e+04 8.382e+02 3.093e+02
|    ( SILENCE -1 -2.787e+04 4.711e+02 1.266e+02
|        ( - -1.717e+04 1 0)
|        ( QUESTION16 -1 -1.023e+04 4.534e+02 4.600e+01
|            ( - 2.200e+02 1 0)
|            ( - -9.995e+03 6 0 QUESTION11 -1 1.851e+02 4.500e+01)))
|    ( QUESTION2_0_L -1 -4.501e+04 5.709e+02 1.827e+02
|        ( QUESTION3 1 -1.590e+04 4.731e+02 6.483e+01
|            ( - 2.404e+02 1 0)
|            ( QUESTION14 -1 -1.567e+04 3.155e+02 6.383e+01
|                ( - -2.053e+03 1 0)
|                ( - -1.330e+04 19 0 QUESTION17 1 2.066e+02 5.385e+01)))
|        ( QUESTION2 -1 -2.854e+04 5.035e+02 1.178e+02
|            ( - 2.424e+02 1 0)
|            ( - -2.828e+04 11 0 SILENCE -1 2.360e+02 1.168e+02))))
s>    ( QUESTION0_0_R 1 -7.371e+04 8.382e+02 3.093e+02
s>        ( SILENCE -1 -2.787e+04 4.711e+02 1.266e+02
s>            ( - -1.717e+04 1 0)
s>            ( QUESTION16 -1 -1.023e+04 4.534e+02 4.600e+01
s>                ( - 2.200e+02 1 0)
s>                ( - -9.995e+03 6 0 QUESTION11 -1 1.851e+02 4.500e+01)))
s>        ( QUESTION2_0_L -1 -4.501e+04 5.709e+02 1.827e+02
s>            ( QUESTION3 1 -1.590e+04 4.731e+02 6.483e+01
s>                ( - 2.404e+02 1 0)
s>                ( QUESTION14 -1 -1.567e+04 3.155e+02 6.383e+01
s>                    ( - -2.053e+03 1 0)
s>                    ( - -1.330e+04 19 0 QUESTION17 1 2.066e+02 5.385e+01)))
s>            ( QUESTION2 -1 -2.854e+04 5.035e+02 1.178e+02
s>                ( - 2.424e+02 1 0)
s>                ( - -2.828e+04 11 0 SILENCE -1 2.360e+02 1.168e+02))))INFO: dtree.c(1315): Comp split 0
INFO: dtree.c(1478): Final simple tree
|( QUESTION2_0_L -1 -5.564e+04 5.642e+02 2.287e+02
|    ( QUESTION3 1 -2.627e+04 4.754e+02 1.098e+02
|        ( - 2.404e+02 1 0)
|        ( QUESTION0_0_R 1 -2.603e+04 4.255e+02 1.088e+02
|            ( QUESTION16 -1 -9.939e+03 4.541e+02 4.500e+01
|                ( - 2.200e+02 1 0)
|                ( - -9.705e+03 5 0 QUESTION11 -1 1.859e+02 4.400e+01))
|            ( QUESTION14 -1 -1.567e+04 3.155e+02 6.383e+01
|                ( - -2.053e+03 1 0)
|                ( - -1.330e+04 19 0 QUESTION17 1 2.066e+02 5.385e+01))))
|    ( QUESTION2 -1 -2.881e+04 5.033e+02 1.188e+02
|        ( - 2.424e+02 1 0)
|        ( SILENCE -1 -2.854e+04 2.371e+02 1.178e+02
|            ( - -2.323e+04 5 0 QUESTION0_19_R 1 2.441e+02 9.784e+01)
|            ( - -5.076e+03 7 0 QUESTION2 1 1.878e+02 2.000e+01))))
s>    ( QUESTION2_0_L -1 -5.564e+04 5.642e+02 2.287e+02
s>        ( QUESTION3 1 -2.627e+04 4.754e+02 1.098e+02
s>            ( - 2.404e+02 1 0)
s>            ( QUESTION0_0_R 1 -2.603e+04 4.255e+02 1.088e+02
s>                ( QUESTION16 -1 -9.939e+03 4.541e+02 4.500e+01
s>                    ( - 2.200e+02 1 0)
s>                    ( - -9.705e+03 5 0 QUESTION11 -1 1.859e+02 4.400e+01))
s>                ( QUESTION14 -1 -1.567e+04 3.155e+02 6.383e+01
s>                    ( - -2.053e+03 1 0)
s>                    ( - -1.330e+04 19 0 QUESTION17 1 2.066e+02 5.385e+01))))
s>        ( QUESTION2 -1 -2.881e+04 5.033e+02 1.188e+02
s>            ( - 2.424e+02 1 0)
s>            ( SILENCE -1 -2.854e+04 2.371e+02 1.178e+02
s>                ( - -2.323e+04 5 0 QUESTION0_19_R 1 2.441e+02 9.784e+01)
s>                ( - -5.076e+03 7 0 QUESTION2 1 1.878e+02 2.000e+01))))INFO: dtree.c(1315): Comp split 1
INFO: dtree.c(1478): Final simple tree
|( QUESTION3 1 -2.627e+04 4.754e+02 1.098e+02
|    ( - 2.404e+02 1 0)
|    ( QUESTION0_0_R 1 -2.603e+04 4.255e+02 1.088e+02
|        ( QUESTION16 -1 -9.939e+03 4.541e+02 4.500e+01
|            ( - 2.200e+02 1 0)
|            ( QUESTION11 -1 -9.705e+03 1.859e+02 4.400e+01
|                ( - -9.388e+02 1 0)
|                ( - -8.580e+03 4 0 QUESTION13 -1 1.086e+02 3.900e+01)))
|        ( QUESTION14 -1 -1.567e+04 3.155e+02 6.383e+01
|            ( - -2.053e+03 1 0)
|            ( QUESTION17 1 -1.330e+04 2.066e+02 5.385e+01
|                ( - -2.806e+03 1 0)
|                ( QUESTION0 -1 -1.029e+04 1.314e+02 4.183e+01
|                    ( - -1.309e+03 1 0)
|                    ( - -8.847e+03 17 0 QUESTION2_2_L -1 1.269e+02 3.583e+01))))))
s>    ( QUESTION3 1 -2.627e+04 4.754e+02 1.098e+02
s>        ( - 2.404e+02 1 0)
s>        ( QUESTION0_0_R 1 -2.603e+04 4.255e+02 1.088e+02
s>            ( QUESTION16 -1 -9.939e+03 4.541e+02 4.500e+01
s>                ( - 2.200e+02 1 0)
s>                ( QUESTION11 -1 -9.705e+03 1.859e+02 4.400e+01
s>                    ( - -9.388e+02 1 0)
s>                    ( - -8.580e+03 4 0 QUESTION13 -1 1.086e+02 3.900e+01)))
s>            ( QUESTION14 -1 -1.567e+04 3.155e+02 6.383e+01
s>                ( - -2.053e+03 1 0)
s>                ( QUESTION17 1 -1.330e+04 2.066e+02 5.385e+01
s>                    ( - -2.806e+03 1 0)
s>                    ( QUESTION0 -1 -1.029e+04 1.314e+02 4.183e+01
s>                        ( - -1.309e+03 1 0)
s>                        ( - -8.847e+03 17 0 QUESTION2_2_L -1 1.269e+02 3.583e+01))))))INFO: dtree.c(1478): Final simple tree
|( QUESTION2 -1 -2.881e+04 5.033e+02 1.188e+02
|    ( - 2.424e+02 1 0)
|    ( SILENCE -1 -2.854e+04 2.371e+02 1.178e+02
|        ( QUESTION0_19_R 1 -2.323e+04 2.441e+02 9.784e+01
|            ( - -8.900e+03 1 0)
|            ( QUESTION0_9_R 1 -1.409e+04 1.207e+02 6.007e+01
|                ( - -3.130e+03 3 0 QUESTION2 1 1.110e+02 1.303e+01)
|                ( - -1.084e+04 1 0)))
|        ( QUESTION2 1 -5.076e+03 1.878e+02 2.000e+01
|            ( - -3.347e+02 1 0)
|            ( QUESTION1 -1 -4.553e+03 1.354e+02 1.800e+01
|                ( QUESTION0_11_R 1 -2.395e+03 1.233e+02 1.000e+01
|                    ( - -3.944e+02 1 0)
|                    ( - -1.877e+03 1 0))
|                ( - -2.023e+03 4 0 QUESTION2_12_L -1 1.010e+02 8.002e+00)))))
s>    ( QUESTION2 -1 -2.881e+04 5.033e+02 1.188e+02
s>        ( - 2.424e+02 1 0)
s>        ( SILENCE -1 -2.854e+04 2.371e+02 1.178e+02
s>            ( QUESTION0_19_R 1 -2.323e+04 2.441e+02 9.784e+01
s>                ( - -8.900e+03 1 0)
s>                ( QUESTION0_9_R 1 -1.409e+04 1.207e+02 6.007e+01
s>                    ( - -3.130e+03 3 0 QUESTION2 1 1.110e+02 1.303e+01)
s>                    ( - -1.084e+04 1 0)))
s>            ( QUESTION2 1 -5.076e+03 1.878e+02 2.000e+01
s>                ( - -3.347e+02 1 0)
s>                ( QUESTION1 -1 -4.553e+03 1.354e+02 1.800e+01
s>                    ( QUESTION0_11_R 1 -2.395e+03 1.233e+02 1.000e+01
s>                        ( - -3.944e+02 1 0)
s>                        ( - -1.877e+03 1 0))
s>                    ( - -2.023e+03 4 0 QUESTION2_12_L -1 1.010e+02 8.002e+00)))))INFO: dtree.c(1315): Comp split 2
INFO: dtree.c(1478): Final simple tree
|( SILENCE -1 -2.854e+04 2.371e+02 1.178e+02
|    ( QUESTION0_19_R 1 -2.323e+04 2.441e+02 9.784e+01
|        ( - -8.900e+03 1 0)
|        ( QUESTION0_9_R 1 -1.409e+04 1.207e+02 6.007e+01
|            ( QUESTION2 1 -3.130e+03 1.110e+02 1.303e+01
|                ( - -1.582e+03 1 0)
|                ( - -1.437e+03 2 0))
|            ( - -1.084e+04 1 0)))
|    ( QUESTION2 1 -5.076e+03 1.878e+02 2.000e+01
|        ( - -3.347e+02 1 0)
|        ( QUESTION1 -1 -4.553e+03 1.354e+02 1.800e+01
|            ( QUESTION0_11_R 1 -2.395e+03 1.233e+02 1.000e+01
|                ( - -3.944e+02 1 0)
|                ( - -1.877e+03 1 0))
|            ( - -2.023e+03 4 0 QUESTION2_12_L -1 1.010e+02 8.002e+00))))
s>    ( SILENCE -1 -2.854e+04 2.371e+02 1.178e+02
s>        ( QUESTION0_19_R 1 -2.323e+04 2.441e+02 9.784e+01
s>            ( - -8.900e+03 1 0)
s>            ( QUESTION0_9_R 1 -1.409e+04 1.207e+02 6.007e+01
s>                ( QUESTION2 1 -3.130e+03 1.110e+02 1.303e+01
s>                    ( - -1.582e+03 1 0)
s>                    ( - -1.437e+03 2 0))
s>                ( - -1.084e+04 1 0)))
s>        ( QUESTION2 1 -5.076e+03 1.878e+02 2.000e+01
s>            ( - -3.347e+02 1 0)
s>            ( QUESTION1 -1 -4.553e+03 1.354e+02 1.800e+01
s>                ( QUESTION0_11_R 1 -2.395e+03 1.233e+02 1.000e+01
s>                    ( - -3.944e+02 1 0)
s>                    ( - -1.877e+03 1 0))
s>                ( - -2.023e+03 4 0 QUESTION2_12_L -1 1.010e+02 8.002e+00))))INFO: dtree.c(1315): Comp split 3
INFO: dtree.c(1478): Final simple tree
|( QUESTION0_0_R 1 -2.603e+04 4.255e+02 1.088e+02
|    ( QUESTION16 -1 -9.939e+03 4.541e+02 4.500e+01
|        ( - 2.200e+02 1 0)
|        ( QUESTION11 -1 -9.705e+03 1.859e+02 4.400e+01
|            ( - -9.388e+02 1 0)
|            ( - -8.580e+03 4 0 QUESTION13 -1 1.086e+02 3.900e+01)))
|    ( QUESTION14 -1 -1.567e+04 3.155e+02 6.383e+01
|        ( - -2.053e+03 1 0)
|        ( QUESTION17 1 -1.330e+04 2.066e+02 5.385e+01
|            ( - -2.806e+03 1 0)
|            ( QUESTION0 -1 -1.029e+04 1.314e+02 4.183e+01
|                ( - -1.309e+03 1 0)
|                ( QUESTION2_2_L -1 -8.847e+03 1.269e+02 3.583e+01
|                    ( - -3.475e+02 1 0)
|                    ( - -8.373e+03 16 0 QUESTION16 -1 1.244e+02 3.383e+01))))))
s>    ( QUESTION0_0_R 1 -2.603e+04 4.255e+02 1.088e+02
s>        ( QUESTION16 -1 -9.939e+03 4.541e+02 4.500e+01
s>            ( - 2.200e+02 1 0)
s>            ( QUESTION11 -1 -9.705e+03 1.859e+02 4.400e+01
s>                ( - -9.388e+02 1 0)
s>                ( - -8.580e+03 4 0 QUESTION13 -1 1.086e+02 3.900e+01)))
s>        ( QUESTION14 -1 -1.567e+04 3.155e+02 6.383e+01
s>            ( - -2.053e+03 1 0)
s>            ( QUESTION17 1 -1.330e+04 2.066e+02 5.385e+01
s>                ( - -2.806e+03 1 0)
s>                ( QUESTION0 -1 -1.029e+04 1.314e+02 4.183e+01
s>                    ( - -1.309e+03 1 0)
s>                    ( QUESTION2_2_L -1 -8.847e+03 1.269e+02 3.583e+01
s>                        ( - -3.475e+02 1 0)
s>                        ( - -8.373e+03 16 0 QUESTION16 -1 1.244e+02 3.383e+01))))))INFO: dtree.c(1315): Comp split 4
INFO: dtree.c(1478): Final simple tree
|( QUESTION0_0_R 1 -2.580e+04 4.278e+02 1.078e+02
|    ( QUESTION11 -1 -9.705e+03 1.859e+02 4.400e+01
|        ( - -9.388e+02 1 0)
|        ( - -8.580e+03 4 0 QUESTION13 -1 1.086e+02 3.900e+01))
|    ( QUESTION14 -1 -1.567e+04 3.155e+02 6.383e+01
|        ( - -2.053e+03 1 0)
|        ( QUESTION17 1 -1.330e+04 2.066e+02 5.385e+01
|            ( - -2.806e+03 1 0)
|            ( QUESTION0 -1 -1.029e+04 1.314e+02 4.183e+01
|                ( - -1.309e+03 1 0)
|                ( QUESTION2_2_L -1 -8.847e+03 1.269e+02 3.583e+01
|                    ( - -3.475e+02 1 0)
|                    ( QUESTION16 -1 -8.373e+03 1.244e+02 3.383e+01
|                        ( - -1.320e+03 2 0 WDBNDRY_B 0 9.450e+01 6.001e+00)
|                        ( - -6.928e+03 14 0 QUESTION0_9_R 1 1.947e+02 2.783e+01)))))))
s>    ( QUESTION0_0_R 1 -2.580e+04 4.278e+02 1.078e+02
s>        ( QUESTION11 -1 -9.705e+03 1.859e+02 4.400e+01
s>            ( - -9.388e+02 1 0)
s>            ( - -8.580e+03 4 0 QUESTION13 -1 1.086e+02 3.900e+01))
s>        ( QUESTION14 -1 -1.567e+04 3.155e+02 6.383e+01
s>            ( - -2.053e+03 1 0)
s>            ( QUESTION17 1 -1.330e+04 2.066e+02 5.385e+01
s>                ( - -2.806e+03 1 0)
s>                ( QUESTION0 -1 -1.029e+04 1.314e+02 4.183e+01
s>                    ( - -1.309e+03 1 0)
s>                    ( QUESTION2_2_L -1 -8.847e+03 1.269e+02 3.583e+01
s>                        ( - -3.475e+02 1 0)
s>                        ( QUESTION16 -1 -8.373e+03 1.244e+02 3.383e+01
s>                            ( - -1.320e+03 2 0 WDBNDRY_B 0 9.450e+01 6.001e+00)
s>                            ( - -6.928e+03 14 0 QUESTION0_9_R 1 1.947e+02 2.783e+01)))))))INFO: dtree.c(1315): Comp split 5
INFO: dtree.c(1439): stop. leaf nodes are specific
INFO: dtree.c(1478): Final simple tree
|( QUESTION0_19_R 1 -1.143e+04 3.113e+02 5.098e+01
|    ( - -2.053e+03 1 0)
|    ( QUESTION0_0_R 1 -9.062e+03 1.339e+02 4.100e+01
|        ( QUESTION13 -1 -8.580e+03 1.086e+02 3.900e+01
|            ( - -4.363e+02 1 0)
|            ( - -8.035e+03 3 0))
|        ( - -3.475e+02 1 0)))
s>    ( QUESTION0_19_R 1 -1.143e+04 3.113e+02 5.098e+01
s>        ( - -2.053e+03 1 0)
s>        ( QUESTION0_0_R 1 -9.062e+03 1.339e+02 4.100e+01
s>            ( QUESTION13 -1 -8.580e+03 1.086e+02 3.900e+01
s>                ( - -4.363e+02 1 0)
s>                ( - -8.035e+03 3 0))
s>            ( - -3.475e+02 1 0)))INFO: dtree.c(1478): Final simple tree
|( QUESTION17 1 -1.393e+04 2.142e+02 5.685e+01
|    ( - -2.806e+03 1 0)
|    ( QUESTION0_0_R 1 -1.091e+04 1.576e+02 4.483e+01
|        ( - -9.388e+02 1 0)
|        ( QUESTION0 -1 -9.814e+03 1.323e+02 3.983e+01
|            ( - -1.309e+03 1 0)
|            ( QUESTION16 -1 -8.373e+03 1.244e+02 3.383e+01
|                ( - -1.320e+03 2 0 WDBNDRY_B 0 9.450e+01 6.001e+00)
|                ( QUESTION0_9_R 1 -6.928e+03 1.947e+02 2.783e+01
|                    ( - -2.601e+02 1 0)
|                    ( QUESTION0_11_R 1 -6.473e+03 1.031e+02 2.583e+01
|                        ( QUESTION19 -1 -4.021e+03 1.035e+02 1.605e+01
|                            ( - -1.900e+03 4 0 QUESTION0_12_R 1 6.195e+01 7.906e+00)
|                            ( - -2.017e+03 4 0 QUESTION0_12_R 1 7.167e+01 8.147e+00))
|                        ( - -2.349e+03 5 0 QUESTION13 -1 8.087e+01 9.780e+00)))))))
s>    ( QUESTION17 1 -1.393e+04 2.142e+02 5.685e+01
s>        ( - -2.806e+03 1 0)
s>        ( QUESTION0_0_R 1 -1.091e+04 1.576e+02 4.483e+01
s>            ( - -9.388e+02 1 0)
s>            ( QUESTION0 -1 -9.814e+03 1.323e+02 3.983e+01
s>                ( - -1.309e+03 1 0)
s>                ( QUESTION16 -1 -8.373e+03 1.244e+02 3.383e+01
s>                    ( - -1.320e+03 2 0 WDBNDRY_B 0 9.450e+01 6.001e+00)
s>                    ( QUESTION0_9_R 1 -6.928e+03 1.947e+02 2.783e+01
s>                        ( - -2.601e+02 1 0)
s>                        ( QUESTION0_11_R 1 -6.473e+03 1.031e+02 2.583e+01
s>                            ( QUESTION19 -1 -4.021e+03 1.035e+02 1.605e+01
s>                                ( - -1.900e+03 4 0 QUESTION0_12_R 1 6.195e+01 7.906e+00)
s>                                ( - -2.017e+03 4 0 QUESTION0_12_R 1 7.167e+01 8.147e+00))
s>                            ( - -2.349e+03 5 0 QUESTION13 -1 8.087e+01 9.780e+00)))))))INFO: dtree.c(1315): Comp split 6
INFO: dtree.c(1439): stop. leaf nodes are specific
INFO: dtree.c(1478): Final simple tree
|( QUESTION0_0_R 1 -9.062e+03 1.339e+02 4.100e+01
|    ( QUESTION13 -1 -8.580e+03 1.086e+02 3.900e+01
|        ( - -4.363e+02 1 0)
|        ( - -8.035e+03 3 0))
|    ( - -3.475e+02 1 0))
s>    ( QUESTION0_0_R 1 -9.062e+03 1.339e+02 4.100e+01
s>        ( QUESTION13 -1 -8.580e+03 1.086e+02 3.900e+01
s>            ( - -4.363e+02 1 0)
s>            ( - -8.035e+03 3 0))
s>        ( - -3.475e+02 1 0))INFO: dtree.c(1315): Comp split 7
INFO: dtree.c(1439): stop. leaf nodes are specific
INFO: dtree.c(1478): Final simple tree
|( QUESTION0_9_R 1 -1.409e+04 1.207e+02 6.007e+01
|    ( QUESTION2 1 -3.130e+03 1.110e+02 1.303e+01
|        ( - -1.582e+03 1 0)
|        ( - -1.437e+03 2 0))
|    ( - -1.084e+04 1 0))
s>    ( QUESTION0_9_R 1 -1.409e+04 1.207e+02 6.007e+01
s>        ( QUESTION2 1 -3.130e+03 1.110e+02 1.303e+01
s>            ( - -1.582e+03 1 0)
s>            ( - -1.437e+03 2 0))
s>        ( - -1.084e+04 1 0))INFO: dtree.c(1478): Final simple tree
|( SILENCE -1 -1.419e+04 2.121e+02 5.777e+01
|    ( - -8.900e+03 1 0)
|    ( QUESTION2 1 -5.076e+03 1.878e+02 2.000e+01
|        ( - -3.347e+02 1 0)
|        ( QUESTION1 -1 -4.553e+03 1.354e+02 1.800e+01
|            ( QUESTION0_11_R 1 -2.395e+03 1.233e+02 1.000e+01
|                ( - -3.944e+02 1 0)
|                ( - -1.877e+03 1 0))
|            ( QUESTION2_12_L -1 -2.023e+03 1.010e+02 8.002e+00
|                ( - -6.618e+02 1 0)
|                ( QUESTION0_10_R 1 -1.260e+03 8.576e+01 5.002e+00
|                    ( - -6.441e+02 1 0)
|                    ( QUESTION0_0_R 1 -5.301e+02 6.940e+01 2.000e+00
|                        ( - -2.043e+02 1 0)
|                        ( - -2.564e+02 1 0)))))))
s>    ( SILENCE -1 -1.419e+04 2.121e+02 5.777e+01
s>        ( - -8.900e+03 1 0)
s>        ( QUESTION2 1 -5.076e+03 1.878e+02 2.000e+01
s>            ( - -3.347e+02 1 0)
s>            ( QUESTION1 -1 -4.553e+03 1.354e+02 1.800e+01
s>                ( QUESTION0_11_R 1 -2.395e+03 1.233e+02 1.000e+01
s>                    ( - -3.944e+02 1 0)
s>                    ( - -1.877e+03 1 0))
s>                ( QUESTION2_12_L -1 -2.023e+03 1.010e+02 8.002e+00
s>                    ( - -6.618e+02 1 0)
s>                    ( QUESTION0_10_R 1 -1.260e+03 8.576e+01 5.002e+00
s>                        ( - -6.441e+02 1 0)
s>                        ( QUESTION0_0_R 1 -5.301e+02 6.940e+01 2.000e+00
s>                            ( - -2.043e+02 1 0)
s>                            ( - -2.564e+02 1 0)))))))INFO: dtree.c(1315): Comp split 8
INFO: dtree.c(1478): Final simple tree
|( QUESTION0_0_R 1 -1.091e+04 1.576e+02 4.483e+01
|    ( - -9.388e+02 1 0)
|    ( QUESTION0 -1 -9.814e+03 1.323e+02 3.983e+01
|        ( - -1.309e+03 1 0)
|        ( QUESTION16 -1 -8.373e+03 1.244e+02 3.383e+01
|            ( WDBNDRY_B 0 -1.320e+03 9.450e+01 6.001e+00
|                ( - -8.013e+02 1 0)
|                ( - -4.244e+02 1 0))
|            ( QUESTION0_9_R 1 -6.928e+03 1.947e+02 2.783e+01
|                ( - -2.601e+02 1 0)
|                ( QUESTION0_11_R 1 -6.473e+03 1.031e+02 2.583e+01
|                    ( QUESTION19 -1 -4.021e+03 1.035e+02 1.605e+01
|                        ( - -1.900e+03 4 0 QUESTION0_12_R 1 6.195e+01 7.906e+00)
|                        ( - -2.017e+03 4 0 QUESTION0_12_R 1 7.167e+01 8.147e+00))
|                    ( - -2.349e+03 5 0 QUESTION13 -1 8.087e+01 9.780e+00))))))
s>    ( QUESTION0_0_R 1 -1.091e+04 1.576e+02 4.483e+01
s>        ( - -9.388e+02 1 0)
s>        ( QUESTION0 -1 -9.814e+03 1.323e+02 3.983e+01
s>            ( - -1.309e+03 1 0)
s>            ( QUESTION16 -1 -8.373e+03 1.244e+02 3.383e+01
s>                ( WDBNDRY_B 0 -1.320e+03 9.450e+01 6.001e+00
s>                    ( - -8.013e+02 1 0)
s>                    ( - -4.244e+02 1 0))
s>                ( QUESTION0_9_R 1 -6.928e+03 1.947e+02 2.783e+01
s>                    ( - -2.601e+02 1 0)
s>                    ( QUESTION0_11_R 1 -6.473e+03 1.031e+02 2.583e+01
s>                        ( QUESTION19 -1 -4.021e+03 1.035e+02 1.605e+01
s>                            ( - -1.900e+03 4 0 QUESTION0_12_R 1 6.195e+01 7.906e+00)
s>                            ( - -2.017e+03 4 0 QUESTION0_12_R 1 7.167e+01 8.147e+00))
s>                        ( - -2.349e+03 5 0 QUESTION13 -1 8.087e+01 9.780e+00))))))INFO: dtree.c(1315): Comp split 9
INFO: dtree.c(1439): stop. leaf nodes are specific
INFO: dtree.c(1478): Final simple tree
|( QUESTION2 1 -5.076e+03 1.878e+02 2.000e+01
|    ( - -3.347e+02 1 0)
|    ( QUESTION1 -1 -4.553e+03 1.354e+02 1.800e+01
|        ( QUESTION0_11_R 1 -2.395e+03 1.233e+02 1.000e+01
|            ( - -3.944e+02 1 0)
|            ( - -1.877e+03 1 0))
|        ( QUESTION2_12_L -1 -2.023e+03 1.010e+02 8.002e+00
|            ( - -6.618e+02 1 0)
|            ( QUESTION0_10_R 1 -1.260e+03 8.576e+01 5.002e+00
|                ( - -6.441e+02 1 0)
|                ( QUESTION0_0_R 1 -5.301e+02 6.940e+01 2.000e+00
|                    ( - -2.043e+02 1 0)
|                    ( - -2.564e+02 1 0))))))
s>    ( QUESTION2 1 -5.076e+03 1.878e+02 2.000e+01
s>        ( - -3.347e+02 1 0)
s>        ( QUESTION1 -1 -4.553e+03 1.354e+02 1.800e+01
s>            ( QUESTION0_11_R 1 -2.395e+03 1.233e+02 1.000e+01
s>                ( - -3.944e+02 1 0)
s>                ( - -1.877e+03 1 0))
s>            ( QUESTION2_12_L -1 -2.023e+03 1.010e+02 8.002e+00
s>                ( - -6.618e+02 1 0)
s>                ( QUESTION0_10_R 1 -1.260e+03 8.576e+01 5.002e+00
s>                    ( - -6.441e+02 1 0)
s>                    ( QUESTION0_0_R 1 -5.301e+02 6.940e+01 2.000e+00
s>                        ( - -2.043e+02 1 0)
s>                        ( - -2.564e+02 1 0))))))INFO: dtree.c(1315): Comp split 10
INFO: dtree.c(1478): Final simple tree
|( QUESTION0_0_R 1 -1.045e+04 1.588e+02 4.283e+01
|    ( - -9.388e+02 1 0)
|    ( QUESTION0 -1 -9.357e+03 1.309e+02 3.783e+01
|        ( - -1.309e+03 1 0)
|        ( QUESTION16 -1 -7.917e+03 1.235e+02 3.183e+01
|            ( WDBNDRY_B 0 -1.320e+03 9.450e+01 6.001e+00
|                ( - -8.013e+02 1 0)
|                ( - -4.244e+02 1 0))
|            ( QUESTION0_11_R 1 -6.473e+03 1.031e+02 2.583e+01
|                ( QUESTION19 -1 -4.021e+03 1.035e+02 1.605e+01
|                    ( - -1.900e+03 4 0 QUESTION0_12_R 1 6.195e+01 7.906e+00)
|                    ( - -2.017e+03 4 0 QUESTION0_12_R 1 7.167e+01 8.147e+00))
|                ( QUESTION13 -1 -2.349e+03 8.087e+01 9.780e+00
|                    ( - -1.058e+03 1 0)
|                    ( - -1.210e+03 4 0 QUESTION11 -1 6.026e+01 5.000e+00))))))
s>    ( QUESTION0_0_R 1 -1.045e+04 1.588e+02 4.283e+01
s>        ( - -9.388e+02 1 0)
s>        ( QUESTION0 -1 -9.357e+03 1.309e+02 3.783e+01
s>            ( - -1.309e+03 1 0)
s>            ( QUESTION16 -1 -7.917e+03 1.235e+02 3.183e+01
s>                ( WDBNDRY_B 0 -1.320e+03 9.450e+01 6.001e+00
s>                    ( - -8.013e+02 1 0)
s>                    ( - -4.244e+02 1 0))
s>                ( QUESTION0_11_R 1 -6.473e+03 1.031e+02 2.583e+01
s>                    ( QUESTION19 -1 -4.021e+03 1.035e+02 1.605e+01
s>                        ( - -1.900e+03 4 0 QUESTION0_12_R 1 6.195e+01 7.906e+00)
s>                        ( - -2.017e+03 4 0 QUESTION0_12_R 1 7.167e+01 8.147e+00))
s>                    ( QUESTION13 -1 -2.349e+03 8.087e+01 9.780e+00
s>                        ( - -1.058e+03 1 0)
s>                        ( - -1.210e+03 4 0 QUESTION11 -1 6.026e+01 5.000e+00))))))INFO: dtree.c(1315): Comp split 11
INFO: dtree.c(1439): stop. leaf nodes are specific
INFO: dtree.c(1478): Final simple tree
|( QUESTION1 -1 -4.553e+03 1.354e+02 1.800e+01
|    ( QUESTION0_11_R 1 -2.395e+03 1.233e+02 1.000e+01
|        ( - -3.944e+02 1 0)
|        ( - -1.877e+03 1 0))
|    ( QUESTION2_12_L -1 -2.023e+03 1.010e+02 8.002e+00
|        ( - -6.618e+02 1 0)
|        ( QUESTION0_10_R 1 -1.260e+03 8.576e+01 5.002e+00
|            ( - -6.441e+02 1 0)
|            ( QUESTION0_0_R 1 -5.301e+02 6.940e+01 2.000e+00
|                ( - -2.043e+02 1 0)
|                ( - -2.564e+02 1 0)))))
s>    ( QUESTION1 -1 -4.553e+03 1.354e+02 1.800e+01
s>        ( QUESTION0_11_R 1 -2.395e+03 1.233e+02 1.000e+01
s>            ( - -3.944e+02 1 0)
s>            ( - -1.877e+03 1 0))
s>        ( QUESTION2_12_L -1 -2.023e+03 1.010e+02 8.002e+00
s>            ( - -6.618e+02 1 0)
s>            ( QUESTION0_10_R 1 -1.260e+03 8.576e+01 5.002e+00
s>                ( - -6.441e+02 1 0)
s>                ( QUESTION0_0_R 1 -5.301e+02 6.940e+01 2.000e+00
s>                    ( - -2.043e+02 1 0)
s>                    ( - -2.564e+02 1 0)))))INFO: dtree.c(1315): Comp split 12
INFO: dtree.c(1478): Final simple tree
|( QUESTION0_0_R 1 -9.486e+03 1.599e+02 3.883e+01
|    ( - -9.388e+02 1 0)
|    ( QUESTION0 -1 -8.387e+03 1.291e+02 3.383e+01
|        ( - -1.309e+03 1 0)
|        ( QUESTION0_12_R 1 -6.949e+03 9.973e+01 2.783e+01
|            ( QUESTION19 -1 -2.479e+03 1.028e+02 9.909e+00
|                ( - -1.424e+03 2 0)
|                ( QUESTION11 -1 -9.527e+02 6.575e+01 4.003e+00
|                    ( - -6.655e+02 1 0)
|                    ( - -2.215e+02 1 0)))
|            ( QUESTION0_19_R 1 -4.371e+03 7.049e+01 1.792e+01
|                ( QUESTION13 -1 -2.349e+03 8.087e+01 9.780e+00
|                    ( - -1.058e+03 1 0)
|                    ( - -1.210e+03 4 0 QUESTION11 -1 6.026e+01 5.000e+00))
|                ( - -1.951e+03 5 0 QUESTION19 -1 6.217e+01 8.145e+00)))))
s>    ( QUESTION0_0_R 1 -9.486e+03 1.599e+02 3.883e+01
s>        ( - -9.388e+02 1 0)
s>        ( QUESTION0 -1 -8.387e+03 1.291e+02 3.383e+01
s>            ( - -1.309e+03 1 0)
s>            ( QUESTION0_12_R 1 -6.949e+03 9.973e+01 2.783e+01
s>                ( QUESTION19 -1 -2.479e+03 1.028e+02 9.909e+00
s>                    ( - -1.424e+03 2 0)
s>                    ( QUESTION11 -1 -9.527e+02 6.575e+01 4.003e+00
s>                        ( - -6.655e+02 1 0)
s>                        ( - -2.215e+02 1 0)))
s>                ( QUESTION0_19_R 1 -4.371e+03 7.049e+01 1.792e+01
s>                    ( QUESTION13 -1 -2.349e+03 8.087e+01 9.780e+00
s>                        ( - -1.058e+03 1 0)
s>                        ( - -1.210e+03 4 0 QUESTION11 -1 6.026e+01 5.000e+00))
s>                    ( - -1.951e+03 5 0 QUESTION19 -1 6.217e+01 8.145e+00)))))INFO: dtree.c(1315): Comp split 13
INFO: dtree.c(1478): Final simple tree
|( QUESTION0 -1 -8.387e+03 1.291e+02 3.383e+01
|    ( - -1.309e+03 1 0)
|    ( QUESTION0_12_R 1 -6.949e+03 9.973e+01 2.783e+01
|        ( QUESTION19 -1 -2.479e+03 1.028e+02 9.909e+00
|            ( - -1.424e+03 2 0)
|            ( QUESTION11 -1 -9.527e+02 6.575e+01 4.003e+00
|                ( - -6.655e+02 1 0)
|                ( - -2.215e+02 1 0)))
|        ( QUESTION0_19_R 1 -4.371e+03 7.049e+01 1.792e+01
|            ( QUESTION13 -1 -2.349e+03 8.087e+01 9.780e+00
|                ( - -1.058e+03 1 0)
|                ( - -1.210e+03 4 0 QUESTION11 -1 6.026e+01 5.000e+00))
|            ( QUESTION19 -1 -1.951e+03 6.217e+01 8.145e+00
|                ( - -4.145e+02 2 0)
|                ( - -1.474e+03 3 0 WDBNDRY_B 0 5.675e+01 6.145e+00)))))
s>    ( QUESTION0 -1 -8.387e+03 1.291e+02 3.383e+01
s>        ( - -1.309e+03 1 0)
s>        ( QUESTION0_12_R 1 -6.949e+03 9.973e+01 2.783e+01
s>            ( QUESTION19 -1 -2.479e+03 1.028e+02 9.909e+00
s>                ( - -1.424e+03 2 0)
s>                ( QUESTION11 -1 -9.527e+02 6.575e+01 4.003e+00
s>                    ( - -6.655e+02 1 0)
s>                    ( - -2.215e+02 1 0)))
s>            ( QUESTION0_19_R 1 -4.371e+03 7.049e+01 1.792e+01
s>                ( QUESTION13 -1 -2.349e+03 8.087e+01 9.780e+00
s>                    ( - -1.058e+03 1 0)
s>                    ( - -1.210e+03 4 0 QUESTION11 -1 6.026e+01 5.000e+00))
s>                ( QUESTION19 -1 -1.951e+03 6.217e+01 8.145e+00
s>                    ( - -4.145e+02 2 0)
s>                    ( - -1.474e+03 3 0 WDBNDRY_B 0 5.675e+01 6.145e+00)))))INFO: dtree.c(1315): Comp split 14
INFO: dtree.c(1439): stop. leaf nodes are specific
INFO: dtree.c(1478): Final simple tree
|( QUESTION0_11_R 1 -2.521e+03 1.039e+02 1.000e+01
|    ( - -3.944e+02 1 0)
|    ( QUESTION2_12_L -1 -2.023e+03 1.010e+02 8.002e+00
|        ( - -6.618e+02 1 0)
|        ( QUESTION0_10_R 1 -1.260e+03 8.576e+01 5.002e+00
|            ( - -6.441e+02 1 0)
|            ( QUESTION0_0_R 1 -5.301e+02 6.940e+01 2.000e+00
|                ( - -2.043e+02 1 0)
|                ( - -2.564e+02 1 0)))))
s>    ( QUESTION0_11_R 1 -2.521e+03 1.039e+02 1.000e+01
s>        ( - -3.944e+02 1 0)
s>        ( QUESTION2_12_L -1 -2.023e+03 1.010e+02 8.002e+00
s>            ( - -6.618e+02 1 0)
s>            ( QUESTION0_10_R 1 -1.260e+03 8.576e+01 5.002e+00
s>                ( - -6.441e+02 1 0)
s>                ( QUESTION0_0_R 1 -5.301e+02 6.940e+01 2.000e+00
s>                    ( - -2.043e+02 1 0)
s>                    ( - -2.564e+02 1 0)))))INFO: dtree.c(1315): Comp split 15
INFO: dtree.c(1439): stop. leaf nodes are specific
INFO: dtree.c(1478): Final simple tree
|( QUESTION13 -1 -8.580e+03 1.086e+02 3.900e+01
|    ( - -4.363e+02 1 0)
|    ( - -8.035e+03 3 0))
s>    ( QUESTION13 -1 -8.580e+03 1.086e+02 3.900e+01
s>        ( - -4.363e+02 1 0)
s>        ( - -8.035e+03 3 0))INFO: dtree.c(1315): Comp split 16
INFO: dtree.c(1478): Final simple tree
|( QUESTION0_12_R 1 -6.949e+03 9.973e+01 2.783e+01
|    ( QUESTION19 -1 -2.479e+03 1.028e+02 9.909e+00
|        ( - -1.424e+03 2 0)
|        ( QUESTION11 -1 -9.527e+02 6.575e+01 4.003e+00
|            ( - -6.655e+02 1 0)
|            ( - -2.215e+02 1 0)))
|    ( QUESTION0_19_R 1 -4.371e+03 7.049e+01 1.792e+01
|        ( QUESTION13 -1 -2.349e+03 8.087e+01 9.780e+00
|            ( - -1.058e+03 1 0)
|            ( QUESTION11 -1 -1.210e+03 6.026e+01 5.000e+00
|                ( - -2.120e+02 1 0)
|                ( - -9.380e+02 3 0)))
|        ( QUESTION19 -1 -1.951e+03 6.217e+01 8.145e+00
|            ( - -4.145e+02 2 0)
|            ( - -1.474e+03 3 0 WDBNDRY_B 0 5.675e+01 6.145e+00))))
s>    ( QUESTION0_12_R 1 -6.949e+03 9.973e+01 2.783e+01
s>        ( QUESTION19 -1 -2.479e+03 1.028e+02 9.909e+00
s>            ( - -1.424e+03 2 0)
s>            ( QUESTION11 -1 -9.527e+02 6.575e+01 4.003e+00
s>                ( - -6.655e+02 1 0)
s>                ( - -2.215e+02 1 0)))
s>        ( QUESTION0_19_R 1 -4.371e+03 7.049e+01 1.792e+01
s>            ( QUESTION13 -1 -2.349e+03 8.087e+01 9.780e+00
s>                ( - -1.058e+03 1 0)
s>                ( QUESTION11 -1 -1.210e+03 6.026e+01 5.000e+00
s>                    ( - -2.120e+02 1 0)
s>                    ( - -9.380e+02 3 0)))
s>            ( QUESTION19 -1 -1.951e+03 6.217e+01 8.145e+00
s>                ( - -4.145e+02 2 0)
s>                ( - -1.474e+03 3 0 WDBNDRY_B 0 5.675e+01 6.145e+00))))INFO: dtree.c(1315): Comp split 17
INFO: dtree.c(1439): stop. leaf nodes are specific
INFO: dtree.c(1478): Final simple tree
|( QUESTION2 1 -3.130e+03 1.110e+02 1.303e+01
|    ( - -1.582e+03 1 0)
|    ( - -1.437e+03 2 0))
s>    ( QUESTION2 1 -3.130e+03 1.110e+02 1.303e+01
s>        ( - -1.582e+03 1 0)
s>        ( - -1.437e+03 2 0))INFO: dtree.c(1315): Comp split 18
INFO: dtree.c(1478): Final simple tree
|( QUESTION0_19_R 1 -4.659e+03 7.428e+01 1.893e+01
|    ( QUESTION13 -1 -2.349e+03 8.087e+01 9.780e+00
|        ( - -1.058e+03 1 0)
|        ( QUESTION11 -1 -1.210e+03 6.026e+01 5.000e+00
|            ( - -2.120e+02 1 0)
|            ( - -9.380e+02 3 0)))
|    ( QUESTION0_12_R 1 -2.236e+03 6.356e+01 9.148e+00
|        ( - -2.215e+02 1 0)
|        ( QUESTION19 -1 -1.951e+03 6.217e+01 8.145e+00
|            ( - -4.145e+02 2 0)
|            ( WDBNDRY_B 0 -1.474e+03 5.675e+01 6.145e+00
|                ( QUESTION11 -1 -9.930e+02 5.614e+01 4.144e+00
|                    ( - -1.805e+02 1 0)
|                    ( - -7.563e+02 1 0))
|                ( - -4.244e+02 1 0)))))
s>    ( QUESTION0_19_R 1 -4.659e+03 7.428e+01 1.893e+01
s>        ( QUESTION13 -1 -2.349e+03 8.087e+01 9.780e+00
s>            ( - -1.058e+03 1 0)
s>            ( QUESTION11 -1 -1.210e+03 6.026e+01 5.000e+00
s>                ( - -2.120e+02 1 0)
s>                ( - -9.380e+02 3 0)))
s>        ( QUESTION0_12_R 1 -2.236e+03 6.356e+01 9.148e+00
s>            ( - -2.215e+02 1 0)
s>            ( QUESTION19 -1 -1.951e+03 6.217e+01 8.145e+00
s>                ( - -4.145e+02 2 0)
s>                ( WDBNDRY_B 0 -1.474e+03 5.675e+01 6.145e+00
s>                    ( QUESTION11 -1 -9.930e+02 5.614e+01 4.144e+00
s>                        ( - -1.805e+02 1 0)
s>                        ( - -7.563e+02 1 0))
s>                    ( - -4.244e+02 1 0)))))INFO: dtree.c(1439): stop. leaf nodes are specific
INFO: dtree.c(1478): Final simple tree
|( QUESTION11 -1 -2.177e+03 8.771e+01 8.906e+00
|    ( - -6.655e+02 1 0)
|    ( - -1.424e+03 2 0))
s>    ( QUESTION11 -1 -2.177e+03 8.771e+01 8.906e+00
s>        ( - -6.655e+02 1 0)
s>        ( - -1.424e+03 2 0))INFO: dtree.c(1315): Comp split 19
INFO: dtree.c(1315): Comp split 20
INFO: dtree.c(1315): Comp split 21
INFO: dtree.c(1439): stop. leaf nodes are specific
INFO: dtree.c(1478): Final simple tree
|( QUESTION2_12_L -1 -2.023e+03 1.010e+02 8.002e+00
|    ( - -6.618e+02 1 0)
|    ( QUESTION0_10_R 1 -1.260e+03 8.576e+01 5.002e+00
|        ( - -6.441e+02 1 0)
|        ( QUESTION0_0_R 1 -5.301e+02 6.940e+01 2.000e+00
|            ( - -2.043e+02 1 0)
|            ( - -2.564e+02 1 0))))
s>    ( QUESTION2_12_L -1 -2.023e+03 1.010e+02 8.002e+00
s>        ( - -6.618e+02 1 0)
s>        ( QUESTION0_10_R 1 -1.260e+03 8.576e+01 5.002e+00
s>            ( - -6.441e+02 1 0)
s>            ( QUESTION0_0_R 1 -5.301e+02 6.940e+01 2.000e+00
s>                ( - -2.043e+02 1 0)
s>                ( - -2.564e+02 1 0))))INFO: dtree.c(1315): Comp split 22
INFO: dtree.c(1439): stop. leaf nodes are specific
INFO: dtree.c(1478): Final simple tree
|( QUESTION0_10_R 1 -1.260e+03 8.576e+01 5.002e+00
|    ( - -6.441e+02 1 0)
|    ( QUESTION0_0_R 1 -5.301e+02 6.940e+01 2.000e+00
|        ( - -2.043e+02 1 0)
|        ( - -2.564e+02 1 0)))
s>    ( QUESTION0_10_R 1 -1.260e+03 8.576e+01 5.002e+00
s>        ( - -6.441e+02 1 0)
s>        ( QUESTION0_0_R 1 -5.301e+02 6.940e+01 2.000e+00
s>            ( - -2.043e+02 1 0)
s>            ( - -2.564e+02 1 0)))INFO: dtree.c(1315): Comp split 23
INFO: dtree.c(1439): stop. leaf nodes are specific
INFO: dtree.c(1478): Final simple tree
|( QUESTION0_12_R 1 -3.501e+03 6.476e+01 1.415e+01
|    ( - -2.215e+02 1 0)
|    ( QUESTION13 -1 -3.215e+03 5.842e+01 1.314e+01
|        ( WDBNDRY_B 0 -1.239e+03 5.882e+01 5.145e+00
|            ( - -7.563e+02 1 0)
|            ( - -4.244e+02 1 0))
|        ( QUESTION11 -1 -1.917e+03 5.669e+01 8.000e+00
|            ( QUESTION0_11_R 1 -4.541e+02 6.152e+01 2.000e+00
|                ( - -1.805e+02 1 0)
|                ( - -2.120e+02 1 0))
|            ( QUESTION0_11_R 1 -1.406e+03 5.387e+01 6.000e+00
|                ( - -4.145e+02 2 0)
|                ( - -9.380e+02 3 0)))))
s>    ( QUESTION0_12_R 1 -3.501e+03 6.476e+01 1.415e+01
s>        ( - -2.215e+02 1 0)
s>        ( QUESTION13 -1 -3.215e+03 5.842e+01 1.314e+01
s>            ( WDBNDRY_B 0 -1.239e+03 5.882e+01 5.145e+00
s>                ( - -7.563e+02 1 0)
s>                ( - -4.244e+02 1 0))
s>            ( QUESTION11 -1 -1.917e+03 5.669e+01 8.000e+00
s>                ( QUESTION0_11_R 1 -4.541e+02 6.152e+01 2.000e+00
s>                    ( - -1.805e+02 1 0)
s>                    ( - -2.120e+02 1 0))
s>                ( QUESTION0_11_R 1 -1.406e+03 5.387e+01 6.000e+00
s>                    ( - -4.145e+02 2 0)
s>                    ( - -9.380e+02 3 0)))))INFO: dtree.c(1315): Comp split 24
INFO: dtree.c(1315): Comp split 25
INFO: dtree.c(1439): stop. leaf nodes are specific
INFO: dtree.c(1478): Final simple tree
|( QUESTION0_0_R 1 -5.301e+02 6.940e+01 2.000e+00
|    ( - -2.043e+02 1 0)
|    ( - -2.564e+02 1 0))
s>    ( QUESTION0_0_R 1 -5.301e+02 6.940e+01 2.000e+00
s>        ( - -2.043e+02 1 0)
s>        ( - -2.564e+02 1 0))INFO: dtree.c(1315): Comp split 26
INFO: dtree.c(1315): Comp split 27
INFO: dtree.c(1439): stop. leaf nodes are specific
INFO: dtree.c(1478): Final simple tree
|( QUESTION13 -1 -3.215e+03 5.842e+01 1.314e+01
|    ( WDBNDRY_B 0 -1.239e+03 5.882e+01 5.145e+00
|        ( - -7.563e+02 1 0)
|        ( - -4.244e+02 1 0))
|    ( QUESTION11 -1 -1.917e+03 5.669e+01 8.000e+00
|        ( QUESTION0_11_R 1 -4.541e+02 6.152e+01 2.000e+00
|            ( - -1.805e+02 1 0)
|            ( - -2.120e+02 1 0))
|        ( QUESTION0_11_R 1 -1.406e+03 5.387e+01 6.000e+00
|            ( - -4.145e+02 2 0)
|            ( - -9.380e+02 3 0))))
s>    ( QUESTION13 -1 -3.215e+03 5.842e+01 1.314e+01
s>        ( WDBNDRY_B 0 -1.239e+03 5.882e+01 5.145e+00
s>            ( - -7.563e+02 1 0)
s>            ( - -4.244e+02 1 0))
s>        ( QUESTION11 -1 -1.917e+03 5.669e+01 8.000e+00
s>            ( QUESTION0_11_R 1 -4.541e+02 6.152e+01 2.000e+00
s>                ( - -1.805e+02 1 0)
s>                ( - -2.120e+02 1 0))
s>            ( QUESTION0_11_R 1 -1.406e+03 5.387e+01 6.000e+00
s>                ( - -4.145e+02 2 0)
s>                ( - -9.380e+02 3 0))))INFO: dtree.c(1315): Comp split 28
INFO: dtree.c(1439): stop. leaf nodes are specific
INFO: dtree.c(1478): Final simple tree
|( QUESTION19 -1 -2.940e+03 5.998e+01 1.214e+01
|    ( QUESTION0_11_R 1 -1.406e+03 5.387e+01 6.000e+00
|        ( - -4.145e+02 2 0)
|        ( - -9.380e+02 3 0))
|    ( WDBNDRY_B 0 -1.474e+03 5.675e+01 6.145e+00
|        ( QUESTION11 -1 -9.930e+02 5.614e+01 4.144e+00
|            ( - -1.805e+02 1 0)
|            ( - -7.563e+02 1 0))
|        ( - -4.244e+02 1 0)))
s>    ( QUESTION19 -1 -2.940e+03 5.998e+01 1.214e+01
s>        ( QUESTION0_11_R 1 -1.406e+03 5.387e+01 6.000e+00
s>            ( - -4.145e+02 2 0)
s>            ( - -9.380e+02 3 0))
s>        ( WDBNDRY_B 0 -1.474e+03 5.675e+01 6.145e+00
s>            ( QUESTION11 -1 -9.930e+02 5.614e+01 4.144e+00
s>                ( - -1.805e+02 1 0)
s>                ( - -7.563e+02 1 0))
s>            ( - -4.244e+02 1 0)))INFO: dtree.c(1315): Comp split 29
INFO: dtree.c(1439): stop. leaf nodes are specific
INFO: dtree.c(1478): Final simple tree
|( WDBNDRY_B 0 -1.474e+03 5.675e+01 6.145e+00
|    ( QUESTION11 -1 -9.930e+02 5.614e+01 4.144e+00
|        ( - -1.805e+02 1 0)
|        ( - -7.563e+02 1 0))
|    ( - -4.244e+02 1 0))
s>    ( WDBNDRY_B 0 -1.474e+03 5.675e+01 6.145e+00
s>        ( QUESTION11 -1 -9.930e+02 5.614e+01 4.144e+00
s>            ( - -1.805e+02 1 0)
s>            ( - -7.563e+02 1 0))
s>        ( - -4.244e+02 1 0))INFO: dtree.c(1439): stop. leaf nodes are specific
INFO: dtree.c(1478): Final simple tree
|( QUESTION0_11_R 1 -1.406e+03 5.387e+01 6.000e+00
|    ( - -4.145e+02 2 0)
|    ( - -9.380e+02 3 0))
s>    ( QUESTION0_11_R 1 -1.406e+03 5.387e+01 6.000e+00
s>        ( - -4.145e+02 2 0)
s>        ( - -9.380e+02 3 0))INFO: dtree.c(1315): Comp split 30
INFO: dtree.c(1439): stop. leaf nodes are specific
INFO: dtree.c(1478): Final simple tree
|( QUESTION11 -1 -9.930e+02 5.614e+01 4.144e+00
|    ( - -1.805e+02 1 0)
|    ( - -7.563e+02 1 0))
s>    ( QUESTION11 -1 -9.930e+02 5.614e+01 4.144e+00
s>        ( - -1.805e+02 1 0)
s>        ( - -7.563e+02 1 0))INFO: dtree.c(1315): Comp split 31
INFO: dtree.c(1315): Comp split 32
INFO: dtree.c(1315): Comp split 33
INFO: dtree.c(1318): stop. leaf nodes are specific
Thu May  7 00:23:33 2020
