Current configuration:
[NAME]		[DEFLT]	[VALUE]
-allphones	no	no
-cntthresh	0.00001	1.000000e-05
-csplitmax	100	2000
-csplitmin	1	1
-csplitthr	8e-4	0.000000e+00
-example	no	no
-fullvar	no	no
-help		no	no
-meanfn			/home/abdy/Desktop/diploma/kg/model_parameters/kg.cd_cont_untied/means
-mixwfn			/home/abdy/Desktop/diploma/kg/model_parameters/kg.cd_cont_untied/mixture_weights
-moddeffn		/home/abdy/Desktop/diploma/kg/model_architecture/kg.untied.mdef
-mwfloor	1e-4	1.000000e-08
-phone			k
-psetfn			/home/abdy/Desktop/diploma/kg/model_architecture/kg.tree_questions
-ssplitmax	5	7
-ssplitmin	1	1
-ssplitthr	8e-4	0.000000e+00
-state			1
-stwt			1.0,0.05,0.0,
-treefn			/home/abdy/Desktop/diploma/kg/trees/kg.unpruned/k-1.dtree
-ts2cbfn	.semi.	.cont.
-varfloor	0.00001	1.000000e-05
-varfn			/home/abdy/Desktop/diploma/kg/model_parameters/kg.cd_cont_untied/variances

INFO: main.c(223): Reading: /home/abdy/Desktop/diploma/kg/model_architecture/kg.untied.mdef
INFO: model_def_io.c(573): Model definition info:
INFO: model_def_io.c(574): 10297 total models defined (47 base, 10250 tri)
INFO: model_def_io.c(575): 41188 total states
INFO: model_def_io.c(576): 30891 total tied states
INFO: model_def_io.c(577): 141 total tied CI states
INFO: model_def_io.c(578): 47 total tied transition matrices
INFO: model_def_io.c(579): 4 max state/model
INFO: model_def_io.c(580): 4 min state/model
INFO: main.c(242): Building trees for [k SIL e0 b] through [k zh n e]
INFO: main.c(269): Covering states |[10704 11642]| == 939
INFO: main.c(275): Reading: /home/abdy/Desktop/diploma/kg/model_parameters/kg.cd_cont_untied/mixture_weights
INFO: s3mixw_io.c(173): Read /home/abdy/Desktop/diploma/kg/model_parameters/kg.cd_cont_untied/mixture_weights [939x1x1 array]
INFO: main.c(311): 78 of 313 models have observation count greater than 0.000010
INFO: main.c(95): nrm stwt: 0.045 0.909 0.045 
INFO: s3gau_io.c(169): Read /home/abdy/Desktop/diploma/kg/model_parameters/kg.cd_cont_untied/means [30891x1x1 array]
INFO: s3gau_io.c(169): Read /home/abdy/Desktop/diploma/kg/model_parameters/kg.cd_cont_untied/variances [30891x1x1 array]
INFO: main.c(549): Reading: /home/abdy/Desktop/diploma/kg/model_architecture/kg.tree_questions
INFO: main.c(588): 174 total simple questions (166 phone; 8 word bndry)
INFO: main.c(590): 40 Left Only questions, and 42 Right Only questions
INFO: dtree.c(1478): Final simple tree
|( SILENCE 1 -1.367e+05 7.285e+02 5.379e+02
|    ( - -3.085e+04 1 0)
|    ( QUESTION0_5_R 1 -1.051e+05 4.789e+02 4.080e+02
|        ( WDBNDRY_E 0 -4.201e+04 4.599e+02 1.642e+02
|            ( - 1.722e+02 1 0)
|            ( QUESTION19 -1 -4.173e+04 2.219e+02 1.632e+02
|                ( - -1.696e+04 10 0 QUESTION0_6_R 1 1.018e+02 6.716e+01)
|                ( - -2.454e+04 20 0 QUESTION0 -1 1.714e+02 9.603e+01)))
|        ( QUESTION0_8_R 1 -6.263e+04 3.260e+02 2.438e+02
|            ( QUESTION0 -1 -2.325e+04 4.523e+02 9.054e+01
|                ( - 1.964e+02 1 0)
|                ( SILENCE -1 -2.300e+04 2.182e+02 8.954e+01
|                    ( - -2.538e+02 1 0)
|                    ( - -2.253e+04 15 0 QUESTION0_19_R 1 2.155e+02 8.754e+01)))
|            ( - -3.905e+04 29 0 SILENCE -1 2.153e+02 1.533e+02))))
s>    ( SILENCE 1 -1.367e+05 7.285e+02 5.379e+02
s>        ( - -3.085e+04 1 0)
s>        ( QUESTION0_5_R 1 -1.051e+05 4.789e+02 4.080e+02
s>            ( WDBNDRY_E 0 -4.201e+04 4.599e+02 1.642e+02
s>                ( - 1.722e+02 1 0)
s>                ( QUESTION19 -1 -4.173e+04 2.219e+02 1.632e+02
s>                    ( - -1.696e+04 10 0 QUESTION0_6_R 1 1.018e+02 6.716e+01)
s>                    ( - -2.454e+04 20 0 QUESTION0 -1 1.714e+02 9.603e+01)))
s>            ( QUESTION0_8_R 1 -6.263e+04 3.260e+02 2.438e+02
s>                ( QUESTION0 -1 -2.325e+04 4.523e+02 9.054e+01
s>                    ( - 1.964e+02 1 0)
s>                    ( SILENCE -1 -2.300e+04 2.182e+02 8.954e+01
s>                        ( - -2.538e+02 1 0)
s>                        ( - -2.253e+04 15 0 QUESTION0_19_R 1 2.155e+02 8.754e+01)))
s>                ( - -3.905e+04 29 0 SILENCE -1 2.153e+02 1.533e+02))))INFO: dtree.c(1315): Comp split 0
INFO: dtree.c(1478): Final simple tree
|( QUESTION0_5_R 1 -1.051e+05 4.789e+02 4.080e+02
|    ( WDBNDRY_E 0 -4.201e+04 4.599e+02 1.642e+02
|        ( - 1.722e+02 1 0)
|        ( QUESTION19 -1 -4.173e+04 2.219e+02 1.632e+02
|            ( - -1.696e+04 10 0 QUESTION0_6_R 1 1.018e+02 6.716e+01)
|            ( - -2.454e+04 20 0 QUESTION0 -1 1.714e+02 9.603e+01)))
|    ( QUESTION0_8_R 1 -6.263e+04 3.260e+02 2.438e+02
|        ( QUESTION0 -1 -2.325e+04 4.523e+02 9.054e+01
|            ( - 1.964e+02 1 0)
|            ( SILENCE -1 -2.300e+04 2.182e+02 8.954e+01
|                ( - -2.538e+02 1 0)
|                ( QUESTION0_19_R 1 -2.253e+04 2.155e+02 8.754e+01
|                    ( - -2.029e+03 2 0 QUESTION2_1_L -1 2.083e+02 9.000e+00)
|                    ( - -2.028e+04 13 0 QUESTION2_2_L -1 2.054e+02 7.854e+01))))
|        ( - -3.905e+04 29 0 SILENCE -1 2.153e+02 1.533e+02)))
s>    ( QUESTION0_5_R 1 -1.051e+05 4.789e+02 4.080e+02
s>        ( WDBNDRY_E 0 -4.201e+04 4.599e+02 1.642e+02
s>            ( - 1.722e+02 1 0)
s>            ( QUESTION19 -1 -4.173e+04 2.219e+02 1.632e+02
s>                ( - -1.696e+04 10 0 QUESTION0_6_R 1 1.018e+02 6.716e+01)
s>                ( - -2.454e+04 20 0 QUESTION0 -1 1.714e+02 9.603e+01)))
s>        ( QUESTION0_8_R 1 -6.263e+04 3.260e+02 2.438e+02
s>            ( QUESTION0 -1 -2.325e+04 4.523e+02 9.054e+01
s>                ( - 1.964e+02 1 0)
s>                ( SILENCE -1 -2.300e+04 2.182e+02 8.954e+01
s>                    ( - -2.538e+02 1 0)
s>                    ( QUESTION0_19_R 1 -2.253e+04 2.155e+02 8.754e+01
s>                        ( - -2.029e+03 2 0 QUESTION2_1_L -1 2.083e+02 9.000e+00)
s>                        ( - -2.028e+04 13 0 QUESTION2_2_L -1 2.054e+02 7.854e+01))))
s>            ( - -3.905e+04 29 0 SILENCE -1 2.153e+02 1.533e+02)))INFO: dtree.c(1315): Comp split 1
INFO: dtree.c(1478): Final simple tree
|( SILENCE -1 -4.129e+04 2.160e+02 1.623e+02
|    ( - -4.528e+03 2 0)
|    ( QUESTION0_8_R 1 -3.654e+04 2.089e+02 1.433e+02
|        ( QUESTION2_1_L -1 -2.029e+03 2.083e+02 9.000e+00
|            ( - -1.312e+03 1 0)
|            ( - -5.086e+02 1 0))
|        ( QUESTION17 -1 -3.430e+04 1.795e+02 1.343e+02
|            ( - -5.507e+02 1 0)
|            ( QUESTION5 -1 -3.357e+04 1.787e+02 1.313e+02
|                ( - -7.997e+02 1 0)
|                ( QUESTION19 1 -3.260e+04 1.544e+02 1.273e+02
|                    ( QUESTION2_1_L -1 -2.898e+04 1.639e+02 1.133e+02
|                        ( - -4.212e+03 3 0 QUESTION11 -1 1.503e+02 1.730e+01)
|                        ( - -2.460e+04 19 0 QUESTION3 -1 1.565e+02 9.600e+01))
|                    ( - -3.466e+03 3 0 WDBNDRY_B 0 1.238e+02 1.400e+01))))))
s>    ( SILENCE -1 -4.129e+04 2.160e+02 1.623e+02
s>        ( - -4.528e+03 2 0)
s>        ( QUESTION0_8_R 1 -3.654e+04 2.089e+02 1.433e+02
s>            ( QUESTION2_1_L -1 -2.029e+03 2.083e+02 9.000e+00
s>                ( - -1.312e+03 1 0)
s>                ( - -5.086e+02 1 0))
s>            ( QUESTION17 -1 -3.430e+04 1.795e+02 1.343e+02
s>                ( - -5.507e+02 1 0)
s>                ( QUESTION5 -1 -3.357e+04 1.787e+02 1.313e+02
s>                    ( - -7.997e+02 1 0)
s>                    ( QUESTION19 1 -3.260e+04 1.544e+02 1.273e+02
s>                        ( QUESTION2_1_L -1 -2.898e+04 1.639e+02 1.133e+02
s>                            ( - -4.212e+03 3 0 QUESTION11 -1 1.503e+02 1.730e+01)
s>                            ( - -2.460e+04 19 0 QUESTION3 -1 1.565e+02 9.600e+01))
s>                        ( - -3.466e+03 3 0 WDBNDRY_B 0 1.238e+02 1.400e+01))))))INFO: dtree.c(1478): Final simple tree
|( QUESTION0_2_R 1 -6.332e+04 3.008e+02 2.457e+02
|    ( WDBNDRY_E 0 -4.201e+04 4.599e+02 1.642e+02
|        ( - 1.722e+02 1 0)
|        ( QUESTION19 -1 -4.173e+04 2.219e+02 1.632e+02
|            ( - -1.696e+04 10 0 QUESTION0_6_R 1 1.018e+02 6.716e+01)
|            ( - -2.454e+04 20 0 QUESTION0 -1 1.714e+02 9.603e+01)))
|    ( QUESTION0 -1 -2.101e+04 4.514e+02 8.154e+01
|        ( - 1.964e+02 1 0)
|        ( SILENCE -1 -2.075e+04 2.183e+02 8.054e+01
|            ( - -2.538e+02 1 0)
|            ( QUESTION2_2_L -1 -2.028e+04 2.054e+02 7.854e+01
|                ( - -5.746e+03 1 0)
|                ( WDBNDRY_B 0 -1.433e+04 2.018e+02 5.354e+01
|                    ( - -2.949e+02 1 0)
|                    ( - -1.383e+04 11 0 QUESTION19 -1 1.750e+02 5.154e+01))))))
s>    ( QUESTION0_2_R 1 -6.332e+04 3.008e+02 2.457e+02
s>        ( WDBNDRY_E 0 -4.201e+04 4.599e+02 1.642e+02
s>            ( - 1.722e+02 1 0)
s>            ( QUESTION19 -1 -4.173e+04 2.219e+02 1.632e+02
s>                ( - -1.696e+04 10 0 QUESTION0_6_R 1 1.018e+02 6.716e+01)
s>                ( - -2.454e+04 20 0 QUESTION0 -1 1.714e+02 9.603e+01)))
s>        ( QUESTION0 -1 -2.101e+04 4.514e+02 8.154e+01
s>            ( - 1.964e+02 1 0)
s>            ( SILENCE -1 -2.075e+04 2.183e+02 8.054e+01
s>                ( - -2.538e+02 1 0)
s>                ( QUESTION2_2_L -1 -2.028e+04 2.054e+02 7.854e+01
s>                    ( - -5.746e+03 1 0)
s>                    ( WDBNDRY_B 0 -1.433e+04 2.018e+02 5.354e+01
s>                        ( - -2.949e+02 1 0)
s>                        ( - -1.383e+04 11 0 QUESTION19 -1 1.750e+02 5.154e+01))))))INFO: dtree.c(1315): Comp split 2
INFO: dtree.c(1478): Final simple tree
|( QUESTION0_2_R 1 -6.303e+04 2.995e+02 2.447e+02
|    ( QUESTION19 -1 -4.173e+04 2.219e+02 1.632e+02
|        ( - -1.696e+04 10 0 QUESTION0_6_R 1 1.018e+02 6.716e+01)
|        ( - -2.454e+04 20 0 QUESTION0 -1 1.714e+02 9.603e+01))
|    ( QUESTION0 -1 -2.101e+04 4.514e+02 8.154e+01
|        ( - 1.964e+02 1 0)
|        ( SILENCE -1 -2.075e+04 2.183e+02 8.054e+01
|            ( - -2.538e+02 1 0)
|            ( QUESTION2_2_L -1 -2.028e+04 2.054e+02 7.854e+01
|                ( - -5.746e+03 1 0)
|                ( WDBNDRY_B 0 -1.433e+04 2.018e+02 5.354e+01
|                    ( - -2.949e+02 1 0)
|                    ( QUESTION19 -1 -1.383e+04 1.750e+02 5.154e+01
|                        ( - -1.044e+04 8 0 QUESTION0_14_R 1 1.149e+02 3.854e+01)
|                        ( - -3.214e+03 3 0 QUESTION0_9_R 1 1.454e+02 1.300e+01)))))))
s>    ( QUESTION0_2_R 1 -6.303e+04 2.995e+02 2.447e+02
s>        ( QUESTION19 -1 -4.173e+04 2.219e+02 1.632e+02
s>            ( - -1.696e+04 10 0 QUESTION0_6_R 1 1.018e+02 6.716e+01)
s>            ( - -2.454e+04 20 0 QUESTION0 -1 1.714e+02 9.603e+01))
s>        ( QUESTION0 -1 -2.101e+04 4.514e+02 8.154e+01
s>            ( - 1.964e+02 1 0)
s>            ( SILENCE -1 -2.075e+04 2.183e+02 8.054e+01
s>                ( - -2.538e+02 1 0)
s>                ( QUESTION2_2_L -1 -2.028e+04 2.054e+02 7.854e+01
s>                    ( - -5.746e+03 1 0)
s>                    ( WDBNDRY_B 0 -1.433e+04 2.018e+02 5.354e+01
s>                        ( - -2.949e+02 1 0)
s>                        ( QUESTION19 -1 -1.383e+04 1.750e+02 5.154e+01
s>                            ( - -1.044e+04 8 0 QUESTION0_14_R 1 1.149e+02 3.854e+01)
s>                            ( - -3.214e+03 3 0 QUESTION0_9_R 1 1.454e+02 1.300e+01)))))))INFO: dtree.c(1315): Comp split 3
INFO: dtree.c(1478): Final simple tree
|( QUESTION0_2_R 1 -6.277e+04 2.932e+02 2.437e+02
|    ( QUESTION19 -1 -4.173e+04 2.219e+02 1.632e+02
|        ( - -1.696e+04 10 0 QUESTION0_6_R 1 1.018e+02 6.716e+01)
|        ( QUESTION0 -1 -2.454e+04 1.714e+02 9.603e+01
|            ( - -1.041e+04 12 0 QUESTION1 -1 1.058e+02 4.035e+01)
|            ( - -1.396e+04 8 0 QUESTION0_6_R 1 1.603e+02 5.568e+01)))
|    ( SILENCE -1 -2.075e+04 2.183e+02 8.054e+01
|        ( - -2.538e+02 1 0)
|        ( QUESTION2_2_L -1 -2.028e+04 2.054e+02 7.854e+01
|            ( - -5.746e+03 1 0)
|            ( WDBNDRY_B 0 -1.433e+04 2.018e+02 5.354e+01
|                ( - -2.949e+02 1 0)
|                ( QUESTION19 -1 -1.383e+04 1.750e+02 5.154e+01
|                    ( - -1.044e+04 8 0 QUESTION0_14_R 1 1.149e+02 3.854e+01)
|                    ( - -3.214e+03 3 0 QUESTION0_9_R 1 1.454e+02 1.300e+01))))))
s>    ( QUESTION0_2_R 1 -6.277e+04 2.932e+02 2.437e+02
s>        ( QUESTION19 -1 -4.173e+04 2.219e+02 1.632e+02
s>            ( - -1.696e+04 10 0 QUESTION0_6_R 1 1.018e+02 6.716e+01)
s>            ( QUESTION0 -1 -2.454e+04 1.714e+02 9.603e+01
s>                ( - -1.041e+04 12 0 QUESTION1 -1 1.058e+02 4.035e+01)
s>                ( - -1.396e+04 8 0 QUESTION0_6_R 1 1.603e+02 5.568e+01)))
s>        ( SILENCE -1 -2.075e+04 2.183e+02 8.054e+01
s>            ( - -2.538e+02 1 0)
s>            ( QUESTION2_2_L -1 -2.028e+04 2.054e+02 7.854e+01
s>                ( - -5.746e+03 1 0)
s>                ( WDBNDRY_B 0 -1.433e+04 2.018e+02 5.354e+01
s>                    ( - -2.949e+02 1 0)
s>                    ( QUESTION19 -1 -1.383e+04 1.750e+02 5.154e+01
s>                        ( - -1.044e+04 8 0 QUESTION0_14_R 1 1.149e+02 3.854e+01)
s>                        ( - -3.214e+03 3 0 QUESTION0_9_R 1 1.454e+02 1.300e+01))))))INFO: dtree.c(1315): Comp split 4
INFO: dtree.c(1478): Final simple tree
|( QUESTION2_5_L -1 -5.237e+04 2.180e+02 2.017e+02
|    ( - -8.084e+03 9 0 QUESTION1 -1 9.980e+01 3.134e+01)
|    ( QUESTION0_2_R 1 -4.407e+04 1.798e+02 1.704e+02
|        ( QUESTION19 -1 -3.345e+04 1.966e+02 1.319e+02
|            ( - -1.696e+04 10 0 QUESTION0_6_R 1 1.018e+02 6.716e+01)
|            ( QUESTION0_6_R 1 -1.629e+04 1.465e+02 6.469e+01
|                ( QUESTION10 -1 -1.035e+04 1.393e+02 4.178e+01
|                    ( QUESTION17 -1 -7.413e+03 1.391e+02 2.983e+01
|                        ( - -9.006e+02 1 0)
|                        ( QUESTION11 -1 -6.373e+03 1.492e+02 2.583e+01
|                            ( - -5.174e+03 2 0)
|                            ( - -1.050e+03 1 0)))
|                    ( - -2.796e+03 3 0 WDBNDRY_B 0 9.582e+01 1.195e+01))
|                ( - -5.794e+03 4 0 QUESTION11 -1 1.048e+02 2.290e+01)))
|        ( - -1.044e+04 8 0 QUESTION0_14_R 1 1.149e+02 3.854e+01)))
s>    ( QUESTION2_5_L -1 -5.237e+04 2.180e+02 2.017e+02
s>        ( - -8.084e+03 9 0 QUESTION1 -1 9.980e+01 3.134e+01)
s>        ( QUESTION0_2_R 1 -4.407e+04 1.798e+02 1.704e+02
s>            ( QUESTION19 -1 -3.345e+04 1.966e+02 1.319e+02
s>                ( - -1.696e+04 10 0 QUESTION0_6_R 1 1.018e+02 6.716e+01)
s>                ( QUESTION0_6_R 1 -1.629e+04 1.465e+02 6.469e+01
s>                    ( QUESTION10 -1 -1.035e+04 1.393e+02 4.178e+01
s>                        ( QUESTION17 -1 -7.413e+03 1.391e+02 2.983e+01
s>                            ( - -9.006e+02 1 0)
s>                            ( QUESTION11 -1 -6.373e+03 1.492e+02 2.583e+01
s>                                ( - -5.174e+03 2 0)
s>                                ( - -1.050e+03 1 0)))
s>                        ( - -2.796e+03 3 0 WDBNDRY_B 0 9.582e+01 1.195e+01))
s>                    ( - -5.794e+03 4 0 QUESTION11 -1 1.048e+02 2.290e+01)))
s>            ( - -1.044e+04 8 0 QUESTION0_14_R 1 1.149e+02 3.854e+01)))INFO: dtree.c(1439): stop. leaf nodes are specific
INFO: dtree.c(1478): Final simple tree
|( SILENCE -1 -1.010e+04 2.174e+02 4.200e+01
|    ( - -2.538e+02 1 0)
|    ( WDBNDRY_B 0 -9.628e+03 1.967e+02 4.000e+01
|        ( - -2.949e+02 1 0)
|        ( QUESTION19 -1 -9.137e+03 1.766e+02 3.800e+01
|            ( - -5.746e+03 1 0)
|            ( QUESTION0_9_R 1 -3.214e+03 1.454e+02 1.300e+01
|                ( - -1.925e+03 1 0)
|                ( WDBNDRY_E 0 -1.144e+03 1.445e+02 5.000e+00
|                    ( - -4.057e+02 1 0)
|                    ( - -5.938e+02 1 0))))))
s>    ( SILENCE -1 -1.010e+04 2.174e+02 4.200e+01
s>        ( - -2.538e+02 1 0)
s>        ( WDBNDRY_B 0 -9.628e+03 1.967e+02 4.000e+01
s>            ( - -2.949e+02 1 0)
s>            ( QUESTION19 -1 -9.137e+03 1.766e+02 3.800e+01
s>                ( - -5.746e+03 1 0)
s>                ( QUESTION0_9_R 1 -3.214e+03 1.454e+02 1.300e+01
s>                    ( - -1.925e+03 1 0)
s>                    ( WDBNDRY_E 0 -1.144e+03 1.445e+02 5.000e+00
s>                        ( - -4.057e+02 1 0)
s>                        ( - -5.938e+02 1 0))))))INFO: dtree.c(1315): Comp split 5
INFO: dtree.c(1478): Final simple tree
|( QUESTION17 -1 -2.630e+04 1.791e+02 1.030e+02
|    ( - -5.507e+02 1 0)
|    ( QUESTION5 -1 -2.557e+04 1.702e+02 1.000e+02
|        ( - -7.997e+02 1 0)
|        ( QUESTION3 -1 -2.460e+04 1.565e+02 9.600e+01
|            ( - -1.328e+03 1 0)
|            ( QUESTION14 -1 -2.312e+04 1.374e+02 9.000e+01
|                ( WDBNDRY_B 0 -2.906e+03 1.176e+02 1.212e+01
|                    ( - -1.848e+03 2 0)
|                    ( - -9.406e+02 1 0))
|                ( QUESTION4 -1 -2.007e+04 1.110e+02 7.788e+01
|                    ( - -2.486e+03 2 0)
|                    ( QUESTION19 -1 -1.748e+04 1.045e+02 6.787e+01
|                        ( - -9.281e+03 7 0)
|                        ( - -8.090e+03 6 0 WDBNDRY_B 0 7.986e+01 3.186e+01)))))))
s>    ( QUESTION17 -1 -2.630e+04 1.791e+02 1.030e+02
s>        ( - -5.507e+02 1 0)
s>        ( QUESTION5 -1 -2.557e+04 1.702e+02 1.000e+02
s>            ( - -7.997e+02 1 0)
s>            ( QUESTION3 -1 -2.460e+04 1.565e+02 9.600e+01
s>                ( - -1.328e+03 1 0)
s>                ( QUESTION14 -1 -2.312e+04 1.374e+02 9.000e+01
s>                    ( WDBNDRY_B 0 -2.906e+03 1.176e+02 1.212e+01
s>                        ( - -1.848e+03 2 0)
s>                        ( - -9.406e+02 1 0))
s>                    ( QUESTION4 -1 -2.007e+04 1.110e+02 7.788e+01
s>                        ( - -2.486e+03 2 0)
s>                        ( QUESTION19 -1 -1.748e+04 1.045e+02 6.787e+01
s>                            ( - -9.281e+03 7 0)
s>                            ( - -8.090e+03 6 0 WDBNDRY_B 0 7.986e+01 3.186e+01)))))))INFO: dtree.c(1478): Final simple tree
|( QUESTION12 -1 -1.472e+04 1.897e+02 5.930e+01
|    ( WDBNDRY_B 0 -8.008e+03 1.694e+02 3.330e+01
|        ( - -2.654e+03 1 0)
|        ( QUESTION0_8_R 1 -5.184e+03 1.713e+02 2.130e+01
|            ( QUESTION2_1_L -1 -2.029e+03 2.083e+02 9.000e+00
|                ( - -1.312e+03 1 0)
|                ( - -5.086e+02 1 0))
|            ( WDBNDRY_E 0 -2.984e+03 9.888e+01 1.230e+01
|                ( - -6.597e+02 1 0)
|                ( - -2.225e+03 2 0 QUESTION0_0_R 1 8.757e+01 9.300e+00))))
|    ( QUESTION0_0_R 1 -6.520e+03 1.413e+02 2.600e+01
|        ( - -9.371e+02 1 0)
|        ( SILENCE -1 -5.442e+03 9.800e+01 2.200e+01
|            ( - -4.528e+03 2 0)
|            ( - -8.154e+02 1 0))))
s>    ( QUESTION12 -1 -1.472e+04 1.897e+02 5.930e+01
s>        ( WDBNDRY_B 0 -8.008e+03 1.694e+02 3.330e+01
s>            ( - -2.654e+03 1 0)
s>            ( QUESTION0_8_R 1 -5.184e+03 1.713e+02 2.130e+01
s>                ( QUESTION2_1_L -1 -2.029e+03 2.083e+02 9.000e+00
s>                    ( - -1.312e+03 1 0)
s>                    ( - -5.086e+02 1 0))
s>                ( WDBNDRY_E 0 -2.984e+03 9.888e+01 1.230e+01
s>                    ( - -6.597e+02 1 0)
s>                    ( - -2.225e+03 2 0 QUESTION0_0_R 1 8.757e+01 9.300e+00))))
s>        ( QUESTION0_0_R 1 -6.520e+03 1.413e+02 2.600e+01
s>            ( - -9.371e+02 1 0)
s>            ( SILENCE -1 -5.442e+03 9.800e+01 2.200e+01
s>                ( - -4.528e+03 2 0)
s>                ( - -8.154e+02 1 0))))INFO: dtree.c(1315): Comp split 6
INFO: dtree.c(1478): Final simple tree
|( QUESTION0 -1 -3.181e+04 2.064e+02 1.243e+02
|    ( QUESTION1 -1 -8.084e+03 9.980e+01 3.134e+01
|        ( QUESTION0_6_R 1 -3.594e+03 1.076e+02 1.375e+01
|            ( - -2.805e+03 4 0 QUESTION2_17_L -1 7.994e+01 1.075e+01)
|            ( - -6.817e+02 1 0))
|        ( - -4.390e+03 4 0 QUESTION5 -1 1.062e+02 1.759e+01))
|    ( QUESTION19 -1 -2.352e+04 1.829e+02 9.300e+01
|        ( QUESTION0_6_R 1 -1.696e+04 1.018e+02 6.716e+01
|            ( WDBNDRY_B 0 -7.179e+03 1.146e+02 2.802e+01
|                ( - -1.021e+03 3 0)
|                ( - -6.044e+03 3 0))
|            ( - -9.680e+03 4 0 WDBNDRY_B 0 9.928e+01 3.914e+01))
|        ( QUESTION11 -1 -6.373e+03 1.492e+02 2.583e+01
|            ( - -5.174e+03 2 0)
|            ( - -1.050e+03 1 0))))
s>    ( QUESTION0 -1 -3.181e+04 2.064e+02 1.243e+02
s>        ( QUESTION1 -1 -8.084e+03 9.980e+01 3.134e+01
s>            ( QUESTION0_6_R 1 -3.594e+03 1.076e+02 1.375e+01
s>                ( - -2.805e+03 4 0 QUESTION2_17_L -1 7.994e+01 1.075e+01)
s>                ( - -6.817e+02 1 0))
s>            ( - -4.390e+03 4 0 QUESTION5 -1 1.062e+02 1.759e+01))
s>        ( QUESTION19 -1 -2.352e+04 1.829e+02 9.300e+01
s>            ( QUESTION0_6_R 1 -1.696e+04 1.018e+02 6.716e+01
s>                ( WDBNDRY_B 0 -7.179e+03 1.146e+02 2.802e+01
s>                    ( - -1.021e+03 3 0)
s>                    ( - -6.044e+03 3 0))
s>                ( - -9.680e+03 4 0 WDBNDRY_B 0 9.928e+01 3.914e+01))
s>            ( QUESTION11 -1 -6.373e+03 1.492e+02 2.583e+01
s>                ( - -5.174e+03 2 0)
s>                ( - -1.050e+03 1 0))))INFO: dtree.c(1478): Final simple tree
|( QUESTION0_2_R 1 -2.030e+04 1.431e+02 7.739e+01
|    ( QUESTION16 -1 -9.714e+03 1.270e+02 3.885e+01
|        ( - -9.006e+02 1 0)
|        ( QUESTION12 -1 -8.686e+03 1.021e+02 3.485e+01
|            ( - -1.692e+03 1 0)
|            ( SILENCE -1 -6.892e+03 1.088e+02 2.780e+01
|                ( - -2.148e+03 2 0 QUESTION0_6_R 1 8.029e+01 8.969e+00)
|                ( - -4.636e+03 4 0 WDBNDRY_B 0 8.185e+01 1.883e+01))))
|    ( QUESTION0_14_R 1 -1.044e+04 1.149e+02 3.854e+01
|        ( - -1.131e+03 1 0)
|        ( QUESTION0_15_R 1 -9.199e+03 1.132e+02 3.354e+01
|            ( - -1.989e+03 2 0 WDBNDRY_E 0 8.498e+01 7.053e+00)
|            ( QUESTION0_9_R 1 -7.096e+03 8.949e+01 2.649e+01
|                ( - -4.948e+02 1 0)
|                ( - -6.512e+03 4 0 WDBNDRY_E 0 5.080e+01 2.449e+01)))))
s>    ( QUESTION0_2_R 1 -2.030e+04 1.431e+02 7.739e+01
s>        ( QUESTION16 -1 -9.714e+03 1.270e+02 3.885e+01
s>            ( - -9.006e+02 1 0)
s>            ( QUESTION12 -1 -8.686e+03 1.021e+02 3.485e+01
s>                ( - -1.692e+03 1 0)
s>                ( SILENCE -1 -6.892e+03 1.088e+02 2.780e+01
s>                    ( - -2.148e+03 2 0 QUESTION0_6_R 1 8.029e+01 8.969e+00)
s>                    ( - -4.636e+03 4 0 WDBNDRY_B 0 8.185e+01 1.883e+01))))
s>        ( QUESTION0_14_R 1 -1.044e+04 1.149e+02 3.854e+01
s>            ( - -1.131e+03 1 0)
s>            ( QUESTION0_15_R 1 -9.199e+03 1.132e+02 3.354e+01
s>                ( - -1.989e+03 2 0 WDBNDRY_E 0 8.498e+01 7.053e+00)
s>                ( QUESTION0_9_R 1 -7.096e+03 8.949e+01 2.649e+01
s>                    ( - -4.948e+02 1 0)
s>                    ( - -6.512e+03 4 0 WDBNDRY_E 0 5.080e+01 2.449e+01)))))INFO: dtree.c(1315): Comp split 7
INFO: dtree.c(1478): Final simple tree
|( QUESTION12 -1 -1.397e+04 1.831e+02 5.630e+01
|    ( WDBNDRY_B 0 -7.264e+03 1.749e+02 3.030e+01
|        ( - -2.654e+03 1 0)
|        ( QUESTION0_8_R 1 -4.435e+03 1.387e+02 1.830e+01
|            ( - -1.312e+03 1 0)
|            ( WDBNDRY_E 0 -2.984e+03 9.888e+01 1.230e+01
|                ( - -6.597e+02 1 0)
|                ( QUESTION0_0_R 1 -2.225e+03 8.757e+01 9.300e+00
|                    ( - -1.643e+03 1 0)
|                    ( - -4.945e+02 1 0)))))
|    ( QUESTION0_0_R 1 -6.520e+03 1.413e+02 2.600e+01
|        ( - -9.371e+02 1 0)
|        ( SILENCE -1 -5.442e+03 9.800e+01 2.200e+01
|            ( - -4.528e+03 2 0)
|            ( - -8.154e+02 1 0))))
s>    ( QUESTION12 -1 -1.397e+04 1.831e+02 5.630e+01
s>        ( WDBNDRY_B 0 -7.264e+03 1.749e+02 3.030e+01
s>            ( - -2.654e+03 1 0)
s>            ( QUESTION0_8_R 1 -4.435e+03 1.387e+02 1.830e+01
s>                ( - -1.312e+03 1 0)
s>                ( WDBNDRY_E 0 -2.984e+03 9.888e+01 1.230e+01
s>                    ( - -6.597e+02 1 0)
s>                    ( QUESTION0_0_R 1 -2.225e+03 8.757e+01 9.300e+00
s>                        ( - -1.643e+03 1 0)
s>                        ( - -4.945e+02 1 0)))))
s>        ( QUESTION0_0_R 1 -6.520e+03 1.413e+02 2.600e+01
s>            ( - -9.371e+02 1 0)
s>            ( SILENCE -1 -5.442e+03 9.800e+01 2.200e+01
s>                ( - -4.528e+03 2 0)
s>                ( - -8.154e+02 1 0))))INFO: dtree.c(1315): Comp split 8
INFO: dtree.c(1439): stop. leaf nodes are specific
INFO: dtree.c(1478): Final simple tree
|( WDBNDRY_B 0 -9.628e+03 1.967e+02 4.000e+01
|    ( - -2.949e+02 1 0)
|    ( QUESTION19 -1 -9.137e+03 1.766e+02 3.800e+01
|        ( - -5.746e+03 1 0)
|        ( QUESTION0_9_R 1 -3.214e+03 1.454e+02 1.300e+01
|            ( - -1.925e+03 1 0)
|            ( WDBNDRY_E 0 -1.144e+03 1.445e+02 5.000e+00
|                ( - -4.057e+02 1 0)
|                ( - -5.938e+02 1 0)))))
s>    ( WDBNDRY_B 0 -9.628e+03 1.967e+02 4.000e+01
s>        ( - -2.949e+02 1 0)
s>        ( QUESTION19 -1 -9.137e+03 1.766e+02 3.800e+01
s>            ( - -5.746e+03 1 0)
s>            ( QUESTION0_9_R 1 -3.214e+03 1.454e+02 1.300e+01
s>                ( - -1.925e+03 1 0)
s>                ( WDBNDRY_E 0 -1.144e+03 1.445e+02 5.000e+00
s>                    ( - -4.057e+02 1 0)
s>                    ( - -5.938e+02 1 0)))))INFO: dtree.c(1315): Comp split 9
INFO: dtree.c(1439): stop. leaf nodes are specific
INFO: dtree.c(1478): Final simple tree
|( QUESTION0_4_R 1 -1.110e+04 1.720e+02 4.430e+01
|    ( SILENCE -1 -5.442e+03 9.800e+01 2.200e+01
|        ( - -4.528e+03 2 0)
|        ( - -8.154e+02 1 0))
|    ( QUESTION0_8_R 1 -5.490e+03 1.427e+02 2.230e+01
|        ( - -1.312e+03 1 0)
|        ( WDBNDRY_B 0 -4.035e+03 1.137e+02 1.630e+01
|            ( - -9.371e+02 1 0)
|            ( WDBNDRY_E 0 -2.984e+03 9.888e+01 1.230e+01
|                ( - -6.597e+02 1 0)
|                ( QUESTION0_0_R 1 -2.225e+03 8.757e+01 9.300e+00
|                    ( - -1.643e+03 1 0)
|                    ( - -4.945e+02 1 0))))))
s>    ( QUESTION0_4_R 1 -1.110e+04 1.720e+02 4.430e+01
s>        ( SILENCE -1 -5.442e+03 9.800e+01 2.200e+01
s>            ( - -4.528e+03 2 0)
s>            ( - -8.154e+02 1 0))
s>        ( QUESTION0_8_R 1 -5.490e+03 1.427e+02 2.230e+01
s>            ( - -1.312e+03 1 0)
s>            ( WDBNDRY_B 0 -4.035e+03 1.137e+02 1.630e+01
s>                ( - -9.371e+02 1 0)
s>                ( WDBNDRY_E 0 -2.984e+03 9.888e+01 1.230e+01
s>                    ( - -6.597e+02 1 0)
s>                    ( QUESTION0_0_R 1 -2.225e+03 8.757e+01 9.300e+00
s>                        ( - -1.643e+03 1 0)
s>                        ( - -4.945e+02 1 0))))))INFO: dtree.c(1315): Comp split 10
INFO: dtree.c(1439): stop. leaf nodes are specific
INFO: dtree.c(1478): Final simple tree
|( QUESTION0_6_R 1 -1.584e+04 1.161e+02 6.316e+01
|    ( - -6.044e+03 3 0)
|    ( WDBNDRY_B 0 -9.680e+03 9.928e+01 3.914e+01
|        ( - -1.157e+03 2 0)
|        ( - -8.424e+03 2 0)))
s>    ( QUESTION0_6_R 1 -1.584e+04 1.161e+02 6.316e+01
s>        ( - -6.044e+03 3 0)
s>        ( WDBNDRY_B 0 -9.680e+03 9.928e+01 3.914e+01
s>            ( - -1.157e+03 2 0)
s>            ( - -8.424e+03 2 0)))INFO: dtree.c(1478): Final simple tree
|( QUESTION0 -1 -1.576e+04 1.912e+02 6.118e+01
|    ( QUESTION1 -1 -8.084e+03 9.980e+01 3.134e+01
|        ( QUESTION0_6_R 1 -3.594e+03 1.076e+02 1.375e+01
|            ( QUESTION2_17_L -1 -2.805e+03 7.994e+01 1.075e+01
|                ( - -7.145e+02 1 0)
|                ( - -2.011e+03 3 0 QUESTION2 -1 6.550e+01 7.643e+00))
|            ( - -6.817e+02 1 0))
|        ( QUESTION5 -1 -4.390e+03 1.062e+02 1.759e+01
|            ( - -1.291e+03 2 0 WDBNDRY_B 0 6.928e+01 5.200e+00)
|            ( - -2.992e+03 2 0 QUESTION0_6_R 1 7.032e+01 1.239e+01)))
|    ( QUESTION13 -1 -7.483e+03 1.471e+02 2.984e+01
|        ( - -1.050e+03 1 0)
|        ( QUESTION11 -1 -6.287e+03 9.164e+01 2.484e+01
|            ( - -5.174e+03 2 0)
|            ( - -1.021e+03 3 0))))
s>    ( QUESTION0 -1 -1.576e+04 1.912e+02 6.118e+01
s>        ( QUESTION1 -1 -8.084e+03 9.980e+01 3.134e+01
s>            ( QUESTION0_6_R 1 -3.594e+03 1.076e+02 1.375e+01
s>                ( QUESTION2_17_L -1 -2.805e+03 7.994e+01 1.075e+01
s>                    ( - -7.145e+02 1 0)
s>                    ( - -2.011e+03 3 0 QUESTION2 -1 6.550e+01 7.643e+00))
s>                ( - -6.817e+02 1 0))
s>            ( QUESTION5 -1 -4.390e+03 1.062e+02 1.759e+01
s>                ( - -1.291e+03 2 0 WDBNDRY_B 0 6.928e+01 5.200e+00)
s>                ( - -2.992e+03 2 0 QUESTION0_6_R 1 7.032e+01 1.239e+01)))
s>        ( QUESTION13 -1 -7.483e+03 1.471e+02 2.984e+01
s>            ( - -1.050e+03 1 0)
s>            ( QUESTION11 -1 -6.287e+03 9.164e+01 2.484e+01
s>                ( - -5.174e+03 2 0)
s>                ( - -1.021e+03 3 0))))INFO: dtree.c(1315): Comp split 11
INFO: dtree.c(1439): stop. leaf nodes are specific
INFO: dtree.c(1478): Final simple tree
|( QUESTION19 -1 -9.137e+03 1.766e+02 3.800e+01
|    ( - -5.746e+03 1 0)
|    ( QUESTION0_9_R 1 -3.214e+03 1.454e+02 1.300e+01
|        ( - -1.925e+03 1 0)
|        ( WDBNDRY_E 0 -1.144e+03 1.445e+02 5.000e+00
|            ( - -4.057e+02 1 0)
|            ( - -5.938e+02 1 0))))
s>    ( QUESTION19 -1 -9.137e+03 1.766e+02 3.800e+01
s>        ( - -5.746e+03 1 0)
s>        ( QUESTION0_9_R 1 -3.214e+03 1.454e+02 1.300e+01
s>            ( - -1.925e+03 1 0)
s>            ( WDBNDRY_E 0 -1.144e+03 1.445e+02 5.000e+00
s>                ( - -4.057e+02 1 0)
s>                ( - -5.938e+02 1 0))))INFO: dtree.c(1315): Comp split 12
INFO: dtree.c(1478): Final simple tree
|( QUESTION1 -1 -8.084e+03 9.980e+01 3.134e+01
|    ( QUESTION0_6_R 1 -3.594e+03 1.076e+02 1.375e+01
|        ( QUESTION2_17_L -1 -2.805e+03 7.994e+01 1.075e+01
|            ( - -7.145e+02 1 0)
|            ( QUESTION2 -1 -2.011e+03 6.550e+01 7.643e+00
|                ( - -1.704e+03 2 0 WDBNDRY_B 0 6.280e+01 6.643e+00)
|                ( - -2.412e+02 1 0)))
|        ( - -6.817e+02 1 0))
|    ( QUESTION5 -1 -4.390e+03 1.062e+02 1.759e+01
|        ( WDBNDRY_B 0 -1.291e+03 6.928e+01 5.200e+00
|            ( - -7.985e+02 1 0)
|            ( - -4.234e+02 1 0))
|        ( QUESTION0_6_R 1 -2.992e+03 7.032e+01 1.239e+01
|            ( - -2.680e+03 1 0)
|            ( - -2.419e+02 1 0))))
s>    ( QUESTION1 -1 -8.084e+03 9.980e+01 3.134e+01
s>        ( QUESTION0_6_R 1 -3.594e+03 1.076e+02 1.375e+01
s>            ( QUESTION2_17_L -1 -2.805e+03 7.994e+01 1.075e+01
s>                ( - -7.145e+02 1 0)
s>                ( QUESTION2 -1 -2.011e+03 6.550e+01 7.643e+00
s>                    ( - -1.704e+03 2 0 WDBNDRY_B 0 6.280e+01 6.643e+00)
s>                    ( - -2.412e+02 1 0)))
s>            ( - -6.817e+02 1 0))
s>        ( QUESTION5 -1 -4.390e+03 1.062e+02 1.759e+01
s>            ( WDBNDRY_B 0 -1.291e+03 6.928e+01 5.200e+00
s>                ( - -7.985e+02 1 0)
s>                ( - -4.234e+02 1 0))
s>            ( QUESTION0_6_R 1 -2.992e+03 7.032e+01 1.239e+01
s>                ( - -2.680e+03 1 0)
s>                ( - -2.419e+02 1 0))))INFO: dtree.c(1439): stop. leaf nodes are specific
INFO: dtree.c(1478): Final simple tree
|( QUESTION13 -1 -7.483e+03 1.471e+02 2.984e+01
|    ( - -1.050e+03 1 0)
|    ( QUESTION11 -1 -6.287e+03 9.164e+01 2.484e+01
|        ( - -5.174e+03 2 0)
|        ( - -1.021e+03 3 0)))
s>    ( QUESTION13 -1 -7.483e+03 1.471e+02 2.984e+01
s>        ( - -1.050e+03 1 0)
s>        ( QUESTION11 -1 -6.287e+03 9.164e+01 2.484e+01
s>            ( - -5.174e+03 2 0)
s>            ( - -1.021e+03 3 0)))INFO: dtree.c(1315): Comp split 13
INFO: dtree.c(1478): Final simple tree
|( QUESTION5 -1 -2.557e+04 1.702e+02 1.000e+02
|    ( - -7.997e+02 1 0)
|    ( QUESTION3 -1 -2.460e+04 1.565e+02 9.600e+01
|        ( - -1.328e+03 1 0)
|        ( QUESTION14 -1 -2.312e+04 1.374e+02 9.000e+01
|            ( WDBNDRY_B 0 -2.906e+03 1.176e+02 1.212e+01
|                ( - -1.848e+03 2 0)
|                ( - -9.406e+02 1 0))
|            ( QUESTION4 -1 -2.007e+04 1.110e+02 7.788e+01
|                ( - -2.486e+03 2 0)
|                ( QUESTION19 -1 -1.748e+04 1.045e+02 6.787e+01
|                    ( - -9.281e+03 7 0)
|                    ( WDBNDRY_B 0 -8.090e+03 7.986e+01 3.186e+01
|                        ( - -6.737e+03 4 0 QUESTION0 -1 8.674e+01 2.684e+01)
|                        ( - -1.274e+03 2 0 QUESTION0 -1 9.520e+01 5.015e+00)))))))
s>    ( QUESTION5 -1 -2.557e+04 1.702e+02 1.000e+02
s>        ( - -7.997e+02 1 0)
s>        ( QUESTION3 -1 -2.460e+04 1.565e+02 9.600e+01
s>            ( - -1.328e+03 1 0)
s>            ( QUESTION14 -1 -2.312e+04 1.374e+02 9.000e+01
s>                ( WDBNDRY_B 0 -2.906e+03 1.176e+02 1.212e+01
s>                    ( - -1.848e+03 2 0)
s>                    ( - -9.406e+02 1 0))
s>                ( QUESTION4 -1 -2.007e+04 1.110e+02 7.788e+01
s>                    ( - -2.486e+03 2 0)
s>                    ( QUESTION19 -1 -1.748e+04 1.045e+02 6.787e+01
s>                        ( - -9.281e+03 7 0)
s>                        ( WDBNDRY_B 0 -8.090e+03 7.986e+01 3.186e+01
s>                            ( - -6.737e+03 4 0 QUESTION0 -1 8.674e+01 2.684e+01)
s>                            ( - -1.274e+03 2 0 QUESTION0 -1 9.520e+01 5.015e+00)))))))INFO: dtree.c(1315): Comp split 14
INFO: dtree.c(1478): Final simple tree
|( QUESTION13 -1 -1.078e+04 1.070e+02 4.191e+01
|    ( - -1.692e+03 1 0)
|    ( SILENCE -1 -8.978e+03 1.011e+02 3.485e+01
|        ( QUESTION0_6_R 1 -2.148e+03 8.029e+01 8.969e+00
|            ( - -8.683e+02 1 0)
|            ( - -1.199e+03 1 0))
|        ( QUESTION0_2_R 1 -6.729e+03 1.040e+02 2.588e+01
|            ( WDBNDRY_B 0 -4.636e+03 8.185e+01 1.883e+01
|                ( QUESTION0_6_R 1 -3.484e+03 1.333e+02 1.383e+01
|                    ( - -6.291e+02 1 0)
|                    ( - -2.722e+03 2 0 QUESTION0 -1 7.551e+01 1.083e+01))
|                ( - -1.070e+03 1 0))
|            ( WDBNDRY_E 0 -1.989e+03 8.498e+01 7.053e+00
|                ( - -9.962e+02 1 0)
|                ( - -9.081e+02 1 0)))))
s>    ( QUESTION13 -1 -1.078e+04 1.070e+02 4.191e+01
s>        ( - -1.692e+03 1 0)
s>        ( SILENCE -1 -8.978e+03 1.011e+02 3.485e+01
s>            ( QUESTION0_6_R 1 -2.148e+03 8.029e+01 8.969e+00
s>                ( - -8.683e+02 1 0)
s>                ( - -1.199e+03 1 0))
s>            ( QUESTION0_2_R 1 -6.729e+03 1.040e+02 2.588e+01
s>                ( WDBNDRY_B 0 -4.636e+03 8.185e+01 1.883e+01
s>                    ( QUESTION0_6_R 1 -3.484e+03 1.333e+02 1.383e+01
s>                        ( - -6.291e+02 1 0)
s>                        ( - -2.722e+03 2 0 QUESTION0 -1 7.551e+01 1.083e+01))
s>                    ( - -1.070e+03 1 0))
s>                ( WDBNDRY_E 0 -1.989e+03 8.498e+01 7.053e+00
s>                    ( - -9.962e+02 1 0)
s>                    ( - -9.081e+02 1 0)))))INFO: dtree.c(1439): stop. leaf nodes are specific
INFO: dtree.c(1478): Final simple tree
|( QUESTION0_14_R 1 -9.348e+03 1.192e+02 3.549e+01
|    ( - -1.131e+03 1 0)
|    ( WDBNDRY_B 0 -8.098e+03 1.008e+02 3.049e+01
|        ( - -9.006e+02 1 0)
|        ( QUESTION0_9_R 1 -7.096e+03 8.949e+01 2.649e+01
|            ( - -4.948e+02 1 0)
|            ( WDBNDRY_E 0 -6.512e+03 5.080e+01 2.449e+01
|                ( - -7.747e+02 2 0)
|                ( - -5.687e+03 2 0)))))
s>    ( QUESTION0_14_R 1 -9.348e+03 1.192e+02 3.549e+01
s>        ( - -1.131e+03 1 0)
s>        ( WDBNDRY_B 0 -8.098e+03 1.008e+02 3.049e+01
s>            ( - -9.006e+02 1 0)
s>            ( QUESTION0_9_R 1 -7.096e+03 8.949e+01 2.649e+01
s>                ( - -4.948e+02 1 0)
s>                ( WDBNDRY_E 0 -6.512e+03 5.080e+01 2.449e+01
s>                    ( - -7.747e+02 2 0)
s>                    ( - -5.687e+03 2 0)))))INFO: dtree.c(1315): Comp split 15
INFO: dtree.c(1439): stop. leaf nodes are specific
INFO: dtree.c(1478): Final simple tree
|( QUESTION0_9_R 1 -3.214e+03 1.454e+02 1.300e+01
|    ( - -1.925e+03 1 0)
|    ( WDBNDRY_E 0 -1.144e+03 1.445e+02 5.000e+00
|        ( - -4.057e+02 1 0)
|        ( - -5.938e+02 1 0)))
s>    ( QUESTION0_9_R 1 -3.214e+03 1.454e+02 1.300e+01
s>        ( - -1.925e+03 1 0)
s>        ( WDBNDRY_E 0 -1.144e+03 1.445e+02 5.000e+00
s>            ( - -4.057e+02 1 0)
s>            ( - -5.938e+02 1 0)))INFO: dtree.c(1315): Comp split 16
INFO: dtree.c(1439): stop. leaf nodes are specific
INFO: dtree.c(1478): Final simple tree
|( QUESTION0_8_R 1 -5.490e+03 1.427e+02 2.230e+01
|    ( - -1.312e+03 1 0)
|    ( WDBNDRY_B 0 -4.035e+03 1.137e+02 1.630e+01
|        ( - -9.371e+02 1 0)
|        ( WDBNDRY_E 0 -2.984e+03 9.888e+01 1.230e+01
|            ( - -6.597e+02 1 0)
|            ( QUESTION0_0_R 1 -2.225e+03 8.757e+01 9.300e+00
|                ( - -1.643e+03 1 0)
|                ( - -4.945e+02 1 0)))))
s>    ( QUESTION0_8_R 1 -5.490e+03 1.427e+02 2.230e+01
s>        ( - -1.312e+03 1 0)
s>        ( WDBNDRY_B 0 -4.035e+03 1.137e+02 1.630e+01
s>            ( - -9.371e+02 1 0)
s>            ( WDBNDRY_E 0 -2.984e+03 9.888e+01 1.230e+01
s>                ( - -6.597e+02 1 0)
s>                ( QUESTION0_0_R 1 -2.225e+03 8.757e+01 9.300e+00
s>                    ( - -1.643e+03 1 0)
s>                    ( - -4.945e+02 1 0)))))INFO: dtree.c(1439): stop. leaf nodes are specific
INFO: dtree.c(1478): Final simple tree
|( SILENCE -1 -5.442e+03 9.800e+01 2.200e+01
|    ( - -4.528e+03 2 0)
|    ( - -8.154e+02 1 0))
s>    ( SILENCE -1 -5.442e+03 9.800e+01 2.200e+01
s>        ( - -4.528e+03 2 0)
s>        ( - -8.154e+02 1 0))INFO: dtree.c(1315): Comp split 17
INFO: dtree.c(1478): Final simple tree
|( QUESTION3 -1 -2.460e+04 1.565e+02 9.600e+01
|    ( - -1.328e+03 1 0)
|    ( QUESTION14 -1 -2.312e+04 1.374e+02 9.000e+01
|        ( WDBNDRY_B 0 -2.906e+03 1.176e+02 1.212e+01
|            ( - -1.848e+03 2 0)
|            ( - -9.406e+02 1 0))
|        ( QUESTION4 -1 -2.007e+04 1.110e+02 7.788e+01
|            ( - -2.486e+03 2 0)
|            ( QUESTION19 -1 -1.748e+04 1.045e+02 6.787e+01
|                ( - -9.281e+03 7 0)
|                ( WDBNDRY_B 0 -8.090e+03 7.986e+01 3.186e+01
|                    ( - -6.737e+03 4 0 QUESTION0 -1 8.674e+01 2.684e+01)
|                    ( QUESTION0 -1 -1.274e+03 9.520e+01 5.015e+00
|                        ( - -7.275e+02 1 0)
|                        ( - -4.511e+02 1 0)))))))
s>    ( QUESTION3 -1 -2.460e+04 1.565e+02 9.600e+01
s>        ( - -1.328e+03 1 0)
s>        ( QUESTION14 -1 -2.312e+04 1.374e+02 9.000e+01
s>            ( WDBNDRY_B 0 -2.906e+03 1.176e+02 1.212e+01
s>                ( - -1.848e+03 2 0)
s>                ( - -9.406e+02 1 0))
s>            ( QUESTION4 -1 -2.007e+04 1.110e+02 7.788e+01
s>                ( - -2.486e+03 2 0)
s>                ( QUESTION19 -1 -1.748e+04 1.045e+02 6.787e+01
s>                    ( - -9.281e+03 7 0)
s>                    ( WDBNDRY_B 0 -8.090e+03 7.986e+01 3.186e+01
s>                        ( - -6.737e+03 4 0 QUESTION0 -1 8.674e+01 2.684e+01)
s>                        ( QUESTION0 -1 -1.274e+03 9.520e+01 5.015e+00
s>                            ( - -7.275e+02 1 0)
s>                            ( - -4.511e+02 1 0)))))))INFO: dtree.c(1315): Comp split 18
INFO: dtree.c(1478): Final simple tree
|( QUESTION3 -1 -2.259e+04 1.554e+02 8.800e+01
|    ( - -1.328e+03 1 0)
|    ( QUESTION15 -1 -2.111e+04 1.118e+02 8.200e+01
|        ( WDBNDRY_B 0 -5.794e+03 1.090e+02 2.298e+01
|            ( - -5.234e+03 3 0 QUESTION16 -1 6.312e+01 2.097e+01)
|            ( - -4.511e+02 1 0))
|        ( QUESTION4 -1 -1.520e+04 1.027e+02 5.901e+01
|            ( - -2.486e+03 2 0)
|            ( QUESTION13 -1 -1.261e+04 8.973e+01 4.901e+01
|                ( - -9.406e+02 1 0)
|                ( QUESTION0 -1 -1.158e+04 8.147e+01 4.489e+01
|                    ( WDBNDRY_B 0 -2.222e+03 7.788e+01 8.876e+00
|                        ( - -1.416e+03 1 0)
|                        ( - -7.275e+02 1 0))
|                    ( - -9.281e+03 7 0))))))
s>    ( QUESTION3 -1 -2.259e+04 1.554e+02 8.800e+01
s>        ( - -1.328e+03 1 0)
s>        ( QUESTION15 -1 -2.111e+04 1.118e+02 8.200e+01
s>            ( WDBNDRY_B 0 -5.794e+03 1.090e+02 2.298e+01
s>                ( - -5.234e+03 3 0 QUESTION16 -1 6.312e+01 2.097e+01)
s>                ( - -4.511e+02 1 0))
s>            ( QUESTION4 -1 -1.520e+04 1.027e+02 5.901e+01
s>                ( - -2.486e+03 2 0)
s>                ( QUESTION13 -1 -1.261e+04 8.973e+01 4.901e+01
s>                    ( - -9.406e+02 1 0)
s>                    ( QUESTION0 -1 -1.158e+04 8.147e+01 4.489e+01
s>                        ( WDBNDRY_B 0 -2.222e+03 7.788e+01 8.876e+00
s>                            ( - -1.416e+03 1 0)
s>                            ( - -7.275e+02 1 0))
s>                        ( - -9.281e+03 7 0))))))INFO: dtree.c(1315): Comp split 19
INFO: dtree.c(1478): Final simple tree
|( QUESTION15 -1 -2.111e+04 1.118e+02 8.200e+01
|    ( WDBNDRY_B 0 -5.794e+03 1.090e+02 2.298e+01
|        ( QUESTION16 -1 -5.234e+03 6.312e+01 2.097e+01
|            ( - -2.343e+02 1 0)
|            ( - -4.936e+03 2 0))
|        ( - -4.511e+02 1 0))
|    ( QUESTION4 -1 -1.520e+04 1.027e+02 5.901e+01
|        ( - -2.486e+03 2 0)
|        ( QUESTION13 -1 -1.261e+04 8.973e+01 4.901e+01
|            ( - -9.406e+02 1 0)
|            ( QUESTION0 -1 -1.158e+04 8.147e+01 4.489e+01
|                ( WDBNDRY_B 0 -2.222e+03 7.788e+01 8.876e+00
|                    ( - -1.416e+03 1 0)
|                    ( - -7.275e+02 1 0))
|                ( - -9.281e+03 7 0)))))
s>    ( QUESTION15 -1 -2.111e+04 1.118e+02 8.200e+01
s>        ( WDBNDRY_B 0 -5.794e+03 1.090e+02 2.298e+01
s>            ( QUESTION16 -1 -5.234e+03 6.312e+01 2.097e+01
s>                ( - -2.343e+02 1 0)
s>                ( - -4.936e+03 2 0))
s>            ( - -4.511e+02 1 0))
s>        ( QUESTION4 -1 -1.520e+04 1.027e+02 5.901e+01
s>            ( - -2.486e+03 2 0)
s>            ( QUESTION13 -1 -1.261e+04 8.973e+01 4.901e+01
s>                ( - -9.406e+02 1 0)
s>                ( QUESTION0 -1 -1.158e+04 8.147e+01 4.489e+01
s>                    ( WDBNDRY_B 0 -2.222e+03 7.788e+01 8.876e+00
s>                        ( - -1.416e+03 1 0)
s>                        ( - -7.275e+02 1 0))
s>                    ( - -9.281e+03 7 0)))))INFO: dtree.c(1315): Comp split 20
INFO: dtree.c(1439): stop. leaf nodes are specific
INFO: dtree.c(1478): Final simple tree
|( QUESTION11 -1 -6.287e+03 9.164e+01 2.484e+01
|    ( - -5.174e+03 2 0)
|    ( - -1.021e+03 3 0))
s>    ( QUESTION11 -1 -6.287e+03 9.164e+01 2.484e+01
s>        ( - -5.174e+03 2 0)
s>        ( - -1.021e+03 3 0))INFO: dtree.c(1315): Comp split 21
INFO: dtree.c(1439): stop. leaf nodes are specific
INFO: dtree.c(1478): Final simple tree
|( WDBNDRY_E 0 -1.144e+03 1.445e+02 5.000e+00
|    ( - -4.057e+02 1 0)
|    ( - -5.938e+02 1 0))
s>    ( WDBNDRY_E 0 -1.144e+03 1.445e+02 5.000e+00
s>        ( - -4.057e+02 1 0)
s>        ( - -5.938e+02 1 0))INFO: dtree.c(1315): Comp split 22
INFO: dtree.c(1315): Comp split 23
INFO: dtree.c(1478): Final simple tree
|( QUESTION12 -1 -1.000e+04 1.075e+02 3.891e+01
|    ( WDBNDRY_B 0 -3.780e+03 9.915e+01 1.411e+01
|        ( - -1.692e+03 1 0)
|        ( WDBNDRY_E 0 -1.989e+03 8.498e+01 7.053e+00
|            ( - -9.962e+02 1 0)
|            ( - -9.081e+02 1 0)))
|    ( SILENCE -1 -6.116e+03 9.969e+01 2.480e+01
|        ( QUESTION0_6_R 1 -2.148e+03 8.029e+01 8.969e+00
|            ( - -8.683e+02 1 0)
|            ( - -1.199e+03 1 0))
|        ( WDBNDRY_B 0 -3.869e+03 7.752e+01 1.583e+01
|            ( QUESTION0 -1 -2.722e+03 7.551e+01 1.083e+01
|                ( - -3.184e+02 1 0)
|                ( - -2.328e+03 1 0))
|            ( - -1.070e+03 1 0))))
s>    ( QUESTION12 -1 -1.000e+04 1.075e+02 3.891e+01
s>        ( WDBNDRY_B 0 -3.780e+03 9.915e+01 1.411e+01
s>            ( - -1.692e+03 1 0)
s>            ( WDBNDRY_E 0 -1.989e+03 8.498e+01 7.053e+00
s>                ( - -9.962e+02 1 0)
s>                ( - -9.081e+02 1 0)))
s>        ( SILENCE -1 -6.116e+03 9.969e+01 2.480e+01
s>            ( QUESTION0_6_R 1 -2.148e+03 8.029e+01 8.969e+00
s>                ( - -8.683e+02 1 0)
s>                ( - -1.199e+03 1 0))
s>            ( WDBNDRY_B 0 -3.869e+03 7.752e+01 1.583e+01
s>                ( QUESTION0 -1 -2.722e+03 7.551e+01 1.083e+01
s>                    ( - -3.184e+02 1 0)
s>                    ( - -2.328e+03 1 0))
s>                ( - -1.070e+03 1 0))))INFO: dtree.c(1315): Comp split 24
INFO: dtree.c(1439): stop. leaf nodes are specific
INFO: dtree.c(1478): Final simple tree
|( WDBNDRY_B 0 -4.035e+03 1.137e+02 1.630e+01
|    ( - -9.371e+02 1 0)
|    ( WDBNDRY_E 0 -2.984e+03 9.888e+01 1.230e+01
|        ( - -6.597e+02 1 0)
|        ( QUESTION0_0_R 1 -2.225e+03 8.757e+01 9.300e+00
|            ( - -1.643e+03 1 0)
|            ( - -4.945e+02 1 0))))
s>    ( WDBNDRY_B 0 -4.035e+03 1.137e+02 1.630e+01
s>        ( - -9.371e+02 1 0)
s>        ( WDBNDRY_E 0 -2.984e+03 9.888e+01 1.230e+01
s>            ( - -6.597e+02 1 0)
s>            ( QUESTION0_0_R 1 -2.225e+03 8.757e+01 9.300e+00
s>                ( - -1.643e+03 1 0)
s>                ( - -4.945e+02 1 0))))INFO: dtree.c(1315): Comp split 25
INFO: dtree.c(1439): stop. leaf nodes are specific
INFO: dtree.c(1478): Final simple tree
|( WDBNDRY_B 0 -3.474e+03 1.123e+02 1.439e+01
|    ( - -6.817e+02 1 0)
|    ( - -2.680e+03 1 0))
s>    ( WDBNDRY_B 0 -3.474e+03 1.123e+02 1.439e+01
s>        ( - -6.817e+02 1 0)
s>        ( - -2.680e+03 1 0))INFO: dtree.c(1439): stop. leaf nodes are specific
INFO: dtree.c(1478): Final simple tree
|( QUESTION2_17_L -1 -4.480e+03 9.451e+01 1.695e+01
|    ( - -7.145e+02 1 0)
|    ( QUESTION2 -1 -3.671e+03 7.669e+01 1.384e+01
|        ( WDBNDRY_B 0 -1.704e+03 6.280e+01 6.643e+00
|            ( - -2.655e+02 1 0)
|            ( - -1.376e+03 1 0))
|        ( QUESTION1 -1 -1.891e+03 6.338e+01 7.201e+00
|            ( - -2.412e+02 1 0)
|            ( WDBNDRY_B 0 -1.586e+03 5.489e+01 6.201e+00
|                ( - -7.985e+02 1 0)
|                ( QUESTION0_6_R 1 -7.327e+02 6.745e+01 2.950e+00
|                    ( - -4.234e+02 1 0)
|                    ( - -2.419e+02 1 0))))))
s>    ( QUESTION2_17_L -1 -4.480e+03 9.451e+01 1.695e+01
s>        ( - -7.145e+02 1 0)
s>        ( QUESTION2 -1 -3.671e+03 7.669e+01 1.384e+01
s>            ( WDBNDRY_B 0 -1.704e+03 6.280e+01 6.643e+00
s>                ( - -2.655e+02 1 0)
s>                ( - -1.376e+03 1 0))
s>            ( QUESTION1 -1 -1.891e+03 6.338e+01 7.201e+00
s>                ( - -2.412e+02 1 0)
s>                ( WDBNDRY_B 0 -1.586e+03 5.489e+01 6.201e+00
s>                    ( - -7.985e+02 1 0)
s>                    ( QUESTION0_6_R 1 -7.327e+02 6.745e+01 2.950e+00
s>                        ( - -4.234e+02 1 0)
s>                        ( - -2.419e+02 1 0))))))INFO: dtree.c(1315): Comp split 26
INFO: dtree.c(1439): stop. leaf nodes are specific
INFO: dtree.c(1478): Final simple tree
|( QUESTION19 -1 -1.692e+04 1.030e+02 6.585e+01
|    ( - -9.281e+03 7 0)
|    ( QUESTION0 -1 -7.536e+03 8.023e+01 2.984e+01
|        ( WDBNDRY_B 0 -2.222e+03 7.788e+01 8.876e+00
|            ( - -1.416e+03 1 0)
|            ( - -7.275e+02 1 0))
|        ( QUESTION16 -1 -5.234e+03 6.312e+01 2.097e+01
|            ( - -2.343e+02 1 0)
|            ( - -4.936e+03 2 0))))
s>    ( QUESTION19 -1 -1.692e+04 1.030e+02 6.585e+01
s>        ( - -9.281e+03 7 0)
s>        ( QUESTION0 -1 -7.536e+03 8.023e+01 2.984e+01
s>            ( WDBNDRY_B 0 -2.222e+03 7.788e+01 8.876e+00
s>                ( - -1.416e+03 1 0)
s>                ( - -7.275e+02 1 0))
s>            ( QUESTION16 -1 -5.234e+03 6.312e+01 2.097e+01
s>                ( - -2.343e+02 1 0)
s>                ( - -4.936e+03 2 0))))INFO: dtree.c(1439): stop. leaf nodes are specific
INFO: dtree.c(1478): Final simple tree
|( QUESTION15 -1 -4.066e+03 1.005e+02 1.614e+01
|    ( - -4.511e+02 1 0)
|    ( QUESTION0 -1 -3.514e+03 8.713e+01 1.413e+01
|        ( - -2.486e+03 2 0)
|        ( - -9.406e+02 1 0)))
s>    ( QUESTION15 -1 -4.066e+03 1.005e+02 1.614e+01
s>        ( - -4.511e+02 1 0)
s>        ( QUESTION0 -1 -3.514e+03 8.713e+01 1.413e+01
s>            ( - -2.486e+03 2 0)
s>            ( - -9.406e+02 1 0)))INFO: dtree.c(1315): Comp split 27
INFO: dtree.c(1439): stop. leaf nodes are specific
INFO: dtree.c(1478): Final simple tree
|( WDBNDRY_B 0 -3.473e+03 7.483e+01 1.481e+01
|    ( - -2.328e+03 1 0)
|    ( - -1.070e+03 1 0))
s>    ( WDBNDRY_B 0 -3.473e+03 7.483e+01 1.481e+01
s>        ( - -2.328e+03 1 0)
s>        ( - -1.070e+03 1 0))INFO: dtree.c(1439): stop. leaf nodes are specific
INFO: dtree.c(1478): Final simple tree
|( WDBNDRY_B 0 -6.412e+03 9.809e+01 2.409e+01
|    ( QUESTION0_6_R 1 -4.324e+03 9.497e+01 1.704e+01
|        ( - -8.683e+02 1 0)
|        ( SILENCE -1 -3.361e+03 7.908e+01 1.309e+01
|            ( - -1.199e+03 1 0)
|            ( QUESTION0 -1 -2.083e+03 7.265e+01 8.071e+00
|                ( - -3.184e+02 1 0)
|                ( - -1.692e+03 1 0))))
|    ( WDBNDRY_E 0 -1.989e+03 8.498e+01 7.053e+00
|        ( - -9.962e+02 1 0)
|        ( - -9.081e+02 1 0)))
s>    ( WDBNDRY_B 0 -6.412e+03 9.809e+01 2.409e+01
s>        ( QUESTION0_6_R 1 -4.324e+03 9.497e+01 1.704e+01
s>            ( - -8.683e+02 1 0)
s>            ( SILENCE -1 -3.361e+03 7.908e+01 1.309e+01
s>                ( - -1.199e+03 1 0)
s>                ( QUESTION0 -1 -2.083e+03 7.265e+01 8.071e+00
s>                    ( - -3.184e+02 1 0)
s>                    ( - -1.692e+03 1 0))))
s>        ( WDBNDRY_E 0 -1.989e+03 8.498e+01 7.053e+00
s>            ( - -9.962e+02 1 0)
s>            ( - -9.081e+02 1 0)))INFO: dtree.c(1315): Comp split 28
INFO: dtree.c(1439): stop. leaf nodes are specific
INFO: dtree.c(1478): Final simple tree
|( WDBNDRY_B 0 -7.296e+03 9.584e+01 2.902e+01
|    ( - -1.157e+03 2 0)
|    ( - -6.044e+03 3 0))
s>    ( WDBNDRY_B 0 -7.296e+03 9.584e+01 2.902e+01
s>        ( - -1.157e+03 2 0)
s>        ( - -6.044e+03 3 0))INFO: dtree.c(1315): Comp split 29
INFO: dtree.c(1439): stop. leaf nodes are specific
INFO: dtree.c(1478): Final simple tree
|( WDBNDRY_B 0 -8.098e+03 1.008e+02 3.049e+01
|    ( - -9.006e+02 1 0)
|    ( QUESTION0_9_R 1 -7.096e+03 8.949e+01 2.649e+01
|        ( - -4.948e+02 1 0)
|        ( WDBNDRY_E 0 -6.512e+03 5.080e+01 2.449e+01
|            ( - -7.747e+02 2 0)
|            ( - -5.687e+03 2 0))))
s>    ( WDBNDRY_B 0 -8.098e+03 1.008e+02 3.049e+01
s>        ( - -9.006e+02 1 0)
s>        ( QUESTION0_9_R 1 -7.096e+03 8.949e+01 2.649e+01
s>            ( - -4.948e+02 1 0)
s>            ( WDBNDRY_E 0 -6.512e+03 5.080e+01 2.449e+01
s>                ( - -7.747e+02 2 0)
s>                ( - -5.687e+03 2 0))))INFO: dtree.c(1315): Comp split 30
INFO: dtree.c(1439): stop. leaf nodes are specific
INFO: dtree.c(1478): Final simple tree
|( SILENCE -1 -3.361e+03 7.908e+01 1.309e+01
|    ( - -1.199e+03 1 0)
|    ( QUESTION0 -1 -2.083e+03 7.265e+01 8.071e+00
|        ( - -3.184e+02 1 0)
|        ( - -1.692e+03 1 0)))
s>    ( SILENCE -1 -3.361e+03 7.908e+01 1.309e+01
s>        ( - -1.199e+03 1 0)
s>        ( QUESTION0 -1 -2.083e+03 7.265e+01 8.071e+00
s>            ( - -3.184e+02 1 0)
s>            ( - -1.692e+03 1 0)))INFO: dtree.c(1439): stop. leaf nodes are specific
INFO: dtree.c(1478): Final simple tree
|( WDBNDRY_E 0 -2.936e+03 8.235e+01 1.100e+01
|    ( - -9.962e+02 1 0)
|    ( WDBNDRY_B 0 -1.857e+03 8.102e+01 7.950e+00
|        ( - -8.683e+02 1 0)
|        ( - -9.081e+02 1 0)))
s>    ( WDBNDRY_E 0 -2.936e+03 8.235e+01 1.100e+01
s>        ( - -9.962e+02 1 0)
s>        ( WDBNDRY_B 0 -1.857e+03 8.102e+01 7.950e+00
s>            ( - -8.683e+02 1 0)
s>            ( - -9.081e+02 1 0)))INFO: dtree.c(1315): Comp split 31
INFO: dtree.c(1439): stop. leaf nodes are specific
INFO: dtree.c(1478): Final simple tree
|( WDBNDRY_E 0 -2.984e+03 9.888e+01 1.230e+01
|    ( - -6.597e+02 1 0)
|    ( QUESTION0_0_R 1 -2.225e+03 8.757e+01 9.300e+00
|        ( - -1.643e+03 1 0)
|        ( - -4.945e+02 1 0)))
s>    ( WDBNDRY_E 0 -2.984e+03 9.888e+01 1.230e+01
s>        ( - -6.597e+02 1 0)
s>        ( QUESTION0_0_R 1 -2.225e+03 8.757e+01 9.300e+00
s>            ( - -1.643e+03 1 0)
s>            ( - -4.945e+02 1 0)))INFO: dtree.c(1315): Comp split 32
INFO: dtree.c(1315): Comp split 33
INFO: dtree.c(1439): stop. leaf nodes are specific
INFO: dtree.c(1478): Final simple tree
|( QUESTION0 -1 -6.737e+03 8.674e+01 2.684e+01
|    ( - -1.416e+03 1 0)
|    ( QUESTION16 -1 -5.234e+03 6.312e+01 2.097e+01
|        ( - -2.343e+02 1 0)
|        ( - -4.936e+03 2 0)))
s>    ( QUESTION0 -1 -6.737e+03 8.674e+01 2.684e+01
s>        ( - -1.416e+03 1 0)
s>        ( QUESTION16 -1 -5.234e+03 6.312e+01 2.097e+01
s>            ( - -2.343e+02 1 0)
s>            ( - -4.936e+03 2 0)))INFO: dtree.c(1439): stop. leaf nodes are specific
INFO: dtree.c(1478): Final simple tree
|( WDBNDRY_B 0 -1.008e+04 7.134e+01 3.901e+01
|    ( - -9.281e+03 7 0)
|    ( - -7.275e+02 1 0))
s>    ( WDBNDRY_B 0 -1.008e+04 7.134e+01 3.901e+01
s>        ( - -9.281e+03 7 0)
s>        ( - -7.275e+02 1 0))INFO: dtree.c(1315): Comp split 34
INFO: dtree.c(1439): stop. leaf nodes are specific
INFO: dtree.c(1478): Final simple tree
|( QUESTION0_9_R 1 -7.096e+03 8.949e+01 2.649e+01
|    ( - -4.948e+02 1 0)
|    ( WDBNDRY_E 0 -6.512e+03 5.080e+01 2.449e+01
|        ( - -7.747e+02 2 0)
|        ( - -5.687e+03 2 0)))
s>    ( QUESTION0_9_R 1 -7.096e+03 8.949e+01 2.649e+01
s>        ( - -4.948e+02 1 0)
s>        ( WDBNDRY_E 0 -6.512e+03 5.080e+01 2.449e+01
s>            ( - -7.747e+02 2 0)
s>            ( - -5.687e+03 2 0)))INFO: dtree.c(1315): Comp split 35
INFO: dtree.c(1439): stop. leaf nodes are specific
INFO: dtree.c(1478): Final simple tree
|( QUESTION0 -1 -3.514e+03 8.713e+01 1.413e+01
|    ( - -2.486e+03 2 0)
|    ( - -9.406e+02 1 0))
s>    ( QUESTION0 -1 -3.514e+03 8.713e+01 1.413e+01
s>        ( - -2.486e+03 2 0)
s>        ( - -9.406e+02 1 0))INFO: dtree.c(1315): Comp split 36
INFO: dtree.c(1439): stop. leaf nodes are specific
INFO: dtree.c(1478): Final simple tree
|( QUESTION0_0_R 1 -2.225e+03 8.757e+01 9.300e+00
|    ( - -1.643e+03 1 0)
|    ( - -4.945e+02 1 0))
s>    ( QUESTION0_0_R 1 -2.225e+03 8.757e+01 9.300e+00
s>        ( - -1.643e+03 1 0)
s>        ( - -4.945e+02 1 0))INFO: dtree.c(1315): Comp split 37
INFO: dtree.c(1315): Comp split 38
INFO: dtree.c(1439): stop. leaf nodes are specific
INFO: dtree.c(1478): Final simple tree
|( QUESTION5 -1 -1.910e+03 6.323e+01 7.201e+00
|    ( WDBNDRY_B 0 -1.291e+03 6.928e+01 5.200e+00
|        ( - -7.985e+02 1 0)
|        ( - -4.234e+02 1 0))
|    ( WDBNDRY_B 0 -5.554e+02 4.799e+01 2.001e+00
|        ( - -2.655e+02 1 0)
|        ( - -2.419e+02 1 0)))
s>    ( QUESTION5 -1 -1.910e+03 6.323e+01 7.201e+00
s>        ( WDBNDRY_B 0 -1.291e+03 6.928e+01 5.200e+00
s>            ( - -7.985e+02 1 0)
s>            ( - -4.234e+02 1 0))
s>        ( WDBNDRY_B 0 -5.554e+02 4.799e+01 2.001e+00
s>            ( - -2.655e+02 1 0)
s>            ( - -2.419e+02 1 0)))INFO: dtree.c(1439): stop. leaf nodes are specific
INFO: dtree.c(1478): Final simple tree
|( QUESTION2_17_L -1 -2.472e+03 7.527e+01 9.749e+00
|    ( - -7.145e+02 1 0)
|    ( WDBNDRY_B 0 -1.683e+03 6.597e+01 6.643e+00
|        ( - -2.412e+02 1 0)
|        ( - -1.376e+03 1 0)))
s>    ( QUESTION2_17_L -1 -2.472e+03 7.527e+01 9.749e+00
s>        ( - -7.145e+02 1 0)
s>        ( WDBNDRY_B 0 -1.683e+03 6.597e+01 6.643e+00
s>            ( - -2.412e+02 1 0)
s>            ( - -1.376e+03 1 0)))INFO: dtree.c(1315): Comp split 39
INFO: dtree.c(1315): Comp split 40
INFO: dtree.c(1315): Comp split 41
INFO: dtree.c(1439): stop. leaf nodes are specific
INFO: dtree.c(1478): Final simple tree
|( WDBNDRY_E 0 -6.512e+03 5.080e+01 2.449e+01
|    ( - -7.747e+02 2 0)
|    ( - -5.687e+03 2 0))
s>    ( WDBNDRY_E 0 -6.512e+03 5.080e+01 2.449e+01
s>        ( - -7.747e+02 2 0)
s>        ( - -5.687e+03 2 0))INFO: dtree.c(1315): Comp split 42
INFO: dtree.c(1315): Comp split 43
INFO: dtree.c(1315): Comp split 44
INFO: dtree.c(1439): stop. leaf nodes are specific
INFO: dtree.c(1478): Final simple tree
|( QUESTION16 -1 -5.234e+03 6.312e+01 2.097e+01
|    ( - -2.343e+02 1 0)
|    ( - -4.936e+03 2 0))
s>    ( QUESTION16 -1 -5.234e+03 6.312e+01 2.097e+01
s>        ( - -2.343e+02 1 0)
s>        ( - -4.936e+03 2 0))INFO: dtree.c(1315): Comp split 45
INFO: dtree.c(1439): stop. leaf nodes are specific
INFO: dtree.c(1478): Final simple tree
|( WDBNDRY_B 0 -1.857e+03 8.102e+01 7.950e+00
|    ( - -8.683e+02 1 0)
|    ( - -9.081e+02 1 0))
s>    ( WDBNDRY_B 0 -1.857e+03 8.102e+01 7.950e+00
s>        ( - -8.683e+02 1 0)
s>        ( - -9.081e+02 1 0))INFO: dtree.c(1315): Comp split 46
INFO: dtree.c(1315): Comp split 47
INFO: dtree.c(1439): stop. leaf nodes are specific
INFO: dtree.c(1478): Final simple tree
|( QUESTION0 -1 -2.083e+03 7.265e+01 8.071e+00
|    ( - -3.184e+02 1 0)
|    ( - -1.692e+03 1 0))
s>    ( QUESTION0 -1 -2.083e+03 7.265e+01 8.071e+00
s>        ( - -3.184e+02 1 0)
s>        ( - -1.692e+03 1 0))INFO: dtree.c(1315): Comp split 48
INFO: dtree.c(1439): stop. leaf nodes are specific
INFO: dtree.c(1478): Final simple tree
|( QUESTION5 -1 -1.410e+03 5.591e+01 5.252e+00
|    ( - -7.985e+02 1 0)
|    ( WDBNDRY_B 0 -5.554e+02 4.799e+01 2.001e+00
|        ( - -2.655e+02 1 0)
|        ( - -2.419e+02 1 0)))
s>    ( QUESTION5 -1 -1.410e+03 5.591e+01 5.252e+00
s>        ( - -7.985e+02 1 0)
s>        ( WDBNDRY_B 0 -5.554e+02 4.799e+01 2.001e+00
s>            ( - -2.655e+02 1 0)
s>            ( - -2.419e+02 1 0)))INFO: dtree.c(1315): Comp split 49
INFO: dtree.c(1439): stop. leaf nodes are specific
INFO: dtree.c(1478): Final simple tree
|( WDBNDRY_B 0 -1.683e+03 6.597e+01 6.643e+00
|    ( - -2.412e+02 1 0)
|    ( - -1.376e+03 1 0))
s>    ( WDBNDRY_B 0 -1.683e+03 6.597e+01 6.643e+00
s>        ( - -2.412e+02 1 0)
s>        ( - -1.376e+03 1 0))INFO: dtree.c(1315): Comp split 50
INFO: dtree.c(1315): Comp split 51
INFO: dtree.c(1315): Comp split 52
INFO: dtree.c(1315): Comp split 53
INFO: dtree.c(1315): Comp split 54
INFO: dtree.c(1315): Comp split 55
INFO: dtree.c(1439): stop. leaf nodes are specific
INFO: dtree.c(1478): Final simple tree
|( WDBNDRY_B 0 -5.554e+02 4.799e+01 2.001e+00
|    ( - -2.655e+02 1 0)
|    ( - -2.419e+02 1 0))
s>    ( WDBNDRY_B 0 -5.554e+02 4.799e+01 2.001e+00
s>        ( - -2.655e+02 1 0)
s>        ( - -2.419e+02 1 0))INFO: dtree.c(1315): Comp split 56
INFO: dtree.c(1315): Comp split 57
INFO: dtree.c(1315): Comp split 58
INFO: dtree.c(1318): stop. leaf nodes are specific
Thu May  7 00:23:26 2020
