Current configuration:
[NAME]		[DEFLT]	[VALUE]
-allphones	no	no
-cntthresh	0.00001	1.000000e-05
-csplitmax	100	2000
-csplitmin	1	1
-csplitthr	8e-4	0.000000e+00
-example	no	no
-fullvar	no	no
-help		no	no
-meanfn			/home/abdy/Desktop/diploma/kg/model_parameters/kg.cd_cont_untied/means
-mixwfn			/home/abdy/Desktop/diploma/kg/model_parameters/kg.cd_cont_untied/mixture_weights
-moddeffn		/home/abdy/Desktop/diploma/kg/model_architecture/kg.untied.mdef
-mwfloor	1e-4	1.000000e-08
-phone			d
-psetfn			/home/abdy/Desktop/diploma/kg/model_architecture/kg.tree_questions
-ssplitmax	5	7
-ssplitmin	1	1
-ssplitthr	8e-4	0.000000e+00
-state			2
-stwt			1.0,0.05,0.0,
-treefn			/home/abdy/Desktop/diploma/kg/trees/kg.unpruned/d-2.dtree
-ts2cbfn	.semi.	.cont.
-varfloor	0.00001	1.000000e-05
-varfn			/home/abdy/Desktop/diploma/kg/model_parameters/kg.cd_cont_untied/variances

INFO: main.c(223): Reading: /home/abdy/Desktop/diploma/kg/model_architecture/kg.untied.mdef
INFO: model_def_io.c(573): Model definition info:
INFO: model_def_io.c(574): 10297 total models defined (47 base, 10250 tri)
INFO: model_def_io.c(575): 41188 total states
INFO: model_def_io.c(576): 30891 total tied states
INFO: model_def_io.c(577): 141 total tied CI states
INFO: model_def_io.c(578): 47 total tied transition matrices
INFO: model_def_io.c(579): 4 max state/model
INFO: model_def_io.c(580): 4 min state/model
INFO: main.c(242): Building trees for [d SIL a b] through [d zh u i]
INFO: main.c(269): Covering states |[4611 5378]| == 768
INFO: main.c(275): Reading: /home/abdy/Desktop/diploma/kg/model_parameters/kg.cd_cont_untied/mixture_weights
INFO: s3mixw_io.c(173): Read /home/abdy/Desktop/diploma/kg/model_parameters/kg.cd_cont_untied/mixture_weights [768x1x1 array]
INFO: main.c(311): 83 of 256 models have observation count greater than 0.000010
INFO: main.c(95): nrm stwt: 0.000 0.048 0.952 
INFO: s3gau_io.c(169): Read /home/abdy/Desktop/diploma/kg/model_parameters/kg.cd_cont_untied/means [30891x1x1 array]
INFO: s3gau_io.c(169): Read /home/abdy/Desktop/diploma/kg/model_parameters/kg.cd_cont_untied/variances [30891x1x1 array]
INFO: main.c(549): Reading: /home/abdy/Desktop/diploma/kg/model_architecture/kg.tree_questions
INFO: main.c(588): 174 total simple questions (166 phone; 8 word bndry)
INFO: main.c(590): 40 Left Only questions, and 42 Right Only questions
INFO: dtree.c(1478): Final simple tree
|( QUESTION0_9_R 1 -9.096e+04 4.856e+02 3.685e+02
|    ( - 2.420e+02 1 0)
|    ( QUESTION2_12_L -1 -9.072e+04 4.838e+02 3.675e+02
|        ( - 2.411e+02 1 0)
|        ( QUESTION0_5_R 1 -9.047e+04 4.176e+02 3.665e+02
|            ( WDBNDRY_B 0 -2.366e+04 1.578e+02 9.553e+01
|                ( - -8.797e+03 12 0 QUESTION2_7_L -1 1.084e+02 3.466e+01)
|                ( - -1.471e+04 15 0 QUESTION0_6_R 1 1.337e+02 6.087e+01))
|            ( QUESTION11 1 -6.640e+04 3.192e+02 2.710e+02
|                ( QUESTION15 -1 -3.181e+04 1.981e+02 1.321e+02
|                    ( - -1.254e+04 3 0 QUESTION16 -1 1.319e+02 5.416e+01)
|                    ( - -1.907e+04 18 0 QUESTION19 -1 1.186e+02 7.794e+01))
|                ( QUESTION0 -1 -3.427e+04 1.790e+02 1.389e+02
|                    ( - -1.011e+04 10 0 QUESTION0_3_R 1 1.219e+02 4.119e+01)
|                    ( - -2.398e+04 23 0 QUESTION0_4_R 1 1.240e+02 9.772e+01))))))
s>    ( QUESTION0_9_R 1 -9.096e+04 4.856e+02 3.685e+02
s>        ( - 2.420e+02 1 0)
s>        ( QUESTION2_12_L -1 -9.072e+04 4.838e+02 3.675e+02
s>            ( - 2.411e+02 1 0)
s>            ( QUESTION0_5_R 1 -9.047e+04 4.176e+02 3.665e+02
s>                ( WDBNDRY_B 0 -2.366e+04 1.578e+02 9.553e+01
s>                    ( - -8.797e+03 12 0 QUESTION2_7_L -1 1.084e+02 3.466e+01)
s>                    ( - -1.471e+04 15 0 QUESTION0_6_R 1 1.337e+02 6.087e+01))
s>                ( QUESTION11 1 -6.640e+04 3.192e+02 2.710e+02
s>                    ( QUESTION15 -1 -3.181e+04 1.981e+02 1.321e+02
s>                        ( - -1.254e+04 3 0 QUESTION16 -1 1.319e+02 5.416e+01)
s>                        ( - -1.907e+04 18 0 QUESTION19 -1 1.186e+02 7.794e+01))
s>                    ( QUESTION0 -1 -3.427e+04 1.790e+02 1.389e+02
s>                        ( - -1.011e+04 10 0 QUESTION0_3_R 1 1.219e+02 4.119e+01)
s>                        ( - -2.398e+04 23 0 QUESTION0_4_R 1 1.240e+02 9.772e+01))))))INFO: dtree.c(1315): Comp split 0
INFO: dtree.c(1478): Final simple tree
|( QUESTION2_12_L -1 -9.072e+04 4.838e+02 3.675e+02
|    ( - 2.411e+02 1 0)
|    ( QUESTION0_5_R 1 -9.047e+04 4.176e+02 3.665e+02
|        ( WDBNDRY_B 0 -2.366e+04 1.578e+02 9.553e+01
|            ( - -8.797e+03 12 0 QUESTION2_7_L -1 1.084e+02 3.466e+01)
|            ( QUESTION0_6_R 1 -1.471e+04 1.337e+02 6.087e+01
|                ( - -6.782e+03 7 0 QUESTION13 -1 9.788e+01 2.873e+01)
|                ( - -7.790e+03 8 0 QUESTION2_1_L -1 1.157e+02 3.215e+01)))
|        ( QUESTION11 1 -6.640e+04 3.192e+02 2.710e+02
|            ( QUESTION15 -1 -3.181e+04 1.981e+02 1.321e+02
|                ( - -1.254e+04 3 0 QUESTION16 -1 1.319e+02 5.416e+01)
|                ( - -1.907e+04 18 0 QUESTION19 -1 1.186e+02 7.794e+01))
|            ( QUESTION0 -1 -3.427e+04 1.790e+02 1.389e+02
|                ( - -1.011e+04 10 0 QUESTION0_3_R 1 1.219e+02 4.119e+01)
|                ( - -2.398e+04 23 0 QUESTION0_4_R 1 1.240e+02 9.772e+01)))))
s>    ( QUESTION2_12_L -1 -9.072e+04 4.838e+02 3.675e+02
s>        ( - 2.411e+02 1 0)
s>        ( QUESTION0_5_R 1 -9.047e+04 4.176e+02 3.665e+02
s>            ( WDBNDRY_B 0 -2.366e+04 1.578e+02 9.553e+01
s>                ( - -8.797e+03 12 0 QUESTION2_7_L -1 1.084e+02 3.466e+01)
s>                ( QUESTION0_6_R 1 -1.471e+04 1.337e+02 6.087e+01
s>                    ( - -6.782e+03 7 0 QUESTION13 -1 9.788e+01 2.873e+01)
s>                    ( - -7.790e+03 8 0 QUESTION2_1_L -1 1.157e+02 3.215e+01)))
s>            ( QUESTION11 1 -6.640e+04 3.192e+02 2.710e+02
s>                ( QUESTION15 -1 -3.181e+04 1.981e+02 1.321e+02
s>                    ( - -1.254e+04 3 0 QUESTION16 -1 1.319e+02 5.416e+01)
s>                    ( - -1.907e+04 18 0 QUESTION19 -1 1.186e+02 7.794e+01))
s>                ( QUESTION0 -1 -3.427e+04 1.790e+02 1.389e+02
s>                    ( - -1.011e+04 10 0 QUESTION0_3_R 1 1.219e+02 4.119e+01)
s>                    ( - -2.398e+04 23 0 QUESTION0_4_R 1 1.240e+02 9.772e+01)))))INFO: dtree.c(1315): Comp split 1
INFO: dtree.c(1478): Final simple tree
|( QUESTION0_5_R 1 -9.047e+04 4.176e+02 3.665e+02
|    ( WDBNDRY_B 0 -2.366e+04 1.578e+02 9.553e+01
|        ( - -8.797e+03 12 0 QUESTION2_7_L -1 1.084e+02 3.466e+01)
|        ( QUESTION0_6_R 1 -1.471e+04 1.337e+02 6.087e+01
|            ( - -6.782e+03 7 0 QUESTION13 -1 9.788e+01 2.873e+01)
|            ( - -7.790e+03 8 0 QUESTION2_1_L -1 1.157e+02 3.215e+01)))
|    ( QUESTION11 1 -6.640e+04 3.192e+02 2.710e+02
|        ( QUESTION15 -1 -3.181e+04 1.981e+02 1.321e+02
|            ( QUESTION16 -1 -1.254e+04 1.319e+02 5.416e+01
|                ( - -2.061e+03 1 0)
|                ( - -1.034e+04 2 0 WDBNDRY_B 0 7.803e+01 4.512e+01))
|            ( - -1.907e+04 18 0 QUESTION19 -1 1.186e+02 7.794e+01))
|        ( QUESTION0 -1 -3.427e+04 1.790e+02 1.389e+02
|            ( - -1.011e+04 10 0 QUESTION0_3_R 1 1.219e+02 4.119e+01)
|            ( - -2.398e+04 23 0 QUESTION0_4_R 1 1.240e+02 9.772e+01))))
s>    ( QUESTION0_5_R 1 -9.047e+04 4.176e+02 3.665e+02
s>        ( WDBNDRY_B 0 -2.366e+04 1.578e+02 9.553e+01
s>            ( - -8.797e+03 12 0 QUESTION2_7_L -1 1.084e+02 3.466e+01)
s>            ( QUESTION0_6_R 1 -1.471e+04 1.337e+02 6.087e+01
s>                ( - -6.782e+03 7 0 QUESTION13 -1 9.788e+01 2.873e+01)
s>                ( - -7.790e+03 8 0 QUESTION2_1_L -1 1.157e+02 3.215e+01)))
s>        ( QUESTION11 1 -6.640e+04 3.192e+02 2.710e+02
s>            ( QUESTION15 -1 -3.181e+04 1.981e+02 1.321e+02
s>                ( QUESTION16 -1 -1.254e+04 1.319e+02 5.416e+01
s>                    ( - -2.061e+03 1 0)
s>                    ( - -1.034e+04 2 0 WDBNDRY_B 0 7.803e+01 4.512e+01))
s>                ( - -1.907e+04 18 0 QUESTION19 -1 1.186e+02 7.794e+01))
s>            ( QUESTION0 -1 -3.427e+04 1.790e+02 1.389e+02
s>                ( - -1.011e+04 10 0 QUESTION0_3_R 1 1.219e+02 4.119e+01)
s>                ( - -2.398e+04 23 0 QUESTION0_4_R 1 1.240e+02 9.772e+01))))INFO: dtree.c(1315): Comp split 2
INFO: dtree.c(1478): Final simple tree
|( QUESTION11 1 -5.611e+04 3.226e+02 2.298e+02
|    ( QUESTION15 -1 -3.181e+04 1.981e+02 1.321e+02
|        ( QUESTION16 -1 -1.254e+04 1.319e+02 5.416e+01
|            ( - -2.061e+03 1 0)
|            ( - -1.034e+04 2 0 WDBNDRY_B 0 7.803e+01 4.512e+01))
|        ( QUESTION19 -1 -1.907e+04 1.186e+02 7.794e+01
|            ( QUESTION2_1_L -1 -4.013e+03 1.179e+02 1.681e+01
|                ( - -6.431e+02 1 0)
|                ( - -3.252e+03 3 0 WDBNDRY_B 0 9.153e+01 1.381e+01))
|            ( - -1.494e+04 14 0 QUESTION3 -1 9.853e+01 6.114e+01)))
|    ( QUESTION0_4_R 1 -2.398e+04 1.240e+02 9.772e+01
|        ( - -1.055e+04 10 0 QUESTION14 -1 1.080e+02 4.324e+01)
|        ( QUESTION14 -1 -1.331e+04 1.250e+02 5.448e+01
|            ( - -6.862e+03 4 0 QUESTION13 1 1.082e+02 2.897e+01)
|            ( - -6.319e+03 9 0 QUESTION13 1 1.155e+02 2.551e+01))))
s>    ( QUESTION11 1 -5.611e+04 3.226e+02 2.298e+02
s>        ( QUESTION15 -1 -3.181e+04 1.981e+02 1.321e+02
s>            ( QUESTION16 -1 -1.254e+04 1.319e+02 5.416e+01
s>                ( - -2.061e+03 1 0)
s>                ( - -1.034e+04 2 0 WDBNDRY_B 0 7.803e+01 4.512e+01))
s>            ( QUESTION19 -1 -1.907e+04 1.186e+02 7.794e+01
s>                ( QUESTION2_1_L -1 -4.013e+03 1.179e+02 1.681e+01
s>                    ( - -6.431e+02 1 0)
s>                    ( - -3.252e+03 3 0 WDBNDRY_B 0 9.153e+01 1.381e+01))
s>                ( - -1.494e+04 14 0 QUESTION3 -1 9.853e+01 6.114e+01)))
s>        ( QUESTION0_4_R 1 -2.398e+04 1.240e+02 9.772e+01
s>            ( - -1.055e+04 10 0 QUESTION14 -1 1.080e+02 4.324e+01)
s>            ( QUESTION14 -1 -1.331e+04 1.250e+02 5.448e+01
s>                ( - -6.862e+03 4 0 QUESTION13 1 1.082e+02 2.897e+01)
s>                ( - -6.319e+03 9 0 QUESTION13 1 1.155e+02 2.551e+01))))INFO: dtree.c(1478): Final simple tree
|( QUESTION0_5_R 1 -3.394e+04 1.690e+02 1.367e+02
|    ( WDBNDRY_B 0 -2.366e+04 1.578e+02 9.553e+01
|        ( - -8.797e+03 12 0 QUESTION2_7_L -1 1.084e+02 3.466e+01)
|        ( QUESTION0_6_R 1 -1.471e+04 1.337e+02 6.087e+01
|            ( - -6.782e+03 7 0 QUESTION13 -1 9.788e+01 2.873e+01)
|            ( QUESTION2_1_L -1 -7.790e+03 1.157e+02 3.215e+01
|                ( - -6.055e+02 1 0)
|                ( - -7.069e+03 7 0 QUESTION0 -1 7.991e+01 2.915e+01))))
|    ( QUESTION0_3_R 1 -1.011e+04 1.219e+02 4.119e+01
|        ( QUESTION1 -1 -1.508e+03 4.827e+02 6.000e+00
|            ( - -1.240e+03 3 0 QUESTION2 -1 9.067e+01 5.000e+00)
|            ( - 2.139e+02 1 0))
|        ( QUESTION3 -1 -8.481e+03 1.147e+02 3.519e+01
|            ( - -1.860e+03 2 0)
|            ( - -6.507e+03 4 0 QUESTION13 1 1.026e+02 2.723e+01))))
s>    ( QUESTION0_5_R 1 -3.394e+04 1.690e+02 1.367e+02
s>        ( WDBNDRY_B 0 -2.366e+04 1.578e+02 9.553e+01
s>            ( - -8.797e+03 12 0 QUESTION2_7_L -1 1.084e+02 3.466e+01)
s>            ( QUESTION0_6_R 1 -1.471e+04 1.337e+02 6.087e+01
s>                ( - -6.782e+03 7 0 QUESTION13 -1 9.788e+01 2.873e+01)
s>                ( QUESTION2_1_L -1 -7.790e+03 1.157e+02 3.215e+01
s>                    ( - -6.055e+02 1 0)
s>                    ( - -7.069e+03 7 0 QUESTION0 -1 7.991e+01 2.915e+01))))
s>        ( QUESTION0_3_R 1 -1.011e+04 1.219e+02 4.119e+01
s>            ( QUESTION1 -1 -1.508e+03 4.827e+02 6.000e+00
s>                ( - -1.240e+03 3 0 QUESTION2 -1 9.067e+01 5.000e+00)
s>                ( - 2.139e+02 1 0))
s>            ( QUESTION3 -1 -8.481e+03 1.147e+02 3.519e+01
s>                ( - -1.860e+03 2 0)
s>                ( - -6.507e+03 4 0 QUESTION13 1 1.026e+02 2.723e+01))))INFO: dtree.c(1315): Comp split 3
INFO: dtree.c(1478): Final simple tree
|( QUESTION0_5_R 1 -3.367e+04 1.656e+02 1.357e+02
|    ( WDBNDRY_B 0 -2.366e+04 1.578e+02 9.553e+01
|        ( QUESTION2_7_L -1 -8.797e+03 1.084e+02 3.466e+01
|            ( - -9.758e+02 2 0 QUESTION1 -1 6.533e+01 3.999e+00)
|            ( - -7.713e+03 10 0 QUESTION16 -1 8.656e+01 3.066e+01))
|        ( QUESTION0_6_R 1 -1.471e+04 1.337e+02 6.087e+01
|            ( - -6.782e+03 7 0 QUESTION13 -1 9.788e+01 2.873e+01)
|            ( QUESTION2_1_L -1 -7.790e+03 1.157e+02 3.215e+01
|                ( - -6.055e+02 1 0)
|                ( - -7.069e+03 7 0 QUESTION0 -1 7.991e+01 2.915e+01))))
|    ( QUESTION0_3_R 1 -9.840e+03 1.196e+02 4.019e+01
|        ( - -1.240e+03 3 0 QUESTION2 -1 9.067e+01 5.000e+00)
|        ( QUESTION3 -1 -8.481e+03 1.147e+02 3.519e+01
|            ( - -1.860e+03 2 0)
|            ( - -6.507e+03 4 0 QUESTION13 1 1.026e+02 2.723e+01))))
s>    ( QUESTION0_5_R 1 -3.367e+04 1.656e+02 1.357e+02
s>        ( WDBNDRY_B 0 -2.366e+04 1.578e+02 9.553e+01
s>            ( QUESTION2_7_L -1 -8.797e+03 1.084e+02 3.466e+01
s>                ( - -9.758e+02 2 0 QUESTION1 -1 6.533e+01 3.999e+00)
s>                ( - -7.713e+03 10 0 QUESTION16 -1 8.656e+01 3.066e+01))
s>            ( QUESTION0_6_R 1 -1.471e+04 1.337e+02 6.087e+01
s>                ( - -6.782e+03 7 0 QUESTION13 -1 9.788e+01 2.873e+01)
s>                ( QUESTION2_1_L -1 -7.790e+03 1.157e+02 3.215e+01
s>                    ( - -6.055e+02 1 0)
s>                    ( - -7.069e+03 7 0 QUESTION0 -1 7.991e+01 2.915e+01))))
s>        ( QUESTION0_3_R 1 -9.840e+03 1.196e+02 4.019e+01
s>            ( - -1.240e+03 3 0 QUESTION2 -1 9.067e+01 5.000e+00)
s>            ( QUESTION3 -1 -8.481e+03 1.147e+02 3.519e+01
s>                ( - -1.860e+03 2 0)
s>                ( - -6.507e+03 4 0 QUESTION13 1 1.026e+02 2.723e+01))))INFO: dtree.c(1315): Comp split 4
INFO: dtree.c(1478): Final simple tree
|( QUESTION14 -1 -2.474e+04 1.225e+02 1.007e+02
|    ( QUESTION0_3_R 1 -1.031e+04 1.341e+02 4.277e+01
|        ( QUESTION13 1 -6.862e+03 1.082e+02 2.897e+01
|            ( - -6.151e+02 1 0)
|            ( - -6.139e+03 3 0))
|        ( - -3.311e+03 1 0))
|    ( QUESTION13 1 -1.431e+04 1.193e+02 5.795e+01
|        ( - -3.196e+03 3 0 QUESTION19 -1 6.879e+01 1.354e+01)
|        ( WDBNDRY_B 0 -1.100e+04 1.166e+02 4.441e+01
|            ( - -6.431e+02 1 0)
|            ( QUESTION0_2_R 1 -1.024e+04 1.085e+02 4.141e+01
|                ( QUESTION18 -1 -9.945e+03 9.700e+01 4.041e+01
|                    ( - -3.788e+02 1 0)
|                    ( - -9.469e+03 13 0 QUESTION0_3_R 1 8.888e+01 3.841e+01))
|                ( - -1.824e+02 1 0)))))
s>    ( QUESTION14 -1 -2.474e+04 1.225e+02 1.007e+02
s>        ( QUESTION0_3_R 1 -1.031e+04 1.341e+02 4.277e+01
s>            ( QUESTION13 1 -6.862e+03 1.082e+02 2.897e+01
s>                ( - -6.151e+02 1 0)
s>                ( - -6.139e+03 3 0))
s>            ( - -3.311e+03 1 0))
s>        ( QUESTION13 1 -1.431e+04 1.193e+02 5.795e+01
s>            ( - -3.196e+03 3 0 QUESTION19 -1 6.879e+01 1.354e+01)
s>            ( WDBNDRY_B 0 -1.100e+04 1.166e+02 4.441e+01
s>                ( - -6.431e+02 1 0)
s>                ( QUESTION0_2_R 1 -1.024e+04 1.085e+02 4.141e+01
s>                    ( QUESTION18 -1 -9.945e+03 9.700e+01 4.041e+01
s>                        ( - -3.788e+02 1 0)
s>                        ( - -9.469e+03 13 0 QUESTION0_3_R 1 8.888e+01 3.841e+01))
s>                    ( - -1.824e+02 1 0)))))INFO: dtree.c(1478): Final simple tree
|( QUESTION15 -1 -3.104e+04 1.930e+02 1.291e+02
|    ( QUESTION16 -1 -1.254e+04 1.319e+02 5.416e+01
|        ( - -2.061e+03 1 0)
|        ( - -1.034e+04 2 0 WDBNDRY_B 0 7.803e+01 4.512e+01))
|    ( QUESTION19 -1 -1.831e+04 1.198e+02 7.494e+01
|        ( WDBNDRY_B 0 -3.252e+03 9.153e+01 1.381e+01
|            ( - -1.305e+03 1 0)
|            ( - -1.856e+03 2 0))
|        ( QUESTION3 -1 -1.494e+04 9.853e+01 6.114e+01
|            ( WDBNDRY_B 0 -3.276e+03 1.709e+02 1.401e+01
|                ( - -5.330e+02 1 0)
|                ( QUESTION0_3_R 1 -2.573e+03 1.154e+02 1.101e+01
|                    ( - -2.031e+03 1 0)
|                    ( - -4.262e+02 1 0)))
|            ( - -1.156e+04 11 0 WDBNDRY_B 0 8.104e+01 4.713e+01))))
s>    ( QUESTION15 -1 -3.104e+04 1.930e+02 1.291e+02
s>        ( QUESTION16 -1 -1.254e+04 1.319e+02 5.416e+01
s>            ( - -2.061e+03 1 0)
s>            ( - -1.034e+04 2 0 WDBNDRY_B 0 7.803e+01 4.512e+01))
s>        ( QUESTION19 -1 -1.831e+04 1.198e+02 7.494e+01
s>            ( WDBNDRY_B 0 -3.252e+03 9.153e+01 1.381e+01
s>                ( - -1.305e+03 1 0)
s>                ( - -1.856e+03 2 0))
s>            ( QUESTION3 -1 -1.494e+04 9.853e+01 6.114e+01
s>                ( WDBNDRY_B 0 -3.276e+03 1.709e+02 1.401e+01
s>                    ( - -5.330e+02 1 0)
s>                    ( QUESTION0_3_R 1 -2.573e+03 1.154e+02 1.101e+01
s>                        ( - -2.031e+03 1 0)
s>                        ( - -4.262e+02 1 0)))
s>                ( - -1.156e+04 11 0 WDBNDRY_B 0 8.104e+01 4.713e+01))))INFO: dtree.c(1315): Comp split 5
INFO: dtree.c(1478): Final simple tree
|( QUESTION0_5_R 1 -2.377e+04 1.146e+02 9.649e+01
|    ( WDBNDRY_B 0 -2.180e+04 1.089e+02 8.854e+01
|        ( QUESTION16 -1 -7.713e+03 8.656e+01 3.066e+01
|            ( - -9.767e+02 1 0)
|            ( - -6.650e+03 9 0 QUESTION4 -1 8.458e+01 2.631e+01))
|        ( QUESTION0_6_R 1 -1.398e+04 1.252e+02 5.787e+01
|            ( QUESTION13 -1 -6.782e+03 9.788e+01 2.873e+01
|                ( QUESTION14 -1 -2.733e+03 8.458e+01 1.186e+01
|                    ( - -6.156e+02 1 0)
|                    ( - -2.033e+03 1 0))
|                ( QUESTION2 -1 -3.951e+03 9.039e+01 1.687e+01
|                    ( - -9.335e+02 1 0)
|                    ( - -2.927e+03 4 0 QUESTION0 -1 7.527e+01 1.242e+01)))
|            ( - -7.069e+03 7 0 QUESTION0 -1 7.991e+01 2.915e+01)))
|    ( - -1.860e+03 2 0))
s>    ( QUESTION0_5_R 1 -2.377e+04 1.146e+02 9.649e+01
s>        ( WDBNDRY_B 0 -2.180e+04 1.089e+02 8.854e+01
s>            ( QUESTION16 -1 -7.713e+03 8.656e+01 3.066e+01
s>                ( - -9.767e+02 1 0)
s>                ( - -6.650e+03 9 0 QUESTION4 -1 8.458e+01 2.631e+01))
s>            ( QUESTION0_6_R 1 -1.398e+04 1.252e+02 5.787e+01
s>                ( QUESTION13 -1 -6.782e+03 9.788e+01 2.873e+01
s>                    ( QUESTION14 -1 -2.733e+03 8.458e+01 1.186e+01
s>                        ( - -6.156e+02 1 0)
s>                        ( - -2.033e+03 1 0))
s>                    ( QUESTION2 -1 -3.951e+03 9.039e+01 1.687e+01
s>                        ( - -9.335e+02 1 0)
s>                        ( - -2.927e+03 4 0 QUESTION0 -1 7.527e+01 1.242e+01)))
s>                ( - -7.069e+03 7 0 QUESTION0 -1 7.991e+01 2.915e+01)))
s>        ( - -1.860e+03 2 0))INFO: dtree.c(1478): Final simple tree
|( QUESTION0_7_R 1 -9.685e+03 1.470e+02 3.923e+01
|    ( QUESTION13 1 -6.507e+03 1.026e+02 2.723e+01
|        ( - -4.161e+02 1 0)
|        ( QUESTION1 -1 -5.988e+03 9.975e+01 2.523e+01
|            ( - -5.275e+03 2 0)
|            ( - -6.134e+02 1 0)))
|    ( QUESTION0 -1 -3.032e+03 1.260e+02 1.200e+01
|        ( QUESTION2_6_L -1 -2.300e+03 8.778e+01 8.999e+00
|            ( - -4.484e+02 1 0)
|            ( WDBNDRY_B 0 -1.764e+03 8.756e+01 6.999e+00
|                ( QUESTION1 -1 -9.758e+02 6.533e+01 3.999e+00
|                    ( - -4.569e+02 1 0)
|                    ( - -4.536e+02 1 0))
|                ( - -7.004e+02 2 0)))
|        ( - -6.055e+02 1 0)))
s>    ( QUESTION0_7_R 1 -9.685e+03 1.470e+02 3.923e+01
s>        ( QUESTION13 1 -6.507e+03 1.026e+02 2.723e+01
s>            ( - -4.161e+02 1 0)
s>            ( QUESTION1 -1 -5.988e+03 9.975e+01 2.523e+01
s>                ( - -5.275e+03 2 0)
s>                ( - -6.134e+02 1 0)))
s>        ( QUESTION0 -1 -3.032e+03 1.260e+02 1.200e+01
s>            ( QUESTION2_6_L -1 -2.300e+03 8.778e+01 8.999e+00
s>                ( - -4.484e+02 1 0)
s>                ( WDBNDRY_B 0 -1.764e+03 8.756e+01 6.999e+00
s>                    ( QUESTION1 -1 -9.758e+02 6.533e+01 3.999e+00
s>                        ( - -4.569e+02 1 0)
s>                        ( - -4.536e+02 1 0))
s>                    ( - -7.004e+02 2 0)))
s>            ( - -6.055e+02 1 0)))INFO: dtree.c(1315): Comp split 6
INFO: dtree.c(1439): stop. leaf nodes are specific
INFO: dtree.c(1478): Final simple tree
|( WDBNDRY_B 0 -1.034e+04 7.803e+01 4.512e+01
|    ( - -1.258e+03 1 0)
|    ( - -9.007e+03 1 0))
s>    ( WDBNDRY_B 0 -1.034e+04 7.803e+01 4.512e+01
s>        ( - -1.258e+03 1 0)
s>        ( - -9.007e+03 1 0))INFO: dtree.c(1478): Final simple tree
|( QUESTION15 -1 -2.049e+04 1.193e+02 8.398e+01
|    ( - -2.061e+03 1 0)
|    ( QUESTION19 -1 -1.831e+04 1.198e+02 7.494e+01
|        ( WDBNDRY_B 0 -3.252e+03 9.153e+01 1.381e+01
|            ( - -1.305e+03 1 0)
|            ( - -1.856e+03 2 0))
|        ( QUESTION3 -1 -1.494e+04 9.853e+01 6.114e+01
|            ( WDBNDRY_B 0 -3.276e+03 1.709e+02 1.401e+01
|                ( - -5.330e+02 1 0)
|                ( QUESTION0_3_R 1 -2.573e+03 1.154e+02 1.101e+01
|                    ( - -2.031e+03 1 0)
|                    ( - -4.262e+02 1 0)))
|            ( WDBNDRY_B 0 -1.156e+04 8.104e+01 4.713e+01
|                ( - -3.423e+03 5 0 QUESTION1 -1 1.054e+02 1.400e+01)
|                ( - -8.060e+03 6 0 QUESTION1 -1 7.522e+01 3.314e+01)))))
s>    ( QUESTION15 -1 -2.049e+04 1.193e+02 8.398e+01
s>        ( - -2.061e+03 1 0)
s>        ( QUESTION19 -1 -1.831e+04 1.198e+02 7.494e+01
s>            ( WDBNDRY_B 0 -3.252e+03 9.153e+01 1.381e+01
s>                ( - -1.305e+03 1 0)
s>                ( - -1.856e+03 2 0))
s>            ( QUESTION3 -1 -1.494e+04 9.853e+01 6.114e+01
s>                ( WDBNDRY_B 0 -3.276e+03 1.709e+02 1.401e+01
s>                    ( - -5.330e+02 1 0)
s>                    ( QUESTION0_3_R 1 -2.573e+03 1.154e+02 1.101e+01
s>                        ( - -2.031e+03 1 0)
s>                        ( - -4.262e+02 1 0)))
s>                ( WDBNDRY_B 0 -1.156e+04 8.104e+01 4.713e+01
s>                    ( - -3.423e+03 5 0 QUESTION1 -1 1.054e+02 1.400e+01)
s>                    ( - -8.060e+03 6 0 QUESTION1 -1 7.522e+01 3.314e+01)))))INFO: dtree.c(1315): Comp split 7
INFO: dtree.c(1478): Final simple tree
|( QUESTION15 -1 -1.978e+04 1.187e+02 8.098e+01
|    ( - -2.061e+03 1 0)
|    ( QUESTION19 -1 -1.760e+04 1.172e+02 7.194e+01
|        ( WDBNDRY_B 0 -3.252e+03 9.153e+01 1.381e+01
|            ( - -1.305e+03 1 0)
|            ( - -1.856e+03 2 0))
|        ( QUESTION0_3_R 1 -1.423e+04 9.770e+01 5.814e+01
|            ( QUESTION3 -1 -1.370e+04 1.081e+02 5.614e+01
|                ( - -2.031e+03 1 0)
|                ( WDBNDRY_B 0 -1.156e+04 8.104e+01 4.713e+01
|                    ( QUESTION1 -1 -3.423e+03 1.054e+02 1.400e+01
|                        ( - -1.646e+03 1 0)
|                        ( - -1.672e+03 4 0 QUESTION10 -1 7.567e+01 7.000e+00))
|                    ( - -8.060e+03 6 0 QUESTION1 -1 7.522e+01 3.314e+01)))
|            ( - -4.262e+02 1 0))))
s>    ( QUESTION15 -1 -1.978e+04 1.187e+02 8.098e+01
s>        ( - -2.061e+03 1 0)
s>        ( QUESTION19 -1 -1.760e+04 1.172e+02 7.194e+01
s>            ( WDBNDRY_B 0 -3.252e+03 9.153e+01 1.381e+01
s>                ( - -1.305e+03 1 0)
s>                ( - -1.856e+03 2 0))
s>            ( QUESTION0_3_R 1 -1.423e+04 9.770e+01 5.814e+01
s>                ( QUESTION3 -1 -1.370e+04 1.081e+02 5.614e+01
s>                    ( - -2.031e+03 1 0)
s>                    ( WDBNDRY_B 0 -1.156e+04 8.104e+01 4.713e+01
s>                        ( QUESTION1 -1 -3.423e+03 1.054e+02 1.400e+01
s>                            ( - -1.646e+03 1 0)
s>                            ( - -1.672e+03 4 0 QUESTION10 -1 7.567e+01 7.000e+00))
s>                        ( - -8.060e+03 6 0 QUESTION1 -1 7.522e+01 3.314e+01)))
s>                ( - -4.262e+02 1 0))))INFO: dtree.c(1315): Comp split 8
INFO: dtree.c(1439): stop. leaf nodes are specific
INFO: dtree.c(1478): Final simple tree
|( QUESTION1 -1 -5.988e+03 9.975e+01 2.523e+01
|    ( - -5.275e+03 2 0)
|    ( - -6.134e+02 1 0))
s>    ( QUESTION1 -1 -5.988e+03 9.975e+01 2.523e+01
s>        ( - -5.275e+03 2 0)
s>        ( - -6.134e+02 1 0))INFO: dtree.c(1439): stop. leaf nodes are specific
INFO: dtree.c(1478): Final simple tree
|( QUESTION0 -1 -3.530e+03 1.205e+02 1.400e+01
|    ( WDBNDRY_B 0 -2.804e+03 9.135e+01 1.100e+01
|        ( QUESTION1 -1 -9.758e+02 6.533e+01 3.999e+00
|            ( - -4.569e+02 1 0)
|            ( - -4.536e+02 1 0))
|        ( QUESTION2 -1 -1.737e+03 8.503e+01 7.000e+00
|            ( QUESTION0_3_R 1 -1.203e+03 8.681e+01 5.000e+00
|                ( - -7.004e+02 2 0)
|                ( - -4.161e+02 1 0))
|            ( - -4.484e+02 1 0)))
|    ( - -6.055e+02 1 0))
s>    ( QUESTION0 -1 -3.530e+03 1.205e+02 1.400e+01
s>        ( WDBNDRY_B 0 -2.804e+03 9.135e+01 1.100e+01
s>            ( QUESTION1 -1 -9.758e+02 6.533e+01 3.999e+00
s>                ( - -4.569e+02 1 0)
s>                ( - -4.536e+02 1 0))
s>            ( QUESTION2 -1 -1.737e+03 8.503e+01 7.000e+00
s>                ( QUESTION0_3_R 1 -1.203e+03 8.681e+01 5.000e+00
s>                    ( - -7.004e+02 2 0)
s>                    ( - -4.161e+02 1 0))
s>                ( - -4.484e+02 1 0)))
s>        ( - -6.055e+02 1 0))INFO: dtree.c(1315): Comp split 9
INFO: dtree.c(1439): stop. leaf nodes are specific
INFO: dtree.c(1478): Final simple tree
|( QUESTION13 1 -7.333e+03 1.103e+02 3.097e+01
|    ( - -6.151e+02 1 0)
|    ( QUESTION14 -1 -6.608e+03 9.046e+01 2.797e+01
|        ( - -6.139e+03 3 0)
|        ( - -3.788e+02 1 0)))
s>    ( QUESTION13 1 -7.333e+03 1.103e+02 3.097e+01
s>        ( - -6.151e+02 1 0)
s>        ( QUESTION14 -1 -6.608e+03 9.046e+01 2.797e+01
s>            ( - -6.139e+03 3 0)
s>            ( - -3.788e+02 1 0)))INFO: dtree.c(1478): Final simple tree
|( QUESTION15 -1 -1.726e+04 1.232e+02 6.975e+01
|    ( QUESTION0_3_R 1 -8.121e+03 9.251e+01 3.337e+01
|        ( - -2.391e+03 3 0 QUESTION13 1 7.711e+01 9.967e+00)
|        ( - -5.637e+03 6 0 QUESTION17 -1 7.996e+01 2.340e+01))
|    ( QUESTION0_2_R 1 -9.015e+03 1.073e+02 3.638e+01
|        ( QUESTION11 1 -8.725e+03 1.061e+02 3.538e+01
|            ( - -6.431e+02 1 0)
|            ( QUESTION13 1 -7.976e+03 9.774e+01 3.238e+01
|                ( - -2.494e+03 2 0 WDBNDRY_B 0 7.458e+01 1.054e+01)
|                ( QUESTION13 -1 -5.384e+03 8.414e+01 2.184e+01
|                    ( - -3.311e+03 1 0)
|                    ( QUESTION11 -1 -1.989e+03 8.500e+01 8.041e+00
|                        ( - -1.871e+02 1 0)
|                        ( - -1.717e+03 4 0 QUESTION0_3_R 1 6.542e+01 7.041e+00)))))
|        ( - -1.824e+02 1 0)))
s>    ( QUESTION15 -1 -1.726e+04 1.232e+02 6.975e+01
s>        ( QUESTION0_3_R 1 -8.121e+03 9.251e+01 3.337e+01
s>            ( - -2.391e+03 3 0 QUESTION13 1 7.711e+01 9.967e+00)
s>            ( - -5.637e+03 6 0 QUESTION17 -1 7.996e+01 2.340e+01))
s>        ( QUESTION0_2_R 1 -9.015e+03 1.073e+02 3.638e+01
s>            ( QUESTION11 1 -8.725e+03 1.061e+02 3.538e+01
s>                ( - -6.431e+02 1 0)
s>                ( QUESTION13 1 -7.976e+03 9.774e+01 3.238e+01
s>                    ( - -2.494e+03 2 0 WDBNDRY_B 0 7.458e+01 1.054e+01)
s>                    ( QUESTION13 -1 -5.384e+03 8.414e+01 2.184e+01
s>                        ( - -3.311e+03 1 0)
s>                        ( QUESTION11 -1 -1.989e+03 8.500e+01 8.041e+00
s>                            ( - -1.871e+02 1 0)
s>                            ( - -1.717e+03 4 0 QUESTION0_3_R 1 6.542e+01 7.041e+00)))))
s>            ( - -1.824e+02 1 0)))INFO: dtree.c(1315): Comp split 10
INFO: dtree.c(1439): stop. leaf nodes are specific
INFO: dtree.c(1478): Final simple tree
|( QUESTION13 -1 -6.081e+03 9.651e+01 2.575e+01
|    ( - -2.033e+03 1 0)
|    ( QUESTION2 -1 -3.951e+03 9.039e+01 1.687e+01
|        ( - -9.335e+02 1 0)
|        ( QUESTION0 -1 -2.927e+03 7.527e+01 1.242e+01
|            ( - -1.157e+03 1 0)
|            ( QUESTION11 -1 -1.695e+03 7.300e+01 7.253e+00
|                ( - -4.264e+02 1 0)
|                ( - -1.195e+03 2 0)))))
s>    ( QUESTION13 -1 -6.081e+03 9.651e+01 2.575e+01
s>        ( - -2.033e+03 1 0)
s>        ( QUESTION2 -1 -3.951e+03 9.039e+01 1.687e+01
s>            ( - -9.335e+02 1 0)
s>            ( QUESTION0 -1 -2.927e+03 7.527e+01 1.242e+01
s>                ( - -1.157e+03 1 0)
s>                ( QUESTION11 -1 -1.695e+03 7.300e+01 7.253e+00
s>                    ( - -4.264e+02 1 0)
s>                    ( - -1.195e+03 2 0)))))INFO: dtree.c(1478): Final simple tree
|( QUESTION0_5_R 1 -1.755e+04 1.169e+02 7.074e+01
|    ( WDBNDRY_B 0 -1.558e+04 1.095e+02 6.279e+01
|        ( QUESTION16 -1 -7.713e+03 8.656e+01 3.066e+01
|            ( - -9.767e+02 1 0)
|            ( QUESTION4 -1 -6.650e+03 8.458e+01 2.631e+01
|                ( - -8.079e+02 1 0)
|                ( QUESTION11 -1 -5.757e+03 7.881e+01 2.261e+01
|                    ( - -1.450e+03 1 0)
|                    ( QUESTION3 -1 -4.229e+03 7.018e+01 1.661e+01
|                        ( - -7.198e+02 1 0)
|                        ( - -3.439e+03 6 0 QUESTION13 -1 5.786e+01 1.359e+01)))))
|        ( QUESTION0 -1 -7.754e+03 8.168e+01 3.212e+01
|            ( - -2.872e+03 3 0 QUESTION2 -1 6.097e+01 1.186e+01)
|            ( - -4.800e+03 5 0 QUESTION0_6_R 1 6.793e+01 2.026e+01)))
|    ( - -1.860e+03 2 0))
s>    ( QUESTION0_5_R 1 -1.755e+04 1.169e+02 7.074e+01
s>        ( WDBNDRY_B 0 -1.558e+04 1.095e+02 6.279e+01
s>            ( QUESTION16 -1 -7.713e+03 8.656e+01 3.066e+01
s>                ( - -9.767e+02 1 0)
s>                ( QUESTION4 -1 -6.650e+03 8.458e+01 2.631e+01
s>                    ( - -8.079e+02 1 0)
s>                    ( QUESTION11 -1 -5.757e+03 7.881e+01 2.261e+01
s>                        ( - -1.450e+03 1 0)
s>                        ( QUESTION3 -1 -4.229e+03 7.018e+01 1.661e+01
s>                            ( - -7.198e+02 1 0)
s>                            ( - -3.439e+03 6 0 QUESTION13 -1 5.786e+01 1.359e+01)))))
s>            ( QUESTION0 -1 -7.754e+03 8.168e+01 3.212e+01
s>                ( - -2.872e+03 3 0 QUESTION2 -1 6.097e+01 1.186e+01)
s>                ( - -4.800e+03 5 0 QUESTION0_6_R 1 6.793e+01 2.026e+01)))
s>        ( - -1.860e+03 2 0))INFO: dtree.c(1315): Comp split 11
INFO: dtree.c(1439): stop. leaf nodes are specific
INFO: dtree.c(1478): Final simple tree
|( QUESTION2 -1 -5.535e+03 1.231e+02 2.280e+01
|    ( - -1.646e+03 1 0)
|    ( WDBNDRY_B 0 -3.766e+03 8.801e+01 1.581e+01
|        ( - -1.305e+03 1 0)
|        ( QUESTION0_3_R 1 -2.373e+03 9.113e+01 1.011e+01
|            ( - -1.856e+03 2 0)
|            ( - -4.262e+02 1 0))))
s>    ( QUESTION2 -1 -5.535e+03 1.231e+02 2.280e+01
s>        ( - -1.646e+03 1 0)
s>        ( WDBNDRY_B 0 -3.766e+03 8.801e+01 1.581e+01
s>            ( - -1.305e+03 1 0)
s>            ( QUESTION0_3_R 1 -2.373e+03 9.113e+01 1.011e+01
s>                ( - -1.856e+03 2 0)
s>                ( - -4.262e+02 1 0))))INFO: dtree.c(1478): Final simple tree
|( QUESTION15 -1 -1.411e+04 1.176e+02 5.818e+01
|    ( - -2.061e+03 1 0)
|    ( QUESTION3 -1 -1.193e+04 1.030e+02 4.914e+01
|        ( - -2.031e+03 1 0)
|        ( QUESTION1 -1 -9.799e+03 8.437e+01 4.014e+01
|            ( - -3.641e+03 1 0)
|            ( QUESTION9 -1 -6.073e+03 6.497e+01 2.473e+01
|                ( - -4.347e+02 1 0)
|                ( WDBNDRY_B 0 -5.574e+03 6.283e+01 2.273e+01
|                    ( SILENCE -1 -1.167e+03 7.036e+01 5.000e+00
|                        ( - -4.269e+02 1 0)
|                        ( QUESTION11 -1 -6.702e+02 6.211e+01 3.000e+00
|                            ( - -1.937e+02 1 0)
|                            ( - -4.144e+02 1 0)))
|                    ( - -4.343e+03 5 0 QUESTION12 -1 5.578e+01 1.773e+01))))))
s>    ( QUESTION15 -1 -1.411e+04 1.176e+02 5.818e+01
s>        ( - -2.061e+03 1 0)
s>        ( QUESTION3 -1 -1.193e+04 1.030e+02 4.914e+01
s>            ( - -2.031e+03 1 0)
s>            ( QUESTION1 -1 -9.799e+03 8.437e+01 4.014e+01
s>                ( - -3.641e+03 1 0)
s>                ( QUESTION9 -1 -6.073e+03 6.497e+01 2.473e+01
s>                    ( - -4.347e+02 1 0)
s>                    ( WDBNDRY_B 0 -5.574e+03 6.283e+01 2.273e+01
s>                        ( SILENCE -1 -1.167e+03 7.036e+01 5.000e+00
s>                            ( - -4.269e+02 1 0)
s>                            ( QUESTION11 -1 -6.702e+02 6.211e+01 3.000e+00
s>                                ( - -1.937e+02 1 0)
s>                                ( - -4.144e+02 1 0)))
s>                        ( - -4.343e+03 5 0 QUESTION12 -1 5.578e+01 1.773e+01))))))INFO: dtree.c(1315): Comp split 12
INFO: dtree.c(1439): stop. leaf nodes are specific
INFO: dtree.c(1478): Final simple tree
|( WDBNDRY_B 0 -7.719e+03 1.023e+02 3.056e+01
|    ( QUESTION11 -1 -5.757e+03 7.881e+01 2.261e+01
|        ( - -1.450e+03 1 0)
|        ( QUESTION3 -1 -4.229e+03 7.018e+01 1.661e+01
|            ( - -7.198e+02 1 0)
|            ( QUESTION13 -1 -3.439e+03 5.786e+01 1.359e+01
|                ( - -4.679e+02 1 0)
|                ( QUESTION0 -1 -2.913e+03 5.917e+01 1.156e+01
|                    ( - -2.292e+02 1 0)
|                    ( SILENCE -1 -2.625e+03 5.526e+01 1.056e+01
|                        ( - -2.449e+02 1 0)
|                        ( - -2.324e+03 3 0))))))
|    ( - -1.860e+03 2 0))
s>    ( WDBNDRY_B 0 -7.719e+03 1.023e+02 3.056e+01
s>        ( QUESTION11 -1 -5.757e+03 7.881e+01 2.261e+01
s>            ( - -1.450e+03 1 0)
s>            ( QUESTION3 -1 -4.229e+03 7.018e+01 1.661e+01
s>                ( - -7.198e+02 1 0)
s>                ( QUESTION13 -1 -3.439e+03 5.786e+01 1.359e+01
s>                    ( - -4.679e+02 1 0)
s>                    ( QUESTION0 -1 -2.913e+03 5.917e+01 1.156e+01
s>                        ( - -2.292e+02 1 0)
s>                        ( SILENCE -1 -2.625e+03 5.526e+01 1.056e+01
s>                            ( - -2.449e+02 1 0)
s>                            ( - -2.324e+03 3 0))))))
s>        ( - -1.860e+03 2 0))INFO: dtree.c(1478): Final simple tree
|( QUESTION1 -1 -9.709e+03 9.575e+01 4.018e+01
|    ( QUESTION2 -1 -2.872e+03 6.097e+01 1.186e+01
|        ( - -1.192e+03 1 0)
|        ( - -1.619e+03 2 0))
|    ( QUESTION0 -1 -6.741e+03 8.843e+01 2.832e+01
|        ( - -8.079e+02 1 0)
|        ( QUESTION16 -1 -5.845e+03 7.228e+01 2.461e+01
|            ( - -1.674e+03 2 0 WDBNDRY_B 0 5.671e+01 7.369e+00)
|            ( QUESTION0_6_R 1 -4.098e+03 6.772e+01 1.724e+01
|                ( - -6.156e+02 1 0)
|                ( QUESTION14 -1 -3.415e+03 7.313e+01 1.426e+01
|                    ( - -1.421e+03 1 0)
|                    ( QUESTION13 -1 -1.921e+03 6.224e+01 8.043e+00
|                        ( - -6.775e+02 1 0)
|                        ( - -1.181e+03 1 0)))))))
s>    ( QUESTION1 -1 -9.709e+03 9.575e+01 4.018e+01
s>        ( QUESTION2 -1 -2.872e+03 6.097e+01 1.186e+01
s>            ( - -1.192e+03 1 0)
s>            ( - -1.619e+03 2 0))
s>        ( QUESTION0 -1 -6.741e+03 8.843e+01 2.832e+01
s>            ( - -8.079e+02 1 0)
s>            ( QUESTION16 -1 -5.845e+03 7.228e+01 2.461e+01
s>                ( - -1.674e+03 2 0 WDBNDRY_B 0 5.671e+01 7.369e+00)
s>                ( QUESTION0_6_R 1 -4.098e+03 6.772e+01 1.724e+01
s>                    ( - -6.156e+02 1 0)
s>                    ( QUESTION14 -1 -3.415e+03 7.313e+01 1.426e+01
s>                        ( - -1.421e+03 1 0)
s>                        ( QUESTION13 -1 -1.921e+03 6.224e+01 8.043e+00
s>                            ( - -6.775e+02 1 0)
s>                            ( - -1.181e+03 1 0)))))))INFO: dtree.c(1315): Comp split 13
INFO: dtree.c(1478): Final simple tree
|( QUESTION0_2_R 1 -9.015e+03 1.073e+02 3.638e+01
|    ( QUESTION11 1 -8.725e+03 1.061e+02 3.538e+01
|        ( - -6.431e+02 1 0)
|        ( QUESTION13 1 -7.976e+03 9.774e+01 3.238e+01
|            ( WDBNDRY_B 0 -2.494e+03 7.458e+01 1.054e+01
|                ( - -6.620e+02 1 0)
|                ( - -1.757e+03 1 0))
|            ( QUESTION13 -1 -5.384e+03 8.414e+01 2.184e+01
|                ( - -3.311e+03 1 0)
|                ( QUESTION11 -1 -1.989e+03 8.500e+01 8.041e+00
|                    ( - -1.871e+02 1 0)
|                    ( QUESTION0_3_R 1 -1.717e+03 6.542e+01 7.041e+00
|                        ( - -5.114e+02 2 0)
|                        ( - -1.140e+03 2 0))))))
|    ( - -1.824e+02 1 0))
s>    ( QUESTION0_2_R 1 -9.015e+03 1.073e+02 3.638e+01
s>        ( QUESTION11 1 -8.725e+03 1.061e+02 3.538e+01
s>            ( - -6.431e+02 1 0)
s>            ( QUESTION13 1 -7.976e+03 9.774e+01 3.238e+01
s>                ( WDBNDRY_B 0 -2.494e+03 7.458e+01 1.054e+01
s>                    ( - -6.620e+02 1 0)
s>                    ( - -1.757e+03 1 0))
s>                ( QUESTION13 -1 -5.384e+03 8.414e+01 2.184e+01
s>                    ( - -3.311e+03 1 0)
s>                    ( QUESTION11 -1 -1.989e+03 8.500e+01 8.041e+00
s>                        ( - -1.871e+02 1 0)
s>                        ( QUESTION0_3_R 1 -1.717e+03 6.542e+01 7.041e+00
s>                            ( - -5.114e+02 2 0)
s>                            ( - -1.140e+03 2 0))))))
s>        ( - -1.824e+02 1 0))INFO: dtree.c(1439): stop. leaf nodes are specific
INFO: dtree.c(1478): Final simple tree
|( QUESTION0_3_R 1 -8.121e+03 9.251e+01 3.337e+01
|    ( QUESTION13 1 -2.391e+03 7.711e+01 9.967e+00
|        ( - -6.508e+02 1 0)
|        ( - -1.663e+03 2 0))
|    ( QUESTION17 -1 -5.637e+03 7.996e+01 2.340e+01
|        ( - -9.334e+02 1 0)
|        ( QUESTION16 -1 -4.624e+03 6.231e+01 1.936e+01
|            ( - -6.656e+02 2 0)
|            ( - -3.896e+03 3 0))))
s>    ( QUESTION0_3_R 1 -8.121e+03 9.251e+01 3.337e+01
s>        ( QUESTION13 1 -2.391e+03 7.711e+01 9.967e+00
s>            ( - -6.508e+02 1 0)
s>            ( - -1.663e+03 2 0))
s>        ( QUESTION17 -1 -5.637e+03 7.996e+01 2.340e+01
s>            ( - -9.334e+02 1 0)
s>            ( QUESTION16 -1 -4.624e+03 6.231e+01 1.936e+01
s>                ( - -6.656e+02 2 0)
s>                ( - -3.896e+03 3 0))))INFO: dtree.c(1315): Comp split 14
INFO: dtree.c(1439): stop. leaf nodes are specific
INFO: dtree.c(1478): Final simple tree
|( WDBNDRY_B 0 -3.766e+03 8.801e+01 1.581e+01
|    ( - -1.305e+03 1 0)
|    ( QUESTION0_3_R 1 -2.373e+03 9.113e+01 1.011e+01
|        ( - -1.856e+03 2 0)
|        ( - -4.262e+02 1 0)))
s>    ( WDBNDRY_B 0 -3.766e+03 8.801e+01 1.581e+01
s>        ( - -1.305e+03 1 0)
s>        ( QUESTION0_3_R 1 -2.373e+03 9.113e+01 1.011e+01
s>            ( - -1.856e+03 2 0)
s>            ( - -4.262e+02 1 0)))INFO: dtree.c(1315): Comp split 15
INFO: dtree.c(1439): stop. leaf nodes are specific
INFO: dtree.c(1478): Final simple tree
|( WDBNDRY_B 0 -2.804e+03 9.135e+01 1.100e+01
|    ( QUESTION1 -1 -9.758e+02 6.533e+01 3.999e+00
|        ( - -4.569e+02 1 0)
|        ( - -4.536e+02 1 0))
|    ( QUESTION2 -1 -1.737e+03 8.503e+01 7.000e+00
|        ( QUESTION0_3_R 1 -1.203e+03 8.681e+01 5.000e+00
|            ( - -7.004e+02 2 0)
|            ( - -4.161e+02 1 0))
|        ( - -4.484e+02 1 0)))
s>    ( WDBNDRY_B 0 -2.804e+03 9.135e+01 1.100e+01
s>        ( QUESTION1 -1 -9.758e+02 6.533e+01 3.999e+00
s>            ( - -4.569e+02 1 0)
s>            ( - -4.536e+02 1 0))
s>        ( QUESTION2 -1 -1.737e+03 8.503e+01 7.000e+00
s>            ( QUESTION0_3_R 1 -1.203e+03 8.681e+01 5.000e+00
s>                ( - -7.004e+02 2 0)
s>                ( - -4.161e+02 1 0))
s>            ( - -4.484e+02 1 0)))INFO: dtree.c(1315): Comp split 16
INFO: dtree.c(1478): Final simple tree
|( QUESTION3 -1 -1.193e+04 1.030e+02 4.914e+01
|    ( - -2.031e+03 1 0)
|    ( QUESTION1 -1 -9.799e+03 8.437e+01 4.014e+01
|        ( - -3.641e+03 1 0)
|        ( QUESTION9 -1 -6.073e+03 6.497e+01 2.473e+01
|            ( - -4.347e+02 1 0)
|            ( WDBNDRY_B 0 -5.574e+03 6.283e+01 2.273e+01
|                ( SILENCE -1 -1.167e+03 7.036e+01 5.000e+00
|                    ( - -4.269e+02 1 0)
|                    ( QUESTION11 -1 -6.702e+02 6.211e+01 3.000e+00
|                        ( - -1.937e+02 1 0)
|                        ( - -4.144e+02 1 0)))
|                ( QUESTION12 -1 -4.343e+03 5.578e+01 1.773e+01
|                    ( - -1.605e+03 2 0)
|                    ( - -2.683e+03 3 0 QUESTION0 -1 4.187e+01 1.107e+01))))))
s>    ( QUESTION3 -1 -1.193e+04 1.030e+02 4.914e+01
s>        ( - -2.031e+03 1 0)
s>        ( QUESTION1 -1 -9.799e+03 8.437e+01 4.014e+01
s>            ( - -3.641e+03 1 0)
s>            ( QUESTION9 -1 -6.073e+03 6.497e+01 2.473e+01
s>                ( - -4.347e+02 1 0)
s>                ( WDBNDRY_B 0 -5.574e+03 6.283e+01 2.273e+01
s>                    ( SILENCE -1 -1.167e+03 7.036e+01 5.000e+00
s>                        ( - -4.269e+02 1 0)
s>                        ( QUESTION11 -1 -6.702e+02 6.211e+01 3.000e+00
s>                            ( - -1.937e+02 1 0)
s>                            ( - -4.144e+02 1 0)))
s>                    ( QUESTION12 -1 -4.343e+03 5.578e+01 1.773e+01
s>                        ( - -1.605e+03 2 0)
s>                        ( - -2.683e+03 3 0 QUESTION0 -1 4.187e+01 1.107e+01))))))INFO: dtree.c(1315): Comp split 17
INFO: dtree.c(1439): stop. leaf nodes are specific
INFO: dtree.c(1478): Final simple tree
|( QUESTION12 -1 -2.761e+03 7.145e+01 1.201e+01
|    ( - -4.144e+02 1 0)
|    ( WDBNDRY_B 0 -2.275e+03 5.046e+01 1.001e+01
|        ( - -1.937e+02 1 0)
|        ( - -2.031e+03 1 0)))
s>    ( QUESTION12 -1 -2.761e+03 7.145e+01 1.201e+01
s>        ( - -4.144e+02 1 0)
s>        ( WDBNDRY_B 0 -2.275e+03 5.046e+01 1.001e+01
s>            ( - -1.937e+02 1 0)
s>            ( - -2.031e+03 1 0)))INFO: dtree.c(1439): stop. leaf nodes are specific
INFO: dtree.c(1478): Final simple tree
|( QUESTION1 -1 -9.058e+03 8.482e+01 3.714e+01
|    ( - -3.641e+03 1 0)
|    ( QUESTION9 -1 -5.332e+03 6.478e+01 2.173e+01
|        ( - -4.347e+02 1 0)
|        ( WDBNDRY_B 0 -4.833e+03 6.248e+01 1.973e+01
|            ( - -4.269e+02 1 0)
|            ( QUESTION12 -1 -4.343e+03 5.578e+01 1.773e+01
|                ( - -1.605e+03 2 0)
|                ( QUESTION0 -1 -2.683e+03 4.187e+01 1.107e+01
|                    ( - -2.069e+02 1 0)
|                    ( - -2.434e+03 2 0))))))
s>    ( QUESTION1 -1 -9.058e+03 8.482e+01 3.714e+01
s>        ( - -3.641e+03 1 0)
s>        ( QUESTION9 -1 -5.332e+03 6.478e+01 2.173e+01
s>            ( - -4.347e+02 1 0)
s>            ( WDBNDRY_B 0 -4.833e+03 6.248e+01 1.973e+01
s>                ( - -4.269e+02 1 0)
s>                ( QUESTION12 -1 -4.343e+03 5.578e+01 1.773e+01
s>                    ( - -1.605e+03 2 0)
s>                    ( QUESTION0 -1 -2.683e+03 4.187e+01 1.107e+01
s>                        ( - -2.069e+02 1 0)
s>                        ( - -2.434e+03 2 0))))))INFO: dtree.c(1315): Comp split 18
INFO: dtree.c(1439): stop. leaf nodes are specific
INFO: dtree.c(1478): Final simple tree
|( QUESTION14 -1 -6.608e+03 9.046e+01 2.797e+01
|    ( - -6.139e+03 3 0)
|    ( - -3.788e+02 1 0))
s>    ( QUESTION14 -1 -6.608e+03 9.046e+01 2.797e+01
s>        ( - -6.139e+03 3 0)
s>        ( - -3.788e+02 1 0))INFO: dtree.c(1315): Comp split 19
INFO: dtree.c(1439): stop. leaf nodes are specific
INFO: dtree.c(1478): Final simple tree
|( QUESTION11 -1 -2.533e+03 7.381e+01 1.088e+01
|    ( - -4.264e+02 1 0)
|    ( - -2.033e+03 1 0))
s>    ( QUESTION11 -1 -2.533e+03 7.381e+01 1.088e+01
s>        ( - -4.264e+02 1 0)
s>        ( - -2.033e+03 1 0))INFO: dtree.c(1439): stop. leaf nodes are specific
INFO: dtree.c(1478): Final simple tree
|( QUESTION2 -1 -3.438e+03 7.687e+01 1.487e+01
|    ( - -9.335e+02 1 0)
|    ( QUESTION0 -1 -2.428e+03 7.503e+01 1.042e+01
|        ( - -1.157e+03 1 0)
|        ( - -1.195e+03 2 0)))
s>    ( QUESTION2 -1 -3.438e+03 7.687e+01 1.487e+01
s>        ( - -9.335e+02 1 0)
s>        ( QUESTION0 -1 -2.428e+03 7.503e+01 1.042e+01
s>            ( - -1.157e+03 1 0)
s>            ( - -1.195e+03 2 0)))INFO: dtree.c(1315): Comp split 20
INFO: dtree.c(1439): stop. leaf nodes are specific
INFO: dtree.c(1478): Final simple tree
|( QUESTION13 1 -5.711e+03 7.469e+01 2.334e+01
|    ( - -1.757e+03 1 0)
|    ( QUESTION0_3_R 1 -3.879e+03 5.602e+01 1.580e+01
|        ( - -5.114e+02 2 0)
|        ( - -3.311e+03 1 0)))
s>    ( QUESTION13 1 -5.711e+03 7.469e+01 2.334e+01
s>        ( - -1.757e+03 1 0)
s>        ( QUESTION0_3_R 1 -3.879e+03 5.602e+01 1.580e+01
s>            ( - -5.114e+02 2 0)
s>            ( - -3.311e+03 1 0)))INFO: dtree.c(1439): stop. leaf nodes are specific
INFO: dtree.c(1478): Final simple tree
|( QUESTION0_2_R 1 -3.196e+03 1.062e+02 1.304e+01
|    ( QUESTION11 1 -2.908e+03 9.446e+01 1.204e+01
|        ( - -6.431e+02 1 0)
|        ( WDBNDRY_B 0 -2.170e+03 9.100e+01 9.041e+00
|            ( - -6.620e+02 1 0)
|            ( QUESTION11 -1 -1.417e+03 9.023e+01 6.041e+00
|                ( - -1.871e+02 1 0)
|                ( - -1.140e+03 2 0))))
|    ( - -1.824e+02 1 0))
s>    ( QUESTION0_2_R 1 -3.196e+03 1.062e+02 1.304e+01
s>        ( QUESTION11 1 -2.908e+03 9.446e+01 1.204e+01
s>            ( - -6.431e+02 1 0)
s>            ( WDBNDRY_B 0 -2.170e+03 9.100e+01 9.041e+00
s>                ( - -6.620e+02 1 0)
s>                ( QUESTION11 -1 -1.417e+03 9.023e+01 6.041e+00
s>                    ( - -1.871e+02 1 0)
s>                    ( - -1.140e+03 2 0))))
s>        ( - -1.824e+02 1 0))INFO: dtree.c(1315): Comp split 21
INFO: dtree.c(1439): stop. leaf nodes are specific
INFO: dtree.c(1478): Final simple tree
|( QUESTION0 -1 -5.548e+03 7.524e+01 2.288e+01
|    ( QUESTION2 -1 -2.872e+03 6.097e+01 1.186e+01
|        ( - -1.192e+03 1 0)
|        ( - -1.619e+03 2 0))
|    ( QUESTION0_6_R 1 -2.601e+03 6.447e+01 1.102e+01
|        ( - -6.156e+02 1 0)
|        ( QUESTION13 -1 -1.921e+03 6.224e+01 8.043e+00
|            ( - -6.775e+02 1 0)
|            ( - -1.181e+03 1 0))))
s>    ( QUESTION0 -1 -5.548e+03 7.524e+01 2.288e+01
s>        ( QUESTION2 -1 -2.872e+03 6.097e+01 1.186e+01
s>            ( - -1.192e+03 1 0)
s>            ( - -1.619e+03 2 0))
s>        ( QUESTION0_6_R 1 -2.601e+03 6.447e+01 1.102e+01
s>            ( - -6.156e+02 1 0)
s>            ( QUESTION13 -1 -1.921e+03 6.224e+01 8.043e+00
s>                ( - -6.775e+02 1 0)
s>                ( - -1.181e+03 1 0))))INFO: dtree.c(1439): stop. leaf nodes are specific
INFO: dtree.c(1478): Final simple tree
|( QUESTION0 -1 -4.053e+03 8.012e+01 1.730e+01
|    ( - -8.079e+02 1 0)
|    ( QUESTION14 -1 -3.165e+03 6.996e+01 1.359e+01
|        ( - -1.421e+03 1 0)
|        ( WDBNDRY_B 0 -1.674e+03 5.671e+01 7.369e+00
|            ( - -9.767e+02 1 0)
|            ( - -6.408e+02 1 0))))
s>    ( QUESTION0 -1 -4.053e+03 8.012e+01 1.730e+01
s>        ( - -8.079e+02 1 0)
s>        ( QUESTION14 -1 -3.165e+03 6.996e+01 1.359e+01
s>            ( - -1.421e+03 1 0)
s>            ( WDBNDRY_B 0 -1.674e+03 5.671e+01 7.369e+00
s>                ( - -9.767e+02 1 0)
s>                ( - -6.408e+02 1 0))))INFO: dtree.c(1315): Comp split 22
INFO: dtree.c(1439): stop. leaf nodes are specific
INFO: dtree.c(1478): Final simple tree
|( QUESTION11 1 -2.908e+03 9.446e+01 1.204e+01
|    ( - -6.431e+02 1 0)
|    ( WDBNDRY_B 0 -2.170e+03 9.100e+01 9.041e+00
|        ( - -6.620e+02 1 0)
|        ( QUESTION11 -1 -1.417e+03 9.023e+01 6.041e+00
|            ( - -1.871e+02 1 0)
|            ( - -1.140e+03 2 0))))
s>    ( QUESTION11 1 -2.908e+03 9.446e+01 1.204e+01
s>        ( - -6.431e+02 1 0)
s>        ( WDBNDRY_B 0 -2.170e+03 9.100e+01 9.041e+00
s>            ( - -6.620e+02 1 0)
s>            ( QUESTION11 -1 -1.417e+03 9.023e+01 6.041e+00
s>                ( - -1.871e+02 1 0)
s>                ( - -1.140e+03 2 0))))INFO: dtree.c(1315): Comp split 23
INFO: dtree.c(1439): stop. leaf nodes are specific
INFO: dtree.c(1478): Final simple tree
|( QUESTION11 -1 -5.757e+03 7.881e+01 2.261e+01
|    ( - -1.450e+03 1 0)
|    ( QUESTION3 -1 -4.229e+03 7.018e+01 1.661e+01
|        ( - -7.198e+02 1 0)
|        ( QUESTION13 -1 -3.439e+03 5.786e+01 1.359e+01
|            ( - -4.679e+02 1 0)
|            ( QUESTION0 -1 -2.913e+03 5.917e+01 1.156e+01
|                ( - -2.292e+02 1 0)
|                ( SILENCE -1 -2.625e+03 5.526e+01 1.056e+01
|                    ( - -2.449e+02 1 0)
|                    ( - -2.324e+03 3 0))))))
s>    ( QUESTION11 -1 -5.757e+03 7.881e+01 2.261e+01
s>        ( - -1.450e+03 1 0)
s>        ( QUESTION3 -1 -4.229e+03 7.018e+01 1.661e+01
s>            ( - -7.198e+02 1 0)
s>            ( QUESTION13 -1 -3.439e+03 5.786e+01 1.359e+01
s>                ( - -4.679e+02 1 0)
s>                ( QUESTION0 -1 -2.913e+03 5.917e+01 1.156e+01
s>                    ( - -2.292e+02 1 0)
s>                    ( SILENCE -1 -2.625e+03 5.526e+01 1.056e+01
s>                        ( - -2.449e+02 1 0)
s>                        ( - -2.324e+03 3 0))))))INFO: dtree.c(1315): Comp split 24
INFO: dtree.c(1315): Comp split 25
INFO: dtree.c(1439): stop. leaf nodes are specific
INFO: dtree.c(1478): Final simple tree
|( WDBNDRY_B 0 -2.170e+03 9.100e+01 9.041e+00
|    ( - -6.620e+02 1 0)
|    ( QUESTION11 -1 -1.417e+03 9.023e+01 6.041e+00
|        ( - -1.871e+02 1 0)
|        ( - -1.140e+03 2 0)))
s>    ( WDBNDRY_B 0 -2.170e+03 9.100e+01 9.041e+00
s>        ( - -6.620e+02 1 0)
s>        ( QUESTION11 -1 -1.417e+03 9.023e+01 6.041e+00
s>            ( - -1.871e+02 1 0)
s>            ( - -1.140e+03 2 0)))INFO: dtree.c(1315): Comp split 26
INFO: dtree.c(1439): stop. leaf nodes are specific
INFO: dtree.c(1478): Final simple tree
|( QUESTION17 -1 -5.637e+03 7.996e+01 2.340e+01
|    ( - -9.334e+02 1 0)
|    ( QUESTION16 -1 -4.624e+03 6.231e+01 1.936e+01
|        ( - -6.656e+02 2 0)
|        ( - -3.896e+03 3 0)))
s>    ( QUESTION17 -1 -5.637e+03 7.996e+01 2.340e+01
s>        ( - -9.334e+02 1 0)
s>        ( QUESTION16 -1 -4.624e+03 6.231e+01 1.936e+01
s>            ( - -6.656e+02 2 0)
s>            ( - -3.896e+03 3 0)))INFO: dtree.c(1439): stop. leaf nodes are specific
INFO: dtree.c(1478): Final simple tree
|( QUESTION13 1 -2.391e+03 7.711e+01 9.967e+00
|    ( - -6.508e+02 1 0)
|    ( - -1.663e+03 2 0))
s>    ( QUESTION13 1 -2.391e+03 7.711e+01 9.967e+00
s>        ( - -6.508e+02 1 0)
s>        ( - -1.663e+03 2 0))INFO: dtree.c(1315): Comp split 27
INFO: dtree.c(1439): stop. leaf nodes are specific
INFO: dtree.c(1478): Final simple tree
|( QUESTION2 -1 -1.737e+03 8.503e+01 7.000e+00
|    ( QUESTION0_3_R 1 -1.203e+03 8.681e+01 5.000e+00
|        ( - -7.004e+02 2 0)
|        ( - -4.161e+02 1 0))
|    ( - -4.484e+02 1 0))
s>    ( QUESTION2 -1 -1.737e+03 8.503e+01 7.000e+00
s>        ( QUESTION0_3_R 1 -1.203e+03 8.681e+01 5.000e+00
s>            ( - -7.004e+02 2 0)
s>            ( - -4.161e+02 1 0))
s>        ( - -4.484e+02 1 0))INFO: dtree.c(1439): stop. leaf nodes are specific
INFO: dtree.c(1478): Final simple tree
|( QUESTION1 -1 -9.758e+02 6.533e+01 3.999e+00
|    ( - -4.569e+02 1 0)
|    ( - -4.536e+02 1 0))
s>    ( QUESTION1 -1 -9.758e+02 6.533e+01 3.999e+00
s>        ( - -4.569e+02 1 0)
s>        ( - -4.536e+02 1 0))INFO: dtree.c(1315): Comp split 28
INFO: dtree.c(1439): stop. leaf nodes are specific
INFO: dtree.c(1478): Final simple tree
|( QUESTION11 -1 -1.417e+03 9.023e+01 6.041e+00
|    ( - -1.871e+02 1 0)
|    ( - -1.140e+03 2 0))
s>    ( QUESTION11 -1 -1.417e+03 9.023e+01 6.041e+00
s>        ( - -1.871e+02 1 0)
s>        ( - -1.140e+03 2 0))INFO: dtree.c(1315): Comp split 29
INFO: dtree.c(1315): Comp split 30
INFO: dtree.c(1315): Comp split 31
INFO: dtree.c(1439): stop. leaf nodes are specific
INFO: dtree.c(1478): Final simple tree
|( QUESTION0_3_R 1 -2.373e+03 9.113e+01 1.011e+01
|    ( - -1.856e+03 2 0)
|    ( - -4.262e+02 1 0))
s>    ( QUESTION0_3_R 1 -2.373e+03 9.113e+01 1.011e+01
s>        ( - -1.856e+03 2 0)
s>        ( - -4.262e+02 1 0))INFO: dtree.c(1315): Comp split 32
INFO: dtree.c(1315): Comp split 33
INFO: dtree.c(1439): stop. leaf nodes are specific
INFO: dtree.c(1478): Final simple tree
|( QUESTION0_3_R 1 -1.203e+03 8.681e+01 5.000e+00
|    ( - -7.004e+02 2 0)
|    ( - -4.161e+02 1 0))
s>    ( QUESTION0_3_R 1 -1.203e+03 8.681e+01 5.000e+00
s>        ( - -7.004e+02 2 0)
s>        ( - -4.161e+02 1 0))INFO: dtree.c(1315): Comp split 34
INFO: dtree.c(1315): Comp split 35
INFO: dtree.c(1439): stop. leaf nodes are specific
INFO: dtree.c(1478): Final simple tree
|( WDBNDRY_B 0 -4.842e+03 6.387e+01 1.973e+01
|    ( - -4.347e+02 1 0)
|    ( QUESTION12 -1 -4.343e+03 5.578e+01 1.773e+01
|        ( - -1.605e+03 2 0)
|        ( QUESTION0 -1 -2.683e+03 4.187e+01 1.107e+01
|            ( - -2.069e+02 1 0)
|            ( - -2.434e+03 2 0))))
s>    ( WDBNDRY_B 0 -4.842e+03 6.387e+01 1.973e+01
s>        ( - -4.347e+02 1 0)
s>        ( QUESTION12 -1 -4.343e+03 5.578e+01 1.773e+01
s>            ( - -1.605e+03 2 0)
s>            ( QUESTION0 -1 -2.683e+03 4.187e+01 1.107e+01
s>                ( - -2.069e+02 1 0)
s>                ( - -2.434e+03 2 0))))INFO: dtree.c(1439): stop. leaf nodes are specific
INFO: dtree.c(1478): Final simple tree
|( WDBNDRY_B 0 -4.131e+03 6.332e+01 1.740e+01
|    ( - -4.269e+02 1 0)
|    ( - -3.641e+03 1 0))
s>    ( WDBNDRY_B 0 -4.131e+03 6.332e+01 1.740e+01
s>        ( - -4.269e+02 1 0)
s>        ( - -3.641e+03 1 0))INFO: dtree.c(1315): Comp split 36
INFO: dtree.c(1439): stop. leaf nodes are specific
INFO: dtree.c(1478): Final simple tree
|( QUESTION14 -1 -3.165e+03 6.996e+01 1.359e+01
|    ( - -1.421e+03 1 0)
|    ( WDBNDRY_B 0 -1.674e+03 5.671e+01 7.369e+00
|        ( - -9.767e+02 1 0)
|        ( - -6.408e+02 1 0)))
s>    ( QUESTION14 -1 -3.165e+03 6.996e+01 1.359e+01
s>        ( - -1.421e+03 1 0)
s>        ( WDBNDRY_B 0 -1.674e+03 5.671e+01 7.369e+00
s>            ( - -9.767e+02 1 0)
s>            ( - -6.408e+02 1 0)))INFO: dtree.c(1315): Comp split 37
INFO: dtree.c(1439): stop. leaf nodes are specific
INFO: dtree.c(1478): Final simple tree
|( QUESTION16 -1 -4.624e+03 6.231e+01 1.936e+01
|    ( - -6.656e+02 2 0)
|    ( - -3.896e+03 3 0))
s>    ( QUESTION16 -1 -4.624e+03 6.231e+01 1.936e+01
s>        ( - -6.656e+02 2 0)
s>        ( - -3.896e+03 3 0))INFO: dtree.c(1315): Comp split 38
INFO: dtree.c(1439): stop. leaf nodes are specific
INFO: dtree.c(1478): Final simple tree
|( QUESTION3 -1 -4.229e+03 7.018e+01 1.661e+01
|    ( - -7.198e+02 1 0)
|    ( QUESTION13 -1 -3.439e+03 5.786e+01 1.359e+01
|        ( - -4.679e+02 1 0)
|        ( QUESTION0 -1 -2.913e+03 5.917e+01 1.156e+01
|            ( - -2.292e+02 1 0)
|            ( SILENCE -1 -2.625e+03 5.526e+01 1.056e+01
|                ( - -2.449e+02 1 0)
|                ( - -2.324e+03 3 0)))))
s>    ( QUESTION3 -1 -4.229e+03 7.018e+01 1.661e+01
s>        ( - -7.198e+02 1 0)
s>        ( QUESTION13 -1 -3.439e+03 5.786e+01 1.359e+01
s>            ( - -4.679e+02 1 0)
s>            ( QUESTION0 -1 -2.913e+03 5.917e+01 1.156e+01
s>                ( - -2.292e+02 1 0)
s>                ( SILENCE -1 -2.625e+03 5.526e+01 1.056e+01
s>                    ( - -2.449e+02 1 0)
s>                    ( - -2.324e+03 3 0)))))INFO: dtree.c(1315): Comp split 39
INFO: dtree.c(1315): Comp split 40
INFO: dtree.c(1315): Comp split 41
INFO: dtree.c(1439): stop. leaf nodes are specific
INFO: dtree.c(1478): Final simple tree
|( QUESTION0 -1 -2.428e+03 7.503e+01 1.042e+01
|    ( - -1.157e+03 1 0)
|    ( - -1.195e+03 2 0))
s>    ( QUESTION0 -1 -2.428e+03 7.503e+01 1.042e+01
s>        ( - -1.157e+03 1 0)
s>        ( - -1.195e+03 2 0))INFO: dtree.c(1315): Comp split 42
INFO: dtree.c(1439): stop. leaf nodes are specific
INFO: dtree.c(1478): Final simple tree
|( QUESTION0_6_R 1 -2.601e+03 6.447e+01 1.102e+01
|    ( - -6.156e+02 1 0)
|    ( QUESTION13 -1 -1.921e+03 6.224e+01 8.043e+00
|        ( - -6.775e+02 1 0)
|        ( - -1.181e+03 1 0)))
s>    ( QUESTION0_6_R 1 -2.601e+03 6.447e+01 1.102e+01
s>        ( - -6.156e+02 1 0)
s>        ( QUESTION13 -1 -1.921e+03 6.224e+01 8.043e+00
s>            ( - -6.775e+02 1 0)
s>            ( - -1.181e+03 1 0)))INFO: dtree.c(1439): stop. leaf nodes are specific
INFO: dtree.c(1478): Final simple tree
|( QUESTION2 -1 -2.872e+03 6.097e+01 1.186e+01
|    ( - -1.192e+03 1 0)
|    ( - -1.619e+03 2 0))
s>    ( QUESTION2 -1 -2.872e+03 6.097e+01 1.186e+01
s>        ( - -1.192e+03 1 0)
s>        ( - -1.619e+03 2 0))INFO: dtree.c(1315): Comp split 43
INFO: dtree.c(1315): Comp split 44
INFO: dtree.c(1439): stop. leaf nodes are specific
INFO: dtree.c(1478): Final simple tree
|( QUESTION0_3_R 1 -3.879e+03 5.602e+01 1.580e+01
|    ( - -5.114e+02 2 0)
|    ( - -3.311e+03 1 0))
s>    ( QUESTION0_3_R 1 -3.879e+03 5.602e+01 1.580e+01
s>        ( - -5.114e+02 2 0)
s>        ( - -3.311e+03 1 0))INFO: dtree.c(1315): Comp split 45
INFO: dtree.c(1315): Comp split 46
INFO: dtree.c(1439): stop. leaf nodes are specific
INFO: dtree.c(1478): Final simple tree
|( WDBNDRY_B 0 -2.275e+03 5.046e+01 1.001e+01
|    ( - -1.937e+02 1 0)
|    ( - -2.031e+03 1 0))
s>    ( WDBNDRY_B 0 -2.275e+03 5.046e+01 1.001e+01
s>        ( - -1.937e+02 1 0)
s>        ( - -2.031e+03 1 0))INFO: dtree.c(1315): Comp split 47
INFO: dtree.c(1439): stop. leaf nodes are specific
INFO: dtree.c(1478): Final simple tree
|( QUESTION13 -1 -3.439e+03 5.786e+01 1.359e+01
|    ( - -4.679e+02 1 0)
|    ( QUESTION0 -1 -2.913e+03 5.917e+01 1.156e+01
|        ( - -2.292e+02 1 0)
|        ( SILENCE -1 -2.625e+03 5.526e+01 1.056e+01
|            ( - -2.449e+02 1 0)
|            ( - -2.324e+03 3 0))))
s>    ( QUESTION13 -1 -3.439e+03 5.786e+01 1.359e+01
s>        ( - -4.679e+02 1 0)
s>        ( QUESTION0 -1 -2.913e+03 5.917e+01 1.156e+01
s>            ( - -2.292e+02 1 0)
s>            ( SILENCE -1 -2.625e+03 5.526e+01 1.056e+01
s>                ( - -2.449e+02 1 0)
s>                ( - -2.324e+03 3 0))))INFO: dtree.c(1315): Comp split 48
INFO: dtree.c(1439): stop. leaf nodes are specific
INFO: dtree.c(1478): Final simple tree
|( WDBNDRY_B 0 -1.674e+03 5.671e+01 7.369e+00
|    ( - -9.767e+02 1 0)
|    ( - -6.408e+02 1 0))
s>    ( WDBNDRY_B 0 -1.674e+03 5.671e+01 7.369e+00
s>        ( - -9.767e+02 1 0)
s>        ( - -6.408e+02 1 0))INFO: dtree.c(1315): Comp split 49
INFO: dtree.c(1315): Comp split 50
INFO: dtree.c(1439): stop. leaf nodes are specific
INFO: dtree.c(1478): Final simple tree
|( SILENCE -1 -2.625e+03 5.526e+01 1.056e+01
|    ( - -2.449e+02 1 0)
|    ( - -2.324e+03 3 0))
s>    ( SILENCE -1 -2.625e+03 5.526e+01 1.056e+01
s>        ( - -2.449e+02 1 0)
s>        ( - -2.324e+03 3 0))INFO: dtree.c(1439): stop. leaf nodes are specific
INFO: dtree.c(1478): Final simple tree
|( QUESTION0 -1 -7.496e+02 5.247e+01 3.026e+00
|    ( - -2.292e+02 1 0)
|    ( - -4.679e+02 1 0))
s>    ( QUESTION0 -1 -7.496e+02 5.247e+01 3.026e+00
s>        ( - -2.292e+02 1 0)
s>        ( - -4.679e+02 1 0))INFO: dtree.c(1315): Comp split 51
INFO: dtree.c(1439): stop. leaf nodes are specific
INFO: dtree.c(1478): Final simple tree
|( QUESTION13 -1 -1.921e+03 6.224e+01 8.043e+00
|    ( - -6.775e+02 1 0)
|    ( - -1.181e+03 1 0))
s>    ( QUESTION13 -1 -1.921e+03 6.224e+01 8.043e+00
s>        ( - -6.775e+02 1 0)
s>        ( - -1.181e+03 1 0))INFO: dtree.c(1315): Comp split 52
INFO: dtree.c(1439): stop. leaf nodes are specific
INFO: dtree.c(1478): Final simple tree
|( QUESTION12 -1 -4.343e+03 5.578e+01 1.773e+01
|    ( - -1.605e+03 2 0)
|    ( QUESTION0 -1 -2.683e+03 4.187e+01 1.107e+01
|        ( - -2.069e+02 1 0)
|        ( - -2.434e+03 2 0)))
s>    ( QUESTION12 -1 -4.343e+03 5.578e+01 1.773e+01
s>        ( - -1.605e+03 2 0)
s>        ( QUESTION0 -1 -2.683e+03 4.187e+01 1.107e+01
s>            ( - -2.069e+02 1 0)
s>            ( - -2.434e+03 2 0)))INFO: dtree.c(1315): Comp split 53
INFO: dtree.c(1315): Comp split 54
INFO: dtree.c(1315): Comp split 55
INFO: dtree.c(1315): Comp split 56
INFO: dtree.c(1315): Comp split 57
INFO: dtree.c(1315): Comp split 58
INFO: dtree.c(1315): Comp split 59
INFO: dtree.c(1439): stop. leaf nodes are specific
INFO: dtree.c(1478): Final simple tree
|( QUESTION0 -1 -2.683e+03 4.187e+01 1.107e+01
|    ( - -2.069e+02 1 0)
|    ( - -2.434e+03 2 0))
s>    ( QUESTION0 -1 -2.683e+03 4.187e+01 1.107e+01
s>        ( - -2.069e+02 1 0)
s>        ( - -2.434e+03 2 0))INFO: dtree.c(1315): Comp split 60
INFO: dtree.c(1315): Comp split 61
INFO: dtree.c(1315): Comp split 62
INFO: dtree.c(1315): Comp split 63
INFO: dtree.c(1315): Comp split 64
INFO: dtree.c(1318): stop. leaf nodes are specific
Thu May  7 00:23:24 2020
