Current configuration:
[NAME]		[DEFLT]	[VALUE]
-allphones	no	no
-cntthresh	0.00001	1.000000e-05
-csplitmax	100	2000
-csplitmin	1	1
-csplitthr	8e-4	0.000000e+00
-example	no	no
-fullvar	no	no
-help		no	no
-meanfn			/home/abdy/Desktop/diploma/kg/model_parameters/kg.cd_cont_untied/means
-mixwfn			/home/abdy/Desktop/diploma/kg/model_parameters/kg.cd_cont_untied/mixture_weights
-moddeffn		/home/abdy/Desktop/diploma/kg/model_architecture/kg.untied.mdef
-mwfloor	1e-4	1.000000e-08
-phone			u
-psetfn			/home/abdy/Desktop/diploma/kg/model_architecture/kg.tree_questions
-ssplitmax	5	7
-ssplitmin	1	1
-ssplitthr	8e-4	0.000000e+00
-state			2
-stwt			1.0,0.05,0.0,
-treefn			/home/abdy/Desktop/diploma/kg/trees/kg.unpruned/u-2.dtree
-ts2cbfn	.semi.	.cont.
-varfloor	0.00001	1.000000e-05
-varfn			/home/abdy/Desktop/diploma/kg/model_parameters/kg.cd_cont_untied/variances

INFO: main.c(223): Reading: /home/abdy/Desktop/diploma/kg/model_architecture/kg.untied.mdef
INFO: model_def_io.c(573): Model definition info:
INFO: model_def_io.c(574): 10297 total models defined (47 base, 10250 tri)
INFO: model_def_io.c(575): 41188 total states
INFO: model_def_io.c(576): 30891 total tied states
INFO: model_def_io.c(577): 141 total tied CI states
INFO: model_def_io.c(578): 47 total tied transition matrices
INFO: model_def_io.c(579): 4 max state/model
INFO: model_def_io.c(580): 4 min state/model
INFO: main.c(242): Building trees for [u SIL ch b] through [u zh r i]
INFO: main.c(269): Covering states |[25110 26351]| == 1242
INFO: main.c(275): Reading: /home/abdy/Desktop/diploma/kg/model_parameters/kg.cd_cont_untied/mixture_weights
INFO: s3mixw_io.c(173): Read /home/abdy/Desktop/diploma/kg/model_parameters/kg.cd_cont_untied/mixture_weights [1242x1x1 array]
INFO: main.c(311): 77 of 414 models have observation count greater than 0.000010
INFO: main.c(95): nrm stwt: 0.000 0.048 0.952 
INFO: s3gau_io.c(169): Read /home/abdy/Desktop/diploma/kg/model_parameters/kg.cd_cont_untied/means [30891x1x1 array]
INFO: s3gau_io.c(169): Read /home/abdy/Desktop/diploma/kg/model_parameters/kg.cd_cont_untied/variances [30891x1x1 array]
INFO: main.c(549): Reading: /home/abdy/Desktop/diploma/kg/model_architecture/kg.tree_questions
INFO: main.c(588): 174 total simple questions (166 phone; 8 word bndry)
INFO: main.c(590): 40 Left Only questions, and 42 Right Only questions
INFO: dtree.c(1478): Final simple tree
|( SILENCE 1 -9.826e+04 1.620e+03 4.144e+02
|    ( - -1.685e+04 2 0 QUESTION6 -1 2.663e+02 7.840e+01)
|    ( WDBNDRY_B 0 -7.979e+04 4.312e+02 3.360e+02
|        ( QUESTION2 1 -1.806e+04 2.907e+02 8.101e+01
|            ( QUESTION16 -1 -3.810e+03 4.819e+02 1.601e+01
|                ( - 2.419e+02 1 0)
|                ( - -3.570e+03 4 0 QUESTION13 -1 1.610e+02 1.501e+01))
|            ( QUESTION0_0_R 1 -1.396e+04 2.798e+02 6.499e+01
|                ( - -7.803e+02 1 0)
|                ( - -1.290e+04 6 0 QUESTION0_9_R 1 2.414e+02 6.099e+01)))
|        ( QUESTION0 1 -6.130e+04 3.262e+02 2.550e+02
|            ( - -3.887e+04 40 0 QUESTION0_9_R 1 2.773e+02 1.628e+02)
|            ( QUESTION0_9_R 1 -2.210e+04 2.955e+02 9.217e+01
|                ( - -1.298e+03 1 0)
|                ( - -2.051e+04 22 0 QUESTION6 -1 2.140e+02 8.517e+01)))))
s>    ( SILENCE 1 -9.826e+04 1.620e+03 4.144e+02
s>        ( - -1.685e+04 2 0 QUESTION6 -1 2.663e+02 7.840e+01)
s>        ( WDBNDRY_B 0 -7.979e+04 4.312e+02 3.360e+02
s>            ( QUESTION2 1 -1.806e+04 2.907e+02 8.101e+01
s>                ( QUESTION16 -1 -3.810e+03 4.819e+02 1.601e+01
s>                    ( - 2.419e+02 1 0)
s>                    ( - -3.570e+03 4 0 QUESTION13 -1 1.610e+02 1.501e+01))
s>                ( QUESTION0_0_R 1 -1.396e+04 2.798e+02 6.499e+01
s>                    ( - -7.803e+02 1 0)
s>                    ( - -1.290e+04 6 0 QUESTION0_9_R 1 2.414e+02 6.099e+01)))
s>            ( QUESTION0 1 -6.130e+04 3.262e+02 2.550e+02
s>                ( - -3.887e+04 40 0 QUESTION0_9_R 1 2.773e+02 1.628e+02)
s>                ( QUESTION0_9_R 1 -2.210e+04 2.955e+02 9.217e+01
s>                    ( - -1.298e+03 1 0)
s>                    ( - -2.051e+04 22 0 QUESTION6 -1 2.140e+02 8.517e+01)))))INFO: dtree.c(1315): Comp split 0
INFO: dtree.c(1478): Final simple tree
|( WDBNDRY_B 0 -7.979e+04 4.312e+02 3.360e+02
|    ( QUESTION2 1 -1.806e+04 2.907e+02 8.101e+01
|        ( QUESTION16 -1 -3.810e+03 4.819e+02 1.601e+01
|            ( - 2.419e+02 1 0)
|            ( - -3.570e+03 4 0 QUESTION13 -1 1.610e+02 1.501e+01))
|        ( QUESTION0_0_R 1 -1.396e+04 2.798e+02 6.499e+01
|            ( - -7.803e+02 1 0)
|            ( - -1.290e+04 6 0 QUESTION0_9_R 1 2.414e+02 6.099e+01)))
|    ( QUESTION0 1 -6.130e+04 3.262e+02 2.550e+02
|        ( QUESTION0_9_R 1 -3.887e+04 2.773e+02 1.628e+02
|            ( - -1.753e+04 19 0 QUESTION2_0_L -1 1.709e+02 7.298e+01)
|            ( - -2.106e+04 21 0 QUESTION2 1 4.869e+02 8.981e+01))
|        ( QUESTION0_9_R 1 -2.210e+04 2.955e+02 9.217e+01
|            ( - -1.298e+03 1 0)
|            ( - -2.051e+04 22 0 QUESTION6 -1 2.140e+02 8.517e+01))))
s>    ( WDBNDRY_B 0 -7.979e+04 4.312e+02 3.360e+02
s>        ( QUESTION2 1 -1.806e+04 2.907e+02 8.101e+01
s>            ( QUESTION16 -1 -3.810e+03 4.819e+02 1.601e+01
s>                ( - 2.419e+02 1 0)
s>                ( - -3.570e+03 4 0 QUESTION13 -1 1.610e+02 1.501e+01))
s>            ( QUESTION0_0_R 1 -1.396e+04 2.798e+02 6.499e+01
s>                ( - -7.803e+02 1 0)
s>                ( - -1.290e+04 6 0 QUESTION0_9_R 1 2.414e+02 6.099e+01)))
s>        ( QUESTION0 1 -6.130e+04 3.262e+02 2.550e+02
s>            ( QUESTION0_9_R 1 -3.887e+04 2.773e+02 1.628e+02
s>                ( - -1.753e+04 19 0 QUESTION2_0_L -1 1.709e+02 7.298e+01)
s>                ( - -2.106e+04 21 0 QUESTION2 1 4.869e+02 8.981e+01))
s>            ( QUESTION0_9_R 1 -2.210e+04 2.955e+02 9.217e+01
s>                ( - -1.298e+03 1 0)
s>                ( - -2.051e+04 22 0 QUESTION6 -1 2.140e+02 8.517e+01))))INFO: dtree.c(1439): stop. leaf nodes are specific
INFO: dtree.c(1478): Final simple tree
|( QUESTION6 -1 -1.685e+04 2.663e+02 7.840e+01
|    ( - -4.803e+03 1 0)
|    ( - -1.178e+04 1 0))
s>    ( QUESTION6 -1 -1.685e+04 2.663e+02 7.840e+01
s>        ( - -4.803e+03 1 0)
s>        ( - -1.178e+04 1 0))INFO: dtree.c(1315): Comp split 1
INFO: dtree.c(1439): stop. leaf nodes are specific
INFO: dtree.c(1478): Final simple tree
|( QUESTION0_9_R 1 -1.290e+04 2.414e+02 6.099e+01
|    ( - -2.809e+03 1 0)
|    ( QUESTION19 -1 -9.850e+03 1.830e+02 4.699e+01
|        ( - -1.588e+03 1 0)
|        ( QUESTION7 1 -8.079e+03 1.830e+02 3.899e+01
|            ( - -3.232e+02 1 0)
|            ( QUESTION11 -1 -7.573e+03 1.609e+02 3.699e+01
|                ( - -2.554e+03 1 0)
|                ( QUESTION0_11_R 1 -4.858e+03 1.674e+02 2.400e+01
|                    ( - -2.932e+03 1 0)
|                    ( - -1.758e+03 1 0))))))
s>    ( QUESTION0_9_R 1 -1.290e+04 2.414e+02 6.099e+01
s>        ( - -2.809e+03 1 0)
s>        ( QUESTION19 -1 -9.850e+03 1.830e+02 4.699e+01
s>            ( - -1.588e+03 1 0)
s>            ( QUESTION7 1 -8.079e+03 1.830e+02 3.899e+01
s>                ( - -3.232e+02 1 0)
s>                ( QUESTION11 -1 -7.573e+03 1.609e+02 3.699e+01
s>                    ( - -2.554e+03 1 0)
s>                    ( QUESTION0_11_R 1 -4.858e+03 1.674e+02 2.400e+01
s>                        ( - -2.932e+03 1 0)
s>                        ( - -1.758e+03 1 0))))))INFO: dtree.c(1478): Final simple tree
|( QUESTION12 1 -6.628e+04 3.575e+02 2.750e+02
|    ( QUESTION0_9_R 1 -2.087e+04 2.838e+02 8.717e+01
|        ( - -1.298e+03 1 0)
|        ( WDBNDRY_B 0 -1.929e+04 2.577e+02 8.017e+01
|            ( - -7.803e+02 1 0)
|            ( QUESTION6 -1 -1.825e+04 2.105e+02 7.617e+01
|                ( QUESTION0_0_R 1 -6.443e+03 4.764e+02 2.816e+01
|                    ( - -6.209e+03 2 0 QUESTION13 1 3.144e+02 2.716e+01)
|                    ( - 2.426e+02 1 0))
|                ( - -1.159e+04 17 0 QUESTION0_4_R 1 1.658e+02 4.802e+01))))
|    ( QUESTION0_10_R 1 -4.505e+04 2.868e+02 1.878e+02
|        ( QUESTION2_12_L -1 -2.423e+04 2.816e+02 1.028e+02
|            ( - -1.894e+03 1 0)
|            ( - -2.205e+04 23 0 QUESTION0_14_R 1 1.898e+02 9.284e+01))
|        ( - -2.054e+04 23 0 QUESTION2_0_L -1 2.008e+02 8.498e+01)))
s>    ( QUESTION12 1 -6.628e+04 3.575e+02 2.750e+02
s>        ( QUESTION0_9_R 1 -2.087e+04 2.838e+02 8.717e+01
s>            ( - -1.298e+03 1 0)
s>            ( WDBNDRY_B 0 -1.929e+04 2.577e+02 8.017e+01
s>                ( - -7.803e+02 1 0)
s>                ( QUESTION6 -1 -1.825e+04 2.105e+02 7.617e+01
s>                    ( QUESTION0_0_R 1 -6.443e+03 4.764e+02 2.816e+01
s>                        ( - -6.209e+03 2 0 QUESTION13 1 3.144e+02 2.716e+01)
s>                        ( - 2.426e+02 1 0))
s>                    ( - -1.159e+04 17 0 QUESTION0_4_R 1 1.658e+02 4.802e+01))))
s>        ( QUESTION0_10_R 1 -4.505e+04 2.868e+02 1.878e+02
s>            ( QUESTION2_12_L -1 -2.423e+04 2.816e+02 1.028e+02
s>                ( - -1.894e+03 1 0)
s>                ( - -2.205e+04 23 0 QUESTION0_14_R 1 1.898e+02 9.284e+01))
s>            ( - -2.054e+04 23 0 QUESTION2_0_L -1 2.008e+02 8.498e+01)))INFO: dtree.c(1315): Comp split 2
INFO: dtree.c(1478): Final simple tree
|( QUESTION12 1 -6.604e+04 3.522e+02 2.740e+02
|    ( QUESTION0_9_R 1 -2.063e+04 2.842e+02 8.617e+01
|        ( - -1.298e+03 1 0)
|        ( WDBNDRY_B 0 -1.905e+04 2.573e+02 7.917e+01
|            ( - -7.803e+02 1 0)
|            ( QUESTION6 -1 -1.801e+04 2.093e+02 7.517e+01
|                ( QUESTION13 1 -6.209e+03 3.144e+02 2.716e+01
|                    ( - -5.280e+03 1 0)
|                    ( - -6.148e+02 1 0))
|                ( - -1.159e+04 17 0 QUESTION0_4_R 1 1.658e+02 4.802e+01))))
|    ( QUESTION0_10_R 1 -4.505e+04 2.868e+02 1.878e+02
|        ( QUESTION2_12_L -1 -2.423e+04 2.816e+02 1.028e+02
|            ( - -1.894e+03 1 0)
|            ( - -2.205e+04 23 0 QUESTION0_14_R 1 1.898e+02 9.284e+01))
|        ( - -2.054e+04 23 0 QUESTION2_0_L -1 2.008e+02 8.498e+01)))
s>    ( QUESTION12 1 -6.604e+04 3.522e+02 2.740e+02
s>        ( QUESTION0_9_R 1 -2.063e+04 2.842e+02 8.617e+01
s>            ( - -1.298e+03 1 0)
s>            ( WDBNDRY_B 0 -1.905e+04 2.573e+02 7.917e+01
s>                ( - -7.803e+02 1 0)
s>                ( QUESTION6 -1 -1.801e+04 2.093e+02 7.517e+01
s>                    ( QUESTION13 1 -6.209e+03 3.144e+02 2.716e+01
s>                        ( - -5.280e+03 1 0)
s>                        ( - -6.148e+02 1 0))
s>                    ( - -1.159e+04 17 0 QUESTION0_4_R 1 1.658e+02 4.802e+01))))
s>        ( QUESTION0_10_R 1 -4.505e+04 2.868e+02 1.878e+02
s>            ( QUESTION2_12_L -1 -2.423e+04 2.816e+02 1.028e+02
s>                ( - -1.894e+03 1 0)
s>                ( - -2.205e+04 23 0 QUESTION0_14_R 1 1.898e+02 9.284e+01))
s>            ( - -2.054e+04 23 0 QUESTION2_0_L -1 2.008e+02 8.498e+01)))INFO: dtree.c(1315): Comp split 3
INFO: dtree.c(1478): Final simple tree
|( QUESTION0_10_R 1 -5.779e+04 3.018e+02 2.398e+02
|    ( QUESTION3 -1 -2.613e+04 4.611e+02 1.108e+02
|        ( - 2.146e+02 1 0)
|        ( QUESTION2_12_L -1 -2.588e+04 2.765e+02 1.098e+02
|            ( - -1.894e+03 1 0)
|            ( - -2.371e+04 27 0 QUESTION19 -1 1.875e+02 9.985e+01)))
|    ( QUESTION12 1 -3.136e+04 2.240e+02 1.290e+02
|        ( QUESTION6 -1 -1.060e+04 2.922e+02 4.401e+01
|            ( - -6.148e+02 1 0)
|            ( - -9.689e+03 12 0 QUESTION0_4_R 1 1.656e+02 4.001e+01))
|        ( QUESTION2_0_L -1 -2.054e+04 2.008e+02 8.498e+01
|            ( - -8.575e+03 11 0 QUESTION14 -1 1.245e+02 3.573e+01)
|            ( WDBNDRY_E 0 -1.177e+04 5.105e+02 4.925e+01
|                ( - 2.429e+02 1 0)
|                ( - -1.150e+04 11 0 QUESTION0_0_R 1 1.765e+02 4.825e+01)))))
s>    ( QUESTION0_10_R 1 -5.779e+04 3.018e+02 2.398e+02
s>        ( QUESTION3 -1 -2.613e+04 4.611e+02 1.108e+02
s>            ( - 2.146e+02 1 0)
s>            ( QUESTION2_12_L -1 -2.588e+04 2.765e+02 1.098e+02
s>                ( - -1.894e+03 1 0)
s>                ( - -2.371e+04 27 0 QUESTION19 -1 1.875e+02 9.985e+01)))
s>        ( QUESTION12 1 -3.136e+04 2.240e+02 1.290e+02
s>            ( QUESTION6 -1 -1.060e+04 2.922e+02 4.401e+01
s>                ( - -6.148e+02 1 0)
s>                ( - -9.689e+03 12 0 QUESTION0_4_R 1 1.656e+02 4.001e+01))
s>            ( QUESTION2_0_L -1 -2.054e+04 2.008e+02 8.498e+01
s>                ( - -8.575e+03 11 0 QUESTION14 -1 1.245e+02 3.573e+01)
s>                ( WDBNDRY_E 0 -1.177e+04 5.105e+02 4.925e+01
s>                    ( - 2.429e+02 1 0)
s>                    ( - -1.150e+04 11 0 QUESTION0_0_R 1 1.765e+02 4.825e+01)))))INFO: dtree.c(1439): stop. leaf nodes are specific
INFO: dtree.c(1478): Final simple tree
|( QUESTION0_0_R 1 -7.845e+03 2.516e+02 3.416e+01
|    ( WDBNDRY_B 0 -6.296e+03 2.356e+02 2.716e+01
|        ( - -7.803e+02 1 0)
|        ( - -5.280e+03 1 0))
|    ( - -1.298e+03 1 0))
s>    ( QUESTION0_0_R 1 -7.845e+03 2.516e+02 3.416e+01
s>        ( WDBNDRY_B 0 -6.296e+03 2.356e+02 2.716e+01
s>            ( - -7.803e+02 1 0)
s>            ( - -5.280e+03 1 0))
s>        ( - -1.298e+03 1 0))INFO: dtree.c(1315): Comp split 4
INFO: dtree.c(1478): Final simple tree
|( QUESTION0_10_R 1 -5.754e+04 3.024e+02 2.388e+02
|    ( QUESTION3 -1 -2.613e+04 4.611e+02 1.108e+02
|        ( - 2.146e+02 1 0)
|        ( QUESTION2_12_L -1 -2.588e+04 2.765e+02 1.098e+02
|            ( - -1.894e+03 1 0)
|            ( QUESTION19 -1 -2.371e+04 1.875e+02 9.985e+01
|                ( - -7.471e+02 1 0)
|                ( - -2.278e+04 26 0 QUESTION0_14_R 1 1.930e+02 9.585e+01))))
|    ( QUESTION12 1 -3.110e+04 2.261e+02 1.280e+02
|        ( QUESTION6 -1 -1.060e+04 2.922e+02 4.401e+01
|            ( - -6.148e+02 1 0)
|            ( - -9.689e+03 12 0 QUESTION0_4_R 1 1.656e+02 4.001e+01))
|        ( QUESTION2_0_L -1 -2.028e+04 2.082e+02 8.398e+01
|            ( - -8.575e+03 11 0 QUESTION14 -1 1.245e+02 3.573e+01)
|            ( - -1.150e+04 11 0 QUESTION0_0_R 1 1.765e+02 4.825e+01))))
s>    ( QUESTION0_10_R 1 -5.754e+04 3.024e+02 2.388e+02
s>        ( QUESTION3 -1 -2.613e+04 4.611e+02 1.108e+02
s>            ( - 2.146e+02 1 0)
s>            ( QUESTION2_12_L -1 -2.588e+04 2.765e+02 1.098e+02
s>                ( - -1.894e+03 1 0)
s>                ( QUESTION19 -1 -2.371e+04 1.875e+02 9.985e+01
s>                    ( - -7.471e+02 1 0)
s>                    ( - -2.278e+04 26 0 QUESTION0_14_R 1 1.930e+02 9.585e+01))))
s>        ( QUESTION12 1 -3.110e+04 2.261e+02 1.280e+02
s>            ( QUESTION6 -1 -1.060e+04 2.922e+02 4.401e+01
s>                ( - -6.148e+02 1 0)
s>                ( - -9.689e+03 12 0 QUESTION0_4_R 1 1.656e+02 4.001e+01))
s>            ( QUESTION2_0_L -1 -2.028e+04 2.082e+02 8.398e+01
s>                ( - -8.575e+03 11 0 QUESTION14 -1 1.245e+02 3.573e+01)
s>                ( - -1.150e+04 11 0 QUESTION0_0_R 1 1.765e+02 4.825e+01))))INFO: dtree.c(1315): Comp split 5
INFO: dtree.c(1478): Final simple tree
|( QUESTION0_10_R 1 -5.729e+04 3.034e+02 2.378e+02
|    ( QUESTION2_12_L -1 -2.588e+04 2.765e+02 1.098e+02
|        ( - -1.894e+03 1 0)
|        ( QUESTION19 -1 -2.371e+04 1.875e+02 9.985e+01
|            ( - -7.471e+02 1 0)
|            ( QUESTION0_14_R 1 -2.278e+04 1.930e+02 9.585e+01
|                ( - -5.928e+03 4 0 QUESTION2_6_L -1 1.619e+02 2.598e+01)
|                ( - -1.666e+04 22 0 QUESTION2_9_L -1 1.540e+02 6.987e+01))))
|    ( QUESTION12 1 -3.110e+04 2.261e+02 1.280e+02
|        ( QUESTION6 -1 -1.060e+04 2.922e+02 4.401e+01
|            ( - -6.148e+02 1 0)
|            ( - -9.689e+03 12 0 QUESTION0_4_R 1 1.656e+02 4.001e+01))
|        ( QUESTION2_0_L -1 -2.028e+04 2.082e+02 8.398e+01
|            ( - -8.575e+03 11 0 QUESTION14 -1 1.245e+02 3.573e+01)
|            ( - -1.150e+04 11 0 QUESTION0_0_R 1 1.765e+02 4.825e+01))))
s>    ( QUESTION0_10_R 1 -5.729e+04 3.034e+02 2.378e+02
s>        ( QUESTION2_12_L -1 -2.588e+04 2.765e+02 1.098e+02
s>            ( - -1.894e+03 1 0)
s>            ( QUESTION19 -1 -2.371e+04 1.875e+02 9.985e+01
s>                ( - -7.471e+02 1 0)
s>                ( QUESTION0_14_R 1 -2.278e+04 1.930e+02 9.585e+01
s>                    ( - -5.928e+03 4 0 QUESTION2_6_L -1 1.619e+02 2.598e+01)
s>                    ( - -1.666e+04 22 0 QUESTION2_9_L -1 1.540e+02 6.987e+01))))
s>        ( QUESTION12 1 -3.110e+04 2.261e+02 1.280e+02
s>            ( QUESTION6 -1 -1.060e+04 2.922e+02 4.401e+01
s>                ( - -6.148e+02 1 0)
s>                ( - -9.689e+03 12 0 QUESTION0_4_R 1 1.656e+02 4.001e+01))
s>            ( QUESTION2_0_L -1 -2.028e+04 2.082e+02 8.398e+01
s>                ( - -8.575e+03 11 0 QUESTION14 -1 1.245e+02 3.573e+01)
s>                ( - -1.150e+04 11 0 QUESTION0_0_R 1 1.765e+02 4.825e+01))))INFO: dtree.c(1315): Comp split 6
INFO: dtree.c(1478): Final simple tree
|( QUESTION0_10_R 1 -5.637e+04 3.005e+02 2.338e+02
|    ( QUESTION2_12_L -1 -2.588e+04 2.765e+02 1.098e+02
|        ( - -1.894e+03 1 0)
|        ( QUESTION19 -1 -2.371e+04 1.875e+02 9.985e+01
|            ( - -7.471e+02 1 0)
|            ( QUESTION0_14_R 1 -2.278e+04 1.930e+02 9.585e+01
|                ( - -5.928e+03 4 0 QUESTION2_6_L -1 1.619e+02 2.598e+01)
|                ( - -1.666e+04 22 0 QUESTION2_9_L -1 1.540e+02 6.987e+01))))
|    ( QUESTION2_0_L -1 -3.018e+04 2.142e+02 1.240e+02
|        ( - -1.154e+04 15 0 QUESTION0_0_R 1 1.646e+02 4.780e+01)
|        ( QUESTION11 1 -1.843e+04 1.919e+02 7.619e+01
|            ( QUESTION5 -1 -2.063e+03 2.208e+02 9.003e+00
|                ( - -5.575e+02 1 0)
|                ( - -1.285e+03 1 0))
|            ( - -1.617e+04 17 0 WDBNDRY_E 0 1.701e+02 6.719e+01))))
s>    ( QUESTION0_10_R 1 -5.637e+04 3.005e+02 2.338e+02
s>        ( QUESTION2_12_L -1 -2.588e+04 2.765e+02 1.098e+02
s>            ( - -1.894e+03 1 0)
s>            ( QUESTION19 -1 -2.371e+04 1.875e+02 9.985e+01
s>                ( - -7.471e+02 1 0)
s>                ( QUESTION0_14_R 1 -2.278e+04 1.930e+02 9.585e+01
s>                    ( - -5.928e+03 4 0 QUESTION2_6_L -1 1.619e+02 2.598e+01)
s>                    ( - -1.666e+04 22 0 QUESTION2_9_L -1 1.540e+02 6.987e+01))))
s>        ( QUESTION2_0_L -1 -3.018e+04 2.142e+02 1.240e+02
s>            ( - -1.154e+04 15 0 QUESTION0_0_R 1 1.646e+02 4.780e+01)
s>            ( QUESTION11 1 -1.843e+04 1.919e+02 7.619e+01
s>                ( QUESTION5 -1 -2.063e+03 2.208e+02 9.003e+00
s>                    ( - -5.575e+02 1 0)
s>                    ( - -1.285e+03 1 0))
s>                ( - -1.617e+04 17 0 WDBNDRY_E 0 1.701e+02 6.719e+01))))INFO: dtree.c(1315): Comp split 7
INFO: dtree.c(1478): Final simple tree
|( QUESTION0_0_R 1 -2.815e+04 2.062e+02 1.188e+02
|    ( QUESTION5 -1 -2.063e+03 2.208e+02 9.003e+00
|        ( - -5.575e+02 1 0)
|        ( - -1.285e+03 1 0))
|    ( QUESTION2_12_L -1 -2.588e+04 2.765e+02 1.098e+02
|        ( - -1.894e+03 1 0)
|        ( QUESTION19 -1 -2.371e+04 1.875e+02 9.985e+01
|            ( - -7.471e+02 1 0)
|            ( QUESTION0_14_R 1 -2.278e+04 1.930e+02 9.585e+01
|                ( QUESTION2_6_L -1 -5.928e+03 1.619e+02 2.598e+01
|                    ( - -3.627e+03 1 0)
|                    ( - -2.139e+03 3 0 QUESTION5 -1 1.108e+02 9.063e+00))
|                ( QUESTION2_9_L -1 -1.666e+04 1.540e+02 6.987e+01
|                    ( - -4.230e+03 3 0 QUESTION0_15_R 1 1.947e+02 1.933e+01)
|                    ( - -1.227e+04 19 0 QUESTION15 -1 1.385e+02 5.054e+01))))))
s>    ( QUESTION0_0_R 1 -2.815e+04 2.062e+02 1.188e+02
s>        ( QUESTION5 -1 -2.063e+03 2.208e+02 9.003e+00
s>            ( - -5.575e+02 1 0)
s>            ( - -1.285e+03 1 0))
s>        ( QUESTION2_12_L -1 -2.588e+04 2.765e+02 1.098e+02
s>            ( - -1.894e+03 1 0)
s>            ( QUESTION19 -1 -2.371e+04 1.875e+02 9.985e+01
s>                ( - -7.471e+02 1 0)
s>                ( QUESTION0_14_R 1 -2.278e+04 1.930e+02 9.585e+01
s>                    ( QUESTION2_6_L -1 -5.928e+03 1.619e+02 2.598e+01
s>                        ( - -3.627e+03 1 0)
s>                        ( - -2.139e+03 3 0 QUESTION5 -1 1.108e+02 9.063e+00))
s>                    ( QUESTION2_9_L -1 -1.666e+04 1.540e+02 6.987e+01
s>                        ( - -4.230e+03 3 0 QUESTION0_15_R 1 1.947e+02 1.933e+01)
s>                        ( - -1.227e+04 19 0 QUESTION15 -1 1.385e+02 5.054e+01))))))INFO: dtree.c(1478): Final simple tree
|( QUESTION0_8_R 1 -2.791e+04 2.042e+02 1.150e+02
|    ( QUESTION2_0_L -1 -1.802e+04 1.850e+02 7.498e+01
|        ( QUESTION14 -1 -8.575e+03 1.245e+02 3.573e+01
|            ( - -2.621e+03 2 0 QUESTION2 1 7.247e+01 1.162e+01)
|            ( QUESTION0 -1 -5.830e+03 1.161e+02 2.411e+01
|                ( WDBNDRY_E 0 -1.584e+03 2.109e+02 7.000e+00
|                    ( - -5.085e+02 1 0)
|                    ( - -8.646e+02 1 0))
|                ( - -4.130e+03 7 0 QUESTION13 -1 1.012e+02 1.711e+01)))
|        ( QUESTION2 1 -9.260e+03 1.506e+02 3.924e+01
|            ( - -5.892e+03 5 0 QUESTION2_6_L -1 1.001e+02 2.526e+01)
|            ( - -3.217e+03 4 0 QUESTION1 -1 1.140e+02 1.399e+01)))
|    ( QUESTION0_4_R 1 -9.689e+03 1.656e+02 4.001e+01
|        ( - -6.627e+02 1 0)
|        ( - -8.860e+03 11 0 QUESTION2_0_L -1 1.029e+02 3.701e+01)))
s>    ( QUESTION0_8_R 1 -2.791e+04 2.042e+02 1.150e+02
s>        ( QUESTION2_0_L -1 -1.802e+04 1.850e+02 7.498e+01
s>            ( QUESTION14 -1 -8.575e+03 1.245e+02 3.573e+01
s>                ( - -2.621e+03 2 0 QUESTION2 1 7.247e+01 1.162e+01)
s>                ( QUESTION0 -1 -5.830e+03 1.161e+02 2.411e+01
s>                    ( WDBNDRY_E 0 -1.584e+03 2.109e+02 7.000e+00
s>                        ( - -5.085e+02 1 0)
s>                        ( - -8.646e+02 1 0))
s>                    ( - -4.130e+03 7 0 QUESTION13 -1 1.012e+02 1.711e+01)))
s>            ( QUESTION2 1 -9.260e+03 1.506e+02 3.924e+01
s>                ( - -5.892e+03 5 0 QUESTION2_6_L -1 1.001e+02 2.526e+01)
s>                ( - -3.217e+03 4 0 QUESTION1 -1 1.140e+02 1.399e+01)))
s>        ( QUESTION0_4_R 1 -9.689e+03 1.656e+02 4.001e+01
s>            ( - -6.627e+02 1 0)
s>            ( - -8.860e+03 11 0 QUESTION2_0_L -1 1.029e+02 3.701e+01)))INFO: dtree.c(1315): Comp split 8
INFO: dtree.c(1478): Final simple tree
|( QUESTION0_0_R 1 -2.597e+04 1.979e+02 1.089e+02
|    ( QUESTION5 -1 -2.063e+03 2.208e+02 9.003e+00
|        ( - -5.575e+02 1 0)
|        ( - -1.285e+03 1 0))
|    ( QUESTION19 -1 -2.371e+04 1.875e+02 9.985e+01
|        ( - -7.471e+02 1 0)
|        ( QUESTION0_14_R 1 -2.278e+04 1.930e+02 9.585e+01
|            ( QUESTION2_6_L -1 -5.928e+03 1.619e+02 2.598e+01
|                ( - -3.627e+03 1 0)
|                ( - -2.139e+03 3 0 QUESTION5 -1 1.108e+02 9.063e+00))
|            ( QUESTION2_9_L -1 -1.666e+04 1.540e+02 6.987e+01
|                ( QUESTION0_15_R 1 -4.230e+03 1.947e+02 1.933e+01
|                    ( - -8.925e+02 1 0)
|                    ( - -3.143e+03 2 0 WDBNDRY_E 0 1.665e+02 1.433e+01))
|                ( - -1.227e+04 19 0 QUESTION15 -1 1.385e+02 5.054e+01)))))
s>    ( QUESTION0_0_R 1 -2.597e+04 1.979e+02 1.089e+02
s>        ( QUESTION5 -1 -2.063e+03 2.208e+02 9.003e+00
s>            ( - -5.575e+02 1 0)
s>            ( - -1.285e+03 1 0))
s>        ( QUESTION19 -1 -2.371e+04 1.875e+02 9.985e+01
s>            ( - -7.471e+02 1 0)
s>            ( QUESTION0_14_R 1 -2.278e+04 1.930e+02 9.585e+01
s>                ( QUESTION2_6_L -1 -5.928e+03 1.619e+02 2.598e+01
s>                    ( - -3.627e+03 1 0)
s>                    ( - -2.139e+03 3 0 QUESTION5 -1 1.108e+02 9.063e+00))
s>                ( QUESTION2_9_L -1 -1.666e+04 1.540e+02 6.987e+01
s>                    ( QUESTION0_15_R 1 -4.230e+03 1.947e+02 1.933e+01
s>                        ( - -8.925e+02 1 0)
s>                        ( - -3.143e+03 2 0 WDBNDRY_E 0 1.665e+02 1.433e+01))
s>                    ( - -1.227e+04 19 0 QUESTION15 -1 1.385e+02 5.054e+01)))))INFO: dtree.c(1315): Comp split 9
INFO: dtree.c(1315): Comp split 10
INFO: dtree.c(1478): Final simple tree
|( QUESTION0_14_R 1 -2.516e+04 1.918e+02 1.059e+02
|    ( QUESTION2_6_L -1 -5.928e+03 1.619e+02 2.598e+01
|        ( - -3.627e+03 1 0)
|        ( - -2.139e+03 3 0 QUESTION5 -1 1.108e+02 9.063e+00))
|    ( QUESTION19 -1 -1.904e+04 1.972e+02 7.987e+01
|        ( - -7.471e+02 1 0)
|        ( QUESTION0_19_R 1 -1.809e+04 1.600e+02 7.587e+01
|            ( - -6.571e+03 8 0 QUESTION0 -1 1.376e+02 2.866e+01)
|            ( QUESTION5 1 -1.136e+04 2.036e+02 4.722e+01
|                ( - -8.925e+02 1 0)
|                ( QUESTION15 -1 -1.027e+04 1.485e+02 4.222e+01
|                    ( WDBNDRY_B 0 -2.184e+03 1.676e+02 1.000e+01
|                        ( - -7.356e+02 1 0)
|                        ( - -1.281e+03 2 0 QUESTION0_12_R 1 5.172e+02 6.000e+00))
|                    ( - -7.933e+03 11 0 QUESTION2_9_L -1 1.467e+02 3.222e+01))))))
s>    ( QUESTION0_14_R 1 -2.516e+04 1.918e+02 1.059e+02
s>        ( QUESTION2_6_L -1 -5.928e+03 1.619e+02 2.598e+01
s>            ( - -3.627e+03 1 0)
s>            ( - -2.139e+03 3 0 QUESTION5 -1 1.108e+02 9.063e+00))
s>        ( QUESTION19 -1 -1.904e+04 1.972e+02 7.987e+01
s>            ( - -7.471e+02 1 0)
s>            ( QUESTION0_19_R 1 -1.809e+04 1.600e+02 7.587e+01
s>                ( - -6.571e+03 8 0 QUESTION0 -1 1.376e+02 2.866e+01)
s>                ( QUESTION5 1 -1.136e+04 2.036e+02 4.722e+01
s>                    ( - -8.925e+02 1 0)
s>                    ( QUESTION15 -1 -1.027e+04 1.485e+02 4.222e+01
s>                        ( WDBNDRY_B 0 -2.184e+03 1.676e+02 1.000e+01
s>                            ( - -7.356e+02 1 0)
s>                            ( - -1.281e+03 2 0 QUESTION0_12_R 1 5.172e+02 6.000e+00))
s>                        ( - -7.933e+03 11 0 QUESTION2_9_L -1 1.467e+02 3.222e+01))))))INFO: dtree.c(1315): Comp split 11
INFO: dtree.c(1439): stop. leaf nodes are specific
INFO: dtree.c(1478): Final simple tree
|( WDBNDRY_B 0 -6.296e+03 2.356e+02 2.716e+01
|    ( - -7.803e+02 1 0)
|    ( - -5.280e+03 1 0))
s>    ( WDBNDRY_B 0 -6.296e+03 2.356e+02 2.716e+01
s>        ( - -7.803e+02 1 0)
s>        ( - -5.280e+03 1 0))INFO: dtree.c(1315): Comp split 12
INFO: dtree.c(1478): Final simple tree
|( QUESTION14 -1 -8.575e+03 1.245e+02 3.573e+01
|    ( QUESTION2 1 -2.621e+03 7.247e+01 1.162e+01
|        ( - -2.339e+03 1 0)
|        ( - -2.096e+02 1 0))
|    ( QUESTION0 -1 -5.830e+03 1.161e+02 2.411e+01
|        ( WDBNDRY_E 0 -1.584e+03 2.109e+02 7.000e+00
|            ( - -5.085e+02 1 0)
|            ( - -8.646e+02 1 0))
|        ( QUESTION13 -1 -4.130e+03 1.012e+02 1.711e+01
|            ( WDBNDRY_B 0 -3.603e+03 4.655e+02 1.511e+01
|                ( - 2.419e+02 1 0)
|                ( QUESTION16 -1 -3.380e+03 9.225e+01 1.411e+01
|                    ( - -2.052e+03 2 0)
|                    ( - -1.236e+03 3 0 WDBNDRY_E 0 5.378e+01 5.064e+00)))
|            ( - -4.251e+02 1 0))))
s>    ( QUESTION14 -1 -8.575e+03 1.245e+02 3.573e+01
s>        ( QUESTION2 1 -2.621e+03 7.247e+01 1.162e+01
s>            ( - -2.339e+03 1 0)
s>            ( - -2.096e+02 1 0))
s>        ( QUESTION0 -1 -5.830e+03 1.161e+02 2.411e+01
s>            ( WDBNDRY_E 0 -1.584e+03 2.109e+02 7.000e+00
s>                ( - -5.085e+02 1 0)
s>                ( - -8.646e+02 1 0))
s>            ( QUESTION13 -1 -4.130e+03 1.012e+02 1.711e+01
s>                ( WDBNDRY_B 0 -3.603e+03 4.655e+02 1.511e+01
s>                    ( - 2.419e+02 1 0)
s>                    ( QUESTION16 -1 -3.380e+03 9.225e+01 1.411e+01
s>                        ( - -2.052e+03 2 0)
s>                        ( - -1.236e+03 3 0 WDBNDRY_E 0 5.378e+01 5.064e+00)))
s>                ( - -4.251e+02 1 0))))INFO: dtree.c(1478): Final simple tree
|( QUESTION0_4_R 1 -1.909e+04 1.673e+02 7.925e+01
|    ( - -6.627e+02 1 0)
|    ( QUESTION2 1 -1.826e+04 1.585e+02 7.625e+01
|        ( - -5.892e+03 5 0 QUESTION2_6_L -1 1.001e+02 2.526e+01)
|        ( QUESTION0_8_R 1 -1.221e+04 1.344e+02 5.099e+01
|            ( QUESTION1 -1 -3.217e+03 1.140e+02 1.399e+01
|                ( - -7.713e+02 1 0)
|                ( - -2.332e+03 3 0 QUESTION6 -1 6.369e+01 9.986e+00))
|            ( QUESTION2_0_L -1 -8.860e+03 1.029e+02 3.701e+01
|                ( - -2.807e+03 4 0 QUESTION16 -1 8.696e+01 1.206e+01)
|                ( QUESTION13 1 -5.950e+03 4.583e+02 2.494e+01
|                    ( QUESTION5 -1 -5.710e+03 1.044e+02 2.394e+01
|                        ( - -2.486e+03 1 0)
|                        ( - -3.120e+03 5 0 QUESTION2_6_L -1 6.213e+01 1.299e+01))
|                    ( - 2.187e+02 1 0))))))
s>    ( QUESTION0_4_R 1 -1.909e+04 1.673e+02 7.925e+01
s>        ( - -6.627e+02 1 0)
s>        ( QUESTION2 1 -1.826e+04 1.585e+02 7.625e+01
s>            ( - -5.892e+03 5 0 QUESTION2_6_L -1 1.001e+02 2.526e+01)
s>            ( QUESTION0_8_R 1 -1.221e+04 1.344e+02 5.099e+01
s>                ( QUESTION1 -1 -3.217e+03 1.140e+02 1.399e+01
s>                    ( - -7.713e+02 1 0)
s>                    ( - -2.332e+03 3 0 QUESTION6 -1 6.369e+01 9.986e+00))
s>                ( QUESTION2_0_L -1 -8.860e+03 1.029e+02 3.701e+01
s>                    ( - -2.807e+03 4 0 QUESTION16 -1 8.696e+01 1.206e+01)
s>                    ( QUESTION13 1 -5.950e+03 4.583e+02 2.494e+01
s>                        ( QUESTION5 -1 -5.710e+03 1.044e+02 2.394e+01
s>                            ( - -2.486e+03 1 0)
s>                            ( - -3.120e+03 5 0 QUESTION2_6_L -1 6.213e+01 1.299e+01))
s>                        ( - 2.187e+02 1 0))))))INFO: dtree.c(1315): Comp split 13
INFO: dtree.c(1478): Final simple tree
|( QUESTION14 -1 -8.346e+03 1.225e+02 3.473e+01
|    ( QUESTION2 1 -2.621e+03 7.247e+01 1.162e+01
|        ( - -2.339e+03 1 0)
|        ( - -2.096e+02 1 0))
|    ( QUESTION0 -1 -5.602e+03 1.150e+02 2.311e+01
|        ( WDBNDRY_E 0 -1.584e+03 2.109e+02 7.000e+00
|            ( - -5.085e+02 1 0)
|            ( - -8.646e+02 1 0))
|        ( WDBNDRY_B 0 -3.903e+03 9.859e+01 1.611e+01
|            ( - -4.251e+02 1 0)
|            ( QUESTION16 -1 -3.380e+03 9.225e+01 1.411e+01
|                ( - -2.052e+03 2 0)
|                ( WDBNDRY_E 0 -1.236e+03 5.378e+01 5.064e+00
|                    ( - -2.224e+02 1 0)
|                    ( - -9.594e+02 2 0))))))
s>    ( QUESTION14 -1 -8.346e+03 1.225e+02 3.473e+01
s>        ( QUESTION2 1 -2.621e+03 7.247e+01 1.162e+01
s>            ( - -2.339e+03 1 0)
s>            ( - -2.096e+02 1 0))
s>        ( QUESTION0 -1 -5.602e+03 1.150e+02 2.311e+01
s>            ( WDBNDRY_E 0 -1.584e+03 2.109e+02 7.000e+00
s>                ( - -5.085e+02 1 0)
s>                ( - -8.646e+02 1 0))
s>            ( WDBNDRY_B 0 -3.903e+03 9.859e+01 1.611e+01
s>                ( - -4.251e+02 1 0)
s>                ( QUESTION16 -1 -3.380e+03 9.225e+01 1.411e+01
s>                    ( - -2.052e+03 2 0)
s>                    ( WDBNDRY_E 0 -1.236e+03 5.378e+01 5.064e+00
s>                        ( - -2.224e+02 1 0)
s>                        ( - -9.594e+02 2 0))))))INFO: dtree.c(1315): Comp split 14
INFO: dtree.c(1478): Final simple tree
|( QUESTION0_4_R 1 -1.885e+04 1.670e+02 7.825e+01
|    ( - -6.627e+02 1 0)
|    ( QUESTION2 1 -1.803e+04 1.583e+02 7.525e+01
|        ( QUESTION2_6_L -1 -5.892e+03 1.001e+02 2.526e+01
|            ( - -3.051e+03 1 0)
|            ( - -2.740e+03 4 0 QUESTION2 -1 8.847e+01 1.205e+01))
|        ( QUESTION0_8_R 1 -1.197e+04 1.341e+02 4.999e+01
|            ( QUESTION1 -1 -3.217e+03 1.140e+02 1.399e+01
|                ( - -7.713e+02 1 0)
|                ( - -2.332e+03 3 0 QUESTION6 -1 6.369e+01 9.986e+00))
|            ( QUESTION2_0_L -1 -8.624e+03 1.060e+02 3.601e+01
|                ( - -2.807e+03 4 0 QUESTION16 -1 8.696e+01 1.206e+01)
|                ( QUESTION5 -1 -5.710e+03 1.044e+02 2.394e+01
|                    ( - -2.486e+03 1 0)
|                    ( - -3.120e+03 5 0 QUESTION2_6_L -1 6.213e+01 1.299e+01))))))
s>    ( QUESTION0_4_R 1 -1.885e+04 1.670e+02 7.825e+01
s>        ( - -6.627e+02 1 0)
s>        ( QUESTION2 1 -1.803e+04 1.583e+02 7.525e+01
s>            ( QUESTION2_6_L -1 -5.892e+03 1.001e+02 2.526e+01
s>                ( - -3.051e+03 1 0)
s>                ( - -2.740e+03 4 0 QUESTION2 -1 8.847e+01 1.205e+01))
s>            ( QUESTION0_8_R 1 -1.197e+04 1.341e+02 4.999e+01
s>                ( QUESTION1 -1 -3.217e+03 1.140e+02 1.399e+01
s>                    ( - -7.713e+02 1 0)
s>                    ( - -2.332e+03 3 0 QUESTION6 -1 6.369e+01 9.986e+00))
s>                ( QUESTION2_0_L -1 -8.624e+03 1.060e+02 3.601e+01
s>                    ( - -2.807e+03 4 0 QUESTION16 -1 8.696e+01 1.206e+01)
s>                    ( QUESTION5 -1 -5.710e+03 1.044e+02 2.394e+01
s>                        ( - -2.486e+03 1 0)
s>                        ( - -3.120e+03 5 0 QUESTION2_6_L -1 6.213e+01 1.299e+01))))))INFO: dtree.c(1315): Comp split 15
INFO: dtree.c(1439): stop. leaf nodes are specific
INFO: dtree.c(1478): Final simple tree
|( QUESTION0_11_R 1 -3.424e+03 1.691e+02 1.700e+01
|    ( - -2.932e+03 1 0)
|    ( - -3.232e+02 1 0))
s>    ( QUESTION0_11_R 1 -3.424e+03 1.691e+02 1.700e+01
s>        ( - -2.932e+03 1 0)
s>        ( - -3.232e+02 1 0))INFO: dtree.c(1439): stop. leaf nodes are specific
INFO: dtree.c(1478): Final simple tree
|( QUESTION0_9_R 1 -9.233e+03 2.185e+02 4.400e+01
|    ( - -2.809e+03 1 0)
|    ( QUESTION19 -1 -6.205e+03 1.717e+02 3.000e+01
|        ( - -1.588e+03 1 0)
|        ( QUESTION0_11_R 1 -4.445e+03 1.325e+02 2.200e+01
|            ( - -2.554e+03 1 0)
|            ( - -1.758e+03 1 0))))
s>    ( QUESTION0_9_R 1 -9.233e+03 2.185e+02 4.400e+01
s>        ( - -2.809e+03 1 0)
s>        ( QUESTION19 -1 -6.205e+03 1.717e+02 3.000e+01
s>            ( - -1.588e+03 1 0)
s>            ( QUESTION0_11_R 1 -4.445e+03 1.325e+02 2.200e+01
s>                ( - -2.554e+03 1 0)
s>                ( - -1.758e+03 1 0))))INFO: dtree.c(1315): Comp split 16
INFO: dtree.c(1315): Comp split 17
INFO: dtree.c(1478): Final simple tree
|( QUESTION0_19_R 1 -1.809e+04 1.600e+02 7.587e+01
|    ( QUESTION0 -1 -6.571e+03 1.376e+02 2.866e+01
|        ( - -4.636e+03 6 0 QUESTION9 -1 1.130e+02 2.033e+01)
|        ( - -1.798e+03 2 0 QUESTION0 1 1.073e+02 8.323e+00))
|    ( QUESTION5 1 -1.136e+04 2.036e+02 4.722e+01
|        ( - -8.925e+02 1 0)
|        ( QUESTION15 -1 -1.027e+04 1.485e+02 4.222e+01
|            ( WDBNDRY_B 0 -2.184e+03 1.676e+02 1.000e+01
|                ( - -7.356e+02 1 0)
|                ( QUESTION0_12_R 1 -1.281e+03 5.172e+02 6.000e+00
|                    ( - -1.007e+03 1 0)
|                    ( - 2.425e+02 1 0)))
|            ( QUESTION2_9_L -1 -7.933e+03 1.467e+02 3.222e+01
|                ( - -3.326e+02 1 0)
|                ( - -7.453e+03 10 0 QUESTION0_0_R 1 1.291e+02 3.022e+01)))))
s>    ( QUESTION0_19_R 1 -1.809e+04 1.600e+02 7.587e+01
s>        ( QUESTION0 -1 -6.571e+03 1.376e+02 2.866e+01
s>            ( - -4.636e+03 6 0 QUESTION9 -1 1.130e+02 2.033e+01)
s>            ( - -1.798e+03 2 0 QUESTION0 1 1.073e+02 8.323e+00))
s>        ( QUESTION5 1 -1.136e+04 2.036e+02 4.722e+01
s>            ( - -8.925e+02 1 0)
s>            ( QUESTION15 -1 -1.027e+04 1.485e+02 4.222e+01
s>                ( WDBNDRY_B 0 -2.184e+03 1.676e+02 1.000e+01
s>                    ( - -7.356e+02 1 0)
s>                    ( QUESTION0_12_R 1 -1.281e+03 5.172e+02 6.000e+00
s>                        ( - -1.007e+03 1 0)
s>                        ( - 2.425e+02 1 0)))
s>                ( QUESTION2_9_L -1 -7.933e+03 1.467e+02 3.222e+01
s>                    ( - -3.326e+02 1 0)
s>                    ( - -7.453e+03 10 0 QUESTION0_0_R 1 1.291e+02 3.022e+01)))))INFO: dtree.c(1439): stop. leaf nodes are specific
INFO: dtree.c(1478): Final simple tree
|( WDBNDRY_B 0 -6.840e+03 1.651e+02 2.998e+01
|    ( - -7.471e+02 1 0)
|    ( QUESTION2_6_L -1 -5.928e+03 1.619e+02 2.598e+01
|        ( - -3.627e+03 1 0)
|        ( QUESTION5 -1 -2.139e+03 1.108e+02 9.063e+00
|            ( - -1.312e+03 1 0)
|            ( QUESTION1 -1 -7.159e+02 6.987e+01 3.000e+00
|                ( - -2.214e+02 1 0)
|                ( - -4.246e+02 1 0)))))
s>    ( WDBNDRY_B 0 -6.840e+03 1.651e+02 2.998e+01
s>        ( - -7.471e+02 1 0)
s>        ( QUESTION2_6_L -1 -5.928e+03 1.619e+02 2.598e+01
s>            ( - -3.627e+03 1 0)
s>            ( QUESTION5 -1 -2.139e+03 1.108e+02 9.063e+00
s>                ( - -1.312e+03 1 0)
s>                ( QUESTION1 -1 -7.159e+02 6.987e+01 3.000e+00
s>                    ( - -2.214e+02 1 0)
s>                    ( - -4.246e+02 1 0)))))INFO: dtree.c(1315): Comp split 18
INFO: dtree.c(1478): Final simple tree
|( QUESTION0_19_R 1 -1.785e+04 1.588e+02 7.487e+01
|    ( QUESTION0 -1 -6.571e+03 1.376e+02 2.866e+01
|        ( - -4.636e+03 6 0 QUESTION9 -1 1.130e+02 2.033e+01)
|        ( - -1.798e+03 2 0 QUESTION0 1 1.073e+02 8.323e+00))
|    ( QUESTION5 1 -1.112e+04 2.031e+02 4.622e+01
|        ( - -8.925e+02 1 0)
|        ( QUESTION15 -1 -1.002e+04 1.634e+02 4.122e+01
|            ( WDBNDRY_B 0 -1.927e+03 1.846e+02 9.000e+00
|                ( - -7.356e+02 1 0)
|                ( - -1.007e+03 1 0))
|            ( QUESTION2_9_L -1 -7.933e+03 1.467e+02 3.222e+01
|                ( - -3.326e+02 1 0)
|                ( QUESTION0_0_R 1 -7.453e+03 1.291e+02 3.022e+01
|                    ( - -1.285e+03 1 0)
|                    ( - -6.040e+03 9 0 WDBNDRY_B 0 1.037e+02 2.421e+01))))))
s>    ( QUESTION0_19_R 1 -1.785e+04 1.588e+02 7.487e+01
s>        ( QUESTION0 -1 -6.571e+03 1.376e+02 2.866e+01
s>            ( - -4.636e+03 6 0 QUESTION9 -1 1.130e+02 2.033e+01)
s>            ( - -1.798e+03 2 0 QUESTION0 1 1.073e+02 8.323e+00))
s>        ( QUESTION5 1 -1.112e+04 2.031e+02 4.622e+01
s>            ( - -8.925e+02 1 0)
s>            ( QUESTION15 -1 -1.002e+04 1.634e+02 4.122e+01
s>                ( WDBNDRY_B 0 -1.927e+03 1.846e+02 9.000e+00
s>                    ( - -7.356e+02 1 0)
s>                    ( - -1.007e+03 1 0))
s>                ( QUESTION2_9_L -1 -7.933e+03 1.467e+02 3.222e+01
s>                    ( - -3.326e+02 1 0)
s>                    ( QUESTION0_0_R 1 -7.453e+03 1.291e+02 3.022e+01
s>                        ( - -1.285e+03 1 0)
s>                        ( - -6.040e+03 9 0 WDBNDRY_B 0 1.037e+02 2.421e+01))))))INFO: dtree.c(1315): Comp split 19
INFO: dtree.c(1439): stop. leaf nodes are specific
INFO: dtree.c(1478): Final simple tree
|( QUESTION19 -1 -6.205e+03 1.717e+02 3.000e+01
|    ( - -1.588e+03 1 0)
|    ( QUESTION0_11_R 1 -4.445e+03 1.325e+02 2.200e+01
|        ( - -2.554e+03 1 0)
|        ( - -1.758e+03 1 0)))
s>    ( QUESTION19 -1 -6.205e+03 1.717e+02 3.000e+01
s>        ( - -1.588e+03 1 0)
s>        ( QUESTION0_11_R 1 -4.445e+03 1.325e+02 2.200e+01
s>            ( - -2.554e+03 1 0)
s>            ( - -1.758e+03 1 0)))INFO: dtree.c(1315): Comp split 20
INFO: dtree.c(1439): stop. leaf nodes are specific
INFO: dtree.c(1478): Final simple tree
|( QUESTION14 -1 -7.624e+03 1.280e+02 3.173e+01
|    ( QUESTION2 1 -2.621e+03 7.247e+01 1.162e+01
|        ( - -2.339e+03 1 0)
|        ( - -2.096e+02 1 0))
|    ( QUESTION16 -1 -4.875e+03 1.089e+02 2.011e+01
|        ( - -2.052e+03 2 0)
|        ( WDBNDRY_B 0 -2.714e+03 9.717e+01 1.106e+01
|            ( - -4.251e+02 1 0)
|            ( QUESTION0 -1 -2.192e+03 9.155e+01 9.064e+00
|                ( - -8.646e+02 1 0)
|                ( WDBNDRY_E 0 -1.236e+03 5.378e+01 5.064e+00
|                    ( - -2.224e+02 1 0)
|                    ( - -9.594e+02 2 0))))))
s>    ( QUESTION14 -1 -7.624e+03 1.280e+02 3.173e+01
s>        ( QUESTION2 1 -2.621e+03 7.247e+01 1.162e+01
s>            ( - -2.339e+03 1 0)
s>            ( - -2.096e+02 1 0))
s>        ( QUESTION16 -1 -4.875e+03 1.089e+02 2.011e+01
s>            ( - -2.052e+03 2 0)
s>            ( WDBNDRY_B 0 -2.714e+03 9.717e+01 1.106e+01
s>                ( - -4.251e+02 1 0)
s>                ( QUESTION0 -1 -2.192e+03 9.155e+01 9.064e+00
s>                    ( - -8.646e+02 1 0)
s>                    ( WDBNDRY_E 0 -1.236e+03 5.378e+01 5.064e+00
s>                        ( - -2.224e+02 1 0)
s>                        ( - -9.594e+02 2 0))))))INFO: dtree.c(1315): Comp split 21
INFO: dtree.c(1478): Final simple tree
|( QUESTION0_19_R 1 -1.675e+04 1.586e+02 6.987e+01
|    ( QUESTION0 -1 -6.571e+03 1.376e+02 2.866e+01
|        ( QUESTION9 -1 -4.636e+03 1.130e+02 2.033e+01
|            ( - -1.625e+03 4 0 QUESTION7 1 1.236e+02 7.008e+00)
|            ( - -2.897e+03 2 0 WDBNDRY_E 0 6.103e+01 1.333e+01))
|        ( - -1.798e+03 2 0 QUESTION0 1 1.073e+02 8.323e+00))
|    ( QUESTION15 -1 -1.002e+04 1.634e+02 4.122e+01
|        ( WDBNDRY_B 0 -1.927e+03 1.846e+02 9.000e+00
|            ( - -7.356e+02 1 0)
|            ( - -1.007e+03 1 0))
|        ( QUESTION2_9_L -1 -7.933e+03 1.467e+02 3.222e+01
|            ( - -3.326e+02 1 0)
|            ( QUESTION0_0_R 1 -7.453e+03 1.291e+02 3.022e+01
|                ( - -1.285e+03 1 0)
|                ( - -6.040e+03 9 0 WDBNDRY_B 0 1.037e+02 2.421e+01)))))
s>    ( QUESTION0_19_R 1 -1.675e+04 1.586e+02 6.987e+01
s>        ( QUESTION0 -1 -6.571e+03 1.376e+02 2.866e+01
s>            ( QUESTION9 -1 -4.636e+03 1.130e+02 2.033e+01
s>                ( - -1.625e+03 4 0 QUESTION7 1 1.236e+02 7.008e+00)
s>                ( - -2.897e+03 2 0 WDBNDRY_E 0 6.103e+01 1.333e+01))
s>            ( - -1.798e+03 2 0 QUESTION0 1 1.073e+02 8.323e+00))
s>        ( QUESTION15 -1 -1.002e+04 1.634e+02 4.122e+01
s>            ( WDBNDRY_B 0 -1.927e+03 1.846e+02 9.000e+00
s>                ( - -7.356e+02 1 0)
s>                ( - -1.007e+03 1 0))
s>            ( QUESTION2_9_L -1 -7.933e+03 1.467e+02 3.222e+01
s>                ( - -3.326e+02 1 0)
s>                ( QUESTION0_0_R 1 -7.453e+03 1.291e+02 3.022e+01
s>                    ( - -1.285e+03 1 0)
s>                    ( - -6.040e+03 9 0 WDBNDRY_B 0 1.037e+02 2.421e+01)))))INFO: dtree.c(1315): Comp split 22
INFO: dtree.c(1478): Final simple tree
|( QUESTION2_9_L -1 -9.867e+03 1.478e+02 4.054e+01
|    ( - -3.326e+02 1 0)
|    ( QUESTION0_19_R 1 -9.387e+03 1.360e+02 3.854e+01
|        ( QUESTION0 1 -1.798e+03 1.073e+02 8.323e+00
|            ( - -1.327e+03 1 0)
|            ( - -3.635e+02 1 0))
|        ( QUESTION0_0_R 1 -7.453e+03 1.291e+02 3.022e+01
|            ( - -1.285e+03 1 0)
|            ( WDBNDRY_B 0 -6.040e+03 1.037e+02 2.421e+01
|                ( - -1.180e+03 1 0)
|                ( QUESTION0_12_R 1 -4.756e+03 9.312e+01 1.920e+01
|                    ( QUESTION2_14_L -1 -4.014e+03 9.088e+01 1.620e+01
|                        ( - -1.656e+03 4 0 WDBNDRY_E 0 7.209e+01 6.406e+00)
|                        ( - -2.267e+03 3 0 QUESTION1 -1 1.217e+02 9.795e+00))
|                    ( - -6.487e+02 1 0))))))
s>    ( QUESTION2_9_L -1 -9.867e+03 1.478e+02 4.054e+01
s>        ( - -3.326e+02 1 0)
s>        ( QUESTION0_19_R 1 -9.387e+03 1.360e+02 3.854e+01
s>            ( QUESTION0 1 -1.798e+03 1.073e+02 8.323e+00
s>                ( - -1.327e+03 1 0)
s>                ( - -3.635e+02 1 0))
s>            ( QUESTION0_0_R 1 -7.453e+03 1.291e+02 3.022e+01
s>                ( - -1.285e+03 1 0)
s>                ( WDBNDRY_B 0 -6.040e+03 1.037e+02 2.421e+01
s>                    ( - -1.180e+03 1 0)
s>                    ( QUESTION0_12_R 1 -4.756e+03 9.312e+01 1.920e+01
s>                        ( QUESTION2_14_L -1 -4.014e+03 9.088e+01 1.620e+01
s>                            ( - -1.656e+03 4 0 WDBNDRY_E 0 7.209e+01 6.406e+00)
s>                            ( - -2.267e+03 3 0 QUESTION1 -1 1.217e+02 9.795e+00))
s>                        ( - -6.487e+02 1 0))))))INFO: dtree.c(1478): Final simple tree
|( WDBNDRY_B 0 -6.695e+03 1.729e+02 2.933e+01
|    ( - -7.356e+02 1 0)
|    ( QUESTION0_11_R 1 -5.787e+03 1.449e+02 2.533e+01
|        ( - -1.007e+03 1 0)
|        ( QUESTION9 -1 -4.636e+03 1.130e+02 2.033e+01
|            ( QUESTION7 1 -1.625e+03 1.236e+02 7.008e+00
|                ( - -2.208e+02 1 0)
|                ( QUESTION2_6_L -1 -1.281e+03 9.409e+01 6.008e+00
|                    ( - -3.610e+02 1 0)
|                    ( QUESTION0 1 -8.257e+02 7.922e+01 4.008e+00
|                        ( - -3.741e+02 1 0)
|                        ( - -3.723e+02 1 0))))
|            ( WDBNDRY_E 0 -2.897e+03 6.103e+01 1.333e+01
|                ( - -2.644e+03 1 0)
|                ( - -1.928e+02 1 0)))))
s>    ( WDBNDRY_B 0 -6.695e+03 1.729e+02 2.933e+01
s>        ( - -7.356e+02 1 0)
s>        ( QUESTION0_11_R 1 -5.787e+03 1.449e+02 2.533e+01
s>            ( - -1.007e+03 1 0)
s>            ( QUESTION9 -1 -4.636e+03 1.130e+02 2.033e+01
s>                ( QUESTION7 1 -1.625e+03 1.236e+02 7.008e+00
s>                    ( - -2.208e+02 1 0)
s>                    ( QUESTION2_6_L -1 -1.281e+03 9.409e+01 6.008e+00
s>                        ( - -3.610e+02 1 0)
s>                        ( QUESTION0 1 -8.257e+02 7.922e+01 4.008e+00
s>                            ( - -3.741e+02 1 0)
s>                            ( - -3.723e+02 1 0))))
s>                ( WDBNDRY_E 0 -2.897e+03 6.103e+01 1.333e+01
s>                    ( - -2.644e+03 1 0)
s>                    ( - -1.928e+02 1 0)))))INFO: dtree.c(1315): Comp split 23
INFO: dtree.c(1439): stop. leaf nodes are specific
INFO: dtree.c(1478): Final simple tree
|( QUESTION0_11_R 1 -5.787e+03 1.449e+02 2.533e+01
|    ( - -1.007e+03 1 0)
|    ( QUESTION9 -1 -4.636e+03 1.130e+02 2.033e+01
|        ( QUESTION7 1 -1.625e+03 1.236e+02 7.008e+00
|            ( - -2.208e+02 1 0)
|            ( QUESTION2_6_L -1 -1.281e+03 9.409e+01 6.008e+00
|                ( - -3.610e+02 1 0)
|                ( QUESTION0 1 -8.257e+02 7.922e+01 4.008e+00
|                    ( - -3.741e+02 1 0)
|                    ( - -3.723e+02 1 0))))
|        ( WDBNDRY_E 0 -2.897e+03 6.103e+01 1.333e+01
|            ( - -2.644e+03 1 0)
|            ( - -1.928e+02 1 0))))
s>    ( QUESTION0_11_R 1 -5.787e+03 1.449e+02 2.533e+01
s>        ( - -1.007e+03 1 0)
s>        ( QUESTION9 -1 -4.636e+03 1.130e+02 2.033e+01
s>            ( QUESTION7 1 -1.625e+03 1.236e+02 7.008e+00
s>                ( - -2.208e+02 1 0)
s>                ( QUESTION2_6_L -1 -1.281e+03 9.409e+01 6.008e+00
s>                    ( - -3.610e+02 1 0)
s>                    ( QUESTION0 1 -8.257e+02 7.922e+01 4.008e+00
s>                        ( - -3.741e+02 1 0)
s>                        ( - -3.723e+02 1 0))))
s>            ( WDBNDRY_E 0 -2.897e+03 6.103e+01 1.333e+01
s>                ( - -2.644e+03 1 0)
s>                ( - -1.928e+02 1 0))))INFO: dtree.c(1315): Comp split 24
INFO: dtree.c(1439): stop. leaf nodes are specific
INFO: dtree.c(1478): Final simple tree
|( QUESTION0_11_R 1 -4.445e+03 1.325e+02 2.200e+01
|    ( - -2.554e+03 1 0)
|    ( - -1.758e+03 1 0))
s>    ( QUESTION0_11_R 1 -4.445e+03 1.325e+02 2.200e+01
s>        ( - -2.554e+03 1 0)
s>        ( - -1.758e+03 1 0))INFO: dtree.c(1315): Comp split 25
INFO: dtree.c(1315): Comp split 26
INFO: dtree.c(1478): Final simple tree
|( QUESTION2 1 -1.803e+04 1.583e+02 7.525e+01
|    ( QUESTION2_6_L -1 -5.892e+03 1.001e+02 2.526e+01
|        ( - -3.051e+03 1 0)
|        ( QUESTION2 -1 -2.740e+03 8.847e+01 1.205e+01
|            ( - -1.050e+03 1 0)
|            ( - -1.602e+03 3 0 QUESTION2_12_L -1 7.130e+01 7.052e+00)))
|    ( QUESTION0_8_R 1 -1.197e+04 1.341e+02 4.999e+01
|        ( QUESTION1 -1 -3.217e+03 1.140e+02 1.399e+01
|            ( - -7.713e+02 1 0)
|            ( - -2.332e+03 3 0 QUESTION6 -1 6.369e+01 9.986e+00))
|        ( QUESTION2_0_L -1 -8.624e+03 1.060e+02 3.601e+01
|            ( - -2.807e+03 4 0 QUESTION16 -1 8.696e+01 1.206e+01)
|            ( QUESTION5 -1 -5.710e+03 1.044e+02 2.394e+01
|                ( - -2.486e+03 1 0)
|                ( - -3.120e+03 5 0 QUESTION2_6_L -1 6.213e+01 1.299e+01)))))
s>    ( QUESTION2 1 -1.803e+04 1.583e+02 7.525e+01
s>        ( QUESTION2_6_L -1 -5.892e+03 1.001e+02 2.526e+01
s>            ( - -3.051e+03 1 0)
s>            ( QUESTION2 -1 -2.740e+03 8.847e+01 1.205e+01
s>                ( - -1.050e+03 1 0)
s>                ( - -1.602e+03 3 0 QUESTION2_12_L -1 7.130e+01 7.052e+00)))
s>        ( QUESTION0_8_R 1 -1.197e+04 1.341e+02 4.999e+01
s>            ( QUESTION1 -1 -3.217e+03 1.140e+02 1.399e+01
s>                ( - -7.713e+02 1 0)
s>                ( - -2.332e+03 3 0 QUESTION6 -1 6.369e+01 9.986e+00))
s>            ( QUESTION2_0_L -1 -8.624e+03 1.060e+02 3.601e+01
s>                ( - -2.807e+03 4 0 QUESTION16 -1 8.696e+01 1.206e+01)
s>                ( QUESTION5 -1 -5.710e+03 1.044e+02 2.394e+01
s>                    ( - -2.486e+03 1 0)
s>                    ( - -3.120e+03 5 0 QUESTION2_6_L -1 6.213e+01 1.299e+01)))))INFO: dtree.c(1315): Comp split 27
INFO: dtree.c(1439): stop. leaf nodes are specific
INFO: dtree.c(1478): Final simple tree
|( QUESTION2_6_L -1 -5.928e+03 1.619e+02 2.598e+01
|    ( - -3.627e+03 1 0)
|    ( QUESTION5 -1 -2.139e+03 1.108e+02 9.063e+00
|        ( - -1.312e+03 1 0)
|        ( QUESTION1 -1 -7.159e+02 6.987e+01 3.000e+00
|            ( - -2.214e+02 1 0)
|            ( - -4.246e+02 1 0))))
s>    ( QUESTION2_6_L -1 -5.928e+03 1.619e+02 2.598e+01
s>        ( - -3.627e+03 1 0)
s>        ( QUESTION5 -1 -2.139e+03 1.108e+02 9.063e+00
s>            ( - -1.312e+03 1 0)
s>            ( QUESTION1 -1 -7.159e+02 6.987e+01 3.000e+00
s>                ( - -2.214e+02 1 0)
s>                ( - -4.246e+02 1 0))))INFO: dtree.c(1315): Comp split 28
INFO: dtree.c(1439): stop. leaf nodes are specific
INFO: dtree.c(1478): Final simple tree
|( QUESTION5 -1 -2.139e+03 1.108e+02 9.063e+00
|    ( - -1.312e+03 1 0)
|    ( QUESTION1 -1 -7.159e+02 6.987e+01 3.000e+00
|        ( - -2.214e+02 1 0)
|        ( - -4.246e+02 1 0)))
s>    ( QUESTION5 -1 -2.139e+03 1.108e+02 9.063e+00
s>        ( - -1.312e+03 1 0)
s>        ( QUESTION1 -1 -7.159e+02 6.987e+01 3.000e+00
s>            ( - -2.214e+02 1 0)
s>            ( - -4.246e+02 1 0)))INFO: dtree.c(1315): Comp split 29
INFO: dtree.c(1478): Final simple tree
|( QUESTION0_8_R 1 -1.197e+04 1.341e+02 4.999e+01
|    ( QUESTION1 -1 -3.217e+03 1.140e+02 1.399e+01
|        ( - -7.713e+02 1 0)
|        ( QUESTION6 -1 -2.332e+03 6.369e+01 9.986e+00
|            ( - -2.055e+03 2 0)
|            ( - -2.137e+02 1 0)))
|    ( QUESTION2_0_L -1 -8.624e+03 1.060e+02 3.601e+01
|        ( QUESTION16 -1 -2.807e+03 8.696e+01 1.206e+01
|            ( - -6.129e+02 1 0)
|            ( WDBNDRY_E 0 -2.108e+03 7.646e+01 9.064e+00
|                ( - -1.596e+02 1 0)
|                ( - -1.872e+03 2 0 QUESTION0 -1 6.062e+01 8.064e+00)))
|        ( QUESTION5 -1 -5.710e+03 1.044e+02 2.394e+01
|            ( - -2.486e+03 1 0)
|            ( - -3.120e+03 5 0 QUESTION2_6_L -1 6.213e+01 1.299e+01))))
s>    ( QUESTION0_8_R 1 -1.197e+04 1.341e+02 4.999e+01
s>        ( QUESTION1 -1 -3.217e+03 1.140e+02 1.399e+01
s>            ( - -7.713e+02 1 0)
s>            ( QUESTION6 -1 -2.332e+03 6.369e+01 9.986e+00
s>                ( - -2.055e+03 2 0)
s>                ( - -2.137e+02 1 0)))
s>        ( QUESTION2_0_L -1 -8.624e+03 1.060e+02 3.601e+01
s>            ( QUESTION16 -1 -2.807e+03 8.696e+01 1.206e+01
s>                ( - -6.129e+02 1 0)
s>                ( WDBNDRY_E 0 -2.108e+03 7.646e+01 9.064e+00
s>                    ( - -1.596e+02 1 0)
s>                    ( - -1.872e+03 2 0 QUESTION0 -1 6.062e+01 8.064e+00)))
s>            ( QUESTION5 -1 -5.710e+03 1.044e+02 2.394e+01
s>                ( - -2.486e+03 1 0)
s>                ( - -3.120e+03 5 0 QUESTION2_6_L -1 6.213e+01 1.299e+01))))INFO: dtree.c(1439): stop. leaf nodes are specific
INFO: dtree.c(1478): Final simple tree
|( QUESTION2_6_L -1 -5.892e+03 1.001e+02 2.526e+01
|    ( - -3.051e+03 1 0)
|    ( QUESTION2 -1 -2.740e+03 8.847e+01 1.205e+01
|        ( - -1.050e+03 1 0)
|        ( QUESTION2_12_L -1 -1.602e+03 7.130e+01 7.052e+00
|            ( - -1.867e+02 1 0)
|            ( QUESTION1 -1 -1.344e+03 7.532e+01 6.052e+00
|                ( - -1.075e+03 1 0)
|                ( - -1.935e+02 1 0)))))
s>    ( QUESTION2_6_L -1 -5.892e+03 1.001e+02 2.526e+01
s>        ( - -3.051e+03 1 0)
s>        ( QUESTION2 -1 -2.740e+03 8.847e+01 1.205e+01
s>            ( - -1.050e+03 1 0)
s>            ( QUESTION2_12_L -1 -1.602e+03 7.130e+01 7.052e+00
s>                ( - -1.867e+02 1 0)
s>                ( QUESTION1 -1 -1.344e+03 7.532e+01 6.052e+00
s>                    ( - -1.075e+03 1 0)
s>                    ( - -1.935e+02 1 0)))))INFO: dtree.c(1315): Comp split 30
INFO: dtree.c(1439): stop. leaf nodes are specific
INFO: dtree.c(1478): Final simple tree
|( QUESTION16 -1 -5.136e+03 1.116e+02 2.111e+01
|    ( - -2.052e+03 2 0)
|    ( WDBNDRY_B 0 -2.973e+03 9.308e+01 1.206e+01
|        ( - -4.251e+02 1 0)
|        ( QUESTION15 -1 -2.454e+03 9.071e+01 1.006e+01
|            ( WDBNDRY_E 0 -1.236e+03 5.378e+01 5.064e+00
|                ( - -2.224e+02 1 0)
|                ( - -9.594e+02 2 0))
|            ( QUESTION0 -1 -1.128e+03 5.398e+01 5.001e+00
|                ( - -8.646e+02 1 0)
|                ( - -2.096e+02 1 0)))))
s>    ( QUESTION16 -1 -5.136e+03 1.116e+02 2.111e+01
s>        ( - -2.052e+03 2 0)
s>        ( WDBNDRY_B 0 -2.973e+03 9.308e+01 1.206e+01
s>            ( - -4.251e+02 1 0)
s>            ( QUESTION15 -1 -2.454e+03 9.071e+01 1.006e+01
s>                ( WDBNDRY_E 0 -1.236e+03 5.378e+01 5.064e+00
s>                    ( - -2.224e+02 1 0)
s>                    ( - -9.594e+02 2 0))
s>                ( QUESTION0 -1 -1.128e+03 5.398e+01 5.001e+00
s>                    ( - -8.646e+02 1 0)
s>                    ( - -2.096e+02 1 0)))))INFO: dtree.c(1315): Comp split 31
INFO: dtree.c(1478): Final simple tree
|( QUESTION0_19_R 1 -9.387e+03 1.360e+02 3.854e+01
|    ( QUESTION0 1 -1.798e+03 1.073e+02 8.323e+00
|        ( - -1.327e+03 1 0)
|        ( - -3.635e+02 1 0))
|    ( QUESTION0_0_R 1 -7.453e+03 1.291e+02 3.022e+01
|        ( - -1.285e+03 1 0)
|        ( WDBNDRY_B 0 -6.040e+03 1.037e+02 2.421e+01
|            ( - -1.180e+03 1 0)
|            ( QUESTION0_12_R 1 -4.756e+03 9.312e+01 1.920e+01
|                ( QUESTION2_14_L -1 -4.014e+03 9.088e+01 1.620e+01
|                    ( - -1.656e+03 4 0 WDBNDRY_E 0 7.209e+01 6.406e+00)
|                    ( QUESTION1 -1 -2.267e+03 1.217e+02 9.795e+00
|                        ( - -7.725e+02 1 0)
|                        ( - -1.373e+03 2 0 QUESTION0 -1 6.695e+01 5.795e+00)))
|                ( - -6.487e+02 1 0)))))
s>    ( QUESTION0_19_R 1 -9.387e+03 1.360e+02 3.854e+01
s>        ( QUESTION0 1 -1.798e+03 1.073e+02 8.323e+00
s>            ( - -1.327e+03 1 0)
s>            ( - -3.635e+02 1 0))
s>        ( QUESTION0_0_R 1 -7.453e+03 1.291e+02 3.022e+01
s>            ( - -1.285e+03 1 0)
s>            ( WDBNDRY_B 0 -6.040e+03 1.037e+02 2.421e+01
s>                ( - -1.180e+03 1 0)
s>                ( QUESTION0_12_R 1 -4.756e+03 9.312e+01 1.920e+01
s>                    ( QUESTION2_14_L -1 -4.014e+03 9.088e+01 1.620e+01
s>                        ( - -1.656e+03 4 0 WDBNDRY_E 0 7.209e+01 6.406e+00)
s>                        ( QUESTION1 -1 -2.267e+03 1.217e+02 9.795e+00
s>                            ( - -7.725e+02 1 0)
s>                            ( - -1.373e+03 2 0 QUESTION0 -1 6.695e+01 5.795e+00)))
s>                    ( - -6.487e+02 1 0)))))INFO: dtree.c(1315): Comp split 32
INFO: dtree.c(1439): stop. leaf nodes are specific
INFO: dtree.c(1478): Final simple tree
|( QUESTION9 -1 -4.636e+03 1.130e+02 2.033e+01
|    ( QUESTION7 1 -1.625e+03 1.236e+02 7.008e+00
|        ( - -2.208e+02 1 0)
|        ( QUESTION2_6_L -1 -1.281e+03 9.409e+01 6.008e+00
|            ( - -3.610e+02 1 0)
|            ( QUESTION0 1 -8.257e+02 7.922e+01 4.008e+00
|                ( - -3.741e+02 1 0)
|                ( - -3.723e+02 1 0))))
|    ( WDBNDRY_E 0 -2.897e+03 6.103e+01 1.333e+01
|        ( - -2.644e+03 1 0)
|        ( - -1.928e+02 1 0)))
s>    ( QUESTION9 -1 -4.636e+03 1.130e+02 2.033e+01
s>        ( QUESTION7 1 -1.625e+03 1.236e+02 7.008e+00
s>            ( - -2.208e+02 1 0)
s>            ( QUESTION2_6_L -1 -1.281e+03 9.409e+01 6.008e+00
s>                ( - -3.610e+02 1 0)
s>                ( QUESTION0 1 -8.257e+02 7.922e+01 4.008e+00
s>                    ( - -3.741e+02 1 0)
s>                    ( - -3.723e+02 1 0))))
s>        ( WDBNDRY_E 0 -2.897e+03 6.103e+01 1.333e+01
s>            ( - -2.644e+03 1 0)
s>            ( - -1.928e+02 1 0)))INFO: dtree.c(1315): Comp split 33
INFO: dtree.c(1478): Final simple tree
|( QUESTION0_0_R 1 -7.453e+03 1.291e+02 3.022e+01
|    ( - -1.285e+03 1 0)
|    ( WDBNDRY_B 0 -6.040e+03 1.037e+02 2.421e+01
|        ( - -1.180e+03 1 0)
|        ( QUESTION0_12_R 1 -4.756e+03 9.312e+01 1.920e+01
|            ( QUESTION2_14_L -1 -4.014e+03 9.088e+01 1.620e+01
|                ( WDBNDRY_E 0 -1.656e+03 7.209e+01 6.406e+00
|                    ( - -1.397e+03 3 0)
|                    ( - -1.873e+02 1 0))
|                ( QUESTION1 -1 -2.267e+03 1.217e+02 9.795e+00
|                    ( - -7.725e+02 1 0)
|                    ( QUESTION0 -1 -1.373e+03 6.695e+01 5.795e+00
|                        ( - -8.788e+02 1 0)
|                        ( - -4.272e+02 1 0))))
|            ( - -6.487e+02 1 0))))
s>    ( QUESTION0_0_R 1 -7.453e+03 1.291e+02 3.022e+01
s>        ( - -1.285e+03 1 0)
s>        ( WDBNDRY_B 0 -6.040e+03 1.037e+02 2.421e+01
s>            ( - -1.180e+03 1 0)
s>            ( QUESTION0_12_R 1 -4.756e+03 9.312e+01 1.920e+01
s>                ( QUESTION2_14_L -1 -4.014e+03 9.088e+01 1.620e+01
s>                    ( WDBNDRY_E 0 -1.656e+03 7.209e+01 6.406e+00
s>                        ( - -1.397e+03 3 0)
s>                        ( - -1.873e+02 1 0))
s>                    ( QUESTION1 -1 -2.267e+03 1.217e+02 9.795e+00
s>                        ( - -7.725e+02 1 0)
s>                        ( QUESTION0 -1 -1.373e+03 6.695e+01 5.795e+00
s>                            ( - -8.788e+02 1 0)
s>                            ( - -4.272e+02 1 0))))
s>                ( - -6.487e+02 1 0))))INFO: dtree.c(1439): stop. leaf nodes are specific
INFO: dtree.c(1478): Final simple tree
|( QUESTION0 1 -1.798e+03 1.073e+02 8.323e+00
|    ( - -1.327e+03 1 0)
|    ( - -3.635e+02 1 0))
s>    ( QUESTION0 1 -1.798e+03 1.073e+02 8.323e+00
s>        ( - -1.327e+03 1 0)
s>        ( - -3.635e+02 1 0))INFO: dtree.c(1315): Comp split 34
INFO: dtree.c(1478): Final simple tree
|( QUESTION2_0_L -1 -8.899e+03 1.085e+02 3.701e+01
|    ( QUESTION16 -1 -2.807e+03 8.696e+01 1.206e+01
|        ( - -6.129e+02 1 0)
|        ( WDBNDRY_E 0 -2.108e+03 7.646e+01 9.064e+00
|            ( - -1.596e+02 1 0)
|            ( QUESTION0 -1 -1.872e+03 6.062e+01 8.064e+00
|                ( - -1.949e+02 1 0)
|                ( - -1.616e+03 1 0))))
|    ( QUESTION5 -1 -5.983e+03 9.683e+01 2.494e+01
|        ( QUESTION0_0_R 1 -2.767e+03 6.699e+01 1.196e+01
|            ( - -2.486e+03 1 0)
|            ( - -2.137e+02 1 0))
|        ( QUESTION2_6_L -1 -3.120e+03 6.213e+01 1.299e+01
|            ( - -1.822e+02 1 0)
|            ( - -2.875e+03 4 0 QUESTION1 -1 5.859e+01 1.199e+01))))
s>    ( QUESTION2_0_L -1 -8.899e+03 1.085e+02 3.701e+01
s>        ( QUESTION16 -1 -2.807e+03 8.696e+01 1.206e+01
s>            ( - -6.129e+02 1 0)
s>            ( WDBNDRY_E 0 -2.108e+03 7.646e+01 9.064e+00
s>                ( - -1.596e+02 1 0)
s>                ( QUESTION0 -1 -1.872e+03 6.062e+01 8.064e+00
s>                    ( - -1.949e+02 1 0)
s>                    ( - -1.616e+03 1 0))))
s>        ( QUESTION5 -1 -5.983e+03 9.683e+01 2.494e+01
s>            ( QUESTION0_0_R 1 -2.767e+03 6.699e+01 1.196e+01
s>                ( - -2.486e+03 1 0)
s>                ( - -2.137e+02 1 0))
s>            ( QUESTION2_6_L -1 -3.120e+03 6.213e+01 1.299e+01
s>                ( - -1.822e+02 1 0)
s>                ( - -2.875e+03 4 0 QUESTION1 -1 5.859e+01 1.199e+01))))INFO: dtree.c(1439): stop. leaf nodes are specific
INFO: dtree.c(1478): Final simple tree
|( QUESTION1 -1 -2.940e+03 1.142e+02 1.299e+01
|    ( - -7.713e+02 1 0)
|    ( - -2.055e+03 2 0))
s>    ( QUESTION1 -1 -2.940e+03 1.142e+02 1.299e+01
s>        ( - -7.713e+02 1 0)
s>        ( - -2.055e+03 2 0))INFO: dtree.c(1315): Comp split 35
INFO: dtree.c(1439): stop. leaf nodes are specific
INFO: dtree.c(1478): Final simple tree
|( QUESTION2_6_L -1 -1.281e+03 9.409e+01 6.008e+00
|    ( - -3.610e+02 1 0)
|    ( QUESTION0 1 -8.257e+02 7.922e+01 4.008e+00
|        ( - -3.741e+02 1 0)
|        ( - -3.723e+02 1 0)))
s>    ( QUESTION2_6_L -1 -1.281e+03 9.409e+01 6.008e+00
s>        ( - -3.610e+02 1 0)
s>        ( QUESTION0 1 -8.257e+02 7.922e+01 4.008e+00
s>            ( - -3.741e+02 1 0)
s>            ( - -3.723e+02 1 0)))INFO: dtree.c(1439): stop. leaf nodes are specific
INFO: dtree.c(1478): Final simple tree
|( QUESTION7 1 -3.222e+03 1.035e+02 1.433e+01
|    ( - -2.208e+02 1 0)
|    ( WDBNDRY_E 0 -2.897e+03 6.103e+01 1.333e+01
|        ( - -2.644e+03 1 0)
|        ( - -1.928e+02 1 0)))
s>    ( QUESTION7 1 -3.222e+03 1.035e+02 1.433e+01
s>        ( - -2.208e+02 1 0)
s>        ( WDBNDRY_E 0 -2.897e+03 6.103e+01 1.333e+01
s>            ( - -2.644e+03 1 0)
s>            ( - -1.928e+02 1 0)))INFO: dtree.c(1315): Comp split 36
INFO: dtree.c(1315): Comp split 37
INFO: dtree.c(1439): stop. leaf nodes are specific
INFO: dtree.c(1478): Final simple tree
|( WDBNDRY_B 0 -6.040e+03 1.037e+02 2.421e+01
|    ( - -1.180e+03 1 0)
|    ( QUESTION0_12_R 1 -4.756e+03 9.312e+01 1.920e+01
|        ( QUESTION2_14_L -1 -4.014e+03 9.088e+01 1.620e+01
|            ( WDBNDRY_E 0 -1.656e+03 7.209e+01 6.406e+00
|                ( - -1.397e+03 3 0)
|                ( - -1.873e+02 1 0))
|            ( QUESTION1 -1 -2.267e+03 1.217e+02 9.795e+00
|                ( - -7.725e+02 1 0)
|                ( QUESTION0 -1 -1.373e+03 6.695e+01 5.795e+00
|                    ( - -8.788e+02 1 0)
|                    ( - -4.272e+02 1 0))))
|        ( - -6.487e+02 1 0)))
s>    ( WDBNDRY_B 0 -6.040e+03 1.037e+02 2.421e+01
s>        ( - -1.180e+03 1 0)
s>        ( QUESTION0_12_R 1 -4.756e+03 9.312e+01 1.920e+01
s>            ( QUESTION2_14_L -1 -4.014e+03 9.088e+01 1.620e+01
s>                ( WDBNDRY_E 0 -1.656e+03 7.209e+01 6.406e+00
s>                    ( - -1.397e+03 3 0)
s>                    ( - -1.873e+02 1 0))
s>                ( QUESTION1 -1 -2.267e+03 1.217e+02 9.795e+00
s>                    ( - -7.725e+02 1 0)
s>                    ( QUESTION0 -1 -1.373e+03 6.695e+01 5.795e+00
s>                        ( - -8.788e+02 1 0)
s>                        ( - -4.272e+02 1 0))))
s>            ( - -6.487e+02 1 0)))INFO: dtree.c(1315): Comp split 38
INFO: dtree.c(1439): stop. leaf nodes are specific
INFO: dtree.c(1478): Final simple tree
|( WDBNDRY_B 0 -5.137e+03 1.027e+02 2.021e+01
|    ( - -1.180e+03 1 0)
|    ( QUESTION0_12_R 1 -3.855e+03 9.484e+01 1.520e+01
|        ( QUESTION1 -1 -3.111e+03 8.205e+01 1.220e+01
|            ( WDBNDRY_E 0 -1.656e+03 7.209e+01 6.406e+00
|                ( - -1.397e+03 3 0)
|                ( - -1.873e+02 1 0))
|            ( QUESTION0 -1 -1.373e+03 6.695e+01 5.795e+00
|                ( - -8.788e+02 1 0)
|                ( - -4.272e+02 1 0)))
|        ( - -6.487e+02 1 0)))
s>    ( WDBNDRY_B 0 -5.137e+03 1.027e+02 2.021e+01
s>        ( - -1.180e+03 1 0)
s>        ( QUESTION0_12_R 1 -3.855e+03 9.484e+01 1.520e+01
s>            ( QUESTION1 -1 -3.111e+03 8.205e+01 1.220e+01
s>                ( WDBNDRY_E 0 -1.656e+03 7.209e+01 6.406e+00
s>                    ( - -1.397e+03 3 0)
s>                    ( - -1.873e+02 1 0))
s>                ( QUESTION0 -1 -1.373e+03 6.695e+01 5.795e+00
s>                    ( - -8.788e+02 1 0)
s>                    ( - -4.272e+02 1 0)))
s>            ( - -6.487e+02 1 0)))INFO: dtree.c(1315): Comp split 39
INFO: dtree.c(1315): Comp split 40
INFO: dtree.c(1439): stop. leaf nodes are specific
INFO: dtree.c(1478): Final simple tree
|( WDBNDRY_B 0 -2.973e+03 9.308e+01 1.206e+01
|    ( - -4.251e+02 1 0)
|    ( QUESTION15 -1 -2.454e+03 9.071e+01 1.006e+01
|        ( WDBNDRY_E 0 -1.236e+03 5.378e+01 5.064e+00
|            ( - -2.224e+02 1 0)
|            ( - -9.594e+02 2 0))
|        ( QUESTION0 -1 -1.128e+03 5.398e+01 5.001e+00
|            ( - -8.646e+02 1 0)
|            ( - -2.096e+02 1 0))))
s>    ( WDBNDRY_B 0 -2.973e+03 9.308e+01 1.206e+01
s>        ( - -4.251e+02 1 0)
s>        ( QUESTION15 -1 -2.454e+03 9.071e+01 1.006e+01
s>            ( WDBNDRY_E 0 -1.236e+03 5.378e+01 5.064e+00
s>                ( - -2.224e+02 1 0)
s>                ( - -9.594e+02 2 0))
s>            ( QUESTION0 -1 -1.128e+03 5.398e+01 5.001e+00
s>                ( - -8.646e+02 1 0)
s>                ( - -2.096e+02 1 0))))INFO: dtree.c(1315): Comp split 41
INFO: dtree.c(1439): stop. leaf nodes are specific
INFO: dtree.c(1478): Final simple tree
|( QUESTION1 -1 -7.159e+02 6.987e+01 3.000e+00
|    ( - -2.214e+02 1 0)
|    ( - -4.246e+02 1 0))
s>    ( QUESTION1 -1 -7.159e+02 6.987e+01 3.000e+00
s>        ( - -2.214e+02 1 0)
s>        ( - -4.246e+02 1 0))INFO: dtree.c(1315): Comp split 42
INFO: dtree.c(1439): stop. leaf nodes are specific
INFO: dtree.c(1478): Final simple tree
|( WDBNDRY_E 0 -3.390e+03 8.104e+01 1.399e+01
|    ( - -1.596e+02 1 0)
|    ( QUESTION2 -1 -3.150e+03 6.677e+01 1.299e+01
|        ( - -1.592e+03 2 0)
|        ( QUESTION9 -1 -1.491e+03 5.119e+01 6.005e+00
|            ( - -4.569e+02 1 0)
|            ( QUESTION0_0_R 1 -9.830e+02 5.106e+01 4.005e+00
|                ( - -7.183e+02 1 0)
|                ( - -2.137e+02 1 0)))))
s>    ( WDBNDRY_E 0 -3.390e+03 8.104e+01 1.399e+01
s>        ( - -1.596e+02 1 0)
s>        ( QUESTION2 -1 -3.150e+03 6.677e+01 1.299e+01
s>            ( - -1.592e+03 2 0)
s>            ( QUESTION9 -1 -1.491e+03 5.119e+01 6.005e+00
s>                ( - -4.569e+02 1 0)
s>                ( QUESTION0_0_R 1 -9.830e+02 5.106e+01 4.005e+00
s>                    ( - -7.183e+02 1 0)
s>                    ( - -2.137e+02 1 0)))))INFO: dtree.c(1439): stop. leaf nodes are specific
INFO: dtree.c(1478): Final simple tree
|( QUESTION4 -1 -5.400e+03 1.056e+02 2.302e+01
|    ( QUESTION5 -1 -2.728e+03 5.955e+01 1.196e+01
|        ( - -2.486e+03 1 0)
|        ( - -1.822e+02 1 0))
|    ( QUESTION16 -1 -2.566e+03 8.149e+01 1.106e+01
|        ( - -6.129e+02 1 0)
|        ( QUESTION0 -1 -1.872e+03 6.062e+01 8.064e+00
|            ( - -1.949e+02 1 0)
|            ( - -1.616e+03 1 0))))
s>    ( QUESTION4 -1 -5.400e+03 1.056e+02 2.302e+01
s>        ( QUESTION5 -1 -2.728e+03 5.955e+01 1.196e+01
s>            ( - -2.486e+03 1 0)
s>            ( - -1.822e+02 1 0))
s>        ( QUESTION16 -1 -2.566e+03 8.149e+01 1.106e+01
s>            ( - -6.129e+02 1 0)
s>            ( QUESTION0 -1 -1.872e+03 6.062e+01 8.064e+00
s>                ( - -1.949e+02 1 0)
s>                ( - -1.616e+03 1 0))))INFO: dtree.c(1315): Comp split 43
INFO: dtree.c(1315): Comp split 44
INFO: dtree.c(1439): stop. leaf nodes are specific
INFO: dtree.c(1478): Final simple tree
|( QUESTION16 -1 -2.566e+03 8.149e+01 1.106e+01
|    ( - -6.129e+02 1 0)
|    ( QUESTION0 -1 -1.872e+03 6.062e+01 8.064e+00
|        ( - -1.949e+02 1 0)
|        ( - -1.616e+03 1 0)))
s>    ( QUESTION16 -1 -2.566e+03 8.149e+01 1.106e+01
s>        ( - -6.129e+02 1 0)
s>        ( QUESTION0 -1 -1.872e+03 6.062e+01 8.064e+00
s>            ( - -1.949e+02 1 0)
s>            ( - -1.616e+03 1 0)))INFO: dtree.c(1439): stop. leaf nodes are specific
INFO: dtree.c(1478): Final simple tree
|( QUESTION5 -1 -2.728e+03 5.955e+01 1.196e+01
|    ( - -2.486e+03 1 0)
|    ( - -1.822e+02 1 0))
s>    ( QUESTION5 -1 -2.728e+03 5.955e+01 1.196e+01
s>        ( - -2.486e+03 1 0)
s>        ( - -1.822e+02 1 0))INFO: dtree.c(1315): Comp split 45
INFO: dtree.c(1439): stop. leaf nodes are specific
INFO: dtree.c(1478): Final simple tree
|( WDBNDRY_E 0 -2.897e+03 6.103e+01 1.333e+01
|    ( - -2.644e+03 1 0)
|    ( - -1.928e+02 1 0))
s>    ( WDBNDRY_E 0 -2.897e+03 6.103e+01 1.333e+01
s>        ( - -2.644e+03 1 0)
s>        ( - -1.928e+02 1 0))INFO: dtree.c(1315): Comp split 46
INFO: dtree.c(1439): stop. leaf nodes are specific
INFO: dtree.c(1478): Final simple tree
|( QUESTION0_12_R 1 -3.855e+03 9.484e+01 1.520e+01
|    ( QUESTION1 -1 -3.111e+03 8.205e+01 1.220e+01
|        ( WDBNDRY_E 0 -1.656e+03 7.209e+01 6.406e+00
|            ( - -1.397e+03 3 0)
|            ( - -1.873e+02 1 0))
|        ( QUESTION0 -1 -1.373e+03 6.695e+01 5.795e+00
|            ( - -8.788e+02 1 0)
|            ( - -4.272e+02 1 0)))
|    ( - -6.487e+02 1 0))
s>    ( QUESTION0_12_R 1 -3.855e+03 9.484e+01 1.520e+01
s>        ( QUESTION1 -1 -3.111e+03 8.205e+01 1.220e+01
s>            ( WDBNDRY_E 0 -1.656e+03 7.209e+01 6.406e+00
s>                ( - -1.397e+03 3 0)
s>                ( - -1.873e+02 1 0))
s>            ( QUESTION0 -1 -1.373e+03 6.695e+01 5.795e+00
s>                ( - -8.788e+02 1 0)
s>                ( - -4.272e+02 1 0)))
s>        ( - -6.487e+02 1 0))INFO: dtree.c(1315): Comp split 47
INFO: dtree.c(1439): stop. leaf nodes are specific
INFO: dtree.c(1478): Final simple tree
|( QUESTION2 -1 -2.740e+03 8.847e+01 1.205e+01
|    ( - -1.050e+03 1 0)
|    ( QUESTION2_12_L -1 -1.602e+03 7.130e+01 7.052e+00
|        ( - -1.867e+02 1 0)
|        ( QUESTION1 -1 -1.344e+03 7.532e+01 6.052e+00
|            ( - -1.075e+03 1 0)
|            ( - -1.935e+02 1 0))))
s>    ( QUESTION2 -1 -2.740e+03 8.847e+01 1.205e+01
s>        ( - -1.050e+03 1 0)
s>        ( QUESTION2_12_L -1 -1.602e+03 7.130e+01 7.052e+00
s>            ( - -1.867e+02 1 0)
s>            ( QUESTION1 -1 -1.344e+03 7.532e+01 6.052e+00
s>                ( - -1.075e+03 1 0)
s>                ( - -1.935e+02 1 0))))INFO: dtree.c(1315): Comp split 48
INFO: dtree.c(1439): stop. leaf nodes are specific
INFO: dtree.c(1478): Final simple tree
|( QUESTION1 -1 -3.111e+03 8.205e+01 1.220e+01
|    ( WDBNDRY_E 0 -1.656e+03 7.209e+01 6.406e+00
|        ( - -1.397e+03 3 0)
|        ( - -1.873e+02 1 0))
|    ( QUESTION0 -1 -1.373e+03 6.695e+01 5.795e+00
|        ( - -8.788e+02 1 0)
|        ( - -4.272e+02 1 0)))
s>    ( QUESTION1 -1 -3.111e+03 8.205e+01 1.220e+01
s>        ( WDBNDRY_E 0 -1.656e+03 7.209e+01 6.406e+00
s>            ( - -1.397e+03 3 0)
s>            ( - -1.873e+02 1 0))
s>        ( QUESTION0 -1 -1.373e+03 6.695e+01 5.795e+00
s>            ( - -8.788e+02 1 0)
s>            ( - -4.272e+02 1 0)))INFO: dtree.c(1315): Comp split 49
INFO: dtree.c(1439): stop. leaf nodes are specific
INFO: dtree.c(1478): Final simple tree
|( QUESTION0 1 -8.257e+02 7.922e+01 4.008e+00
|    ( - -3.741e+02 1 0)
|    ( - -3.723e+02 1 0))
s>    ( QUESTION0 1 -8.257e+02 7.922e+01 4.008e+00
s>        ( - -3.741e+02 1 0)
s>        ( - -3.723e+02 1 0))INFO: dtree.c(1315): Comp split 50
INFO: dtree.c(1439): stop. leaf nodes are specific
INFO: dtree.c(1478): Final simple tree
|( QUESTION15 -1 -2.454e+03 9.071e+01 1.006e+01
|    ( WDBNDRY_E 0 -1.236e+03 5.378e+01 5.064e+00
|        ( - -2.224e+02 1 0)
|        ( - -9.594e+02 2 0))
|    ( QUESTION0 -1 -1.128e+03 5.398e+01 5.001e+00
|        ( - -8.646e+02 1 0)
|        ( - -2.096e+02 1 0)))
s>    ( QUESTION15 -1 -2.454e+03 9.071e+01 1.006e+01
s>        ( WDBNDRY_E 0 -1.236e+03 5.378e+01 5.064e+00
s>            ( - -2.224e+02 1 0)
s>            ( - -9.594e+02 2 0))
s>        ( QUESTION0 -1 -1.128e+03 5.398e+01 5.001e+00
s>            ( - -8.646e+02 1 0)
s>            ( - -2.096e+02 1 0)))INFO: dtree.c(1315): Comp split 51
INFO: dtree.c(1439): stop. leaf nodes are specific
INFO: dtree.c(1478): Final simple tree
|( QUESTION0 -1 -1.128e+03 5.398e+01 5.001e+00
|    ( - -8.646e+02 1 0)
|    ( - -2.096e+02 1 0))
s>    ( QUESTION0 -1 -1.128e+03 5.398e+01 5.001e+00
s>        ( - -8.646e+02 1 0)
s>        ( - -2.096e+02 1 0))INFO: dtree.c(1439): stop. leaf nodes are specific
INFO: dtree.c(1478): Final simple tree
|( WDBNDRY_E 0 -1.236e+03 5.378e+01 5.064e+00
|    ( - -2.224e+02 1 0)
|    ( - -9.594e+02 2 0))
s>    ( WDBNDRY_E 0 -1.236e+03 5.378e+01 5.064e+00
s>        ( - -2.224e+02 1 0)
s>        ( - -9.594e+02 2 0))INFO: dtree.c(1315): Comp split 52
INFO: dtree.c(1439): stop. leaf nodes are specific
INFO: dtree.c(1478): Final simple tree
|( QUESTION0 -1 -8.613e+02 5.356e+01 4.002e+00
|    ( - -1.949e+02 1 0)
|    ( - -6.129e+02 1 0))
s>    ( QUESTION0 -1 -8.613e+02 5.356e+01 4.002e+00
s>        ( - -1.949e+02 1 0)
s>        ( - -6.129e+02 1 0))INFO: dtree.c(1315): Comp split 53
INFO: dtree.c(1439): stop. leaf nodes are specific
INFO: dtree.c(1478): Final simple tree
|( QUESTION2_12_L -1 -1.602e+03 7.130e+01 7.052e+00
|    ( - -1.867e+02 1 0)
|    ( QUESTION1 -1 -1.344e+03 7.532e+01 6.052e+00
|        ( - -1.075e+03 1 0)
|        ( - -1.935e+02 1 0)))
s>    ( QUESTION2_12_L -1 -1.602e+03 7.130e+01 7.052e+00
s>        ( - -1.867e+02 1 0)
s>        ( QUESTION1 -1 -1.344e+03 7.532e+01 6.052e+00
s>            ( - -1.075e+03 1 0)
s>            ( - -1.935e+02 1 0)))INFO: dtree.c(1315): Comp split 54
INFO: dtree.c(1439): stop. leaf nodes are specific
INFO: dtree.c(1478): Final simple tree
|( QUESTION0 -1 -1.373e+03 6.695e+01 5.795e+00
|    ( - -8.788e+02 1 0)
|    ( - -4.272e+02 1 0))
s>    ( QUESTION0 -1 -1.373e+03 6.695e+01 5.795e+00
s>        ( - -8.788e+02 1 0)
s>        ( - -4.272e+02 1 0))INFO: dtree.c(1439): stop. leaf nodes are specific
INFO: dtree.c(1478): Final simple tree
|( WDBNDRY_E 0 -1.656e+03 7.209e+01 6.406e+00
|    ( - -1.397e+03 3 0)
|    ( - -1.873e+02 1 0))
s>    ( WDBNDRY_E 0 -1.656e+03 7.209e+01 6.406e+00
s>        ( - -1.397e+03 3 0)
s>        ( - -1.873e+02 1 0))INFO: dtree.c(1315): Comp split 55
INFO: dtree.c(1439): stop. leaf nodes are specific
INFO: dtree.c(1478): Final simple tree
|( QUESTION2 -1 -3.150e+03 6.677e+01 1.299e+01
|    ( - -1.592e+03 2 0)
|    ( QUESTION9 -1 -1.491e+03 5.119e+01 6.005e+00
|        ( - -4.569e+02 1 0)
|        ( QUESTION0_0_R 1 -9.830e+02 5.106e+01 4.005e+00
|            ( - -7.183e+02 1 0)
|            ( - -2.137e+02 1 0))))
s>    ( QUESTION2 -1 -3.150e+03 6.677e+01 1.299e+01
s>        ( - -1.592e+03 2 0)
s>        ( QUESTION9 -1 -1.491e+03 5.119e+01 6.005e+00
s>            ( - -4.569e+02 1 0)
s>            ( QUESTION0_0_R 1 -9.830e+02 5.106e+01 4.005e+00
s>                ( - -7.183e+02 1 0)
s>                ( - -2.137e+02 1 0))))INFO: dtree.c(1315): Comp split 56
INFO: dtree.c(1315): Comp split 57
INFO: dtree.c(1315): Comp split 58
INFO: dtree.c(1439): stop. leaf nodes are specific
INFO: dtree.c(1478): Final simple tree
|( QUESTION1 -1 -1.344e+03 7.532e+01 6.052e+00
|    ( - -1.075e+03 1 0)
|    ( - -1.935e+02 1 0))
s>    ( QUESTION1 -1 -1.344e+03 7.532e+01 6.052e+00
s>        ( - -1.075e+03 1 0)
s>        ( - -1.935e+02 1 0))INFO: dtree.c(1315): Comp split 59
INFO: dtree.c(1315): Comp split 60
INFO: dtree.c(1315): Comp split 61
INFO: dtree.c(1315): Comp split 62
INFO: dtree.c(1439): stop. leaf nodes are specific
INFO: dtree.c(1478): Final simple tree
|( QUESTION9 -1 -1.491e+03 5.119e+01 6.005e+00
|    ( - -4.569e+02 1 0)
|    ( QUESTION0_0_R 1 -9.830e+02 5.106e+01 4.005e+00
|        ( - -7.183e+02 1 0)
|        ( - -2.137e+02 1 0)))
s>    ( QUESTION9 -1 -1.491e+03 5.119e+01 6.005e+00
s>        ( - -4.569e+02 1 0)
s>        ( QUESTION0_0_R 1 -9.830e+02 5.106e+01 4.005e+00
s>            ( - -7.183e+02 1 0)
s>            ( - -2.137e+02 1 0)))INFO: dtree.c(1315): Comp split 63
INFO: dtree.c(1315): Comp split 64
INFO: dtree.c(1315): Comp split 65
INFO: dtree.c(1315): Comp split 66
INFO: dtree.c(1315): Comp split 67
INFO: dtree.c(1315): Comp split 68
INFO: dtree.c(1439): stop. leaf nodes are specific
INFO: dtree.c(1478): Final simple tree
|( QUESTION0_0_R 1 -9.830e+02 5.106e+01 4.005e+00
|    ( - -7.183e+02 1 0)
|    ( - -2.137e+02 1 0))
s>    ( QUESTION0_0_R 1 -9.830e+02 5.106e+01 4.005e+00
s>        ( - -7.183e+02 1 0)
s>        ( - -2.137e+02 1 0))INFO: dtree.c(1315): Comp split 69
INFO: dtree.c(1315): Comp split 70
INFO: dtree.c(1318): stop. leaf nodes are specific
Thu May  7 00:23:32 2020
