Current configuration:
[NAME]		[DEFLT]	[VALUE]
-allphones	no	no
-cntthresh	0.00001	1.000000e-05
-csplitmax	100	2000
-csplitmin	1	1
-csplitthr	8e-4	0.000000e+00
-example	no	no
-fullvar	no	no
-help		no	no
-meanfn			/home/abdy/Desktop/diploma/kg/model_parameters/kg.cd_cont_untied/means
-mixwfn			/home/abdy/Desktop/diploma/kg/model_parameters/kg.cd_cont_untied/mixture_weights
-moddeffn		/home/abdy/Desktop/diploma/kg/model_architecture/kg.untied.mdef
-mwfloor	1e-4	1.000000e-08
-phone			ng
-psetfn			/home/abdy/Desktop/diploma/kg/model_architecture/kg.tree_questions
-ssplitmax	5	7
-ssplitmin	1	1
-ssplitthr	8e-4	0.000000e+00
-state			1
-stwt			1.0,0.05,0.0,
-treefn			/home/abdy/Desktop/diploma/kg/trees/kg.unpruned/ng-1.dtree
-ts2cbfn	.semi.	.cont.
-varfloor	0.00001	1.000000e-05
-varfn			/home/abdy/Desktop/diploma/kg/model_parameters/kg.cd_cont_untied/variances

INFO: main.c(223): Reading: /home/abdy/Desktop/diploma/kg/model_architecture/kg.untied.mdef
INFO: model_def_io.c(573): Model definition info:
INFO: model_def_io.c(574): 10297 total models defined (47 base, 10250 tri)
INFO: model_def_io.c(575): 41188 total states
INFO: model_def_io.c(576): 30891 total tied states
INFO: model_def_io.c(577): 141 total tied CI states
INFO: model_def_io.c(578): 47 total tied transition matrices
INFO: model_def_io.c(579): 4 max state/model
INFO: model_def_io.c(580): 4 min state/model
INFO: main.c(242): Building trees for [ng a a e] through [ng y zh e]
INFO: main.c(269): Covering states |[16254 16526]| == 273
INFO: main.c(275): Reading: /home/abdy/Desktop/diploma/kg/model_parameters/kg.cd_cont_untied/mixture_weights
INFO: s3mixw_io.c(173): Read /home/abdy/Desktop/diploma/kg/model_parameters/kg.cd_cont_untied/mixture_weights [273x1x1 array]
INFO: main.c(311): 11 of 91 models have observation count greater than 0.000010
INFO: main.c(95): nrm stwt: 0.045 0.909 0.045 
INFO: s3gau_io.c(169): Read /home/abdy/Desktop/diploma/kg/model_parameters/kg.cd_cont_untied/means [30891x1x1 array]
INFO: s3gau_io.c(169): Read /home/abdy/Desktop/diploma/kg/model_parameters/kg.cd_cont_untied/variances [30891x1x1 array]
INFO: main.c(549): Reading: /home/abdy/Desktop/diploma/kg/model_architecture/kg.tree_questions
INFO: main.c(588): 174 total simple questions (166 phone; 8 word bndry)
INFO: main.c(590): 40 Left Only questions, and 42 Right Only questions
INFO: dtree.c(1478): Final simple tree
|( QUESTION0_12_R 1 -9.646e+03 4.561e+02 4.329e+01
|    ( - 1.437e+02 1 0)
|    ( QUESTION6 1 -9.334e+03 4.549e+02 4.229e+01
|        ( - 1.978e+02 1 0)
|        ( QUESTION13 -1 -9.077e+03 3.425e+02 4.129e+01
|            ( - -1.048e+03 1 0)
|            ( QUESTION0_9_R 1 -7.686e+03 2.753e+02 3.429e+01
|                ( - -2.624e+03 1 0)
|                ( QUESTION11 -1 -4.787e+03 1.156e+02 2.129e+01
|                    ( - -8.677e+02 1 0)
|                    ( QUESTION0_7_R 1 -3.804e+03 4.474e+02 1.658e+01
|                        ( - 1.850e+02 1 0)
|                        ( WDBNDRY_E 0 -3.541e+03 1.069e+02 1.558e+01
|                            ( - -5.608e+02 2 0 QUESTION0_2_R 1 9.490e+01 2.000e+00)
|                            ( - -2.874e+03 3 0 QUESTION0_3_R 1 6.437e+01 1.358e+01))))))))
s>    ( QUESTION0_12_R 1 -9.646e+03 4.561e+02 4.329e+01
s>        ( - 1.437e+02 1 0)
s>        ( QUESTION6 1 -9.334e+03 4.549e+02 4.229e+01
s>            ( - 1.978e+02 1 0)
s>            ( QUESTION13 -1 -9.077e+03 3.425e+02 4.129e+01
s>                ( - -1.048e+03 1 0)
s>                ( QUESTION0_9_R 1 -7.686e+03 2.753e+02 3.429e+01
s>                    ( - -2.624e+03 1 0)
s>                    ( QUESTION11 -1 -4.787e+03 1.156e+02 2.129e+01
s>                        ( - -8.677e+02 1 0)
s>                        ( QUESTION0_7_R 1 -3.804e+03 4.474e+02 1.658e+01
s>                            ( - 1.850e+02 1 0)
s>                            ( WDBNDRY_E 0 -3.541e+03 1.069e+02 1.558e+01
s>                                ( - -5.608e+02 2 0 QUESTION0_2_R 1 9.490e+01 2.000e+00)
s>                                ( - -2.874e+03 3 0 QUESTION0_3_R 1 6.437e+01 1.358e+01))))))))INFO: dtree.c(1315): Comp split 0
INFO: dtree.c(1478): Final simple tree
|( QUESTION0_12_R 1 -9.374e+03 4.578e+02 4.229e+01
|    ( - 1.437e+02 1 0)
|    ( QUESTION6 1 -9.060e+03 4.550e+02 4.129e+01
|        ( - 1.978e+02 1 0)
|        ( QUESTION13 -1 -8.803e+03 3.401e+02 4.029e+01
|            ( - -1.048e+03 1 0)
|            ( QUESTION0_9_R 1 -7.414e+03 2.692e+02 3.329e+01
|                ( - -2.624e+03 1 0)
|                ( WDBNDRY_E 0 -4.521e+03 1.167e+02 2.029e+01
|                    ( QUESTION0_2_R 1 -5.608e+02 9.490e+01 2.000e+00
|                        ( - -2.448e+02 1 0)
|                        ( - -2.211e+02 1 0))
|                    ( QUESTION0_7_R 1 -3.844e+03 1.023e+02 1.829e+01
|                        ( - -8.677e+02 1 0)
|                        ( - -2.874e+03 3 0 QUESTION0_3_R 1 6.437e+01 1.358e+01)))))))
s>    ( QUESTION0_12_R 1 -9.374e+03 4.578e+02 4.229e+01
s>        ( - 1.437e+02 1 0)
s>        ( QUESTION6 1 -9.060e+03 4.550e+02 4.129e+01
s>            ( - 1.978e+02 1 0)
s>            ( QUESTION13 -1 -8.803e+03 3.401e+02 4.029e+01
s>                ( - -1.048e+03 1 0)
s>                ( QUESTION0_9_R 1 -7.414e+03 2.692e+02 3.329e+01
s>                    ( - -2.624e+03 1 0)
s>                    ( WDBNDRY_E 0 -4.521e+03 1.167e+02 2.029e+01
s>                        ( QUESTION0_2_R 1 -5.608e+02 9.490e+01 2.000e+00
s>                            ( - -2.448e+02 1 0)
s>                            ( - -2.211e+02 1 0))
s>                        ( QUESTION0_7_R 1 -3.844e+03 1.023e+02 1.829e+01
s>                            ( - -8.677e+02 1 0)
s>                            ( - -2.874e+03 3 0 QUESTION0_3_R 1 6.437e+01 1.358e+01)))))))INFO: dtree.c(1315): Comp split 1
INFO: dtree.c(1478): Final simple tree
|( QUESTION6 1 -9.060e+03 4.550e+02 4.129e+01
|    ( - 1.978e+02 1 0)
|    ( QUESTION13 -1 -8.803e+03 3.401e+02 4.029e+01
|        ( - -1.048e+03 1 0)
|        ( QUESTION0_9_R 1 -7.414e+03 2.692e+02 3.329e+01
|            ( - -2.624e+03 1 0)
|            ( WDBNDRY_E 0 -4.521e+03 1.167e+02 2.029e+01
|                ( QUESTION0_2_R 1 -5.608e+02 9.490e+01 2.000e+00
|                    ( - -2.448e+02 1 0)
|                    ( - -2.211e+02 1 0))
|                ( QUESTION0_7_R 1 -3.844e+03 1.023e+02 1.829e+01
|                    ( - -8.677e+02 1 0)
|                    ( QUESTION0_3_R 1 -2.874e+03 6.437e+01 1.358e+01
|                        ( - -2.326e+03 1 0)
|                        ( - -4.838e+02 2 0 QUESTION0_2_R 1 6.067e+01 2.000e+00)))))))
s>    ( QUESTION6 1 -9.060e+03 4.550e+02 4.129e+01
s>        ( - 1.978e+02 1 0)
s>        ( QUESTION13 -1 -8.803e+03 3.401e+02 4.029e+01
s>            ( - -1.048e+03 1 0)
s>            ( QUESTION0_9_R 1 -7.414e+03 2.692e+02 3.329e+01
s>                ( - -2.624e+03 1 0)
s>                ( WDBNDRY_E 0 -4.521e+03 1.167e+02 2.029e+01
s>                    ( QUESTION0_2_R 1 -5.608e+02 9.490e+01 2.000e+00
s>                        ( - -2.448e+02 1 0)
s>                        ( - -2.211e+02 1 0))
s>                    ( QUESTION0_7_R 1 -3.844e+03 1.023e+02 1.829e+01
s>                        ( - -8.677e+02 1 0)
s>                        ( QUESTION0_3_R 1 -2.874e+03 6.437e+01 1.358e+01
s>                            ( - -2.326e+03 1 0)
s>                            ( - -4.838e+02 2 0 QUESTION0_2_R 1 6.067e+01 2.000e+00)))))))INFO: dtree.c(1315): Comp split 2
INFO: dtree.c(1478): Final simple tree
|( QUESTION13 -1 -8.803e+03 3.401e+02 4.029e+01
|    ( - -1.048e+03 1 0)
|    ( QUESTION0_9_R 1 -7.414e+03 2.692e+02 3.329e+01
|        ( - -2.624e+03 1 0)
|        ( WDBNDRY_E 0 -4.521e+03 1.167e+02 2.029e+01
|            ( QUESTION0_2_R 1 -5.608e+02 9.490e+01 2.000e+00
|                ( - -2.448e+02 1 0)
|                ( - -2.211e+02 1 0))
|            ( QUESTION0_7_R 1 -3.844e+03 1.023e+02 1.829e+01
|                ( - -8.677e+02 1 0)
|                ( QUESTION0_3_R 1 -2.874e+03 6.437e+01 1.358e+01
|                    ( - -2.326e+03 1 0)
|                    ( QUESTION0_2_R 1 -4.838e+02 6.067e+01 2.000e+00
|                        ( - -2.027e+02 1 0)
|                        ( - -2.204e+02 1 0)))))))
s>    ( QUESTION13 -1 -8.803e+03 3.401e+02 4.029e+01
s>        ( - -1.048e+03 1 0)
s>        ( QUESTION0_9_R 1 -7.414e+03 2.692e+02 3.329e+01
s>            ( - -2.624e+03 1 0)
s>            ( WDBNDRY_E 0 -4.521e+03 1.167e+02 2.029e+01
s>                ( QUESTION0_2_R 1 -5.608e+02 9.490e+01 2.000e+00
s>                    ( - -2.448e+02 1 0)
s>                    ( - -2.211e+02 1 0))
s>                ( QUESTION0_7_R 1 -3.844e+03 1.023e+02 1.829e+01
s>                    ( - -8.677e+02 1 0)
s>                    ( QUESTION0_3_R 1 -2.874e+03 6.437e+01 1.358e+01
s>                        ( - -2.326e+03 1 0)
s>                        ( QUESTION0_2_R 1 -4.838e+02 6.067e+01 2.000e+00
s>                            ( - -2.027e+02 1 0)
s>                            ( - -2.204e+02 1 0)))))))INFO: dtree.c(1315): Comp split 3
INFO: dtree.c(1439): stop. leaf nodes are specific
INFO: dtree.c(1478): Final simple tree
|( QUESTION0_9_R 1 -7.414e+03 2.692e+02 3.329e+01
|    ( - -2.624e+03 1 0)
|    ( WDBNDRY_E 0 -4.521e+03 1.167e+02 2.029e+01
|        ( QUESTION0_2_R 1 -5.608e+02 9.490e+01 2.000e+00
|            ( - -2.448e+02 1 0)
|            ( - -2.211e+02 1 0))
|        ( QUESTION0_7_R 1 -3.844e+03 1.023e+02 1.829e+01
|            ( - -8.677e+02 1 0)
|            ( QUESTION0_3_R 1 -2.874e+03 6.437e+01 1.358e+01
|                ( - -2.326e+03 1 0)
|                ( QUESTION0_2_R 1 -4.838e+02 6.067e+01 2.000e+00
|                    ( - -2.027e+02 1 0)
|                    ( - -2.204e+02 1 0))))))
s>    ( QUESTION0_9_R 1 -7.414e+03 2.692e+02 3.329e+01
s>        ( - -2.624e+03 1 0)
s>        ( WDBNDRY_E 0 -4.521e+03 1.167e+02 2.029e+01
s>            ( QUESTION0_2_R 1 -5.608e+02 9.490e+01 2.000e+00
s>                ( - -2.448e+02 1 0)
s>                ( - -2.211e+02 1 0))
s>            ( QUESTION0_7_R 1 -3.844e+03 1.023e+02 1.829e+01
s>                ( - -8.677e+02 1 0)
s>                ( QUESTION0_3_R 1 -2.874e+03 6.437e+01 1.358e+01
s>                    ( - -2.326e+03 1 0)
s>                    ( QUESTION0_2_R 1 -4.838e+02 6.067e+01 2.000e+00
s>                        ( - -2.027e+02 1 0)
s>                        ( - -2.204e+02 1 0))))))INFO: dtree.c(1315): Comp split 4
INFO: dtree.c(1439): stop. leaf nodes are specific
INFO: dtree.c(1478): Final simple tree
|( WDBNDRY_E 0 -4.521e+03 1.167e+02 2.029e+01
|    ( QUESTION0_2_R 1 -5.608e+02 9.490e+01 2.000e+00
|        ( - -2.448e+02 1 0)
|        ( - -2.211e+02 1 0))
|    ( QUESTION0_7_R 1 -3.844e+03 1.023e+02 1.829e+01
|        ( - -8.677e+02 1 0)
|        ( QUESTION0_3_R 1 -2.874e+03 6.437e+01 1.358e+01
|            ( - -2.326e+03 1 0)
|            ( QUESTION0_2_R 1 -4.838e+02 6.067e+01 2.000e+00
|                ( - -2.027e+02 1 0)
|                ( - -2.204e+02 1 0)))))
s>    ( WDBNDRY_E 0 -4.521e+03 1.167e+02 2.029e+01
s>        ( QUESTION0_2_R 1 -5.608e+02 9.490e+01 2.000e+00
s>            ( - -2.448e+02 1 0)
s>            ( - -2.211e+02 1 0))
s>        ( QUESTION0_7_R 1 -3.844e+03 1.023e+02 1.829e+01
s>            ( - -8.677e+02 1 0)
s>            ( QUESTION0_3_R 1 -2.874e+03 6.437e+01 1.358e+01
s>                ( - -2.326e+03 1 0)
s>                ( QUESTION0_2_R 1 -4.838e+02 6.067e+01 2.000e+00
s>                    ( - -2.027e+02 1 0)
s>                    ( - -2.204e+02 1 0)))))INFO: dtree.c(1315): Comp split 5
INFO: dtree.c(1439): stop. leaf nodes are specific
INFO: dtree.c(1478): Final simple tree
|( QUESTION0_3_R 1 -8.145e+02 8.126e+01 3.000e+00
|    ( - -2.448e+02 1 0)
|    ( WDBNDRY_E 0 -4.884e+02 6.463e+01 2.000e+00
|        ( - -2.211e+02 1 0)
|        ( - -2.027e+02 1 0)))
s>    ( QUESTION0_3_R 1 -8.145e+02 8.126e+01 3.000e+00
s>        ( - -2.448e+02 1 0)
s>        ( WDBNDRY_E 0 -4.884e+02 6.463e+01 2.000e+00
s>            ( - -2.211e+02 1 0)
s>            ( - -2.027e+02 1 0)))INFO: dtree.c(1439): stop. leaf nodes are specific
INFO: dtree.c(1478): Final simple tree
|( QUESTION0_4_R 1 -3.576e+03 1.006e+02 1.729e+01
|    ( - -8.677e+02 1 0)
|    ( QUESTION0_2_R 1 -2.608e+03 6.172e+01 1.258e+01
|        ( - -2.326e+03 1 0)
|        ( - -2.204e+02 1 0)))
s>    ( QUESTION0_4_R 1 -3.576e+03 1.006e+02 1.729e+01
s>        ( - -8.677e+02 1 0)
s>        ( QUESTION0_2_R 1 -2.608e+03 6.172e+01 1.258e+01
s>            ( - -2.326e+03 1 0)
s>            ( - -2.204e+02 1 0)))INFO: dtree.c(1315): Comp split 6
INFO: dtree.c(1439): stop. leaf nodes are specific
INFO: dtree.c(1478): Final simple tree
|( QUESTION0_2_R 1 -2.608e+03 6.172e+01 1.258e+01
|    ( - -2.326e+03 1 0)
|    ( - -2.204e+02 1 0))
s>    ( QUESTION0_2_R 1 -2.608e+03 6.172e+01 1.258e+01
s>        ( - -2.326e+03 1 0)
s>        ( - -2.204e+02 1 0))INFO: dtree.c(1315): Comp split 7
INFO: dtree.c(1439): stop. leaf nodes are specific
INFO: dtree.c(1478): Final simple tree
|( WDBNDRY_E 0 -4.884e+02 6.463e+01 2.000e+00
|    ( - -2.211e+02 1 0)
|    ( - -2.027e+02 1 0))
s>    ( WDBNDRY_E 0 -4.884e+02 6.463e+01 2.000e+00
s>        ( - -2.211e+02 1 0)
s>        ( - -2.027e+02 1 0))INFO: dtree.c(1315): Comp split 8
INFO: dtree.c(1315): Comp split 9
INFO: dtree.c(1315): Comp split 10
INFO: dtree.c(1318): stop. leaf nodes are specific
Thu May  7 00:23:27 2020
