Current configuration:
[NAME]		[DEFLT]	[VALUE]
-allphones	no	no
-cntthresh	0.00001	1.000000e-05
-csplitmax	100	2000
-csplitmin	1	1
-csplitthr	8e-4	0.000000e+00
-example	no	no
-fullvar	no	no
-help		no	no
-meanfn			/home/abdy/Desktop/diploma/kg/model_parameters/kg.cd_cont_untied/means
-mixwfn			/home/abdy/Desktop/diploma/kg/model_parameters/kg.cd_cont_untied/mixture_weights
-moddeffn		/home/abdy/Desktop/diploma/kg/model_architecture/kg.untied.mdef
-mwfloor	1e-4	1.000000e-08
-phone			b
-psetfn			/home/abdy/Desktop/diploma/kg/model_architecture/kg.tree_questions
-ssplitmax	5	7
-ssplitmin	1	1
-ssplitthr	8e-4	0.000000e+00
-state			1
-stwt			1.0,0.05,0.0,
-treefn			/home/abdy/Desktop/diploma/kg/trees/kg.unpruned/b-1.dtree
-ts2cbfn	.semi.	.cont.
-varfloor	0.00001	1.000000e-05
-varfn			/home/abdy/Desktop/diploma/kg/model_parameters/kg.cd_cont_untied/variances

INFO: main.c(223): Reading: /home/abdy/Desktop/diploma/kg/model_architecture/kg.untied.mdef
INFO: model_def_io.c(573): Model definition info:
INFO: model_def_io.c(574): 10297 total models defined (47 base, 10250 tri)
INFO: model_def_io.c(575): 41188 total states
INFO: model_def_io.c(576): 30891 total tied states
INFO: model_def_io.c(577): 141 total tied CI states
INFO: model_def_io.c(578): 47 total tied transition matrices
INFO: model_def_io.c(579): 4 max state/model
INFO: model_def_io.c(580): 4 min state/model
INFO: main.c(242): Building trees for [b SIL a b] through [b zh u i]
INFO: main.c(269): Covering states |[2931 3890]| == 960
INFO: main.c(275): Reading: /home/abdy/Desktop/diploma/kg/model_parameters/kg.cd_cont_untied/mixture_weights
INFO: s3mixw_io.c(173): Read /home/abdy/Desktop/diploma/kg/model_parameters/kg.cd_cont_untied/mixture_weights [960x1x1 array]
INFO: main.c(311): 94 of 320 models have observation count greater than 0.000010
INFO: main.c(95): nrm stwt: 0.045 0.909 0.045 
INFO: s3gau_io.c(169): Read /home/abdy/Desktop/diploma/kg/model_parameters/kg.cd_cont_untied/means [30891x1x1 array]
INFO: s3gau_io.c(169): Read /home/abdy/Desktop/diploma/kg/model_parameters/kg.cd_cont_untied/variances [30891x1x1 array]
INFO: main.c(549): Reading: /home/abdy/Desktop/diploma/kg/model_architecture/kg.tree_questions
INFO: main.c(588): 174 total simple questions (166 phone; 8 word bndry)
INFO: main.c(590): 40 Left Only questions, and 42 Right Only questions
INFO: dtree.c(1478): Final simple tree
|( SILENCE -1 -1.067e+05 6.580e+02 4.201e+02
|    ( QUESTION0_4_R 1 -2.296e+04 1.872e+02 8.098e+01
|        ( - -1.332e+04 2 0 QUESTION0_5_R 1 1.139e+02 4.215e+01)
|        ( - -9.450e+03 4 0 QUESTION0_2_R 1 1.463e+02 3.883e+01))
|    ( QUESTION2_12_L -1 -8.313e+04 4.719e+02 3.392e+02
|        ( - 2.151e+02 1 0)
|        ( WDBNDRY_E 0 -8.288e+04 4.610e+02 3.382e+02
|            ( - 2.085e+02 1 0)
|            ( QUESTION0_5_R 1 -8.262e+04 2.528e+02 3.372e+02
|                ( - -2.662e+04 25 0 QUESTION2_1_L -1 1.666e+02 1.101e+02)
|                ( QUESTION2_1_L -1 -5.575e+04 2.025e+02 2.271e+02
|                    ( - -1.567e+04 12 0 WDBNDRY_B 0 1.227e+02 6.310e+01)
|                    ( QUESTION14 -1 -3.988e+04 2.107e+02 1.640e+02
|                        ( - -4.571e+03 5 0 QUESTION0_3_R 1 1.024e+02 2.007e+01)
|                        ( - -3.510e+04 44 0 QUESTION2_0_L -1 1.688e+02 1.439e+02)))))))
s>    ( SILENCE -1 -1.067e+05 6.580e+02 4.201e+02
s>        ( QUESTION0_4_R 1 -2.296e+04 1.872e+02 8.098e+01
s>            ( - -1.332e+04 2 0 QUESTION0_5_R 1 1.139e+02 4.215e+01)
s>            ( - -9.450e+03 4 0 QUESTION0_2_R 1 1.463e+02 3.883e+01))
s>        ( QUESTION2_12_L -1 -8.313e+04 4.719e+02 3.392e+02
s>            ( - 2.151e+02 1 0)
s>            ( WDBNDRY_E 0 -8.288e+04 4.610e+02 3.382e+02
s>                ( - 2.085e+02 1 0)
s>                ( QUESTION0_5_R 1 -8.262e+04 2.528e+02 3.372e+02
s>                    ( - -2.662e+04 25 0 QUESTION2_1_L -1 1.666e+02 1.101e+02)
s>                    ( QUESTION2_1_L -1 -5.575e+04 2.025e+02 2.271e+02
s>                        ( - -1.567e+04 12 0 WDBNDRY_B 0 1.227e+02 6.310e+01)
s>                        ( QUESTION14 -1 -3.988e+04 2.107e+02 1.640e+02
s>                            ( - -4.571e+03 5 0 QUESTION0_3_R 1 1.024e+02 2.007e+01)
s>                            ( - -3.510e+04 44 0 QUESTION2_0_L -1 1.688e+02 1.439e+02)))))))INFO: dtree.c(1315): Comp split 0
INFO: dtree.c(1478): Final simple tree
|( QUESTION2_12_L -1 -8.313e+04 4.719e+02 3.392e+02
|    ( - 2.151e+02 1 0)
|    ( WDBNDRY_E 0 -8.288e+04 4.610e+02 3.382e+02
|        ( - 2.085e+02 1 0)
|        ( QUESTION0_5_R 1 -8.262e+04 2.528e+02 3.372e+02
|            ( - -2.662e+04 25 0 QUESTION2_1_L -1 1.666e+02 1.101e+02)
|            ( QUESTION2_1_L -1 -5.575e+04 2.025e+02 2.271e+02
|                ( - -1.567e+04 12 0 WDBNDRY_B 0 1.227e+02 6.310e+01)
|                ( QUESTION14 -1 -3.988e+04 2.107e+02 1.640e+02
|                    ( - -4.571e+03 5 0 QUESTION0_3_R 1 1.024e+02 2.007e+01)
|                    ( QUESTION2_0_L -1 -3.510e+04 1.688e+02 1.439e+02
|                        ( - -2.704e+04 33 0 QUESTION0_3_R 1 1.442e+02 1.117e+02)
|                        ( QUESTION0_3_R 1 -7.888e+03 2.315e+02 3.223e+01
|                            ( - -7.164e+03 10 0 QUESTION2 -1 1.149e+02 2.923e+01)
|                            ( - -4.925e+02 1 0))))))))
s>    ( QUESTION2_12_L -1 -8.313e+04 4.719e+02 3.392e+02
s>        ( - 2.151e+02 1 0)
s>        ( WDBNDRY_E 0 -8.288e+04 4.610e+02 3.382e+02
s>            ( - 2.085e+02 1 0)
s>            ( QUESTION0_5_R 1 -8.262e+04 2.528e+02 3.372e+02
s>                ( - -2.662e+04 25 0 QUESTION2_1_L -1 1.666e+02 1.101e+02)
s>                ( QUESTION2_1_L -1 -5.575e+04 2.025e+02 2.271e+02
s>                    ( - -1.567e+04 12 0 WDBNDRY_B 0 1.227e+02 6.310e+01)
s>                    ( QUESTION14 -1 -3.988e+04 2.107e+02 1.640e+02
s>                        ( - -4.571e+03 5 0 QUESTION0_3_R 1 1.024e+02 2.007e+01)
s>                        ( QUESTION2_0_L -1 -3.510e+04 1.688e+02 1.439e+02
s>                            ( - -2.704e+04 33 0 QUESTION0_3_R 1 1.442e+02 1.117e+02)
s>                            ( QUESTION0_3_R 1 -7.888e+03 2.315e+02 3.223e+01
s>                                ( - -7.164e+03 10 0 QUESTION2 -1 1.149e+02 2.923e+01)
s>                                ( - -4.925e+02 1 0))))))))INFO: dtree.c(1439): stop. leaf nodes are specific
INFO: dtree.c(1478): Final simple tree
|( QUESTION0_4_R 1 -2.296e+04 1.872e+02 8.098e+01
|    ( QUESTION0_5_R 1 -1.332e+04 1.139e+02 4.215e+01
|        ( - -1.237e+04 1 0)
|        ( - -8.375e+02 1 0))
|    ( QUESTION0_2_R 1 -9.450e+03 1.463e+02 3.883e+01
|        ( QUESTION11 1 -8.053e+03 8.125e+01 3.283e+01
|            ( - -1.429e+03 2 0)
|            ( - -6.543e+03 1 0))
|        ( - -1.251e+03 1 0)))
s>    ( QUESTION0_4_R 1 -2.296e+04 1.872e+02 8.098e+01
s>        ( QUESTION0_5_R 1 -1.332e+04 1.139e+02 4.215e+01
s>            ( - -1.237e+04 1 0)
s>            ( - -8.375e+02 1 0))
s>        ( QUESTION0_2_R 1 -9.450e+03 1.463e+02 3.883e+01
s>            ( QUESTION11 1 -8.053e+03 8.125e+01 3.283e+01
s>                ( - -1.429e+03 2 0)
s>                ( - -6.543e+03 1 0))
s>            ( - -1.251e+03 1 0)))INFO: dtree.c(1315): Comp split 1
INFO: dtree.c(1478): Final simple tree
|( WDBNDRY_E 0 -8.288e+04 4.610e+02 3.382e+02
|    ( - 2.085e+02 1 0)
|    ( QUESTION0_5_R 1 -8.262e+04 2.528e+02 3.372e+02
|        ( QUESTION2_1_L -1 -2.662e+04 1.666e+02 1.101e+02
|            ( - -9.720e+03 6 0 QUESTION11 -1 1.695e+02 4.322e+01)
|            ( - -1.674e+04 19 0 QUESTION9 -1 1.317e+02 6.686e+01))
|        ( QUESTION2_1_L -1 -5.575e+04 2.025e+02 2.271e+02
|            ( - -1.567e+04 12 0 WDBNDRY_B 0 1.227e+02 6.310e+01)
|            ( QUESTION14 -1 -3.988e+04 2.107e+02 1.640e+02
|                ( - -4.571e+03 5 0 QUESTION0_3_R 1 1.024e+02 2.007e+01)
|                ( QUESTION2_0_L -1 -3.510e+04 1.688e+02 1.439e+02
|                    ( - -2.704e+04 33 0 QUESTION0_3_R 1 1.442e+02 1.117e+02)
|                    ( QUESTION0_3_R 1 -7.888e+03 2.315e+02 3.223e+01
|                        ( - -7.164e+03 10 0 QUESTION2 -1 1.149e+02 2.923e+01)
|                        ( - -4.925e+02 1 0)))))))
s>    ( WDBNDRY_E 0 -8.288e+04 4.610e+02 3.382e+02
s>        ( - 2.085e+02 1 0)
s>        ( QUESTION0_5_R 1 -8.262e+04 2.528e+02 3.372e+02
s>            ( QUESTION2_1_L -1 -2.662e+04 1.666e+02 1.101e+02
s>                ( - -9.720e+03 6 0 QUESTION11 -1 1.695e+02 4.322e+01)
s>                ( - -1.674e+04 19 0 QUESTION9 -1 1.317e+02 6.686e+01))
s>            ( QUESTION2_1_L -1 -5.575e+04 2.025e+02 2.271e+02
s>                ( - -1.567e+04 12 0 WDBNDRY_B 0 1.227e+02 6.310e+01)
s>                ( QUESTION14 -1 -3.988e+04 2.107e+02 1.640e+02
s>                    ( - -4.571e+03 5 0 QUESTION0_3_R 1 1.024e+02 2.007e+01)
s>                    ( QUESTION2_0_L -1 -3.510e+04 1.688e+02 1.439e+02
s>                        ( - -2.704e+04 33 0 QUESTION0_3_R 1 1.442e+02 1.117e+02)
s>                        ( QUESTION0_3_R 1 -7.888e+03 2.315e+02 3.223e+01
s>                            ( - -7.164e+03 10 0 QUESTION2 -1 1.149e+02 2.923e+01)
s>                            ( - -4.925e+02 1 0)))))))INFO: dtree.c(1315): Comp split 2
INFO: dtree.c(1478): Final simple tree
|( QUESTION0_5_R 1 -8.262e+04 2.528e+02 3.372e+02
|    ( QUESTION2_1_L -1 -2.662e+04 1.666e+02 1.101e+02
|        ( QUESTION11 -1 -9.720e+03 1.695e+02 4.322e+01
|            ( - -6.634e+03 4 0 QUESTION0_6_R 1 1.032e+02 2.922e+01)
|            ( - -2.917e+03 2 0 QUESTION2_2_L -1 1.488e+02 1.400e+01))
|        ( - -1.674e+04 19 0 QUESTION9 -1 1.317e+02 6.686e+01))
|    ( QUESTION2_1_L -1 -5.575e+04 2.025e+02 2.271e+02
|        ( - -1.567e+04 12 0 WDBNDRY_B 0 1.227e+02 6.310e+01)
|        ( QUESTION14 -1 -3.988e+04 2.107e+02 1.640e+02
|            ( - -4.571e+03 5 0 QUESTION0_3_R 1 1.024e+02 2.007e+01)
|            ( QUESTION2_0_L -1 -3.510e+04 1.688e+02 1.439e+02
|                ( - -2.704e+04 33 0 QUESTION0_3_R 1 1.442e+02 1.117e+02)
|                ( QUESTION0_3_R 1 -7.888e+03 2.315e+02 3.223e+01
|                    ( - -7.164e+03 10 0 QUESTION2 -1 1.149e+02 2.923e+01)
|                    ( - -4.925e+02 1 0))))))
s>    ( QUESTION0_5_R 1 -8.262e+04 2.528e+02 3.372e+02
s>        ( QUESTION2_1_L -1 -2.662e+04 1.666e+02 1.101e+02
s>            ( QUESTION11 -1 -9.720e+03 1.695e+02 4.322e+01
s>                ( - -6.634e+03 4 0 QUESTION0_6_R 1 1.032e+02 2.922e+01)
s>                ( - -2.917e+03 2 0 QUESTION2_2_L -1 1.488e+02 1.400e+01))
s>            ( - -1.674e+04 19 0 QUESTION9 -1 1.317e+02 6.686e+01))
s>        ( QUESTION2_1_L -1 -5.575e+04 2.025e+02 2.271e+02
s>            ( - -1.567e+04 12 0 WDBNDRY_B 0 1.227e+02 6.310e+01)
s>            ( QUESTION14 -1 -3.988e+04 2.107e+02 1.640e+02
s>                ( - -4.571e+03 5 0 QUESTION0_3_R 1 1.024e+02 2.007e+01)
s>                ( QUESTION2_0_L -1 -3.510e+04 1.688e+02 1.439e+02
s>                    ( - -2.704e+04 33 0 QUESTION0_3_R 1 1.442e+02 1.117e+02)
s>                    ( QUESTION0_3_R 1 -7.888e+03 2.315e+02 3.223e+01
s>                        ( - -7.164e+03 10 0 QUESTION2 -1 1.149e+02 2.923e+01)
s>                        ( - -4.925e+02 1 0))))))INFO: dtree.c(1315): Comp split 3
INFO: dtree.c(1478): Final simple tree
|( QUESTION0_5_R 1 -5.881e+04 2.068e+02 2.400e+02
|    ( - -2.351e+04 23 0 QUESTION0_6_R 1 1.404e+02 9.609e+01)
|    ( QUESTION2_0_L -1 -3.510e+04 1.688e+02 1.439e+02
|        ( QUESTION0_3_R 1 -2.704e+04 1.442e+02 1.117e+02
|            ( QUESTION17 -1 -2.113e+04 1.450e+02 8.767e+01
|                ( WDBNDRY_B 0 -3.130e+03 1.435e+02 1.400e+01
|                    ( - -1.238e+03 1 0)
|                    ( - -1.748e+03 2 0))
|                ( - -1.786e+04 23 0 QUESTION11 1 9.724e+01 7.367e+01))
|            ( QUESTION0 -1 -5.762e+03 1.861e+02 2.401e+01
|                ( - -1.716e+03 2 0)
|                ( - -3.860e+03 5 0 WDBNDRY_B 0 9.170e+01 1.601e+01)))
|        ( QUESTION0_3_R 1 -7.888e+03 2.315e+02 3.223e+01
|            ( - -7.164e+03 10 0 QUESTION2 -1 1.149e+02 2.923e+01)
|            ( - -4.925e+02 1 0))))
s>    ( QUESTION0_5_R 1 -5.881e+04 2.068e+02 2.400e+02
s>        ( - -2.351e+04 23 0 QUESTION0_6_R 1 1.404e+02 9.609e+01)
s>        ( QUESTION2_0_L -1 -3.510e+04 1.688e+02 1.439e+02
s>            ( QUESTION0_3_R 1 -2.704e+04 1.442e+02 1.117e+02
s>                ( QUESTION17 -1 -2.113e+04 1.450e+02 8.767e+01
s>                    ( WDBNDRY_B 0 -3.130e+03 1.435e+02 1.400e+01
s>                        ( - -1.238e+03 1 0)
s>                        ( - -1.748e+03 2 0))
s>                    ( - -1.786e+04 23 0 QUESTION11 1 9.724e+01 7.367e+01))
s>                ( QUESTION0 -1 -5.762e+03 1.861e+02 2.401e+01
s>                    ( - -1.716e+03 2 0)
s>                    ( - -3.860e+03 5 0 WDBNDRY_B 0 9.170e+01 1.601e+01)))
s>            ( QUESTION0_3_R 1 -7.888e+03 2.315e+02 3.223e+01
s>                ( - -7.164e+03 10 0 QUESTION2 -1 1.149e+02 2.923e+01)
s>                ( - -4.925e+02 1 0))))INFO: dtree.c(1478): Final simple tree
|( QUESTION0_5_R 1 -2.353e+04 2.032e+02 9.717e+01
|    ( QUESTION2_2_L -1 -2.917e+03 1.488e+02 1.400e+01
|        ( - -8.167e+02 1 0)
|        ( - -1.951e+03 1 0))
|    ( QUESTION13 -1 -2.041e+04 1.691e+02 8.317e+01
|        ( - -4.571e+03 5 0 QUESTION0_3_R 1 1.024e+02 2.007e+01)
|        ( WDBNDRY_B 0 -1.567e+04 1.227e+02 6.310e+01
|            ( QUESTION11 1 -8.882e+03 1.251e+02 3.501e+01
|                ( - -3.724e+03 1 0)
|                ( QUESTION11 -1 -5.032e+03 1.238e+02 2.098e+01
|                    ( - -3.611e+03 3 0)
|                    ( - -1.298e+03 2 0)))
|            ( QUESTION0_0_R 1 -6.663e+03 1.121e+02 2.809e+01
|                ( - -6.130e+02 1 0)
|                ( - -5.938e+03 5 0 QUESTION0_4_R 1 8.912e+01 2.511e+01)))))
s>    ( QUESTION0_5_R 1 -2.353e+04 2.032e+02 9.717e+01
s>        ( QUESTION2_2_L -1 -2.917e+03 1.488e+02 1.400e+01
s>            ( - -8.167e+02 1 0)
s>            ( - -1.951e+03 1 0))
s>        ( QUESTION13 -1 -2.041e+04 1.691e+02 8.317e+01
s>            ( - -4.571e+03 5 0 QUESTION0_3_R 1 1.024e+02 2.007e+01)
s>            ( WDBNDRY_B 0 -1.567e+04 1.227e+02 6.310e+01
s>                ( QUESTION11 1 -8.882e+03 1.251e+02 3.501e+01
s>                    ( - -3.724e+03 1 0)
s>                    ( QUESTION11 -1 -5.032e+03 1.238e+02 2.098e+01
s>                        ( - -3.611e+03 3 0)
s>                        ( - -1.298e+03 2 0)))
s>                ( QUESTION0_0_R 1 -6.663e+03 1.121e+02 2.809e+01
s>                    ( - -6.130e+02 1 0)
s>                    ( - -5.938e+03 5 0 QUESTION0_4_R 1 8.912e+01 2.511e+01)))))INFO: dtree.c(1315): Comp split 4
INFO: dtree.c(1478): Final simple tree
|( QUESTION0_3_R 1 -5.809e+04 2.105e+02 2.370e+02
|    ( QUESTION2_0_L -1 -2.847e+04 1.706e+02 1.169e+02
|        ( QUESTION17 -1 -2.113e+04 1.450e+02 8.767e+01
|            ( WDBNDRY_B 0 -3.130e+03 1.435e+02 1.400e+01
|                ( - -1.238e+03 1 0)
|                ( - -1.748e+03 2 0))
|            ( - -1.786e+04 23 0 QUESTION11 1 9.724e+01 7.367e+01))
|        ( - -7.164e+03 10 0 QUESTION2 -1 1.149e+02 2.923e+01))
|    ( QUESTION19 -1 -2.941e+04 1.469e+02 1.201e+02
|        ( QUESTION0_6_R 1 -1.018e+04 1.559e+02 4.097e+01
|            ( - -3.529e+03 5 0 WDBNDRY_B 0 8.962e+01 1.500e+01)
|            ( - -6.495e+03 7 0 QUESTION0_5_R 1 1.244e+02 2.597e+01))
|        ( QUESTION4 -1 -1.908e+04 1.514e+02 7.912e+01
|            ( - -2.705e+03 3 0 QUESTION5 -1 1.216e+02 1.094e+01)
|            ( - -1.623e+04 15 0 QUESTION0_6_R 1 1.383e+02 6.818e+01))))
s>    ( QUESTION0_3_R 1 -5.809e+04 2.105e+02 2.370e+02
s>        ( QUESTION2_0_L -1 -2.847e+04 1.706e+02 1.169e+02
s>            ( QUESTION17 -1 -2.113e+04 1.450e+02 8.767e+01
s>                ( WDBNDRY_B 0 -3.130e+03 1.435e+02 1.400e+01
s>                    ( - -1.238e+03 1 0)
s>                    ( - -1.748e+03 2 0))
s>                ( - -1.786e+04 23 0 QUESTION11 1 9.724e+01 7.367e+01))
s>            ( - -7.164e+03 10 0 QUESTION2 -1 1.149e+02 2.923e+01))
s>        ( QUESTION19 -1 -2.941e+04 1.469e+02 1.201e+02
s>            ( QUESTION0_6_R 1 -1.018e+04 1.559e+02 4.097e+01
s>                ( - -3.529e+03 5 0 WDBNDRY_B 0 8.962e+01 1.500e+01)
s>                ( - -6.495e+03 7 0 QUESTION0_5_R 1 1.244e+02 2.597e+01))
s>            ( QUESTION4 -1 -1.908e+04 1.514e+02 7.912e+01
s>                ( - -2.705e+03 3 0 QUESTION5 -1 1.216e+02 1.094e+01)
s>                ( - -1.623e+04 15 0 QUESTION0_6_R 1 1.383e+02 6.818e+01))))INFO: dtree.c(1315): Comp split 5
INFO: dtree.c(1478): Final simple tree
|( QUESTION19 -1 -2.478e+04 1.722e+02 1.022e+02
|    ( QUESTION0_5_R 1 -6.495e+03 1.244e+02 2.597e+01
|        ( - -3.002e+03 3 0)
|        ( - -3.368e+03 4 0 WDBNDRY_B 0 1.203e+02 1.400e+01))
|    ( QUESTION0_6_R 1 -1.811e+04 1.437e+02 7.618e+01
|        ( - -4.437e+03 5 0 QUESTION14 -1 8.476e+01 1.851e+01)
|        ( WDBNDRY_B 0 -1.353e+04 1.308e+02 5.767e+01
|            ( QUESTION11 -1 -8.812e+03 1.248e+02 3.767e+01
|                ( - -5.223e+03 1 0)
|                ( - -3.465e+03 5 0 QUESTION0 -1 1.057e+02 1.399e+01))
|            ( QUESTION14 -1 -4.586e+03 1.388e+02 2.000e+01
|                ( - -5.917e+02 1 0)
|                ( QUESTION0_3_R 1 -3.855e+03 1.215e+02 1.700e+01
|                    ( - -1.748e+03 2 0)
|                    ( - -1.986e+03 3 0 QUESTION0_5_R 1 7.742e+01 9.000e+00))))))
s>    ( QUESTION19 -1 -2.478e+04 1.722e+02 1.022e+02
s>        ( QUESTION0_5_R 1 -6.495e+03 1.244e+02 2.597e+01
s>            ( - -3.002e+03 3 0)
s>            ( - -3.368e+03 4 0 WDBNDRY_B 0 1.203e+02 1.400e+01))
s>        ( QUESTION0_6_R 1 -1.811e+04 1.437e+02 7.618e+01
s>            ( - -4.437e+03 5 0 QUESTION14 -1 8.476e+01 1.851e+01)
s>            ( WDBNDRY_B 0 -1.353e+04 1.308e+02 5.767e+01
s>                ( QUESTION11 -1 -8.812e+03 1.248e+02 3.767e+01
s>                    ( - -5.223e+03 1 0)
s>                    ( - -3.465e+03 5 0 QUESTION0 -1 1.057e+02 1.399e+01))
s>                ( QUESTION14 -1 -4.586e+03 1.388e+02 2.000e+01
s>                    ( - -5.917e+02 1 0)
s>                    ( QUESTION0_3_R 1 -3.855e+03 1.215e+02 1.700e+01
s>                        ( - -1.748e+03 2 0)
s>                        ( - -1.986e+03 3 0 QUESTION0_5_R 1 7.742e+01 9.000e+00))))))INFO: dtree.c(1478): Final simple tree
|( QUESTION4 -1 -3.308e+04 1.653e+02 1.348e+02
|    ( QUESTION0_6_R 1 -7.041e+03 1.183e+02 2.795e+01
|        ( QUESTION5 -1 -2.137e+03 1.172e+02 8.939e+00
|            ( - -1.449e+03 1 0)
|            ( - -5.714e+02 1 0))
|        ( - -4.785e+03 8 0 WDBNDRY_B 0 1.007e+02 1.901e+01))
|    ( QUESTION17 -1 -2.587e+04 1.520e+02 1.069e+02
|        ( - -1.238e+03 1 0)
|        ( QUESTION0_3_R 1 -2.448e+04 1.245e+02 1.009e+02
|            ( QUESTION2_7_L -1 -2.083e+04 1.250e+02 8.588e+01
|                ( - -7.905e+02 1 0)
|                ( QUESTION11 1 -1.991e+04 1.007e+02 8.204e+01
|                    ( - -1.161e+04 13 0 QUESTION13 -1 8.950e+01 4.770e+01)
|                    ( - -8.195e+03 12 0 WDBNDRY_B 0 1.651e+02 3.434e+01)))
|            ( - -3.529e+03 5 0 WDBNDRY_B 0 8.962e+01 1.500e+01))))
s>    ( QUESTION4 -1 -3.308e+04 1.653e+02 1.348e+02
s>        ( QUESTION0_6_R 1 -7.041e+03 1.183e+02 2.795e+01
s>            ( QUESTION5 -1 -2.137e+03 1.172e+02 8.939e+00
s>                ( - -1.449e+03 1 0)
s>                ( - -5.714e+02 1 0))
s>            ( - -4.785e+03 8 0 WDBNDRY_B 0 1.007e+02 1.901e+01))
s>        ( QUESTION17 -1 -2.587e+04 1.520e+02 1.069e+02
s>            ( - -1.238e+03 1 0)
s>            ( QUESTION0_3_R 1 -2.448e+04 1.245e+02 1.009e+02
s>                ( QUESTION2_7_L -1 -2.083e+04 1.250e+02 8.588e+01
s>                    ( - -7.905e+02 1 0)
s>                    ( QUESTION11 1 -1.991e+04 1.007e+02 8.204e+01
s>                        ( - -1.161e+04 13 0 QUESTION13 -1 8.950e+01 4.770e+01)
s>                        ( - -8.195e+03 12 0 WDBNDRY_B 0 1.651e+02 3.434e+01)))
s>                ( - -3.529e+03 5 0 WDBNDRY_B 0 8.962e+01 1.500e+01))))INFO: dtree.c(1315): Comp split 6
INFO: dtree.c(1478): Final simple tree
|( QUESTION13 -1 -2.136e+04 1.738e+02 8.717e+01
|    ( QUESTION0_3_R 1 -4.571e+03 1.024e+02 2.007e+01
|        ( - -4.288e+03 4 0 WDBNDRY_B 0 9.570e+01 1.907e+01)
|        ( - -1.804e+02 1 0))
|    ( QUESTION0_5_R 1 -1.662e+04 1.333e+02 6.710e+01
|        ( - -8.167e+02 1 0)
|        ( WDBNDRY_B 0 -1.567e+04 1.227e+02 6.310e+01
|            ( QUESTION11 1 -8.882e+03 1.251e+02 3.501e+01
|                ( - -3.724e+03 1 0)
|                ( QUESTION11 -1 -5.032e+03 1.238e+02 2.098e+01
|                    ( - -3.611e+03 3 0)
|                    ( - -1.298e+03 2 0)))
|            ( QUESTION0_0_R 1 -6.663e+03 1.121e+02 2.809e+01
|                ( - -6.130e+02 1 0)
|                ( - -5.938e+03 5 0 QUESTION0_4_R 1 8.912e+01 2.511e+01)))))
s>    ( QUESTION13 -1 -2.136e+04 1.738e+02 8.717e+01
s>        ( QUESTION0_3_R 1 -4.571e+03 1.024e+02 2.007e+01
s>            ( - -4.288e+03 4 0 WDBNDRY_B 0 9.570e+01 1.907e+01)
s>            ( - -1.804e+02 1 0))
s>        ( QUESTION0_5_R 1 -1.662e+04 1.333e+02 6.710e+01
s>            ( - -8.167e+02 1 0)
s>            ( WDBNDRY_B 0 -1.567e+04 1.227e+02 6.310e+01
s>                ( QUESTION11 1 -8.882e+03 1.251e+02 3.501e+01
s>                    ( - -3.724e+03 1 0)
s>                    ( QUESTION11 -1 -5.032e+03 1.238e+02 2.098e+01
s>                        ( - -3.611e+03 3 0)
s>                        ( - -1.298e+03 2 0)))
s>                ( QUESTION0_0_R 1 -6.663e+03 1.121e+02 2.809e+01
s>                    ( - -6.130e+02 1 0)
s>                    ( - -5.938e+03 5 0 QUESTION0_4_R 1 8.912e+01 2.511e+01)))))INFO: dtree.c(1315): Comp split 7
INFO: dtree.c(1439): stop. leaf nodes are specific
INFO: dtree.c(1478): Final simple tree
|( WDBNDRY_B 0 -4.288e+03 9.570e+01 1.907e+01
|    ( - -1.921e+03 2 0)
|    ( QUESTION11 1 -2.272e+03 7.987e+01 9.919e+00
|        ( - -1.594e+03 1 0)
|        ( - -5.985e+02 1 0)))
s>    ( WDBNDRY_B 0 -4.288e+03 9.570e+01 1.907e+01
s>        ( - -1.921e+03 2 0)
s>        ( QUESTION11 1 -2.272e+03 7.987e+01 9.919e+00
s>            ( - -1.594e+03 1 0)
s>            ( - -5.985e+02 1 0)))INFO: dtree.c(1478): Final simple tree
|( QUESTION0_5_R 1 -1.687e+04 1.324e+02 6.810e+01
|    ( - -8.167e+02 1 0)
|    ( WDBNDRY_B 0 -1.592e+04 1.259e+02 6.410e+01
|        ( QUESTION11 1 -8.882e+03 1.251e+02 3.501e+01
|            ( - -3.724e+03 1 0)
|            ( QUESTION11 -1 -5.032e+03 1.238e+02 2.098e+01
|                ( - -3.611e+03 3 0)
|                ( - -1.298e+03 2 0)))
|        ( QUESTION0_0_R 1 -6.910e+03 1.110e+02 2.909e+01
|            ( - -6.130e+02 1 0)
|            ( QUESTION0_4_R 1 -6.186e+03 8.563e+01 2.611e+01
|                ( QUESTION13 -1 -3.237e+03 7.178e+01 1.407e+01
|                    ( - -1.804e+02 1 0)
|                    ( - -2.985e+03 2 0 QUESTION11 -1 7.749e+01 1.307e+01))
|                ( - -2.864e+03 3 0 QUESTION0_2_R 1 6.139e+01 1.204e+01)))))
s>    ( QUESTION0_5_R 1 -1.687e+04 1.324e+02 6.810e+01
s>        ( - -8.167e+02 1 0)
s>        ( WDBNDRY_B 0 -1.592e+04 1.259e+02 6.410e+01
s>            ( QUESTION11 1 -8.882e+03 1.251e+02 3.501e+01
s>                ( - -3.724e+03 1 0)
s>                ( QUESTION11 -1 -5.032e+03 1.238e+02 2.098e+01
s>                    ( - -3.611e+03 3 0)
s>                    ( - -1.298e+03 2 0)))
s>            ( QUESTION0_0_R 1 -6.910e+03 1.110e+02 2.909e+01
s>                ( - -6.130e+02 1 0)
s>                ( QUESTION0_4_R 1 -6.186e+03 8.563e+01 2.611e+01
s>                    ( QUESTION13 -1 -3.237e+03 7.178e+01 1.407e+01
s>                        ( - -1.804e+02 1 0)
s>                        ( - -2.985e+03 2 0 QUESTION11 -1 7.749e+01 1.307e+01))
s>                    ( - -2.864e+03 3 0 QUESTION0_2_R 1 6.139e+01 1.204e+01)))))INFO: dtree.c(1315): Comp split 8
INFO: dtree.c(1439): stop. leaf nodes are specific
INFO: dtree.c(1478): Final simple tree
|( QUESTION0_2_R 1 -9.450e+03 1.463e+02 3.883e+01
|    ( QUESTION11 1 -8.053e+03 8.125e+01 3.283e+01
|        ( - -1.429e+03 2 0)
|        ( - -6.543e+03 1 0))
|    ( - -1.251e+03 1 0))
s>    ( QUESTION0_2_R 1 -9.450e+03 1.463e+02 3.883e+01
s>        ( QUESTION11 1 -8.053e+03 8.125e+01 3.283e+01
s>            ( - -1.429e+03 2 0)
s>            ( - -6.543e+03 1 0))
s>        ( - -1.251e+03 1 0))INFO: dtree.c(1439): stop. leaf nodes are specific
INFO: dtree.c(1478): Final simple tree
|( QUESTION0_5_R 1 -1.332e+04 1.139e+02 4.215e+01
|    ( - -1.237e+04 1 0)
|    ( - -8.375e+02 1 0))
s>    ( QUESTION0_5_R 1 -1.332e+04 1.139e+02 4.215e+01
s>        ( - -1.237e+04 1 0)
s>        ( - -8.375e+02 1 0))INFO: dtree.c(1315): Comp split 9
INFO: dtree.c(1478): Final simple tree
|( QUESTION17 -1 -2.130e+04 1.525e+02 8.804e+01
|    ( - -1.238e+03 1 0)
|    ( QUESTION11 1 -1.991e+04 1.007e+02 8.204e+01
|        ( QUESTION13 -1 -1.161e+04 8.950e+01 4.770e+01
|            ( - -3.750e+03 4 0 WDBNDRY_B 0 7.970e+01 1.616e+01)
|            ( WDBNDRY_B 0 -7.775e+03 1.055e+02 3.154e+01
|                ( QUESTION0 -1 -5.963e+03 9.953e+01 2.452e+01
|                    ( - -9.170e+02 2 0)
|                    ( - -4.947e+03 3 0))
|                ( - -1.706e+03 4 0 QUESTION0 -1 5.570e+01 7.020e+00)))
|        ( WDBNDRY_B 0 -8.195e+03 1.651e+02 3.434e+01
|            ( QUESTION2 -1 -7.290e+03 8.610e+01 3.034e+01
|                ( - -1.785e+03 2 0)
|                ( - -5.419e+03 9 0 QUESTION19 -1 7.810e+01 2.237e+01))
|            ( - -7.406e+02 1 0))))
s>    ( QUESTION17 -1 -2.130e+04 1.525e+02 8.804e+01
s>        ( - -1.238e+03 1 0)
s>        ( QUESTION11 1 -1.991e+04 1.007e+02 8.204e+01
s>            ( QUESTION13 -1 -1.161e+04 8.950e+01 4.770e+01
s>                ( - -3.750e+03 4 0 WDBNDRY_B 0 7.970e+01 1.616e+01)
s>                ( WDBNDRY_B 0 -7.775e+03 1.055e+02 3.154e+01
s>                    ( QUESTION0 -1 -5.963e+03 9.953e+01 2.452e+01
s>                        ( - -9.170e+02 2 0)
s>                        ( - -4.947e+03 3 0))
s>                    ( - -1.706e+03 4 0 QUESTION0 -1 5.570e+01 7.020e+00)))
s>            ( WDBNDRY_B 0 -8.195e+03 1.651e+02 3.434e+01
s>                ( QUESTION2 -1 -7.290e+03 8.610e+01 3.034e+01
s>                    ( - -1.785e+03 2 0)
s>                    ( - -5.419e+03 9 0 QUESTION19 -1 7.810e+01 2.237e+01))
s>                ( - -7.406e+02 1 0))))INFO: dtree.c(1478): Final simple tree
|( QUESTION4 -1 -1.159e+04 1.205e+02 4.679e+01
|    ( QUESTION0_6_R 1 -7.041e+03 1.183e+02 2.795e+01
|        ( QUESTION5 -1 -2.137e+03 1.172e+02 8.939e+00
|            ( - -1.449e+03 1 0)
|            ( - -5.714e+02 1 0))
|        ( WDBNDRY_B 0 -4.785e+03 1.007e+02 1.901e+01
|            ( QUESTION2_6_L -1 -4.295e+03 1.323e+02 1.701e+01
|                ( - -1.396e+03 2 0)
|                ( QUESTION5 -1 -2.767e+03 2.072e+02 1.101e+01
|                    ( - -2.279e+03 4 0 QUESTION11 1 7.934e+01 9.007e+00)
|                    ( - -2.810e+02 1 0)))
|            ( - -3.893e+02 1 0)))
|    ( QUESTION0_3_R 1 -4.429e+03 1.091e+02 1.884e+01
|        ( - -7.905e+02 1 0)
|        ( - -3.529e+03 5 0 WDBNDRY_B 0 8.962e+01 1.500e+01)))
s>    ( QUESTION4 -1 -1.159e+04 1.205e+02 4.679e+01
s>        ( QUESTION0_6_R 1 -7.041e+03 1.183e+02 2.795e+01
s>            ( QUESTION5 -1 -2.137e+03 1.172e+02 8.939e+00
s>                ( - -1.449e+03 1 0)
s>                ( - -5.714e+02 1 0))
s>            ( WDBNDRY_B 0 -4.785e+03 1.007e+02 1.901e+01
s>                ( QUESTION2_6_L -1 -4.295e+03 1.323e+02 1.701e+01
s>                    ( - -1.396e+03 2 0)
s>                    ( QUESTION5 -1 -2.767e+03 2.072e+02 1.101e+01
s>                        ( - -2.279e+03 4 0 QUESTION11 1 7.934e+01 9.007e+00)
s>                        ( - -2.810e+02 1 0)))
s>                ( - -3.893e+02 1 0)))
s>        ( QUESTION0_3_R 1 -4.429e+03 1.091e+02 1.884e+01
s>            ( - -7.905e+02 1 0)
s>            ( - -3.529e+03 5 0 WDBNDRY_B 0 8.962e+01 1.500e+01)))INFO: dtree.c(1315): Comp split 10
INFO: dtree.c(1478): Final simple tree
|( QUESTION4 -1 -1.111e+04 1.242e+02 4.479e+01
|    ( QUESTION0_6_R 1 -6.557e+03 1.260e+02 2.595e+01
|        ( QUESTION5 -1 -2.137e+03 1.172e+02 8.939e+00
|            ( - -1.449e+03 1 0)
|            ( - -5.714e+02 1 0))
|        ( WDBNDRY_B 0 -4.293e+03 1.042e+02 1.701e+01
|            ( QUESTION5 -1 -3.800e+03 1.248e+02 1.501e+01
|                ( - -2.279e+03 4 0 QUESTION11 1 7.934e+01 9.007e+00)
|                ( - -1.396e+03 2 0))
|            ( - -3.893e+02 1 0)))
|    ( QUESTION0_3_R 1 -4.429e+03 1.091e+02 1.884e+01
|        ( - -7.905e+02 1 0)
|        ( WDBNDRY_B 0 -3.529e+03 8.962e+01 1.500e+01
|            ( - -2.289e+03 2 0)
|            ( - -1.150e+03 3 0))))
s>    ( QUESTION4 -1 -1.111e+04 1.242e+02 4.479e+01
s>        ( QUESTION0_6_R 1 -6.557e+03 1.260e+02 2.595e+01
s>            ( QUESTION5 -1 -2.137e+03 1.172e+02 8.939e+00
s>                ( - -1.449e+03 1 0)
s>                ( - -5.714e+02 1 0))
s>            ( WDBNDRY_B 0 -4.293e+03 1.042e+02 1.701e+01
s>                ( QUESTION5 -1 -3.800e+03 1.248e+02 1.501e+01
s>                    ( - -2.279e+03 4 0 QUESTION11 1 7.934e+01 9.007e+00)
s>                    ( - -1.396e+03 2 0))
s>                ( - -3.893e+02 1 0)))
s>        ( QUESTION0_3_R 1 -4.429e+03 1.091e+02 1.884e+01
s>            ( - -7.905e+02 1 0)
s>            ( WDBNDRY_B 0 -3.529e+03 8.962e+01 1.500e+01
s>                ( - -2.289e+03 2 0)
s>                ( - -1.150e+03 3 0))))INFO: dtree.c(1315): Comp split 11
INFO: dtree.c(1439): stop. leaf nodes are specific
INFO: dtree.c(1478): Final simple tree
|( QUESTION0_5_R 1 -1.375e+04 1.519e+02 5.766e+01
|    ( QUESTION11 -1 -8.338e+03 1.132e+02 3.565e+01
|        ( - -5.223e+03 1 0)
|        ( - -3.002e+03 3 0))
|    ( QUESTION0_3_R 1 -5.265e+03 1.484e+02 2.200e+01
|        ( - -1.748e+03 2 0)
|        ( WDBNDRY_B 0 -3.368e+03 1.203e+02 1.400e+01
|            ( - -8.078e+02 1 0)
|            ( - -2.440e+03 3 0))))
s>    ( QUESTION0_5_R 1 -1.375e+04 1.519e+02 5.766e+01
s>        ( QUESTION11 -1 -8.338e+03 1.132e+02 3.565e+01
s>            ( - -5.223e+03 1 0)
s>            ( - -3.002e+03 3 0))
s>        ( QUESTION0_3_R 1 -5.265e+03 1.484e+02 2.200e+01
s>            ( - -1.748e+03 2 0)
s>            ( WDBNDRY_B 0 -3.368e+03 1.203e+02 1.400e+01
s>                ( - -8.078e+02 1 0)
s>                ( - -2.440e+03 3 0))))INFO: dtree.c(1478): Final simple tree
|( QUESTION2 -1 -1.084e+04 1.351e+02 4.450e+01
|    ( WDBNDRY_B 0 -3.050e+03 1.319e+02 1.295e+01
|        ( - -1.202e+03 1 0)
|        ( - -1.716e+03 2 0))
|    ( QUESTION14 -1 -7.654e+03 1.017e+02 3.155e+01
|        ( WDBNDRY_B 0 -3.027e+03 9.016e+01 1.300e+01
|            ( - -8.723e+02 1 0)
|            ( QUESTION0_6_R 1 -2.065e+03 1.112e+02 8.970e+00
|                ( - -1.362e+03 1 0)
|                ( - -5.917e+02 1 0)))
|        ( QUESTION11 -1 -4.525e+03 7.072e+01 1.855e+01
|            ( - -1.299e+03 3 0 WDBNDRY_B 0 7.574e+01 5.541e+00)
|            ( QUESTION0_5_R 1 -3.155e+03 7.605e+01 1.301e+01
|                ( - -2.646e+03 4 0 WDBNDRY_B 0 5.995e+01 1.100e+01)
|                ( - -4.328e+02 1 0)))))
s>    ( QUESTION2 -1 -1.084e+04 1.351e+02 4.450e+01
s>        ( WDBNDRY_B 0 -3.050e+03 1.319e+02 1.295e+01
s>            ( - -1.202e+03 1 0)
s>            ( - -1.716e+03 2 0))
s>        ( QUESTION14 -1 -7.654e+03 1.017e+02 3.155e+01
s>            ( WDBNDRY_B 0 -3.027e+03 9.016e+01 1.300e+01
s>                ( - -8.723e+02 1 0)
s>                ( QUESTION0_6_R 1 -2.065e+03 1.112e+02 8.970e+00
s>                    ( - -1.362e+03 1 0)
s>                    ( - -5.917e+02 1 0)))
s>            ( QUESTION11 -1 -4.525e+03 7.072e+01 1.855e+01
s>                ( - -1.299e+03 3 0 WDBNDRY_B 0 7.574e+01 5.541e+00)
s>                ( QUESTION0_5_R 1 -3.155e+03 7.605e+01 1.301e+01
s>                    ( - -2.646e+03 4 0 WDBNDRY_B 0 5.995e+01 1.100e+01)
s>                    ( - -4.328e+02 1 0)))))INFO: dtree.c(1315): Comp split 12
INFO: dtree.c(1478): Final simple tree
|( QUESTION17 -1 -2.039e+04 1.539e+02 8.404e+01
|    ( - -1.238e+03 1 0)
|    ( QUESTION11 1 -1.900e+04 9.225e+01 7.804e+01
|        ( QUESTION13 -1 -1.161e+04 8.950e+01 4.770e+01
|            ( WDBNDRY_B 0 -3.750e+03 7.970e+01 1.616e+01
|                ( - -2.758e+03 3 0 QUESTION16 -1 6.594e+01 1.196e+01)
|                ( - -9.128e+02 1 0))
|            ( WDBNDRY_B 0 -7.775e+03 1.055e+02 3.154e+01
|                ( QUESTION0 -1 -5.963e+03 9.953e+01 2.452e+01
|                    ( - -9.170e+02 2 0)
|                    ( - -4.947e+03 3 0))
|                ( - -1.706e+03 4 0 QUESTION0 -1 5.570e+01 7.020e+00)))
|        ( QUESTION2 -1 -7.290e+03 8.610e+01 3.034e+01
|            ( - -1.785e+03 2 0)
|            ( - -5.419e+03 9 0 QUESTION19 -1 7.810e+01 2.237e+01))))
s>    ( QUESTION17 -1 -2.039e+04 1.539e+02 8.404e+01
s>        ( - -1.238e+03 1 0)
s>        ( QUESTION11 1 -1.900e+04 9.225e+01 7.804e+01
s>            ( QUESTION13 -1 -1.161e+04 8.950e+01 4.770e+01
s>                ( WDBNDRY_B 0 -3.750e+03 7.970e+01 1.616e+01
s>                    ( - -2.758e+03 3 0 QUESTION16 -1 6.594e+01 1.196e+01)
s>                    ( - -9.128e+02 1 0))
s>                ( WDBNDRY_B 0 -7.775e+03 1.055e+02 3.154e+01
s>                    ( QUESTION0 -1 -5.963e+03 9.953e+01 2.452e+01
s>                        ( - -9.170e+02 2 0)
s>                        ( - -4.947e+03 3 0))
s>                    ( - -1.706e+03 4 0 QUESTION0 -1 5.570e+01 7.020e+00)))
s>            ( QUESTION2 -1 -7.290e+03 8.610e+01 3.034e+01
s>                ( - -1.785e+03 2 0)
s>                ( - -5.419e+03 9 0 QUESTION19 -1 7.810e+01 2.237e+01))))INFO: dtree.c(1315): Comp split 13
INFO: dtree.c(1439): stop. leaf nodes are specific
INFO: dtree.c(1478): Final simple tree
|( QUESTION1 -1 -2.301e+03 1.149e+02 9.845e+00
|    ( - -7.905e+02 1 0)
|    ( - -1.396e+03 2 0))
s>    ( QUESTION1 -1 -2.301e+03 1.149e+02 9.845e+00
s>        ( - -7.905e+02 1 0)
s>        ( - -1.396e+03 2 0))INFO: dtree.c(1478): Final simple tree
|( QUESTION0 -1 -8.647e+03 1.119e+02 3.495e+01
|    ( QUESTION0_6_R 1 -5.006e+03 1.038e+02 1.995e+01
|        ( QUESTION5 -1 -2.137e+03 1.172e+02 8.939e+00
|            ( - -1.449e+03 1 0)
|            ( - -5.714e+02 1 0))
|        ( WDBNDRY_B 0 -2.765e+03 9.644e+01 1.101e+01
|            ( QUESTION11 1 -2.279e+03 7.934e+01 9.007e+00
|                ( - -4.933e+02 1 0)
|                ( QUESTION0_3_R 1 -1.706e+03 7.180e+01 7.000e+00
|                    ( - -1.156e+03 2 0)
|                    ( - -4.790e+02 1 0)))
|            ( - -3.893e+02 1 0)))
|    ( WDBNDRY_B 0 -3.529e+03 8.962e+01 1.500e+01
|        ( - -2.289e+03 2 0)
|        ( - -1.150e+03 3 0)))
s>    ( QUESTION0 -1 -8.647e+03 1.119e+02 3.495e+01
s>        ( QUESTION0_6_R 1 -5.006e+03 1.038e+02 1.995e+01
s>            ( QUESTION5 -1 -2.137e+03 1.172e+02 8.939e+00
s>                ( - -1.449e+03 1 0)
s>                ( - -5.714e+02 1 0))
s>            ( WDBNDRY_B 0 -2.765e+03 9.644e+01 1.101e+01
s>                ( QUESTION11 1 -2.279e+03 7.934e+01 9.007e+00
s>                    ( - -4.933e+02 1 0)
s>                    ( QUESTION0_3_R 1 -1.706e+03 7.180e+01 7.000e+00
s>                        ( - -1.156e+03 2 0)
s>                        ( - -4.790e+02 1 0)))
s>                ( - -3.893e+02 1 0)))
s>        ( WDBNDRY_B 0 -3.529e+03 8.962e+01 1.500e+01
s>            ( - -2.289e+03 2 0)
s>            ( - -1.150e+03 3 0)))INFO: dtree.c(1315): Comp split 14
INFO: dtree.c(1439): stop. leaf nodes are specific
INFO: dtree.c(1478): Final simple tree
|( QUESTION11 -1 -5.137e+03 1.153e+02 1.903e+01
|    ( - -3.724e+03 1 0)
|    ( - -1.298e+03 2 0))
s>    ( QUESTION11 -1 -5.137e+03 1.153e+02 1.903e+01
s>        ( - -3.724e+03 1 0)
s>        ( - -1.298e+03 2 0))INFO: dtree.c(1478): Final simple tree
|( QUESTION0_5_R 1 -1.157e+04 1.311e+02 4.907e+01
|    ( - -8.167e+02 1 0)
|    ( QUESTION0_0_R 1 -1.062e+04 1.132e+02 4.507e+01
|        ( - -6.130e+02 1 0)
|        ( WDBNDRY_B 0 -9.896e+03 9.831e+01 4.209e+01
|            ( - -3.611e+03 3 0)
|            ( QUESTION0_4_R 1 -6.186e+03 8.563e+01 2.611e+01
|                ( QUESTION13 -1 -3.237e+03 7.178e+01 1.407e+01
|                    ( - -1.804e+02 1 0)
|                    ( QUESTION11 -1 -2.985e+03 7.749e+01 1.307e+01
|                        ( - -2.731e+03 1 0)
|                        ( - -1.763e+02 1 0)))
|                ( QUESTION0_2_R 1 -2.864e+03 6.139e+01 1.204e+01
|                    ( - -2.340e+03 2 0)
|                    ( - -4.621e+02 1 0))))))
s>    ( QUESTION0_5_R 1 -1.157e+04 1.311e+02 4.907e+01
s>        ( - -8.167e+02 1 0)
s>        ( QUESTION0_0_R 1 -1.062e+04 1.132e+02 4.507e+01
s>            ( - -6.130e+02 1 0)
s>            ( WDBNDRY_B 0 -9.896e+03 9.831e+01 4.209e+01
s>                ( - -3.611e+03 3 0)
s>                ( QUESTION0_4_R 1 -6.186e+03 8.563e+01 2.611e+01
s>                    ( QUESTION13 -1 -3.237e+03 7.178e+01 1.407e+01
s>                        ( - -1.804e+02 1 0)
s>                        ( QUESTION11 -1 -2.985e+03 7.749e+01 1.307e+01
s>                            ( - -2.731e+03 1 0)
s>                            ( - -1.763e+02 1 0)))
s>                    ( QUESTION0_2_R 1 -2.864e+03 6.139e+01 1.204e+01
s>                        ( - -2.340e+03 2 0)
s>                        ( - -4.621e+02 1 0))))))INFO: dtree.c(1315): Comp split 15
INFO: dtree.c(1478): Final simple tree
|( QUESTION11 1 -1.900e+04 9.225e+01 7.804e+01
|    ( QUESTION13 -1 -1.161e+04 8.950e+01 4.770e+01
|        ( WDBNDRY_B 0 -3.750e+03 7.970e+01 1.616e+01
|            ( - -2.758e+03 3 0 QUESTION16 -1 6.594e+01 1.196e+01)
|            ( - -9.128e+02 1 0))
|        ( WDBNDRY_B 0 -7.775e+03 1.055e+02 3.154e+01
|            ( QUESTION0 -1 -5.963e+03 9.953e+01 2.452e+01
|                ( - -9.170e+02 2 0)
|                ( - -4.947e+03 3 0))
|            ( - -1.706e+03 4 0 QUESTION0 -1 5.570e+01 7.020e+00)))
|    ( QUESTION2 -1 -7.290e+03 8.610e+01 3.034e+01
|        ( - -1.785e+03 2 0)
|        ( QUESTION19 -1 -5.419e+03 7.810e+01 2.237e+01
|            ( - -2.353e+03 4 0)
|            ( - -2.988e+03 5 0 QUESTION16 -1 7.309e+01 1.238e+01))))
s>    ( QUESTION11 1 -1.900e+04 9.225e+01 7.804e+01
s>        ( QUESTION13 -1 -1.161e+04 8.950e+01 4.770e+01
s>            ( WDBNDRY_B 0 -3.750e+03 7.970e+01 1.616e+01
s>                ( - -2.758e+03 3 0 QUESTION16 -1 6.594e+01 1.196e+01)
s>                ( - -9.128e+02 1 0))
s>            ( WDBNDRY_B 0 -7.775e+03 1.055e+02 3.154e+01
s>                ( QUESTION0 -1 -5.963e+03 9.953e+01 2.452e+01
s>                    ( - -9.170e+02 2 0)
s>                    ( - -4.947e+03 3 0))
s>                ( - -1.706e+03 4 0 QUESTION0 -1 5.570e+01 7.020e+00)))
s>        ( QUESTION2 -1 -7.290e+03 8.610e+01 3.034e+01
s>            ( - -1.785e+03 2 0)
s>            ( QUESTION19 -1 -5.419e+03 7.810e+01 2.237e+01
s>                ( - -2.353e+03 4 0)
s>                ( - -2.988e+03 5 0 QUESTION16 -1 7.309e+01 1.238e+01))))INFO: dtree.c(1315): Comp split 16
INFO: dtree.c(1439): stop. leaf nodes are specific
INFO: dtree.c(1478): Final simple tree
|( QUESTION0_3_R 1 -5.265e+03 1.484e+02 2.200e+01
|    ( - -1.748e+03 2 0)
|    ( WDBNDRY_B 0 -3.368e+03 1.203e+02 1.400e+01
|        ( - -8.078e+02 1 0)
|        ( - -2.440e+03 3 0)))
s>    ( QUESTION0_3_R 1 -5.265e+03 1.484e+02 2.200e+01
s>        ( - -1.748e+03 2 0)
s>        ( WDBNDRY_B 0 -3.368e+03 1.203e+02 1.400e+01
s>            ( - -8.078e+02 1 0)
s>            ( - -2.440e+03 3 0)))INFO: dtree.c(1439): stop. leaf nodes are specific
INFO: dtree.c(1478): Final simple tree
|( QUESTION11 -1 -8.338e+03 1.132e+02 3.565e+01
|    ( - -5.223e+03 1 0)
|    ( - -3.002e+03 3 0))
s>    ( QUESTION11 -1 -8.338e+03 1.132e+02 3.565e+01
s>        ( - -5.223e+03 1 0)
s>        ( - -3.002e+03 3 0))INFO: dtree.c(1315): Comp split 17
INFO: dtree.c(1478): Final simple tree
|( QUESTION2 -1 -8.972e+03 1.160e+02 3.650e+01
|    ( - -1.202e+03 1 0)
|    ( QUESTION14 -1 -7.654e+03 1.017e+02 3.155e+01
|        ( WDBNDRY_B 0 -3.027e+03 9.016e+01 1.300e+01
|            ( - -8.723e+02 1 0)
|            ( QUESTION0_6_R 1 -2.065e+03 1.112e+02 8.970e+00
|                ( - -1.362e+03 1 0)
|                ( - -5.917e+02 1 0)))
|        ( QUESTION11 -1 -4.525e+03 7.072e+01 1.855e+01
|            ( WDBNDRY_B 0 -1.299e+03 7.574e+01 5.541e+00
|                ( - -7.548e+02 1 0)
|                ( - -4.686e+02 2 0 QUESTION0_6_R 1 7.355e+01 2.000e+00))
|            ( QUESTION0_5_R 1 -3.155e+03 7.605e+01 1.301e+01
|                ( - -2.646e+03 4 0 WDBNDRY_B 0 5.995e+01 1.100e+01)
|                ( - -4.328e+02 1 0)))))
s>    ( QUESTION2 -1 -8.972e+03 1.160e+02 3.650e+01
s>        ( - -1.202e+03 1 0)
s>        ( QUESTION14 -1 -7.654e+03 1.017e+02 3.155e+01
s>            ( WDBNDRY_B 0 -3.027e+03 9.016e+01 1.300e+01
s>                ( - -8.723e+02 1 0)
s>                ( QUESTION0_6_R 1 -2.065e+03 1.112e+02 8.970e+00
s>                    ( - -1.362e+03 1 0)
s>                    ( - -5.917e+02 1 0)))
s>            ( QUESTION11 -1 -4.525e+03 7.072e+01 1.855e+01
s>                ( WDBNDRY_B 0 -1.299e+03 7.574e+01 5.541e+00
s>                    ( - -7.548e+02 1 0)
s>                    ( - -4.686e+02 2 0 QUESTION0_6_R 1 7.355e+01 2.000e+00))
s>                ( QUESTION0_5_R 1 -3.155e+03 7.605e+01 1.301e+01
s>                    ( - -2.646e+03 4 0 WDBNDRY_B 0 5.995e+01 1.100e+01)
s>                    ( - -4.328e+02 1 0)))))INFO: dtree.c(1315): Comp split 18
INFO: dtree.c(1439): stop. leaf nodes are specific
INFO: dtree.c(1478): Final simple tree
|( WDBNDRY_B 0 -3.368e+03 1.203e+02 1.400e+01
|    ( - -8.078e+02 1 0)
|    ( - -2.440e+03 3 0))
s>    ( WDBNDRY_B 0 -3.368e+03 1.203e+02 1.400e+01
s>        ( - -8.078e+02 1 0)
s>        ( - -2.440e+03 3 0))INFO: dtree.c(1315): Comp split 19
INFO: dtree.c(1439): stop. leaf nodes are specific
INFO: dtree.c(1478): Final simple tree
|( QUESTION11 1 -8.053e+03 8.125e+01 3.283e+01
|    ( - -1.429e+03 2 0)
|    ( - -6.543e+03 1 0))
s>    ( QUESTION11 1 -8.053e+03 8.125e+01 3.283e+01
s>        ( - -1.429e+03 2 0)
s>        ( - -6.543e+03 1 0))INFO: dtree.c(1315): Comp split 20
INFO: dtree.c(1439): stop. leaf nodes are specific
INFO: dtree.c(1478): Final simple tree
|( QUESTION0_0_R 1 -1.062e+04 1.132e+02 4.507e+01
|    ( - -6.130e+02 1 0)
|    ( WDBNDRY_B 0 -9.896e+03 9.831e+01 4.209e+01
|        ( - -3.611e+03 3 0)
|        ( QUESTION0_4_R 1 -6.186e+03 8.563e+01 2.611e+01
|            ( QUESTION13 -1 -3.237e+03 7.178e+01 1.407e+01
|                ( - -1.804e+02 1 0)
|                ( QUESTION11 -1 -2.985e+03 7.749e+01 1.307e+01
|                    ( - -2.731e+03 1 0)
|                    ( - -1.763e+02 1 0)))
|            ( QUESTION0_2_R 1 -2.864e+03 6.139e+01 1.204e+01
|                ( - -2.340e+03 2 0)
|                ( - -4.621e+02 1 0)))))
s>    ( QUESTION0_0_R 1 -1.062e+04 1.132e+02 4.507e+01
s>        ( - -6.130e+02 1 0)
s>        ( WDBNDRY_B 0 -9.896e+03 9.831e+01 4.209e+01
s>            ( - -3.611e+03 3 0)
s>            ( QUESTION0_4_R 1 -6.186e+03 8.563e+01 2.611e+01
s>                ( QUESTION13 -1 -3.237e+03 7.178e+01 1.407e+01
s>                    ( - -1.804e+02 1 0)
s>                    ( QUESTION11 -1 -2.985e+03 7.749e+01 1.307e+01
s>                        ( - -2.731e+03 1 0)
s>                        ( - -1.763e+02 1 0)))
s>                ( QUESTION0_2_R 1 -2.864e+03 6.139e+01 1.204e+01
s>                    ( - -2.340e+03 2 0)
s>                    ( - -4.621e+02 1 0)))))INFO: dtree.c(1315): Comp split 21
INFO: dtree.c(1439): stop. leaf nodes are specific
INFO: dtree.c(1478): Final simple tree
|( QUESTION14 -1 -4.456e+03 9.375e+01 1.858e+01
|    ( - -8.723e+02 1 0)
|    ( QUESTION11 -1 -3.490e+03 8.886e+01 1.454e+01
|        ( - -7.548e+02 1 0)
|        ( WDBNDRY_B 0 -2.646e+03 5.995e+01 1.100e+01
|            ( QUESTION0_6_R 1 -1.436e+03 7.992e+01 6.003e+00
|                ( - -6.516e+02 1 0)
|                ( QUESTION16 -1 -7.043e+02 6.149e+01 3.000e+00
|                    ( - -2.113e+02 1 0)
|                    ( - -4.315e+02 1 0)))
|            ( - -1.150e+03 1 0))))
s>    ( QUESTION14 -1 -4.456e+03 9.375e+01 1.858e+01
s>        ( - -8.723e+02 1 0)
s>        ( QUESTION11 -1 -3.490e+03 8.886e+01 1.454e+01
s>            ( - -7.548e+02 1 0)
s>            ( WDBNDRY_B 0 -2.646e+03 5.995e+01 1.100e+01
s>                ( QUESTION0_6_R 1 -1.436e+03 7.992e+01 6.003e+00
s>                    ( - -6.516e+02 1 0)
s>                    ( QUESTION16 -1 -7.043e+02 6.149e+01 3.000e+00
s>                        ( - -2.113e+02 1 0)
s>                        ( - -4.315e+02 1 0)))
s>                ( - -1.150e+03 1 0))))INFO: dtree.c(1439): stop. leaf nodes are specific
INFO: dtree.c(1478): Final simple tree
|( QUESTION0 -1 -4.385e+03 9.406e+01 1.792e+01
|    ( - -1.202e+03 1 0)
|    ( QUESTION14 -1 -3.089e+03 6.633e+01 1.297e+01
|        ( QUESTION0_6_R 1 -2.065e+03 1.112e+02 8.970e+00
|            ( - -1.362e+03 1 0)
|            ( - -5.917e+02 1 0))
|        ( WDBNDRY_B 0 -9.580e+02 5.660e+01 4.004e+00
|            ( - -4.328e+02 1 0)
|            ( QUESTION0_6_R 1 -4.686e+02 7.355e+01 2.000e+00
|                ( - -2.029e+02 1 0)
|                ( - -1.922e+02 1 0)))))
s>    ( QUESTION0 -1 -4.385e+03 9.406e+01 1.792e+01
s>        ( - -1.202e+03 1 0)
s>        ( QUESTION14 -1 -3.089e+03 6.633e+01 1.297e+01
s>            ( QUESTION0_6_R 1 -2.065e+03 1.112e+02 8.970e+00
s>                ( - -1.362e+03 1 0)
s>                ( - -5.917e+02 1 0))
s>            ( WDBNDRY_B 0 -9.580e+02 5.660e+01 4.004e+00
s>                ( - -4.328e+02 1 0)
s>                ( QUESTION0_6_R 1 -4.686e+02 7.355e+01 2.000e+00
s>                    ( - -2.029e+02 1 0)
s>                    ( - -1.922e+02 1 0)))))INFO: dtree.c(1315): Comp split 22
INFO: dtree.c(1439): stop. leaf nodes are specific
INFO: dtree.c(1478): Final simple tree
|( QUESTION0_3_R 1 -2.870e+03 8.710e+01 1.201e+01
|    ( - -4.933e+02 1 0)
|    ( - -2.289e+03 2 0))
s>    ( QUESTION0_3_R 1 -2.870e+03 8.710e+01 1.201e+01
s>        ( - -4.933e+02 1 0)
s>        ( - -2.289e+03 2 0))INFO: dtree.c(1439): stop. leaf nodes are specific
INFO: dtree.c(1478): Final simple tree
|( QUESTION0_6_R 1 -5.650e+03 9.549e+01 2.294e+01
|    ( QUESTION9 -1 -3.367e+03 1.140e+02 1.394e+01
|        ( - -5.714e+02 1 0)
|        ( WDBNDRY_B 0 -2.682e+03 8.233e+01 1.094e+01
|            ( - -1.449e+03 1 0)
|            ( - -1.150e+03 3 0)))
|    ( WDBNDRY_B 0 -2.187e+03 9.144e+01 9.000e+00
|        ( QUESTION0_3_R 1 -1.706e+03 7.180e+01 7.000e+00
|            ( - -1.156e+03 2 0)
|            ( - -4.790e+02 1 0))
|        ( - -3.893e+02 1 0)))
s>    ( QUESTION0_6_R 1 -5.650e+03 9.549e+01 2.294e+01
s>        ( QUESTION9 -1 -3.367e+03 1.140e+02 1.394e+01
s>            ( - -5.714e+02 1 0)
s>            ( WDBNDRY_B 0 -2.682e+03 8.233e+01 1.094e+01
s>                ( - -1.449e+03 1 0)
s>                ( - -1.150e+03 3 0)))
s>        ( WDBNDRY_B 0 -2.187e+03 9.144e+01 9.000e+00
s>            ( QUESTION0_3_R 1 -1.706e+03 7.180e+01 7.000e+00
s>                ( - -1.156e+03 2 0)
s>                ( - -4.790e+02 1 0))
s>            ( - -3.893e+02 1 0)))INFO: dtree.c(1315): Comp split 23
INFO: dtree.c(1439): stop. leaf nodes are specific
INFO: dtree.c(1478): Final simple tree
|( QUESTION13 -1 -1.187e+04 9.653e+01 4.905e+01
|    ( WDBNDRY_B 0 -4.771e+03 7.841e+01 2.016e+01
|        ( QUESTION16 -1 -3.779e+03 7.635e+01 1.597e+01
|            ( QUESTION11 1 -1.387e+03 6.971e+01 6.000e+00
|                ( - -6.510e+02 1 0)
|                ( - -6.659e+02 2 0))
|            ( QUESTION11 1 -2.316e+03 6.545e+01 9.967e+00
|                ( - -2.041e+03 2 0)
|                ( - -2.100e+02 1 0)))
|        ( - -9.128e+02 1 0))
|    ( QUESTION0 -1 -7.001e+03 8.902e+01 2.889e+01
|        ( - -1.965e+03 2 0)
|        ( - -4.947e+03 3 0)))
s>    ( QUESTION13 -1 -1.187e+04 9.653e+01 4.905e+01
s>        ( WDBNDRY_B 0 -4.771e+03 7.841e+01 2.016e+01
s>            ( QUESTION16 -1 -3.779e+03 7.635e+01 1.597e+01
s>                ( QUESTION11 1 -1.387e+03 6.971e+01 6.000e+00
s>                    ( - -6.510e+02 1 0)
s>                    ( - -6.659e+02 2 0))
s>                ( QUESTION11 1 -2.316e+03 6.545e+01 9.967e+00
s>                    ( - -2.041e+03 2 0)
s>                    ( - -2.100e+02 1 0)))
s>            ( - -9.128e+02 1 0))
s>        ( QUESTION0 -1 -7.001e+03 8.902e+01 2.889e+01
s>            ( - -1.965e+03 2 0)
s>            ( - -4.947e+03 3 0)))INFO: dtree.c(1439): stop. leaf nodes are specific
INFO: dtree.c(1478): Final simple tree
|( WDBNDRY_B 0 -7.002e+03 9.345e+01 2.899e+01
|    ( QUESTION11 1 -5.203e+03 7.727e+01 2.197e+01
|        ( - -9.170e+02 2 0)
|        ( QUESTION0 -1 -4.209e+03 7.066e+01 1.797e+01
|            ( - -1.785e+03 2 0)
|            ( - -2.353e+03 4 0)))
|    ( QUESTION0 -1 -1.706e+03 5.570e+01 7.020e+00
|        ( - -1.927e+02 1 0)
|        ( - -1.457e+03 3 0)))
s>    ( WDBNDRY_B 0 -7.002e+03 9.345e+01 2.899e+01
s>        ( QUESTION11 1 -5.203e+03 7.727e+01 2.197e+01
s>            ( - -9.170e+02 2 0)
s>            ( QUESTION0 -1 -4.209e+03 7.066e+01 1.797e+01
s>                ( - -1.785e+03 2 0)
s>                ( - -2.353e+03 4 0)))
s>        ( QUESTION0 -1 -1.706e+03 5.570e+01 7.020e+00
s>            ( - -1.927e+02 1 0)
s>            ( - -1.457e+03 3 0)))INFO: dtree.c(1315): Comp split 24
INFO: dtree.c(1315): Comp split 25
INFO: dtree.c(1315): Comp split 26
INFO: dtree.c(1439): stop. leaf nodes are specific
INFO: dtree.c(1478): Final simple tree
|( QUESTION0_6_R 1 -4.963e+03 9.423e+01 1.994e+01
|    ( WDBNDRY_B 0 -2.682e+03 8.233e+01 1.094e+01
|        ( - -1.449e+03 1 0)
|        ( - -1.150e+03 3 0))
|    ( WDBNDRY_B 0 -2.187e+03 9.144e+01 9.000e+00
|        ( QUESTION0_3_R 1 -1.706e+03 7.180e+01 7.000e+00
|            ( - -1.156e+03 2 0)
|            ( - -4.790e+02 1 0))
|        ( - -3.893e+02 1 0)))
s>    ( QUESTION0_6_R 1 -4.963e+03 9.423e+01 1.994e+01
s>        ( WDBNDRY_B 0 -2.682e+03 8.233e+01 1.094e+01
s>            ( - -1.449e+03 1 0)
s>            ( - -1.150e+03 3 0))
s>        ( WDBNDRY_B 0 -2.187e+03 9.144e+01 9.000e+00
s>            ( QUESTION0_3_R 1 -1.706e+03 7.180e+01 7.000e+00
s>                ( - -1.156e+03 2 0)
s>                ( - -4.790e+02 1 0))
s>            ( - -3.893e+02 1 0)))INFO: dtree.c(1315): Comp split 27
INFO: dtree.c(1315): Comp split 28
INFO: dtree.c(1439): stop. leaf nodes are specific
INFO: dtree.c(1478): Final simple tree
|( QUESTION0 -1 -3.679e+03 9.140e+01 1.492e+01
|    ( - -1.202e+03 1 0)
|    ( QUESTION14 -1 -2.386e+03 6.568e+01 9.974e+00
|        ( - -1.362e+03 1 0)
|        ( WDBNDRY_B 0 -9.580e+02 5.660e+01 4.004e+00
|            ( - -4.328e+02 1 0)
|            ( QUESTION0_6_R 1 -4.686e+02 7.355e+01 2.000e+00
|                ( - -2.029e+02 1 0)
|                ( - -1.922e+02 1 0)))))
s>    ( QUESTION0 -1 -3.679e+03 9.140e+01 1.492e+01
s>        ( - -1.202e+03 1 0)
s>        ( QUESTION14 -1 -2.386e+03 6.568e+01 9.974e+00
s>            ( - -1.362e+03 1 0)
s>            ( WDBNDRY_B 0 -9.580e+02 5.660e+01 4.004e+00
s>                ( - -4.328e+02 1 0)
s>                ( QUESTION0_6_R 1 -4.686e+02 7.355e+01 2.000e+00
s>                    ( - -2.029e+02 1 0)
s>                    ( - -1.922e+02 1 0)))))INFO: dtree.c(1315): Comp split 29
INFO: dtree.c(1315): Comp split 30
INFO: dtree.c(1315): Comp split 31
INFO: dtree.c(1439): stop. leaf nodes are specific
INFO: dtree.c(1478): Final simple tree
|( WDBNDRY_B 0 -9.896e+03 9.831e+01 4.209e+01
|    ( - -3.611e+03 3 0)
|    ( QUESTION0_4_R 1 -6.186e+03 8.563e+01 2.611e+01
|        ( QUESTION13 -1 -3.237e+03 7.178e+01 1.407e+01
|            ( - -1.804e+02 1 0)
|            ( QUESTION11 -1 -2.985e+03 7.749e+01 1.307e+01
|                ( - -2.731e+03 1 0)
|                ( - -1.763e+02 1 0)))
|        ( QUESTION0_2_R 1 -2.864e+03 6.139e+01 1.204e+01
|            ( - -2.340e+03 2 0)
|            ( - -4.621e+02 1 0))))
s>    ( WDBNDRY_B 0 -9.896e+03 9.831e+01 4.209e+01
s>        ( - -3.611e+03 3 0)
s>        ( QUESTION0_4_R 1 -6.186e+03 8.563e+01 2.611e+01
s>            ( QUESTION13 -1 -3.237e+03 7.178e+01 1.407e+01
s>                ( - -1.804e+02 1 0)
s>                ( QUESTION11 -1 -2.985e+03 7.749e+01 1.307e+01
s>                    ( - -2.731e+03 1 0)
s>                    ( - -1.763e+02 1 0)))
s>            ( QUESTION0_2_R 1 -2.864e+03 6.139e+01 1.204e+01
s>                ( - -2.340e+03 2 0)
s>                ( - -4.621e+02 1 0))))INFO: dtree.c(1315): Comp split 32
INFO: dtree.c(1439): stop. leaf nodes are specific
INFO: dtree.c(1478): Final simple tree
|( WDBNDRY_B 0 -2.646e+03 5.995e+01 1.100e+01
|    ( QUESTION0_6_R 1 -1.436e+03 7.992e+01 6.003e+00
|        ( - -6.516e+02 1 0)
|        ( QUESTION16 -1 -7.043e+02 6.149e+01 3.000e+00
|            ( - -2.113e+02 1 0)
|            ( - -4.315e+02 1 0)))
|    ( - -1.150e+03 1 0))
s>    ( WDBNDRY_B 0 -2.646e+03 5.995e+01 1.100e+01
s>        ( QUESTION0_6_R 1 -1.436e+03 7.992e+01 6.003e+00
s>            ( - -6.516e+02 1 0)
s>            ( QUESTION16 -1 -7.043e+02 6.149e+01 3.000e+00
s>                ( - -2.113e+02 1 0)
s>                ( - -4.315e+02 1 0)))
s>        ( - -1.150e+03 1 0))INFO: dtree.c(1439): stop. leaf nodes are specific
INFO: dtree.c(1478): Final simple tree
|( QUESTION0_6_R 1 -1.707e+03 8.037e+01 7.576e+00
|    ( - -7.548e+02 1 0)
|    ( - -8.723e+02 1 0))
s>    ( QUESTION0_6_R 1 -1.707e+03 8.037e+01 7.576e+00
s>        ( - -7.548e+02 1 0)
s>        ( - -8.723e+02 1 0))INFO: dtree.c(1315): Comp split 33
INFO: dtree.c(1439): stop. leaf nodes are specific
INFO: dtree.c(1478): Final simple tree
|( QUESTION11 1 -7.744e+03 9.548e+01 3.189e+01
|    ( - -4.947e+03 3 0)
|    ( QUESTION0 -1 -2.702e+03 7.113e+01 1.137e+01
|        ( - -1.965e+03 2 0)
|        ( - -6.659e+02 2 0)))
s>    ( QUESTION11 1 -7.744e+03 9.548e+01 3.189e+01
s>        ( - -4.947e+03 3 0)
s>        ( QUESTION0 -1 -2.702e+03 7.113e+01 1.137e+01
s>            ( - -1.965e+03 2 0)
s>            ( - -6.659e+02 2 0)))INFO: dtree.c(1439): stop. leaf nodes are specific
INFO: dtree.c(1478): Final simple tree
|( WDBNDRY_B 0 -4.024e+03 7.788e+01 1.716e+01
|    ( QUESTION16 -1 -3.033e+03 6.606e+01 1.297e+01
|        ( - -6.510e+02 1 0)
|        ( QUESTION11 1 -2.316e+03 6.545e+01 9.967e+00
|            ( - -2.041e+03 2 0)
|            ( - -2.100e+02 1 0)))
|    ( - -9.128e+02 1 0))
s>    ( WDBNDRY_B 0 -4.024e+03 7.788e+01 1.716e+01
s>        ( QUESTION16 -1 -3.033e+03 6.606e+01 1.297e+01
s>            ( - -6.510e+02 1 0)
s>            ( QUESTION11 1 -2.316e+03 6.545e+01 9.967e+00
s>                ( - -2.041e+03 2 0)
s>                ( - -2.100e+02 1 0)))
s>        ( - -9.128e+02 1 0))INFO: dtree.c(1315): Comp split 34
INFO: dtree.c(1439): stop. leaf nodes are specific
INFO: dtree.c(1478): Final simple tree
|( QUESTION0_4_R 1 -6.186e+03 8.563e+01 2.611e+01
|    ( QUESTION13 -1 -3.237e+03 7.178e+01 1.407e+01
|        ( - -1.804e+02 1 0)
|        ( QUESTION11 -1 -2.985e+03 7.749e+01 1.307e+01
|            ( - -2.731e+03 1 0)
|            ( - -1.763e+02 1 0)))
|    ( QUESTION0_2_R 1 -2.864e+03 6.139e+01 1.204e+01
|        ( - -2.340e+03 2 0)
|        ( - -4.621e+02 1 0)))
s>    ( QUESTION0_4_R 1 -6.186e+03 8.563e+01 2.611e+01
s>        ( QUESTION13 -1 -3.237e+03 7.178e+01 1.407e+01
s>            ( - -1.804e+02 1 0)
s>            ( QUESTION11 -1 -2.985e+03 7.749e+01 1.307e+01
s>                ( - -2.731e+03 1 0)
s>                ( - -1.763e+02 1 0)))
s>        ( QUESTION0_2_R 1 -2.864e+03 6.139e+01 1.204e+01
s>            ( - -2.340e+03 2 0)
s>            ( - -4.621e+02 1 0)))INFO: dtree.c(1315): Comp split 35
INFO: dtree.c(1439): stop. leaf nodes are specific
INFO: dtree.c(1478): Final simple tree
|( QUESTION11 1 -2.272e+03 7.987e+01 9.919e+00
|    ( - -1.594e+03 1 0)
|    ( - -5.985e+02 1 0))
s>    ( QUESTION11 1 -2.272e+03 7.987e+01 9.919e+00
s>        ( - -1.594e+03 1 0)
s>        ( - -5.985e+02 1 0))INFO: dtree.c(1315): Comp split 36
INFO: dtree.c(1439): stop. leaf nodes are specific
INFO: dtree.c(1478): Final simple tree
|( QUESTION0 -1 -2.702e+03 7.113e+01 1.137e+01
|    ( - -1.965e+03 2 0)
|    ( - -6.659e+02 2 0))
s>    ( QUESTION0 -1 -2.702e+03 7.113e+01 1.137e+01
s>        ( - -1.965e+03 2 0)
s>        ( - -6.659e+02 2 0))INFO: dtree.c(1315): Comp split 37
INFO: dtree.c(1439): stop. leaf nodes are specific
INFO: dtree.c(1478): Final simple tree
|( WDBNDRY_B 0 -2.187e+03 9.144e+01 9.000e+00
|    ( QUESTION0_3_R 1 -1.706e+03 7.180e+01 7.000e+00
|        ( - -1.156e+03 2 0)
|        ( - -4.790e+02 1 0))
|    ( - -3.893e+02 1 0))
s>    ( WDBNDRY_B 0 -2.187e+03 9.144e+01 9.000e+00
s>        ( QUESTION0_3_R 1 -1.706e+03 7.180e+01 7.000e+00
s>            ( - -1.156e+03 2 0)
s>            ( - -4.790e+02 1 0))
s>        ( - -3.893e+02 1 0))INFO: dtree.c(1439): stop. leaf nodes are specific
INFO: dtree.c(1478): Final simple tree
|( WDBNDRY_B 0 -2.682e+03 8.233e+01 1.094e+01
|    ( - -1.449e+03 1 0)
|    ( - -1.150e+03 3 0))
s>    ( WDBNDRY_B 0 -2.682e+03 8.233e+01 1.094e+01
s>        ( - -1.449e+03 1 0)
s>        ( - -1.150e+03 3 0))INFO: dtree.c(1315): Comp split 38
INFO: dtree.c(1439): stop. leaf nodes are specific
INFO: dtree.c(1478): Final simple tree
|( QUESTION11 1 -5.203e+03 7.727e+01 2.197e+01
|    ( - -9.170e+02 2 0)
|    ( QUESTION0 -1 -4.209e+03 7.066e+01 1.797e+01
|        ( - -1.785e+03 2 0)
|        ( - -2.353e+03 4 0)))
s>    ( QUESTION11 1 -5.203e+03 7.727e+01 2.197e+01
s>        ( - -9.170e+02 2 0)
s>        ( QUESTION0 -1 -4.209e+03 7.066e+01 1.797e+01
s>            ( - -1.785e+03 2 0)
s>            ( - -2.353e+03 4 0)))INFO: dtree.c(1439): stop. leaf nodes are specific
INFO: dtree.c(1478): Final simple tree
|( QUESTION0 -1 -1.706e+03 5.570e+01 7.020e+00
|    ( - -1.927e+02 1 0)
|    ( - -1.457e+03 3 0))
s>    ( QUESTION0 -1 -1.706e+03 5.570e+01 7.020e+00
s>        ( - -1.927e+02 1 0)
s>        ( - -1.457e+03 3 0))INFO: dtree.c(1315): Comp split 39
INFO: dtree.c(1439): stop. leaf nodes are specific
INFO: dtree.c(1478): Final simple tree
|( QUESTION13 -1 -3.363e+03 7.011e+01 1.404e+01
|    ( - -1.804e+02 1 0)
|    ( QUESTION0_4_R 1 -3.112e+03 7.211e+01 1.304e+01
|        ( - -1.763e+02 1 0)
|        ( QUESTION0_2_R 1 -2.864e+03 6.139e+01 1.204e+01
|            ( - -2.340e+03 2 0)
|            ( - -4.621e+02 1 0))))
s>    ( QUESTION13 -1 -3.363e+03 7.011e+01 1.404e+01
s>        ( - -1.804e+02 1 0)
s>        ( QUESTION0_4_R 1 -3.112e+03 7.211e+01 1.304e+01
s>            ( - -1.763e+02 1 0)
s>            ( QUESTION0_2_R 1 -2.864e+03 6.139e+01 1.204e+01
s>                ( - -2.340e+03 2 0)
s>                ( - -4.621e+02 1 0))))INFO: dtree.c(1315): Comp split 40
INFO: dtree.c(1439): stop. leaf nodes are specific
INFO: dtree.c(1478): Final simple tree
|( QUESTION0_3_R 1 -1.706e+03 7.180e+01 7.000e+00
|    ( - -1.156e+03 2 0)
|    ( - -4.790e+02 1 0))
s>    ( QUESTION0_3_R 1 -1.706e+03 7.180e+01 7.000e+00
s>        ( - -1.156e+03 2 0)
s>        ( - -4.790e+02 1 0))INFO: dtree.c(1315): Comp split 41
INFO: dtree.c(1439): stop. leaf nodes are specific
INFO: dtree.c(1478): Final simple tree
|( QUESTION14 -1 -2.386e+03 6.568e+01 9.974e+00
|    ( - -1.362e+03 1 0)
|    ( WDBNDRY_B 0 -9.580e+02 5.660e+01 4.004e+00
|        ( - -4.328e+02 1 0)
|        ( QUESTION0_6_R 1 -4.686e+02 7.355e+01 2.000e+00
|            ( - -2.029e+02 1 0)
|            ( - -1.922e+02 1 0))))
s>    ( QUESTION14 -1 -2.386e+03 6.568e+01 9.974e+00
s>        ( - -1.362e+03 1 0)
s>        ( WDBNDRY_B 0 -9.580e+02 5.660e+01 4.004e+00
s>            ( - -4.328e+02 1 0)
s>            ( QUESTION0_6_R 1 -4.686e+02 7.355e+01 2.000e+00
s>                ( - -2.029e+02 1 0)
s>                ( - -1.922e+02 1 0))))INFO: dtree.c(1315): Comp split 42
INFO: dtree.c(1315): Comp split 43
INFO: dtree.c(1439): stop. leaf nodes are specific
INFO: dtree.c(1478): Final simple tree
|( WDBNDRY_B 0 -1.911e+03 5.688e+01 8.001e+00
|    ( QUESTION16 -1 -7.043e+02 6.149e+01 3.000e+00
|        ( - -2.113e+02 1 0)
|        ( - -4.315e+02 1 0))
|    ( - -1.150e+03 1 0))
s>    ( WDBNDRY_B 0 -1.911e+03 5.688e+01 8.001e+00
s>        ( QUESTION16 -1 -7.043e+02 6.149e+01 3.000e+00
s>            ( - -2.113e+02 1 0)
s>            ( - -4.315e+02 1 0))
s>        ( - -1.150e+03 1 0))INFO: dtree.c(1315): Comp split 44
INFO: dtree.c(1315): Comp split 45
INFO: dtree.c(1315): Comp split 46
INFO: dtree.c(1315): Comp split 47
INFO: dtree.c(1315): Comp split 48
INFO: dtree.c(1439): stop. leaf nodes are specific
INFO: dtree.c(1478): Final simple tree
|( QUESTION0 -1 -3.339e+03 6.845e+01 1.399e+01
|    ( - -9.170e+02 2 0)
|    ( - -2.353e+03 4 0))
s>    ( QUESTION0 -1 -3.339e+03 6.845e+01 1.399e+01
s>        ( - -9.170e+02 2 0)
s>        ( - -2.353e+03 4 0))INFO: dtree.c(1315): Comp split 49
INFO: dtree.c(1439): stop. leaf nodes are specific
INFO: dtree.c(1478): Final simple tree
|( QUESTION16 -1 -3.033e+03 6.606e+01 1.297e+01
|    ( - -6.510e+02 1 0)
|    ( QUESTION11 1 -2.316e+03 6.545e+01 9.967e+00
|        ( - -2.041e+03 2 0)
|        ( - -2.100e+02 1 0)))
s>    ( QUESTION16 -1 -3.033e+03 6.606e+01 1.297e+01
s>        ( - -6.510e+02 1 0)
s>        ( QUESTION11 1 -2.316e+03 6.545e+01 9.967e+00
s>            ( - -2.041e+03 2 0)
s>            ( - -2.100e+02 1 0)))INFO: dtree.c(1315): Comp split 50
INFO: dtree.c(1315): Comp split 51
INFO: dtree.c(1315): Comp split 52
INFO: dtree.c(1439): stop. leaf nodes are specific
INFO: dtree.c(1478): Final simple tree
|( QUESTION0_4_R 1 -3.112e+03 7.211e+01 1.304e+01
|    ( - -1.763e+02 1 0)
|    ( QUESTION0_2_R 1 -2.864e+03 6.139e+01 1.204e+01
|        ( - -2.340e+03 2 0)
|        ( - -4.621e+02 1 0)))
s>    ( QUESTION0_4_R 1 -3.112e+03 7.211e+01 1.304e+01
s>        ( - -1.763e+02 1 0)
s>        ( QUESTION0_2_R 1 -2.864e+03 6.139e+01 1.204e+01
s>            ( - -2.340e+03 2 0)
s>            ( - -4.621e+02 1 0)))INFO: dtree.c(1315): Comp split 53
INFO: dtree.c(1439): stop. leaf nodes are specific
INFO: dtree.c(1478): Final simple tree
|( QUESTION0_2_R 1 -2.864e+03 6.139e+01 1.204e+01
|    ( - -2.340e+03 2 0)
|    ( - -4.621e+02 1 0))
s>    ( QUESTION0_2_R 1 -2.864e+03 6.139e+01 1.204e+01
s>        ( - -2.340e+03 2 0)
s>        ( - -4.621e+02 1 0))INFO: dtree.c(1315): Comp split 54
INFO: dtree.c(1315): Comp split 55
INFO: dtree.c(1439): stop. leaf nodes are specific
INFO: dtree.c(1478): Final simple tree
|( QUESTION11 1 -2.316e+03 6.545e+01 9.967e+00
|    ( - -2.041e+03 2 0)
|    ( - -2.100e+02 1 0))
s>    ( QUESTION11 1 -2.316e+03 6.545e+01 9.967e+00
s>        ( - -2.041e+03 2 0)
s>        ( - -2.100e+02 1 0))INFO: dtree.c(1315): Comp split 56
INFO: dtree.c(1439): stop. leaf nodes are specific
INFO: dtree.c(1478): Final simple tree
|( WDBNDRY_B 0 -9.580e+02 5.660e+01 4.004e+00
|    ( - -4.328e+02 1 0)
|    ( QUESTION0_6_R 1 -4.686e+02 7.355e+01 2.000e+00
|        ( - -2.029e+02 1 0)
|        ( - -1.922e+02 1 0)))
s>    ( WDBNDRY_B 0 -9.580e+02 5.660e+01 4.004e+00
s>        ( - -4.328e+02 1 0)
s>        ( QUESTION0_6_R 1 -4.686e+02 7.355e+01 2.000e+00
s>            ( - -2.029e+02 1 0)
s>            ( - -1.922e+02 1 0)))INFO: dtree.c(1315): Comp split 57
INFO: dtree.c(1315): Comp split 58
INFO: dtree.c(1315): Comp split 59
INFO: dtree.c(1439): stop. leaf nodes are specific
INFO: dtree.c(1478): Final simple tree
|( WDBNDRY_B 0 -1.420e+03 5.829e+01 6.001e+00
|    ( - -2.113e+02 1 0)
|    ( - -1.150e+03 1 0))
s>    ( WDBNDRY_B 0 -1.420e+03 5.829e+01 6.001e+00
s>        ( - -2.113e+02 1 0)
s>        ( - -1.150e+03 1 0))INFO: dtree.c(1315): Comp split 60
INFO: dtree.c(1315): Comp split 61
INFO: dtree.c(1439): stop. leaf nodes are specific
INFO: dtree.c(1478): Final simple tree
|( WDBNDRY_B 0 -7.077e+02 7.205e+01 3.004e+00
|    ( - -4.328e+02 1 0)
|    ( - -2.029e+02 1 0))
s>    ( WDBNDRY_B 0 -7.077e+02 7.205e+01 3.004e+00
s>        ( - -4.328e+02 1 0)
s>        ( - -2.029e+02 1 0))INFO: dtree.c(1315): Comp split 62
INFO: dtree.c(1315): Comp split 63
INFO: dtree.c(1315): Comp split 64
INFO: dtree.c(1318): stop. leaf nodes are specific
Thu May  7 00:23:20 2020
