Current configuration:
[NAME]		[DEFLT]	[VALUE]
-allphones	no	no
-cntthresh	0.00001	1.000000e-05
-csplitmax	100	2000
-csplitmin	1	1
-csplitthr	8e-4	0.000000e+00
-example	no	no
-fullvar	no	no
-help		no	no
-meanfn			/home/abdy/Desktop/diploma/kg/model_parameters/kg.cd_cont_untied/means
-mixwfn			/home/abdy/Desktop/diploma/kg/model_parameters/kg.cd_cont_untied/mixture_weights
-moddeffn		/home/abdy/Desktop/diploma/kg/model_architecture/kg.untied.mdef
-mwfloor	1e-4	1.000000e-08
-phone			j
-psetfn			/home/abdy/Desktop/diploma/kg/model_architecture/kg.tree_questions
-ssplitmax	5	7
-ssplitmin	1	1
-ssplitthr	8e-4	0.000000e+00
-state			0
-stwt			1.0,0.05,0.0,
-treefn			/home/abdy/Desktop/diploma/kg/trees/kg.unpruned/j-0.dtree
-ts2cbfn	.semi.	.cont.
-varfloor	0.00001	1.000000e-05
-varfn			/home/abdy/Desktop/diploma/kg/model_parameters/kg.cd_cont_untied/variances

INFO: main.c(223): Reading: /home/abdy/Desktop/diploma/kg/model_architecture/kg.untied.mdef
INFO: model_def_io.c(573): Model definition info:
INFO: model_def_io.c(574): 10297 total models defined (47 base, 10250 tri)
INFO: model_def_io.c(575): 41188 total states
INFO: model_def_io.c(576): 30891 total tied states
INFO: model_def_io.c(577): 141 total tied CI states
INFO: model_def_io.c(578): 47 total tied transition matrices
INFO: model_def_io.c(579): 4 max state/model
INFO: model_def_io.c(580): 4 min state/model
INFO: main.c(242): Building trees for [j SIL o b] through [j y zh i]
INFO: main.c(269): Covering states |[8496 9023]| == 528
INFO: main.c(275): Reading: /home/abdy/Desktop/diploma/kg/model_parameters/kg.cd_cont_untied/mixture_weights
INFO: s3mixw_io.c(173): Read /home/abdy/Desktop/diploma/kg/model_parameters/kg.cd_cont_untied/mixture_weights [528x1x1 array]
INFO: main.c(311): 52 of 176 models have observation count greater than 0.000010
INFO: main.c(95): nrm stwt: 0.952 0.048 0.000 
INFO: s3gau_io.c(169): Read /home/abdy/Desktop/diploma/kg/model_parameters/kg.cd_cont_untied/means [30891x1x1 array]
INFO: s3gau_io.c(169): Read /home/abdy/Desktop/diploma/kg/model_parameters/kg.cd_cont_untied/variances [30891x1x1 array]
INFO: main.c(549): Reading: /home/abdy/Desktop/diploma/kg/model_architecture/kg.tree_questions
INFO: main.c(588): 174 total simple questions (166 phone; 8 word bndry)
INFO: main.c(590): 40 Left Only questions, and 42 Right Only questions
INFO: dtree.c(1478): Final simple tree
|( QUESTION11 -1 -5.848e+04 4.849e+02 2.650e+02
|    ( QUESTION12 1 -3.151e+04 2.794e+02 1.463e+02
|        ( - -1.145e+04 5 0 QUESTION0_0_R 1 1.766e+02 5.546e+01)
|        ( - -1.978e+04 14 0 QUESTION0_18_R 1 2.018e+02 9.086e+01))
|    ( QUESTION17 1 -2.648e+04 4.653e+02 1.187e+02
|        ( - 2.108e+02 1 0)
|        ( QUESTION0_16_R 1 -2.623e+04 4.616e+02 1.177e+02
|            ( - 2.009e+02 1 0)
|            ( QUESTION2_1_L -1 -2.597e+04 2.732e+02 1.167e+02
|                ( QUESTION0_14_R 1 -1.114e+04 2.543e+02 5.152e+01
|                    ( - -3.613e+02 1 0)
|                    ( QUESTION6 1 -1.053e+04 2.456e+02 4.852e+01
|                        ( - -5.968e+02 1 0)
|                        ( - -9.684e+03 10 0 QUESTION19 1 2.152e+02 4.452e+01)))
|                ( - -1.455e+04 19 0 QUESTION2 1 2.248e+02 6.519e+01)))))
s>    ( QUESTION11 -1 -5.848e+04 4.849e+02 2.650e+02
s>        ( QUESTION12 1 -3.151e+04 2.794e+02 1.463e+02
s>            ( - -1.145e+04 5 0 QUESTION0_0_R 1 1.766e+02 5.546e+01)
s>            ( - -1.978e+04 14 0 QUESTION0_18_R 1 2.018e+02 9.086e+01))
s>        ( QUESTION17 1 -2.648e+04 4.653e+02 1.187e+02
s>            ( - 2.108e+02 1 0)
s>            ( QUESTION0_16_R 1 -2.623e+04 4.616e+02 1.177e+02
s>                ( - 2.009e+02 1 0)
s>                ( QUESTION2_1_L -1 -2.597e+04 2.732e+02 1.167e+02
s>                    ( QUESTION0_14_R 1 -1.114e+04 2.543e+02 5.152e+01
s>                        ( - -3.613e+02 1 0)
s>                        ( QUESTION6 1 -1.053e+04 2.456e+02 4.852e+01
s>                            ( - -5.968e+02 1 0)
s>                            ( - -9.684e+03 10 0 QUESTION19 1 2.152e+02 4.452e+01)))
s>                    ( - -1.455e+04 19 0 QUESTION2 1 2.248e+02 6.519e+01)))))INFO: dtree.c(1315): Comp split 0
INFO: dtree.c(1478): Final simple tree
|( QUESTION12 1 -3.295e+04 2.668e+02 1.533e+02
|    ( QUESTION0_0_R 1 -1.145e+04 1.766e+02 5.546e+01
|        ( - -5.082e+03 1 0)
|        ( QUESTION0_3_R 1 -6.190e+03 1.749e+02 2.943e+01
|            ( - -1.179e+03 1 0)
|            ( - -4.836e+03 3 0 QUESTION0_2_R 1 1.064e+02 2.245e+01)))
|    ( QUESTION2_2_L -1 -2.123e+04 2.478e+02 9.786e+01
|        ( - -3.613e+02 1 0)
|        ( QUESTION11 -1 -2.062e+04 2.439e+02 9.486e+01
|            ( QUESTION0_18_R 1 -1.978e+04 2.018e+02 9.086e+01
|                ( - -1.320e+03 1 0)
|                ( QUESTION0_16_R 1 -1.826e+04 1.827e+02 8.484e+01
|                    ( - -6.386e+02 1 0)
|                    ( - -1.744e+04 12 0 QUESTION0_15_R 1 1.522e+02 8.084e+01)))
|            ( - -5.968e+02 1 0))))
s>    ( QUESTION12 1 -3.295e+04 2.668e+02 1.533e+02
s>        ( QUESTION0_0_R 1 -1.145e+04 1.766e+02 5.546e+01
s>            ( - -5.082e+03 1 0)
s>            ( QUESTION0_3_R 1 -6.190e+03 1.749e+02 2.943e+01
s>                ( - -1.179e+03 1 0)
s>                ( - -4.836e+03 3 0 QUESTION0_2_R 1 1.064e+02 2.245e+01)))
s>        ( QUESTION2_2_L -1 -2.123e+04 2.478e+02 9.786e+01
s>            ( - -3.613e+02 1 0)
s>            ( QUESTION11 -1 -2.062e+04 2.439e+02 9.486e+01
s>                ( QUESTION0_18_R 1 -1.978e+04 2.018e+02 9.086e+01
s>                    ( - -1.320e+03 1 0)
s>                    ( QUESTION0_16_R 1 -1.826e+04 1.827e+02 8.484e+01
s>                        ( - -6.386e+02 1 0)
s>                        ( - -1.744e+04 12 0 QUESTION0_15_R 1 1.522e+02 8.084e+01)))
s>                ( - -5.968e+02 1 0))))INFO: dtree.c(1478): Final simple tree
|( QUESTION17 1 -2.502e+04 4.657e+02 1.117e+02
|    ( - 2.108e+02 1 0)
|    ( QUESTION0_16_R 1 -2.477e+04 4.615e+02 1.107e+02
|        ( - 2.009e+02 1 0)
|        ( QUESTION2_1_L -1 -2.451e+04 2.687e+02 1.097e+02
|            ( QUESTION19 1 -9.684e+03 2.152e+02 4.452e+01
|                ( - -1.711e+03 1 0)
|                ( QUESTION0_15_R 1 -7.759e+03 1.933e+02 3.500e+01
|                    ( - -1.729e+03 1 0)
|                    ( - -5.837e+03 8 0 QUESTION0_9_R 1 1.718e+02 2.600e+01)))
|            ( QUESTION2 1 -1.455e+04 2.248e+02 6.519e+01
|                ( - -2.280e+02 1 0)
|                ( QUESTION0_15_R 1 -1.410e+04 1.890e+02 6.319e+01
|                    ( - -1.055e+03 1 0)
|                    ( - -1.286e+04 17 0 QUESTION0_5_R 1 1.822e+02 5.719e+01))))))
s>    ( QUESTION17 1 -2.502e+04 4.657e+02 1.117e+02
s>        ( - 2.108e+02 1 0)
s>        ( QUESTION0_16_R 1 -2.477e+04 4.615e+02 1.107e+02
s>            ( - 2.009e+02 1 0)
s>            ( QUESTION2_1_L -1 -2.451e+04 2.687e+02 1.097e+02
s>                ( QUESTION19 1 -9.684e+03 2.152e+02 4.452e+01
s>                    ( - -1.711e+03 1 0)
s>                    ( QUESTION0_15_R 1 -7.759e+03 1.933e+02 3.500e+01
s>                        ( - -1.729e+03 1 0)
s>                        ( - -5.837e+03 8 0 QUESTION0_9_R 1 1.718e+02 2.600e+01)))
s>                ( QUESTION2 1 -1.455e+04 2.248e+02 6.519e+01
s>                    ( - -2.280e+02 1 0)
s>                    ( QUESTION0_15_R 1 -1.410e+04 1.890e+02 6.319e+01
s>                        ( - -1.055e+03 1 0)
s>                        ( - -1.286e+04 17 0 QUESTION0_5_R 1 1.822e+02 5.719e+01))))))INFO: dtree.c(1315): Comp split 1
INFO: dtree.c(1478): Final simple tree
|( QUESTION0_16_R 1 -2.477e+04 4.615e+02 1.107e+02
|    ( - 2.009e+02 1 0)
|    ( QUESTION2_1_L -1 -2.451e+04 2.687e+02 1.097e+02
|        ( QUESTION19 1 -9.684e+03 2.152e+02 4.452e+01
|            ( - -1.711e+03 1 0)
|            ( QUESTION0_15_R 1 -7.759e+03 1.933e+02 3.500e+01
|                ( - -1.729e+03 1 0)
|                ( - -5.837e+03 8 0 QUESTION0_9_R 1 1.718e+02 2.600e+01)))
|        ( QUESTION2 1 -1.455e+04 2.248e+02 6.519e+01
|            ( - -2.280e+02 1 0)
|            ( QUESTION0_15_R 1 -1.410e+04 1.890e+02 6.319e+01
|                ( - -1.055e+03 1 0)
|                ( QUESTION0_5_R 1 -1.286e+04 1.822e+02 5.719e+01
|                    ( - -3.329e+03 3 0 QUESTION0_6_R 1 1.596e+02 1.619e+01)
|                    ( - -9.346e+03 14 0 QUESTION0_19_R 1 1.680e+02 4.100e+01))))))
s>    ( QUESTION0_16_R 1 -2.477e+04 4.615e+02 1.107e+02
s>        ( - 2.009e+02 1 0)
s>        ( QUESTION2_1_L -1 -2.451e+04 2.687e+02 1.097e+02
s>            ( QUESTION19 1 -9.684e+03 2.152e+02 4.452e+01
s>                ( - -1.711e+03 1 0)
s>                ( QUESTION0_15_R 1 -7.759e+03 1.933e+02 3.500e+01
s>                    ( - -1.729e+03 1 0)
s>                    ( - -5.837e+03 8 0 QUESTION0_9_R 1 1.718e+02 2.600e+01)))
s>            ( QUESTION2 1 -1.455e+04 2.248e+02 6.519e+01
s>                ( - -2.280e+02 1 0)
s>                ( QUESTION0_15_R 1 -1.410e+04 1.890e+02 6.319e+01
s>                    ( - -1.055e+03 1 0)
s>                    ( QUESTION0_5_R 1 -1.286e+04 1.822e+02 5.719e+01
s>                        ( - -3.329e+03 3 0 QUESTION0_6_R 1 1.596e+02 1.619e+01)
s>                        ( - -9.346e+03 14 0 QUESTION0_19_R 1 1.680e+02 4.100e+01))))))INFO: dtree.c(1315): Comp split 2
INFO: dtree.c(1478): Final simple tree
|( QUESTION2_1_L -1 -2.451e+04 2.687e+02 1.097e+02
|    ( QUESTION19 1 -9.684e+03 2.152e+02 4.452e+01
|        ( - -1.711e+03 1 0)
|        ( QUESTION0_15_R 1 -7.759e+03 1.933e+02 3.500e+01
|            ( - -1.729e+03 1 0)
|            ( QUESTION0_9_R 1 -5.837e+03 1.718e+02 2.600e+01
|                ( - -1.376e+03 2 0)
|                ( - -4.289e+03 6 0 QUESTION2_2_L -1 1.025e+02 1.900e+01))))
|    ( QUESTION2 1 -1.455e+04 2.248e+02 6.519e+01
|        ( - -2.280e+02 1 0)
|        ( QUESTION0_15_R 1 -1.410e+04 1.890e+02 6.319e+01
|            ( - -1.055e+03 1 0)
|            ( QUESTION0_5_R 1 -1.286e+04 1.822e+02 5.719e+01
|                ( - -3.329e+03 3 0 QUESTION0_6_R 1 1.596e+02 1.619e+01)
|                ( - -9.346e+03 14 0 QUESTION0_19_R 1 1.680e+02 4.100e+01)))))
s>    ( QUESTION2_1_L -1 -2.451e+04 2.687e+02 1.097e+02
s>        ( QUESTION19 1 -9.684e+03 2.152e+02 4.452e+01
s>            ( - -1.711e+03 1 0)
s>            ( QUESTION0_15_R 1 -7.759e+03 1.933e+02 3.500e+01
s>                ( - -1.729e+03 1 0)
s>                ( QUESTION0_9_R 1 -5.837e+03 1.718e+02 2.600e+01
s>                    ( - -1.376e+03 2 0)
s>                    ( - -4.289e+03 6 0 QUESTION2_2_L -1 1.025e+02 1.900e+01))))
s>        ( QUESTION2 1 -1.455e+04 2.248e+02 6.519e+01
s>            ( - -2.280e+02 1 0)
s>            ( QUESTION0_15_R 1 -1.410e+04 1.890e+02 6.319e+01
s>                ( - -1.055e+03 1 0)
s>                ( QUESTION0_5_R 1 -1.286e+04 1.822e+02 5.719e+01
s>                    ( - -3.329e+03 3 0 QUESTION0_6_R 1 1.596e+02 1.619e+01)
s>                    ( - -9.346e+03 14 0 QUESTION0_19_R 1 1.680e+02 4.100e+01)))))INFO: dtree.c(1315): Comp split 3
INFO: dtree.c(1478): Final simple tree
|( QUESTION0_18_R 1 -2.478e+04 1.980e+02 1.133e+02
|    ( - -1.320e+03 1 0)
|    ( QUESTION0_16_R 1 -2.326e+04 1.844e+02 1.073e+02
|        ( - -6.386e+02 1 0)
|        ( QUESTION0_15_R 1 -2.244e+04 1.645e+02 1.033e+02
|            ( - -3.672e+03 1 0)
|            ( QUESTION19 1 -1.860e+04 1.528e+02 8.511e+01
|                ( - -3.719e+03 2 0 WDBNDRY_E 0 1.055e+02 1.716e+01)
|                ( QUESTION0_19_R 1 -1.473e+04 1.417e+02 6.796e+01
|                    ( - -3.808e+03 2 0 QUESTION0 1 7.512e+01 1.880e+01)
|                    ( WDBNDRY_E 0 -1.078e+04 1.135e+02 4.916e+01
|                        ( QUESTION0_13_R 1 -3.504e+03 1.179e+02 1.596e+01
|                            ( - -2.640e+03 2 0)
|                            ( - -7.464e+02 3 0 QUESTION0_9_R 1 7.440e+01 3.000e+00))
|                        ( - -7.165e+03 5 0 QUESTION2 1 9.521e+01 3.319e+01)))))))
s>    ( QUESTION0_18_R 1 -2.478e+04 1.980e+02 1.133e+02
s>        ( - -1.320e+03 1 0)
s>        ( QUESTION0_16_R 1 -2.326e+04 1.844e+02 1.073e+02
s>            ( - -6.386e+02 1 0)
s>            ( QUESTION0_15_R 1 -2.244e+04 1.645e+02 1.033e+02
s>                ( - -3.672e+03 1 0)
s>                ( QUESTION19 1 -1.860e+04 1.528e+02 8.511e+01
s>                    ( - -3.719e+03 2 0 WDBNDRY_E 0 1.055e+02 1.716e+01)
s>                    ( QUESTION0_19_R 1 -1.473e+04 1.417e+02 6.796e+01
s>                        ( - -3.808e+03 2 0 QUESTION0 1 7.512e+01 1.880e+01)
s>                        ( WDBNDRY_E 0 -1.078e+04 1.135e+02 4.916e+01
s>                            ( QUESTION0_13_R 1 -3.504e+03 1.179e+02 1.596e+01
s>                                ( - -2.640e+03 2 0)
s>                                ( - -7.464e+02 3 0 QUESTION0_9_R 1 7.440e+01 3.000e+00))
s>                            ( - -7.165e+03 5 0 QUESTION2 1 9.521e+01 3.319e+01)))))))INFO: dtree.c(1439): stop. leaf nodes are specific
INFO: dtree.c(1478): Final simple tree
|( QUESTION0_11_R 1 -7.845e+03 2.369e+02 4.001e+01
|    ( - -3.613e+02 1 0)
|    ( QUESTION0_8_R 1 -7.247e+03 2.285e+02 3.701e+01
|        ( - -5.968e+02 1 0)
|        ( WDBNDRY_E 0 -6.421e+03 1.600e+02 3.301e+01
|            ( - -1.179e+03 1 0)
|            ( - -5.082e+03 1 0))))
s>    ( QUESTION0_11_R 1 -7.845e+03 2.369e+02 4.001e+01
s>        ( - -3.613e+02 1 0)
s>        ( QUESTION0_8_R 1 -7.247e+03 2.285e+02 3.701e+01
s>            ( - -5.968e+02 1 0)
s>            ( WDBNDRY_E 0 -6.421e+03 1.600e+02 3.301e+01
s>                ( - -1.179e+03 1 0)
s>                ( - -5.082e+03 1 0))))INFO: dtree.c(1315): Comp split 4
INFO: dtree.c(1478): Final simple tree
|( QUESTION2_3_L -1 -1.939e+04 2.510e+02 8.519e+01
|    ( QUESTION0_9_R 1 -5.369e+03 1.734e+02 2.400e+01
|        ( - -1.376e+03 2 0)
|        ( - -3.820e+03 5 0 QUESTION0_11_R 1 1.053e+02 1.700e+01))
|    ( QUESTION2 1 -1.377e+04 2.251e+02 6.119e+01
|        ( - -2.280e+02 1 0)
|        ( QUESTION0_5_R 1 -1.332e+04 1.862e+02 5.919e+01
|            ( QUESTION0_6_R 1 -3.329e+03 1.596e+02 1.619e+01
|                ( - -2.686e+02 1 0)
|                ( - -2.901e+03 2 0))
|            ( QUESTION0_19_R 1 -9.802e+03 1.713e+02 4.300e+01
|                ( - -1.050e+03 1 0)
|                ( QUESTION0_3_R 1 -8.581e+03 1.605e+02 3.738e+01
|                    ( - -1.323e+03 1 0)
|                    ( - -7.098e+03 13 0 QUESTION0_0_R 1 1.252e+02 3.038e+01))))))
s>    ( QUESTION2_3_L -1 -1.939e+04 2.510e+02 8.519e+01
s>        ( QUESTION0_9_R 1 -5.369e+03 1.734e+02 2.400e+01
s>            ( - -1.376e+03 2 0)
s>            ( - -3.820e+03 5 0 QUESTION0_11_R 1 1.053e+02 1.700e+01))
s>        ( QUESTION2 1 -1.377e+04 2.251e+02 6.119e+01
s>            ( - -2.280e+02 1 0)
s>            ( QUESTION0_5_R 1 -1.332e+04 1.862e+02 5.919e+01
s>                ( QUESTION0_6_R 1 -3.329e+03 1.596e+02 1.619e+01
s>                    ( - -2.686e+02 1 0)
s>                    ( - -2.901e+03 2 0))
s>                ( QUESTION0_19_R 1 -9.802e+03 1.713e+02 4.300e+01
s>                    ( - -1.050e+03 1 0)
s>                    ( QUESTION0_3_R 1 -8.581e+03 1.605e+02 3.738e+01
s>                        ( - -1.323e+03 1 0)
s>                        ( - -7.098e+03 13 0 QUESTION0_0_R 1 1.252e+02 3.038e+01))))))INFO: dtree.c(1439): stop. leaf nodes are specific
INFO: dtree.c(1478): Final simple tree
|( QUESTION2_1_L -1 -4.816e+03 1.683e+02 2.453e+01
|    ( WDBNDRY_E 0 -3.593e+03 1.533e+02 1.853e+01
|        ( - -1.711e+03 1 0)
|        ( - -1.729e+03 1 0))
|    ( - -1.055e+03 1 0))
s>    ( QUESTION2_1_L -1 -4.816e+03 1.683e+02 2.453e+01
s>        ( WDBNDRY_E 0 -3.593e+03 1.533e+02 1.853e+01
s>            ( - -1.711e+03 1 0)
s>            ( - -1.729e+03 1 0))
s>        ( - -1.055e+03 1 0))INFO: dtree.c(1315): Comp split 5
INFO: dtree.c(1439): stop. leaf nodes are specific
INFO: dtree.c(1478): Final simple tree
|( QUESTION0_2_R 1 -6.016e+03 1.635e+02 2.881e+01
|    ( QUESTION0_6_R 1 -4.803e+03 1.592e+02 2.319e+01
|        ( - -2.686e+02 1 0)
|        ( WDBNDRY_E 0 -4.375e+03 1.515e+02 2.119e+01
|            ( - -1.323e+03 1 0)
|            ( - -2.901e+03 2 0)))
|    ( - -1.050e+03 1 0))
s>    ( QUESTION0_2_R 1 -6.016e+03 1.635e+02 2.881e+01
s>        ( QUESTION0_6_R 1 -4.803e+03 1.592e+02 2.319e+01
s>            ( - -2.686e+02 1 0)
s>            ( WDBNDRY_E 0 -4.375e+03 1.515e+02 2.119e+01
s>                ( - -1.323e+03 1 0)
s>                ( - -2.901e+03 2 0)))
s>        ( - -1.050e+03 1 0))INFO: dtree.c(1478): Final simple tree
|( QUESTION2 1 -1.310e+04 2.169e+02 5.638e+01
|    ( - -2.280e+02 1 0)
|    ( QUESTION2_3_L -1 -1.266e+04 1.885e+02 5.438e+01
|        ( QUESTION0_9_R 1 -5.369e+03 1.734e+02 2.400e+01
|            ( - -1.376e+03 2 0)
|            ( QUESTION0_11_R 1 -3.820e+03 1.053e+02 1.700e+01
|                ( - -1.503e+03 2 0 WDBNDRY_E 0 1.040e+02 6.999e+00)
|                ( - -2.211e+03 3 0 QUESTION14 1 8.233e+01 1.000e+01)))
|        ( QUESTION0_0_R 1 -7.098e+03 1.252e+02 3.038e+01
|            ( - -1.285e+03 2 0)
|            ( QUESTION0_13_R 1 -5.688e+03 1.118e+02 2.434e+01
|                ( WDBNDRY_E 0 -3.183e+03 4.624e+02 1.433e+01
|                    ( - 2.075e+02 1 0)
|                    ( - -2.929e+03 3 0 QUESTION2_1_L -1 9.863e+01 1.333e+01))
|                ( - -2.393e+03 7 0 QUESTION0_2_R 1 7.842e+01 1.001e+01)))))
s>    ( QUESTION2 1 -1.310e+04 2.169e+02 5.638e+01
s>        ( - -2.280e+02 1 0)
s>        ( QUESTION2_3_L -1 -1.266e+04 1.885e+02 5.438e+01
s>            ( QUESTION0_9_R 1 -5.369e+03 1.734e+02 2.400e+01
s>                ( - -1.376e+03 2 0)
s>                ( QUESTION0_11_R 1 -3.820e+03 1.053e+02 1.700e+01
s>                    ( - -1.503e+03 2 0 WDBNDRY_E 0 1.040e+02 6.999e+00)
s>                    ( - -2.211e+03 3 0 QUESTION14 1 8.233e+01 1.000e+01)))
s>            ( QUESTION0_0_R 1 -7.098e+03 1.252e+02 3.038e+01
s>                ( - -1.285e+03 2 0)
s>                ( QUESTION0_13_R 1 -5.688e+03 1.118e+02 2.434e+01
s>                    ( WDBNDRY_E 0 -3.183e+03 4.624e+02 1.433e+01
s>                        ( - 2.075e+02 1 0)
s>                        ( - -2.929e+03 3 0 QUESTION2_1_L -1 9.863e+01 1.333e+01))
s>                    ( - -2.393e+03 7 0 QUESTION0_2_R 1 7.842e+01 1.001e+01)))))INFO: dtree.c(1315): Comp split 6
INFO: dtree.c(1478): Final simple tree
|( QUESTION2 1 -1.286e+04 2.167e+02 5.538e+01
|    ( - -2.280e+02 1 0)
|    ( QUESTION2_3_L -1 -1.241e+04 1.944e+02 5.338e+01
|        ( QUESTION0_9_R 1 -5.369e+03 1.734e+02 2.400e+01
|            ( - -1.376e+03 2 0)
|            ( QUESTION0_11_R 1 -3.820e+03 1.053e+02 1.700e+01
|                ( WDBNDRY_E 0 -1.503e+03 1.040e+02 6.999e+00
|                    ( - -3.821e+02 1 0)
|                    ( - -1.017e+03 1 0))
|                ( - -2.211e+03 3 0 QUESTION14 1 8.233e+01 1.000e+01)))
|        ( QUESTION0_13_R 1 -6.849e+03 1.266e+02 2.938e+01
|            ( - -2.929e+03 3 0 QUESTION2_1_L -1 9.863e+01 1.333e+01)
|            ( QUESTION0_0_R 1 -3.794e+03 1.164e+02 1.605e+01
|                ( - -1.285e+03 2 0)
|                ( - -2.393e+03 7 0 QUESTION0_2_R 1 7.842e+01 1.001e+01)))))
s>    ( QUESTION2 1 -1.286e+04 2.167e+02 5.538e+01
s>        ( - -2.280e+02 1 0)
s>        ( QUESTION2_3_L -1 -1.241e+04 1.944e+02 5.338e+01
s>            ( QUESTION0_9_R 1 -5.369e+03 1.734e+02 2.400e+01
s>                ( - -1.376e+03 2 0)
s>                ( QUESTION0_11_R 1 -3.820e+03 1.053e+02 1.700e+01
s>                    ( WDBNDRY_E 0 -1.503e+03 1.040e+02 6.999e+00
s>                        ( - -3.821e+02 1 0)
s>                        ( - -1.017e+03 1 0))
s>                    ( - -2.211e+03 3 0 QUESTION14 1 8.233e+01 1.000e+01)))
s>            ( QUESTION0_13_R 1 -6.849e+03 1.266e+02 2.938e+01
s>                ( - -2.929e+03 3 0 QUESTION2_1_L -1 9.863e+01 1.333e+01)
s>                ( QUESTION0_0_R 1 -3.794e+03 1.164e+02 1.605e+01
s>                    ( - -1.285e+03 2 0)
s>                    ( - -2.393e+03 7 0 QUESTION0_2_R 1 7.842e+01 1.001e+01)))))INFO: dtree.c(1315): Comp split 7
INFO: dtree.c(1439): stop. leaf nodes are specific
INFO: dtree.c(1478): Final simple tree
|( QUESTION0_15_R 1 -2.152e+03 8.521e+01 9.025e+00
|    ( - -1.320e+03 1 0)
|    ( QUESTION0_9_R 1 -7.464e+02 7.440e+01 3.000e+00
|        ( - -2.085e+02 1 0)
|        ( QUESTION0_2_R 1 -4.635e+02 5.639e+01 2.000e+00
|            ( - -1.812e+02 1 0)
|            ( - -2.259e+02 1 0))))
s>    ( QUESTION0_15_R 1 -2.152e+03 8.521e+01 9.025e+00
s>        ( - -1.320e+03 1 0)
s>        ( QUESTION0_9_R 1 -7.464e+02 7.440e+01 3.000e+00
s>            ( - -2.085e+02 1 0)
s>            ( QUESTION0_2_R 1 -4.635e+02 5.639e+01 2.000e+00
s>                ( - -1.812e+02 1 0)
s>                ( - -2.259e+02 1 0))))INFO: dtree.c(1478): Final simple tree
|( QUESTION0_16_R 1 -2.238e+04 1.839e+02 1.043e+02
|    ( - -6.386e+02 1 0)
|    ( QUESTION0 1 -2.156e+04 1.655e+02 1.003e+02
|        ( QUESTION0_15_R 1 -1.656e+04 1.448e+02 7.784e+01
|            ( - -3.672e+03 1 0)
|            ( QUESTION0_19_R 1 -1.274e+04 1.204e+02 5.966e+01
|                ( - -2.710e+03 1 0)
|                ( WDBNDRY_E 0 -9.913e+03 1.087e+02 4.616e+01
|                    ( - -2.640e+03 2 0)
|                    ( QUESTION2 1 -7.165e+03 9.521e+01 3.319e+01
|                        ( - -7.127e+02 1 0)
|                        ( - -6.357e+03 4 0 QUESTION0_9_R 1 8.861e+01 2.965e+01)))))
|        ( QUESTION0_2_R 1 -4.836e+03 1.064e+02 2.245e+01
|            ( - -2.765e+03 1 0)
|            ( - -1.964e+03 2 0 WDBNDRY_E 0 9.303e+01 9.301e+00))))
s>    ( QUESTION0_16_R 1 -2.238e+04 1.839e+02 1.043e+02
s>        ( - -6.386e+02 1 0)
s>        ( QUESTION0 1 -2.156e+04 1.655e+02 1.003e+02
s>            ( QUESTION0_15_R 1 -1.656e+04 1.448e+02 7.784e+01
s>                ( - -3.672e+03 1 0)
s>                ( QUESTION0_19_R 1 -1.274e+04 1.204e+02 5.966e+01
s>                    ( - -2.710e+03 1 0)
s>                    ( WDBNDRY_E 0 -9.913e+03 1.087e+02 4.616e+01
s>                        ( - -2.640e+03 2 0)
s>                        ( QUESTION2 1 -7.165e+03 9.521e+01 3.319e+01
s>                            ( - -7.127e+02 1 0)
s>                            ( - -6.357e+03 4 0 QUESTION0_9_R 1 8.861e+01 2.965e+01)))))
s>            ( QUESTION0_2_R 1 -4.836e+03 1.064e+02 2.245e+01
s>                ( - -2.765e+03 1 0)
s>                ( - -1.964e+03 2 0 WDBNDRY_E 0 9.303e+01 9.301e+00))))INFO: dtree.c(1315): Comp split 8
INFO: dtree.c(1439): stop. leaf nodes are specific
INFO: dtree.c(1478): Final simple tree
|( QUESTION0_8_R 1 -7.247e+03 2.285e+02 3.701e+01
|    ( - -5.968e+02 1 0)
|    ( WDBNDRY_E 0 -6.421e+03 1.600e+02 3.301e+01
|        ( - -1.179e+03 1 0)
|        ( - -5.082e+03 1 0)))
s>    ( QUESTION0_8_R 1 -7.247e+03 2.285e+02 3.701e+01
s>        ( - -5.968e+02 1 0)
s>        ( WDBNDRY_E 0 -6.421e+03 1.600e+02 3.301e+01
s>            ( - -1.179e+03 1 0)
s>            ( - -5.082e+03 1 0)))INFO: dtree.c(1315): Comp split 9
INFO: dtree.c(1439): stop. leaf nodes are specific
INFO: dtree.c(1478): Final simple tree
|( WDBNDRY_E 0 -6.421e+03 1.600e+02 3.301e+01
|    ( - -1.179e+03 1 0)
|    ( - -5.082e+03 1 0))
s>    ( WDBNDRY_E 0 -6.421e+03 1.600e+02 3.301e+01
s>        ( - -1.179e+03 1 0)
s>        ( - -5.082e+03 1 0))INFO: dtree.c(1315): Comp split 10
INFO: dtree.c(1478): Final simple tree
|( QUESTION2_3_L -1 -1.241e+04 1.944e+02 5.338e+01
|    ( QUESTION0_9_R 1 -5.369e+03 1.734e+02 2.400e+01
|        ( - -1.376e+03 2 0)
|        ( QUESTION0_11_R 1 -3.820e+03 1.053e+02 1.700e+01
|            ( WDBNDRY_E 0 -1.503e+03 1.040e+02 6.999e+00
|                ( - -3.821e+02 1 0)
|                ( - -1.017e+03 1 0))
|            ( - -2.211e+03 3 0 QUESTION14 1 8.233e+01 1.000e+01)))
|    ( QUESTION0_13_R 1 -6.849e+03 1.266e+02 2.938e+01
|        ( QUESTION2_1_L -1 -2.929e+03 9.863e+01 1.333e+01
|            ( - -3.667e+02 1 0)
|            ( - -2.463e+03 2 0))
|        ( QUESTION0_0_R 1 -3.794e+03 1.164e+02 1.605e+01
|            ( - -1.285e+03 2 0)
|            ( - -2.393e+03 7 0 QUESTION0_2_R 1 7.842e+01 1.001e+01))))
s>    ( QUESTION2_3_L -1 -1.241e+04 1.944e+02 5.338e+01
s>        ( QUESTION0_9_R 1 -5.369e+03 1.734e+02 2.400e+01
s>            ( - -1.376e+03 2 0)
s>            ( QUESTION0_11_R 1 -3.820e+03 1.053e+02 1.700e+01
s>                ( WDBNDRY_E 0 -1.503e+03 1.040e+02 6.999e+00
s>                    ( - -3.821e+02 1 0)
s>                    ( - -1.017e+03 1 0))
s>                ( - -2.211e+03 3 0 QUESTION14 1 8.233e+01 1.000e+01)))
s>        ( QUESTION0_13_R 1 -6.849e+03 1.266e+02 2.938e+01
s>            ( QUESTION2_1_L -1 -2.929e+03 9.863e+01 1.333e+01
s>                ( - -3.667e+02 1 0)
s>                ( - -2.463e+03 2 0))
s>            ( QUESTION0_0_R 1 -3.794e+03 1.164e+02 1.605e+01
s>                ( - -1.285e+03 2 0)
s>                ( - -2.393e+03 7 0 QUESTION0_2_R 1 7.842e+01 1.001e+01))))INFO: dtree.c(1315): Comp split 11
INFO: dtree.c(1439): stop. leaf nodes are specific
INFO: dtree.c(1478): Final simple tree
|( QUESTION2_1_L -1 -5.234e+03 1.290e+02 2.304e+01
|    ( QUESTION0_11_R 1 -3.820e+03 1.053e+02 1.700e+01
|        ( WDBNDRY_E 0 -1.503e+03 1.040e+02 6.999e+00
|            ( - -3.821e+02 1 0)
|            ( - -1.017e+03 1 0))
|        ( QUESTION14 1 -2.211e+03 8.233e+01 1.000e+01
|            ( - -1.026e+03 1 0)
|            ( QUESTION0_0_R 1 -1.103e+03 9.709e+01 5.000e+00
|                ( - -6.075e+02 1 0)
|                ( - -3.982e+02 1 0))))
|    ( - -1.285e+03 2 0))
s>    ( QUESTION2_1_L -1 -5.234e+03 1.290e+02 2.304e+01
s>        ( QUESTION0_11_R 1 -3.820e+03 1.053e+02 1.700e+01
s>            ( WDBNDRY_E 0 -1.503e+03 1.040e+02 6.999e+00
s>                ( - -3.821e+02 1 0)
s>                ( - -1.017e+03 1 0))
s>            ( QUESTION14 1 -2.211e+03 8.233e+01 1.000e+01
s>                ( - -1.026e+03 1 0)
s>                ( QUESTION0_0_R 1 -1.103e+03 9.709e+01 5.000e+00
s>                    ( - -6.075e+02 1 0)
s>                    ( - -3.982e+02 1 0))))
s>        ( - -1.285e+03 2 0))INFO: dtree.c(1439): stop. leaf nodes are specific
INFO: dtree.c(1478): Final simple tree
|( QUESTION2_3_L -1 -6.978e+03 1.643e+02 3.034e+01
|    ( - -1.376e+03 2 0)
|    ( QUESTION0_13_R 1 -5.437e+03 1.164e+02 2.334e+01
|        ( QUESTION2_1_L -1 -2.929e+03 9.863e+01 1.333e+01
|            ( - -3.667e+02 1 0)
|            ( - -2.463e+03 2 0))
|        ( QUESTION0_2_R 1 -2.393e+03 7.842e+01 1.001e+01
|            ( - -1.131e+03 3 0)
|            ( WDBNDRY_E 0 -1.183e+03 6.248e+01 5.003e+00
|                ( - -4.352e+02 2 0)
|                ( - -6.857e+02 2 0)))))
s>    ( QUESTION2_3_L -1 -6.978e+03 1.643e+02 3.034e+01
s>        ( - -1.376e+03 2 0)
s>        ( QUESTION0_13_R 1 -5.437e+03 1.164e+02 2.334e+01
s>            ( QUESTION2_1_L -1 -2.929e+03 9.863e+01 1.333e+01
s>                ( - -3.667e+02 1 0)
s>                ( - -2.463e+03 2 0))
s>            ( QUESTION0_2_R 1 -2.393e+03 7.842e+01 1.001e+01
s>                ( - -1.131e+03 3 0)
s>                ( WDBNDRY_E 0 -1.183e+03 6.248e+01 5.003e+00
s>                    ( - -4.352e+02 2 0)
s>                    ( - -6.857e+02 2 0)))))INFO: dtree.c(1315): Comp split 12
INFO: dtree.c(1439): stop. leaf nodes are specific
INFO: dtree.c(1478): Final simple tree
|( QUESTION0_16_R 1 -1.099e+04 1.788e+02 5.183e+01
|    ( - -6.386e+02 1 0)
|    ( QUESTION0_15_R 1 -1.018e+04 1.465e+02 4.783e+01
|        ( - -3.672e+03 1 0)
|        ( QUESTION0_9_R 1 -6.357e+03 8.861e+01 2.965e+01
|            ( - -1.906e+03 2 0)
|            ( - -4.362e+03 2 0))))
s>    ( QUESTION0_16_R 1 -1.099e+04 1.788e+02 5.183e+01
s>        ( - -6.386e+02 1 0)
s>        ( QUESTION0_15_R 1 -1.018e+04 1.465e+02 4.783e+01
s>            ( - -3.672e+03 1 0)
s>            ( QUESTION0_9_R 1 -6.357e+03 8.861e+01 2.965e+01
s>                ( - -1.906e+03 2 0)
s>                ( - -4.362e+03 2 0))))INFO: dtree.c(1439): stop. leaf nodes are specific
INFO: dtree.c(1478): Final simple tree
|( QUESTION4 1 -1.120e+04 1.456e+02 5.246e+01
|    ( WDBNDRY_E 0 -5.421e+03 7.123e+01 2.647e+01
|        ( - -2.640e+03 2 0)
|        ( - -2.710e+03 1 0))
|    ( QUESTION0_2_R 1 -5.630e+03 1.098e+02 2.599e+01
|        ( - -2.765e+03 1 0)
|        ( WDBNDRY_E 0 -2.755e+03 9.548e+01 1.284e+01
|            ( - -8.482e+02 1 0)
|            ( QUESTION0_9_R 1 -1.812e+03 7.577e+01 8.834e+00
|                ( - -7.127e+02 1 0)
|                ( - -1.023e+03 1 0)))))
s>    ( QUESTION4 1 -1.120e+04 1.456e+02 5.246e+01
s>        ( WDBNDRY_E 0 -5.421e+03 7.123e+01 2.647e+01
s>            ( - -2.640e+03 2 0)
s>            ( - -2.710e+03 1 0))
s>        ( QUESTION0_2_R 1 -5.630e+03 1.098e+02 2.599e+01
s>            ( - -2.765e+03 1 0)
s>            ( WDBNDRY_E 0 -2.755e+03 9.548e+01 1.284e+01
s>                ( - -8.482e+02 1 0)
s>                ( QUESTION0_9_R 1 -1.812e+03 7.577e+01 8.834e+00
s>                    ( - -7.127e+02 1 0)
s>                    ( - -1.023e+03 1 0)))))INFO: dtree.c(1315): Comp split 13
INFO: dtree.c(1439): stop. leaf nodes are specific
INFO: dtree.c(1478): Final simple tree
|( QUESTION0_15_R 1 -1.018e+04 1.465e+02 4.783e+01
|    ( - -3.672e+03 1 0)
|    ( QUESTION0_9_R 1 -6.357e+03 8.861e+01 2.965e+01
|        ( - -1.906e+03 2 0)
|        ( - -4.362e+03 2 0)))
s>    ( QUESTION0_15_R 1 -1.018e+04 1.465e+02 4.783e+01
s>        ( - -3.672e+03 1 0)
s>        ( QUESTION0_9_R 1 -6.357e+03 8.861e+01 2.965e+01
s>            ( - -1.906e+03 2 0)
s>            ( - -4.362e+03 2 0)))INFO: dtree.c(1315): Comp split 14
INFO: dtree.c(1439): stop. leaf nodes are specific
INFO: dtree.c(1478): Final simple tree
|( WDBNDRY_E 0 -2.912e+03 1.463e+02 1.553e+01
|    ( - -1.711e+03 1 0)
|    ( - -1.055e+03 1 0))
s>    ( WDBNDRY_E 0 -2.912e+03 1.463e+02 1.553e+01
s>        ( - -1.711e+03 1 0)
s>        ( - -1.055e+03 1 0))INFO: dtree.c(1315): Comp split 15
INFO: dtree.c(1439): stop. leaf nodes are specific
INFO: dtree.c(1478): Final simple tree
|( QUESTION0_13_R 1 -5.437e+03 1.164e+02 2.334e+01
|    ( QUESTION2_1_L -1 -2.929e+03 9.863e+01 1.333e+01
|        ( - -3.667e+02 1 0)
|        ( - -2.463e+03 2 0))
|    ( QUESTION0_2_R 1 -2.393e+03 7.842e+01 1.001e+01
|        ( - -1.131e+03 3 0)
|        ( WDBNDRY_E 0 -1.183e+03 6.248e+01 5.003e+00
|            ( - -4.352e+02 2 0)
|            ( - -6.857e+02 2 0))))
s>    ( QUESTION0_13_R 1 -5.437e+03 1.164e+02 2.334e+01
s>        ( QUESTION2_1_L -1 -2.929e+03 9.863e+01 1.333e+01
s>            ( - -3.667e+02 1 0)
s>            ( - -2.463e+03 2 0))
s>        ( QUESTION0_2_R 1 -2.393e+03 7.842e+01 1.001e+01
s>            ( - -1.131e+03 3 0)
s>            ( WDBNDRY_E 0 -1.183e+03 6.248e+01 5.003e+00
s>                ( - -4.352e+02 2 0)
s>                ( - -6.857e+02 2 0))))INFO: dtree.c(1315): Comp split 16
INFO: dtree.c(1439): stop. leaf nodes are specific
INFO: dtree.c(1478): Final simple tree
|( QUESTION0_6_R 1 -4.803e+03 1.592e+02 2.319e+01
|    ( - -2.686e+02 1 0)
|    ( WDBNDRY_E 0 -4.375e+03 1.515e+02 2.119e+01
|        ( - -1.323e+03 1 0)
|        ( - -2.901e+03 2 0)))
s>    ( QUESTION0_6_R 1 -4.803e+03 1.592e+02 2.319e+01
s>        ( - -2.686e+02 1 0)
s>        ( WDBNDRY_E 0 -4.375e+03 1.515e+02 2.119e+01
s>            ( - -1.323e+03 1 0)
s>            ( - -2.901e+03 2 0)))INFO: dtree.c(1315): Comp split 17
INFO: dtree.c(1315): Comp split 18
INFO: dtree.c(1439): stop. leaf nodes are specific
INFO: dtree.c(1478): Final simple tree
|( WDBNDRY_E 0 -4.375e+03 1.515e+02 2.119e+01
|    ( - -1.323e+03 1 0)
|    ( - -2.901e+03 2 0))
s>    ( WDBNDRY_E 0 -4.375e+03 1.515e+02 2.119e+01
s>        ( - -1.323e+03 1 0)
s>        ( - -2.901e+03 2 0))INFO: dtree.c(1315): Comp split 19
INFO: dtree.c(1315): Comp split 20
INFO: dtree.c(1439): stop. leaf nodes are specific
INFO: dtree.c(1478): Final simple tree
|( QUESTION0 1 -6.532e+03 8.796e+01 3.176e+01
|    ( WDBNDRY_E 0 -5.421e+03 7.123e+01 2.647e+01
|        ( - -2.640e+03 2 0)
|        ( - -2.710e+03 1 0))
|    ( - -1.023e+03 1 0))
s>    ( QUESTION0 1 -6.532e+03 8.796e+01 3.176e+01
s>        ( WDBNDRY_E 0 -5.421e+03 7.123e+01 2.647e+01
s>            ( - -2.640e+03 2 0)
s>            ( - -2.710e+03 1 0))
s>        ( - -1.023e+03 1 0))INFO: dtree.c(1439): stop. leaf nodes are specific
INFO: dtree.c(1478): Final simple tree
|( QUESTION0_2_R 1 -4.517e+03 1.073e+02 2.070e+01
|    ( - -2.765e+03 1 0)
|    ( WDBNDRY_E 0 -1.645e+03 8.377e+01 7.549e+00
|        ( - -8.482e+02 1 0)
|        ( - -7.127e+02 1 0)))
s>    ( QUESTION0_2_R 1 -4.517e+03 1.073e+02 2.070e+01
s>        ( - -2.765e+03 1 0)
s>        ( WDBNDRY_E 0 -1.645e+03 8.377e+01 7.549e+00
s>            ( - -8.482e+02 1 0)
s>            ( - -7.127e+02 1 0)))INFO: dtree.c(1315): Comp split 21
INFO: dtree.c(1439): stop. leaf nodes are specific
INFO: dtree.c(1478): Final simple tree
|( QUESTION0_9_R 1 -6.357e+03 8.861e+01 2.965e+01
|    ( - -1.906e+03 2 0)
|    ( - -4.362e+03 2 0))
s>    ( QUESTION0_9_R 1 -6.357e+03 8.861e+01 2.965e+01
s>        ( - -1.906e+03 2 0)
s>        ( - -4.362e+03 2 0))INFO: dtree.c(1315): Comp split 22
INFO: dtree.c(1315): Comp split 23
INFO: dtree.c(1439): stop. leaf nodes are specific
INFO: dtree.c(1478): Final simple tree
|( QUESTION0_11_R 1 -3.820e+03 1.053e+02 1.700e+01
|    ( WDBNDRY_E 0 -1.503e+03 1.040e+02 6.999e+00
|        ( - -3.821e+02 1 0)
|        ( - -1.017e+03 1 0))
|    ( QUESTION14 1 -2.211e+03 8.233e+01 1.000e+01
|        ( - -1.026e+03 1 0)
|        ( QUESTION0_0_R 1 -1.103e+03 9.709e+01 5.000e+00
|            ( - -6.075e+02 1 0)
|            ( - -3.982e+02 1 0))))
s>    ( QUESTION0_11_R 1 -3.820e+03 1.053e+02 1.700e+01
s>        ( WDBNDRY_E 0 -1.503e+03 1.040e+02 6.999e+00
s>            ( - -3.821e+02 1 0)
s>            ( - -1.017e+03 1 0))
s>        ( QUESTION14 1 -2.211e+03 8.233e+01 1.000e+01
s>            ( - -1.026e+03 1 0)
s>            ( QUESTION0_0_R 1 -1.103e+03 9.709e+01 5.000e+00
s>                ( - -6.075e+02 1 0)
s>                ( - -3.982e+02 1 0))))INFO: dtree.c(1315): Comp split 24
INFO: dtree.c(1439): stop. leaf nodes are specific
INFO: dtree.c(1478): Final simple tree
|( QUESTION0_13_R 1 -2.853e+03 9.370e+01 1.200e+01
|    ( - -3.667e+02 1 0)
|    ( QUESTION0_2_R 1 -2.393e+03 7.842e+01 1.001e+01
|        ( - -1.131e+03 3 0)
|        ( WDBNDRY_E 0 -1.183e+03 6.248e+01 5.003e+00
|            ( - -4.352e+02 2 0)
|            ( - -6.857e+02 2 0))))
s>    ( QUESTION0_13_R 1 -2.853e+03 9.370e+01 1.200e+01
s>        ( - -3.667e+02 1 0)
s>        ( QUESTION0_2_R 1 -2.393e+03 7.842e+01 1.001e+01
s>            ( - -1.131e+03 3 0)
s>            ( WDBNDRY_E 0 -1.183e+03 6.248e+01 5.003e+00
s>                ( - -4.352e+02 2 0)
s>                ( - -6.857e+02 2 0))))INFO: dtree.c(1315): Comp split 25
INFO: dtree.c(1439): stop. leaf nodes are specific
INFO: dtree.c(1478): Final simple tree
|( WDBNDRY_E 0 -2.691e+03 9.745e+01 1.200e+01
|    ( - -3.821e+02 1 0)
|    ( QUESTION14 1 -2.211e+03 8.233e+01 1.000e+01
|        ( - -1.026e+03 1 0)
|        ( QUESTION0_0_R 1 -1.103e+03 9.709e+01 5.000e+00
|            ( - -6.075e+02 1 0)
|            ( - -3.982e+02 1 0))))
s>    ( WDBNDRY_E 0 -2.691e+03 9.745e+01 1.200e+01
s>        ( - -3.821e+02 1 0)
s>        ( QUESTION14 1 -2.211e+03 8.233e+01 1.000e+01
s>            ( - -1.026e+03 1 0)
s>            ( QUESTION0_0_R 1 -1.103e+03 9.709e+01 5.000e+00
s>                ( - -6.075e+02 1 0)
s>                ( - -3.982e+02 1 0))))INFO: dtree.c(1315): Comp split 26
INFO: dtree.c(1439): stop. leaf nodes are specific
INFO: dtree.c(1478): Final simple tree
|( WDBNDRY_E 0 -1.645e+03 8.377e+01 7.549e+00
|    ( - -8.482e+02 1 0)
|    ( - -7.127e+02 1 0))
s>    ( WDBNDRY_E 0 -1.645e+03 8.377e+01 7.549e+00
s>        ( - -8.482e+02 1 0)
s>        ( - -7.127e+02 1 0))INFO: dtree.c(1315): Comp split 27
INFO: dtree.c(1439): stop. leaf nodes are specific
INFO: dtree.c(1478): Final simple tree
|( QUESTION0_0_R 1 -1.502e+03 7.787e+01 7.000e+00
|    ( - -1.026e+03 1 0)
|    ( - -3.982e+02 1 0))
s>    ( QUESTION0_0_R 1 -1.502e+03 7.787e+01 7.000e+00
s>        ( - -1.026e+03 1 0)
s>        ( - -3.982e+02 1 0))INFO: dtree.c(1439): stop. leaf nodes are specific
INFO: dtree.c(1478): Final simple tree
|( WDBNDRY_E 0 -1.085e+03 9.564e+01 5.000e+00
|    ( - -3.821e+02 1 0)
|    ( - -6.075e+02 1 0))
s>    ( WDBNDRY_E 0 -1.085e+03 9.564e+01 5.000e+00
s>        ( - -3.821e+02 1 0)
s>        ( - -6.075e+02 1 0))INFO: dtree.c(1315): Comp split 28
INFO: dtree.c(1439): stop. leaf nodes are specific
INFO: dtree.c(1478): Final simple tree
|( QUESTION0_2_R 1 -4.635e+02 5.639e+01 2.000e+00
|    ( - -1.812e+02 1 0)
|    ( - -2.259e+02 1 0))
s>    ( QUESTION0_2_R 1 -4.635e+02 5.639e+01 2.000e+00
s>        ( - -1.812e+02 1 0)
s>        ( - -2.259e+02 1 0))INFO: dtree.c(1439): stop. leaf nodes are specific
INFO: dtree.c(1478): Final simple tree
|( QUESTION0_9_R 1 -1.591e+03 6.252e+01 7.025e+00
|    ( - -2.085e+02 1 0)
|    ( - -1.320e+03 1 0))
s>    ( QUESTION0_9_R 1 -1.591e+03 6.252e+01 7.025e+00
s>        ( - -2.085e+02 1 0)
s>        ( - -1.320e+03 1 0))INFO: dtree.c(1315): Comp split 29
INFO: dtree.c(1315): Comp split 30
INFO: dtree.c(1439): stop. leaf nodes are specific
INFO: dtree.c(1478): Final simple tree
|( QUESTION0_2_R 1 -2.393e+03 7.842e+01 1.001e+01
|    ( - -1.131e+03 3 0)
|    ( WDBNDRY_E 0 -1.183e+03 6.248e+01 5.003e+00
|        ( - -4.352e+02 2 0)
|        ( - -6.857e+02 2 0)))
s>    ( QUESTION0_2_R 1 -2.393e+03 7.842e+01 1.001e+01
s>        ( - -1.131e+03 3 0)
s>        ( WDBNDRY_E 0 -1.183e+03 6.248e+01 5.003e+00
s>            ( - -4.352e+02 2 0)
s>            ( - -6.857e+02 2 0)))INFO: dtree.c(1315): Comp split 31
INFO: dtree.c(1315): Comp split 32
INFO: dtree.c(1439): stop. leaf nodes are specific
INFO: dtree.c(1478): Final simple tree
|( WDBNDRY_E 0 -5.421e+03 7.123e+01 2.647e+01
|    ( - -2.640e+03 2 0)
|    ( - -2.710e+03 1 0))
s>    ( WDBNDRY_E 0 -5.421e+03 7.123e+01 2.647e+01
s>        ( - -2.640e+03 2 0)
s>        ( - -2.710e+03 1 0))INFO: dtree.c(1315): Comp split 33
INFO: dtree.c(1315): Comp split 34
INFO: dtree.c(1439): stop. leaf nodes are specific
INFO: dtree.c(1478): Final simple tree
|( WDBNDRY_E 0 -1.183e+03 6.248e+01 5.003e+00
|    ( - -4.352e+02 2 0)
|    ( - -6.857e+02 2 0))
s>    ( WDBNDRY_E 0 -1.183e+03 6.248e+01 5.003e+00
s>        ( - -4.352e+02 2 0)
s>        ( - -6.857e+02 2 0))INFO: dtree.c(1315): Comp split 35
INFO: dtree.c(1315): Comp split 36
INFO: dtree.c(1315): Comp split 37
INFO: dtree.c(1315): Comp split 38
INFO: dtree.c(1315): Comp split 39
INFO: dtree.c(1315): Comp split 40
INFO: dtree.c(1318): stop. leaf nodes are specific
Thu May  7 00:23:25 2020
