Current configuration:
[NAME]		[DEFLT]	[VALUE]
-allphones	no	no
-cntthresh	0.00001	1.000000e-05
-csplitmax	100	2000
-csplitmin	1	1
-csplitthr	8e-4	0.000000e+00
-example	no	no
-fullvar	no	no
-help		no	no
-meanfn			/home/abdy/Desktop/diploma/kg/model_parameters/kg.cd_cont_untied/means
-mixwfn			/home/abdy/Desktop/diploma/kg/model_parameters/kg.cd_cont_untied/mixture_weights
-moddeffn		/home/abdy/Desktop/diploma/kg/model_architecture/kg.untied.mdef
-mwfloor	1e-4	1.000000e-08
-phone			o0
-psetfn			/home/abdy/Desktop/diploma/kg/model_architecture/kg.tree_questions
-ssplitmax	5	7
-ssplitmin	1	1
-ssplitthr	8e-4	0.000000e+00
-state			0
-stwt			1.0,0.05,0.0,
-treefn			/home/abdy/Desktop/diploma/kg/trees/kg.unpruned/o0-0.dtree
-ts2cbfn	.semi.	.cont.
-varfloor	0.00001	1.000000e-05
-varfn			/home/abdy/Desktop/diploma/kg/model_parameters/kg.cd_cont_untied/variances

INFO: main.c(223): Reading: /home/abdy/Desktop/diploma/kg/model_architecture/kg.untied.mdef
INFO: model_def_io.c(573): Model definition info:
INFO: model_def_io.c(574): 10297 total models defined (47 base, 10250 tri)
INFO: model_def_io.c(575): 41188 total states
INFO: model_def_io.c(576): 30891 total tied states
INFO: model_def_io.c(577): 141 total tied CI states
INFO: model_def_io.c(578): 47 total tied transition matrices
INFO: model_def_io.c(579): 4 max state/model
INFO: model_def_io.c(580): 4 min state/model
INFO: main.c(242): Building trees for [o0 SIL b b] through [o0 zh p i]
INFO: main.c(269): Covering states |[17925 18236]| == 312
INFO: main.c(275): Reading: /home/abdy/Desktop/diploma/kg/model_parameters/kg.cd_cont_untied/mixture_weights
INFO: s3mixw_io.c(173): Read /home/abdy/Desktop/diploma/kg/model_parameters/kg.cd_cont_untied/mixture_weights [312x1x1 array]
INFO: main.c(311): 13 of 104 models have observation count greater than 0.000010
INFO: main.c(95): nrm stwt: 0.952 0.048 0.000 
INFO: s3gau_io.c(169): Read /home/abdy/Desktop/diploma/kg/model_parameters/kg.cd_cont_untied/means [30891x1x1 array]
INFO: s3gau_io.c(169): Read /home/abdy/Desktop/diploma/kg/model_parameters/kg.cd_cont_untied/variances [30891x1x1 array]
INFO: main.c(549): Reading: /home/abdy/Desktop/diploma/kg/model_architecture/kg.tree_questions
INFO: main.c(588): 174 total simple questions (166 phone; 8 word bndry)
INFO: main.c(590): 40 Left Only questions, and 42 Right Only questions
INFO: dtree.c(1478): Final simple tree
|( QUESTION0_4_R 1 -1.377e+04 2.529e+02 5.696e+01
|    ( - -9.370e+02 1 0)
|    ( QUESTION0_0_R 1 -1.258e+04 2.410e+02 5.196e+01
|        ( - -5.221e+02 1 0)
|        ( QUESTION4 -1 -1.182e+04 2.181e+02 4.896e+01
|            ( QUESTION2_10_L -1 -8.015e+03 2.124e+02 3.396e+01
|                ( WDBNDRY_E 0 -1.742e+03 1.859e+02 8.000e+00
|                    ( - -5.497e+02 1 0)
|                    ( - -1.007e+03 1 0))
|                ( - -6.060e+03 4 0 QUESTION5 -1 1.339e+02 2.596e+01))
|            ( QUESTION12 1 -3.582e+03 1.954e+02 1.500e+01
|                ( - -4.946e+02 1 0)
|                ( WDBNDRY_I 0 -2.892e+03 1.734e+02 1.200e+01
|                    ( - -7.297e+02 1 0)
|                    ( - -1.989e+03 3 0 QUESTION0_10_R 1 1.434e+02 8.000e+00))))))
s>    ( QUESTION0_4_R 1 -1.377e+04 2.529e+02 5.696e+01
s>        ( - -9.370e+02 1 0)
s>        ( QUESTION0_0_R 1 -1.258e+04 2.410e+02 5.196e+01
s>            ( - -5.221e+02 1 0)
s>            ( QUESTION4 -1 -1.182e+04 2.181e+02 4.896e+01
s>                ( QUESTION2_10_L -1 -8.015e+03 2.124e+02 3.396e+01
s>                    ( WDBNDRY_E 0 -1.742e+03 1.859e+02 8.000e+00
s>                        ( - -5.497e+02 1 0)
s>                        ( - -1.007e+03 1 0))
s>                    ( - -6.060e+03 4 0 QUESTION5 -1 1.339e+02 2.596e+01))
s>                ( QUESTION12 1 -3.582e+03 1.954e+02 1.500e+01
s>                    ( - -4.946e+02 1 0)
s>                    ( WDBNDRY_I 0 -2.892e+03 1.734e+02 1.200e+01
s>                        ( - -7.297e+02 1 0)
s>                        ( - -1.989e+03 3 0 QUESTION0_10_R 1 1.434e+02 8.000e+00))))))INFO: dtree.c(1315): Comp split 0
INFO: dtree.c(1439): stop. leaf nodes are specific
INFO: dtree.c(1478): Final simple tree
|( QUESTION0_2_R 1 -7.237e+03 2.393e+02 3.096e+01
|    ( - -9.370e+02 1 0)
|    ( QUESTION5 -1 -6.060e+03 1.339e+02 2.596e+01
|        ( WDBNDRY_E 0 -3.606e+03 8.256e+01 1.596e+01
|            ( - -6.473e+02 1 0)
|            ( - -2.876e+03 1 0))
|        ( QUESTION0_11_R 1 -2.321e+03 1.272e+02 1.000e+01
|            ( - -8.722e+02 1 0)
|            ( - -1.321e+03 1 0))))
s>    ( QUESTION0_2_R 1 -7.237e+03 2.393e+02 3.096e+01
s>        ( - -9.370e+02 1 0)
s>        ( QUESTION5 -1 -6.060e+03 1.339e+02 2.596e+01
s>            ( WDBNDRY_E 0 -3.606e+03 8.256e+01 1.596e+01
s>                ( - -6.473e+02 1 0)
s>                ( - -2.876e+03 1 0))
s>            ( QUESTION0_11_R 1 -2.321e+03 1.272e+02 1.000e+01
s>                ( - -8.722e+02 1 0)
s>                ( - -1.321e+03 1 0))))INFO: dtree.c(1478): Final simple tree
|( QUESTION0_0_R 1 -6.253e+03 2.499e+02 2.600e+01
|    ( - -5.221e+02 1 0)
|    ( QUESTION12 1 -5.481e+03 2.019e+02 2.300e+01
|        ( - -4.946e+02 1 0)
|        ( QUESTION0_16_R 1 -4.785e+03 1.856e+02 2.000e+01
|            ( - -7.297e+02 1 0)
|            ( WDBNDRY_E 0 -3.869e+03 1.862e+02 1.600e+01
|                ( QUESTION0_11_R 1 -2.262e+03 1.558e+02 1.000e+01
|                    ( - -5.497e+02 1 0)
|                    ( QUESTION0_2_R 1 -1.556e+03 1.570e+02 7.000e+00
|                        ( - -8.662e+02 1 0)
|                        ( - -5.333e+02 1 0)))
|                ( WDBNDRY_B 0 -1.421e+03 1.028e+02 6.000e+00
|                    ( - -3.115e+02 1 0)
|                    ( - -1.007e+03 1 0))))))
s>    ( QUESTION0_0_R 1 -6.253e+03 2.499e+02 2.600e+01
s>        ( - -5.221e+02 1 0)
s>        ( QUESTION12 1 -5.481e+03 2.019e+02 2.300e+01
s>            ( - -4.946e+02 1 0)
s>            ( QUESTION0_16_R 1 -4.785e+03 1.856e+02 2.000e+01
s>                ( - -7.297e+02 1 0)
s>                ( WDBNDRY_E 0 -3.869e+03 1.862e+02 1.600e+01
s>                    ( QUESTION0_11_R 1 -2.262e+03 1.558e+02 1.000e+01
s>                        ( - -5.497e+02 1 0)
s>                        ( QUESTION0_2_R 1 -1.556e+03 1.570e+02 7.000e+00
s>                            ( - -8.662e+02 1 0)
s>                            ( - -5.333e+02 1 0)))
s>                    ( WDBNDRY_B 0 -1.421e+03 1.028e+02 6.000e+00
s>                        ( - -3.115e+02 1 0)
s>                        ( - -1.007e+03 1 0))))))INFO: dtree.c(1315): Comp split 1
INFO: dtree.c(1439): stop. leaf nodes are specific
INFO: dtree.c(1478): Final simple tree
|( QUESTION12 1 -5.481e+03 2.019e+02 2.300e+01
|    ( - -4.946e+02 1 0)
|    ( QUESTION0_16_R 1 -4.785e+03 1.856e+02 2.000e+01
|        ( - -7.297e+02 1 0)
|        ( WDBNDRY_E 0 -3.869e+03 1.862e+02 1.600e+01
|            ( QUESTION0_11_R 1 -2.262e+03 1.558e+02 1.000e+01
|                ( - -5.497e+02 1 0)
|                ( QUESTION0_2_R 1 -1.556e+03 1.570e+02 7.000e+00
|                    ( - -8.662e+02 1 0)
|                    ( - -5.333e+02 1 0)))
|            ( WDBNDRY_B 0 -1.421e+03 1.028e+02 6.000e+00
|                ( - -3.115e+02 1 0)
|                ( - -1.007e+03 1 0)))))
s>    ( QUESTION12 1 -5.481e+03 2.019e+02 2.300e+01
s>        ( - -4.946e+02 1 0)
s>        ( QUESTION0_16_R 1 -4.785e+03 1.856e+02 2.000e+01
s>            ( - -7.297e+02 1 0)
s>            ( WDBNDRY_E 0 -3.869e+03 1.862e+02 1.600e+01
s>                ( QUESTION0_11_R 1 -2.262e+03 1.558e+02 1.000e+01
s>                    ( - -5.497e+02 1 0)
s>                    ( QUESTION0_2_R 1 -1.556e+03 1.570e+02 7.000e+00
s>                        ( - -8.662e+02 1 0)
s>                        ( - -5.333e+02 1 0)))
s>                ( WDBNDRY_B 0 -1.421e+03 1.028e+02 6.000e+00
s>                    ( - -3.115e+02 1 0)
s>                    ( - -1.007e+03 1 0)))))INFO: dtree.c(1315): Comp split 2
INFO: dtree.c(1439): stop. leaf nodes are specific
INFO: dtree.c(1478): Final simple tree
|( QUESTION5 -1 -6.060e+03 1.339e+02 2.596e+01
|    ( WDBNDRY_E 0 -3.606e+03 8.256e+01 1.596e+01
|        ( - -6.473e+02 1 0)
|        ( - -2.876e+03 1 0))
|    ( QUESTION0_11_R 1 -2.321e+03 1.272e+02 1.000e+01
|        ( - -8.722e+02 1 0)
|        ( - -1.321e+03 1 0)))
s>    ( QUESTION5 -1 -6.060e+03 1.339e+02 2.596e+01
s>        ( WDBNDRY_E 0 -3.606e+03 8.256e+01 1.596e+01
s>            ( - -6.473e+02 1 0)
s>            ( - -2.876e+03 1 0))
s>        ( QUESTION0_11_R 1 -2.321e+03 1.272e+02 1.000e+01
s>            ( - -8.722e+02 1 0)
s>            ( - -1.321e+03 1 0)))INFO: dtree.c(1315): Comp split 3
INFO: dtree.c(1439): stop. leaf nodes are specific
INFO: dtree.c(1478): Final simple tree
|( QUESTION0_16_R 1 -4.785e+03 1.856e+02 2.000e+01
|    ( - -7.297e+02 1 0)
|    ( WDBNDRY_E 0 -3.869e+03 1.862e+02 1.600e+01
|        ( QUESTION0_11_R 1 -2.262e+03 1.558e+02 1.000e+01
|            ( - -5.497e+02 1 0)
|            ( QUESTION0_2_R 1 -1.556e+03 1.570e+02 7.000e+00
|                ( - -8.662e+02 1 0)
|                ( - -5.333e+02 1 0)))
|        ( WDBNDRY_B 0 -1.421e+03 1.028e+02 6.000e+00
|            ( - -3.115e+02 1 0)
|            ( - -1.007e+03 1 0))))
s>    ( QUESTION0_16_R 1 -4.785e+03 1.856e+02 2.000e+01
s>        ( - -7.297e+02 1 0)
s>        ( WDBNDRY_E 0 -3.869e+03 1.862e+02 1.600e+01
s>            ( QUESTION0_11_R 1 -2.262e+03 1.558e+02 1.000e+01
s>                ( - -5.497e+02 1 0)
s>                ( QUESTION0_2_R 1 -1.556e+03 1.570e+02 7.000e+00
s>                    ( - -8.662e+02 1 0)
s>                    ( - -5.333e+02 1 0)))
s>            ( WDBNDRY_B 0 -1.421e+03 1.028e+02 6.000e+00
s>                ( - -3.115e+02 1 0)
s>                ( - -1.007e+03 1 0))))INFO: dtree.c(1315): Comp split 4
INFO: dtree.c(1439): stop. leaf nodes are specific
INFO: dtree.c(1478): Final simple tree
|( WDBNDRY_B 0 -1.421e+03 1.028e+02 6.000e+00
|    ( - -3.115e+02 1 0)
|    ( - -1.007e+03 1 0))
s>    ( WDBNDRY_B 0 -1.421e+03 1.028e+02 6.000e+00
s>        ( - -3.115e+02 1 0)
s>        ( - -1.007e+03 1 0))INFO: dtree.c(1439): stop. leaf nodes are specific
INFO: dtree.c(1478): Final simple tree
|( WDBNDRY_E 0 -3.173e+03 1.811e+02 1.400e+01
|    ( QUESTION0_11_R 1 -2.262e+03 1.558e+02 1.000e+01
|        ( - -5.497e+02 1 0)
|        ( QUESTION0_2_R 1 -1.556e+03 1.570e+02 7.000e+00
|            ( - -8.662e+02 1 0)
|            ( - -5.333e+02 1 0)))
|    ( - -7.297e+02 1 0))
s>    ( WDBNDRY_E 0 -3.173e+03 1.811e+02 1.400e+01
s>        ( QUESTION0_11_R 1 -2.262e+03 1.558e+02 1.000e+01
s>            ( - -5.497e+02 1 0)
s>            ( QUESTION0_2_R 1 -1.556e+03 1.570e+02 7.000e+00
s>                ( - -8.662e+02 1 0)
s>                ( - -5.333e+02 1 0)))
s>        ( - -7.297e+02 1 0))INFO: dtree.c(1315): Comp split 5
INFO: dtree.c(1439): stop. leaf nodes are specific
INFO: dtree.c(1478): Final simple tree
|( QUESTION0_11_R 1 -2.262e+03 1.558e+02 1.000e+01
|    ( - -5.497e+02 1 0)
|    ( QUESTION0_2_R 1 -1.556e+03 1.570e+02 7.000e+00
|        ( - -8.662e+02 1 0)
|        ( - -5.333e+02 1 0)))
s>    ( QUESTION0_11_R 1 -2.262e+03 1.558e+02 1.000e+01
s>        ( - -5.497e+02 1 0)
s>        ( QUESTION0_2_R 1 -1.556e+03 1.570e+02 7.000e+00
s>            ( - -8.662e+02 1 0)
s>            ( - -5.333e+02 1 0)))INFO: dtree.c(1315): Comp split 6
INFO: dtree.c(1439): stop. leaf nodes are specific
INFO: dtree.c(1478): Final simple tree
|( QUESTION0_2_R 1 -1.556e+03 1.570e+02 7.000e+00
|    ( - -8.662e+02 1 0)
|    ( - -5.333e+02 1 0))
s>    ( QUESTION0_2_R 1 -1.556e+03 1.570e+02 7.000e+00
s>        ( - -8.662e+02 1 0)
s>        ( - -5.333e+02 1 0))INFO: dtree.c(1315): Comp split 7
INFO: dtree.c(1315): Comp split 8
INFO: dtree.c(1439): stop. leaf nodes are specific
INFO: dtree.c(1478): Final simple tree
|( QUESTION0_11_R 1 -2.321e+03 1.272e+02 1.000e+01
|    ( - -8.722e+02 1 0)
|    ( - -1.321e+03 1 0))
s>    ( QUESTION0_11_R 1 -2.321e+03 1.272e+02 1.000e+01
s>        ( - -8.722e+02 1 0)
s>        ( - -1.321e+03 1 0))INFO: dtree.c(1439): stop. leaf nodes are specific
INFO: dtree.c(1478): Final simple tree
|( WDBNDRY_E 0 -3.606e+03 8.256e+01 1.596e+01
|    ( - -6.473e+02 1 0)
|    ( - -2.876e+03 1 0))
s>    ( WDBNDRY_E 0 -3.606e+03 8.256e+01 1.596e+01
s>        ( - -6.473e+02 1 0)
s>        ( - -2.876e+03 1 0))INFO: dtree.c(1315): Comp split 9
INFO: dtree.c(1315): Comp split 10
INFO: dtree.c(1315): Comp split 11
INFO: dtree.c(1315): Comp split 12
INFO: dtree.c(1318): stop. leaf nodes are specific
Thu May  7 00:23:29 2020
