Current configuration:
[NAME]		[DEFLT]	[VALUE]
-allphones	no	no
-cntthresh	0.00001	1.000000e-05
-csplitmax	100	2000
-csplitmin	1	1
-csplitthr	8e-4	0.000000e+00
-example	no	no
-fullvar	no	no
-help		no	no
-meanfn			/home/abdy/Desktop/diploma/kg/model_parameters/kg.cd_cont_untied/means
-mixwfn			/home/abdy/Desktop/diploma/kg/model_parameters/kg.cd_cont_untied/mixture_weights
-moddeffn		/home/abdy/Desktop/diploma/kg/model_architecture/kg.untied.mdef
-mwfloor	1e-4	1.000000e-08
-phone			gh
-psetfn			/home/abdy/Desktop/diploma/kg/model_architecture/kg.tree_questions
-ssplitmax	5	7
-ssplitmin	1	1
-ssplitthr	8e-4	0.000000e+00
-state			1
-stwt			1.0,0.05,0.0,
-treefn			/home/abdy/Desktop/diploma/kg/trees/kg.unpruned/gh-1.dtree
-ts2cbfn	.semi.	.cont.
-varfloor	0.00001	1.000000e-05
-varfn			/home/abdy/Desktop/diploma/kg/model_parameters/kg.cd_cont_untied/variances

INFO: main.c(223): Reading: /home/abdy/Desktop/diploma/kg/model_architecture/kg.untied.mdef
INFO: model_def_io.c(573): Model definition info:
INFO: model_def_io.c(574): 10297 total models defined (47 base, 10250 tri)
INFO: model_def_io.c(575): 41188 total states
INFO: model_def_io.c(576): 30891 total tied states
INFO: model_def_io.c(577): 141 total tied CI states
INFO: model_def_io.c(578): 47 total tied transition matrices
INFO: model_def_io.c(579): 4 max state/model
INFO: model_def_io.c(580): 4 min state/model
INFO: main.c(242): Building trees for [gh SIL a b] through [gh z o i]
INFO: main.c(269): Covering states |[6384 6644]| == 261
INFO: main.c(275): Reading: /home/abdy/Desktop/diploma/kg/model_parameters/kg.cd_cont_untied/mixture_weights
INFO: s3mixw_io.c(173): Read /home/abdy/Desktop/diploma/kg/model_parameters/kg.cd_cont_untied/mixture_weights [261x1x1 array]
INFO: main.c(311): 21 of 87 models have observation count greater than 0.000010
INFO: main.c(95): nrm stwt: 0.045 0.909 0.045 
INFO: s3gau_io.c(169): Read /home/abdy/Desktop/diploma/kg/model_parameters/kg.cd_cont_untied/means [30891x1x1 array]
INFO: s3gau_io.c(169): Read /home/abdy/Desktop/diploma/kg/model_parameters/kg.cd_cont_untied/variances [30891x1x1 array]
INFO: main.c(549): Reading: /home/abdy/Desktop/diploma/kg/model_architecture/kg.tree_questions
INFO: main.c(588): 174 total simple questions (166 phone; 8 word bndry)
INFO: main.c(590): 40 Left Only questions, and 42 Right Only questions
INFO: dtree.c(1478): Final simple tree
|( QUESTION4 -1 -2.645e+04 1.877e+02 1.115e+02
|    ( - -1.517e+03 1 0)
|    ( QUESTION0_3_R 1 -2.475e+04 1.622e+02 1.045e+02
|        ( QUESTION12 -1 -1.598e+04 1.354e+02 6.706e+01
|            ( QUESTION11 1 -8.847e+03 9.826e+01 3.717e+01
|                ( - -6.437e+03 5 0 QUESTION15 -1 8.685e+01 2.736e+01)
|                ( - -2.311e+03 4 0 QUESTION13 -1 9.239e+01 9.802e+00))
|            ( QUESTION11 1 -6.997e+03 1.086e+02 2.989e+01
|                ( WDBNDRY_B 0 -6.228e+03 1.159e+02 2.689e+01
|                    ( - -4.451e+02 1 0)
|                    ( - -5.667e+03 4 0 QUESTION3 -1 8.132e+01 2.489e+01))
|                ( - -6.601e+02 1 0)))
|        ( QUESTION13 -1 -8.607e+03 1.312e+02 3.747e+01
|            ( - -1.034e+03 1 0)
|            ( - -7.442e+03 4 0 QUESTION0 -1 8.900e+01 3.247e+01))))
s>    ( QUESTION4 -1 -2.645e+04 1.877e+02 1.115e+02
s>        ( - -1.517e+03 1 0)
s>        ( QUESTION0_3_R 1 -2.475e+04 1.622e+02 1.045e+02
s>            ( QUESTION12 -1 -1.598e+04 1.354e+02 6.706e+01
s>                ( QUESTION11 1 -8.847e+03 9.826e+01 3.717e+01
s>                    ( - -6.437e+03 5 0 QUESTION15 -1 8.685e+01 2.736e+01)
s>                    ( - -2.311e+03 4 0 QUESTION13 -1 9.239e+01 9.802e+00))
s>                ( QUESTION11 1 -6.997e+03 1.086e+02 2.989e+01
s>                    ( WDBNDRY_B 0 -6.228e+03 1.159e+02 2.689e+01
s>                        ( - -4.451e+02 1 0)
s>                        ( - -5.667e+03 4 0 QUESTION3 -1 8.132e+01 2.489e+01))
s>                    ( - -6.601e+02 1 0)))
s>            ( QUESTION13 -1 -8.607e+03 1.312e+02 3.747e+01
s>                ( - -1.034e+03 1 0)
s>                ( - -7.442e+03 4 0 QUESTION0 -1 8.900e+01 3.247e+01))))INFO: dtree.c(1315): Comp split 0
INFO: dtree.c(1439): stop. leaf nodes are specific
INFO: dtree.c(1478): Final simple tree
|( QUESTION4 -1 -1.487e+04 1.748e+02 6.436e+01
|    ( - -1.517e+03 1 0)
|    ( QUESTION3 -1 -1.318e+04 8.378e+01 5.736e+01
|        ( - -3.452e+02 1 0)
|        ( QUESTION11 -1 -1.275e+04 7.968e+01 5.534e+01
|            ( QUESTION0_3_R 1 -6.800e+03 6.971e+01 2.974e+01
|                ( - -2.588e+03 2 0)
|                ( - -4.142e+03 2 0))
|            ( QUESTION0 -1 -5.874e+03 7.553e+01 2.560e+01
|                ( QUESTION0_3_R 1 -3.725e+03 8.109e+01 1.622e+01
|                    ( - -2.588e+03 1 0)
|                    ( - -1.056e+03 1 0))
|                ( - -2.073e+03 1 0)))))
s>    ( QUESTION4 -1 -1.487e+04 1.748e+02 6.436e+01
s>        ( - -1.517e+03 1 0)
s>        ( QUESTION3 -1 -1.318e+04 8.378e+01 5.736e+01
s>            ( - -3.452e+02 1 0)
s>            ( QUESTION11 -1 -1.275e+04 7.968e+01 5.534e+01
s>                ( QUESTION0_3_R 1 -6.800e+03 6.971e+01 2.974e+01
s>                    ( - -2.588e+03 2 0)
s>                    ( - -4.142e+03 2 0))
s>                ( QUESTION0 -1 -5.874e+03 7.553e+01 2.560e+01
s>                    ( QUESTION0_3_R 1 -3.725e+03 8.109e+01 1.622e+01
s>                        ( - -2.588e+03 1 0)
s>                        ( - -1.056e+03 1 0))
s>                    ( - -2.073e+03 1 0)))))INFO: dtree.c(1478): Final simple tree
|( QUESTION0 -1 -1.133e+04 1.389e+02 4.717e+01
|    ( WDBNDRY_B 0 -1.185e+03 8.025e+01 5.000e+00
|        ( - -4.451e+02 1 0)
|        ( - -6.601e+02 1 0))
|    ( QUESTION0_3_R 1 -1.001e+04 1.294e+02 4.217e+01
|        ( QUESTION11 1 -8.847e+03 9.826e+01 3.717e+01
|            ( QUESTION15 -1 -6.437e+03 8.685e+01 2.736e+01
|                ( - -1.182e+03 1 0)
|                ( - -5.168e+03 4 0 QUESTION13 -1 5.991e+01 2.217e+01))
|            ( QUESTION13 -1 -2.311e+03 9.239e+01 9.802e+00
|                ( - -3.640e+02 1 0)
|                ( QUESTION2_1_L -1 -1.855e+03 6.625e+01 7.802e+00
|                    ( - -1.331e+03 1 0)
|                    ( - -4.578e+02 2 0))))
|        ( - -1.034e+03 1 0)))
s>    ( QUESTION0 -1 -1.133e+04 1.389e+02 4.717e+01
s>        ( WDBNDRY_B 0 -1.185e+03 8.025e+01 5.000e+00
s>            ( - -4.451e+02 1 0)
s>            ( - -6.601e+02 1 0))
s>        ( QUESTION0_3_R 1 -1.001e+04 1.294e+02 4.217e+01
s>            ( QUESTION11 1 -8.847e+03 9.826e+01 3.717e+01
s>                ( QUESTION15 -1 -6.437e+03 8.685e+01 2.736e+01
s>                    ( - -1.182e+03 1 0)
s>                    ( - -5.168e+03 4 0 QUESTION13 -1 5.991e+01 2.217e+01))
s>                ( QUESTION13 -1 -2.311e+03 9.239e+01 9.802e+00
s>                    ( - -3.640e+02 1 0)
s>                    ( QUESTION2_1_L -1 -1.855e+03 6.625e+01 7.802e+00
s>                        ( - -1.331e+03 1 0)
s>                        ( - -4.578e+02 2 0))))
s>            ( - -1.034e+03 1 0)))INFO: dtree.c(1315): Comp split 1
INFO: dtree.c(1439): stop. leaf nodes are specific
INFO: dtree.c(1478): Final simple tree
|( QUESTION3 -1 -1.318e+04 8.378e+01 5.736e+01
|    ( - -3.452e+02 1 0)
|    ( QUESTION11 -1 -1.275e+04 7.968e+01 5.534e+01
|        ( QUESTION0_3_R 1 -6.800e+03 6.971e+01 2.974e+01
|            ( - -2.588e+03 2 0)
|            ( - -4.142e+03 2 0))
|        ( QUESTION0 -1 -5.874e+03 7.553e+01 2.560e+01
|            ( QUESTION0_3_R 1 -3.725e+03 8.109e+01 1.622e+01
|                ( - -2.588e+03 1 0)
|                ( - -1.056e+03 1 0))
|            ( - -2.073e+03 1 0))))
s>    ( QUESTION3 -1 -1.318e+04 8.378e+01 5.736e+01
s>        ( - -3.452e+02 1 0)
s>        ( QUESTION11 -1 -1.275e+04 7.968e+01 5.534e+01
s>            ( QUESTION0_3_R 1 -6.800e+03 6.971e+01 2.974e+01
s>                ( - -2.588e+03 2 0)
s>                ( - -4.142e+03 2 0))
s>            ( QUESTION0 -1 -5.874e+03 7.553e+01 2.560e+01
s>                ( QUESTION0_3_R 1 -3.725e+03 8.109e+01 1.622e+01
s>                    ( - -2.588e+03 1 0)
s>                    ( - -1.056e+03 1 0))
s>                ( - -2.073e+03 1 0))))INFO: dtree.c(1315): Comp split 2
INFO: dtree.c(1439): stop. leaf nodes are specific
INFO: dtree.c(1478): Final simple tree
|( QUESTION0_3_R 1 -1.001e+04 1.294e+02 4.217e+01
|    ( QUESTION11 1 -8.847e+03 9.826e+01 3.717e+01
|        ( QUESTION15 -1 -6.437e+03 8.685e+01 2.736e+01
|            ( - -1.182e+03 1 0)
|            ( QUESTION13 -1 -5.168e+03 5.991e+01 2.217e+01
|                ( - -4.124e+03 2 0)
|                ( - -9.839e+02 2 0)))
|        ( QUESTION13 -1 -2.311e+03 9.239e+01 9.802e+00
|            ( - -3.640e+02 1 0)
|            ( QUESTION2_1_L -1 -1.855e+03 6.625e+01 7.802e+00
|                ( - -1.331e+03 1 0)
|                ( - -4.578e+02 2 0))))
|    ( - -1.034e+03 1 0))
s>    ( QUESTION0_3_R 1 -1.001e+04 1.294e+02 4.217e+01
s>        ( QUESTION11 1 -8.847e+03 9.826e+01 3.717e+01
s>            ( QUESTION15 -1 -6.437e+03 8.685e+01 2.736e+01
s>                ( - -1.182e+03 1 0)
s>                ( QUESTION13 -1 -5.168e+03 5.991e+01 2.217e+01
s>                    ( - -4.124e+03 2 0)
s>                    ( - -9.839e+02 2 0)))
s>            ( QUESTION13 -1 -2.311e+03 9.239e+01 9.802e+00
s>                ( - -3.640e+02 1 0)
s>                ( QUESTION2_1_L -1 -1.855e+03 6.625e+01 7.802e+00
s>                    ( - -1.331e+03 1 0)
s>                    ( - -4.578e+02 2 0))))
s>        ( - -1.034e+03 1 0))INFO: dtree.c(1439): stop. leaf nodes are specific
INFO: dtree.c(1478): Final simple tree
|( WDBNDRY_B 0 -1.185e+03 8.025e+01 5.000e+00
|    ( - -4.451e+02 1 0)
|    ( - -6.601e+02 1 0))
s>    ( WDBNDRY_B 0 -1.185e+03 8.025e+01 5.000e+00
s>        ( - -4.451e+02 1 0)
s>        ( - -6.601e+02 1 0))INFO: dtree.c(1315): Comp split 3
INFO: dtree.c(1439): stop. leaf nodes are specific
INFO: dtree.c(1478): Final simple tree
|( QUESTION11 1 -8.847e+03 9.826e+01 3.717e+01
|    ( QUESTION15 -1 -6.437e+03 8.685e+01 2.736e+01
|        ( - -1.182e+03 1 0)
|        ( QUESTION13 -1 -5.168e+03 5.991e+01 2.217e+01
|            ( - -4.124e+03 2 0)
|            ( - -9.839e+02 2 0)))
|    ( QUESTION13 -1 -2.311e+03 9.239e+01 9.802e+00
|        ( - -3.640e+02 1 0)
|        ( QUESTION2_1_L -1 -1.855e+03 6.625e+01 7.802e+00
|            ( - -1.331e+03 1 0)
|            ( - -4.578e+02 2 0))))
s>    ( QUESTION11 1 -8.847e+03 9.826e+01 3.717e+01
s>        ( QUESTION15 -1 -6.437e+03 8.685e+01 2.736e+01
s>            ( - -1.182e+03 1 0)
s>            ( QUESTION13 -1 -5.168e+03 5.991e+01 2.217e+01
s>                ( - -4.124e+03 2 0)
s>                ( - -9.839e+02 2 0)))
s>        ( QUESTION13 -1 -2.311e+03 9.239e+01 9.802e+00
s>            ( - -3.640e+02 1 0)
s>            ( QUESTION2_1_L -1 -1.855e+03 6.625e+01 7.802e+00
s>                ( - -1.331e+03 1 0)
s>                ( - -4.578e+02 2 0))))INFO: dtree.c(1315): Comp split 4
INFO: dtree.c(1439): stop. leaf nodes are specific
INFO: dtree.c(1478): Final simple tree
|( QUESTION13 -1 -2.311e+03 9.239e+01 9.802e+00
|    ( - -3.640e+02 1 0)
|    ( QUESTION2_1_L -1 -1.855e+03 6.625e+01 7.802e+00
|        ( - -1.331e+03 1 0)
|        ( - -4.578e+02 2 0)))
s>    ( QUESTION13 -1 -2.311e+03 9.239e+01 9.802e+00
s>        ( - -3.640e+02 1 0)
s>        ( QUESTION2_1_L -1 -1.855e+03 6.625e+01 7.802e+00
s>            ( - -1.331e+03 1 0)
s>            ( - -4.578e+02 2 0)))INFO: dtree.c(1439): stop. leaf nodes are specific
INFO: dtree.c(1478): Final simple tree
|( QUESTION15 -1 -6.437e+03 8.685e+01 2.736e+01
|    ( - -1.182e+03 1 0)
|    ( QUESTION13 -1 -5.168e+03 5.991e+01 2.217e+01
|        ( - -4.124e+03 2 0)
|        ( - -9.839e+02 2 0)))
s>    ( QUESTION15 -1 -6.437e+03 8.685e+01 2.736e+01
s>        ( - -1.182e+03 1 0)
s>        ( QUESTION13 -1 -5.168e+03 5.991e+01 2.217e+01
s>            ( - -4.124e+03 2 0)
s>            ( - -9.839e+02 2 0)))INFO: dtree.c(1315): Comp split 5
INFO: dtree.c(1439): stop. leaf nodes are specific
INFO: dtree.c(1478): Final simple tree
|( QUESTION3 -1 -1.203e+04 8.206e+01 5.255e+01
|    ( - -3.452e+02 1 0)
|    ( QUESTION12 -1 -1.160e+04 7.899e+01 5.053e+01
|        ( - -2.073e+03 1 0)
|        ( QUESTION0_3_R 1 -9.451e+03 6.785e+01 4.115e+01
|            ( QUESTION0 -1 -5.241e+03 6.528e+01 2.288e+01
|                ( - -2.588e+03 1 0)
|                ( - -2.588e+03 2 0))
|            ( - -4.142e+03 2 0))))
s>    ( QUESTION3 -1 -1.203e+04 8.206e+01 5.255e+01
s>        ( - -3.452e+02 1 0)
s>        ( QUESTION12 -1 -1.160e+04 7.899e+01 5.053e+01
s>            ( - -2.073e+03 1 0)
s>            ( QUESTION0_3_R 1 -9.451e+03 6.785e+01 4.115e+01
s>                ( QUESTION0 -1 -5.241e+03 6.528e+01 2.288e+01
s>                    ( - -2.588e+03 1 0)
s>                    ( - -2.588e+03 2 0))
s>                ( - -4.142e+03 2 0))))INFO: dtree.c(1315): Comp split 6
INFO: dtree.c(1439): stop. leaf nodes are specific
INFO: dtree.c(1478): Final simple tree
|( QUESTION2_1_L -1 -1.855e+03 6.625e+01 7.802e+00
|    ( - -1.331e+03 1 0)
|    ( - -4.578e+02 2 0))
s>    ( QUESTION2_1_L -1 -1.855e+03 6.625e+01 7.802e+00
s>        ( - -1.331e+03 1 0)
s>        ( - -4.578e+02 2 0))INFO: dtree.c(1315): Comp split 7
INFO: dtree.c(1439): stop. leaf nodes are specific
INFO: dtree.c(1478): Final simple tree
|( QUESTION13 -1 -5.168e+03 5.991e+01 2.217e+01
|    ( - -4.124e+03 2 0)
|    ( - -9.839e+02 2 0))
s>    ( QUESTION13 -1 -5.168e+03 5.991e+01 2.217e+01
s>        ( - -4.124e+03 2 0)
s>        ( - -9.839e+02 2 0))INFO: dtree.c(1315): Comp split 8
INFO: dtree.c(1439): stop. leaf nodes are specific
INFO: dtree.c(1478): Final simple tree
|( QUESTION12 -1 -1.160e+04 7.899e+01 5.053e+01
|    ( - -2.073e+03 1 0)
|    ( QUESTION0_3_R 1 -9.451e+03 6.785e+01 4.115e+01
|        ( QUESTION0 -1 -5.241e+03 6.528e+01 2.288e+01
|            ( - -2.588e+03 1 0)
|            ( - -2.588e+03 2 0))
|        ( - -4.142e+03 2 0)))
s>    ( QUESTION12 -1 -1.160e+04 7.899e+01 5.053e+01
s>        ( - -2.073e+03 1 0)
s>        ( QUESTION0_3_R 1 -9.451e+03 6.785e+01 4.115e+01
s>            ( QUESTION0 -1 -5.241e+03 6.528e+01 2.288e+01
s>                ( - -2.588e+03 1 0)
s>                ( - -2.588e+03 2 0))
s>            ( - -4.142e+03 2 0)))INFO: dtree.c(1315): Comp split 9
INFO: dtree.c(1315): Comp split 10
INFO: dtree.c(1439): stop. leaf nodes are specific
INFO: dtree.c(1478): Final simple tree
|( QUESTION0_3_R 1 -9.451e+03 6.785e+01 4.115e+01
|    ( QUESTION0 -1 -5.241e+03 6.528e+01 2.288e+01
|        ( - -2.588e+03 1 0)
|        ( - -2.588e+03 2 0))
|    ( - -4.142e+03 2 0))
s>    ( QUESTION0_3_R 1 -9.451e+03 6.785e+01 4.115e+01
s>        ( QUESTION0 -1 -5.241e+03 6.528e+01 2.288e+01
s>            ( - -2.588e+03 1 0)
s>            ( - -2.588e+03 2 0))
s>        ( - -4.142e+03 2 0))INFO: dtree.c(1315): Comp split 11
INFO: dtree.c(1439): stop. leaf nodes are specific
INFO: dtree.c(1478): Final simple tree
|( QUESTION0 -1 -5.241e+03 6.528e+01 2.288e+01
|    ( - -2.588e+03 1 0)
|    ( - -2.588e+03 2 0))
s>    ( QUESTION0 -1 -5.241e+03 6.528e+01 2.288e+01
s>        ( - -2.588e+03 1 0)
s>        ( - -2.588e+03 2 0))INFO: dtree.c(1315): Comp split 12
INFO: dtree.c(1315): Comp split 13
INFO: dtree.c(1315): Comp split 14
INFO: dtree.c(1315): Comp split 15
INFO: dtree.c(1318): stop. leaf nodes are specific
Thu May  7 00:23:23 2020
