Current configuration:
[NAME]		[DEFLT]	[VALUE]
-allphones	no	no
-cntthresh	0.00001	1.000000e-05
-csplitmax	100	2000
-csplitmin	1	1
-csplitthr	8e-4	0.000000e+00
-example	no	no
-fullvar	no	no
-help		no	no
-meanfn			/home/abdy/Desktop/diploma/kg/model_parameters/kg.cd_cont_untied/means
-mixwfn			/home/abdy/Desktop/diploma/kg/model_parameters/kg.cd_cont_untied/mixture_weights
-moddeffn		/home/abdy/Desktop/diploma/kg/model_architecture/kg.untied.mdef
-mwfloor	1e-4	1.000000e-08
-phone			l
-psetfn			/home/abdy/Desktop/diploma/kg/model_architecture/kg.tree_questions
-ssplitmax	5	7
-ssplitmin	1	1
-ssplitthr	8e-4	0.000000e+00
-state			1
-stwt			1.0,0.05,0.0,
-treefn			/home/abdy/Desktop/diploma/kg/trees/kg.unpruned/l-1.dtree
-ts2cbfn	.semi.	.cont.
-varfloor	0.00001	1.000000e-05
-varfn			/home/abdy/Desktop/diploma/kg/model_parameters/kg.cd_cont_untied/variances

INFO: main.c(223): Reading: /home/abdy/Desktop/diploma/kg/model_architecture/kg.untied.mdef
INFO: model_def_io.c(573): Model definition info:
INFO: model_def_io.c(574): 10297 total models defined (47 base, 10250 tri)
INFO: model_def_io.c(575): 41188 total states
INFO: model_def_io.c(576): 30891 total tied states
INFO: model_def_io.c(577): 141 total tied CI states
INFO: model_def_io.c(578): 47 total tied transition matrices
INFO: model_def_io.c(579): 4 max state/model
INFO: model_def_io.c(580): 4 min state/model
INFO: main.c(242): Building trees for [l SIL je b] through [l z a b]
INFO: main.c(269): Covering states |[12579 13604]| == 1026
INFO: main.c(275): Reading: /home/abdy/Desktop/diploma/kg/model_parameters/kg.cd_cont_untied/mixture_weights
INFO: s3mixw_io.c(173): Read /home/abdy/Desktop/diploma/kg/model_parameters/kg.cd_cont_untied/mixture_weights [1026x1x1 array]
INFO: main.c(311): 106 of 342 models have observation count greater than 0.000010
INFO: main.c(95): nrm stwt: 0.045 0.909 0.045 
INFO: s3gau_io.c(169): Read /home/abdy/Desktop/diploma/kg/model_parameters/kg.cd_cont_untied/means [30891x1x1 array]
INFO: s3gau_io.c(169): Read /home/abdy/Desktop/diploma/kg/model_parameters/kg.cd_cont_untied/variances [30891x1x1 array]
INFO: main.c(549): Reading: /home/abdy/Desktop/diploma/kg/model_architecture/kg.tree_questions
INFO: main.c(588): 174 total simple questions (166 phone; 8 word bndry)
INFO: main.c(590): 40 Left Only questions, and 42 Right Only questions
INFO: dtree.c(1478): Final simple tree
|( QUESTION0_3_R 1 -1.458e+05 7.580e+02 6.270e+02
|    ( QUESTION11 -1 -4.281e+04 3.460e+02 1.933e+02
|        ( - -1.587e+04 6 0 QUESTION11 1 2.784e+02 7.366e+01)
|        ( - -2.659e+04 20 0 QUESTION2_1_L -1 2.377e+02 1.197e+02))
|    ( QUESTION2_3_L -1 -1.022e+05 5.882e+02 4.337e+02
|        ( SILENCE 1 -5.766e+04 6.843e+02 2.487e+02
|            ( - -9.666e+03 2 0 QUESTION11 -1 2.218e+02 4.078e+01)
|            ( QUESTION0_0_R 1 -4.731e+04 3.063e+02 2.079e+02
|                ( - -9.444e+02 1 0)
|                ( - -4.606e+04 25 0 QUESTION11 -1 2.673e+02 2.019e+02)))
|        ( QUESTION0_18_R 1 -4.398e+04 4.661e+02 1.850e+02
|            ( - 2.418e+02 1 0)
|            ( QUESTION0_16_R 1 -4.376e+04 4.441e+02 1.840e+02
|                ( - 1.960e+02 1 0)
|                ( - -4.351e+04 50 0 QUESTION0_5_R 1 2.928e+02 1.830e+02)))))
s>    ( QUESTION0_3_R 1 -1.458e+05 7.580e+02 6.270e+02
s>        ( QUESTION11 -1 -4.281e+04 3.460e+02 1.933e+02
s>            ( - -1.587e+04 6 0 QUESTION11 1 2.784e+02 7.366e+01)
s>            ( - -2.659e+04 20 0 QUESTION2_1_L -1 2.377e+02 1.197e+02))
s>        ( QUESTION2_3_L -1 -1.022e+05 5.882e+02 4.337e+02
s>            ( SILENCE 1 -5.766e+04 6.843e+02 2.487e+02
s>                ( - -9.666e+03 2 0 QUESTION11 -1 2.218e+02 4.078e+01)
s>                ( QUESTION0_0_R 1 -4.731e+04 3.063e+02 2.079e+02
s>                    ( - -9.444e+02 1 0)
s>                    ( - -4.606e+04 25 0 QUESTION11 -1 2.673e+02 2.019e+02)))
s>            ( QUESTION0_18_R 1 -4.398e+04 4.661e+02 1.850e+02
s>                ( - 2.418e+02 1 0)
s>                ( QUESTION0_16_R 1 -4.376e+04 4.441e+02 1.840e+02
s>                    ( - 1.960e+02 1 0)
s>                    ( - -4.351e+04 50 0 QUESTION0_5_R 1 2.928e+02 1.830e+02)))))INFO: dtree.c(1315): Comp split 0
INFO: dtree.c(1478): Final simple tree
|( QUESTION0_18_R 1 -5.409e+04 4.647e+02 2.258e+02
|    ( - 2.418e+02 1 0)
|    ( SILENCE 1 -5.386e+04 4.522e+02 2.248e+02
|        ( QUESTION2_1_L -1 -1.030e+04 2.170e+02 4.278e+01
|            ( QUESTION11 -1 -9.666e+03 2.218e+02 4.078e+01
|                ( - -8.166e+03 1 0)
|                ( - -1.277e+03 1 0))
|            ( - -4.201e+02 1 0))
|        ( QUESTION0_16_R 1 -4.311e+04 4.441e+02 1.820e+02
|            ( - 1.960e+02 1 0)
|            ( QUESTION0_5_R 1 -4.286e+04 2.857e+02 1.810e+02
|                ( QUESTION4 -1 -1.235e+04 2.288e+02 5.315e+01
|                    ( - -2.097e+02 1 0)
|                    ( - -1.191e+04 10 0 QUESTION13 -1 1.255e+02 5.115e+01))
|                ( - -3.023e+04 38 0 WDBNDRY_E 0 1.984e+02 1.278e+02)))))
s>    ( QUESTION0_18_R 1 -5.409e+04 4.647e+02 2.258e+02
s>        ( - 2.418e+02 1 0)
s>        ( SILENCE 1 -5.386e+04 4.522e+02 2.248e+02
s>            ( QUESTION2_1_L -1 -1.030e+04 2.170e+02 4.278e+01
s>                ( QUESTION11 -1 -9.666e+03 2.218e+02 4.078e+01
s>                    ( - -8.166e+03 1 0)
s>                    ( - -1.277e+03 1 0))
s>                ( - -4.201e+02 1 0))
s>            ( QUESTION0_16_R 1 -4.311e+04 4.441e+02 1.820e+02
s>                ( - 1.960e+02 1 0)
s>                ( QUESTION0_5_R 1 -4.286e+04 2.857e+02 1.810e+02
s>                    ( QUESTION4 -1 -1.235e+04 2.288e+02 5.315e+01
s>                        ( - -2.097e+02 1 0)
s>                        ( - -1.191e+04 10 0 QUESTION13 -1 1.255e+02 5.115e+01))
s>                    ( - -3.023e+04 38 0 WDBNDRY_E 0 1.984e+02 1.278e+02)))))INFO: dtree.c(1478): Final simple tree
|( QUESTION0_8_R 1 -9.067e+04 5.739e+02 4.012e+02
|    ( QUESTION11 -1 -3.852e+04 2.599e+02 1.697e+02
|        ( - -2.732e+04 15 0 QUESTION13 1 1.871e+02 1.213e+02)
|        ( QUESTION1 1 -1.094e+04 1.939e+02 4.835e+01
|            ( - -3.207e+03 2 0 QUESTION0_9_R 1 1.130e+02 1.451e+01)
|            ( - -7.536e+03 3 0 QUESTION0_11_R 1 1.369e+02 3.384e+01)))
|    ( QUESTION11 -1 -5.158e+04 3.656e+02 2.316e+02
|        ( QUESTION11 1 -2.462e+04 2.931e+02 1.119e+02
|            ( - -1.149e+04 4 0 WDBNDRY_E 0 1.244e+02 5.520e+01)
|            ( QUESTION0_0_R 1 -1.284e+04 2.872e+02 5.672e+01
|                ( - -9.444e+02 1 0)
|                ( - -1.161e+04 7 0 QUESTION0_7_R 1 1.536e+02 5.072e+01)))
|        ( QUESTION2_1_L -1 -2.659e+04 2.377e+02 1.197e+02
|            ( - -6.590e+03 2 0)
|            ( - -1.977e+04 18 0 QUESTION13 1 1.788e+02 8.726e+01))))
s>    ( QUESTION0_8_R 1 -9.067e+04 5.739e+02 4.012e+02
s>        ( QUESTION11 -1 -3.852e+04 2.599e+02 1.697e+02
s>            ( - -2.732e+04 15 0 QUESTION13 1 1.871e+02 1.213e+02)
s>            ( QUESTION1 1 -1.094e+04 1.939e+02 4.835e+01
s>                ( - -3.207e+03 2 0 QUESTION0_9_R 1 1.130e+02 1.451e+01)
s>                ( - -7.536e+03 3 0 QUESTION0_11_R 1 1.369e+02 3.384e+01)))
s>        ( QUESTION11 -1 -5.158e+04 3.656e+02 2.316e+02
s>            ( QUESTION11 1 -2.462e+04 2.931e+02 1.119e+02
s>                ( - -1.149e+04 4 0 WDBNDRY_E 0 1.244e+02 5.520e+01)
s>                ( QUESTION0_0_R 1 -1.284e+04 2.872e+02 5.672e+01
s>                    ( - -9.444e+02 1 0)
s>                    ( - -1.161e+04 7 0 QUESTION0_7_R 1 1.536e+02 5.072e+01)))
s>            ( QUESTION2_1_L -1 -2.659e+04 2.377e+02 1.197e+02
s>                ( - -6.590e+03 2 0)
s>                ( - -1.977e+04 18 0 QUESTION13 1 1.788e+02 8.726e+01))))INFO: dtree.c(1315): Comp split 1
INFO: dtree.c(1478): Final simple tree
|( QUESTION11 -1 -5.031e+04 2.833e+02 2.204e+02
|    ( QUESTION15 1 -3.909e+04 1.920e+02 1.720e+02
|        ( - -2.348e+03 1 0)
|        ( QUESTION0_7_R 1 -3.655e+04 1.792e+02 1.600e+02
|            ( - -6.121e+03 4 0 WDBNDRY_E 0 1.053e+02 2.721e+01)
|            ( QUESTION0_15_R 1 -3.025e+04 1.560e+02 1.328e+02
|                ( - -9.906e+03 3 0 QUESTION0_16_R 1 1.151e+02 4.480e+01)
|                ( QUESTION13 1 -2.019e+04 1.360e+02 8.802e+01
|                    ( - -3.070e+03 1 0)
|                    ( - -1.698e+04 13 0 QUESTION0_4_R 1 1.284e+02 7.363e+01)))))
|    ( QUESTION1 1 -1.094e+04 1.939e+02 4.835e+01
|        ( - -3.207e+03 2 0 QUESTION0_9_R 1 1.130e+02 1.451e+01)
|        ( QUESTION0_11_R 1 -7.536e+03 1.369e+02 3.384e+01
|            ( - -6.325e+03 2 0 WDBNDRY_E 0 8.310e+01 2.818e+01)
|            ( - -1.074e+03 1 0))))
s>    ( QUESTION11 -1 -5.031e+04 2.833e+02 2.204e+02
s>        ( QUESTION15 1 -3.909e+04 1.920e+02 1.720e+02
s>            ( - -2.348e+03 1 0)
s>            ( QUESTION0_7_R 1 -3.655e+04 1.792e+02 1.600e+02
s>                ( - -6.121e+03 4 0 WDBNDRY_E 0 1.053e+02 2.721e+01)
s>                ( QUESTION0_15_R 1 -3.025e+04 1.560e+02 1.328e+02
s>                    ( - -9.906e+03 3 0 QUESTION0_16_R 1 1.151e+02 4.480e+01)
s>                    ( QUESTION13 1 -2.019e+04 1.360e+02 8.802e+01
s>                        ( - -3.070e+03 1 0)
s>                        ( - -1.698e+04 13 0 QUESTION0_4_R 1 1.284e+02 7.363e+01)))))
s>        ( QUESTION1 1 -1.094e+04 1.939e+02 4.835e+01
s>            ( - -3.207e+03 2 0 QUESTION0_9_R 1 1.130e+02 1.451e+01)
s>            ( QUESTION0_11_R 1 -7.536e+03 1.369e+02 3.384e+01
s>                ( - -6.325e+03 2 0 WDBNDRY_E 0 8.310e+01 2.818e+01)
s>                ( - -1.074e+03 1 0))))INFO: dtree.c(1478): Final simple tree
|( QUESTION11 -1 -3.972e+04 3.914e+02 1.809e+02
|    ( QUESTION0_0_R 1 -1.273e+04 2.998e+02 6.120e+01
|        ( - -9.444e+02 1 0)
|        ( - -1.149e+04 4 0 WDBNDRY_E 0 1.244e+02 5.520e+01))
|    ( QUESTION2_1_L -1 -2.659e+04 2.377e+02 1.197e+02
|        ( - -6.590e+03 2 0)
|        ( QUESTION13 1 -1.977e+04 1.788e+02 8.726e+01
|            ( - -1.488e+03 2 0)
|            ( WDBNDRY_E 0 -1.810e+04 1.729e+02 8.019e+01
|                ( - -4.446e+03 3 0 QUESTION11 1 7.466e+01 1.999e+01)
|                ( QUESTION13 -1 -1.348e+04 1.513e+02 6.021e+01
|                    ( QUESTION11 1 -2.202e+03 1.577e+02 1.100e+01
|                        ( - -1.330e+03 1 0)
|                        ( - -7.139e+02 1 0))
|                    ( - -1.113e+04 11 0 QUESTION1 -1 1.306e+02 4.921e+01))))))
s>    ( QUESTION11 -1 -3.972e+04 3.914e+02 1.809e+02
s>        ( QUESTION0_0_R 1 -1.273e+04 2.998e+02 6.120e+01
s>            ( - -9.444e+02 1 0)
s>            ( - -1.149e+04 4 0 WDBNDRY_E 0 1.244e+02 5.520e+01))
s>        ( QUESTION2_1_L -1 -2.659e+04 2.377e+02 1.197e+02
s>            ( - -6.590e+03 2 0)
s>            ( QUESTION13 1 -1.977e+04 1.788e+02 8.726e+01
s>                ( - -1.488e+03 2 0)
s>                ( WDBNDRY_E 0 -1.810e+04 1.729e+02 8.019e+01
s>                    ( - -4.446e+03 3 0 QUESTION11 1 7.466e+01 1.999e+01)
s>                    ( QUESTION13 -1 -1.348e+04 1.513e+02 6.021e+01
s>                        ( QUESTION11 1 -2.202e+03 1.577e+02 1.100e+01
s>                            ( - -1.330e+03 1 0)
s>                            ( - -7.139e+02 1 0))
s>                        ( - -1.113e+04 11 0 QUESTION1 -1 1.306e+02 4.921e+01))))))INFO: dtree.c(1315): Comp split 2
INFO: dtree.c(1478): Final simple tree
|( SILENCE 1 -5.386e+04 4.522e+02 2.248e+02
|    ( QUESTION2_1_L -1 -1.030e+04 2.170e+02 4.278e+01
|        ( QUESTION11 -1 -9.666e+03 2.218e+02 4.078e+01
|            ( - -8.166e+03 1 0)
|            ( - -1.277e+03 1 0))
|        ( - -4.201e+02 1 0))
|    ( QUESTION0_16_R 1 -4.311e+04 4.441e+02 1.820e+02
|        ( - 1.960e+02 1 0)
|        ( QUESTION0_5_R 1 -4.286e+04 2.857e+02 1.810e+02
|            ( QUESTION4 -1 -1.235e+04 2.288e+02 5.315e+01
|                ( - -2.097e+02 1 0)
|                ( - -1.191e+04 10 0 QUESTION13 -1 1.255e+02 5.115e+01))
|            ( WDBNDRY_E 0 -3.023e+04 1.984e+02 1.278e+02
|                ( - -9.232e+03 11 0 QUESTION0_14_R 1 4.895e+02 4.034e+01)
|                ( - -2.080e+04 27 0 QUESTION0_0_R 1 4.549e+02 8.751e+01)))))
s>    ( SILENCE 1 -5.386e+04 4.522e+02 2.248e+02
s>        ( QUESTION2_1_L -1 -1.030e+04 2.170e+02 4.278e+01
s>            ( QUESTION11 -1 -9.666e+03 2.218e+02 4.078e+01
s>                ( - -8.166e+03 1 0)
s>                ( - -1.277e+03 1 0))
s>            ( - -4.201e+02 1 0))
s>        ( QUESTION0_16_R 1 -4.311e+04 4.441e+02 1.820e+02
s>            ( - 1.960e+02 1 0)
s>            ( QUESTION0_5_R 1 -4.286e+04 2.857e+02 1.810e+02
s>                ( QUESTION4 -1 -1.235e+04 2.288e+02 5.315e+01
s>                    ( - -2.097e+02 1 0)
s>                    ( - -1.191e+04 10 0 QUESTION13 -1 1.255e+02 5.115e+01))
s>                ( WDBNDRY_E 0 -3.023e+04 1.984e+02 1.278e+02
s>                    ( - -9.232e+03 11 0 QUESTION0_14_R 1 4.895e+02 4.034e+01)
s>                    ( - -2.080e+04 27 0 QUESTION0_0_R 1 4.549e+02 8.751e+01)))))INFO: dtree.c(1315): Comp split 3
INFO: dtree.c(1478): Final simple tree
|( QUESTION0_16_R 1 -4.311e+04 4.441e+02 1.820e+02
|    ( - 1.960e+02 1 0)
|    ( QUESTION0_5_R 1 -4.286e+04 2.857e+02 1.810e+02
|        ( QUESTION4 -1 -1.235e+04 2.288e+02 5.315e+01
|            ( - -2.097e+02 1 0)
|            ( - -1.191e+04 10 0 QUESTION13 -1 1.255e+02 5.115e+01))
|        ( WDBNDRY_E 0 -3.023e+04 1.984e+02 1.278e+02
|            ( QUESTION0_14_R 1 -9.232e+03 4.895e+02 4.034e+01
|                ( - 2.166e+02 1 0)
|                ( - -8.959e+03 10 0 QUESTION0_9_R 1 1.752e+02 3.934e+01))
|            ( QUESTION0_0_R 1 -2.080e+04 4.549e+02 8.751e+01
|                ( - 2.202e+02 1 0)
|                ( QUESTION0_14_R 1 -2.056e+04 2.257e+02 8.651e+01
|                    ( - -2.285e+02 1 0)
|                    ( - -2.011e+04 25 0 QUESTION19 1 1.632e+02 8.451e+01))))))
s>    ( QUESTION0_16_R 1 -4.311e+04 4.441e+02 1.820e+02
s>        ( - 1.960e+02 1 0)
s>        ( QUESTION0_5_R 1 -4.286e+04 2.857e+02 1.810e+02
s>            ( QUESTION4 -1 -1.235e+04 2.288e+02 5.315e+01
s>                ( - -2.097e+02 1 0)
s>                ( - -1.191e+04 10 0 QUESTION13 -1 1.255e+02 5.115e+01))
s>            ( WDBNDRY_E 0 -3.023e+04 1.984e+02 1.278e+02
s>                ( QUESTION0_14_R 1 -9.232e+03 4.895e+02 4.034e+01
s>                    ( - 2.166e+02 1 0)
s>                    ( - -8.959e+03 10 0 QUESTION0_9_R 1 1.752e+02 3.934e+01))
s>                ( QUESTION0_0_R 1 -2.080e+04 4.549e+02 8.751e+01
s>                    ( - 2.202e+02 1 0)
s>                    ( QUESTION0_14_R 1 -2.056e+04 2.257e+02 8.651e+01
s>                        ( - -2.285e+02 1 0)
s>                        ( - -2.011e+04 25 0 QUESTION19 1 1.632e+02 8.451e+01))))))INFO: dtree.c(1439): stop. leaf nodes are specific
INFO: dtree.c(1478): Final simple tree
|( QUESTION2_1_L -1 -1.030e+04 2.170e+02 4.278e+01
|    ( QUESTION11 -1 -9.666e+03 2.218e+02 4.078e+01
|        ( - -8.166e+03 1 0)
|        ( - -1.277e+03 1 0))
|    ( - -4.201e+02 1 0))
s>    ( QUESTION2_1_L -1 -1.030e+04 2.170e+02 4.278e+01
s>        ( QUESTION11 -1 -9.666e+03 2.218e+02 4.078e+01
s>            ( - -8.166e+03 1 0)
s>            ( - -1.277e+03 1 0))
s>        ( - -4.201e+02 1 0))INFO: dtree.c(1315): Comp split 4
INFO: dtree.c(1478): Final simple tree
|( QUESTION0_16_R 1 -4.285e+04 4.442e+02 1.810e+02
|    ( - 1.960e+02 1 0)
|    ( QUESTION0_5_R 1 -4.260e+04 2.879e+02 1.800e+02
|        ( QUESTION4 -1 -1.235e+04 2.288e+02 5.315e+01
|            ( - -2.097e+02 1 0)
|            ( - -1.191e+04 10 0 QUESTION13 -1 1.255e+02 5.115e+01))
|        ( QUESTION0_14_R 1 -2.997e+04 2.271e+02 1.268e+02
|            ( - -2.285e+02 1 0)
|            ( WDBNDRY_E 0 -2.951e+04 2.119e+02 1.248e+02
|                ( QUESTION0_9_R 1 -8.959e+03 1.752e+02 3.934e+01
|                    ( - -3.087e+03 4 0)
|                    ( - -5.697e+03 6 0 QUESTION0_2_R 1 1.400e+02 2.440e+01))
|                ( QUESTION0_0_R 1 -2.034e+04 4.548e+02 8.551e+01
|                    ( - 2.202e+02 1 0)
|                    ( - -2.011e+04 25 0 QUESTION19 1 1.632e+02 8.451e+01))))))
s>    ( QUESTION0_16_R 1 -4.285e+04 4.442e+02 1.810e+02
s>        ( - 1.960e+02 1 0)
s>        ( QUESTION0_5_R 1 -4.260e+04 2.879e+02 1.800e+02
s>            ( QUESTION4 -1 -1.235e+04 2.288e+02 5.315e+01
s>                ( - -2.097e+02 1 0)
s>                ( - -1.191e+04 10 0 QUESTION13 -1 1.255e+02 5.115e+01))
s>            ( QUESTION0_14_R 1 -2.997e+04 2.271e+02 1.268e+02
s>                ( - -2.285e+02 1 0)
s>                ( WDBNDRY_E 0 -2.951e+04 2.119e+02 1.248e+02
s>                    ( QUESTION0_9_R 1 -8.959e+03 1.752e+02 3.934e+01
s>                        ( - -3.087e+03 4 0)
s>                        ( - -5.697e+03 6 0 QUESTION0_2_R 1 1.400e+02 2.440e+01))
s>                    ( QUESTION0_0_R 1 -2.034e+04 4.548e+02 8.551e+01
s>                        ( - 2.202e+02 1 0)
s>                        ( - -2.011e+04 25 0 QUESTION19 1 1.632e+02 8.451e+01))))))INFO: dtree.c(1315): Comp split 5
INFO: dtree.c(1478): Final simple tree
|( QUESTION0_16_R 1 -4.262e+04 4.442e+02 1.800e+02
|    ( - 1.960e+02 1 0)
|    ( QUESTION0_5_R 1 -4.237e+04 2.887e+02 1.790e+02
|        ( QUESTION4 -1 -1.235e+04 2.288e+02 5.315e+01
|            ( - -2.097e+02 1 0)
|            ( - -1.191e+04 10 0 QUESTION13 -1 1.255e+02 5.115e+01))
|        ( QUESTION0_14_R 1 -2.974e+04 2.270e+02 1.258e+02
|            ( - -2.285e+02 1 0)
|            ( WDBNDRY_E 0 -2.928e+04 2.125e+02 1.238e+02
|                ( QUESTION0_9_R 1 -8.959e+03 1.752e+02 3.934e+01
|                    ( - -3.087e+03 4 0)
|                    ( - -5.697e+03 6 0 QUESTION0_2_R 1 1.400e+02 2.440e+01))
|                ( QUESTION19 1 -2.011e+04 1.632e+02 8.451e+01
|                    ( - -7.948e+03 7 0 QUESTION2_1_L -1 1.722e+02 3.564e+01)
|                    ( - -1.200e+04 18 0 QUESTION0_9_R 1 1.241e+02 4.887e+01))))))
s>    ( QUESTION0_16_R 1 -4.262e+04 4.442e+02 1.800e+02
s>        ( - 1.960e+02 1 0)
s>        ( QUESTION0_5_R 1 -4.237e+04 2.887e+02 1.790e+02
s>            ( QUESTION4 -1 -1.235e+04 2.288e+02 5.315e+01
s>                ( - -2.097e+02 1 0)
s>                ( - -1.191e+04 10 0 QUESTION13 -1 1.255e+02 5.115e+01))
s>            ( QUESTION0_14_R 1 -2.974e+04 2.270e+02 1.258e+02
s>                ( - -2.285e+02 1 0)
s>                ( WDBNDRY_E 0 -2.928e+04 2.125e+02 1.238e+02
s>                    ( QUESTION0_9_R 1 -8.959e+03 1.752e+02 3.934e+01
s>                        ( - -3.087e+03 4 0)
s>                        ( - -5.697e+03 6 0 QUESTION0_2_R 1 1.400e+02 2.440e+01))
s>                    ( QUESTION19 1 -2.011e+04 1.632e+02 8.451e+01
s>                        ( - -7.948e+03 7 0 QUESTION2_1_L -1 1.722e+02 3.564e+01)
s>                        ( - -1.200e+04 18 0 QUESTION0_9_R 1 1.241e+02 4.887e+01))))))INFO: dtree.c(1315): Comp split 6
INFO: dtree.c(1478): Final simple tree
|( QUESTION0_5_R 1 -4.237e+04 2.887e+02 1.790e+02
|    ( QUESTION4 -1 -1.235e+04 2.288e+02 5.315e+01
|        ( - -2.097e+02 1 0)
|        ( - -1.191e+04 10 0 QUESTION13 -1 1.255e+02 5.115e+01))
|    ( QUESTION0_14_R 1 -2.974e+04 2.270e+02 1.258e+02
|        ( - -2.285e+02 1 0)
|        ( WDBNDRY_E 0 -2.928e+04 2.125e+02 1.238e+02
|            ( QUESTION0_9_R 1 -8.959e+03 1.752e+02 3.934e+01
|                ( - -3.087e+03 4 0)
|                ( - -5.697e+03 6 0 QUESTION0_2_R 1 1.400e+02 2.440e+01))
|            ( QUESTION19 1 -2.011e+04 1.632e+02 8.451e+01
|                ( QUESTION2_1_L -1 -7.948e+03 1.722e+02 3.564e+01
|                    ( - -1.678e+03 2 0)
|                    ( - -6.097e+03 5 0))
|                ( - -1.200e+04 18 0 QUESTION0_9_R 1 1.241e+02 4.887e+01)))))
s>    ( QUESTION0_5_R 1 -4.237e+04 2.887e+02 1.790e+02
s>        ( QUESTION4 -1 -1.235e+04 2.288e+02 5.315e+01
s>            ( - -2.097e+02 1 0)
s>            ( - -1.191e+04 10 0 QUESTION13 -1 1.255e+02 5.115e+01))
s>        ( QUESTION0_14_R 1 -2.974e+04 2.270e+02 1.258e+02
s>            ( - -2.285e+02 1 0)
s>            ( WDBNDRY_E 0 -2.928e+04 2.125e+02 1.238e+02
s>                ( QUESTION0_9_R 1 -8.959e+03 1.752e+02 3.934e+01
s>                    ( - -3.087e+03 4 0)
s>                    ( - -5.697e+03 6 0 QUESTION0_2_R 1 1.400e+02 2.440e+01))
s>                ( QUESTION19 1 -2.011e+04 1.632e+02 8.451e+01
s>                    ( QUESTION2_1_L -1 -7.948e+03 1.722e+02 3.564e+01
s>                        ( - -1.678e+03 2 0)
s>                        ( - -6.097e+03 5 0))
s>                    ( - -1.200e+04 18 0 QUESTION0_9_R 1 1.241e+02 4.887e+01)))))INFO: dtree.c(1315): Comp split 7
INFO: dtree.c(1478): Final simple tree
|( QUESTION0_14_R 1 -1.565e+04 2.294e+02 6.957e+01
|    ( - -2.285e+02 1 0)
|    ( QUESTION0_9_R 1 -1.519e+04 1.529e+02 6.757e+01
|        ( - -3.087e+03 4 0)
|        ( WDBNDRY_E 0 -1.195e+04 1.569e+02 5.263e+01
|            ( QUESTION0_2_R 1 -5.697e+03 1.400e+02 2.440e+01
|                ( - -1.361e+03 1 0)
|                ( QUESTION7 1 -4.196e+03 9.425e+01 1.770e+01
|                    ( - -2.179e+02 1 0)
|                    ( QUESTION0_19_R 1 -3.884e+03 1.049e+02 1.670e+01
|                        ( - -2.348e+03 2 0)
|                        ( QUESTION0_0_R 1 -1.431e+03 9.098e+01 6.080e+00
|                            ( - -4.249e+02 1 0)
|                            ( - -9.148e+02 1 0)))))
|            ( - -6.097e+03 5 0))))
s>    ( QUESTION0_14_R 1 -1.565e+04 2.294e+02 6.957e+01
s>        ( - -2.285e+02 1 0)
s>        ( QUESTION0_9_R 1 -1.519e+04 1.529e+02 6.757e+01
s>            ( - -3.087e+03 4 0)
s>            ( WDBNDRY_E 0 -1.195e+04 1.569e+02 5.263e+01
s>                ( QUESTION0_2_R 1 -5.697e+03 1.400e+02 2.440e+01
s>                    ( - -1.361e+03 1 0)
s>                    ( QUESTION7 1 -4.196e+03 9.425e+01 1.770e+01
s>                        ( - -2.179e+02 1 0)
s>                        ( QUESTION0_19_R 1 -3.884e+03 1.049e+02 1.670e+01
s>                            ( - -2.348e+03 2 0)
s>                            ( QUESTION0_0_R 1 -1.431e+03 9.098e+01 6.080e+00
s>                                ( - -4.249e+02 1 0)
s>                                ( - -9.148e+02 1 0)))))
s>                ( - -6.097e+03 5 0))))INFO: dtree.c(1478): Final simple tree
|( QUESTION4 -1 -2.632e+04 2.273e+02 1.094e+02
|    ( - -2.097e+02 1 0)
|    ( QUESTION0_10_R 1 -2.589e+04 1.865e+02 1.074e+02
|        ( QUESTION0 1 -8.070e+03 1.327e+02 3.294e+01
|            ( - -6.471e+03 9 0 QUESTION0_12_R 1 8.578e+01 2.615e+01)
|            ( - -1.466e+03 1 0))
|        ( QUESTION2_1_L -1 -1.763e+04 1.287e+02 7.449e+01
|            ( - -2.266e+03 4 0 QUESTION11 -1 8.516e+01 9.407e+00)
|            ( QUESTION13 -1 -1.524e+04 1.204e+02 6.508e+01
|                ( - -1.119e+03 1 0)
|                ( QUESTION0_2_R 1 -1.400e+04 1.062e+02 5.996e+01
|                    ( QUESTION0_5_R 1 -1.122e+04 9.436e+01 4.802e+01
|                        ( - -1.066e+04 9 0 QUESTION0 -1 8.365e+01 4.602e+01)
|                        ( - -4.675e+02 2 0))
|                    ( - -2.666e+03 4 0))))))
s>    ( QUESTION4 -1 -2.632e+04 2.273e+02 1.094e+02
s>        ( - -2.097e+02 1 0)
s>        ( QUESTION0_10_R 1 -2.589e+04 1.865e+02 1.074e+02
s>            ( QUESTION0 1 -8.070e+03 1.327e+02 3.294e+01
s>                ( - -6.471e+03 9 0 QUESTION0_12_R 1 8.578e+01 2.615e+01)
s>                ( - -1.466e+03 1 0))
s>            ( QUESTION2_1_L -1 -1.763e+04 1.287e+02 7.449e+01
s>                ( - -2.266e+03 4 0 QUESTION11 -1 8.516e+01 9.407e+00)
s>                ( QUESTION13 -1 -1.524e+04 1.204e+02 6.508e+01
s>                    ( - -1.119e+03 1 0)
s>                    ( QUESTION0_2_R 1 -1.400e+04 1.062e+02 5.996e+01
s>                        ( QUESTION0_5_R 1 -1.122e+04 9.436e+01 4.802e+01
s>                            ( - -1.066e+04 9 0 QUESTION0 -1 8.365e+01 4.602e+01)
s>                            ( - -4.675e+02 2 0))
s>                        ( - -2.666e+03 4 0))))))INFO: dtree.c(1315): Comp split 8
INFO: dtree.c(1439): stop. leaf nodes are specific
INFO: dtree.c(1478): Final simple tree
|( WDBNDRY_E 0 -1.149e+04 1.244e+02 5.520e+01
|    ( - -6.731e+02 2 0)
|    ( - -1.069e+04 2 0))
s>    ( WDBNDRY_E 0 -1.149e+04 1.244e+02 5.520e+01
s>        ( - -6.731e+02 2 0)
s>        ( - -1.069e+04 2 0))INFO: dtree.c(1478): Final simple tree
|( QUESTION0_0_R 1 -2.783e+04 2.950e+02 1.257e+02
|    ( - -9.444e+02 1 0)
|    ( QUESTION2_1_L -1 -2.659e+04 2.377e+02 1.197e+02
|        ( - -6.590e+03 2 0)
|        ( QUESTION13 1 -1.977e+04 1.788e+02 8.726e+01
|            ( - -1.488e+03 2 0)
|            ( WDBNDRY_E 0 -1.810e+04 1.729e+02 8.019e+01
|                ( - -4.446e+03 3 0 QUESTION11 1 7.466e+01 1.999e+01)
|                ( QUESTION13 -1 -1.348e+04 1.513e+02 6.021e+01
|                    ( QUESTION11 1 -2.202e+03 1.577e+02 1.100e+01
|                        ( - -1.330e+03 1 0)
|                        ( - -7.139e+02 1 0))
|                    ( QUESTION1 -1 -1.113e+04 1.306e+02 4.921e+01
|                        ( - -3.101e+03 2 0 QUESTION11 1 1.024e+02 1.431e+01)
|                        ( - -7.895e+03 9 0 QUESTION11 1 8.161e+01 3.490e+01)))))))
s>    ( QUESTION0_0_R 1 -2.783e+04 2.950e+02 1.257e+02
s>        ( - -9.444e+02 1 0)
s>        ( QUESTION2_1_L -1 -2.659e+04 2.377e+02 1.197e+02
s>            ( - -6.590e+03 2 0)
s>            ( QUESTION13 1 -1.977e+04 1.788e+02 8.726e+01
s>                ( - -1.488e+03 2 0)
s>                ( WDBNDRY_E 0 -1.810e+04 1.729e+02 8.019e+01
s>                    ( - -4.446e+03 3 0 QUESTION11 1 7.466e+01 1.999e+01)
s>                    ( QUESTION13 -1 -1.348e+04 1.513e+02 6.021e+01
s>                        ( QUESTION11 1 -2.202e+03 1.577e+02 1.100e+01
s>                            ( - -1.330e+03 1 0)
s>                            ( - -7.139e+02 1 0))
s>                        ( QUESTION1 -1 -1.113e+04 1.306e+02 4.921e+01
s>                            ( - -3.101e+03 2 0 QUESTION11 1 1.024e+02 1.431e+01)
s>                            ( - -7.895e+03 9 0 QUESTION11 1 8.161e+01 3.490e+01)))))))INFO: dtree.c(1315): Comp split 9
INFO: dtree.c(1478): Final simple tree
|( QUESTION2_1_L -1 -2.659e+04 2.377e+02 1.197e+02
|    ( - -6.590e+03 2 0)
|    ( QUESTION13 1 -1.977e+04 1.788e+02 8.726e+01
|        ( - -1.488e+03 2 0)
|        ( WDBNDRY_E 0 -1.810e+04 1.729e+02 8.019e+01
|            ( - -4.446e+03 3 0 QUESTION11 1 7.466e+01 1.999e+01)
|            ( QUESTION13 -1 -1.348e+04 1.513e+02 6.021e+01
|                ( QUESTION11 1 -2.202e+03 1.577e+02 1.100e+01
|                    ( - -1.330e+03 1 0)
|                    ( - -7.139e+02 1 0))
|                ( QUESTION1 -1 -1.113e+04 1.306e+02 4.921e+01
|                    ( QUESTION11 1 -3.101e+03 1.024e+02 1.431e+01
|                        ( - -2.761e+03 1 0)
|                        ( - -2.374e+02 1 0))
|                    ( - -7.895e+03 9 0 QUESTION11 1 8.161e+01 3.490e+01))))))
s>    ( QUESTION2_1_L -1 -2.659e+04 2.377e+02 1.197e+02
s>        ( - -6.590e+03 2 0)
s>        ( QUESTION13 1 -1.977e+04 1.788e+02 8.726e+01
s>            ( - -1.488e+03 2 0)
s>            ( WDBNDRY_E 0 -1.810e+04 1.729e+02 8.019e+01
s>                ( - -4.446e+03 3 0 QUESTION11 1 7.466e+01 1.999e+01)
s>                ( QUESTION13 -1 -1.348e+04 1.513e+02 6.021e+01
s>                    ( QUESTION11 1 -2.202e+03 1.577e+02 1.100e+01
s>                        ( - -1.330e+03 1 0)
s>                        ( - -7.139e+02 1 0))
s>                    ( QUESTION1 -1 -1.113e+04 1.306e+02 4.921e+01
s>                        ( QUESTION11 1 -3.101e+03 1.024e+02 1.431e+01
s>                            ( - -2.761e+03 1 0)
s>                            ( - -2.374e+02 1 0))
s>                        ( - -7.895e+03 9 0 QUESTION11 1 8.161e+01 3.490e+01))))))INFO: dtree.c(1315): Comp split 10
INFO: dtree.c(1478): Final simple tree
|( QUESTION15 1 -3.909e+04 1.920e+02 1.720e+02
|    ( - -2.348e+03 1 0)
|    ( QUESTION0_7_R 1 -3.655e+04 1.792e+02 1.600e+02
|        ( - -6.121e+03 4 0 WDBNDRY_E 0 1.053e+02 2.721e+01)
|        ( QUESTION0_15_R 1 -3.025e+04 1.560e+02 1.328e+02
|            ( - -9.906e+03 3 0 QUESTION0_16_R 1 1.151e+02 4.480e+01)
|            ( QUESTION13 1 -2.019e+04 1.360e+02 8.802e+01
|                ( - -3.070e+03 1 0)
|                ( QUESTION0_4_R 1 -1.698e+04 1.284e+02 7.363e+01
|                    ( - -1.102e+03 1 0)
|                    ( QUESTION4 1 -1.575e+04 1.295e+02 6.858e+01
|                        ( QUESTION0_11_R 1 -9.309e+03 1.174e+02 4.119e+01
|                            ( - -4.875e+03 5 0 WDBNDRY_E 0 9.415e+01 2.187e+01)
|                            ( - -4.317e+03 3 0 QUESTION7 1 1.112e+02 1.931e+01))
|                        ( - -6.314e+03 4 0 QUESTION0_2_R 1 1.108e+02 2.739e+01)))))))
s>    ( QUESTION15 1 -3.909e+04 1.920e+02 1.720e+02
s>        ( - -2.348e+03 1 0)
s>        ( QUESTION0_7_R 1 -3.655e+04 1.792e+02 1.600e+02
s>            ( - -6.121e+03 4 0 WDBNDRY_E 0 1.053e+02 2.721e+01)
s>            ( QUESTION0_15_R 1 -3.025e+04 1.560e+02 1.328e+02
s>                ( - -9.906e+03 3 0 QUESTION0_16_R 1 1.151e+02 4.480e+01)
s>                ( QUESTION13 1 -2.019e+04 1.360e+02 8.802e+01
s>                    ( - -3.070e+03 1 0)
s>                    ( QUESTION0_4_R 1 -1.698e+04 1.284e+02 7.363e+01
s>                        ( - -1.102e+03 1 0)
s>                        ( QUESTION4 1 -1.575e+04 1.295e+02 6.858e+01
s>                            ( QUESTION0_11_R 1 -9.309e+03 1.174e+02 4.119e+01
s>                                ( - -4.875e+03 5 0 WDBNDRY_E 0 9.415e+01 2.187e+01)
s>                                ( - -4.317e+03 3 0 QUESTION7 1 1.112e+02 1.931e+01))
s>                            ( - -6.314e+03 4 0 QUESTION0_2_R 1 1.108e+02 2.739e+01)))))))INFO: dtree.c(1439): stop. leaf nodes are specific
INFO: dtree.c(1478): Final simple tree
|( QUESTION1 1 -1.094e+04 1.939e+02 4.835e+01
|    ( QUESTION0_9_R 1 -3.207e+03 1.130e+02 1.451e+01
|        ( - -2.531e+03 1 0)
|        ( - -5.628e+02 1 0))
|    ( QUESTION0_11_R 1 -7.536e+03 1.369e+02 3.384e+01
|        ( WDBNDRY_E 0 -6.325e+03 8.310e+01 2.818e+01
|            ( - -6.257e+02 1 0)
|            ( - -5.617e+03 1 0))
|        ( - -1.074e+03 1 0)))
s>    ( QUESTION1 1 -1.094e+04 1.939e+02 4.835e+01
s>        ( QUESTION0_9_R 1 -3.207e+03 1.130e+02 1.451e+01
s>            ( - -2.531e+03 1 0)
s>            ( - -5.628e+02 1 0))
s>        ( QUESTION0_11_R 1 -7.536e+03 1.369e+02 3.384e+01
s>            ( WDBNDRY_E 0 -6.325e+03 8.310e+01 2.818e+01
s>                ( - -6.257e+02 1 0)
s>                ( - -5.617e+03 1 0))
s>            ( - -1.074e+03 1 0)))INFO: dtree.c(1315): Comp split 11
INFO: dtree.c(1439): stop. leaf nodes are specific
INFO: dtree.c(1478): Final simple tree
|( QUESTION13 -1 -7.439e+03 1.349e+02 3.640e+01
|    ( - -7.139e+02 1 0)
|    ( - -6.590e+03 2 0))
s>    ( QUESTION13 -1 -7.439e+03 1.349e+02 3.640e+01
s>        ( - -7.139e+02 1 0)
s>        ( - -6.590e+03 2 0))INFO: dtree.c(1478): Final simple tree
|( WDBNDRY_E 0 -1.890e+04 1.823e+02 8.326e+01
|    ( QUESTION11 1 -4.446e+03 7.466e+01 1.999e+01
|        ( - -3.820e+03 2 0)
|        ( - -5.513e+02 1 0))
|    ( QUESTION11 1 -1.427e+04 1.756e+02 6.328e+01
|        ( QUESTION13 -1 -9.871e+03 1.408e+02 4.551e+01
|            ( - -1.330e+03 1 0)
|            ( QUESTION0 -1 -8.400e+03 1.312e+02 3.851e+01
|                ( - -2.761e+03 1 0)
|                ( - -5.508e+03 5 0)))
|        ( QUESTION13 1 -4.220e+03 1.164e+02 1.777e+01
|            ( - -1.488e+03 2 0)
|            ( QUESTION0 -1 -2.616e+03 7.873e+01 1.070e+01
|                ( - -5.096e+02 2 0 QUESTION1 -1 6.518e+01 2.000e+00)
|                ( - -2.027e+03 3 0)))))
s>    ( WDBNDRY_E 0 -1.890e+04 1.823e+02 8.326e+01
s>        ( QUESTION11 1 -4.446e+03 7.466e+01 1.999e+01
s>            ( - -3.820e+03 2 0)
s>            ( - -5.513e+02 1 0))
s>        ( QUESTION11 1 -1.427e+04 1.756e+02 6.328e+01
s>            ( QUESTION13 -1 -9.871e+03 1.408e+02 4.551e+01
s>                ( - -1.330e+03 1 0)
s>                ( QUESTION0 -1 -8.400e+03 1.312e+02 3.851e+01
s>                    ( - -2.761e+03 1 0)
s>                    ( - -5.508e+03 5 0)))
s>            ( QUESTION13 1 -4.220e+03 1.164e+02 1.777e+01
s>                ( - -1.488e+03 2 0)
s>                ( QUESTION0 -1 -2.616e+03 7.873e+01 1.070e+01
s>                    ( - -5.096e+02 2 0 QUESTION1 -1 6.518e+01 2.000e+00)
s>                    ( - -2.027e+03 3 0)))))INFO: dtree.c(1315): Comp split 12
INFO: dtree.c(1439): stop. leaf nodes are specific
INFO: dtree.c(1478): Final simple tree
|( QUESTION0_9_R 1 -1.519e+04 1.529e+02 6.757e+01
|    ( - -3.087e+03 4 0)
|    ( WDBNDRY_E 0 -1.195e+04 1.569e+02 5.263e+01
|        ( QUESTION0_2_R 1 -5.697e+03 1.400e+02 2.440e+01
|            ( - -1.361e+03 1 0)
|            ( QUESTION7 1 -4.196e+03 9.425e+01 1.770e+01
|                ( - -2.179e+02 1 0)
|                ( QUESTION0_19_R 1 -3.884e+03 1.049e+02 1.670e+01
|                    ( - -2.348e+03 2 0)
|                    ( QUESTION0_0_R 1 -1.431e+03 9.098e+01 6.080e+00
|                        ( - -4.249e+02 1 0)
|                        ( - -9.148e+02 1 0)))))
|        ( - -6.097e+03 5 0)))
s>    ( QUESTION0_9_R 1 -1.519e+04 1.529e+02 6.757e+01
s>        ( - -3.087e+03 4 0)
s>        ( WDBNDRY_E 0 -1.195e+04 1.569e+02 5.263e+01
s>            ( QUESTION0_2_R 1 -5.697e+03 1.400e+02 2.440e+01
s>                ( - -1.361e+03 1 0)
s>                ( QUESTION7 1 -4.196e+03 9.425e+01 1.770e+01
s>                    ( - -2.179e+02 1 0)
s>                    ( QUESTION0_19_R 1 -3.884e+03 1.049e+02 1.670e+01
s>                        ( - -2.348e+03 2 0)
s>                        ( QUESTION0_0_R 1 -1.431e+03 9.098e+01 6.080e+00
s>                            ( - -4.249e+02 1 0)
s>                            ( - -9.148e+02 1 0)))))
s>            ( - -6.097e+03 5 0)))INFO: dtree.c(1315): Comp split 13
INFO: dtree.c(1478): Final simple tree
|( QUESTION0_10_R 1 -2.589e+04 1.865e+02 1.074e+02
|    ( QUESTION0 1 -8.070e+03 1.327e+02 3.294e+01
|        ( QUESTION0_12_R 1 -6.471e+03 8.578e+01 2.615e+01
|            ( - -1.646e+03 2 0)
|            ( - -4.739e+03 7 0 QUESTION0_11_R 1 7.687e+01 1.999e+01))
|        ( - -1.466e+03 1 0))
|    ( QUESTION2_1_L -1 -1.763e+04 1.287e+02 7.449e+01
|        ( - -2.266e+03 4 0 QUESTION11 -1 8.516e+01 9.407e+00)
|        ( QUESTION13 -1 -1.524e+04 1.204e+02 6.508e+01
|            ( - -1.119e+03 1 0)
|            ( QUESTION0_2_R 1 -1.400e+04 1.062e+02 5.996e+01
|                ( QUESTION0_5_R 1 -1.122e+04 9.436e+01 4.802e+01
|                    ( - -1.066e+04 9 0 QUESTION0 -1 8.365e+01 4.602e+01)
|                    ( - -4.675e+02 2 0))
|                ( - -2.666e+03 4 0)))))
s>    ( QUESTION0_10_R 1 -2.589e+04 1.865e+02 1.074e+02
s>        ( QUESTION0 1 -8.070e+03 1.327e+02 3.294e+01
s>            ( QUESTION0_12_R 1 -6.471e+03 8.578e+01 2.615e+01
s>                ( - -1.646e+03 2 0)
s>                ( - -4.739e+03 7 0 QUESTION0_11_R 1 7.687e+01 1.999e+01))
s>            ( - -1.466e+03 1 0))
s>        ( QUESTION2_1_L -1 -1.763e+04 1.287e+02 7.449e+01
s>            ( - -2.266e+03 4 0 QUESTION11 -1 8.516e+01 9.407e+00)
s>            ( QUESTION13 -1 -1.524e+04 1.204e+02 6.508e+01
s>                ( - -1.119e+03 1 0)
s>                ( QUESTION0_2_R 1 -1.400e+04 1.062e+02 5.996e+01
s>                    ( QUESTION0_5_R 1 -1.122e+04 9.436e+01 4.802e+01
s>                        ( - -1.066e+04 9 0 QUESTION0 -1 8.365e+01 4.602e+01)
s>                        ( - -4.675e+02 2 0))
s>                    ( - -2.666e+03 4 0)))))INFO: dtree.c(1315): Comp split 14
INFO: dtree.c(1439): stop. leaf nodes are specific
INFO: dtree.c(1478): Final simple tree
|( QUESTION11 -1 -9.666e+03 2.218e+02 4.078e+01
|    ( - -8.166e+03 1 0)
|    ( - -1.277e+03 1 0))
s>    ( QUESTION11 -1 -9.666e+03 2.218e+02 4.078e+01
s>        ( - -8.166e+03 1 0)
s>        ( - -1.277e+03 1 0))INFO: dtree.c(1315): Comp split 15
INFO: dtree.c(1315): Comp split 16
INFO: dtree.c(1439): stop. leaf nodes are specific
INFO: dtree.c(1478): Final simple tree
|( QUESTION0 -1 -4.226e+03 1.352e+02 2.031e+01
|    ( - -2.761e+03 1 0)
|    ( - -1.330e+03 1 0))
s>    ( QUESTION0 -1 -4.226e+03 1.352e+02 2.031e+01
s>        ( - -2.761e+03 1 0)
s>        ( - -1.330e+03 1 0))INFO: dtree.c(1439): stop. leaf nodes are specific
INFO: dtree.c(1478): Final simple tree
|( WDBNDRY_E 0 -1.446e+04 1.642e+02 6.296e+01
|    ( QUESTION11 1 -4.446e+03 7.466e+01 1.999e+01
|        ( - -3.820e+03 2 0)
|        ( - -5.513e+02 1 0))
|    ( QUESTION13 1 -9.851e+03 1.442e+02 4.297e+01
|        ( - -1.488e+03 2 0)
|        ( QUESTION11 1 -8.219e+03 9.502e+01 3.590e+01
|            ( - -5.508e+03 5 0)
|            ( QUESTION0 -1 -2.616e+03 7.873e+01 1.070e+01
|                ( QUESTION1 -1 -5.096e+02 6.518e+01 2.000e+00
|                    ( - -2.374e+02 1 0)
|                    ( - -2.070e+02 1 0))
|                ( - -2.027e+03 3 0)))))
s>    ( WDBNDRY_E 0 -1.446e+04 1.642e+02 6.296e+01
s>        ( QUESTION11 1 -4.446e+03 7.466e+01 1.999e+01
s>            ( - -3.820e+03 2 0)
s>            ( - -5.513e+02 1 0))
s>        ( QUESTION13 1 -9.851e+03 1.442e+02 4.297e+01
s>            ( - -1.488e+03 2 0)
s>            ( QUESTION11 1 -8.219e+03 9.502e+01 3.590e+01
s>                ( - -5.508e+03 5 0)
s>                ( QUESTION0 -1 -2.616e+03 7.873e+01 1.070e+01
s>                    ( QUESTION1 -1 -5.096e+02 6.518e+01 2.000e+00
s>                        ( - -2.374e+02 1 0)
s>                        ( - -2.070e+02 1 0))
s>                    ( - -2.027e+03 3 0)))))INFO: dtree.c(1315): Comp split 17
INFO: dtree.c(1478): Final simple tree
|( QUESTION0_15_R 1 -3.025e+04 1.560e+02 1.328e+02
|    ( QUESTION0_16_R 1 -9.906e+03 1.151e+02 4.480e+01
|        ( - -1.237e+03 1 0)
|        ( - -8.554e+03 2 0 WDBNDRY_E 0 9.753e+01 3.882e+01))
|    ( QUESTION13 1 -2.019e+04 1.360e+02 8.802e+01
|        ( - -3.070e+03 1 0)
|        ( QUESTION0_4_R 1 -1.698e+04 1.284e+02 7.363e+01
|            ( - -1.102e+03 1 0)
|            ( QUESTION4 1 -1.575e+04 1.295e+02 6.858e+01
|                ( QUESTION0_11_R 1 -9.309e+03 1.174e+02 4.119e+01
|                    ( - -4.875e+03 5 0 WDBNDRY_E 0 9.415e+01 2.187e+01)
|                    ( QUESTION7 1 -4.317e+03 1.112e+02 1.931e+01
|                        ( - -5.567e+02 1 0)
|                        ( - -3.649e+03 2 0 WDBNDRY_E 0 9.470e+01 1.731e+01)))
|                ( - -6.314e+03 4 0 QUESTION0_2_R 1 1.108e+02 2.739e+01)))))
s>    ( QUESTION0_15_R 1 -3.025e+04 1.560e+02 1.328e+02
s>        ( QUESTION0_16_R 1 -9.906e+03 1.151e+02 4.480e+01
s>            ( - -1.237e+03 1 0)
s>            ( - -8.554e+03 2 0 WDBNDRY_E 0 9.753e+01 3.882e+01))
s>        ( QUESTION13 1 -2.019e+04 1.360e+02 8.802e+01
s>            ( - -3.070e+03 1 0)
s>            ( QUESTION0_4_R 1 -1.698e+04 1.284e+02 7.363e+01
s>                ( - -1.102e+03 1 0)
s>                ( QUESTION4 1 -1.575e+04 1.295e+02 6.858e+01
s>                    ( QUESTION0_11_R 1 -9.309e+03 1.174e+02 4.119e+01
s>                        ( - -4.875e+03 5 0 WDBNDRY_E 0 9.415e+01 2.187e+01)
s>                        ( QUESTION7 1 -4.317e+03 1.112e+02 1.931e+01
s>                            ( - -5.567e+02 1 0)
s>                            ( - -3.649e+03 2 0 WDBNDRY_E 0 9.470e+01 1.731e+01)))
s>                    ( - -6.314e+03 4 0 QUESTION0_2_R 1 1.108e+02 2.739e+01)))))INFO: dtree.c(1439): stop. leaf nodes are specific
INFO: dtree.c(1478): Final simple tree
|( QUESTION0_2_R 1 -8.637e+03 1.678e+02 3.921e+01
|    ( WDBNDRY_E 0 -6.121e+03 1.053e+02 2.721e+01
|        ( - -9.653e+02 1 0)
|        ( - -5.050e+03 3 0))
|    ( - -2.348e+03 1 0))
s>    ( QUESTION0_2_R 1 -8.637e+03 1.678e+02 3.921e+01
s>        ( WDBNDRY_E 0 -6.121e+03 1.053e+02 2.721e+01
s>            ( - -9.653e+02 1 0)
s>            ( - -5.050e+03 3 0))
s>        ( - -2.348e+03 1 0))INFO: dtree.c(1315): Comp split 18
INFO: dtree.c(1439): stop. leaf nodes are specific
INFO: dtree.c(1478): Final simple tree
|( QUESTION0_2_R 1 -1.343e+04 1.034e+02 5.796e+01
|    ( QUESTION0 -1 -1.066e+04 8.365e+01 4.602e+01
|        ( QUESTION0_6_R 1 -7.034e+02 6.017e+01 3.018e+00
|            ( - -2.246e+02 1 0)
|            ( - -4.186e+02 1 0))
|        ( QUESTION0_6_R 1 -9.875e+03 6.317e+01 4.301e+01
|            ( - -7.534e+03 5 0)
|            ( - -2.278e+03 2 0)))
|    ( - -2.666e+03 4 0))
s>    ( QUESTION0_2_R 1 -1.343e+04 1.034e+02 5.796e+01
s>        ( QUESTION0 -1 -1.066e+04 8.365e+01 4.602e+01
s>            ( QUESTION0_6_R 1 -7.034e+02 6.017e+01 3.018e+00
s>                ( - -2.246e+02 1 0)
s>                ( - -4.186e+02 1 0))
s>            ( QUESTION0_6_R 1 -9.875e+03 6.317e+01 4.301e+01
s>                ( - -7.534e+03 5 0)
s>                ( - -2.278e+03 2 0)))
s>        ( - -2.666e+03 4 0))INFO: dtree.c(1478): Final simple tree
|( QUESTION0_10_R 1 -1.226e+04 1.465e+02 4.947e+01
|    ( QUESTION0 1 -8.070e+03 1.327e+02 3.294e+01
|        ( QUESTION0_12_R 1 -6.471e+03 8.578e+01 2.615e+01
|            ( - -1.646e+03 2 0)
|            ( QUESTION0_11_R 1 -4.739e+03 7.687e+01 1.999e+01
|                ( - -2.985e+03 4 0)
|                ( - -1.677e+03 3 0)))
|        ( - -1.466e+03 1 0))
|    ( QUESTION2_1_L -1 -4.042e+03 1.044e+02 1.653e+01
|        ( QUESTION11 -1 -2.266e+03 8.516e+01 9.407e+00
|            ( - -1.814e+02 1 0)
|            ( - -1.999e+03 3 0 QUESTION0_2_R 1 6.703e+01 8.407e+00))
|        ( QUESTION0_5_R 1 -1.672e+03 8.540e+01 7.127e+00
|            ( - -1.119e+03 1 0)
|            ( - -4.675e+02 2 0))))
s>    ( QUESTION0_10_R 1 -1.226e+04 1.465e+02 4.947e+01
s>        ( QUESTION0 1 -8.070e+03 1.327e+02 3.294e+01
s>            ( QUESTION0_12_R 1 -6.471e+03 8.578e+01 2.615e+01
s>                ( - -1.646e+03 2 0)
s>                ( QUESTION0_11_R 1 -4.739e+03 7.687e+01 1.999e+01
s>                    ( - -2.985e+03 4 0)
s>                    ( - -1.677e+03 3 0)))
s>            ( - -1.466e+03 1 0))
s>        ( QUESTION2_1_L -1 -4.042e+03 1.044e+02 1.653e+01
s>            ( QUESTION11 -1 -2.266e+03 8.516e+01 9.407e+00
s>                ( - -1.814e+02 1 0)
s>                ( - -1.999e+03 3 0 QUESTION0_2_R 1 6.703e+01 8.407e+00))
s>            ( QUESTION0_5_R 1 -1.672e+03 8.540e+01 7.127e+00
s>                ( - -1.119e+03 1 0)
s>                ( - -4.675e+02 2 0))))INFO: dtree.c(1315): Comp split 19
INFO: dtree.c(1439): stop. leaf nodes are specific
INFO: dtree.c(1478): Final simple tree
|( QUESTION0_11_R 1 -7.536e+03 1.369e+02 3.384e+01
|    ( WDBNDRY_E 0 -6.325e+03 8.310e+01 2.818e+01
|        ( - -6.257e+02 1 0)
|        ( - -5.617e+03 1 0))
|    ( - -1.074e+03 1 0))
s>    ( QUESTION0_11_R 1 -7.536e+03 1.369e+02 3.384e+01
s>        ( WDBNDRY_E 0 -6.325e+03 8.310e+01 2.818e+01
s>            ( - -6.257e+02 1 0)
s>            ( - -5.617e+03 1 0))
s>        ( - -1.074e+03 1 0))INFO: dtree.c(1439): stop. leaf nodes are specific
INFO: dtree.c(1478): Final simple tree
|( QUESTION0_9_R 1 -3.207e+03 1.130e+02 1.451e+01
|    ( - -2.531e+03 1 0)
|    ( - -5.628e+02 1 0))
s>    ( QUESTION0_9_R 1 -3.207e+03 1.130e+02 1.451e+01
s>        ( - -2.531e+03 1 0)
s>        ( - -5.628e+02 1 0))INFO: dtree.c(1315): Comp split 20
INFO: dtree.c(1478): Final simple tree
|( QUESTION0_15_R 1 -1.542e+04 1.359e+02 6.774e+01
|    ( WDBNDRY_E 0 -8.554e+03 9.753e+01 3.882e+01
|        ( - -6.762e+02 1 0)
|        ( - -7.780e+03 1 0))
|    ( QUESTION0_2_R 1 -6.732e+03 1.092e+02 2.893e+01
|        ( - -1.102e+03 1 0)
|        ( QUESTION0_13_R 1 -5.521e+03 1.026e+02 2.387e+01
|            ( WDBNDRY_E 0 -3.284e+03 1.073e+02 1.538e+01
|                ( - -1.426e+03 1 0)
|                ( - -1.751e+03 2 0))
|            ( QUESTION0_11_R 1 -2.134e+03 7.885e+01 8.493e+00
|                ( WDBNDRY_E 0 -1.499e+03 7.435e+01 6.491e+00
|                    ( - -3.431e+02 1 0)
|                    ( - -1.081e+03 1 0))
|                ( - -5.567e+02 1 0)))))
s>    ( QUESTION0_15_R 1 -1.542e+04 1.359e+02 6.774e+01
s>        ( WDBNDRY_E 0 -8.554e+03 9.753e+01 3.882e+01
s>            ( - -6.762e+02 1 0)
s>            ( - -7.780e+03 1 0))
s>        ( QUESTION0_2_R 1 -6.732e+03 1.092e+02 2.893e+01
s>            ( - -1.102e+03 1 0)
s>            ( QUESTION0_13_R 1 -5.521e+03 1.026e+02 2.387e+01
s>                ( WDBNDRY_E 0 -3.284e+03 1.073e+02 1.538e+01
s>                    ( - -1.426e+03 1 0)
s>                    ( - -1.751e+03 2 0))
s>                ( QUESTION0_11_R 1 -2.134e+03 7.885e+01 8.493e+00
s>                    ( WDBNDRY_E 0 -1.499e+03 7.435e+01 6.491e+00
s>                        ( - -3.431e+02 1 0)
s>                        ( - -1.081e+03 1 0))
s>                    ( - -5.567e+02 1 0)))))INFO: dtree.c(1439): stop. leaf nodes are specific
INFO: dtree.c(1478): Final simple tree
|( QUESTION13 1 -1.465e+04 1.436e+02 6.508e+01
|    ( - -3.070e+03 1 0)
|    ( QUESTION4 1 -1.144e+04 1.228e+02 5.068e+01
|        ( QUESTION0_11_R 1 -4.999e+03 1.141e+02 2.329e+01
|            ( - -1.237e+03 1 0)
|            ( WDBNDRY_E 0 -3.649e+03 9.470e+01 1.731e+01
|                ( - -5.578e+02 1 0)
|                ( - -2.996e+03 1 0)))
|        ( QUESTION0_2_R 1 -6.314e+03 1.108e+02 2.739e+01
|            ( - -8.989e+02 1 0)
|            ( WDBNDRY_E 0 -5.304e+03 8.892e+01 2.333e+01
|                ( - -5.465e+02 1 0)
|                ( - -4.669e+03 2 0)))))
s>    ( QUESTION13 1 -1.465e+04 1.436e+02 6.508e+01
s>        ( - -3.070e+03 1 0)
s>        ( QUESTION4 1 -1.144e+04 1.228e+02 5.068e+01
s>            ( QUESTION0_11_R 1 -4.999e+03 1.141e+02 2.329e+01
s>                ( - -1.237e+03 1 0)
s>                ( WDBNDRY_E 0 -3.649e+03 9.470e+01 1.731e+01
s>                    ( - -5.578e+02 1 0)
s>                    ( - -2.996e+03 1 0)))
s>            ( QUESTION0_2_R 1 -6.314e+03 1.108e+02 2.739e+01
s>                ( - -8.989e+02 1 0)
s>                ( WDBNDRY_E 0 -5.304e+03 8.892e+01 2.333e+01
s>                    ( - -5.465e+02 1 0)
s>                    ( - -4.669e+03 2 0)))))INFO: dtree.c(1315): Comp split 21
INFO: dtree.c(1439): stop. leaf nodes are specific
INFO: dtree.c(1478): Final simple tree
|( QUESTION0_2_R 1 -5.697e+03 1.400e+02 2.440e+01
|    ( - -1.361e+03 1 0)
|    ( QUESTION7 1 -4.196e+03 9.425e+01 1.770e+01
|        ( - -2.179e+02 1 0)
|        ( QUESTION0_19_R 1 -3.884e+03 1.049e+02 1.670e+01
|            ( - -2.348e+03 2 0)
|            ( QUESTION0_0_R 1 -1.431e+03 9.098e+01 6.080e+00
|                ( - -4.249e+02 1 0)
|                ( - -9.148e+02 1 0)))))
s>    ( QUESTION0_2_R 1 -5.697e+03 1.400e+02 2.440e+01
s>        ( - -1.361e+03 1 0)
s>        ( QUESTION7 1 -4.196e+03 9.425e+01 1.770e+01
s>            ( - -2.179e+02 1 0)
s>            ( QUESTION0_19_R 1 -3.884e+03 1.049e+02 1.670e+01
s>                ( - -2.348e+03 2 0)
s>                ( QUESTION0_0_R 1 -1.431e+03 9.098e+01 6.080e+00
s>                    ( - -4.249e+02 1 0)
s>                    ( - -9.148e+02 1 0)))))INFO: dtree.c(1439): stop. leaf nodes are specific
INFO: dtree.c(1478): Final simple tree
|( WDBNDRY_E 0 -9.324e+03 1.398e+02 4.317e+01
|    ( - -3.087e+03 4 0)
|    ( - -6.097e+03 5 0))
s>    ( WDBNDRY_E 0 -9.324e+03 1.398e+02 4.317e+01
s>        ( - -3.087e+03 4 0)
s>        ( - -6.097e+03 5 0))INFO: dtree.c(1315): Comp split 22
INFO: dtree.c(1439): stop. leaf nodes are specific
INFO: dtree.c(1478): Final simple tree
|( WDBNDRY_E 0 -6.121e+03 1.053e+02 2.721e+01
|    ( - -9.653e+02 1 0)
|    ( - -5.050e+03 3 0))
s>    ( WDBNDRY_E 0 -6.121e+03 1.053e+02 2.721e+01
s>        ( - -9.653e+02 1 0)
s>        ( - -5.050e+03 3 0))INFO: dtree.c(1315): Comp split 23
INFO: dtree.c(1439): stop. leaf nodes are specific
INFO: dtree.c(1478): Final simple tree
|( QUESTION13 1 -9.851e+03 1.442e+02 4.297e+01
|    ( - -1.488e+03 2 0)
|    ( QUESTION11 1 -8.219e+03 9.502e+01 3.590e+01
|        ( - -5.508e+03 5 0)
|        ( QUESTION0 -1 -2.616e+03 7.873e+01 1.070e+01
|            ( QUESTION1 -1 -5.096e+02 6.518e+01 2.000e+00
|                ( - -2.374e+02 1 0)
|                ( - -2.070e+02 1 0))
|            ( - -2.027e+03 3 0))))
s>    ( QUESTION13 1 -9.851e+03 1.442e+02 4.297e+01
s>        ( - -1.488e+03 2 0)
s>        ( QUESTION11 1 -8.219e+03 9.502e+01 3.590e+01
s>            ( - -5.508e+03 5 0)
s>            ( QUESTION0 -1 -2.616e+03 7.873e+01 1.070e+01
s>                ( QUESTION1 -1 -5.096e+02 6.518e+01 2.000e+00
s>                    ( - -2.374e+02 1 0)
s>                    ( - -2.070e+02 1 0))
s>                ( - -2.027e+03 3 0))))INFO: dtree.c(1439): stop. leaf nodes are specific
INFO: dtree.c(1478): Final simple tree
|( QUESTION11 1 -4.446e+03 7.466e+01 1.999e+01
|    ( - -3.820e+03 2 0)
|    ( - -5.513e+02 1 0))
s>    ( QUESTION11 1 -4.446e+03 7.466e+01 1.999e+01
s>        ( - -3.820e+03 2 0)
s>        ( - -5.513e+02 1 0))INFO: dtree.c(1315): Comp split 24
INFO: dtree.c(1439): stop. leaf nodes are specific
INFO: dtree.c(1478): Final simple tree
|( QUESTION0 1 -8.327e+03 1.155e+02 3.394e+01
|    ( QUESTION0_12_R 1 -6.471e+03 8.578e+01 2.615e+01
|        ( - -1.646e+03 2 0)
|        ( QUESTION0_11_R 1 -4.739e+03 7.687e+01 1.999e+01
|            ( - -2.985e+03 4 0)
|            ( - -1.677e+03 3 0)))
|    ( QUESTION0_2_R 1 -1.740e+03 9.324e+01 7.785e+00
|        ( - -1.814e+02 1 0)
|        ( - -1.466e+03 1 0)))
s>    ( QUESTION0 1 -8.327e+03 1.155e+02 3.394e+01
s>        ( QUESTION0_12_R 1 -6.471e+03 8.578e+01 2.615e+01
s>            ( - -1.646e+03 2 0)
s>            ( QUESTION0_11_R 1 -4.739e+03 7.687e+01 1.999e+01
s>                ( - -2.985e+03 4 0)
s>                ( - -1.677e+03 3 0)))
s>        ( QUESTION0_2_R 1 -1.740e+03 9.324e+01 7.785e+00
s>            ( - -1.814e+02 1 0)
s>            ( - -1.466e+03 1 0)))INFO: dtree.c(1439): stop. leaf nodes are specific
INFO: dtree.c(1478): Final simple tree
|( QUESTION2_1_L -1 -3.781e+03 1.093e+02 1.553e+01
|    ( QUESTION0_2_R 1 -1.999e+03 6.703e+01 8.407e+00
|        ( - -1.678e+03 2 0)
|        ( - -2.539e+02 1 0))
|    ( QUESTION0_5_R 1 -1.672e+03 8.540e+01 7.127e+00
|        ( - -1.119e+03 1 0)
|        ( - -4.675e+02 2 0)))
s>    ( QUESTION2_1_L -1 -3.781e+03 1.093e+02 1.553e+01
s>        ( QUESTION0_2_R 1 -1.999e+03 6.703e+01 8.407e+00
s>            ( - -1.678e+03 2 0)
s>            ( - -2.539e+02 1 0))
s>        ( QUESTION0_5_R 1 -1.672e+03 8.540e+01 7.127e+00
s>            ( - -1.119e+03 1 0)
s>            ( - -4.675e+02 2 0)))INFO: dtree.c(1315): Comp split 25
INFO: dtree.c(1439): stop. leaf nodes are specific
INFO: dtree.c(1478): Final simple tree
|( QUESTION0_15_R 1 -1.002e+04 1.063e+02 4.431e+01
|    ( - -7.780e+03 1 0)
|    ( QUESTION0_11_R 1 -2.134e+03 7.885e+01 8.493e+00
|        ( WDBNDRY_E 0 -1.499e+03 7.435e+01 6.491e+00
|            ( - -3.431e+02 1 0)
|            ( - -1.081e+03 1 0))
|        ( - -5.567e+02 1 0)))
s>    ( QUESTION0_15_R 1 -1.002e+04 1.063e+02 4.431e+01
s>        ( - -7.780e+03 1 0)
s>        ( QUESTION0_11_R 1 -2.134e+03 7.885e+01 8.493e+00
s>            ( WDBNDRY_E 0 -1.499e+03 7.435e+01 6.491e+00
s>                ( - -3.431e+02 1 0)
s>                ( - -1.081e+03 1 0))
s>            ( - -5.567e+02 1 0)))INFO: dtree.c(1439): stop. leaf nodes are specific
INFO: dtree.c(1478): Final simple tree
|( WDBNDRY_E 0 -5.250e+03 1.088e+02 2.343e+01
|    ( QUESTION0_12_R 1 -2.202e+03 9.972e+01 1.039e+01
|        ( - -1.426e+03 1 0)
|        ( - -6.762e+02 1 0))
|    ( QUESTION0_2_R 1 -2.939e+03 8.711e+01 1.304e+01
|        ( - -1.102e+03 1 0)
|        ( - -1.751e+03 2 0)))
s>    ( WDBNDRY_E 0 -5.250e+03 1.088e+02 2.343e+01
s>        ( QUESTION0_12_R 1 -2.202e+03 9.972e+01 1.039e+01
s>            ( - -1.426e+03 1 0)
s>            ( - -6.762e+02 1 0))
s>        ( QUESTION0_2_R 1 -2.939e+03 8.711e+01 1.304e+01
s>            ( - -1.102e+03 1 0)
s>            ( - -1.751e+03 2 0)))INFO: dtree.c(1315): Comp split 26
INFO: dtree.c(1439): stop. leaf nodes are specific
INFO: dtree.c(1478): Final simple tree
|( QUESTION11 1 -8.219e+03 9.502e+01 3.590e+01
|    ( - -5.508e+03 5 0)
|    ( QUESTION0 -1 -2.616e+03 7.873e+01 1.070e+01
|        ( QUESTION1 -1 -5.096e+02 6.518e+01 2.000e+00
|            ( - -2.374e+02 1 0)
|            ( - -2.070e+02 1 0))
|        ( - -2.027e+03 3 0)))
s>    ( QUESTION11 1 -8.219e+03 9.502e+01 3.590e+01
s>        ( - -5.508e+03 5 0)
s>        ( QUESTION0 -1 -2.616e+03 7.873e+01 1.070e+01
s>            ( QUESTION1 -1 -5.096e+02 6.518e+01 2.000e+00
s>                ( - -2.374e+02 1 0)
s>                ( - -2.070e+02 1 0))
s>            ( - -2.027e+03 3 0)))INFO: dtree.c(1315): Comp split 27
INFO: dtree.c(1439): stop. leaf nodes are specific
INFO: dtree.c(1478): Final simple tree
|( QUESTION4 1 -1.144e+04 1.228e+02 5.068e+01
|    ( QUESTION0_11_R 1 -4.999e+03 1.141e+02 2.329e+01
|        ( - -1.237e+03 1 0)
|        ( WDBNDRY_E 0 -3.649e+03 9.470e+01 1.731e+01
|            ( - -5.578e+02 1 0)
|            ( - -2.996e+03 1 0)))
|    ( QUESTION0_2_R 1 -6.314e+03 1.108e+02 2.739e+01
|        ( - -8.989e+02 1 0)
|        ( WDBNDRY_E 0 -5.304e+03 8.892e+01 2.333e+01
|            ( - -5.465e+02 1 0)
|            ( - -4.669e+03 2 0))))
s>    ( QUESTION4 1 -1.144e+04 1.228e+02 5.068e+01
s>        ( QUESTION0_11_R 1 -4.999e+03 1.141e+02 2.329e+01
s>            ( - -1.237e+03 1 0)
s>            ( WDBNDRY_E 0 -3.649e+03 9.470e+01 1.731e+01
s>                ( - -5.578e+02 1 0)
s>                ( - -2.996e+03 1 0)))
s>        ( QUESTION0_2_R 1 -6.314e+03 1.108e+02 2.739e+01
s>            ( - -8.989e+02 1 0)
s>            ( WDBNDRY_E 0 -5.304e+03 8.892e+01 2.333e+01
s>                ( - -5.465e+02 1 0)
s>                ( - -4.669e+03 2 0))))INFO: dtree.c(1315): Comp split 28
INFO: dtree.c(1439): stop. leaf nodes are specific
INFO: dtree.c(1478): Final simple tree
|( QUESTION7 1 -4.196e+03 9.425e+01 1.770e+01
|    ( - -2.179e+02 1 0)
|    ( QUESTION0_19_R 1 -3.884e+03 1.049e+02 1.670e+01
|        ( - -2.348e+03 2 0)
|        ( QUESTION0_0_R 1 -1.431e+03 9.098e+01 6.080e+00
|            ( - -4.249e+02 1 0)
|            ( - -9.148e+02 1 0))))
s>    ( QUESTION7 1 -4.196e+03 9.425e+01 1.770e+01
s>        ( - -2.179e+02 1 0)
s>        ( QUESTION0_19_R 1 -3.884e+03 1.049e+02 1.670e+01
s>            ( - -2.348e+03 2 0)
s>            ( QUESTION0_0_R 1 -1.431e+03 9.098e+01 6.080e+00
s>                ( - -4.249e+02 1 0)
s>                ( - -9.148e+02 1 0))))INFO: dtree.c(1315): Comp split 29
INFO: dtree.c(1315): Comp split 30
INFO: dtree.c(1439): stop. leaf nodes are specific
INFO: dtree.c(1478): Final simple tree
|( WDBNDRY_E 0 -6.325e+03 8.310e+01 2.818e+01
|    ( - -6.257e+02 1 0)
|    ( - -5.617e+03 1 0))
s>    ( WDBNDRY_E 0 -6.325e+03 8.310e+01 2.818e+01
s>        ( - -6.257e+02 1 0)
s>        ( - -5.617e+03 1 0))INFO: dtree.c(1315): Comp split 31
INFO: dtree.c(1315): Comp split 32
INFO: dtree.c(1315): Comp split 33
INFO: dtree.c(1439): stop. leaf nodes are specific
INFO: dtree.c(1478): Final simple tree
|( QUESTION5 1 -6.730e+03 8.648e+01 2.715e+01
|    ( QUESTION0_11_R 1 -4.739e+03 7.687e+01 1.999e+01
|        ( - -2.985e+03 4 0)
|        ( - -1.677e+03 3 0))
|    ( QUESTION0_2_R 1 -1.904e+03 7.652e+01 7.163e+00
|        ( - -1.814e+02 1 0)
|        ( - -1.646e+03 2 0)))
s>    ( QUESTION5 1 -6.730e+03 8.648e+01 2.715e+01
s>        ( QUESTION0_11_R 1 -4.739e+03 7.687e+01 1.999e+01
s>            ( - -2.985e+03 4 0)
s>            ( - -1.677e+03 3 0))
s>        ( QUESTION0_2_R 1 -1.904e+03 7.652e+01 7.163e+00
s>            ( - -1.814e+02 1 0)
s>            ( - -1.646e+03 2 0)))INFO: dtree.c(1315): Comp split 34
INFO: dtree.c(1315): Comp split 35
INFO: dtree.c(1439): stop. leaf nodes are specific
INFO: dtree.c(1478): Final simple tree
|( QUESTION0_2_R 1 -6.314e+03 1.108e+02 2.739e+01
|    ( - -8.989e+02 1 0)
|    ( WDBNDRY_E 0 -5.304e+03 8.892e+01 2.333e+01
|        ( - -5.465e+02 1 0)
|        ( - -4.669e+03 2 0)))
s>    ( QUESTION0_2_R 1 -6.314e+03 1.108e+02 2.739e+01
s>        ( - -8.989e+02 1 0)
s>        ( WDBNDRY_E 0 -5.304e+03 8.892e+01 2.333e+01
s>            ( - -5.465e+02 1 0)
s>            ( - -4.669e+03 2 0)))INFO: dtree.c(1439): stop. leaf nodes are specific
INFO: dtree.c(1478): Final simple tree
|( QUESTION0_11_R 1 -4.999e+03 1.141e+02 2.329e+01
|    ( - -1.237e+03 1 0)
|    ( WDBNDRY_E 0 -3.649e+03 9.470e+01 1.731e+01
|        ( - -5.578e+02 1 0)
|        ( - -2.996e+03 1 0)))
s>    ( QUESTION0_11_R 1 -4.999e+03 1.141e+02 2.329e+01
s>        ( - -1.237e+03 1 0)
s>        ( WDBNDRY_E 0 -3.649e+03 9.470e+01 1.731e+01
s>            ( - -5.578e+02 1 0)
s>            ( - -2.996e+03 1 0)))INFO: dtree.c(1315): Comp split 36
INFO: dtree.c(1439): stop. leaf nodes are specific
INFO: dtree.c(1478): Final simple tree
|( QUESTION0_11_R 1 -1.728e+03 8.450e+01 7.080e+00
|    ( - -9.148e+02 1 0)
|    ( QUESTION0_0_R 1 -7.285e+02 8.575e+01 3.000e+00
|        ( - -4.249e+02 1 0)
|        ( - -2.179e+02 1 0)))
s>    ( QUESTION0_11_R 1 -1.728e+03 8.450e+01 7.080e+00
s>        ( - -9.148e+02 1 0)
s>        ( QUESTION0_0_R 1 -7.285e+02 8.575e+01 3.000e+00
s>            ( - -4.249e+02 1 0)
s>            ( - -2.179e+02 1 0)))INFO: dtree.c(1315): Comp split 37
INFO: dtree.c(1439): stop. leaf nodes are specific
INFO: dtree.c(1478): Final simple tree
|( QUESTION0_2_R 1 -3.706e+03 9.453e+01 1.604e+01
|    ( - -1.102e+03 1 0)
|    ( WDBNDRY_E 0 -2.510e+03 8.329e+01 1.099e+01
|        ( - -6.762e+02 1 0)
|        ( - -1.751e+03 2 0)))
s>    ( QUESTION0_2_R 1 -3.706e+03 9.453e+01 1.604e+01
s>        ( - -1.102e+03 1 0)
s>        ( WDBNDRY_E 0 -2.510e+03 8.329e+01 1.099e+01
s>            ( - -6.762e+02 1 0)
s>            ( - -1.751e+03 2 0)))INFO: dtree.c(1315): Comp split 38
INFO: dtree.c(1439): stop. leaf nodes are specific
INFO: dtree.c(1478): Final simple tree
|( WDBNDRY_E 0 -3.649e+03 9.470e+01 1.731e+01
|    ( - -5.578e+02 1 0)
|    ( - -2.996e+03 1 0))
s>    ( WDBNDRY_E 0 -3.649e+03 9.470e+01 1.731e+01
s>        ( - -5.578e+02 1 0)
s>        ( - -2.996e+03 1 0))INFO: dtree.c(1315): Comp split 39
INFO: dtree.c(1315): Comp split 40
INFO: dtree.c(1439): stop. leaf nodes are specific
INFO: dtree.c(1478): Final simple tree
|( WDBNDRY_E 0 -5.304e+03 8.892e+01 2.333e+01
|    ( - -5.465e+02 1 0)
|    ( - -4.669e+03 2 0))
s>    ( WDBNDRY_E 0 -5.304e+03 8.892e+01 2.333e+01
s>        ( - -5.465e+02 1 0)
s>        ( - -4.669e+03 2 0))INFO: dtree.c(1315): Comp split 41
INFO: dtree.c(1439): stop. leaf nodes are specific
INFO: dtree.c(1478): Final simple tree
|( QUESTION0_5_R 1 -1.672e+03 8.540e+01 7.127e+00
|    ( - -1.119e+03 1 0)
|    ( - -4.675e+02 2 0))
s>    ( QUESTION0_5_R 1 -1.672e+03 8.540e+01 7.127e+00
s>        ( - -1.119e+03 1 0)
s>        ( - -4.675e+02 2 0))INFO: dtree.c(1439): stop. leaf nodes are specific
INFO: dtree.c(1478): Final simple tree
|( QUESTION0_2_R 1 -1.999e+03 6.703e+01 8.407e+00
|    ( - -1.678e+03 2 0)
|    ( - -2.539e+02 1 0))
s>    ( QUESTION0_2_R 1 -1.999e+03 6.703e+01 8.407e+00
s>        ( - -1.678e+03 2 0)
s>        ( - -2.539e+02 1 0))INFO: dtree.c(1315): Comp split 42
INFO: dtree.c(1439): stop. leaf nodes are specific
INFO: dtree.c(1478): Final simple tree
|( QUESTION0_11_R 1 -2.134e+03 7.885e+01 8.493e+00
|    ( WDBNDRY_E 0 -1.499e+03 7.435e+01 6.491e+00
|        ( - -3.431e+02 1 0)
|        ( - -1.081e+03 1 0))
|    ( - -5.567e+02 1 0))
s>    ( QUESTION0_11_R 1 -2.134e+03 7.885e+01 8.493e+00
s>        ( WDBNDRY_E 0 -1.499e+03 7.435e+01 6.491e+00
s>            ( - -3.431e+02 1 0)
s>            ( - -1.081e+03 1 0))
s>        ( - -5.567e+02 1 0))INFO: dtree.c(1315): Comp split 43
INFO: dtree.c(1315): Comp split 44
INFO: dtree.c(1439): stop. leaf nodes are specific
INFO: dtree.c(1478): Final simple tree
|( QUESTION0 -1 -1.066e+04 8.365e+01 4.602e+01
|    ( QUESTION0_6_R 1 -7.034e+02 6.017e+01 3.018e+00
|        ( - -2.246e+02 1 0)
|        ( - -4.186e+02 1 0))
|    ( QUESTION0_6_R 1 -9.875e+03 6.317e+01 4.301e+01
|        ( - -7.534e+03 5 0)
|        ( - -2.278e+03 2 0)))
s>    ( QUESTION0 -1 -1.066e+04 8.365e+01 4.602e+01
s>        ( QUESTION0_6_R 1 -7.034e+02 6.017e+01 3.018e+00
s>            ( - -2.246e+02 1 0)
s>            ( - -4.186e+02 1 0))
s>        ( QUESTION0_6_R 1 -9.875e+03 6.317e+01 4.301e+01
s>            ( - -7.534e+03 5 0)
s>            ( - -2.278e+03 2 0)))INFO: dtree.c(1315): Comp split 45
INFO: dtree.c(1439): stop. leaf nodes are specific
INFO: dtree.c(1478): Final simple tree
|( QUESTION0 -1 -2.616e+03 7.873e+01 1.070e+01
|    ( QUESTION1 -1 -5.096e+02 6.518e+01 2.000e+00
|        ( - -2.374e+02 1 0)
|        ( - -2.070e+02 1 0))
|    ( - -2.027e+03 3 0))
s>    ( QUESTION0 -1 -2.616e+03 7.873e+01 1.070e+01
s>        ( QUESTION1 -1 -5.096e+02 6.518e+01 2.000e+00
s>            ( - -2.374e+02 1 0)
s>            ( - -2.070e+02 1 0))
s>        ( - -2.027e+03 3 0))INFO: dtree.c(1315): Comp split 46
INFO: dtree.c(1315): Comp split 47
INFO: dtree.c(1439): stop. leaf nodes are specific
INFO: dtree.c(1478): Final simple tree
|( WDBNDRY_E 0 -2.510e+03 8.329e+01 1.099e+01
|    ( - -6.762e+02 1 0)
|    ( - -1.751e+03 2 0))
s>    ( WDBNDRY_E 0 -2.510e+03 8.329e+01 1.099e+01
s>        ( - -6.762e+02 1 0)
s>        ( - -1.751e+03 2 0))INFO: dtree.c(1315): Comp split 48
INFO: dtree.c(1315): Comp split 49
INFO: dtree.c(1439): stop. leaf nodes are specific
INFO: dtree.c(1478): Final simple tree
|( QUESTION0_11_R 1 -4.739e+03 7.687e+01 1.999e+01
|    ( - -2.985e+03 4 0)
|    ( - -1.677e+03 3 0))
s>    ( QUESTION0_11_R 1 -4.739e+03 7.687e+01 1.999e+01
s>        ( - -2.985e+03 4 0)
s>        ( - -1.677e+03 3 0))INFO: dtree.c(1439): stop. leaf nodes are specific
INFO: dtree.c(1478): Final simple tree
|( QUESTION0_2_R 1 -1.904e+03 7.652e+01 7.163e+00
|    ( - -1.814e+02 1 0)
|    ( - -1.646e+03 2 0))
s>    ( QUESTION0_2_R 1 -1.904e+03 7.652e+01 7.163e+00
s>        ( - -1.814e+02 1 0)
s>        ( - -1.646e+03 2 0))INFO: dtree.c(1315): Comp split 50
INFO: dtree.c(1315): Comp split 51
INFO: dtree.c(1439): stop. leaf nodes are specific
INFO: dtree.c(1478): Final simple tree
|( QUESTION0_6_R 1 -1.016e+04 6.303e+01 4.401e+01
|    ( QUESTION0 -1 -7.817e+03 5.871e+01 3.428e+01
|        ( - -2.246e+02 1 0)
|        ( - -7.534e+03 5 0))
|    ( - -2.278e+03 2 0))
s>    ( QUESTION0_6_R 1 -1.016e+04 6.303e+01 4.401e+01
s>        ( QUESTION0 -1 -7.817e+03 5.871e+01 3.428e+01
s>            ( - -2.246e+02 1 0)
s>            ( - -7.534e+03 5 0))
s>        ( - -2.278e+03 2 0))INFO: dtree.c(1315): Comp split 52
INFO: dtree.c(1439): stop. leaf nodes are specific
INFO: dtree.c(1478): Final simple tree
|( QUESTION0_0_R 1 -7.285e+02 8.575e+01 3.000e+00
|    ( - -4.249e+02 1 0)
|    ( - -2.179e+02 1 0))
s>    ( QUESTION0_0_R 1 -7.285e+02 8.575e+01 3.000e+00
s>        ( - -4.249e+02 1 0)
s>        ( - -2.179e+02 1 0))INFO: dtree.c(1315): Comp split 53
INFO: dtree.c(1315): Comp split 54
INFO: dtree.c(1315): Comp split 55
INFO: dtree.c(1315): Comp split 56
INFO: dtree.c(1439): stop. leaf nodes are specific
INFO: dtree.c(1478): Final simple tree
|( WDBNDRY_E 0 -9.732e+02 7.335e+01 3.501e+00
|    ( - -3.431e+02 1 0)
|    ( - -5.567e+02 1 0))
s>    ( WDBNDRY_E 0 -9.732e+02 7.335e+01 3.501e+00
s>        ( - -3.431e+02 1 0)
s>        ( - -5.567e+02 1 0))INFO: dtree.c(1315): Comp split 57
INFO: dtree.c(1439): stop. leaf nodes are specific
INFO: dtree.c(1478): Final simple tree
|( QUESTION1 -1 -5.096e+02 6.518e+01 2.000e+00
|    ( - -2.374e+02 1 0)
|    ( - -2.070e+02 1 0))
s>    ( QUESTION1 -1 -5.096e+02 6.518e+01 2.000e+00
s>        ( - -2.374e+02 1 0)
s>        ( - -2.070e+02 1 0))INFO: dtree.c(1315): Comp split 58
INFO: dtree.c(1315): Comp split 59
INFO: dtree.c(1315): Comp split 60
INFO: dtree.c(1315): Comp split 61
INFO: dtree.c(1315): Comp split 62
INFO: dtree.c(1315): Comp split 63
INFO: dtree.c(1315): Comp split 64
INFO: dtree.c(1439): stop. leaf nodes are specific
INFO: dtree.c(1478): Final simple tree
|( QUESTION0_6_R 1 -2.561e+03 5.790e+01 1.073e+01
|    ( - -2.246e+02 1 0)
|    ( - -2.278e+03 2 0))
s>    ( QUESTION0_6_R 1 -2.561e+03 5.790e+01 1.073e+01
s>        ( - -2.246e+02 1 0)
s>        ( - -2.278e+03 2 0))INFO: dtree.c(1315): Comp split 65
INFO: dtree.c(1315): Comp split 66
INFO: dtree.c(1318): stop. leaf nodes are specific
Thu May  7 00:23:28 2020
