Current configuration:
[NAME]		[DEFLT]	[VALUE]
-allphones	no	no
-cntthresh	0.00001	1.000000e-05
-csplitmax	100	2000
-csplitmin	1	1
-csplitthr	8e-4	0.000000e+00
-example	no	no
-fullvar	no	no
-help		no	no
-meanfn			/home/abdy/Desktop/diploma/kg/model_parameters/kg.cd_cont_untied/means
-mixwfn			/home/abdy/Desktop/diploma/kg/model_parameters/kg.cd_cont_untied/mixture_weights
-moddeffn		/home/abdy/Desktop/diploma/kg/model_architecture/kg.untied.mdef
-mwfloor	1e-4	1.000000e-08
-phone			z
-psetfn			/home/abdy/Desktop/diploma/kg/model_architecture/kg.tree_questions
-ssplitmax	5	7
-ssplitmin	1	1
-ssplitthr	8e-4	0.000000e+00
-state			1
-stwt			1.0,0.05,0.0,
-treefn			/home/abdy/Desktop/diploma/kg/trees/kg.unpruned/z-1.dtree
-ts2cbfn	.semi.	.cont.
-varfloor	0.00001	1.000000e-05
-varfn			/home/abdy/Desktop/diploma/kg/model_parameters/kg.cd_cont_untied/variances

INFO: main.c(223): Reading: /home/abdy/Desktop/diploma/kg/model_architecture/kg.untied.mdef
INFO: model_def_io.c(573): Model definition info:
INFO: model_def_io.c(574): 10297 total models defined (47 base, 10250 tri)
INFO: model_def_io.c(575): 41188 total states
INFO: model_def_io.c(576): 30891 total tied states
INFO: model_def_io.c(577): 141 total tied CI states
INFO: model_def_io.c(578): 47 total tied transition matrices
INFO: model_def_io.c(579): 4 max state/model
INFO: model_def_io.c(580): 4 min state/model
INFO: main.c(242): Building trees for [z SIL a b] through [z y zh e]
INFO: main.c(269): Covering states |[29628 30218]| == 591
INFO: main.c(275): Reading: /home/abdy/Desktop/diploma/kg/model_parameters/kg.cd_cont_untied/mixture_weights
INFO: s3mixw_io.c(173): Read /home/abdy/Desktop/diploma/kg/model_parameters/kg.cd_cont_untied/mixture_weights [591x1x1 array]
INFO: main.c(311): 53 of 197 models have observation count greater than 0.000010
INFO: main.c(95): nrm stwt: 0.045 0.909 0.045 
INFO: s3gau_io.c(169): Read /home/abdy/Desktop/diploma/kg/model_parameters/kg.cd_cont_untied/means [30891x1x1 array]
INFO: s3gau_io.c(169): Read /home/abdy/Desktop/diploma/kg/model_parameters/kg.cd_cont_untied/variances [30891x1x1 array]
INFO: main.c(549): Reading: /home/abdy/Desktop/diploma/kg/model_architecture/kg.tree_questions
INFO: main.c(588): 174 total simple questions (166 phone; 8 word bndry)
INFO: main.c(590): 40 Left Only questions, and 42 Right Only questions
INFO: dtree.c(1478): Final simple tree
|( SILENCE 1 -9.775e+04 1.063e+03 4.166e+02
|    ( - -3.348e+04 4 0)
|    ( QUESTION0_16_R 1 -6.321e+04 3.406e+02 2.714e+02
|        ( - -1.892e+03 1 0)
|        ( QUESTION19 -1 -6.097e+04 2.592e+02 2.634e+02
|            ( WDBNDRY_B 0 -4.414e+04 4.957e+02 1.889e+02
|                ( - 2.423e+02 1 0)
|                ( QUESTION0_2_R 1 -4.388e+04 1.978e+02 1.879e+02
|                    ( - -1.305e+04 12 0 WDBNDRY_E 0 1.192e+02 5.628e+01)
|                    ( - -3.064e+04 24 0 QUESTION0_0_R 1 1.767e+02 1.316e+02)))
|            ( QUESTION0_5_R 1 -1.658e+04 1.940e+02 7.454e+01
|                ( - -2.527e+03 2 0 QUESTION0_6_R 1 1.888e+02 1.200e+01)
|                ( QUESTION4 -1 -1.386e+04 1.898e+02 6.254e+01
|                    ( - -5.241e+02 1 0)
|                    ( - -1.314e+04 8 0 WDBNDRY_E 0 1.759e+02 5.954e+01))))))
s>    ( SILENCE 1 -9.775e+04 1.063e+03 4.166e+02
s>        ( - -3.348e+04 4 0)
s>        ( QUESTION0_16_R 1 -6.321e+04 3.406e+02 2.714e+02
s>            ( - -1.892e+03 1 0)
s>            ( QUESTION19 -1 -6.097e+04 2.592e+02 2.634e+02
s>                ( WDBNDRY_B 0 -4.414e+04 4.957e+02 1.889e+02
s>                    ( - 2.423e+02 1 0)
s>                    ( QUESTION0_2_R 1 -4.388e+04 1.978e+02 1.879e+02
s>                        ( - -1.305e+04 12 0 WDBNDRY_E 0 1.192e+02 5.628e+01)
s>                        ( - -3.064e+04 24 0 QUESTION0_0_R 1 1.767e+02 1.316e+02)))
s>                ( QUESTION0_5_R 1 -1.658e+04 1.940e+02 7.454e+01
s>                    ( - -2.527e+03 2 0 QUESTION0_6_R 1 1.888e+02 1.200e+01)
s>                    ( QUESTION4 -1 -1.386e+04 1.898e+02 6.254e+01
s>                        ( - -5.241e+02 1 0)
s>                        ( - -1.314e+04 8 0 WDBNDRY_E 0 1.759e+02 5.954e+01))))))INFO: dtree.c(1315): Comp split 0
INFO: dtree.c(1478): Final simple tree
|( QUESTION19 -1 -6.097e+04 2.592e+02 2.634e+02
|    ( WDBNDRY_B 0 -4.414e+04 4.957e+02 1.889e+02
|        ( - 2.423e+02 1 0)
|        ( QUESTION0_2_R 1 -4.388e+04 1.978e+02 1.879e+02
|            ( - -1.305e+04 12 0 WDBNDRY_E 0 1.192e+02 5.628e+01)
|            ( QUESTION0_0_R 1 -3.064e+04 1.767e+02 1.316e+02
|                ( - -9.078e+02 1 0)
|                ( - -2.956e+04 23 0 QUESTION0_15_R 1 1.708e+02 1.266e+02))))
|    ( QUESTION0_5_R 1 -1.658e+04 1.940e+02 7.454e+01
|        ( QUESTION0_6_R 1 -2.527e+03 1.888e+02 1.200e+01
|            ( - -5.836e+02 1 0)
|            ( - -1.755e+03 1 0))
|        ( QUESTION4 -1 -1.386e+04 1.898e+02 6.254e+01
|            ( - -5.241e+02 1 0)
|            ( - -1.314e+04 8 0 WDBNDRY_E 0 1.759e+02 5.954e+01))))
s>    ( QUESTION19 -1 -6.097e+04 2.592e+02 2.634e+02
s>        ( WDBNDRY_B 0 -4.414e+04 4.957e+02 1.889e+02
s>            ( - 2.423e+02 1 0)
s>            ( QUESTION0_2_R 1 -4.388e+04 1.978e+02 1.879e+02
s>                ( - -1.305e+04 12 0 WDBNDRY_E 0 1.192e+02 5.628e+01)
s>                ( QUESTION0_0_R 1 -3.064e+04 1.767e+02 1.316e+02
s>                    ( - -9.078e+02 1 0)
s>                    ( - -2.956e+04 23 0 QUESTION0_15_R 1 1.708e+02 1.266e+02))))
s>        ( QUESTION0_5_R 1 -1.658e+04 1.940e+02 7.454e+01
s>            ( QUESTION0_6_R 1 -2.527e+03 1.888e+02 1.200e+01
s>                ( - -5.836e+02 1 0)
s>                ( - -1.755e+03 1 0))
s>            ( QUESTION4 -1 -1.386e+04 1.898e+02 6.254e+01
s>                ( - -5.241e+02 1 0)
s>                ( - -1.314e+04 8 0 WDBNDRY_E 0 1.759e+02 5.954e+01))))INFO: dtree.c(1439): stop. leaf nodes are specific
INFO: dtree.c(1478): Final simple tree
|( SILENCE 1 -3.561e+04 2.314e+02 1.532e+02
|    ( - -3.348e+04 4 0)
|    ( - -1.892e+03 1 0))
s>    ( SILENCE 1 -3.561e+04 2.314e+02 1.532e+02
s>        ( - -3.348e+04 4 0)
s>        ( - -1.892e+03 1 0))INFO: dtree.c(1315): Comp split 1
INFO: dtree.c(1478): Final simple tree
|( QUESTION19 -1 -6.072e+04 2.593e+02 2.624e+02
|    ( QUESTION0_2_R 1 -4.388e+04 1.978e+02 1.879e+02
|        ( - -1.305e+04 12 0 WDBNDRY_E 0 1.192e+02 5.628e+01)
|        ( QUESTION0_0_R 1 -3.064e+04 1.767e+02 1.316e+02
|            ( - -9.078e+02 1 0)
|            ( - -2.956e+04 23 0 QUESTION0_15_R 1 1.708e+02 1.266e+02)))
|    ( QUESTION0_5_R 1 -1.658e+04 1.940e+02 7.454e+01
|        ( QUESTION0_6_R 1 -2.527e+03 1.888e+02 1.200e+01
|            ( - -5.836e+02 1 0)
|            ( - -1.755e+03 1 0))
|        ( QUESTION4 -1 -1.386e+04 1.898e+02 6.254e+01
|            ( - -5.241e+02 1 0)
|            ( WDBNDRY_E 0 -1.314e+04 1.759e+02 5.954e+01
|                ( - -4.600e+02 1 0)
|                ( - -1.251e+04 7 0 QUESTION0_4_R 1 1.249e+02 5.654e+01)))))
s>    ( QUESTION19 -1 -6.072e+04 2.593e+02 2.624e+02
s>        ( QUESTION0_2_R 1 -4.388e+04 1.978e+02 1.879e+02
s>            ( - -1.305e+04 12 0 WDBNDRY_E 0 1.192e+02 5.628e+01)
s>            ( QUESTION0_0_R 1 -3.064e+04 1.767e+02 1.316e+02
s>                ( - -9.078e+02 1 0)
s>                ( - -2.956e+04 23 0 QUESTION0_15_R 1 1.708e+02 1.266e+02)))
s>        ( QUESTION0_5_R 1 -1.658e+04 1.940e+02 7.454e+01
s>            ( QUESTION0_6_R 1 -2.527e+03 1.888e+02 1.200e+01
s>                ( - -5.836e+02 1 0)
s>                ( - -1.755e+03 1 0))
s>            ( QUESTION4 -1 -1.386e+04 1.898e+02 6.254e+01
s>                ( - -5.241e+02 1 0)
s>                ( WDBNDRY_E 0 -1.314e+04 1.759e+02 5.954e+01
s>                    ( - -4.600e+02 1 0)
s>                    ( - -1.251e+04 7 0 QUESTION0_4_R 1 1.249e+02 5.654e+01)))))INFO: dtree.c(1315): Comp split 2
INFO: dtree.c(1439): stop. leaf nodes are specific
INFO: dtree.c(1478): Final simple tree
|( WDBNDRY_E 0 -1.314e+04 1.759e+02 5.954e+01
|    ( - -4.600e+02 1 0)
|    ( QUESTION0_4_R 1 -1.251e+04 1.249e+02 5.654e+01
|        ( - -7.505e+03 2 0)
|        ( QUESTION12 -1 -4.877e+03 1.272e+02 2.210e+01
|            ( - -1.703e+03 2 0)
|            ( WDBNDRY_B 0 -3.047e+03 9.772e+01 1.410e+01
|                ( - -5.848e+02 1 0)
|                ( QUESTION0_2_R 1 -2.364e+03 9.330e+01 1.110e+01
|                    ( - -1.509e+03 1 0)
|                    ( - -7.621e+02 1 0))))))
s>    ( WDBNDRY_E 0 -1.314e+04 1.759e+02 5.954e+01
s>        ( - -4.600e+02 1 0)
s>        ( QUESTION0_4_R 1 -1.251e+04 1.249e+02 5.654e+01
s>            ( - -7.505e+03 2 0)
s>            ( QUESTION12 -1 -4.877e+03 1.272e+02 2.210e+01
s>                ( - -1.703e+03 2 0)
s>                ( WDBNDRY_B 0 -3.047e+03 9.772e+01 1.410e+01
s>                    ( - -5.848e+02 1 0)
s>                    ( QUESTION0_2_R 1 -2.364e+03 9.330e+01 1.110e+01
s>                        ( - -1.509e+03 1 0)
s>                        ( - -7.621e+02 1 0))))))INFO: dtree.c(1478): Final simple tree
|( QUESTION0 1 -4.730e+04 2.055e+02 2.029e+02
|    ( QUESTION0_12_R 1 -2.423e+04 1.807e+02 1.046e+02
|        ( - -6.038e+03 6 0 QUESTION0_13_R 1 1.530e+02 2.600e+01)
|        ( - -1.802e+04 12 0 QUESTION0_11_R 1 1.519e+02 7.864e+01))
|    ( QUESTION0_20_R 1 -2.286e+04 1.998e+02 9.824e+01
|        ( - -3.771e+03 2 0 WDBNDRY_E 0 1.183e+02 1.697e+01)
|        ( QUESTION1 -1 -1.889e+04 1.937e+02 8.127e+01
|            ( - -1.755e+03 1 0)
|            ( QUESTION0 -1 -1.694e+04 1.851e+02 7.227e+01
|                ( - -5.241e+02 1 0)
|                ( QUESTION0_0_R 1 -1.624e+04 1.858e+02 6.927e+01
|                    ( - -9.078e+02 1 0)
|                    ( QUESTION0_6_R 1 -1.514e+04 1.780e+02 6.427e+01
|                        ( - -5.836e+02 1 0)
|                        ( - -1.438e+04 15 0 WDBNDRY_E 0 1.454e+02 6.127e+01)))))))
s>    ( QUESTION0 1 -4.730e+04 2.055e+02 2.029e+02
s>        ( QUESTION0_12_R 1 -2.423e+04 1.807e+02 1.046e+02
s>            ( - -6.038e+03 6 0 QUESTION0_13_R 1 1.530e+02 2.600e+01)
s>            ( - -1.802e+04 12 0 QUESTION0_11_R 1 1.519e+02 7.864e+01))
s>        ( QUESTION0_20_R 1 -2.286e+04 1.998e+02 9.824e+01
s>            ( - -3.771e+03 2 0 WDBNDRY_E 0 1.183e+02 1.697e+01)
s>            ( QUESTION1 -1 -1.889e+04 1.937e+02 8.127e+01
s>                ( - -1.755e+03 1 0)
s>                ( QUESTION0 -1 -1.694e+04 1.851e+02 7.227e+01
s>                    ( - -5.241e+02 1 0)
s>                    ( QUESTION0_0_R 1 -1.624e+04 1.858e+02 6.927e+01
s>                        ( - -9.078e+02 1 0)
s>                        ( QUESTION0_6_R 1 -1.514e+04 1.780e+02 6.427e+01
s>                            ( - -5.836e+02 1 0)
s>                            ( - -1.438e+04 15 0 WDBNDRY_E 0 1.454e+02 6.127e+01)))))))INFO: dtree.c(1315): Comp split 3
INFO: dtree.c(1478): Final simple tree
|( QUESTION1 -1 -1.780e+04 1.972e+02 7.627e+01
|    ( - -1.755e+03 1 0)
|    ( QUESTION0 -1 -1.585e+04 1.859e+02 6.727e+01
|        ( - -5.241e+02 1 0)
|        ( QUESTION0_6_R 1 -1.514e+04 1.780e+02 6.427e+01
|            ( - -5.836e+02 1 0)
|            ( WDBNDRY_E 0 -1.438e+04 1.454e+02 6.127e+01
|                ( QUESTION2_1_L -1 -3.133e+03 1.796e+02 1.310e+01
|                    ( - -1.404e+03 1 0)
|                    ( - -1.549e+03 4 0 QUESTION0_2_R 1 8.267e+01 5.998e+00))
|                ( QUESTION0_3_R 1 -1.110e+04 1.361e+02 4.817e+01
|                    ( - -3.564e+03 3 0)
|                    ( QUESTION2_3_L -1 -7.403e+03 1.145e+02 3.214e+01
|                        ( - -8.507e+02 1 0)
|                        ( - -6.438e+03 6 0 QUESTION0_5_R 1 8.841e+01 2.816e+01)))))))
s>    ( QUESTION1 -1 -1.780e+04 1.972e+02 7.627e+01
s>        ( - -1.755e+03 1 0)
s>        ( QUESTION0 -1 -1.585e+04 1.859e+02 6.727e+01
s>            ( - -5.241e+02 1 0)
s>            ( QUESTION0_6_R 1 -1.514e+04 1.780e+02 6.427e+01
s>                ( - -5.836e+02 1 0)
s>                ( WDBNDRY_E 0 -1.438e+04 1.454e+02 6.127e+01
s>                    ( QUESTION2_1_L -1 -3.133e+03 1.796e+02 1.310e+01
s>                        ( - -1.404e+03 1 0)
s>                        ( - -1.549e+03 4 0 QUESTION0_2_R 1 8.267e+01 5.998e+00))
s>                    ( QUESTION0_3_R 1 -1.110e+04 1.361e+02 4.817e+01
s>                        ( - -3.564e+03 3 0)
s>                        ( QUESTION2_3_L -1 -7.403e+03 1.145e+02 3.214e+01
s>                            ( - -8.507e+02 1 0)
s>                            ( - -6.438e+03 6 0 QUESTION0_5_R 1 8.841e+01 2.816e+01)))))))INFO: dtree.c(1478): Final simple tree
|( QUESTION2_1_L -1 -2.925e+04 1.823e+02 1.266e+02
|    ( QUESTION0_11_R 1 -5.168e+03 1.328e+02 2.208e+01
|        ( - -1.956e+03 3 0 QUESTION0_14_R 1 1.046e+02 8.005e+00)
|        ( - -3.079e+03 3 0 QUESTION0_9_R 1 9.081e+01 1.408e+01))
|    ( QUESTION0_14_R 1 -2.390e+04 1.747e+02 1.045e+02
|        ( - -1.435e+03 1 0)
|        ( QUESTION0_19_R 1 -2.229e+04 1.710e+02 9.752e+01
|            ( QUESTION0 1 -6.643e+03 1.421e+02 2.887e+01
|                ( - -2.730e+03 2 0 WDBNDRY_E 0 1.005e+02 1.191e+01)
|                ( - -3.771e+03 2 0 WDBNDRY_E 0 1.183e+02 1.697e+01))
|            ( QUESTION0_12_R 1 -1.548e+04 1.706e+02 6.865e+01
|                ( - -2.883e+03 3 0)
|                ( QUESTION0_0_R 1 -1.243e+04 1.634e+02 5.565e+01
|                    ( - -9.078e+02 1 0)
|                    ( - -1.135e+04 6 0 WDBNDRY_E 0 1.254e+02 5.065e+01))))))
s>    ( QUESTION2_1_L -1 -2.925e+04 1.823e+02 1.266e+02
s>        ( QUESTION0_11_R 1 -5.168e+03 1.328e+02 2.208e+01
s>            ( - -1.956e+03 3 0 QUESTION0_14_R 1 1.046e+02 8.005e+00)
s>            ( - -3.079e+03 3 0 QUESTION0_9_R 1 9.081e+01 1.408e+01))
s>        ( QUESTION0_14_R 1 -2.390e+04 1.747e+02 1.045e+02
s>            ( - -1.435e+03 1 0)
s>            ( QUESTION0_19_R 1 -2.229e+04 1.710e+02 9.752e+01
s>                ( QUESTION0 1 -6.643e+03 1.421e+02 2.887e+01
s>                    ( - -2.730e+03 2 0 WDBNDRY_E 0 1.005e+02 1.191e+01)
s>                    ( - -3.771e+03 2 0 WDBNDRY_E 0 1.183e+02 1.697e+01))
s>                ( QUESTION0_12_R 1 -1.548e+04 1.706e+02 6.865e+01
s>                    ( - -2.883e+03 3 0)
s>                    ( QUESTION0_0_R 1 -1.243e+04 1.634e+02 5.565e+01
s>                        ( - -9.078e+02 1 0)
s>                        ( - -1.135e+04 6 0 WDBNDRY_E 0 1.254e+02 5.065e+01))))))INFO: dtree.c(1315): Comp split 4
INFO: dtree.c(1315): Comp split 5
INFO: dtree.c(1439): stop. leaf nodes are specific
INFO: dtree.c(1478): Final simple tree
|( QUESTION0_0_R 1 -1.243e+04 1.634e+02 5.565e+01
|    ( - -9.078e+02 1 0)
|    ( WDBNDRY_E 0 -1.135e+04 1.254e+02 5.065e+01
|        ( QUESTION0_9_R 1 -2.176e+03 4.656e+02 9.966e+00
|            ( - 2.178e+02 1 0)
|            ( - -1.928e+03 1 0))
|        ( QUESTION0_9_R 1 -9.053e+03 1.068e+02 4.068e+01
|            ( - -2.080e+03 2 0)
|            ( - -6.866e+03 2 0))))
s>    ( QUESTION0_0_R 1 -1.243e+04 1.634e+02 5.565e+01
s>        ( - -9.078e+02 1 0)
s>        ( WDBNDRY_E 0 -1.135e+04 1.254e+02 5.065e+01
s>            ( QUESTION0_9_R 1 -2.176e+03 4.656e+02 9.966e+00
s>                ( - 2.178e+02 1 0)
s>                ( - -1.928e+03 1 0))
s>            ( QUESTION0_9_R 1 -9.053e+03 1.068e+02 4.068e+01
s>                ( - -2.080e+03 2 0)
s>                ( - -6.866e+03 2 0))))INFO: dtree.c(1478): Final simple tree
|( QUESTION0_11_R 1 -1.662e+04 1.861e+02 7.096e+01
|    ( QUESTION0_14_R 1 -6.581e+03 1.561e+02 2.800e+01
|        ( QUESTION2_1_L -1 -2.445e+03 1.106e+02 1.100e+01
|            ( - -8.999e+02 1 0)
|            ( - -1.435e+03 1 0))
|        ( QUESTION2_1_L -1 -3.980e+03 1.457e+02 1.700e+01
|            ( - -9.514e+02 2 0 WDBNDRY_E 0 8.163e+01 4.002e+00)
|            ( - -2.883e+03 3 0)))
|    ( QUESTION0 1 -9.851e+03 1.489e+02 4.295e+01
|        ( QUESTION0_9_R 1 -5.930e+03 1.252e+02 2.599e+01
|            ( - -2.589e+03 2 0 QUESTION2_2_L -1 8.277e+01 1.200e+01)
|            ( - -3.216e+03 3 0 WDBNDRY_E 0 8.930e+01 1.399e+01))
|        ( WDBNDRY_E 0 -3.771e+03 1.183e+02 1.697e+01
|            ( - -1.403e+03 1 0)
|            ( - -2.250e+03 1 0))))
s>    ( QUESTION0_11_R 1 -1.662e+04 1.861e+02 7.096e+01
s>        ( QUESTION0_14_R 1 -6.581e+03 1.561e+02 2.800e+01
s>            ( QUESTION2_1_L -1 -2.445e+03 1.106e+02 1.100e+01
s>                ( - -8.999e+02 1 0)
s>                ( - -1.435e+03 1 0))
s>            ( QUESTION2_1_L -1 -3.980e+03 1.457e+02 1.700e+01
s>                ( - -9.514e+02 2 0 WDBNDRY_E 0 8.163e+01 4.002e+00)
s>                ( - -2.883e+03 3 0)))
s>        ( QUESTION0 1 -9.851e+03 1.489e+02 4.295e+01
s>            ( QUESTION0_9_R 1 -5.930e+03 1.252e+02 2.599e+01
s>                ( - -2.589e+03 2 0 QUESTION2_2_L -1 8.277e+01 1.200e+01)
s>                ( - -3.216e+03 3 0 WDBNDRY_E 0 8.930e+01 1.399e+01))
s>            ( WDBNDRY_E 0 -3.771e+03 1.183e+02 1.697e+01
s>                ( - -1.403e+03 1 0)
s>                ( - -2.250e+03 1 0))))INFO: dtree.c(1315): Comp split 6
INFO: dtree.c(1439): stop. leaf nodes are specific
INFO: dtree.c(1478): Final simple tree
|( QUESTION0_0_R 1 -1.218e+04 1.640e+02 5.465e+01
|    ( - -9.078e+02 1 0)
|    ( WDBNDRY_E 0 -1.111e+04 1.283e+02 4.965e+01
|        ( - -1.928e+03 1 0)
|        ( QUESTION0_9_R 1 -9.053e+03 1.068e+02 4.068e+01
|            ( - -2.080e+03 2 0)
|            ( - -6.866e+03 2 0))))
s>    ( QUESTION0_0_R 1 -1.218e+04 1.640e+02 5.465e+01
s>        ( - -9.078e+02 1 0)
s>        ( WDBNDRY_E 0 -1.111e+04 1.283e+02 4.965e+01
s>            ( - -1.928e+03 1 0)
s>            ( QUESTION0_9_R 1 -9.053e+03 1.068e+02 4.068e+01
s>                ( - -2.080e+03 2 0)
s>                ( - -6.866e+03 2 0))))INFO: dtree.c(1315): Comp split 7
INFO: dtree.c(1439): stop. leaf nodes are specific
INFO: dtree.c(1478): Final simple tree
|( WDBNDRY_E 0 -2.289e+03 1.567e+02 8.998e+00
|    ( QUESTION0_2_R 1 -1.549e+03 8.267e+01 5.998e+00
|        ( - -2.381e+02 1 0)
|        ( - -1.228e+03 3 0))
|    ( - -5.836e+02 1 0))
s>    ( WDBNDRY_E 0 -2.289e+03 1.567e+02 8.998e+00
s>        ( QUESTION0_2_R 1 -1.549e+03 8.267e+01 5.998e+00
s>            ( - -2.381e+02 1 0)
s>            ( - -1.228e+03 3 0))
s>        ( - -5.836e+02 1 0))INFO: dtree.c(1478): Final simple tree
|( QUESTION1 -1 -1.531e+04 1.990e+02 6.728e+01
|    ( - -1.755e+03 1 0)
|    ( QUESTION0 -1 -1.336e+04 1.913e+02 5.828e+01
|        ( - -5.241e+02 1 0)
|        ( WDBNDRY_E 0 -1.264e+04 1.363e+02 5.528e+01
|            ( - -1.404e+03 1 0)
|            ( QUESTION0_3_R 1 -1.110e+04 1.361e+02 4.817e+01
|                ( - -3.564e+03 3 0)
|                ( QUESTION2_3_L -1 -7.403e+03 1.145e+02 3.214e+01
|                    ( - -8.507e+02 1 0)
|                    ( QUESTION0_5_R 1 -6.438e+03 8.841e+01 2.816e+01
|                        ( - -6.639e+02 2 0)
|                        ( QUESTION2_1_L -1 -5.685e+03 7.420e+01 2.516e+01
|                            ( - -4.749e+03 2 0)
|                            ( - -8.619e+02 2 0))))))))
s>    ( QUESTION1 -1 -1.531e+04 1.990e+02 6.728e+01
s>        ( - -1.755e+03 1 0)
s>        ( QUESTION0 -1 -1.336e+04 1.913e+02 5.828e+01
s>            ( - -5.241e+02 1 0)
s>            ( WDBNDRY_E 0 -1.264e+04 1.363e+02 5.528e+01
s>                ( - -1.404e+03 1 0)
s>                ( QUESTION0_3_R 1 -1.110e+04 1.361e+02 4.817e+01
s>                    ( - -3.564e+03 3 0)
s>                    ( QUESTION2_3_L -1 -7.403e+03 1.145e+02 3.214e+01
s>                        ( - -8.507e+02 1 0)
s>                        ( QUESTION0_5_R 1 -6.438e+03 8.841e+01 2.816e+01
s>                            ( - -6.639e+02 2 0)
s>                            ( QUESTION2_1_L -1 -5.685e+03 7.420e+01 2.516e+01
s>                                ( - -4.749e+03 2 0)
s>                                ( - -8.619e+02 2 0))))))))INFO: dtree.c(1315): Comp split 8
INFO: dtree.c(1439): stop. leaf nodes are specific
INFO: dtree.c(1478): Final simple tree
|( QUESTION0 -1 -1.336e+04 1.913e+02 5.828e+01
|    ( - -5.241e+02 1 0)
|    ( WDBNDRY_E 0 -1.264e+04 1.363e+02 5.528e+01
|        ( - -1.404e+03 1 0)
|        ( QUESTION0_3_R 1 -1.110e+04 1.361e+02 4.817e+01
|            ( - -3.564e+03 3 0)
|            ( QUESTION2_3_L -1 -7.403e+03 1.145e+02 3.214e+01
|                ( - -8.507e+02 1 0)
|                ( QUESTION0_5_R 1 -6.438e+03 8.841e+01 2.816e+01
|                    ( - -6.639e+02 2 0)
|                    ( QUESTION2_1_L -1 -5.685e+03 7.420e+01 2.516e+01
|                        ( - -4.749e+03 2 0)
|                        ( - -8.619e+02 2 0)))))))
s>    ( QUESTION0 -1 -1.336e+04 1.913e+02 5.828e+01
s>        ( - -5.241e+02 1 0)
s>        ( WDBNDRY_E 0 -1.264e+04 1.363e+02 5.528e+01
s>            ( - -1.404e+03 1 0)
s>            ( QUESTION0_3_R 1 -1.110e+04 1.361e+02 4.817e+01
s>                ( - -3.564e+03 3 0)
s>                ( QUESTION2_3_L -1 -7.403e+03 1.145e+02 3.214e+01
s>                    ( - -8.507e+02 1 0)
s>                    ( QUESTION0_5_R 1 -6.438e+03 8.841e+01 2.816e+01
s>                        ( - -6.639e+02 2 0)
s>                        ( QUESTION2_1_L -1 -5.685e+03 7.420e+01 2.516e+01
s>                            ( - -4.749e+03 2 0)
s>                            ( - -8.619e+02 2 0)))))))INFO: dtree.c(1315): Comp split 9
INFO: dtree.c(1439): stop. leaf nodes are specific
INFO: dtree.c(1478): Final simple tree
|( WDBNDRY_E 0 -1.264e+04 1.363e+02 5.528e+01
|    ( - -1.404e+03 1 0)
|    ( QUESTION0_3_R 1 -1.110e+04 1.361e+02 4.817e+01
|        ( - -3.564e+03 3 0)
|        ( QUESTION2_3_L -1 -7.403e+03 1.145e+02 3.214e+01
|            ( - -8.507e+02 1 0)
|            ( QUESTION0_5_R 1 -6.438e+03 8.841e+01 2.816e+01
|                ( - -6.639e+02 2 0)
|                ( QUESTION2_1_L -1 -5.685e+03 7.420e+01 2.516e+01
|                    ( - -4.749e+03 2 0)
|                    ( - -8.619e+02 2 0))))))
s>    ( WDBNDRY_E 0 -1.264e+04 1.363e+02 5.528e+01
s>        ( - -1.404e+03 1 0)
s>        ( QUESTION0_3_R 1 -1.110e+04 1.361e+02 4.817e+01
s>            ( - -3.564e+03 3 0)
s>            ( QUESTION2_3_L -1 -7.403e+03 1.145e+02 3.214e+01
s>                ( - -8.507e+02 1 0)
s>                ( QUESTION0_5_R 1 -6.438e+03 8.841e+01 2.816e+01
s>                    ( - -6.639e+02 2 0)
s>                    ( QUESTION2_1_L -1 -5.685e+03 7.420e+01 2.516e+01
s>                        ( - -4.749e+03 2 0)
s>                        ( - -8.619e+02 2 0))))))INFO: dtree.c(1315): Comp split 10
INFO: dtree.c(1478): Final simple tree
|( QUESTION0_11_R 1 -1.290e+04 1.646e+02 5.595e+01
|    ( - -2.883e+03 3 0)
|    ( QUESTION0 1 -9.851e+03 1.489e+02 4.295e+01
|        ( QUESTION0_9_R 1 -5.930e+03 1.252e+02 2.599e+01
|            ( QUESTION2_2_L -1 -2.589e+03 8.277e+01 1.200e+01
|                ( - -1.857e+03 1 0)
|                ( - -6.496e+02 1 0))
|            ( WDBNDRY_E 0 -3.216e+03 8.930e+01 1.399e+01
|                ( - -2.196e+03 1 0)
|                ( QUESTION2_1_L -1 -9.307e+02 9.807e+01 4.081e+00
|                    ( - -3.996e+02 1 0)
|                    ( - -4.330e+02 1 0))))
|        ( WDBNDRY_E 0 -3.771e+03 1.183e+02 1.697e+01
|            ( - -1.403e+03 1 0)
|            ( - -2.250e+03 1 0))))
s>    ( QUESTION0_11_R 1 -1.290e+04 1.646e+02 5.595e+01
s>        ( - -2.883e+03 3 0)
s>        ( QUESTION0 1 -9.851e+03 1.489e+02 4.295e+01
s>            ( QUESTION0_9_R 1 -5.930e+03 1.252e+02 2.599e+01
s>                ( QUESTION2_2_L -1 -2.589e+03 8.277e+01 1.200e+01
s>                    ( - -1.857e+03 1 0)
s>                    ( - -6.496e+02 1 0))
s>                ( WDBNDRY_E 0 -3.216e+03 8.930e+01 1.399e+01
s>                    ( - -2.196e+03 1 0)
s>                    ( QUESTION2_1_L -1 -9.307e+02 9.807e+01 4.081e+00
s>                        ( - -3.996e+02 1 0)
s>                        ( - -4.330e+02 1 0))))
s>            ( WDBNDRY_E 0 -3.771e+03 1.183e+02 1.697e+01
s>                ( - -1.403e+03 1 0)
s>                ( - -2.250e+03 1 0))))INFO: dtree.c(1439): stop. leaf nodes are specific
INFO: dtree.c(1478): Final simple tree
|( QUESTION2_1_L -1 -3.529e+03 1.385e+02 1.500e+01
|    ( QUESTION0_14_R 1 -1.956e+03 1.046e+02 8.005e+00
|        ( - -8.999e+02 1 0)
|        ( WDBNDRY_E 0 -9.514e+02 8.163e+01 4.002e+00
|            ( - -4.299e+02 1 0)
|            ( - -4.398e+02 1 0)))
|    ( - -1.435e+03 1 0))
s>    ( QUESTION2_1_L -1 -3.529e+03 1.385e+02 1.500e+01
s>        ( QUESTION0_14_R 1 -1.956e+03 1.046e+02 8.005e+00
s>            ( - -8.999e+02 1 0)
s>            ( WDBNDRY_E 0 -9.514e+02 8.163e+01 4.002e+00
s>                ( - -4.299e+02 1 0)
s>                ( - -4.398e+02 1 0)))
s>        ( - -1.435e+03 1 0))INFO: dtree.c(1315): Comp split 11
INFO: dtree.c(1439): stop. leaf nodes are specific
INFO: dtree.c(1478): Final simple tree
|( QUESTION0_4_R 1 -1.251e+04 1.249e+02 5.654e+01
|    ( - -7.505e+03 2 0)
|    ( QUESTION12 -1 -4.877e+03 1.272e+02 2.210e+01
|        ( - -1.703e+03 2 0)
|        ( WDBNDRY_B 0 -3.047e+03 9.772e+01 1.410e+01
|            ( - -5.848e+02 1 0)
|            ( QUESTION0_2_R 1 -2.364e+03 9.330e+01 1.110e+01
|                ( - -1.509e+03 1 0)
|                ( - -7.621e+02 1 0)))))
s>    ( QUESTION0_4_R 1 -1.251e+04 1.249e+02 5.654e+01
s>        ( - -7.505e+03 2 0)
s>        ( QUESTION12 -1 -4.877e+03 1.272e+02 2.210e+01
s>            ( - -1.703e+03 2 0)
s>            ( WDBNDRY_B 0 -3.047e+03 9.772e+01 1.410e+01
s>                ( - -5.848e+02 1 0)
s>                ( QUESTION0_2_R 1 -2.364e+03 9.330e+01 1.110e+01
s>                    ( - -1.509e+03 1 0)
s>                    ( - -7.621e+02 1 0)))))INFO: dtree.c(1315): Comp split 12
INFO: dtree.c(1439): stop. leaf nodes are specific
INFO: dtree.c(1478): Final simple tree
|( QUESTION0 1 -8.314e+03 1.330e+02 3.595e+01
|    ( QUESTION0_9_R 1 -5.930e+03 1.252e+02 2.599e+01
|        ( QUESTION2_2_L -1 -2.589e+03 8.277e+01 1.200e+01
|            ( - -1.857e+03 1 0)
|            ( - -6.496e+02 1 0))
|        ( WDBNDRY_E 0 -3.216e+03 8.930e+01 1.399e+01
|            ( - -2.196e+03 1 0)
|            ( QUESTION2_1_L -1 -9.307e+02 9.807e+01 4.081e+00
|                ( - -3.996e+02 1 0)
|                ( - -4.330e+02 1 0))))
|    ( - -2.250e+03 1 0))
s>    ( QUESTION0 1 -8.314e+03 1.330e+02 3.595e+01
s>        ( QUESTION0_9_R 1 -5.930e+03 1.252e+02 2.599e+01
s>            ( QUESTION2_2_L -1 -2.589e+03 8.277e+01 1.200e+01
s>                ( - -1.857e+03 1 0)
s>                ( - -6.496e+02 1 0))
s>            ( WDBNDRY_E 0 -3.216e+03 8.930e+01 1.399e+01
s>                ( - -2.196e+03 1 0)
s>                ( QUESTION2_1_L -1 -9.307e+02 9.807e+01 4.081e+00
s>                    ( - -3.996e+02 1 0)
s>                    ( - -4.330e+02 1 0))))
s>        ( - -2.250e+03 1 0))INFO: dtree.c(1439): stop. leaf nodes are specific
INFO: dtree.c(1478): Final simple tree
|( QUESTION0_11_R 1 -4.411e+03 1.258e+02 2.000e+01
|    ( - -2.883e+03 3 0)
|    ( - -1.403e+03 1 0))
s>    ( QUESTION0_11_R 1 -4.411e+03 1.258e+02 2.000e+01
s>        ( - -2.883e+03 3 0)
s>        ( - -1.403e+03 1 0))INFO: dtree.c(1315): Comp split 13
INFO: dtree.c(1439): stop. leaf nodes are specific
INFO: dtree.c(1478): Final simple tree
|( WDBNDRY_E 0 -1.111e+04 1.283e+02 4.965e+01
|    ( - -1.928e+03 1 0)
|    ( QUESTION0_9_R 1 -9.053e+03 1.068e+02 4.068e+01
|        ( - -2.080e+03 2 0)
|        ( - -6.866e+03 2 0)))
s>    ( WDBNDRY_E 0 -1.111e+04 1.283e+02 4.965e+01
s>        ( - -1.928e+03 1 0)
s>        ( QUESTION0_9_R 1 -9.053e+03 1.068e+02 4.068e+01
s>            ( - -2.080e+03 2 0)
s>            ( - -6.866e+03 2 0)))INFO: dtree.c(1315): Comp split 14
INFO: dtree.c(1439): stop. leaf nodes are specific
INFO: dtree.c(1478): Final simple tree
|( QUESTION0_2_R 1 -1.549e+03 8.267e+01 5.998e+00
|    ( - -2.381e+02 1 0)
|    ( - -1.228e+03 3 0))
s>    ( QUESTION0_2_R 1 -1.549e+03 8.267e+01 5.998e+00
s>        ( - -2.381e+02 1 0)
s>        ( - -1.228e+03 3 0))INFO: dtree.c(1315): Comp split 15
INFO: dtree.c(1439): stop. leaf nodes are specific
INFO: dtree.c(1478): Final simple tree
|( QUESTION0_14_R 1 -1.956e+03 1.046e+02 8.005e+00
|    ( - -8.999e+02 1 0)
|    ( WDBNDRY_E 0 -9.514e+02 8.163e+01 4.002e+00
|        ( - -4.299e+02 1 0)
|        ( - -4.398e+02 1 0)))
s>    ( QUESTION0_14_R 1 -1.956e+03 1.046e+02 8.005e+00
s>        ( - -8.999e+02 1 0)
s>        ( WDBNDRY_E 0 -9.514e+02 8.163e+01 4.002e+00
s>            ( - -4.299e+02 1 0)
s>            ( - -4.398e+02 1 0)))INFO: dtree.c(1315): Comp split 16
INFO: dtree.c(1439): stop. leaf nodes are specific
INFO: dtree.c(1478): Final simple tree
|( QUESTION0_3_R 1 -1.110e+04 1.361e+02 4.817e+01
|    ( - -3.564e+03 3 0)
|    ( QUESTION2_3_L -1 -7.403e+03 1.145e+02 3.214e+01
|        ( - -8.507e+02 1 0)
|        ( QUESTION0_5_R 1 -6.438e+03 8.841e+01 2.816e+01
|            ( - -6.639e+02 2 0)
|            ( QUESTION2_1_L -1 -5.685e+03 7.420e+01 2.516e+01
|                ( - -4.749e+03 2 0)
|                ( - -8.619e+02 2 0)))))
s>    ( QUESTION0_3_R 1 -1.110e+04 1.361e+02 4.817e+01
s>        ( - -3.564e+03 3 0)
s>        ( QUESTION2_3_L -1 -7.403e+03 1.145e+02 3.214e+01
s>            ( - -8.507e+02 1 0)
s>            ( QUESTION0_5_R 1 -6.438e+03 8.841e+01 2.816e+01
s>                ( - -6.639e+02 2 0)
s>                ( QUESTION2_1_L -1 -5.685e+03 7.420e+01 2.516e+01
s>                    ( - -4.749e+03 2 0)
s>                    ( - -8.619e+02 2 0)))))INFO: dtree.c(1315): Comp split 17
INFO: dtree.c(1439): stop. leaf nodes are specific
INFO: dtree.c(1478): Final simple tree
|( QUESTION0_5_R 1 -6.438e+03 8.841e+01 2.816e+01
|    ( - -6.639e+02 2 0)
|    ( QUESTION2_1_L -1 -5.685e+03 7.420e+01 2.516e+01
|        ( - -4.749e+03 2 0)
|        ( - -8.619e+02 2 0)))
s>    ( QUESTION0_5_R 1 -6.438e+03 8.841e+01 2.816e+01
s>        ( - -6.639e+02 2 0)
s>        ( QUESTION2_1_L -1 -5.685e+03 7.420e+01 2.516e+01
s>            ( - -4.749e+03 2 0)
s>            ( - -8.619e+02 2 0)))INFO: dtree.c(1439): stop. leaf nodes are specific
INFO: dtree.c(1478): Final simple tree
|( QUESTION0_3_R 1 -4.529e+03 1.145e+02 2.002e+01
|    ( - -3.564e+03 3 0)
|    ( - -8.507e+02 1 0))
s>    ( QUESTION0_3_R 1 -4.529e+03 1.145e+02 2.002e+01
s>        ( - -3.564e+03 3 0)
s>        ( - -8.507e+02 1 0))INFO: dtree.c(1315): Comp split 18
INFO: dtree.c(1439): stop. leaf nodes are specific
INFO: dtree.c(1478): Final simple tree
|( WDBNDRY_E 0 -2.685e+03 8.923e+01 1.199e+01
|    ( - -2.196e+03 1 0)
|    ( - -3.996e+02 1 0))
s>    ( WDBNDRY_E 0 -2.685e+03 8.923e+01 1.199e+01
s>        ( - -2.196e+03 1 0)
s>        ( - -3.996e+02 1 0))INFO: dtree.c(1439): stop. leaf nodes are specific
INFO: dtree.c(1478): Final simple tree
|( QUESTION0_9_R 1 -5.493e+03 1.224e+02 2.396e+01
|    ( QUESTION2_2_L -1 -2.589e+03 8.277e+01 1.200e+01
|        ( - -1.857e+03 1 0)
|        ( - -6.496e+02 1 0))
|    ( QUESTION0 1 -2.782e+03 9.811e+01 1.197e+01
|        ( - -4.330e+02 1 0)
|        ( - -2.250e+03 1 0)))
s>    ( QUESTION0_9_R 1 -5.493e+03 1.224e+02 2.396e+01
s>        ( QUESTION2_2_L -1 -2.589e+03 8.277e+01 1.200e+01
s>            ( - -1.857e+03 1 0)
s>            ( - -6.496e+02 1 0))
s>        ( QUESTION0 1 -2.782e+03 9.811e+01 1.197e+01
s>            ( - -4.330e+02 1 0)
s>            ( - -2.250e+03 1 0)))INFO: dtree.c(1315): Comp split 19
INFO: dtree.c(1439): stop. leaf nodes are specific
INFO: dtree.c(1478): Final simple tree
|( WDBNDRY_B 0 -3.047e+03 9.772e+01 1.410e+01
|    ( - -5.848e+02 1 0)
|    ( QUESTION0_2_R 1 -2.364e+03 9.330e+01 1.110e+01
|        ( - -1.509e+03 1 0)
|        ( - -7.621e+02 1 0)))
s>    ( WDBNDRY_B 0 -3.047e+03 9.772e+01 1.410e+01
s>        ( - -5.848e+02 1 0)
s>        ( QUESTION0_2_R 1 -2.364e+03 9.330e+01 1.110e+01
s>            ( - -1.509e+03 1 0)
s>            ( - -7.621e+02 1 0)))INFO: dtree.c(1439): stop. leaf nodes are specific
INFO: dtree.c(1478): Final simple tree
|( WDBNDRY_B 0 -9.328e+03 1.197e+02 4.244e+01
|    ( - -1.703e+03 2 0)
|    ( - -7.505e+03 2 0))
s>    ( WDBNDRY_B 0 -9.328e+03 1.197e+02 4.244e+01
s>        ( - -1.703e+03 2 0)
s>        ( - -7.505e+03 2 0))INFO: dtree.c(1315): Comp split 20
INFO: dtree.c(1439): stop. leaf nodes are specific
INFO: dtree.c(1478): Final simple tree
|( QUESTION0_9_R 1 -9.053e+03 1.068e+02 4.068e+01
|    ( - -2.080e+03 2 0)
|    ( - -6.866e+03 2 0))
s>    ( QUESTION0_9_R 1 -9.053e+03 1.068e+02 4.068e+01
s>        ( - -2.080e+03 2 0)
s>        ( - -6.866e+03 2 0))INFO: dtree.c(1315): Comp split 21
INFO: dtree.c(1315): Comp split 22
INFO: dtree.c(1439): stop. leaf nodes are specific
INFO: dtree.c(1478): Final simple tree
|( QUESTION0 1 -2.782e+03 9.811e+01 1.197e+01
|    ( - -4.330e+02 1 0)
|    ( - -2.250e+03 1 0))
s>    ( QUESTION0 1 -2.782e+03 9.811e+01 1.197e+01
s>        ( - -4.330e+02 1 0)
s>        ( - -2.250e+03 1 0))INFO: dtree.c(1439): stop. leaf nodes are specific
INFO: dtree.c(1478): Final simple tree
|( QUESTION2_2_L -1 -2.589e+03 8.277e+01 1.200e+01
|    ( - -1.857e+03 1 0)
|    ( - -6.496e+02 1 0))
s>    ( QUESTION2_2_L -1 -2.589e+03 8.277e+01 1.200e+01
s>        ( - -1.857e+03 1 0)
s>        ( - -6.496e+02 1 0))INFO: dtree.c(1315): Comp split 23
INFO: dtree.c(1315): Comp split 24
INFO: dtree.c(1315): Comp split 25
INFO: dtree.c(1315): Comp split 26
INFO: dtree.c(1439): stop. leaf nodes are specific
INFO: dtree.c(1478): Final simple tree
|( WDBNDRY_E 0 -9.514e+02 8.163e+01 4.002e+00
|    ( - -4.299e+02 1 0)
|    ( - -4.398e+02 1 0))
s>    ( WDBNDRY_E 0 -9.514e+02 8.163e+01 4.002e+00
s>        ( - -4.299e+02 1 0)
s>        ( - -4.398e+02 1 0))INFO: dtree.c(1315): Comp split 27
INFO: dtree.c(1315): Comp split 28
INFO: dtree.c(1439): stop. leaf nodes are specific
INFO: dtree.c(1478): Final simple tree
|( QUESTION0_2_R 1 -2.364e+03 9.330e+01 1.110e+01
|    ( - -1.509e+03 1 0)
|    ( - -7.621e+02 1 0))
s>    ( QUESTION0_2_R 1 -2.364e+03 9.330e+01 1.110e+01
s>        ( - -1.509e+03 1 0)
s>        ( - -7.621e+02 1 0))INFO: dtree.c(1315): Comp split 29
INFO: dtree.c(1315): Comp split 30
INFO: dtree.c(1315): Comp split 31
INFO: dtree.c(1439): stop. leaf nodes are specific
INFO: dtree.c(1478): Final simple tree
|( QUESTION2_1_L -1 -5.685e+03 7.420e+01 2.516e+01
|    ( - -4.749e+03 2 0)
|    ( - -8.619e+02 2 0))
s>    ( QUESTION2_1_L -1 -5.685e+03 7.420e+01 2.516e+01
s>        ( - -4.749e+03 2 0)
s>        ( - -8.619e+02 2 0))INFO: dtree.c(1315): Comp split 32
INFO: dtree.c(1315): Comp split 33
INFO: dtree.c(1315): Comp split 34
INFO: dtree.c(1315): Comp split 35
INFO: dtree.c(1315): Comp split 36
INFO: dtree.c(1318): stop. leaf nodes are specific
Thu May  7 00:23:24 2020
