Current configuration:
[NAME]		[DEFLT]	[VALUE]
-allphones	no	no
-cntthresh	0.00001	1.000000e-05
-csplitmax	100	2000
-csplitmin	1	1
-csplitthr	8e-4	0.000000e+00
-example	no	no
-fullvar	no	no
-help		no	no
-meanfn			/home/abdy/Desktop/diploma/kg/model_parameters/kg.cd_cont_untied/means
-mixwfn			/home/abdy/Desktop/diploma/kg/model_parameters/kg.cd_cont_untied/mixture_weights
-moddeffn		/home/abdy/Desktop/diploma/kg/model_architecture/kg.untied.mdef
-mwfloor	1e-4	1.000000e-08
-phone			oy
-psetfn			/home/abdy/Desktop/diploma/kg/model_architecture/kg.tree_questions
-ssplitmax	5	7
-ssplitmin	1	1
-ssplitthr	8e-4	0.000000e+00
-state			1
-stwt			1.0,0.05,0.0,
-treefn			/home/abdy/Desktop/diploma/kg/trees/kg.unpruned/oy-1.dtree
-ts2cbfn	.semi.	.cont.
-varfloor	0.00001	1.000000e-05
-varfn			/home/abdy/Desktop/diploma/kg/model_parameters/kg.cd_cont_untied/variances

INFO: main.c(223): Reading: /home/abdy/Desktop/diploma/kg/model_architecture/kg.untied.mdef
INFO: model_def_io.c(573): Model definition info:
INFO: model_def_io.c(574): 10297 total models defined (47 base, 10250 tri)
INFO: model_def_io.c(575): 41188 total states
INFO: model_def_io.c(576): 30891 total tied states
INFO: model_def_io.c(577): 141 total tied CI states
INFO: model_def_io.c(578): 47 total tied transition matrices
INFO: model_def_io.c(579): 4 max state/model
INFO: model_def_io.c(580): 4 min state/model
INFO: main.c(242): Building trees for [oy SIL k b] through [oy zh n i]
INFO: main.c(269): Covering states |[18237 19232]| == 996
INFO: main.c(275): Reading: /home/abdy/Desktop/diploma/kg/model_parameters/kg.cd_cont_untied/mixture_weights
INFO: s3mixw_io.c(173): Read /home/abdy/Desktop/diploma/kg/model_parameters/kg.cd_cont_untied/mixture_weights [996x1x1 array]
INFO: main.c(311): 69 of 332 models have observation count greater than 0.000010
INFO: main.c(95): nrm stwt: 0.045 0.909 0.045 
INFO: s3gau_io.c(169): Read /home/abdy/Desktop/diploma/kg/model_parameters/kg.cd_cont_untied/means [30891x1x1 array]
INFO: s3gau_io.c(169): Read /home/abdy/Desktop/diploma/kg/model_parameters/kg.cd_cont_untied/variances [30891x1x1 array]
INFO: main.c(549): Reading: /home/abdy/Desktop/diploma/kg/model_architecture/kg.tree_questions
INFO: main.c(588): 174 total simple questions (166 phone; 8 word bndry)
INFO: main.c(590): 40 Left Only questions, and 42 Right Only questions
INFO: dtree.c(1478): Final simple tree
|( QUESTION2_10_L -1 -7.417e+04 2.908e+02 3.213e+02
|    ( - -1.677e+04 11 0 WDBNDRY_B 0 2.011e+02 7.093e+01)
|    ( QUESTION0_13_R 1 -5.711e+04 2.906e+02 2.503e+02
|        ( QUESTION14 -1 -1.274e+04 2.734e+02 5.589e+01
|            ( - -1.285e+03 1 0)
|            ( - -1.118e+04 13 0 QUESTION11 -1 2.216e+02 4.889e+01))
|        ( QUESTION0_15_R 1 -4.408e+04 2.473e+02 1.944e+02
|            ( QUESTION0 -1 -3.335e+03 2.422e+02 1.732e+01
|                ( - -1.352e+03 1 0)
|                ( - -1.740e+03 1 0))
|            ( QUESTION17 -1 -4.050e+04 2.410e+02 1.771e+02
|                ( - -2.060e+02 1 0)
|                ( QUESTION2_16_L -1 -4.005e+04 2.355e+02 1.751e+02
|                    ( - -2.360e+02 1 0)
|                    ( - -3.958e+04 40 0 SILENCE 1 2.072e+02 1.731e+02))))))
s>    ( QUESTION2_10_L -1 -7.417e+04 2.908e+02 3.213e+02
s>        ( - -1.677e+04 11 0 WDBNDRY_B 0 2.011e+02 7.093e+01)
s>        ( QUESTION0_13_R 1 -5.711e+04 2.906e+02 2.503e+02
s>            ( QUESTION14 -1 -1.274e+04 2.734e+02 5.589e+01
s>                ( - -1.285e+03 1 0)
s>                ( - -1.118e+04 13 0 QUESTION11 -1 2.216e+02 4.889e+01))
s>            ( QUESTION0_15_R 1 -4.408e+04 2.473e+02 1.944e+02
s>                ( QUESTION0 -1 -3.335e+03 2.422e+02 1.732e+01
s>                    ( - -1.352e+03 1 0)
s>                    ( - -1.740e+03 1 0))
s>                ( QUESTION17 -1 -4.050e+04 2.410e+02 1.771e+02
s>                    ( - -2.060e+02 1 0)
s>                    ( QUESTION2_16_L -1 -4.005e+04 2.355e+02 1.751e+02
s>                        ( - -2.360e+02 1 0)
s>                        ( - -3.958e+04 40 0 SILENCE 1 2.072e+02 1.731e+02))))))INFO: dtree.c(1315): Comp split 0
INFO: dtree.c(1478): Final simple tree
|( QUESTION0_13_R 1 -4.517e+04 2.459e+02 1.994e+02
|    ( - -1.285e+03 1 0)
|    ( QUESTION0_15_R 1 -4.364e+04 2.477e+02 1.924e+02
|        ( QUESTION0 -1 -3.335e+03 2.422e+02 1.732e+01
|            ( - -1.352e+03 1 0)
|            ( - -1.740e+03 1 0))
|        ( QUESTION2_16_L -1 -4.005e+04 2.355e+02 1.751e+02
|            ( - -2.360e+02 1 0)
|            ( SILENCE 1 -3.958e+04 2.072e+02 1.731e+02
|                ( - -1.616e+03 1 0)
|                ( QUESTION19 -1 -3.776e+04 1.776e+02 1.662e+02
|                    ( WDBNDRY_B 0 -5.617e+03 2.666e+02 2.592e+01
|                        ( - -4.347e+03 3 0 QUESTION0_0_R 1 1.009e+02 1.992e+01)
|                        ( - -1.003e+03 1 0))
|                    ( - -3.196e+04 35 0 QUESTION5 -1 1.626e+02 1.403e+02))))))
s>    ( QUESTION0_13_R 1 -4.517e+04 2.459e+02 1.994e+02
s>        ( - -1.285e+03 1 0)
s>        ( QUESTION0_15_R 1 -4.364e+04 2.477e+02 1.924e+02
s>            ( QUESTION0 -1 -3.335e+03 2.422e+02 1.732e+01
s>                ( - -1.352e+03 1 0)
s>                ( - -1.740e+03 1 0))
s>            ( QUESTION2_16_L -1 -4.005e+04 2.355e+02 1.751e+02
s>                ( - -2.360e+02 1 0)
s>                ( SILENCE 1 -3.958e+04 2.072e+02 1.731e+02
s>                    ( - -1.616e+03 1 0)
s>                    ( QUESTION19 -1 -3.776e+04 1.776e+02 1.662e+02
s>                        ( WDBNDRY_B 0 -5.617e+03 2.666e+02 2.592e+01
s>                            ( - -4.347e+03 3 0 QUESTION0_0_R 1 1.009e+02 1.992e+01)
s>                            ( - -1.003e+03 1 0))
s>                        ( - -3.196e+04 35 0 QUESTION5 -1 1.626e+02 1.403e+02))))))INFO: dtree.c(1478): Final simple tree
|( QUESTION2_8_L -1 -2.867e+04 2.600e+02 1.218e+02
|    ( WDBNDRY_B 0 -1.677e+04 2.011e+02 7.093e+01
|        ( QUESTION0_0_R 1 -8.969e+02 4.983e+02 5.000e+00
|            ( - 2.169e+02 1 0)
|            ( - -6.155e+02 1 0))
|        ( QUESTION0_2_R 1 -1.567e+04 2.024e+02 6.593e+01
|            ( - -2.844e+02 1 0)
|            ( WDBNDRY_E 0 -1.518e+04 4.450e+02 6.393e+01
|                ( - 1.953e+02 1 0)
|                ( - -1.493e+04 7 0 QUESTION0_19_R 1 1.766e+02 6.293e+01))))
|    ( QUESTION0_9_R 1 -1.164e+04 2.531e+02 5.089e+01
|        ( - -2.060e+02 1 0)
|        ( QUESTION11 -1 -1.118e+04 2.216e+02 4.889e+01
|            ( - -2.144e+03 1 0)
|            ( - -8.818e+03 12 0 QUESTION2_17_L -1 1.722e+02 3.796e+01))))
s>    ( QUESTION2_8_L -1 -2.867e+04 2.600e+02 1.218e+02
s>        ( WDBNDRY_B 0 -1.677e+04 2.011e+02 7.093e+01
s>            ( QUESTION0_0_R 1 -8.969e+02 4.983e+02 5.000e+00
s>                ( - 2.169e+02 1 0)
s>                ( - -6.155e+02 1 0))
s>            ( QUESTION0_2_R 1 -1.567e+04 2.024e+02 6.593e+01
s>                ( - -2.844e+02 1 0)
s>                ( WDBNDRY_E 0 -1.518e+04 4.450e+02 6.393e+01
s>                    ( - 1.953e+02 1 0)
s>                    ( - -1.493e+04 7 0 QUESTION0_19_R 1 1.766e+02 6.293e+01))))
s>        ( QUESTION0_9_R 1 -1.164e+04 2.531e+02 5.089e+01
s>            ( - -2.060e+02 1 0)
s>            ( QUESTION11 -1 -1.118e+04 2.216e+02 4.889e+01
s>                ( - -2.144e+03 1 0)
s>                ( - -8.818e+03 12 0 QUESTION2_17_L -1 1.722e+02 3.796e+01))))INFO: dtree.c(1315): Comp split 1
INFO: dtree.c(1478): Final simple tree
|( QUESTION2_8_L -1 -2.843e+04 2.597e+02 1.208e+02
|    ( WDBNDRY_B 0 -1.653e+04 2.416e+02 6.993e+01
|        ( - -6.155e+02 1 0)
|        ( QUESTION0_2_R 1 -1.567e+04 2.024e+02 6.593e+01
|            ( - -2.844e+02 1 0)
|            ( WDBNDRY_E 0 -1.518e+04 4.450e+02 6.393e+01
|                ( - 1.953e+02 1 0)
|                ( QUESTION0_19_R 1 -1.493e+04 1.766e+02 6.293e+01
|                    ( - -4.058e+03 1 0)
|                    ( - -1.070e+04 6 0 QUESTION2 1 1.277e+02 4.616e+01)))))
|    ( QUESTION0_9_R 1 -1.164e+04 2.531e+02 5.089e+01
|        ( - -2.060e+02 1 0)
|        ( QUESTION11 -1 -1.118e+04 2.216e+02 4.889e+01
|            ( - -2.144e+03 1 0)
|            ( - -8.818e+03 12 0 QUESTION2_17_L -1 1.722e+02 3.796e+01))))
s>    ( QUESTION2_8_L -1 -2.843e+04 2.597e+02 1.208e+02
s>        ( WDBNDRY_B 0 -1.653e+04 2.416e+02 6.993e+01
s>            ( - -6.155e+02 1 0)
s>            ( QUESTION0_2_R 1 -1.567e+04 2.024e+02 6.593e+01
s>                ( - -2.844e+02 1 0)
s>                ( WDBNDRY_E 0 -1.518e+04 4.450e+02 6.393e+01
s>                    ( - 1.953e+02 1 0)
s>                    ( QUESTION0_19_R 1 -1.493e+04 1.766e+02 6.293e+01
s>                        ( - -4.058e+03 1 0)
s>                        ( - -1.070e+04 6 0 QUESTION2 1 1.277e+02 4.616e+01)))))
s>        ( QUESTION0_9_R 1 -1.164e+04 2.531e+02 5.089e+01
s>            ( - -2.060e+02 1 0)
s>            ( QUESTION11 -1 -1.118e+04 2.216e+02 4.889e+01
s>                ( - -2.144e+03 1 0)
s>                ( - -8.818e+03 12 0 QUESTION2_17_L -1 1.722e+02 3.796e+01))))INFO: dtree.c(1315): Comp split 2
INFO: dtree.c(1478): Final simple tree
|( QUESTION2_8_L -1 -2.818e+04 2.610e+02 1.198e+02
|    ( WDBNDRY_B 0 -1.628e+04 2.414e+02 6.893e+01
|        ( - -6.155e+02 1 0)
|        ( WDBNDRY_E 0 -1.542e+04 2.025e+02 6.493e+01
|            ( - -2.844e+02 1 0)
|            ( QUESTION0_19_R 1 -1.493e+04 1.766e+02 6.293e+01
|                ( - -4.058e+03 1 0)
|                ( - -1.070e+04 6 0 QUESTION2 1 1.277e+02 4.616e+01))))
|    ( QUESTION0_9_R 1 -1.164e+04 2.531e+02 5.089e+01
|        ( - -2.060e+02 1 0)
|        ( QUESTION11 -1 -1.118e+04 2.216e+02 4.889e+01
|            ( - -2.144e+03 1 0)
|            ( QUESTION2_17_L -1 -8.818e+03 1.722e+02 3.796e+01
|                ( - -2.167e+03 1 0)
|                ( - -6.479e+03 11 0 QUESTION3 -1 2.051e+02 2.799e+01)))))
s>    ( QUESTION2_8_L -1 -2.818e+04 2.610e+02 1.198e+02
s>        ( WDBNDRY_B 0 -1.628e+04 2.414e+02 6.893e+01
s>            ( - -6.155e+02 1 0)
s>            ( WDBNDRY_E 0 -1.542e+04 2.025e+02 6.493e+01
s>                ( - -2.844e+02 1 0)
s>                ( QUESTION0_19_R 1 -1.493e+04 1.766e+02 6.293e+01
s>                    ( - -4.058e+03 1 0)
s>                    ( - -1.070e+04 6 0 QUESTION2 1 1.277e+02 4.616e+01))))
s>        ( QUESTION0_9_R 1 -1.164e+04 2.531e+02 5.089e+01
s>            ( - -2.060e+02 1 0)
s>            ( QUESTION11 -1 -1.118e+04 2.216e+02 4.889e+01
s>                ( - -2.144e+03 1 0)
s>                ( QUESTION2_17_L -1 -8.818e+03 1.722e+02 3.796e+01
s>                    ( - -2.167e+03 1 0)
s>                    ( - -6.479e+03 11 0 QUESTION3 -1 2.051e+02 2.799e+01)))))INFO: dtree.c(1315): Comp split 3
INFO: dtree.c(1478): Final simple tree
|( QUESTION0_13_R 1 -4.311e+04 2.482e+02 1.895e+02
|    ( - -1.285e+03 1 0)
|    ( QUESTION2_16_L -1 -4.158e+04 2.359e+02 1.825e+02
|        ( - -2.360e+02 1 0)
|        ( SILENCE 1 -4.111e+04 2.085e+02 1.805e+02
|            ( - -1.616e+03 1 0)
|            ( QUESTION1 -1 -3.929e+04 1.787e+02 1.736e+02
|                ( QUESTION0_11_R 1 -9.444e+03 1.656e+02 4.119e+01
|                    ( - -1.352e+03 1 0)
|                    ( - -7.926e+03 11 0 WDBNDRY_E 0 1.937e+02 3.385e+01))
|                ( QUESTION0_11_R 1 -2.966e+04 1.680e+02 1.324e+02
|                    ( QUESTION0 -1 -1.209e+03 5.284e+02 6.000e+00
|                        ( - 2.414e+02 1 0)
|                        ( - -9.220e+02 1 0))
|                    ( - -2.829e+04 26 0 QUESTION19 -1 1.576e+02 1.264e+02))))))
s>    ( QUESTION0_13_R 1 -4.311e+04 2.482e+02 1.895e+02
s>        ( - -1.285e+03 1 0)
s>        ( QUESTION2_16_L -1 -4.158e+04 2.359e+02 1.825e+02
s>            ( - -2.360e+02 1 0)
s>            ( SILENCE 1 -4.111e+04 2.085e+02 1.805e+02
s>                ( - -1.616e+03 1 0)
s>                ( QUESTION1 -1 -3.929e+04 1.787e+02 1.736e+02
s>                    ( QUESTION0_11_R 1 -9.444e+03 1.656e+02 4.119e+01
s>                        ( - -1.352e+03 1 0)
s>                        ( - -7.926e+03 11 0 WDBNDRY_E 0 1.937e+02 3.385e+01))
s>                    ( QUESTION0_11_R 1 -2.966e+04 1.680e+02 1.324e+02
s>                        ( QUESTION0 -1 -1.209e+03 5.284e+02 6.000e+00
s>                            ( - 2.414e+02 1 0)
s>                            ( - -9.220e+02 1 0))
s>                        ( - -2.829e+04 26 0 QUESTION19 -1 1.576e+02 1.264e+02))))))INFO: dtree.c(1315): Comp split 4
INFO: dtree.c(1478): Final simple tree
|( QUESTION0_13_R 1 -4.286e+04 2.481e+02 1.885e+02
|    ( - -1.285e+03 1 0)
|    ( QUESTION2_16_L -1 -4.132e+04 2.359e+02 1.815e+02
|        ( - -2.360e+02 1 0)
|        ( SILENCE 1 -4.085e+04 2.099e+02 1.795e+02
|            ( - -1.616e+03 1 0)
|            ( QUESTION0_12_R 1 -3.903e+04 1.890e+02 1.726e+02
|                ( - -9.220e+02 1 0)
|                ( QUESTION1 -1 -3.792e+04 1.862e+02 1.676e+02
|                    ( QUESTION0_11_R 1 -9.444e+03 1.656e+02 4.119e+01
|                        ( - -1.352e+03 1 0)
|                        ( WDBNDRY_E 0 -7.926e+03 1.937e+02 3.385e+01
|                            ( - -1.148e+03 1 0)
|                            ( - -6.584e+03 10 0 QUESTION2 -1 1.163e+02 2.785e+01)))
|                    ( - -2.829e+04 26 0 QUESTION19 -1 1.576e+02 1.264e+02))))))
s>    ( QUESTION0_13_R 1 -4.286e+04 2.481e+02 1.885e+02
s>        ( - -1.285e+03 1 0)
s>        ( QUESTION2_16_L -1 -4.132e+04 2.359e+02 1.815e+02
s>            ( - -2.360e+02 1 0)
s>            ( SILENCE 1 -4.085e+04 2.099e+02 1.795e+02
s>                ( - -1.616e+03 1 0)
s>                ( QUESTION0_12_R 1 -3.903e+04 1.890e+02 1.726e+02
s>                    ( - -9.220e+02 1 0)
s>                    ( QUESTION1 -1 -3.792e+04 1.862e+02 1.676e+02
s>                        ( QUESTION0_11_R 1 -9.444e+03 1.656e+02 4.119e+01
s>                            ( - -1.352e+03 1 0)
s>                            ( WDBNDRY_E 0 -7.926e+03 1.937e+02 3.385e+01
s>                                ( - -1.148e+03 1 0)
s>                                ( - -6.584e+03 10 0 QUESTION2 -1 1.163e+02 2.785e+01)))
s>                        ( - -2.829e+04 26 0 QUESTION19 -1 1.576e+02 1.264e+02))))))INFO: dtree.c(1315): Comp split 5
INFO: dtree.c(1478): Final simple tree
|( QUESTION2_17_L -1 -8.818e+03 1.722e+02 3.796e+01
|    ( - -2.167e+03 1 0)
|    ( QUESTION3 -1 -6.479e+03 2.051e+02 2.799e+01
|        ( - -4.545e+02 1 0)
|        ( QUESTION13 -1 -5.819e+03 1.288e+02 2.499e+01
|            ( WDBNDRY_E 0 -1.467e+03 4.938e+02 5.998e+00
|                ( - 2.417e+02 1 0)
|                ( WDBNDRY_B 0 -1.214e+03 9.948e+01 4.998e+00
|                    ( - -5.316e+02 2 0)
|                    ( - -5.834e+02 1 0)))
|            ( WDBNDRY_E 0 -4.224e+03 1.199e+02 1.900e+01
|                ( - -7.888e+02 1 0)
|                ( QUESTION2_0_L -1 -3.315e+03 1.299e+02 1.500e+01
|                    ( - -1.657e+03 2 0 WDBNDRY_B 0 8.675e+01 7.996e+00)
|                    ( - -1.528e+03 3 0 QUESTION1 -1 7.847e+01 7.000e+00))))))
s>    ( QUESTION2_17_L -1 -8.818e+03 1.722e+02 3.796e+01
s>        ( - -2.167e+03 1 0)
s>        ( QUESTION3 -1 -6.479e+03 2.051e+02 2.799e+01
s>            ( - -4.545e+02 1 0)
s>            ( QUESTION13 -1 -5.819e+03 1.288e+02 2.499e+01
s>                ( WDBNDRY_E 0 -1.467e+03 4.938e+02 5.998e+00
s>                    ( - 2.417e+02 1 0)
s>                    ( WDBNDRY_B 0 -1.214e+03 9.948e+01 4.998e+00
s>                        ( - -5.316e+02 2 0)
s>                        ( - -5.834e+02 1 0)))
s>                ( WDBNDRY_E 0 -4.224e+03 1.199e+02 1.900e+01
s>                    ( - -7.888e+02 1 0)
s>                    ( QUESTION2_0_L -1 -3.315e+03 1.299e+02 1.500e+01
s>                        ( - -1.657e+03 2 0 WDBNDRY_B 0 8.675e+01 7.996e+00)
s>                        ( - -1.528e+03 3 0 QUESTION1 -1 7.847e+01 7.000e+00))))))INFO: dtree.c(1478): Final simple tree
|( QUESTION5 -1 -1.908e+04 2.388e+02 8.186e+01
|    ( - -6.155e+02 1 0)
|    ( QUESTION12 -1 -1.823e+04 2.370e+02 7.786e+01
|        ( - -2.060e+02 1 0)
|        ( WDBNDRY_B 0 -1.779e+04 2.219e+02 7.586e+01
|            ( - -2.144e+03 1 0)
|            ( WDBNDRY_E 0 -1.542e+04 2.025e+02 6.493e+01
|                ( - -2.844e+02 1 0)
|                ( QUESTION0_19_R 1 -1.493e+04 1.766e+02 6.293e+01
|                    ( - -4.058e+03 1 0)
|                    ( QUESTION2 1 -1.070e+04 1.277e+02 4.616e+01
|                        ( - -5.465e+03 2 0 QUESTION0_9_R 1 1.027e+02 2.386e+01)
|                        ( QUESTION0_10_R 1 -5.107e+03 1.135e+02 2.230e+01
|                            ( - -8.175e+02 1 0)
|                            ( - -4.176e+03 3 0 QUESTION0_0_R 1 1.031e+02 1.830e+01))))))))
s>    ( QUESTION5 -1 -1.908e+04 2.388e+02 8.186e+01
s>        ( - -6.155e+02 1 0)
s>        ( QUESTION12 -1 -1.823e+04 2.370e+02 7.786e+01
s>            ( - -2.060e+02 1 0)
s>            ( WDBNDRY_B 0 -1.779e+04 2.219e+02 7.586e+01
s>                ( - -2.144e+03 1 0)
s>                ( WDBNDRY_E 0 -1.542e+04 2.025e+02 6.493e+01
s>                    ( - -2.844e+02 1 0)
s>                    ( QUESTION0_19_R 1 -1.493e+04 1.766e+02 6.293e+01
s>                        ( - -4.058e+03 1 0)
s>                        ( QUESTION2 1 -1.070e+04 1.277e+02 4.616e+01
s>                            ( - -5.465e+03 2 0 QUESTION0_9_R 1 1.027e+02 2.386e+01)
s>                            ( QUESTION0_10_R 1 -5.107e+03 1.135e+02 2.230e+01
s>                                ( - -8.175e+02 1 0)
s>                                ( - -4.176e+03 3 0 QUESTION0_0_R 1 1.031e+02 1.830e+01))))))))INFO: dtree.c(1315): Comp split 6
INFO: dtree.c(1478): Final simple tree
|( QUESTION2_17_L -1 -8.577e+03 1.753e+02 3.696e+01
|    ( - -2.167e+03 1 0)
|    ( QUESTION3 -1 -6.235e+03 2.054e+02 2.699e+01
|        ( - -4.545e+02 1 0)
|        ( QUESTION13 -1 -5.575e+03 1.371e+02 2.399e+01
|            ( WDBNDRY_B 0 -1.214e+03 9.948e+01 4.998e+00
|                ( - -5.316e+02 2 0)
|                ( - -5.834e+02 1 0))
|            ( WDBNDRY_E 0 -4.224e+03 1.199e+02 1.900e+01
|                ( - -7.888e+02 1 0)
|                ( QUESTION2_0_L -1 -3.315e+03 1.299e+02 1.500e+01
|                    ( WDBNDRY_B 0 -1.657e+03 8.675e+01 7.996e+00
|                        ( - -3.829e+02 1 0)
|                        ( - -1.187e+03 1 0))
|                    ( - -1.528e+03 3 0 QUESTION1 -1 7.847e+01 7.000e+00))))))
s>    ( QUESTION2_17_L -1 -8.577e+03 1.753e+02 3.696e+01
s>        ( - -2.167e+03 1 0)
s>        ( QUESTION3 -1 -6.235e+03 2.054e+02 2.699e+01
s>            ( - -4.545e+02 1 0)
s>            ( QUESTION13 -1 -5.575e+03 1.371e+02 2.399e+01
s>                ( WDBNDRY_B 0 -1.214e+03 9.948e+01 4.998e+00
s>                    ( - -5.316e+02 2 0)
s>                    ( - -5.834e+02 1 0))
s>                ( WDBNDRY_E 0 -4.224e+03 1.199e+02 1.900e+01
s>                    ( - -7.888e+02 1 0)
s>                    ( QUESTION2_0_L -1 -3.315e+03 1.299e+02 1.500e+01
s>                        ( WDBNDRY_B 0 -1.657e+03 8.675e+01 7.996e+00
s>                            ( - -3.829e+02 1 0)
s>                            ( - -1.187e+03 1 0))
s>                        ( - -1.528e+03 3 0 QUESTION1 -1 7.847e+01 7.000e+00))))))INFO: dtree.c(1315): Comp split 7
INFO: dtree.c(1478): Final simple tree
|( QUESTION2_16_L -1 -4.132e+04 2.359e+02 1.815e+02
|    ( - -2.360e+02 1 0)
|    ( SILENCE 1 -4.085e+04 2.099e+02 1.795e+02
|        ( - -1.616e+03 1 0)
|        ( QUESTION0_12_R 1 -3.903e+04 1.890e+02 1.726e+02
|            ( - -9.220e+02 1 0)
|            ( QUESTION1 -1 -3.792e+04 1.862e+02 1.676e+02
|                ( QUESTION0_11_R 1 -9.444e+03 1.656e+02 4.119e+01
|                    ( - -1.352e+03 1 0)
|                    ( WDBNDRY_E 0 -7.926e+03 1.937e+02 3.385e+01
|                        ( - -1.148e+03 1 0)
|                        ( - -6.584e+03 10 0 QUESTION2 -1 1.163e+02 2.785e+01)))
|                ( QUESTION19 -1 -2.829e+04 1.576e+02 1.264e+02
|                    ( - -5.617e+03 4 0 WDBNDRY_B 0 2.666e+02 2.592e+01)
|                    ( - -2.251e+04 22 0 QUESTION2 1 1.454e+02 1.005e+02))))))
s>    ( QUESTION2_16_L -1 -4.132e+04 2.359e+02 1.815e+02
s>        ( - -2.360e+02 1 0)
s>        ( SILENCE 1 -4.085e+04 2.099e+02 1.795e+02
s>            ( - -1.616e+03 1 0)
s>            ( QUESTION0_12_R 1 -3.903e+04 1.890e+02 1.726e+02
s>                ( - -9.220e+02 1 0)
s>                ( QUESTION1 -1 -3.792e+04 1.862e+02 1.676e+02
s>                    ( QUESTION0_11_R 1 -9.444e+03 1.656e+02 4.119e+01
s>                        ( - -1.352e+03 1 0)
s>                        ( WDBNDRY_E 0 -7.926e+03 1.937e+02 3.385e+01
s>                            ( - -1.148e+03 1 0)
s>                            ( - -6.584e+03 10 0 QUESTION2 -1 1.163e+02 2.785e+01)))
s>                    ( QUESTION19 -1 -2.829e+04 1.576e+02 1.264e+02
s>                        ( - -5.617e+03 4 0 WDBNDRY_B 0 2.666e+02 2.592e+01)
s>                        ( - -2.251e+04 22 0 QUESTION2 1 1.454e+02 1.005e+02))))))INFO: dtree.c(1315): Comp split 8
INFO: dtree.c(1478): Final simple tree
|( QUESTION12 -1 -1.823e+04 2.370e+02 7.786e+01
|    ( - -2.060e+02 1 0)
|    ( WDBNDRY_B 0 -1.779e+04 2.219e+02 7.586e+01
|        ( - -2.144e+03 1 0)
|        ( WDBNDRY_E 0 -1.542e+04 2.025e+02 6.493e+01
|            ( - -2.844e+02 1 0)
|            ( QUESTION0_19_R 1 -1.493e+04 1.766e+02 6.293e+01
|                ( - -4.058e+03 1 0)
|                ( QUESTION2 1 -1.070e+04 1.277e+02 4.616e+01
|                    ( - -5.465e+03 2 0 QUESTION0_9_R 1 1.027e+02 2.386e+01)
|                    ( QUESTION0_10_R 1 -5.107e+03 1.135e+02 2.230e+01
|                        ( - -8.175e+02 1 0)
|                        ( QUESTION0_0_R 1 -4.176e+03 1.031e+02 1.830e+01
|                            ( - -1.148e+03 2 0 QUESTION14 1 7.446e+01 5.084e+00)
|                            ( - -2.925e+03 1 0))))))))
s>    ( QUESTION12 -1 -1.823e+04 2.370e+02 7.786e+01
s>        ( - -2.060e+02 1 0)
s>        ( WDBNDRY_B 0 -1.779e+04 2.219e+02 7.586e+01
s>            ( - -2.144e+03 1 0)
s>            ( WDBNDRY_E 0 -1.542e+04 2.025e+02 6.493e+01
s>                ( - -2.844e+02 1 0)
s>                ( QUESTION0_19_R 1 -1.493e+04 1.766e+02 6.293e+01
s>                    ( - -4.058e+03 1 0)
s>                    ( QUESTION2 1 -1.070e+04 1.277e+02 4.616e+01
s>                        ( - -5.465e+03 2 0 QUESTION0_9_R 1 1.027e+02 2.386e+01)
s>                        ( QUESTION0_10_R 1 -5.107e+03 1.135e+02 2.230e+01
s>                            ( - -8.175e+02 1 0)
s>                            ( QUESTION0_0_R 1 -4.176e+03 1.031e+02 1.830e+01
s>                                ( - -1.148e+03 2 0 QUESTION14 1 7.446e+01 5.084e+00)
s>                                ( - -2.925e+03 1 0))))))))INFO: dtree.c(1315): Comp split 9
INFO: dtree.c(1478): Final simple tree
|( QUESTION2 -1 -3.010e+04 2.351e+02 1.344e+02
|    ( - -2.360e+02 1 0)
|    ( QUESTION1 -1 -2.963e+04 1.986e+02 1.324e+02
|        ( - -1.148e+03 1 0)
|        ( QUESTION19 -1 -2.829e+04 1.576e+02 1.264e+02
|            ( WDBNDRY_B 0 -5.617e+03 2.666e+02 2.592e+01
|                ( - -4.347e+03 3 0 QUESTION0_0_R 1 1.009e+02 1.992e+01)
|                ( - -1.003e+03 1 0))
|            ( QUESTION2 1 -2.251e+04 1.454e+02 1.005e+02
|                ( WDBNDRY_E 0 -7.300e+03 2.237e+02 3.434e+01
|                    ( - -4.118e+02 1 0)
|                    ( QUESTION6 -1 -6.664e+03 2.001e+02 3.134e+01
|                        ( - -7.050e+02 1 0)
|                        ( - -5.759e+03 3 0 QUESTION0 -1 1.101e+02 2.734e+01)))
|                ( - -1.507e+04 17 0 WDBNDRY_E 0 1.394e+02 6.613e+01)))))
s>    ( QUESTION2 -1 -3.010e+04 2.351e+02 1.344e+02
s>        ( - -2.360e+02 1 0)
s>        ( QUESTION1 -1 -2.963e+04 1.986e+02 1.324e+02
s>            ( - -1.148e+03 1 0)
s>            ( QUESTION19 -1 -2.829e+04 1.576e+02 1.264e+02
s>                ( WDBNDRY_B 0 -5.617e+03 2.666e+02 2.592e+01
s>                    ( - -4.347e+03 3 0 QUESTION0_0_R 1 1.009e+02 1.992e+01)
s>                    ( - -1.003e+03 1 0))
s>                ( QUESTION2 1 -2.251e+04 1.454e+02 1.005e+02
s>                    ( WDBNDRY_E 0 -7.300e+03 2.237e+02 3.434e+01
s>                        ( - -4.118e+02 1 0)
s>                        ( QUESTION6 -1 -6.664e+03 2.001e+02 3.134e+01
s>                            ( - -7.050e+02 1 0)
s>                            ( - -5.759e+03 3 0 QUESTION0 -1 1.101e+02 2.734e+01)))
s>                    ( - -1.507e+04 17 0 WDBNDRY_E 0 1.394e+02 6.613e+01)))))INFO: dtree.c(1478): Final simple tree
|( QUESTION0_12_R 1 -1.098e+04 1.888e+02 4.709e+01
|    ( - -9.220e+02 1 0)
|    ( QUESTION0_11_R 1 -9.873e+03 1.720e+02 4.209e+01
|        ( - -1.352e+03 1 0)
|        ( WDBNDRY_E 0 -8.348e+03 1.481e+02 3.475e+01
|            ( - -1.616e+03 1 0)
|            ( QUESTION2 -1 -6.584e+03 1.163e+02 2.785e+01
|                ( QUESTION2 1 -1.841e+03 9.945e+01 8.000e+00
|                    ( - -3.438e+02 1 0)
|                    ( - -1.398e+03 3 0 WDBNDRY_B 0 8.816e+01 6.000e+00))
|                ( QUESTION0_0_R 1 -4.627e+03 1.170e+02 1.985e+01
|                    ( - -2.178e+03 1 0)
|                    ( WDBNDRY_B 0 -2.332e+03 1.042e+02 9.873e+00
|                        ( - -5.514e+02 1 0)
|                        ( - -1.676e+03 4 0 QUESTION2 1 7.837e+01 6.873e+00)))))))
s>    ( QUESTION0_12_R 1 -1.098e+04 1.888e+02 4.709e+01
s>        ( - -9.220e+02 1 0)
s>        ( QUESTION0_11_R 1 -9.873e+03 1.720e+02 4.209e+01
s>            ( - -1.352e+03 1 0)
s>            ( WDBNDRY_E 0 -8.348e+03 1.481e+02 3.475e+01
s>                ( - -1.616e+03 1 0)
s>                ( QUESTION2 -1 -6.584e+03 1.163e+02 2.785e+01
s>                    ( QUESTION2 1 -1.841e+03 9.945e+01 8.000e+00
s>                        ( - -3.438e+02 1 0)
s>                        ( - -1.398e+03 3 0 WDBNDRY_B 0 8.816e+01 6.000e+00))
s>                    ( QUESTION0_0_R 1 -4.627e+03 1.170e+02 1.985e+01
s>                        ( - -2.178e+03 1 0)
s>                        ( WDBNDRY_B 0 -2.332e+03 1.042e+02 9.873e+00
s>                            ( - -5.514e+02 1 0)
s>                            ( - -1.676e+03 4 0 QUESTION2 1 7.837e+01 6.873e+00)))))))INFO: dtree.c(1315): Comp split 10
INFO: dtree.c(1478): Final simple tree
|( QUESTION2 -1 -2.883e+04 2.347e+02 1.284e+02
|    ( - -2.360e+02 1 0)
|    ( QUESTION1 -1 -2.836e+04 1.957e+02 1.264e+02
|        ( - -1.148e+03 1 0)
|        ( QUESTION19 -1 -2.702e+04 1.604e+02 1.204e+02
|            ( - -4.347e+03 3 0 QUESTION0_0_R 1 1.009e+02 1.992e+01)
|            ( QUESTION2 1 -2.251e+04 1.454e+02 1.005e+02
|                ( WDBNDRY_E 0 -7.300e+03 2.237e+02 3.434e+01
|                    ( - -4.118e+02 1 0)
|                    ( QUESTION6 -1 -6.664e+03 2.001e+02 3.134e+01
|                        ( - -7.050e+02 1 0)
|                        ( - -5.759e+03 3 0 QUESTION0 -1 1.101e+02 2.734e+01)))
|                ( WDBNDRY_E 0 -1.507e+04 1.394e+02 6.613e+01
|                    ( - -1.549e+03 3 0 QUESTION16 -1 1.977e+02 7.000e+00)
|                    ( - -1.338e+04 14 0 QUESTION0_9_R 1 1.315e+02 5.913e+01))))))
s>    ( QUESTION2 -1 -2.883e+04 2.347e+02 1.284e+02
s>        ( - -2.360e+02 1 0)
s>        ( QUESTION1 -1 -2.836e+04 1.957e+02 1.264e+02
s>            ( - -1.148e+03 1 0)
s>            ( QUESTION19 -1 -2.702e+04 1.604e+02 1.204e+02
s>                ( - -4.347e+03 3 0 QUESTION0_0_R 1 1.009e+02 1.992e+01)
s>                ( QUESTION2 1 -2.251e+04 1.454e+02 1.005e+02
s>                    ( WDBNDRY_E 0 -7.300e+03 2.237e+02 3.434e+01
s>                        ( - -4.118e+02 1 0)
s>                        ( QUESTION6 -1 -6.664e+03 2.001e+02 3.134e+01
s>                            ( - -7.050e+02 1 0)
s>                            ( - -5.759e+03 3 0 QUESTION0 -1 1.101e+02 2.734e+01)))
s>                    ( WDBNDRY_E 0 -1.507e+04 1.394e+02 6.613e+01
s>                        ( - -1.549e+03 3 0 QUESTION16 -1 1.977e+02 7.000e+00)
s>                        ( - -1.338e+04 14 0 QUESTION0_9_R 1 1.315e+02 5.913e+01))))))INFO: dtree.c(1315): Comp split 11
INFO: dtree.c(1478): Final simple tree
|( WDBNDRY_B 0 -1.779e+04 2.219e+02 7.586e+01
|    ( - -2.144e+03 1 0)
|    ( WDBNDRY_E 0 -1.542e+04 2.025e+02 6.493e+01
|        ( - -2.844e+02 1 0)
|        ( QUESTION0_19_R 1 -1.493e+04 1.766e+02 6.293e+01
|            ( - -4.058e+03 1 0)
|            ( QUESTION2 1 -1.070e+04 1.277e+02 4.616e+01
|                ( QUESTION0_9_R 1 -5.465e+03 1.027e+02 2.386e+01
|                    ( - -4.949e+03 1 0)
|                    ( - -4.136e+02 1 0))
|                ( QUESTION0_10_R 1 -5.107e+03 1.135e+02 2.230e+01
|                    ( - -8.175e+02 1 0)
|                    ( QUESTION0_0_R 1 -4.176e+03 1.031e+02 1.830e+01
|                        ( - -1.148e+03 2 0 QUESTION14 1 7.446e+01 5.084e+00)
|                        ( - -2.925e+03 1 0)))))))
s>    ( WDBNDRY_B 0 -1.779e+04 2.219e+02 7.586e+01
s>        ( - -2.144e+03 1 0)
s>        ( WDBNDRY_E 0 -1.542e+04 2.025e+02 6.493e+01
s>            ( - -2.844e+02 1 0)
s>            ( QUESTION0_19_R 1 -1.493e+04 1.766e+02 6.293e+01
s>                ( - -4.058e+03 1 0)
s>                ( QUESTION2 1 -1.070e+04 1.277e+02 4.616e+01
s>                    ( QUESTION0_9_R 1 -5.465e+03 1.027e+02 2.386e+01
s>                        ( - -4.949e+03 1 0)
s>                        ( - -4.136e+02 1 0))
s>                    ( QUESTION0_10_R 1 -5.107e+03 1.135e+02 2.230e+01
s>                        ( - -8.175e+02 1 0)
s>                        ( QUESTION0_0_R 1 -4.176e+03 1.031e+02 1.830e+01
s>                            ( - -1.148e+03 2 0 QUESTION14 1 7.446e+01 5.084e+00)
s>                            ( - -2.925e+03 1 0)))))))INFO: dtree.c(1315): Comp split 12
INFO: dtree.c(1478): Final simple tree
|( QUESTION1 -1 -2.836e+04 1.957e+02 1.264e+02
|    ( - -1.148e+03 1 0)
|    ( QUESTION19 -1 -2.702e+04 1.604e+02 1.204e+02
|        ( - -4.347e+03 3 0 QUESTION0_0_R 1 1.009e+02 1.992e+01)
|        ( QUESTION2 1 -2.251e+04 1.454e+02 1.005e+02
|            ( WDBNDRY_E 0 -7.300e+03 2.237e+02 3.434e+01
|                ( - -4.118e+02 1 0)
|                ( QUESTION6 -1 -6.664e+03 2.001e+02 3.134e+01
|                    ( - -7.050e+02 1 0)
|                    ( - -5.759e+03 3 0 QUESTION0 -1 1.101e+02 2.734e+01)))
|            ( WDBNDRY_E 0 -1.507e+04 1.394e+02 6.613e+01
|                ( QUESTION16 -1 -1.549e+03 1.977e+02 7.000e+00
|                    ( - -5.046e+02 1 0)
|                    ( - -8.466e+02 2 0 QUESTION0_2_R 1 1.390e+02 4.000e+00))
|                ( - -1.338e+04 14 0 QUESTION0_9_R 1 1.315e+02 5.913e+01)))))
s>    ( QUESTION1 -1 -2.836e+04 1.957e+02 1.264e+02
s>        ( - -1.148e+03 1 0)
s>        ( QUESTION19 -1 -2.702e+04 1.604e+02 1.204e+02
s>            ( - -4.347e+03 3 0 QUESTION0_0_R 1 1.009e+02 1.992e+01)
s>            ( QUESTION2 1 -2.251e+04 1.454e+02 1.005e+02
s>                ( WDBNDRY_E 0 -7.300e+03 2.237e+02 3.434e+01
s>                    ( - -4.118e+02 1 0)
s>                    ( QUESTION6 -1 -6.664e+03 2.001e+02 3.134e+01
s>                        ( - -7.050e+02 1 0)
s>                        ( - -5.759e+03 3 0 QUESTION0 -1 1.101e+02 2.734e+01)))
s>                ( WDBNDRY_E 0 -1.507e+04 1.394e+02 6.613e+01
s>                    ( QUESTION16 -1 -1.549e+03 1.977e+02 7.000e+00
s>                        ( - -5.046e+02 1 0)
s>                        ( - -8.466e+02 2 0 QUESTION0_2_R 1 1.390e+02 4.000e+00))
s>                    ( - -1.338e+04 14 0 QUESTION0_9_R 1 1.315e+02 5.913e+01)))))INFO: dtree.c(1315): Comp split 13
INFO: dtree.c(1478): Final simple tree
|( QUESTION1 -1 -2.772e+04 1.958e+02 1.234e+02
|    ( - -1.148e+03 1 0)
|    ( QUESTION19 -1 -2.638e+04 1.611e+02 1.174e+02
|        ( - -4.347e+03 3 0 QUESTION0_0_R 1 1.009e+02 1.992e+01)
|        ( QUESTION2 1 -2.187e+04 1.417e+02 9.746e+01
|            ( QUESTION6 -1 -6.664e+03 2.001e+02 3.134e+01
|                ( - -7.050e+02 1 0)
|                ( - -5.759e+03 3 0 QUESTION0 -1 1.101e+02 2.734e+01))
|            ( WDBNDRY_E 0 -1.507e+04 1.394e+02 6.613e+01
|                ( QUESTION16 -1 -1.549e+03 1.977e+02 7.000e+00
|                    ( - -5.046e+02 1 0)
|                    ( QUESTION0_2_R 1 -8.466e+02 1.390e+02 4.000e+00
|                        ( - -1.665e+02 1 0)
|                        ( - -5.411e+02 1 0)))
|                ( - -1.338e+04 14 0 QUESTION0_9_R 1 1.315e+02 5.913e+01)))))
s>    ( QUESTION1 -1 -2.772e+04 1.958e+02 1.234e+02
s>        ( - -1.148e+03 1 0)
s>        ( QUESTION19 -1 -2.638e+04 1.611e+02 1.174e+02
s>            ( - -4.347e+03 3 0 QUESTION0_0_R 1 1.009e+02 1.992e+01)
s>            ( QUESTION2 1 -2.187e+04 1.417e+02 9.746e+01
s>                ( QUESTION6 -1 -6.664e+03 2.001e+02 3.134e+01
s>                    ( - -7.050e+02 1 0)
s>                    ( - -5.759e+03 3 0 QUESTION0 -1 1.101e+02 2.734e+01))
s>                ( WDBNDRY_E 0 -1.507e+04 1.394e+02 6.613e+01
s>                    ( QUESTION16 -1 -1.549e+03 1.977e+02 7.000e+00
s>                        ( - -5.046e+02 1 0)
s>                        ( QUESTION0_2_R 1 -8.466e+02 1.390e+02 4.000e+00
s>                            ( - -1.665e+02 1 0)
s>                            ( - -5.411e+02 1 0)))
s>                    ( - -1.338e+04 14 0 QUESTION0_9_R 1 1.315e+02 5.913e+01)))))INFO: dtree.c(1315): Comp split 14
INFO: dtree.c(1439): stop. leaf nodes are specific
INFO: dtree.c(1478): Final simple tree
|( QUESTION3 -1 -3.811e+03 1.163e+02 1.697e+01
|    ( - -2.167e+03 1 0)
|    ( QUESTION1 -1 -1.528e+03 7.847e+01 7.000e+00
|        ( - -8.476e+02 2 0)
|        ( - -6.022e+02 1 0)))
s>    ( QUESTION3 -1 -3.811e+03 1.163e+02 1.697e+01
s>        ( - -2.167e+03 1 0)
s>        ( QUESTION1 -1 -1.528e+03 7.847e+01 7.000e+00
s>            ( - -8.476e+02 2 0)
s>            ( - -6.022e+02 1 0)))INFO: dtree.c(1439): stop. leaf nodes are specific
INFO: dtree.c(1478): Final simple tree
|( QUESTION3 -1 -4.543e+03 2.039e+02 1.999e+01
|    ( - -4.545e+02 1 0)
|    ( QUESTION13 -1 -3.885e+03 1.264e+02 1.699e+01
|        ( WDBNDRY_B 0 -1.214e+03 9.948e+01 4.998e+00
|            ( - -5.316e+02 2 0)
|            ( - -5.834e+02 1 0))
|        ( WDBNDRY_I 0 -2.544e+03 1.017e+02 1.200e+01
|            ( - -1.187e+03 1 0)
|            ( WDBNDRY_B 0 -1.255e+03 8.314e+01 6.000e+00
|                ( - -3.829e+02 1 0)
|                ( - -7.888e+02 1 0)))))
s>    ( QUESTION3 -1 -4.543e+03 2.039e+02 1.999e+01
s>        ( - -4.545e+02 1 0)
s>        ( QUESTION13 -1 -3.885e+03 1.264e+02 1.699e+01
s>            ( WDBNDRY_B 0 -1.214e+03 9.948e+01 4.998e+00
s>                ( - -5.316e+02 2 0)
s>                ( - -5.834e+02 1 0))
s>            ( WDBNDRY_I 0 -2.544e+03 1.017e+02 1.200e+01
s>                ( - -1.187e+03 1 0)
s>                ( WDBNDRY_B 0 -1.255e+03 8.314e+01 6.000e+00
s>                    ( - -3.829e+02 1 0)
s>                    ( - -7.888e+02 1 0)))))INFO: dtree.c(1315): Comp split 15
INFO: dtree.c(1478): Final simple tree
|( WDBNDRY_E 0 -1.542e+04 2.025e+02 6.493e+01
|    ( - -2.844e+02 1 0)
|    ( QUESTION0_19_R 1 -1.493e+04 1.766e+02 6.293e+01
|        ( - -4.058e+03 1 0)
|        ( QUESTION2 1 -1.070e+04 1.277e+02 4.616e+01
|            ( QUESTION0_9_R 1 -5.465e+03 1.027e+02 2.386e+01
|                ( - -4.949e+03 1 0)
|                ( - -4.136e+02 1 0))
|            ( QUESTION0_10_R 1 -5.107e+03 1.135e+02 2.230e+01
|                ( - -8.175e+02 1 0)
|                ( QUESTION0_0_R 1 -4.176e+03 1.031e+02 1.830e+01
|                    ( QUESTION14 1 -1.148e+03 7.446e+01 5.084e+00
|                        ( - -2.048e+02 1 0)
|                        ( - -8.688e+02 1 0))
|                    ( - -2.925e+03 1 0))))))
s>    ( WDBNDRY_E 0 -1.542e+04 2.025e+02 6.493e+01
s>        ( - -2.844e+02 1 0)
s>        ( QUESTION0_19_R 1 -1.493e+04 1.766e+02 6.293e+01
s>            ( - -4.058e+03 1 0)
s>            ( QUESTION2 1 -1.070e+04 1.277e+02 4.616e+01
s>                ( QUESTION0_9_R 1 -5.465e+03 1.027e+02 2.386e+01
s>                    ( - -4.949e+03 1 0)
s>                    ( - -4.136e+02 1 0))
s>                ( QUESTION0_10_R 1 -5.107e+03 1.135e+02 2.230e+01
s>                    ( - -8.175e+02 1 0)
s>                    ( QUESTION0_0_R 1 -4.176e+03 1.031e+02 1.830e+01
s>                        ( QUESTION14 1 -1.148e+03 7.446e+01 5.084e+00
s>                            ( - -2.048e+02 1 0)
s>                            ( - -8.688e+02 1 0))
s>                        ( - -2.925e+03 1 0))))))INFO: dtree.c(1315): Comp split 16
INFO: dtree.c(1478): Final simple tree
|( QUESTION1 -1 -2.701e+04 1.942e+02 1.204e+02
|    ( - -1.148e+03 1 0)
|    ( QUESTION19 -1 -2.566e+04 1.592e+02 1.144e+02
|        ( - -4.347e+03 3 0 QUESTION0_0_R 1 1.009e+02 1.992e+01)
|        ( QUESTION2 1 -2.116e+04 1.421e+02 9.446e+01
|            ( QUESTION6 -1 -6.664e+03 2.001e+02 3.134e+01
|                ( - -7.050e+02 1 0)
|                ( - -5.759e+03 3 0 QUESTION0 -1 1.101e+02 2.734e+01))
|            ( QUESTION0_9_R 1 -1.435e+04 1.372e+02 6.313e+01
|                ( QUESTION16 -1 -5.394e+03 1.872e+02 2.513e+01
|                    ( - -3.040e+02 1 0)
|                    ( WDBNDRY_B 0 -4.903e+03 1.410e+02 2.313e+01
|                        ( - -1.777e+03 2 0 QUESTION14 -1 1.022e+02 8.152e+00)
|                        ( - -2.985e+03 1 0)))
|                ( - -8.821e+03 12 0 WDBNDRY_E 0 1.208e+02 3.800e+01)))))
s>    ( QUESTION1 -1 -2.701e+04 1.942e+02 1.204e+02
s>        ( - -1.148e+03 1 0)
s>        ( QUESTION19 -1 -2.566e+04 1.592e+02 1.144e+02
s>            ( - -4.347e+03 3 0 QUESTION0_0_R 1 1.009e+02 1.992e+01)
s>            ( QUESTION2 1 -2.116e+04 1.421e+02 9.446e+01
s>                ( QUESTION6 -1 -6.664e+03 2.001e+02 3.134e+01
s>                    ( - -7.050e+02 1 0)
s>                    ( - -5.759e+03 3 0 QUESTION0 -1 1.101e+02 2.734e+01))
s>                ( QUESTION0_9_R 1 -1.435e+04 1.372e+02 6.313e+01
s>                    ( QUESTION16 -1 -5.394e+03 1.872e+02 2.513e+01
s>                        ( - -3.040e+02 1 0)
s>                        ( WDBNDRY_B 0 -4.903e+03 1.410e+02 2.313e+01
s>                            ( - -1.777e+03 2 0 QUESTION14 -1 1.022e+02 8.152e+00)
s>                            ( - -2.985e+03 1 0)))
s>                    ( - -8.821e+03 12 0 WDBNDRY_E 0 1.208e+02 3.800e+01)))))INFO: dtree.c(1315): Comp split 17
INFO: dtree.c(1439): stop. leaf nodes are specific
INFO: dtree.c(1478): Final simple tree
|( WDBNDRY_E 0 -1.620e+03 1.682e+02 8.000e+00
|    ( - -1.148e+03 1 0)
|    ( - -3.040e+02 1 0))
s>    ( WDBNDRY_E 0 -1.620e+03 1.682e+02 8.000e+00
s>        ( - -1.148e+03 1 0)
s>        ( - -3.040e+02 1 0))INFO: dtree.c(1478): Final simple tree
|( QUESTION19 -1 -2.518e+04 1.598e+02 1.124e+02
|    ( - -4.347e+03 3 0 QUESTION0_0_R 1 1.009e+02 1.992e+01)
|    ( QUESTION0_9_R 1 -2.068e+04 1.467e+02 9.246e+01
|        ( QUESTION6 -1 -1.171e+04 1.968e+02 5.447e+01
|            ( - -7.050e+02 1 0)
|            ( QUESTION2 1 -1.081e+04 1.444e+02 5.047e+01
|                ( - -5.759e+03 3 0 QUESTION0 -1 1.101e+02 2.734e+01)
|                ( WDBNDRY_B 0 -4.903e+03 1.410e+02 2.313e+01
|                    ( - -1.777e+03 2 0 QUESTION14 -1 1.022e+02 8.152e+00)
|                    ( - -2.985e+03 1 0))))
|        ( WDBNDRY_E 0 -8.821e+03 1.208e+02 3.800e+01
|            ( QUESTION0_2_R 1 -8.466e+02 1.390e+02 4.000e+00
|                ( - -1.665e+02 1 0)
|                ( - -5.411e+02 1 0))
|            ( - -7.853e+03 10 0 QUESTION5 -1 1.241e+02 3.400e+01))))
s>    ( QUESTION19 -1 -2.518e+04 1.598e+02 1.124e+02
s>        ( - -4.347e+03 3 0 QUESTION0_0_R 1 1.009e+02 1.992e+01)
s>        ( QUESTION0_9_R 1 -2.068e+04 1.467e+02 9.246e+01
s>            ( QUESTION6 -1 -1.171e+04 1.968e+02 5.447e+01
s>                ( - -7.050e+02 1 0)
s>                ( QUESTION2 1 -1.081e+04 1.444e+02 5.047e+01
s>                    ( - -5.759e+03 3 0 QUESTION0 -1 1.101e+02 2.734e+01)
s>                    ( WDBNDRY_B 0 -4.903e+03 1.410e+02 2.313e+01
s>                        ( - -1.777e+03 2 0 QUESTION14 -1 1.022e+02 8.152e+00)
s>                        ( - -2.985e+03 1 0))))
s>            ( WDBNDRY_E 0 -8.821e+03 1.208e+02 3.800e+01
s>                ( QUESTION0_2_R 1 -8.466e+02 1.390e+02 4.000e+00
s>                    ( - -1.665e+02 1 0)
s>                    ( - -5.411e+02 1 0))
s>                ( - -7.853e+03 10 0 QUESTION5 -1 1.241e+02 3.400e+01))))INFO: dtree.c(1315): Comp split 18
INFO: dtree.c(1439): stop. leaf nodes are specific
INFO: dtree.c(1478): Final simple tree
|( QUESTION13 -1 -3.885e+03 1.264e+02 1.699e+01
|    ( WDBNDRY_B 0 -1.214e+03 9.948e+01 4.998e+00
|        ( - -5.316e+02 2 0)
|        ( - -5.834e+02 1 0))
|    ( WDBNDRY_I 0 -2.544e+03 1.017e+02 1.200e+01
|        ( - -1.187e+03 1 0)
|        ( WDBNDRY_B 0 -1.255e+03 8.314e+01 6.000e+00
|            ( - -3.829e+02 1 0)
|            ( - -7.888e+02 1 0))))
s>    ( QUESTION13 -1 -3.885e+03 1.264e+02 1.699e+01
s>        ( WDBNDRY_B 0 -1.214e+03 9.948e+01 4.998e+00
s>            ( - -5.316e+02 2 0)
s>            ( - -5.834e+02 1 0))
s>        ( WDBNDRY_I 0 -2.544e+03 1.017e+02 1.200e+01
s>            ( - -1.187e+03 1 0)
s>            ( WDBNDRY_B 0 -1.255e+03 8.314e+01 6.000e+00
s>                ( - -3.829e+02 1 0)
s>                ( - -7.888e+02 1 0))))INFO: dtree.c(1315): Comp split 19
INFO: dtree.c(1439): stop. leaf nodes are specific
INFO: dtree.c(1478): Final simple tree
|( QUESTION0_19_R 1 -1.493e+04 1.766e+02 6.293e+01
|    ( - -4.058e+03 1 0)
|    ( QUESTION2 1 -1.070e+04 1.277e+02 4.616e+01
|        ( QUESTION0_9_R 1 -5.465e+03 1.027e+02 2.386e+01
|            ( - -4.949e+03 1 0)
|            ( - -4.136e+02 1 0))
|        ( QUESTION0_10_R 1 -5.107e+03 1.135e+02 2.230e+01
|            ( - -8.175e+02 1 0)
|            ( QUESTION0_0_R 1 -4.176e+03 1.031e+02 1.830e+01
|                ( QUESTION14 1 -1.148e+03 7.446e+01 5.084e+00
|                    ( - -2.048e+02 1 0)
|                    ( - -8.688e+02 1 0))
|                ( - -2.925e+03 1 0)))))
s>    ( QUESTION0_19_R 1 -1.493e+04 1.766e+02 6.293e+01
s>        ( - -4.058e+03 1 0)
s>        ( QUESTION2 1 -1.070e+04 1.277e+02 4.616e+01
s>            ( QUESTION0_9_R 1 -5.465e+03 1.027e+02 2.386e+01
s>                ( - -4.949e+03 1 0)
s>                ( - -4.136e+02 1 0))
s>            ( QUESTION0_10_R 1 -5.107e+03 1.135e+02 2.230e+01
s>                ( - -8.175e+02 1 0)
s>                ( QUESTION0_0_R 1 -4.176e+03 1.031e+02 1.830e+01
s>                    ( QUESTION14 1 -1.148e+03 7.446e+01 5.084e+00
s>                        ( - -2.048e+02 1 0)
s>                        ( - -8.688e+02 1 0))
s>                    ( - -2.925e+03 1 0)))))INFO: dtree.c(1315): Comp split 20
INFO: dtree.c(1478): Final simple tree
|( QUESTION19 -1 -2.428e+04 1.560e+02 1.084e+02
|    ( - -4.347e+03 3 0 QUESTION0_0_R 1 1.009e+02 1.992e+01)
|    ( QUESTION0_9_R 1 -1.978e+04 1.521e+02 8.846e+01
|        ( QUESTION2 1 -1.081e+04 1.444e+02 5.047e+01
|            ( - -5.759e+03 3 0 QUESTION0 -1 1.101e+02 2.734e+01)
|            ( WDBNDRY_B 0 -4.903e+03 1.410e+02 2.313e+01
|                ( - -1.777e+03 2 0 QUESTION14 -1 1.022e+02 8.152e+00)
|                ( - -2.985e+03 1 0)))
|        ( WDBNDRY_E 0 -8.821e+03 1.208e+02 3.800e+01
|            ( QUESTION0_2_R 1 -8.466e+02 1.390e+02 4.000e+00
|                ( - -1.665e+02 1 0)
|                ( - -5.411e+02 1 0))
|            ( QUESTION5 -1 -7.853e+03 1.241e+02 3.400e+01
|                ( - -5.030e+03 3 0 QUESTION6 -1 1.543e+02 2.300e+01)
|                ( - -2.699e+03 7 0 QUESTION0 -1 9.980e+01 1.099e+01)))))
s>    ( QUESTION19 -1 -2.428e+04 1.560e+02 1.084e+02
s>        ( - -4.347e+03 3 0 QUESTION0_0_R 1 1.009e+02 1.992e+01)
s>        ( QUESTION0_9_R 1 -1.978e+04 1.521e+02 8.846e+01
s>            ( QUESTION2 1 -1.081e+04 1.444e+02 5.047e+01
s>                ( - -5.759e+03 3 0 QUESTION0 -1 1.101e+02 2.734e+01)
s>                ( WDBNDRY_B 0 -4.903e+03 1.410e+02 2.313e+01
s>                    ( - -1.777e+03 2 0 QUESTION14 -1 1.022e+02 8.152e+00)
s>                    ( - -2.985e+03 1 0)))
s>            ( WDBNDRY_E 0 -8.821e+03 1.208e+02 3.800e+01
s>                ( QUESTION0_2_R 1 -8.466e+02 1.390e+02 4.000e+00
s>                    ( - -1.665e+02 1 0)
s>                    ( - -5.411e+02 1 0))
s>                ( QUESTION5 -1 -7.853e+03 1.241e+02 3.400e+01
s>                    ( - -5.030e+03 3 0 QUESTION6 -1 1.543e+02 2.300e+01)
s>                    ( - -2.699e+03 7 0 QUESTION0 -1 9.980e+01 1.099e+01)))))INFO: dtree.c(1315): Comp split 21
INFO: dtree.c(1478): Final simple tree
|( QUESTION0_11_R 1 -9.873e+03 1.720e+02 4.209e+01
|    ( - -1.352e+03 1 0)
|    ( WDBNDRY_E 0 -8.348e+03 1.481e+02 3.475e+01
|        ( - -1.616e+03 1 0)
|        ( QUESTION2 -1 -6.584e+03 1.163e+02 2.785e+01
|            ( QUESTION2 1 -1.841e+03 9.945e+01 8.000e+00
|                ( - -3.438e+02 1 0)
|                ( WDBNDRY_B 0 -1.398e+03 8.816e+01 6.000e+00
|                    ( - -2.488e+02 1 0)
|                    ( - -1.061e+03 2 0 QUESTION0_9_R 1 9.225e+01 5.000e+00)))
|            ( QUESTION0_0_R 1 -4.627e+03 1.170e+02 1.985e+01
|                ( - -2.178e+03 1 0)
|                ( WDBNDRY_B 0 -2.332e+03 1.042e+02 9.873e+00
|                    ( - -5.514e+02 1 0)
|                    ( - -1.676e+03 4 0 QUESTION2 1 7.837e+01 6.873e+00))))))
s>    ( QUESTION0_11_R 1 -9.873e+03 1.720e+02 4.209e+01
s>        ( - -1.352e+03 1 0)
s>        ( WDBNDRY_E 0 -8.348e+03 1.481e+02 3.475e+01
s>            ( - -1.616e+03 1 0)
s>            ( QUESTION2 -1 -6.584e+03 1.163e+02 2.785e+01
s>                ( QUESTION2 1 -1.841e+03 9.945e+01 8.000e+00
s>                    ( - -3.438e+02 1 0)
s>                    ( WDBNDRY_B 0 -1.398e+03 8.816e+01 6.000e+00
s>                        ( - -2.488e+02 1 0)
s>                        ( - -1.061e+03 2 0 QUESTION0_9_R 1 9.225e+01 5.000e+00)))
s>                ( QUESTION0_0_R 1 -4.627e+03 1.170e+02 1.985e+01
s>                    ( - -2.178e+03 1 0)
s>                    ( WDBNDRY_B 0 -2.332e+03 1.042e+02 9.873e+00
s>                        ( - -5.514e+02 1 0)
s>                        ( - -1.676e+03 4 0 QUESTION2 1 7.837e+01 6.873e+00))))))INFO: dtree.c(1315): Comp split 22
INFO: dtree.c(1478): Final simple tree
|( QUESTION19 -1 -2.356e+04 1.594e+02 1.054e+02
|    ( - -4.347e+03 3 0 QUESTION0_0_R 1 1.009e+02 1.992e+01)
|    ( QUESTION0_9_R 1 -1.905e+04 1.514e+02 8.546e+01
|        ( QUESTION2 1 -1.081e+04 1.444e+02 5.047e+01
|            ( QUESTION0 -1 -5.759e+03 1.101e+02 2.734e+01
|                ( - -3.224e+03 2 0 QUESTION5 -1 6.255e+01 1.530e+01)
|                ( - -2.425e+03 1 0))
|            ( WDBNDRY_B 0 -4.903e+03 1.410e+02 2.313e+01
|                ( - -1.777e+03 2 0 QUESTION14 -1 1.022e+02 8.152e+00)
|                ( - -2.985e+03 1 0)))
|        ( QUESTION5 -1 -8.097e+03 1.238e+02 3.500e+01
|            ( QUESTION6 -1 -5.030e+03 1.543e+02 2.300e+01
|                ( - -2.351e+03 2 0 QUESTION13 1 1.075e+02 1.094e+01)
|                ( - -2.524e+03 1 0))
|            ( - -2.944e+03 8 0 QUESTION0 -1 1.008e+02 1.199e+01))))
s>    ( QUESTION19 -1 -2.356e+04 1.594e+02 1.054e+02
s>        ( - -4.347e+03 3 0 QUESTION0_0_R 1 1.009e+02 1.992e+01)
s>        ( QUESTION0_9_R 1 -1.905e+04 1.514e+02 8.546e+01
s>            ( QUESTION2 1 -1.081e+04 1.444e+02 5.047e+01
s>                ( QUESTION0 -1 -5.759e+03 1.101e+02 2.734e+01
s>                    ( - -3.224e+03 2 0 QUESTION5 -1 6.255e+01 1.530e+01)
s>                    ( - -2.425e+03 1 0))
s>                ( WDBNDRY_B 0 -4.903e+03 1.410e+02 2.313e+01
s>                    ( - -1.777e+03 2 0 QUESTION14 -1 1.022e+02 8.152e+00)
s>                    ( - -2.985e+03 1 0)))
s>            ( QUESTION5 -1 -8.097e+03 1.238e+02 3.500e+01
s>                ( QUESTION6 -1 -5.030e+03 1.543e+02 2.300e+01
s>                    ( - -2.351e+03 2 0 QUESTION13 1 1.075e+02 1.094e+01)
s>                    ( - -2.524e+03 1 0))
s>                ( - -2.944e+03 8 0 QUESTION0 -1 1.008e+02 1.199e+01))))INFO: dtree.c(1315): Comp split 23
INFO: dtree.c(1439): stop. leaf nodes are specific
INFO: dtree.c(1478): Final simple tree
|( QUESTION3 1 -1.348e+04 1.545e+02 6.253e+01
|    ( WDBNDRY_B 0 -4.903e+03 1.410e+02 2.313e+01
|        ( QUESTION14 -1 -1.777e+03 1.022e+02 8.152e+00
|            ( - -3.868e+02 1 0)
|            ( - -1.288e+03 1 0))
|        ( - -2.985e+03 1 0))
|    ( QUESTION0_0_R 1 -8.420e+03 1.367e+02 3.940e+01
|        ( - -2.524e+03 1 0)
|        ( QUESTION0 -1 -5.759e+03 1.101e+02 2.734e+01
|            ( QUESTION5 -1 -3.224e+03 6.255e+01 1.530e+01
|                ( - -2.677e+03 1 0)
|                ( - -4.840e+02 1 0))
|            ( - -2.425e+03 1 0))))
s>    ( QUESTION3 1 -1.348e+04 1.545e+02 6.253e+01
s>        ( WDBNDRY_B 0 -4.903e+03 1.410e+02 2.313e+01
s>            ( QUESTION14 -1 -1.777e+03 1.022e+02 8.152e+00
s>                ( - -3.868e+02 1 0)
s>                ( - -1.288e+03 1 0))
s>            ( - -2.985e+03 1 0))
s>        ( QUESTION0_0_R 1 -8.420e+03 1.367e+02 3.940e+01
s>            ( - -2.524e+03 1 0)
s>            ( QUESTION0 -1 -5.759e+03 1.101e+02 2.734e+01
s>                ( QUESTION5 -1 -3.224e+03 6.255e+01 1.530e+01
s>                    ( - -2.677e+03 1 0)
s>                    ( - -4.840e+02 1 0))
s>                ( - -2.425e+03 1 0))))INFO: dtree.c(1478): Final simple tree
|( QUESTION0_9_R 1 -9.894e+03 1.777e+02 4.285e+01
|    ( - -3.834e+03 2 0)
|    ( QUESTION9 -1 -5.882e+03 1.042e+02 2.494e+01
|        ( - -6.429e+02 2 0 QUESTION0_0_R 1 7.752e+01 3.000e+00)
|        ( QUESTION19 1 -5.135e+03 9.739e+01 2.194e+01
|            ( - -8.242e+02 1 0)
|            ( QUESTION0 -1 -4.214e+03 1.066e+02 1.794e+01
|                ( - -1.420e+03 1 0)
|                ( QUESTION11 -1 -2.687e+03 9.066e+01 1.099e+01
|                    ( - -2.036e+02 1 0)
|                    ( QUESTION16 -1 -2.393e+03 8.190e+01 9.995e+00
|                        ( QUESTION14 1 -1.075e+03 1.124e+02 4.993e+00
|                            ( - -7.658e+02 1 0)
|                            ( - -1.968e+02 1 0))
|                        ( - -1.236e+03 4 0 QUESTION13 -1 7.838e+01 5.002e+00)))))))
s>    ( QUESTION0_9_R 1 -9.894e+03 1.777e+02 4.285e+01
s>        ( - -3.834e+03 2 0)
s>        ( QUESTION9 -1 -5.882e+03 1.042e+02 2.494e+01
s>            ( - -6.429e+02 2 0 QUESTION0_0_R 1 7.752e+01 3.000e+00)
s>            ( QUESTION19 1 -5.135e+03 9.739e+01 2.194e+01
s>                ( - -8.242e+02 1 0)
s>                ( QUESTION0 -1 -4.214e+03 1.066e+02 1.794e+01
s>                    ( - -1.420e+03 1 0)
s>                    ( QUESTION11 -1 -2.687e+03 9.066e+01 1.099e+01
s>                        ( - -2.036e+02 1 0)
s>                        ( QUESTION16 -1 -2.393e+03 8.190e+01 9.995e+00
s>                            ( QUESTION14 1 -1.075e+03 1.124e+02 4.993e+00
s>                                ( - -7.658e+02 1 0)
s>                                ( - -1.968e+02 1 0))
s>                            ( - -1.236e+03 4 0 QUESTION13 -1 7.838e+01 5.002e+00)))))))INFO: dtree.c(1315): Comp split 24
INFO: dtree.c(1478): Final simple tree
|( QUESTION9 -1 -5.882e+03 1.042e+02 2.494e+01
|    ( - -6.429e+02 2 0 QUESTION0_0_R 1 7.752e+01 3.000e+00)
|    ( QUESTION19 1 -5.135e+03 9.739e+01 2.194e+01
|        ( - -8.242e+02 1 0)
|        ( QUESTION0 -1 -4.214e+03 1.066e+02 1.794e+01
|            ( - -1.420e+03 1 0)
|            ( QUESTION11 -1 -2.687e+03 9.066e+01 1.099e+01
|                ( - -2.036e+02 1 0)
|                ( QUESTION16 -1 -2.393e+03 8.190e+01 9.995e+00
|                    ( QUESTION14 1 -1.075e+03 1.124e+02 4.993e+00
|                        ( - -7.658e+02 1 0)
|                        ( - -1.968e+02 1 0))
|                    ( QUESTION13 -1 -1.236e+03 7.838e+01 5.002e+00
|                        ( - -7.458e+02 3 0 WDBNDRY_B 0 4.778e+02 3.000e+00)
|                        ( - -4.120e+02 1 0)))))))
s>    ( QUESTION9 -1 -5.882e+03 1.042e+02 2.494e+01
s>        ( - -6.429e+02 2 0 QUESTION0_0_R 1 7.752e+01 3.000e+00)
s>        ( QUESTION19 1 -5.135e+03 9.739e+01 2.194e+01
s>            ( - -8.242e+02 1 0)
s>            ( QUESTION0 -1 -4.214e+03 1.066e+02 1.794e+01
s>                ( - -1.420e+03 1 0)
s>                ( QUESTION11 -1 -2.687e+03 9.066e+01 1.099e+01
s>                    ( - -2.036e+02 1 0)
s>                    ( QUESTION16 -1 -2.393e+03 8.190e+01 9.995e+00
s>                        ( QUESTION14 1 -1.075e+03 1.124e+02 4.993e+00
s>                            ( - -7.658e+02 1 0)
s>                            ( - -1.968e+02 1 0))
s>                        ( QUESTION13 -1 -1.236e+03 7.838e+01 5.002e+00
s>                            ( - -7.458e+02 3 0 WDBNDRY_B 0 4.778e+02 3.000e+00)
s>                            ( - -4.120e+02 1 0)))))))INFO: dtree.c(1315): Comp split 25
INFO: dtree.c(1439): stop. leaf nodes are specific
INFO: dtree.c(1478): Final simple tree
|( QUESTION2 1 -1.070e+04 1.277e+02 4.616e+01
|    ( QUESTION0_9_R 1 -5.465e+03 1.027e+02 2.386e+01
|        ( - -4.949e+03 1 0)
|        ( - -4.136e+02 1 0))
|    ( QUESTION0_10_R 1 -5.107e+03 1.135e+02 2.230e+01
|        ( - -8.175e+02 1 0)
|        ( QUESTION0_0_R 1 -4.176e+03 1.031e+02 1.830e+01
|            ( QUESTION14 1 -1.148e+03 7.446e+01 5.084e+00
|                ( - -2.048e+02 1 0)
|                ( - -8.688e+02 1 0))
|            ( - -2.925e+03 1 0))))
s>    ( QUESTION2 1 -1.070e+04 1.277e+02 4.616e+01
s>        ( QUESTION0_9_R 1 -5.465e+03 1.027e+02 2.386e+01
s>            ( - -4.949e+03 1 0)
s>            ( - -4.136e+02 1 0))
s>        ( QUESTION0_10_R 1 -5.107e+03 1.135e+02 2.230e+01
s>            ( - -8.175e+02 1 0)
s>            ( QUESTION0_0_R 1 -4.176e+03 1.031e+02 1.830e+01
s>                ( QUESTION14 1 -1.148e+03 7.446e+01 5.084e+00
s>                    ( - -2.048e+02 1 0)
s>                    ( - -8.688e+02 1 0))
s>                ( - -2.925e+03 1 0))))INFO: dtree.c(1315): Comp split 26
INFO: dtree.c(1478): Final simple tree
|( WDBNDRY_E 0 -8.348e+03 1.481e+02 3.475e+01
|    ( - -1.616e+03 1 0)
|    ( QUESTION2 -1 -6.584e+03 1.163e+02 2.785e+01
|        ( QUESTION2 1 -1.841e+03 9.945e+01 8.000e+00
|            ( - -3.438e+02 1 0)
|            ( WDBNDRY_B 0 -1.398e+03 8.816e+01 6.000e+00
|                ( - -2.488e+02 1 0)
|                ( QUESTION0_9_R 1 -1.061e+03 9.225e+01 5.000e+00
|                    ( - -6.875e+02 1 0)
|                    ( - -2.808e+02 1 0))))
|        ( QUESTION0_0_R 1 -4.627e+03 1.170e+02 1.985e+01
|            ( - -2.178e+03 1 0)
|            ( WDBNDRY_B 0 -2.332e+03 1.042e+02 9.873e+00
|                ( - -5.514e+02 1 0)
|                ( - -1.676e+03 4 0 QUESTION2 1 7.837e+01 6.873e+00)))))
s>    ( WDBNDRY_E 0 -8.348e+03 1.481e+02 3.475e+01
s>        ( - -1.616e+03 1 0)
s>        ( QUESTION2 -1 -6.584e+03 1.163e+02 2.785e+01
s>            ( QUESTION2 1 -1.841e+03 9.945e+01 8.000e+00
s>                ( - -3.438e+02 1 0)
s>                ( WDBNDRY_B 0 -1.398e+03 8.816e+01 6.000e+00
s>                    ( - -2.488e+02 1 0)
s>                    ( QUESTION0_9_R 1 -1.061e+03 9.225e+01 5.000e+00
s>                        ( - -6.875e+02 1 0)
s>                        ( - -2.808e+02 1 0))))
s>            ( QUESTION0_0_R 1 -4.627e+03 1.170e+02 1.985e+01
s>                ( - -2.178e+03 1 0)
s>                ( WDBNDRY_B 0 -2.332e+03 1.042e+02 9.873e+00
s>                    ( - -5.514e+02 1 0)
s>                    ( - -1.676e+03 4 0 QUESTION2 1 7.837e+01 6.873e+00)))))INFO: dtree.c(1315): Comp split 27
INFO: dtree.c(1315): Comp split 28
INFO: dtree.c(1478): Final simple tree
|( WDBNDRY_E 0 -7.504e+03 1.447e+02 3.075e+01
|    ( - -1.616e+03 1 0)
|    ( QUESTION0_0_R 1 -5.743e+03 1.107e+02 2.385e+01
|        ( - -2.178e+03 1 0)
|        ( QUESTION2_6_L -1 -3.454e+03 8.816e+01 1.387e+01
|            ( WDBNDRY_B 0 -8.367e+02 9.467e+01 4.000e+00
|                ( - -5.514e+02 1 0)
|                ( - -1.906e+02 1 0))
|            ( QUESTION0 1 -2.529e+03 4.513e+02 9.873e+00
|                ( QUESTION2_8_L -1 -2.296e+03 9.211e+01 8.873e+00
|                    ( - -6.827e+02 1 0)
|                    ( QUESTION2 1 -1.521e+03 1.016e+02 5.873e+00
|                        ( - -3.438e+02 1 0)
|                        ( - -1.076e+03 3 0 WDBNDRY_B 0 7.263e+01 3.873e+00)))
|                ( - 2.181e+02 1 0)))))
s>    ( WDBNDRY_E 0 -7.504e+03 1.447e+02 3.075e+01
s>        ( - -1.616e+03 1 0)
s>        ( QUESTION0_0_R 1 -5.743e+03 1.107e+02 2.385e+01
s>            ( - -2.178e+03 1 0)
s>            ( QUESTION2_6_L -1 -3.454e+03 8.816e+01 1.387e+01
s>                ( WDBNDRY_B 0 -8.367e+02 9.467e+01 4.000e+00
s>                    ( - -5.514e+02 1 0)
s>                    ( - -1.906e+02 1 0))
s>                ( QUESTION0 1 -2.529e+03 4.513e+02 9.873e+00
s>                    ( QUESTION2_8_L -1 -2.296e+03 9.211e+01 8.873e+00
s>                        ( - -6.827e+02 1 0)
s>                        ( QUESTION2 1 -1.521e+03 1.016e+02 5.873e+00
s>                            ( - -3.438e+02 1 0)
s>                            ( - -1.076e+03 3 0 WDBNDRY_B 0 7.263e+01 3.873e+00)))
s>                    ( - 2.181e+02 1 0)))))INFO: dtree.c(1315): Comp split 29
INFO: dtree.c(1478): Final simple tree
|( WDBNDRY_E 0 -7.265e+03 1.454e+02 2.975e+01
|    ( - -1.616e+03 1 0)
|    ( QUESTION0_0_R 1 -5.504e+03 1.055e+02 2.285e+01
|        ( - -2.178e+03 1 0)
|        ( QUESTION2_6_L -1 -3.220e+03 8.730e+01 1.287e+01
|            ( WDBNDRY_B 0 -8.367e+02 9.467e+01 4.000e+00
|                ( - -5.514e+02 1 0)
|                ( - -1.906e+02 1 0))
|            ( QUESTION2_8_L -1 -2.296e+03 9.211e+01 8.873e+00
|                ( - -6.827e+02 1 0)
|                ( QUESTION2 1 -1.521e+03 1.016e+02 5.873e+00
|                    ( - -3.438e+02 1 0)
|                    ( WDBNDRY_B 0 -1.076e+03 7.263e+01 3.873e+00
|                        ( - -2.488e+02 1 0)
|                        ( - -7.545e+02 2 0 QUESTION0_9_R 1 6.176e+01 2.873e+00)))))))
s>    ( WDBNDRY_E 0 -7.265e+03 1.454e+02 2.975e+01
s>        ( - -1.616e+03 1 0)
s>        ( QUESTION0_0_R 1 -5.504e+03 1.055e+02 2.285e+01
s>            ( - -2.178e+03 1 0)
s>            ( QUESTION2_6_L -1 -3.220e+03 8.730e+01 1.287e+01
s>                ( WDBNDRY_B 0 -8.367e+02 9.467e+01 4.000e+00
s>                    ( - -5.514e+02 1 0)
s>                    ( - -1.906e+02 1 0))
s>                ( QUESTION2_8_L -1 -2.296e+03 9.211e+01 8.873e+00
s>                    ( - -6.827e+02 1 0)
s>                    ( QUESTION2 1 -1.521e+03 1.016e+02 5.873e+00
s>                        ( - -3.438e+02 1 0)
s>                        ( WDBNDRY_B 0 -1.076e+03 7.263e+01 3.873e+00
s>                            ( - -2.488e+02 1 0)
s>                            ( - -7.545e+02 2 0 QUESTION0_9_R 1 6.176e+01 2.873e+00)))))))INFO: dtree.c(1315): Comp split 30
INFO: dtree.c(1439): stop. leaf nodes are specific
INFO: dtree.c(1478): Final simple tree
|( WDBNDRY_B 0 -1.034e+04 1.394e+02 4.755e+01
|    ( QUESTION14 -1 -1.777e+03 1.022e+02 8.152e+00
|        ( - -3.868e+02 1 0)
|        ( - -1.288e+03 1 0))
|    ( QUESTION0_0_R 1 -8.420e+03 1.367e+02 3.940e+01
|        ( - -2.524e+03 1 0)
|        ( QUESTION0 -1 -5.759e+03 1.101e+02 2.734e+01
|            ( QUESTION5 -1 -3.224e+03 6.255e+01 1.530e+01
|                ( - -2.677e+03 1 0)
|                ( - -4.840e+02 1 0))
|            ( - -2.425e+03 1 0))))
s>    ( WDBNDRY_B 0 -1.034e+04 1.394e+02 4.755e+01
s>        ( QUESTION14 -1 -1.777e+03 1.022e+02 8.152e+00
s>            ( - -3.868e+02 1 0)
s>            ( - -1.288e+03 1 0))
s>        ( QUESTION0_0_R 1 -8.420e+03 1.367e+02 3.940e+01
s>            ( - -2.524e+03 1 0)
s>            ( QUESTION0 -1 -5.759e+03 1.101e+02 2.734e+01
s>                ( QUESTION5 -1 -3.224e+03 6.255e+01 1.530e+01
s>                    ( - -2.677e+03 1 0)
s>                    ( - -4.840e+02 1 0))
s>                ( - -2.425e+03 1 0))))INFO: dtree.c(1315): Comp split 31
INFO: dtree.c(1439): stop. leaf nodes are specific
INFO: dtree.c(1478): Final simple tree
|( WDBNDRY_E 0 -1.887e+03 8.022e+01 7.895e+00
|    ( - -1.616e+03 1 0)
|    ( - -1.906e+02 1 0))
s>    ( WDBNDRY_E 0 -1.887e+03 8.022e+01 7.895e+00
s>        ( - -1.616e+03 1 0)
s>        ( - -1.906e+02 1 0))INFO: dtree.c(1439): stop. leaf nodes are specific
INFO: dtree.c(1478): Final simple tree
|( QUESTION0_0_R 1 -5.228e+03 1.039e+02 2.185e+01
|    ( - -2.178e+03 1 0)
|    ( QUESTION2_6_L -1 -2.947e+03 9.908e+01 1.187e+01
|        ( - -5.514e+02 1 0)
|        ( QUESTION2_8_L -1 -2.296e+03 9.211e+01 8.873e+00
|            ( - -6.827e+02 1 0)
|            ( QUESTION2 1 -1.521e+03 1.016e+02 5.873e+00
|                ( - -3.438e+02 1 0)
|                ( WDBNDRY_B 0 -1.076e+03 7.263e+01 3.873e+00
|                    ( - -2.488e+02 1 0)
|                    ( QUESTION0_9_R 1 -7.545e+02 6.176e+01 2.873e+00
|                        ( - -4.119e+02 1 0)
|                        ( - -2.808e+02 1 0)))))))
s>    ( QUESTION0_0_R 1 -5.228e+03 1.039e+02 2.185e+01
s>        ( - -2.178e+03 1 0)
s>        ( QUESTION2_6_L -1 -2.947e+03 9.908e+01 1.187e+01
s>            ( - -5.514e+02 1 0)
s>            ( QUESTION2_8_L -1 -2.296e+03 9.211e+01 8.873e+00
s>                ( - -6.827e+02 1 0)
s>                ( QUESTION2 1 -1.521e+03 1.016e+02 5.873e+00
s>                    ( - -3.438e+02 1 0)
s>                    ( WDBNDRY_B 0 -1.076e+03 7.263e+01 3.873e+00
s>                        ( - -2.488e+02 1 0)
s>                        ( QUESTION0_9_R 1 -7.545e+02 6.176e+01 2.873e+00
s>                            ( - -4.119e+02 1 0)
s>                            ( - -2.808e+02 1 0)))))))INFO: dtree.c(1315): Comp split 32
INFO: dtree.c(1439): stop. leaf nodes are specific
INFO: dtree.c(1478): Final simple tree
|( WDBNDRY_B 0 -3.831e+03 1.187e+02 1.819e+01
|    ( - -1.288e+03 1 0)
|    ( - -2.425e+03 1 0))
s>    ( WDBNDRY_B 0 -3.831e+03 1.187e+02 1.819e+01
s>        ( - -1.288e+03 1 0)
s>        ( - -2.425e+03 1 0))INFO: dtree.c(1439): stop. leaf nodes are specific
INFO: dtree.c(1478): Final simple tree
|( QUESTION2 1 -6.359e+03 1.204e+02 2.936e+01
|    ( QUESTION5 -1 -3.224e+03 6.255e+01 1.530e+01
|        ( - -2.677e+03 1 0)
|        ( - -4.840e+02 1 0))
|    ( WDBNDRY_B 0 -3.015e+03 1.039e+02 1.406e+01
|        ( - -3.868e+02 1 0)
|        ( - -2.524e+03 1 0)))
s>    ( QUESTION2 1 -6.359e+03 1.204e+02 2.936e+01
s>        ( QUESTION5 -1 -3.224e+03 6.255e+01 1.530e+01
s>            ( - -2.677e+03 1 0)
s>            ( - -4.840e+02 1 0))
s>        ( WDBNDRY_B 0 -3.015e+03 1.039e+02 1.406e+01
s>            ( - -3.868e+02 1 0)
s>            ( - -2.524e+03 1 0)))INFO: dtree.c(1315): Comp split 33
INFO: dtree.c(1439): stop. leaf nodes are specific
INFO: dtree.c(1478): Final simple tree
|( QUESTION0_12_R 1 -5.608e+03 1.111e+02 2.430e+01
|    ( - -8.175e+02 1 0)
|    ( QUESTION0_9_R 1 -4.680e+03 1.056e+02 2.030e+01
|        ( - -2.925e+03 1 0)
|        ( QUESTION0_0_R 1 -1.649e+03 8.747e+01 7.084e+00
|            ( QUESTION14 1 -1.148e+03 7.446e+01 5.084e+00
|                ( - -2.048e+02 1 0)
|                ( - -8.688e+02 1 0))
|            ( - -4.136e+02 1 0))))
s>    ( QUESTION0_12_R 1 -5.608e+03 1.111e+02 2.430e+01
s>        ( - -8.175e+02 1 0)
s>        ( QUESTION0_9_R 1 -4.680e+03 1.056e+02 2.030e+01
s>            ( - -2.925e+03 1 0)
s>            ( QUESTION0_0_R 1 -1.649e+03 8.747e+01 7.084e+00
s>                ( QUESTION14 1 -1.148e+03 7.446e+01 5.084e+00
s>                    ( - -2.048e+02 1 0)
s>                    ( - -8.688e+02 1 0))
s>                ( - -4.136e+02 1 0))))INFO: dtree.c(1315): Comp split 34
INFO: dtree.c(1439): stop. leaf nodes are specific
INFO: dtree.c(1478): Final simple tree
|( QUESTION0 -1 -1.709e+03 9.271e+01 7.942e+00
|    ( - -1.420e+03 1 0)
|    ( - -1.968e+02 1 0))
s>    ( QUESTION0 -1 -1.709e+03 9.271e+01 7.942e+00
s>        ( - -1.420e+03 1 0)
s>        ( - -1.968e+02 1 0))INFO: dtree.c(1478): Final simple tree
|( QUESTION12 -1 -4.045e+03 1.045e+02 1.699e+01
|    ( QUESTION16 -1 -2.094e+03 9.198e+01 8.995e+00
|        ( - -7.658e+02 1 0)
|        ( QUESTION13 -1 -1.236e+03 7.838e+01 5.002e+00
|            ( WDBNDRY_B 0 -7.458e+02 4.778e+02 3.000e+00
|                ( - 2.161e+02 1 0)
|                ( - -4.841e+02 2 0 WDBNDRY_E 0 7.612e+01 2.000e+00))
|            ( - -4.120e+02 1 0)))
|    ( WDBNDRY_B 0 -1.847e+03 8.988e+01 8.000e+00
|        ( - -2.036e+02 1 0)
|        ( QUESTION5 -1 -1.553e+03 8.602e+01 7.000e+00
|            ( - -8.242e+02 1 0)
|            ( QUESTION0_0_R 1 -6.429e+02 7.752e+01 3.000e+00
|                ( - -3.571e+02 1 0)
|                ( - -2.083e+02 1 0)))))
s>    ( QUESTION12 -1 -4.045e+03 1.045e+02 1.699e+01
s>        ( QUESTION16 -1 -2.094e+03 9.198e+01 8.995e+00
s>            ( - -7.658e+02 1 0)
s>            ( QUESTION13 -1 -1.236e+03 7.838e+01 5.002e+00
s>                ( WDBNDRY_B 0 -7.458e+02 4.778e+02 3.000e+00
s>                    ( - 2.161e+02 1 0)
s>                    ( - -4.841e+02 2 0 WDBNDRY_E 0 7.612e+01 2.000e+00))
s>                ( - -4.120e+02 1 0)))
s>        ( WDBNDRY_B 0 -1.847e+03 8.988e+01 8.000e+00
s>            ( - -2.036e+02 1 0)
s>            ( QUESTION5 -1 -1.553e+03 8.602e+01 7.000e+00
s>                ( - -8.242e+02 1 0)
s>                ( QUESTION0_0_R 1 -6.429e+02 7.752e+01 3.000e+00
s>                    ( - -3.571e+02 1 0)
s>                    ( - -2.083e+02 1 0)))))INFO: dtree.c(1315): Comp split 35
INFO: dtree.c(1478): Final simple tree
|( QUESTION12 -1 -3.776e+03 1.010e+02 1.599e+01
|    ( QUESTION16 -1 -1.828e+03 8.985e+01 7.995e+00
|        ( - -7.658e+02 1 0)
|        ( WDBNDRY_B 0 -9.727e+02 7.667e+01 4.002e+00
|            ( - -4.120e+02 1 0)
|            ( WDBNDRY_E 0 -4.841e+02 7.612e+01 2.000e+00
|                ( - -1.665e+02 1 0)
|                ( - -2.415e+02 1 0))))
|    ( WDBNDRY_B 0 -1.847e+03 8.988e+01 8.000e+00
|        ( - -2.036e+02 1 0)
|        ( QUESTION5 -1 -1.553e+03 8.602e+01 7.000e+00
|            ( - -8.242e+02 1 0)
|            ( QUESTION0_0_R 1 -6.429e+02 7.752e+01 3.000e+00
|                ( - -3.571e+02 1 0)
|                ( - -2.083e+02 1 0)))))
s>    ( QUESTION12 -1 -3.776e+03 1.010e+02 1.599e+01
s>        ( QUESTION16 -1 -1.828e+03 8.985e+01 7.995e+00
s>            ( - -7.658e+02 1 0)
s>            ( WDBNDRY_B 0 -9.727e+02 7.667e+01 4.002e+00
s>                ( - -4.120e+02 1 0)
s>                ( WDBNDRY_E 0 -4.841e+02 7.612e+01 2.000e+00
s>                    ( - -1.665e+02 1 0)
s>                    ( - -2.415e+02 1 0))))
s>        ( WDBNDRY_B 0 -1.847e+03 8.988e+01 8.000e+00
s>            ( - -2.036e+02 1 0)
s>            ( QUESTION5 -1 -1.553e+03 8.602e+01 7.000e+00
s>                ( - -8.242e+02 1 0)
s>                ( QUESTION0_0_R 1 -6.429e+02 7.752e+01 3.000e+00
s>                    ( - -3.571e+02 1 0)
s>                    ( - -2.083e+02 1 0)))))INFO: dtree.c(1315): Comp split 36
INFO: dtree.c(1439): stop. leaf nodes are specific
INFO: dtree.c(1478): Final simple tree
|( WDBNDRY_I 0 -2.544e+03 1.017e+02 1.200e+01
|    ( - -1.187e+03 1 0)
|    ( WDBNDRY_B 0 -1.255e+03 8.314e+01 6.000e+00
|        ( - -3.829e+02 1 0)
|        ( - -7.888e+02 1 0)))
s>    ( WDBNDRY_I 0 -2.544e+03 1.017e+02 1.200e+01
s>        ( - -1.187e+03 1 0)
s>        ( WDBNDRY_B 0 -1.255e+03 8.314e+01 6.000e+00
s>            ( - -3.829e+02 1 0)
s>            ( - -7.888e+02 1 0)))INFO: dtree.c(1439): stop. leaf nodes are specific
INFO: dtree.c(1478): Final simple tree
|( WDBNDRY_B 0 -1.214e+03 9.948e+01 4.998e+00
|    ( - -5.316e+02 2 0)
|    ( - -5.834e+02 1 0))
s>    ( WDBNDRY_B 0 -1.214e+03 9.948e+01 4.998e+00
s>        ( - -5.316e+02 2 0)
s>        ( - -5.834e+02 1 0))INFO: dtree.c(1315): Comp split 37
INFO: dtree.c(1439): stop. leaf nodes are specific
INFO: dtree.c(1478): Final simple tree
|( WDBNDRY_B 0 -3.015e+03 1.039e+02 1.406e+01
|    ( - -3.868e+02 1 0)
|    ( - -2.524e+03 1 0))
s>    ( WDBNDRY_B 0 -3.015e+03 1.039e+02 1.406e+01
s>        ( - -3.868e+02 1 0)
s>        ( - -2.524e+03 1 0))INFO: dtree.c(1439): stop. leaf nodes are specific
INFO: dtree.c(1478): Final simple tree
|( QUESTION5 -1 -3.224e+03 6.255e+01 1.530e+01
|    ( - -2.677e+03 1 0)
|    ( - -4.840e+02 1 0))
s>    ( QUESTION5 -1 -3.224e+03 6.255e+01 1.530e+01
s>        ( - -2.677e+03 1 0)
s>        ( - -4.840e+02 1 0))INFO: dtree.c(1315): Comp split 38
INFO: dtree.c(1315): Comp split 39
INFO: dtree.c(1439): stop. leaf nodes are specific
INFO: dtree.c(1478): Final simple tree
|( QUESTION1 -1 -1.528e+03 7.847e+01 7.000e+00
|    ( - -8.476e+02 2 0)
|    ( - -6.022e+02 1 0))
s>    ( QUESTION1 -1 -1.528e+03 7.847e+01 7.000e+00
s>        ( - -8.476e+02 2 0)
s>        ( - -6.022e+02 1 0))INFO: dtree.c(1315): Comp split 40
INFO: dtree.c(1439): stop. leaf nodes are specific
INFO: dtree.c(1478): Final simple tree
|( QUESTION0_9_R 1 -4.680e+03 1.056e+02 2.030e+01
|    ( - -2.925e+03 1 0)
|    ( QUESTION0_0_R 1 -1.649e+03 8.747e+01 7.084e+00
|        ( QUESTION14 1 -1.148e+03 7.446e+01 5.084e+00
|            ( - -2.048e+02 1 0)
|            ( - -8.688e+02 1 0))
|        ( - -4.136e+02 1 0)))
s>    ( QUESTION0_9_R 1 -4.680e+03 1.056e+02 2.030e+01
s>        ( - -2.925e+03 1 0)
s>        ( QUESTION0_0_R 1 -1.649e+03 8.747e+01 7.084e+00
s>            ( QUESTION14 1 -1.148e+03 7.446e+01 5.084e+00
s>                ( - -2.048e+02 1 0)
s>                ( - -8.688e+02 1 0))
s>            ( - -4.136e+02 1 0)))INFO: dtree.c(1315): Comp split 41
INFO: dtree.c(1439): stop. leaf nodes are specific
INFO: dtree.c(1478): Final simple tree
|( QUESTION0_0_R 1 -4.774e+03 1.036e+02 1.985e+01
|    ( - -2.178e+03 1 0)
|    ( QUESTION2_6_L -1 -2.492e+03 9.870e+01 9.873e+00
|        ( - -5.514e+02 1 0)
|        ( QUESTION2 1 -1.842e+03 8.368e+01 6.873e+00
|            ( - -6.827e+02 1 0)
|            ( WDBNDRY_B 0 -1.076e+03 7.263e+01 3.873e+00
|                ( - -2.488e+02 1 0)
|                ( QUESTION0_9_R 1 -7.545e+02 6.176e+01 2.873e+00
|                    ( - -4.119e+02 1 0)
|                    ( - -2.808e+02 1 0))))))
s>    ( QUESTION0_0_R 1 -4.774e+03 1.036e+02 1.985e+01
s>        ( - -2.178e+03 1 0)
s>        ( QUESTION2_6_L -1 -2.492e+03 9.870e+01 9.873e+00
s>            ( - -5.514e+02 1 0)
s>            ( QUESTION2 1 -1.842e+03 8.368e+01 6.873e+00
s>                ( - -6.827e+02 1 0)
s>                ( WDBNDRY_B 0 -1.076e+03 7.263e+01 3.873e+00
s>                    ( - -2.488e+02 1 0)
s>                    ( QUESTION0_9_R 1 -7.545e+02 6.176e+01 2.873e+00
s>                        ( - -4.119e+02 1 0)
s>                        ( - -2.808e+02 1 0))))))INFO: dtree.c(1315): Comp split 42
INFO: dtree.c(1439): stop. leaf nodes are specific
INFO: dtree.c(1478): Final simple tree
|( WDBNDRY_B 0 -2.496e+03 6.924e+01 1.098e+01
|    ( - -2.488e+02 1 0)
|    ( - -2.178e+03 1 0))
s>    ( WDBNDRY_B 0 -2.496e+03 6.924e+01 1.098e+01
s>        ( - -2.488e+02 1 0)
s>        ( - -2.178e+03 1 0))INFO: dtree.c(1439): stop. leaf nodes are specific
INFO: dtree.c(1478): Final simple tree
|( WDBNDRY_B 0 -2.167e+03 1.010e+02 8.873e+00
|    ( - -5.514e+02 1 0)
|    ( QUESTION2 1 -1.515e+03 7.791e+01 5.873e+00
|        ( - -6.827e+02 1 0)
|        ( QUESTION0_9_R 1 -7.545e+02 6.176e+01 2.873e+00
|            ( - -4.119e+02 1 0)
|            ( - -2.808e+02 1 0))))
s>    ( WDBNDRY_B 0 -2.167e+03 1.010e+02 8.873e+00
s>        ( - -5.514e+02 1 0)
s>        ( QUESTION2 1 -1.515e+03 7.791e+01 5.873e+00
s>            ( - -6.827e+02 1 0)
s>            ( QUESTION0_9_R 1 -7.545e+02 6.176e+01 2.873e+00
s>                ( - -4.119e+02 1 0)
s>                ( - -2.808e+02 1 0))))INFO: dtree.c(1315): Comp split 43
INFO: dtree.c(1439): stop. leaf nodes are specific
INFO: dtree.c(1478): Final simple tree
|( QUESTION12 -1 -3.311e+03 9.897e+01 1.399e+01
|    ( QUESTION16 -1 -1.828e+03 8.985e+01 7.995e+00
|        ( - -7.658e+02 1 0)
|        ( WDBNDRY_B 0 -9.727e+02 7.667e+01 4.002e+00
|            ( - -4.120e+02 1 0)
|            ( WDBNDRY_E 0 -4.841e+02 7.612e+01 2.000e+00
|                ( - -1.665e+02 1 0)
|                ( - -2.415e+02 1 0))))
|    ( WDBNDRY_B 0 -1.384e+03 9.032e+01 6.000e+00
|        ( - -2.036e+02 1 0)
|        ( QUESTION0_0_R 1 -1.090e+03 5.713e+01 5.000e+00
|            ( - -8.242e+02 1 0)
|            ( - -2.083e+02 1 0))))
s>    ( QUESTION12 -1 -3.311e+03 9.897e+01 1.399e+01
s>        ( QUESTION16 -1 -1.828e+03 8.985e+01 7.995e+00
s>            ( - -7.658e+02 1 0)
s>            ( WDBNDRY_B 0 -9.727e+02 7.667e+01 4.002e+00
s>                ( - -4.120e+02 1 0)
s>                ( WDBNDRY_E 0 -4.841e+02 7.612e+01 2.000e+00
s>                    ( - -1.665e+02 1 0)
s>                    ( - -2.415e+02 1 0))))
s>        ( WDBNDRY_B 0 -1.384e+03 9.032e+01 6.000e+00
s>            ( - -2.036e+02 1 0)
s>            ( QUESTION0_0_R 1 -1.090e+03 5.713e+01 5.000e+00
s>                ( - -8.242e+02 1 0)
s>                ( - -2.083e+02 1 0))))INFO: dtree.c(1315): Comp split 44
INFO: dtree.c(1439): stop. leaf nodes are specific
INFO: dtree.c(1478): Final simple tree
|( QUESTION0_0_R 1 -1.649e+03 8.747e+01 7.084e+00
|    ( QUESTION14 1 -1.148e+03 7.446e+01 5.084e+00
|        ( - -2.048e+02 1 0)
|        ( - -8.688e+02 1 0))
|    ( - -4.136e+02 1 0))
s>    ( QUESTION0_0_R 1 -1.649e+03 8.747e+01 7.084e+00
s>        ( QUESTION14 1 -1.148e+03 7.446e+01 5.084e+00
s>            ( - -2.048e+02 1 0)
s>            ( - -8.688e+02 1 0))
s>        ( - -4.136e+02 1 0))INFO: dtree.c(1315): Comp split 45
INFO: dtree.c(1315): Comp split 46
INFO: dtree.c(1439): stop. leaf nodes are specific
INFO: dtree.c(1478): Final simple tree
|( WDBNDRY_B 0 -1.255e+03 8.314e+01 6.000e+00
|    ( - -3.829e+02 1 0)
|    ( - -7.888e+02 1 0))
s>    ( WDBNDRY_B 0 -1.255e+03 8.314e+01 6.000e+00
s>        ( - -3.829e+02 1 0)
s>        ( - -7.888e+02 1 0))INFO: dtree.c(1315): Comp split 47
INFO: dtree.c(1439): stop. leaf nodes are specific
INFO: dtree.c(1478): Final simple tree
|( QUESTION2 1 -1.515e+03 7.791e+01 5.873e+00
|    ( - -6.827e+02 1 0)
|    ( QUESTION0_9_R 1 -7.545e+02 6.176e+01 2.873e+00
|        ( - -4.119e+02 1 0)
|        ( - -2.808e+02 1 0)))
s>    ( QUESTION2 1 -1.515e+03 7.791e+01 5.873e+00
s>        ( - -6.827e+02 1 0)
s>        ( QUESTION0_9_R 1 -7.545e+02 6.176e+01 2.873e+00
s>            ( - -4.119e+02 1 0)
s>            ( - -2.808e+02 1 0)))INFO: dtree.c(1315): Comp split 48
INFO: dtree.c(1315): Comp split 49
INFO: dtree.c(1439): stop. leaf nodes are specific
INFO: dtree.c(1478): Final simple tree
|( QUESTION16 -1 -1.828e+03 8.985e+01 7.995e+00
|    ( - -7.658e+02 1 0)
|    ( WDBNDRY_B 0 -9.727e+02 7.667e+01 4.002e+00
|        ( - -4.120e+02 1 0)
|        ( WDBNDRY_E 0 -4.841e+02 7.612e+01 2.000e+00
|            ( - -1.665e+02 1 0)
|            ( - -2.415e+02 1 0))))
s>    ( QUESTION16 -1 -1.828e+03 8.985e+01 7.995e+00
s>        ( - -7.658e+02 1 0)
s>        ( WDBNDRY_B 0 -9.727e+02 7.667e+01 4.002e+00
s>            ( - -4.120e+02 1 0)
s>            ( WDBNDRY_E 0 -4.841e+02 7.612e+01 2.000e+00
s>                ( - -1.665e+02 1 0)
s>                ( - -2.415e+02 1 0))))INFO: dtree.c(1439): stop. leaf nodes are specific
INFO: dtree.c(1478): Final simple tree
|( WDBNDRY_B 0 -1.384e+03 9.032e+01 6.000e+00
|    ( - -2.036e+02 1 0)
|    ( QUESTION0_0_R 1 -1.090e+03 5.713e+01 5.000e+00
|        ( - -8.242e+02 1 0)
|        ( - -2.083e+02 1 0)))
s>    ( WDBNDRY_B 0 -1.384e+03 9.032e+01 6.000e+00
s>        ( - -2.036e+02 1 0)
s>        ( QUESTION0_0_R 1 -1.090e+03 5.713e+01 5.000e+00
s>            ( - -8.242e+02 1 0)
s>            ( - -2.083e+02 1 0)))INFO: dtree.c(1315): Comp split 50
INFO: dtree.c(1315): Comp split 51
INFO: dtree.c(1439): stop. leaf nodes are specific
INFO: dtree.c(1478): Final simple tree
|( QUESTION0_0_R 1 -1.090e+03 5.713e+01 5.000e+00
|    ( - -8.242e+02 1 0)
|    ( - -2.083e+02 1 0))
s>    ( QUESTION0_0_R 1 -1.090e+03 5.713e+01 5.000e+00
s>        ( - -8.242e+02 1 0)
s>        ( - -2.083e+02 1 0))INFO: dtree.c(1315): Comp split 52
INFO: dtree.c(1439): stop. leaf nodes are specific
INFO: dtree.c(1478): Final simple tree
|( WDBNDRY_B 0 -9.727e+02 7.667e+01 4.002e+00
|    ( - -4.120e+02 1 0)
|    ( WDBNDRY_E 0 -4.841e+02 7.612e+01 2.000e+00
|        ( - -1.665e+02 1 0)
|        ( - -2.415e+02 1 0)))
s>    ( WDBNDRY_B 0 -9.727e+02 7.667e+01 4.002e+00
s>        ( - -4.120e+02 1 0)
s>        ( WDBNDRY_E 0 -4.841e+02 7.612e+01 2.000e+00
s>            ( - -1.665e+02 1 0)
s>            ( - -2.415e+02 1 0)))INFO: dtree.c(1315): Comp split 53
INFO: dtree.c(1439): stop. leaf nodes are specific
INFO: dtree.c(1478): Final simple tree
|( QUESTION14 1 -1.148e+03 7.446e+01 5.084e+00
|    ( - -2.048e+02 1 0)
|    ( - -8.688e+02 1 0))
s>    ( QUESTION14 1 -1.148e+03 7.446e+01 5.084e+00
s>        ( - -2.048e+02 1 0)
s>        ( - -8.688e+02 1 0))INFO: dtree.c(1315): Comp split 54
INFO: dtree.c(1315): Comp split 55
INFO: dtree.c(1315): Comp split 56
INFO: dtree.c(1315): Comp split 57
INFO: dtree.c(1439): stop. leaf nodes are specific
INFO: dtree.c(1478): Final simple tree
|( QUESTION0_9_R 1 -7.545e+02 6.176e+01 2.873e+00
|    ( - -4.119e+02 1 0)
|    ( - -2.808e+02 1 0))
s>    ( QUESTION0_9_R 1 -7.545e+02 6.176e+01 2.873e+00
s>        ( - -4.119e+02 1 0)
s>        ( - -2.808e+02 1 0))INFO: dtree.c(1315): Comp split 58
INFO: dtree.c(1439): stop. leaf nodes are specific
INFO: dtree.c(1478): Final simple tree
|( WDBNDRY_E 0 -4.841e+02 7.612e+01 2.000e+00
|    ( - -1.665e+02 1 0)
|    ( - -2.415e+02 1 0))
s>    ( WDBNDRY_E 0 -4.841e+02 7.612e+01 2.000e+00
s>        ( - -1.665e+02 1 0)
s>        ( - -2.415e+02 1 0))INFO: dtree.c(1315): Comp split 59
INFO: dtree.c(1315): Comp split 60
INFO: dtree.c(1315): Comp split 61
INFO: dtree.c(1315): Comp split 62
INFO: dtree.c(1315): Comp split 63
INFO: dtree.c(1315): Comp split 64
INFO: dtree.c(1315): Comp split 65
INFO: dtree.c(1318): stop. leaf nodes are specific
Thu May  7 00:23:30 2020
