Current configuration:
[NAME]		[DEFLT]	[VALUE]
-allphones	no	no
-cntthresh	0.00001	1.000000e-05
-csplitmax	100	2000
-csplitmin	1	1
-csplitthr	8e-4	0.000000e+00
-example	no	no
-fullvar	no	no
-help		no	no
-meanfn			/home/abdy/Desktop/diploma/kg/model_parameters/kg.cd_cont_untied/means
-mixwfn			/home/abdy/Desktop/diploma/kg/model_parameters/kg.cd_cont_untied/mixture_weights
-moddeffn		/home/abdy/Desktop/diploma/kg/model_architecture/kg.untied.mdef
-mwfloor	1e-4	1.000000e-08
-phone			r
-psetfn			/home/abdy/Desktop/diploma/kg/model_architecture/kg.tree_questions
-ssplitmax	5	7
-ssplitmin	1	1
-ssplitthr	8e-4	0.000000e+00
-state			0
-stwt			1.0,0.05,0.0,
-treefn			/home/abdy/Desktop/diploma/kg/trees/kg.unpruned/r-0.dtree
-ts2cbfn	.semi.	.cont.
-varfloor	0.00001	1.000000e-05
-varfn			/home/abdy/Desktop/diploma/kg/model_parameters/kg.cd_cont_untied/variances

INFO: main.c(223): Reading: /home/abdy/Desktop/diploma/kg/model_architecture/kg.untied.mdef
INFO: model_def_io.c(573): Model definition info:
INFO: model_def_io.c(574): 10297 total models defined (47 base, 10250 tri)
INFO: model_def_io.c(575): 41188 total states
INFO: model_def_io.c(576): 30891 total tied states
INFO: model_def_io.c(577): 141 total tied CI states
INFO: model_def_io.c(578): 47 total tied transition matrices
INFO: model_def_io.c(579): 4 max state/model
INFO: model_def_io.c(580): 4 min state/model
INFO: main.c(242): Building trees for [r SIL a b] through [r zh y i]
INFO: main.c(269): Covering states |[20328 21590]| == 1263
INFO: main.c(275): Reading: /home/abdy/Desktop/diploma/kg/model_parameters/kg.cd_cont_untied/mixture_weights
INFO: s3mixw_io.c(173): Read /home/abdy/Desktop/diploma/kg/model_parameters/kg.cd_cont_untied/mixture_weights [1263x1x1 array]
INFO: main.c(311): 120 of 421 models have observation count greater than 0.000010
INFO: main.c(95): nrm stwt: 0.952 0.048 0.000 
INFO: s3gau_io.c(169): Read /home/abdy/Desktop/diploma/kg/model_parameters/kg.cd_cont_untied/means [30891x1x1 array]
INFO: s3gau_io.c(169): Read /home/abdy/Desktop/diploma/kg/model_parameters/kg.cd_cont_untied/variances [30891x1x1 array]
INFO: main.c(549): Reading: /home/abdy/Desktop/diploma/kg/model_architecture/kg.tree_questions
INFO: main.c(588): 174 total simple questions (166 phone; 8 word bndry)
INFO: main.c(590): 40 Left Only questions, and 42 Right Only questions
INFO: dtree.c(1478): Final simple tree
|( QUESTION16 -1 -1.145e+05 4.720e+02 4.792e+02
|    ( - 2.421e+02 1 0)
|    ( QUESTION11 -1 -1.142e+05 4.654e+02 4.782e+02
|        ( SILENCE 1 -4.504e+04 2.855e+02 1.893e+02
|            ( - -6.172e+03 1 0)
|            ( - -3.858e+04 31 0 QUESTION0_15_R 1 1.732e+02 1.650e+02))
|        ( QUESTION2_4_L -1 -6.873e+04 2.174e+02 2.889e+02
|            ( QUESTION0_17_R 1 -5.342e+04 2.115e+02 2.251e+02
|                ( - -2.371e+02 1 0)
|                ( QUESTION0_11_R 1 -5.297e+04 1.930e+02 2.231e+02
|                    ( - -8.830e+03 13 0 WDBNDRY_E 0 9.542e+01 3.704e+01)
|                    ( QUESTION0_5_R 1 -4.395e+04 2.014e+02 1.861e+02
|                        ( - -1.004e+04 10 0 QUESTION0_6_R 1 7.724e+01 4.421e+01)
|                        ( - -3.371e+04 43 0 SILENCE 1 1.841e+02 1.419e+02))))
|            ( - -1.509e+04 20 0 QUESTION0_7_R 1 1.346e+02 6.375e+01))))
s>    ( QUESTION16 -1 -1.145e+05 4.720e+02 4.792e+02
s>        ( - 2.421e+02 1 0)
s>        ( QUESTION11 -1 -1.142e+05 4.654e+02 4.782e+02
s>            ( SILENCE 1 -4.504e+04 2.855e+02 1.893e+02
s>                ( - -6.172e+03 1 0)
s>                ( - -3.858e+04 31 0 QUESTION0_15_R 1 1.732e+02 1.650e+02))
s>            ( QUESTION2_4_L -1 -6.873e+04 2.174e+02 2.889e+02
s>                ( QUESTION0_17_R 1 -5.342e+04 2.115e+02 2.251e+02
s>                    ( - -2.371e+02 1 0)
s>                    ( QUESTION0_11_R 1 -5.297e+04 1.930e+02 2.231e+02
s>                        ( - -8.830e+03 13 0 WDBNDRY_E 0 9.542e+01 3.704e+01)
s>                        ( QUESTION0_5_R 1 -4.395e+04 2.014e+02 1.861e+02
s>                            ( - -1.004e+04 10 0 QUESTION0_6_R 1 7.724e+01 4.421e+01)
s>                            ( - -3.371e+04 43 0 SILENCE 1 1.841e+02 1.419e+02))))
s>                ( - -1.509e+04 20 0 QUESTION0_7_R 1 1.346e+02 6.375e+01))))INFO: dtree.c(1315): Comp split 0
INFO: dtree.c(1478): Final simple tree
|( QUESTION0_15_R 1 -3.858e+04 1.732e+02 1.650e+02
|    ( QUESTION0_17_R 1 -7.103e+03 1.279e+02 3.032e+01
|        ( - -4.128e+02 1 0)
|        ( - -6.562e+03 5 0 QUESTION0_16_R 1 8.591e+01 2.832e+01))
|    ( QUESTION3 1 -3.131e+04 1.269e+02 1.347e+02
|        ( WDBNDRY_E 0 -4.493e+03 1.318e+02 1.954e+01
|            ( - -1.393e+03 1 0)
|            ( - -2.969e+03 2 0))
|        ( QUESTION14 1 -2.669e+04 1.281e+02 1.151e+02
|            ( - -1.726e+03 2 0 QUESTION0_0_R 1 7.851e+01 8.067e+00)
|            ( QUESTION2_2_L -1 -2.483e+04 1.227e+02 1.071e+02
|                ( - -3.587e+02 1 0)
|                ( QUESTION0_2_R 1 -2.435e+04 1.251e+02 1.051e+02
|                    ( - -1.440e+04 8 0 QUESTION0_3_R 1 8.558e+01 6.332e+01)
|                    ( - -9.821e+03 11 0 QUESTION0_9_R 1 1.034e+02 4.176e+01))))))
s>    ( QUESTION0_15_R 1 -3.858e+04 1.732e+02 1.650e+02
s>        ( QUESTION0_17_R 1 -7.103e+03 1.279e+02 3.032e+01
s>            ( - -4.128e+02 1 0)
s>            ( - -6.562e+03 5 0 QUESTION0_16_R 1 8.591e+01 2.832e+01))
s>        ( QUESTION3 1 -3.131e+04 1.269e+02 1.347e+02
s>            ( WDBNDRY_E 0 -4.493e+03 1.318e+02 1.954e+01
s>                ( - -1.393e+03 1 0)
s>                ( - -2.969e+03 2 0))
s>            ( QUESTION14 1 -2.669e+04 1.281e+02 1.151e+02
s>                ( - -1.726e+03 2 0 QUESTION0_0_R 1 7.851e+01 8.067e+00)
s>                ( QUESTION2_2_L -1 -2.483e+04 1.227e+02 1.071e+02
s>                    ( - -3.587e+02 1 0)
s>                    ( QUESTION0_2_R 1 -2.435e+04 1.251e+02 1.051e+02
s>                        ( - -1.440e+04 8 0 QUESTION0_3_R 1 8.558e+01 6.332e+01)
s>                        ( - -9.821e+03 11 0 QUESTION0_9_R 1 1.034e+02 4.176e+01))))))INFO: dtree.c(1478): Final simple tree
|( QUESTION16 -1 -7.537e+04 4.720e+02 3.142e+02
|    ( - 2.421e+02 1 0)
|    ( SILENCE 1 -7.514e+04 2.908e+02 3.132e+02
|        ( - -8.470e+03 3 0 QUESTION11 -1 1.235e+02 3.329e+01)
|        ( QUESTION2_4_L -1 -6.638e+04 2.229e+02 2.799e+02
|            ( QUESTION0_17_R 1 -5.106e+04 2.103e+02 2.161e+02
|                ( - -2.371e+02 1 0)
|                ( QUESTION0_11_R 1 -5.062e+04 1.897e+02 2.141e+02
|                    ( - -8.830e+03 13 0 WDBNDRY_E 0 9.542e+01 3.704e+01)
|                    ( QUESTION0_5_R 1 -4.160e+04 2.033e+02 1.771e+02
|                        ( - -1.004e+04 10 0 QUESTION0_6_R 1 7.724e+01 4.421e+01)
|                        ( QUESTION0_2_R 1 -3.135e+04 1.438e+02 1.329e+02
|                            ( - -1.396e+04 18 0 WDBNDRY_E 0 1.067e+02 5.953e+01)
|                            ( - -1.725e+04 23 0 QUESTION13 -1 4.952e+02 7.335e+01)))))
|            ( - -1.509e+04 20 0 QUESTION0_7_R 1 1.346e+02 6.375e+01))))
s>    ( QUESTION16 -1 -7.537e+04 4.720e+02 3.142e+02
s>        ( - 2.421e+02 1 0)
s>        ( SILENCE 1 -7.514e+04 2.908e+02 3.132e+02
s>            ( - -8.470e+03 3 0 QUESTION11 -1 1.235e+02 3.329e+01)
s>            ( QUESTION2_4_L -1 -6.638e+04 2.229e+02 2.799e+02
s>                ( QUESTION0_17_R 1 -5.106e+04 2.103e+02 2.161e+02
s>                    ( - -2.371e+02 1 0)
s>                    ( QUESTION0_11_R 1 -5.062e+04 1.897e+02 2.141e+02
s>                        ( - -8.830e+03 13 0 WDBNDRY_E 0 9.542e+01 3.704e+01)
s>                        ( QUESTION0_5_R 1 -4.160e+04 2.033e+02 1.771e+02
s>                            ( - -1.004e+04 10 0 QUESTION0_6_R 1 7.724e+01 4.421e+01)
s>                            ( QUESTION0_2_R 1 -3.135e+04 1.438e+02 1.329e+02
s>                                ( - -1.396e+04 18 0 WDBNDRY_E 0 1.067e+02 5.953e+01)
s>                                ( - -1.725e+04 23 0 QUESTION13 -1 4.952e+02 7.335e+01)))))
s>                ( - -1.509e+04 20 0 QUESTION0_7_R 1 1.346e+02 6.375e+01))))INFO: dtree.c(1315): Comp split 1
INFO: dtree.c(1478): Final simple tree
|( SILENCE 1 -7.514e+04 2.908e+02 3.132e+02
|    ( - -8.470e+03 3 0 QUESTION11 -1 1.235e+02 3.329e+01)
|    ( QUESTION2_4_L -1 -6.638e+04 2.229e+02 2.799e+02
|        ( QUESTION0_17_R 1 -5.106e+04 2.103e+02 2.161e+02
|            ( - -2.371e+02 1 0)
|            ( QUESTION0_11_R 1 -5.062e+04 1.897e+02 2.141e+02
|                ( - -8.830e+03 13 0 WDBNDRY_E 0 9.542e+01 3.704e+01)
|                ( QUESTION0_5_R 1 -4.160e+04 2.033e+02 1.771e+02
|                    ( - -1.004e+04 10 0 QUESTION0_6_R 1 7.724e+01 4.421e+01)
|                    ( QUESTION0_2_R 1 -3.135e+04 1.438e+02 1.329e+02
|                        ( - -1.396e+04 18 0 WDBNDRY_E 0 1.067e+02 5.953e+01)
|                        ( QUESTION13 -1 -1.725e+04 4.952e+02 7.335e+01
|                            ( - 2.176e+02 1 0)
|                            ( - -1.697e+04 22 0 QUESTION16 1 1.025e+02 7.235e+01))))))
|        ( - -1.509e+04 20 0 QUESTION0_7_R 1 1.346e+02 6.375e+01)))
s>    ( SILENCE 1 -7.514e+04 2.908e+02 3.132e+02
s>        ( - -8.470e+03 3 0 QUESTION11 -1 1.235e+02 3.329e+01)
s>        ( QUESTION2_4_L -1 -6.638e+04 2.229e+02 2.799e+02
s>            ( QUESTION0_17_R 1 -5.106e+04 2.103e+02 2.161e+02
s>                ( - -2.371e+02 1 0)
s>                ( QUESTION0_11_R 1 -5.062e+04 1.897e+02 2.141e+02
s>                    ( - -8.830e+03 13 0 WDBNDRY_E 0 9.542e+01 3.704e+01)
s>                    ( QUESTION0_5_R 1 -4.160e+04 2.033e+02 1.771e+02
s>                        ( - -1.004e+04 10 0 QUESTION0_6_R 1 7.724e+01 4.421e+01)
s>                        ( QUESTION0_2_R 1 -3.135e+04 1.438e+02 1.329e+02
s>                            ( - -1.396e+04 18 0 WDBNDRY_E 0 1.067e+02 5.953e+01)
s>                            ( QUESTION13 -1 -1.725e+04 4.952e+02 7.335e+01
s>                                ( - 2.176e+02 1 0)
s>                                ( - -1.697e+04 22 0 QUESTION16 1 1.025e+02 7.235e+01))))))
s>            ( - -1.509e+04 20 0 QUESTION0_7_R 1 1.346e+02 6.375e+01)))INFO: dtree.c(1315): Comp split 2
INFO: dtree.c(1478): Final simple tree
|( SILENCE 1 -7.487e+04 2.924e+02 3.122e+02
|    ( - -8.470e+03 3 0 QUESTION11 -1 1.235e+02 3.329e+01)
|    ( QUESTION2_4_L -1 -6.610e+04 2.264e+02 2.789e+02
|        ( QUESTION0_17_R 1 -5.079e+04 2.100e+02 2.151e+02
|            ( - -2.371e+02 1 0)
|            ( QUESTION0_11_R 1 -5.034e+04 1.902e+02 2.131e+02
|                ( - -8.830e+03 13 0 WDBNDRY_E 0 9.542e+01 3.704e+01)
|                ( QUESTION0_5_R 1 -4.132e+04 2.040e+02 1.761e+02
|                    ( - -1.004e+04 10 0 QUESTION0_6_R 1 7.724e+01 4.421e+01)
|                    ( QUESTION0_2_R 1 -3.107e+04 1.427e+02 1.319e+02
|                        ( - -1.396e+04 18 0 WDBNDRY_E 0 1.067e+02 5.953e+01)
|                        ( - -1.697e+04 22 0 QUESTION16 1 1.025e+02 7.235e+01)))))
|        ( QUESTION0_7_R 1 -1.509e+04 1.346e+02 6.375e+01
|            ( - -3.105e+03 1 0)
|            ( - -1.185e+04 19 0 QUESTION0_9_R 1 1.080e+02 4.991e+01))))
s>    ( SILENCE 1 -7.487e+04 2.924e+02 3.122e+02
s>        ( - -8.470e+03 3 0 QUESTION11 -1 1.235e+02 3.329e+01)
s>        ( QUESTION2_4_L -1 -6.610e+04 2.264e+02 2.789e+02
s>            ( QUESTION0_17_R 1 -5.079e+04 2.100e+02 2.151e+02
s>                ( - -2.371e+02 1 0)
s>                ( QUESTION0_11_R 1 -5.034e+04 1.902e+02 2.131e+02
s>                    ( - -8.830e+03 13 0 WDBNDRY_E 0 9.542e+01 3.704e+01)
s>                    ( QUESTION0_5_R 1 -4.132e+04 2.040e+02 1.761e+02
s>                        ( - -1.004e+04 10 0 QUESTION0_6_R 1 7.724e+01 4.421e+01)
s>                        ( QUESTION0_2_R 1 -3.107e+04 1.427e+02 1.319e+02
s>                            ( - -1.396e+04 18 0 WDBNDRY_E 0 1.067e+02 5.953e+01)
s>                            ( - -1.697e+04 22 0 QUESTION16 1 1.025e+02 7.235e+01)))))
s>            ( QUESTION0_7_R 1 -1.509e+04 1.346e+02 6.375e+01
s>                ( - -3.105e+03 1 0)
s>                ( - -1.185e+04 19 0 QUESTION0_9_R 1 1.080e+02 4.991e+01))))INFO: dtree.c(1315): Comp split 3
INFO: dtree.c(1478): Final simple tree
|( SILENCE 1 -3.795e+04 2.692e+02 1.566e+02
|    ( QUESTION11 -1 -8.470e+03 1.235e+02 3.329e+01
|        ( - -6.172e+03 1 0)
|        ( - -2.174e+03 2 0))
|    ( QUESTION2_4_L -1 -2.921e+04 1.634e+02 1.233e+02
|        ( WDBNDRY_E 0 -1.396e+04 1.067e+02 5.953e+01
|            ( QUESTION0_3_R 1 -1.987e+03 1.441e+02 9.005e+00
|                ( - -1.561e+03 2 0)
|                ( - -2.821e+02 1 0))
|            ( - -1.186e+04 15 0 QUESTION15 1 9.895e+01 5.053e+01))
|        ( QUESTION0_7_R 1 -1.509e+04 1.346e+02 6.375e+01
|            ( - -3.105e+03 1 0)
|            ( QUESTION0_9_R 1 -1.185e+04 1.080e+02 4.991e+01
|                ( - -3.565e+03 2 0)
|                ( - -8.180e+03 17 0 WDBNDRY_E 0 1.050e+02 3.403e+01)))))
s>    ( SILENCE 1 -3.795e+04 2.692e+02 1.566e+02
s>        ( QUESTION11 -1 -8.470e+03 1.235e+02 3.329e+01
s>            ( - -6.172e+03 1 0)
s>            ( - -2.174e+03 2 0))
s>        ( QUESTION2_4_L -1 -2.921e+04 1.634e+02 1.233e+02
s>            ( WDBNDRY_E 0 -1.396e+04 1.067e+02 5.953e+01
s>                ( QUESTION0_3_R 1 -1.987e+03 1.441e+02 9.005e+00
s>                    ( - -1.561e+03 2 0)
s>                    ( - -2.821e+02 1 0))
s>                ( - -1.186e+04 15 0 QUESTION15 1 9.895e+01 5.053e+01))
s>            ( QUESTION0_7_R 1 -1.509e+04 1.346e+02 6.375e+01
s>                ( - -3.105e+03 1 0)
s>                ( QUESTION0_9_R 1 -1.185e+04 1.080e+02 4.991e+01
s>                    ( - -3.565e+03 2 0)
s>                    ( - -8.180e+03 17 0 WDBNDRY_E 0 1.050e+02 3.403e+01)))))INFO: dtree.c(1478): Final simple tree
|( QUESTION0_17_R 1 -3.659e+04 2.081e+02 1.556e+02
|    ( - -2.371e+02 1 0)
|    ( QUESTION0_2_R 1 -3.615e+04 1.537e+02 1.536e+02
|        ( - -1.004e+04 10 0 QUESTION0_6_R 1 7.724e+01 4.421e+01)
|        ( QUESTION0_11_R 1 -2.595e+04 1.512e+02 1.094e+02
|            ( WDBNDRY_E 0 -8.830e+03 9.542e+01 3.704e+01
|                ( - -3.446e+03 6 0 QUESTION5 1 7.595e+01 1.479e+01)
|                ( QUESTION0_12_R 1 -5.289e+03 8.302e+01 2.225e+01
|                    ( - -1.871e+03 4 0)
|                    ( - -3.335e+03 3 0)))
|            ( QUESTION16 1 -1.697e+04 1.025e+02 7.235e+01
|                ( - -5.994e+02 1 0)
|                ( QUESTION0_9_R 1 -1.627e+04 7.912e+01 6.935e+01
|                    ( - -1.286e+04 14 0 WDBNDRY_E 0 1.216e+02 5.568e+01)
|                    ( - -3.330e+03 7 0 QUESTION14 1 6.057e+01 1.367e+01))))))
s>    ( QUESTION0_17_R 1 -3.659e+04 2.081e+02 1.556e+02
s>        ( - -2.371e+02 1 0)
s>        ( QUESTION0_2_R 1 -3.615e+04 1.537e+02 1.536e+02
s>            ( - -1.004e+04 10 0 QUESTION0_6_R 1 7.724e+01 4.421e+01)
s>            ( QUESTION0_11_R 1 -2.595e+04 1.512e+02 1.094e+02
s>                ( WDBNDRY_E 0 -8.830e+03 9.542e+01 3.704e+01
s>                    ( - -3.446e+03 6 0 QUESTION5 1 7.595e+01 1.479e+01)
s>                    ( QUESTION0_12_R 1 -5.289e+03 8.302e+01 2.225e+01
s>                        ( - -1.871e+03 4 0)
s>                        ( - -3.335e+03 3 0)))
s>                ( QUESTION16 1 -1.697e+04 1.025e+02 7.235e+01
s>                    ( - -5.994e+02 1 0)
s>                    ( QUESTION0_9_R 1 -1.627e+04 7.912e+01 6.935e+01
s>                        ( - -1.286e+04 14 0 WDBNDRY_E 0 1.216e+02 5.568e+01)
s>                        ( - -3.330e+03 7 0 QUESTION14 1 6.057e+01 1.367e+01))))))INFO: dtree.c(1315): Comp split 4
INFO: dtree.c(1478): Final simple tree
|( QUESTION2_4_L -1 -2.921e+04 1.634e+02 1.233e+02
|    ( WDBNDRY_E 0 -1.396e+04 1.067e+02 5.953e+01
|        ( QUESTION0_3_R 1 -1.987e+03 1.441e+02 9.005e+00
|            ( - -1.561e+03 2 0)
|            ( - -2.821e+02 1 0))
|        ( - -1.186e+04 15 0 QUESTION15 1 9.895e+01 5.053e+01))
|    ( QUESTION0_7_R 1 -1.509e+04 1.346e+02 6.375e+01
|        ( - -3.105e+03 1 0)
|        ( QUESTION0_9_R 1 -1.185e+04 1.080e+02 4.991e+01
|            ( - -3.565e+03 2 0)
|            ( WDBNDRY_E 0 -8.180e+03 1.050e+02 3.403e+01
|                ( QUESTION11 1 -2.671e+03 1.863e+02 1.200e+01
|                    ( - -2.681e+02 1 0)
|                    ( - -2.217e+03 4 0 QUESTION0_2_R 1 1.337e+02 1.000e+01))
|                ( - -5.404e+03 12 0 QUESTION0_12_R 1 9.096e+01 2.203e+01)))))
s>    ( QUESTION2_4_L -1 -2.921e+04 1.634e+02 1.233e+02
s>        ( WDBNDRY_E 0 -1.396e+04 1.067e+02 5.953e+01
s>            ( QUESTION0_3_R 1 -1.987e+03 1.441e+02 9.005e+00
s>                ( - -1.561e+03 2 0)
s>                ( - -2.821e+02 1 0))
s>            ( - -1.186e+04 15 0 QUESTION15 1 9.895e+01 5.053e+01))
s>        ( QUESTION0_7_R 1 -1.509e+04 1.346e+02 6.375e+01
s>            ( - -3.105e+03 1 0)
s>            ( QUESTION0_9_R 1 -1.185e+04 1.080e+02 4.991e+01
s>                ( - -3.565e+03 2 0)
s>                ( WDBNDRY_E 0 -8.180e+03 1.050e+02 3.403e+01
s>                    ( QUESTION11 1 -2.671e+03 1.863e+02 1.200e+01
s>                        ( - -2.681e+02 1 0)
s>                        ( - -2.217e+03 4 0 QUESTION0_2_R 1 1.337e+02 1.000e+01))
s>                    ( - -5.404e+03 12 0 QUESTION0_12_R 1 9.096e+01 2.203e+01)))))INFO: dtree.c(1439): stop. leaf nodes are specific
INFO: dtree.c(1478): Final simple tree
|( QUESTION11 -1 -8.470e+03 1.235e+02 3.329e+01
|    ( - -6.172e+03 1 0)
|    ( - -2.174e+03 2 0))
s>    ( QUESTION11 -1 -8.470e+03 1.235e+02 3.329e+01
s>        ( - -6.172e+03 1 0)
s>        ( - -2.174e+03 2 0))INFO: dtree.c(1315): Comp split 5
INFO: dtree.c(1478): Final simple tree
|( QUESTION0_2_R 1 -3.615e+04 1.537e+02 1.536e+02
|    ( - -1.004e+04 10 0 QUESTION0_6_R 1 7.724e+01 4.421e+01)
|    ( QUESTION0_11_R 1 -2.595e+04 1.512e+02 1.094e+02
|        ( WDBNDRY_E 0 -8.830e+03 9.542e+01 3.704e+01
|            ( - -3.446e+03 6 0 QUESTION5 1 7.595e+01 1.479e+01)
|            ( QUESTION0_12_R 1 -5.289e+03 8.302e+01 2.225e+01
|                ( - -1.871e+03 4 0)
|                ( - -3.335e+03 3 0)))
|        ( QUESTION16 1 -1.697e+04 1.025e+02 7.235e+01
|            ( - -5.994e+02 1 0)
|            ( QUESTION0_9_R 1 -1.627e+04 7.912e+01 6.935e+01
|                ( WDBNDRY_E 0 -1.286e+04 1.216e+02 5.568e+01
|                    ( - -1.901e+03 3 0)
|                    ( - -1.084e+04 11 0))
|                ( - -3.330e+03 7 0 QUESTION14 1 6.057e+01 1.367e+01)))))
s>    ( QUESTION0_2_R 1 -3.615e+04 1.537e+02 1.536e+02
s>        ( - -1.004e+04 10 0 QUESTION0_6_R 1 7.724e+01 4.421e+01)
s>        ( QUESTION0_11_R 1 -2.595e+04 1.512e+02 1.094e+02
s>            ( WDBNDRY_E 0 -8.830e+03 9.542e+01 3.704e+01
s>                ( - -3.446e+03 6 0 QUESTION5 1 7.595e+01 1.479e+01)
s>                ( QUESTION0_12_R 1 -5.289e+03 8.302e+01 2.225e+01
s>                    ( - -1.871e+03 4 0)
s>                    ( - -3.335e+03 3 0)))
s>            ( QUESTION16 1 -1.697e+04 1.025e+02 7.235e+01
s>                ( - -5.994e+02 1 0)
s>                ( QUESTION0_9_R 1 -1.627e+04 7.912e+01 6.935e+01
s>                    ( WDBNDRY_E 0 -1.286e+04 1.216e+02 5.568e+01
s>                        ( - -1.901e+03 3 0)
s>                        ( - -1.084e+04 11 0))
s>                    ( - -3.330e+03 7 0 QUESTION14 1 6.057e+01 1.367e+01)))))INFO: dtree.c(1315): Comp split 6
INFO: dtree.c(1478): Final simple tree
|( QUESTION13 1 -1.933e+04 1.184e+02 8.487e+01
|    ( QUESTION0_0_R 1 -1.726e+03 7.851e+01 8.067e+00
|        ( - -1.280e+03 1 0)
|        ( - -3.679e+02 1 0))
|    ( QUESTION0_2_R 1 -1.748e+04 1.077e+02 7.681e+01
|        ( QUESTION0_3_R 1 -1.440e+04 8.558e+01 6.332e+01
|            ( WDBNDRY_E 0 -5.893e+03 7.200e+01 2.632e+01
|                ( - -1.740e+03 2 0)
|                ( - -4.081e+03 2 0))
|            ( WDBNDRY_E 0 -8.426e+03 7.176e+01 3.700e+01
|                ( - -2.386e+02 1 0)
|                ( QUESTION0_5_R 1 -8.116e+03 6.936e+01 3.600e+01
|                    ( - -1.965e+02 1 0)
|                    ( - -7.850e+03 2 0))))
|        ( - -2.969e+03 2 0)))
s>    ( QUESTION13 1 -1.933e+04 1.184e+02 8.487e+01
s>        ( QUESTION0_0_R 1 -1.726e+03 7.851e+01 8.067e+00
s>            ( - -1.280e+03 1 0)
s>            ( - -3.679e+02 1 0))
s>        ( QUESTION0_2_R 1 -1.748e+04 1.077e+02 7.681e+01
s>            ( QUESTION0_3_R 1 -1.440e+04 8.558e+01 6.332e+01
s>                ( WDBNDRY_E 0 -5.893e+03 7.200e+01 2.632e+01
s>                    ( - -1.740e+03 2 0)
s>                    ( - -4.081e+03 2 0))
s>                ( WDBNDRY_E 0 -8.426e+03 7.176e+01 3.700e+01
s>                    ( - -2.386e+02 1 0)
s>                    ( QUESTION0_5_R 1 -8.116e+03 6.936e+01 3.600e+01
s>                        ( - -1.965e+02 1 0)
s>                        ( - -7.850e+03 2 0))))
s>            ( - -2.969e+03 2 0)))INFO: dtree.c(1478): Final simple tree
|( QUESTION0_15_R 1 -1.907e+04 1.483e+02 8.013e+01
|    ( QUESTION0_17_R 1 -7.103e+03 1.279e+02 3.032e+01
|        ( - -4.128e+02 1 0)
|        ( - -6.562e+03 5 0 QUESTION0_16_R 1 8.591e+01 2.832e+01))
|    ( QUESTION3 1 -1.182e+04 1.307e+02 4.981e+01
|        ( - -1.393e+03 1 0)
|        ( QUESTION0_2_R 1 -1.030e+04 1.160e+02 4.376e+01
|            ( - -3.587e+02 1 0)
|            ( QUESTION0_9_R 1 -9.821e+03 1.034e+02 4.176e+01
|                ( - -8.469e+02 1 0)
|                ( QUESTION5 1 -8.871e+03 9.020e+01 3.762e+01
|                    ( WDBNDRY_E 0 -2.522e+03 1.666e+02 1.121e+01
|                        ( - -1.802e+03 1 0)
|                        ( - -5.535e+02 1 0))
|                    ( - -6.259e+03 8 0 WDBNDRY_E 0 9.544e+01 2.641e+01))))))
s>    ( QUESTION0_15_R 1 -1.907e+04 1.483e+02 8.013e+01
s>        ( QUESTION0_17_R 1 -7.103e+03 1.279e+02 3.032e+01
s>            ( - -4.128e+02 1 0)
s>            ( - -6.562e+03 5 0 QUESTION0_16_R 1 8.591e+01 2.832e+01))
s>        ( QUESTION3 1 -1.182e+04 1.307e+02 4.981e+01
s>            ( - -1.393e+03 1 0)
s>            ( QUESTION0_2_R 1 -1.030e+04 1.160e+02 4.376e+01
s>                ( - -3.587e+02 1 0)
s>                ( QUESTION0_9_R 1 -9.821e+03 1.034e+02 4.176e+01
s>                    ( - -8.469e+02 1 0)
s>                    ( QUESTION5 1 -8.871e+03 9.020e+01 3.762e+01
s>                        ( WDBNDRY_E 0 -2.522e+03 1.666e+02 1.121e+01
s>                            ( - -1.802e+03 1 0)
s>                            ( - -5.535e+02 1 0))
s>                        ( - -6.259e+03 8 0 WDBNDRY_E 0 9.544e+01 2.641e+01))))))INFO: dtree.c(1315): Comp split 7
INFO: dtree.c(1478): Final simple tree
|( QUESTION2_4_L -1 -2.876e+04 1.653e+02 1.213e+02
|    ( WDBNDRY_E 0 -1.396e+04 1.067e+02 5.953e+01
|        ( QUESTION0_3_R 1 -1.987e+03 1.441e+02 9.005e+00
|            ( - -1.561e+03 2 0)
|            ( - -2.821e+02 1 0))
|        ( - -1.186e+04 15 0 QUESTION15 1 9.895e+01 5.053e+01))
|    ( QUESTION0_7_R 1 -1.464e+04 1.372e+02 6.175e+01
|        ( - -3.105e+03 1 0)
|        ( QUESTION0_9_R 1 -1.140e+04 1.127e+02 4.791e+01
|            ( - -3.565e+03 2 0)
|            ( QUESTION0_14_R 1 -7.719e+03 1.002e+02 3.203e+01
|                ( WDBNDRY_E 0 -1.323e+03 9.920e+01 6.000e+00
|                    ( - -8.194e+02 1 0)
|                    ( - -4.039e+02 1 0))
|                ( - -6.296e+03 14 0 WDBNDRY_E 0 8.987e+01 2.603e+01)))))
s>    ( QUESTION2_4_L -1 -2.876e+04 1.653e+02 1.213e+02
s>        ( WDBNDRY_E 0 -1.396e+04 1.067e+02 5.953e+01
s>            ( QUESTION0_3_R 1 -1.987e+03 1.441e+02 9.005e+00
s>                ( - -1.561e+03 2 0)
s>                ( - -2.821e+02 1 0))
s>            ( - -1.186e+04 15 0 QUESTION15 1 9.895e+01 5.053e+01))
s>        ( QUESTION0_7_R 1 -1.464e+04 1.372e+02 6.175e+01
s>            ( - -3.105e+03 1 0)
s>            ( QUESTION0_9_R 1 -1.140e+04 1.127e+02 4.791e+01
s>                ( - -3.565e+03 2 0)
s>                ( QUESTION0_14_R 1 -7.719e+03 1.002e+02 3.203e+01
s>                    ( WDBNDRY_E 0 -1.323e+03 9.920e+01 6.000e+00
s>                        ( - -8.194e+02 1 0)
s>                        ( - -4.039e+02 1 0))
s>                    ( - -6.296e+03 14 0 WDBNDRY_E 0 8.987e+01 2.603e+01)))))INFO: dtree.c(1315): Comp split 8
INFO: dtree.c(1478): Final simple tree
|( QUESTION0_9_R 1 -1.140e+04 1.127e+02 4.791e+01
|    ( - -3.565e+03 2 0)
|    ( QUESTION0_14_R 1 -7.719e+03 1.002e+02 3.203e+01
|        ( WDBNDRY_E 0 -1.323e+03 9.920e+01 6.000e+00
|            ( - -8.194e+02 1 0)
|            ( - -4.039e+02 1 0))
|        ( WDBNDRY_E 0 -6.296e+03 8.987e+01 2.603e+01
|            ( QUESTION0_2_R 1 -1.286e+03 1.474e+02 6.000e+00
|                ( - -3.103e+02 1 0)
|                ( QUESTION2_2_L -1 -8.283e+02 8.964e+01 4.000e+00
|                    ( - -1.834e+02 1 0)
|                    ( - -5.553e+02 1 0)))
|            ( QUESTION0_12_R 1 -4.920e+03 9.073e+01 2.003e+01
|                ( - -1.586e+03 2 0 QUESTION2_2_L -1 8.293e+01 7.032e+00)
|                ( - -3.243e+03 9 0 QUESTION2_3_L -1 6.998e+01 1.300e+01)))))
s>    ( QUESTION0_9_R 1 -1.140e+04 1.127e+02 4.791e+01
s>        ( - -3.565e+03 2 0)
s>        ( QUESTION0_14_R 1 -7.719e+03 1.002e+02 3.203e+01
s>            ( WDBNDRY_E 0 -1.323e+03 9.920e+01 6.000e+00
s>                ( - -8.194e+02 1 0)
s>                ( - -4.039e+02 1 0))
s>            ( WDBNDRY_E 0 -6.296e+03 8.987e+01 2.603e+01
s>                ( QUESTION0_2_R 1 -1.286e+03 1.474e+02 6.000e+00
s>                    ( - -3.103e+02 1 0)
s>                    ( QUESTION2_2_L -1 -8.283e+02 8.964e+01 4.000e+00
s>                        ( - -1.834e+02 1 0)
s>                        ( - -5.553e+02 1 0)))
s>                ( QUESTION0_12_R 1 -4.920e+03 9.073e+01 2.003e+01
s>                    ( - -1.586e+03 2 0 QUESTION2_2_L -1 8.293e+01 7.032e+00)
s>                    ( - -3.243e+03 9 0 QUESTION2_3_L -1 6.998e+01 1.300e+01)))))INFO: dtree.c(1478): Final simple tree
|( QUESTION2_1_L -1 -1.719e+04 1.245e+02 7.337e+01
|    ( - -3.105e+03 1 0)
|    ( WDBNDRY_E 0 -1.396e+04 1.067e+02 5.953e+01
|        ( QUESTION0_3_R 1 -1.987e+03 1.441e+02 9.005e+00
|            ( - -1.561e+03 2 0)
|            ( - -2.821e+02 1 0))
|        ( QUESTION15 1 -1.186e+04 9.895e+01 5.053e+01
|            ( - -9.391e+02 2 0)
|            ( QUESTION13 -1 -1.083e+04 9.319e+01 4.653e+01
|                ( - -6.685e+02 1 0)
|                ( QUESTION13 1 -1.006e+04 7.974e+01 4.343e+01
|                    ( - -3.778e+02 1 0)
|                    ( QUESTION11 1 -9.607e+03 7.616e+01 4.143e+01
|                        ( - -2.985e+03 4 0 QUESTION0_3_R 1 1.007e+02 1.307e+01)
|                        ( - -6.547e+03 7 0 QUESTION0_3_R 1 8.219e+01 2.837e+01)))))))
s>    ( QUESTION2_1_L -1 -1.719e+04 1.245e+02 7.337e+01
s>        ( - -3.105e+03 1 0)
s>        ( WDBNDRY_E 0 -1.396e+04 1.067e+02 5.953e+01
s>            ( QUESTION0_3_R 1 -1.987e+03 1.441e+02 9.005e+00
s>                ( - -1.561e+03 2 0)
s>                ( - -2.821e+02 1 0))
s>            ( QUESTION15 1 -1.186e+04 9.895e+01 5.053e+01
s>                ( - -9.391e+02 2 0)
s>                ( QUESTION13 -1 -1.083e+04 9.319e+01 4.653e+01
s>                    ( - -6.685e+02 1 0)
s>                    ( QUESTION13 1 -1.006e+04 7.974e+01 4.343e+01
s>                        ( - -3.778e+02 1 0)
s>                        ( QUESTION11 1 -9.607e+03 7.616e+01 4.143e+01
s>                            ( - -2.985e+03 4 0 QUESTION0_3_R 1 1.007e+02 1.307e+01)
s>                            ( - -6.547e+03 7 0 QUESTION0_3_R 1 8.219e+01 2.837e+01)))))))INFO: dtree.c(1315): Comp split 9
INFO: dtree.c(1478): Final simple tree
|( QUESTION16 1 -2.236e+04 1.063e+02 9.460e+01
|    ( - -5.994e+02 1 0)
|    ( QUESTION0_12_R 1 -2.165e+04 9.746e+01 9.160e+01
|        ( - -1.871e+03 4 0)
|        ( QUESTION0_11_R 1 -1.968e+04 7.930e+01 8.362e+01
|            ( - -3.335e+03 3 0)
|            ( QUESTION0_9_R 1 -1.627e+04 7.912e+01 6.935e+01
|                ( WDBNDRY_E 0 -1.286e+04 1.216e+02 5.568e+01
|                    ( - -1.901e+03 3 0)
|                    ( - -1.084e+04 11 0))
|                ( QUESTION14 1 -3.330e+03 6.057e+01 1.367e+01
|                    ( - -1.080e+03 2 0)
|                    ( WDBNDRY_E 0 -2.189e+03 7.783e+01 9.000e+00
|                        ( - -7.870e+02 2 0)
|                        ( - -1.324e+03 3 0 QUESTION0_0_R 1 7.665e+01 6.000e+00)))))))
s>    ( QUESTION16 1 -2.236e+04 1.063e+02 9.460e+01
s>        ( - -5.994e+02 1 0)
s>        ( QUESTION0_12_R 1 -2.165e+04 9.746e+01 9.160e+01
s>            ( - -1.871e+03 4 0)
s>            ( QUESTION0_11_R 1 -1.968e+04 7.930e+01 8.362e+01
s>                ( - -3.335e+03 3 0)
s>                ( QUESTION0_9_R 1 -1.627e+04 7.912e+01 6.935e+01
s>                    ( WDBNDRY_E 0 -1.286e+04 1.216e+02 5.568e+01
s>                        ( - -1.901e+03 3 0)
s>                        ( - -1.084e+04 11 0))
s>                    ( QUESTION14 1 -3.330e+03 6.057e+01 1.367e+01
s>                        ( - -1.080e+03 2 0)
s>                        ( WDBNDRY_E 0 -2.189e+03 7.783e+01 9.000e+00
s>                            ( - -7.870e+02 2 0)
s>                            ( - -1.324e+03 3 0 QUESTION0_0_R 1 7.665e+01 6.000e+00)))))))INFO: dtree.c(1478): Final simple tree
|( WDBNDRY_E 0 -1.362e+04 1.292e+02 5.900e+01
|    ( QUESTION5 1 -3.446e+03 7.595e+01 1.479e+01
|        ( - -1.284e+03 2 0)
|        ( QUESTION0_13_R 1 -2.086e+03 5.989e+01 9.007e+00
|            ( - -1.553e+03 2 0)
|            ( QUESTION0_12_R 1 -4.728e+02 4.947e+01 2.010e+00
|                ( - -2.182e+02 1 0)
|                ( - -2.051e+02 1 0))))
|    ( QUESTION0_6_R 1 -1.004e+04 7.724e+01 4.421e+01
|        ( WDBNDRY_B 0 -3.241e+03 7.205e+01 1.441e+01
|            ( - -1.867e+02 1 0)
|            ( - -2.982e+03 3 0))
|        ( WDBNDRY_B 0 -6.724e+03 1.720e+02 2.980e+01
|            ( - -2.825e+02 1 0)
|            ( - -6.269e+03 5 0))))
s>    ( WDBNDRY_E 0 -1.362e+04 1.292e+02 5.900e+01
s>        ( QUESTION5 1 -3.446e+03 7.595e+01 1.479e+01
s>            ( - -1.284e+03 2 0)
s>            ( QUESTION0_13_R 1 -2.086e+03 5.989e+01 9.007e+00
s>                ( - -1.553e+03 2 0)
s>                ( QUESTION0_12_R 1 -4.728e+02 4.947e+01 2.010e+00
s>                    ( - -2.182e+02 1 0)
s>                    ( - -2.051e+02 1 0))))
s>        ( QUESTION0_6_R 1 -1.004e+04 7.724e+01 4.421e+01
s>            ( WDBNDRY_B 0 -3.241e+03 7.205e+01 1.441e+01
s>                ( - -1.867e+02 1 0)
s>                ( - -2.982e+03 3 0))
s>            ( WDBNDRY_B 0 -6.724e+03 1.720e+02 2.980e+01
s>                ( - -2.825e+02 1 0)
s>                ( - -6.269e+03 5 0))))INFO: dtree.c(1315): Comp split 10
INFO: dtree.c(1439): stop. leaf nodes are specific
INFO: dtree.c(1478): Final simple tree
|( WDBNDRY_E 0 -1.316e+04 1.294e+02 5.700e+01
|    ( QUESTION5 1 -3.446e+03 7.595e+01 1.479e+01
|        ( - -1.284e+03 2 0)
|        ( QUESTION0_13_R 1 -2.086e+03 5.989e+01 9.007e+00
|            ( - -1.553e+03 2 0)
|            ( QUESTION0_12_R 1 -4.728e+02 4.947e+01 2.010e+00
|                ( - -2.182e+02 1 0)
|                ( - -2.051e+02 1 0))))
|    ( QUESTION0_6_R 1 -9.586e+03 7.557e+01 4.221e+01
|        ( WDBNDRY_B 0 -3.241e+03 7.205e+01 1.441e+01
|            ( - -1.867e+02 1 0)
|            ( - -2.982e+03 3 0))
|        ( - -6.269e+03 5 0)))
s>    ( WDBNDRY_E 0 -1.316e+04 1.294e+02 5.700e+01
s>        ( QUESTION5 1 -3.446e+03 7.595e+01 1.479e+01
s>            ( - -1.284e+03 2 0)
s>            ( QUESTION0_13_R 1 -2.086e+03 5.989e+01 9.007e+00
s>                ( - -1.553e+03 2 0)
s>                ( QUESTION0_12_R 1 -4.728e+02 4.947e+01 2.010e+00
s>                    ( - -2.182e+02 1 0)
s>                    ( - -2.051e+02 1 0))))
s>        ( QUESTION0_6_R 1 -9.586e+03 7.557e+01 4.221e+01
s>            ( WDBNDRY_B 0 -3.241e+03 7.205e+01 1.441e+01
s>                ( - -1.867e+02 1 0)
s>                ( - -2.982e+03 3 0))
s>            ( - -6.269e+03 5 0)))INFO: dtree.c(1315): Comp split 11
INFO: dtree.c(1478): Final simple tree
|( QUESTION5 1 -1.835e+04 1.513e+02 7.713e+01
|    ( QUESTION0_11_R 1 -7.952e+03 1.107e+02 3.453e+01
|        ( - -6.039e+03 4 0 WDBNDRY_E 0 8.508e+01 2.632e+01)
|        ( - -1.802e+03 1 0))
|    ( QUESTION1 1 -1.025e+04 1.215e+02 4.260e+01
|        ( WDBNDRY_E 0 -2.870e+03 1.127e+02 1.219e+01
|            ( QUESTION0_9_R 1 -1.910e+03 1.047e+02 8.052e+00
|                ( - -1.393e+03 1 0)
|                ( - -4.128e+02 1 0))
|            ( - -8.469e+02 1 0))
|        ( QUESTION0_2_R 1 -7.256e+03 1.145e+02 3.041e+01
|            ( - -3.587e+02 1 0)
|            ( WDBNDRY_E 0 -6.782e+03 9.328e+01 2.841e+01
|                ( - -4.362e+03 6 0 QUESTION0_14_R 1 1.091e+02 1.815e+01)
|                ( - -2.327e+03 3 0 QUESTION0_13_R 1 8.797e+01 1.026e+01)))))
s>    ( QUESTION5 1 -1.835e+04 1.513e+02 7.713e+01
s>        ( QUESTION0_11_R 1 -7.952e+03 1.107e+02 3.453e+01
s>            ( - -6.039e+03 4 0 WDBNDRY_E 0 8.508e+01 2.632e+01)
s>            ( - -1.802e+03 1 0))
s>        ( QUESTION1 1 -1.025e+04 1.215e+02 4.260e+01
s>            ( WDBNDRY_E 0 -2.870e+03 1.127e+02 1.219e+01
s>                ( QUESTION0_9_R 1 -1.910e+03 1.047e+02 8.052e+00
s>                    ( - -1.393e+03 1 0)
s>                    ( - -4.128e+02 1 0))
s>                ( - -8.469e+02 1 0))
s>            ( QUESTION0_2_R 1 -7.256e+03 1.145e+02 3.041e+01
s>                ( - -3.587e+02 1 0)
s>                ( WDBNDRY_E 0 -6.782e+03 9.328e+01 2.841e+01
s>                    ( - -4.362e+03 6 0 QUESTION0_14_R 1 1.091e+02 1.815e+01)
s>                    ( - -2.327e+03 3 0 QUESTION0_13_R 1 8.797e+01 1.026e+01)))))INFO: dtree.c(1315): Comp split 12
INFO: dtree.c(1478): Final simple tree
|( QUESTION2_1_L -1 -1.675e+04 1.245e+02 7.137e+01
|    ( - -3.105e+03 1 0)
|    ( QUESTION15 1 -1.352e+04 9.888e+01 5.753e+01
|        ( - -9.391e+02 2 0)
|        ( WDBNDRY_E 0 -1.248e+04 9.590e+01 5.353e+01
|            ( - -1.561e+03 2 0)
|            ( QUESTION13 -1 -1.083e+04 9.319e+01 4.653e+01
|                ( - -6.685e+02 1 0)
|                ( QUESTION13 1 -1.006e+04 7.974e+01 4.343e+01
|                    ( - -3.778e+02 1 0)
|                    ( QUESTION11 1 -9.607e+03 7.616e+01 4.143e+01
|                        ( QUESTION0_3_R 1 -2.985e+03 1.007e+02 1.307e+01
|                            ( - -2.514e+03 3 0)
|                            ( - -3.702e+02 1 0))
|                        ( - -6.547e+03 7 0 QUESTION0_3_R 1 8.219e+01 2.837e+01)))))))
s>    ( QUESTION2_1_L -1 -1.675e+04 1.245e+02 7.137e+01
s>        ( - -3.105e+03 1 0)
s>        ( QUESTION15 1 -1.352e+04 9.888e+01 5.753e+01
s>            ( - -9.391e+02 2 0)
s>            ( WDBNDRY_E 0 -1.248e+04 9.590e+01 5.353e+01
s>                ( - -1.561e+03 2 0)
s>                ( QUESTION13 -1 -1.083e+04 9.319e+01 4.653e+01
s>                    ( - -6.685e+02 1 0)
s>                    ( QUESTION13 1 -1.006e+04 7.974e+01 4.343e+01
s>                        ( - -3.778e+02 1 0)
s>                        ( QUESTION11 1 -9.607e+03 7.616e+01 4.143e+01
s>                            ( QUESTION0_3_R 1 -2.985e+03 1.007e+02 1.307e+01
s>                                ( - -2.514e+03 3 0)
s>                                ( - -3.702e+02 1 0))
s>                            ( - -6.547e+03 7 0 QUESTION0_3_R 1 8.219e+01 2.837e+01)))))))INFO: dtree.c(1315): Comp split 13
INFO: dtree.c(1439): stop. leaf nodes are specific
INFO: dtree.c(1478): Final simple tree
|( QUESTION0_9_R 1 -6.984e+03 9.784e+01 3.046e+01
|    ( - -8.469e+02 1 0)
|    ( WDBNDRY_E 0 -6.039e+03 8.508e+01 2.632e+01
|        ( - -4.123e+02 1 0)
|        ( - -5.542e+03 3 0)))
s>    ( QUESTION0_9_R 1 -6.984e+03 9.784e+01 3.046e+01
s>        ( - -8.469e+02 1 0)
s>        ( WDBNDRY_E 0 -6.039e+03 8.508e+01 2.632e+01
s>            ( - -4.123e+02 1 0)
s>            ( - -5.542e+03 3 0)))INFO: dtree.c(1478): Final simple tree
|( QUESTION1 1 -1.121e+04 1.439e+02 4.668e+01
|    ( QUESTION0_9_R 1 -1.910e+03 1.047e+02 8.052e+00
|        ( - -1.393e+03 1 0)
|        ( - -4.128e+02 1 0))
|    ( QUESTION0_2_R 1 -9.157e+03 1.169e+02 3.862e+01
|        ( - -3.587e+02 1 0)
|        ( WDBNDRY_E 0 -8.682e+03 1.003e+02 3.662e+01
|            ( QUESTION0_14_R 1 -6.254e+03 1.029e+02 2.636e+01
|                ( - -7.506e+02 1 0)
|                ( QUESTION5 1 -5.401e+03 9.661e+01 2.331e+01
|                    ( - -1.802e+03 1 0)
|                    ( - -3.503e+03 5 0 QUESTION0_15_R 1 7.952e+01 1.510e+01)))
|            ( QUESTION0_13_R 1 -2.327e+03 8.797e+01 1.026e+01
|                ( - -1.277e+03 2 0)
|                ( - -9.622e+02 1 0)))))
s>    ( QUESTION1 1 -1.121e+04 1.439e+02 4.668e+01
s>        ( QUESTION0_9_R 1 -1.910e+03 1.047e+02 8.052e+00
s>            ( - -1.393e+03 1 0)
s>            ( - -4.128e+02 1 0))
s>        ( QUESTION0_2_R 1 -9.157e+03 1.169e+02 3.862e+01
s>            ( - -3.587e+02 1 0)
s>            ( WDBNDRY_E 0 -8.682e+03 1.003e+02 3.662e+01
s>                ( QUESTION0_14_R 1 -6.254e+03 1.029e+02 2.636e+01
s>                    ( - -7.506e+02 1 0)
s>                    ( QUESTION5 1 -5.401e+03 9.661e+01 2.331e+01
s>                        ( - -1.802e+03 1 0)
s>                        ( - -3.503e+03 5 0 QUESTION0_15_R 1 7.952e+01 1.510e+01)))
s>                ( QUESTION0_13_R 1 -2.327e+03 8.797e+01 1.026e+01
s>                    ( - -1.277e+03 2 0)
s>                    ( - -9.622e+02 1 0)))))INFO: dtree.c(1315): Comp split 14
INFO: dtree.c(1439): stop. leaf nodes are specific
INFO: dtree.c(1478): Final simple tree
|( QUESTION5 1 -6.444e+03 9.103e+01 2.783e+01
|    ( - -1.802e+03 1 0)
|    ( WDBNDRY_E 0 -4.551e+03 8.614e+01 1.962e+01
|        ( QUESTION0_15_R 1 -3.503e+03 7.952e+01 1.510e+01
|            ( - -4.367e+02 1 0)
|            ( QUESTION19 1 -2.986e+03 7.356e+01 1.310e+01
|                ( - -6.327e+02 1 0)
|                ( QUESTION0_11_R 1 -2.280e+03 4.746e+01 1.009e+01
|                    ( - -2.006e+03 2 0)
|                    ( - -2.262e+02 1 0))))
|        ( - -9.622e+02 1 0)))
s>    ( QUESTION5 1 -6.444e+03 9.103e+01 2.783e+01
s>        ( - -1.802e+03 1 0)
s>        ( WDBNDRY_E 0 -4.551e+03 8.614e+01 1.962e+01
s>            ( QUESTION0_15_R 1 -3.503e+03 7.952e+01 1.510e+01
s>                ( - -4.367e+02 1 0)
s>                ( QUESTION19 1 -2.986e+03 7.356e+01 1.310e+01
s>                    ( - -6.327e+02 1 0)
s>                    ( QUESTION0_11_R 1 -2.280e+03 4.746e+01 1.009e+01
s>                        ( - -2.006e+03 2 0)
s>                        ( - -2.262e+02 1 0))))
s>            ( - -9.622e+02 1 0)))INFO: dtree.c(1439): stop. leaf nodes are specific
INFO: dtree.c(1478): Final simple tree
|( QUESTION1 1 -4.608e+03 1.334e+02 1.885e+01
|    ( QUESTION0_9_R 1 -1.910e+03 1.047e+02 8.052e+00
|        ( - -1.393e+03 1 0)
|        ( - -4.128e+02 1 0))
|    ( QUESTION0_2_R 1 -2.564e+03 1.044e+02 1.080e+01
|        ( - -3.587e+02 1 0)
|        ( WDBNDRY_E 0 -2.101e+03 7.352e+01 8.796e+00
|            ( - -7.506e+02 1 0)
|            ( - -1.277e+03 2 0))))
s>    ( QUESTION1 1 -4.608e+03 1.334e+02 1.885e+01
s>        ( QUESTION0_9_R 1 -1.910e+03 1.047e+02 8.052e+00
s>            ( - -1.393e+03 1 0)
s>            ( - -4.128e+02 1 0))
s>        ( QUESTION0_2_R 1 -2.564e+03 1.044e+02 1.080e+01
s>            ( - -3.587e+02 1 0)
s>            ( WDBNDRY_E 0 -2.101e+03 7.352e+01 8.796e+00
s>                ( - -7.506e+02 1 0)
s>                ( - -1.277e+03 2 0))))INFO: dtree.c(1315): Comp split 15
INFO: dtree.c(1478): Final simple tree
|( QUESTION5 -1 -3.489e+03 6.870e+01 1.400e+01
|    ( - -4.846e+02 2 0 QUESTION0_3_R 1 5.085e+01 2.000e+00)
|    ( QUESTION0_4_R 1 -2.936e+03 1.088e+02 1.200e+01
|        ( QUESTION0_6_R 1 -8.367e+02 8.466e+01 4.000e+00
|            ( - -3.821e+02 1 0)
|            ( - -3.699e+02 1 0))
|        ( QUESTION19 1 -1.990e+03 8.150e+01 8.000e+00
|            ( QUESTION0 -1 -4.112e+02 4.719e+02 2.000e+00
|                ( - 2.418e+02 1 0)
|                ( - -1.812e+02 1 0))
|            ( WDBNDRY_E 0 -1.497e+03 6.336e+01 6.000e+00
|                ( - -1.834e+02 1 0)
|                ( QUESTION2_3_L -1 -1.251e+03 6.679e+01 5.000e+00
|                    ( - -6.930e+02 1 0)
|                    ( - -4.909e+02 2 0 QUESTION0_2_R 1 5.550e+01 2.000e+00))))))
s>    ( QUESTION5 -1 -3.489e+03 6.870e+01 1.400e+01
s>        ( - -4.846e+02 2 0 QUESTION0_3_R 1 5.085e+01 2.000e+00)
s>        ( QUESTION0_4_R 1 -2.936e+03 1.088e+02 1.200e+01
s>            ( QUESTION0_6_R 1 -8.367e+02 8.466e+01 4.000e+00
s>                ( - -3.821e+02 1 0)
s>                ( - -3.699e+02 1 0))
s>            ( QUESTION19 1 -1.990e+03 8.150e+01 8.000e+00
s>                ( QUESTION0 -1 -4.112e+02 4.719e+02 2.000e+00
s>                    ( - 2.418e+02 1 0)
s>                    ( - -1.812e+02 1 0))
s>                ( WDBNDRY_E 0 -1.497e+03 6.336e+01 6.000e+00
s>                    ( - -1.834e+02 1 0)
s>                    ( QUESTION2_3_L -1 -1.251e+03 6.679e+01 5.000e+00
s>                        ( - -6.930e+02 1 0)
s>                        ( - -4.909e+02 2 0 QUESTION0_2_R 1 5.550e+01 2.000e+00))))))INFO: dtree.c(1439): stop. leaf nodes are specific
INFO: dtree.c(1478): Final simple tree
|( QUESTION0_2_R 1 -7.765e+03 1.347e+02 3.391e+01
|    ( - -3.103e+02 1 0)
|    ( QUESTION0_19_R 1 -7.320e+03 1.130e+02 3.191e+01
|        ( - -5.553e+02 1 0)
|        ( WDBNDRY_E 0 -6.651e+03 1.175e+02 2.891e+01
|            ( - -8.194e+02 1 0)
|            ( QUESTION0_13_R 1 -5.714e+03 9.214e+01 2.491e+01
|                ( QUESTION2_2_L -1 -1.586e+03 8.293e+01 7.032e+00
|                    ( - -1.132e+03 1 0)
|                    ( - -3.712e+02 1 0))
|                ( QUESTION0_9_R 1 -4.036e+03 6.711e+01 1.788e+01
|                    ( - -3.565e+03 2 0)
|                    ( - -4.039e+02 1 0))))))
s>    ( QUESTION0_2_R 1 -7.765e+03 1.347e+02 3.391e+01
s>        ( - -3.103e+02 1 0)
s>        ( QUESTION0_19_R 1 -7.320e+03 1.130e+02 3.191e+01
s>            ( - -5.553e+02 1 0)
s>            ( WDBNDRY_E 0 -6.651e+03 1.175e+02 2.891e+01
s>                ( - -8.194e+02 1 0)
s>                ( QUESTION0_13_R 1 -5.714e+03 9.214e+01 2.491e+01
s>                    ( QUESTION2_2_L -1 -1.586e+03 8.293e+01 7.032e+00
s>                        ( - -1.132e+03 1 0)
s>                        ( - -3.712e+02 1 0))
s>                    ( QUESTION0_9_R 1 -4.036e+03 6.711e+01 1.788e+01
s>                        ( - -3.565e+03 2 0)
s>                        ( - -4.039e+02 1 0))))))INFO: dtree.c(1315): Comp split 16
INFO: dtree.c(1478): Final simple tree
|( QUESTION5 -1 -3.239e+03 6.778e+01 1.300e+01
|    ( - -4.846e+02 2 0 QUESTION0_3_R 1 5.085e+01 2.000e+00)
|    ( QUESTION0_4_R 1 -2.687e+03 1.066e+02 1.100e+01
|        ( QUESTION0_6_R 1 -8.367e+02 8.466e+01 4.000e+00
|            ( - -3.821e+02 1 0)
|            ( - -3.699e+02 1 0))
|        ( QUESTION19 1 -1.744e+03 6.496e+01 7.000e+00
|            ( - -1.812e+02 1 0)
|            ( WDBNDRY_E 0 -1.497e+03 6.336e+01 6.000e+00
|                ( - -1.834e+02 1 0)
|                ( QUESTION2_3_L -1 -1.251e+03 6.679e+01 5.000e+00
|                    ( - -6.930e+02 1 0)
|                    ( QUESTION0_2_R 1 -4.909e+02 5.550e+01 2.000e+00
|                        ( - -2.158e+02 1 0)
|                        ( - -2.196e+02 1 0)))))))
s>    ( QUESTION5 -1 -3.239e+03 6.778e+01 1.300e+01
s>        ( - -4.846e+02 2 0 QUESTION0_3_R 1 5.085e+01 2.000e+00)
s>        ( QUESTION0_4_R 1 -2.687e+03 1.066e+02 1.100e+01
s>            ( QUESTION0_6_R 1 -8.367e+02 8.466e+01 4.000e+00
s>                ( - -3.821e+02 1 0)
s>                ( - -3.699e+02 1 0))
s>            ( QUESTION19 1 -1.744e+03 6.496e+01 7.000e+00
s>                ( - -1.812e+02 1 0)
s>                ( WDBNDRY_E 0 -1.497e+03 6.336e+01 6.000e+00
s>                    ( - -1.834e+02 1 0)
s>                    ( QUESTION2_3_L -1 -1.251e+03 6.679e+01 5.000e+00
s>                        ( - -6.930e+02 1 0)
s>                        ( QUESTION0_2_R 1 -4.909e+02 5.550e+01 2.000e+00
s>                            ( - -2.158e+02 1 0)
s>                            ( - -2.196e+02 1 0)))))))INFO: dtree.c(1315): Comp split 17
INFO: dtree.c(1439): stop. leaf nodes are specific
INFO: dtree.c(1478): Final simple tree
|( QUESTION0_19_R 1 -7.320e+03 1.130e+02 3.191e+01
|    ( - -5.553e+02 1 0)
|    ( WDBNDRY_E 0 -6.651e+03 1.175e+02 2.891e+01
|        ( - -8.194e+02 1 0)
|        ( QUESTION0_13_R 1 -5.714e+03 9.214e+01 2.491e+01
|            ( QUESTION2_2_L -1 -1.586e+03 8.293e+01 7.032e+00
|                ( - -1.132e+03 1 0)
|                ( - -3.712e+02 1 0))
|            ( QUESTION0_9_R 1 -4.036e+03 6.711e+01 1.788e+01
|                ( - -3.565e+03 2 0)
|                ( - -4.039e+02 1 0)))))
s>    ( QUESTION0_19_R 1 -7.320e+03 1.130e+02 3.191e+01
s>        ( - -5.553e+02 1 0)
s>        ( WDBNDRY_E 0 -6.651e+03 1.175e+02 2.891e+01
s>            ( - -8.194e+02 1 0)
s>            ( QUESTION0_13_R 1 -5.714e+03 9.214e+01 2.491e+01
s>                ( QUESTION2_2_L -1 -1.586e+03 8.293e+01 7.032e+00
s>                    ( - -1.132e+03 1 0)
s>                    ( - -3.712e+02 1 0))
s>                ( QUESTION0_9_R 1 -4.036e+03 6.711e+01 1.788e+01
s>                    ( - -3.565e+03 2 0)
s>                    ( - -4.039e+02 1 0)))))INFO: dtree.c(1315): Comp split 18
INFO: dtree.c(1439): stop. leaf nodes are specific
INFO: dtree.c(1478): Final simple tree
|( QUESTION0_2_R 1 -2.564e+03 1.044e+02 1.080e+01
|    ( - -3.587e+02 1 0)
|    ( WDBNDRY_E 0 -2.101e+03 7.352e+01 8.796e+00
|        ( - -7.506e+02 1 0)
|        ( - -1.277e+03 2 0)))
s>    ( QUESTION0_2_R 1 -2.564e+03 1.044e+02 1.080e+01
s>        ( - -3.587e+02 1 0)
s>        ( WDBNDRY_E 0 -2.101e+03 7.352e+01 8.796e+00
s>            ( - -7.506e+02 1 0)
s>            ( - -1.277e+03 2 0)))INFO: dtree.c(1439): stop. leaf nodes are specific
INFO: dtree.c(1478): Final simple tree
|( QUESTION0_9_R 1 -1.910e+03 1.047e+02 8.052e+00
|    ( - -1.393e+03 1 0)
|    ( - -4.128e+02 1 0))
s>    ( QUESTION0_9_R 1 -1.910e+03 1.047e+02 8.052e+00
s>        ( - -1.393e+03 1 0)
s>        ( - -4.128e+02 1 0))INFO: dtree.c(1315): Comp split 19
INFO: dtree.c(1439): stop. leaf nodes are specific
INFO: dtree.c(1478): Final simple tree
|( QUESTION5 1 -3.446e+03 7.595e+01 1.479e+01
|    ( - -1.284e+03 2 0)
|    ( QUESTION0_13_R 1 -2.086e+03 5.989e+01 9.007e+00
|        ( - -1.553e+03 2 0)
|        ( QUESTION0_12_R 1 -4.728e+02 4.947e+01 2.010e+00
|            ( - -2.182e+02 1 0)
|            ( - -2.051e+02 1 0))))
s>    ( QUESTION5 1 -3.446e+03 7.595e+01 1.479e+01
s>        ( - -1.284e+03 2 0)
s>        ( QUESTION0_13_R 1 -2.086e+03 5.989e+01 9.007e+00
s>            ( - -1.553e+03 2 0)
s>            ( QUESTION0_12_R 1 -4.728e+02 4.947e+01 2.010e+00
s>                ( - -2.182e+02 1 0)
s>                ( - -2.051e+02 1 0))))INFO: dtree.c(1439): stop. leaf nodes are specific
INFO: dtree.c(1478): Final simple tree
|( QUESTION0_6_R 1 -9.586e+03 7.557e+01 4.221e+01
|    ( WDBNDRY_B 0 -3.241e+03 7.205e+01 1.441e+01
|        ( - -1.867e+02 1 0)
|        ( - -2.982e+03 3 0))
|    ( - -6.269e+03 5 0))
s>    ( QUESTION0_6_R 1 -9.586e+03 7.557e+01 4.221e+01
s>        ( WDBNDRY_B 0 -3.241e+03 7.205e+01 1.441e+01
s>            ( - -1.867e+02 1 0)
s>            ( - -2.982e+03 3 0))
s>        ( - -6.269e+03 5 0))INFO: dtree.c(1315): Comp split 20
INFO: dtree.c(1478): Final simple tree
|( QUESTION15 1 -1.352e+04 9.888e+01 5.753e+01
|    ( - -9.391e+02 2 0)
|    ( WDBNDRY_E 0 -1.248e+04 9.590e+01 5.353e+01
|        ( - -1.561e+03 2 0)
|        ( QUESTION13 -1 -1.083e+04 9.319e+01 4.653e+01
|            ( - -6.685e+02 1 0)
|            ( QUESTION13 1 -1.006e+04 7.974e+01 4.343e+01
|                ( - -3.778e+02 1 0)
|                ( QUESTION11 1 -9.607e+03 7.616e+01 4.143e+01
|                    ( QUESTION0_3_R 1 -2.985e+03 1.007e+02 1.307e+01
|                        ( - -2.514e+03 3 0)
|                        ( - -3.702e+02 1 0))
|                    ( QUESTION0_3_R 1 -6.547e+03 8.219e+01 2.837e+01
|                        ( - -3.447e+03 4 0)
|                        ( - -3.018e+03 3 0)))))))
s>    ( QUESTION15 1 -1.352e+04 9.888e+01 5.753e+01
s>        ( - -9.391e+02 2 0)
s>        ( WDBNDRY_E 0 -1.248e+04 9.590e+01 5.353e+01
s>            ( - -1.561e+03 2 0)
s>            ( QUESTION13 -1 -1.083e+04 9.319e+01 4.653e+01
s>                ( - -6.685e+02 1 0)
s>                ( QUESTION13 1 -1.006e+04 7.974e+01 4.343e+01
s>                    ( - -3.778e+02 1 0)
s>                    ( QUESTION11 1 -9.607e+03 7.616e+01 4.143e+01
s>                        ( QUESTION0_3_R 1 -2.985e+03 1.007e+02 1.307e+01
s>                            ( - -2.514e+03 3 0)
s>                            ( - -3.702e+02 1 0))
s>                        ( QUESTION0_3_R 1 -6.547e+03 8.219e+01 2.837e+01
s>                            ( - -3.447e+03 4 0)
s>                            ( - -3.018e+03 3 0)))))))INFO: dtree.c(1315): Comp split 21
INFO: dtree.c(1478): Final simple tree
|( QUESTION16 1 -2.033e+04 1.051e+02 8.560e+01
|    ( - -5.994e+02 1 0)
|    ( QUESTION0_12_R 1 -1.963e+04 9.554e+01 8.260e+01
|        ( - -1.871e+03 4 0)
|        ( QUESTION0_11_R 1 -1.766e+04 8.218e+01 7.462e+01
|            ( - -3.335e+03 3 0)
|            ( QUESTION0_9_R 1 -1.424e+04 7.737e+01 6.035e+01
|                ( - -1.084e+04 11 0)
|                ( QUESTION14 1 -3.330e+03 6.057e+01 1.367e+01
|                    ( - -1.080e+03 2 0)
|                    ( WDBNDRY_E 0 -2.189e+03 7.783e+01 9.000e+00
|                        ( - -7.870e+02 2 0)
|                        ( QUESTION0_0_R 1 -1.324e+03 7.665e+01 6.000e+00
|                            ( - -1.942e+02 1 0)
|                            ( - -1.053e+03 2 0))))))))
s>    ( QUESTION16 1 -2.033e+04 1.051e+02 8.560e+01
s>        ( - -5.994e+02 1 0)
s>        ( QUESTION0_12_R 1 -1.963e+04 9.554e+01 8.260e+01
s>            ( - -1.871e+03 4 0)
s>            ( QUESTION0_11_R 1 -1.766e+04 8.218e+01 7.462e+01
s>                ( - -3.335e+03 3 0)
s>                ( QUESTION0_9_R 1 -1.424e+04 7.737e+01 6.035e+01
s>                    ( - -1.084e+04 11 0)
s>                    ( QUESTION14 1 -3.330e+03 6.057e+01 1.367e+01
s>                        ( - -1.080e+03 2 0)
s>                        ( WDBNDRY_E 0 -2.189e+03 7.783e+01 9.000e+00
s>                            ( - -7.870e+02 2 0)
s>                            ( QUESTION0_0_R 1 -1.324e+03 7.665e+01 6.000e+00
s>                                ( - -1.942e+02 1 0)
s>                                ( - -1.053e+03 2 0))))))))INFO: dtree.c(1315): Comp split 22
INFO: dtree.c(1439): stop. leaf nodes are specific
INFO: dtree.c(1478): Final simple tree
|( QUESTION16 1 -1.915e+04 1.049e+02 8.060e+01
|    ( - -5.994e+02 1 0)
|    ( QUESTION0_12_R 1 -1.845e+04 9.134e+01 7.760e+01
|        ( - -1.871e+03 4 0)
|        ( QUESTION0_11_R 1 -1.648e+04 8.053e+01 6.962e+01
|            ( - -3.335e+03 3 0)
|            ( QUESTION0_9_R 1 -1.307e+04 6.393e+01 5.535e+01
|                ( - -1.084e+04 11 0)
|                ( QUESTION15 1 -2.169e+03 6.240e+01 8.669e+00
|                    ( - -1.942e+02 1 0)
|                    ( WDBNDRY_E 0 -1.912e+03 4.458e+01 7.669e+00
|                        ( - -7.870e+02 2 0)
|                        ( - -1.080e+03 2 0)))))))
s>    ( QUESTION16 1 -1.915e+04 1.049e+02 8.060e+01
s>        ( - -5.994e+02 1 0)
s>        ( QUESTION0_12_R 1 -1.845e+04 9.134e+01 7.760e+01
s>            ( - -1.871e+03 4 0)
s>            ( QUESTION0_11_R 1 -1.648e+04 8.053e+01 6.962e+01
s>                ( - -3.335e+03 3 0)
s>                ( QUESTION0_9_R 1 -1.307e+04 6.393e+01 5.535e+01
s>                    ( - -1.084e+04 11 0)
s>                    ( QUESTION15 1 -2.169e+03 6.240e+01 8.669e+00
s>                        ( - -1.942e+02 1 0)
s>                        ( WDBNDRY_E 0 -1.912e+03 4.458e+01 7.669e+00
s>                            ( - -7.870e+02 2 0)
s>                            ( - -1.080e+03 2 0)))))))INFO: dtree.c(1315): Comp split 23
INFO: dtree.c(1315): Comp split 24
INFO: dtree.c(1439): stop. leaf nodes are specific
INFO: dtree.c(1478): Final simple tree
|( WDBNDRY_E 0 -6.381e+03 1.113e+02 2.791e+01
|    ( - -5.553e+02 1 0)
|    ( QUESTION0_13_R 1 -5.714e+03 9.214e+01 2.491e+01
|        ( QUESTION2_2_L -1 -1.586e+03 8.293e+01 7.032e+00
|            ( - -1.132e+03 1 0)
|            ( - -3.712e+02 1 0))
|        ( QUESTION0_9_R 1 -4.036e+03 6.711e+01 1.788e+01
|            ( - -3.565e+03 2 0)
|            ( - -4.039e+02 1 0))))
s>    ( WDBNDRY_E 0 -6.381e+03 1.113e+02 2.791e+01
s>        ( - -5.553e+02 1 0)
s>        ( QUESTION0_13_R 1 -5.714e+03 9.214e+01 2.491e+01
s>            ( QUESTION2_2_L -1 -1.586e+03 8.293e+01 7.032e+00
s>                ( - -1.132e+03 1 0)
s>                ( - -3.712e+02 1 0))
s>            ( QUESTION0_9_R 1 -4.036e+03 6.711e+01 1.788e+01
s>                ( - -3.565e+03 2 0)
s>                ( - -4.039e+02 1 0))))INFO: dtree.c(1315): Comp split 25
INFO: dtree.c(1439): stop. leaf nodes are specific
INFO: dtree.c(1478): Final simple tree
|( QUESTION0_2_R 1 -1.748e+04 1.077e+02 7.681e+01
|    ( QUESTION0_3_R 1 -1.440e+04 8.558e+01 6.332e+01
|        ( WDBNDRY_E 0 -5.893e+03 7.200e+01 2.632e+01
|            ( - -1.740e+03 2 0)
|            ( - -4.081e+03 2 0))
|        ( WDBNDRY_E 0 -8.426e+03 7.176e+01 3.700e+01
|            ( - -2.386e+02 1 0)
|            ( QUESTION0_5_R 1 -8.116e+03 6.936e+01 3.600e+01
|                ( - -1.965e+02 1 0)
|                ( - -7.850e+03 2 0))))
|    ( - -2.969e+03 2 0))
s>    ( QUESTION0_2_R 1 -1.748e+04 1.077e+02 7.681e+01
s>        ( QUESTION0_3_R 1 -1.440e+04 8.558e+01 6.332e+01
s>            ( WDBNDRY_E 0 -5.893e+03 7.200e+01 2.632e+01
s>                ( - -1.740e+03 2 0)
s>                ( - -4.081e+03 2 0))
s>            ( WDBNDRY_E 0 -8.426e+03 7.176e+01 3.700e+01
s>                ( - -2.386e+02 1 0)
s>                ( QUESTION0_5_R 1 -8.116e+03 6.936e+01 3.600e+01
s>                    ( - -1.965e+02 1 0)
s>                    ( - -7.850e+03 2 0))))
s>        ( - -2.969e+03 2 0))INFO: dtree.c(1439): stop. leaf nodes are specific
INFO: dtree.c(1478): Final simple tree
|( QUESTION0_0_R 1 -1.726e+03 7.851e+01 8.067e+00
|    ( - -1.280e+03 1 0)
|    ( - -3.679e+02 1 0))
s>    ( QUESTION0_0_R 1 -1.726e+03 7.851e+01 8.067e+00
s>        ( - -1.280e+03 1 0)
s>        ( - -3.679e+02 1 0))INFO: dtree.c(1315): Comp split 26
INFO: dtree.c(1439): stop. leaf nodes are specific
INFO: dtree.c(1478): Final simple tree
|( QUESTION0_6_R 1 -8.367e+02 8.466e+01 4.000e+00
|    ( - -3.821e+02 1 0)
|    ( - -3.699e+02 1 0))
s>    ( QUESTION0_6_R 1 -8.367e+02 8.466e+01 4.000e+00
s>        ( - -3.821e+02 1 0)
s>        ( - -3.699e+02 1 0))INFO: dtree.c(1439): stop. leaf nodes are specific
INFO: dtree.c(1478): Final simple tree
|( WDBNDRY_E 0 -2.285e+03 6.628e+01 9.000e+00
|    ( - -1.834e+02 1 0)
|    ( QUESTION2_3_L -1 -2.036e+03 7.065e+01 8.000e+00
|        ( QUESTION0_2_R 1 -9.368e+02 6.268e+01 4.000e+00
|            ( - -1.812e+02 1 0)
|            ( - -6.930e+02 1 0))
|        ( QUESTION0_2_R 1 -1.028e+03 5.524e+01 4.000e+00
|            ( QUESTION5 -1 -7.534e+02 5.303e+01 3.000e+00
|                ( QUESTION0_3_R 1 -4.846e+02 5.085e+01 2.000e+00
|                    ( - -2.059e+02 1 0)
|                    ( - -2.279e+02 1 0))
|                ( - -2.158e+02 1 0))
|            ( - -2.196e+02 1 0))))
s>    ( WDBNDRY_E 0 -2.285e+03 6.628e+01 9.000e+00
s>        ( - -1.834e+02 1 0)
s>        ( QUESTION2_3_L -1 -2.036e+03 7.065e+01 8.000e+00
s>            ( QUESTION0_2_R 1 -9.368e+02 6.268e+01 4.000e+00
s>                ( - -1.812e+02 1 0)
s>                ( - -6.930e+02 1 0))
s>            ( QUESTION0_2_R 1 -1.028e+03 5.524e+01 4.000e+00
s>                ( QUESTION5 -1 -7.534e+02 5.303e+01 3.000e+00
s>                    ( QUESTION0_3_R 1 -4.846e+02 5.085e+01 2.000e+00
s>                        ( - -2.059e+02 1 0)
s>                        ( - -2.279e+02 1 0))
s>                    ( - -2.158e+02 1 0))
s>                ( - -2.196e+02 1 0))))INFO: dtree.c(1315): Comp split 27
INFO: dtree.c(1439): stop. leaf nodes are specific
INFO: dtree.c(1478): Final simple tree
|( WDBNDRY_E 0 -7.257e+03 8.867e+01 3.144e+01
|    ( - -1.561e+03 2 0)
|    ( QUESTION0_3_R 1 -5.607e+03 7.582e+01 2.444e+01
|        ( - -2.514e+03 3 0)
|        ( - -3.018e+03 3 0)))
s>    ( WDBNDRY_E 0 -7.257e+03 8.867e+01 3.144e+01
s>        ( - -1.561e+03 2 0)
s>        ( QUESTION0_3_R 1 -5.607e+03 7.582e+01 2.444e+01
s>            ( - -2.514e+03 3 0)
s>            ( - -3.018e+03 3 0)))INFO: dtree.c(1439): stop. leaf nodes are specific
INFO: dtree.c(1478): Final simple tree
|( QUESTION0_3_R 1 -6.153e+03 1.015e+02 2.609e+01
|    ( QUESTION11 1 -4.654e+03 8.830e+01 2.009e+01
|        ( - -6.685e+02 1 0)
|        ( QUESTION13 1 -3.898e+03 7.318e+01 1.700e+01
|            ( - -3.778e+02 1 0)
|            ( - -3.447e+03 4 0)))
|    ( QUESTION11 1 -1.397e+03 8.768e+01 6.000e+00
|        ( - -3.702e+02 1 0)
|        ( - -9.391e+02 2 0)))
s>    ( QUESTION0_3_R 1 -6.153e+03 1.015e+02 2.609e+01
s>        ( QUESTION11 1 -4.654e+03 8.830e+01 2.009e+01
s>            ( - -6.685e+02 1 0)
s>            ( QUESTION13 1 -3.898e+03 7.318e+01 1.700e+01
s>                ( - -3.778e+02 1 0)
s>                ( - -3.447e+03 4 0)))
s>        ( QUESTION11 1 -1.397e+03 8.768e+01 6.000e+00
s>            ( - -3.702e+02 1 0)
s>            ( - -9.391e+02 2 0)))INFO: dtree.c(1315): Comp split 28
INFO: dtree.c(1439): stop. leaf nodes are specific
INFO: dtree.c(1478): Final simple tree
|( QUESTION0_13_R 1 -5.714e+03 9.214e+01 2.491e+01
|    ( QUESTION2_2_L -1 -1.586e+03 8.293e+01 7.032e+00
|        ( - -1.132e+03 1 0)
|        ( - -3.712e+02 1 0))
|    ( QUESTION0_9_R 1 -4.036e+03 6.711e+01 1.788e+01
|        ( - -3.565e+03 2 0)
|        ( - -4.039e+02 1 0)))
s>    ( QUESTION0_13_R 1 -5.714e+03 9.214e+01 2.491e+01
s>        ( QUESTION2_2_L -1 -1.586e+03 8.293e+01 7.032e+00
s>            ( - -1.132e+03 1 0)
s>            ( - -3.712e+02 1 0))
s>        ( QUESTION0_9_R 1 -4.036e+03 6.711e+01 1.788e+01
s>            ( - -3.565e+03 2 0)
s>            ( - -4.039e+02 1 0)))INFO: dtree.c(1315): Comp split 29
INFO: dtree.c(1439): stop. leaf nodes are specific
INFO: dtree.c(1478): Final simple tree
|( QUESTION0_3_R 1 -1.440e+04 8.558e+01 6.332e+01
|    ( WDBNDRY_E 0 -5.893e+03 7.200e+01 2.632e+01
|        ( - -1.740e+03 2 0)
|        ( - -4.081e+03 2 0))
|    ( WDBNDRY_E 0 -8.426e+03 7.176e+01 3.700e+01
|        ( - -2.386e+02 1 0)
|        ( QUESTION0_5_R 1 -8.116e+03 6.936e+01 3.600e+01
|            ( - -1.965e+02 1 0)
|            ( - -7.850e+03 2 0))))
s>    ( QUESTION0_3_R 1 -1.440e+04 8.558e+01 6.332e+01
s>        ( WDBNDRY_E 0 -5.893e+03 7.200e+01 2.632e+01
s>            ( - -1.740e+03 2 0)
s>            ( - -4.081e+03 2 0))
s>        ( WDBNDRY_E 0 -8.426e+03 7.176e+01 3.700e+01
s>            ( - -2.386e+02 1 0)
s>            ( QUESTION0_5_R 1 -8.116e+03 6.936e+01 3.600e+01
s>                ( - -1.965e+02 1 0)
s>                ( - -7.850e+03 2 0))))INFO: dtree.c(1315): Comp split 30
INFO: dtree.c(1439): stop. leaf nodes are specific
INFO: dtree.c(1478): Final simple tree
|( QUESTION0_12_R 1 -1.845e+04 9.134e+01 7.760e+01
|    ( - -1.871e+03 4 0)
|    ( QUESTION0_11_R 1 -1.648e+04 8.053e+01 6.962e+01
|        ( - -3.335e+03 3 0)
|        ( QUESTION0_9_R 1 -1.307e+04 6.393e+01 5.535e+01
|            ( - -1.084e+04 11 0)
|            ( QUESTION15 1 -2.169e+03 6.240e+01 8.669e+00
|                ( - -1.942e+02 1 0)
|                ( WDBNDRY_E 0 -1.912e+03 4.458e+01 7.669e+00
|                    ( - -7.870e+02 2 0)
|                    ( - -1.080e+03 2 0))))))
s>    ( QUESTION0_12_R 1 -1.845e+04 9.134e+01 7.760e+01
s>        ( - -1.871e+03 4 0)
s>        ( QUESTION0_11_R 1 -1.648e+04 8.053e+01 6.962e+01
s>            ( - -3.335e+03 3 0)
s>            ( QUESTION0_9_R 1 -1.307e+04 6.393e+01 5.535e+01
s>                ( - -1.084e+04 11 0)
s>                ( QUESTION15 1 -2.169e+03 6.240e+01 8.669e+00
s>                    ( - -1.942e+02 1 0)
s>                    ( WDBNDRY_E 0 -1.912e+03 4.458e+01 7.669e+00
s>                        ( - -7.870e+02 2 0)
s>                        ( - -1.080e+03 2 0))))))INFO: dtree.c(1315): Comp split 31
INFO: dtree.c(1315): Comp split 32
INFO: dtree.c(1439): stop. leaf nodes are specific
INFO: dtree.c(1478): Final simple tree
|( WDBNDRY_E 0 -2.101e+03 7.352e+01 8.796e+00
|    ( - -7.506e+02 1 0)
|    ( - -1.277e+03 2 0))
s>    ( WDBNDRY_E 0 -2.101e+03 7.352e+01 8.796e+00
s>        ( - -7.506e+02 1 0)
s>        ( - -1.277e+03 2 0))INFO: dtree.c(1315): Comp split 33
INFO: dtree.c(1439): stop. leaf nodes are specific
INFO: dtree.c(1478): Final simple tree
|( QUESTION0_15_R 1 -3.227e+03 7.922e+01 1.401e+01
|    ( - -4.367e+02 1 0)
|    ( QUESTION0_11_R 1 -2.711e+03 7.228e+01 1.201e+01
|        ( - -2.006e+03 2 0)
|        ( - -6.327e+02 1 0)))
s>    ( QUESTION0_15_R 1 -3.227e+03 7.922e+01 1.401e+01
s>        ( - -4.367e+02 1 0)
s>        ( QUESTION0_11_R 1 -2.711e+03 7.228e+01 1.201e+01
s>            ( - -2.006e+03 2 0)
s>            ( - -6.327e+02 1 0)))INFO: dtree.c(1439): stop. leaf nodes are specific
INFO: dtree.c(1478): Final simple tree
|( QUESTION5 1 -3.113e+03 8.353e+01 1.382e+01
|    ( - -1.802e+03 1 0)
|    ( WDBNDRY_E 0 -1.228e+03 3.923e+01 5.602e+00
|        ( - -2.262e+02 1 0)
|        ( - -9.622e+02 1 0)))
s>    ( QUESTION5 1 -3.113e+03 8.353e+01 1.382e+01
s>        ( - -1.802e+03 1 0)
s>        ( WDBNDRY_E 0 -1.228e+03 3.923e+01 5.602e+00
s>            ( - -2.262e+02 1 0)
s>            ( - -9.622e+02 1 0)))INFO: dtree.c(1315): Comp split 34
INFO: dtree.c(1439): stop. leaf nodes are specific
INFO: dtree.c(1478): Final simple tree
|( QUESTION11 1 -1.397e+03 8.768e+01 6.000e+00
|    ( - -3.702e+02 1 0)
|    ( - -9.391e+02 2 0))
s>    ( QUESTION11 1 -1.397e+03 8.768e+01 6.000e+00
s>        ( - -3.702e+02 1 0)
s>        ( - -9.391e+02 2 0))INFO: dtree.c(1439): stop. leaf nodes are specific
INFO: dtree.c(1478): Final simple tree
|( QUESTION11 1 -4.654e+03 8.830e+01 2.009e+01
|    ( - -6.685e+02 1 0)
|    ( QUESTION13 1 -3.898e+03 7.318e+01 1.700e+01
|        ( - -3.778e+02 1 0)
|        ( - -3.447e+03 4 0)))
s>    ( QUESTION11 1 -4.654e+03 8.830e+01 2.009e+01
s>        ( - -6.685e+02 1 0)
s>        ( QUESTION13 1 -3.898e+03 7.318e+01 1.700e+01
s>            ( - -3.778e+02 1 0)
s>            ( - -3.447e+03 4 0)))INFO: dtree.c(1315): Comp split 35
INFO: dtree.c(1439): stop. leaf nodes are specific
INFO: dtree.c(1478): Final simple tree
|( WDBNDRY_E 0 -6.039e+03 8.508e+01 2.632e+01
|    ( - -4.123e+02 1 0)
|    ( - -5.542e+03 3 0))
s>    ( WDBNDRY_E 0 -6.039e+03 8.508e+01 2.632e+01
s>        ( - -4.123e+02 1 0)
s>        ( - -5.542e+03 3 0))INFO: dtree.c(1315): Comp split 36
INFO: dtree.c(1439): stop. leaf nodes are specific
INFO: dtree.c(1478): Final simple tree
|( QUESTION0_13_R 1 -4.487e+03 7.955e+01 1.988e+01
|    ( - -3.712e+02 1 0)
|    ( QUESTION0_9_R 1 -4.036e+03 6.711e+01 1.788e+01
|        ( - -3.565e+03 2 0)
|        ( - -4.039e+02 1 0)))
s>    ( QUESTION0_13_R 1 -4.487e+03 7.955e+01 1.988e+01
s>        ( - -3.712e+02 1 0)
s>        ( QUESTION0_9_R 1 -4.036e+03 6.711e+01 1.788e+01
s>            ( - -3.565e+03 2 0)
s>            ( - -4.039e+02 1 0)))INFO: dtree.c(1315): Comp split 37
INFO: dtree.c(1439): stop. leaf nodes are specific
INFO: dtree.c(1478): Final simple tree
|( QUESTION0_9_R 1 -1.282e+04 6.802e+01 5.435e+01
|    ( - -1.084e+04 11 0)
|    ( WDBNDRY_E 0 -1.912e+03 4.458e+01 7.669e+00
|        ( - -7.870e+02 2 0)
|        ( - -1.080e+03 2 0)))
s>    ( QUESTION0_9_R 1 -1.282e+04 6.802e+01 5.435e+01
s>        ( - -1.084e+04 11 0)
s>        ( WDBNDRY_E 0 -1.912e+03 4.458e+01 7.669e+00
s>            ( - -7.870e+02 2 0)
s>            ( - -1.080e+03 2 0)))INFO: dtree.c(1439): stop. leaf nodes are specific
INFO: dtree.c(1478): Final simple tree
|( QUESTION0_12_R 1 -5.536e+03 8.195e+01 2.325e+01
|    ( - -1.871e+03 4 0)
|    ( QUESTION0_0_R 1 -3.584e+03 5.429e+01 1.527e+01
|        ( - -1.942e+02 1 0)
|        ( - -3.335e+03 3 0)))
s>    ( QUESTION0_12_R 1 -5.536e+03 8.195e+01 2.325e+01
s>        ( - -1.871e+03 4 0)
s>        ( QUESTION0_0_R 1 -3.584e+03 5.429e+01 1.527e+01
s>            ( - -1.942e+02 1 0)
s>            ( - -3.335e+03 3 0)))INFO: dtree.c(1315): Comp split 38
INFO: dtree.c(1439): stop. leaf nodes are specific
INFO: dtree.c(1478): Final simple tree
|( WDBNDRY_E 0 -4.655e+03 7.582e+01 2.037e+01
|    ( - -1.561e+03 2 0)
|    ( - -3.018e+03 3 0))
s>    ( WDBNDRY_E 0 -4.655e+03 7.582e+01 2.037e+01
s>        ( - -1.561e+03 2 0)
s>        ( - -3.018e+03 3 0))INFO: dtree.c(1315): Comp split 39
INFO: dtree.c(1439): stop. leaf nodes are specific
INFO: dtree.c(1478): Final simple tree
|( QUESTION13 1 -3.898e+03 7.318e+01 1.700e+01
|    ( - -3.778e+02 1 0)
|    ( - -3.447e+03 4 0))
s>    ( QUESTION13 1 -3.898e+03 7.318e+01 1.700e+01
s>        ( - -3.778e+02 1 0)
s>        ( - -3.447e+03 4 0))INFO: dtree.c(1315): Comp split 40
INFO: dtree.c(1315): Comp split 41
INFO: dtree.c(1439): stop. leaf nodes are specific
INFO: dtree.c(1478): Final simple tree
|( WDBNDRY_E 0 -8.426e+03 7.176e+01 3.700e+01
|    ( - -2.386e+02 1 0)
|    ( QUESTION0_5_R 1 -8.116e+03 6.936e+01 3.600e+01
|        ( - -1.965e+02 1 0)
|        ( - -7.850e+03 2 0)))
s>    ( WDBNDRY_E 0 -8.426e+03 7.176e+01 3.700e+01
s>        ( - -2.386e+02 1 0)
s>        ( QUESTION0_5_R 1 -8.116e+03 6.936e+01 3.600e+01
s>            ( - -1.965e+02 1 0)
s>            ( - -7.850e+03 2 0)))INFO: dtree.c(1439): stop. leaf nodes are specific
INFO: dtree.c(1478): Final simple tree
|( WDBNDRY_E 0 -5.893e+03 7.200e+01 2.632e+01
|    ( - -1.740e+03 2 0)
|    ( - -4.081e+03 2 0))
s>    ( WDBNDRY_E 0 -5.893e+03 7.200e+01 2.632e+01
s>        ( - -1.740e+03 2 0)
s>        ( - -4.081e+03 2 0))INFO: dtree.c(1315): Comp split 42
INFO: dtree.c(1315): Comp split 43
INFO: dtree.c(1315): Comp split 44
INFO: dtree.c(1439): stop. leaf nodes are specific
INFO: dtree.c(1478): Final simple tree
|( WDBNDRY_E 0 -1.228e+03 3.923e+01 5.602e+00
|    ( - -2.262e+02 1 0)
|    ( - -9.622e+02 1 0))
s>    ( WDBNDRY_E 0 -1.228e+03 3.923e+01 5.602e+00
s>        ( - -2.262e+02 1 0)
s>        ( - -9.622e+02 1 0))INFO: dtree.c(1315): Comp split 45
INFO: dtree.c(1439): stop. leaf nodes are specific
INFO: dtree.c(1478): Final simple tree
|( QUESTION0_0_R 1 -3.584e+03 5.429e+01 1.527e+01
|    ( - -1.942e+02 1 0)
|    ( - -3.335e+03 3 0))
s>    ( QUESTION0_0_R 1 -3.584e+03 5.429e+01 1.527e+01
s>        ( - -1.942e+02 1 0)
s>        ( - -3.335e+03 3 0))INFO: dtree.c(1315): Comp split 46
INFO: dtree.c(1439): stop. leaf nodes are specific
INFO: dtree.c(1478): Final simple tree
|( QUESTION0_9_R 1 -4.036e+03 6.711e+01 1.788e+01
|    ( - -3.565e+03 2 0)
|    ( - -4.039e+02 1 0))
s>    ( QUESTION0_9_R 1 -4.036e+03 6.711e+01 1.788e+01
s>        ( - -3.565e+03 2 0)
s>        ( - -4.039e+02 1 0))INFO: dtree.c(1315): Comp split 47
INFO: dtree.c(1439): stop. leaf nodes are specific
INFO: dtree.c(1478): Final simple tree
|( QUESTION0_11_R 1 -2.711e+03 7.228e+01 1.201e+01
|    ( - -2.006e+03 2 0)
|    ( - -6.327e+02 1 0))
s>    ( QUESTION0_11_R 1 -2.711e+03 7.228e+01 1.201e+01
s>        ( - -2.006e+03 2 0)
s>        ( - -6.327e+02 1 0))INFO: dtree.c(1315): Comp split 48
INFO: dtree.c(1315): Comp split 49
INFO: dtree.c(1439): stop. leaf nodes are specific
INFO: dtree.c(1478): Final simple tree
|( WDBNDRY_E 0 -4.996e+02 6.449e+01 2.000e+00
|    ( - -2.386e+02 1 0)
|    ( - -1.965e+02 1 0))
s>    ( WDBNDRY_E 0 -4.996e+02 6.449e+01 2.000e+00
s>        ( - -2.386e+02 1 0)
s>        ( - -1.965e+02 1 0))INFO: dtree.c(1315): Comp split 50
INFO: dtree.c(1439): stop. leaf nodes are specific
INFO: dtree.c(1478): Final simple tree
|( WDBNDRY_B 0 -6.527e+03 7.103e+01 2.880e+01
|    ( - -1.867e+02 1 0)
|    ( - -6.269e+03 5 0))
s>    ( WDBNDRY_B 0 -6.527e+03 7.103e+01 2.880e+01
s>        ( - -1.867e+02 1 0)
s>        ( - -6.269e+03 5 0))INFO: dtree.c(1315): Comp split 51
INFO: dtree.c(1439): stop. leaf nodes are specific
INFO: dtree.c(1478): Final simple tree
|( QUESTION0_13_R 1 -2.086e+03 5.989e+01 9.007e+00
|    ( - -1.553e+03 2 0)
|    ( QUESTION0_12_R 1 -4.728e+02 4.947e+01 2.010e+00
|        ( - -2.182e+02 1 0)
|        ( - -2.051e+02 1 0)))
s>    ( QUESTION0_13_R 1 -2.086e+03 5.989e+01 9.007e+00
s>        ( - -1.553e+03 2 0)
s>        ( QUESTION0_12_R 1 -4.728e+02 4.947e+01 2.010e+00
s>            ( - -2.182e+02 1 0)
s>            ( - -2.051e+02 1 0)))INFO: dtree.c(1315): Comp split 52
INFO: dtree.c(1315): Comp split 53
INFO: dtree.c(1315): Comp split 54
INFO: dtree.c(1315): Comp split 55
INFO: dtree.c(1315): Comp split 56
INFO: dtree.c(1439): stop. leaf nodes are specific
INFO: dtree.c(1478): Final simple tree
|( WDBNDRY_E 0 -1.445e+03 6.245e+01 6.000e+00
|    ( - -1.834e+02 1 0)
|    ( QUESTION0 -1 -1.200e+03 5.690e+01 5.000e+00
|        ( - -2.059e+02 1 0)
|        ( QUESTION0_2_R 1 -9.368e+02 6.268e+01 4.000e+00
|            ( - -1.812e+02 1 0)
|            ( - -6.930e+02 1 0))))
s>    ( WDBNDRY_E 0 -1.445e+03 6.245e+01 6.000e+00
s>        ( - -1.834e+02 1 0)
s>        ( QUESTION0 -1 -1.200e+03 5.690e+01 5.000e+00
s>            ( - -2.059e+02 1 0)
s>            ( QUESTION0_2_R 1 -9.368e+02 6.268e+01 4.000e+00
s>                ( - -1.812e+02 1 0)
s>                ( - -6.930e+02 1 0))))INFO: dtree.c(1439): stop. leaf nodes are specific
INFO: dtree.c(1478): Final simple tree
|( QUESTION0_2_R 1 -7.680e+02 5.369e+01 3.000e+00
|    ( QUESTION0_3_R 1 -4.947e+02 5.098e+01 2.000e+00
|        ( - -2.158e+02 1 0)
|        ( - -2.279e+02 1 0))
|    ( - -2.196e+02 1 0))
s>    ( QUESTION0_2_R 1 -7.680e+02 5.369e+01 3.000e+00
s>        ( QUESTION0_3_R 1 -4.947e+02 5.098e+01 2.000e+00
s>            ( - -2.158e+02 1 0)
s>            ( - -2.279e+02 1 0))
s>        ( - -2.196e+02 1 0))INFO: dtree.c(1315): Comp split 57
INFO: dtree.c(1315): Comp split 58
INFO: dtree.c(1315): Comp split 59
INFO: dtree.c(1439): stop. leaf nodes are specific
INFO: dtree.c(1478): Final simple tree
|( WDBNDRY_E 0 -1.912e+03 4.458e+01 7.669e+00
|    ( - -7.870e+02 2 0)
|    ( - -1.080e+03 2 0))
s>    ( WDBNDRY_E 0 -1.912e+03 4.458e+01 7.669e+00
s>        ( - -7.870e+02 2 0)
s>        ( - -1.080e+03 2 0))INFO: dtree.c(1315): Comp split 60
INFO: dtree.c(1315): Comp split 61
INFO: dtree.c(1315): Comp split 62
INFO: dtree.c(1439): stop. leaf nodes are specific
INFO: dtree.c(1478): Final simple tree
|( WDBNDRY_E 0 -1.201e+03 6.260e+01 5.000e+00
|    ( - -1.834e+02 1 0)
|    ( QUESTION0_2_R 1 -9.553e+02 5.647e+01 4.000e+00
|        ( - -2.059e+02 1 0)
|        ( - -6.930e+02 1 0)))
s>    ( WDBNDRY_E 0 -1.201e+03 6.260e+01 5.000e+00
s>        ( - -1.834e+02 1 0)
s>        ( QUESTION0_2_R 1 -9.553e+02 5.647e+01 4.000e+00
s>            ( - -2.059e+02 1 0)
s>            ( - -6.930e+02 1 0)))INFO: dtree.c(1315): Comp split 63
INFO: dtree.c(1439): stop. leaf nodes are specific
INFO: dtree.c(1478): Final simple tree
|( QUESTION0_2_R 1 -9.553e+02 5.647e+01 4.000e+00
|    ( - -2.059e+02 1 0)
|    ( - -6.930e+02 1 0))
s>    ( QUESTION0_2_R 1 -9.553e+02 5.647e+01 4.000e+00
s>        ( - -2.059e+02 1 0)
s>        ( - -6.930e+02 1 0))INFO: dtree.c(1315): Comp split 64
INFO: dtree.c(1439): stop. leaf nodes are specific
INFO: dtree.c(1478): Final simple tree
|( QUESTION0_12_R 1 -4.728e+02 4.947e+01 2.010e+00
|    ( - -2.182e+02 1 0)
|    ( - -2.051e+02 1 0))
s>    ( QUESTION0_12_R 1 -4.728e+02 4.947e+01 2.010e+00
s>        ( - -2.182e+02 1 0)
s>        ( - -2.051e+02 1 0))INFO: dtree.c(1315): Comp split 65
INFO: dtree.c(1315): Comp split 66
INFO: dtree.c(1315): Comp split 67
INFO: dtree.c(1439): stop. leaf nodes are specific
INFO: dtree.c(1478): Final simple tree
|( QUESTION0_3_R 1 -4.947e+02 5.098e+01 2.000e+00
|    ( - -2.158e+02 1 0)
|    ( - -2.279e+02 1 0))
s>    ( QUESTION0_3_R 1 -4.947e+02 5.098e+01 2.000e+00
s>        ( - -2.158e+02 1 0)
s>        ( - -2.279e+02 1 0))INFO: dtree.c(1315): Comp split 68
INFO: dtree.c(1315): Comp split 69
INFO: dtree.c(1315): Comp split 70
INFO: dtree.c(1315): Comp split 71
INFO: dtree.c(1315): Comp split 72
INFO: dtree.c(1318): stop. leaf nodes are specific
Thu May  7 00:23:30 2020
