Current configuration:
[NAME]		[DEFLT]	[VALUE]
-allphones	no	no
-cntthresh	0.00001	1.000000e-05
-csplitmax	100	2000
-csplitmin	1	1
-csplitthr	8e-4	0.000000e+00
-example	no	no
-fullvar	no	no
-help		no	no
-meanfn			/home/abdy/Desktop/diploma/kg/model_parameters/kg.cd_cont_untied/means
-mixwfn			/home/abdy/Desktop/diploma/kg/model_parameters/kg.cd_cont_untied/mixture_weights
-moddeffn		/home/abdy/Desktop/diploma/kg/model_architecture/kg.untied.mdef
-mwfloor	1e-4	1.000000e-08
-phone			s
-psetfn			/home/abdy/Desktop/diploma/kg/model_architecture/kg.tree_questions
-ssplitmax	5	7
-ssplitmin	1	1
-ssplitthr	8e-4	0.000000e+00
-state			1
-stwt			1.0,0.05,0.0,
-treefn			/home/abdy/Desktop/diploma/kg/trees/kg.unpruned/s-1.dtree
-ts2cbfn	.semi.	.cont.
-varfloor	0.00001	1.000000e-05
-varfn			/home/abdy/Desktop/diploma/kg/model_parameters/kg.cd_cont_untied/variances

INFO: main.c(223): Reading: /home/abdy/Desktop/diploma/kg/model_architecture/kg.untied.mdef
INFO: model_def_io.c(573): Model definition info:
INFO: model_def_io.c(574): 10297 total models defined (47 base, 10250 tri)
INFO: model_def_io.c(575): 41188 total states
INFO: model_def_io.c(576): 30891 total tied states
INFO: model_def_io.c(577): 141 total tied CI states
INFO: model_def_io.c(578): 47 total tied transition matrices
INFO: model_def_io.c(579): 4 max state/model
INFO: model_def_io.c(580): 4 min state/model
INFO: main.c(242): Building trees for [s SIL a b] through [s z y i]
INFO: main.c(269): Covering states |[21591 22637]| == 1047
INFO: main.c(275): Reading: /home/abdy/Desktop/diploma/kg/model_parameters/kg.cd_cont_untied/mixture_weights
INFO: s3mixw_io.c(173): Read /home/abdy/Desktop/diploma/kg/model_parameters/kg.cd_cont_untied/mixture_weights [1047x1x1 array]
INFO: main.c(311): 77 of 349 models have observation count greater than 0.000010
INFO: main.c(95): nrm stwt: 0.045 0.909 0.045 
INFO: s3gau_io.c(169): Read /home/abdy/Desktop/diploma/kg/model_parameters/kg.cd_cont_untied/means [30891x1x1 array]
INFO: s3gau_io.c(169): Read /home/abdy/Desktop/diploma/kg/model_parameters/kg.cd_cont_untied/variances [30891x1x1 array]
INFO: main.c(549): Reading: /home/abdy/Desktop/diploma/kg/model_architecture/kg.tree_questions
INFO: main.c(588): 174 total simple questions (166 phone; 8 word bndry)
INFO: main.c(590): 40 Left Only questions, and 42 Right Only questions
INFO: dtree.c(1478): Final simple tree
|( SILENCE 1 -1.224e+05 4.848e+02 5.312e+02
|    ( - -1.100e+04 1 0)
|    ( QUESTION2_14_L -1 -1.109e+05 4.473e+02 4.817e+02
|        ( - 1.841e+02 1 0)
|        ( QUESTION14 -1 -1.106e+05 2.863e+02 4.807e+02
|            ( - -1.478e+04 6 0 QUESTION0_3_R 1 1.933e+02 6.796e+01)
|            ( QUESTION17 -1 -9.556e+04 2.828e+02 4.127e+02
|                ( - -2.237e+03 1 0)
|                ( QUESTION2_0_L -1 -9.304e+04 2.623e+02 4.017e+02
|                    ( QUESTION0_11_R 1 -8.036e+04 2.606e+02 3.465e+02
|                        ( - -1.472e+04 12 0 QUESTION12 -1 1.593e+02 6.413e+01)
|                        ( - -6.538e+04 43 0 QUESTION0 -1 2.071e+02 2.824e+02))
|                    ( QUESTION12 1 -1.242e+04 2.092e+02 5.519e+01
|                        ( - -8.052e+03 6 0 QUESTION2_7_L -1 2.603e+02 3.800e+01)
|                        ( - -4.159e+03 7 0 SILENCE -1 2.328e+02 1.719e+01)))))))
s>    ( SILENCE 1 -1.224e+05 4.848e+02 5.312e+02
s>        ( - -1.100e+04 1 0)
s>        ( QUESTION2_14_L -1 -1.109e+05 4.473e+02 4.817e+02
s>            ( - 1.841e+02 1 0)
s>            ( QUESTION14 -1 -1.106e+05 2.863e+02 4.807e+02
s>                ( - -1.478e+04 6 0 QUESTION0_3_R 1 1.933e+02 6.796e+01)
s>                ( QUESTION17 -1 -9.556e+04 2.828e+02 4.127e+02
s>                    ( - -2.237e+03 1 0)
s>                    ( QUESTION2_0_L -1 -9.304e+04 2.623e+02 4.017e+02
s>                        ( QUESTION0_11_R 1 -8.036e+04 2.606e+02 3.465e+02
s>                            ( - -1.472e+04 12 0 QUESTION12 -1 1.593e+02 6.413e+01)
s>                            ( - -6.538e+04 43 0 QUESTION0 -1 2.071e+02 2.824e+02))
s>                        ( QUESTION12 1 -1.242e+04 2.092e+02 5.519e+01
s>                            ( - -8.052e+03 6 0 QUESTION2_7_L -1 2.603e+02 3.800e+01)
s>                            ( - -4.159e+03 7 0 SILENCE -1 2.328e+02 1.719e+01)))))))INFO: dtree.c(1315): Comp split 0
INFO: dtree.c(1478): Final simple tree
|( QUESTION2_14_L -1 -1.109e+05 4.473e+02 4.817e+02
|    ( - 1.841e+02 1 0)
|    ( QUESTION14 -1 -1.106e+05 2.863e+02 4.807e+02
|        ( - -1.478e+04 6 0 QUESTION0_3_R 1 1.933e+02 6.796e+01)
|        ( QUESTION17 -1 -9.556e+04 2.828e+02 4.127e+02
|            ( - -2.237e+03 1 0)
|            ( QUESTION2_0_L -1 -9.304e+04 2.623e+02 4.017e+02
|                ( QUESTION0_11_R 1 -8.036e+04 2.606e+02 3.465e+02
|                    ( - -1.472e+04 12 0 QUESTION12 -1 1.593e+02 6.413e+01)
|                    ( - -6.538e+04 43 0 QUESTION0 -1 2.071e+02 2.824e+02))
|                ( QUESTION12 1 -1.242e+04 2.092e+02 5.519e+01
|                    ( QUESTION2_7_L -1 -8.052e+03 2.603e+02 3.800e+01
|                        ( - -3.546e+03 2 0 QUESTION0_3_R 1 1.714e+02 1.900e+01)
|                        ( - -4.245e+03 4 0 QUESTION13 1 1.841e+02 1.900e+01))
|                    ( - -4.159e+03 7 0 SILENCE -1 2.328e+02 1.719e+01))))))
s>    ( QUESTION2_14_L -1 -1.109e+05 4.473e+02 4.817e+02
s>        ( - 1.841e+02 1 0)
s>        ( QUESTION14 -1 -1.106e+05 2.863e+02 4.807e+02
s>            ( - -1.478e+04 6 0 QUESTION0_3_R 1 1.933e+02 6.796e+01)
s>            ( QUESTION17 -1 -9.556e+04 2.828e+02 4.127e+02
s>                ( - -2.237e+03 1 0)
s>                ( QUESTION2_0_L -1 -9.304e+04 2.623e+02 4.017e+02
s>                    ( QUESTION0_11_R 1 -8.036e+04 2.606e+02 3.465e+02
s>                        ( - -1.472e+04 12 0 QUESTION12 -1 1.593e+02 6.413e+01)
s>                        ( - -6.538e+04 43 0 QUESTION0 -1 2.071e+02 2.824e+02))
s>                    ( QUESTION12 1 -1.242e+04 2.092e+02 5.519e+01
s>                        ( QUESTION2_7_L -1 -8.052e+03 2.603e+02 3.800e+01
s>                            ( - -3.546e+03 2 0 QUESTION0_3_R 1 1.714e+02 1.900e+01)
s>                            ( - -4.245e+03 4 0 QUESTION13 1 1.841e+02 1.900e+01))
s>                        ( - -4.159e+03 7 0 SILENCE -1 2.328e+02 1.719e+01))))))INFO: dtree.c(1315): Comp split 1
INFO: dtree.c(1478): Final simple tree
|( QUESTION14 -1 -1.106e+05 2.863e+02 4.807e+02
|    ( - -1.478e+04 6 0 QUESTION0_3_R 1 1.933e+02 6.796e+01)
|    ( QUESTION17 -1 -9.556e+04 2.828e+02 4.127e+02
|        ( - -2.237e+03 1 0)
|        ( QUESTION2_0_L -1 -9.304e+04 2.623e+02 4.017e+02
|            ( QUESTION0_11_R 1 -8.036e+04 2.606e+02 3.465e+02
|                ( - -1.472e+04 12 0 QUESTION12 -1 1.593e+02 6.413e+01)
|                ( - -6.538e+04 43 0 QUESTION0 -1 2.071e+02 2.824e+02))
|            ( QUESTION12 1 -1.242e+04 2.092e+02 5.519e+01
|                ( QUESTION2_7_L -1 -8.052e+03 2.603e+02 3.800e+01
|                    ( - -3.546e+03 2 0 QUESTION0_3_R 1 1.714e+02 1.900e+01)
|                    ( - -4.245e+03 4 0 QUESTION13 1 1.841e+02 1.900e+01))
|                ( SILENCE -1 -4.159e+03 2.328e+02 1.719e+01
|                    ( - -2.808e+02 1 0)
|                    ( - -3.645e+03 6 0 QUESTION1 -1 1.369e+02 1.519e+01))))))
s>    ( QUESTION14 -1 -1.106e+05 2.863e+02 4.807e+02
s>        ( - -1.478e+04 6 0 QUESTION0_3_R 1 1.933e+02 6.796e+01)
s>        ( QUESTION17 -1 -9.556e+04 2.828e+02 4.127e+02
s>            ( - -2.237e+03 1 0)
s>            ( QUESTION2_0_L -1 -9.304e+04 2.623e+02 4.017e+02
s>                ( QUESTION0_11_R 1 -8.036e+04 2.606e+02 3.465e+02
s>                    ( - -1.472e+04 12 0 QUESTION12 -1 1.593e+02 6.413e+01)
s>                    ( - -6.538e+04 43 0 QUESTION0 -1 2.071e+02 2.824e+02))
s>                ( QUESTION12 1 -1.242e+04 2.092e+02 5.519e+01
s>                    ( QUESTION2_7_L -1 -8.052e+03 2.603e+02 3.800e+01
s>                        ( - -3.546e+03 2 0 QUESTION0_3_R 1 1.714e+02 1.900e+01)
s>                        ( - -4.245e+03 4 0 QUESTION13 1 1.841e+02 1.900e+01))
s>                    ( SILENCE -1 -4.159e+03 2.328e+02 1.719e+01
s>                        ( - -2.808e+02 1 0)
s>                        ( - -3.645e+03 6 0 QUESTION1 -1 1.369e+02 1.519e+01))))))INFO: dtree.c(1315): Comp split 2
INFO: dtree.c(1478): Final simple tree
|( QUESTION0_11_R 1 -8.413e+04 2.708e+02 3.617e+02
|    ( - -1.578e+04 14 0 QUESTION12 -1 1.721e+02 6.832e+01)
|    ( QUESTION2 -1 -6.808e+04 2.134e+02 2.934e+02
|        ( QUESTION0_5_R 1 -1.124e+04 1.860e+02 5.115e+01
|            ( - -3.507e+03 2 0 QUESTION0_6_R 1 1.092e+02 1.697e+01)
|            ( - -7.545e+03 5 0 QUESTION0_3_R 1 1.341e+02 3.419e+01))
|        ( QUESTION19 -1 -5.663e+04 1.972e+02 2.423e+02
|            ( QUESTION0_5_R 1 -2.289e+04 1.762e+02 9.968e+01
|                ( - -7.765e+03 6 0 QUESTION0_6_R 1 1.279e+02 3.357e+01)
|                ( QUESTION2_1_L -1 -1.495e+04 1.772e+02 6.611e+01
|                    ( - -2.225e+03 2 0 QUESTION0_3_R 1 1.102e+02 9.243e+00)
|                    ( WDBNDRY_B 0 -1.255e+04 1.755e+02 5.687e+01
|                        ( - -2.990e+03 4 0 QUESTION11 1 1.362e+02 1.224e+01)
|                        ( - -9.379e+03 4 0 QUESTION0_3_R 1 1.041e+02 4.463e+01))))
|            ( - -3.354e+04 24 0 QUESTION19 1 1.649e+02 1.426e+02))))
s>    ( QUESTION0_11_R 1 -8.413e+04 2.708e+02 3.617e+02
s>        ( - -1.578e+04 14 0 QUESTION12 -1 1.721e+02 6.832e+01)
s>        ( QUESTION2 -1 -6.808e+04 2.134e+02 2.934e+02
s>            ( QUESTION0_5_R 1 -1.124e+04 1.860e+02 5.115e+01
s>                ( - -3.507e+03 2 0 QUESTION0_6_R 1 1.092e+02 1.697e+01)
s>                ( - -7.545e+03 5 0 QUESTION0_3_R 1 1.341e+02 3.419e+01))
s>            ( QUESTION19 -1 -5.663e+04 1.972e+02 2.423e+02
s>                ( QUESTION0_5_R 1 -2.289e+04 1.762e+02 9.968e+01
s>                    ( - -7.765e+03 6 0 QUESTION0_6_R 1 1.279e+02 3.357e+01)
s>                    ( QUESTION2_1_L -1 -1.495e+04 1.772e+02 6.611e+01
s>                        ( - -2.225e+03 2 0 QUESTION0_3_R 1 1.102e+02 9.243e+00)
s>                        ( WDBNDRY_B 0 -1.255e+04 1.755e+02 5.687e+01
s>                            ( - -2.990e+03 4 0 QUESTION11 1 1.362e+02 1.224e+01)
s>                            ( - -9.379e+03 4 0 QUESTION0_3_R 1 1.041e+02 4.463e+01))))
s>                ( - -3.354e+04 24 0 QUESTION19 1 1.649e+02 1.426e+02))))INFO: dtree.c(1478): Final simple tree
|( QUESTION2_7_L -1 -2.610e+04 3.085e+02 1.190e+02
|    ( - -3.546e+03 2 0 QUESTION0_3_R 1 1.714e+02 1.900e+01)
|    ( QUESTION15 -1 -2.225e+04 2.533e+02 9.996e+01
|        ( - -2.237e+03 1 0)
|        ( QUESTION0_2_R 1 -1.976e+04 2.337e+02 8.896e+01
|            ( QUESTION10 -1 -1.924e+04 2.210e+02 8.696e+01
|                ( QUESTION0_3_R 1 -1.478e+04 1.933e+02 6.796e+01
|                    ( QUESTION11 1 -1.291e+04 1.850e+02 5.896e+01
|                        ( - -2.647e+03 2 0 WDBNDRY_B 0 1.192e+02 1.305e+01)
|                        ( WDBNDRY_B 0 -1.008e+04 2.584e+02 4.592e+01
|                            ( - -1.301e+03 1 0)
|                            ( - -8.518e+03 2 0)))
|                    ( - -1.674e+03 1 0))
|                ( - -4.245e+03 4 0 QUESTION13 1 1.841e+02 1.900e+01))
|            ( - -2.808e+02 1 0))))
s>    ( QUESTION2_7_L -1 -2.610e+04 3.085e+02 1.190e+02
s>        ( - -3.546e+03 2 0 QUESTION0_3_R 1 1.714e+02 1.900e+01)
s>        ( QUESTION15 -1 -2.225e+04 2.533e+02 9.996e+01
s>            ( - -2.237e+03 1 0)
s>            ( QUESTION0_2_R 1 -1.976e+04 2.337e+02 8.896e+01
s>                ( QUESTION10 -1 -1.924e+04 2.210e+02 8.696e+01
s>                    ( QUESTION0_3_R 1 -1.478e+04 1.933e+02 6.796e+01
s>                        ( QUESTION11 1 -1.291e+04 1.850e+02 5.896e+01
s>                            ( - -2.647e+03 2 0 WDBNDRY_B 0 1.192e+02 1.305e+01)
s>                            ( WDBNDRY_B 0 -1.008e+04 2.584e+02 4.592e+01
s>                                ( - -1.301e+03 1 0)
s>                                ( - -8.518e+03 2 0)))
s>                        ( - -1.674e+03 1 0))
s>                    ( - -4.245e+03 4 0 QUESTION13 1 1.841e+02 1.900e+01))
s>                ( - -2.808e+02 1 0))))INFO: dtree.c(1315): Comp split 3
INFO: dtree.c(1439): stop. leaf nodes are specific
INFO: dtree.c(1478): Final simple tree
|( QUESTION0_5_R 1 -5.346e+03 1.501e+02 2.800e+01
|    ( - -1.022e+03 1 0)
|    ( QUESTION0_3_R 1 -4.174e+03 1.472e+02 2.200e+01
|        ( - -2.353e+03 1 0)
|        ( - -1.674e+03 1 0)))
s>    ( QUESTION0_5_R 1 -5.346e+03 1.501e+02 2.800e+01
s>        ( - -1.022e+03 1 0)
s>        ( QUESTION0_3_R 1 -4.174e+03 1.472e+02 2.200e+01
s>            ( - -2.353e+03 1 0)
s>            ( - -1.674e+03 1 0)))INFO: dtree.c(1478): Final simple tree
|( QUESTION15 -1 -2.037e+04 2.469e+02 9.096e+01
|    ( - -2.237e+03 1 0)
|    ( QUESTION0_2_R 1 -1.789e+04 2.304e+02 7.996e+01
|        ( QUESTION19 1 -1.738e+04 2.341e+02 7.796e+01
|            ( WDBNDRY_B 0 -1.219e+04 1.983e+02 5.392e+01
|                ( SILENCE -1 -2.777e+03 2.440e+02 1.200e+01
|                    ( - -1.232e+03 2 0 QUESTION0_3_R 1 8.016e+01 4.999e+00)
|                    ( - -1.301e+03 1 0))
|                ( QUESTION0_3_R 1 -9.217e+03 1.722e+02 4.192e+01
|                    ( - -8.518e+03 2 0)
|                    ( - -5.264e+02 1 0)))
|            ( SILENCE -1 -4.950e+03 1.727e+02 2.404e+01
|                ( - -2.131e+03 1 0)
|                ( - -2.647e+03 2 0 WDBNDRY_B 0 1.192e+02 1.305e+01)))
|        ( - -2.808e+02 1 0)))
s>    ( QUESTION15 -1 -2.037e+04 2.469e+02 9.096e+01
s>        ( - -2.237e+03 1 0)
s>        ( QUESTION0_2_R 1 -1.789e+04 2.304e+02 7.996e+01
s>            ( QUESTION19 1 -1.738e+04 2.341e+02 7.796e+01
s>                ( WDBNDRY_B 0 -1.219e+04 1.983e+02 5.392e+01
s>                    ( SILENCE -1 -2.777e+03 2.440e+02 1.200e+01
s>                        ( - -1.232e+03 2 0 QUESTION0_3_R 1 8.016e+01 4.999e+00)
s>                        ( - -1.301e+03 1 0))
s>                    ( QUESTION0_3_R 1 -9.217e+03 1.722e+02 4.192e+01
s>                        ( - -8.518e+03 2 0)
s>                        ( - -5.264e+02 1 0)))
s>                ( SILENCE -1 -4.950e+03 1.727e+02 2.404e+01
s>                    ( - -2.131e+03 1 0)
s>                    ( - -2.647e+03 2 0 WDBNDRY_B 0 1.192e+02 1.305e+01)))
s>            ( - -2.808e+02 1 0)))INFO: dtree.c(1315): Comp split 4
INFO: dtree.c(1478): Final simple tree
|( QUESTION0_5_R 1 -2.079e+04 1.707e+02 9.578e+01
|    ( QUESTION0_6_R 1 -3.507e+03 1.092e+02 1.697e+01
|        ( - -1.819e+03 1 0)
|        ( - -1.579e+03 1 0))
|    ( QUESTION0 -1 -1.711e+04 1.844e+02 7.882e+01
|        ( QUESTION0_3_R 1 -7.545e+03 1.341e+02 3.419e+01
|            ( QUESTION11 1 -3.136e+03 1.420e+02 1.477e+01
|                ( - -1.818e+03 2 0 WDBNDRY_B 0 9.759e+01 8.767e+00)
|                ( - -1.176e+03 1 0))
|            ( - -4.275e+03 2 0))
|        ( QUESTION0_3_R 1 -9.379e+03 1.041e+02 4.463e+01
|            ( QUESTION11 1 -2.251e+03 1.278e+02 1.109e+01
|                ( - -5.966e+02 1 0)
|                ( - -1.527e+03 1 0))
|            ( - -7.024e+03 2 0))))
s>    ( QUESTION0_5_R 1 -2.079e+04 1.707e+02 9.578e+01
s>        ( QUESTION0_6_R 1 -3.507e+03 1.092e+02 1.697e+01
s>            ( - -1.819e+03 1 0)
s>            ( - -1.579e+03 1 0))
s>        ( QUESTION0 -1 -1.711e+04 1.844e+02 7.882e+01
s>            ( QUESTION0_3_R 1 -7.545e+03 1.341e+02 3.419e+01
s>                ( QUESTION11 1 -3.136e+03 1.420e+02 1.477e+01
s>                    ( - -1.818e+03 2 0 WDBNDRY_B 0 9.759e+01 8.767e+00)
s>                    ( - -1.176e+03 1 0))
s>                ( - -4.275e+03 2 0))
s>            ( QUESTION0_3_R 1 -9.379e+03 1.041e+02 4.463e+01
s>                ( QUESTION11 1 -2.251e+03 1.278e+02 1.109e+01
s>                    ( - -5.966e+02 1 0)
s>                    ( - -1.527e+03 1 0))
s>                ( - -7.024e+03 2 0))))INFO: dtree.c(1478): Final simple tree
|( QUESTION0_2_R 1 -6.299e+04 2.624e+02 2.660e+02
|    ( QUESTION0_3_R 1 -4.516e+04 1.829e+02 1.896e+02
|        ( QUESTION1 -1 -1.897e+04 1.658e+02 7.833e+01
|            ( - -1.350e+03 1 0)
|            ( QUESTION13 1 -1.745e+04 1.670e+02 7.133e+01
|                ( - -2.567e+03 2 0 WDBNDRY_B 0 9.848e+01 1.200e+01)
|                ( - -1.472e+04 14 0 QUESTION11 -1 1.565e+02 5.933e+01)))
|        ( QUESTION0_5_R 1 -2.601e+04 1.636e+02 1.113e+02
|            ( - -1.119e+04 9 0 QUESTION0_6_R 1 1.410e+02 4.797e+01)
|            ( - -1.465e+04 8 0 QUESTION19 -1 1.409e+02 6.334e+01)))
|    ( QUESTION12 -1 -1.757e+04 1.805e+02 7.632e+01
|        ( WDBNDRY_B 0 -1.369e+04 1.720e+02 6.114e+01
|            ( - -1.317e+03 1 0)
|            ( - -1.220e+04 9 0 WDBNDRY_E 0 1.605e+02 5.414e+01))
|        ( - -3.703e+03 6 0 QUESTION2 -1 9.954e+01 1.518e+01)))
s>    ( QUESTION0_2_R 1 -6.299e+04 2.624e+02 2.660e+02
s>        ( QUESTION0_3_R 1 -4.516e+04 1.829e+02 1.896e+02
s>            ( QUESTION1 -1 -1.897e+04 1.658e+02 7.833e+01
s>                ( - -1.350e+03 1 0)
s>                ( QUESTION13 1 -1.745e+04 1.670e+02 7.133e+01
s>                    ( - -2.567e+03 2 0 WDBNDRY_B 0 9.848e+01 1.200e+01)
s>                    ( - -1.472e+04 14 0 QUESTION11 -1 1.565e+02 5.933e+01)))
s>            ( QUESTION0_5_R 1 -2.601e+04 1.636e+02 1.113e+02
s>                ( - -1.119e+04 9 0 QUESTION0_6_R 1 1.410e+02 4.797e+01)
s>                ( - -1.465e+04 8 0 QUESTION19 -1 1.409e+02 6.334e+01)))
s>        ( QUESTION12 -1 -1.757e+04 1.805e+02 7.632e+01
s>            ( WDBNDRY_B 0 -1.369e+04 1.720e+02 6.114e+01
s>                ( - -1.317e+03 1 0)
s>                ( - -1.220e+04 9 0 WDBNDRY_E 0 1.605e+02 5.414e+01))
s>            ( - -3.703e+03 6 0 QUESTION2 -1 9.954e+01 1.518e+01)))INFO: dtree.c(1315): Comp split 5
INFO: dtree.c(1478): Final simple tree
|( QUESTION15 -1 -1.877e+04 2.458e+02 8.396e+01
|    ( - -2.237e+03 1 0)
|    ( QUESTION0_2_R 1 -1.629e+04 2.335e+02 7.296e+01
|        ( QUESTION19 1 -1.577e+04 2.120e+02 7.096e+01
|            ( QUESTION0_7_R 1 -1.061e+04 1.677e+02 4.692e+01
|                ( - -5.264e+02 1 0)
|                ( WDBNDRY_B 0 -9.915e+03 1.658e+02 4.392e+01
|                    ( - -1.232e+03 2 0 QUESTION0_3_R 1 8.016e+01 4.999e+00)
|                    ( - -8.518e+03 2 0)))
|            ( SILENCE -1 -4.950e+03 1.727e+02 2.404e+01
|                ( - -2.131e+03 1 0)
|                ( WDBNDRY_B 0 -2.647e+03 1.192e+02 1.305e+01
|                    ( - -1.157e+03 1 0)
|                    ( - -1.371e+03 1 0))))
|        ( - -2.808e+02 1 0)))
s>    ( QUESTION15 -1 -1.877e+04 2.458e+02 8.396e+01
s>        ( - -2.237e+03 1 0)
s>        ( QUESTION0_2_R 1 -1.629e+04 2.335e+02 7.296e+01
s>            ( QUESTION19 1 -1.577e+04 2.120e+02 7.096e+01
s>                ( QUESTION0_7_R 1 -1.061e+04 1.677e+02 4.692e+01
s>                    ( - -5.264e+02 1 0)
s>                    ( WDBNDRY_B 0 -9.915e+03 1.658e+02 4.392e+01
s>                        ( - -1.232e+03 2 0 QUESTION0_3_R 1 8.016e+01 4.999e+00)
s>                        ( - -8.518e+03 2 0)))
s>                ( SILENCE -1 -4.950e+03 1.727e+02 2.404e+01
s>                    ( - -2.131e+03 1 0)
s>                    ( WDBNDRY_B 0 -2.647e+03 1.192e+02 1.305e+01
s>                        ( - -1.157e+03 1 0)
s>                        ( - -1.371e+03 1 0))))
s>            ( - -2.808e+02 1 0)))INFO: dtree.c(1315): Comp split 6
INFO: dtree.c(1439): stop. leaf nodes are specific
INFO: dtree.c(1478): Final simple tree
|( WDBNDRY_B 0 -1.369e+04 1.720e+02 6.114e+01
|    ( - -1.317e+03 1 0)
|    ( WDBNDRY_E 0 -1.220e+04 1.605e+02 5.414e+01
|        ( - -2.779e+02 1 0)
|        ( QUESTION13 -1 -1.176e+04 9.278e+01 5.314e+01
|            ( - -1.145e+03 1 0)
|            ( - -1.052e+04 7 0))))
s>    ( WDBNDRY_B 0 -1.369e+04 1.720e+02 6.114e+01
s>        ( - -1.317e+03 1 0)
s>        ( WDBNDRY_E 0 -1.220e+04 1.605e+02 5.414e+01
s>            ( - -2.779e+02 1 0)
s>            ( QUESTION13 -1 -1.176e+04 9.278e+01 5.314e+01
s>                ( - -1.145e+03 1 0)
s>                ( - -1.052e+04 7 0))))INFO: dtree.c(1478): Final simple tree
|( QUESTION0_4_R 1 -4.901e+04 1.907e+02 2.048e+02
|    ( QUESTION0_5_R 1 -2.601e+04 1.636e+02 1.113e+02
|        ( - -1.119e+04 9 0 QUESTION0_6_R 1 1.410e+02 4.797e+01)
|        ( - -1.465e+04 8 0 QUESTION19 -1 1.409e+02 6.334e+01))
|    ( QUESTION13 1 -2.281e+04 1.659e+02 9.351e+01
|        ( - -2.567e+03 2 0 WDBNDRY_B 0 9.848e+01 1.200e+01)
|        ( QUESTION11 1 -2.008e+04 1.633e+02 8.151e+01
|            ( QUESTION1 -1 -1.116e+04 1.572e+02 4.609e+01
|                ( - -1.350e+03 1 0)
|                ( QUESTION11 -1 -9.656e+03 1.492e+02 3.909e+01
|                    ( - -6.031e+03 3 0 WDBNDRY_B 0 1.081e+02 2.596e+01)
|                    ( - -3.477e+03 6 0 QUESTION19 -1 9.693e+01 1.313e+01)))
|            ( QUESTION19 -1 -8.753e+03 1.426e+02 3.542e+01
|                ( - -2.387e+03 2 0 WDBNDRY_B 0 1.094e+02 1.025e+01)
|                ( - -6.223e+03 9 0 QUESTION2 -1 1.170e+02 2.517e+01)))))
s>    ( QUESTION0_4_R 1 -4.901e+04 1.907e+02 2.048e+02
s>        ( QUESTION0_5_R 1 -2.601e+04 1.636e+02 1.113e+02
s>            ( - -1.119e+04 9 0 QUESTION0_6_R 1 1.410e+02 4.797e+01)
s>            ( - -1.465e+04 8 0 QUESTION19 -1 1.409e+02 6.334e+01))
s>        ( QUESTION13 1 -2.281e+04 1.659e+02 9.351e+01
s>            ( - -2.567e+03 2 0 WDBNDRY_B 0 9.848e+01 1.200e+01)
s>            ( QUESTION11 1 -2.008e+04 1.633e+02 8.151e+01
s>                ( QUESTION1 -1 -1.116e+04 1.572e+02 4.609e+01
s>                    ( - -1.350e+03 1 0)
s>                    ( QUESTION11 -1 -9.656e+03 1.492e+02 3.909e+01
s>                        ( - -6.031e+03 3 0 WDBNDRY_B 0 1.081e+02 2.596e+01)
s>                        ( - -3.477e+03 6 0 QUESTION19 -1 9.693e+01 1.313e+01)))
s>                ( QUESTION19 -1 -8.753e+03 1.426e+02 3.542e+01
s>                    ( - -2.387e+03 2 0 WDBNDRY_B 0 1.094e+02 1.025e+01)
s>                    ( - -6.223e+03 9 0 QUESTION2 -1 1.170e+02 2.517e+01)))))INFO: dtree.c(1315): Comp split 7
INFO: dtree.c(1439): stop. leaf nodes are specific
INFO: dtree.c(1478): Final simple tree
|( QUESTION19 1 -1.577e+04 2.120e+02 7.096e+01
|    ( QUESTION0_7_R 1 -1.061e+04 1.677e+02 4.692e+01
|        ( - -5.264e+02 1 0)
|        ( WDBNDRY_B 0 -9.915e+03 1.658e+02 4.392e+01
|            ( QUESTION0_3_R 1 -1.232e+03 8.016e+01 4.999e+00
|                ( - -8.774e+02 1 0)
|                ( - -2.740e+02 1 0))
|            ( - -8.518e+03 2 0)))
|    ( SILENCE -1 -4.950e+03 1.727e+02 2.404e+01
|        ( - -2.131e+03 1 0)
|        ( WDBNDRY_B 0 -2.647e+03 1.192e+02 1.305e+01
|            ( - -1.157e+03 1 0)
|            ( - -1.371e+03 1 0))))
s>    ( QUESTION19 1 -1.577e+04 2.120e+02 7.096e+01
s>        ( QUESTION0_7_R 1 -1.061e+04 1.677e+02 4.692e+01
s>            ( - -5.264e+02 1 0)
s>            ( WDBNDRY_B 0 -9.915e+03 1.658e+02 4.392e+01
s>                ( QUESTION0_3_R 1 -1.232e+03 8.016e+01 4.999e+00
s>                    ( - -8.774e+02 1 0)
s>                    ( - -2.740e+02 1 0))
s>                ( - -8.518e+03 2 0)))
s>        ( SILENCE -1 -4.950e+03 1.727e+02 2.404e+01
s>            ( - -2.131e+03 1 0)
s>            ( WDBNDRY_B 0 -2.647e+03 1.192e+02 1.305e+01
s>                ( - -1.157e+03 1 0)
s>                ( - -1.371e+03 1 0))))INFO: dtree.c(1439): stop. leaf nodes are specific
INFO: dtree.c(1478): Final simple tree
|( SILENCE -1 -2.750e+03 2.323e+02 1.300e+01
|    ( - -2.808e+02 1 0)
|    ( - -2.237e+03 1 0))
s>    ( SILENCE -1 -2.750e+03 2.323e+02 1.300e+01
s>        ( - -2.808e+02 1 0)
s>        ( - -2.237e+03 1 0))INFO: dtree.c(1315): Comp split 8
INFO: dtree.c(1478): Final simple tree
|( QUESTION12 1 -1.234e+04 1.335e+02 4.855e+01
|    ( QUESTION11 -1 -4.915e+03 1.524e+02 2.024e+01
|        ( - -1.648e+03 1 0)
|        ( QUESTION13 -1 -3.114e+03 1.070e+02 1.225e+01
|            ( - -6.202e+02 2 0)
|            ( WDBNDRY_B 0 -2.387e+03 1.094e+02 1.025e+01
|                ( - -1.041e+03 1 0)
|                ( - -1.237e+03 1 0))))
|    ( QUESTION2 -1 -7.296e+03 1.219e+02 2.831e+01
|        ( - -1.555e+03 2 0)
|        ( WDBNDRY_B 0 -5.619e+03 9.449e+01 2.131e+01
|            ( QUESTION19 -1 -3.144e+03 8.981e+01 1.213e+01
|                ( - -1.813e+03 3 0)
|                ( - -1.241e+03 2 0 QUESTION0 -1 6.865e+01 4.886e+00))
|            ( - -2.380e+03 5 0 QUESTION1 -1 8.308e+01 9.181e+00))))
s>    ( QUESTION12 1 -1.234e+04 1.335e+02 4.855e+01
s>        ( QUESTION11 -1 -4.915e+03 1.524e+02 2.024e+01
s>            ( - -1.648e+03 1 0)
s>            ( QUESTION13 -1 -3.114e+03 1.070e+02 1.225e+01
s>                ( - -6.202e+02 2 0)
s>                ( WDBNDRY_B 0 -2.387e+03 1.094e+02 1.025e+01
s>                    ( - -1.041e+03 1 0)
s>                    ( - -1.237e+03 1 0))))
s>        ( QUESTION2 -1 -7.296e+03 1.219e+02 2.831e+01
s>            ( - -1.555e+03 2 0)
s>            ( WDBNDRY_B 0 -5.619e+03 9.449e+01 2.131e+01
s>                ( QUESTION19 -1 -3.144e+03 8.981e+01 1.213e+01
s>                    ( - -1.813e+03 3 0)
s>                    ( - -1.241e+03 2 0 QUESTION0 -1 6.865e+01 4.886e+00))
s>                ( - -2.380e+03 5 0 QUESTION1 -1 8.308e+01 9.181e+00))))INFO: dtree.c(1478): Final simple tree
|( WDBNDRY_B 0 -3.643e+04 1.818e+02 1.563e+02
|    ( QUESTION0_5_R 1 -1.072e+04 1.684e+02 4.740e+01
|        ( - -2.717e+03 2 0 QUESTION0_6_R 1 1.164e+02 1.240e+01)
|        ( QUESTION13 1 -7.832e+03 1.478e+02 3.500e+01
|            ( - -1.654e+03 1 0)
|            ( QUESTION12 -1 -6.031e+03 4.629e+02 2.700e+01
|                ( - 1.701e+02 1 0)
|                ( - -5.738e+03 3 0 QUESTION0 -1 1.233e+02 2.600e+01))))
|    ( QUESTION0_5_R 1 -2.553e+04 1.480e+02 1.089e+02
|        ( QUESTION0_6_R 1 -8.344e+03 1.242e+02 3.557e+01
|            ( - -1.206e+03 2 0)
|            ( - -7.014e+03 5 0 QUESTION11 -1 1.057e+02 3.128e+01))
|        ( QUESTION19 -1 -1.704e+04 1.441e+02 7.330e+01
|            ( - -8.782e+02 1 0)
|            ( - -1.602e+04 8 0 QUESTION11 1 1.214e+02 6.931e+01))))
s>    ( WDBNDRY_B 0 -3.643e+04 1.818e+02 1.563e+02
s>        ( QUESTION0_5_R 1 -1.072e+04 1.684e+02 4.740e+01
s>            ( - -2.717e+03 2 0 QUESTION0_6_R 1 1.164e+02 1.240e+01)
s>            ( QUESTION13 1 -7.832e+03 1.478e+02 3.500e+01
s>                ( - -1.654e+03 1 0)
s>                ( QUESTION12 -1 -6.031e+03 4.629e+02 2.700e+01
s>                    ( - 1.701e+02 1 0)
s>                    ( - -5.738e+03 3 0 QUESTION0 -1 1.233e+02 2.600e+01))))
s>        ( QUESTION0_5_R 1 -2.553e+04 1.480e+02 1.089e+02
s>            ( QUESTION0_6_R 1 -8.344e+03 1.242e+02 3.557e+01
s>                ( - -1.206e+03 2 0)
s>                ( - -7.014e+03 5 0 QUESTION11 -1 1.057e+02 3.128e+01))
s>            ( QUESTION19 -1 -1.704e+04 1.441e+02 7.330e+01
s>                ( - -8.782e+02 1 0)
s>                ( - -1.602e+04 8 0 QUESTION11 1 1.214e+02 6.931e+01))))INFO: dtree.c(1315): Comp split 9
INFO: dtree.c(1478): Final simple tree
|( WDBNDRY_B 0 -3.614e+04 1.780e+02 1.553e+02
|    ( QUESTION0_5_R 1 -1.043e+04 1.724e+02 4.640e+01
|        ( - -2.717e+03 2 0 QUESTION0_6_R 1 1.164e+02 1.240e+01)
|        ( QUESTION12 -1 -7.537e+03 1.454e+02 3.400e+01
|            ( - -1.654e+03 1 0)
|            ( QUESTION0 -1 -5.738e+03 1.233e+02 2.600e+01
|                ( - -1.350e+03 1 0)
|                ( - -4.265e+03 2 0 QUESTION0_3_R 1 1.238e+02 1.900e+01))))
|    ( QUESTION0_5_R 1 -2.553e+04 1.480e+02 1.089e+02
|        ( QUESTION0_6_R 1 -8.344e+03 1.242e+02 3.557e+01
|            ( - -1.206e+03 2 0)
|            ( - -7.014e+03 5 0 QUESTION11 -1 1.057e+02 3.128e+01))
|        ( QUESTION19 -1 -1.704e+04 1.441e+02 7.330e+01
|            ( - -8.782e+02 1 0)
|            ( - -1.602e+04 8 0 QUESTION11 1 1.214e+02 6.931e+01))))
s>    ( WDBNDRY_B 0 -3.614e+04 1.780e+02 1.553e+02
s>        ( QUESTION0_5_R 1 -1.043e+04 1.724e+02 4.640e+01
s>            ( - -2.717e+03 2 0 QUESTION0_6_R 1 1.164e+02 1.240e+01)
s>            ( QUESTION12 -1 -7.537e+03 1.454e+02 3.400e+01
s>                ( - -1.654e+03 1 0)
s>                ( QUESTION0 -1 -5.738e+03 1.233e+02 2.600e+01
s>                    ( - -1.350e+03 1 0)
s>                    ( - -4.265e+03 2 0 QUESTION0_3_R 1 1.238e+02 1.900e+01))))
s>        ( QUESTION0_5_R 1 -2.553e+04 1.480e+02 1.089e+02
s>            ( QUESTION0_6_R 1 -8.344e+03 1.242e+02 3.557e+01
s>                ( - -1.206e+03 2 0)
s>                ( - -7.014e+03 5 0 QUESTION11 -1 1.057e+02 3.128e+01))
s>            ( QUESTION19 -1 -1.704e+04 1.441e+02 7.330e+01
s>                ( - -8.782e+02 1 0)
s>                ( - -1.602e+04 8 0 QUESTION11 1 1.214e+02 6.931e+01))))INFO: dtree.c(1315): Comp split 10
INFO: dtree.c(1315): Comp split 11
INFO: dtree.c(1439): stop. leaf nodes are specific
INFO: dtree.c(1478): Final simple tree
|( WDBNDRY_B 0 -7.256e+03 1.538e+02 3.350e+01
|    ( - -1.176e+03 1 0)
|    ( QUESTION0_3_R 1 -5.926e+03 1.243e+02 2.750e+01
|        ( - -1.527e+03 1 0)
|        ( - -4.275e+03 2 0)))
s>    ( WDBNDRY_B 0 -7.256e+03 1.538e+02 3.350e+01
s>        ( - -1.176e+03 1 0)
s>        ( QUESTION0_3_R 1 -5.926e+03 1.243e+02 2.750e+01
s>            ( - -1.527e+03 1 0)
s>            ( - -4.275e+03 2 0)))INFO: dtree.c(1439): stop. leaf nodes are specific
INFO: dtree.c(1478): Final simple tree
|( QUESTION0_7_R 1 -1.331e+04 1.644e+02 6.229e+01
|    ( - -7.024e+03 2 0)
|    ( QUESTION0_3_R 1 -6.125e+03 1.187e+02 2.874e+01
|        ( WDBNDRY_B 0 -2.499e+03 9.237e+01 1.178e+01
|            ( - -2.367e+02 1 0)
|            ( QUESTION0 -1 -2.170e+03 9.003e+01 1.078e+01
|                ( - -1.484e+03 1 0)
|                ( - -5.966e+02 1 0)))
|        ( QUESTION0_6_R 1 -3.507e+03 1.092e+02 1.697e+01
|            ( - -1.819e+03 1 0)
|            ( - -1.579e+03 1 0))))
s>    ( QUESTION0_7_R 1 -1.331e+04 1.644e+02 6.229e+01
s>        ( - -7.024e+03 2 0)
s>        ( QUESTION0_3_R 1 -6.125e+03 1.187e+02 2.874e+01
s>            ( WDBNDRY_B 0 -2.499e+03 9.237e+01 1.178e+01
s>                ( - -2.367e+02 1 0)
s>                ( QUESTION0 -1 -2.170e+03 9.003e+01 1.078e+01
s>                    ( - -1.484e+03 1 0)
s>                    ( - -5.966e+02 1 0)))
s>            ( QUESTION0_6_R 1 -3.507e+03 1.092e+02 1.697e+01
s>                ( - -1.819e+03 1 0)
s>                ( - -1.579e+03 1 0))))INFO: dtree.c(1315): Comp split 12
INFO: dtree.c(1439): stop. leaf nodes are specific
INFO: dtree.c(1478): Final simple tree
|( QUESTION0_7_R 1 -1.061e+04 1.677e+02 4.692e+01
|    ( - -5.264e+02 1 0)
|    ( WDBNDRY_B 0 -9.915e+03 1.658e+02 4.392e+01
|        ( QUESTION0_3_R 1 -1.232e+03 8.016e+01 4.999e+00
|            ( - -8.774e+02 1 0)
|            ( - -2.740e+02 1 0))
|        ( - -8.518e+03 2 0)))
s>    ( QUESTION0_7_R 1 -1.061e+04 1.677e+02 4.692e+01
s>        ( - -5.264e+02 1 0)
s>        ( WDBNDRY_B 0 -9.915e+03 1.658e+02 4.392e+01
s>            ( QUESTION0_3_R 1 -1.232e+03 8.016e+01 4.999e+00
s>                ( - -8.774e+02 1 0)
s>                ( - -2.740e+02 1 0))
s>            ( - -8.518e+03 2 0)))INFO: dtree.c(1439): stop. leaf nodes are specific
INFO: dtree.c(1478): Final simple tree
|( SILENCE -1 -4.950e+03 1.727e+02 2.404e+01
|    ( - -2.131e+03 1 0)
|    ( WDBNDRY_B 0 -2.647e+03 1.192e+02 1.305e+01
|        ( - -1.157e+03 1 0)
|        ( - -1.371e+03 1 0)))
s>    ( SILENCE -1 -4.950e+03 1.727e+02 2.404e+01
s>        ( - -2.131e+03 1 0)
s>        ( WDBNDRY_B 0 -2.647e+03 1.192e+02 1.305e+01
s>            ( - -1.157e+03 1 0)
s>            ( - -1.371e+03 1 0)))INFO: dtree.c(1315): Comp split 13
INFO: dtree.c(1439): stop. leaf nodes are specific
INFO: dtree.c(1478): Final simple tree
|( QUESTION12 -1 -7.537e+03 1.454e+02 3.400e+01
|    ( - -1.654e+03 1 0)
|    ( QUESTION0 -1 -5.738e+03 1.233e+02 2.600e+01
|        ( - -1.350e+03 1 0)
|        ( QUESTION0_3_R 1 -4.265e+03 1.238e+02 1.900e+01
|            ( - -2.687e+03 1 0)
|            ( - -1.453e+03 1 0))))
s>    ( QUESTION12 -1 -7.537e+03 1.454e+02 3.400e+01
s>        ( - -1.654e+03 1 0)
s>        ( QUESTION0 -1 -5.738e+03 1.233e+02 2.600e+01
s>            ( - -1.350e+03 1 0)
s>            ( QUESTION0_3_R 1 -4.265e+03 1.238e+02 1.900e+01
s>                ( - -2.687e+03 1 0)
s>                ( - -1.453e+03 1 0))))INFO: dtree.c(1478): Final simple tree
|( QUESTION0_5_R 1 -2.840e+04 1.630e+02 1.213e+02
|    ( QUESTION0_6_R 1 -1.119e+04 1.410e+02 4.797e+01
|        ( - -2.538e+03 3 0 WDBNDRY_B 0 9.977e+01 9.694e+00)
|        ( WDBNDRY_B 0 -8.513e+03 1.302e+02 3.828e+01
|            ( - -1.369e+03 1 0)
|            ( QUESTION11 -1 -7.014e+03 1.057e+02 3.128e+01
|                ( - -4.774e+02 1 0)
|                ( - -6.431e+03 4 0))))
|    ( QUESTION19 -1 -1.704e+04 1.441e+02 7.330e+01
|        ( - -8.782e+02 1 0)
|        ( QUESTION11 1 -1.602e+04 1.214e+02 6.931e+01
|            ( - -3.235e+03 2 0)
|            ( QUESTION0_3_R 1 -1.266e+04 1.060e+02 5.534e+01
|                ( - -8.151e+02 1 0)
|                ( - -1.174e+04 5 0 QUESTION2_2_L -1 9.698e+01 5.134e+01)))))
s>    ( QUESTION0_5_R 1 -2.840e+04 1.630e+02 1.213e+02
s>        ( QUESTION0_6_R 1 -1.119e+04 1.410e+02 4.797e+01
s>            ( - -2.538e+03 3 0 WDBNDRY_B 0 9.977e+01 9.694e+00)
s>            ( WDBNDRY_B 0 -8.513e+03 1.302e+02 3.828e+01
s>                ( - -1.369e+03 1 0)
s>                ( QUESTION11 -1 -7.014e+03 1.057e+02 3.128e+01
s>                    ( - -4.774e+02 1 0)
s>                    ( - -6.431e+03 4 0))))
s>        ( QUESTION19 -1 -1.704e+04 1.441e+02 7.330e+01
s>            ( - -8.782e+02 1 0)
s>            ( QUESTION11 1 -1.602e+04 1.214e+02 6.931e+01
s>                ( - -3.235e+03 2 0)
s>                ( QUESTION0_3_R 1 -1.266e+04 1.060e+02 5.534e+01
s>                    ( - -8.151e+02 1 0)
s>                    ( - -1.174e+04 5 0 QUESTION2_2_L -1 9.698e+01 5.134e+01)))))INFO: dtree.c(1315): Comp split 14
INFO: dtree.c(1439): stop. leaf nodes are specific
INFO: dtree.c(1478): Final simple tree
|( WDBNDRY_B 0 -8.513e+03 1.302e+02 3.828e+01
|    ( - -1.369e+03 1 0)
|    ( QUESTION11 -1 -7.014e+03 1.057e+02 3.128e+01
|        ( - -4.774e+02 1 0)
|        ( - -6.431e+03 4 0)))
s>    ( WDBNDRY_B 0 -8.513e+03 1.302e+02 3.828e+01
s>        ( - -1.369e+03 1 0)
s>        ( QUESTION11 -1 -7.014e+03 1.057e+02 3.128e+01
s>            ( - -4.774e+02 1 0)
s>            ( - -6.431e+03 4 0)))INFO: dtree.c(1478): Final simple tree
|( QUESTION19 -1 -1.970e+04 1.470e+02 8.300e+01
|    ( QUESTION0_5_R 1 -2.194e+03 1.094e+02 8.285e+00
|        ( - -1.206e+03 2 0)
|        ( - -8.782e+02 1 0))
|    ( QUESTION11 1 -1.736e+04 1.306e+02 7.471e+01
|        ( - -3.235e+03 2 0)
|        ( QUESTION0_3_R 1 -1.400e+04 1.079e+02 6.075e+01
|            ( - -8.151e+02 1 0)
|            ( WDBNDRY_B 0 -1.307e+04 1.022e+02 5.675e+01
|                ( - -1.232e+03 1 0)
|                ( QUESTION2_2_L -1 -1.174e+04 9.698e+01 5.134e+01
|                    ( - -1.056e+03 1 0)
|                    ( QUESTION11 -1 -1.059e+04 6.192e+01 4.639e+01
|                        ( - -1.023e+04 3 0)
|                        ( - -2.970e+02 1 0)))))))
s>    ( QUESTION19 -1 -1.970e+04 1.470e+02 8.300e+01
s>        ( QUESTION0_5_R 1 -2.194e+03 1.094e+02 8.285e+00
s>            ( - -1.206e+03 2 0)
s>            ( - -8.782e+02 1 0))
s>        ( QUESTION11 1 -1.736e+04 1.306e+02 7.471e+01
s>            ( - -3.235e+03 2 0)
s>            ( QUESTION0_3_R 1 -1.400e+04 1.079e+02 6.075e+01
s>                ( - -8.151e+02 1 0)
s>                ( WDBNDRY_B 0 -1.307e+04 1.022e+02 5.675e+01
s>                    ( - -1.232e+03 1 0)
s>                    ( QUESTION2_2_L -1 -1.174e+04 9.698e+01 5.134e+01
s>                        ( - -1.056e+03 1 0)
s>                        ( QUESTION11 -1 -1.059e+04 6.192e+01 4.639e+01
s>                            ( - -1.023e+04 3 0)
s>                            ( - -2.970e+02 1 0)))))))INFO: dtree.c(1315): Comp split 15
INFO: dtree.c(1439): stop. leaf nodes are specific
INFO: dtree.c(1478): Final simple tree
|( WDBNDRY_B 0 -2.647e+03 1.192e+02 1.305e+01
|    ( - -1.157e+03 1 0)
|    ( - -1.371e+03 1 0))
s>    ( WDBNDRY_B 0 -2.647e+03 1.192e+02 1.305e+01
s>        ( - -1.157e+03 1 0)
s>        ( - -1.371e+03 1 0))INFO: dtree.c(1315): Comp split 16
INFO: dtree.c(1439): stop. leaf nodes are specific
INFO: dtree.c(1478): Final simple tree
|( WDBNDRY_E 0 -1.220e+04 1.605e+02 5.414e+01
|    ( - -2.779e+02 1 0)
|    ( QUESTION13 -1 -1.176e+04 9.278e+01 5.314e+01
|        ( - -1.145e+03 1 0)
|        ( - -1.052e+04 7 0)))
s>    ( WDBNDRY_E 0 -1.220e+04 1.605e+02 5.414e+01
s>        ( - -2.779e+02 1 0)
s>        ( QUESTION13 -1 -1.176e+04 9.278e+01 5.314e+01
s>            ( - -1.145e+03 1 0)
s>            ( - -1.052e+04 7 0)))INFO: dtree.c(1315): Comp split 17
INFO: dtree.c(1478): Final simple tree
|( QUESTION2 -1 -7.996e+03 1.300e+02 3.031e+01
|    ( - -1.555e+03 2 0)
|    ( QUESTION19 -1 -6.311e+03 1.035e+02 2.331e+01
|        ( - -1.813e+03 3 0)
|        ( QUESTION1 -1 -4.394e+03 9.698e+01 1.607e+01
|            ( - -6.614e+02 1 0)
|            ( QUESTION11 1 -3.635e+03 8.542e+01 1.288e+01
|                ( QUESTION5 -1 -1.566e+03 6.712e+01 5.886e+00
|                    ( - -4.652e+02 1 0)
|                    ( - -1.034e+03 2 0 WDBNDRY_B 0 5.398e+01 3.883e+00))
|                ( QUESTION2_12_L -1 -1.984e+03 7.512e+01 6.990e+00
|                    ( - -2.261e+02 1 0)
|                    ( QUESTION0_11_R 1 -1.682e+03 6.646e+01 5.990e+00
|                        ( - -7.205e+02 1 0)
|                        ( - -8.956e+02 3 0 WDBNDRY_B 0 6.046e+01 3.000e+00)))))))
s>    ( QUESTION2 -1 -7.996e+03 1.300e+02 3.031e+01
s>        ( - -1.555e+03 2 0)
s>        ( QUESTION19 -1 -6.311e+03 1.035e+02 2.331e+01
s>            ( - -1.813e+03 3 0)
s>            ( QUESTION1 -1 -4.394e+03 9.698e+01 1.607e+01
s>                ( - -6.614e+02 1 0)
s>                ( QUESTION11 1 -3.635e+03 8.542e+01 1.288e+01
s>                    ( QUESTION5 -1 -1.566e+03 6.712e+01 5.886e+00
s>                        ( - -4.652e+02 1 0)
s>                        ( - -1.034e+03 2 0 WDBNDRY_B 0 5.398e+01 3.883e+00))
s>                    ( QUESTION2_12_L -1 -1.984e+03 7.512e+01 6.990e+00
s>                        ( - -2.261e+02 1 0)
s>                        ( QUESTION0_11_R 1 -1.682e+03 6.646e+01 5.990e+00
s>                            ( - -7.205e+02 1 0)
s>                            ( - -8.956e+02 3 0 WDBNDRY_B 0 6.046e+01 3.000e+00)))))))INFO: dtree.c(1439): stop. leaf nodes are specific
INFO: dtree.c(1478): Final simple tree
|( QUESTION11 -1 -4.179e+03 1.435e+02 1.824e+01
|    ( - -1.648e+03 1 0)
|    ( WDBNDRY_B 0 -2.387e+03 1.094e+02 1.025e+01
|        ( - -1.041e+03 1 0)
|        ( - -1.237e+03 1 0)))
s>    ( QUESTION11 -1 -4.179e+03 1.435e+02 1.824e+01
s>        ( - -1.648e+03 1 0)
s>        ( WDBNDRY_B 0 -2.387e+03 1.094e+02 1.025e+01
s>            ( - -1.041e+03 1 0)
s>            ( - -1.237e+03 1 0)))INFO: dtree.c(1315): Comp split 18
INFO: dtree.c(1439): stop. leaf nodes are specific
INFO: dtree.c(1478): Final simple tree
|( WDBNDRY_B 0 -9.915e+03 1.658e+02 4.392e+01
|    ( QUESTION0_3_R 1 -1.232e+03 8.016e+01 4.999e+00
|        ( - -8.774e+02 1 0)
|        ( - -2.740e+02 1 0))
|    ( - -8.518e+03 2 0))
s>    ( WDBNDRY_B 0 -9.915e+03 1.658e+02 4.392e+01
s>        ( QUESTION0_3_R 1 -1.232e+03 8.016e+01 4.999e+00
s>            ( - -8.774e+02 1 0)
s>            ( - -2.740e+02 1 0))
s>        ( - -8.518e+03 2 0))INFO: dtree.c(1315): Comp split 19
INFO: dtree.c(1439): stop. leaf nodes are specific
INFO: dtree.c(1478): Final simple tree
|( QUESTION0_3_R 1 -1.232e+03 8.016e+01 4.999e+00
|    ( - -8.774e+02 1 0)
|    ( - -2.740e+02 1 0))
s>    ( QUESTION0_3_R 1 -1.232e+03 8.016e+01 4.999e+00
s>        ( - -8.774e+02 1 0)
s>        ( - -2.740e+02 1 0))INFO: dtree.c(1315): Comp split 20
INFO: dtree.c(1439): stop. leaf nodes are specific
INFO: dtree.c(1478): Final simple tree
|( QUESTION0_3_R 1 -6.125e+03 1.187e+02 2.874e+01
|    ( WDBNDRY_B 0 -2.499e+03 9.237e+01 1.178e+01
|        ( - -2.367e+02 1 0)
|        ( QUESTION0 -1 -2.170e+03 9.003e+01 1.078e+01
|            ( - -1.484e+03 1 0)
|            ( - -5.966e+02 1 0)))
|    ( QUESTION0_6_R 1 -3.507e+03 1.092e+02 1.697e+01
|        ( - -1.819e+03 1 0)
|        ( - -1.579e+03 1 0)))
s>    ( QUESTION0_3_R 1 -6.125e+03 1.187e+02 2.874e+01
s>        ( WDBNDRY_B 0 -2.499e+03 9.237e+01 1.178e+01
s>            ( - -2.367e+02 1 0)
s>            ( QUESTION0 -1 -2.170e+03 9.003e+01 1.078e+01
s>                ( - -1.484e+03 1 0)
s>                ( - -5.966e+02 1 0)))
s>        ( QUESTION0_6_R 1 -3.507e+03 1.092e+02 1.697e+01
s>            ( - -1.819e+03 1 0)
s>            ( - -1.579e+03 1 0)))INFO: dtree.c(1315): Comp split 21
INFO: dtree.c(1439): stop. leaf nodes are specific
INFO: dtree.c(1478): Final simple tree
|( QUESTION0_3_R 1 -1.284e+04 1.064e+02 5.580e+01
|    ( - -8.151e+02 1 0)
|    ( WDBNDRY_B 0 -1.192e+04 1.015e+02 5.180e+01
|        ( - -1.232e+03 1 0)
|        ( QUESTION11 -1 -1.059e+04 6.192e+01 4.639e+01
|            ( - -1.023e+04 3 0)
|            ( - -2.970e+02 1 0))))
s>    ( QUESTION0_3_R 1 -1.284e+04 1.064e+02 5.580e+01
s>        ( - -8.151e+02 1 0)
s>        ( WDBNDRY_B 0 -1.192e+04 1.015e+02 5.180e+01
s>            ( - -1.232e+03 1 0)
s>            ( QUESTION11 -1 -1.059e+04 6.192e+01 4.639e+01
s>                ( - -1.023e+04 3 0)
s>                ( - -2.970e+02 1 0))))INFO: dtree.c(1439): stop. leaf nodes are specific
INFO: dtree.c(1478): Final simple tree
|( QUESTION11 -1 -6.700e+03 1.277e+02 2.720e+01
|    ( QUESTION0_3_R 1 -4.379e+03 8.778e+01 1.892e+01
|        ( - -3.235e+03 2 0)
|        ( - -1.056e+03 1 0))
|    ( QUESTION0_5_R 1 -2.194e+03 1.094e+02 8.285e+00
|        ( - -1.206e+03 2 0)
|        ( - -8.782e+02 1 0)))
s>    ( QUESTION11 -1 -6.700e+03 1.277e+02 2.720e+01
s>        ( QUESTION0_3_R 1 -4.379e+03 8.778e+01 1.892e+01
s>            ( - -3.235e+03 2 0)
s>            ( - -1.056e+03 1 0))
s>        ( QUESTION0_5_R 1 -2.194e+03 1.094e+02 8.285e+00
s>            ( - -1.206e+03 2 0)
s>            ( - -8.782e+02 1 0)))INFO: dtree.c(1315): Comp split 22
INFO: dtree.c(1439): stop. leaf nodes are specific
INFO: dtree.c(1478): Final simple tree
|( QUESTION13 -1 -1.176e+04 9.278e+01 5.314e+01
|    ( - -1.145e+03 1 0)
|    ( - -1.052e+04 7 0))
s>    ( QUESTION13 -1 -1.176e+04 9.278e+01 5.314e+01
s>        ( - -1.145e+03 1 0)
s>        ( - -1.052e+04 7 0))INFO: dtree.c(1315): Comp split 23
INFO: dtree.c(1439): stop. leaf nodes are specific
INFO: dtree.c(1478): Final simple tree
|( QUESTION0_3_R 1 -5.926e+03 1.243e+02 2.750e+01
|    ( - -1.527e+03 1 0)
|    ( - -4.275e+03 2 0))
s>    ( QUESTION0_3_R 1 -5.926e+03 1.243e+02 2.750e+01
s>        ( - -1.527e+03 1 0)
s>        ( - -4.275e+03 2 0))INFO: dtree.c(1315): Comp split 24
INFO: dtree.c(1439): stop. leaf nodes are specific
INFO: dtree.c(1478): Final simple tree
|( QUESTION0_3_R 1 -4.174e+03 1.472e+02 2.200e+01
|    ( - -2.353e+03 1 0)
|    ( - -1.674e+03 1 0))
s>    ( QUESTION0_3_R 1 -4.174e+03 1.472e+02 2.200e+01
s>        ( - -2.353e+03 1 0)
s>        ( - -1.674e+03 1 0))INFO: dtree.c(1315): Comp split 25
INFO: dtree.c(1315): Comp split 26
INFO: dtree.c(1439): stop. leaf nodes are specific
INFO: dtree.c(1478): Final simple tree
|( QUESTION0 -1 -5.738e+03 1.233e+02 2.600e+01
|    ( - -1.350e+03 1 0)
|    ( QUESTION0_3_R 1 -4.265e+03 1.238e+02 1.900e+01
|        ( - -2.687e+03 1 0)
|        ( - -1.453e+03 1 0)))
s>    ( QUESTION0 -1 -5.738e+03 1.233e+02 2.600e+01
s>        ( - -1.350e+03 1 0)
s>        ( QUESTION0_3_R 1 -4.265e+03 1.238e+02 1.900e+01
s>            ( - -2.687e+03 1 0)
s>            ( - -1.453e+03 1 0)))INFO: dtree.c(1315): Comp split 27
INFO: dtree.c(1439): stop. leaf nodes are specific
INFO: dtree.c(1478): Final simple tree
|( WDBNDRY_B 0 -2.387e+03 1.094e+02 1.025e+01
|    ( - -1.041e+03 1 0)
|    ( - -1.237e+03 1 0))
s>    ( WDBNDRY_B 0 -2.387e+03 1.094e+02 1.025e+01
s>        ( - -1.041e+03 1 0)
s>        ( - -1.237e+03 1 0))INFO: dtree.c(1315): Comp split 28
INFO: dtree.c(1439): stop. leaf nodes are specific
INFO: dtree.c(1478): Final simple tree
|( QUESTION11 1 -3.635e+03 8.542e+01 1.288e+01
|    ( QUESTION5 -1 -1.566e+03 6.712e+01 5.886e+00
|        ( - -4.652e+02 1 0)
|        ( WDBNDRY_B 0 -1.034e+03 5.398e+01 3.883e+00
|            ( - -7.075e+02 1 0)
|            ( - -2.726e+02 1 0)))
|    ( QUESTION2_12_L -1 -1.984e+03 7.512e+01 6.990e+00
|        ( - -2.261e+02 1 0)
|        ( QUESTION0_11_R 1 -1.682e+03 6.646e+01 5.990e+00
|            ( - -7.205e+02 1 0)
|            ( WDBNDRY_B 0 -8.956e+02 6.046e+01 3.000e+00
|                ( - -6.202e+02 2 0)
|                ( - -2.149e+02 1 0)))))
s>    ( QUESTION11 1 -3.635e+03 8.542e+01 1.288e+01
s>        ( QUESTION5 -1 -1.566e+03 6.712e+01 5.886e+00
s>            ( - -4.652e+02 1 0)
s>            ( WDBNDRY_B 0 -1.034e+03 5.398e+01 3.883e+00
s>                ( - -7.075e+02 1 0)
s>                ( - -2.726e+02 1 0)))
s>        ( QUESTION2_12_L -1 -1.984e+03 7.512e+01 6.990e+00
s>            ( - -2.261e+02 1 0)
s>            ( QUESTION0_11_R 1 -1.682e+03 6.646e+01 5.990e+00
s>                ( - -7.205e+02 1 0)
s>                ( WDBNDRY_B 0 -8.956e+02 6.046e+01 3.000e+00
s>                    ( - -6.202e+02 2 0)
s>                    ( - -2.149e+02 1 0)))))INFO: dtree.c(1439): stop. leaf nodes are specific
INFO: dtree.c(1478): Final simple tree
|( QUESTION2 -1 -4.229e+03 1.161e+02 1.743e+01
|    ( - -1.555e+03 2 0)
|    ( WDBNDRY_B 0 -2.557e+03 8.282e+01 1.043e+01
|        ( - -1.813e+03 3 0)
|        ( - -6.614e+02 1 0)))
s>    ( QUESTION2 -1 -4.229e+03 1.161e+02 1.743e+01
s>        ( - -1.555e+03 2 0)
s>        ( WDBNDRY_B 0 -2.557e+03 8.282e+01 1.043e+01
s>            ( - -1.813e+03 3 0)
s>            ( - -6.614e+02 1 0)))INFO: dtree.c(1315): Comp split 29
INFO: dtree.c(1439): stop. leaf nodes are specific
INFO: dtree.c(1478): Final simple tree
|( QUESTION11 -1 -7.014e+03 1.057e+02 3.128e+01
|    ( - -4.774e+02 1 0)
|    ( - -6.431e+03 4 0))
s>    ( QUESTION11 -1 -7.014e+03 1.057e+02 3.128e+01
s>        ( - -4.774e+02 1 0)
s>        ( - -6.431e+03 4 0))INFO: dtree.c(1315): Comp split 30
INFO: dtree.c(1439): stop. leaf nodes are specific
INFO: dtree.c(1478): Final simple tree
|( QUESTION0_3_R 1 -2.921e+03 1.176e+02 1.400e+01
|    ( - -1.350e+03 1 0)
|    ( - -1.453e+03 1 0))
s>    ( QUESTION0_3_R 1 -2.921e+03 1.176e+02 1.400e+01
s>        ( - -1.350e+03 1 0)
s>        ( - -1.453e+03 1 0))INFO: dtree.c(1315): Comp split 31
INFO: dtree.c(1439): stop. leaf nodes are specific
INFO: dtree.c(1478): Final simple tree
|( QUESTION0_3_R 1 -4.417e+03 9.919e+01 2.074e+01
|    ( WDBNDRY_B 0 -2.499e+03 9.237e+01 1.178e+01
|        ( - -2.367e+02 1 0)
|        ( QUESTION0 -1 -2.170e+03 9.003e+01 1.078e+01
|            ( - -1.484e+03 1 0)
|            ( - -5.966e+02 1 0)))
|    ( - -1.819e+03 1 0))
s>    ( QUESTION0_3_R 1 -4.417e+03 9.919e+01 2.074e+01
s>        ( WDBNDRY_B 0 -2.499e+03 9.237e+01 1.178e+01
s>            ( - -2.367e+02 1 0)
s>            ( QUESTION0 -1 -2.170e+03 9.003e+01 1.078e+01
s>                ( - -1.484e+03 1 0)
s>                ( - -5.966e+02 1 0)))
s>        ( - -1.819e+03 1 0))INFO: dtree.c(1315): Comp split 32
INFO: dtree.c(1439): stop. leaf nodes are specific
INFO: dtree.c(1478): Final simple tree
|( QUESTION0_5_R 1 -2.194e+03 1.094e+02 8.285e+00
|    ( - -1.206e+03 2 0)
|    ( - -8.782e+02 1 0))
s>    ( QUESTION0_5_R 1 -2.194e+03 1.094e+02 8.285e+00
s>        ( - -1.206e+03 2 0)
s>        ( - -8.782e+02 1 0))INFO: dtree.c(1439): stop. leaf nodes are specific
INFO: dtree.c(1478): Final simple tree
|( QUESTION0_3_R 1 -4.379e+03 8.778e+01 1.892e+01
|    ( - -3.235e+03 2 0)
|    ( - -1.056e+03 1 0))
s>    ( QUESTION0_3_R 1 -4.379e+03 8.778e+01 1.892e+01
s>        ( - -3.235e+03 2 0)
s>        ( - -1.056e+03 1 0))INFO: dtree.c(1315): Comp split 33
INFO: dtree.c(1315): Comp split 34
INFO: dtree.c(1315): Comp split 35
INFO: dtree.c(1315): Comp split 36
INFO: dtree.c(1439): stop. leaf nodes are specific
INFO: dtree.c(1478): Final simple tree
|( WDBNDRY_B 0 -2.557e+03 8.282e+01 1.043e+01
|    ( - -1.813e+03 3 0)
|    ( - -6.614e+02 1 0))
s>    ( WDBNDRY_B 0 -2.557e+03 8.282e+01 1.043e+01
s>        ( - -1.813e+03 3 0)
s>        ( - -6.614e+02 1 0))INFO: dtree.c(1315): Comp split 37
INFO: dtree.c(1315): Comp split 38
INFO: dtree.c(1315): Comp split 39
INFO: dtree.c(1439): stop. leaf nodes are specific
INFO: dtree.c(1478): Final simple tree
|( WDBNDRY_B 0 -1.192e+04 1.015e+02 5.180e+01
|    ( - -1.232e+03 1 0)
|    ( QUESTION11 -1 -1.059e+04 6.192e+01 4.639e+01
|        ( - -1.023e+04 3 0)
|        ( - -2.970e+02 1 0)))
s>    ( WDBNDRY_B 0 -1.192e+04 1.015e+02 5.180e+01
s>        ( - -1.232e+03 1 0)
s>        ( QUESTION11 -1 -1.059e+04 6.192e+01 4.639e+01
s>            ( - -1.023e+04 3 0)
s>            ( - -2.970e+02 1 0)))INFO: dtree.c(1315): Comp split 40
INFO: dtree.c(1315): Comp split 41
INFO: dtree.c(1439): stop. leaf nodes are specific
INFO: dtree.c(1478): Final simple tree
|( QUESTION0 -1 -2.829e+03 8.787e+01 1.297e+01
|    ( WDBNDRY_B 0 -2.144e+03 8.893e+01 9.960e+00
|        ( - -2.367e+02 1 0)
|        ( - -1.819e+03 1 0))
|    ( - -5.966e+02 1 0))
s>    ( QUESTION0 -1 -2.829e+03 8.787e+01 1.297e+01
s>        ( WDBNDRY_B 0 -2.144e+03 8.893e+01 9.960e+00
s>            ( - -2.367e+02 1 0)
s>            ( - -1.819e+03 1 0))
s>        ( - -5.966e+02 1 0))INFO: dtree.c(1315): Comp split 42
INFO: dtree.c(1439): stop. leaf nodes are specific
INFO: dtree.c(1478): Final simple tree
|( QUESTION11 -1 -1.059e+04 6.192e+01 4.639e+01
|    ( - -1.023e+04 3 0)
|    ( - -2.970e+02 1 0))
s>    ( QUESTION11 -1 -1.059e+04 6.192e+01 4.639e+01
s>        ( - -1.023e+04 3 0)
s>        ( - -2.970e+02 1 0))INFO: dtree.c(1315): Comp split 43
INFO: dtree.c(1315): Comp split 44
INFO: dtree.c(1439): stop. leaf nodes are specific
INFO: dtree.c(1478): Final simple tree
|( WDBNDRY_B 0 -2.144e+03 8.893e+01 9.960e+00
|    ( - -2.367e+02 1 0)
|    ( - -1.819e+03 1 0))
s>    ( WDBNDRY_B 0 -2.144e+03 8.893e+01 9.960e+00
s>        ( - -2.367e+02 1 0)
s>        ( - -1.819e+03 1 0))INFO: dtree.c(1315): Comp split 45
INFO: dtree.c(1315): Comp split 46
INFO: dtree.c(1315): Comp split 47
INFO: dtree.c(1439): stop. leaf nodes are specific
INFO: dtree.c(1478): Final simple tree
|( QUESTION2_12_L -1 -1.984e+03 7.512e+01 6.990e+00
|    ( - -2.261e+02 1 0)
|    ( QUESTION0_11_R 1 -1.682e+03 6.646e+01 5.990e+00
|        ( - -7.205e+02 1 0)
|        ( WDBNDRY_B 0 -8.956e+02 6.046e+01 3.000e+00
|            ( - -6.202e+02 2 0)
|            ( - -2.149e+02 1 0))))
s>    ( QUESTION2_12_L -1 -1.984e+03 7.512e+01 6.990e+00
s>        ( - -2.261e+02 1 0)
s>        ( QUESTION0_11_R 1 -1.682e+03 6.646e+01 5.990e+00
s>            ( - -7.205e+02 1 0)
s>            ( WDBNDRY_B 0 -8.956e+02 6.046e+01 3.000e+00
s>                ( - -6.202e+02 2 0)
s>                ( - -2.149e+02 1 0))))INFO: dtree.c(1439): stop. leaf nodes are specific
INFO: dtree.c(1478): Final simple tree
|( QUESTION5 -1 -1.566e+03 6.712e+01 5.886e+00
|    ( - -4.652e+02 1 0)
|    ( WDBNDRY_B 0 -1.034e+03 5.398e+01 3.883e+00
|        ( - -7.075e+02 1 0)
|        ( - -2.726e+02 1 0)))
s>    ( QUESTION5 -1 -1.566e+03 6.712e+01 5.886e+00
s>        ( - -4.652e+02 1 0)
s>        ( WDBNDRY_B 0 -1.034e+03 5.398e+01 3.883e+00
s>            ( - -7.075e+02 1 0)
s>            ( - -2.726e+02 1 0)))INFO: dtree.c(1315): Comp split 48
INFO: dtree.c(1315): Comp split 49
INFO: dtree.c(1315): Comp split 50
INFO: dtree.c(1439): stop. leaf nodes are specific
INFO: dtree.c(1478): Final simple tree
|( QUESTION0_11_R 1 -1.682e+03 6.646e+01 5.990e+00
|    ( - -7.205e+02 1 0)
|    ( WDBNDRY_B 0 -8.956e+02 6.046e+01 3.000e+00
|        ( - -6.202e+02 2 0)
|        ( - -2.149e+02 1 0)))
s>    ( QUESTION0_11_R 1 -1.682e+03 6.646e+01 5.990e+00
s>        ( - -7.205e+02 1 0)
s>        ( WDBNDRY_B 0 -8.956e+02 6.046e+01 3.000e+00
s>            ( - -6.202e+02 2 0)
s>            ( - -2.149e+02 1 0)))INFO: dtree.c(1315): Comp split 51
INFO: dtree.c(1439): stop. leaf nodes are specific
INFO: dtree.c(1478): Final simple tree
|( WDBNDRY_B 0 -1.034e+03 5.398e+01 3.883e+00
|    ( - -7.075e+02 1 0)
|    ( - -2.726e+02 1 0))
s>    ( WDBNDRY_B 0 -1.034e+03 5.398e+01 3.883e+00
s>        ( - -7.075e+02 1 0)
s>        ( - -2.726e+02 1 0))INFO: dtree.c(1315): Comp split 52
INFO: dtree.c(1439): stop. leaf nodes are specific
INFO: dtree.c(1478): Final simple tree
|( WDBNDRY_B 0 -8.956e+02 6.046e+01 3.000e+00
|    ( - -6.202e+02 2 0)
|    ( - -2.149e+02 1 0))
s>    ( WDBNDRY_B 0 -8.956e+02 6.046e+01 3.000e+00
s>        ( - -6.202e+02 2 0)
s>        ( - -2.149e+02 1 0))INFO: dtree.c(1315): Comp split 53
INFO: dtree.c(1315): Comp split 54
INFO: dtree.c(1315): Comp split 55
INFO: dtree.c(1315): Comp split 56
INFO: dtree.c(1318): stop. leaf nodes are specific
Thu May  7 00:23:31 2020
