Current configuration:
[NAME]		[DEFLT]	[VALUE]
-allphones	no	no
-cntthresh	0.00001	1.000000e-05
-csplitmax	100	2000
-csplitmin	1	1
-csplitthr	8e-4	0.000000e+00
-example	no	no
-fullvar	no	no
-help		no	no
-meanfn			/home/abdy/Desktop/diploma/kg/model_parameters/kg.cd_cont_untied/means
-mixwfn			/home/abdy/Desktop/diploma/kg/model_parameters/kg.cd_cont_untied/mixture_weights
-moddeffn		/home/abdy/Desktop/diploma/kg/model_architecture/kg.untied.mdef
-mwfloor	1e-4	1.000000e-08
-phone			b
-psetfn			/home/abdy/Desktop/diploma/kg/model_architecture/kg.tree_questions
-ssplitmax	5	7
-ssplitmin	1	1
-ssplitthr	8e-4	0.000000e+00
-state			0
-stwt			1.0,0.05,0.0,
-treefn			/home/abdy/Desktop/diploma/kg/trees/kg.unpruned/b-0.dtree
-ts2cbfn	.semi.	.cont.
-varfloor	0.00001	1.000000e-05
-varfn			/home/abdy/Desktop/diploma/kg/model_parameters/kg.cd_cont_untied/variances

INFO: main.c(223): Reading: /home/abdy/Desktop/diploma/kg/model_architecture/kg.untied.mdef
INFO: model_def_io.c(573): Model definition info:
INFO: model_def_io.c(574): 10297 total models defined (47 base, 10250 tri)
INFO: model_def_io.c(575): 41188 total states
INFO: model_def_io.c(576): 30891 total tied states
INFO: model_def_io.c(577): 141 total tied CI states
INFO: model_def_io.c(578): 47 total tied transition matrices
INFO: model_def_io.c(579): 4 max state/model
INFO: model_def_io.c(580): 4 min state/model
INFO: main.c(242): Building trees for [b SIL a b] through [b zh u i]
INFO: main.c(269): Covering states |[2931 3890]| == 960
INFO: main.c(275): Reading: /home/abdy/Desktop/diploma/kg/model_parameters/kg.cd_cont_untied/mixture_weights
INFO: s3mixw_io.c(173): Read /home/abdy/Desktop/diploma/kg/model_parameters/kg.cd_cont_untied/mixture_weights [960x1x1 array]
INFO: main.c(311): 94 of 320 models have observation count greater than 0.000010
INFO: main.c(95): nrm stwt: 0.952 0.048 0.000 
INFO: s3gau_io.c(169): Read /home/abdy/Desktop/diploma/kg/model_parameters/kg.cd_cont_untied/means [30891x1x1 array]
INFO: s3gau_io.c(169): Read /home/abdy/Desktop/diploma/kg/model_parameters/kg.cd_cont_untied/variances [30891x1x1 array]
INFO: main.c(549): Reading: /home/abdy/Desktop/diploma/kg/model_architecture/kg.tree_questions
INFO: main.c(588): 174 total simple questions (166 phone; 8 word bndry)
INFO: main.c(590): 40 Left Only questions, and 42 Right Only questions
INFO: dtree.c(1478): Final simple tree
|( SILENCE -1 -1.970e+05 1.021e+03 8.493e+02
|    ( QUESTION0_5_R 1 -9.964e+04 3.464e+02 4.432e+02
|        ( - -8.296e+04 1 0)
|        ( - -1.633e+04 5 0 QUESTION0_2_R 1 1.674e+02 7.136e+01))
|    ( QUESTION2_12_L -1 -9.636e+04 4.841e+02 4.061e+02
|        ( - 2.417e+02 1 0)
|        ( WDBNDRY_I 0 -9.611e+04 4.635e+02 4.051e+02
|            ( - -2.442e+04 31 0 QUESTION0_7_R 1 1.809e+02 1.042e+02)
|            ( QUESTION13 -1 -7.123e+04 3.478e+02 3.010e+02
|                ( - -8.102e+03 14 0 QUESTION17 -1 1.739e+02 3.317e+01)
|                ( QUESTION2_0_L -1 -6.278e+04 3.087e+02 2.678e+02
|                    ( - -5.175e+04 29 0 QUESTION0_5_R 1 3.555e+02 2.241e+02)
|                    ( QUESTION0_7_R 1 -1.072e+04 5.109e+02 4.367e+01
|                        ( - 2.036e+02 1 0)
|                        ( - -1.041e+04 12 0 QUESTION9 -1 1.604e+02 4.267e+01)))))))
s>    ( SILENCE -1 -1.970e+05 1.021e+03 8.493e+02
s>        ( QUESTION0_5_R 1 -9.964e+04 3.464e+02 4.432e+02
s>            ( - -8.296e+04 1 0)
s>            ( - -1.633e+04 5 0 QUESTION0_2_R 1 1.674e+02 7.136e+01))
s>        ( QUESTION2_12_L -1 -9.636e+04 4.841e+02 4.061e+02
s>            ( - 2.417e+02 1 0)
s>            ( WDBNDRY_I 0 -9.611e+04 4.635e+02 4.051e+02
s>                ( - -2.442e+04 31 0 QUESTION0_7_R 1 1.809e+02 1.042e+02)
s>                ( QUESTION13 -1 -7.123e+04 3.478e+02 3.010e+02
s>                    ( - -8.102e+03 14 0 QUESTION17 -1 1.739e+02 3.317e+01)
s>                    ( QUESTION2_0_L -1 -6.278e+04 3.087e+02 2.678e+02
s>                        ( - -5.175e+04 29 0 QUESTION0_5_R 1 3.555e+02 2.241e+02)
s>                        ( QUESTION0_7_R 1 -1.072e+04 5.109e+02 4.367e+01
s>                            ( - 2.036e+02 1 0)
s>                            ( - -1.041e+04 12 0 QUESTION9 -1 1.604e+02 4.267e+01)))))))INFO: dtree.c(1315): Comp split 0
INFO: dtree.c(1478): Final simple tree
|( SILENCE -1 -1.626e+05 5.031e+02 7.100e+02
|    ( QUESTION0_5_R 1 -9.964e+04 3.464e+02 4.432e+02
|        ( - -8.296e+04 1 0)
|        ( - -1.633e+04 5 0 QUESTION0_2_R 1 1.674e+02 7.136e+01))
|    ( QUESTION0_5_R 1 -6.244e+04 2.894e+02 2.668e+02
|        ( QUESTION2_4_L -1 -2.321e+04 3.952e+02 1.016e+02
|            ( QUESTION0_6_R 1 -1.324e+04 4.133e+02 6.177e+01
|                ( - -1.459e+03 2 0)
|                ( - -1.137e+04 4 0 QUESTION0 -1 2.170e+02 5.576e+01))
|            ( QUESTION11 -1 -9.571e+03 2.264e+02 3.986e+01
|                ( - -4.341e+03 2 0 QUESTION0_6_R 1 8.593e+01 1.897e+01)
|                ( - -5.004e+03 5 0 QUESTION5 -1 1.154e+02 2.089e+01)))
|        ( QUESTION2_1_L -1 -3.895e+04 4.192e+02 1.652e+02
|            ( - -2.143e+04 6 0 QUESTION11 1 2.030e+02 9.528e+01)
|            ( - -1.710e+04 22 0 WDBNDRY_B 0 2.146e+02 6.989e+01))))
s>    ( SILENCE -1 -1.626e+05 5.031e+02 7.100e+02
s>        ( QUESTION0_5_R 1 -9.964e+04 3.464e+02 4.432e+02
s>            ( - -8.296e+04 1 0)
s>            ( - -1.633e+04 5 0 QUESTION0_2_R 1 1.674e+02 7.136e+01))
s>        ( QUESTION0_5_R 1 -6.244e+04 2.894e+02 2.668e+02
s>            ( QUESTION2_4_L -1 -2.321e+04 3.952e+02 1.016e+02
s>                ( QUESTION0_6_R 1 -1.324e+04 4.133e+02 6.177e+01
s>                    ( - -1.459e+03 2 0)
s>                    ( - -1.137e+04 4 0 QUESTION0 -1 2.170e+02 5.576e+01))
s>                ( QUESTION11 -1 -9.571e+03 2.264e+02 3.986e+01
s>                    ( - -4.341e+03 2 0 QUESTION0_6_R 1 8.593e+01 1.897e+01)
s>                    ( - -5.004e+03 5 0 QUESTION5 -1 1.154e+02 2.089e+01)))
s>            ( QUESTION2_1_L -1 -3.895e+04 4.192e+02 1.652e+02
s>                ( - -2.143e+04 6 0 QUESTION11 1 2.030e+02 9.528e+01)
s>                ( - -1.710e+04 22 0 WDBNDRY_B 0 2.146e+02 6.989e+01))))INFO: dtree.c(1478): Final simple tree
|( QUESTION2_11_L -1 -3.324e+04 5.245e+02 1.393e+02
|    ( - 2.036e+02 1 0)
|    ( QUESTION2_7_L -1 -3.292e+04 4.843e+02 1.383e+02
|        ( - 2.417e+02 1 0)
|        ( QUESTION17 -1 -3.268e+04 1.928e+02 1.373e+02
|            ( WDBNDRY_B 0 -2.496e+03 1.626e+02 1.099e+01
|                ( - -8.544e+02 1 0)
|                ( - -1.479e+03 2 0))
|            ( QUESTION13 -1 -2.999e+04 1.943e+02 1.263e+02
|                ( QUESTION14 -1 -1.298e+04 1.728e+02 5.455e+01
|                    ( - -7.400e+03 8 0 QUESTION0_3_R 1 1.493e+02 3.254e+01)
|                    ( - -5.407e+03 11 0 QUESTION0_3_R 1 7.587e+01 2.201e+01))
|                ( QUESTION0_5_R 1 -1.682e+04 1.629e+02 7.178e+01
|                    ( - -3.163e+03 6 0 QUESTION0_6_R 1 1.053e+02 1.400e+01)
|                    ( - -1.349e+04 17 0 QUESTION0_8_R 1 1.445e+02 5.778e+01))))))
s>    ( QUESTION2_11_L -1 -3.324e+04 5.245e+02 1.393e+02
s>        ( - 2.036e+02 1 0)
s>        ( QUESTION2_7_L -1 -3.292e+04 4.843e+02 1.383e+02
s>            ( - 2.417e+02 1 0)
s>            ( QUESTION17 -1 -3.268e+04 1.928e+02 1.373e+02
s>                ( WDBNDRY_B 0 -2.496e+03 1.626e+02 1.099e+01
s>                    ( - -8.544e+02 1 0)
s>                    ( - -1.479e+03 2 0))
s>                ( QUESTION13 -1 -2.999e+04 1.943e+02 1.263e+02
s>                    ( QUESTION14 -1 -1.298e+04 1.728e+02 5.455e+01
s>                        ( - -7.400e+03 8 0 QUESTION0_3_R 1 1.493e+02 3.254e+01)
s>                        ( - -5.407e+03 11 0 QUESTION0_3_R 1 7.587e+01 2.201e+01))
s>                    ( QUESTION0_5_R 1 -1.682e+04 1.629e+02 7.178e+01
s>                        ( - -3.163e+03 6 0 QUESTION0_6_R 1 1.053e+02 1.400e+01)
s>                        ( - -1.349e+04 17 0 QUESTION0_8_R 1 1.445e+02 5.778e+01))))))INFO: dtree.c(1315): Comp split 1
INFO: dtree.c(1478): Final simple tree
|( QUESTION2_0_L -1 -2.325e+04 2.131e+02 9.486e+01
|    ( WDBNDRY_B 0 -1.691e+04 2.111e+02 7.008e+01
|        ( QUESTION12 -1 -1.624e+04 1.866e+02 6.708e+01
|            ( QUESTION11 1 -8.523e+03 1.674e+02 3.435e+01
|                ( - -3.610e+03 3 0)
|                ( QUESTION0_5_R 1 -4.746e+03 1.573e+02 2.000e+01
|                    ( - -1.459e+03 2 0)
|                    ( - -3.129e+03 5 0 QUESTION0_3_R 1 1.094e+02 1.400e+01)))
|            ( - -7.530e+03 6 0 QUESTION0_3_R 1 1.395e+02 3.273e+01))
|        ( - -4.576e+02 1 0))
|    ( QUESTION9 -1 -6.133e+03 1.467e+02 2.478e+01
|        ( QUESTION2_6_L -1 -2.244e+03 2.734e+02 1.000e+01
|            ( - -1.533e+03 2 0)
|            ( - -4.377e+02 1 0))
|        ( - -3.742e+03 6 0 QUESTION2 -1 1.010e+02 1.478e+01)))
s>    ( QUESTION2_0_L -1 -2.325e+04 2.131e+02 9.486e+01
s>        ( WDBNDRY_B 0 -1.691e+04 2.111e+02 7.008e+01
s>            ( QUESTION12 -1 -1.624e+04 1.866e+02 6.708e+01
s>                ( QUESTION11 1 -8.523e+03 1.674e+02 3.435e+01
s>                    ( - -3.610e+03 3 0)
s>                    ( QUESTION0_5_R 1 -4.746e+03 1.573e+02 2.000e+01
s>                        ( - -1.459e+03 2 0)
s>                        ( - -3.129e+03 5 0 QUESTION0_3_R 1 1.094e+02 1.400e+01)))
s>                ( - -7.530e+03 6 0 QUESTION0_3_R 1 1.395e+02 3.273e+01))
s>            ( - -4.576e+02 1 0))
s>        ( QUESTION9 -1 -6.133e+03 1.467e+02 2.478e+01
s>            ( QUESTION2_6_L -1 -2.244e+03 2.734e+02 1.000e+01
s>                ( - -1.533e+03 2 0)
s>                ( - -4.377e+02 1 0))
s>            ( - -3.742e+03 6 0 QUESTION2 -1 1.010e+02 1.478e+01)))INFO: dtree.c(1478): Final simple tree
|( QUESTION2_4_L -1 -1.384e+05 5.598e+02 6.151e+02
|    ( QUESTION0 -1 -1.137e+04 2.170e+02 5.576e+01
|        ( - -3.387e+03 1 0)
|        ( - -7.766e+03 3 0))
|    ( QUESTION11 -1 -1.265e+05 2.947e+02 5.593e+02
|        ( QUESTION11 1 -1.643e+04 2.168e+02 7.328e+01
|            ( - -1.341e+04 1 0)
|            ( - -2.801e+03 3 0))
|        ( QUESTION0_5_R 1 -1.098e+05 2.898e+02 4.861e+02
|            ( SILENCE -1 -8.815e+04 1.806e+02 3.927e+02
|                ( - -8.296e+04 1 0)
|                ( - -5.004e+03 5 0 QUESTION5 -1 1.154e+02 2.089e+01))
|            ( SILENCE -1 -2.134e+04 2.067e+02 9.336e+01
|                ( - -1.633e+04 5 0 QUESTION0_2_R 1 1.674e+02 7.136e+01)
|                ( - -4.798e+03 2 0)))))
s>    ( QUESTION2_4_L -1 -1.384e+05 5.598e+02 6.151e+02
s>        ( QUESTION0 -1 -1.137e+04 2.170e+02 5.576e+01
s>            ( - -3.387e+03 1 0)
s>            ( - -7.766e+03 3 0))
s>        ( QUESTION11 -1 -1.265e+05 2.947e+02 5.593e+02
s>            ( QUESTION11 1 -1.643e+04 2.168e+02 7.328e+01
s>                ( - -1.341e+04 1 0)
s>                ( - -2.801e+03 3 0))
s>            ( QUESTION0_5_R 1 -1.098e+05 2.898e+02 4.861e+02
s>                ( SILENCE -1 -8.815e+04 1.806e+02 3.927e+02
s>                    ( - -8.296e+04 1 0)
s>                    ( - -5.004e+03 5 0 QUESTION5 -1 1.154e+02 2.089e+01))
s>                ( SILENCE -1 -2.134e+04 2.067e+02 9.336e+01
s>                    ( - -1.633e+04 5 0 QUESTION0_2_R 1 1.674e+02 7.136e+01)
s>                    ( - -4.798e+03 2 0)))))INFO: dtree.c(1315): Comp split 2
INFO: dtree.c(1478): Final simple tree
|( QUESTION11 -1 -1.265e+05 2.947e+02 5.593e+02
|    ( QUESTION11 1 -1.643e+04 2.168e+02 7.328e+01
|        ( - -1.341e+04 1 0)
|        ( - -2.801e+03 3 0))
|    ( QUESTION0_5_R 1 -1.098e+05 2.898e+02 4.861e+02
|        ( SILENCE -1 -8.815e+04 1.806e+02 3.927e+02
|            ( - -8.296e+04 1 0)
|            ( QUESTION5 -1 -5.004e+03 1.154e+02 2.089e+01
|                ( - -3.621e+03 2 0 QUESTION0_6_R 1 1.076e+02 1.589e+01)
|                ( - -1.267e+03 3 0 QUESTION2_2_L -1 9.347e+01 5.000e+00)))
|        ( SILENCE -1 -2.134e+04 2.067e+02 9.336e+01
|            ( QUESTION0_2_R 1 -1.633e+04 1.674e+02 7.136e+01
|                ( - -1.581e+04 4 0 QUESTION0_3_R 1 1.136e+02 6.936e+01)
|                ( - -3.575e+02 1 0))
|            ( - -4.798e+03 2 0))))
s>    ( QUESTION11 -1 -1.265e+05 2.947e+02 5.593e+02
s>        ( QUESTION11 1 -1.643e+04 2.168e+02 7.328e+01
s>            ( - -1.341e+04 1 0)
s>            ( - -2.801e+03 3 0))
s>        ( QUESTION0_5_R 1 -1.098e+05 2.898e+02 4.861e+02
s>            ( SILENCE -1 -8.815e+04 1.806e+02 3.927e+02
s>                ( - -8.296e+04 1 0)
s>                ( QUESTION5 -1 -5.004e+03 1.154e+02 2.089e+01
s>                    ( - -3.621e+03 2 0 QUESTION0_6_R 1 1.076e+02 1.589e+01)
s>                    ( - -1.267e+03 3 0 QUESTION2_2_L -1 9.347e+01 5.000e+00)))
s>            ( SILENCE -1 -2.134e+04 2.067e+02 9.336e+01
s>                ( QUESTION0_2_R 1 -1.633e+04 1.674e+02 7.136e+01
s>                    ( - -1.581e+04 4 0 QUESTION0_3_R 1 1.136e+02 6.936e+01)
s>                    ( - -3.575e+02 1 0))
s>                ( - -4.798e+03 2 0))))INFO: dtree.c(1439): stop. leaf nodes are specific
INFO: dtree.c(1478): Final simple tree
|( QUESTION0 -1 -1.137e+04 2.170e+02 5.576e+01
|    ( - -3.387e+03 1 0)
|    ( - -7.766e+03 3 0))
s>    ( QUESTION0 -1 -1.137e+04 2.170e+02 5.576e+01
s>        ( - -3.387e+03 1 0)
s>        ( - -7.766e+03 3 0))INFO: dtree.c(1315): Comp split 3
INFO: dtree.c(1478): Final simple tree
|( QUESTION2_7_L -1 -3.292e+04 4.843e+02 1.383e+02
|    ( - 2.417e+02 1 0)
|    ( QUESTION17 -1 -3.268e+04 1.928e+02 1.373e+02
|        ( WDBNDRY_B 0 -2.496e+03 1.626e+02 1.099e+01
|            ( - -8.544e+02 1 0)
|            ( - -1.479e+03 2 0))
|        ( QUESTION13 -1 -2.999e+04 1.943e+02 1.263e+02
|            ( QUESTION14 -1 -1.298e+04 1.728e+02 5.455e+01
|                ( QUESTION0_3_R 1 -7.400e+03 1.493e+02 3.254e+01
|                    ( - -4.891e+03 4 0 WDBNDRY_B 0 9.896e+01 2.253e+01)
|                    ( - -2.360e+03 4 0 QUESTION0_5_R 1 9.029e+01 1.001e+01))
|                ( - -5.407e+03 11 0 QUESTION0_3_R 1 7.587e+01 2.201e+01))
|            ( QUESTION0_5_R 1 -1.682e+04 1.629e+02 7.178e+01
|                ( - -3.163e+03 6 0 QUESTION0_6_R 1 1.053e+02 1.400e+01)
|                ( - -1.349e+04 17 0 QUESTION0_8_R 1 1.445e+02 5.778e+01)))))
s>    ( QUESTION2_7_L -1 -3.292e+04 4.843e+02 1.383e+02
s>        ( - 2.417e+02 1 0)
s>        ( QUESTION17 -1 -3.268e+04 1.928e+02 1.373e+02
s>            ( WDBNDRY_B 0 -2.496e+03 1.626e+02 1.099e+01
s>                ( - -8.544e+02 1 0)
s>                ( - -1.479e+03 2 0))
s>            ( QUESTION13 -1 -2.999e+04 1.943e+02 1.263e+02
s>                ( QUESTION14 -1 -1.298e+04 1.728e+02 5.455e+01
s>                    ( QUESTION0_3_R 1 -7.400e+03 1.493e+02 3.254e+01
s>                        ( - -4.891e+03 4 0 WDBNDRY_B 0 9.896e+01 2.253e+01)
s>                        ( - -2.360e+03 4 0 QUESTION0_5_R 1 9.029e+01 1.001e+01))
s>                    ( - -5.407e+03 11 0 QUESTION0_3_R 1 7.587e+01 2.201e+01))
s>                ( QUESTION0_5_R 1 -1.682e+04 1.629e+02 7.178e+01
s>                    ( - -3.163e+03 6 0 QUESTION0_6_R 1 1.053e+02 1.400e+01)
s>                    ( - -1.349e+04 17 0 QUESTION0_8_R 1 1.445e+02 5.778e+01)))))INFO: dtree.c(1315): Comp split 4
INFO: dtree.c(1478): Final simple tree
|( QUESTION17 -1 -3.268e+04 1.928e+02 1.373e+02
|    ( WDBNDRY_B 0 -2.496e+03 1.626e+02 1.099e+01
|        ( - -8.544e+02 1 0)
|        ( - -1.479e+03 2 0))
|    ( QUESTION13 -1 -2.999e+04 1.943e+02 1.263e+02
|        ( QUESTION14 -1 -1.298e+04 1.728e+02 5.455e+01
|            ( QUESTION0_3_R 1 -7.400e+03 1.493e+02 3.254e+01
|                ( - -4.891e+03 4 0 WDBNDRY_B 0 9.896e+01 2.253e+01)
|                ( - -2.360e+03 4 0 QUESTION0_5_R 1 9.029e+01 1.001e+01))
|            ( - -5.407e+03 11 0 QUESTION0_3_R 1 7.587e+01 2.201e+01))
|        ( QUESTION0_5_R 1 -1.682e+04 1.629e+02 7.178e+01
|            ( - -3.163e+03 6 0 QUESTION0_6_R 1 1.053e+02 1.400e+01)
|            ( QUESTION0_8_R 1 -1.349e+04 1.445e+02 5.778e+01
|                ( - -1.335e+03 1 0)
|                ( - -1.201e+04 16 0 QUESTION0 -1 1.159e+02 5.093e+01)))))
s>    ( QUESTION17 -1 -3.268e+04 1.928e+02 1.373e+02
s>        ( WDBNDRY_B 0 -2.496e+03 1.626e+02 1.099e+01
s>            ( - -8.544e+02 1 0)
s>            ( - -1.479e+03 2 0))
s>        ( QUESTION13 -1 -2.999e+04 1.943e+02 1.263e+02
s>            ( QUESTION14 -1 -1.298e+04 1.728e+02 5.455e+01
s>                ( QUESTION0_3_R 1 -7.400e+03 1.493e+02 3.254e+01
s>                    ( - -4.891e+03 4 0 WDBNDRY_B 0 9.896e+01 2.253e+01)
s>                    ( - -2.360e+03 4 0 QUESTION0_5_R 1 9.029e+01 1.001e+01))
s>                ( - -5.407e+03 11 0 QUESTION0_3_R 1 7.587e+01 2.201e+01))
s>            ( QUESTION0_5_R 1 -1.682e+04 1.629e+02 7.178e+01
s>                ( - -3.163e+03 6 0 QUESTION0_6_R 1 1.053e+02 1.400e+01)
s>                ( QUESTION0_8_R 1 -1.349e+04 1.445e+02 5.778e+01
s>                    ( - -1.335e+03 1 0)
s>                    ( - -1.201e+04 16 0 QUESTION0 -1 1.159e+02 5.093e+01)))))INFO: dtree.c(1315): Comp split 5
INFO: dtree.c(1478): Final simple tree
|( QUESTION4 -1 -1.206e+04 2.240e+02 5.273e+01
|    ( - -4.377e+02 1 0)
|    ( WDBNDRY_B 0 -1.140e+04 1.971e+02 4.973e+01
|        ( QUESTION0_3_R 1 -1.075e+04 1.382e+02 4.673e+01
|            ( QUESTION11 1 -5.359e+03 1.023e+02 2.376e+01
|                ( - -1.431e+03 2 0)
|                ( QUESTION0 -1 -3.826e+03 8.188e+01 1.676e+01
|                    ( - -1.514e+03 2 0)
|                    ( - -2.230e+03 4 0)))
|            ( QUESTION0_5_R 1 -5.248e+03 1.177e+02 2.297e+01
|                ( QUESTION0_6_R 1 -4.341e+03 8.593e+01 1.897e+01
|                    ( - -5.015e+02 1 0)
|                    ( - -3.753e+03 1 0))
|                ( - -7.897e+02 1 0)))
|        ( - -4.576e+02 1 0)))
s>    ( QUESTION4 -1 -1.206e+04 2.240e+02 5.273e+01
s>        ( - -4.377e+02 1 0)
s>        ( WDBNDRY_B 0 -1.140e+04 1.971e+02 4.973e+01
s>            ( QUESTION0_3_R 1 -1.075e+04 1.382e+02 4.673e+01
s>                ( QUESTION11 1 -5.359e+03 1.023e+02 2.376e+01
s>                    ( - -1.431e+03 2 0)
s>                    ( QUESTION0 -1 -3.826e+03 8.188e+01 1.676e+01
s>                        ( - -1.514e+03 2 0)
s>                        ( - -2.230e+03 4 0)))
s>                ( QUESTION0_5_R 1 -5.248e+03 1.177e+02 2.297e+01
s>                    ( QUESTION0_6_R 1 -4.341e+03 8.593e+01 1.897e+01
s>                        ( - -5.015e+02 1 0)
s>                        ( - -3.753e+03 1 0))
s>                    ( - -7.897e+02 1 0)))
s>            ( - -4.576e+02 1 0)))INFO: dtree.c(1439): stop. leaf nodes are specific
INFO: dtree.c(1478): Final simple tree
|( QUESTION9 -1 -1.076e+04 1.688e+02 4.213e+01
|    ( - -1.533e+03 2 0)
|    ( QUESTION0_3_R 1 -9.060e+03 1.472e+02 3.513e+01
|        ( QUESTION2 -1 -7.454e+03 1.052e+02 2.913e+01
|            ( - -6.793e+02 1 0)
|            ( QUESTION0 -1 -6.670e+03 9.838e+01 2.597e+01
|                ( QUESTION11 1 -2.962e+03 6.596e+01 1.162e+01
|                    ( - -6.797e+02 1 0)
|                    ( QUESTION1 -1 -2.216e+03 5.385e+01 8.631e+00
|                        ( - -1.625e+03 2 0)
|                        ( - -5.370e+02 2 0)))
|                ( - -3.610e+03 3 0)))
|        ( - -1.459e+03 2 0)))
s>    ( QUESTION9 -1 -1.076e+04 1.688e+02 4.213e+01
s>        ( - -1.533e+03 2 0)
s>        ( QUESTION0_3_R 1 -9.060e+03 1.472e+02 3.513e+01
s>            ( QUESTION2 -1 -7.454e+03 1.052e+02 2.913e+01
s>                ( - -6.793e+02 1 0)
s>                ( QUESTION0 -1 -6.670e+03 9.838e+01 2.597e+01
s>                    ( QUESTION11 1 -2.962e+03 6.596e+01 1.162e+01
s>                        ( - -6.797e+02 1 0)
s>                        ( QUESTION1 -1 -2.216e+03 5.385e+01 8.631e+00
s>                            ( - -1.625e+03 2 0)
s>                            ( - -5.370e+02 2 0)))
s>                    ( - -3.610e+03 3 0)))
s>            ( - -1.459e+03 2 0)))INFO: dtree.c(1315): Comp split 6
INFO: dtree.c(1439): stop. leaf nodes are specific
INFO: dtree.c(1478): Final simple tree
|( QUESTION0_3_R 1 -2.010e+04 1.682e+02 8.725e+01
|    ( QUESTION11 1 -1.526e+04 1.037e+02 6.736e+01
|        ( - -1.367e+03 2 0)
|        ( - -1.379e+04 1 0))
|    ( QUESTION0_2_R 1 -4.671e+03 1.575e+02 1.989e+01
|        ( QUESTION0_6_R 1 -4.156e+03 1.168e+02 1.789e+01
|            ( - -2.439e+03 1 0)
|            ( SILENCE -1 -1.601e+03 8.925e+01 7.001e+00
|                ( - -4.370e+02 1 0)
|                ( - -1.074e+03 1 0)))
|        ( - -3.575e+02 1 0)))
s>    ( QUESTION0_3_R 1 -2.010e+04 1.682e+02 8.725e+01
s>        ( QUESTION11 1 -1.526e+04 1.037e+02 6.736e+01
s>            ( - -1.367e+03 2 0)
s>            ( - -1.379e+04 1 0))
s>        ( QUESTION0_2_R 1 -4.671e+03 1.575e+02 1.989e+01
s>            ( QUESTION0_6_R 1 -4.156e+03 1.168e+02 1.789e+01
s>                ( - -2.439e+03 1 0)
s>                ( SILENCE -1 -1.601e+03 8.925e+01 7.001e+00
s>                    ( - -4.370e+02 1 0)
s>                    ( - -1.074e+03 1 0)))
s>            ( - -3.575e+02 1 0)))INFO: dtree.c(1439): stop. leaf nodes are specific
INFO: dtree.c(1478): Final simple tree
|( QUESTION11 -1 -1.060e+05 2.709e+02 4.721e+02
|    ( QUESTION11 1 -1.643e+04 2.168e+02 7.328e+01
|        ( - -1.341e+04 1 0)
|        ( - -2.801e+03 3 0))
|    ( QUESTION0_3_R 1 -8.931e+04 1.588e+02 3.988e+02
|        ( - -4.798e+03 2 0)
|        ( SILENCE -1 -8.436e+04 1.255e+02 3.768e+02
|            ( - -8.296e+04 1 0)
|            ( QUESTION2_2_L -1 -1.267e+03 9.347e+01 5.000e+00
|                ( - -3.916e+02 1 0)
|                ( QUESTION0_6_R 1 -7.824e+02 8.271e+01 3.000e+00
|                    ( - -4.159e+02 1 0)
|                    ( - -2.837e+02 1 0))))))
s>    ( QUESTION11 -1 -1.060e+05 2.709e+02 4.721e+02
s>        ( QUESTION11 1 -1.643e+04 2.168e+02 7.328e+01
s>            ( - -1.341e+04 1 0)
s>            ( - -2.801e+03 3 0))
s>        ( QUESTION0_3_R 1 -8.931e+04 1.588e+02 3.988e+02
s>            ( - -4.798e+03 2 0)
s>            ( SILENCE -1 -8.436e+04 1.255e+02 3.768e+02
s>                ( - -8.296e+04 1 0)
s>                ( QUESTION2_2_L -1 -1.267e+03 9.347e+01 5.000e+00
s>                    ( - -3.916e+02 1 0)
s>                    ( QUESTION0_6_R 1 -7.824e+02 8.271e+01 3.000e+00
s>                        ( - -4.159e+02 1 0)
s>                        ( - -2.837e+02 1 0))))))INFO: dtree.c(1315): Comp split 7
INFO: dtree.c(1439): stop. leaf nodes are specific
INFO: dtree.c(1478): Final simple tree
|( QUESTION12 -1 -3.801e+03 1.039e+02 1.610e+01
|    ( - -3.916e+02 1 0)
|    ( QUESTION0_3_R 1 -3.305e+03 8.794e+01 1.410e+01
|        ( - -2.801e+03 3 0)
|        ( - -4.159e+02 1 0)))
s>    ( QUESTION12 -1 -3.801e+03 1.039e+02 1.610e+01
s>        ( - -3.916e+02 1 0)
s>        ( QUESTION0_3_R 1 -3.305e+03 8.794e+01 1.410e+01
s>            ( - -2.801e+03 3 0)
s>            ( - -4.159e+02 1 0)))INFO: dtree.c(1439): stop. leaf nodes are specific
INFO: dtree.c(1478): Final simple tree
|( QUESTION11 -1 -1.019e+05 2.166e+02 4.560e+02
|    ( - -1.341e+04 1 0)
|    ( QUESTION0_3_R 1 -8.827e+04 1.567e+02 3.948e+02
|        ( - -4.798e+03 2 0)
|        ( SILENCE -1 -8.331e+04 6.621e+01 3.728e+02
|            ( - -8.296e+04 1 0)
|            ( - -2.837e+02 1 0))))
s>    ( QUESTION11 -1 -1.019e+05 2.166e+02 4.560e+02
s>        ( - -1.341e+04 1 0)
s>        ( QUESTION0_3_R 1 -8.827e+04 1.567e+02 3.948e+02
s>            ( - -4.798e+03 2 0)
s>            ( SILENCE -1 -8.331e+04 6.621e+01 3.728e+02
s>                ( - -8.296e+04 1 0)
s>                ( - -2.837e+02 1 0))))INFO: dtree.c(1315): Comp split 8
INFO: dtree.c(1478): Final simple tree
|( QUESTION0_3_R 1 -1.628e+04 1.772e+02 6.855e+01
|    ( QUESTION14 -1 -8.740e+03 1.973e+02 3.752e+01
|        ( WDBNDRY_B 0 -4.891e+03 9.896e+01 2.253e+01
|            ( - -1.698e+03 2 0)
|            ( QUESTION11 1 -3.094e+03 1.060e+02 1.458e+01
|                ( - -1.994e+03 1 0)
|                ( - -9.936e+02 1 0)))
|        ( - -3.652e+03 7 0 WDBNDRY_B 0 6.672e+01 1.500e+01))
|    ( QUESTION11 -1 -7.362e+03 1.111e+02 3.102e+01
|        ( QUESTION0_6_R 1 -9.833e+02 1.092e+02 5.000e+00
|            ( - -3.390e+02 1 0)
|            ( - -5.350e+02 1 0))
|        ( QUESTION19 -1 -6.268e+03 9.331e+01 2.602e+01
|            ( - -1.311e+03 3 0)
|            ( - -4.863e+03 9 0 QUESTION14 -1 7.188e+01 2.002e+01))))
s>    ( QUESTION0_3_R 1 -1.628e+04 1.772e+02 6.855e+01
s>        ( QUESTION14 -1 -8.740e+03 1.973e+02 3.752e+01
s>            ( WDBNDRY_B 0 -4.891e+03 9.896e+01 2.253e+01
s>                ( - -1.698e+03 2 0)
s>                ( QUESTION11 1 -3.094e+03 1.060e+02 1.458e+01
s>                    ( - -1.994e+03 1 0)
s>                    ( - -9.936e+02 1 0)))
s>            ( - -3.652e+03 7 0 WDBNDRY_B 0 6.672e+01 1.500e+01))
s>        ( QUESTION11 -1 -7.362e+03 1.111e+02 3.102e+01
s>            ( QUESTION0_6_R 1 -9.833e+02 1.092e+02 5.000e+00
s>                ( - -3.390e+02 1 0)
s>                ( - -5.350e+02 1 0))
s>            ( QUESTION19 -1 -6.268e+03 9.331e+01 2.602e+01
s>                ( - -1.311e+03 3 0)
s>                ( - -4.863e+03 9 0 QUESTION14 -1 7.188e+01 2.002e+01))))INFO: dtree.c(1478): Final simple tree
|( QUESTION18 -1 -1.615e+04 1.695e+02 6.877e+01
|    ( - -1.479e+03 2 0)
|    ( WDBNDRY_B 0 -1.450e+04 1.575e+02 6.177e+01
|        ( - -8.544e+02 1 0)
|        ( QUESTION0_8_R 1 -1.349e+04 1.445e+02 5.778e+01
|            ( - -1.335e+03 1 0)
|            ( QUESTION0 -1 -1.201e+04 1.159e+02 5.093e+01
|                ( - -1.057e+03 4 0 QUESTION0_3_R 1 7.958e+01 4.000e+00)
|                ( QUESTION0_4_R 1 -1.084e+04 1.272e+02 4.693e+01
|                    ( QUESTION2_1_L -1 -6.102e+03 1.031e+02 2.700e+01
|                        ( - -2.491e+03 2 0 QUESTION11 -1 6.336e+01 1.101e+01)
|                        ( - -3.508e+03 3 0))
|                    ( QUESTION19 1 -4.608e+03 4.687e+02 1.992e+01
|                        ( - 1.899e+02 1 0)
|                        ( - -4.330e+03 6 0 QUESTION0_0_R 1 9.521e+01 1.892e+01)))))))
s>    ( QUESTION18 -1 -1.615e+04 1.695e+02 6.877e+01
s>        ( - -1.479e+03 2 0)
s>        ( WDBNDRY_B 0 -1.450e+04 1.575e+02 6.177e+01
s>            ( - -8.544e+02 1 0)
s>            ( QUESTION0_8_R 1 -1.349e+04 1.445e+02 5.778e+01
s>                ( - -1.335e+03 1 0)
s>                ( QUESTION0 -1 -1.201e+04 1.159e+02 5.093e+01
s>                    ( - -1.057e+03 4 0 QUESTION0_3_R 1 7.958e+01 4.000e+00)
s>                    ( QUESTION0_4_R 1 -1.084e+04 1.272e+02 4.693e+01
s>                        ( QUESTION2_1_L -1 -6.102e+03 1.031e+02 2.700e+01
s>                            ( - -2.491e+03 2 0 QUESTION11 -1 6.336e+01 1.101e+01)
s>                            ( - -3.508e+03 3 0))
s>                        ( QUESTION19 1 -4.608e+03 4.687e+02 1.992e+01
s>                            ( - 1.899e+02 1 0)
s>                            ( - -4.330e+03 6 0 QUESTION0_0_R 1 9.521e+01 1.892e+01)))))))INFO: dtree.c(1315): Comp split 9
INFO: dtree.c(1478): Final simple tree
|( QUESTION18 -1 -1.587e+04 1.704e+02 6.777e+01
|    ( - -1.479e+03 2 0)
|    ( WDBNDRY_B 0 -1.422e+04 1.596e+02 6.077e+01
|        ( - -8.544e+02 1 0)
|        ( QUESTION0_8_R 1 -1.321e+04 1.453e+02 5.678e+01
|            ( - -1.335e+03 1 0)
|            ( QUESTION0 -1 -1.173e+04 1.210e+02 4.993e+01
|                ( - -1.057e+03 4 0 QUESTION0_3_R 1 7.958e+01 4.000e+00)
|                ( QUESTION0_4_R 1 -1.055e+04 1.201e+02 4.593e+01
|                    ( QUESTION2_1_L -1 -6.102e+03 1.031e+02 2.700e+01
|                        ( - -2.491e+03 2 0 QUESTION11 -1 6.336e+01 1.101e+01)
|                        ( - -3.508e+03 3 0))
|                    ( QUESTION0_0_R 1 -4.330e+03 9.521e+01 1.892e+01
|                        ( - -6.065e+02 1 0)
|                        ( - -3.628e+03 5 0 QUESTION11 -1 7.026e+01 1.592e+01)))))))
s>    ( QUESTION18 -1 -1.587e+04 1.704e+02 6.777e+01
s>        ( - -1.479e+03 2 0)
s>        ( WDBNDRY_B 0 -1.422e+04 1.596e+02 6.077e+01
s>            ( - -8.544e+02 1 0)
s>            ( QUESTION0_8_R 1 -1.321e+04 1.453e+02 5.678e+01
s>                ( - -1.335e+03 1 0)
s>                ( QUESTION0 -1 -1.173e+04 1.210e+02 4.993e+01
s>                    ( - -1.057e+03 4 0 QUESTION0_3_R 1 7.958e+01 4.000e+00)
s>                    ( QUESTION0_4_R 1 -1.055e+04 1.201e+02 4.593e+01
s>                        ( QUESTION2_1_L -1 -6.102e+03 1.031e+02 2.700e+01
s>                            ( - -2.491e+03 2 0 QUESTION11 -1 6.336e+01 1.101e+01)
s>                            ( - -3.508e+03 3 0))
s>                        ( QUESTION0_0_R 1 -4.330e+03 9.521e+01 1.892e+01
s>                            ( - -6.065e+02 1 0)
s>                            ( - -3.628e+03 5 0 QUESTION11 -1 7.026e+01 1.592e+01)))))))INFO: dtree.c(1315): Comp split 10
INFO: dtree.c(1439): stop. leaf nodes are specific
INFO: dtree.c(1478): Final simple tree
|( WDBNDRY_B 0 -4.891e+03 9.896e+01 2.253e+01
|    ( - -1.698e+03 2 0)
|    ( QUESTION11 1 -3.094e+03 1.060e+02 1.458e+01
|        ( - -1.994e+03 1 0)
|        ( - -9.936e+02 1 0)))
s>    ( WDBNDRY_B 0 -4.891e+03 9.896e+01 2.253e+01
s>        ( - -1.698e+03 2 0)
s>        ( QUESTION11 1 -3.094e+03 1.060e+02 1.458e+01
s>            ( - -1.994e+03 1 0)
s>            ( - -9.936e+02 1 0)))INFO: dtree.c(1478): Final simple tree
|( QUESTION15 -1 -1.115e+04 1.343e+02 4.602e+01
|    ( QUESTION0_3_R 1 -5.407e+03 7.587e+01 2.201e+01
|        ( - -3.652e+03 7 0 WDBNDRY_B 0 6.672e+01 1.500e+01)
|        ( - -1.679e+03 4 0 QUESTION0_5_R 1 6.658e+01 7.010e+00))
|    ( QUESTION11 -1 -5.606e+03 1.071e+02 2.401e+01
|        ( QUESTION0_6_R 1 -9.833e+02 1.092e+02 5.000e+00
|            ( - -3.390e+02 1 0)
|            ( - -5.350e+02 1 0))
|        ( WDBNDRY_B 0 -4.515e+03 9.079e+01 1.901e+01
|            ( - -6.558e+02 1 0)
|            ( QUESTION0_5_R 1 -3.769e+03 8.876e+01 1.598e+01
|                ( QUESTION19 -1 -3.531e+03 7.637e+01 1.498e+01
|                    ( - -1.311e+03 3 0)
|                    ( - -2.143e+03 3 0 QUESTION0 -1 6.853e+01 8.984e+00))
|                ( - -1.494e+02 1 0)))))
s>    ( QUESTION15 -1 -1.115e+04 1.343e+02 4.602e+01
s>        ( QUESTION0_3_R 1 -5.407e+03 7.587e+01 2.201e+01
s>            ( - -3.652e+03 7 0 WDBNDRY_B 0 6.672e+01 1.500e+01)
s>            ( - -1.679e+03 4 0 QUESTION0_5_R 1 6.658e+01 7.010e+00))
s>        ( QUESTION11 -1 -5.606e+03 1.071e+02 2.401e+01
s>            ( QUESTION0_6_R 1 -9.833e+02 1.092e+02 5.000e+00
s>                ( - -3.390e+02 1 0)
s>                ( - -5.350e+02 1 0))
s>            ( WDBNDRY_B 0 -4.515e+03 9.079e+01 1.901e+01
s>                ( - -6.558e+02 1 0)
s>                ( QUESTION0_5_R 1 -3.769e+03 8.876e+01 1.598e+01
s>                    ( QUESTION19 -1 -3.531e+03 7.637e+01 1.498e+01
s>                        ( - -1.311e+03 3 0)
s>                        ( - -2.143e+03 3 0 QUESTION0 -1 6.853e+01 8.984e+00))
s>                    ( - -1.494e+02 1 0)))))INFO: dtree.c(1315): Comp split 11
INFO: dtree.c(1439): stop. leaf nodes are specific
INFO: dtree.c(1478): Final simple tree
|( WDBNDRY_B 0 -1.140e+04 1.971e+02 4.973e+01
|    ( QUESTION0_3_R 1 -1.075e+04 1.382e+02 4.673e+01
|        ( QUESTION11 1 -5.359e+03 1.023e+02 2.376e+01
|            ( - -1.431e+03 2 0)
|            ( QUESTION0 -1 -3.826e+03 8.188e+01 1.676e+01
|                ( - -1.514e+03 2 0)
|                ( - -2.230e+03 4 0)))
|        ( QUESTION0_5_R 1 -5.248e+03 1.177e+02 2.297e+01
|            ( QUESTION0_6_R 1 -4.341e+03 8.593e+01 1.897e+01
|                ( - -5.015e+02 1 0)
|                ( - -3.753e+03 1 0))
|            ( - -7.897e+02 1 0)))
|    ( - -4.576e+02 1 0))
s>    ( WDBNDRY_B 0 -1.140e+04 1.971e+02 4.973e+01
s>        ( QUESTION0_3_R 1 -1.075e+04 1.382e+02 4.673e+01
s>            ( QUESTION11 1 -5.359e+03 1.023e+02 2.376e+01
s>                ( - -1.431e+03 2 0)
s>                ( QUESTION0 -1 -3.826e+03 8.188e+01 1.676e+01
s>                    ( - -1.514e+03 2 0)
s>                    ( - -2.230e+03 4 0)))
s>            ( QUESTION0_5_R 1 -5.248e+03 1.177e+02 2.297e+01
s>                ( QUESTION0_6_R 1 -4.341e+03 8.593e+01 1.897e+01
s>                    ( - -5.015e+02 1 0)
s>                    ( - -3.753e+03 1 0))
s>                ( - -7.897e+02 1 0)))
s>        ( - -4.576e+02 1 0))INFO: dtree.c(1315): Comp split 12
INFO: dtree.c(1315): Comp split 13
INFO: dtree.c(1439): stop. leaf nodes are specific
INFO: dtree.c(1478): Final simple tree
|( QUESTION0_3_R 1 -8.827e+04 1.567e+02 3.948e+02
|    ( - -4.798e+03 2 0)
|    ( SILENCE -1 -8.331e+04 6.621e+01 3.728e+02
|        ( - -8.296e+04 1 0)
|        ( - -2.837e+02 1 0)))
s>    ( QUESTION0_3_R 1 -8.827e+04 1.567e+02 3.948e+02
s>        ( - -4.798e+03 2 0)
s>        ( SILENCE -1 -8.331e+04 6.621e+01 3.728e+02
s>            ( - -8.296e+04 1 0)
s>            ( - -2.837e+02 1 0)))INFO: dtree.c(1315): Comp split 14
INFO: dtree.c(1439): stop. leaf nodes are specific
INFO: dtree.c(1478): Final simple tree
|( QUESTION0_3_R 1 -1.075e+04 1.382e+02 4.673e+01
|    ( QUESTION11 1 -5.359e+03 1.023e+02 2.376e+01
|        ( - -1.431e+03 2 0)
|        ( QUESTION0 -1 -3.826e+03 8.188e+01 1.676e+01
|            ( - -1.514e+03 2 0)
|            ( - -2.230e+03 4 0)))
|    ( QUESTION0_5_R 1 -5.248e+03 1.177e+02 2.297e+01
|        ( QUESTION0_6_R 1 -4.341e+03 8.593e+01 1.897e+01
|            ( - -5.015e+02 1 0)
|            ( - -3.753e+03 1 0))
|        ( - -7.897e+02 1 0)))
s>    ( QUESTION0_3_R 1 -1.075e+04 1.382e+02 4.673e+01
s>        ( QUESTION11 1 -5.359e+03 1.023e+02 2.376e+01
s>            ( - -1.431e+03 2 0)
s>            ( QUESTION0 -1 -3.826e+03 8.188e+01 1.676e+01
s>                ( - -1.514e+03 2 0)
s>                ( - -2.230e+03 4 0)))
s>        ( QUESTION0_5_R 1 -5.248e+03 1.177e+02 2.297e+01
s>            ( QUESTION0_6_R 1 -4.341e+03 8.593e+01 1.897e+01
s>                ( - -5.015e+02 1 0)
s>                ( - -3.753e+03 1 0))
s>            ( - -7.897e+02 1 0)))INFO: dtree.c(1315): Comp split 15
INFO: dtree.c(1439): stop. leaf nodes are specific
INFO: dtree.c(1478): Final simple tree
|( QUESTION0_2_R 1 -6.124e+03 1.520e+02 2.593e+01
|    ( QUESTION0_6_R 1 -5.615e+03 1.096e+02 2.393e+01
|        ( - -2.439e+03 1 0)
|        ( QUESTION0_3_R 1 -3.066e+03 9.837e+01 1.303e+01
|            ( - -1.367e+03 2 0)
|            ( SILENCE -1 -1.601e+03 8.925e+01 7.001e+00
|                ( - -4.370e+02 1 0)
|                ( - -1.074e+03 1 0))))
|    ( - -3.575e+02 1 0))
s>    ( QUESTION0_2_R 1 -6.124e+03 1.520e+02 2.593e+01
s>        ( QUESTION0_6_R 1 -5.615e+03 1.096e+02 2.393e+01
s>            ( - -2.439e+03 1 0)
s>            ( QUESTION0_3_R 1 -3.066e+03 9.837e+01 1.303e+01
s>                ( - -1.367e+03 2 0)
s>                ( SILENCE -1 -1.601e+03 8.925e+01 7.001e+00
s>                    ( - -4.370e+02 1 0)
s>                    ( - -1.074e+03 1 0))))
s>        ( - -3.575e+02 1 0))INFO: dtree.c(1315): Comp split 16
INFO: dtree.c(1439): stop. leaf nodes are specific
INFO: dtree.c(1478): Final simple tree
|( QUESTION2_1_L -1 -6.102e+03 1.031e+02 2.700e+01
|    ( QUESTION11 -1 -2.491e+03 6.336e+01 1.101e+01
|        ( - -2.247e+03 1 0)
|        ( - -1.805e+02 1 0))
|    ( - -3.508e+03 3 0))
s>    ( QUESTION2_1_L -1 -6.102e+03 1.031e+02 2.700e+01
s>        ( QUESTION11 -1 -2.491e+03 6.336e+01 1.101e+01
s>            ( - -2.247e+03 1 0)
s>            ( - -1.805e+02 1 0))
s>        ( - -3.508e+03 3 0))INFO: dtree.c(1478): Final simple tree
|( QUESTION18 -1 -9.594e+03 1.645e+02 4.077e+01
|    ( - -1.479e+03 2 0)
|    ( WDBNDRY_B 0 -7.950e+03 1.464e+02 3.377e+01
|        ( - -8.544e+02 1 0)
|        ( QUESTION0_8_R 1 -6.949e+03 1.407e+02 2.977e+01
|            ( - -1.335e+03 1 0)
|            ( QUESTION0_4_R 1 -5.473e+03 1.001e+02 2.292e+01
|                ( - -5.148e+02 2 0)
|                ( QUESTION0_0_R 1 -4.858e+03 9.452e+01 2.092e+01
|                    ( - -6.065e+02 1 0)
|                    ( QUESTION11 -1 -4.157e+03 7.528e+01 1.792e+01
|                        ( - -1.810e+03 2 0)
|                        ( QUESTION4 -1 -2.272e+03 7.406e+01 9.997e+00
|                            ( - -1.934e+02 1 0)
|                            ( - -2.005e+03 4 0 QUESTION0 -1 5.895e+01 8.997e+00))))))))
s>    ( QUESTION18 -1 -9.594e+03 1.645e+02 4.077e+01
s>        ( - -1.479e+03 2 0)
s>        ( WDBNDRY_B 0 -7.950e+03 1.464e+02 3.377e+01
s>            ( - -8.544e+02 1 0)
s>            ( QUESTION0_8_R 1 -6.949e+03 1.407e+02 2.977e+01
s>                ( - -1.335e+03 1 0)
s>                ( QUESTION0_4_R 1 -5.473e+03 1.001e+02 2.292e+01
s>                    ( - -5.148e+02 2 0)
s>                    ( QUESTION0_0_R 1 -4.858e+03 9.452e+01 2.092e+01
s>                        ( - -6.065e+02 1 0)
s>                        ( QUESTION11 -1 -4.157e+03 7.528e+01 1.792e+01
s>                            ( - -1.810e+03 2 0)
s>                            ( QUESTION4 -1 -2.272e+03 7.406e+01 9.997e+00
s>                                ( - -1.934e+02 1 0)
s>                                ( - -2.005e+03 4 0 QUESTION0 -1 5.895e+01 8.997e+00))))))))INFO: dtree.c(1315): Comp split 17
INFO: dtree.c(1439): stop. leaf nodes are specific
INFO: dtree.c(1478): Final simple tree
|( QUESTION0_3_R 1 -9.060e+03 1.472e+02 3.513e+01
|    ( QUESTION2 -1 -7.454e+03 1.052e+02 2.913e+01
|        ( - -6.793e+02 1 0)
|        ( QUESTION0 -1 -6.670e+03 9.838e+01 2.597e+01
|            ( QUESTION11 1 -2.962e+03 6.596e+01 1.162e+01
|                ( - -6.797e+02 1 0)
|                ( QUESTION1 -1 -2.216e+03 5.385e+01 8.631e+00
|                    ( - -1.625e+03 2 0)
|                    ( - -5.370e+02 2 0)))
|            ( - -3.610e+03 3 0)))
|    ( - -1.459e+03 2 0))
s>    ( QUESTION0_3_R 1 -9.060e+03 1.472e+02 3.513e+01
s>        ( QUESTION2 -1 -7.454e+03 1.052e+02 2.913e+01
s>            ( - -6.793e+02 1 0)
s>            ( QUESTION0 -1 -6.670e+03 9.838e+01 2.597e+01
s>                ( QUESTION11 1 -2.962e+03 6.596e+01 1.162e+01
s>                    ( - -6.797e+02 1 0)
s>                    ( QUESTION1 -1 -2.216e+03 5.385e+01 8.631e+00
s>                        ( - -1.625e+03 2 0)
s>                        ( - -5.370e+02 2 0)))
s>                ( - -3.610e+03 3 0)))
s>        ( - -1.459e+03 2 0))INFO: dtree.c(1315): Comp split 18
INFO: dtree.c(1478): Final simple tree
|( WDBNDRY_B 0 -7.950e+03 1.464e+02 3.377e+01
|    ( - -8.544e+02 1 0)
|    ( QUESTION0_8_R 1 -6.949e+03 1.407e+02 2.977e+01
|        ( - -1.335e+03 1 0)
|        ( QUESTION0_4_R 1 -5.473e+03 1.001e+02 2.292e+01
|            ( - -5.148e+02 2 0)
|            ( QUESTION0_0_R 1 -4.858e+03 9.452e+01 2.092e+01
|                ( - -6.065e+02 1 0)
|                ( QUESTION11 -1 -4.157e+03 7.528e+01 1.792e+01
|                    ( - -1.810e+03 2 0)
|                    ( QUESTION4 -1 -2.272e+03 7.406e+01 9.997e+00
|                        ( - -1.934e+02 1 0)
|                        ( QUESTION0 -1 -2.005e+03 5.895e+01 8.997e+00
|                            ( - -1.979e+02 1 0)
|                            ( - -1.748e+03 3 0))))))))
s>    ( WDBNDRY_B 0 -7.950e+03 1.464e+02 3.377e+01
s>        ( - -8.544e+02 1 0)
s>        ( QUESTION0_8_R 1 -6.949e+03 1.407e+02 2.977e+01
s>            ( - -1.335e+03 1 0)
s>            ( QUESTION0_4_R 1 -5.473e+03 1.001e+02 2.292e+01
s>                ( - -5.148e+02 2 0)
s>                ( QUESTION0_0_R 1 -4.858e+03 9.452e+01 2.092e+01
s>                    ( - -6.065e+02 1 0)
s>                    ( QUESTION11 -1 -4.157e+03 7.528e+01 1.792e+01
s>                        ( - -1.810e+03 2 0)
s>                        ( QUESTION4 -1 -2.272e+03 7.406e+01 9.997e+00
s>                            ( - -1.934e+02 1 0)
s>                            ( QUESTION0 -1 -2.005e+03 5.895e+01 8.997e+00
s>                                ( - -1.979e+02 1 0)
s>                                ( - -1.748e+03 3 0))))))))INFO: dtree.c(1315): Comp split 19
INFO: dtree.c(1439): stop. leaf nodes are specific
INFO: dtree.c(1478): Final simple tree
|( SILENCE -1 -8.331e+04 6.621e+01 3.728e+02
|    ( - -8.296e+04 1 0)
|    ( - -2.837e+02 1 0))
s>    ( SILENCE -1 -8.331e+04 6.621e+01 3.728e+02
s>        ( - -8.296e+04 1 0)
s>        ( - -2.837e+02 1 0))INFO: dtree.c(1315): Comp split 20
INFO: dtree.c(1439): stop. leaf nodes are specific
INFO: dtree.c(1478): Final simple tree
|( QUESTION0_6_R 1 -5.615e+03 1.096e+02 2.393e+01
|    ( - -2.439e+03 1 0)
|    ( QUESTION0_3_R 1 -3.066e+03 9.837e+01 1.303e+01
|        ( - -1.367e+03 2 0)
|        ( SILENCE -1 -1.601e+03 8.925e+01 7.001e+00
|            ( - -4.370e+02 1 0)
|            ( - -1.074e+03 1 0))))
s>    ( QUESTION0_6_R 1 -5.615e+03 1.096e+02 2.393e+01
s>        ( - -2.439e+03 1 0)
s>        ( QUESTION0_3_R 1 -3.066e+03 9.837e+01 1.303e+01
s>            ( - -1.367e+03 2 0)
s>            ( SILENCE -1 -1.601e+03 8.925e+01 7.001e+00
s>                ( - -4.370e+02 1 0)
s>                ( - -1.074e+03 1 0))))INFO: dtree.c(1315): Comp split 21
INFO: dtree.c(1439): stop. leaf nodes are specific
INFO: dtree.c(1478): Final simple tree
|( QUESTION2 -1 -7.454e+03 1.052e+02 2.913e+01
|    ( - -6.793e+02 1 0)
|    ( QUESTION0 -1 -6.670e+03 9.838e+01 2.597e+01
|        ( QUESTION11 1 -2.962e+03 6.596e+01 1.162e+01
|            ( - -6.797e+02 1 0)
|            ( QUESTION1 -1 -2.216e+03 5.385e+01 8.631e+00
|                ( - -1.625e+03 2 0)
|                ( - -5.370e+02 2 0)))
|        ( - -3.610e+03 3 0)))
s>    ( QUESTION2 -1 -7.454e+03 1.052e+02 2.913e+01
s>        ( - -6.793e+02 1 0)
s>        ( QUESTION0 -1 -6.670e+03 9.838e+01 2.597e+01
s>            ( QUESTION11 1 -2.962e+03 6.596e+01 1.162e+01
s>                ( - -6.797e+02 1 0)
s>                ( QUESTION1 -1 -2.216e+03 5.385e+01 8.631e+00
s>                    ( - -1.625e+03 2 0)
s>                    ( - -5.370e+02 2 0)))
s>            ( - -3.610e+03 3 0)))INFO: dtree.c(1315): Comp split 22
INFO: dtree.c(1439): stop. leaf nodes are specific
INFO: dtree.c(1478): Final simple tree
|( QUESTION0_8_R 1 -6.949e+03 1.407e+02 2.977e+01
|    ( - -1.335e+03 1 0)
|    ( QUESTION0_4_R 1 -5.473e+03 1.001e+02 2.292e+01
|        ( - -5.148e+02 2 0)
|        ( QUESTION0_0_R 1 -4.858e+03 9.452e+01 2.092e+01
|            ( - -6.065e+02 1 0)
|            ( QUESTION11 -1 -4.157e+03 7.528e+01 1.792e+01
|                ( - -1.810e+03 2 0)
|                ( QUESTION4 -1 -2.272e+03 7.406e+01 9.997e+00
|                    ( - -1.934e+02 1 0)
|                    ( QUESTION0 -1 -2.005e+03 5.895e+01 8.997e+00
|                        ( - -1.979e+02 1 0)
|                        ( - -1.748e+03 3 0)))))))
s>    ( QUESTION0_8_R 1 -6.949e+03 1.407e+02 2.977e+01
s>        ( - -1.335e+03 1 0)
s>        ( QUESTION0_4_R 1 -5.473e+03 1.001e+02 2.292e+01
s>            ( - -5.148e+02 2 0)
s>            ( QUESTION0_0_R 1 -4.858e+03 9.452e+01 2.092e+01
s>                ( - -6.065e+02 1 0)
s>                ( QUESTION11 -1 -4.157e+03 7.528e+01 1.792e+01
s>                    ( - -1.810e+03 2 0)
s>                    ( QUESTION4 -1 -2.272e+03 7.406e+01 9.997e+00
s>                        ( - -1.934e+02 1 0)
s>                        ( QUESTION0 -1 -2.005e+03 5.895e+01 8.997e+00
s>                            ( - -1.979e+02 1 0)
s>                            ( - -1.748e+03 3 0)))))))INFO: dtree.c(1315): Comp split 23
INFO: dtree.c(1439): stop. leaf nodes are specific
INFO: dtree.c(1478): Final simple tree
|( QUESTION0_7_R 1 -6.850e+03 1.200e+02 3.014e+01
|    ( - -7.897e+02 1 0)
|    ( QUESTION11 1 -5.940e+03 1.010e+02 2.614e+01
|        ( - -1.431e+03 2 0)
|        ( QUESTION0 -1 -4.409e+03 8.445e+01 1.914e+01
|            ( - -1.514e+03 2 0)
|            ( QUESTION0_3_R 1 -2.810e+03 7.821e+01 1.237e+01
|                ( - -2.230e+03 4 0)
|                ( - -5.015e+02 1 0)))))
s>    ( QUESTION0_7_R 1 -6.850e+03 1.200e+02 3.014e+01
s>        ( - -7.897e+02 1 0)
s>        ( QUESTION11 1 -5.940e+03 1.010e+02 2.614e+01
s>            ( - -1.431e+03 2 0)
s>            ( QUESTION0 -1 -4.409e+03 8.445e+01 1.914e+01
s>                ( - -1.514e+03 2 0)
s>                ( QUESTION0_3_R 1 -2.810e+03 7.821e+01 1.237e+01
s>                    ( - -2.230e+03 4 0)
s>                    ( - -5.015e+02 1 0)))))INFO: dtree.c(1315): Comp split 24
INFO: dtree.c(1439): stop. leaf nodes are specific
INFO: dtree.c(1478): Final simple tree
|( QUESTION0_4_R 1 -5.473e+03 1.001e+02 2.292e+01
|    ( - -5.148e+02 2 0)
|    ( QUESTION0_0_R 1 -4.858e+03 9.452e+01 2.092e+01
|        ( - -6.065e+02 1 0)
|        ( QUESTION11 -1 -4.157e+03 7.528e+01 1.792e+01
|            ( - -1.810e+03 2 0)
|            ( QUESTION4 -1 -2.272e+03 7.406e+01 9.997e+00
|                ( - -1.934e+02 1 0)
|                ( QUESTION0 -1 -2.005e+03 5.895e+01 8.997e+00
|                    ( - -1.979e+02 1 0)
|                    ( - -1.748e+03 3 0))))))
s>    ( QUESTION0_4_R 1 -5.473e+03 1.001e+02 2.292e+01
s>        ( - -5.148e+02 2 0)
s>        ( QUESTION0_0_R 1 -4.858e+03 9.452e+01 2.092e+01
s>            ( - -6.065e+02 1 0)
s>            ( QUESTION11 -1 -4.157e+03 7.528e+01 1.792e+01
s>                ( - -1.810e+03 2 0)
s>                ( QUESTION4 -1 -2.272e+03 7.406e+01 9.997e+00
s>                    ( - -1.934e+02 1 0)
s>                    ( QUESTION0 -1 -2.005e+03 5.895e+01 8.997e+00
s>                        ( - -1.979e+02 1 0)
s>                        ( - -1.748e+03 3 0))))))INFO: dtree.c(1315): Comp split 25
INFO: dtree.c(1439): stop. leaf nodes are specific
INFO: dtree.c(1478): Final simple tree
|( QUESTION11 -1 -4.856e+03 1.040e+02 2.098e+01
|    ( QUESTION0_6_R 1 -9.833e+02 1.092e+02 5.000e+00
|        ( - -3.390e+02 1 0)
|        ( - -5.350e+02 1 0))
|    ( QUESTION0_5_R 1 -3.769e+03 8.876e+01 1.598e+01
|        ( QUESTION19 -1 -3.531e+03 7.637e+01 1.498e+01
|            ( - -1.311e+03 3 0)
|            ( QUESTION0 -1 -2.143e+03 6.853e+01 8.984e+00
|                ( - -6.883e+02 1 0)
|                ( QUESTION0_6_R 1 -1.386e+03 7.051e+01 5.984e+00
|                    ( - -1.102e+03 1 0)
|                    ( - -2.139e+02 1 0))))
|        ( - -1.494e+02 1 0)))
s>    ( QUESTION11 -1 -4.856e+03 1.040e+02 2.098e+01
s>        ( QUESTION0_6_R 1 -9.833e+02 1.092e+02 5.000e+00
s>            ( - -3.390e+02 1 0)
s>            ( - -5.350e+02 1 0))
s>        ( QUESTION0_5_R 1 -3.769e+03 8.876e+01 1.598e+01
s>            ( QUESTION19 -1 -3.531e+03 7.637e+01 1.498e+01
s>                ( - -1.311e+03 3 0)
s>                ( QUESTION0 -1 -2.143e+03 6.853e+01 8.984e+00
s>                    ( - -6.883e+02 1 0)
s>                    ( QUESTION0_6_R 1 -1.386e+03 7.051e+01 5.984e+00
s>                        ( - -1.102e+03 1 0)
s>                        ( - -2.139e+02 1 0))))
s>            ( - -1.494e+02 1 0)))INFO: dtree.c(1478): Final simple tree
|( QUESTION14 -1 -6.154e+03 9.114e+01 2.504e+01
|    ( - -6.558e+02 1 0)
|    ( QUESTION0_3_R 1 -5.407e+03 7.587e+01 2.201e+01
|        ( WDBNDRY_B 0 -3.652e+03 6.672e+01 1.500e+01
|            ( QUESTION16 -1 -2.748e+03 5.625e+01 1.119e+01
|                ( - -1.178e+03 3 0 QUESTION11 1 6.540e+01 5.002e+00)
|                ( - -1.514e+03 3 0 QUESTION11 1 4.293e+01 6.190e+00))
|            ( - -8.375e+02 1 0))
|        ( QUESTION0_5_R 1 -1.679e+03 6.658e+01 7.010e+00
|            ( QUESTION0_6_R 1 -9.831e+02 6.321e+01 4.010e+00
|                ( - -4.445e+02 1 0)
|                ( QUESTION16 -1 -4.754e+02 6.099e+01 2.000e+00
|                    ( - -1.913e+02 1 0)
|                    ( - -2.231e+02 1 0)))
|            ( - -6.289e+02 1 0))))
s>    ( QUESTION14 -1 -6.154e+03 9.114e+01 2.504e+01
s>        ( - -6.558e+02 1 0)
s>        ( QUESTION0_3_R 1 -5.407e+03 7.587e+01 2.201e+01
s>            ( WDBNDRY_B 0 -3.652e+03 6.672e+01 1.500e+01
s>                ( QUESTION16 -1 -2.748e+03 5.625e+01 1.119e+01
s>                    ( - -1.178e+03 3 0 QUESTION11 1 6.540e+01 5.002e+00)
s>                    ( - -1.514e+03 3 0 QUESTION11 1 4.293e+01 6.190e+00))
s>                ( - -8.375e+02 1 0))
s>            ( QUESTION0_5_R 1 -1.679e+03 6.658e+01 7.010e+00
s>                ( QUESTION0_6_R 1 -9.831e+02 6.321e+01 4.010e+00
s>                    ( - -4.445e+02 1 0)
s>                    ( QUESTION16 -1 -4.754e+02 6.099e+01 2.000e+00
s>                        ( - -1.913e+02 1 0)
s>                        ( - -2.231e+02 1 0)))
s>                ( - -6.289e+02 1 0))))INFO: dtree.c(1315): Comp split 26
INFO: dtree.c(1439): stop. leaf nodes are specific
INFO: dtree.c(1478): Final simple tree
|( QUESTION11 1 -5.940e+03 1.010e+02 2.614e+01
|    ( - -1.431e+03 2 0)
|    ( QUESTION0 -1 -4.409e+03 8.445e+01 1.914e+01
|        ( - -1.514e+03 2 0)
|        ( QUESTION0_3_R 1 -2.810e+03 7.821e+01 1.237e+01
|            ( - -2.230e+03 4 0)
|            ( - -5.015e+02 1 0))))
s>    ( QUESTION11 1 -5.940e+03 1.010e+02 2.614e+01
s>        ( - -1.431e+03 2 0)
s>        ( QUESTION0 -1 -4.409e+03 8.445e+01 1.914e+01
s>            ( - -1.514e+03 2 0)
s>            ( QUESTION0_3_R 1 -2.810e+03 7.821e+01 1.237e+01
s>                ( - -2.230e+03 4 0)
s>                ( - -5.015e+02 1 0))))INFO: dtree.c(1315): Comp split 27
INFO: dtree.c(1439): stop. leaf nodes are specific
INFO: dtree.c(1478): Final simple tree
|( WDBNDRY_B 0 -3.782e+03 8.984e+01 1.741e+01
|    ( - -1.698e+03 2 0)
|    ( - -1.994e+03 1 0))
s>    ( WDBNDRY_B 0 -3.782e+03 8.984e+01 1.741e+01
s>        ( - -1.698e+03 2 0)
s>        ( - -1.994e+03 1 0))INFO: dtree.c(1315): Comp split 28
INFO: dtree.c(1439): stop. leaf nodes are specific
INFO: dtree.c(1478): Final simple tree
|( SILENCE -1 -1.601e+03 8.925e+01 7.001e+00
|    ( - -4.370e+02 1 0)
|    ( - -1.074e+03 1 0))
s>    ( SILENCE -1 -1.601e+03 8.925e+01 7.001e+00
s>        ( - -4.370e+02 1 0)
s>        ( - -1.074e+03 1 0))INFO: dtree.c(1439): stop. leaf nodes are specific
INFO: dtree.c(1478): Final simple tree
|( SILENCE -1 -3.904e+03 9.782e+01 1.693e+01
|    ( - -1.367e+03 2 0)
|    ( - -2.439e+03 1 0))
s>    ( SILENCE -1 -3.904e+03 9.782e+01 1.693e+01
s>        ( - -1.367e+03 2 0)
s>        ( - -2.439e+03 1 0))INFO: dtree.c(1315): Comp split 29
INFO: dtree.c(1439): stop. leaf nodes are specific
INFO: dtree.c(1478): Final simple tree
|( QUESTION11 -1 -4.213e+03 1.052e+02 1.798e+01
|    ( - -3.390e+02 1 0)
|    ( QUESTION0_5_R 1 -3.769e+03 8.876e+01 1.598e+01
|        ( QUESTION19 -1 -3.531e+03 7.637e+01 1.498e+01
|            ( - -1.311e+03 3 0)
|            ( QUESTION0 -1 -2.143e+03 6.853e+01 8.984e+00
|                ( - -6.883e+02 1 0)
|                ( QUESTION0_6_R 1 -1.386e+03 7.051e+01 5.984e+00
|                    ( - -1.102e+03 1 0)
|                    ( - -2.139e+02 1 0))))
|        ( - -1.494e+02 1 0)))
s>    ( QUESTION11 -1 -4.213e+03 1.052e+02 1.798e+01
s>        ( - -3.390e+02 1 0)
s>        ( QUESTION0_5_R 1 -3.769e+03 8.876e+01 1.598e+01
s>            ( QUESTION19 -1 -3.531e+03 7.637e+01 1.498e+01
s>                ( - -1.311e+03 3 0)
s>                ( QUESTION0 -1 -2.143e+03 6.853e+01 8.984e+00
s>                    ( - -6.883e+02 1 0)
s>                    ( QUESTION0_6_R 1 -1.386e+03 7.051e+01 5.984e+00
s>                        ( - -1.102e+03 1 0)
s>                        ( - -2.139e+02 1 0))))
s>            ( - -1.494e+02 1 0)))INFO: dtree.c(1315): Comp split 30
INFO: dtree.c(1439): stop. leaf nodes are specific
INFO: dtree.c(1478): Final simple tree
|( QUESTION0 -1 -6.670e+03 9.838e+01 2.597e+01
|    ( QUESTION11 1 -2.962e+03 6.596e+01 1.162e+01
|        ( - -6.797e+02 1 0)
|        ( QUESTION1 -1 -2.216e+03 5.385e+01 8.631e+00
|            ( - -1.625e+03 2 0)
|            ( - -5.370e+02 2 0)))
|    ( - -3.610e+03 3 0))
s>    ( QUESTION0 -1 -6.670e+03 9.838e+01 2.597e+01
s>        ( QUESTION11 1 -2.962e+03 6.596e+01 1.162e+01
s>            ( - -6.797e+02 1 0)
s>            ( QUESTION1 -1 -2.216e+03 5.385e+01 8.631e+00
s>                ( - -1.625e+03 2 0)
s>                ( - -5.370e+02 2 0)))
s>        ( - -3.610e+03 3 0))INFO: dtree.c(1315): Comp split 31
INFO: dtree.c(1439): stop. leaf nodes are specific
INFO: dtree.c(1478): Final simple tree
|( QUESTION0_5_R 1 -3.769e+03 8.876e+01 1.598e+01
|    ( QUESTION19 -1 -3.531e+03 7.637e+01 1.498e+01
|        ( - -1.311e+03 3 0)
|        ( QUESTION0 -1 -2.143e+03 6.853e+01 8.984e+00
|            ( - -6.883e+02 1 0)
|            ( QUESTION0_6_R 1 -1.386e+03 7.051e+01 5.984e+00
|                ( - -1.102e+03 1 0)
|                ( - -2.139e+02 1 0))))
|    ( - -1.494e+02 1 0))
s>    ( QUESTION0_5_R 1 -3.769e+03 8.876e+01 1.598e+01
s>        ( QUESTION19 -1 -3.531e+03 7.637e+01 1.498e+01
s>            ( - -1.311e+03 3 0)
s>            ( QUESTION0 -1 -2.143e+03 6.853e+01 8.984e+00
s>                ( - -6.883e+02 1 0)
s>                ( QUESTION0_6_R 1 -1.386e+03 7.051e+01 5.984e+00
s>                    ( - -1.102e+03 1 0)
s>                    ( - -2.139e+02 1 0))))
s>        ( - -1.494e+02 1 0))INFO: dtree.c(1315): Comp split 32
INFO: dtree.c(1439): stop. leaf nodes are specific
INFO: dtree.c(1478): Final simple tree
|( QUESTION0_3_R 1 -3.305e+03 8.794e+01 1.410e+01
|    ( - -2.801e+03 3 0)
|    ( - -4.159e+02 1 0))
s>    ( QUESTION0_3_R 1 -3.305e+03 8.794e+01 1.410e+01
s>        ( - -2.801e+03 3 0)
s>        ( - -4.159e+02 1 0))INFO: dtree.c(1315): Comp split 33
INFO: dtree.c(1439): stop. leaf nodes are specific
INFO: dtree.c(1478): Final simple tree
|( QUESTION11 -1 -2.491e+03 6.336e+01 1.101e+01
|    ( - -2.247e+03 1 0)
|    ( - -1.805e+02 1 0))
s>    ( QUESTION11 -1 -2.491e+03 6.336e+01 1.101e+01
s>        ( - -2.247e+03 1 0)
s>        ( - -1.805e+02 1 0))INFO: dtree.c(1315): Comp split 34
INFO: dtree.c(1439): stop. leaf nodes are specific
INFO: dtree.c(1478): Final simple tree
|( QUESTION0 -1 -4.409e+03 8.445e+01 1.914e+01
|    ( - -1.514e+03 2 0)
|    ( QUESTION0_3_R 1 -2.810e+03 7.821e+01 1.237e+01
|        ( - -2.230e+03 4 0)
|        ( - -5.015e+02 1 0)))
s>    ( QUESTION0 -1 -4.409e+03 8.445e+01 1.914e+01
s>        ( - -1.514e+03 2 0)
s>        ( QUESTION0_3_R 1 -2.810e+03 7.821e+01 1.237e+01
s>            ( - -2.230e+03 4 0)
s>            ( - -5.015e+02 1 0)))INFO: dtree.c(1315): Comp split 35
INFO: dtree.c(1439): stop. leaf nodes are specific
INFO: dtree.c(1478): Final simple tree
|( QUESTION0_0_R 1 -4.858e+03 9.452e+01 2.092e+01
|    ( - -6.065e+02 1 0)
|    ( QUESTION11 -1 -4.157e+03 7.528e+01 1.792e+01
|        ( - -1.810e+03 2 0)
|        ( QUESTION4 -1 -2.272e+03 7.406e+01 9.997e+00
|            ( - -1.934e+02 1 0)
|            ( QUESTION0 -1 -2.005e+03 5.895e+01 8.997e+00
|                ( - -1.979e+02 1 0)
|                ( - -1.748e+03 3 0)))))
s>    ( QUESTION0_0_R 1 -4.858e+03 9.452e+01 2.092e+01
s>        ( - -6.065e+02 1 0)
s>        ( QUESTION11 -1 -4.157e+03 7.528e+01 1.792e+01
s>            ( - -1.810e+03 2 0)
s>            ( QUESTION4 -1 -2.272e+03 7.406e+01 9.997e+00
s>                ( - -1.934e+02 1 0)
s>                ( QUESTION0 -1 -2.005e+03 5.895e+01 8.997e+00
s>                    ( - -1.979e+02 1 0)
s>                    ( - -1.748e+03 3 0)))))INFO: dtree.c(1315): Comp split 36
INFO: dtree.c(1439): stop. leaf nodes are specific
INFO: dtree.c(1478): Final simple tree
|( QUESTION11 1 -2.962e+03 6.596e+01 1.162e+01
|    ( - -6.797e+02 1 0)
|    ( QUESTION1 -1 -2.216e+03 5.385e+01 8.631e+00
|        ( - -1.625e+03 2 0)
|        ( - -5.370e+02 2 0)))
s>    ( QUESTION11 1 -2.962e+03 6.596e+01 1.162e+01
s>        ( - -6.797e+02 1 0)
s>        ( QUESTION1 -1 -2.216e+03 5.385e+01 8.631e+00
s>            ( - -1.625e+03 2 0)
s>            ( - -5.370e+02 2 0)))INFO: dtree.c(1315): Comp split 37
INFO: dtree.c(1315): Comp split 38
INFO: dtree.c(1439): stop. leaf nodes are specific
INFO: dtree.c(1478): Final simple tree
|( WDBNDRY_B 0 -3.934e+03 6.946e+01 1.600e+01
|    ( QUESTION16 -1 -3.027e+03 6.157e+01 1.219e+01
|        ( QUESTION11 1 -1.178e+03 6.540e+01 5.002e+00
|            ( - -4.435e+02 1 0)
|            ( - -6.691e+02 2 0))
|        ( QUESTION0_3_R 1 -1.787e+03 5.045e+01 7.190e+00
|            ( QUESTION11 1 -1.514e+03 4.293e+01 6.190e+00
|                ( - -1.260e+03 2 0)
|                ( - -2.110e+02 1 0))
|            ( - -2.231e+02 1 0)))
|    ( - -8.375e+02 1 0))
s>    ( WDBNDRY_B 0 -3.934e+03 6.946e+01 1.600e+01
s>        ( QUESTION16 -1 -3.027e+03 6.157e+01 1.219e+01
s>            ( QUESTION11 1 -1.178e+03 6.540e+01 5.002e+00
s>                ( - -4.435e+02 1 0)
s>                ( - -6.691e+02 2 0))
s>            ( QUESTION0_3_R 1 -1.787e+03 5.045e+01 7.190e+00
s>                ( QUESTION11 1 -1.514e+03 4.293e+01 6.190e+00
s>                    ( - -1.260e+03 2 0)
s>                    ( - -2.110e+02 1 0))
s>                ( - -2.231e+02 1 0)))
s>        ( - -8.375e+02 1 0))INFO: dtree.c(1439): stop. leaf nodes are specific
INFO: dtree.c(1478): Final simple tree
|( QUESTION14 -1 -2.125e+03 8.184e+01 9.040e+00
|    ( - -6.558e+02 1 0)
|    ( QUESTION0_5_R 1 -1.388e+03 6.332e+01 6.010e+00
|        ( QUESTION0_6_R 1 -6.953e+02 5.948e+01 3.009e+00
|            ( - -4.445e+02 1 0)
|            ( - -1.913e+02 1 0))
|        ( - -6.289e+02 1 0)))
s>    ( QUESTION14 -1 -2.125e+03 8.184e+01 9.040e+00
s>        ( - -6.558e+02 1 0)
s>        ( QUESTION0_5_R 1 -1.388e+03 6.332e+01 6.010e+00
s>            ( QUESTION0_6_R 1 -6.953e+02 5.948e+01 3.009e+00
s>                ( - -4.445e+02 1 0)
s>                ( - -1.913e+02 1 0))
s>            ( - -6.289e+02 1 0)))INFO: dtree.c(1315): Comp split 39
INFO: dtree.c(1439): stop. leaf nodes are specific
INFO: dtree.c(1478): Final simple tree
|( QUESTION11 -1 -4.157e+03 7.528e+01 1.792e+01
|    ( - -1.810e+03 2 0)
|    ( QUESTION4 -1 -2.272e+03 7.406e+01 9.997e+00
|        ( - -1.934e+02 1 0)
|        ( QUESTION0 -1 -2.005e+03 5.895e+01 8.997e+00
|            ( - -1.979e+02 1 0)
|            ( - -1.748e+03 3 0))))
s>    ( QUESTION11 -1 -4.157e+03 7.528e+01 1.792e+01
s>        ( - -1.810e+03 2 0)
s>        ( QUESTION4 -1 -2.272e+03 7.406e+01 9.997e+00
s>            ( - -1.934e+02 1 0)
s>            ( QUESTION0 -1 -2.005e+03 5.895e+01 8.997e+00
s>                ( - -1.979e+02 1 0)
s>                ( - -1.748e+03 3 0))))INFO: dtree.c(1315): Comp split 40
INFO: dtree.c(1315): Comp split 41
INFO: dtree.c(1315): Comp split 42
INFO: dtree.c(1439): stop. leaf nodes are specific
INFO: dtree.c(1478): Final simple tree
|( QUESTION19 -1 -3.531e+03 7.637e+01 1.498e+01
|    ( - -1.311e+03 3 0)
|    ( QUESTION0 -1 -2.143e+03 6.853e+01 8.984e+00
|        ( - -6.883e+02 1 0)
|        ( QUESTION0_6_R 1 -1.386e+03 7.051e+01 5.984e+00
|            ( - -1.102e+03 1 0)
|            ( - -2.139e+02 1 0))))
s>    ( QUESTION19 -1 -3.531e+03 7.637e+01 1.498e+01
s>        ( - -1.311e+03 3 0)
s>        ( QUESTION0 -1 -2.143e+03 6.853e+01 8.984e+00
s>            ( - -6.883e+02 1 0)
s>            ( QUESTION0_6_R 1 -1.386e+03 7.051e+01 5.984e+00
s>                ( - -1.102e+03 1 0)
s>                ( - -2.139e+02 1 0))))INFO: dtree.c(1315): Comp split 43
INFO: dtree.c(1315): Comp split 44
INFO: dtree.c(1439): stop. leaf nodes are specific
INFO: dtree.c(1478): Final simple tree
|( QUESTION0_3_R 1 -2.810e+03 7.821e+01 1.237e+01
|    ( - -2.230e+03 4 0)
|    ( - -5.015e+02 1 0))
s>    ( QUESTION0_3_R 1 -2.810e+03 7.821e+01 1.237e+01
s>        ( - -2.230e+03 4 0)
s>        ( - -5.015e+02 1 0))INFO: dtree.c(1315): Comp split 45
INFO: dtree.c(1439): stop. leaf nodes are specific
INFO: dtree.c(1478): Final simple tree
|( QUESTION0_5_R 1 -1.388e+03 6.332e+01 6.010e+00
|    ( QUESTION0_6_R 1 -6.953e+02 5.948e+01 3.009e+00
|        ( - -4.445e+02 1 0)
|        ( - -1.913e+02 1 0))
|    ( - -6.289e+02 1 0))
s>    ( QUESTION0_5_R 1 -1.388e+03 6.332e+01 6.010e+00
s>        ( QUESTION0_6_R 1 -6.953e+02 5.948e+01 3.009e+00
s>            ( - -4.445e+02 1 0)
s>            ( - -1.913e+02 1 0))
s>        ( - -6.289e+02 1 0))INFO: dtree.c(1315): Comp split 46
INFO: dtree.c(1439): stop. leaf nodes are specific
INFO: dtree.c(1478): Final simple tree
|( QUESTION19 -1 -2.350e+03 7.590e+01 9.999e+00
|    ( - -1.311e+03 3 0)
|    ( QUESTION0_6_R 1 -9.623e+02 6.010e+01 3.999e+00
|        ( - -6.883e+02 1 0)
|        ( - -2.139e+02 1 0)))
s>    ( QUESTION19 -1 -2.350e+03 7.590e+01 9.999e+00
s>        ( - -1.311e+03 3 0)
s>        ( QUESTION0_6_R 1 -9.623e+02 6.010e+01 3.999e+00
s>            ( - -6.883e+02 1 0)
s>            ( - -2.139e+02 1 0)))INFO: dtree.c(1315): Comp split 47
INFO: dtree.c(1315): Comp split 48
INFO: dtree.c(1439): stop. leaf nodes are specific
INFO: dtree.c(1478): Final simple tree
|( QUESTION0_6_R 1 -9.623e+02 6.010e+01 3.999e+00
|    ( - -6.883e+02 1 0)
|    ( - -2.139e+02 1 0))
s>    ( QUESTION0_6_R 1 -9.623e+02 6.010e+01 3.999e+00
s>        ( - -6.883e+02 1 0)
s>        ( - -2.139e+02 1 0))INFO: dtree.c(1315): Comp split 49
INFO: dtree.c(1439): stop. leaf nodes are specific
INFO: dtree.c(1478): Final simple tree
|( QUESTION4 -1 -2.272e+03 7.406e+01 9.997e+00
|    ( - -1.934e+02 1 0)
|    ( QUESTION0 -1 -2.005e+03 5.895e+01 8.997e+00
|        ( - -1.979e+02 1 0)
|        ( - -1.748e+03 3 0)))
s>    ( QUESTION4 -1 -2.272e+03 7.406e+01 9.997e+00
s>        ( - -1.934e+02 1 0)
s>        ( QUESTION0 -1 -2.005e+03 5.895e+01 8.997e+00
s>            ( - -1.979e+02 1 0)
s>            ( - -1.748e+03 3 0)))INFO: dtree.c(1315): Comp split 50
INFO: dtree.c(1439): stop. leaf nodes are specific
INFO: dtree.c(1478): Final simple tree
|( QUESTION0 -1 -2.005e+03 5.895e+01 8.997e+00
|    ( - -1.979e+02 1 0)
|    ( - -1.748e+03 3 0))
s>    ( QUESTION0 -1 -2.005e+03 5.895e+01 8.997e+00
s>        ( - -1.979e+02 1 0)
s>        ( - -1.748e+03 3 0))INFO: dtree.c(1315): Comp split 51
INFO: dtree.c(1439): stop. leaf nodes are specific
INFO: dtree.c(1478): Final simple tree
|( WDBNDRY_B 0 -3.192e+03 6.837e+01 1.300e+01
|    ( QUESTION16 -1 -2.286e+03 5.540e+01 9.190e+00
|        ( - -4.435e+02 1 0)
|        ( QUESTION0_3_R 1 -1.787e+03 5.045e+01 7.190e+00
|            ( QUESTION11 1 -1.514e+03 4.293e+01 6.190e+00
|                ( - -1.260e+03 2 0)
|                ( - -2.110e+02 1 0))
|            ( - -2.231e+02 1 0)))
|    ( - -8.375e+02 1 0))
s>    ( WDBNDRY_B 0 -3.192e+03 6.837e+01 1.300e+01
s>        ( QUESTION16 -1 -2.286e+03 5.540e+01 9.190e+00
s>            ( - -4.435e+02 1 0)
s>            ( QUESTION0_3_R 1 -1.787e+03 5.045e+01 7.190e+00
s>                ( QUESTION11 1 -1.514e+03 4.293e+01 6.190e+00
s>                    ( - -1.260e+03 2 0)
s>                    ( - -2.110e+02 1 0))
s>                ( - -2.231e+02 1 0)))
s>        ( - -8.375e+02 1 0))INFO: dtree.c(1315): Comp split 52
INFO: dtree.c(1439): stop. leaf nodes are specific
INFO: dtree.c(1478): Final simple tree
|( QUESTION16 -1 -2.286e+03 5.540e+01 9.190e+00
|    ( - -4.435e+02 1 0)
|    ( QUESTION0_3_R 1 -1.787e+03 5.045e+01 7.190e+00
|        ( QUESTION11 1 -1.514e+03 4.293e+01 6.190e+00
|            ( - -1.260e+03 2 0)
|            ( - -2.110e+02 1 0))
|        ( - -2.231e+02 1 0)))
s>    ( QUESTION16 -1 -2.286e+03 5.540e+01 9.190e+00
s>        ( - -4.435e+02 1 0)
s>        ( QUESTION0_3_R 1 -1.787e+03 5.045e+01 7.190e+00
s>            ( QUESTION11 1 -1.514e+03 4.293e+01 6.190e+00
s>                ( - -1.260e+03 2 0)
s>                ( - -2.110e+02 1 0))
s>            ( - -2.231e+02 1 0)))INFO: dtree.c(1315): Comp split 53
INFO: dtree.c(1315): Comp split 54
INFO: dtree.c(1439): stop. leaf nodes are specific
INFO: dtree.c(1478): Final simple tree
|( QUESTION1 -1 -2.216e+03 5.385e+01 8.631e+00
|    ( - -1.625e+03 2 0)
|    ( - -5.370e+02 2 0))
s>    ( QUESTION1 -1 -2.216e+03 5.385e+01 8.631e+00
s>        ( - -1.625e+03 2 0)
s>        ( - -5.370e+02 2 0))INFO: dtree.c(1315): Comp split 55
INFO: dtree.c(1315): Comp split 56
INFO: dtree.c(1439): stop. leaf nodes are specific
INFO: dtree.c(1478): Final simple tree
|( QUESTION0_6_R 1 -6.953e+02 5.948e+01 3.009e+00
|    ( - -4.445e+02 1 0)
|    ( - -1.913e+02 1 0))
s>    ( QUESTION0_6_R 1 -6.953e+02 5.948e+01 3.009e+00
s>        ( - -4.445e+02 1 0)
s>        ( - -1.913e+02 1 0))INFO: dtree.c(1315): Comp split 57
INFO: dtree.c(1315): Comp split 58
INFO: dtree.c(1315): Comp split 59
INFO: dtree.c(1315): Comp split 60
INFO: dtree.c(1439): stop. leaf nodes are specific
INFO: dtree.c(1478): Final simple tree
|( QUESTION0_3_R 1 -1.787e+03 5.045e+01 7.190e+00
|    ( QUESTION11 1 -1.514e+03 4.293e+01 6.190e+00
|        ( - -1.260e+03 2 0)
|        ( - -2.110e+02 1 0))
|    ( - -2.231e+02 1 0))
s>    ( QUESTION0_3_R 1 -1.787e+03 5.045e+01 7.190e+00
s>        ( QUESTION11 1 -1.514e+03 4.293e+01 6.190e+00
s>            ( - -1.260e+03 2 0)
s>            ( - -2.110e+02 1 0))
s>        ( - -2.231e+02 1 0))INFO: dtree.c(1315): Comp split 61
INFO: dtree.c(1315): Comp split 62
INFO: dtree.c(1439): stop. leaf nodes are specific
INFO: dtree.c(1478): Final simple tree
|( QUESTION11 1 -1.514e+03 4.293e+01 6.190e+00
|    ( - -1.260e+03 2 0)
|    ( - -2.110e+02 1 0))
s>    ( QUESTION11 1 -1.514e+03 4.293e+01 6.190e+00
s>        ( - -1.260e+03 2 0)
s>        ( - -2.110e+02 1 0))INFO: dtree.c(1315): Comp split 63
INFO: dtree.c(1315): Comp split 64
INFO: dtree.c(1318): stop. leaf nodes are specific
Thu May  7 00:23:20 2020
