Current configuration:
[NAME]		[DEFLT]	[VALUE]
-allphones	no	no
-cntthresh	0.00001	1.000000e-05
-csplitmax	100	2000
-csplitmin	1	1
-csplitthr	8e-4	0.000000e+00
-example	no	no
-fullvar	no	no
-help		no	no
-meanfn			/home/abdy/Desktop/diploma/kg/model_parameters/kg.cd_cont_untied/means
-mixwfn			/home/abdy/Desktop/diploma/kg/model_parameters/kg.cd_cont_untied/mixture_weights
-moddeffn		/home/abdy/Desktop/diploma/kg/model_architecture/kg.untied.mdef
-mwfloor	1e-4	1.000000e-08
-phone			k
-psetfn			/home/abdy/Desktop/diploma/kg/model_architecture/kg.tree_questions
-ssplitmax	5	7
-ssplitmin	1	1
-ssplitthr	8e-4	0.000000e+00
-state			0
-stwt			1.0,0.05,0.0,
-treefn			/home/abdy/Desktop/diploma/kg/trees/kg.unpruned/k-0.dtree
-ts2cbfn	.semi.	.cont.
-varfloor	0.00001	1.000000e-05
-varfn			/home/abdy/Desktop/diploma/kg/model_parameters/kg.cd_cont_untied/variances

INFO: main.c(223): Reading: /home/abdy/Desktop/diploma/kg/model_architecture/kg.untied.mdef
INFO: model_def_io.c(573): Model definition info:
INFO: model_def_io.c(574): 10297 total models defined (47 base, 10250 tri)
INFO: model_def_io.c(575): 41188 total states
INFO: model_def_io.c(576): 30891 total tied states
INFO: model_def_io.c(577): 141 total tied CI states
INFO: model_def_io.c(578): 47 total tied transition matrices
INFO: model_def_io.c(579): 4 max state/model
INFO: model_def_io.c(580): 4 min state/model
INFO: main.c(242): Building trees for [k SIL e0 b] through [k zh n e]
INFO: main.c(269): Covering states |[10704 11642]| == 939
INFO: main.c(275): Reading: /home/abdy/Desktop/diploma/kg/model_parameters/kg.cd_cont_untied/mixture_weights
INFO: s3mixw_io.c(173): Read /home/abdy/Desktop/diploma/kg/model_parameters/kg.cd_cont_untied/mixture_weights [939x1x1 array]
INFO: main.c(311): 78 of 313 models have observation count greater than 0.000010
INFO: main.c(95): nrm stwt: 0.952 0.048 0.000 
INFO: s3gau_io.c(169): Read /home/abdy/Desktop/diploma/kg/model_parameters/kg.cd_cont_untied/means [30891x1x1 array]
INFO: s3gau_io.c(169): Read /home/abdy/Desktop/diploma/kg/model_parameters/kg.cd_cont_untied/variances [30891x1x1 array]
INFO: main.c(549): Reading: /home/abdy/Desktop/diploma/kg/model_architecture/kg.tree_questions
INFO: main.c(588): 174 total simple questions (166 phone; 8 word bndry)
INFO: main.c(590): 40 Left Only questions, and 42 Right Only questions
INFO: dtree.c(1478): Final simple tree
|( QUESTION10 1 -1.383e+05 7.497e+02 5.612e+02
|    ( QUESTION12 -1 -8.475e+04 5.010e+02 3.388e+02
|        ( QUESTION0_5_R 1 -4.829e+04 3.497e+02 1.949e+02
|            ( - -2.374e+04 14 0 WDBNDRY_E 0 2.042e+02 9.857e+01)
|            ( - -2.421e+04 19 0 QUESTION17 -1 1.575e+02 9.629e+01))
|        ( QUESTION0_8_R 1 -3.595e+04 4.689e+02 1.440e+02
|            ( - 2.174e+02 1 0)
|            ( QUESTION0 -1 -3.570e+04 2.859e+02 1.430e+02
|                ( - -1.990e+04 18 0 QUESTION0_5_R 1 1.433e+02 7.952e+01)
|                ( QUESTION0_6_R 1 -1.551e+04 2.483e+02 6.348e+01
|                    ( - -6.650e+03 3 0 SILENCE -1 5.544e+01 2.892e+01)
|                    ( - -8.616e+03 6 0 QUESTION0_0_R 1 1.402e+02 3.456e+01)))))
|    ( QUESTION0_15_R 1 -5.284e+04 3.574e+02 2.224e+02
|        ( - -9.799e+03 3 0 QUESTION13 -1 2.069e+02 4.583e+01)
|        ( - -4.268e+04 14 0 QUESTION0 -1 2.408e+02 1.765e+02)))
s>    ( QUESTION10 1 -1.383e+05 7.497e+02 5.612e+02
s>        ( QUESTION12 -1 -8.475e+04 5.010e+02 3.388e+02
s>            ( QUESTION0_5_R 1 -4.829e+04 3.497e+02 1.949e+02
s>                ( - -2.374e+04 14 0 WDBNDRY_E 0 2.042e+02 9.857e+01)
s>                ( - -2.421e+04 19 0 QUESTION17 -1 1.575e+02 9.629e+01))
s>            ( QUESTION0_8_R 1 -3.595e+04 4.689e+02 1.440e+02
s>                ( - 2.174e+02 1 0)
s>                ( QUESTION0 -1 -3.570e+04 2.859e+02 1.430e+02
s>                    ( - -1.990e+04 18 0 QUESTION0_5_R 1 1.433e+02 7.952e+01)
s>                    ( QUESTION0_6_R 1 -1.551e+04 2.483e+02 6.348e+01
s>                        ( - -6.650e+03 3 0 SILENCE -1 5.544e+01 2.892e+01)
s>                        ( - -8.616e+03 6 0 QUESTION0_0_R 1 1.402e+02 3.456e+01)))))
s>        ( QUESTION0_15_R 1 -5.284e+04 3.574e+02 2.224e+02
s>            ( - -9.799e+03 3 0 QUESTION13 -1 2.069e+02 4.583e+01)
s>            ( - -4.268e+04 14 0 QUESTION0 -1 2.408e+02 1.765e+02)))INFO: dtree.c(1315): Comp split 0
INFO: dtree.c(1478): Final simple tree
|( QUESTION19 -1 -6.850e+04 3.298e+02 2.744e+02
|    ( QUESTION0_7_R 1 -3.543e+04 2.777e+02 1.453e+02
|        ( QUESTION2_1_L -1 -1.261e+04 4.935e+02 5.102e+01
|            ( - 9.253e+01 1 0)
|            ( - -1.221e+04 7 0))
|        ( - -2.254e+04 13 0 WDBNDRY_I 0 1.171e+02 9.432e+01))
|    ( QUESTION0 -1 -3.274e+04 2.289e+02 1.290e+02
|        ( QUESTION0_5_R 1 -1.990e+04 1.433e+02 7.952e+01
|            ( - -1.271e+04 12 0 WDBNDRY_B 0 1.290e+02 5.136e+01)
|            ( QUESTION3 -1 -7.047e+03 4.986e+02 2.815e+01
|                ( - 1.619e+02 1 0)
|                ( - -6.711e+03 5 0 QUESTION5 -1 2.098e+02 2.715e+01)))
|        ( QUESTION18 -1 -1.262e+04 1.544e+02 4.951e+01
|            ( - -5.828e+02 1 0)
|            ( - -1.188e+04 11 0 QUESTION0_7_R 1 1.355e+02 4.651e+01))))
s>    ( QUESTION19 -1 -6.850e+04 3.298e+02 2.744e+02
s>        ( QUESTION0_7_R 1 -3.543e+04 2.777e+02 1.453e+02
s>            ( QUESTION2_1_L -1 -1.261e+04 4.935e+02 5.102e+01
s>                ( - 9.253e+01 1 0)
s>                ( - -1.221e+04 7 0))
s>            ( - -2.254e+04 13 0 WDBNDRY_I 0 1.171e+02 9.432e+01))
s>        ( QUESTION0 -1 -3.274e+04 2.289e+02 1.290e+02
s>            ( QUESTION0_5_R 1 -1.990e+04 1.433e+02 7.952e+01
s>                ( - -1.271e+04 12 0 WDBNDRY_B 0 1.290e+02 5.136e+01)
s>                ( QUESTION3 -1 -7.047e+03 4.986e+02 2.815e+01
s>                    ( - 1.619e+02 1 0)
s>                    ( - -6.711e+03 5 0 QUESTION5 -1 2.098e+02 2.715e+01)))
s>            ( QUESTION18 -1 -1.262e+04 1.544e+02 4.951e+01
s>                ( - -5.828e+02 1 0)
s>                ( - -1.188e+04 11 0 QUESTION0_7_R 1 1.355e+02 4.651e+01))))INFO: dtree.c(1478): Final simple tree
|( QUESTION15 1 -6.892e+04 4.677e+02 2.869e+02
|    ( - 2.174e+02 1 0)
|    ( QUESTION0_15_R 1 -6.867e+04 3.662e+02 2.859e+02
|        ( QUESTION13 -1 -9.799e+03 2.069e+02 4.583e+01
|            ( - -7.362e+02 1 0)
|            ( - -8.856e+03 2 0 WDBNDRY_E 0 1.953e+02 4.183e+01))
|        ( QUESTION0_2_R 1 -5.851e+04 3.263e+02 2.400e+02
|            ( QUESTION0_6_R 1 -1.490e+04 2.401e+02 6.148e+01
|                ( - -6.650e+03 3 0 SILENCE -1 5.544e+01 2.892e+01)
|                ( - -8.006e+03 5 0 SILENCE -1 1.266e+02 3.256e+01))
|            ( SILENCE 1 -4.328e+04 2.453e+02 1.785e+02
|                ( - -2.162e+04 1 0)
|                ( QUESTION0 -1 -2.142e+04 2.387e+02 8.817e+01
|                    ( - -2.240e+02 1 0)
|                    ( - -2.095e+04 13 0 QUESTION0_9_R 1 1.820e+02 8.617e+01))))))
s>    ( QUESTION15 1 -6.892e+04 4.677e+02 2.869e+02
s>        ( - 2.174e+02 1 0)
s>        ( QUESTION0_15_R 1 -6.867e+04 3.662e+02 2.859e+02
s>            ( QUESTION13 -1 -9.799e+03 2.069e+02 4.583e+01
s>                ( - -7.362e+02 1 0)
s>                ( - -8.856e+03 2 0 WDBNDRY_E 0 1.953e+02 4.183e+01))
s>            ( QUESTION0_2_R 1 -5.851e+04 3.263e+02 2.400e+02
s>                ( QUESTION0_6_R 1 -1.490e+04 2.401e+02 6.148e+01
s>                    ( - -6.650e+03 3 0 SILENCE -1 5.544e+01 2.892e+01)
s>                    ( - -8.006e+03 5 0 SILENCE -1 1.266e+02 3.256e+01))
s>                ( SILENCE 1 -4.328e+04 2.453e+02 1.785e+02
s>                    ( - -2.162e+04 1 0)
s>                    ( QUESTION0 -1 -2.142e+04 2.387e+02 8.817e+01
s>                        ( - -2.240e+02 1 0)
s>                        ( - -2.095e+04 13 0 QUESTION0_9_R 1 1.820e+02 8.617e+01))))))INFO: dtree.c(1315): Comp split 1
INFO: dtree.c(1478): Final simple tree
|( QUESTION19 -1 -6.816e+04 3.255e+02 2.734e+02
|    ( QUESTION0_7_R 1 -3.543e+04 2.777e+02 1.453e+02
|        ( QUESTION2_1_L -1 -1.261e+04 4.935e+02 5.102e+01
|            ( - 9.253e+01 1 0)
|            ( - -1.221e+04 7 0))
|        ( - -2.254e+04 13 0 WDBNDRY_I 0 1.171e+02 9.432e+01))
|    ( QUESTION0 -1 -3.241e+04 2.280e+02 1.280e+02
|        ( QUESTION0_5_R 1 -1.957e+04 1.503e+02 7.852e+01
|            ( - -1.271e+04 12 0 WDBNDRY_B 0 1.290e+02 5.136e+01)
|            ( QUESTION5 -1 -6.711e+03 2.098e+02 2.715e+01
|                ( - -7.566e+02 1 0)
|                ( - -5.744e+03 4 0 WDBNDRY_B 0 1.082e+02 2.315e+01)))
|        ( QUESTION18 -1 -1.262e+04 1.544e+02 4.951e+01
|            ( - -5.828e+02 1 0)
|            ( - -1.188e+04 11 0 QUESTION0_7_R 1 1.355e+02 4.651e+01))))
s>    ( QUESTION19 -1 -6.816e+04 3.255e+02 2.734e+02
s>        ( QUESTION0_7_R 1 -3.543e+04 2.777e+02 1.453e+02
s>            ( QUESTION2_1_L -1 -1.261e+04 4.935e+02 5.102e+01
s>                ( - 9.253e+01 1 0)
s>                ( - -1.221e+04 7 0))
s>            ( - -2.254e+04 13 0 WDBNDRY_I 0 1.171e+02 9.432e+01))
s>        ( QUESTION0 -1 -3.241e+04 2.280e+02 1.280e+02
s>            ( QUESTION0_5_R 1 -1.957e+04 1.503e+02 7.852e+01
s>                ( - -1.271e+04 12 0 WDBNDRY_B 0 1.290e+02 5.136e+01)
s>                ( QUESTION5 -1 -6.711e+03 2.098e+02 2.715e+01
s>                    ( - -7.566e+02 1 0)
s>                    ( - -5.744e+03 4 0 WDBNDRY_B 0 1.082e+02 2.315e+01)))
s>            ( QUESTION18 -1 -1.262e+04 1.544e+02 4.951e+01
s>                ( - -5.828e+02 1 0)
s>                ( - -1.188e+04 11 0 QUESTION0_7_R 1 1.355e+02 4.651e+01))))INFO: dtree.c(1315): Comp split 2
INFO: dtree.c(1478): Final simple tree
|( QUESTION19 -1 -6.776e+04 3.307e+02 2.724e+02
|    ( QUESTION0_7_R 1 -3.502e+04 2.740e+02 1.443e+02
|        ( - -1.221e+04 7 0)
|        ( - -2.254e+04 13 0 WDBNDRY_I 0 1.171e+02 9.432e+01))
|    ( QUESTION0 -1 -3.241e+04 2.280e+02 1.280e+02
|        ( QUESTION0_5_R 1 -1.957e+04 1.503e+02 7.852e+01
|            ( - -1.271e+04 12 0 WDBNDRY_B 0 1.290e+02 5.136e+01)
|            ( QUESTION5 -1 -6.711e+03 2.098e+02 2.715e+01
|                ( - -7.566e+02 1 0)
|                ( - -5.744e+03 4 0 WDBNDRY_B 0 1.082e+02 2.315e+01)))
|        ( QUESTION18 -1 -1.262e+04 1.544e+02 4.951e+01
|            ( - -5.828e+02 1 0)
|            ( QUESTION0_7_R 1 -1.188e+04 1.355e+02 4.651e+01
|                ( - -8.158e+03 7 0 WDBNDRY_B 0 9.892e+01 3.258e+01)
|                ( - -3.584e+03 4 0 QUESTION17 -1 1.215e+02 1.393e+01)))))
s>    ( QUESTION19 -1 -6.776e+04 3.307e+02 2.724e+02
s>        ( QUESTION0_7_R 1 -3.502e+04 2.740e+02 1.443e+02
s>            ( - -1.221e+04 7 0)
s>            ( - -2.254e+04 13 0 WDBNDRY_I 0 1.171e+02 9.432e+01))
s>        ( QUESTION0 -1 -3.241e+04 2.280e+02 1.280e+02
s>            ( QUESTION0_5_R 1 -1.957e+04 1.503e+02 7.852e+01
s>                ( - -1.271e+04 12 0 WDBNDRY_B 0 1.290e+02 5.136e+01)
s>                ( QUESTION5 -1 -6.711e+03 2.098e+02 2.715e+01
s>                    ( - -7.566e+02 1 0)
s>                    ( - -5.744e+03 4 0 WDBNDRY_B 0 1.082e+02 2.315e+01)))
s>            ( QUESTION18 -1 -1.262e+04 1.544e+02 4.951e+01
s>                ( - -5.828e+02 1 0)
s>                ( QUESTION0_7_R 1 -1.188e+04 1.355e+02 4.651e+01
s>                    ( - -8.158e+03 7 0 WDBNDRY_B 0 9.892e+01 3.258e+01)
s>                    ( - -3.584e+03 4 0 QUESTION17 -1 1.215e+02 1.393e+01)))))INFO: dtree.c(1315): Comp split 3
INFO: dtree.c(1478): Final simple tree
|( QUESTION0_15_R 1 -6.867e+04 3.662e+02 2.859e+02
|    ( QUESTION13 -1 -9.799e+03 2.069e+02 4.583e+01
|        ( - -7.362e+02 1 0)
|        ( WDBNDRY_E 0 -8.856e+03 1.953e+02 4.183e+01
|            ( - -7.564e+03 1 0)
|            ( - -1.097e+03 1 0)))
|    ( QUESTION0_2_R 1 -5.851e+04 3.263e+02 2.400e+02
|        ( QUESTION0_6_R 1 -1.490e+04 2.401e+02 6.148e+01
|            ( - -6.650e+03 3 0 SILENCE -1 5.544e+01 2.892e+01)
|            ( - -8.006e+03 5 0 SILENCE -1 1.266e+02 3.256e+01))
|        ( SILENCE 1 -4.328e+04 2.453e+02 1.785e+02
|            ( - -2.162e+04 1 0)
|            ( QUESTION0 -1 -2.142e+04 2.387e+02 8.817e+01
|                ( - -2.240e+02 1 0)
|                ( - -2.095e+04 13 0 QUESTION0_9_R 1 1.820e+02 8.617e+01)))))
s>    ( QUESTION0_15_R 1 -6.867e+04 3.662e+02 2.859e+02
s>        ( QUESTION13 -1 -9.799e+03 2.069e+02 4.583e+01
s>            ( - -7.362e+02 1 0)
s>            ( WDBNDRY_E 0 -8.856e+03 1.953e+02 4.183e+01
s>                ( - -7.564e+03 1 0)
s>                ( - -1.097e+03 1 0)))
s>        ( QUESTION0_2_R 1 -5.851e+04 3.263e+02 2.400e+02
s>            ( QUESTION0_6_R 1 -1.490e+04 2.401e+02 6.148e+01
s>                ( - -6.650e+03 3 0 SILENCE -1 5.544e+01 2.892e+01)
s>                ( - -8.006e+03 5 0 SILENCE -1 1.266e+02 3.256e+01))
s>            ( SILENCE 1 -4.328e+04 2.453e+02 1.785e+02
s>                ( - -2.162e+04 1 0)
s>                ( QUESTION0 -1 -2.142e+04 2.387e+02 8.817e+01
s>                    ( - -2.240e+02 1 0)
s>                    ( - -2.095e+04 13 0 QUESTION0_9_R 1 1.820e+02 8.617e+01)))))INFO: dtree.c(1315): Comp split 4
INFO: dtree.c(1478): Final simple tree
|( QUESTION0_2_R 1 -6.063e+04 3.303e+02 2.490e+02
|    ( QUESTION0_6_R 1 -1.490e+04 2.401e+02 6.148e+01
|        ( - -6.650e+03 3 0 SILENCE -1 5.544e+01 2.892e+01)
|        ( - -8.006e+03 5 0 SILENCE -1 1.266e+02 3.256e+01))
|    ( SILENCE 1 -4.541e+04 2.457e+02 1.875e+02
|        ( - -2.162e+04 1 0)
|        ( QUESTION0 -1 -2.354e+04 2.393e+02 9.717e+01
|            ( - -2.240e+02 1 0)
|            ( QUESTION2_1_L -1 -2.307e+04 1.815e+02 9.517e+01
|                ( - -2.580e+03 4 0 WDBNDRY_I 0 9.228e+01 9.000e+00)
|                ( QUESTION0_19_R 1 -2.031e+04 2.172e+02 8.617e+01
|                    ( - -7.354e+02 1 0)
|                    ( QUESTION0_9_R 1 -1.936e+04 1.787e+02 8.217e+01
|                        ( - -3.873e+03 3 0 WDBNDRY_B 0 1.639e+02 1.700e+01)
|                        ( - -1.531e+04 7 0 QUESTION5 1 1.749e+02 6.517e+01)))))))
s>    ( QUESTION0_2_R 1 -6.063e+04 3.303e+02 2.490e+02
s>        ( QUESTION0_6_R 1 -1.490e+04 2.401e+02 6.148e+01
s>            ( - -6.650e+03 3 0 SILENCE -1 5.544e+01 2.892e+01)
s>            ( - -8.006e+03 5 0 SILENCE -1 1.266e+02 3.256e+01))
s>        ( SILENCE 1 -4.541e+04 2.457e+02 1.875e+02
s>            ( - -2.162e+04 1 0)
s>            ( QUESTION0 -1 -2.354e+04 2.393e+02 9.717e+01
s>                ( - -2.240e+02 1 0)
s>                ( QUESTION2_1_L -1 -2.307e+04 1.815e+02 9.517e+01
s>                    ( - -2.580e+03 4 0 WDBNDRY_I 0 9.228e+01 9.000e+00)
s>                    ( QUESTION0_19_R 1 -2.031e+04 2.172e+02 8.617e+01
s>                        ( - -7.354e+02 1 0)
s>                        ( QUESTION0_9_R 1 -1.936e+04 1.787e+02 8.217e+01
s>                            ( - -3.873e+03 3 0 WDBNDRY_B 0 1.639e+02 1.700e+01)
s>                            ( - -1.531e+04 7 0 QUESTION5 1 1.749e+02 6.517e+01)))))))INFO: dtree.c(1315): Comp split 5
INFO: dtree.c(1439): stop. leaf nodes are specific
INFO: dtree.c(1478): Final simple tree
|( WDBNDRY_I 0 -2.254e+04 1.171e+02 9.432e+01
|    ( QUESTION0_6_R 1 -1.784e+04 1.071e+02 7.524e+01
|        ( - -9.012e+03 3 0)
|        ( QUESTION0_3_R 1 -8.718e+03 9.282e+01 3.661e+01
|            ( - -3.426e+02 1 0)
|            ( - -8.283e+03 2 0)))
|    ( WDBNDRY_B 0 -4.583e+03 1.093e+02 1.908e+01
|        ( QUESTION0_6_R 1 -2.649e+03 9.320e+01 1.108e+01
|            ( - -1.206e+03 3 0)
|            ( - -1.350e+03 2 0))
|        ( QUESTION0_3_R 1 -1.825e+03 1.973e+02 8.000e+00
|            ( - -9.252e+02 1 0)
|            ( - -7.022e+02 1 0))))
s>    ( WDBNDRY_I 0 -2.254e+04 1.171e+02 9.432e+01
s>        ( QUESTION0_6_R 1 -1.784e+04 1.071e+02 7.524e+01
s>            ( - -9.012e+03 3 0)
s>            ( QUESTION0_3_R 1 -8.718e+03 9.282e+01 3.661e+01
s>                ( - -3.426e+02 1 0)
s>                ( - -8.283e+03 2 0)))
s>        ( WDBNDRY_B 0 -4.583e+03 1.093e+02 1.908e+01
s>            ( QUESTION0_6_R 1 -2.649e+03 9.320e+01 1.108e+01
s>                ( - -1.206e+03 3 0)
s>                ( - -1.350e+03 2 0))
s>            ( QUESTION0_3_R 1 -1.825e+03 1.973e+02 8.000e+00
s>                ( - -9.252e+02 1 0)
s>                ( - -7.022e+02 1 0))))INFO: dtree.c(1478): Final simple tree
|( QUESTION0 -1 -4.482e+04 2.429e+02 1.780e+02
|    ( QUESTION0_5_R 1 -1.957e+04 1.503e+02 7.852e+01
|        ( WDBNDRY_B 0 -1.271e+04 1.290e+02 5.136e+01
|            ( - -7.423e+03 6 0 QUESTION0_6_R 1 1.366e+02 3.092e+01)
|            ( - -5.155e+03 6 0 QUESTION3 -1 9.810e+01 2.045e+01))
|        ( QUESTION5 -1 -6.711e+03 2.098e+02 2.715e+01
|            ( - -7.566e+02 1 0)
|            ( - -5.744e+03 4 0 WDBNDRY_B 0 1.082e+02 2.315e+01)))
|    ( QUESTION13 -1 -2.501e+04 1.809e+02 9.953e+01
|        ( QUESTION18 -1 -1.262e+04 1.544e+02 4.951e+01
|            ( - -5.828e+02 1 0)
|            ( QUESTION0_7_R 1 -1.188e+04 1.355e+02 4.651e+01
|                ( - -8.158e+03 7 0 WDBNDRY_B 0 9.892e+01 3.258e+01)
|                ( - -3.584e+03 4 0 QUESTION17 -1 1.215e+02 1.393e+01)))
|        ( - -1.221e+04 7 0)))
s>    ( QUESTION0 -1 -4.482e+04 2.429e+02 1.780e+02
s>        ( QUESTION0_5_R 1 -1.957e+04 1.503e+02 7.852e+01
s>            ( WDBNDRY_B 0 -1.271e+04 1.290e+02 5.136e+01
s>                ( - -7.423e+03 6 0 QUESTION0_6_R 1 1.366e+02 3.092e+01)
s>                ( - -5.155e+03 6 0 QUESTION3 -1 9.810e+01 2.045e+01))
s>            ( QUESTION5 -1 -6.711e+03 2.098e+02 2.715e+01
s>                ( - -7.566e+02 1 0)
s>                ( - -5.744e+03 4 0 WDBNDRY_B 0 1.082e+02 2.315e+01)))
s>        ( QUESTION13 -1 -2.501e+04 1.809e+02 9.953e+01
s>            ( QUESTION18 -1 -1.262e+04 1.544e+02 4.951e+01
s>                ( - -5.828e+02 1 0)
s>                ( QUESTION0_7_R 1 -1.188e+04 1.355e+02 4.651e+01
s>                    ( - -8.158e+03 7 0 WDBNDRY_B 0 9.892e+01 3.258e+01)
s>                    ( - -3.584e+03 4 0 QUESTION17 -1 1.215e+02 1.393e+01)))
s>            ( - -1.221e+04 7 0)))INFO: dtree.c(1315): Comp split 6
INFO: dtree.c(1478): Final simple tree
|( WDBNDRY_B 0 -4.494e+04 2.461e+02 1.885e+02
|    ( - -6.650e+03 3 0 SILENCE -1 5.544e+01 2.892e+01)
|    ( QUESTION0_19_R 1 -3.805e+04 2.104e+02 1.595e+02
|        ( - -7.354e+02 1 0)
|        ( QUESTION0_13_R 1 -3.710e+04 1.836e+02 1.555e+02
|            ( WDBNDRY_E 0 -1.194e+04 1.024e+02 5.117e+01
|                ( - -1.763e+03 2 0)
|                ( - -1.008e+04 2 0))
|            ( QUESTION5 1 -2.498e+04 1.789e+02 1.044e+02
|                ( - -7.362e+02 1 0)
|                ( QUESTION0_12_R 1 -2.406e+04 1.238e+02 1.004e+02
|                    ( - -1.101e+03 1 0)
|                    ( WDBNDRY_E 0 -2.284e+04 1.181e+02 9.538e+01
|                        ( - -2.162e+04 1 0)
|                        ( - -1.097e+03 1 0)))))))
s>    ( WDBNDRY_B 0 -4.494e+04 2.461e+02 1.885e+02
s>        ( - -6.650e+03 3 0 SILENCE -1 5.544e+01 2.892e+01)
s>        ( QUESTION0_19_R 1 -3.805e+04 2.104e+02 1.595e+02
s>            ( - -7.354e+02 1 0)
s>            ( QUESTION0_13_R 1 -3.710e+04 1.836e+02 1.555e+02
s>                ( WDBNDRY_E 0 -1.194e+04 1.024e+02 5.117e+01
s>                    ( - -1.763e+03 2 0)
s>                    ( - -1.008e+04 2 0))
s>                ( QUESTION5 1 -2.498e+04 1.789e+02 1.044e+02
s>                    ( - -7.362e+02 1 0)
s>                    ( QUESTION0_12_R 1 -2.406e+04 1.238e+02 1.004e+02
s>                        ( - -1.101e+03 1 0)
s>                        ( WDBNDRY_E 0 -2.284e+04 1.181e+02 9.538e+01
s>                            ( - -2.162e+04 1 0)
s>                            ( - -1.097e+03 1 0)))))))INFO: dtree.c(1478): Final simple tree
|( QUESTION0 -1 -1.534e+04 2.387e+02 6.056e+01
|    ( - -2.240e+02 1 0)
|    ( QUESTION0_2_R 1 -1.487e+04 2.271e+02 5.856e+01
|        ( SILENCE -1 -8.006e+03 1.266e+02 3.256e+01
|            ( QUESTION0_5_R 1 -3.067e+03 1.190e+02 1.236e+01
|                ( - -1.821e+03 1 0)
|                ( - -1.128e+03 2 0))
|            ( - -4.812e+03 2 0 QUESTION0_5_R 1 1.035e+02 2.020e+01))
|        ( QUESTION0_9_R 1 -6.639e+03 1.861e+02 2.600e+01
|            ( WDBNDRY_B 0 -3.873e+03 1.639e+02 1.700e+01
|                ( - -5.332e+02 1 0)
|                ( QUESTION13 -1 -3.175e+03 1.152e+02 1.400e+01
|                    ( - -1.970e+03 1 0)
|                    ( - -1.090e+03 1 0)))
|            ( - -2.580e+03 4 0 WDBNDRY_I 0 9.228e+01 9.000e+00))))
s>    ( QUESTION0 -1 -1.534e+04 2.387e+02 6.056e+01
s>        ( - -2.240e+02 1 0)
s>        ( QUESTION0_2_R 1 -1.487e+04 2.271e+02 5.856e+01
s>            ( SILENCE -1 -8.006e+03 1.266e+02 3.256e+01
s>                ( QUESTION0_5_R 1 -3.067e+03 1.190e+02 1.236e+01
s>                    ( - -1.821e+03 1 0)
s>                    ( - -1.128e+03 2 0))
s>                ( - -4.812e+03 2 0 QUESTION0_5_R 1 1.035e+02 2.020e+01))
s>            ( QUESTION0_9_R 1 -6.639e+03 1.861e+02 2.600e+01
s>                ( WDBNDRY_B 0 -3.873e+03 1.639e+02 1.700e+01
s>                    ( - -5.332e+02 1 0)
s>                    ( QUESTION13 -1 -3.175e+03 1.152e+02 1.400e+01
s>                        ( - -1.970e+03 1 0)
s>                        ( - -1.090e+03 1 0)))
s>                ( - -2.580e+03 4 0 WDBNDRY_I 0 9.228e+01 9.000e+00))))INFO: dtree.c(1315): Comp split 7
INFO: dtree.c(1439): stop. leaf nodes are specific
INFO: dtree.c(1478): Final simple tree
|( QUESTION0_19_R 1 -3.805e+04 2.104e+02 1.595e+02
|    ( - -7.354e+02 1 0)
|    ( QUESTION0_13_R 1 -3.710e+04 1.836e+02 1.555e+02
|        ( WDBNDRY_E 0 -1.194e+04 1.024e+02 5.117e+01
|            ( - -1.763e+03 2 0)
|            ( - -1.008e+04 2 0))
|        ( QUESTION5 1 -2.498e+04 1.789e+02 1.044e+02
|            ( - -7.362e+02 1 0)
|            ( QUESTION0_12_R 1 -2.406e+04 1.238e+02 1.004e+02
|                ( - -1.101e+03 1 0)
|                ( WDBNDRY_E 0 -2.284e+04 1.181e+02 9.538e+01
|                    ( - -2.162e+04 1 0)
|                    ( - -1.097e+03 1 0))))))
s>    ( QUESTION0_19_R 1 -3.805e+04 2.104e+02 1.595e+02
s>        ( - -7.354e+02 1 0)
s>        ( QUESTION0_13_R 1 -3.710e+04 1.836e+02 1.555e+02
s>            ( WDBNDRY_E 0 -1.194e+04 1.024e+02 5.117e+01
s>                ( - -1.763e+03 2 0)
s>                ( - -1.008e+04 2 0))
s>            ( QUESTION5 1 -2.498e+04 1.789e+02 1.044e+02
s>                ( - -7.362e+02 1 0)
s>                ( QUESTION0_12_R 1 -2.406e+04 1.238e+02 1.004e+02
s>                    ( - -1.101e+03 1 0)
s>                    ( WDBNDRY_E 0 -2.284e+04 1.181e+02 9.538e+01
s>                        ( - -2.162e+04 1 0)
s>                        ( - -1.097e+03 1 0))))))INFO: dtree.c(1439): stop. leaf nodes are specific
INFO: dtree.c(1478): Final simple tree
|( SILENCE -1 -6.650e+03 5.544e+01 2.892e+01
|    ( - -2.355e+02 1 0)
|    ( - -6.359e+03 2 0))
s>    ( SILENCE -1 -6.650e+03 5.544e+01 2.892e+01
s>        ( - -2.355e+02 1 0)
s>        ( - -6.359e+03 2 0))INFO: dtree.c(1315): Comp split 8
INFO: dtree.c(1478): Final simple tree
|( QUESTION13 -1 -2.501e+04 1.809e+02 9.953e+01
|    ( QUESTION18 -1 -1.262e+04 1.544e+02 4.951e+01
|        ( - -5.828e+02 1 0)
|        ( QUESTION0_7_R 1 -1.188e+04 1.355e+02 4.651e+01
|            ( WDBNDRY_B 0 -8.158e+03 9.892e+01 3.258e+01
|                ( - -6.164e+03 5 0 QUESTION14 -1 9.394e+01 2.457e+01)
|                ( QUESTION14 -1 -1.896e+03 1.152e+02 8.008e+00
|                    ( - -1.100e+03 1 0)
|                    ( - -6.807e+02 1 0)))
|            ( QUESTION17 -1 -3.584e+03 1.215e+02 1.393e+01
|                ( - -4.415e+02 1 0)
|                ( WDBNDRY_B 0 -3.021e+03 9.548e+01 1.193e+01
|                    ( - -1.953e+03 2 0 QUESTION0_6_R 1 7.972e+01 7.932e+00)
|                    ( - -9.727e+02 1 0)))))
|    ( - -1.221e+04 7 0))
s>    ( QUESTION13 -1 -2.501e+04 1.809e+02 9.953e+01
s>        ( QUESTION18 -1 -1.262e+04 1.544e+02 4.951e+01
s>            ( - -5.828e+02 1 0)
s>            ( QUESTION0_7_R 1 -1.188e+04 1.355e+02 4.651e+01
s>                ( WDBNDRY_B 0 -8.158e+03 9.892e+01 3.258e+01
s>                    ( - -6.164e+03 5 0 QUESTION14 -1 9.394e+01 2.457e+01)
s>                    ( QUESTION14 -1 -1.896e+03 1.152e+02 8.008e+00
s>                        ( - -1.100e+03 1 0)
s>                        ( - -6.807e+02 1 0)))
s>                ( QUESTION17 -1 -3.584e+03 1.215e+02 1.393e+01
s>                    ( - -4.415e+02 1 0)
s>                    ( WDBNDRY_B 0 -3.021e+03 9.548e+01 1.193e+01
s>                        ( - -1.953e+03 2 0 QUESTION0_6_R 1 7.972e+01 7.932e+00)
s>                        ( - -9.727e+02 1 0)))))
s>        ( - -1.221e+04 7 0))INFO: dtree.c(1478): Final simple tree
|( QUESTION0_5_R 1 -1.957e+04 1.503e+02 7.852e+01
|    ( WDBNDRY_B 0 -1.271e+04 1.290e+02 5.136e+01
|        ( QUESTION0_6_R 1 -7.423e+03 1.366e+02 3.092e+01
|            ( QUESTION2_0_L -1 -3.680e+03 1.128e+02 1.488e+01
|                ( - -8.862e+02 1 0)
|                ( QUESTION2 -1 -2.681e+03 1.029e+02 1.088e+01
|                    ( - -1.133e+03 1 0)
|                    ( - -1.446e+03 2 0 QUESTION1 -1 8.404e+01 5.878e+00)))
|            ( - -3.606e+03 2 0 QUESTION2_0_L -1 1.028e+02 1.604e+01))
|        ( - -5.155e+03 6 0 QUESTION3 -1 9.810e+01 2.045e+01))
|    ( QUESTION5 -1 -6.711e+03 2.098e+02 2.715e+01
|        ( - -7.566e+02 1 0)
|        ( WDBNDRY_B 0 -5.744e+03 1.082e+02 2.315e+01
|            ( - -1.660e+03 1 0)
|            ( - -3.976e+03 3 0 QUESTION1 -1 8.338e+01 1.600e+01))))
s>    ( QUESTION0_5_R 1 -1.957e+04 1.503e+02 7.852e+01
s>        ( WDBNDRY_B 0 -1.271e+04 1.290e+02 5.136e+01
s>            ( QUESTION0_6_R 1 -7.423e+03 1.366e+02 3.092e+01
s>                ( QUESTION2_0_L -1 -3.680e+03 1.128e+02 1.488e+01
s>                    ( - -8.862e+02 1 0)
s>                    ( QUESTION2 -1 -2.681e+03 1.029e+02 1.088e+01
s>                        ( - -1.133e+03 1 0)
s>                        ( - -1.446e+03 2 0 QUESTION1 -1 8.404e+01 5.878e+00)))
s>                ( - -3.606e+03 2 0 QUESTION2_0_L -1 1.028e+02 1.604e+01))
s>            ( - -5.155e+03 6 0 QUESTION3 -1 9.810e+01 2.045e+01))
s>        ( QUESTION5 -1 -6.711e+03 2.098e+02 2.715e+01
s>            ( - -7.566e+02 1 0)
s>            ( WDBNDRY_B 0 -5.744e+03 1.082e+02 2.315e+01
s>                ( - -1.660e+03 1 0)
s>                ( - -3.976e+03 3 0 QUESTION1 -1 8.338e+01 1.600e+01))))INFO: dtree.c(1315): Comp split 9
INFO: dtree.c(1478): Final simple tree
|( QUESTION0_2_R 1 -1.487e+04 2.271e+02 5.856e+01
|    ( SILENCE -1 -8.006e+03 1.266e+02 3.256e+01
|        ( QUESTION0_5_R 1 -3.067e+03 1.190e+02 1.236e+01
|            ( - -1.821e+03 1 0)
|            ( - -1.128e+03 2 0))
|        ( QUESTION0_5_R 1 -4.812e+03 1.035e+02 2.020e+01
|            ( - -1.943e+03 1 0)
|            ( - -2.766e+03 1 0)))
|    ( QUESTION0_9_R 1 -6.639e+03 1.861e+02 2.600e+01
|        ( WDBNDRY_B 0 -3.873e+03 1.639e+02 1.700e+01
|            ( - -5.332e+02 1 0)
|            ( QUESTION13 -1 -3.175e+03 1.152e+02 1.400e+01
|                ( - -1.970e+03 1 0)
|                ( - -1.090e+03 1 0)))
|        ( - -2.580e+03 4 0 WDBNDRY_I 0 9.228e+01 9.000e+00)))
s>    ( QUESTION0_2_R 1 -1.487e+04 2.271e+02 5.856e+01
s>        ( SILENCE -1 -8.006e+03 1.266e+02 3.256e+01
s>            ( QUESTION0_5_R 1 -3.067e+03 1.190e+02 1.236e+01
s>                ( - -1.821e+03 1 0)
s>                ( - -1.128e+03 2 0))
s>            ( QUESTION0_5_R 1 -4.812e+03 1.035e+02 2.020e+01
s>                ( - -1.943e+03 1 0)
s>                ( - -2.766e+03 1 0)))
s>        ( QUESTION0_9_R 1 -6.639e+03 1.861e+02 2.600e+01
s>            ( WDBNDRY_B 0 -3.873e+03 1.639e+02 1.700e+01
s>                ( - -5.332e+02 1 0)
s>                ( QUESTION13 -1 -3.175e+03 1.152e+02 1.400e+01
s>                    ( - -1.970e+03 1 0)
s>                    ( - -1.090e+03 1 0)))
s>            ( - -2.580e+03 4 0 WDBNDRY_I 0 9.228e+01 9.000e+00)))INFO: dtree.c(1315): Comp split 10
INFO: dtree.c(1439): stop. leaf nodes are specific
INFO: dtree.c(1478): Final simple tree
|( QUESTION0_2_R 1 -8.703e+03 1.634e+02 3.556e+01
|    ( SILENCE -1 -8.006e+03 1.266e+02 3.256e+01
|        ( QUESTION0_5_R 1 -3.067e+03 1.190e+02 1.236e+01
|            ( - -1.821e+03 1 0)
|            ( - -1.128e+03 2 0))
|        ( QUESTION0_5_R 1 -4.812e+03 1.035e+02 2.020e+01
|            ( - -1.943e+03 1 0)
|            ( - -2.766e+03 1 0)))
|    ( - -5.332e+02 1 0))
s>    ( QUESTION0_2_R 1 -8.703e+03 1.634e+02 3.556e+01
s>        ( SILENCE -1 -8.006e+03 1.266e+02 3.256e+01
s>            ( QUESTION0_5_R 1 -3.067e+03 1.190e+02 1.236e+01
s>                ( - -1.821e+03 1 0)
s>                ( - -1.128e+03 2 0))
s>            ( QUESTION0_5_R 1 -4.812e+03 1.035e+02 2.020e+01
s>                ( - -1.943e+03 1 0)
s>                ( - -2.766e+03 1 0)))
s>        ( - -5.332e+02 1 0))INFO: dtree.c(1439): stop. leaf nodes are specific
INFO: dtree.c(1478): Final simple tree
|( QUESTION13 -1 -5.941e+03 1.871e+02 2.300e+01
|    ( - -1.970e+03 1 0)
|    ( QUESTION0_9_R 1 -3.784e+03 1.132e+02 1.400e+01
|        ( - -1.090e+03 1 0)
|        ( WDBNDRY_I 0 -2.580e+03 9.228e+01 9.000e+00
|            ( QUESTION11 -1 -1.665e+03 8.516e+01 6.000e+00
|                ( - -2.153e+02 1 0)
|                ( - -1.365e+03 1 0))
|            ( WDBNDRY_B 0 -8.228e+02 7.380e+01 3.000e+00
|                ( - -4.695e+02 1 0)
|                ( - -2.795e+02 1 0)))))
s>    ( QUESTION13 -1 -5.941e+03 1.871e+02 2.300e+01
s>        ( - -1.970e+03 1 0)
s>        ( QUESTION0_9_R 1 -3.784e+03 1.132e+02 1.400e+01
s>            ( - -1.090e+03 1 0)
s>            ( WDBNDRY_I 0 -2.580e+03 9.228e+01 9.000e+00
s>                ( QUESTION11 -1 -1.665e+03 8.516e+01 6.000e+00
s>                    ( - -2.153e+02 1 0)
s>                    ( - -1.365e+03 1 0))
s>                ( WDBNDRY_B 0 -8.228e+02 7.380e+01 3.000e+00
s>                    ( - -4.695e+02 1 0)
s>                    ( - -2.795e+02 1 0)))))INFO: dtree.c(1315): Comp split 11
INFO: dtree.c(1478): Final simple tree
|( QUESTION0_5_R 1 -1.860e+04 1.446e+02 7.452e+01
|    ( WDBNDRY_B 0 -1.271e+04 1.290e+02 5.136e+01
|        ( QUESTION0_6_R 1 -7.423e+03 1.366e+02 3.092e+01
|            ( QUESTION2_0_L -1 -3.680e+03 1.128e+02 1.488e+01
|                ( - -8.862e+02 1 0)
|                ( QUESTION2 -1 -2.681e+03 1.029e+02 1.088e+01
|                    ( - -1.133e+03 1 0)
|                    ( - -1.446e+03 2 0 QUESTION1 -1 8.404e+01 5.878e+00)))
|            ( QUESTION2_0_L -1 -3.606e+03 1.028e+02 1.604e+01
|                ( - -1.944e+03 1 0)
|                ( - -1.559e+03 1 0)))
|        ( - -5.155e+03 6 0 QUESTION3 -1 9.810e+01 2.045e+01))
|    ( WDBNDRY_B 0 -5.744e+03 1.082e+02 2.315e+01
|        ( - -1.660e+03 1 0)
|        ( - -3.976e+03 3 0 QUESTION1 -1 8.338e+01 1.600e+01)))
s>    ( QUESTION0_5_R 1 -1.860e+04 1.446e+02 7.452e+01
s>        ( WDBNDRY_B 0 -1.271e+04 1.290e+02 5.136e+01
s>            ( QUESTION0_6_R 1 -7.423e+03 1.366e+02 3.092e+01
s>                ( QUESTION2_0_L -1 -3.680e+03 1.128e+02 1.488e+01
s>                    ( - -8.862e+02 1 0)
s>                    ( QUESTION2 -1 -2.681e+03 1.029e+02 1.088e+01
s>                        ( - -1.133e+03 1 0)
s>                        ( - -1.446e+03 2 0 QUESTION1 -1 8.404e+01 5.878e+00)))
s>                ( QUESTION2_0_L -1 -3.606e+03 1.028e+02 1.604e+01
s>                    ( - -1.944e+03 1 0)
s>                    ( - -1.559e+03 1 0)))
s>            ( - -5.155e+03 6 0 QUESTION3 -1 9.810e+01 2.045e+01))
s>        ( WDBNDRY_B 0 -5.744e+03 1.082e+02 2.315e+01
s>            ( - -1.660e+03 1 0)
s>            ( - -3.976e+03 3 0 QUESTION1 -1 8.338e+01 1.600e+01)))INFO: dtree.c(1315): Comp split 12
INFO: dtree.c(1439): stop. leaf nodes are specific
INFO: dtree.c(1478): Final simple tree
|( QUESTION0_13_R 1 -3.710e+04 1.836e+02 1.555e+02
|    ( WDBNDRY_E 0 -1.194e+04 1.024e+02 5.117e+01
|        ( - -1.763e+03 2 0)
|        ( - -1.008e+04 2 0))
|    ( QUESTION5 1 -2.498e+04 1.789e+02 1.044e+02
|        ( - -7.362e+02 1 0)
|        ( QUESTION0_12_R 1 -2.406e+04 1.238e+02 1.004e+02
|            ( - -1.101e+03 1 0)
|            ( WDBNDRY_E 0 -2.284e+04 1.181e+02 9.538e+01
|                ( - -2.162e+04 1 0)
|                ( - -1.097e+03 1 0)))))
s>    ( QUESTION0_13_R 1 -3.710e+04 1.836e+02 1.555e+02
s>        ( WDBNDRY_E 0 -1.194e+04 1.024e+02 5.117e+01
s>            ( - -1.763e+03 2 0)
s>            ( - -1.008e+04 2 0))
s>        ( QUESTION5 1 -2.498e+04 1.789e+02 1.044e+02
s>            ( - -7.362e+02 1 0)
s>            ( QUESTION0_12_R 1 -2.406e+04 1.238e+02 1.004e+02
s>                ( - -1.101e+03 1 0)
s>                ( WDBNDRY_E 0 -2.284e+04 1.181e+02 9.538e+01
s>                    ( - -2.162e+04 1 0)
s>                    ( - -1.097e+03 1 0)))))INFO: dtree.c(1315): Comp split 13
INFO: dtree.c(1439): stop. leaf nodes are specific
INFO: dtree.c(1478): Final simple tree
|( WDBNDRY_I 0 -2.163e+04 1.288e+02 9.032e+01
|    ( QUESTION0_6_R 1 -1.784e+04 1.071e+02 7.524e+01
|        ( - -9.012e+03 3 0)
|        ( QUESTION0_3_R 1 -8.718e+03 9.282e+01 3.661e+01
|            ( - -3.426e+02 1 0)
|            ( - -8.283e+03 2 0)))
|    ( WDBNDRY_B 0 -3.664e+03 9.006e+01 1.508e+01
|        ( QUESTION0_6_R 1 -2.649e+03 9.320e+01 1.108e+01
|            ( - -1.206e+03 3 0)
|            ( - -1.350e+03 2 0))
|        ( - -9.252e+02 1 0)))
s>    ( WDBNDRY_I 0 -2.163e+04 1.288e+02 9.032e+01
s>        ( QUESTION0_6_R 1 -1.784e+04 1.071e+02 7.524e+01
s>            ( - -9.012e+03 3 0)
s>            ( QUESTION0_3_R 1 -8.718e+03 9.282e+01 3.661e+01
s>                ( - -3.426e+02 1 0)
s>                ( - -8.283e+03 2 0)))
s>        ( WDBNDRY_B 0 -3.664e+03 9.006e+01 1.508e+01
s>            ( QUESTION0_6_R 1 -2.649e+03 9.320e+01 1.108e+01
s>                ( - -1.206e+03 3 0)
s>                ( - -1.350e+03 2 0))
s>            ( - -9.252e+02 1 0)))INFO: dtree.c(1315): Comp split 14
INFO: dtree.c(1439): stop. leaf nodes are specific
INFO: dtree.c(1478): Final simple tree
|( QUESTION0_5_R 1 -1.548e+04 1.166e+02 6.296e+01
|    ( QUESTION0_6_R 1 -1.953e+03 7.972e+01 7.932e+00
|        ( - -4.634e+02 1 0)
|        ( - -1.410e+03 1 0))
|    ( WDBNDRY_B 0 -1.342e+04 1.040e+02 5.503e+01
|        ( - -1.221e+04 7 0)
|        ( - -1.100e+03 1 0)))
s>    ( QUESTION0_5_R 1 -1.548e+04 1.166e+02 6.296e+01
s>        ( QUESTION0_6_R 1 -1.953e+03 7.972e+01 7.932e+00
s>            ( - -4.634e+02 1 0)
s>            ( - -1.410e+03 1 0))
s>        ( WDBNDRY_B 0 -1.342e+04 1.040e+02 5.503e+01
s>            ( - -1.221e+04 7 0)
s>            ( - -1.100e+03 1 0)))INFO: dtree.c(1439): stop. leaf nodes are specific
INFO: dtree.c(1478): Final simple tree
|( QUESTION18 -1 -9.318e+03 1.522e+02 3.657e+01
|    ( - -5.828e+02 1 0)
|    ( QUESTION0_7_R 1 -8.583e+03 1.296e+02 3.357e+01
|        ( QUESTION14 -1 -6.932e+03 9.264e+01 2.757e+01
|            ( - -1.218e+03 2 0)
|            ( WDBNDRY_B 0 -5.621e+03 8.872e+01 2.257e+01
|                ( QUESTION16 -1 -4.852e+03 9.377e+01 1.957e+01
|                    ( - -4.014e+02 1 0)
|                    ( - -4.356e+03 2 0))
|                ( - -6.807e+02 1 0)))
|        ( WDBNDRY_B 0 -1.522e+03 1.079e+02 6.000e+00
|            ( - -4.415e+02 1 0)
|            ( - -9.727e+02 1 0))))
s>    ( QUESTION18 -1 -9.318e+03 1.522e+02 3.657e+01
s>        ( - -5.828e+02 1 0)
s>        ( QUESTION0_7_R 1 -8.583e+03 1.296e+02 3.357e+01
s>            ( QUESTION14 -1 -6.932e+03 9.264e+01 2.757e+01
s>                ( - -1.218e+03 2 0)
s>                ( WDBNDRY_B 0 -5.621e+03 8.872e+01 2.257e+01
s>                    ( QUESTION16 -1 -4.852e+03 9.377e+01 1.957e+01
s>                        ( - -4.014e+02 1 0)
s>                        ( - -4.356e+03 2 0))
s>                    ( - -6.807e+02 1 0)))
s>            ( WDBNDRY_B 0 -1.522e+03 1.079e+02 6.000e+00
s>                ( - -4.415e+02 1 0)
s>                ( - -9.727e+02 1 0))))INFO: dtree.c(1315): Comp split 15
INFO: dtree.c(1439): stop. leaf nodes are specific
INFO: dtree.c(1478): Final simple tree
|( SILENCE 1 -2.285e+04 1.230e+02 9.538e+01
|    ( - -2.162e+04 1 0)
|    ( - -1.101e+03 1 0))
s>    ( SILENCE 1 -2.285e+04 1.230e+02 9.538e+01
s>        ( - -2.162e+04 1 0)
s>        ( - -1.101e+03 1 0))INFO: dtree.c(1439): stop. leaf nodes are specific
INFO: dtree.c(1478): Final simple tree
|( QUESTION5 1 -1.406e+04 1.761e+02 6.017e+01
|    ( - -7.362e+02 1 0)
|    ( QUESTION0_12_R 1 -1.315e+04 1.134e+02 5.617e+01
|        ( WDBNDRY_E 0 -1.194e+04 1.024e+02 5.117e+01
|            ( - -1.763e+03 2 0)
|            ( - -1.008e+04 2 0))
|        ( - -1.097e+03 1 0)))
s>    ( QUESTION5 1 -1.406e+04 1.761e+02 6.017e+01
s>        ( - -7.362e+02 1 0)
s>        ( QUESTION0_12_R 1 -1.315e+04 1.134e+02 5.617e+01
s>            ( WDBNDRY_E 0 -1.194e+04 1.024e+02 5.117e+01
s>                ( - -1.763e+03 2 0)
s>                ( - -1.008e+04 2 0))
s>            ( - -1.097e+03 1 0)))INFO: dtree.c(1315): Comp split 16
INFO: dtree.c(1439): stop. leaf nodes are specific
INFO: dtree.c(1478): Final simple tree
|( QUESTION0_9_R 1 -3.784e+03 1.132e+02 1.400e+01
|    ( - -1.090e+03 1 0)
|    ( WDBNDRY_I 0 -2.580e+03 9.228e+01 9.000e+00
|        ( QUESTION11 -1 -1.665e+03 8.516e+01 6.000e+00
|            ( - -2.153e+02 1 0)
|            ( - -1.365e+03 1 0))
|        ( WDBNDRY_B 0 -8.228e+02 7.380e+01 3.000e+00
|            ( - -4.695e+02 1 0)
|            ( - -2.795e+02 1 0))))
s>    ( QUESTION0_9_R 1 -3.784e+03 1.132e+02 1.400e+01
s>        ( - -1.090e+03 1 0)
s>        ( WDBNDRY_I 0 -2.580e+03 9.228e+01 9.000e+00
s>            ( QUESTION11 -1 -1.665e+03 8.516e+01 6.000e+00
s>                ( - -2.153e+02 1 0)
s>                ( - -1.365e+03 1 0))
s>            ( WDBNDRY_B 0 -8.228e+02 7.380e+01 3.000e+00
s>                ( - -4.695e+02 1 0)
s>                ( - -2.795e+02 1 0))))INFO: dtree.c(1315): Comp split 17
INFO: dtree.c(1439): stop. leaf nodes are specific
INFO: dtree.c(1478): Final simple tree
|( QUESTION0_12_R 1 -1.315e+04 1.134e+02 5.617e+01
|    ( WDBNDRY_E 0 -1.194e+04 1.024e+02 5.117e+01
|        ( - -1.763e+03 2 0)
|        ( - -1.008e+04 2 0))
|    ( - -1.097e+03 1 0))
s>    ( QUESTION0_12_R 1 -1.315e+04 1.134e+02 5.617e+01
s>        ( WDBNDRY_E 0 -1.194e+04 1.024e+02 5.117e+01
s>            ( - -1.763e+03 2 0)
s>            ( - -1.008e+04 2 0))
s>        ( - -1.097e+03 1 0))INFO: dtree.c(1315): Comp split 18
INFO: dtree.c(1439): stop. leaf nodes are specific
INFO: dtree.c(1478): Final simple tree
|( QUESTION2_0_L -1 -3.606e+03 1.028e+02 1.604e+01
|    ( - -1.944e+03 1 0)
|    ( - -1.559e+03 1 0))
s>    ( QUESTION2_0_L -1 -3.606e+03 1.028e+02 1.604e+01
s>        ( - -1.944e+03 1 0)
s>        ( - -1.559e+03 1 0))INFO: dtree.c(1478): Final simple tree
|( QUESTION0_5_R 1 -1.482e+04 1.373e+02 5.848e+01
|    ( QUESTION2_14_L -1 -8.941e+03 1.166e+02 3.532e+01
|        ( WDBNDRY_B 0 -3.772e+03 1.149e+02 1.562e+01
|            ( - -1.133e+03 1 0)
|            ( QUESTION2 -1 -2.525e+03 9.463e+01 1.062e+01
|                ( - -1.540e+03 1 0)
|                ( - -8.904e+02 1 0)))
|        ( QUESTION2 -1 -5.052e+03 9.220e+01 1.970e+01
|            ( WDBNDRY_B 0 -1.230e+03 8.803e+01 5.000e+00
|                ( - -8.862e+02 1 0)
|                ( - -2.555e+02 1 0))
|            ( - -3.730e+03 5 0 QUESTION1 -1 7.729e+01 1.470e+01)))
|    ( WDBNDRY_B 0 -5.744e+03 1.082e+02 2.315e+01
|        ( - -1.660e+03 1 0)
|        ( - -3.976e+03 3 0 QUESTION1 -1 8.338e+01 1.600e+01)))
s>    ( QUESTION0_5_R 1 -1.482e+04 1.373e+02 5.848e+01
s>        ( QUESTION2_14_L -1 -8.941e+03 1.166e+02 3.532e+01
s>            ( WDBNDRY_B 0 -3.772e+03 1.149e+02 1.562e+01
s>                ( - -1.133e+03 1 0)
s>                ( QUESTION2 -1 -2.525e+03 9.463e+01 1.062e+01
s>                    ( - -1.540e+03 1 0)
s>                    ( - -8.904e+02 1 0)))
s>            ( QUESTION2 -1 -5.052e+03 9.220e+01 1.970e+01
s>                ( WDBNDRY_B 0 -1.230e+03 8.803e+01 5.000e+00
s>                    ( - -8.862e+02 1 0)
s>                    ( - -2.555e+02 1 0))
s>                ( - -3.730e+03 5 0 QUESTION1 -1 7.729e+01 1.470e+01)))
s>        ( WDBNDRY_B 0 -5.744e+03 1.082e+02 2.315e+01
s>            ( - -1.660e+03 1 0)
s>            ( - -3.976e+03 3 0 QUESTION1 -1 8.338e+01 1.600e+01)))INFO: dtree.c(1315): Comp split 19
INFO: dtree.c(1439): stop. leaf nodes are specific
INFO: dtree.c(1478): Final simple tree
|( SILENCE -1 -8.006e+03 1.266e+02 3.256e+01
|    ( QUESTION0_5_R 1 -3.067e+03 1.190e+02 1.236e+01
|        ( - -1.821e+03 1 0)
|        ( - -1.128e+03 2 0))
|    ( QUESTION0_5_R 1 -4.812e+03 1.035e+02 2.020e+01
|        ( - -1.943e+03 1 0)
|        ( - -2.766e+03 1 0)))
s>    ( SILENCE -1 -8.006e+03 1.266e+02 3.256e+01
s>        ( QUESTION0_5_R 1 -3.067e+03 1.190e+02 1.236e+01
s>            ( - -1.821e+03 1 0)
s>            ( - -1.128e+03 2 0))
s>        ( QUESTION0_5_R 1 -4.812e+03 1.035e+02 2.020e+01
s>            ( - -1.943e+03 1 0)
s>            ( - -2.766e+03 1 0)))INFO: dtree.c(1315): Comp split 20
INFO: dtree.c(1439): stop. leaf nodes are specific
INFO: dtree.c(1478): Final simple tree
|( QUESTION0_5_R 1 -6.029e+03 1.076e+02 2.420e+01
|    ( - -1.943e+03 1 0)
|    ( SILENCE -1 -3.979e+03 8.505e+01 1.600e+01
|        ( - -1.128e+03 2 0)
|        ( - -2.766e+03 1 0)))
s>    ( QUESTION0_5_R 1 -6.029e+03 1.076e+02 2.420e+01
s>        ( - -1.943e+03 1 0)
s>        ( SILENCE -1 -3.979e+03 8.505e+01 1.600e+01
s>            ( - -1.128e+03 2 0)
s>            ( - -2.766e+03 1 0)))INFO: dtree.c(1315): Comp split 21
INFO: dtree.c(1439): stop. leaf nodes are specific
INFO: dtree.c(1478): Final simple tree
|( QUESTION0_7_R 1 -8.583e+03 1.296e+02 3.357e+01
|    ( QUESTION14 -1 -6.932e+03 9.264e+01 2.757e+01
|        ( - -1.218e+03 2 0)
|        ( WDBNDRY_B 0 -5.621e+03 8.872e+01 2.257e+01
|            ( QUESTION16 -1 -4.852e+03 9.377e+01 1.957e+01
|                ( - -4.014e+02 1 0)
|                ( - -4.356e+03 2 0))
|            ( - -6.807e+02 1 0)))
|    ( WDBNDRY_B 0 -1.522e+03 1.079e+02 6.000e+00
|        ( - -4.415e+02 1 0)
|        ( - -9.727e+02 1 0)))
s>    ( QUESTION0_7_R 1 -8.583e+03 1.296e+02 3.357e+01
s>        ( QUESTION14 -1 -6.932e+03 9.264e+01 2.757e+01
s>            ( - -1.218e+03 2 0)
s>            ( WDBNDRY_B 0 -5.621e+03 8.872e+01 2.257e+01
s>                ( QUESTION16 -1 -4.852e+03 9.377e+01 1.957e+01
s>                    ( - -4.014e+02 1 0)
s>                    ( - -4.356e+03 2 0))
s>                ( - -6.807e+02 1 0)))
s>        ( WDBNDRY_B 0 -1.522e+03 1.079e+02 6.000e+00
s>            ( - -4.415e+02 1 0)
s>            ( - -9.727e+02 1 0)))INFO: dtree.c(1315): Comp split 22
INFO: dtree.c(1478): Final simple tree
|( QUESTION0_5_R 1 -9.779e+03 1.280e+02 3.833e+01
|    ( QUESTION2_14_L -1 -5.675e+03 1.021e+02 2.232e+01
|        ( - -1.540e+03 1 0)
|        ( QUESTION3 -1 -4.033e+03 7.528e+01 1.570e+01
|            ( - -6.408e+02 1 0)
|            ( QUESTION0_6_R 1 -3.317e+03 7.074e+01 1.270e+01
|                ( WDBNDRY_B 0 -3.037e+03 7.016e+01 1.170e+01
|                    ( - -7.208e+02 1 0)
|                    ( QUESTION9 -1 -2.246e+03 5.149e+01 8.826e+00
|                        ( - -1.658e+03 1 0)
|                        ( - -5.361e+02 2 0 QUESTION1 -1 4.690e+01 2.056e+00)))
|                ( - -2.096e+02 1 0))))
|    ( QUESTION1 -1 -3.976e+03 8.338e+01 1.600e+01
|        ( - -7.195e+02 1 0)
|        ( - -3.173e+03 2 0)))
s>    ( QUESTION0_5_R 1 -9.779e+03 1.280e+02 3.833e+01
s>        ( QUESTION2_14_L -1 -5.675e+03 1.021e+02 2.232e+01
s>            ( - -1.540e+03 1 0)
s>            ( QUESTION3 -1 -4.033e+03 7.528e+01 1.570e+01
s>                ( - -6.408e+02 1 0)
s>                ( QUESTION0_6_R 1 -3.317e+03 7.074e+01 1.270e+01
s>                    ( WDBNDRY_B 0 -3.037e+03 7.016e+01 1.170e+01
s>                        ( - -7.208e+02 1 0)
s>                        ( QUESTION9 -1 -2.246e+03 5.149e+01 8.826e+00
s>                            ( - -1.658e+03 1 0)
s>                            ( - -5.361e+02 2 0 QUESTION1 -1 4.690e+01 2.056e+00)))
s>                    ( - -2.096e+02 1 0))))
s>        ( QUESTION1 -1 -3.976e+03 8.338e+01 1.600e+01
s>            ( - -7.195e+02 1 0)
s>            ( - -3.173e+03 2 0)))INFO: dtree.c(1439): stop. leaf nodes are specific
INFO: dtree.c(1478): Final simple tree
|( QUESTION0_5_R 1 -4.904e+03 1.082e+02 2.015e+01
|    ( QUESTION2_0_L -1 -3.136e+03 1.227e+02 1.300e+01
|        ( - -8.862e+02 1 0)
|        ( WDBNDRY_B 0 -2.127e+03 1.033e+02 9.000e+00
|            ( - -1.133e+03 1 0)
|            ( - -8.904e+02 1 0)))
|    ( - -1.660e+03 1 0))
s>    ( QUESTION0_5_R 1 -4.904e+03 1.082e+02 2.015e+01
s>        ( QUESTION2_0_L -1 -3.136e+03 1.227e+02 1.300e+01
s>            ( - -8.862e+02 1 0)
s>            ( WDBNDRY_B 0 -2.127e+03 1.033e+02 9.000e+00
s>                ( - -1.133e+03 1 0)
s>                ( - -8.904e+02 1 0)))
s>        ( - -1.660e+03 1 0))INFO: dtree.c(1315): Comp split 23
INFO: dtree.c(1478): Final simple tree
|( QUESTION2_14_L -1 -6.465e+03 8.888e+01 2.533e+01
|    ( QUESTION0_5_R 1 -2.344e+03 8.453e+01 9.622e+00
|        ( - -1.540e+03 1 0)
|        ( - -7.195e+02 1 0))
|    ( QUESTION3 -1 -4.033e+03 7.528e+01 1.570e+01
|        ( - -6.408e+02 1 0)
|        ( QUESTION0_6_R 1 -3.317e+03 7.074e+01 1.270e+01
|            ( WDBNDRY_B 0 -3.037e+03 7.016e+01 1.170e+01
|                ( - -7.208e+02 1 0)
|                ( QUESTION9 -1 -2.246e+03 5.149e+01 8.826e+00
|                    ( - -1.658e+03 1 0)
|                    ( QUESTION1 -1 -5.361e+02 4.690e+01 2.056e+00
|                        ( - -2.555e+02 1 0)
|                        ( - -2.337e+02 1 0))))
|            ( - -2.096e+02 1 0))))
s>    ( QUESTION2_14_L -1 -6.465e+03 8.888e+01 2.533e+01
s>        ( QUESTION0_5_R 1 -2.344e+03 8.453e+01 9.622e+00
s>            ( - -1.540e+03 1 0)
s>            ( - -7.195e+02 1 0))
s>        ( QUESTION3 -1 -4.033e+03 7.528e+01 1.570e+01
s>            ( - -6.408e+02 1 0)
s>            ( QUESTION0_6_R 1 -3.317e+03 7.074e+01 1.270e+01
s>                ( WDBNDRY_B 0 -3.037e+03 7.016e+01 1.170e+01
s>                    ( - -7.208e+02 1 0)
s>                    ( QUESTION9 -1 -2.246e+03 5.149e+01 8.826e+00
s>                        ( - -1.658e+03 1 0)
s>                        ( QUESTION1 -1 -5.361e+02 4.690e+01 2.056e+00
s>                            ( - -2.555e+02 1 0)
s>                            ( - -2.337e+02 1 0))))
s>                ( - -2.096e+02 1 0))))INFO: dtree.c(1315): Comp split 24
INFO: dtree.c(1439): stop. leaf nodes are specific
INFO: dtree.c(1478): Final simple tree
|( QUESTION0_5_R 1 -2.012e+03 9.919e+01 8.000e+00
|    ( - -4.415e+02 1 0)
|    ( WDBNDRY_B 0 -1.472e+03 9.755e+01 6.000e+00
|        ( - -4.014e+02 1 0)
|        ( - -9.727e+02 1 0)))
s>    ( QUESTION0_5_R 1 -2.012e+03 9.919e+01 8.000e+00
s>        ( - -4.415e+02 1 0)
s>        ( WDBNDRY_B 0 -1.472e+03 9.755e+01 6.000e+00
s>            ( - -4.014e+02 1 0)
s>            ( - -9.727e+02 1 0)))INFO: dtree.c(1439): stop. leaf nodes are specific
INFO: dtree.c(1478): Final simple tree
|( QUESTION14 -1 -6.438e+03 9.773e+01 2.557e+01
|    ( - -1.218e+03 2 0)
|    ( WDBNDRY_B 0 -5.122e+03 8.504e+01 2.057e+01
|        ( - -4.356e+03 2 0)
|        ( - -6.807e+02 1 0)))
s>    ( QUESTION14 -1 -6.438e+03 9.773e+01 2.557e+01
s>        ( - -1.218e+03 2 0)
s>        ( WDBNDRY_B 0 -5.122e+03 8.504e+01 2.057e+01
s>            ( - -4.356e+03 2 0)
s>            ( - -6.807e+02 1 0)))INFO: dtree.c(1315): Comp split 25
INFO: dtree.c(1439): stop. leaf nodes are specific
INFO: dtree.c(1478): Final simple tree
|( WDBNDRY_I 0 -2.640e+03 8.456e+01 1.077e+01
|    ( - -3.426e+02 1 0)
|    ( WDBNDRY_B 0 -2.213e+03 8.138e+01 9.084e+00
|        ( - -1.206e+03 3 0)
|        ( - -9.252e+02 1 0)))
s>    ( WDBNDRY_I 0 -2.640e+03 8.456e+01 1.077e+01
s>        ( - -3.426e+02 1 0)
s>        ( WDBNDRY_B 0 -2.213e+03 8.138e+01 9.084e+00
s>            ( - -1.206e+03 3 0)
s>            ( - -9.252e+02 1 0)))INFO: dtree.c(1439): stop. leaf nodes are specific
INFO: dtree.c(1478): Final simple tree
|( WDBNDRY_B 0 -1.886e+04 1.056e+02 7.955e+01
|    ( - -1.350e+03 2 0)
|    ( QUESTION0_6_R 1 -1.740e+04 1.078e+02 7.355e+01
|        ( - -9.012e+03 3 0)
|        ( - -8.283e+03 2 0)))
s>    ( WDBNDRY_B 0 -1.886e+04 1.056e+02 7.955e+01
s>        ( - -1.350e+03 2 0)
s>        ( QUESTION0_6_R 1 -1.740e+04 1.078e+02 7.355e+01
s>            ( - -9.012e+03 3 0)
s>            ( - -8.283e+03 2 0)))INFO: dtree.c(1315): Comp split 26
INFO: dtree.c(1439): stop. leaf nodes are specific
INFO: dtree.c(1478): Final simple tree
|( QUESTION0_5_R 1 -3.890e+03 1.029e+02 1.615e+01
|    ( WDBNDRY_B 0 -2.127e+03 1.033e+02 9.000e+00
|        ( - -1.133e+03 1 0)
|        ( - -8.904e+02 1 0))
|    ( - -1.660e+03 1 0))
s>    ( QUESTION0_5_R 1 -3.890e+03 1.029e+02 1.615e+01
s>        ( WDBNDRY_B 0 -2.127e+03 1.033e+02 9.000e+00
s>            ( - -1.133e+03 1 0)
s>            ( - -8.904e+02 1 0))
s>        ( - -1.660e+03 1 0))INFO: dtree.c(1315): Comp split 27
INFO: dtree.c(1439): stop. leaf nodes are specific
INFO: dtree.c(1478): Final simple tree
|( WDBNDRY_E 0 -2.949e+03 8.956e+01 1.300e+01
|    ( - -1.763e+03 2 0)
|    ( - -1.097e+03 1 0))
s>    ( WDBNDRY_E 0 -2.949e+03 8.956e+01 1.300e+01
s>        ( - -1.763e+03 2 0)
s>        ( - -1.097e+03 1 0))INFO: dtree.c(1315): Comp split 28
INFO: dtree.c(1315): Comp split 29
INFO: dtree.c(1439): stop. leaf nodes are specific
INFO: dtree.c(1478): Final simple tree
|( WDBNDRY_B 0 -1.342e+04 1.040e+02 5.503e+01
|    ( - -1.221e+04 7 0)
|    ( - -1.100e+03 1 0))
s>    ( WDBNDRY_B 0 -1.342e+04 1.040e+02 5.503e+01
s>        ( - -1.221e+04 7 0)
s>        ( - -1.100e+03 1 0))INFO: dtree.c(1439): stop. leaf nodes are specific
INFO: dtree.c(1478): Final simple tree
|( QUESTION0_6_R 1 -1.953e+03 7.972e+01 7.932e+00
|    ( - -4.634e+02 1 0)
|    ( - -1.410e+03 1 0))
s>    ( QUESTION0_6_R 1 -1.953e+03 7.972e+01 7.932e+00
s>        ( - -4.634e+02 1 0)
s>        ( - -1.410e+03 1 0))INFO: dtree.c(1315): Comp split 30
INFO: dtree.c(1439): stop. leaf nodes are specific
INFO: dtree.c(1478): Final simple tree
|( QUESTION0_9_R 1 -2.306e+03 1.195e+02 9.001e+00
|    ( - -1.090e+03 1 0)
|    ( WDBNDRY_E 0 -1.096e+03 7.100e+01 4.000e+00
|        ( - -2.795e+02 1 0)
|        ( WDBNDRY_B 0 -7.453e+02 6.050e+01 3.000e+00
|            ( - -4.695e+02 1 0)
|            ( - -2.153e+02 1 0))))
s>    ( QUESTION0_9_R 1 -2.306e+03 1.195e+02 9.001e+00
s>        ( - -1.090e+03 1 0)
s>        ( WDBNDRY_E 0 -1.096e+03 7.100e+01 4.000e+00
s>            ( - -2.795e+02 1 0)
s>            ( WDBNDRY_B 0 -7.453e+02 6.050e+01 3.000e+00
s>                ( - -4.695e+02 1 0)
s>                ( - -2.153e+02 1 0))))INFO: dtree.c(1315): Comp split 31
INFO: dtree.c(1439): stop. leaf nodes are specific
INFO: dtree.c(1478): Final simple tree
|( WDBNDRY_E 0 -1.096e+03 7.100e+01 4.000e+00
|    ( - -2.795e+02 1 0)
|    ( WDBNDRY_B 0 -7.453e+02 6.050e+01 3.000e+00
|        ( - -4.695e+02 1 0)
|        ( - -2.153e+02 1 0)))
s>    ( WDBNDRY_E 0 -1.096e+03 7.100e+01 4.000e+00
s>        ( - -2.795e+02 1 0)
s>        ( WDBNDRY_B 0 -7.453e+02 6.050e+01 3.000e+00
s>            ( - -4.695e+02 1 0)
s>            ( - -2.153e+02 1 0)))INFO: dtree.c(1315): Comp split 32
INFO: dtree.c(1439): stop. leaf nodes are specific
INFO: dtree.c(1478): Final simple tree
|( SILENCE -1 -3.979e+03 8.505e+01 1.600e+01
|    ( - -1.128e+03 2 0)
|    ( - -2.766e+03 1 0))
s>    ( SILENCE -1 -3.979e+03 8.505e+01 1.600e+01
s>        ( - -1.128e+03 2 0)
s>        ( - -2.766e+03 1 0))INFO: dtree.c(1315): Comp split 33
INFO: dtree.c(1439): stop. leaf nodes are specific
INFO: dtree.c(1478): Final simple tree
|( WDBNDRY_B 0 -1.047e+04 1.062e+02 4.463e+01
|    ( - -1.350e+03 2 0)
|    ( - -9.012e+03 3 0))
s>    ( WDBNDRY_B 0 -1.047e+04 1.062e+02 4.463e+01
s>        ( - -1.350e+03 2 0)
s>        ( - -9.012e+03 3 0))INFO: dtree.c(1315): Comp split 34
INFO: dtree.c(1315): Comp split 35
INFO: dtree.c(1315): Comp split 36
INFO: dtree.c(1439): stop. leaf nodes are specific
INFO: dtree.c(1478): Final simple tree
|( WDBNDRY_B 0 -2.127e+03 1.033e+02 9.000e+00
|    ( - -1.133e+03 1 0)
|    ( - -8.904e+02 1 0))
s>    ( WDBNDRY_B 0 -2.127e+03 1.033e+02 9.000e+00
s>        ( - -1.133e+03 1 0)
s>        ( - -8.904e+02 1 0))INFO: dtree.c(1315): Comp split 37
INFO: dtree.c(1315): Comp split 38
INFO: dtree.c(1315): Comp split 39
INFO: dtree.c(1439): stop. leaf nodes are specific
INFO: dtree.c(1478): Final simple tree
|( WDBNDRY_B 0 -1.472e+03 9.755e+01 6.000e+00
|    ( - -4.014e+02 1 0)
|    ( - -9.727e+02 1 0))
s>    ( WDBNDRY_B 0 -1.472e+03 9.755e+01 6.000e+00
s>        ( - -4.014e+02 1 0)
s>        ( - -9.727e+02 1 0))INFO: dtree.c(1315): Comp split 40
INFO: dtree.c(1439): stop. leaf nodes are specific
INFO: dtree.c(1478): Final simple tree
|( QUESTION0_6_R 1 -4.827e+03 8.174e+01 1.871e+01
|    ( QUESTION2_6_L -1 -3.752e+03 7.716e+01 1.470e+01
|        ( WDBNDRY_B 0 -2.364e+03 6.543e+01 9.769e+00
|            ( - -6.408e+02 1 0)
|            ( - -1.658e+03 1 0))
|        ( WDBNDRY_B 0 -1.310e+03 5.330e+01 4.934e+00
|            ( - -7.208e+02 1 0)
|            ( QUESTION1 -1 -5.361e+02 4.690e+01 2.056e+00
|                ( - -2.555e+02 1 0)
|                ( - -2.337e+02 1 0))))
|    ( QUESTION0_5_R 1 -9.938e+02 6.478e+01 4.001e+00
|        ( - -2.096e+02 1 0)
|        ( - -7.195e+02 1 0)))
s>    ( QUESTION0_6_R 1 -4.827e+03 8.174e+01 1.871e+01
s>        ( QUESTION2_6_L -1 -3.752e+03 7.716e+01 1.470e+01
s>            ( WDBNDRY_B 0 -2.364e+03 6.543e+01 9.769e+00
s>                ( - -6.408e+02 1 0)
s>                ( - -1.658e+03 1 0))
s>            ( WDBNDRY_B 0 -1.310e+03 5.330e+01 4.934e+00
s>                ( - -7.208e+02 1 0)
s>                ( QUESTION1 -1 -5.361e+02 4.690e+01 2.056e+00
s>                    ( - -2.555e+02 1 0)
s>                    ( - -2.337e+02 1 0))))
s>        ( QUESTION0_5_R 1 -9.938e+02 6.478e+01 4.001e+00
s>            ( - -2.096e+02 1 0)
s>            ( - -7.195e+02 1 0)))INFO: dtree.c(1315): Comp split 41
INFO: dtree.c(1439): stop. leaf nodes are specific
INFO: dtree.c(1478): Final simple tree
|( WDBNDRY_B 0 -5.122e+03 8.504e+01 2.057e+01
|    ( - -4.356e+03 2 0)
|    ( - -6.807e+02 1 0))
s>    ( WDBNDRY_B 0 -5.122e+03 8.504e+01 2.057e+01
s>        ( - -4.356e+03 2 0)
s>        ( - -6.807e+02 1 0))INFO: dtree.c(1315): Comp split 42
INFO: dtree.c(1315): Comp split 43
INFO: dtree.c(1439): stop. leaf nodes are specific
INFO: dtree.c(1478): Final simple tree
|( WDBNDRY_B 0 -2.364e+03 6.543e+01 9.769e+00
|    ( - -6.408e+02 1 0)
|    ( - -1.658e+03 1 0))
s>    ( WDBNDRY_B 0 -2.364e+03 6.543e+01 9.769e+00
s>        ( - -6.408e+02 1 0)
s>        ( - -1.658e+03 1 0))INFO: dtree.c(1439): stop. leaf nodes are specific
INFO: dtree.c(1478): Final simple tree
|( QUESTION0_5_R 1 -2.369e+03 6.573e+01 8.936e+00
|    ( QUESTION0_6_R 1 -1.584e+03 6.399e+01 5.934e+00
|        ( WDBNDRY_B 0 -1.310e+03 5.330e+01 4.934e+00
|            ( - -7.208e+02 1 0)
|            ( QUESTION1 -1 -5.361e+02 4.690e+01 2.056e+00
|                ( - -2.555e+02 1 0)
|                ( - -2.337e+02 1 0)))
|        ( - -2.096e+02 1 0))
|    ( - -7.195e+02 1 0))
s>    ( QUESTION0_5_R 1 -2.369e+03 6.573e+01 8.936e+00
s>        ( QUESTION0_6_R 1 -1.584e+03 6.399e+01 5.934e+00
s>            ( WDBNDRY_B 0 -1.310e+03 5.330e+01 4.934e+00
s>                ( - -7.208e+02 1 0)
s>                ( QUESTION1 -1 -5.361e+02 4.690e+01 2.056e+00
s>                    ( - -2.555e+02 1 0)
s>                    ( - -2.337e+02 1 0)))
s>            ( - -2.096e+02 1 0))
s>        ( - -7.195e+02 1 0))INFO: dtree.c(1315): Comp split 44
INFO: dtree.c(1315): Comp split 45
INFO: dtree.c(1315): Comp split 46
INFO: dtree.c(1315): Comp split 47
INFO: dtree.c(1439): stop. leaf nodes are specific
INFO: dtree.c(1478): Final simple tree
|( WDBNDRY_B 0 -2.213e+03 8.138e+01 9.084e+00
|    ( - -1.206e+03 3 0)
|    ( - -9.252e+02 1 0))
s>    ( WDBNDRY_B 0 -2.213e+03 8.138e+01 9.084e+00
s>        ( - -1.206e+03 3 0)
s>        ( - -9.252e+02 1 0))INFO: dtree.c(1315): Comp split 48
INFO: dtree.c(1315): Comp split 49
INFO: dtree.c(1315): Comp split 50
INFO: dtree.c(1439): stop. leaf nodes are specific
INFO: dtree.c(1478): Final simple tree
|( WDBNDRY_B 0 -7.453e+02 6.050e+01 3.000e+00
|    ( - -4.695e+02 1 0)
|    ( - -2.153e+02 1 0))
s>    ( WDBNDRY_B 0 -7.453e+02 6.050e+01 3.000e+00
s>        ( - -4.695e+02 1 0)
s>        ( - -2.153e+02 1 0))INFO: dtree.c(1315): Comp split 51
INFO: dtree.c(1439): stop. leaf nodes are specific
INFO: dtree.c(1478): Final simple tree
|( QUESTION0_6_R 1 -1.584e+03 6.399e+01 5.934e+00
|    ( WDBNDRY_B 0 -1.310e+03 5.330e+01 4.934e+00
|        ( - -7.208e+02 1 0)
|        ( QUESTION1 -1 -5.361e+02 4.690e+01 2.056e+00
|            ( - -2.555e+02 1 0)
|            ( - -2.337e+02 1 0)))
|    ( - -2.096e+02 1 0))
s>    ( QUESTION0_6_R 1 -1.584e+03 6.399e+01 5.934e+00
s>        ( WDBNDRY_B 0 -1.310e+03 5.330e+01 4.934e+00
s>            ( - -7.208e+02 1 0)
s>            ( QUESTION1 -1 -5.361e+02 4.690e+01 2.056e+00
s>                ( - -2.555e+02 1 0)
s>                ( - -2.337e+02 1 0)))
s>        ( - -2.096e+02 1 0))INFO: dtree.c(1315): Comp split 52
INFO: dtree.c(1315): Comp split 53
INFO: dtree.c(1439): stop. leaf nodes are specific
INFO: dtree.c(1478): Final simple tree
|( WDBNDRY_B 0 -1.310e+03 5.330e+01 4.934e+00
|    ( - -7.208e+02 1 0)
|    ( QUESTION1 -1 -5.361e+02 4.690e+01 2.056e+00
|        ( - -2.555e+02 1 0)
|        ( - -2.337e+02 1 0)))
s>    ( WDBNDRY_B 0 -1.310e+03 5.330e+01 4.934e+00
s>        ( - -7.208e+02 1 0)
s>        ( QUESTION1 -1 -5.361e+02 4.690e+01 2.056e+00
s>            ( - -2.555e+02 1 0)
s>            ( - -2.337e+02 1 0)))INFO: dtree.c(1315): Comp split 54
INFO: dtree.c(1315): Comp split 55
INFO: dtree.c(1315): Comp split 56
INFO: dtree.c(1439): stop. leaf nodes are specific
INFO: dtree.c(1478): Final simple tree
|( QUESTION1 -1 -5.361e+02 4.690e+01 2.056e+00
|    ( - -2.555e+02 1 0)
|    ( - -2.337e+02 1 0))
s>    ( QUESTION1 -1 -5.361e+02 4.690e+01 2.056e+00
s>        ( - -2.555e+02 1 0)
s>        ( - -2.337e+02 1 0))INFO: dtree.c(1315): Comp split 57
INFO: dtree.c(1315): Comp split 58
INFO: dtree.c(1318): stop. leaf nodes are specific
Thu May  7 00:23:25 2020
