Current configuration:
[NAME]		[DEFLT]	[VALUE]
-allphones	no	no
-cntthresh	0.00001	1.000000e-05
-csplitmax	100	2000
-csplitmin	1	1
-csplitthr	8e-4	0.000000e+00
-example	no	no
-fullvar	no	no
-help		no	no
-meanfn			/home/abdy/Desktop/diploma/kg/model_parameters/kg.cd_cont_untied/means
-mixwfn			/home/abdy/Desktop/diploma/kg/model_parameters/kg.cd_cont_untied/mixture_weights
-moddeffn		/home/abdy/Desktop/diploma/kg/model_architecture/kg.untied.mdef
-mwfloor	1e-4	1.000000e-08
-phone			uy
-psetfn			/home/abdy/Desktop/diploma/kg/model_architecture/kg.tree_questions
-ssplitmax	5	7
-ssplitmin	1	1
-ssplitthr	8e-4	0.000000e+00
-state			1
-stwt			1.0,0.05,0.0,
-treefn			/home/abdy/Desktop/diploma/kg/trees/kg.unpruned/uy-1.dtree
-ts2cbfn	.semi.	.cont.
-varfloor	0.00001	1.000000e-05
-varfn			/home/abdy/Desktop/diploma/kg/model_parameters/kg.cd_cont_untied/variances

INFO: main.c(223): Reading: /home/abdy/Desktop/diploma/kg/model_architecture/kg.untied.mdef
INFO: model_def_io.c(573): Model definition info:
INFO: model_def_io.c(574): 10297 total models defined (47 base, 10250 tri)
INFO: model_def_io.c(575): 41188 total states
INFO: model_def_io.c(576): 30891 total tied states
INFO: model_def_io.c(577): 141 total tied CI states
INFO: model_def_io.c(578): 47 total tied transition matrices
INFO: model_def_io.c(579): 4 max state/model
INFO: model_def_io.c(580): 4 min state/model
INFO: main.c(242): Building trees for [uy SIL ch b] through [uy zh z i]
INFO: main.c(269): Covering states |[26790 27692]| == 903
INFO: main.c(275): Reading: /home/abdy/Desktop/diploma/kg/model_parameters/kg.cd_cont_untied/mixture_weights
INFO: s3mixw_io.c(173): Read /home/abdy/Desktop/diploma/kg/model_parameters/kg.cd_cont_untied/mixture_weights [903x1x1 array]
INFO: main.c(311): 69 of 301 models have observation count greater than 0.000010
INFO: main.c(95): nrm stwt: 0.045 0.909 0.045 
INFO: s3gau_io.c(169): Read /home/abdy/Desktop/diploma/kg/model_parameters/kg.cd_cont_untied/means [30891x1x1 array]
INFO: s3gau_io.c(169): Read /home/abdy/Desktop/diploma/kg/model_parameters/kg.cd_cont_untied/variances [30891x1x1 array]
INFO: main.c(549): Reading: /home/abdy/Desktop/diploma/kg/model_architecture/kg.tree_questions
INFO: main.c(588): 174 total simple questions (166 phone; 8 word bndry)
INFO: main.c(590): 40 Left Only questions, and 42 Right Only questions
INFO: dtree.c(1478): Final simple tree
|( QUESTION2_2_L -1 -5.817e+04 4.571e+02 2.393e+02
|    ( - 2.172e+02 1 0)
|    ( QUESTION0_14_R 1 -5.793e+04 2.590e+02 2.383e+02
|        ( QUESTION1 -1 -2.001e+03 3.672e+02 1.000e+01
|            ( - -3.162e+02 1 0)
|            ( - -1.318e+03 1 0))
|        ( SILENCE -1 -5.567e+04 2.277e+02 2.283e+02
|            ( - -9.241e+02 1 0)
|            ( QUESTION13 1 -5.452e+04 2.217e+02 2.233e+02
|                ( QUESTION5 -1 -2.604e+04 2.614e+02 1.088e+02
|                    ( - -1.585e+03 1 0)
|                    ( - -2.420e+04 24 0 QUESTION2_0_L -1 1.975e+02 1.008e+02))
|                ( QUESTION11 -1 -2.826e+04 2.036e+02 1.145e+02
|                    ( - -1.553e+03 2 0 QUESTION0_0_R 1 8.612e+01 7.850e+00)
|                    ( - -2.650e+04 38 0 QUESTION0_12_R 1 1.761e+02 1.067e+02))))))
s>    ( QUESTION2_2_L -1 -5.817e+04 4.571e+02 2.393e+02
s>        ( - 2.172e+02 1 0)
s>        ( QUESTION0_14_R 1 -5.793e+04 2.590e+02 2.383e+02
s>            ( QUESTION1 -1 -2.001e+03 3.672e+02 1.000e+01
s>                ( - -3.162e+02 1 0)
s>                ( - -1.318e+03 1 0))
s>            ( SILENCE -1 -5.567e+04 2.277e+02 2.283e+02
s>                ( - -9.241e+02 1 0)
s>                ( QUESTION13 1 -5.452e+04 2.217e+02 2.233e+02
s>                    ( QUESTION5 -1 -2.604e+04 2.614e+02 1.088e+02
s>                        ( - -1.585e+03 1 0)
s>                        ( - -2.420e+04 24 0 QUESTION2_0_L -1 1.975e+02 1.008e+02))
s>                    ( QUESTION11 -1 -2.826e+04 2.036e+02 1.145e+02
s>                        ( - -1.553e+03 2 0 QUESTION0_0_R 1 8.612e+01 7.850e+00)
s>                        ( - -2.650e+04 38 0 QUESTION0_12_R 1 1.761e+02 1.067e+02))))))INFO: dtree.c(1315): Comp split 0
INFO: dtree.c(1478): Final simple tree
|( QUESTION0_14_R 1 -5.793e+04 2.590e+02 2.383e+02
|    ( QUESTION1 -1 -2.001e+03 3.672e+02 1.000e+01
|        ( - -3.162e+02 1 0)
|        ( - -1.318e+03 1 0))
|    ( SILENCE -1 -5.567e+04 2.277e+02 2.283e+02
|        ( - -9.241e+02 1 0)
|        ( QUESTION13 1 -5.452e+04 2.217e+02 2.233e+02
|            ( QUESTION5 -1 -2.604e+04 2.614e+02 1.088e+02
|                ( - -1.585e+03 1 0)
|                ( QUESTION2_0_L -1 -2.420e+04 1.975e+02 1.008e+02
|                    ( - -8.503e+03 10 0 QUESTION0 -1 1.453e+02 3.591e+01)
|                    ( - -1.550e+04 14 0 QUESTION0_10_R 1 4.827e+02 6.488e+01)))
|            ( QUESTION11 -1 -2.826e+04 2.036e+02 1.145e+02
|                ( - -1.553e+03 2 0 QUESTION0_0_R 1 8.612e+01 7.850e+00)
|                ( - -2.650e+04 38 0 QUESTION0_12_R 1 1.761e+02 1.067e+02)))))
s>    ( QUESTION0_14_R 1 -5.793e+04 2.590e+02 2.383e+02
s>        ( QUESTION1 -1 -2.001e+03 3.672e+02 1.000e+01
s>            ( - -3.162e+02 1 0)
s>            ( - -1.318e+03 1 0))
s>        ( SILENCE -1 -5.567e+04 2.277e+02 2.283e+02
s>            ( - -9.241e+02 1 0)
s>            ( QUESTION13 1 -5.452e+04 2.217e+02 2.233e+02
s>                ( QUESTION5 -1 -2.604e+04 2.614e+02 1.088e+02
s>                    ( - -1.585e+03 1 0)
s>                    ( QUESTION2_0_L -1 -2.420e+04 1.975e+02 1.008e+02
s>                        ( - -8.503e+03 10 0 QUESTION0 -1 1.453e+02 3.591e+01)
s>                        ( - -1.550e+04 14 0 QUESTION0_10_R 1 4.827e+02 6.488e+01)))
s>                ( QUESTION11 -1 -2.826e+04 2.036e+02 1.145e+02
s>                    ( - -1.553e+03 2 0 QUESTION0_0_R 1 8.612e+01 7.850e+00)
s>                    ( - -2.650e+04 38 0 QUESTION0_12_R 1 1.761e+02 1.067e+02)))))INFO: dtree.c(1315): Comp split 1
INFO: dtree.c(1478): Final simple tree
|( SILENCE -1 -5.621e+04 2.282e+02 2.303e+02
|    ( - -9.241e+02 1 0)
|    ( QUESTION13 1 -5.505e+04 2.279e+02 2.253e+02
|        ( QUESTION5 -1 -2.604e+04 2.614e+02 1.088e+02
|            ( - -1.585e+03 1 0)
|            ( QUESTION2_0_L -1 -2.420e+04 1.975e+02 1.008e+02
|                ( - -8.503e+03 10 0 QUESTION0 -1 1.453e+02 3.591e+01)
|                ( QUESTION0_10_R 1 -1.550e+04 4.827e+02 6.488e+01
|                    ( - 1.838e+02 1 0)
|                    ( - -1.520e+04 13 0 WDBNDRY_E 0 4.481e+02 6.388e+01))))
|        ( QUESTION0_14_R 1 -2.878e+04 2.095e+02 1.165e+02
|            ( - -3.162e+02 1 0)
|            ( QUESTION11 -1 -2.826e+04 2.036e+02 1.145e+02
|                ( - -1.553e+03 2 0 QUESTION0_0_R 1 8.612e+01 7.850e+00)
|                ( - -2.650e+04 38 0 QUESTION0_12_R 1 1.761e+02 1.067e+02)))))
s>    ( SILENCE -1 -5.621e+04 2.282e+02 2.303e+02
s>        ( - -9.241e+02 1 0)
s>        ( QUESTION13 1 -5.505e+04 2.279e+02 2.253e+02
s>            ( QUESTION5 -1 -2.604e+04 2.614e+02 1.088e+02
s>                ( - -1.585e+03 1 0)
s>                ( QUESTION2_0_L -1 -2.420e+04 1.975e+02 1.008e+02
s>                    ( - -8.503e+03 10 0 QUESTION0 -1 1.453e+02 3.591e+01)
s>                    ( QUESTION0_10_R 1 -1.550e+04 4.827e+02 6.488e+01
s>                        ( - 1.838e+02 1 0)
s>                        ( - -1.520e+04 13 0 WDBNDRY_E 0 4.481e+02 6.388e+01))))
s>            ( QUESTION0_14_R 1 -2.878e+04 2.095e+02 1.165e+02
s>                ( - -3.162e+02 1 0)
s>                ( QUESTION11 -1 -2.826e+04 2.036e+02 1.145e+02
s>                    ( - -1.553e+03 2 0 QUESTION0_0_R 1 8.612e+01 7.850e+00)
s>                    ( - -2.650e+04 38 0 QUESTION0_12_R 1 1.761e+02 1.067e+02)))))INFO: dtree.c(1315): Comp split 2
INFO: dtree.c(1478): Final simple tree
|( QUESTION10 1 -5.591e+04 2.300e+02 2.293e+02
|    ( QUESTION5 -1 -2.950e+04 2.603e+02 1.232e+02
|        ( - -1.585e+03 1 0)
|        ( SILENCE -1 -2.766e+04 2.275e+02 1.152e+02
|            ( - -9.241e+02 1 0)
|            ( QUESTION2_0_L -1 -2.651e+04 1.937e+02 1.102e+02
|                ( - -1.035e+04 13 0 QUESTION0 -1 1.519e+02 4.333e+01)
|                ( QUESTION0_10_R 1 -1.596e+04 5.030e+02 6.688e+01
|                    ( - 2.423e+02 1 0)
|                    ( - -1.570e+04 15 0 WDBNDRY_E 0 4.486e+02 6.588e+01)))))
|    ( QUESTION11 -1 -2.617e+04 2.334e+02 1.061e+02
|        ( - -1.279e+03 1 0)
|        ( QUESTION0_14_R 1 -2.466e+04 2.060e+02 9.928e+01
|            ( - -3.162e+02 1 0)
|            ( - -2.414e+04 33 0 QUESTION0_12_R 1 1.766e+02 9.728e+01))))
s>    ( QUESTION10 1 -5.591e+04 2.300e+02 2.293e+02
s>        ( QUESTION5 -1 -2.950e+04 2.603e+02 1.232e+02
s>            ( - -1.585e+03 1 0)
s>            ( SILENCE -1 -2.766e+04 2.275e+02 1.152e+02
s>                ( - -9.241e+02 1 0)
s>                ( QUESTION2_0_L -1 -2.651e+04 1.937e+02 1.102e+02
s>                    ( - -1.035e+04 13 0 QUESTION0 -1 1.519e+02 4.333e+01)
s>                    ( QUESTION0_10_R 1 -1.596e+04 5.030e+02 6.688e+01
s>                        ( - 2.423e+02 1 0)
s>                        ( - -1.570e+04 15 0 WDBNDRY_E 0 4.486e+02 6.588e+01)))))
s>        ( QUESTION11 -1 -2.617e+04 2.334e+02 1.061e+02
s>            ( - -1.279e+03 1 0)
s>            ( QUESTION0_14_R 1 -2.466e+04 2.060e+02 9.928e+01
s>                ( - -3.162e+02 1 0)
s>                ( - -2.414e+04 33 0 QUESTION0_12_R 1 1.766e+02 9.728e+01))))INFO: dtree.c(1315): Comp split 3
INFO: dtree.c(1478): Final simple tree
|( QUESTION10 1 -5.565e+04 2.316e+02 2.283e+02
|    ( QUESTION5 -1 -2.924e+04 2.598e+02 1.222e+02
|        ( - -1.585e+03 1 0)
|        ( SILENCE -1 -2.740e+04 2.283e+02 1.142e+02
|            ( - -9.241e+02 1 0)
|            ( QUESTION2_15_L -1 -2.624e+04 1.987e+02 1.092e+02
|                ( - -5.197e+03 4 0 QUESTION2 -1 1.061e+02 2.195e+01)
|                ( QUESTION2_14_L -1 -2.085e+04 4.763e+02 8.725e+01
|                    ( - 2.407e+02 1 0)
|                    ( - -2.061e+04 23 0 QUESTION2_12_L -1 1.829e+02 8.625e+01)))))
|    ( QUESTION11 -1 -2.617e+04 2.334e+02 1.061e+02
|        ( - -1.279e+03 1 0)
|        ( QUESTION0_14_R 1 -2.466e+04 2.060e+02 9.928e+01
|            ( - -3.162e+02 1 0)
|            ( - -2.414e+04 33 0 QUESTION0_12_R 1 1.766e+02 9.728e+01))))
s>    ( QUESTION10 1 -5.565e+04 2.316e+02 2.283e+02
s>        ( QUESTION5 -1 -2.924e+04 2.598e+02 1.222e+02
s>            ( - -1.585e+03 1 0)
s>            ( SILENCE -1 -2.740e+04 2.283e+02 1.142e+02
s>                ( - -9.241e+02 1 0)
s>                ( QUESTION2_15_L -1 -2.624e+04 1.987e+02 1.092e+02
s>                    ( - -5.197e+03 4 0 QUESTION2 -1 1.061e+02 2.195e+01)
s>                    ( QUESTION2_14_L -1 -2.085e+04 4.763e+02 8.725e+01
s>                        ( - 2.407e+02 1 0)
s>                        ( - -2.061e+04 23 0 QUESTION2_12_L -1 1.829e+02 8.625e+01)))))
s>        ( QUESTION11 -1 -2.617e+04 2.334e+02 1.061e+02
s>            ( - -1.279e+03 1 0)
s>            ( QUESTION0_14_R 1 -2.466e+04 2.060e+02 9.928e+01
s>                ( - -3.162e+02 1 0)
s>                ( - -2.414e+04 33 0 QUESTION0_12_R 1 1.766e+02 9.728e+01))))INFO: dtree.c(1315): Comp split 4
INFO: dtree.c(1478): Final simple tree
|( QUESTION10 1 -5.541e+04 2.325e+02 2.273e+02
|    ( QUESTION5 -1 -2.901e+04 2.593e+02 1.212e+02
|        ( - -1.585e+03 1 0)
|        ( SILENCE -1 -2.716e+04 2.290e+02 1.132e+02
|            ( - -9.241e+02 1 0)
|            ( QUESTION2_14_L -1 -2.601e+04 1.999e+02 1.082e+02
|                ( - -5.197e+03 4 0 QUESTION2 -1 1.061e+02 2.195e+01)
|                ( QUESTION2_12_L -1 -2.061e+04 1.829e+02 8.625e+01
|                    ( - -2.833e+02 1 0)
|                    ( - -2.014e+04 22 0 QUESTION4 -1 1.682e+02 8.425e+01)))))
|    ( QUESTION11 -1 -2.617e+04 2.334e+02 1.061e+02
|        ( - -1.279e+03 1 0)
|        ( QUESTION0_14_R 1 -2.466e+04 2.060e+02 9.928e+01
|            ( - -3.162e+02 1 0)
|            ( - -2.414e+04 33 0 QUESTION0_12_R 1 1.766e+02 9.728e+01))))
s>    ( QUESTION10 1 -5.541e+04 2.325e+02 2.273e+02
s>        ( QUESTION5 -1 -2.901e+04 2.593e+02 1.212e+02
s>            ( - -1.585e+03 1 0)
s>            ( SILENCE -1 -2.716e+04 2.290e+02 1.132e+02
s>                ( - -9.241e+02 1 0)
s>                ( QUESTION2_14_L -1 -2.601e+04 1.999e+02 1.082e+02
s>                    ( - -5.197e+03 4 0 QUESTION2 -1 1.061e+02 2.195e+01)
s>                    ( QUESTION2_12_L -1 -2.061e+04 1.829e+02 8.625e+01
s>                        ( - -2.833e+02 1 0)
s>                        ( - -2.014e+04 22 0 QUESTION4 -1 1.682e+02 8.425e+01)))))
s>        ( QUESTION11 -1 -2.617e+04 2.334e+02 1.061e+02
s>            ( - -1.279e+03 1 0)
s>            ( QUESTION0_14_R 1 -2.466e+04 2.060e+02 9.928e+01
s>                ( - -3.162e+02 1 0)
s>                ( - -2.414e+04 33 0 QUESTION0_12_R 1 1.766e+02 9.728e+01))))INFO: dtree.c(1315): Comp split 5
INFO: dtree.c(1478): Final simple tree
|( QUESTION0_14_R 1 -3.002e+04 2.067e+02 1.212e+02
|    ( - -3.162e+02 1 0)
|    ( QUESTION0_12_R 1 -2.950e+04 1.805e+02 1.192e+02
|        ( WDBNDRY_E 0 -1.707e+03 2.716e+02 8.010e+00
|            ( - -9.734e+02 1 0)
|            ( - -4.622e+02 1 0))
|        ( QUESTION1 1 -2.761e+04 1.728e+02 1.112e+02
|            ( QUESTION15 -1 -1.513e+04 1.564e+02 6.251e+01
|                ( - -1.946e+03 3 0 WDBNDRY_B 0 1.030e+02 8.938e+00)
|                ( - -1.303e+04 17 0 QUESTION13 -1 1.307e+02 5.357e+01))
|            ( QUESTION2_16_L -1 -1.231e+04 1.343e+02 4.871e+01
|                ( - -4.776e+03 4 0 QUESTION0_0_R 1 1.036e+02 2.096e+01)
|                ( QUESTION0_11_R 1 -7.401e+03 1.321e+02 2.775e+01
|                    ( - -4.199e+02 1 0)
|                    ( - -6.849e+03 10 0 QUESTION2_9_L -1 1.082e+02 2.575e+01))))))
s>    ( QUESTION0_14_R 1 -3.002e+04 2.067e+02 1.212e+02
s>        ( - -3.162e+02 1 0)
s>        ( QUESTION0_12_R 1 -2.950e+04 1.805e+02 1.192e+02
s>            ( WDBNDRY_E 0 -1.707e+03 2.716e+02 8.010e+00
s>                ( - -9.734e+02 1 0)
s>                ( - -4.622e+02 1 0))
s>            ( QUESTION1 1 -2.761e+04 1.728e+02 1.112e+02
s>                ( QUESTION15 -1 -1.513e+04 1.564e+02 6.251e+01
s>                    ( - -1.946e+03 3 0 WDBNDRY_B 0 1.030e+02 8.938e+00)
s>                    ( - -1.303e+04 17 0 QUESTION13 -1 1.307e+02 5.357e+01))
s>                ( QUESTION2_16_L -1 -1.231e+04 1.343e+02 4.871e+01
s>                    ( - -4.776e+03 4 0 QUESTION0_0_R 1 1.036e+02 2.096e+01)
s>                    ( QUESTION0_11_R 1 -7.401e+03 1.321e+02 2.775e+01
s>                        ( - -4.199e+02 1 0)
s>                        ( - -6.849e+03 10 0 QUESTION2_9_L -1 1.082e+02 2.575e+01))))))INFO: dtree.c(1478): Final simple tree
|( QUESTION5 -1 -2.511e+04 2.564e+02 1.061e+02
|    ( - -1.585e+03 1 0)
|    ( QUESTION0_11_R 1 -2.327e+04 2.319e+02 9.810e+01
|        ( - -1.279e+03 1 0)
|        ( SILENCE -1 -2.176e+04 2.247e+02 9.125e+01
|            ( - -9.241e+02 1 0)
|            ( QUESTION2_12_L -1 -2.061e+04 1.829e+02 8.625e+01
|                ( - -2.833e+02 1 0)
|                ( QUESTION4 -1 -2.014e+04 1.682e+02 8.425e+01
|                    ( QUESTION14 1 -6.393e+03 1.500e+02 2.739e+01
|                        ( QUESTION2_6_L -1 -1.535e+03 4.648e+02 7.000e+00
|                            ( - 2.162e+02 1 0)
|                            ( - -1.287e+03 1 0))
|                        ( - -4.707e+03 3 0 QUESTION2_6_L -1 1.127e+02 2.039e+01))
|                    ( - -1.358e+04 17 0 QUESTION2 -1 1.479e+02 5.687e+01))))))
s>    ( QUESTION5 -1 -2.511e+04 2.564e+02 1.061e+02
s>        ( - -1.585e+03 1 0)
s>        ( QUESTION0_11_R 1 -2.327e+04 2.319e+02 9.810e+01
s>            ( - -1.279e+03 1 0)
s>            ( SILENCE -1 -2.176e+04 2.247e+02 9.125e+01
s>                ( - -9.241e+02 1 0)
s>                ( QUESTION2_12_L -1 -2.061e+04 1.829e+02 8.625e+01
s>                    ( - -2.833e+02 1 0)
s>                    ( QUESTION4 -1 -2.014e+04 1.682e+02 8.425e+01
s>                        ( QUESTION14 1 -6.393e+03 1.500e+02 2.739e+01
s>                            ( QUESTION2_6_L -1 -1.535e+03 4.648e+02 7.000e+00
s>                                ( - 2.162e+02 1 0)
s>                                ( - -1.287e+03 1 0))
s>                            ( - -4.707e+03 3 0 QUESTION2_6_L -1 1.127e+02 2.039e+01))
s>                        ( - -1.358e+04 17 0 QUESTION2 -1 1.479e+02 5.687e+01))))))INFO: dtree.c(1315): Comp split 6
INFO: dtree.c(1478): Final simple tree
|( QUESTION5 -1 -2.487e+04 2.566e+02 1.051e+02
|    ( - -1.585e+03 1 0)
|    ( QUESTION0_11_R 1 -2.303e+04 2.321e+02 9.710e+01
|        ( - -1.279e+03 1 0)
|        ( SILENCE -1 -2.152e+04 2.247e+02 9.025e+01
|            ( - -9.241e+02 1 0)
|            ( QUESTION2_12_L -1 -2.037e+04 1.831e+02 8.525e+01
|                ( - -2.833e+02 1 0)
|                ( QUESTION4 -1 -1.991e+04 1.699e+02 8.325e+01
|                    ( QUESTION14 1 -6.152e+03 1.576e+02 2.639e+01
|                        ( - -1.287e+03 1 0)
|                        ( - -4.707e+03 3 0 QUESTION2_6_L -1 1.127e+02 2.039e+01))
|                    ( QUESTION2 -1 -1.358e+04 1.479e+02 5.687e+01
|                        ( - -4.954e+03 5 0 QUESTION0_2_R 1 1.241e+02 2.191e+01)
|                        ( - -8.482e+03 12 0 WDBNDRY_E 0 4.437e+02 3.496e+01)))))))
s>    ( QUESTION5 -1 -2.487e+04 2.566e+02 1.051e+02
s>        ( - -1.585e+03 1 0)
s>        ( QUESTION0_11_R 1 -2.303e+04 2.321e+02 9.710e+01
s>            ( - -1.279e+03 1 0)
s>            ( SILENCE -1 -2.152e+04 2.247e+02 9.025e+01
s>                ( - -9.241e+02 1 0)
s>                ( QUESTION2_12_L -1 -2.037e+04 1.831e+02 8.525e+01
s>                    ( - -2.833e+02 1 0)
s>                    ( QUESTION4 -1 -1.991e+04 1.699e+02 8.325e+01
s>                        ( QUESTION14 1 -6.152e+03 1.576e+02 2.639e+01
s>                            ( - -1.287e+03 1 0)
s>                            ( - -4.707e+03 3 0 QUESTION2_6_L -1 1.127e+02 2.039e+01))
s>                        ( QUESTION2 -1 -1.358e+04 1.479e+02 5.687e+01
s>                            ( - -4.954e+03 5 0 QUESTION0_2_R 1 1.241e+02 2.191e+01)
s>                            ( - -8.482e+03 12 0 WDBNDRY_E 0 4.437e+02 3.496e+01)))))))INFO: dtree.c(1315): Comp split 7
INFO: dtree.c(1478): Final simple tree
|( QUESTION0_14_R 1 -2.867e+04 2.046e+02 1.152e+02
|    ( - -3.162e+02 1 0)
|    ( QUESTION0_1_R 1 -2.815e+04 1.709e+02 1.132e+02
|        ( QUESTION15 -1 -2.172e+04 1.474e+02 8.917e+01
|            ( WDBNDRY_B 0 -3.085e+03 1.318e+02 1.394e+01
|                ( - -1.472e+03 2 0 QUESTION0_9_R 1 9.386e+01 6.938e+00)
|                ( - -1.481e+03 2 0 QUESTION0_9_R 1 9.255e+01 7.000e+00))
|            ( QUESTION0_9_R 1 -1.849e+04 1.476e+02 7.523e+01
|                ( WDBNDRY_B 0 -1.108e+04 2.179e+02 4.557e+01
|                    ( - -2.387e+02 1 0)
|                    ( - -1.063e+04 13 0 QUESTION2_6_L -1 1.232e+02 4.357e+01))
|                ( WDBNDRY_E 0 -7.254e+03 1.248e+02 2.966e+01
|                    ( - -4.199e+02 1 0)
|                    ( - -6.709e+03 11 0 QUESTION2_9_L -1 4.627e+02 2.766e+01))))
|        ( - -6.264e+03 6 0 QUESTION2 -1 1.151e+02 2.406e+01)))
s>    ( QUESTION0_14_R 1 -2.867e+04 2.046e+02 1.152e+02
s>        ( - -3.162e+02 1 0)
s>        ( QUESTION0_1_R 1 -2.815e+04 1.709e+02 1.132e+02
s>            ( QUESTION15 -1 -2.172e+04 1.474e+02 8.917e+01
s>                ( WDBNDRY_B 0 -3.085e+03 1.318e+02 1.394e+01
s>                    ( - -1.472e+03 2 0 QUESTION0_9_R 1 9.386e+01 6.938e+00)
s>                    ( - -1.481e+03 2 0 QUESTION0_9_R 1 9.255e+01 7.000e+00))
s>                ( QUESTION0_9_R 1 -1.849e+04 1.476e+02 7.523e+01
s>                    ( WDBNDRY_B 0 -1.108e+04 2.179e+02 4.557e+01
s>                        ( - -2.387e+02 1 0)
s>                        ( - -1.063e+04 13 0 QUESTION2_6_L -1 1.232e+02 4.357e+01))
s>                    ( WDBNDRY_E 0 -7.254e+03 1.248e+02 2.966e+01
s>                        ( - -4.199e+02 1 0)
s>                        ( - -6.709e+03 11 0 QUESTION2_9_L -1 4.627e+02 2.766e+01))))
s>            ( - -6.264e+03 6 0 QUESTION2 -1 1.151e+02 2.406e+01)))INFO: dtree.c(1315): Comp split 8
INFO: dtree.c(1478): Final simple tree
|( QUESTION0_11_R 1 -2.303e+04 2.321e+02 9.710e+01
|    ( - -1.279e+03 1 0)
|    ( SILENCE -1 -2.152e+04 2.247e+02 9.025e+01
|        ( - -9.241e+02 1 0)
|        ( QUESTION2_12_L -1 -2.037e+04 1.831e+02 8.525e+01
|            ( - -2.833e+02 1 0)
|            ( QUESTION4 -1 -1.991e+04 1.699e+02 8.325e+01
|                ( QUESTION14 1 -6.152e+03 1.576e+02 2.639e+01
|                    ( - -1.287e+03 1 0)
|                    ( - -4.707e+03 3 0 QUESTION2_6_L -1 1.127e+02 2.039e+01))
|                ( QUESTION2 -1 -1.358e+04 1.479e+02 5.687e+01
|                    ( - -4.954e+03 5 0 QUESTION0_2_R 1 1.241e+02 2.191e+01)
|                    ( WDBNDRY_E 0 -8.482e+03 4.437e+02 3.496e+01
|                        ( - 1.853e+02 1 0)
|                        ( - -8.224e+03 11 0 QUESTION2_7_L -1 1.285e+02 3.396e+01)))))))
s>    ( QUESTION0_11_R 1 -2.303e+04 2.321e+02 9.710e+01
s>        ( - -1.279e+03 1 0)
s>        ( SILENCE -1 -2.152e+04 2.247e+02 9.025e+01
s>            ( - -9.241e+02 1 0)
s>            ( QUESTION2_12_L -1 -2.037e+04 1.831e+02 8.525e+01
s>                ( - -2.833e+02 1 0)
s>                ( QUESTION4 -1 -1.991e+04 1.699e+02 8.325e+01
s>                    ( QUESTION14 1 -6.152e+03 1.576e+02 2.639e+01
s>                        ( - -1.287e+03 1 0)
s>                        ( - -4.707e+03 3 0 QUESTION2_6_L -1 1.127e+02 2.039e+01))
s>                    ( QUESTION2 -1 -1.358e+04 1.479e+02 5.687e+01
s>                        ( - -4.954e+03 5 0 QUESTION0_2_R 1 1.241e+02 2.191e+01)
s>                        ( WDBNDRY_E 0 -8.482e+03 4.437e+02 3.496e+01
s>                            ( - 1.853e+02 1 0)
s>                            ( - -8.224e+03 11 0 QUESTION2_7_L -1 1.285e+02 3.396e+01)))))))INFO: dtree.c(1315): Comp split 9
INFO: dtree.c(1478): Final simple tree
|( QUESTION0_11_R 1 -2.277e+04 2.328e+02 9.610e+01
|    ( - -1.279e+03 1 0)
|    ( SILENCE -1 -2.126e+04 2.247e+02 8.925e+01
|        ( - -9.241e+02 1 0)
|        ( QUESTION2_12_L -1 -2.011e+04 1.831e+02 8.425e+01
|            ( - -2.833e+02 1 0)
|            ( QUESTION2_0_L -1 -1.965e+04 1.689e+02 8.225e+01
|                ( QUESTION0 -1 -1.035e+04 1.519e+02 4.333e+01
|                    ( - -4.954e+03 5 0 QUESTION0_2_R 1 1.241e+02 2.191e+01)
|                    ( QUESTION0_0_R 1 -5.244e+03 1.241e+02 2.142e+01
|                        ( - -3.805e+03 6 0 WDBNDRY_B 0 1.140e+02 1.542e+01)
|                        ( - -1.314e+03 2 0 QUESTION14 -1 8.199e+01 5.999e+00)))
|                ( QUESTION14 1 -9.127e+03 1.408e+02 3.893e+01
|                    ( - -1.287e+03 1 0)
|                    ( - -7.699e+03 6 0 QUESTION2_9_L -1 1.227e+02 3.293e+01))))))
s>    ( QUESTION0_11_R 1 -2.277e+04 2.328e+02 9.610e+01
s>        ( - -1.279e+03 1 0)
s>        ( SILENCE -1 -2.126e+04 2.247e+02 8.925e+01
s>            ( - -9.241e+02 1 0)
s>            ( QUESTION2_12_L -1 -2.011e+04 1.831e+02 8.425e+01
s>                ( - -2.833e+02 1 0)
s>                ( QUESTION2_0_L -1 -1.965e+04 1.689e+02 8.225e+01
s>                    ( QUESTION0 -1 -1.035e+04 1.519e+02 4.333e+01
s>                        ( - -4.954e+03 5 0 QUESTION0_2_R 1 1.241e+02 2.191e+01)
s>                        ( QUESTION0_0_R 1 -5.244e+03 1.241e+02 2.142e+01
s>                            ( - -3.805e+03 6 0 WDBNDRY_B 0 1.140e+02 1.542e+01)
s>                            ( - -1.314e+03 2 0 QUESTION14 -1 8.199e+01 5.999e+00)))
s>                    ( QUESTION14 1 -9.127e+03 1.408e+02 3.893e+01
s>                        ( - -1.287e+03 1 0)
s>                        ( - -7.699e+03 6 0 QUESTION2_9_L -1 1.227e+02 3.293e+01))))))INFO: dtree.c(1315): Comp split 10
INFO: dtree.c(1478): Final simple tree
|( SILENCE -1 -2.126e+04 2.247e+02 8.925e+01
|    ( - -9.241e+02 1 0)
|    ( QUESTION2_12_L -1 -2.011e+04 1.831e+02 8.425e+01
|        ( - -2.833e+02 1 0)
|        ( QUESTION2_0_L -1 -1.965e+04 1.689e+02 8.225e+01
|            ( QUESTION0 -1 -1.035e+04 1.519e+02 4.333e+01
|                ( QUESTION0_2_R 1 -4.954e+03 1.241e+02 2.191e+01
|                    ( - -5.742e+02 1 0)
|                    ( - -4.256e+03 4 0 WDBNDRY_E 0 1.064e+02 1.891e+01))
|                ( QUESTION0_0_R 1 -5.244e+03 1.241e+02 2.142e+01
|                    ( - -3.805e+03 6 0 WDBNDRY_B 0 1.140e+02 1.542e+01)
|                    ( - -1.314e+03 2 0 QUESTION14 -1 8.199e+01 5.999e+00)))
|            ( QUESTION14 1 -9.127e+03 1.408e+02 3.893e+01
|                ( - -1.287e+03 1 0)
|                ( - -7.699e+03 6 0 QUESTION2_9_L -1 1.227e+02 3.293e+01)))))
s>    ( SILENCE -1 -2.126e+04 2.247e+02 8.925e+01
s>        ( - -9.241e+02 1 0)
s>        ( QUESTION2_12_L -1 -2.011e+04 1.831e+02 8.425e+01
s>            ( - -2.833e+02 1 0)
s>            ( QUESTION2_0_L -1 -1.965e+04 1.689e+02 8.225e+01
s>                ( QUESTION0 -1 -1.035e+04 1.519e+02 4.333e+01
s>                    ( QUESTION0_2_R 1 -4.954e+03 1.241e+02 2.191e+01
s>                        ( - -5.742e+02 1 0)
s>                        ( - -4.256e+03 4 0 WDBNDRY_E 0 1.064e+02 1.891e+01))
s>                    ( QUESTION0_0_R 1 -5.244e+03 1.241e+02 2.142e+01
s>                        ( - -3.805e+03 6 0 WDBNDRY_B 0 1.140e+02 1.542e+01)
s>                        ( - -1.314e+03 2 0 QUESTION14 -1 8.199e+01 5.999e+00)))
s>                ( QUESTION14 1 -9.127e+03 1.408e+02 3.893e+01
s>                    ( - -1.287e+03 1 0)
s>                    ( - -7.699e+03 6 0 QUESTION2_9_L -1 1.227e+02 3.293e+01)))))INFO: dtree.c(1315): Comp split 11
INFO: dtree.c(1478): Final simple tree
|( QUESTION2_12_L -1 -2.011e+04 1.831e+02 8.425e+01
|    ( - -2.833e+02 1 0)
|    ( QUESTION2_0_L -1 -1.965e+04 1.689e+02 8.225e+01
|        ( QUESTION0 -1 -1.035e+04 1.519e+02 4.333e+01
|            ( QUESTION0_2_R 1 -4.954e+03 1.241e+02 2.191e+01
|                ( - -5.742e+02 1 0)
|                ( - -4.256e+03 4 0 WDBNDRY_E 0 1.064e+02 1.891e+01))
|            ( QUESTION0_0_R 1 -5.244e+03 1.241e+02 2.142e+01
|                ( - -3.805e+03 6 0 WDBNDRY_B 0 1.140e+02 1.542e+01)
|                ( - -1.314e+03 2 0 QUESTION14 -1 8.199e+01 5.999e+00)))
|        ( QUESTION14 1 -9.127e+03 1.408e+02 3.893e+01
|            ( - -1.287e+03 1 0)
|            ( QUESTION2_9_L -1 -7.699e+03 1.227e+02 3.293e+01
|                ( - -1.034e+03 1 0)
|                ( - -6.542e+03 5 0 QUESTION1 -1 1.222e+02 2.772e+01)))))
s>    ( QUESTION2_12_L -1 -2.011e+04 1.831e+02 8.425e+01
s>        ( - -2.833e+02 1 0)
s>        ( QUESTION2_0_L -1 -1.965e+04 1.689e+02 8.225e+01
s>            ( QUESTION0 -1 -1.035e+04 1.519e+02 4.333e+01
s>                ( QUESTION0_2_R 1 -4.954e+03 1.241e+02 2.191e+01
s>                    ( - -5.742e+02 1 0)
s>                    ( - -4.256e+03 4 0 WDBNDRY_E 0 1.064e+02 1.891e+01))
s>                ( QUESTION0_0_R 1 -5.244e+03 1.241e+02 2.142e+01
s>                    ( - -3.805e+03 6 0 WDBNDRY_B 0 1.140e+02 1.542e+01)
s>                    ( - -1.314e+03 2 0 QUESTION14 -1 8.199e+01 5.999e+00)))
s>            ( QUESTION14 1 -9.127e+03 1.408e+02 3.893e+01
s>                ( - -1.287e+03 1 0)
s>                ( QUESTION2_9_L -1 -7.699e+03 1.227e+02 3.293e+01
s>                    ( - -1.034e+03 1 0)
s>                    ( - -6.542e+03 5 0 QUESTION1 -1 1.222e+02 2.772e+01)))))INFO: dtree.c(1315): Comp split 12
INFO: dtree.c(1478): Final simple tree
|( QUESTION0_14_R 1 -2.821e+04 2.043e+02 1.132e+02
|    ( - -3.162e+02 1 0)
|    ( QUESTION0_1_R 1 -2.769e+04 1.688e+02 1.112e+02
|        ( QUESTION15 -1 -2.126e+04 1.462e+02 8.717e+01
|            ( WDBNDRY_B 0 -3.085e+03 1.318e+02 1.394e+01
|                ( - -1.472e+03 2 0 QUESTION0_9_R 1 9.386e+01 6.938e+00)
|                ( - -1.481e+03 2 0 QUESTION0_9_R 1 9.255e+01 7.000e+00))
|            ( QUESTION0_9_R 1 -1.803e+04 1.472e+02 7.323e+01
|                ( - -1.063e+04 13 0 QUESTION2_6_L -1 1.232e+02 4.357e+01)
|                ( WDBNDRY_E 0 -7.254e+03 1.248e+02 2.966e+01
|                    ( - -4.199e+02 1 0)
|                    ( QUESTION2_9_L -1 -6.709e+03 4.627e+02 2.766e+01
|                        ( - 1.901e+02 1 0)
|                        ( - -6.436e+03 10 0 QUESTION0_15_R 1 9.883e+01 2.666e+01)))))
|        ( - -6.264e+03 6 0 QUESTION2 -1 1.151e+02 2.406e+01)))
s>    ( QUESTION0_14_R 1 -2.821e+04 2.043e+02 1.132e+02
s>        ( - -3.162e+02 1 0)
s>        ( QUESTION0_1_R 1 -2.769e+04 1.688e+02 1.112e+02
s>            ( QUESTION15 -1 -2.126e+04 1.462e+02 8.717e+01
s>                ( WDBNDRY_B 0 -3.085e+03 1.318e+02 1.394e+01
s>                    ( - -1.472e+03 2 0 QUESTION0_9_R 1 9.386e+01 6.938e+00)
s>                    ( - -1.481e+03 2 0 QUESTION0_9_R 1 9.255e+01 7.000e+00))
s>                ( QUESTION0_9_R 1 -1.803e+04 1.472e+02 7.323e+01
s>                    ( - -1.063e+04 13 0 QUESTION2_6_L -1 1.232e+02 4.357e+01)
s>                    ( WDBNDRY_E 0 -7.254e+03 1.248e+02 2.966e+01
s>                        ( - -4.199e+02 1 0)
s>                        ( QUESTION2_9_L -1 -6.709e+03 4.627e+02 2.766e+01
s>                            ( - 1.901e+02 1 0)
s>                            ( - -6.436e+03 10 0 QUESTION0_15_R 1 9.883e+01 2.666e+01)))))
s>            ( - -6.264e+03 6 0 QUESTION2 -1 1.151e+02 2.406e+01)))INFO: dtree.c(1315): Comp split 13
INFO: dtree.c(1478): Final simple tree
|( QUESTION0_14_R 1 -2.794e+04 2.040e+02 1.122e+02
|    ( - -3.162e+02 1 0)
|    ( QUESTION0_1_R 1 -2.742e+04 1.679e+02 1.102e+02
|        ( QUESTION15 -1 -2.099e+04 1.448e+02 8.617e+01
|            ( WDBNDRY_B 0 -3.085e+03 1.318e+02 1.394e+01
|                ( - -1.472e+03 2 0 QUESTION0_9_R 1 9.386e+01 6.938e+00)
|                ( - -1.481e+03 2 0 QUESTION0_9_R 1 9.255e+01 7.000e+00))
|            ( QUESTION0_9_R 1 -1.776e+04 1.478e+02 7.223e+01
|                ( QUESTION2_6_L -1 -1.063e+04 1.232e+02 4.357e+01
|                    ( - -4.080e+03 4 0 QUESTION2 1 1.037e+02 1.707e+01)
|                    ( - -6.424e+03 9 0 QUESTION0 -1 1.010e+02 2.650e+01))
|                ( WDBNDRY_E 0 -6.982e+03 1.258e+02 2.866e+01
|                    ( - -4.199e+02 1 0)
|                    ( - -6.436e+03 10 0 QUESTION0_15_R 1 9.883e+01 2.666e+01))))
|        ( - -6.264e+03 6 0 QUESTION2 -1 1.151e+02 2.406e+01)))
s>    ( QUESTION0_14_R 1 -2.794e+04 2.040e+02 1.122e+02
s>        ( - -3.162e+02 1 0)
s>        ( QUESTION0_1_R 1 -2.742e+04 1.679e+02 1.102e+02
s>            ( QUESTION15 -1 -2.099e+04 1.448e+02 8.617e+01
s>                ( WDBNDRY_B 0 -3.085e+03 1.318e+02 1.394e+01
s>                    ( - -1.472e+03 2 0 QUESTION0_9_R 1 9.386e+01 6.938e+00)
s>                    ( - -1.481e+03 2 0 QUESTION0_9_R 1 9.255e+01 7.000e+00))
s>                ( QUESTION0_9_R 1 -1.776e+04 1.478e+02 7.223e+01
s>                    ( QUESTION2_6_L -1 -1.063e+04 1.232e+02 4.357e+01
s>                        ( - -4.080e+03 4 0 QUESTION2 1 1.037e+02 1.707e+01)
s>                        ( - -6.424e+03 9 0 QUESTION0 -1 1.010e+02 2.650e+01))
s>                    ( WDBNDRY_E 0 -6.982e+03 1.258e+02 2.866e+01
s>                        ( - -4.199e+02 1 0)
s>                        ( - -6.436e+03 10 0 QUESTION0_15_R 1 9.883e+01 2.666e+01))))
s>            ( - -6.264e+03 6 0 QUESTION2 -1 1.151e+02 2.406e+01)))INFO: dtree.c(1315): Comp split 14
INFO: dtree.c(1478): Final simple tree
|( QUESTION0_1_R 1 -2.742e+04 1.679e+02 1.102e+02
|    ( QUESTION15 -1 -2.099e+04 1.448e+02 8.617e+01
|        ( WDBNDRY_B 0 -3.085e+03 1.318e+02 1.394e+01
|            ( - -1.472e+03 2 0 QUESTION0_9_R 1 9.386e+01 6.938e+00)
|            ( - -1.481e+03 2 0 QUESTION0_9_R 1 9.255e+01 7.000e+00))
|        ( QUESTION0_9_R 1 -1.776e+04 1.478e+02 7.223e+01
|            ( QUESTION2_6_L -1 -1.063e+04 1.232e+02 4.357e+01
|                ( - -4.080e+03 4 0 QUESTION2 1 1.037e+02 1.707e+01)
|                ( - -6.424e+03 9 0 QUESTION0 -1 1.010e+02 2.650e+01))
|            ( WDBNDRY_E 0 -6.982e+03 1.258e+02 2.866e+01
|                ( - -4.199e+02 1 0)
|                ( - -6.436e+03 10 0 QUESTION0_15_R 1 9.883e+01 2.666e+01))))
|    ( QUESTION2 -1 -6.264e+03 1.151e+02 2.406e+01
|        ( - -4.302e+03 3 0 QUESTION14 1 6.839e+01 1.896e+01)
|        ( - -1.846e+03 3 0 WDBNDRY_E 0 9.363e+01 5.101e+00)))
s>    ( QUESTION0_1_R 1 -2.742e+04 1.679e+02 1.102e+02
s>        ( QUESTION15 -1 -2.099e+04 1.448e+02 8.617e+01
s>            ( WDBNDRY_B 0 -3.085e+03 1.318e+02 1.394e+01
s>                ( - -1.472e+03 2 0 QUESTION0_9_R 1 9.386e+01 6.938e+00)
s>                ( - -1.481e+03 2 0 QUESTION0_9_R 1 9.255e+01 7.000e+00))
s>            ( QUESTION0_9_R 1 -1.776e+04 1.478e+02 7.223e+01
s>                ( QUESTION2_6_L -1 -1.063e+04 1.232e+02 4.357e+01
s>                    ( - -4.080e+03 4 0 QUESTION2 1 1.037e+02 1.707e+01)
s>                    ( - -6.424e+03 9 0 QUESTION0 -1 1.010e+02 2.650e+01))
s>                ( WDBNDRY_E 0 -6.982e+03 1.258e+02 2.866e+01
s>                    ( - -4.199e+02 1 0)
s>                    ( - -6.436e+03 10 0 QUESTION0_15_R 1 9.883e+01 2.666e+01))))
s>        ( QUESTION2 -1 -6.264e+03 1.151e+02 2.406e+01
s>            ( - -4.302e+03 3 0 QUESTION14 1 6.839e+01 1.896e+01)
s>            ( - -1.846e+03 3 0 WDBNDRY_E 0 9.363e+01 5.101e+00)))INFO: dtree.c(1315): Comp split 15
INFO: dtree.c(1478): Final simple tree
|( QUESTION4 -1 -1.193e+04 1.651e+02 4.913e+01
|    ( QUESTION2_6_L -1 -4.707e+03 1.127e+02 2.039e+01
|        ( - -1.264e+03 1 0)
|        ( - -3.331e+03 2 0 QUESTION13 1 7.482e+01 1.444e+01))
|    ( QUESTION14 -1 -7.061e+03 1.171e+02 2.874e+01
|        ( - -1.277e+03 2 0 QUESTION0_0_R 1 7.897e+01 6.013e+00)
|        ( QUESTION0 -1 -5.667e+03 1.013e+02 2.273e+01
|            ( QUESTION0_0_R 1 -1.713e+03 9.396e+01 7.327e+00
|                ( - -1.438e+03 1 0)
|                ( - -1.813e+02 1 0))
|            ( WDBNDRY_B 0 -3.853e+03 1.126e+02 1.540e+01
|                ( - -1.521e+03 3 0 QUESTION13 1 7.023e+01 6.416e+00)
|                ( QUESTION0_0_R 1 -2.219e+03 8.290e+01 8.987e+00
|                    ( - -1.864e+03 2 0 QUESTION13 -1 8.333e+01 7.987e+00)
|                    ( - -2.718e+02 1 0))))))
s>    ( QUESTION4 -1 -1.193e+04 1.651e+02 4.913e+01
s>        ( QUESTION2_6_L -1 -4.707e+03 1.127e+02 2.039e+01
s>            ( - -1.264e+03 1 0)
s>            ( - -3.331e+03 2 0 QUESTION13 1 7.482e+01 1.444e+01))
s>        ( QUESTION14 -1 -7.061e+03 1.171e+02 2.874e+01
s>            ( - -1.277e+03 2 0 QUESTION0_0_R 1 7.897e+01 6.013e+00)
s>            ( QUESTION0 -1 -5.667e+03 1.013e+02 2.273e+01
s>                ( QUESTION0_0_R 1 -1.713e+03 9.396e+01 7.327e+00
s>                    ( - -1.438e+03 1 0)
s>                    ( - -1.813e+02 1 0))
s>                ( WDBNDRY_B 0 -3.853e+03 1.126e+02 1.540e+01
s>                    ( - -1.521e+03 3 0 QUESTION13 1 7.023e+01 6.416e+00)
s>                    ( QUESTION0_0_R 1 -2.219e+03 8.290e+01 8.987e+00
s>                        ( - -1.864e+03 2 0 QUESTION13 -1 8.333e+01 7.987e+00)
s>                        ( - -2.718e+02 1 0))))))INFO: dtree.c(1478): Final simple tree
|( WDBNDRY_B 0 -7.995e+03 1.772e+02 3.512e+01
|    ( - -2.833e+02 1 0)
|    ( QUESTION14 1 -7.534e+03 1.412e+02 3.312e+01
|        ( QUESTION1 -1 -1.770e+03 9.502e+01 8.001e+00
|            ( - -3.883e+02 1 0)
|            ( - -1.287e+03 1 0))
|        ( QUESTION0_2_R 1 -5.623e+03 1.318e+02 2.512e+01
|            ( - -5.742e+02 1 0)
|            ( QUESTION2 -1 -4.917e+03 1.143e+02 2.212e+01
|                ( WDBNDRY_E 0 -3.768e+03 1.091e+02 1.691e+01
|                    ( QUESTION0_0_R 1 -8.033e+02 1.834e+02 4.000e+00
|                        ( - -2.662e+02 1 0)
|                        ( - -3.536e+02 1 0))
|                    ( - -2.856e+03 1 0))
|                ( - -1.034e+03 1 0)))))
s>    ( WDBNDRY_B 0 -7.995e+03 1.772e+02 3.512e+01
s>        ( - -2.833e+02 1 0)
s>        ( QUESTION14 1 -7.534e+03 1.412e+02 3.312e+01
s>            ( QUESTION1 -1 -1.770e+03 9.502e+01 8.001e+00
s>                ( - -3.883e+02 1 0)
s>                ( - -1.287e+03 1 0))
s>            ( QUESTION0_2_R 1 -5.623e+03 1.318e+02 2.512e+01
s>                ( - -5.742e+02 1 0)
s>                ( QUESTION2 -1 -4.917e+03 1.143e+02 2.212e+01
s>                    ( WDBNDRY_E 0 -3.768e+03 1.091e+02 1.691e+01
s>                        ( QUESTION0_0_R 1 -8.033e+02 1.834e+02 4.000e+00
s>                            ( - -2.662e+02 1 0)
s>                            ( - -3.536e+02 1 0))
s>                        ( - -2.856e+03 1 0))
s>                    ( - -1.034e+03 1 0)))))INFO: dtree.c(1315): Comp split 16
INFO: dtree.c(1439): stop. leaf nodes are specific
INFO: dtree.c(1478): Final simple tree
|( WDBNDRY_B 0 -7.524e+03 1.773e+02 3.312e+01
|    ( - -2.833e+02 1 0)
|    ( QUESTION14 1 -7.064e+03 1.373e+02 3.112e+01
|        ( QUESTION1 -1 -1.770e+03 9.502e+01 8.001e+00
|            ( - -3.883e+02 1 0)
|            ( - -1.287e+03 1 0))
|        ( QUESTION0_2_R 1 -5.156e+03 1.286e+02 2.312e+01
|            ( - -5.742e+02 1 0)
|            ( QUESTION2 -1 -4.453e+03 1.153e+02 2.012e+01
|                ( WDBNDRY_E 0 -3.304e+03 9.451e+01 1.491e+01
|                    ( - -3.536e+02 1 0)
|                    ( - -2.856e+03 1 0))
|                ( - -1.034e+03 1 0)))))
s>    ( WDBNDRY_B 0 -7.524e+03 1.773e+02 3.312e+01
s>        ( - -2.833e+02 1 0)
s>        ( QUESTION14 1 -7.064e+03 1.373e+02 3.112e+01
s>            ( QUESTION1 -1 -1.770e+03 9.502e+01 8.001e+00
s>                ( - -3.883e+02 1 0)
s>                ( - -1.287e+03 1 0))
s>            ( QUESTION0_2_R 1 -5.156e+03 1.286e+02 2.312e+01
s>                ( - -5.742e+02 1 0)
s>                ( QUESTION2 -1 -4.453e+03 1.153e+02 2.012e+01
s>                    ( WDBNDRY_E 0 -3.304e+03 9.451e+01 1.491e+01
s>                        ( - -3.536e+02 1 0)
s>                        ( - -2.856e+03 1 0))
s>                    ( - -1.034e+03 1 0)))))INFO: dtree.c(1315): Comp split 17
INFO: dtree.c(1478): Final simple tree
|( QUESTION14 -1 -1.512e+04 1.331e+02 6.215e+01
|    ( QUESTION2 1 -1.739e+03 1.798e+02 8.000e+00
|        ( - -7.779e+02 1 0)
|        ( - -7.817e+02 1 0))
|    ( WDBNDRY_E 0 -1.325e+04 1.237e+02 5.415e+01
|        ( - -4.199e+02 1 0)
|        ( QUESTION0_15_R 1 -1.270e+04 1.073e+02 5.215e+01
|            ( - -1.818e+03 3 0 QUESTION0 -1 9.435e+01 8.000e+00)
|            ( QUESTION2_15_L -1 -1.078e+04 1.032e+02 4.415e+01
|                ( - -3.696e+02 1 0)
|                ( QUESTION13 -1 -1.031e+04 1.011e+02 4.215e+01
|                    ( - -1.481e+03 2 0 QUESTION0_9_R 1 9.255e+01 7.000e+00)
|                    ( QUESTION2 1 -8.724e+03 9.574e+01 3.515e+01
|                        ( - -2.204e+03 3 0 QUESTION2_10_L -1 9.622e+01 9.433e+00)
|                        ( - -6.424e+03 10 0 QUESTION9 -1 9.256e+01 2.572e+01)))))))
s>    ( QUESTION14 -1 -1.512e+04 1.331e+02 6.215e+01
s>        ( QUESTION2 1 -1.739e+03 1.798e+02 8.000e+00
s>            ( - -7.779e+02 1 0)
s>            ( - -7.817e+02 1 0))
s>        ( WDBNDRY_E 0 -1.325e+04 1.237e+02 5.415e+01
s>            ( - -4.199e+02 1 0)
s>            ( QUESTION0_15_R 1 -1.270e+04 1.073e+02 5.215e+01
s>                ( - -1.818e+03 3 0 QUESTION0 -1 9.435e+01 8.000e+00)
s>                ( QUESTION2_15_L -1 -1.078e+04 1.032e+02 4.415e+01
s>                    ( - -3.696e+02 1 0)
s>                    ( QUESTION13 -1 -1.031e+04 1.011e+02 4.215e+01
s>                        ( - -1.481e+03 2 0 QUESTION0_9_R 1 9.255e+01 7.000e+00)
s>                        ( QUESTION2 1 -8.724e+03 9.574e+01 3.515e+01
s>                            ( - -2.204e+03 3 0 QUESTION2_10_L -1 9.622e+01 9.433e+00)
s>                            ( - -6.424e+03 10 0 QUESTION9 -1 9.256e+01 2.572e+01)))))))INFO: dtree.c(1478): Final simple tree
|( WDBNDRY_B 0 -1.212e+04 1.689e+02 4.808e+01
|    ( QUESTION0_9_R 1 -1.472e+03 9.386e+01 6.938e+00
|        ( - -5.994e+02 1 0)
|        ( - -7.788e+02 1 0))
|    ( QUESTION2 -1 -1.048e+04 1.395e+02 4.114e+01
|        ( QUESTION14 1 -4.302e+03 6.839e+01 1.896e+01
|            ( - -1.921e+02 1 0)
|            ( - -4.042e+03 2 0))
|        ( QUESTION3 1 -6.035e+03 1.156e+02 2.218e+01
|            ( - -1.392e+03 2 0)
|            ( WDBNDRY_E 0 -4.528e+03 1.018e+02 1.617e+01
|                ( - -9.634e+02 2 0 QUESTION5 -1 5.819e+01 2.111e+00)
|                ( QUESTION0_0_R 1 -3.462e+03 8.825e+01 1.406e+01
|                    ( - -7.890e+02 1 0)
|                    ( - -2.585e+03 2 0))))))
s>    ( WDBNDRY_B 0 -1.212e+04 1.689e+02 4.808e+01
s>        ( QUESTION0_9_R 1 -1.472e+03 9.386e+01 6.938e+00
s>            ( - -5.994e+02 1 0)
s>            ( - -7.788e+02 1 0))
s>        ( QUESTION2 -1 -1.048e+04 1.395e+02 4.114e+01
s>            ( QUESTION14 1 -4.302e+03 6.839e+01 1.896e+01
s>                ( - -1.921e+02 1 0)
s>                ( - -4.042e+03 2 0))
s>            ( QUESTION3 1 -6.035e+03 1.156e+02 2.218e+01
s>                ( - -1.392e+03 2 0)
s>                ( WDBNDRY_E 0 -4.528e+03 1.018e+02 1.617e+01
s>                    ( - -9.634e+02 2 0 QUESTION5 -1 5.819e+01 2.111e+00)
s>                    ( QUESTION0_0_R 1 -3.462e+03 8.825e+01 1.406e+01
s>                        ( - -7.890e+02 1 0)
s>                        ( - -2.585e+03 2 0))))))INFO: dtree.c(1315): Comp split 18
INFO: dtree.c(1478): Final simple tree
|( QUESTION14 -1 -1.416e+04 1.352e+02 5.815e+01
|    ( - -7.817e+02 1 0)
|    ( WDBNDRY_E 0 -1.325e+04 1.237e+02 5.415e+01
|        ( - -4.199e+02 1 0)
|        ( QUESTION0_15_R 1 -1.270e+04 1.073e+02 5.215e+01
|            ( - -1.818e+03 3 0 QUESTION0 -1 9.435e+01 8.000e+00)
|            ( QUESTION2_15_L -1 -1.078e+04 1.032e+02 4.415e+01
|                ( - -3.696e+02 1 0)
|                ( QUESTION13 -1 -1.031e+04 1.011e+02 4.215e+01
|                    ( - -1.481e+03 2 0 QUESTION0_9_R 1 9.255e+01 7.000e+00)
|                    ( QUESTION2 1 -8.724e+03 9.574e+01 3.515e+01
|                        ( QUESTION2_10_L -1 -2.204e+03 9.622e+01 9.433e+00
|                            ( - -4.135e+02 1 0)
|                            ( - -1.694e+03 2 0 QUESTION5 -1 6.353e+01 7.433e+00))
|                        ( - -6.424e+03 10 0 QUESTION9 -1 9.256e+01 2.572e+01)))))))
s>    ( QUESTION14 -1 -1.416e+04 1.352e+02 5.815e+01
s>        ( - -7.817e+02 1 0)
s>        ( WDBNDRY_E 0 -1.325e+04 1.237e+02 5.415e+01
s>            ( - -4.199e+02 1 0)
s>            ( QUESTION0_15_R 1 -1.270e+04 1.073e+02 5.215e+01
s>                ( - -1.818e+03 3 0 QUESTION0 -1 9.435e+01 8.000e+00)
s>                ( QUESTION2_15_L -1 -1.078e+04 1.032e+02 4.415e+01
s>                    ( - -3.696e+02 1 0)
s>                    ( QUESTION13 -1 -1.031e+04 1.011e+02 4.215e+01
s>                        ( - -1.481e+03 2 0 QUESTION0_9_R 1 9.255e+01 7.000e+00)
s>                        ( QUESTION2 1 -8.724e+03 9.574e+01 3.515e+01
s>                            ( QUESTION2_10_L -1 -2.204e+03 9.622e+01 9.433e+00
s>                                ( - -4.135e+02 1 0)
s>                                ( - -1.694e+03 2 0 QUESTION5 -1 6.353e+01 7.433e+00))
s>                            ( - -6.424e+03 10 0 QUESTION9 -1 9.256e+01 2.572e+01)))))))INFO: dtree.c(1315): Comp split 19
INFO: dtree.c(1439): stop. leaf nodes are specific
INFO: dtree.c(1478): Final simple tree
|( QUESTION14 1 -7.064e+03 1.373e+02 3.112e+01
|    ( QUESTION1 -1 -1.770e+03 9.502e+01 8.001e+00
|        ( - -3.883e+02 1 0)
|        ( - -1.287e+03 1 0))
|    ( QUESTION0_2_R 1 -5.156e+03 1.286e+02 2.312e+01
|        ( - -5.742e+02 1 0)
|        ( QUESTION2 -1 -4.453e+03 1.153e+02 2.012e+01
|            ( WDBNDRY_E 0 -3.304e+03 9.451e+01 1.491e+01
|                ( - -3.536e+02 1 0)
|                ( - -2.856e+03 1 0))
|            ( - -1.034e+03 1 0))))
s>    ( QUESTION14 1 -7.064e+03 1.373e+02 3.112e+01
s>        ( QUESTION1 -1 -1.770e+03 9.502e+01 8.001e+00
s>            ( - -3.883e+02 1 0)
s>            ( - -1.287e+03 1 0))
s>        ( QUESTION0_2_R 1 -5.156e+03 1.286e+02 2.312e+01
s>            ( - -5.742e+02 1 0)
s>            ( QUESTION2 -1 -4.453e+03 1.153e+02 2.012e+01
s>                ( WDBNDRY_E 0 -3.304e+03 9.451e+01 1.491e+01
s>                    ( - -3.536e+02 1 0)
s>                    ( - -2.856e+03 1 0))
s>                ( - -1.034e+03 1 0))))INFO: dtree.c(1315): Comp split 20
INFO: dtree.c(1439): stop. leaf nodes are specific
INFO: dtree.c(1478): Final simple tree
|( QUESTION2 -1 -1.048e+04 1.395e+02 4.114e+01
|    ( QUESTION14 1 -4.302e+03 6.839e+01 1.896e+01
|        ( - -1.921e+02 1 0)
|        ( - -4.042e+03 2 0))
|    ( QUESTION3 1 -6.035e+03 1.156e+02 2.218e+01
|        ( - -1.392e+03 2 0)
|        ( WDBNDRY_E 0 -4.528e+03 1.018e+02 1.617e+01
|            ( QUESTION5 -1 -9.634e+02 5.819e+01 2.111e+00
|                ( - -5.890e+02 1 0)
|                ( - -3.162e+02 1 0))
|            ( QUESTION0_0_R 1 -3.462e+03 8.825e+01 1.406e+01
|                ( - -7.890e+02 1 0)
|                ( - -2.585e+03 2 0)))))
s>    ( QUESTION2 -1 -1.048e+04 1.395e+02 4.114e+01
s>        ( QUESTION14 1 -4.302e+03 6.839e+01 1.896e+01
s>            ( - -1.921e+02 1 0)
s>            ( - -4.042e+03 2 0))
s>        ( QUESTION3 1 -6.035e+03 1.156e+02 2.218e+01
s>            ( - -1.392e+03 2 0)
s>            ( WDBNDRY_E 0 -4.528e+03 1.018e+02 1.617e+01
s>                ( QUESTION5 -1 -9.634e+02 5.819e+01 2.111e+00
s>                    ( - -5.890e+02 1 0)
s>                    ( - -3.162e+02 1 0))
s>                ( QUESTION0_0_R 1 -3.462e+03 8.825e+01 1.406e+01
s>                    ( - -7.890e+02 1 0)
s>                    ( - -2.585e+03 2 0)))))INFO: dtree.c(1439): stop. leaf nodes are specific
INFO: dtree.c(1478): Final simple tree
|( QUESTION0_9_R 1 -1.472e+03 9.386e+01 6.938e+00
|    ( - -5.994e+02 1 0)
|    ( - -7.788e+02 1 0))
s>    ( QUESTION0_9_R 1 -1.472e+03 9.386e+01 6.938e+00
s>        ( - -5.994e+02 1 0)
s>        ( - -7.788e+02 1 0))INFO: dtree.c(1315): Comp split 21
INFO: dtree.c(1478): Final simple tree
|( QUESTION14 -1 -7.061e+03 1.171e+02 2.874e+01
|    ( QUESTION0_0_R 1 -1.277e+03 7.897e+01 6.013e+00
|        ( - -2.371e+02 1 0)
|        ( - -9.607e+02 1 0))
|    ( QUESTION0 -1 -5.667e+03 1.013e+02 2.273e+01
|        ( QUESTION0_0_R 1 -1.713e+03 9.396e+01 7.327e+00
|            ( - -1.438e+03 1 0)
|            ( - -1.813e+02 1 0))
|        ( WDBNDRY_B 0 -3.853e+03 1.126e+02 1.540e+01
|            ( - -1.521e+03 3 0 QUESTION13 1 7.023e+01 6.416e+00)
|            ( QUESTION0_0_R 1 -2.219e+03 8.290e+01 8.987e+00
|                ( QUESTION13 -1 -1.864e+03 8.333e+01 7.987e+00
|                    ( - -1.532e+03 1 0)
|                    ( - -2.492e+02 1 0))
|                ( - -2.718e+02 1 0)))))
s>    ( QUESTION14 -1 -7.061e+03 1.171e+02 2.874e+01
s>        ( QUESTION0_0_R 1 -1.277e+03 7.897e+01 6.013e+00
s>            ( - -2.371e+02 1 0)
s>            ( - -9.607e+02 1 0))
s>        ( QUESTION0 -1 -5.667e+03 1.013e+02 2.273e+01
s>            ( QUESTION0_0_R 1 -1.713e+03 9.396e+01 7.327e+00
s>                ( - -1.438e+03 1 0)
s>                ( - -1.813e+02 1 0))
s>            ( WDBNDRY_B 0 -3.853e+03 1.126e+02 1.540e+01
s>                ( - -1.521e+03 3 0 QUESTION13 1 7.023e+01 6.416e+00)
s>                ( QUESTION0_0_R 1 -2.219e+03 8.290e+01 8.987e+00
s>                    ( QUESTION13 -1 -1.864e+03 8.333e+01 7.987e+00
s>                        ( - -1.532e+03 1 0)
s>                        ( - -2.492e+02 1 0))
s>                    ( - -2.718e+02 1 0)))))INFO: dtree.c(1439): stop. leaf nodes are specific
INFO: dtree.c(1478): Final simple tree
|( QUESTION2_6_L -1 -4.707e+03 1.127e+02 2.039e+01
|    ( - -1.264e+03 1 0)
|    ( QUESTION13 1 -3.331e+03 7.482e+01 1.444e+01
|        ( - -3.060e+03 1 0)
|        ( - -1.962e+02 1 0)))
s>    ( QUESTION2_6_L -1 -4.707e+03 1.127e+02 2.039e+01
s>        ( - -1.264e+03 1 0)
s>        ( QUESTION13 1 -3.331e+03 7.482e+01 1.444e+01
s>            ( - -3.060e+03 1 0)
s>            ( - -1.962e+02 1 0)))INFO: dtree.c(1315): Comp split 22
INFO: dtree.c(1478): Final simple tree
|( QUESTION14 -1 -5.376e+03 1.131e+02 2.203e+01
|    ( QUESTION0_0_R 1 -1.277e+03 7.897e+01 6.013e+00
|        ( - -2.371e+02 1 0)
|        ( - -9.607e+02 1 0))
|    ( WDBNDRY_B 0 -3.986e+03 9.850e+01 1.601e+01
|        ( QUESTION13 1 -1.521e+03 7.023e+01 6.416e+00
|            ( - -4.165e+02 1 0)
|            ( QUESTION11 -1 -1.035e+03 7.389e+01 4.416e+00
|                ( - -1.875e+02 1 0)
|                ( - -7.733e+02 1 0)))
|        ( QUESTION0_9_R 1 -2.366e+03 8.629e+01 9.598e+00
|            ( - -1.813e+02 1 0)
|            ( QUESTION19 -1 -2.098e+03 7.543e+01 8.598e+00
|                ( - -2.492e+02 1 0)
|                ( - -1.774e+03 2 0 QUESTION0_0_R 1 6.449e+01 7.327e+00)))))
s>    ( QUESTION14 -1 -5.376e+03 1.131e+02 2.203e+01
s>        ( QUESTION0_0_R 1 -1.277e+03 7.897e+01 6.013e+00
s>            ( - -2.371e+02 1 0)
s>            ( - -9.607e+02 1 0))
s>        ( WDBNDRY_B 0 -3.986e+03 9.850e+01 1.601e+01
s>            ( QUESTION13 1 -1.521e+03 7.023e+01 6.416e+00
s>                ( - -4.165e+02 1 0)
s>                ( QUESTION11 -1 -1.035e+03 7.389e+01 4.416e+00
s>                    ( - -1.875e+02 1 0)
s>                    ( - -7.733e+02 1 0)))
s>            ( QUESTION0_9_R 1 -2.366e+03 8.629e+01 9.598e+00
s>                ( - -1.813e+02 1 0)
s>                ( QUESTION19 -1 -2.098e+03 7.543e+01 8.598e+00
s>                    ( - -2.492e+02 1 0)
s>                    ( - -1.774e+03 2 0 QUESTION0_0_R 1 6.449e+01 7.327e+00)))))INFO: dtree.c(1315): Comp split 23
INFO: dtree.c(1439): stop. leaf nodes are specific
INFO: dtree.c(1478): Final simple tree
|( WDBNDRY_E 0 -4.418e+03 6.004e+01 1.907e+01
|    ( - -3.162e+02 1 0)
|    ( - -4.042e+03 2 0))
s>    ( WDBNDRY_E 0 -4.418e+03 6.004e+01 1.907e+01
s>        ( - -3.162e+02 1 0)
s>        ( - -4.042e+03 2 0))INFO: dtree.c(1439): stop. leaf nodes are specific
INFO: dtree.c(1478): Final simple tree
|( QUESTION3 1 -5.908e+03 1.144e+02 2.207e+01
|    ( - -1.392e+03 2 0)
|    ( QUESTION0_1_R 1 -4.402e+03 1.008e+02 1.606e+01
|        ( - -2.585e+03 2 0)
|        ( WDBNDRY_E 0 -1.716e+03 8.329e+01 4.991e+00
|            ( - -5.890e+02 1 0)
|            ( QUESTION2 -1 -1.044e+03 6.275e+01 3.991e+00
|                ( - -1.921e+02 1 0)
|                ( - -7.890e+02 1 0)))))
s>    ( QUESTION3 1 -5.908e+03 1.144e+02 2.207e+01
s>        ( - -1.392e+03 2 0)
s>        ( QUESTION0_1_R 1 -4.402e+03 1.008e+02 1.606e+01
s>            ( - -2.585e+03 2 0)
s>            ( WDBNDRY_E 0 -1.716e+03 8.329e+01 4.991e+00
s>                ( - -5.890e+02 1 0)
s>                ( QUESTION2 -1 -1.044e+03 6.275e+01 3.991e+00
s>                    ( - -1.921e+02 1 0)
s>                    ( - -7.890e+02 1 0)))))INFO: dtree.c(1315): Comp split 24
INFO: dtree.c(1439): stop. leaf nodes are specific
INFO: dtree.c(1478): Final simple tree
|( WDBNDRY_E 0 -3.546e+03 1.155e+02 1.591e+01
|    ( - -5.742e+02 1 0)
|    ( - -2.856e+03 1 0))
s>    ( WDBNDRY_E 0 -3.546e+03 1.155e+02 1.591e+01
s>        ( - -5.742e+02 1 0)
s>        ( - -2.856e+03 1 0))INFO: dtree.c(1439): stop. leaf nodes are specific
INFO: dtree.c(1478): Final simple tree
|( QUESTION14 1 -3.379e+03 1.240e+02 1.521e+01
|    ( QUESTION1 -1 -1.770e+03 9.502e+01 8.001e+00
|        ( - -3.883e+02 1 0)
|        ( - -1.287e+03 1 0))
|    ( WDBNDRY_E 0 -1.484e+03 9.655e+01 7.213e+00
|        ( - -3.536e+02 1 0)
|        ( - -1.034e+03 1 0)))
s>    ( QUESTION14 1 -3.379e+03 1.240e+02 1.521e+01
s>        ( QUESTION1 -1 -1.770e+03 9.502e+01 8.001e+00
s>            ( - -3.883e+02 1 0)
s>            ( - -1.287e+03 1 0))
s>        ( WDBNDRY_E 0 -1.484e+03 9.655e+01 7.213e+00
s>            ( - -3.536e+02 1 0)
s>            ( - -1.034e+03 1 0)))INFO: dtree.c(1315): Comp split 25
INFO: dtree.c(1478): Final simple tree
|( WDBNDRY_B 0 -4.278e+03 9.784e+01 1.703e+01
|    ( QUESTION13 1 -1.521e+03 7.023e+01 6.416e+00
|        ( - -4.165e+02 1 0)
|        ( QUESTION11 -1 -1.035e+03 7.389e+01 4.416e+00
|            ( - -1.875e+02 1 0)
|            ( - -7.733e+02 1 0)))
|    ( QUESTION0_9_R 1 -2.659e+03 8.282e+01 1.061e+01
|        ( - -1.813e+02 1 0)
|        ( QUESTION19 -1 -2.395e+03 7.150e+01 9.612e+00
|            ( - -2.492e+02 1 0)
|            ( QUESTION0 -1 -2.074e+03 6.806e+01 8.340e+00
|                ( - -1.438e+03 1 0)
|                ( QUESTION0_0_R 1 -5.688e+02 5.997e+01 2.014e+00
|                    ( - -2.371e+02 1 0)
|                    ( - -2.718e+02 1 0))))))
s>    ( WDBNDRY_B 0 -4.278e+03 9.784e+01 1.703e+01
s>        ( QUESTION13 1 -1.521e+03 7.023e+01 6.416e+00
s>            ( - -4.165e+02 1 0)
s>            ( QUESTION11 -1 -1.035e+03 7.389e+01 4.416e+00
s>                ( - -1.875e+02 1 0)
s>                ( - -7.733e+02 1 0)))
s>        ( QUESTION0_9_R 1 -2.659e+03 8.282e+01 1.061e+01
s>            ( - -1.813e+02 1 0)
s>            ( QUESTION19 -1 -2.395e+03 7.150e+01 9.612e+00
s>                ( - -2.492e+02 1 0)
s>                ( QUESTION0 -1 -2.074e+03 6.806e+01 8.340e+00
s>                    ( - -1.438e+03 1 0)
s>                    ( QUESTION0_0_R 1 -5.688e+02 5.997e+01 2.014e+00
s>                        ( - -2.371e+02 1 0)
s>                        ( - -2.718e+02 1 0))))))INFO: dtree.c(1315): Comp split 26
INFO: dtree.c(1478): Final simple tree
|( WDBNDRY_E 0 -1.325e+04 1.237e+02 5.415e+01
|    ( - -4.199e+02 1 0)
|    ( QUESTION0_15_R 1 -1.270e+04 1.073e+02 5.215e+01
|        ( QUESTION0 -1 -1.818e+03 9.435e+01 8.000e+00
|            ( - -1.135e+03 2 0 WDBNDRY_B 0 7.841e+01 5.000e+00)
|            ( - -5.884e+02 1 0))
|        ( QUESTION2_15_L -1 -1.078e+04 1.032e+02 4.415e+01
|            ( - -3.696e+02 1 0)
|            ( QUESTION13 -1 -1.031e+04 1.011e+02 4.215e+01
|                ( - -1.481e+03 2 0 QUESTION0_9_R 1 9.255e+01 7.000e+00)
|                ( QUESTION2 1 -8.724e+03 9.574e+01 3.515e+01
|                    ( QUESTION2_10_L -1 -2.204e+03 9.622e+01 9.433e+00
|                        ( - -4.135e+02 1 0)
|                        ( - -1.694e+03 2 0 QUESTION5 -1 6.353e+01 7.433e+00))
|                    ( - -6.424e+03 10 0 QUESTION9 -1 9.256e+01 2.572e+01))))))
s>    ( WDBNDRY_E 0 -1.325e+04 1.237e+02 5.415e+01
s>        ( - -4.199e+02 1 0)
s>        ( QUESTION0_15_R 1 -1.270e+04 1.073e+02 5.215e+01
s>            ( QUESTION0 -1 -1.818e+03 9.435e+01 8.000e+00
s>                ( - -1.135e+03 2 0 WDBNDRY_B 0 7.841e+01 5.000e+00)
s>                ( - -5.884e+02 1 0))
s>            ( QUESTION2_15_L -1 -1.078e+04 1.032e+02 4.415e+01
s>                ( - -3.696e+02 1 0)
s>                ( QUESTION13 -1 -1.031e+04 1.011e+02 4.215e+01
s>                    ( - -1.481e+03 2 0 QUESTION0_9_R 1 9.255e+01 7.000e+00)
s>                    ( QUESTION2 1 -8.724e+03 9.574e+01 3.515e+01
s>                        ( QUESTION2_10_L -1 -2.204e+03 9.622e+01 9.433e+00
s>                            ( - -4.135e+02 1 0)
s>                            ( - -1.694e+03 2 0 QUESTION5 -1 6.353e+01 7.433e+00))
s>                        ( - -6.424e+03 10 0 QUESTION9 -1 9.256e+01 2.572e+01))))))INFO: dtree.c(1315): Comp split 27
INFO: dtree.c(1439): stop. leaf nodes are specific
INFO: dtree.c(1478): Final simple tree
|( WDBNDRY_E 0 -1.484e+03 9.655e+01 7.213e+00
|    ( - -3.536e+02 1 0)
|    ( - -1.034e+03 1 0))
s>    ( WDBNDRY_E 0 -1.484e+03 9.655e+01 7.213e+00
s>        ( - -3.536e+02 1 0)
s>        ( - -1.034e+03 1 0))INFO: dtree.c(1439): stop. leaf nodes are specific
INFO: dtree.c(1478): Final simple tree
|( QUESTION1 -1 -1.770e+03 9.502e+01 8.001e+00
|    ( - -3.883e+02 1 0)
|    ( - -1.287e+03 1 0))
s>    ( QUESTION1 -1 -1.770e+03 9.502e+01 8.001e+00
s>        ( - -3.883e+02 1 0)
s>        ( - -1.287e+03 1 0))INFO: dtree.c(1315): Comp split 28
INFO: dtree.c(1478): Final simple tree
|( QUESTION0_15_R 1 -1.270e+04 1.073e+02 5.215e+01
|    ( QUESTION0 -1 -1.818e+03 9.435e+01 8.000e+00
|        ( - -1.135e+03 2 0 WDBNDRY_B 0 7.841e+01 5.000e+00)
|        ( - -5.884e+02 1 0))
|    ( QUESTION2_15_L -1 -1.078e+04 1.032e+02 4.415e+01
|        ( - -3.696e+02 1 0)
|        ( QUESTION13 -1 -1.031e+04 1.011e+02 4.215e+01
|            ( - -1.481e+03 2 0 QUESTION0_9_R 1 9.255e+01 7.000e+00)
|            ( QUESTION2 1 -8.724e+03 9.574e+01 3.515e+01
|                ( QUESTION2_10_L -1 -2.204e+03 9.622e+01 9.433e+00
|                    ( - -4.135e+02 1 0)
|                    ( - -1.694e+03 2 0 QUESTION5 -1 6.353e+01 7.433e+00))
|                ( QUESTION9 -1 -6.424e+03 9.256e+01 2.572e+01
|                    ( - -2.473e+03 3 0 QUESTION7 1 9.892e+01 1.066e+01)
|                    ( - -3.859e+03 7 0 QUESTION2 -1 7.298e+01 1.506e+01))))))
s>    ( QUESTION0_15_R 1 -1.270e+04 1.073e+02 5.215e+01
s>        ( QUESTION0 -1 -1.818e+03 9.435e+01 8.000e+00
s>            ( - -1.135e+03 2 0 WDBNDRY_B 0 7.841e+01 5.000e+00)
s>            ( - -5.884e+02 1 0))
s>        ( QUESTION2_15_L -1 -1.078e+04 1.032e+02 4.415e+01
s>            ( - -3.696e+02 1 0)
s>            ( QUESTION13 -1 -1.031e+04 1.011e+02 4.215e+01
s>                ( - -1.481e+03 2 0 QUESTION0_9_R 1 9.255e+01 7.000e+00)
s>                ( QUESTION2 1 -8.724e+03 9.574e+01 3.515e+01
s>                    ( QUESTION2_10_L -1 -2.204e+03 9.622e+01 9.433e+00
s>                        ( - -4.135e+02 1 0)
s>                        ( - -1.694e+03 2 0 QUESTION5 -1 6.353e+01 7.433e+00))
s>                    ( QUESTION9 -1 -6.424e+03 9.256e+01 2.572e+01
s>                        ( - -2.473e+03 3 0 QUESTION7 1 9.892e+01 1.066e+01)
s>                        ( - -3.859e+03 7 0 QUESTION2 -1 7.298e+01 1.506e+01))))))INFO: dtree.c(1315): Comp split 29
INFO: dtree.c(1439): stop. leaf nodes are specific
INFO: dtree.c(1478): Final simple tree
|( QUESTION0_15_R 1 -4.214e+03 9.883e+01 1.766e+01
|    ( WDBNDRY_B 0 -1.135e+03 7.841e+01 5.000e+00
|        ( - -6.353e+02 1 0)
|        ( - -4.211e+02 1 0))
|    ( QUESTION0_9_R 1 -2.980e+03 9.436e+01 1.266e+01
|        ( - -4.135e+02 1 0)
|        ( QUESTION7 1 -2.473e+03 9.892e+01 1.066e+01
|            ( - -1.428e+03 1 0)
|            ( QUESTION0_11_R 1 -9.453e+02 1.386e+02 4.008e+00
|                ( - -4.622e+02 1 0)
|                ( - -3.445e+02 1 0)))))
s>    ( QUESTION0_15_R 1 -4.214e+03 9.883e+01 1.766e+01
s>        ( WDBNDRY_B 0 -1.135e+03 7.841e+01 5.000e+00
s>            ( - -6.353e+02 1 0)
s>            ( - -4.211e+02 1 0))
s>        ( QUESTION0_9_R 1 -2.980e+03 9.436e+01 1.266e+01
s>            ( - -4.135e+02 1 0)
s>            ( QUESTION7 1 -2.473e+03 9.892e+01 1.066e+01
s>                ( - -1.428e+03 1 0)
s>                ( QUESTION0_11_R 1 -9.453e+02 1.386e+02 4.008e+00
s>                    ( - -4.622e+02 1 0)
s>                    ( - -3.445e+02 1 0)))))INFO: dtree.c(1478): Final simple tree
|( QUESTION2_15_L -1 -8.373e+03 1.034e+02 3.450e+01
|    ( - -3.696e+02 1 0)
|    ( QUESTION13 -1 -7.900e+03 1.029e+02 3.250e+01
|        ( QUESTION0_9_R 1 -1.481e+03 9.255e+01 7.000e+00
|            ( - -3.706e+02 1 0)
|            ( - -1.018e+03 1 0))
|        ( WDBNDRY_B 0 -6.316e+03 9.115e+01 2.550e+01
|            ( - -5.884e+02 1 0)
|            ( QUESTION2 1 -5.636e+03 8.322e+01 2.250e+01
|                ( - -1.694e+03 2 0 QUESTION5 -1 6.353e+01 7.433e+00)
|                ( QUESTION2 -1 -3.859e+03 7.298e+01 1.506e+01
|                    ( - -4.655e+02 1 0)
|                    ( QUESTION2_6_L -1 -3.321e+03 7.243e+01 1.306e+01
|                        ( - -6.871e+02 1 0)
|                        ( - -2.561e+03 5 0 QUESTION1 -1 6.526e+01 1.006e+01)))))))
s>    ( QUESTION2_15_L -1 -8.373e+03 1.034e+02 3.450e+01
s>        ( - -3.696e+02 1 0)
s>        ( QUESTION13 -1 -7.900e+03 1.029e+02 3.250e+01
s>            ( QUESTION0_9_R 1 -1.481e+03 9.255e+01 7.000e+00
s>                ( - -3.706e+02 1 0)
s>                ( - -1.018e+03 1 0))
s>            ( WDBNDRY_B 0 -6.316e+03 9.115e+01 2.550e+01
s>                ( - -5.884e+02 1 0)
s>                ( QUESTION2 1 -5.636e+03 8.322e+01 2.250e+01
s>                    ( - -1.694e+03 2 0 QUESTION5 -1 6.353e+01 7.433e+00)
s>                    ( QUESTION2 -1 -3.859e+03 7.298e+01 1.506e+01
s>                        ( - -4.655e+02 1 0)
s>                        ( QUESTION2_6_L -1 -3.321e+03 7.243e+01 1.306e+01
s>                            ( - -6.871e+02 1 0)
s>                            ( - -2.561e+03 5 0 QUESTION1 -1 6.526e+01 1.006e+01)))))))INFO: dtree.c(1315): Comp split 30
INFO: dtree.c(1439): stop. leaf nodes are specific
INFO: dtree.c(1478): Final simple tree
|( QUESTION0_15_R 1 -3.701e+03 9.648e+01 1.566e+01
|    ( WDBNDRY_B 0 -1.135e+03 7.841e+01 5.000e+00
|        ( - -6.353e+02 1 0)
|        ( - -4.211e+02 1 0))
|    ( QUESTION0_9_R 1 -2.470e+03 9.003e+01 1.066e+01
|        ( - -4.135e+02 1 0)
|        ( QUESTION0_11_R 1 -1.966e+03 7.571e+01 8.656e+00
|            ( - -4.622e+02 1 0)
|            ( - -1.428e+03 1 0))))
s>    ( QUESTION0_15_R 1 -3.701e+03 9.648e+01 1.566e+01
s>        ( WDBNDRY_B 0 -1.135e+03 7.841e+01 5.000e+00
s>            ( - -6.353e+02 1 0)
s>            ( - -4.211e+02 1 0))
s>        ( QUESTION0_9_R 1 -2.470e+03 9.003e+01 1.066e+01
s>            ( - -4.135e+02 1 0)
s>            ( QUESTION0_11_R 1 -1.966e+03 7.571e+01 8.656e+00
s>                ( - -4.622e+02 1 0)
s>                ( - -1.428e+03 1 0))))INFO: dtree.c(1315): Comp split 31
INFO: dtree.c(1315): Comp split 32
INFO: dtree.c(1439): stop. leaf nodes are specific
INFO: dtree.c(1478): Final simple tree
|( QUESTION0_1_R 1 -4.402e+03 1.008e+02 1.606e+01
|    ( - -2.585e+03 2 0)
|    ( WDBNDRY_E 0 -1.716e+03 8.329e+01 4.991e+00
|        ( - -5.890e+02 1 0)
|        ( QUESTION2 -1 -1.044e+03 6.275e+01 3.991e+00
|            ( - -1.921e+02 1 0)
|            ( - -7.890e+02 1 0))))
s>    ( QUESTION0_1_R 1 -4.402e+03 1.008e+02 1.606e+01
s>        ( - -2.585e+03 2 0)
s>        ( WDBNDRY_E 0 -1.716e+03 8.329e+01 4.991e+00
s>            ( - -5.890e+02 1 0)
s>            ( QUESTION2 -1 -1.044e+03 6.275e+01 3.991e+00
s>                ( - -1.921e+02 1 0)
s>                ( - -7.890e+02 1 0))))INFO: dtree.c(1315): Comp split 33
INFO: dtree.c(1439): stop. leaf nodes are specific
INFO: dtree.c(1478): Final simple tree
|( QUESTION13 1 -3.331e+03 7.482e+01 1.444e+01
|    ( - -3.060e+03 1 0)
|    ( - -1.962e+02 1 0))
s>    ( QUESTION13 1 -3.331e+03 7.482e+01 1.444e+01
s>        ( - -3.060e+03 1 0)
s>        ( - -1.962e+02 1 0))INFO: dtree.c(1315): Comp split 34
INFO: dtree.c(1478): Final simple tree
|( WDBNDRY_B 0 -6.316e+03 9.115e+01 2.550e+01
|    ( - -5.884e+02 1 0)
|    ( QUESTION2 1 -5.636e+03 8.322e+01 2.250e+01
|        ( - -1.694e+03 2 0 QUESTION5 -1 6.353e+01 7.433e+00)
|        ( QUESTION2 -1 -3.859e+03 7.298e+01 1.506e+01
|            ( - -4.655e+02 1 0)
|            ( QUESTION2_6_L -1 -3.321e+03 7.243e+01 1.306e+01
|                ( - -6.871e+02 1 0)
|                ( QUESTION1 -1 -2.561e+03 6.526e+01 1.006e+01
|                    ( - -4.925e+02 1 0)
|                    ( QUESTION6 -1 -2.003e+03 8.059e+01 8.064e+00
|                        ( - -1.022e+03 2 0)
|                        ( QUESTION0_9_R 1 -9.009e+02 9.504e+01 4.000e+00
|                            ( - -6.128e+02 1 0)
|                            ( - -1.930e+02 1 0))))))))
s>    ( WDBNDRY_B 0 -6.316e+03 9.115e+01 2.550e+01
s>        ( - -5.884e+02 1 0)
s>        ( QUESTION2 1 -5.636e+03 8.322e+01 2.250e+01
s>            ( - -1.694e+03 2 0 QUESTION5 -1 6.353e+01 7.433e+00)
s>            ( QUESTION2 -1 -3.859e+03 7.298e+01 1.506e+01
s>                ( - -4.655e+02 1 0)
s>                ( QUESTION2_6_L -1 -3.321e+03 7.243e+01 1.306e+01
s>                    ( - -6.871e+02 1 0)
s>                    ( QUESTION1 -1 -2.561e+03 6.526e+01 1.006e+01
s>                        ( - -4.925e+02 1 0)
s>                        ( QUESTION6 -1 -2.003e+03 8.059e+01 8.064e+00
s>                            ( - -1.022e+03 2 0)
s>                            ( QUESTION0_9_R 1 -9.009e+02 9.504e+01 4.000e+00
s>                                ( - -6.128e+02 1 0)
s>                                ( - -1.930e+02 1 0))))))))INFO: dtree.c(1439): stop. leaf nodes are specific
INFO: dtree.c(1478): Final simple tree
|( QUESTION0 -1 -1.952e+03 1.017e+02 9.000e+00
|    ( - -3.696e+02 1 0)
|    ( QUESTION0_9_R 1 -1.481e+03 9.255e+01 7.000e+00
|        ( - -3.706e+02 1 0)
|        ( - -1.018e+03 1 0)))
s>    ( QUESTION0 -1 -1.952e+03 1.017e+02 9.000e+00
s>        ( - -3.696e+02 1 0)
s>        ( QUESTION0_9_R 1 -1.481e+03 9.255e+01 7.000e+00
s>            ( - -3.706e+02 1 0)
s>            ( - -1.018e+03 1 0)))INFO: dtree.c(1315): Comp split 35
INFO: dtree.c(1478): Final simple tree
|( WDBNDRY_B 0 -5.587e+03 8.748e+01 2.250e+01
|    ( - -5.884e+02 1 0)
|    ( QUESTION2 1 -4.911e+03 8.924e+01 1.950e+01
|        ( QUESTION5 -1 -1.694e+03 6.353e+01 7.433e+00
|            ( - -6.168e+02 1 0)
|            ( - -1.013e+03 1 0))
|        ( QUESTION2_6_L -1 -3.128e+03 7.774e+01 1.206e+01
|            ( - -6.871e+02 1 0)
|            ( QUESTION2 -1 -2.363e+03 6.839e+01 9.065e+00
|                ( - -4.655e+02 1 0)
|                ( QUESTION1 -1 -1.829e+03 6.300e+01 7.065e+00
|                    ( - -4.925e+02 1 0)
|                    ( QUESTION0_9_R 1 -1.273e+03 5.839e+01 5.064e+00
|                        ( - -1.022e+03 2 0)
|                        ( - -1.930e+02 1 0)))))))
s>    ( WDBNDRY_B 0 -5.587e+03 8.748e+01 2.250e+01
s>        ( - -5.884e+02 1 0)
s>        ( QUESTION2 1 -4.911e+03 8.924e+01 1.950e+01
s>            ( QUESTION5 -1 -1.694e+03 6.353e+01 7.433e+00
s>                ( - -6.168e+02 1 0)
s>                ( - -1.013e+03 1 0))
s>            ( QUESTION2_6_L -1 -3.128e+03 7.774e+01 1.206e+01
s>                ( - -6.871e+02 1 0)
s>                ( QUESTION2 -1 -2.363e+03 6.839e+01 9.065e+00
s>                    ( - -4.655e+02 1 0)
s>                    ( QUESTION1 -1 -1.829e+03 6.300e+01 7.065e+00
s>                        ( - -4.925e+02 1 0)
s>                        ( QUESTION0_9_R 1 -1.273e+03 5.839e+01 5.064e+00
s>                            ( - -1.022e+03 2 0)
s>                            ( - -1.930e+02 1 0)))))))INFO: dtree.c(1315): Comp split 36
INFO: dtree.c(1439): stop. leaf nodes are specific
INFO: dtree.c(1478): Final simple tree
|( QUESTION0_9_R 1 -3.402e+03 8.234e+01 1.361e+01
|    ( - -1.813e+02 1 0)
|    ( QUESTION0 -1 -3.138e+03 8.297e+01 1.261e+01
|        ( - -1.438e+03 1 0)
|        ( QUESTION19 -1 -1.618e+03 6.711e+01 6.286e+00
|            ( - -2.492e+02 1 0)
|            ( WDBNDRY_B 0 -1.302e+03 6.676e+01 5.014e+00
|                ( QUESTION11 -1 -6.660e+02 6.199e+01 3.000e+00
|                    ( - -1.875e+02 1 0)
|                    ( - -4.165e+02 1 0))
|                ( QUESTION0_0_R 1 -5.688e+02 5.997e+01 2.014e+00
|                    ( - -2.371e+02 1 0)
|                    ( - -2.718e+02 1 0))))))
s>    ( QUESTION0_9_R 1 -3.402e+03 8.234e+01 1.361e+01
s>        ( - -1.813e+02 1 0)
s>        ( QUESTION0 -1 -3.138e+03 8.297e+01 1.261e+01
s>            ( - -1.438e+03 1 0)
s>            ( QUESTION19 -1 -1.618e+03 6.711e+01 6.286e+00
s>                ( - -2.492e+02 1 0)
s>                ( WDBNDRY_B 0 -1.302e+03 6.676e+01 5.014e+00
s>                    ( QUESTION11 -1 -6.660e+02 6.199e+01 3.000e+00
s>                        ( - -1.875e+02 1 0)
s>                        ( - -4.165e+02 1 0))
s>                    ( QUESTION0_0_R 1 -5.688e+02 5.997e+01 2.014e+00
s>                        ( - -2.371e+02 1 0)
s>                        ( - -2.718e+02 1 0))))))INFO: dtree.c(1315): Comp split 37
INFO: dtree.c(1439): stop. leaf nodes are specific
INFO: dtree.c(1478): Final simple tree
|( QUESTION0_9_R 1 -1.481e+03 9.255e+01 7.000e+00
|    ( - -3.706e+02 1 0)
|    ( - -1.018e+03 1 0))
s>    ( QUESTION0_9_R 1 -1.481e+03 9.255e+01 7.000e+00
s>        ( - -3.706e+02 1 0)
s>        ( - -1.018e+03 1 0))INFO: dtree.c(1315): Comp split 38
INFO: dtree.c(1439): stop. leaf nodes are specific
INFO: dtree.c(1478): Final simple tree
|( WDBNDRY_E 0 -1.716e+03 8.329e+01 4.991e+00
|    ( - -5.890e+02 1 0)
|    ( QUESTION2 -1 -1.044e+03 6.275e+01 3.991e+00
|        ( - -1.921e+02 1 0)
|        ( - -7.890e+02 1 0)))
s>    ( WDBNDRY_E 0 -1.716e+03 8.329e+01 4.991e+00
s>        ( - -5.890e+02 1 0)
s>        ( QUESTION2 -1 -1.044e+03 6.275e+01 3.991e+00
s>            ( - -1.921e+02 1 0)
s>            ( - -7.890e+02 1 0)))INFO: dtree.c(1315): Comp split 39
INFO: dtree.c(1315): Comp split 40
INFO: dtree.c(1439): stop. leaf nodes are specific
INFO: dtree.c(1478): Final simple tree
|( QUESTION0_9_R 1 -2.470e+03 9.003e+01 1.066e+01
|    ( - -4.135e+02 1 0)
|    ( QUESTION0_11_R 1 -1.966e+03 7.571e+01 8.656e+00
|        ( - -4.622e+02 1 0)
|        ( - -1.428e+03 1 0)))
s>    ( QUESTION0_9_R 1 -2.470e+03 9.003e+01 1.066e+01
s>        ( - -4.135e+02 1 0)
s>        ( QUESTION0_11_R 1 -1.966e+03 7.571e+01 8.656e+00
s>            ( - -4.622e+02 1 0)
s>            ( - -1.428e+03 1 0)))INFO: dtree.c(1439): stop. leaf nodes are specific
INFO: dtree.c(1478): Final simple tree
|( WDBNDRY_B 0 -1.135e+03 7.841e+01 5.000e+00
|    ( - -6.353e+02 1 0)
|    ( - -4.211e+02 1 0))
s>    ( WDBNDRY_B 0 -1.135e+03 7.841e+01 5.000e+00
s>        ( - -6.353e+02 1 0)
s>        ( - -4.211e+02 1 0))INFO: dtree.c(1315): Comp split 41
INFO: dtree.c(1439): stop. leaf nodes are specific
INFO: dtree.c(1478): Final simple tree
|( WDBNDRY_B 0 -3.033e+03 8.182e+01 1.206e+01
|    ( - -5.884e+02 1 0)
|    ( QUESTION2 -1 -2.363e+03 6.839e+01 9.065e+00
|        ( - -4.655e+02 1 0)
|        ( QUESTION1 -1 -1.829e+03 6.300e+01 7.065e+00
|            ( - -4.925e+02 1 0)
|            ( QUESTION0_9_R 1 -1.273e+03 5.839e+01 5.064e+00
|                ( - -1.022e+03 2 0)
|                ( - -1.930e+02 1 0)))))
s>    ( WDBNDRY_B 0 -3.033e+03 8.182e+01 1.206e+01
s>        ( - -5.884e+02 1 0)
s>        ( QUESTION2 -1 -2.363e+03 6.839e+01 9.065e+00
s>            ( - -4.655e+02 1 0)
s>            ( QUESTION1 -1 -1.829e+03 6.300e+01 7.065e+00
s>                ( - -4.925e+02 1 0)
s>                ( QUESTION0_9_R 1 -1.273e+03 5.839e+01 5.064e+00
s>                    ( - -1.022e+03 2 0)
s>                    ( - -1.930e+02 1 0)))))INFO: dtree.c(1439): stop. leaf nodes are specific
INFO: dtree.c(1478): Final simple tree
|( QUESTION0_9_R 1 -2.458e+03 7.703e+01 1.043e+01
|    ( QUESTION5 -1 -1.694e+03 6.353e+01 7.433e+00
|        ( - -6.168e+02 1 0)
|        ( - -1.013e+03 1 0))
|    ( - -6.871e+02 1 0))
s>    ( QUESTION0_9_R 1 -2.458e+03 7.703e+01 1.043e+01
s>        ( QUESTION5 -1 -1.694e+03 6.353e+01 7.433e+00
s>            ( - -6.168e+02 1 0)
s>            ( - -1.013e+03 1 0))
s>        ( - -6.871e+02 1 0))INFO: dtree.c(1315): Comp split 42
INFO: dtree.c(1315): Comp split 43
INFO: dtree.c(1315): Comp split 44
INFO: dtree.c(1315): Comp split 45
INFO: dtree.c(1439): stop. leaf nodes are specific
INFO: dtree.c(1478): Final simple tree
|( QUESTION0_11_R 1 -1.966e+03 7.571e+01 8.656e+00
|    ( - -4.622e+02 1 0)
|    ( - -1.428e+03 1 0))
s>    ( QUESTION0_11_R 1 -1.966e+03 7.571e+01 8.656e+00
s>        ( - -4.622e+02 1 0)
s>        ( - -1.428e+03 1 0))INFO: dtree.c(1315): Comp split 46
INFO: dtree.c(1439): stop. leaf nodes are specific
INFO: dtree.c(1478): Final simple tree
|( QUESTION2 -1 -1.044e+03 6.275e+01 3.991e+00
|    ( - -1.921e+02 1 0)
|    ( - -7.890e+02 1 0))
s>    ( QUESTION2 -1 -1.044e+03 6.275e+01 3.991e+00
s>        ( - -1.921e+02 1 0)
s>        ( - -7.890e+02 1 0))INFO: dtree.c(1315): Comp split 47
INFO: dtree.c(1439): stop. leaf nodes are specific
INFO: dtree.c(1478): Final simple tree
|( QUESTION0 -1 -3.138e+03 8.297e+01 1.261e+01
|    ( - -1.438e+03 1 0)
|    ( QUESTION19 -1 -1.618e+03 6.711e+01 6.286e+00
|        ( - -2.492e+02 1 0)
|        ( WDBNDRY_B 0 -1.302e+03 6.676e+01 5.014e+00
|            ( QUESTION11 -1 -6.660e+02 6.199e+01 3.000e+00
|                ( - -1.875e+02 1 0)
|                ( - -4.165e+02 1 0))
|            ( QUESTION0_0_R 1 -5.688e+02 5.997e+01 2.014e+00
|                ( - -2.371e+02 1 0)
|                ( - -2.718e+02 1 0)))))
s>    ( QUESTION0 -1 -3.138e+03 8.297e+01 1.261e+01
s>        ( - -1.438e+03 1 0)
s>        ( QUESTION19 -1 -1.618e+03 6.711e+01 6.286e+00
s>            ( - -2.492e+02 1 0)
s>            ( WDBNDRY_B 0 -1.302e+03 6.676e+01 5.014e+00
s>                ( QUESTION11 -1 -6.660e+02 6.199e+01 3.000e+00
s>                    ( - -1.875e+02 1 0)
s>                    ( - -4.165e+02 1 0))
s>                ( QUESTION0_0_R 1 -5.688e+02 5.997e+01 2.014e+00
s>                    ( - -2.371e+02 1 0)
s>                    ( - -2.718e+02 1 0)))))INFO: dtree.c(1315): Comp split 48
INFO: dtree.c(1439): stop. leaf nodes are specific
INFO: dtree.c(1478): Final simple tree
|( QUESTION19 -1 -1.618e+03 6.711e+01 6.286e+00
|    ( - -2.492e+02 1 0)
|    ( WDBNDRY_B 0 -1.302e+03 6.676e+01 5.014e+00
|        ( QUESTION11 -1 -6.660e+02 6.199e+01 3.000e+00
|            ( - -1.875e+02 1 0)
|            ( - -4.165e+02 1 0))
|        ( QUESTION0_0_R 1 -5.688e+02 5.997e+01 2.014e+00
|            ( - -2.371e+02 1 0)
|            ( - -2.718e+02 1 0))))
s>    ( QUESTION19 -1 -1.618e+03 6.711e+01 6.286e+00
s>        ( - -2.492e+02 1 0)
s>        ( WDBNDRY_B 0 -1.302e+03 6.676e+01 5.014e+00
s>            ( QUESTION11 -1 -6.660e+02 6.199e+01 3.000e+00
s>                ( - -1.875e+02 1 0)
s>                ( - -4.165e+02 1 0))
s>            ( QUESTION0_0_R 1 -5.688e+02 5.997e+01 2.014e+00
s>                ( - -2.371e+02 1 0)
s>                ( - -2.718e+02 1 0))))INFO: dtree.c(1315): Comp split 49
INFO: dtree.c(1439): stop. leaf nodes are specific
INFO: dtree.c(1478): Final simple tree
|( QUESTION2 -1 -2.363e+03 6.839e+01 9.065e+00
|    ( - -4.655e+02 1 0)
|    ( QUESTION1 -1 -1.829e+03 6.300e+01 7.065e+00
|        ( - -4.925e+02 1 0)
|        ( QUESTION0_9_R 1 -1.273e+03 5.839e+01 5.064e+00
|            ( - -1.022e+03 2 0)
|            ( - -1.930e+02 1 0))))
s>    ( QUESTION2 -1 -2.363e+03 6.839e+01 9.065e+00
s>        ( - -4.655e+02 1 0)
s>        ( QUESTION1 -1 -1.829e+03 6.300e+01 7.065e+00
s>            ( - -4.925e+02 1 0)
s>            ( QUESTION0_9_R 1 -1.273e+03 5.839e+01 5.064e+00
s>                ( - -1.022e+03 2 0)
s>                ( - -1.930e+02 1 0))))INFO: dtree.c(1315): Comp split 50
INFO: dtree.c(1315): Comp split 51
INFO: dtree.c(1439): stop. leaf nodes are specific
INFO: dtree.c(1478): Final simple tree
|( QUESTION5 -1 -1.694e+03 6.353e+01 7.433e+00
|    ( - -6.168e+02 1 0)
|    ( - -1.013e+03 1 0))
s>    ( QUESTION5 -1 -1.694e+03 6.353e+01 7.433e+00
s>        ( - -6.168e+02 1 0)
s>        ( - -1.013e+03 1 0))INFO: dtree.c(1315): Comp split 52
INFO: dtree.c(1315): Comp split 53
INFO: dtree.c(1315): Comp split 54
INFO: dtree.c(1439): stop. leaf nodes are specific
INFO: dtree.c(1478): Final simple tree
|( QUESTION19 -1 -1.129e+03 6.406e+01 4.286e+00
|    ( - -2.492e+02 1 0)
|    ( WDBNDRY_B 0 -8.157e+02 5.936e+01 3.014e+00
|        ( - -1.875e+02 1 0)
|        ( QUESTION0_0_R 1 -5.688e+02 5.997e+01 2.014e+00
|            ( - -2.371e+02 1 0)
|            ( - -2.718e+02 1 0))))
s>    ( QUESTION19 -1 -1.129e+03 6.406e+01 4.286e+00
s>        ( - -2.492e+02 1 0)
s>        ( WDBNDRY_B 0 -8.157e+02 5.936e+01 3.014e+00
s>            ( - -1.875e+02 1 0)
s>            ( QUESTION0_0_R 1 -5.688e+02 5.997e+01 2.014e+00
s>                ( - -2.371e+02 1 0)
s>                ( - -2.718e+02 1 0))))INFO: dtree.c(1315): Comp split 55
INFO: dtree.c(1439): stop. leaf nodes are specific
INFO: dtree.c(1478): Final simple tree
|( QUESTION1 -1 -1.829e+03 6.300e+01 7.065e+00
|    ( - -4.925e+02 1 0)
|    ( QUESTION0_9_R 1 -1.273e+03 5.839e+01 5.064e+00
|        ( - -1.022e+03 2 0)
|        ( - -1.930e+02 1 0)))
s>    ( QUESTION1 -1 -1.829e+03 6.300e+01 7.065e+00
s>        ( - -4.925e+02 1 0)
s>        ( QUESTION0_9_R 1 -1.273e+03 5.839e+01 5.064e+00
s>            ( - -1.022e+03 2 0)
s>            ( - -1.930e+02 1 0)))INFO: dtree.c(1315): Comp split 56
INFO: dtree.c(1439): stop. leaf nodes are specific
INFO: dtree.c(1478): Final simple tree
|( WDBNDRY_B 0 -8.157e+02 5.936e+01 3.014e+00
|    ( - -1.875e+02 1 0)
|    ( QUESTION0_0_R 1 -5.688e+02 5.997e+01 2.014e+00
|        ( - -2.371e+02 1 0)
|        ( - -2.718e+02 1 0)))
s>    ( WDBNDRY_B 0 -8.157e+02 5.936e+01 3.014e+00
s>        ( - -1.875e+02 1 0)
s>        ( QUESTION0_0_R 1 -5.688e+02 5.997e+01 2.014e+00
s>            ( - -2.371e+02 1 0)
s>            ( - -2.718e+02 1 0)))INFO: dtree.c(1315): Comp split 57
INFO: dtree.c(1315): Comp split 58
INFO: dtree.c(1439): stop. leaf nodes are specific
INFO: dtree.c(1478): Final simple tree
|( QUESTION0_9_R 1 -1.273e+03 5.839e+01 5.064e+00
|    ( - -1.022e+03 2 0)
|    ( - -1.930e+02 1 0))
s>    ( QUESTION0_9_R 1 -1.273e+03 5.839e+01 5.064e+00
s>        ( - -1.022e+03 2 0)
s>        ( - -1.930e+02 1 0))INFO: dtree.c(1315): Comp split 59
INFO: dtree.c(1315): Comp split 60
INFO: dtree.c(1315): Comp split 61
INFO: dtree.c(1439): stop. leaf nodes are specific
INFO: dtree.c(1478): Final simple tree
|( QUESTION0_0_R 1 -5.688e+02 5.997e+01 2.014e+00
|    ( - -2.371e+02 1 0)
|    ( - -2.718e+02 1 0))
s>    ( QUESTION0_0_R 1 -5.688e+02 5.997e+01 2.014e+00
s>        ( - -2.371e+02 1 0)
s>        ( - -2.718e+02 1 0))INFO: dtree.c(1315): Comp split 62
INFO: dtree.c(1315): Comp split 63
INFO: dtree.c(1315): Comp split 64
INFO: dtree.c(1318): stop. leaf nodes are specific
Thu May  7 00:23:33 2020
