Current configuration:
[NAME]		[DEFLT]	[VALUE]
-allphones	no	no
-cntthresh	0.00001	1.000000e-05
-csplitmax	100	2000
-csplitmin	1	1
-csplitthr	8e-4	0.000000e+00
-example	no	no
-fullvar	no	no
-help		no	no
-meanfn			/home/abdy/Desktop/diploma/kg/model_parameters/kg.cd_cont_untied/means
-mixwfn			/home/abdy/Desktop/diploma/kg/model_parameters/kg.cd_cont_untied/mixture_weights
-moddeffn		/home/abdy/Desktop/diploma/kg/model_architecture/kg.untied.mdef
-mwfloor	1e-4	1.000000e-08
-phone			oy
-psetfn			/home/abdy/Desktop/diploma/kg/model_architecture/kg.tree_questions
-ssplitmax	5	7
-ssplitmin	1	1
-ssplitthr	8e-4	0.000000e+00
-state			2
-stwt			1.0,0.05,0.0,
-treefn			/home/abdy/Desktop/diploma/kg/trees/kg.unpruned/oy-2.dtree
-ts2cbfn	.semi.	.cont.
-varfloor	0.00001	1.000000e-05
-varfn			/home/abdy/Desktop/diploma/kg/model_parameters/kg.cd_cont_untied/variances

INFO: main.c(223): Reading: /home/abdy/Desktop/diploma/kg/model_architecture/kg.untied.mdef
INFO: model_def_io.c(573): Model definition info:
INFO: model_def_io.c(574): 10297 total models defined (47 base, 10250 tri)
INFO: model_def_io.c(575): 41188 total states
INFO: model_def_io.c(576): 30891 total tied states
INFO: model_def_io.c(577): 141 total tied CI states
INFO: model_def_io.c(578): 47 total tied transition matrices
INFO: model_def_io.c(579): 4 max state/model
INFO: model_def_io.c(580): 4 min state/model
INFO: main.c(242): Building trees for [oy SIL k b] through [oy zh n i]
INFO: main.c(269): Covering states |[18237 19232]| == 996
INFO: main.c(275): Reading: /home/abdy/Desktop/diploma/kg/model_parameters/kg.cd_cont_untied/mixture_weights
INFO: s3mixw_io.c(173): Read /home/abdy/Desktop/diploma/kg/model_parameters/kg.cd_cont_untied/mixture_weights [996x1x1 array]
INFO: main.c(311): 69 of 332 models have observation count greater than 0.000010
INFO: main.c(95): nrm stwt: 0.000 0.048 0.952 
INFO: s3gau_io.c(169): Read /home/abdy/Desktop/diploma/kg/model_parameters/kg.cd_cont_untied/means [30891x1x1 array]
INFO: s3gau_io.c(169): Read /home/abdy/Desktop/diploma/kg/model_parameters/kg.cd_cont_untied/variances [30891x1x1 array]
INFO: main.c(549): Reading: /home/abdy/Desktop/diploma/kg/model_architecture/kg.tree_questions
INFO: main.c(588): 174 total simple questions (166 phone; 8 word bndry)
INFO: main.c(590): 40 Left Only questions, and 42 Right Only questions
INFO: dtree.c(1478): Final simple tree
|( SILENCE 1 -8.539e+04 6.806e+02 3.695e+02
|    ( - -4.983e+03 1 0)
|    ( QUESTION4 1 -7.973e+04 5.530e+02 3.465e+02
|        ( QUESTION7 1 -2.820e+04 2.884e+02 1.206e+02
|            ( - -1.124e+04 1 0)
|            ( - -1.667e+04 22 0 QUESTION0_11_R 1 2.389e+02 6.988e+01))
|        ( QUESTION17 -1 -5.098e+04 4.656e+02 2.259e+02
|            ( - 2.172e+02 1 0)
|            ( QUESTION0_4_R 1 -5.073e+04 3.042e+02 2.249e+02
|                ( - -9.309e+02 1 0)
|                ( QUESTION2_10_L -1 -4.950e+04 2.879e+02 2.189e+02
|                    ( - -1.034e+04 7 0 QUESTION3 1 1.860e+02 4.467e+01)
|                    ( QUESTION2_16_L -1 -3.887e+04 2.679e+02 1.742e+02
|                        ( - -5.621e+02 1 0)
|                        ( - -3.804e+04 35 0 QUESTION0_2_R 1 1.990e+02 1.702e+02)))))))
s>    ( SILENCE 1 -8.539e+04 6.806e+02 3.695e+02
s>        ( - -4.983e+03 1 0)
s>        ( QUESTION4 1 -7.973e+04 5.530e+02 3.465e+02
s>            ( QUESTION7 1 -2.820e+04 2.884e+02 1.206e+02
s>                ( - -1.124e+04 1 0)
s>                ( - -1.667e+04 22 0 QUESTION0_11_R 1 2.389e+02 6.988e+01))
s>            ( QUESTION17 -1 -5.098e+04 4.656e+02 2.259e+02
s>                ( - 2.172e+02 1 0)
s>                ( QUESTION0_4_R 1 -5.073e+04 3.042e+02 2.249e+02
s>                    ( - -9.309e+02 1 0)
s>                    ( QUESTION2_10_L -1 -4.950e+04 2.879e+02 2.189e+02
s>                        ( - -1.034e+04 7 0 QUESTION3 1 1.860e+02 4.467e+01)
s>                        ( QUESTION2_16_L -1 -3.887e+04 2.679e+02 1.742e+02
s>                            ( - -5.621e+02 1 0)
s>                            ( - -3.804e+04 35 0 QUESTION0_2_R 1 1.990e+02 1.702e+02)))))))INFO: dtree.c(1315): Comp split 0
INFO: dtree.c(1478): Final simple tree
|( QUESTION17 -1 -5.098e+04 4.656e+02 2.259e+02
|    ( - 2.172e+02 1 0)
|    ( QUESTION0_4_R 1 -5.073e+04 3.042e+02 2.249e+02
|        ( - -9.309e+02 1 0)
|        ( QUESTION2_10_L -1 -4.950e+04 2.879e+02 2.189e+02
|            ( QUESTION3 1 -1.034e+04 1.860e+02 4.467e+01
|                ( - -3.415e+03 2 0 WDBNDRY_B 0 4.578e+02 1.563e+01)
|                ( - -6.737e+03 5 0 WDBNDRY_B 0 4.707e+02 2.904e+01))
|            ( QUESTION2_16_L -1 -3.887e+04 2.679e+02 1.742e+02
|                ( - -5.621e+02 1 0)
|                ( QUESTION0_2_R 1 -3.804e+04 1.990e+02 1.702e+02
|                    ( - -1.996e+03 2 0 QUESTION11 1 1.365e+02 1.000e+01)
|                    ( QUESTION15 -1 -3.585e+04 2.003e+02 1.602e+02
|                        ( - -6.241e+03 5 0 WDBNDRY_E 0 1.610e+02 2.984e+01)
|                        ( - -2.940e+04 28 0 QUESTION2 1 1.836e+02 1.304e+02)))))))
s>    ( QUESTION17 -1 -5.098e+04 4.656e+02 2.259e+02
s>        ( - 2.172e+02 1 0)
s>        ( QUESTION0_4_R 1 -5.073e+04 3.042e+02 2.249e+02
s>            ( - -9.309e+02 1 0)
s>            ( QUESTION2_10_L -1 -4.950e+04 2.879e+02 2.189e+02
s>                ( QUESTION3 1 -1.034e+04 1.860e+02 4.467e+01
s>                    ( - -3.415e+03 2 0 WDBNDRY_B 0 4.578e+02 1.563e+01)
s>                    ( - -6.737e+03 5 0 WDBNDRY_B 0 4.707e+02 2.904e+01))
s>                ( QUESTION2_16_L -1 -3.887e+04 2.679e+02 1.742e+02
s>                    ( - -5.621e+02 1 0)
s>                    ( QUESTION0_2_R 1 -3.804e+04 1.990e+02 1.702e+02
s>                        ( - -1.996e+03 2 0 QUESTION11 1 1.365e+02 1.000e+01)
s>                        ( QUESTION15 -1 -3.585e+04 2.003e+02 1.602e+02
s>                            ( - -6.241e+03 5 0 WDBNDRY_E 0 1.610e+02 2.984e+01)
s>                            ( - -2.940e+04 28 0 QUESTION2 1 1.836e+02 1.304e+02)))))))INFO: dtree.c(1478): Final simple tree
|( SILENCE 1 -3.364e+04 4.583e+02 1.436e+02
|    ( - -4.983e+03 1 0)
|    ( QUESTION7 1 -2.820e+04 2.884e+02 1.206e+02
|        ( - -1.124e+04 1 0)
|        ( QUESTION0_11_R 1 -1.667e+04 2.389e+02 6.988e+01
|            ( QUESTION14 -1 -1.375e+04 2.306e+02 5.688e+01
|                ( - -3.139e+02 1 0)
|                ( QUESTION3 -1 -1.321e+04 2.074e+02 5.488e+01
|                    ( QUESTION2_6_L -1 -4.145e+03 1.724e+02 1.867e+01
|                        ( - -4.936e+02 1 0)
|                        ( - -3.479e+03 2 0 WDBNDRY_E 0 1.202e+02 1.567e+01))
|                    ( QUESTION5 1 -8.853e+03 1.775e+02 3.621e+01
|                        ( - -2.831e+02 1 0)
|                        ( - -8.393e+03 15 0 QUESTION0_12_R 1 1.275e+02 3.421e+01))))
|            ( - -2.679e+03 2 0 WDBNDRY_E 0 1.494e+02 1.300e+01))))
s>    ( SILENCE 1 -3.364e+04 4.583e+02 1.436e+02
s>        ( - -4.983e+03 1 0)
s>        ( QUESTION7 1 -2.820e+04 2.884e+02 1.206e+02
s>            ( - -1.124e+04 1 0)
s>            ( QUESTION0_11_R 1 -1.667e+04 2.389e+02 6.988e+01
s>                ( QUESTION14 -1 -1.375e+04 2.306e+02 5.688e+01
s>                    ( - -3.139e+02 1 0)
s>                    ( QUESTION3 -1 -1.321e+04 2.074e+02 5.488e+01
s>                        ( QUESTION2_6_L -1 -4.145e+03 1.724e+02 1.867e+01
s>                            ( - -4.936e+02 1 0)
s>                            ( - -3.479e+03 2 0 WDBNDRY_E 0 1.202e+02 1.567e+01))
s>                        ( QUESTION5 1 -8.853e+03 1.775e+02 3.621e+01
s>                            ( - -2.831e+02 1 0)
s>                            ( - -8.393e+03 15 0 QUESTION0_12_R 1 1.275e+02 3.421e+01))))
s>                ( - -2.679e+03 2 0 WDBNDRY_E 0 1.494e+02 1.300e+01))))INFO: dtree.c(1315): Comp split 1
INFO: dtree.c(1478): Final simple tree
|( QUESTION0_4_R 1 -5.073e+04 3.042e+02 2.249e+02
|    ( - -9.309e+02 1 0)
|    ( QUESTION2_10_L -1 -4.950e+04 2.879e+02 2.189e+02
|        ( QUESTION3 1 -1.034e+04 1.860e+02 4.467e+01
|            ( - -3.415e+03 2 0 WDBNDRY_B 0 4.578e+02 1.563e+01)
|            ( WDBNDRY_B 0 -6.737e+03 4.707e+02 2.904e+01
|                ( - 2.419e+02 1 0)
|                ( - -6.508e+03 4 0 QUESTION0_9_R 1 1.130e+02 2.804e+01)))
|        ( QUESTION2_16_L -1 -3.887e+04 2.679e+02 1.742e+02
|            ( - -5.621e+02 1 0)
|            ( QUESTION0_2_R 1 -3.804e+04 1.990e+02 1.702e+02
|                ( - -1.996e+03 2 0 QUESTION11 1 1.365e+02 1.000e+01)
|                ( QUESTION15 -1 -3.585e+04 2.003e+02 1.602e+02
|                    ( - -6.241e+03 5 0 WDBNDRY_E 0 1.610e+02 2.984e+01)
|                    ( - -2.940e+04 28 0 QUESTION2 1 1.836e+02 1.304e+02))))))
s>    ( QUESTION0_4_R 1 -5.073e+04 3.042e+02 2.249e+02
s>        ( - -9.309e+02 1 0)
s>        ( QUESTION2_10_L -1 -4.950e+04 2.879e+02 2.189e+02
s>            ( QUESTION3 1 -1.034e+04 1.860e+02 4.467e+01
s>                ( - -3.415e+03 2 0 WDBNDRY_B 0 4.578e+02 1.563e+01)
s>                ( WDBNDRY_B 0 -6.737e+03 4.707e+02 2.904e+01
s>                    ( - 2.419e+02 1 0)
s>                    ( - -6.508e+03 4 0 QUESTION0_9_R 1 1.130e+02 2.804e+01)))
s>            ( QUESTION2_16_L -1 -3.887e+04 2.679e+02 1.742e+02
s>                ( - -5.621e+02 1 0)
s>                ( QUESTION0_2_R 1 -3.804e+04 1.990e+02 1.702e+02
s>                    ( - -1.996e+03 2 0 QUESTION11 1 1.365e+02 1.000e+01)
s>                    ( QUESTION15 -1 -3.585e+04 2.003e+02 1.602e+02
s>                        ( - -6.241e+03 5 0 WDBNDRY_E 0 1.610e+02 2.984e+01)
s>                        ( - -2.940e+04 28 0 QUESTION2 1 1.836e+02 1.304e+02))))))INFO: dtree.c(1315): Comp split 2
INFO: dtree.c(1478): Final simple tree
|( QUESTION7 -1 -5.051e+04 4.574e+02 2.239e+02
|    ( - 1.988e+02 1 0)
|    ( QUESTION0_4_R 1 -5.025e+04 3.037e+02 2.229e+02
|        ( - -9.309e+02 1 0)
|        ( QUESTION9 -1 -4.901e+04 2.863e+02 2.169e+02
|            ( QUESTION3 1 -1.126e+04 1.941e+02 4.871e+01
|                ( - -3.156e+03 1 0)
|                ( - -7.909e+03 7 0 QUESTION0_9_R 1 1.256e+02 3.409e+01))
|            ( QUESTION2_16_L -1 -3.747e+04 2.673e+02 1.682e+02
|                ( - -5.621e+02 1 0)
|                ( QUESTION0_2_R 1 -3.664e+04 2.011e+02 1.642e+02
|                    ( - -1.996e+03 2 0 QUESTION11 1 1.365e+02 1.000e+01)
|                    ( QUESTION15 -1 -3.444e+04 1.963e+02 1.542e+02
|                        ( - -6.241e+03 5 0 WDBNDRY_E 0 1.610e+02 2.984e+01)
|                        ( - -2.800e+04 25 0 QUESTION2 1 1.820e+02 1.243e+02)))))))
s>    ( QUESTION7 -1 -5.051e+04 4.574e+02 2.239e+02
s>        ( - 1.988e+02 1 0)
s>        ( QUESTION0_4_R 1 -5.025e+04 3.037e+02 2.229e+02
s>            ( - -9.309e+02 1 0)
s>            ( QUESTION9 -1 -4.901e+04 2.863e+02 2.169e+02
s>                ( QUESTION3 1 -1.126e+04 1.941e+02 4.871e+01
s>                    ( - -3.156e+03 1 0)
s>                    ( - -7.909e+03 7 0 QUESTION0_9_R 1 1.256e+02 3.409e+01))
s>                ( QUESTION2_16_L -1 -3.747e+04 2.673e+02 1.682e+02
s>                    ( - -5.621e+02 1 0)
s>                    ( QUESTION0_2_R 1 -3.664e+04 2.011e+02 1.642e+02
s>                        ( - -1.996e+03 2 0 QUESTION11 1 1.365e+02 1.000e+01)
s>                        ( QUESTION15 -1 -3.444e+04 1.963e+02 1.542e+02
s>                            ( - -6.241e+03 5 0 WDBNDRY_E 0 1.610e+02 2.984e+01)
s>                            ( - -2.800e+04 25 0 QUESTION2 1 1.820e+02 1.243e+02)))))))INFO: dtree.c(1315): Comp split 3
INFO: dtree.c(1478): Final simple tree
|( QUESTION0_11_R 1 -2.527e+04 2.825e+02 1.076e+02
|    ( QUESTION14 -1 -1.375e+04 2.306e+02 5.688e+01
|        ( - -3.139e+02 1 0)
|        ( QUESTION3 -1 -1.321e+04 2.074e+02 5.488e+01
|            ( QUESTION2_6_L -1 -4.145e+03 1.724e+02 1.867e+01
|                ( - -4.936e+02 1 0)
|                ( - -3.479e+03 2 0 WDBNDRY_E 0 1.202e+02 1.567e+01))
|            ( QUESTION5 1 -8.853e+03 1.775e+02 3.621e+01
|                ( - -2.831e+02 1 0)
|                ( QUESTION0_12_R 1 -8.393e+03 1.275e+02 3.421e+01
|                    ( WDBNDRY_B 0 -7.171e+03 1.373e+02 2.920e+01
|                        ( - -2.996e+03 4 0 QUESTION13 -1 1.159e+02 1.317e+01)
|                        ( - -4.037e+03 10 0 QUESTION0_13_R 1 9.524e+01 1.602e+01))
|                    ( - -1.095e+03 1 0)))))
|    ( - -1.124e+04 1 0))
s>    ( QUESTION0_11_R 1 -2.527e+04 2.825e+02 1.076e+02
s>        ( QUESTION14 -1 -1.375e+04 2.306e+02 5.688e+01
s>            ( - -3.139e+02 1 0)
s>            ( QUESTION3 -1 -1.321e+04 2.074e+02 5.488e+01
s>                ( QUESTION2_6_L -1 -4.145e+03 1.724e+02 1.867e+01
s>                    ( - -4.936e+02 1 0)
s>                    ( - -3.479e+03 2 0 WDBNDRY_E 0 1.202e+02 1.567e+01))
s>                ( QUESTION5 1 -8.853e+03 1.775e+02 3.621e+01
s>                    ( - -2.831e+02 1 0)
s>                    ( QUESTION0_12_R 1 -8.393e+03 1.275e+02 3.421e+01
s>                        ( WDBNDRY_B 0 -7.171e+03 1.373e+02 2.920e+01
s>                            ( - -2.996e+03 4 0 QUESTION13 -1 1.159e+02 1.317e+01)
s>                            ( - -4.037e+03 10 0 QUESTION0_13_R 1 9.524e+01 1.602e+01))
s>                        ( - -1.095e+03 1 0)))))
s>        ( - -1.124e+04 1 0))INFO: dtree.c(1439): stop. leaf nodes are specific
INFO: dtree.c(1478): Final simple tree
|( WDBNDRY_E 0 -7.900e+03 2.606e+02 3.600e+01
|    ( SILENCE 1 -5.550e+03 1.273e+02 2.500e+01
|        ( - -4.983e+03 1 0)
|        ( - -4.394e+02 1 0))
|    ( - -2.090e+03 1 0))
s>    ( WDBNDRY_E 0 -7.900e+03 2.606e+02 3.600e+01
s>        ( SILENCE 1 -5.550e+03 1.273e+02 2.500e+01
s>            ( - -4.983e+03 1 0)
s>            ( - -4.394e+02 1 0))
s>        ( - -2.090e+03 1 0))INFO: dtree.c(1315): Comp split 4
INFO: dtree.c(1478): Final simple tree
|( QUESTION0_4_R 1 -5.025e+04 3.037e+02 2.229e+02
|    ( - -9.309e+02 1 0)
|    ( QUESTION9 -1 -4.901e+04 2.863e+02 2.169e+02
|        ( QUESTION3 1 -1.126e+04 1.941e+02 4.871e+01
|            ( - -3.156e+03 1 0)
|            ( - -7.909e+03 7 0 QUESTION0_9_R 1 1.256e+02 3.409e+01))
|        ( QUESTION2_16_L -1 -3.747e+04 2.673e+02 1.682e+02
|            ( - -5.621e+02 1 0)
|            ( QUESTION0_2_R 1 -3.664e+04 2.011e+02 1.642e+02
|                ( - -1.996e+03 2 0 QUESTION11 1 1.365e+02 1.000e+01)
|                ( QUESTION15 -1 -3.444e+04 1.963e+02 1.542e+02
|                    ( - -6.241e+03 5 0 WDBNDRY_E 0 1.610e+02 2.984e+01)
|                    ( QUESTION2 1 -2.800e+04 1.820e+02 1.243e+02
|                        ( - -6.898e+03 6 0 QUESTION6 -1 2.361e+02 3.090e+01)
|                        ( - -2.092e+04 19 0 QUESTION11 -1 1.604e+02 9.343e+01)))))))
s>    ( QUESTION0_4_R 1 -5.025e+04 3.037e+02 2.229e+02
s>        ( - -9.309e+02 1 0)
s>        ( QUESTION9 -1 -4.901e+04 2.863e+02 2.169e+02
s>            ( QUESTION3 1 -1.126e+04 1.941e+02 4.871e+01
s>                ( - -3.156e+03 1 0)
s>                ( - -7.909e+03 7 0 QUESTION0_9_R 1 1.256e+02 3.409e+01))
s>            ( QUESTION2_16_L -1 -3.747e+04 2.673e+02 1.682e+02
s>                ( - -5.621e+02 1 0)
s>                ( QUESTION0_2_R 1 -3.664e+04 2.011e+02 1.642e+02
s>                    ( - -1.996e+03 2 0 QUESTION11 1 1.365e+02 1.000e+01)
s>                    ( QUESTION15 -1 -3.444e+04 1.963e+02 1.542e+02
s>                        ( - -6.241e+03 5 0 WDBNDRY_E 0 1.610e+02 2.984e+01)
s>                        ( QUESTION2 1 -2.800e+04 1.820e+02 1.243e+02
s>                            ( - -6.898e+03 6 0 QUESTION6 -1 2.361e+02 3.090e+01)
s>                            ( - -2.092e+04 19 0 QUESTION11 -1 1.604e+02 9.343e+01)))))))INFO: dtree.c(1315): Comp split 5
INFO: dtree.c(1478): Final simple tree
|( QUESTION16 -1 -1.715e+04 2.588e+02 7.498e+01
|    ( - -1.690e+03 1 0)
|    ( QUESTION6 -1 -1.520e+04 2.440e+02 6.598e+01
|        ( - -6.526e+02 1 0)
|        ( QUESTION9 -1 -1.430e+04 1.354e+02 6.198e+01
|            ( QUESTION0_9_R 1 -7.909e+03 1.256e+02 3.409e+01
|                ( QUESTION2_6_L -1 -5.695e+03 1.091e+02 2.528e+01
|                    ( - -7.812e+02 1 0)
|                    ( - -4.804e+03 1 0))
|                ( - -2.089e+03 5 0 QUESTION0_11_R 1 9.033e+01 8.804e+00))
|            ( QUESTION1 -1 -6.258e+03 1.236e+02 2.790e+01
|                ( - -1.495e+03 2 0 QUESTION2 -1 9.977e+01 6.966e+00)
|                ( WDBNDRY_E 0 -4.639e+03 1.003e+02 2.093e+01
|                    ( - -8.044e+02 2 0 QUESTION0_2_R 1 1.568e+02 4.000e+00)
|                    ( - -3.734e+03 2 0 QUESTION0 -1 8.296e+01 1.693e+01))))))
s>    ( QUESTION16 -1 -1.715e+04 2.588e+02 7.498e+01
s>        ( - -1.690e+03 1 0)
s>        ( QUESTION6 -1 -1.520e+04 2.440e+02 6.598e+01
s>            ( - -6.526e+02 1 0)
s>            ( QUESTION9 -1 -1.430e+04 1.354e+02 6.198e+01
s>                ( QUESTION0_9_R 1 -7.909e+03 1.256e+02 3.409e+01
s>                    ( QUESTION2_6_L -1 -5.695e+03 1.091e+02 2.528e+01
s>                        ( - -7.812e+02 1 0)
s>                        ( - -4.804e+03 1 0))
s>                    ( - -2.089e+03 5 0 QUESTION0_11_R 1 9.033e+01 8.804e+00))
s>                ( QUESTION1 -1 -6.258e+03 1.236e+02 2.790e+01
s>                    ( - -1.495e+03 2 0 QUESTION2 -1 9.977e+01 6.966e+00)
s>                    ( WDBNDRY_E 0 -4.639e+03 1.003e+02 2.093e+01
s>                        ( - -8.044e+02 2 0 QUESTION0_2_R 1 1.568e+02 4.000e+00)
s>                        ( - -3.734e+03 2 0 QUESTION0 -1 8.296e+01 1.693e+01))))))INFO: dtree.c(1478): Final simple tree
|( QUESTION0_2_R 1 -3.274e+04 2.991e+02 1.479e+02
|    ( - -9.309e+02 1 0)
|    ( QUESTION2_16_L -1 -3.151e+04 2.679e+02 1.419e+02
|        ( - -5.621e+02 1 0)
|        ( QUESTION15 -1 -3.068e+04 2.032e+02 1.379e+02
|            ( - -6.241e+03 5 0 WDBNDRY_E 0 1.610e+02 2.984e+01)
|            ( QUESTION0_0_R 1 -2.424e+04 1.794e+02 1.081e+02
|                ( QUESTION13 -1 -1.040e+04 2.309e+02 4.668e+01
|                    ( - -2.988e+02 1 0)
|                    ( QUESTION11 -1 -9.873e+03 1.661e+02 4.468e+01
|                        ( - -5.118e+02 1 0)
|                        ( - -9.195e+03 6 0 QUESTION15 1 1.369e+02 4.168e+01)))
|                ( QUESTION19 -1 -1.366e+04 1.677e+02 6.137e+01
|                    ( - -4.421e+03 2 0)
|                    ( - -9.070e+03 10 0 QUESTION2_14_L -1 1.257e+02 4.037e+01))))))
s>    ( QUESTION0_2_R 1 -3.274e+04 2.991e+02 1.479e+02
s>        ( - -9.309e+02 1 0)
s>        ( QUESTION2_16_L -1 -3.151e+04 2.679e+02 1.419e+02
s>            ( - -5.621e+02 1 0)
s>            ( QUESTION15 -1 -3.068e+04 2.032e+02 1.379e+02
s>                ( - -6.241e+03 5 0 WDBNDRY_E 0 1.610e+02 2.984e+01)
s>                ( QUESTION0_0_R 1 -2.424e+04 1.794e+02 1.081e+02
s>                    ( QUESTION13 -1 -1.040e+04 2.309e+02 4.668e+01
s>                        ( - -2.988e+02 1 0)
s>                        ( QUESTION11 -1 -9.873e+03 1.661e+02 4.468e+01
s>                            ( - -5.118e+02 1 0)
s>                            ( - -9.195e+03 6 0 QUESTION15 1 1.369e+02 4.168e+01)))
s>                    ( QUESTION19 -1 -1.366e+04 1.677e+02 6.137e+01
s>                        ( - -4.421e+03 2 0)
s>                        ( - -9.070e+03 10 0 QUESTION2_14_L -1 1.257e+02 4.037e+01))))))INFO: dtree.c(1315): Comp split 6
INFO: dtree.c(1478): Final simple tree
|( QUESTION15 -1 -3.068e+04 2.032e+02 1.379e+02
|    ( WDBNDRY_E 0 -6.241e+03 1.610e+02 2.984e+01
|        ( - -1.075e+03 1 0)
|        ( WDBNDRY_B 0 -5.005e+03 1.613e+02 2.384e+01
|            ( - -3.085e+03 1 0)
|            ( - -1.758e+03 3 0 QUESTION0_0_R 1 2.274e+02 8.000e+00)))
|    ( QUESTION0_0_R 1 -2.424e+04 1.794e+02 1.081e+02
|        ( QUESTION13 -1 -1.040e+04 2.309e+02 4.668e+01
|            ( - -2.988e+02 1 0)
|            ( QUESTION11 -1 -9.873e+03 1.661e+02 4.468e+01
|                ( - -5.118e+02 1 0)
|                ( - -9.195e+03 6 0 QUESTION15 1 1.369e+02 4.168e+01)))
|        ( QUESTION19 -1 -1.366e+04 1.677e+02 6.137e+01
|            ( - -4.421e+03 2 0)
|            ( - -9.070e+03 10 0 QUESTION2_14_L -1 1.257e+02 4.037e+01))))
s>    ( QUESTION15 -1 -3.068e+04 2.032e+02 1.379e+02
s>        ( WDBNDRY_E 0 -6.241e+03 1.610e+02 2.984e+01
s>            ( - -1.075e+03 1 0)
s>            ( WDBNDRY_B 0 -5.005e+03 1.613e+02 2.384e+01
s>                ( - -3.085e+03 1 0)
s>                ( - -1.758e+03 3 0 QUESTION0_0_R 1 2.274e+02 8.000e+00)))
s>        ( QUESTION0_0_R 1 -2.424e+04 1.794e+02 1.081e+02
s>            ( QUESTION13 -1 -1.040e+04 2.309e+02 4.668e+01
s>                ( - -2.988e+02 1 0)
s>                ( QUESTION11 -1 -9.873e+03 1.661e+02 4.468e+01
s>                    ( - -5.118e+02 1 0)
s>                    ( - -9.195e+03 6 0 QUESTION15 1 1.369e+02 4.168e+01)))
s>            ( QUESTION19 -1 -1.366e+04 1.677e+02 6.137e+01
s>                ( - -4.421e+03 2 0)
s>                ( - -9.070e+03 10 0 QUESTION2_14_L -1 1.257e+02 4.037e+01))))INFO: dtree.c(1439): stop. leaf nodes are specific
INFO: dtree.c(1478): Final simple tree
|( WDBNDRY_B 0 -1.737e+03 2.440e+02 1.000e+01
|    ( - -5.621e+02 1 0)
|    ( - -9.309e+02 1 0))
s>    ( WDBNDRY_B 0 -1.737e+03 2.440e+02 1.000e+01
s>        ( - -5.621e+02 1 0)
s>        ( - -9.309e+02 1 0))INFO: dtree.c(1315): Comp split 7
INFO: dtree.c(1439): stop. leaf nodes are specific
INFO: dtree.c(1478): Final simple tree
|( QUESTION0_11_R 1 -1.190e+04 1.712e+02 5.372e+01
|    ( - -4.936e+02 1 0)
|    ( - -1.124e+04 1 0))
s>    ( QUESTION0_11_R 1 -1.190e+04 1.712e+02 5.372e+01
s>        ( - -4.936e+02 1 0)
s>        ( - -1.124e+04 1 0))INFO: dtree.c(1478): Final simple tree
|( QUESTION14 -1 -1.308e+04 2.307e+02 5.388e+01
|    ( - -3.139e+02 1 0)
|    ( QUESTION2_17_L -1 -1.254e+04 2.063e+02 5.188e+01
|        ( - -2.587e+03 1 0)
|        ( QUESTION5 1 -9.744e+03 1.793e+02 3.988e+01
|            ( - -2.831e+02 1 0)
|            ( WDBNDRY_B 0 -9.282e+03 1.219e+02 3.788e+01
|                ( QUESTION13 -1 -2.996e+03 1.159e+02 1.317e+01
|                    ( - -1.653e+03 2 0)
|                    ( - -1.227e+03 2 0 QUESTION11 -1 9.917e+01 5.188e+00))
|                ( QUESTION0_12_R 1 -6.164e+03 1.254e+02 2.470e+01
|                    ( - -4.037e+03 10 0 QUESTION0_13_R 1 9.524e+01 1.602e+01)
|                    ( QUESTION0 -1 -2.001e+03 1.351e+02 8.679e+00
|                        ( - -7.714e+02 1 0)
|                        ( - -1.095e+03 1 0)))))))
s>    ( QUESTION14 -1 -1.308e+04 2.307e+02 5.388e+01
s>        ( - -3.139e+02 1 0)
s>        ( QUESTION2_17_L -1 -1.254e+04 2.063e+02 5.188e+01
s>            ( - -2.587e+03 1 0)
s>            ( QUESTION5 1 -9.744e+03 1.793e+02 3.988e+01
s>                ( - -2.831e+02 1 0)
s>                ( WDBNDRY_B 0 -9.282e+03 1.219e+02 3.788e+01
s>                    ( QUESTION13 -1 -2.996e+03 1.159e+02 1.317e+01
s>                        ( - -1.653e+03 2 0)
s>                        ( - -1.227e+03 2 0 QUESTION11 -1 9.917e+01 5.188e+00))
s>                    ( QUESTION0_12_R 1 -6.164e+03 1.254e+02 2.470e+01
s>                        ( - -4.037e+03 10 0 QUESTION0_13_R 1 9.524e+01 1.602e+01)
s>                        ( QUESTION0 -1 -2.001e+03 1.351e+02 8.679e+00
s>                            ( - -7.714e+02 1 0)
s>                            ( - -1.095e+03 1 0)))))))INFO: dtree.c(1315): Comp split 8
INFO: dtree.c(1478): Final simple tree
|( QUESTION0_9_R 1 -2.609e+04 1.704e+02 1.161e+02
|    ( QUESTION15 -1 -1.314e+04 2.237e+02 5.937e+01
|        ( - -2.480e+02 1 0)
|        ( QUESTION19 -1 -1.267e+04 1.662e+02 5.737e+01
|            ( - -4.421e+03 2 0)
|            ( QUESTION0 -1 -8.080e+03 1.389e+02 3.637e+01
|                ( - -7.034e+03 6 0 QUESTION9 -1 1.290e+02 3.136e+01)
|                ( - -9.065e+02 1 0))))
|    ( QUESTION2_14_L -1 -1.278e+04 4.699e+02 5.668e+01
|        ( - 2.412e+02 1 0)
|        ( QUESTION11 -1 -1.256e+04 1.627e+02 5.568e+01
|            ( - -5.118e+02 1 0)
|            ( QUESTION19 -1 -1.188e+04 1.342e+02 5.268e+01
|                ( - -1.466e+03 2 0 WDBNDRY_B 0 2.091e+02 6.998e+00)
|                ( - -1.028e+04 9 0 WDBNDRY_B 0 2.217e+02 4.568e+01)))))
s>    ( QUESTION0_9_R 1 -2.609e+04 1.704e+02 1.161e+02
s>        ( QUESTION15 -1 -1.314e+04 2.237e+02 5.937e+01
s>            ( - -2.480e+02 1 0)
s>            ( QUESTION19 -1 -1.267e+04 1.662e+02 5.737e+01
s>                ( - -4.421e+03 2 0)
s>                ( QUESTION0 -1 -8.080e+03 1.389e+02 3.637e+01
s>                    ( - -7.034e+03 6 0 QUESTION9 -1 1.290e+02 3.136e+01)
s>                    ( - -9.065e+02 1 0))))
s>        ( QUESTION2_14_L -1 -1.278e+04 4.699e+02 5.668e+01
s>            ( - 2.412e+02 1 0)
s>            ( QUESTION11 -1 -1.256e+04 1.627e+02 5.568e+01
s>                ( - -5.118e+02 1 0)
s>                ( QUESTION19 -1 -1.188e+04 1.342e+02 5.268e+01
s>                    ( - -1.466e+03 2 0 WDBNDRY_B 0 2.091e+02 6.998e+00)
s>                    ( - -1.028e+04 9 0 WDBNDRY_B 0 2.217e+02 4.568e+01)))))INFO: dtree.c(1439): stop. leaf nodes are specific
INFO: dtree.c(1478): Final simple tree
|( WDBNDRY_B 0 -4.327e+03 1.665e+02 2.184e+01
|    ( - -3.085e+03 1 0)
|    ( - -1.075e+03 1 0))
s>    ( WDBNDRY_B 0 -4.327e+03 1.665e+02 2.184e+01
s>        ( - -3.085e+03 1 0)
s>        ( - -1.075e+03 1 0))INFO: dtree.c(1315): Comp split 9
INFO: dtree.c(1478): Final simple tree
|( QUESTION0_9_R 1 -2.586e+04 1.706e+02 1.151e+02
|    ( QUESTION15 -1 -1.314e+04 2.237e+02 5.937e+01
|        ( - -2.480e+02 1 0)
|        ( QUESTION19 -1 -1.267e+04 1.662e+02 5.737e+01
|            ( - -4.421e+03 2 0)
|            ( QUESTION0 -1 -8.080e+03 1.389e+02 3.637e+01
|                ( - -7.034e+03 6 0 QUESTION9 -1 1.290e+02 3.136e+01)
|                ( - -9.065e+02 1 0))))
|    ( QUESTION11 -1 -1.256e+04 1.627e+02 5.568e+01
|        ( - -5.118e+02 1 0)
|        ( QUESTION19 -1 -1.188e+04 1.342e+02 5.268e+01
|            ( - -1.466e+03 2 0 WDBNDRY_B 0 2.091e+02 6.998e+00)
|            ( WDBNDRY_B 0 -1.028e+04 2.217e+02 4.568e+01
|                ( - -2.988e+02 1 0)
|                ( - -9.760e+03 8 0 QUESTION4 -1 1.317e+02 4.368e+01)))))
s>    ( QUESTION0_9_R 1 -2.586e+04 1.706e+02 1.151e+02
s>        ( QUESTION15 -1 -1.314e+04 2.237e+02 5.937e+01
s>            ( - -2.480e+02 1 0)
s>            ( QUESTION19 -1 -1.267e+04 1.662e+02 5.737e+01
s>                ( - -4.421e+03 2 0)
s>                ( QUESTION0 -1 -8.080e+03 1.389e+02 3.637e+01
s>                    ( - -7.034e+03 6 0 QUESTION9 -1 1.290e+02 3.136e+01)
s>                    ( - -9.065e+02 1 0))))
s>        ( QUESTION11 -1 -1.256e+04 1.627e+02 5.568e+01
s>            ( - -5.118e+02 1 0)
s>            ( QUESTION19 -1 -1.188e+04 1.342e+02 5.268e+01
s>                ( - -1.466e+03 2 0 WDBNDRY_B 0 2.091e+02 6.998e+00)
s>                ( WDBNDRY_B 0 -1.028e+04 2.217e+02 4.568e+01
s>                    ( - -2.988e+02 1 0)
s>                    ( - -9.760e+03 8 0 QUESTION4 -1 1.317e+02 4.368e+01)))))INFO: dtree.c(1315): Comp split 10
INFO: dtree.c(1439): stop. leaf nodes are specific
INFO: dtree.c(1478): Final simple tree
|( SILENCE 1 -5.550e+03 1.273e+02 2.500e+01
|    ( - -4.983e+03 1 0)
|    ( - -4.394e+02 1 0))
s>    ( SILENCE 1 -5.550e+03 1.273e+02 2.500e+01
s>        ( - -4.983e+03 1 0)
s>        ( - -4.394e+02 1 0))INFO: dtree.c(1315): Comp split 11
INFO: dtree.c(1478): Final simple tree
|( QUESTION6 -1 -1.520e+04 2.440e+02 6.598e+01
|    ( - -6.526e+02 1 0)
|    ( QUESTION9 -1 -1.430e+04 1.354e+02 6.198e+01
|        ( QUESTION0_9_R 1 -7.909e+03 1.256e+02 3.409e+01
|            ( QUESTION2_6_L -1 -5.695e+03 1.091e+02 2.528e+01
|                ( - -7.812e+02 1 0)
|                ( - -4.804e+03 1 0))
|            ( - -2.089e+03 5 0 QUESTION0_11_R 1 9.033e+01 8.804e+00))
|        ( QUESTION1 -1 -6.258e+03 1.236e+02 2.790e+01
|            ( - -1.495e+03 2 0 QUESTION2 -1 9.977e+01 6.966e+00)
|            ( WDBNDRY_E 0 -4.639e+03 1.003e+02 2.093e+01
|                ( QUESTION0_2_R 1 -8.044e+02 1.568e+02 4.000e+00
|                    ( - -1.698e+02 1 0)
|                    ( - -4.778e+02 1 0))
|                ( - -3.734e+03 2 0 QUESTION0 -1 8.296e+01 1.693e+01)))))
s>    ( QUESTION6 -1 -1.520e+04 2.440e+02 6.598e+01
s>        ( - -6.526e+02 1 0)
s>        ( QUESTION9 -1 -1.430e+04 1.354e+02 6.198e+01
s>            ( QUESTION0_9_R 1 -7.909e+03 1.256e+02 3.409e+01
s>                ( QUESTION2_6_L -1 -5.695e+03 1.091e+02 2.528e+01
s>                    ( - -7.812e+02 1 0)
s>                    ( - -4.804e+03 1 0))
s>                ( - -2.089e+03 5 0 QUESTION0_11_R 1 9.033e+01 8.804e+00))
s>            ( QUESTION1 -1 -6.258e+03 1.236e+02 2.790e+01
s>                ( - -1.495e+03 2 0 QUESTION2 -1 9.977e+01 6.966e+00)
s>                ( WDBNDRY_E 0 -4.639e+03 1.003e+02 2.093e+01
s>                    ( QUESTION0_2_R 1 -8.044e+02 1.568e+02 4.000e+00
s>                        ( - -1.698e+02 1 0)
s>                        ( - -4.778e+02 1 0))
s>                    ( - -3.734e+03 2 0 QUESTION0 -1 8.296e+01 1.693e+01)))))INFO: dtree.c(1315): Comp split 12
INFO: dtree.c(1315): Comp split 13
INFO: dtree.c(1478): Final simple tree
|( QUESTION9 -1 -1.430e+04 1.354e+02 6.198e+01
|    ( QUESTION0_9_R 1 -7.909e+03 1.256e+02 3.409e+01
|        ( QUESTION2_6_L -1 -5.695e+03 1.091e+02 2.528e+01
|            ( - -7.812e+02 1 0)
|            ( - -4.804e+03 1 0))
|        ( - -2.089e+03 5 0 QUESTION0_11_R 1 9.033e+01 8.804e+00))
|    ( QUESTION1 -1 -6.258e+03 1.236e+02 2.790e+01
|        ( QUESTION2 -1 -1.495e+03 9.977e+01 6.966e+00
|            ( - -7.623e+02 1 0)
|            ( - -6.333e+02 1 0))
|        ( WDBNDRY_E 0 -4.639e+03 1.003e+02 2.093e+01
|            ( QUESTION0_2_R 1 -8.044e+02 1.568e+02 4.000e+00
|                ( - -1.698e+02 1 0)
|                ( - -4.778e+02 1 0))
|            ( - -3.734e+03 2 0 QUESTION0 -1 8.296e+01 1.693e+01))))
s>    ( QUESTION9 -1 -1.430e+04 1.354e+02 6.198e+01
s>        ( QUESTION0_9_R 1 -7.909e+03 1.256e+02 3.409e+01
s>            ( QUESTION2_6_L -1 -5.695e+03 1.091e+02 2.528e+01
s>                ( - -7.812e+02 1 0)
s>                ( - -4.804e+03 1 0))
s>            ( - -2.089e+03 5 0 QUESTION0_11_R 1 9.033e+01 8.804e+00))
s>        ( QUESTION1 -1 -6.258e+03 1.236e+02 2.790e+01
s>            ( QUESTION2 -1 -1.495e+03 9.977e+01 6.966e+00
s>                ( - -7.623e+02 1 0)
s>                ( - -6.333e+02 1 0))
s>            ( WDBNDRY_E 0 -4.639e+03 1.003e+02 2.093e+01
s>                ( QUESTION0_2_R 1 -8.044e+02 1.568e+02 4.000e+00
s>                    ( - -1.698e+02 1 0)
s>                    ( - -4.778e+02 1 0))
s>                ( - -3.734e+03 2 0 QUESTION0 -1 8.296e+01 1.693e+01))))INFO: dtree.c(1315): Comp split 14
INFO: dtree.c(1478): Final simple tree
|( QUESTION2_17_L -1 -1.254e+04 2.063e+02 5.188e+01
|    ( - -2.587e+03 1 0)
|    ( QUESTION5 1 -9.744e+03 1.793e+02 3.988e+01
|        ( - -2.831e+02 1 0)
|        ( WDBNDRY_B 0 -9.282e+03 1.219e+02 3.788e+01
|            ( QUESTION13 -1 -2.996e+03 1.159e+02 1.317e+01
|                ( - -1.653e+03 2 0)
|                ( QUESTION11 -1 -1.227e+03 9.917e+01 5.188e+00
|                    ( - -7.662e+02 1 0)
|                    ( - -3.620e+02 1 0)))
|            ( QUESTION0_12_R 1 -6.164e+03 1.254e+02 2.470e+01
|                ( - -4.037e+03 10 0 QUESTION0_13_R 1 9.524e+01 1.602e+01)
|                ( QUESTION0 -1 -2.001e+03 1.351e+02 8.679e+00
|                    ( - -7.714e+02 1 0)
|                    ( - -1.095e+03 1 0))))))
s>    ( QUESTION2_17_L -1 -1.254e+04 2.063e+02 5.188e+01
s>        ( - -2.587e+03 1 0)
s>        ( QUESTION5 1 -9.744e+03 1.793e+02 3.988e+01
s>            ( - -2.831e+02 1 0)
s>            ( WDBNDRY_B 0 -9.282e+03 1.219e+02 3.788e+01
s>                ( QUESTION13 -1 -2.996e+03 1.159e+02 1.317e+01
s>                    ( - -1.653e+03 2 0)
s>                    ( QUESTION11 -1 -1.227e+03 9.917e+01 5.188e+00
s>                        ( - -7.662e+02 1 0)
s>                        ( - -3.620e+02 1 0)))
s>                ( QUESTION0_12_R 1 -6.164e+03 1.254e+02 2.470e+01
s>                    ( - -4.037e+03 10 0 QUESTION0_13_R 1 9.524e+01 1.602e+01)
s>                    ( QUESTION0 -1 -2.001e+03 1.351e+02 8.679e+00
s>                        ( - -7.714e+02 1 0)
s>                        ( - -1.095e+03 1 0))))))INFO: dtree.c(1315): Comp split 15
INFO: dtree.c(1478): Final simple tree
|( QUESTION0_0_R 1 -2.534e+04 1.748e+02 1.131e+02
|    ( QUESTION11 -1 -1.127e+04 1.665e+02 5.068e+01
|        ( - -5.118e+02 1 0)
|        ( QUESTION15 1 -1.059e+04 1.492e+02 4.768e+01
|            ( QUESTION4 -1 -6.977e+03 1.780e+02 3.263e+01
|                ( - -3.600e+03 1 0)
|                ( QUESTION0 -1 -3.199e+03 1.454e+02 1.475e+01
|                    ( - -2.113e+03 1 0)
|                    ( - -9.406e+02 1 0)))
|            ( - -3.462e+03 5 0 QUESTION19 -1 1.115e+02 1.505e+01)))
|    ( QUESTION15 -1 -1.390e+04 2.240e+02 6.237e+01
|        ( - -2.480e+02 1 0)
|        ( QUESTION19 -1 -1.343e+04 1.661e+02 6.037e+01
|            ( - -4.421e+03 2 0)
|            ( - -8.841e+03 9 0 QUESTION2 -1 1.217e+02 3.937e+01))))
s>    ( QUESTION0_0_R 1 -2.534e+04 1.748e+02 1.131e+02
s>        ( QUESTION11 -1 -1.127e+04 1.665e+02 5.068e+01
s>            ( - -5.118e+02 1 0)
s>            ( QUESTION15 1 -1.059e+04 1.492e+02 4.768e+01
s>                ( QUESTION4 -1 -6.977e+03 1.780e+02 3.263e+01
s>                    ( - -3.600e+03 1 0)
s>                    ( QUESTION0 -1 -3.199e+03 1.454e+02 1.475e+01
s>                        ( - -2.113e+03 1 0)
s>                        ( - -9.406e+02 1 0)))
s>                ( - -3.462e+03 5 0 QUESTION19 -1 1.115e+02 1.505e+01)))
s>        ( QUESTION15 -1 -1.390e+04 2.240e+02 6.237e+01
s>            ( - -2.480e+02 1 0)
s>            ( QUESTION19 -1 -1.343e+04 1.661e+02 6.037e+01
s>                ( - -4.421e+03 2 0)
s>                ( - -8.841e+03 9 0 QUESTION2 -1 1.217e+02 3.937e+01))))INFO: dtree.c(1315): Comp split 16
INFO: dtree.c(1478): Final simple tree
|( QUESTION19 -1 -2.148e+04 1.631e+02 9.518e+01
|    ( WDBNDRY_B 0 -6.043e+03 2.271e+02 2.800e+01
|        ( QUESTION0_0_R 1 -5.354e+03 1.381e+02 2.500e+01
|            ( - -7.951e+02 1 0)
|            ( - -4.421e+03 2 0))
|        ( - -4.620e+02 1 0))
|    ( QUESTION11 -1 -1.528e+04 1.684e+02 6.717e+01
|        ( - -5.118e+02 1 0)
|        ( QUESTION9 -1 -1.460e+04 1.325e+02 6.417e+01
|            ( - -3.156e+03 1 0)
|            ( QUESTION2_14_L -1 -1.131e+04 1.231e+02 4.954e+01
|                ( - -1.179e+03 1 0)
|                ( QUESTION19 1 -1.001e+04 1.154e+02 4.346e+01
|                    ( - -7.953e+02 1 0)
|                    ( - -9.096e+03 12 0 WDBNDRY_B 0 1.102e+02 3.946e+01))))))
s>    ( QUESTION19 -1 -2.148e+04 1.631e+02 9.518e+01
s>        ( WDBNDRY_B 0 -6.043e+03 2.271e+02 2.800e+01
s>            ( QUESTION0_0_R 1 -5.354e+03 1.381e+02 2.500e+01
s>                ( - -7.951e+02 1 0)
s>                ( - -4.421e+03 2 0))
s>            ( - -4.620e+02 1 0))
s>        ( QUESTION11 -1 -1.528e+04 1.684e+02 6.717e+01
s>            ( - -5.118e+02 1 0)
s>            ( QUESTION9 -1 -1.460e+04 1.325e+02 6.417e+01
s>                ( - -3.156e+03 1 0)
s>                ( QUESTION2_14_L -1 -1.131e+04 1.231e+02 4.954e+01
s>                    ( - -1.179e+03 1 0)
s>                    ( QUESTION19 1 -1.001e+04 1.154e+02 4.346e+01
s>                        ( - -7.953e+02 1 0)
s>                        ( - -9.096e+03 12 0 WDBNDRY_B 0 1.102e+02 3.946e+01))))))INFO: dtree.c(1315): Comp split 17
INFO: dtree.c(1478): Final simple tree
|( QUESTION11 -1 -2.079e+04 1.651e+02 9.218e+01
|    ( - -5.118e+02 1 0)
|    ( WDBNDRY_B 0 -2.011e+04 1.592e+02 8.918e+01
|        ( QUESTION13 -1 -7.460e+03 1.420e+02 3.465e+01
|            ( - -9.065e+02 1 0)
|            ( QUESTION0_0_R 1 -6.412e+03 1.324e+02 2.964e+01
|                ( - -7.951e+02 1 0)
|                ( - -5.484e+03 4 0 QUESTION2 -1 1.161e+02 2.564e+01)))
|        ( QUESTION9 -1 -1.249e+04 1.359e+02 5.453e+01
|            ( - -3.156e+03 1 0)
|            ( QUESTION2_14_L -1 -9.199e+03 1.281e+02 3.990e+01
|                ( - -1.179e+03 1 0)
|                ( QUESTION19 1 -7.892e+03 1.165e+02 3.382e+01
|                    ( - -7.953e+02 1 0)
|                    ( - -6.980e+03 9 0 QUESTION0_9_R 1 1.013e+02 2.982e+01))))))
s>    ( QUESTION11 -1 -2.079e+04 1.651e+02 9.218e+01
s>        ( - -5.118e+02 1 0)
s>        ( WDBNDRY_B 0 -2.011e+04 1.592e+02 8.918e+01
s>            ( QUESTION13 -1 -7.460e+03 1.420e+02 3.465e+01
s>                ( - -9.065e+02 1 0)
s>                ( QUESTION0_0_R 1 -6.412e+03 1.324e+02 2.964e+01
s>                    ( - -7.951e+02 1 0)
s>                    ( - -5.484e+03 4 0 QUESTION2 -1 1.161e+02 2.564e+01)))
s>            ( QUESTION9 -1 -1.249e+04 1.359e+02 5.453e+01
s>                ( - -3.156e+03 1 0)
s>                ( QUESTION2_14_L -1 -9.199e+03 1.281e+02 3.990e+01
s>                    ( - -1.179e+03 1 0)
s>                    ( QUESTION19 1 -7.892e+03 1.165e+02 3.382e+01
s>                        ( - -7.953e+02 1 0)
s>                        ( - -6.980e+03 9 0 QUESTION0_9_R 1 1.013e+02 2.982e+01))))))INFO: dtree.c(1315): Comp split 18
INFO: dtree.c(1478): Final simple tree
|( QUESTION5 1 -9.744e+03 1.793e+02 3.988e+01
|    ( - -2.831e+02 1 0)
|    ( WDBNDRY_B 0 -9.282e+03 1.219e+02 3.788e+01
|        ( QUESTION13 -1 -2.996e+03 1.159e+02 1.317e+01
|            ( - -1.653e+03 2 0)
|            ( QUESTION11 -1 -1.227e+03 9.917e+01 5.188e+00
|                ( - -7.662e+02 1 0)
|                ( - -3.620e+02 1 0)))
|        ( QUESTION0_12_R 1 -6.164e+03 1.254e+02 2.470e+01
|            ( QUESTION0_13_R 1 -4.037e+03 9.524e+01 1.602e+01
|                ( - -3.279e+03 8 0 WDBNDRY_E 0 9.228e+01 1.302e+01)
|                ( - -6.630e+02 2 0 QUESTION0 -1 4.799e+02 3.000e+00))
|            ( QUESTION0 -1 -2.001e+03 1.351e+02 8.679e+00
|                ( - -7.714e+02 1 0)
|                ( - -1.095e+03 1 0)))))
s>    ( QUESTION5 1 -9.744e+03 1.793e+02 3.988e+01
s>        ( - -2.831e+02 1 0)
s>        ( WDBNDRY_B 0 -9.282e+03 1.219e+02 3.788e+01
s>            ( QUESTION13 -1 -2.996e+03 1.159e+02 1.317e+01
s>                ( - -1.653e+03 2 0)
s>                ( QUESTION11 -1 -1.227e+03 9.917e+01 5.188e+00
s>                    ( - -7.662e+02 1 0)
s>                    ( - -3.620e+02 1 0)))
s>            ( QUESTION0_12_R 1 -6.164e+03 1.254e+02 2.470e+01
s>                ( QUESTION0_13_R 1 -4.037e+03 9.524e+01 1.602e+01
s>                    ( - -3.279e+03 8 0 WDBNDRY_E 0 9.228e+01 1.302e+01)
s>                    ( - -6.630e+02 2 0 QUESTION0 -1 4.799e+02 3.000e+00))
s>                ( QUESTION0 -1 -2.001e+03 1.351e+02 8.679e+00
s>                    ( - -7.714e+02 1 0)
s>                    ( - -1.095e+03 1 0)))))INFO: dtree.c(1315): Comp split 19
INFO: dtree.c(1478): Final simple tree
|( QUESTION0_9_R 1 -1.363e+04 1.307e+02 5.898e+01
|    ( QUESTION2_10_L -1 -1.116e+04 1.416e+02 4.918e+01
|        ( - -4.804e+03 1 0)
|        ( QUESTION1 -1 -6.213e+03 1.155e+02 2.794e+01
|            ( QUESTION2 -1 -1.495e+03 9.977e+01 6.966e+00
|                ( - -7.623e+02 1 0)
|                ( - -6.333e+02 1 0))
|            ( QUESTION9 -1 -4.602e+03 8.716e+01 2.098e+01
|                ( - -7.812e+02 1 0)
|                ( QUESTION0 -1 -3.734e+03 8.296e+01 1.693e+01
|                    ( - -2.316e+03 1 0)
|                    ( - -1.335e+03 1 0)))))
|    ( QUESTION0_11_R 1 -2.336e+03 9.516e+01 9.804e+00
|        ( - -4.178e+02 1 0)
|        ( - -1.823e+03 5 0 QUESTION14 1 7.560e+01 7.804e+00)))
s>    ( QUESTION0_9_R 1 -1.363e+04 1.307e+02 5.898e+01
s>        ( QUESTION2_10_L -1 -1.116e+04 1.416e+02 4.918e+01
s>            ( - -4.804e+03 1 0)
s>            ( QUESTION1 -1 -6.213e+03 1.155e+02 2.794e+01
s>                ( QUESTION2 -1 -1.495e+03 9.977e+01 6.966e+00
s>                    ( - -7.623e+02 1 0)
s>                    ( - -6.333e+02 1 0))
s>                ( QUESTION9 -1 -4.602e+03 8.716e+01 2.098e+01
s>                    ( - -7.812e+02 1 0)
s>                    ( QUESTION0 -1 -3.734e+03 8.296e+01 1.693e+01
s>                        ( - -2.316e+03 1 0)
s>                        ( - -1.335e+03 1 0)))))
s>        ( QUESTION0_11_R 1 -2.336e+03 9.516e+01 9.804e+00
s>            ( - -4.178e+02 1 0)
s>            ( - -1.823e+03 5 0 QUESTION14 1 7.560e+01 7.804e+00)))INFO: dtree.c(1315): Comp split 20
INFO: dtree.c(1439): stop. leaf nodes are specific
INFO: dtree.c(1478): Final simple tree
|( QUESTION0_0_R 1 -6.153e+03 1.570e+02 2.864e+01
|    ( - -5.118e+02 1 0)
|    ( QUESTION2 -1 -5.484e+03 1.161e+02 2.564e+01
|        ( - -6.850e+02 1 0)
|        ( QUESTION0 -1 -4.683e+03 1.060e+02 2.201e+01
|            ( - -1.561e+02 1 0)
|            ( - -4.421e+03 2 0))))
s>    ( QUESTION0_0_R 1 -6.153e+03 1.570e+02 2.864e+01
s>        ( - -5.118e+02 1 0)
s>        ( QUESTION2 -1 -5.484e+03 1.161e+02 2.564e+01
s>            ( - -6.850e+02 1 0)
s>            ( QUESTION0 -1 -4.683e+03 1.060e+02 2.201e+01
s>                ( - -1.561e+02 1 0)
s>                ( - -4.421e+03 2 0))))INFO: dtree.c(1478): Final simple tree
|( QUESTION9 -1 -1.445e+04 1.406e+02 6.353e+01
|    ( - -3.156e+03 1 0)
|    ( QUESTION2_14_L -1 -1.115e+04 1.238e+02 4.890e+01
|        ( - -1.179e+03 1 0)
|        ( WDBNDRY_B 0 -9.849e+03 1.251e+02 4.282e+01
|            ( QUESTION0_0_R 1 -1.832e+03 1.306e+02 9.002e+00
|                ( - -7.951e+02 1 0)
|                ( - -9.065e+02 1 0))
|            ( QUESTION19 1 -7.892e+03 1.165e+02 3.382e+01
|                ( - -7.953e+02 1 0)
|                ( QUESTION0_9_R 1 -6.980e+03 1.013e+02 2.982e+01
|                    ( QUESTION0 -1 -1.868e+03 2.245e+02 8.013e+00
|                        ( - -1.396e+03 2 0 QUESTION1 -1 8.087e+01 6.013e+00)
|                        ( - -2.480e+02 1 0))
|                    ( - -5.011e+03 6 0 QUESTION2_7_L -1 9.662e+01 2.180e+01))))))
s>    ( QUESTION9 -1 -1.445e+04 1.406e+02 6.353e+01
s>        ( - -3.156e+03 1 0)
s>        ( QUESTION2_14_L -1 -1.115e+04 1.238e+02 4.890e+01
s>            ( - -1.179e+03 1 0)
s>            ( WDBNDRY_B 0 -9.849e+03 1.251e+02 4.282e+01
s>                ( QUESTION0_0_R 1 -1.832e+03 1.306e+02 9.002e+00
s>                    ( - -7.951e+02 1 0)
s>                    ( - -9.065e+02 1 0))
s>                ( QUESTION19 1 -7.892e+03 1.165e+02 3.382e+01
s>                    ( - -7.953e+02 1 0)
s>                    ( QUESTION0_9_R 1 -6.980e+03 1.013e+02 2.982e+01
s>                        ( QUESTION0 -1 -1.868e+03 2.245e+02 8.013e+00
s>                            ( - -1.396e+03 2 0 QUESTION1 -1 8.087e+01 6.013e+00)
s>                            ( - -2.480e+02 1 0))
s>                        ( - -5.011e+03 6 0 QUESTION2_7_L -1 9.662e+01 2.180e+01))))))INFO: dtree.c(1315): Comp split 21
INFO: dtree.c(1478): Final simple tree
|( QUESTION0_9_R 1 -1.399e+04 1.454e+02 6.153e+01
|    ( WDBNDRY_B 0 -7.022e+03 1.315e+02 3.173e+01
|        ( - -9.065e+02 1 0)
|        ( QUESTION9 -1 -5.984e+03 1.319e+02 2.673e+01
|            ( - -3.156e+03 1 0)
|            ( QUESTION3 -1 -2.696e+03 1.213e+02 1.210e+01
|                ( - -1.179e+03 1 0)
|                ( - -1.396e+03 2 0 QUESTION1 -1 8.087e+01 6.013e+00))))
|    ( QUESTION13 1 -6.822e+03 1.126e+02 2.980e+01
|        ( WDBNDRY_B 0 -5.914e+03 1.077e+02 2.580e+01
|            ( - -7.951e+02 1 0)
|            ( QUESTION2_7_L -1 -5.011e+03 9.662e+01 2.180e+01
|                ( - -2.886e+03 2 0 QUESTION1 -1 7.627e+01 1.280e+01)
|                ( - -2.028e+03 4 0 QUESTION0_0_R 1 8.830e+01 9.000e+00)))
|        ( - -7.953e+02 1 0)))
s>    ( QUESTION0_9_R 1 -1.399e+04 1.454e+02 6.153e+01
s>        ( WDBNDRY_B 0 -7.022e+03 1.315e+02 3.173e+01
s>            ( - -9.065e+02 1 0)
s>            ( QUESTION9 -1 -5.984e+03 1.319e+02 2.673e+01
s>                ( - -3.156e+03 1 0)
s>                ( QUESTION3 -1 -2.696e+03 1.213e+02 1.210e+01
s>                    ( - -1.179e+03 1 0)
s>                    ( - -1.396e+03 2 0 QUESTION1 -1 8.087e+01 6.013e+00))))
s>        ( QUESTION13 1 -6.822e+03 1.126e+02 2.980e+01
s>            ( WDBNDRY_B 0 -5.914e+03 1.077e+02 2.580e+01
s>                ( - -7.951e+02 1 0)
s>                ( QUESTION2_7_L -1 -5.011e+03 9.662e+01 2.180e+01
s>                    ( - -2.886e+03 2 0 QUESTION1 -1 7.627e+01 1.280e+01)
s>                    ( - -2.028e+03 4 0 QUESTION0_0_R 1 8.830e+01 9.000e+00)))
s>            ( - -7.953e+02 1 0)))INFO: dtree.c(1315): Comp split 22
INFO: dtree.c(1478): Final simple tree
|( WDBNDRY_B 0 -9.282e+03 1.219e+02 3.788e+01
|    ( QUESTION13 -1 -2.996e+03 1.159e+02 1.317e+01
|        ( - -1.653e+03 2 0)
|        ( QUESTION11 -1 -1.227e+03 9.917e+01 5.188e+00
|            ( - -7.662e+02 1 0)
|            ( - -3.620e+02 1 0)))
|    ( QUESTION0_12_R 1 -6.164e+03 1.254e+02 2.470e+01
|        ( QUESTION0_13_R 1 -4.037e+03 9.524e+01 1.602e+01
|            ( - -3.279e+03 8 0 WDBNDRY_E 0 9.228e+01 1.302e+01)
|            ( QUESTION0 -1 -6.630e+02 4.799e+02 3.000e+00
|                ( - 2.427e+02 1 0)
|                ( - -4.257e+02 1 0)))
|        ( QUESTION0 -1 -2.001e+03 1.351e+02 8.679e+00
|            ( - -7.714e+02 1 0)
|            ( - -1.095e+03 1 0))))
s>    ( WDBNDRY_B 0 -9.282e+03 1.219e+02 3.788e+01
s>        ( QUESTION13 -1 -2.996e+03 1.159e+02 1.317e+01
s>            ( - -1.653e+03 2 0)
s>            ( QUESTION11 -1 -1.227e+03 9.917e+01 5.188e+00
s>                ( - -7.662e+02 1 0)
s>                ( - -3.620e+02 1 0)))
s>        ( QUESTION0_12_R 1 -6.164e+03 1.254e+02 2.470e+01
s>            ( QUESTION0_13_R 1 -4.037e+03 9.524e+01 1.602e+01
s>                ( - -3.279e+03 8 0 WDBNDRY_E 0 9.228e+01 1.302e+01)
s>                ( QUESTION0 -1 -6.630e+02 4.799e+02 3.000e+00
s>                    ( - 2.427e+02 1 0)
s>                    ( - -4.257e+02 1 0)))
s>            ( QUESTION0 -1 -2.001e+03 1.351e+02 8.679e+00
s>                ( - -7.714e+02 1 0)
s>                ( - -1.095e+03 1 0))))INFO: dtree.c(1315): Comp split 23
INFO: dtree.c(1478): Final simple tree
|( WDBNDRY_B 0 -9.048e+03 1.198e+02 3.688e+01
|    ( QUESTION13 -1 -2.996e+03 1.159e+02 1.317e+01
|        ( - -1.653e+03 2 0)
|        ( QUESTION11 -1 -1.227e+03 9.917e+01 5.188e+00
|            ( - -7.662e+02 1 0)
|            ( - -3.620e+02 1 0)))
|    ( QUESTION0_12_R 1 -5.932e+03 1.247e+02 2.370e+01
|        ( QUESTION0_13_R 1 -3.806e+03 1.012e+02 1.502e+01
|            ( WDBNDRY_E 0 -3.279e+03 9.228e+01 1.302e+01
|                ( - -6.546e+02 2 0 QUESTION0 -1 4.748e+02 3.000e+00)
|                ( - -2.532e+03 6 0 QUESTION2_0_L -1 9.373e+01 1.002e+01))
|            ( - -4.257e+02 1 0))
|        ( QUESTION0 -1 -2.001e+03 1.351e+02 8.679e+00
|            ( - -7.714e+02 1 0)
|            ( - -1.095e+03 1 0))))
s>    ( WDBNDRY_B 0 -9.048e+03 1.198e+02 3.688e+01
s>        ( QUESTION13 -1 -2.996e+03 1.159e+02 1.317e+01
s>            ( - -1.653e+03 2 0)
s>            ( QUESTION11 -1 -1.227e+03 9.917e+01 5.188e+00
s>                ( - -7.662e+02 1 0)
s>                ( - -3.620e+02 1 0)))
s>        ( QUESTION0_12_R 1 -5.932e+03 1.247e+02 2.370e+01
s>            ( QUESTION0_13_R 1 -3.806e+03 1.012e+02 1.502e+01
s>                ( WDBNDRY_E 0 -3.279e+03 9.228e+01 1.302e+01
s>                    ( - -6.546e+02 2 0 QUESTION0 -1 4.748e+02 3.000e+00)
s>                    ( - -2.532e+03 6 0 QUESTION2_0_L -1 9.373e+01 1.002e+01))
s>                ( - -4.257e+02 1 0))
s>            ( QUESTION0 -1 -2.001e+03 1.351e+02 8.679e+00
s>                ( - -7.714e+02 1 0)
s>                ( - -1.095e+03 1 0))))INFO: dtree.c(1315): Comp split 24
INFO: dtree.c(1439): stop. leaf nodes are specific
INFO: dtree.c(1478): Final simple tree
|( QUESTION1 -1 -5.480e+03 1.158e+02 2.498e+01
|    ( - -7.623e+02 1 0)
|    ( QUESTION9 -1 -4.602e+03 8.716e+01 2.098e+01
|        ( - -7.812e+02 1 0)
|        ( QUESTION0 -1 -3.734e+03 8.296e+01 1.693e+01
|            ( - -2.316e+03 1 0)
|            ( - -1.335e+03 1 0))))
s>    ( QUESTION1 -1 -5.480e+03 1.158e+02 2.498e+01
s>        ( - -7.623e+02 1 0)
s>        ( QUESTION9 -1 -4.602e+03 8.716e+01 2.098e+01
s>            ( - -7.812e+02 1 0)
s>            ( QUESTION0 -1 -3.734e+03 8.296e+01 1.693e+01
s>                ( - -2.316e+03 1 0)
s>                ( - -1.335e+03 1 0))))INFO: dtree.c(1478): Final simple tree
|( QUESTION0_9_R 1 -7.971e+03 1.186e+02 3.401e+01
|    ( QUESTION1 -1 -5.517e+03 7.916e+01 2.420e+01
|        ( - -6.333e+02 1 0)
|        ( - -4.804e+03 1 0))
|    ( QUESTION0_11_R 1 -2.336e+03 9.516e+01 9.804e+00
|        ( - -4.178e+02 1 0)
|        ( QUESTION14 1 -1.823e+03 7.560e+01 7.804e+00
|            ( - -3.846e+02 1 0)
|            ( WDBNDRY_E 0 -1.363e+03 6.999e+01 5.801e+00
|                ( - -1.698e+02 1 0)
|                ( QUESTION2_6_L -1 -1.123e+03 5.322e+01 4.801e+00
|                    ( QUESTION0_0_R 1 -4.528e+02 6.286e+01 2.000e+00
|                        ( - -1.765e+02 1 0)
|                        ( - -2.134e+02 1 0))
|                    ( - -6.171e+02 1 0))))))
s>    ( QUESTION0_9_R 1 -7.971e+03 1.186e+02 3.401e+01
s>        ( QUESTION1 -1 -5.517e+03 7.916e+01 2.420e+01
s>            ( - -6.333e+02 1 0)
s>            ( - -4.804e+03 1 0))
s>        ( QUESTION0_11_R 1 -2.336e+03 9.516e+01 9.804e+00
s>            ( - -4.178e+02 1 0)
s>            ( QUESTION14 1 -1.823e+03 7.560e+01 7.804e+00
s>                ( - -3.846e+02 1 0)
s>                ( WDBNDRY_E 0 -1.363e+03 6.999e+01 5.801e+00
s>                    ( - -1.698e+02 1 0)
s>                    ( QUESTION2_6_L -1 -1.123e+03 5.322e+01 4.801e+00
s>                        ( QUESTION0_0_R 1 -4.528e+02 6.286e+01 2.000e+00
s>                            ( - -1.765e+02 1 0)
s>                            ( - -2.134e+02 1 0))
s>                        ( - -6.171e+02 1 0))))))INFO: dtree.c(1315): Comp split 25
INFO: dtree.c(1315): Comp split 26
INFO: dtree.c(1315): Comp split 27
INFO: dtree.c(1439): stop. leaf nodes are specific
INFO: dtree.c(1478): Final simple tree
|( WDBNDRY_B 0 -2.538e+03 1.138e+02 1.165e+01
|    ( - -1.653e+03 2 0)
|    ( - -7.714e+02 1 0))
s>    ( WDBNDRY_B 0 -2.538e+03 1.138e+02 1.165e+01
s>        ( - -1.653e+03 2 0)
s>        ( - -7.714e+02 1 0))INFO: dtree.c(1478): Final simple tree
|( QUESTION0_12_R 1 -6.346e+03 1.271e+02 2.523e+01
|    ( QUESTION0_13_R 1 -5.124e+03 1.083e+02 2.021e+01
|        ( QUESTION19 -1 -4.590e+03 1.025e+02 1.821e+01
|            ( - -3.620e+02 1 0)
|            ( WDBNDRY_E 0 -4.126e+03 9.462e+01 1.621e+01
|                ( QUESTION0 -1 -6.546e+02 4.748e+02 3.000e+00
|                    ( - -4.213e+02 1 0)
|                    ( - 2.415e+02 1 0))
|                ( QUESTION2_0_L -1 -3.376e+03 9.295e+01 1.321e+01
|                    ( - -2.022e+03 3 0 WDBNDRY_B 0 7.870e+01 8.212e+00)
|                    ( QUESTION2_8_L -1 -1.261e+03 8.007e+01 5.000e+00
|                        ( - -2.524e+02 1 0)
|                        ( - -9.288e+02 3 0 QUESTION1 -1 7.293e+01 4.000e+00)))))
|        ( - -4.257e+02 1 0))
|    ( - -1.095e+03 1 0))
s>    ( QUESTION0_12_R 1 -6.346e+03 1.271e+02 2.523e+01
s>        ( QUESTION0_13_R 1 -5.124e+03 1.083e+02 2.021e+01
s>            ( QUESTION19 -1 -4.590e+03 1.025e+02 1.821e+01
s>                ( - -3.620e+02 1 0)
s>                ( WDBNDRY_E 0 -4.126e+03 9.462e+01 1.621e+01
s>                    ( QUESTION0 -1 -6.546e+02 4.748e+02 3.000e+00
s>                        ( - -4.213e+02 1 0)
s>                        ( - 2.415e+02 1 0))
s>                    ( QUESTION2_0_L -1 -3.376e+03 9.295e+01 1.321e+01
s>                        ( - -2.022e+03 3 0 WDBNDRY_B 0 7.870e+01 8.212e+00)
s>                        ( QUESTION2_8_L -1 -1.261e+03 8.007e+01 5.000e+00
s>                            ( - -2.524e+02 1 0)
s>                            ( - -9.288e+02 3 0 QUESTION1 -1 7.293e+01 4.000e+00)))))
s>            ( - -4.257e+02 1 0))
s>        ( - -1.095e+03 1 0))INFO: dtree.c(1315): Comp split 28
INFO: dtree.c(1478): Final simple tree
|( QUESTION0_12_R 1 -6.103e+03 1.263e+02 2.423e+01
|    ( QUESTION0_13_R 1 -4.882e+03 1.086e+02 1.921e+01
|        ( QUESTION19 -1 -4.348e+03 1.017e+02 1.721e+01
|            ( - -3.620e+02 1 0)
|            ( QUESTION2_0_L -1 -3.884e+03 8.967e+01 1.521e+01
|                ( WDBNDRY_B 0 -2.022e+03 7.870e+01 8.212e+00
|                    ( - -7.662e+02 1 0)
|                    ( - -1.177e+03 2 0 QUESTION0 -1 6.758e+01 5.025e+00))
|                ( WDBNDRY_E 0 -1.772e+03 8.953e+01 6.999e+00
|                    ( - -4.213e+02 1 0)
|                    ( QUESTION2_8_L -1 -1.261e+03 8.007e+01 5.000e+00
|                        ( - -2.524e+02 1 0)
|                        ( - -9.288e+02 3 0 QUESTION1 -1 7.293e+01 4.000e+00)))))
|        ( - -4.257e+02 1 0))
|    ( - -1.095e+03 1 0))
s>    ( QUESTION0_12_R 1 -6.103e+03 1.263e+02 2.423e+01
s>        ( QUESTION0_13_R 1 -4.882e+03 1.086e+02 1.921e+01
s>            ( QUESTION19 -1 -4.348e+03 1.017e+02 1.721e+01
s>                ( - -3.620e+02 1 0)
s>                ( QUESTION2_0_L -1 -3.884e+03 8.967e+01 1.521e+01
s>                    ( WDBNDRY_B 0 -2.022e+03 7.870e+01 8.212e+00
s>                        ( - -7.662e+02 1 0)
s>                        ( - -1.177e+03 2 0 QUESTION0 -1 6.758e+01 5.025e+00))
s>                    ( WDBNDRY_E 0 -1.772e+03 8.953e+01 6.999e+00
s>                        ( - -4.213e+02 1 0)
s>                        ( QUESTION2_8_L -1 -1.261e+03 8.007e+01 5.000e+00
s>                            ( - -2.524e+02 1 0)
s>                            ( - -9.288e+02 3 0 QUESTION1 -1 7.293e+01 4.000e+00)))))
s>            ( - -4.257e+02 1 0))
s>        ( - -1.095e+03 1 0))INFO: dtree.c(1315): Comp split 29
INFO: dtree.c(1478): Final simple tree
|( QUESTION19 1 -8.328e+03 1.139e+02 3.582e+01
|    ( - -7.953e+02 1 0)
|    ( QUESTION0_9_R 1 -7.419e+03 1.097e+02 3.182e+01
|        ( QUESTION1 -1 -1.396e+03 8.087e+01 6.013e+00
|            ( - -2.081e+02 1 0)
|            ( - -1.107e+03 1 0))
|        ( WDBNDRY_B 0 -5.914e+03 1.077e+02 2.580e+01
|            ( - -7.951e+02 1 0)
|            ( QUESTION2_7_L -1 -5.011e+03 9.662e+01 2.180e+01
|                ( - -2.886e+03 2 0 QUESTION1 -1 7.627e+01 1.280e+01)
|                ( QUESTION0_0_R 1 -2.028e+03 8.830e+01 9.000e+00
|                    ( QUESTION14 1 -1.283e+03 1.172e+02 6.000e+00
|                        ( - -2.251e+02 1 0)
|                        ( - -9.406e+02 1 0))
|                    ( - -6.566e+02 2 0 QUESTION0 -1 7.326e+01 3.000e+00))))))
s>    ( QUESTION19 1 -8.328e+03 1.139e+02 3.582e+01
s>        ( - -7.953e+02 1 0)
s>        ( QUESTION0_9_R 1 -7.419e+03 1.097e+02 3.182e+01
s>            ( QUESTION1 -1 -1.396e+03 8.087e+01 6.013e+00
s>                ( - -2.081e+02 1 0)
s>                ( - -1.107e+03 1 0))
s>            ( WDBNDRY_B 0 -5.914e+03 1.077e+02 2.580e+01
s>                ( - -7.951e+02 1 0)
s>                ( QUESTION2_7_L -1 -5.011e+03 9.662e+01 2.180e+01
s>                    ( - -2.886e+03 2 0 QUESTION1 -1 7.627e+01 1.280e+01)
s>                    ( QUESTION0_0_R 1 -2.028e+03 8.830e+01 9.000e+00
s>                        ( QUESTION14 1 -1.283e+03 1.172e+02 6.000e+00
s>                            ( - -2.251e+02 1 0)
s>                            ( - -9.406e+02 1 0))
s>                        ( - -6.566e+02 2 0 QUESTION0 -1 7.326e+01 3.000e+00))))))INFO: dtree.c(1439): stop. leaf nodes are specific
INFO: dtree.c(1478): Final simple tree
|( WDBNDRY_B 0 -5.501e+03 1.331e+02 2.572e+01
|    ( - -9.065e+02 1 0)
|    ( QUESTION1 -1 -4.461e+03 1.260e+02 2.071e+01
|        ( - -1.179e+03 1 0)
|        ( - -3.156e+03 1 0)))
s>    ( WDBNDRY_B 0 -5.501e+03 1.331e+02 2.572e+01
s>        ( - -9.065e+02 1 0)
s>        ( QUESTION1 -1 -4.461e+03 1.260e+02 2.071e+01
s>            ( - -1.179e+03 1 0)
s>            ( - -3.156e+03 1 0)))INFO: dtree.c(1315): Comp split 30
INFO: dtree.c(1439): stop. leaf nodes are specific
INFO: dtree.c(1478): Final simple tree
|( QUESTION2 -1 -5.484e+03 1.161e+02 2.564e+01
|    ( - -6.850e+02 1 0)
|    ( QUESTION0 -1 -4.683e+03 1.060e+02 2.201e+01
|        ( - -1.561e+02 1 0)
|        ( - -4.421e+03 2 0)))
s>    ( QUESTION2 -1 -5.484e+03 1.161e+02 2.564e+01
s>        ( - -6.850e+02 1 0)
s>        ( QUESTION0 -1 -4.683e+03 1.060e+02 2.201e+01
s>            ( - -1.561e+02 1 0)
s>            ( - -4.421e+03 2 0)))INFO: dtree.c(1315): Comp split 31
INFO: dtree.c(1478): Final simple tree
|( QUESTION19 1 -7.238e+03 1.142e+02 3.082e+01
|    ( - -7.953e+02 1 0)
|    ( QUESTION0_9_R 1 -6.328e+03 1.070e+02 2.682e+01
|        ( QUESTION1 -1 -1.396e+03 8.087e+01 6.013e+00
|            ( - -2.081e+02 1 0)
|            ( - -1.107e+03 1 0))
|        ( WDBNDRY_B 0 -4.825e+03 1.075e+02 2.080e+01
|            ( - -7.951e+02 1 0)
|            ( QUESTION2_7_L -1 -3.923e+03 8.931e+01 1.680e+01
|                ( QUESTION1 -1 -2.886e+03 7.627e+01 1.280e+01
|                    ( - -2.113e+03 1 0)
|                    ( - -6.973e+02 1 0))
|                ( QUESTION14 -1 -9.470e+02 7.347e+01 4.000e+00
|                    ( - -3.953e+02 1 0)
|                    ( - -4.782e+02 2 0 QUESTION0_0_R 1 6.512e+01 2.000e+00))))))
s>    ( QUESTION19 1 -7.238e+03 1.142e+02 3.082e+01
s>        ( - -7.953e+02 1 0)
s>        ( QUESTION0_9_R 1 -6.328e+03 1.070e+02 2.682e+01
s>            ( QUESTION1 -1 -1.396e+03 8.087e+01 6.013e+00
s>                ( - -2.081e+02 1 0)
s>                ( - -1.107e+03 1 0))
s>            ( WDBNDRY_B 0 -4.825e+03 1.075e+02 2.080e+01
s>                ( - -7.951e+02 1 0)
s>                ( QUESTION2_7_L -1 -3.923e+03 8.931e+01 1.680e+01
s>                    ( QUESTION1 -1 -2.886e+03 7.627e+01 1.280e+01
s>                        ( - -2.113e+03 1 0)
s>                        ( - -6.973e+02 1 0))
s>                    ( QUESTION14 -1 -9.470e+02 7.347e+01 4.000e+00
s>                        ( - -3.953e+02 1 0)
s>                        ( - -4.782e+02 2 0 QUESTION0_0_R 1 6.512e+01 2.000e+00))))))INFO: dtree.c(1315): Comp split 32
INFO: dtree.c(1439): stop. leaf nodes are specific
INFO: dtree.c(1478): Final simple tree
|( QUESTION1 -1 -4.461e+03 1.260e+02 2.071e+01
|    ( - -1.179e+03 1 0)
|    ( - -3.156e+03 1 0))
s>    ( QUESTION1 -1 -4.461e+03 1.260e+02 2.071e+01
s>        ( - -1.179e+03 1 0)
s>        ( - -3.156e+03 1 0))INFO: dtree.c(1315): Comp split 33
INFO: dtree.c(1439): stop. leaf nodes are specific
INFO: dtree.c(1478): Final simple tree
|( WDBNDRY_E 0 -5.048e+03 7.345e+01 2.224e+01
|    ( - -1.698e+02 1 0)
|    ( - -4.804e+03 1 0))
s>    ( WDBNDRY_E 0 -5.048e+03 7.345e+01 2.224e+01
s>        ( - -1.698e+02 1 0)
s>        ( - -4.804e+03 1 0))INFO: dtree.c(1439): stop. leaf nodes are specific
INFO: dtree.c(1478): Final simple tree
|( QUESTION0_11_R 1 -2.794e+03 9.135e+01 1.177e+01
|    ( - -4.178e+02 1 0)
|    ( QUESTION14 1 -2.285e+03 7.480e+01 9.769e+00
|        ( - -3.846e+02 1 0)
|        ( QUESTION0_9_R 1 -1.826e+03 6.940e+01 7.767e+00
|            ( - -6.333e+02 1 0)
|            ( QUESTION2_6_L -1 -1.123e+03 5.322e+01 4.801e+00
|                ( QUESTION0_0_R 1 -4.528e+02 6.286e+01 2.000e+00
|                    ( - -1.765e+02 1 0)
|                    ( - -2.134e+02 1 0))
|                ( - -6.171e+02 1 0)))))
s>    ( QUESTION0_11_R 1 -2.794e+03 9.135e+01 1.177e+01
s>        ( - -4.178e+02 1 0)
s>        ( QUESTION14 1 -2.285e+03 7.480e+01 9.769e+00
s>            ( - -3.846e+02 1 0)
s>            ( QUESTION0_9_R 1 -1.826e+03 6.940e+01 7.767e+00
s>                ( - -6.333e+02 1 0)
s>                ( QUESTION2_6_L -1 -1.123e+03 5.322e+01 4.801e+00
s>                    ( QUESTION0_0_R 1 -4.528e+02 6.286e+01 2.000e+00
s>                        ( - -1.765e+02 1 0)
s>                        ( - -2.134e+02 1 0))
s>                    ( - -6.171e+02 1 0)))))INFO: dtree.c(1315): Comp split 34
INFO: dtree.c(1439): stop. leaf nodes are specific
INFO: dtree.c(1478): Final simple tree
|( QUESTION0_13_R 1 -2.296e+03 9.824e+01 8.999e+00
|    ( WDBNDRY_E 0 -1.772e+03 8.953e+01 6.999e+00
|        ( - -4.213e+02 1 0)
|        ( QUESTION2_8_L -1 -1.261e+03 8.007e+01 5.000e+00
|            ( - -2.524e+02 1 0)
|            ( QUESTION1 -1 -9.288e+02 7.293e+01 4.000e+00
|                ( - -4.362e+02 2 0)
|                ( - -4.197e+02 1 0))))
|    ( - -4.257e+02 1 0))
s>    ( QUESTION0_13_R 1 -2.296e+03 9.824e+01 8.999e+00
s>        ( WDBNDRY_E 0 -1.772e+03 8.953e+01 6.999e+00
s>            ( - -4.213e+02 1 0)
s>            ( QUESTION2_8_L -1 -1.261e+03 8.007e+01 5.000e+00
s>                ( - -2.524e+02 1 0)
s>                ( QUESTION1 -1 -9.288e+02 7.293e+01 4.000e+00
s>                    ( - -4.362e+02 2 0)
s>                    ( - -4.197e+02 1 0))))
s>        ( - -4.257e+02 1 0))INFO: dtree.c(1439): stop. leaf nodes are specific
INFO: dtree.c(1478): Final simple tree
|( QUESTION19 -1 -3.678e+03 1.024e+02 1.523e+01
|    ( - -3.620e+02 1 0)
|    ( WDBNDRY_E 0 -3.214e+03 9.712e+01 1.323e+01
|        ( - -1.095e+03 1 0)
|        ( WDBNDRY_B 0 -2.022e+03 7.870e+01 8.212e+00
|            ( - -7.662e+02 1 0)
|            ( QUESTION0 -1 -1.177e+03 6.758e+01 5.025e+00
|                ( - -8.940e+02 1 0)
|                ( - -2.157e+02 1 0)))))
s>    ( QUESTION19 -1 -3.678e+03 1.024e+02 1.523e+01
s>        ( - -3.620e+02 1 0)
s>        ( WDBNDRY_E 0 -3.214e+03 9.712e+01 1.323e+01
s>            ( - -1.095e+03 1 0)
s>            ( WDBNDRY_B 0 -2.022e+03 7.870e+01 8.212e+00
s>                ( - -7.662e+02 1 0)
s>                ( QUESTION0 -1 -1.177e+03 6.758e+01 5.025e+00
s>                    ( - -8.940e+02 1 0)
s>                    ( - -2.157e+02 1 0)))))INFO: dtree.c(1315): Comp split 35
INFO: dtree.c(1315): Comp split 36
INFO: dtree.c(1315): Comp split 37
INFO: dtree.c(1439): stop. leaf nodes are specific
INFO: dtree.c(1478): Final simple tree
|( QUESTION0_9_R 1 -3.216e+03 1.079e+02 1.306e+01
|    ( QUESTION1 -1 -1.396e+03 8.087e+01 6.013e+00
|        ( - -2.081e+02 1 0)
|        ( - -1.107e+03 1 0))
|    ( QUESTION14 -1 -1.712e+03 7.459e+01 7.052e+00
|        ( - -3.953e+02 1 0)
|        ( QUESTION0_0_R 1 -1.242e+03 6.966e+01 5.052e+00
|            ( QUESTION0 -1 -9.845e+02 6.205e+01 4.052e+00
|                ( - -6.973e+02 1 0)
|                ( - -2.251e+02 1 0))
|            ( - -1.880e+02 1 0))))
s>    ( QUESTION0_9_R 1 -3.216e+03 1.079e+02 1.306e+01
s>        ( QUESTION1 -1 -1.396e+03 8.087e+01 6.013e+00
s>            ( - -2.081e+02 1 0)
s>            ( - -1.107e+03 1 0))
s>        ( QUESTION14 -1 -1.712e+03 7.459e+01 7.052e+00
s>            ( - -3.953e+02 1 0)
s>            ( QUESTION0_0_R 1 -1.242e+03 6.966e+01 5.052e+00
s>                ( QUESTION0 -1 -9.845e+02 6.205e+01 4.052e+00
s>                    ( - -6.973e+02 1 0)
s>                    ( - -2.251e+02 1 0))
s>                ( - -1.880e+02 1 0))))INFO: dtree.c(1439): stop. leaf nodes are specific
INFO: dtree.c(1478): Final simple tree
|( QUESTION4 -1 -3.898e+03 9.824e+01 1.775e+01
|    ( - -7.953e+02 1 0)
|    ( WDBNDRY_B 0 -3.005e+03 9.677e+01 1.375e+01
|        ( - -7.951e+02 1 0)
|        ( - -2.113e+03 1 0)))
s>    ( QUESTION4 -1 -3.898e+03 9.824e+01 1.775e+01
s>        ( - -7.953e+02 1 0)
s>        ( WDBNDRY_B 0 -3.005e+03 9.677e+01 1.375e+01
s>            ( - -7.951e+02 1 0)
s>            ( - -2.113e+03 1 0)))INFO: dtree.c(1315): Comp split 38
INFO: dtree.c(1439): stop. leaf nodes are specific
INFO: dtree.c(1478): Final simple tree
|( QUESTION14 -1 -1.991e+03 7.945e+01 8.052e+00
|    ( - -3.953e+02 1 0)
|    ( QUESTION0_9_R 1 -1.516e+03 6.610e+01 6.052e+00
|        ( - -2.081e+02 1 0)
|        ( QUESTION0_0_R 1 -1.242e+03 6.966e+01 5.052e+00
|            ( QUESTION0 -1 -9.845e+02 6.205e+01 4.052e+00
|                ( - -6.973e+02 1 0)
|                ( - -2.251e+02 1 0))
|            ( - -1.880e+02 1 0))))
s>    ( QUESTION14 -1 -1.991e+03 7.945e+01 8.052e+00
s>        ( - -3.953e+02 1 0)
s>        ( QUESTION0_9_R 1 -1.516e+03 6.610e+01 6.052e+00
s>            ( - -2.081e+02 1 0)
s>            ( QUESTION0_0_R 1 -1.242e+03 6.966e+01 5.052e+00
s>                ( QUESTION0 -1 -9.845e+02 6.205e+01 4.052e+00
s>                    ( - -6.973e+02 1 0)
s>                    ( - -2.251e+02 1 0))
s>                ( - -1.880e+02 1 0))))INFO: dtree.c(1315): Comp split 39
INFO: dtree.c(1439): stop. leaf nodes are specific
INFO: dtree.c(1478): Final simple tree
|( QUESTION0 -1 -4.683e+03 1.060e+02 2.201e+01
|    ( - -1.561e+02 1 0)
|    ( - -4.421e+03 2 0))
s>    ( QUESTION0 -1 -4.683e+03 1.060e+02 2.201e+01
s>        ( - -1.561e+02 1 0)
s>        ( - -4.421e+03 2 0))INFO: dtree.c(1315): Comp split 40
INFO: dtree.c(1439): stop. leaf nodes are specific
INFO: dtree.c(1478): Final simple tree
|( QUESTION9 -1 -4.602e+03 8.716e+01 2.098e+01
|    ( - -7.812e+02 1 0)
|    ( QUESTION0 -1 -3.734e+03 8.296e+01 1.693e+01
|        ( - -2.316e+03 1 0)
|        ( - -1.335e+03 1 0)))
s>    ( QUESTION9 -1 -4.602e+03 8.716e+01 2.098e+01
s>        ( - -7.812e+02 1 0)
s>        ( QUESTION0 -1 -3.734e+03 8.296e+01 1.693e+01
s>            ( - -2.316e+03 1 0)
s>            ( - -1.335e+03 1 0)))INFO: dtree.c(1315): Comp split 41
INFO: dtree.c(1315): Comp split 42
INFO: dtree.c(1315): Comp split 43
INFO: dtree.c(1439): stop. leaf nodes are specific
INFO: dtree.c(1478): Final simple tree
|( WDBNDRY_E 0 -3.214e+03 9.712e+01 1.323e+01
|    ( - -1.095e+03 1 0)
|    ( WDBNDRY_B 0 -2.022e+03 7.870e+01 8.212e+00
|        ( - -7.662e+02 1 0)
|        ( QUESTION0 -1 -1.177e+03 6.758e+01 5.025e+00
|            ( - -8.940e+02 1 0)
|            ( - -2.157e+02 1 0))))
s>    ( WDBNDRY_E 0 -3.214e+03 9.712e+01 1.323e+01
s>        ( - -1.095e+03 1 0)
s>        ( WDBNDRY_B 0 -2.022e+03 7.870e+01 8.212e+00
s>            ( - -7.662e+02 1 0)
s>            ( QUESTION0 -1 -1.177e+03 6.758e+01 5.025e+00
s>                ( - -8.940e+02 1 0)
s>                ( - -2.157e+02 1 0))))INFO: dtree.c(1315): Comp split 44
INFO: dtree.c(1439): stop. leaf nodes are specific
INFO: dtree.c(1478): Final simple tree
|( QUESTION1 -1 -9.288e+02 7.293e+01 4.000e+00
|    ( - -4.362e+02 2 0)
|    ( - -4.197e+02 1 0))
s>    ( QUESTION1 -1 -9.288e+02 7.293e+01 4.000e+00
s>        ( - -4.362e+02 2 0)
s>        ( - -4.197e+02 1 0))INFO: dtree.c(1439): stop. leaf nodes are specific
INFO: dtree.c(1478): Final simple tree
|( QUESTION0_13_R 1 -1.266e+03 8.764e+01 5.000e+00
|    ( WDBNDRY_E 0 -7.531e+02 7.931e+01 3.000e+00
|        ( - -4.213e+02 1 0)
|        ( - -2.524e+02 1 0))
|    ( - -4.257e+02 1 0))
s>    ( QUESTION0_13_R 1 -1.266e+03 8.764e+01 5.000e+00
s>        ( WDBNDRY_E 0 -7.531e+02 7.931e+01 3.000e+00
s>            ( - -4.213e+02 1 0)
s>            ( - -2.524e+02 1 0))
s>        ( - -4.257e+02 1 0))INFO: dtree.c(1315): Comp split 45
INFO: dtree.c(1439): stop. leaf nodes are specific
INFO: dtree.c(1478): Final simple tree
|( WDBNDRY_B 0 -3.005e+03 9.677e+01 1.375e+01
|    ( - -7.951e+02 1 0)
|    ( - -2.113e+03 1 0))
s>    ( WDBNDRY_B 0 -3.005e+03 9.677e+01 1.375e+01
s>        ( - -7.951e+02 1 0)
s>        ( - -2.113e+03 1 0))INFO: dtree.c(1315): Comp split 46
INFO: dtree.c(1439): stop. leaf nodes are specific
INFO: dtree.c(1478): Final simple tree
|( WDBNDRY_B 0 -2.022e+03 7.870e+01 8.212e+00
|    ( - -7.662e+02 1 0)
|    ( QUESTION0 -1 -1.177e+03 6.758e+01 5.025e+00
|        ( - -8.940e+02 1 0)
|        ( - -2.157e+02 1 0)))
s>    ( WDBNDRY_B 0 -2.022e+03 7.870e+01 8.212e+00
s>        ( - -7.662e+02 1 0)
s>        ( QUESTION0 -1 -1.177e+03 6.758e+01 5.025e+00
s>            ( - -8.940e+02 1 0)
s>            ( - -2.157e+02 1 0)))INFO: dtree.c(1315): Comp split 47
INFO: dtree.c(1315): Comp split 48
INFO: dtree.c(1439): stop. leaf nodes are specific
INFO: dtree.c(1478): Final simple tree
|( QUESTION14 1 -2.285e+03 7.480e+01 9.769e+00
|    ( - -3.846e+02 1 0)
|    ( QUESTION0_9_R 1 -1.826e+03 6.940e+01 7.767e+00
|        ( - -6.333e+02 1 0)
|        ( QUESTION2_6_L -1 -1.123e+03 5.322e+01 4.801e+00
|            ( QUESTION0_0_R 1 -4.528e+02 6.286e+01 2.000e+00
|                ( - -1.765e+02 1 0)
|                ( - -2.134e+02 1 0))
|            ( - -6.171e+02 1 0))))
s>    ( QUESTION14 1 -2.285e+03 7.480e+01 9.769e+00
s>        ( - -3.846e+02 1 0)
s>        ( QUESTION0_9_R 1 -1.826e+03 6.940e+01 7.767e+00
s>            ( - -6.333e+02 1 0)
s>            ( QUESTION2_6_L -1 -1.123e+03 5.322e+01 4.801e+00
s>                ( QUESTION0_0_R 1 -4.528e+02 6.286e+01 2.000e+00
s>                    ( - -1.765e+02 1 0)
s>                    ( - -2.134e+02 1 0))
s>                ( - -6.171e+02 1 0))))INFO: dtree.c(1315): Comp split 49
INFO: dtree.c(1439): stop. leaf nodes are specific
INFO: dtree.c(1478): Final simple tree
|( WDBNDRY_E 0 -7.531e+02 7.931e+01 3.000e+00
|    ( - -4.213e+02 1 0)
|    ( - -2.524e+02 1 0))
s>    ( WDBNDRY_E 0 -7.531e+02 7.931e+01 3.000e+00
s>        ( - -4.213e+02 1 0)
s>        ( - -2.524e+02 1 0))INFO: dtree.c(1315): Comp split 50
INFO: dtree.c(1439): stop. leaf nodes are specific
INFO: dtree.c(1478): Final simple tree
|( QUESTION0 -1 -3.734e+03 8.296e+01 1.693e+01
|    ( - -2.316e+03 1 0)
|    ( - -1.335e+03 1 0))
s>    ( QUESTION0 -1 -3.734e+03 8.296e+01 1.693e+01
s>        ( - -2.316e+03 1 0)
s>        ( - -1.335e+03 1 0))INFO: dtree.c(1315): Comp split 51
INFO: dtree.c(1315): Comp split 52
INFO: dtree.c(1439): stop. leaf nodes are specific
INFO: dtree.c(1478): Final simple tree
|( QUESTION0_9_R 1 -1.516e+03 6.610e+01 6.052e+00
|    ( - -2.081e+02 1 0)
|    ( QUESTION0_0_R 1 -1.242e+03 6.966e+01 5.052e+00
|        ( QUESTION0 -1 -9.845e+02 6.205e+01 4.052e+00
|            ( - -6.973e+02 1 0)
|            ( - -2.251e+02 1 0))
|        ( - -1.880e+02 1 0)))
s>    ( QUESTION0_9_R 1 -1.516e+03 6.610e+01 6.052e+00
s>        ( - -2.081e+02 1 0)
s>        ( QUESTION0_0_R 1 -1.242e+03 6.966e+01 5.052e+00
s>            ( QUESTION0 -1 -9.845e+02 6.205e+01 4.052e+00
s>                ( - -6.973e+02 1 0)
s>                ( - -2.251e+02 1 0))
s>            ( - -1.880e+02 1 0)))INFO: dtree.c(1315): Comp split 53
INFO: dtree.c(1315): Comp split 54
INFO: dtree.c(1439): stop. leaf nodes are specific
INFO: dtree.c(1478): Final simple tree
|( QUESTION0 -1 -1.177e+03 6.758e+01 5.025e+00
|    ( - -8.940e+02 1 0)
|    ( - -2.157e+02 1 0))
s>    ( QUESTION0 -1 -1.177e+03 6.758e+01 5.025e+00
s>        ( - -8.940e+02 1 0)
s>        ( - -2.157e+02 1 0))INFO: dtree.c(1315): Comp split 55
INFO: dtree.c(1439): stop. leaf nodes are specific
INFO: dtree.c(1478): Final simple tree
|( QUESTION0_9_R 1 -1.826e+03 6.940e+01 7.767e+00
|    ( - -6.333e+02 1 0)
|    ( QUESTION2_6_L -1 -1.123e+03 5.322e+01 4.801e+00
|        ( QUESTION0_0_R 1 -4.528e+02 6.286e+01 2.000e+00
|            ( - -1.765e+02 1 0)
|            ( - -2.134e+02 1 0))
|        ( - -6.171e+02 1 0)))
s>    ( QUESTION0_9_R 1 -1.826e+03 6.940e+01 7.767e+00
s>        ( - -6.333e+02 1 0)
s>        ( QUESTION2_6_L -1 -1.123e+03 5.322e+01 4.801e+00
s>            ( QUESTION0_0_R 1 -4.528e+02 6.286e+01 2.000e+00
s>                ( - -1.765e+02 1 0)
s>                ( - -2.134e+02 1 0))
s>            ( - -6.171e+02 1 0)))INFO: dtree.c(1315): Comp split 56
INFO: dtree.c(1315): Comp split 57
INFO: dtree.c(1315): Comp split 58
INFO: dtree.c(1439): stop. leaf nodes are specific
INFO: dtree.c(1478): Final simple tree
|( QUESTION2_6_L -1 -1.123e+03 5.322e+01 4.801e+00
|    ( QUESTION0_0_R 1 -4.528e+02 6.286e+01 2.000e+00
|        ( - -1.765e+02 1 0)
|        ( - -2.134e+02 1 0))
|    ( - -6.171e+02 1 0))
s>    ( QUESTION2_6_L -1 -1.123e+03 5.322e+01 4.801e+00
s>        ( QUESTION0_0_R 1 -4.528e+02 6.286e+01 2.000e+00
s>            ( - -1.765e+02 1 0)
s>            ( - -2.134e+02 1 0))
s>        ( - -6.171e+02 1 0))INFO: dtree.c(1315): Comp split 59
INFO: dtree.c(1315): Comp split 60
INFO: dtree.c(1439): stop. leaf nodes are specific
INFO: dtree.c(1478): Final simple tree
|( QUESTION0_0_R 1 -1.242e+03 6.966e+01 5.052e+00
|    ( QUESTION0 -1 -9.845e+02 6.205e+01 4.052e+00
|        ( - -6.973e+02 1 0)
|        ( - -2.251e+02 1 0))
|    ( - -1.880e+02 1 0))
s>    ( QUESTION0_0_R 1 -1.242e+03 6.966e+01 5.052e+00
s>        ( QUESTION0 -1 -9.845e+02 6.205e+01 4.052e+00
s>            ( - -6.973e+02 1 0)
s>            ( - -2.251e+02 1 0))
s>        ( - -1.880e+02 1 0))INFO: dtree.c(1315): Comp split 61
INFO: dtree.c(1439): stop. leaf nodes are specific
INFO: dtree.c(1478): Final simple tree
|( QUESTION0 -1 -9.845e+02 6.205e+01 4.052e+00
|    ( - -6.973e+02 1 0)
|    ( - -2.251e+02 1 0))
s>    ( QUESTION0 -1 -9.845e+02 6.205e+01 4.052e+00
s>        ( - -6.973e+02 1 0)
s>        ( - -2.251e+02 1 0))INFO: dtree.c(1315): Comp split 62
INFO: dtree.c(1315): Comp split 63
INFO: dtree.c(1439): stop. leaf nodes are specific
INFO: dtree.c(1478): Final simple tree
|( QUESTION0_0_R 1 -8.873e+02 5.675e+01 3.801e+00
|    ( - -6.171e+02 1 0)
|    ( - -2.134e+02 1 0))
s>    ( QUESTION0_0_R 1 -8.873e+02 5.675e+01 3.801e+00
s>        ( - -6.171e+02 1 0)
s>        ( - -2.134e+02 1 0))INFO: dtree.c(1315): Comp split 64
INFO: dtree.c(1315): Comp split 65
INFO: dtree.c(1318): stop. leaf nodes are specific
Thu May  7 00:23:30 2020
