Current configuration:
[NAME]		[DEFLT]	[VALUE]
-allphones	no	no
-cntthresh	0.00001	1.000000e-05
-csplitmax	100	2000
-csplitmin	1	1
-csplitthr	8e-4	0.000000e+00
-example	no	no
-fullvar	no	no
-help		no	no
-meanfn			/home/abdy/Desktop/diploma/kg/model_parameters/kg.cd_cont_untied/means
-mixwfn			/home/abdy/Desktop/diploma/kg/model_parameters/kg.cd_cont_untied/mixture_weights
-moddeffn		/home/abdy/Desktop/diploma/kg/model_architecture/kg.untied.mdef
-mwfloor	1e-4	1.000000e-08
-phone			ch
-psetfn			/home/abdy/Desktop/diploma/kg/model_architecture/kg.tree_questions
-ssplitmax	5	7
-ssplitmin	1	1
-ssplitthr	8e-4	0.000000e+00
-state			1
-stwt			1.0,0.05,0.0,
-treefn			/home/abdy/Desktop/diploma/kg/trees/kg.unpruned/ch-1.dtree
-ts2cbfn	.semi.	.cont.
-varfloor	0.00001	1.000000e-05
-varfn			/home/abdy/Desktop/diploma/kg/model_parameters/kg.cd_cont_untied/variances

INFO: main.c(223): Reading: /home/abdy/Desktop/diploma/kg/model_architecture/kg.untied.mdef
INFO: model_def_io.c(573): Model definition info:
INFO: model_def_io.c(574): 10297 total models defined (47 base, 10250 tri)
INFO: model_def_io.c(575): 41188 total states
INFO: model_def_io.c(576): 30891 total tied states
INFO: model_def_io.c(577): 141 total tied CI states
INFO: model_def_io.c(578): 47 total tied transition matrices
INFO: model_def_io.c(579): 4 max state/model
INFO: model_def_io.c(580): 4 min state/model
INFO: main.c(242): Building trees for [ch SIL a b] through [ch zh k i]
INFO: main.c(269): Covering states |[3957 4610]| == 654
INFO: main.c(275): Reading: /home/abdy/Desktop/diploma/kg/model_parameters/kg.cd_cont_untied/mixture_weights
INFO: s3mixw_io.c(173): Read /home/abdy/Desktop/diploma/kg/model_parameters/kg.cd_cont_untied/mixture_weights [654x1x1 array]
INFO: main.c(311): 52 of 218 models have observation count greater than 0.000010
INFO: main.c(95): nrm stwt: 0.045 0.909 0.045 
INFO: s3gau_io.c(169): Read /home/abdy/Desktop/diploma/kg/model_parameters/kg.cd_cont_untied/means [30891x1x1 array]
INFO: s3gau_io.c(169): Read /home/abdy/Desktop/diploma/kg/model_parameters/kg.cd_cont_untied/variances [30891x1x1 array]
INFO: main.c(549): Reading: /home/abdy/Desktop/diploma/kg/model_architecture/kg.tree_questions
INFO: main.c(588): 174 total simple questions (166 phone; 8 word bndry)
INFO: main.c(590): 40 Left Only questions, and 42 Right Only questions
INFO: dtree.c(1478): Final simple tree
|( QUESTION0_5_R 1 -7.003e+04 2.542e+02 2.901e+02
|    ( QUESTION0 -1 -1.588e+04 2.231e+02 6.713e+01
|        ( - -2.760e+02 1 0)
|        ( WDBNDRY_E 0 -1.538e+04 2.039e+02 6.513e+01
|            ( - -2.797e+02 1 0)
|            ( - -1.490e+04 11 0 QUESTION12 -1 1.224e+02 6.313e+01)))
|    ( SILENCE 1 -5.389e+04 2.243e+02 2.229e+02
|        ( - -1.361e+03 1 0)
|        ( QUESTION14 -1 -5.231e+04 2.261e+02 2.170e+02
|            ( WDBNDRY_B 0 -8.173e+03 2.282e+02 3.424e+01
|                ( - -9.311e+02 1 0)
|                ( - -7.014e+03 2 0))
|            ( QUESTION0_2_R 1 -4.391e+04 1.950e+02 1.827e+02
|                ( - -3.316e+04 25 0 QUESTION16 -1 1.553e+02 1.372e+02)
|                ( - -1.055e+04 10 0 QUESTION19 1 1.841e+02 4.549e+01)))))
s>    ( QUESTION0_5_R 1 -7.003e+04 2.542e+02 2.901e+02
s>        ( QUESTION0 -1 -1.588e+04 2.231e+02 6.713e+01
s>            ( - -2.760e+02 1 0)
s>            ( WDBNDRY_E 0 -1.538e+04 2.039e+02 6.513e+01
s>                ( - -2.797e+02 1 0)
s>                ( - -1.490e+04 11 0 QUESTION12 -1 1.224e+02 6.313e+01)))
s>        ( SILENCE 1 -5.389e+04 2.243e+02 2.229e+02
s>            ( - -1.361e+03 1 0)
s>            ( QUESTION14 -1 -5.231e+04 2.261e+02 2.170e+02
s>                ( WDBNDRY_B 0 -8.173e+03 2.282e+02 3.424e+01
s>                    ( - -9.311e+02 1 0)
s>                    ( - -7.014e+03 2 0))
s>                ( QUESTION0_2_R 1 -4.391e+04 1.950e+02 1.827e+02
s>                    ( - -3.316e+04 25 0 QUESTION16 -1 1.553e+02 1.372e+02)
s>                    ( - -1.055e+04 10 0 QUESTION19 1 1.841e+02 4.549e+01)))))INFO: dtree.c(1315): Comp split 0
INFO: dtree.c(1478): Final simple tree
|( QUESTION0_5_R 1 -5.999e+04 2.063e+02 2.499e+02
|    ( QUESTION0 -1 -1.588e+04 2.231e+02 6.713e+01
|        ( - -2.760e+02 1 0)
|        ( WDBNDRY_E 0 -1.538e+04 2.039e+02 6.513e+01
|            ( - -2.797e+02 1 0)
|            ( - -1.490e+04 11 0 QUESTION12 -1 1.224e+02 6.313e+01)))
|    ( QUESTION0_2_R 1 -4.391e+04 1.950e+02 1.827e+02
|        ( QUESTION16 -1 -3.316e+04 1.553e+02 1.372e+02
|            ( - -9.827e+02 1 0)
|            ( QUESTION11 1 -3.202e+04 1.558e+02 1.322e+02
|                ( - -1.116e+04 8 0 QUESTION0 -1 1.263e+02 4.598e+01)
|                ( - -2.071e+04 16 0 QUESTION2_4_L -1 1.448e+02 8.625e+01)))
|        ( QUESTION19 1 -1.055e+04 1.841e+02 4.549e+01
|            ( - -9.198e+02 1 0)
|            ( - -9.451e+03 9 0 QUESTION0_0_R 1 1.547e+02 4.049e+01))))
s>    ( QUESTION0_5_R 1 -5.999e+04 2.063e+02 2.499e+02
s>        ( QUESTION0 -1 -1.588e+04 2.231e+02 6.713e+01
s>            ( - -2.760e+02 1 0)
s>            ( WDBNDRY_E 0 -1.538e+04 2.039e+02 6.513e+01
s>                ( - -2.797e+02 1 0)
s>                ( - -1.490e+04 11 0 QUESTION12 -1 1.224e+02 6.313e+01)))
s>        ( QUESTION0_2_R 1 -4.391e+04 1.950e+02 1.827e+02
s>            ( QUESTION16 -1 -3.316e+04 1.553e+02 1.372e+02
s>                ( - -9.827e+02 1 0)
s>                ( QUESTION11 1 -3.202e+04 1.558e+02 1.322e+02
s>                    ( - -1.116e+04 8 0 QUESTION0 -1 1.263e+02 4.598e+01)
s>                    ( - -2.071e+04 16 0 QUESTION2_4_L -1 1.448e+02 8.625e+01)))
s>            ( QUESTION19 1 -1.055e+04 1.841e+02 4.549e+01
s>                ( - -9.198e+02 1 0)
s>                ( - -9.451e+03 9 0 QUESTION0_0_R 1 1.547e+02 4.049e+01))))INFO: dtree.c(1439): stop. leaf nodes are specific
INFO: dtree.c(1478): Final simple tree
|( WDBNDRY_B 0 -9.732e+03 2.251e+02 4.023e+01
|    ( - -9.311e+02 1 0)
|    ( WDBNDRY_E 0 -8.575e+03 2.013e+02 3.523e+01
|        ( - -1.361e+03 1 0)
|        ( - -7.014e+03 2 0)))
s>    ( WDBNDRY_B 0 -9.732e+03 2.251e+02 4.023e+01
s>        ( - -9.311e+02 1 0)
s>        ( WDBNDRY_E 0 -8.575e+03 2.013e+02 3.523e+01
s>            ( - -1.361e+03 1 0)
s>            ( - -7.014e+03 2 0)))INFO: dtree.c(1315): Comp split 1
INFO: dtree.c(1439): stop. leaf nodes are specific
INFO: dtree.c(1478): Final simple tree
|( WDBNDRY_E 0 -8.575e+03 2.013e+02 3.523e+01
|    ( - -1.361e+03 1 0)
|    ( - -7.014e+03 2 0))
s>    ( WDBNDRY_E 0 -8.575e+03 2.013e+02 3.523e+01
s>        ( - -1.361e+03 1 0)
s>        ( - -7.014e+03 2 0))INFO: dtree.c(1315): Comp split 2
INFO: dtree.c(1478): Final simple tree
|( QUESTION0_2_R 1 -1.762e+04 1.810e+02 7.513e+01
|    ( WDBNDRY_E 0 -1.652e+04 2.052e+02 7.013e+01
|        ( - -2.797e+02 1 0)
|        ( QUESTION0_3_R 1 -1.603e+04 1.541e+02 6.813e+01
|            ( - -9.827e+02 1 0)
|            ( QUESTION12 -1 -1.490e+04 1.224e+02 6.313e+01
|                ( QUESTION15 -1 -1.240e+04 1.212e+02 5.304e+01
|                    ( - -3.103e+03 2 0 QUESTION0_6_R 1 9.638e+01 1.364e+01)
|                    ( QUESTION0_6_R 1 -9.171e+03 1.469e+02 3.939e+01
|                        ( WDBNDRY_B 0 -6.246e+03 1.220e+02 2.700e+01
|                            ( - -2.609e+03 4 0 QUESTION13 -1 1.297e+02 1.100e+01)
|                            ( - -3.515e+03 2 0))
|                        ( - -2.779e+03 1 0)))
|                ( - -2.380e+03 2 0 SILENCE -1 7.056e+01 1.010e+01))))
|    ( - -9.198e+02 1 0))
s>    ( QUESTION0_2_R 1 -1.762e+04 1.810e+02 7.513e+01
s>        ( WDBNDRY_E 0 -1.652e+04 2.052e+02 7.013e+01
s>            ( - -2.797e+02 1 0)
s>            ( QUESTION0_3_R 1 -1.603e+04 1.541e+02 6.813e+01
s>                ( - -9.827e+02 1 0)
s>                ( QUESTION12 -1 -1.490e+04 1.224e+02 6.313e+01
s>                    ( QUESTION15 -1 -1.240e+04 1.212e+02 5.304e+01
s>                        ( - -3.103e+03 2 0 QUESTION0_6_R 1 9.638e+01 1.364e+01)
s>                        ( QUESTION0_6_R 1 -9.171e+03 1.469e+02 3.939e+01
s>                            ( WDBNDRY_B 0 -6.246e+03 1.220e+02 2.700e+01
s>                                ( - -2.609e+03 4 0 QUESTION13 -1 1.297e+02 1.100e+01)
s>                                ( - -3.515e+03 2 0))
s>                            ( - -2.779e+03 1 0)))
s>                    ( - -2.380e+03 2 0 SILENCE -1 7.056e+01 1.010e+01))))
s>        ( - -9.198e+02 1 0))INFO: dtree.c(1478): Final simple tree
|( QUESTION0_5_R 1 -4.215e+04 2.228e+02 1.747e+02
|    ( - -2.760e+02 1 0)
|    ( QUESTION0_2_R 1 -4.165e+04 1.799e+02 1.727e+02
|        ( QUESTION11 1 -3.202e+04 1.558e+02 1.322e+02
|            ( - -1.116e+04 8 0 QUESTION0 -1 1.263e+02 4.598e+01)
|            ( QUESTION2_4_L -1 -2.071e+04 1.448e+02 8.625e+01
|                ( - -9.760e+03 7 0 WDBNDRY_B 0 1.502e+02 4.182e+01)
|                ( - -1.080e+04 9 0 QUESTION9 -1 1.366e+02 4.443e+01)))
|        ( QUESTION0_0_R 1 -9.451e+03 1.547e+02 4.049e+01
|            ( - -1.364e+03 1 0)
|            ( QUESTION0_13_R 1 -7.932e+03 1.537e+02 3.349e+01
|                ( WDBNDRY_E 0 -3.262e+03 1.577e+02 1.455e+01
|                    ( - -1.030e+03 1 0)
|                    ( - -2.074e+03 2 0 QUESTION0 -1 8.609e+01 9.925e+00))
|                ( - -4.516e+03 5 0 QUESTION5 1 1.302e+02 1.893e+01)))))
s>    ( QUESTION0_5_R 1 -4.215e+04 2.228e+02 1.747e+02
s>        ( - -2.760e+02 1 0)
s>        ( QUESTION0_2_R 1 -4.165e+04 1.799e+02 1.727e+02
s>            ( QUESTION11 1 -3.202e+04 1.558e+02 1.322e+02
s>                ( - -1.116e+04 8 0 QUESTION0 -1 1.263e+02 4.598e+01)
s>                ( QUESTION2_4_L -1 -2.071e+04 1.448e+02 8.625e+01
s>                    ( - -9.760e+03 7 0 WDBNDRY_B 0 1.502e+02 4.182e+01)
s>                    ( - -1.080e+04 9 0 QUESTION9 -1 1.366e+02 4.443e+01)))
s>            ( QUESTION0_0_R 1 -9.451e+03 1.547e+02 4.049e+01
s>                ( - -1.364e+03 1 0)
s>                ( QUESTION0_13_R 1 -7.932e+03 1.537e+02 3.349e+01
s>                    ( WDBNDRY_E 0 -3.262e+03 1.577e+02 1.455e+01
s>                        ( - -1.030e+03 1 0)
s>                        ( - -2.074e+03 2 0 QUESTION0 -1 8.609e+01 9.925e+00))
s>                    ( - -4.516e+03 5 0 QUESTION5 1 1.302e+02 1.893e+01)))))INFO: dtree.c(1315): Comp split 3
INFO: dtree.c(1439): stop. leaf nodes are specific
INFO: dtree.c(1478): Final simple tree
|( WDBNDRY_E 0 -3.570e+03 1.323e+02 1.693e+01
|    ( - -1.364e+03 1 0)
|    ( QUESTION0 -1 -2.074e+03 8.609e+01 9.925e+00
|        ( - -5.757e+02 1 0)
|        ( - -1.412e+03 1 0)))
s>    ( WDBNDRY_E 0 -3.570e+03 1.323e+02 1.693e+01
s>        ( - -1.364e+03 1 0)
s>        ( QUESTION0 -1 -2.074e+03 8.609e+01 9.925e+00
s>            ( - -5.757e+02 1 0)
s>            ( - -1.412e+03 1 0)))INFO: dtree.c(1478): Final simple tree
|( QUESTION0_5_R 1 -3.831e+04 2.211e+02 1.578e+02
|    ( - -2.760e+02 1 0)
|    ( QUESTION12 1 -3.782e+04 1.739e+02 1.558e+02
|        ( QUESTION12 -1 -2.147e+04 1.542e+02 8.922e+01
|            ( WDBNDRY_B 0 -1.094e+04 1.385e+02 4.680e+01
|                ( - -2.040e+03 2 0 QUESTION13 -1 8.439e+01 9.111e+00)
|                ( QUESTION13 -1 -8.758e+03 1.400e+02 3.769e+01
|                    ( - -8.464e+02 1 0)
|                    ( - -7.772e+03 5 0 QUESTION2_1_L -1 1.150e+02 3.369e+01)))
|            ( QUESTION9 -1 -1.038e+04 1.330e+02 4.242e+01
|                ( - -1.944e+03 1 0)
|                ( - -8.301e+03 8 0 QUESTION0_3_R 1 1.089e+02 3.342e+01)))
|        ( QUESTION0_2_R 1 -1.617e+04 1.415e+02 6.657e+01
|            ( - -1.116e+04 8 0 QUESTION0 -1 1.263e+02 4.598e+01)
|            ( - -4.876e+03 5 0 QUESTION0_11_R 1 1.286e+02 2.059e+01))))
s>    ( QUESTION0_5_R 1 -3.831e+04 2.211e+02 1.578e+02
s>        ( - -2.760e+02 1 0)
s>        ( QUESTION12 1 -3.782e+04 1.739e+02 1.558e+02
s>            ( QUESTION12 -1 -2.147e+04 1.542e+02 8.922e+01
s>                ( WDBNDRY_B 0 -1.094e+04 1.385e+02 4.680e+01
s>                    ( - -2.040e+03 2 0 QUESTION13 -1 8.439e+01 9.111e+00)
s>                    ( QUESTION13 -1 -8.758e+03 1.400e+02 3.769e+01
s>                        ( - -8.464e+02 1 0)
s>                        ( - -7.772e+03 5 0 QUESTION2_1_L -1 1.150e+02 3.369e+01)))
s>                ( QUESTION9 -1 -1.038e+04 1.330e+02 4.242e+01
s>                    ( - -1.944e+03 1 0)
s>                    ( - -8.301e+03 8 0 QUESTION0_3_R 1 1.089e+02 3.342e+01)))
s>            ( QUESTION0_2_R 1 -1.617e+04 1.415e+02 6.657e+01
s>                ( - -1.116e+04 8 0 QUESTION0 -1 1.263e+02 4.598e+01)
s>                ( - -4.876e+03 5 0 QUESTION0_11_R 1 1.286e+02 2.059e+01))))INFO: dtree.c(1315): Comp split 4
INFO: dtree.c(1439): stop. leaf nodes are specific
INFO: dtree.c(1478): Final simple tree
|( QUESTION0 -1 -9.842e+03 1.266e+02 4.269e+01
|    ( - -1.944e+03 1 0)
|    ( QUESTION2_1_L -1 -7.772e+03 1.150e+02 3.369e+01
|        ( - -6.247e+02 1 0)
|        ( QUESTION0_3_R 1 -7.032e+03 9.414e+01 3.068e+01
|            ( - -2.065e+03 1 0)
|            ( WDBNDRY_E 0 -4.873e+03 7.621e+01 2.161e+01
|                ( - -6.811e+02 1 0)
|                ( - -4.116e+03 2 0)))))
s>    ( QUESTION0 -1 -9.842e+03 1.266e+02 4.269e+01
s>        ( - -1.944e+03 1 0)
s>        ( QUESTION2_1_L -1 -7.772e+03 1.150e+02 3.369e+01
s>            ( - -6.247e+02 1 0)
s>            ( QUESTION0_3_R 1 -7.032e+03 9.414e+01 3.068e+01
s>                ( - -2.065e+03 1 0)
s>                ( WDBNDRY_E 0 -4.873e+03 7.621e+01 2.161e+01
s>                    ( - -6.811e+02 1 0)
s>                    ( - -4.116e+03 2 0)))))INFO: dtree.c(1478): Final simple tree
|( QUESTION0_5_R 1 -2.822e+04 2.211e+02 1.151e+02
|    ( - -2.760e+02 1 0)
|    ( QUESTION0_2_R 1 -2.772e+04 1.469e+02 1.131e+02
|        ( QUESTION9 -1 -2.270e+04 1.410e+02 9.251e+01
|            ( - -9.443e+02 1 0)
|            ( QUESTION2_0_L -1 -2.162e+04 1.151e+02 8.852e+01
|                ( QUESTION19 -1 -1.775e+04 1.109e+02 7.248e+01
|                    ( WDBNDRY_B 0 -3.113e+03 1.292e+02 1.300e+01
|                        ( - -1.819e+03 2 0 QUESTION0_3_R 1 9.694e+01 8.000e+00)
|                        ( - -1.164e+03 2 0))
|                    ( - -1.453e+04 11 0 QUESTION0_3_R 1 1.059e+02 5.948e+01))
|                ( - -3.745e+03 3 0 WDBNDRY_B 0 8.826e+01 1.603e+01)))
|        ( QUESTION0_11_R 1 -4.876e+03 1.286e+02 2.059e+01
|            ( - -4.179e+03 4 0 QUESTION0_13_R 1 1.051e+02 1.759e+01)
|            ( - -5.687e+02 1 0))))
s>    ( QUESTION0_5_R 1 -2.822e+04 2.211e+02 1.151e+02
s>        ( - -2.760e+02 1 0)
s>        ( QUESTION0_2_R 1 -2.772e+04 1.469e+02 1.131e+02
s>            ( QUESTION9 -1 -2.270e+04 1.410e+02 9.251e+01
s>                ( - -9.443e+02 1 0)
s>                ( QUESTION2_0_L -1 -2.162e+04 1.151e+02 8.852e+01
s>                    ( QUESTION19 -1 -1.775e+04 1.109e+02 7.248e+01
s>                        ( WDBNDRY_B 0 -3.113e+03 1.292e+02 1.300e+01
s>                            ( - -1.819e+03 2 0 QUESTION0_3_R 1 9.694e+01 8.000e+00)
s>                            ( - -1.164e+03 2 0))
s>                        ( - -1.453e+04 11 0 QUESTION0_3_R 1 1.059e+02 5.948e+01))
s>                    ( - -3.745e+03 3 0 WDBNDRY_B 0 8.826e+01 1.603e+01)))
s>            ( QUESTION0_11_R 1 -4.876e+03 1.286e+02 2.059e+01
s>                ( - -4.179e+03 4 0 QUESTION0_13_R 1 1.051e+02 1.759e+01)
s>                ( - -5.687e+02 1 0))))INFO: dtree.c(1315): Comp split 5
INFO: dtree.c(1478): Final simple tree
|( QUESTION0_2_R 1 -2.772e+04 1.469e+02 1.131e+02
|    ( QUESTION9 -1 -2.270e+04 1.410e+02 9.251e+01
|        ( - -9.443e+02 1 0)
|        ( QUESTION2_0_L -1 -2.162e+04 1.151e+02 8.852e+01
|            ( QUESTION19 -1 -1.775e+04 1.109e+02 7.248e+01
|                ( WDBNDRY_B 0 -3.113e+03 1.292e+02 1.300e+01
|                    ( - -1.819e+03 2 0 QUESTION0_3_R 1 9.694e+01 8.000e+00)
|                    ( - -1.164e+03 2 0))
|                ( QUESTION0_3_R 1 -1.453e+04 1.059e+02 5.948e+01
|                    ( - -9.317e+03 6 0 WDBNDRY_B 0 1.073e+02 3.837e+01)
|                    ( - -5.108e+03 5 0 QUESTION12 -1 1.205e+02 2.111e+01)))
|            ( - -3.745e+03 3 0 WDBNDRY_B 0 8.826e+01 1.603e+01)))
|    ( QUESTION0_11_R 1 -4.876e+03 1.286e+02 2.059e+01
|        ( - -4.179e+03 4 0 QUESTION0_13_R 1 1.051e+02 1.759e+01)
|        ( - -5.687e+02 1 0)))
s>    ( QUESTION0_2_R 1 -2.772e+04 1.469e+02 1.131e+02
s>        ( QUESTION9 -1 -2.270e+04 1.410e+02 9.251e+01
s>            ( - -9.443e+02 1 0)
s>            ( QUESTION2_0_L -1 -2.162e+04 1.151e+02 8.852e+01
s>                ( QUESTION19 -1 -1.775e+04 1.109e+02 7.248e+01
s>                    ( WDBNDRY_B 0 -3.113e+03 1.292e+02 1.300e+01
s>                        ( - -1.819e+03 2 0 QUESTION0_3_R 1 9.694e+01 8.000e+00)
s>                        ( - -1.164e+03 2 0))
s>                    ( QUESTION0_3_R 1 -1.453e+04 1.059e+02 5.948e+01
s>                        ( - -9.317e+03 6 0 WDBNDRY_B 0 1.073e+02 3.837e+01)
s>                        ( - -5.108e+03 5 0 QUESTION12 -1 1.205e+02 2.111e+01)))
s>                ( - -3.745e+03 3 0 WDBNDRY_B 0 8.826e+01 1.603e+01)))
s>        ( QUESTION0_11_R 1 -4.876e+03 1.286e+02 2.059e+01
s>            ( - -4.179e+03 4 0 QUESTION0_13_R 1 1.051e+02 1.759e+01)
s>            ( - -5.687e+02 1 0)))INFO: dtree.c(1315): Comp split 6
INFO: dtree.c(1478): Final simple tree
|( WDBNDRY_E 0 -1.713e+04 1.801e+02 7.313e+01
|    ( - -9.198e+02 1 0)
|    ( QUESTION0_3_R 1 -1.603e+04 1.541e+02 6.813e+01
|        ( - -9.827e+02 1 0)
|        ( QUESTION12 -1 -1.490e+04 1.224e+02 6.313e+01
|            ( QUESTION15 -1 -1.240e+04 1.212e+02 5.304e+01
|                ( - -3.103e+03 2 0 QUESTION0_6_R 1 9.638e+01 1.364e+01)
|                ( QUESTION0_6_R 1 -9.171e+03 1.469e+02 3.939e+01
|                    ( WDBNDRY_B 0 -6.246e+03 1.220e+02 2.700e+01
|                        ( QUESTION13 -1 -2.609e+03 1.297e+02 1.100e+01
|                            ( - -1.296e+03 2 0)
|                            ( - -1.183e+03 2 0))
|                        ( - -3.515e+03 2 0))
|                    ( - -2.779e+03 1 0)))
|            ( - -2.380e+03 2 0 SILENCE -1 7.056e+01 1.010e+01))))
s>    ( WDBNDRY_E 0 -1.713e+04 1.801e+02 7.313e+01
s>        ( - -9.198e+02 1 0)
s>        ( QUESTION0_3_R 1 -1.603e+04 1.541e+02 6.813e+01
s>            ( - -9.827e+02 1 0)
s>            ( QUESTION12 -1 -1.490e+04 1.224e+02 6.313e+01
s>                ( QUESTION15 -1 -1.240e+04 1.212e+02 5.304e+01
s>                    ( - -3.103e+03 2 0 QUESTION0_6_R 1 9.638e+01 1.364e+01)
s>                    ( QUESTION0_6_R 1 -9.171e+03 1.469e+02 3.939e+01
s>                        ( WDBNDRY_B 0 -6.246e+03 1.220e+02 2.700e+01
s>                            ( QUESTION13 -1 -2.609e+03 1.297e+02 1.100e+01
s>                                ( - -1.296e+03 2 0)
s>                                ( - -1.183e+03 2 0))
s>                            ( - -3.515e+03 2 0))
s>                        ( - -2.779e+03 1 0)))
s>                ( - -2.380e+03 2 0 SILENCE -1 7.056e+01 1.010e+01))))INFO: dtree.c(1315): Comp split 7
INFO: dtree.c(1315): Comp split 8
INFO: dtree.c(1439): stop. leaf nodes are specific
INFO: dtree.c(1478): Final simple tree
|( WDBNDRY_E 0 -5.254e+03 1.550e+02 2.340e+01
|    ( - -9.198e+02 1 0)
|    ( WDBNDRY_B 0 -4.179e+03 1.049e+02 1.840e+01
|        ( - -1.296e+03 2 0)
|        ( - -2.779e+03 1 0)))
s>    ( WDBNDRY_E 0 -5.254e+03 1.550e+02 2.340e+01
s>        ( - -9.198e+02 1 0)
s>        ( WDBNDRY_B 0 -4.179e+03 1.049e+02 1.840e+01
s>            ( - -1.296e+03 2 0)
s>            ( - -2.779e+03 1 0)))INFO: dtree.c(1439): stop. leaf nodes are specific
INFO: dtree.c(1478): Final simple tree
|( QUESTION0_3_R 1 -1.169e+04 1.526e+02 4.973e+01
|    ( - -9.827e+02 1 0)
|    ( QUESTION12 -1 -1.055e+04 1.243e+02 4.473e+01
|        ( WDBNDRY_B 0 -8.047e+03 1.215e+02 3.464e+01
|            ( - -1.183e+03 2 0)
|            ( QUESTION0_6_R 1 -6.743e+03 1.273e+02 2.964e+01
|                ( QUESTION13 -1 -4.423e+03 9.356e+01 1.999e+01
|                    ( - -8.144e+02 1 0)
|                    ( - -3.515e+03 2 0))
|                ( - -2.192e+03 1 0)))
|        ( SILENCE -1 -2.380e+03 7.056e+01 1.010e+01
|            ( - -4.541e+02 1 0)
|            ( - -1.855e+03 1 0))))
s>    ( QUESTION0_3_R 1 -1.169e+04 1.526e+02 4.973e+01
s>        ( - -9.827e+02 1 0)
s>        ( QUESTION12 -1 -1.055e+04 1.243e+02 4.473e+01
s>            ( WDBNDRY_B 0 -8.047e+03 1.215e+02 3.464e+01
s>                ( - -1.183e+03 2 0)
s>                ( QUESTION0_6_R 1 -6.743e+03 1.273e+02 2.964e+01
s>                    ( QUESTION13 -1 -4.423e+03 9.356e+01 1.999e+01
s>                        ( - -8.144e+02 1 0)
s>                        ( - -3.515e+03 2 0))
s>                    ( - -2.192e+03 1 0)))
s>            ( SILENCE -1 -2.380e+03 7.056e+01 1.010e+01
s>                ( - -4.541e+02 1 0)
s>                ( - -1.855e+03 1 0))))INFO: dtree.c(1315): Comp split 9
INFO: dtree.c(1439): stop. leaf nodes are specific
INFO: dtree.c(1478): Final simple tree
|( QUESTION0 -1 -2.237e+03 1.282e+02 8.994e+00
|    ( - -9.443e+02 1 0)
|    ( - -1.164e+03 2 0))
s>    ( QUESTION0 -1 -2.237e+03 1.282e+02 8.994e+00
s>        ( - -9.443e+02 1 0)
s>        ( - -1.164e+03 2 0))INFO: dtree.c(1478): Final simple tree
|( QUESTION0_2_R 1 -2.532e+04 1.396e+02 1.041e+02
|    ( QUESTION0_3_R 1 -2.031e+04 1.177e+02 8.352e+01
|        ( QUESTION19 -1 -1.028e+04 1.224e+02 4.237e+01
|            ( - -8.405e+02 1 0)
|            ( WDBNDRY_B 0 -9.317e+03 1.073e+02 3.837e+01
|                ( - -1.954e+03 3 0 QUESTION11 1 4.653e+02 7.000e+00)
|                ( - -7.255e+03 3 0 QUESTION11 1 9.489e+01 3.137e+01)))
|        ( QUESTION13 -1 -9.908e+03 1.269e+02 4.114e+01
|            ( WDBNDRY_B 0 -2.047e+03 1.271e+02 9.111e+00
|                ( - -1.074e+03 1 0)
|                ( - -8.464e+02 1 0))
|            ( - -7.734e+03 7 0 QUESTION2_0_L -1 9.756e+01 3.203e+01)))
|    ( QUESTION0_11_R 1 -4.876e+03 1.286e+02 2.059e+01
|        ( - -4.179e+03 4 0 QUESTION0_13_R 1 1.051e+02 1.759e+01)
|        ( - -5.687e+02 1 0)))
s>    ( QUESTION0_2_R 1 -2.532e+04 1.396e+02 1.041e+02
s>        ( QUESTION0_3_R 1 -2.031e+04 1.177e+02 8.352e+01
s>            ( QUESTION19 -1 -1.028e+04 1.224e+02 4.237e+01
s>                ( - -8.405e+02 1 0)
s>                ( WDBNDRY_B 0 -9.317e+03 1.073e+02 3.837e+01
s>                    ( - -1.954e+03 3 0 QUESTION11 1 4.653e+02 7.000e+00)
s>                    ( - -7.255e+03 3 0 QUESTION11 1 9.489e+01 3.137e+01)))
s>            ( QUESTION13 -1 -9.908e+03 1.269e+02 4.114e+01
s>                ( WDBNDRY_B 0 -2.047e+03 1.271e+02 9.111e+00
s>                    ( - -1.074e+03 1 0)
s>                    ( - -8.464e+02 1 0))
s>                ( - -7.734e+03 7 0 QUESTION2_0_L -1 9.756e+01 3.203e+01)))
s>        ( QUESTION0_11_R 1 -4.876e+03 1.286e+02 2.059e+01
s>            ( - -4.179e+03 4 0 QUESTION0_13_R 1 1.051e+02 1.759e+01)
s>            ( - -5.687e+02 1 0)))INFO: dtree.c(1315): Comp split 10
INFO: dtree.c(1478): Final simple tree
|( QUESTION13 1 -1.076e+04 4.750e+02 4.303e+01
|    ( - -4.875e+01 1 0)
|    ( QUESTION13 -1 -1.024e+04 1.169e+02 4.203e+01
|        ( WDBNDRY_B 0 -1.853e+03 1.158e+02 8.000e+00
|            ( - -8.903e+02 1 0)
|            ( - -8.464e+02 1 0))
|        ( QUESTION2_0_L -1 -8.266e+03 1.018e+02 3.403e+01
|            ( QUESTION0_3_R 1 -4.419e+03 7.715e+01 1.800e+01
|                ( - -4.503e+02 1 0)
|                ( - -3.892e+03 4 0 QUESTION12 -1 6.939e+01 1.600e+01))
|            ( WDBNDRY_B 0 -3.745e+03 8.826e+01 1.603e+01
|                ( - -2.150e+03 1 0)
|                ( QUESTION1 -1 -1.506e+03 9.872e+01 7.000e+00
|                    ( - -6.174e+02 1 0)
|                    ( - -7.904e+02 1 0))))))
s>    ( QUESTION13 1 -1.076e+04 4.750e+02 4.303e+01
s>        ( - -4.875e+01 1 0)
s>        ( QUESTION13 -1 -1.024e+04 1.169e+02 4.203e+01
s>            ( WDBNDRY_B 0 -1.853e+03 1.158e+02 8.000e+00
s>                ( - -8.903e+02 1 0)
s>                ( - -8.464e+02 1 0))
s>            ( QUESTION2_0_L -1 -8.266e+03 1.018e+02 3.403e+01
s>                ( QUESTION0_3_R 1 -4.419e+03 7.715e+01 1.800e+01
s>                    ( - -4.503e+02 1 0)
s>                    ( - -3.892e+03 4 0 QUESTION12 -1 6.939e+01 1.600e+01))
s>                ( WDBNDRY_B 0 -3.745e+03 8.826e+01 1.603e+01
s>                    ( - -2.150e+03 1 0)
s>                    ( QUESTION1 -1 -1.506e+03 9.872e+01 7.000e+00
s>                        ( - -6.174e+02 1 0)
s>                        ( - -7.904e+02 1 0))))))INFO: dtree.c(1478): Final simple tree
|( QUESTION0_19_R 1 -1.439e+04 1.315e+02 6.107e+01
|    ( - -5.687e+02 1 0)
|    ( QUESTION0_13_R 1 -1.369e+04 1.240e+02 5.807e+01
|        ( - -1.030e+03 1 0)
|        ( WDBNDRY_B 0 -1.253e+04 1.147e+02 5.344e+01
|            ( QUESTION0_3_R 1 -2.027e+03 1.130e+02 9.111e+00
|                ( - -8.405e+02 1 0)
|                ( - -1.074e+03 1 0))
|            ( QUESTION11 -1 -1.039e+04 1.086e+02 4.433e+01
|                ( QUESTION12 1 -2.868e+03 1.079e+02 1.242e+01
|                    ( - -8.838e+02 1 0)
|                    ( - -1.876e+03 2 0 QUESTION0_2_R 1 9.359e+01 8.031e+00))
|                ( WDBNDRY_E 0 -7.416e+03 1.033e+02 3.191e+01
|                    ( - -2.327e+03 2 0)
|                    ( - -4.985e+03 1 0))))))
s>    ( QUESTION0_19_R 1 -1.439e+04 1.315e+02 6.107e+01
s>        ( - -5.687e+02 1 0)
s>        ( QUESTION0_13_R 1 -1.369e+04 1.240e+02 5.807e+01
s>            ( - -1.030e+03 1 0)
s>            ( WDBNDRY_B 0 -1.253e+04 1.147e+02 5.344e+01
s>                ( QUESTION0_3_R 1 -2.027e+03 1.130e+02 9.111e+00
s>                    ( - -8.405e+02 1 0)
s>                    ( - -1.074e+03 1 0))
s>                ( QUESTION11 -1 -1.039e+04 1.086e+02 4.433e+01
s>                    ( QUESTION12 1 -2.868e+03 1.079e+02 1.242e+01
s>                        ( - -8.838e+02 1 0)
s>                        ( - -1.876e+03 2 0 QUESTION0_2_R 1 9.359e+01 8.031e+00))
s>                    ( WDBNDRY_E 0 -7.416e+03 1.033e+02 3.191e+01
s>                        ( - -2.327e+03 2 0)
s>                        ( - -4.985e+03 1 0))))))INFO: dtree.c(1315): Comp split 11
INFO: dtree.c(1478): Final simple tree
|( QUESTION13 -1 -1.024e+04 1.169e+02 4.203e+01
|    ( WDBNDRY_B 0 -1.853e+03 1.158e+02 8.000e+00
|        ( - -8.903e+02 1 0)
|        ( - -8.464e+02 1 0))
|    ( QUESTION2_0_L -1 -8.266e+03 1.018e+02 3.403e+01
|        ( QUESTION0_3_R 1 -4.419e+03 7.715e+01 1.800e+01
|            ( - -4.503e+02 1 0)
|            ( QUESTION12 -1 -3.892e+03 6.939e+01 1.600e+01
|                ( - -8.818e+02 1 0)
|                ( - -2.941e+03 3 0 WDBNDRY_B 0 4.914e+01 1.200e+01)))
|        ( WDBNDRY_B 0 -3.745e+03 8.826e+01 1.603e+01
|            ( - -2.150e+03 1 0)
|            ( QUESTION1 -1 -1.506e+03 9.872e+01 7.000e+00
|                ( - -6.174e+02 1 0)
|                ( - -7.904e+02 1 0)))))
s>    ( QUESTION13 -1 -1.024e+04 1.169e+02 4.203e+01
s>        ( WDBNDRY_B 0 -1.853e+03 1.158e+02 8.000e+00
s>            ( - -8.903e+02 1 0)
s>            ( - -8.464e+02 1 0))
s>        ( QUESTION2_0_L -1 -8.266e+03 1.018e+02 3.403e+01
s>            ( QUESTION0_3_R 1 -4.419e+03 7.715e+01 1.800e+01
s>                ( - -4.503e+02 1 0)
s>                ( QUESTION12 -1 -3.892e+03 6.939e+01 1.600e+01
s>                    ( - -8.818e+02 1 0)
s>                    ( - -2.941e+03 3 0 WDBNDRY_B 0 4.914e+01 1.200e+01)))
s>            ( WDBNDRY_B 0 -3.745e+03 8.826e+01 1.603e+01
s>                ( - -2.150e+03 1 0)
s>                ( QUESTION1 -1 -1.506e+03 9.872e+01 7.000e+00
s>                    ( - -6.174e+02 1 0)
s>                    ( - -7.904e+02 1 0)))))INFO: dtree.c(1315): Comp split 12
INFO: dtree.c(1439): stop. leaf nodes are specific
INFO: dtree.c(1478): Final simple tree
|( WDBNDRY_I 0 -9.571e+03 1.089e+02 4.141e+01
|    ( QUESTION11 -1 -5.960e+03 9.121e+01 2.633e+01
|        ( - -8.838e+02 1 0)
|        ( - -4.985e+03 1 0))
|    ( WDBNDRY_B 0 -3.502e+03 1.010e+02 1.508e+01
|        ( - -1.074e+03 1 0)
|        ( - -2.327e+03 2 0)))
s>    ( WDBNDRY_I 0 -9.571e+03 1.089e+02 4.141e+01
s>        ( QUESTION11 -1 -5.960e+03 9.121e+01 2.633e+01
s>            ( - -8.838e+02 1 0)
s>            ( - -4.985e+03 1 0))
s>        ( WDBNDRY_B 0 -3.502e+03 1.010e+02 1.508e+01
s>            ( - -1.074e+03 1 0)
s>            ( - -2.327e+03 2 0)))INFO: dtree.c(1439): stop. leaf nodes are specific
INFO: dtree.c(1478): Final simple tree
|( QUESTION0_11_R 1 -4.647e+03 1.259e+02 1.966e+01
|    ( WDBNDRY_E 0 -1.710e+03 8.182e+01 7.617e+00
|        ( - -1.030e+03 1 0)
|        ( - -5.979e+02 1 0))
|    ( QUESTION0_2_R 1 -2.811e+03 1.113e+02 1.204e+01
|        ( WDBNDRY_B 0 -2.131e+03 1.059e+02 9.045e+00
|            ( - -8.405e+02 1 0)
|            ( - -1.184e+03 1 0))
|        ( - -5.687e+02 1 0)))
s>    ( QUESTION0_11_R 1 -4.647e+03 1.259e+02 1.966e+01
s>        ( WDBNDRY_E 0 -1.710e+03 8.182e+01 7.617e+00
s>            ( - -1.030e+03 1 0)
s>            ( - -5.979e+02 1 0))
s>        ( QUESTION0_2_R 1 -2.811e+03 1.113e+02 1.204e+01
s>            ( WDBNDRY_B 0 -2.131e+03 1.059e+02 9.045e+00
s>                ( - -8.405e+02 1 0)
s>                ( - -1.184e+03 1 0))
s>            ( - -5.687e+02 1 0)))INFO: dtree.c(1315): Comp split 13
INFO: dtree.c(1439): stop. leaf nodes are specific
INFO: dtree.c(1478): Final simple tree
|( WDBNDRY_B 0 -3.475e+03 1.000e+02 1.465e+01
|    ( - -1.183e+03 2 0)
|    ( - -2.192e+03 1 0))
s>    ( WDBNDRY_B 0 -3.475e+03 1.000e+02 1.465e+01
s>        ( - -1.183e+03 2 0)
s>        ( - -2.192e+03 1 0))INFO: dtree.c(1439): stop. leaf nodes are specific
INFO: dtree.c(1478): Final simple tree
|( QUESTION0_3_R 1 -8.049e+03 1.461e+02 3.508e+01
|    ( - -9.827e+02 1 0)
|    ( QUESTION19 -1 -6.920e+03 1.239e+02 3.008e+01
|        ( - -3.515e+03 2 0)
|        ( WDBNDRY_B 0 -3.281e+03 8.696e+01 1.409e+01
|            ( SILENCE -1 -2.380e+03 7.056e+01 1.010e+01
|                ( - -4.541e+02 1 0)
|                ( - -1.855e+03 1 0))
|            ( - -8.144e+02 1 0))))
s>    ( QUESTION0_3_R 1 -8.049e+03 1.461e+02 3.508e+01
s>        ( - -9.827e+02 1 0)
s>        ( QUESTION19 -1 -6.920e+03 1.239e+02 3.008e+01
s>            ( - -3.515e+03 2 0)
s>            ( WDBNDRY_B 0 -3.281e+03 8.696e+01 1.409e+01
s>                ( SILENCE -1 -2.380e+03 7.056e+01 1.010e+01
s>                    ( - -4.541e+02 1 0)
s>                    ( - -1.855e+03 1 0))
s>                ( - -8.144e+02 1 0))))INFO: dtree.c(1315): Comp split 14
INFO: dtree.c(1439): stop. leaf nodes are specific
INFO: dtree.c(1478): Final simple tree
|( WDBNDRY_B 0 -4.179e+03 1.049e+02 1.840e+01
|    ( - -1.296e+03 2 0)
|    ( - -2.779e+03 1 0))
s>    ( WDBNDRY_B 0 -4.179e+03 1.049e+02 1.840e+01
s>        ( - -1.296e+03 2 0)
s>        ( - -2.779e+03 1 0))INFO: dtree.c(1315): Comp split 15
INFO: dtree.c(1439): stop. leaf nodes are specific
INFO: dtree.c(1478): Final simple tree
|( QUESTION19 -1 -6.920e+03 1.239e+02 3.008e+01
|    ( - -3.515e+03 2 0)
|    ( WDBNDRY_B 0 -3.281e+03 8.696e+01 1.409e+01
|        ( SILENCE -1 -2.380e+03 7.056e+01 1.010e+01
|            ( - -4.541e+02 1 0)
|            ( - -1.855e+03 1 0))
|        ( - -8.144e+02 1 0)))
s>    ( QUESTION19 -1 -6.920e+03 1.239e+02 3.008e+01
s>        ( - -3.515e+03 2 0)
s>        ( WDBNDRY_B 0 -3.281e+03 8.696e+01 1.409e+01
s>            ( SILENCE -1 -2.380e+03 7.056e+01 1.010e+01
s>                ( - -4.541e+02 1 0)
s>                ( - -1.855e+03 1 0))
s>            ( - -8.144e+02 1 0)))INFO: dtree.c(1315): Comp split 16
INFO: dtree.c(1439): stop. leaf nodes are specific
INFO: dtree.c(1478): Final simple tree
|( QUESTION0 -1 -2.074e+03 8.609e+01 9.925e+00
|    ( - -5.757e+02 1 0)
|    ( - -1.412e+03 1 0))
s>    ( QUESTION0 -1 -2.074e+03 8.609e+01 9.925e+00
s>        ( - -5.757e+02 1 0)
s>        ( - -1.412e+03 1 0))INFO: dtree.c(1315): Comp split 17
INFO: dtree.c(1478): Final simple tree
|( QUESTION13 -1 -9.259e+03 1.028e+02 3.803e+01
|    ( - -8.903e+02 1 0)
|    ( QUESTION2_0_L -1 -8.266e+03 1.018e+02 3.403e+01
|        ( QUESTION0_3_R 1 -4.419e+03 7.715e+01 1.800e+01
|            ( - -4.503e+02 1 0)
|            ( QUESTION12 -1 -3.892e+03 6.939e+01 1.600e+01
|                ( - -8.818e+02 1 0)
|                ( WDBNDRY_B 0 -2.941e+03 4.914e+01 1.200e+01
|                    ( - -2.378e+02 1 0)
|                    ( - -2.654e+03 2 0))))
|        ( WDBNDRY_B 0 -3.745e+03 8.826e+01 1.603e+01
|            ( - -2.150e+03 1 0)
|            ( QUESTION1 -1 -1.506e+03 9.872e+01 7.000e+00
|                ( - -6.174e+02 1 0)
|                ( - -7.904e+02 1 0)))))
s>    ( QUESTION13 -1 -9.259e+03 1.028e+02 3.803e+01
s>        ( - -8.903e+02 1 0)
s>        ( QUESTION2_0_L -1 -8.266e+03 1.018e+02 3.403e+01
s>            ( QUESTION0_3_R 1 -4.419e+03 7.715e+01 1.800e+01
s>                ( - -4.503e+02 1 0)
s>                ( QUESTION12 -1 -3.892e+03 6.939e+01 1.600e+01
s>                    ( - -8.818e+02 1 0)
s>                    ( WDBNDRY_B 0 -2.941e+03 4.914e+01 1.200e+01
s>                        ( - -2.378e+02 1 0)
s>                        ( - -2.654e+03 2 0))))
s>            ( WDBNDRY_B 0 -3.745e+03 8.826e+01 1.603e+01
s>                ( - -2.150e+03 1 0)
s>                ( QUESTION1 -1 -1.506e+03 9.872e+01 7.000e+00
s>                    ( - -6.174e+02 1 0)
s>                    ( - -7.904e+02 1 0)))))INFO: dtree.c(1315): Comp split 18
INFO: dtree.c(1315): Comp split 19
INFO: dtree.c(1439): stop. leaf nodes are specific
INFO: dtree.c(1478): Final simple tree
|( QUESTION2_1_L -1 -7.772e+03 1.150e+02 3.369e+01
|    ( - -6.247e+02 1 0)
|    ( QUESTION0_3_R 1 -7.032e+03 9.414e+01 3.068e+01
|        ( - -2.065e+03 1 0)
|        ( WDBNDRY_E 0 -4.873e+03 7.621e+01 2.161e+01
|            ( - -6.811e+02 1 0)
|            ( - -4.116e+03 2 0))))
s>    ( QUESTION2_1_L -1 -7.772e+03 1.150e+02 3.369e+01
s>        ( - -6.247e+02 1 0)
s>        ( QUESTION0_3_R 1 -7.032e+03 9.414e+01 3.068e+01
s>            ( - -2.065e+03 1 0)
s>            ( WDBNDRY_E 0 -4.873e+03 7.621e+01 2.161e+01
s>                ( - -6.811e+02 1 0)
s>                ( - -4.116e+03 2 0))))INFO: dtree.c(1315): Comp split 20
INFO: dtree.c(1439): stop. leaf nodes are specific
INFO: dtree.c(1478): Final simple tree
|( WDBNDRY_E 0 -1.710e+03 8.182e+01 7.617e+00
|    ( - -1.030e+03 1 0)
|    ( - -5.979e+02 1 0))
s>    ( WDBNDRY_E 0 -1.710e+03 8.182e+01 7.617e+00
s>        ( - -1.030e+03 1 0)
s>        ( - -5.979e+02 1 0))INFO: dtree.c(1439): stop. leaf nodes are specific
INFO: dtree.c(1478): Final simple tree
|( QUESTION0_2_R 1 -2.811e+03 1.113e+02 1.204e+01
|    ( WDBNDRY_B 0 -2.131e+03 1.059e+02 9.045e+00
|        ( - -8.405e+02 1 0)
|        ( - -1.184e+03 1 0))
|    ( - -5.687e+02 1 0))
s>    ( QUESTION0_2_R 1 -2.811e+03 1.113e+02 1.204e+01
s>        ( WDBNDRY_B 0 -2.131e+03 1.059e+02 9.045e+00
s>            ( - -8.405e+02 1 0)
s>            ( - -1.184e+03 1 0))
s>        ( - -5.687e+02 1 0))INFO: dtree.c(1315): Comp split 21
INFO: dtree.c(1439): stop. leaf nodes are specific
INFO: dtree.c(1478): Final simple tree
|( WDBNDRY_B 0 -3.281e+03 8.696e+01 1.409e+01
|    ( SILENCE -1 -2.380e+03 7.056e+01 1.010e+01
|        ( - -4.541e+02 1 0)
|        ( - -1.855e+03 1 0))
|    ( - -8.144e+02 1 0))
s>    ( WDBNDRY_B 0 -3.281e+03 8.696e+01 1.409e+01
s>        ( SILENCE -1 -2.380e+03 7.056e+01 1.010e+01
s>            ( - -4.541e+02 1 0)
s>            ( - -1.855e+03 1 0))
s>        ( - -8.144e+02 1 0))INFO: dtree.c(1315): Comp split 22
INFO: dtree.c(1439): stop. leaf nodes are specific
INFO: dtree.c(1478): Final simple tree
|( QUESTION0_3_R 1 -7.032e+03 9.414e+01 3.068e+01
|    ( - -2.065e+03 1 0)
|    ( WDBNDRY_E 0 -4.873e+03 7.621e+01 2.161e+01
|        ( - -6.811e+02 1 0)
|        ( - -4.116e+03 2 0)))
s>    ( QUESTION0_3_R 1 -7.032e+03 9.414e+01 3.068e+01
s>        ( - -2.065e+03 1 0)
s>        ( WDBNDRY_E 0 -4.873e+03 7.621e+01 2.161e+01
s>            ( - -6.811e+02 1 0)
s>            ( - -4.116e+03 2 0)))INFO: dtree.c(1315): Comp split 23
INFO: dtree.c(1439): stop. leaf nodes are specific
INFO: dtree.c(1478): Final simple tree
|( WDBNDRY_B 0 -1.776e+03 9.572e+01 8.000e+00
|    ( - -8.903e+02 1 0)
|    ( - -7.904e+02 1 0))
s>    ( WDBNDRY_B 0 -1.776e+03 9.572e+01 8.000e+00
s>        ( - -8.903e+02 1 0)
s>        ( - -7.904e+02 1 0))INFO: dtree.c(1439): stop. leaf nodes are specific
INFO: dtree.c(1478): Final simple tree
|( QUESTION2_14_L -1 -7.370e+03 9.585e+01 3.003e+01
|    ( - -6.174e+02 1 0)
|    ( QUESTION4 -1 -6.657e+03 8.758e+01 2.703e+01
|        ( - -2.150e+03 1 0)
|        ( QUESTION0_3_R 1 -4.419e+03 7.715e+01 1.800e+01
|            ( - -4.503e+02 1 0)
|            ( QUESTION12 -1 -3.892e+03 6.939e+01 1.600e+01
|                ( - -8.818e+02 1 0)
|                ( WDBNDRY_B 0 -2.941e+03 4.914e+01 1.200e+01
|                    ( - -2.378e+02 1 0)
|                    ( - -2.654e+03 2 0))))))
s>    ( QUESTION2_14_L -1 -7.370e+03 9.585e+01 3.003e+01
s>        ( - -6.174e+02 1 0)
s>        ( QUESTION4 -1 -6.657e+03 8.758e+01 2.703e+01
s>            ( - -2.150e+03 1 0)
s>            ( QUESTION0_3_R 1 -4.419e+03 7.715e+01 1.800e+01
s>                ( - -4.503e+02 1 0)
s>                ( QUESTION12 -1 -3.892e+03 6.939e+01 1.600e+01
s>                    ( - -8.818e+02 1 0)
s>                    ( WDBNDRY_B 0 -2.941e+03 4.914e+01 1.200e+01
s>                        ( - -2.378e+02 1 0)
s>                        ( - -2.654e+03 2 0))))))INFO: dtree.c(1315): Comp split 24
INFO: dtree.c(1439): stop. leaf nodes are specific
INFO: dtree.c(1478): Final simple tree
|( WDBNDRY_B 0 -2.131e+03 1.059e+02 9.045e+00
|    ( - -8.405e+02 1 0)
|    ( - -1.184e+03 1 0))
s>    ( WDBNDRY_B 0 -2.131e+03 1.059e+02 9.045e+00
s>        ( - -8.405e+02 1 0)
s>        ( - -1.184e+03 1 0))INFO: dtree.c(1315): Comp split 25
INFO: dtree.c(1439): stop. leaf nodes are specific
INFO: dtree.c(1478): Final simple tree
|( WDBNDRY_B 0 -3.502e+03 1.010e+02 1.508e+01
|    ( - -1.074e+03 1 0)
|    ( - -2.327e+03 2 0))
s>    ( WDBNDRY_B 0 -3.502e+03 1.010e+02 1.508e+01
s>        ( - -1.074e+03 1 0)
s>        ( - -2.327e+03 2 0))INFO: dtree.c(1439): stop. leaf nodes are specific
INFO: dtree.c(1478): Final simple tree
|( QUESTION11 -1 -5.960e+03 9.121e+01 2.633e+01
|    ( - -8.838e+02 1 0)
|    ( - -4.985e+03 1 0))
s>    ( QUESTION11 -1 -5.960e+03 9.121e+01 2.633e+01
s>        ( - -8.838e+02 1 0)
s>        ( - -4.985e+03 1 0))INFO: dtree.c(1315): Comp split 26
INFO: dtree.c(1315): Comp split 27
INFO: dtree.c(1315): Comp split 28
INFO: dtree.c(1315): Comp split 29
INFO: dtree.c(1315): Comp split 30
INFO: dtree.c(1439): stop. leaf nodes are specific
INFO: dtree.c(1478): Final simple tree
|( QUESTION4 -1 -6.657e+03 8.758e+01 2.703e+01
|    ( - -2.150e+03 1 0)
|    ( QUESTION0_3_R 1 -4.419e+03 7.715e+01 1.800e+01
|        ( - -4.503e+02 1 0)
|        ( QUESTION12 -1 -3.892e+03 6.939e+01 1.600e+01
|            ( - -8.818e+02 1 0)
|            ( WDBNDRY_B 0 -2.941e+03 4.914e+01 1.200e+01
|                ( - -2.378e+02 1 0)
|                ( - -2.654e+03 2 0)))))
s>    ( QUESTION4 -1 -6.657e+03 8.758e+01 2.703e+01
s>        ( - -2.150e+03 1 0)
s>        ( QUESTION0_3_R 1 -4.419e+03 7.715e+01 1.800e+01
s>            ( - -4.503e+02 1 0)
s>            ( QUESTION12 -1 -3.892e+03 6.939e+01 1.600e+01
s>                ( - -8.818e+02 1 0)
s>                ( WDBNDRY_B 0 -2.941e+03 4.914e+01 1.200e+01
s>                    ( - -2.378e+02 1 0)
s>                    ( - -2.654e+03 2 0)))))INFO: dtree.c(1315): Comp split 31
INFO: dtree.c(1315): Comp split 32
INFO: dtree.c(1439): stop. leaf nodes are specific
INFO: dtree.c(1478): Final simple tree
|( WDBNDRY_E 0 -4.873e+03 7.621e+01 2.161e+01
|    ( - -6.811e+02 1 0)
|    ( - -4.116e+03 2 0))
s>    ( WDBNDRY_E 0 -4.873e+03 7.621e+01 2.161e+01
s>        ( - -6.811e+02 1 0)
s>        ( - -4.116e+03 2 0))INFO: dtree.c(1315): Comp split 33
INFO: dtree.c(1315): Comp split 34
INFO: dtree.c(1439): stop. leaf nodes are specific
INFO: dtree.c(1478): Final simple tree
|( QUESTION0_3_R 1 -4.419e+03 7.715e+01 1.800e+01
|    ( - -4.503e+02 1 0)
|    ( QUESTION12 -1 -3.892e+03 6.939e+01 1.600e+01
|        ( - -8.818e+02 1 0)
|        ( WDBNDRY_B 0 -2.941e+03 4.914e+01 1.200e+01
|            ( - -2.378e+02 1 0)
|            ( - -2.654e+03 2 0))))
s>    ( QUESTION0_3_R 1 -4.419e+03 7.715e+01 1.800e+01
s>        ( - -4.503e+02 1 0)
s>        ( QUESTION12 -1 -3.892e+03 6.939e+01 1.600e+01
s>            ( - -8.818e+02 1 0)
s>            ( WDBNDRY_B 0 -2.941e+03 4.914e+01 1.200e+01
s>                ( - -2.378e+02 1 0)
s>                ( - -2.654e+03 2 0))))INFO: dtree.c(1315): Comp split 35
INFO: dtree.c(1439): stop. leaf nodes are specific
INFO: dtree.c(1478): Final simple tree
|( SILENCE -1 -2.380e+03 7.056e+01 1.010e+01
|    ( - -4.541e+02 1 0)
|    ( - -1.855e+03 1 0))
s>    ( SILENCE -1 -2.380e+03 7.056e+01 1.010e+01
s>        ( - -4.541e+02 1 0)
s>        ( - -1.855e+03 1 0))INFO: dtree.c(1315): Comp split 36
INFO: dtree.c(1315): Comp split 37
INFO: dtree.c(1315): Comp split 38
INFO: dtree.c(1439): stop. leaf nodes are specific
INFO: dtree.c(1478): Final simple tree
|( QUESTION12 -1 -3.892e+03 6.939e+01 1.600e+01
|    ( - -8.818e+02 1 0)
|    ( WDBNDRY_B 0 -2.941e+03 4.914e+01 1.200e+01
|        ( - -2.378e+02 1 0)
|        ( - -2.654e+03 2 0)))
s>    ( QUESTION12 -1 -3.892e+03 6.939e+01 1.600e+01
s>        ( - -8.818e+02 1 0)
s>        ( WDBNDRY_B 0 -2.941e+03 4.914e+01 1.200e+01
s>            ( - -2.378e+02 1 0)
s>            ( - -2.654e+03 2 0)))INFO: dtree.c(1315): Comp split 39
INFO: dtree.c(1315): Comp split 40
INFO: dtree.c(1315): Comp split 41
INFO: dtree.c(1439): stop. leaf nodes are specific
INFO: dtree.c(1478): Final simple tree
|( WDBNDRY_B 0 -2.941e+03 4.914e+01 1.200e+01
|    ( - -2.378e+02 1 0)
|    ( - -2.654e+03 2 0))
s>    ( WDBNDRY_B 0 -2.941e+03 4.914e+01 1.200e+01
s>        ( - -2.378e+02 1 0)
s>        ( - -2.654e+03 2 0))INFO: dtree.c(1315): Comp split 42
INFO: dtree.c(1315): Comp split 43
INFO: dtree.c(1318): stop. leaf nodes are specific
Thu May  7 00:23:34 2020
