Current configuration:
[NAME]		[DEFLT]	[VALUE]
-dcountfn		/home/abdy/Desktop/diploma/kg/model_parameters/kg.cd_cont_500/mixture_weights
-example	no	no
-fullvar	no	no
-help		no	no
-inmeanfn		/home/abdy/Desktop/diploma/kg/model_parameters/kg.cd_cont_500/means
-inmixwfn		/home/abdy/Desktop/diploma/kg/model_parameters/kg.cd_cont_500/mixture_weights
-invarfn		/home/abdy/Desktop/diploma/kg/model_parameters/kg.cd_cont_500/variances
-ninc		1	8
-outmeanfn		/home/abdy/Desktop/diploma/kg/model_parameters/kg.cd_cont_initial/means
-outmixwfn		/home/abdy/Desktop/diploma/kg/model_parameters/kg.cd_cont_initial/mixture_weights
-outvarfn		/home/abdy/Desktop/diploma/kg/model_parameters/kg.cd_cont_initial/variances

INFO: main.c(86): Reading mixing weight file /home/abdy/Desktop/diploma/kg/model_parameters/kg.cd_cont_500/mixture_weights.
INFO: s3mixw_io.c(117): Read /home/abdy/Desktop/diploma/kg/model_parameters/kg.cd_cont_500/mixture_weights [641x1x8 array]
INFO: s3gau_io.c(169): Read /home/abdy/Desktop/diploma/kg/model_parameters/kg.cd_cont_500/means [641x1x8 array]
INFO: s3gau_io.c(169): Read /home/abdy/Desktop/diploma/kg/model_parameters/kg.cd_cont_500/variances [641x1x8 array]
INFO: s3gau_io.c(553): Read /home/abdy/Desktop/diploma/kg/model_parameters/kg.cd_cont_500/mixture_weights [641x1x8 array]
INFO: main.c(151): output n_density == 16
0:5(2.15e+03)0(1.64e+03)2(1.62e+03)6(1.40e+03)3(1.30e+03)4(1.27e+03)1(4.94e+02)7(3.20e+02)
1:5(4.92e+02)2(2.80e+02)4(1.51e+02)3(1.40e+01)6(7.00e+00)1(4.00e+00)0(2.00e+00)7(2.00e+00)
2:4(3.33e+03)3(2.90e+03)2(2.68e+03)6(2.10e+03)5(1.64e+03)0(1.46e+03)7(3.14e+02)1(2.19e+02)
3:4(1.40e+03)2(1.12e+03)5(9.79e+02)1(8.18e+02)0(8.00e+02)6(7.12e+02)3(4.20e+02)7(2.46e+02)
4:4(1.57e+03)1(1.31e+03)2(1.14e+03)5(1.10e+03)6(9.01e+02)0(8.26e+02)3(4.28e+02)7(2.87e+02)
5:3(1.28e+03)5(1.26e+03)6(1.23e+03)1(1.06e+03)0(9.66e+02)2(8.16e+02)4(7.93e+02)7(3.67e+02)
6:2(3.99e+01)3(3.41e+01)4(3.10e+01)5(2.46e+01)0(1.51e+01)1(1.50e+01)7(1.24e+01)6(1.13e+01)
7:7(7.32e+01)3(6.22e+01)1(5.13e+01)2(4.73e+01)5(4.63e+01)4(4.54e+01)0(4.53e+01)6(2.59e+01)
8:4(3.52e+01)2(3.47e+01)1(3.15e+01)6(2.65e+01)7(1.99e+01)3(1.87e+01)5(1.47e+01)0(1.08e+01)
9:0(5.45e+02)5(3.85e+02)4(3.29e+02)2(2.65e+02)6(2.27e+02)1(1.71e+02)3(8.20e+01)7(2.10e+01)
10:2(2.94e+02)1(2.51e+02)4(2.41e+02)5(2.09e+02)3(1.79e+02)0(1.42e+02)7(1.07e+02)6(1.01e+02)
11:2(2.65e+02)5(1.77e+02)6(1.75e+02)4(1.47e+02)1(1.41e+02)3(1.35e+02)0(1.32e+02)7(1.28e+02)
12:2(2.78e+01)4(2.10e+01)5(1.60e+01)0(1.49e+01)7(6.00e+00)6(4.00e+00)3(3.00e+00)1(1.00e+00)
13:3(2.32e+01)4(1.59e+01)5(1.48e+01)1(1.42e+01)2(1.29e+01)6(1.21e+01)0(9.00e+00)7(8.00e+00)
14:4(2.06e+01)1(1.53e+01)3(1.11e+01)5(1.10e+01)2(9.99e+00)0(9.98e+00)7(9.03e+00)6(8.00e+00)
15:3(2.59e+02)4(2.28e+02)0(1.96e+02)1(1.61e+02)5(1.20e+02)6(1.00e+02)7(8.13e+01)2(3.05e+01)
16:2(1.65e+02)4(1.44e+02)5(1.44e+02)0(1.19e+02)7(1.18e+02)6(1.15e+02)3(1.06e+02)1(8.14e+01)
17:4(2.07e+02)5(1.96e+02)0(1.40e+02)2(1.10e+02)6(1.07e+02)1(8.24e+01)7(5.98e+01)3(5.52e+01)
18:2(3.91e+02)4(3.70e+02)5(2.44e+02)1(2.41e+02)6(1.92e+02)7(1.10e+02)0(7.41e+01)3(6.55e+01)
19:5(1.96e+02)4(1.91e+02)2(1.86e+02)3(1.52e+02)0(1.33e+02)7(1.12e+02)6(1.02e+02)1(6.35e+01)
20:1(2.67e+02)4(2.56e+02)5(2.29e+02)3(1.90e+02)2(1.60e+02)0(1.29e+02)7(1.25e+02)6(1.02e+02)
21:4(1.96e+02)2(1.95e+02)5(1.34e+02)0(9.73e+01)1(6.43e+01)6(5.40e+01)3(2.80e+01)7(1.40e+01)
22:0(1.43e+02)5(1.37e+02)1(1.11e+02)4(1.02e+02)2(7.09e+01)6(4.33e+01)3(4.21e+01)7(2.55e+01)
23:2(1.28e+02)6(1.04e+02)3(1.00e+02)4(9.38e+01)1(8.35e+01)5(7.29e+01)0(6.83e+01)7(5.23e+01)
24:5(7.00e+00)2(6.99e+00)4(6.00e+00)0(5.00e+00)1(2.00e+00)3(2.00e+00)6(1.00e+00)7(1.00e+00)
25:4(1.00e+01)3(9.00e+00)1(8.00e+00)2(8.00e+00)5(7.00e+00)6(2.00e+00)7(2.00e+00)0(1.00e+00)
26:1(1.20e+01)4(9.98e+00)2(9.03e+00)0(3.00e+00)3(3.00e+00)5(3.00e+00)6(2.00e+00)7(2.00e+00)
27:2(2.00e+00)0(1.00e+00)1(1.00e+00)3(1.00e+00)4(1.00e+00)5(1.00e+00)6(1.00e+00)7(1.00e+00)
28:0(1.00e+00)1(1.00e+00)2(1.00e+00)4(1.00e+00)5(1.00e+00)6(1.00e+00)3(5.00e-01)7(5.00e-01)
29:2(4.00e+00)0(1.00e+00)1(1.00e+00)4(1.00e+00)5(1.00e+00)6(1.00e+00)3(5.00e-01)7(5.00e-01)
30:2(1.00e+00)4(1.00e+00)0(5.00e-01)1(5.00e-01)3(5.00e-01)5(5.00e-01)6(5.00e-01)7(5.00e-01)
31:0(5.00e-01)1(5.00e-01)2(5.00e-01)3(5.00e-01)4(5.00e-01)5(5.00e-01)6(5.00e-01)7(5.00e-01)
32:4(7.00e+00)0(2.00e+00)1(2.00e+00)2(2.00e+00)5(2.00e+00)6(2.00e+00)3(5.00e-01)7(5.00e-01)
33:4(7.51e+01)5(7.01e+01)2(6.02e+01)0(5.73e+01)3(4.30e+01)1(4.06e+01)6(3.85e+01)7(2.95e+01)
34:4(7.72e+01)7(6.53e+01)5(5.03e+01)1(4.86e+01)3(4.73e+01)6(4.57e+01)0(3.68e+01)2(3.22e+01)
35:2(1.05e+02)4(6.45e+01)1(4.52e+01)5(4.36e+01)3(4.30e+01)0(3.50e+01)7(3.04e+01)6(2.66e+01)
36:3(1.25e+02)2(1.09e+02)5(9.59e+01)1(7.80e+01)6(7.03e+01)4(6.99e+01)0(5.50e+01)7(4.50e+01)
37:2(1.01e+02)4(9.87e+01)6(8.51e+01)1(8.29e+01)5(8.23e+01)0(8.14e+01)3(5.66e+01)7(5.41e+01)
38:4(1.02e+02)1(9.46e+01)3(9.02e+01)7(6.94e+01)2(6.76e+01)6(6.62e+01)0(5.63e+01)5(4.49e+01)
39:1(2.83e+01)4(9.71e+00)2(3.00e+00)5(2.00e+00)3(1.00e+00)6(1.00e+00)0(5.00e-01)7(5.00e-01)
40:4(1.20e+01)0(7.00e+00)1(6.00e+00)5(6.00e+00)3(4.00e+00)6(4.00e+00)2(2.00e+00)7(1.00e+00)
41:4(1.61e+01)1(1.14e+01)5(7.00e+00)2(4.00e+00)3(3.00e+00)6(2.00e+00)0(1.00e+00)7(1.00e+00)
42:5(3.25e+02)4(3.23e+02)2(2.50e+02)3(2.30e+02)7(1.93e+02)0(1.87e+02)6(1.80e+02)1(1.42e+02)
43:6(2.70e+02)3(2.69e+02)2(2.20e+02)1(2.20e+02)4(1.85e+02)7(1.70e+02)5(1.65e+02)0(1.56e+02)
44:1(6.71e+02)2(4.25e+02)5(3.79e+02)4(3.17e+02)6(2.74e+02)0(2.59e+02)7(1.88e+02)3(1.51e+02)
45:2(2.34e+02)5(1.48e+02)4(1.21e+02)3(1.10e+02)1(9.27e+01)7(6.81e+01)0(5.56e+01)6(5.11e+01)
46:4(1.67e+02)1(1.45e+02)2(1.36e+02)7(6.97e+01)3(6.51e+01)0(4.85e+01)6(4.55e+01)5(3.82e+01)
47:1(1.54e+02)0(1.24e+02)4(1.19e+02)6(1.05e+02)2(1.04e+02)5(1.00e+02)3(4.91e+01)7(3.99e+01)
48:4(8.73e+01)1(8.06e+01)3(4.91e+01)7(3.64e+01)5(3.18e+01)6(2.88e+01)0(2.18e+01)2(2.07e+01)
49:4(4.95e+01)1(4.83e+01)6(4.42e+01)3(4.37e+01)2(3.90e+01)5(3.89e+01)7(3.60e+01)0(3.16e+01)
50:3(5.48e+01)1(3.49e+01)4(3.38e+01)5(3.27e+01)2(3.01e+01)7(2.71e+01)6(2.21e+01)0(1.91e+01)
51:4(3.78e+02)7(3.39e+02)0(3.19e+02)5(3.01e+02)1(2.59e+02)3(2.44e+02)6(1.99e+02)2(1.91e+02)
52:2(3.94e+02)0(3.55e+02)4(3.46e+02)6(3.44e+02)1(3.25e+02)3(3.08e+02)7(2.99e+02)5(2.68e+02)
53:5(4.44e+02)1(4.19e+02)4(4.10e+02)0(3.67e+02)6(3.45e+02)2(2.78e+02)3(2.30e+02)7(1.74e+02)
54:0(5.00e+00)5(4.00e+00)6(4.00e+00)1(3.00e+00)4(3.00e+00)7(3.00e+00)2(2.00e+00)3(1.00e+00)
55:4(5.00e+00)5(5.00e+00)0(3.00e+00)2(3.00e+00)6(2.00e+00)7(2.00e+00)1(1.00e+00)3(1.00e+00)
56:4(4.00e+00)0(2.00e+00)2(2.00e+00)5(2.00e+00)6(2.00e+00)7(2.00e+00)1(1.00e+00)3(1.00e+00)
57:2(2.05e+01)3(1.88e+01)4(1.60e+01)1(1.53e+01)6(9.00e+00)0(7.00e+00)7(6.00e+00)5(6.00e+00)
58:3(1.92e+01)4(1.80e+01)5(1.69e+01)2(1.50e+01)7(1.10e+01)0(9.00e+00)6(8.00e+00)1(8.00e+00)
59:5(2.27e+01)1(1.87e+01)6(1.74e+01)2(1.43e+01)4(1.36e+01)0(1.20e+01)3(7.00e+00)7(6.00e+00)
60:2(3.36e+02)1(3.29e+02)4(2.81e+02)5(2.15e+02)0(1.34e+02)3(1.24e+02)7(1.18e+02)6(7.18e+01)
61:2(3.98e+02)4(3.65e+02)3(2.91e+02)5(2.68e+02)1(1.51e+02)7(1.27e+02)6(1.26e+02)0(9.93e+01)
62:2(3.13e+02)0(3.07e+02)4(3.00e+02)5(1.32e+02)6(5.74e+01)3(4.75e+01)7(3.33e+01)1(2.64e+01)
63:3(6.01e+02)4(5.64e+02)5(4.99e+02)2(3.24e+02)1(2.91e+02)6(2.59e+02)0(1.45e+02)7(9.03e+01)
64:4(5.21e+02)2(3.10e+02)1(2.33e+02)6(2.29e+02)3(2.18e+02)0(2.02e+02)5(1.95e+02)7(1.91e+02)
65:0(4.82e+02)4(4.80e+02)2(3.16e+02)5(3.02e+02)1(2.47e+02)6(2.24e+02)7(9.67e+01)3(6.13e+01)
66:2(2.20e+01)0(1.95e+01)5(1.90e+01)4(1.71e+01)1(1.70e+01)3(1.54e+01)6(1.28e+01)7(1.20e+01)
67:2(1.25e+01)4(7.00e+00)0(6.00e+00)5(3.00e+00)1(5.00e-01)3(5.00e-01)6(5.00e-01)7(5.00e-01)
68:2(1.10e+01)4(7.96e+00)0(2.00e+00)5(2.00e+00)6(2.00e+00)3(1.00e+00)1(5.00e-01)7(5.00e-01)
69:4(4.63e+02)5(3.50e+02)1(3.35e+02)3(3.16e+02)6(2.64e+02)0(2.56e+02)7(1.66e+02)2(1.27e+02)
70:0(3.89e+02)4(3.21e+02)6(3.00e+02)3(2.76e+02)5(2.72e+02)1(2.24e+02)2(2.23e+02)7(1.38e+02)
71:2(5.47e+02)4(4.78e+02)5(3.51e+02)0(3.04e+02)1(2.58e+02)6(2.20e+02)3(2.00e+02)7(1.01e+02)
72:4(6.15e+02)1(5.74e+02)2(2.08e+02)5(1.76e+02)6(1.61e+02)0(1.16e+02)3(1.13e+02)7(5.20e+01)
73:2(4.39e+02)4(3.50e+02)1(2.27e+02)6(1.28e+02)3(9.84e+01)0(9.00e+01)7(6.68e+01)5(2.00e+01)
74:2(3.75e+02)4(3.72e+02)5(3.33e+02)1(3.04e+02)0(2.73e+02)6(1.73e+02)3(1.03e+02)7(1.01e+02)
75:4(5.79e+02)2(5.25e+02)5(4.51e+02)1(4.47e+02)0(4.39e+02)6(4.10e+02)7(2.70e+02)3(2.61e+02)
76:1(7.41e+02)0(7.22e+02)4(5.81e+02)3(5.68e+02)2(5.65e+02)5(4.54e+02)6(4.51e+02)7(2.52e+02)
77:2(1.13e+03)0(7.24e+02)4(6.19e+02)3(4.71e+02)5(4.66e+02)6(4.34e+02)1(3.11e+02)7(2.02e+02)
78:2(4.66e+01)4(3.16e+01)1(1.61e+01)5(1.56e+01)0(1.54e+01)3(1.10e+01)6(6.00e+00)7(4.00e+00)
79:4(5.95e+01)2(4.53e+01)3(3.99e+01)5(3.07e+01)1(3.04e+01)7(1.27e+01)6(1.20e+01)0(1.13e+01)
80:4(6.16e+01)5(4.89e+01)7(2.46e+01)6(2.23e+01)1(2.07e+01)2(1.90e+01)3(1.68e+01)0(1.44e+01)
81:4(3.22e+02)6(2.46e+02)2(2.30e+02)1(1.97e+02)5(1.62e+02)3(1.55e+02)7(3.91e+01)0(3.32e+01)
82:5(2.34e+02)2(2.30e+02)0(2.01e+02)3(2.01e+02)4(1.98e+02)6(1.64e+02)7(1.51e+02)1(1.39e+02)
83:1(4.25e+02)7(3.65e+02)4(2.78e+02)0(2.57e+02)5(2.52e+02)6(2.39e+02)2(1.49e+02)3(1.13e+02)
84:1(3.49e+01)5(3.40e+01)4(2.93e+01)6(1.99e+01)3(1.84e+01)2(1.70e+01)7(1.60e+01)0(1.31e+01)
85:1(5.94e+01)4(5.68e+01)2(5.48e+01)0(4.37e+01)5(4.15e+01)7(4.09e+01)6(3.87e+01)3(3.53e+01)
86:5(4.82e+01)3(4.60e+01)1(4.48e+01)4(3.97e+01)0(3.06e+01)6(2.31e+01)2(2.12e+01)7(1.79e+01)
87:0(1.29e+02)1(1.06e+02)2(1.02e+02)5(9.97e+01)4(6.69e+01)6(6.07e+01)7(4.68e+01)3(3.86e+01)
88:3(1.56e+02)4(1.48e+02)2(1.39e+02)1(1.21e+02)5(1.07e+02)0(1.06e+02)7(1.05e+02)6(8.38e+01)
89:1(2.51e+02)2(2.02e+02)4(1.98e+02)5(1.91e+02)6(9.52e+01)0(8.10e+01)3(8.04e+01)7(5.02e+01)
90:4(2.45e+01)5(2.40e+01)1(2.34e+01)2(2.04e+01)0(5.00e+00)6(5.00e+00)3(3.00e+00)7(2.00e+00)
91:2(3.00e+01)5(2.71e+01)4(2.40e+01)0(2.21e+01)6(8.00e+00)1(6.00e+00)7(5.00e+00)3(4.00e+00)
92:4(1.90e+01)2(1.70e+01)5(1.01e+01)0(1.00e+01)6(5.00e+00)3(4.00e+00)1(3.00e+00)7(3.00e+00)
93:2(1.94e+02)1(1.70e+02)4(1.51e+02)5(1.32e+02)6(1.25e+02)0(6.40e+01)3(6.12e+01)7(4.50e+01)
94:1(1.20e+02)5(1.13e+02)3(1.10e+02)4(1.01e+02)7(9.52e+01)2(7.80e+01)6(6.88e+01)0(5.42e+01)
95:2(1.74e+02)5(1.43e+02)0(1.14e+02)1(1.13e+02)6(1.05e+02)4(8.49e+01)7(7.99e+01)3(6.85e+01)
96:4(6.00e+00)3(4.00e+00)0(3.00e+00)6(2.00e+00)7(2.00e+00)1(1.00e+00)2(1.00e+00)5(1.00e+00)
97:0(4.00e+00)1(2.00e+00)4(2.00e+00)2(1.00e+00)3(1.00e+00)5(1.00e+00)6(1.00e+00)7(1.00e+00)
98:2(1.10e+01)4(9.00e+00)1(6.00e+00)0(5.00e+00)3(4.00e+00)5(4.00e+00)6(4.00e+00)7(3.00e+00)
99:3(3.34e+02)5(3.05e+02)2(3.04e+02)4(2.41e+02)7(2.32e+02)0(2.14e+02)6(1.95e+02)1(1.42e+02)
100:1(3.62e+02)2(3.33e+02)4(3.09e+02)5(2.61e+02)6(2.07e+02)0(2.03e+02)3(1.19e+02)7(1.13e+02)
101:4(4.58e+02)0(4.58e+02)2(4.21e+02)5(3.79e+02)1(3.42e+02)6(1.53e+02)7(7.34e+01)3(5.48e+01)
102:4(3.26e+02)0(3.25e+02)3(2.30e+02)1(2.02e+02)5(1.63e+02)2(1.47e+02)6(1.33e+02)7(1.18e+02)
103:3(3.78e+02)5(3.26e+02)4(2.81e+02)0(2.59e+02)1(2.54e+02)6(2.33e+02)7(2.21e+02)2(1.81e+02)
104:2(3.06e+02)0(2.84e+02)5(2.68e+02)4(2.47e+02)6(1.76e+02)3(1.47e+02)1(1.30e+02)7(8.66e+01)
105:2(2.00e+00)4(2.00e+00)0(1.00e+00)1(1.00e+00)3(1.00e+00)5(1.00e+00)6(1.00e+00)7(1.00e+00)
106:4(4.00e+00)2(3.00e+00)0(2.00e+00)1(2.00e+00)3(2.00e+00)5(2.00e+00)6(1.00e+00)7(1.00e+00)
107:4(3.00e+00)2(2.00e+00)0(1.00e+00)3(1.00e+00)5(1.00e+00)6(1.00e+00)1(5.00e-01)7(5.00e-01)
108:2(3.65e+02)4(3.49e+02)5(2.26e+02)1(1.95e+02)6(1.03e+02)0(5.27e+01)3(2.87e+01)7(2.07e+01)
109:6(2.35e+02)5(2.23e+02)1(2.01e+02)3(1.87e+02)0(1.84e+02)2(1.66e+02)4(1.36e+02)7(1.06e+02)
110:3(2.25e+02)5(2.00e+02)2(1.88e+02)7(1.75e+02)4(1.62e+02)0(1.57e+02)6(1.47e+02)1(1.36e+02)
111:3(4.00e+02)4(3.72e+02)0(3.26e+02)5(2.80e+02)2(2.64e+02)6(2.55e+02)7(2.18e+02)1(1.94e+02)
112:2(5.48e+02)3(5.36e+02)5(4.98e+02)6(4.67e+02)4(4.18e+02)0(3.90e+02)7(2.75e+02)1(1.93e+02)
113:1(6.48e+02)4(5.36e+02)0(4.47e+02)5(4.46e+02)2(4.32e+02)6(3.53e+02)3(2.28e+02)7(9.30e+01)
114:4(7.78e+01)1(6.05e+01)5(5.38e+01)3(4.92e+01)6(4.51e+01)2(4.51e+01)7(3.63e+01)0(2.90e+01)
115:0(6.76e+01)4(6.65e+01)3(5.98e+01)6(5.61e+01)1(5.50e+01)5(4.79e+01)7(3.12e+01)2(2.47e+01)
116:2(5.34e+01)1(4.48e+01)5(3.73e+01)4(3.36e+01)7(3.01e+01)6(2.56e+01)3(2.07e+01)0(1.60e+01)
117:1(2.21e+02)4(2.03e+02)2(1.60e+02)6(1.44e+02)0(1.08e+02)5(1.03e+02)7(9.02e+01)3(7.59e+01)
118:4(2.70e+02)0(2.11e+02)5(2.10e+02)2(1.70e+02)1(1.27e+02)3(1.09e+02)6(8.58e+01)7(6.19e+01)
119:2(4.54e+02)4(3.84e+02)0(2.56e+02)5(2.32e+02)1(5.55e+01)3(4.28e+01)7(4.19e+01)6(3.59e+01)
120:2(7.02e+01)4(4.87e+01)5(3.95e+01)0(3.40e+01)1(2.66e+01)3(2.66e+01)6(2.25e+01)7(1.46e+01)
121:2(1.06e+02)4(8.12e+01)3(7.48e+01)7(7.07e+01)5(6.60e+01)1(6.08e+01)0(5.71e+01)6(3.17e+01)
122:1(8.45e+01)4(8.41e+01)3(4.23e+01)5(4.21e+01)6(3.30e+01)7(2.17e+01)2(2.09e+01)0(1.49e+01)
123:4(1.63e+02)2(1.54e+02)5(1.23e+02)1(1.20e+02)3(4.69e+01)6(4.42e+01)7(3.63e+01)0(2.94e+01)
124:4(1.25e+02)2(1.02e+02)5(9.17e+01)0(9.10e+01)6(8.18e+01)1(7.43e+01)3(6.71e+01)7(5.03e+01)
125:2(2.88e+02)5(1.50e+02)0(1.48e+02)4(1.41e+02)3(4.33e+01)1(4.09e+01)7(3.98e+01)6(3.48e+01)
126:4(3.17e+01)2(2.72e+01)5(2.61e+01)3(2.31e+01)0(2.26e+01)7(1.10e+01)1(1.06e+01)6(1.02e+01)
127:5(7.12e+01)4(6.14e+01)1(3.11e+01)2(2.82e+01)6(2.40e+01)0(1.90e+01)3(1.50e+01)7(8.27e+00)
128:4(5.65e+01)2(2.76e+01)0(2.09e+01)6(1.73e+01)5(1.71e+01)1(1.58e+01)7(7.00e+00)3(4.00e+00)
129:1(5.42e+01)4(4.97e+01)7(4.45e+01)5(2.56e+01)6(2.16e+01)0(1.71e+01)3(1.71e+01)2(8.00e+00)
130:3(5.64e+01)4(4.38e+01)5(2.60e+01)0(2.58e+01)6(2.41e+01)1(2.17e+01)2(1.89e+01)7(9.99e+00)
131:4(8.63e+01)0(6.82e+01)5(6.49e+01)2(6.38e+01)6(3.00e+01)1(2.26e+01)3(1.40e+01)7(1.00e+01)
132:3(3.11e+02)4(2.88e+02)2(2.14e+02)5(1.99e+02)6(1.77e+02)7(1.44e+02)1(1.20e+02)0(9.96e+01)
133:2(3.90e+02)5(3.63e+02)1(3.45e+02)4(3.09e+02)6(2.83e+02)3(2.42e+02)0(2.34e+02)7(1.94e+02)
134:2(7.24e+02)5(6.57e+02)4(5.08e+02)0(3.68e+02)3(2.69e+02)6(1.96e+02)1(1.25e+02)7(8.66e+01)
135:0(2.14e+02)4(1.65e+02)1(1.36e+02)5(1.27e+02)6(1.11e+02)2(1.00e+02)7(9.83e+01)3(7.48e+01)
136:2(3.11e+02)4(2.39e+02)5(2.15e+02)0(1.98e+02)3(1.15e+02)6(1.10e+02)1(7.78e+01)7(6.66e+01)
137:4(3.32e+02)0(2.70e+02)2(2.44e+02)5(2.11e+02)1(1.87e+02)6(9.60e+01)7(7.96e+01)3(5.43e+01)
138:2(2.13e+02)5(1.82e+02)0(1.51e+02)4(1.45e+02)3(1.38e+02)6(1.02e+02)7(9.87e+01)1(9.12e+01)
139:5(1.27e+02)4(1.01e+02)3(9.92e+01)6(9.45e+01)0(9.06e+01)2(8.65e+01)1(8.35e+01)7(7.43e+01)
140:1(1.27e+02)4(1.02e+02)7(1.00e+02)2(9.62e+01)3(8.62e+01)5(7.98e+01)0(7.22e+01)6(6.61e+01)
141:4(2.26e+02)2(1.37e+02)0(1.30e+02)5(1.27e+02)6(1.13e+02)1(1.00e+02)3(8.94e+01)7(7.92e+01)
142:0(1.25e-01)1(1.25e-01)2(1.25e-01)3(1.25e-01)4(1.25e-01)5(1.25e-01)6(1.25e-01)7(1.25e-01)
143:2(1.14e+02)4(1.04e+02)5(9.81e+01)1(7.48e+01)3(6.03e+01)7(5.18e+01)6(5.03e+01)0(2.92e+01)
144:0(2.50e-01)1(2.50e-01)2(2.50e-01)3(2.50e-01)4(2.50e-01)5(2.50e-01)6(2.50e-01)7(2.50e-01)
145:4(1.60e+02)1(1.41e+02)5(1.25e+02)3(1.18e+02)0(1.05e+02)2(1.05e+02)6(1.03e+02)7(7.48e+01)
146:6(1.01e+02)4(8.53e+01)2(8.23e+01)1(8.11e+01)5(8.10e+01)3(7.93e+01)0(6.79e+01)7(3.79e+01)
147:4(1.88e+02)2(1.71e+02)1(1.23e+02)3(1.14e+02)5(9.18e+01)6(7.92e+01)0(7.91e+01)7(6.37e+01)
148:4(1.08e+02)2(9.21e+01)0(5.31e+01)6(5.21e+01)5(4.98e+01)1(4.23e+01)3(2.65e+01)7(2.19e+01)
149:4(1.71e+02)0(1.58e+02)2(1.20e+02)3(1.05e+02)5(9.99e+01)6(8.73e+01)7(7.53e+01)1(5.76e+01)
150:2(2.02e+02)4(1.85e+02)5(1.78e+02)6(1.48e+02)0(1.45e+02)1(1.32e+02)3(9.27e+01)7(5.20e+01)
151:4(1.07e+02)2(1.02e+02)0(9.79e+01)5(8.89e+01)6(8.82e+01)1(7.79e+01)3(7.72e+01)7(2.22e+01)
152:2(6.00e+01)4(4.23e+01)5(3.83e+01)1(3.66e+01)6(3.22e+01)3(3.06e+01)0(2.94e+01)7(2.70e+01)
153:2(7.39e+01)4(5.90e+01)6(3.65e+01)5(3.28e+01)3(3.11e+01)0(2.59e+01)7(2.35e+01)1(1.56e+01)
154:4(6.87e+01)2(6.27e+01)0(5.25e+01)6(3.47e+01)5(3.24e+01)3(2.45e+01)1(2.33e+01)7(1.63e+01)
155:3(8.97e+01)2(8.53e+01)6(7.27e+01)5(7.15e+01)7(6.80e+01)4(6.66e+01)1(5.93e+01)0(3.79e+01)
156:3(1.35e+01)4(1.34e+01)5(1.00e+01)2(5.00e+00)0(3.00e+00)1(2.00e+00)6(2.00e+00)7(1.00e+00)
157:0(2.50e-01)2(2.50e-01)4(2.50e-01)5(2.50e-01)1(1.00e-05)3(1.00e-05)6(1.00e-05)7(1.00e-05)
158:0(1.25e-01)1(1.25e-01)2(1.25e-01)3(1.25e-01)4(1.25e-01)5(1.25e-01)6(1.25e-01)7(1.25e-01)
159:3(6.95e+01)4(5.62e+01)5(5.03e+01)2(5.00e+01)7(4.97e+01)1(4.68e+01)6(4.36e+01)0(3.32e+01)
160:5(1.60e+02)6(1.50e+02)0(1.36e+02)3(1.31e+02)1(1.14e+02)4(1.09e+02)7(1.06e+02)2(4.91e+01)
161:3(8.39e+01)1(6.17e+01)5(6.04e+01)6(5.67e+01)2(5.63e+01)7(5.28e+01)0(5.19e+01)4(4.00e+01)
162:5(1.63e+02)2(1.61e+02)4(1.54e+02)3(1.50e+02)7(1.17e+02)6(1.10e+02)0(1.09e+02)1(9.86e+01)
163:4(1.01e+02)0(8.92e+01)3(8.26e+01)5(7.68e+01)2(7.30e+01)7(7.09e+01)1(6.35e+01)6(4.36e+01)
164:5(1.24e+02)4(1.18e+02)0(1.01e+02)2(9.67e+01)6(9.04e+01)1(8.36e+01)3(7.45e+01)7(7.05e+01)
165:2(4.73e+01)5(4.63e+01)1(3.60e+01)3(3.57e+01)4(3.06e+01)6(2.84e+01)0(2.48e+01)7(2.07e+01)
166:2(1.92e+02)5(1.64e+02)4(1.40e+02)1(1.07e+02)3(1.05e+02)6(6.15e+01)7(6.14e+01)0(5.32e+01)
167:2(8.22e+01)3(6.28e+01)4(5.09e+01)5(4.67e+01)6(4.60e+01)0(4.45e+01)1(3.43e+01)7(2.27e+01)
168:5(3.88e+02)4(3.55e+02)7(3.48e+02)1(3.31e+02)0(3.28e+02)2(2.91e+02)6(2.69e+02)3(2.23e+02)
169:4(1.34e+02)1(1.16e+02)0(1.15e+02)5(1.09e+02)2(1.07e+02)3(9.41e+01)7(8.16e+01)6(5.77e+01)
170:4(3.13e+01)3(2.22e+01)5(1.91e+01)1(1.72e+01)2(1.55e+01)6(1.33e+01)7(1.00e+01)0(6.00e+00)
171:0(2.50e-01)1(2.50e-01)2(2.50e-01)3(2.50e-01)4(2.50e-01)5(2.50e-01)6(2.50e-01)7(2.50e-01)
172:4(1.21e+01)2(9.99e+00)3(7.99e+00)5(4.00e+00)6(4.00e+00)1(4.00e+00)0(3.00e+00)7(2.00e+00)
173:0(1.25e-01)1(1.25e-01)2(1.25e-01)3(1.25e-01)4(1.25e-01)5(1.25e-01)6(1.25e-01)7(1.25e-01)
174:4(4.06e+01)2(3.99e+01)0(3.30e+01)6(3.26e+01)5(3.12e+01)3(2.91e+01)1(2.40e+01)7(1.60e+01)
175:5(1.99e+01)2(1.40e+01)6(1.20e+01)0(1.04e+01)1(8.99e+00)4(7.98e+00)3(7.54e+00)7(3.00e+00)
176:4(3.22e+01)3(2.30e+01)1(2.03e+01)5(1.65e+01)2(6.12e+00)6(6.00e+00)7(5.62e+00)0(4.00e+00)
177:1(5.00e-01)2(5.00e-01)4(5.00e-01)5(5.00e-01)0(2.50e-01)3(2.50e-01)6(2.50e-01)7(2.50e-01)
178:4(1.72e+02)1(1.58e+02)3(1.39e+02)5(1.32e+02)2(1.26e+02)7(1.03e+02)6(9.61e+01)0(5.22e+01)
179:2(1.45e+02)4(1.45e+02)3(1.32e+02)6(1.14e+02)0(1.08e+02)7(9.45e+01)1(8.10e+01)5(7.51e+01)
180:4(2.25e+02)1(2.00e+02)6(1.76e+02)3(1.74e+02)5(1.45e+02)0(1.43e+02)7(1.29e+02)2(1.27e+02)
181:5(6.50e+01)4(5.70e+01)2(3.91e+01)0(3.58e+01)6(6.00e+00)3(3.00e+00)1(3.00e+00)7(3.00e+00)
182:2(3.99e+01)3(3.41e+01)4(3.10e+01)5(2.46e+01)0(1.51e+01)1(1.50e+01)7(1.24e+01)6(1.13e+01)
183:7(7.32e+01)3(6.22e+01)1(5.13e+01)2(4.73e+01)5(4.63e+01)4(4.54e+01)0(4.53e+01)6(2.59e+01)
184:4(3.52e+01)2(3.47e+01)1(3.15e+01)6(2.65e+01)7(1.99e+01)3(1.87e+01)5(1.47e+01)0(1.08e+01)
185:1(8.54e+01)0(5.10e+01)2(4.94e+01)6(4.43e+01)3(4.42e+01)4(4.23e+01)5(3.58e+01)7(2.00e+01)
186:4(1.90e+02)5(1.32e+02)2(1.13e+02)0(1.12e+02)1(1.03e+02)6(9.06e+01)7(3.70e+01)3(3.40e+01)
187:5(5.82e+01)0(5.15e+01)4(3.82e+01)2(2.65e+01)6(1.40e+01)7(4.00e+00)3(3.00e+00)1(1.00e+00)
188:4(1.22e+02)3(9.18e+01)0(8.49e+01)2(7.40e+01)5(7.23e+01)6(7.01e+01)7(6.62e+01)1(5.99e+01)
189:0(2.50e-01)1(2.50e-01)2(2.50e-01)3(2.50e-01)4(2.50e-01)5(2.50e-01)6(2.50e-01)7(2.50e-01)
190:0(1.25e-01)1(1.25e-01)2(1.25e-01)3(1.25e-01)4(1.25e-01)5(1.25e-01)6(1.25e-01)7(1.25e-01)
191:1(2.05e+02)4(1.74e+02)5(1.50e+02)6(1.40e+02)2(1.37e+02)0(9.69e+01)7(7.07e+01)3(5.74e+01)
192:5(7.02e+01)7(6.98e+01)1(6.74e+01)2(6.06e+01)4(6.04e+01)6(5.94e+01)0(5.53e+01)3(5.12e+01)
193:2(1.73e+02)4(1.14e+02)1(9.56e+01)0(8.17e+01)5(7.41e+01)6(6.61e+01)3(6.44e+01)7(5.89e+01)
194:1(1.25e-01)2(1.25e-01)4(1.25e-01)5(1.25e-01)0(1.25e-01)3(1.25e-01)6(1.25e-01)7(1.25e-01)
195:4(1.23e+02)2(1.18e+02)7(8.11e+01)3(6.43e+01)5(5.48e+01)6(4.81e+01)1(4.29e+01)0(3.91e+01)
196:2(2.78e+01)4(2.10e+01)5(1.60e+01)0(1.49e+01)7(6.00e+00)6(4.00e+00)3(3.00e+00)1(1.00e+00)
197:3(2.32e+01)4(1.59e+01)5(1.48e+01)1(1.42e+01)2(1.29e+01)6(1.21e+01)0(9.00e+00)7(8.00e+00)
198:4(2.49e+01)2(1.31e+01)1(1.20e+01)3(1.11e+01)0(8.99e+00)5(8.96e+00)7(8.01e+00)6(5.00e+00)
199:1(5.00e-01)2(5.00e-01)4(5.00e-01)5(5.00e-01)0(2.50e-01)3(2.50e-01)6(2.50e-01)7(2.50e-01)
200:1(1.96e+02)5(1.39e+02)2(1.34e+02)6(1.07e+02)4(1.03e+02)0(9.60e+01)3(7.52e+01)7(6.84e+01)
201:0(5.00e-01)2(5.00e-01)4(5.00e-01)5(5.00e-01)1(2.50e-01)3(2.50e-01)6(2.50e-01)7(2.50e-01)
202:4(4.87e+01)2(4.72e+01)1(4.60e+01)6(3.09e+01)5(2.88e+01)0(2.33e+01)7(2.20e+01)3(7.00e+00)
203:2(1.65e+02)4(1.44e+02)5(1.44e+02)0(1.19e+02)7(1.18e+02)6(1.15e+02)3(1.06e+02)1(8.14e+01)
204:4(1.36e+02)2(1.26e+02)3(1.11e+02)5(9.69e+01)0(9.58e+01)6(9.23e+01)7(7.61e+01)1(7.33e+01)
205:2(3.32e+01)4(3.18e+01)0(2.40e+01)5(1.89e+01)6(1.86e+01)1(1.66e+01)3(4.00e+00)7(3.00e+00)
206:4(3.53e+01)3(2.70e+01)2(2.51e+01)5(2.09e+01)7(1.58e+01)1(1.29e+01)6(1.29e+01)0(1.20e+01)
207:4(1.30e+01)2(8.00e+00)0(8.00e+00)5(5.00e+00)1(4.00e+00)7(4.00e+00)6(3.00e+00)3(2.00e+00)
208:1(1.31e-01)2(1.31e-01)4(1.31e-01)5(1.31e-01)0(1.19e-01)3(1.19e-01)6(1.19e-01)7(1.19e-01)
209:3(3.00e+01)4(2.11e+01)1(1.87e+01)2(1.80e+01)6(1.30e+01)5(1.00e+01)7(6.00e+00)0(6.00e+00)
210:4(4.76e+01)0(2.20e+01)2(1.89e+01)5(1.73e+01)1(6.98e+00)6(5.00e+00)3(5.00e+00)7(4.00e+00)
211:4(5.86e+01)2(3.23e+01)1(1.97e+01)6(1.90e+01)5(1.65e+01)3(1.49e+01)0(1.20e+01)7(7.00e+00)
212:0(1.25e-01)1(1.25e-01)2(1.25e-01)3(1.25e-01)4(1.25e-01)5(1.25e-01)6(1.25e-01)7(1.25e-01)
213:4(1.72e+02)3(1.45e+02)5(1.43e+02)0(1.35e+02)1(1.26e+02)2(1.23e+02)6(1.10e+02)7(9.32e+01)
214:5(1.96e+02)4(1.91e+02)2(1.86e+02)3(1.52e+02)0(1.32e+02)7(1.11e+02)6(1.02e+02)1(6.38e+01)
215:0(1.25e-01)1(1.25e-01)2(1.25e-01)3(1.25e-01)4(1.25e-01)5(1.25e-01)6(1.25e-01)7(1.25e-01)
216:4(1.71e+02)2(1.41e+02)0(1.12e+02)5(9.58e+01)6(9.57e+01)1(9.17e+01)3(6.67e+01)7(4.76e+01)
217:0(1.00e+00)2(1.00e+00)4(1.00e+00)5(1.00e+00)1(5.00e-01)3(5.00e-01)6(5.00e-01)7(5.00e-01)
218:1(1.01e+02)3(9.37e+01)6(9.04e+01)5(7.28e+01)0(6.97e+01)7(6.93e+01)2(6.80e+01)4(6.39e+01)
219:0(1.25e-01)1(1.25e-01)2(1.25e-01)3(1.25e-01)4(1.25e-01)5(1.25e-01)6(1.25e-01)7(1.25e-01)
220:0(1.25e-01)2(1.25e-01)4(1.25e-01)5(1.25e-01)1(1.25e-01)3(1.25e-01)6(1.25e-01)7(1.25e-01)
221:1(2.43e+01)2(1.54e+01)3(1.30e+01)0(1.11e+01)5(9.60e+00)6(7.95e+00)7(3.00e+00)4(1.73e+00)
222:4(1.36e+02)1(9.14e+01)2(7.94e+01)5(7.21e+01)0(5.10e+01)3(2.94e+01)6(2.52e+01)7(6.00e+00)
223:0(3.68e+01)4(3.60e+01)1(3.59e+01)6(3.25e+01)5(2.89e+01)2(1.61e+01)7(1.47e+01)3(5.00e+00)
224:0(1.25e-01)1(1.25e-01)2(1.25e-01)3(1.25e-01)4(1.25e-01)5(1.25e-01)6(1.25e-01)7(1.25e-01)
225:1(3.67e+01)4(2.79e+01)3(2.56e+01)5(1.59e+01)0(1.59e+01)7(1.55e+01)6(1.55e+01)2(1.12e+01)
226:4(9.07e+01)5(8.47e+01)2(7.11e+01)1(6.40e+01)0(6.04e+01)6(5.74e+01)3(4.36e+01)7(3.86e+01)
227:2(8.41e+01)0(7.74e+01)3(7.05e+01)4(6.56e+01)1(6.34e+01)7(6.04e+01)5(6.01e+01)6(5.69e+01)
228:1(3.92e+01)4(2.65e+01)5(2.48e+01)2(2.40e+01)7(1.68e+01)3(1.40e+01)6(1.28e+01)0(7.00e+00)
229:5(7.00e+00)2(6.99e+00)4(6.00e+00)0(5.00e+00)1(2.00e+00)3(2.00e+00)6(1.00e+00)7(1.00e+00)
230:4(1.00e+01)3(9.00e+00)1(8.00e+00)2(8.00e+00)5(7.00e+00)6(2.00e+00)7(2.00e+00)0(1.00e+00)
231:1(1.20e+01)4(9.98e+00)2(9.03e+00)0(3.00e+00)3(3.00e+00)5(3.00e+00)6(2.00e+00)7(2.00e+00)
232:2(2.00e+00)0(1.00e+00)1(1.00e+00)3(1.00e+00)4(1.00e+00)5(1.00e+00)6(1.00e+00)7(1.00e+00)
233:1(1.44e-01)3(1.44e-01)4(1.44e-01)5(1.44e-01)0(1.06e-01)2(1.06e-01)6(1.06e-01)7(1.06e-01)
234:0(5.00e-01)1(5.00e-01)2(5.00e-01)3(5.00e-01)4(5.00e-01)5(5.00e-01)6(5.00e-01)7(5.00e-01)
235:0(2.50e-01)1(2.50e-01)2(2.50e-01)3(2.50e-01)4(2.50e-01)5(2.50e-01)6(2.50e-01)7(2.50e-01)
236:2(4.00e+00)0(1.00e+00)1(1.00e+00)4(1.00e+00)5(1.00e+00)6(1.00e+00)3(5.00e-01)7(5.00e-01)
237:2(1.00e+00)4(1.00e+00)0(5.00e-01)1(5.00e-01)3(5.00e-01)5(5.00e-01)6(5.00e-01)7(5.00e-01)
238:0(5.00e-01)1(5.00e-01)2(5.00e-01)3(5.00e-01)4(5.00e-01)5(5.00e-01)6(5.00e-01)7(5.00e-01)
239:4(7.00e+00)0(2.00e+00)1(2.00e+00)2(2.00e+00)5(2.00e+00)6(2.00e+00)3(5.00e-01)7(5.00e-01)
240:4(7.51e+01)5(7.01e+01)2(6.02e+01)0(5.73e+01)3(4.30e+01)1(4.06e+01)6(3.85e+01)7(2.95e+01)
241:4(7.72e+01)7(6.53e+01)5(5.03e+01)1(4.86e+01)3(4.73e+01)6(4.57e+01)0(3.68e+01)2(3.22e+01)
242:2(1.05e+02)4(6.45e+01)1(4.52e+01)5(4.36e+01)3(4.30e+01)0(3.50e+01)7(3.04e+01)6(2.66e+01)
243:3(1.25e+02)2(1.09e+02)5(9.59e+01)1(7.80e+01)6(7.03e+01)4(6.99e+01)0(5.50e+01)7(4.50e+01)
244:2(1.01e+02)4(9.87e+01)6(8.51e+01)1(8.29e+01)5(8.23e+01)0(8.14e+01)3(5.66e+01)7(5.41e+01)
245:4(1.02e+02)1(9.46e+01)3(9.02e+01)7(6.94e+01)2(6.76e+01)6(6.62e+01)0(5.63e+01)5(4.49e+01)
246:1(2.83e+01)4(9.71e+00)2(3.00e+00)5(2.00e+00)3(1.00e+00)6(1.00e+00)0(5.00e-01)7(5.00e-01)
247:4(1.20e+01)0(7.00e+00)1(6.00e+00)5(6.00e+00)3(4.00e+00)6(4.00e+00)2(2.00e+00)7(1.00e+00)
248:4(1.61e+01)1(1.14e+01)5(7.00e+00)2(4.00e+00)3(3.00e+00)6(2.00e+00)0(1.00e+00)7(1.00e+00)
249:0(2.50e-01)1(2.50e-01)2(2.50e-01)3(2.50e-01)4(2.50e-01)5(2.50e-01)6(2.50e-01)7(2.50e-01)
250:4(1.57e+02)1(1.21e+02)2(9.94e+01)7(9.66e+01)3(9.05e+01)5(8.08e+01)6(7.80e+01)0(5.30e+01)
251:4(7.89e+01)2(7.29e+01)1(6.20e+01)5(5.31e+01)3(4.61e+01)0(3.70e+01)6(3.56e+01)7(2.68e+01)
252:2(1.19e+02)4(1.14e+02)1(8.08e+01)3(7.99e+01)5(7.57e+01)6(6.66e+01)7(5.78e+01)0(4.46e+01)
253:1(1.55e-01)2(1.55e-01)4(1.55e-01)5(1.55e-01)0(9.47e-02)3(9.47e-02)6(9.47e-02)7(9.47e-02)
254:0(1.25e-01)1(1.25e-01)2(1.25e-01)3(1.25e-01)4(1.25e-01)5(1.25e-01)6(1.25e-01)7(1.25e-01)
255:2(1.46e+02)1(1.40e+02)5(1.16e+02)6(1.11e+02)0(1.10e+02)4(1.05e+02)7(7.85e+01)3(6.10e+01)
256:2(1.59e+02)4(1.38e+02)5(9.61e+01)6(8.98e+01)0(8.76e+01)3(8.69e+01)1(8.50e+01)7(4.30e+01)
257:0(1.31e-01)2(1.31e-01)4(1.31e-01)5(1.31e-01)1(1.19e-01)3(1.19e-01)6(1.19e-01)7(1.19e-01)
258:4(1.95e+02)5(1.28e+02)6(1.01e+02)1(1.01e+02)2(9.98e+01)0(7.94e+01)3(5.89e+01)7(4.67e+01)
259:4(8.33e+01)1(7.35e+01)3(2.39e+01)5(2.06e+01)6(7.00e+00)2(5.00e+00)7(5.00e+00)0(4.00e+00)
260:0(2.50e-01)1(2.50e-01)2(2.50e-01)3(2.50e-01)4(2.50e-01)5(2.50e-01)6(2.50e-01)7(2.50e-01)
261:2(1.00e+00)4(1.00e+00)1(5.00e-01)5(5.00e-01)0(2.50e-01)3(2.50e-01)6(2.50e-01)7(2.50e-01)
262:0(1.25e-01)2(1.25e-01)4(1.25e-01)5(1.25e-01)1(1.25e-01)3(1.25e-01)6(1.25e-01)7(1.25e-01)
263:0(2.50e-01)1(2.50e-01)2(2.50e-01)3(2.50e-01)4(2.50e-01)5(2.50e-01)6(2.50e-01)7(2.50e-01)
264:0(2.50e-01)1(2.50e-01)2(2.50e-01)3(2.50e-01)4(2.50e-01)5(2.50e-01)6(2.50e-01)7(2.50e-01)
265:0(1.25e-01)2(1.25e-01)4(1.25e-01)5(1.25e-01)1(1.25e-01)3(1.25e-01)6(1.25e-01)7(1.25e-01)
266:1(1.65e+02)2(1.57e+02)4(1.54e+02)3(1.46e+02)5(1.41e+02)0(1.39e+02)6(1.20e+02)7(1.07e+02)
267:1(1.37e-01)2(1.37e-01)4(1.37e-01)5(1.37e-01)0(1.13e-01)3(1.13e-01)6(1.13e-01)7(1.13e-01)
268:1(1.17e+02)4(1.12e+02)5(7.72e+01)0(4.18e+01)3(4.05e+01)2(4.05e+01)6(3.85e+01)7(2.39e+01)
269:4(9.31e+01)6(7.04e+01)5(7.01e+01)2(6.41e+01)1(5.79e+01)0(4.94e+01)3(4.20e+01)7(1.63e+01)
270:1(6.65e+01)7(5.89e+01)3(5.81e+01)2(5.59e+01)5(5.41e+01)4(5.15e+01)6(4.36e+01)0(2.79e+01)
271:2(1.10e+02)5(9.04e+01)6(8.83e+01)4(8.01e+01)0(6.32e+01)1(4.61e+01)3(1.50e+01)7(1.30e+01)
272:2(4.48e+01)4(3.96e+01)5(3.06e+01)1(2.63e+01)3(2.45e+01)6(2.38e+01)7(1.15e+01)0(7.94e+00)
273:1(1.54e+02)0(1.24e+02)4(1.19e+02)6(1.05e+02)2(1.04e+02)5(1.00e+02)3(4.91e+01)7(3.99e+01)
274:4(8.73e+01)1(8.06e+01)3(4.91e+01)7(3.64e+01)5(3.18e+01)6(2.88e+01)0(2.18e+01)2(2.07e+01)
275:4(4.95e+01)1(4.83e+01)6(4.42e+01)3(4.37e+01)2(3.90e+01)5(3.89e+01)7(3.60e+01)0(3.16e+01)
276:3(5.48e+01)1(3.49e+01)4(3.38e+01)5(3.27e+01)2(3.01e+01)7(2.71e+01)6(2.21e+01)0(1.91e+01)
277:3(1.79e+02)2(1.72e+02)5(1.46e+02)1(1.26e+02)4(1.23e+02)6(1.18e+02)0(1.01e+02)7(7.66e+01)
278:4(2.00e+02)0(1.81e+02)3(1.67e+02)1(1.50e+02)2(1.33e+02)5(1.28e+02)7(1.19e+02)6(1.08e+02)
279:0(2.50e-01)1(2.50e-01)2(2.50e-01)3(2.50e-01)4(2.50e-01)5(2.50e-01)6(2.50e-01)7(2.50e-01)
280:4(1.91e+01)5(1.62e+01)1(1.55e+01)2(1.10e+01)3(4.00e+00)6(4.00e+00)0(3.00e+00)7(2.00e+00)
281:1(1.37e-01)3(1.37e-01)4(1.37e-01)5(1.37e-01)0(1.13e-01)2(1.13e-01)6(1.13e-01)7(1.13e-01)
282:0(2.58e+02)5(2.13e+02)3(2.02e+02)6(1.99e+02)4(1.98e+02)1(1.68e+02)2(1.56e+02)7(1.53e+02)
283:5(1.95e+02)2(1.38e+02)1(1.38e+02)3(1.29e+02)4(1.21e+02)7(1.19e+02)6(9.22e+01)0(8.40e+01)
284:4(1.85e+02)2(1.51e+02)3(1.43e+02)0(1.41e+02)1(1.37e+02)5(1.36e+02)6(1.31e+02)7(8.18e+01)
285:4(9.47e+01)2(9.02e+01)5(7.33e+01)3(6.65e+01)1(6.58e+01)6(6.54e+01)0(4.62e+01)7(2.87e+01)
286:4(2.04e+02)2(1.99e+02)5(1.64e+02)0(1.42e+02)3(9.57e+01)1(9.41e+01)6(6.67e+01)7(6.61e+01)
287:0(5.00e-01)2(5.00e-01)4(5.00e-01)5(5.00e-01)1(2.50e-01)3(2.50e-01)6(2.50e-01)7(2.50e-01)
288:0(3.00e+00)4(3.00e+00)1(2.00e+00)2(2.00e+00)3(2.00e+00)5(2.00e+00)6(1.00e+00)7(1.00e+00)
289:4(2.00e+00)0(1.00e+00)1(5.00e-01)2(5.00e-01)3(5.00e-01)5(5.00e-01)6(5.00e-01)7(5.00e-01)
290:4(5.00e+00)5(5.00e+00)0(3.00e+00)2(3.00e+00)6(2.00e+00)7(2.00e+00)1(1.00e+00)3(1.00e+00)
291:4(4.00e+00)0(2.00e+00)2(2.00e+00)5(2.00e+00)6(2.00e+00)7(2.00e+00)1(1.00e+00)3(1.00e+00)
292:2(2.25e+01)3(1.69e+01)1(1.51e+01)4(1.41e+01)6(9.00e+00)5(7.00e+00)0(6.00e+00)7(6.00e+00)
293:1(1.25e-01)2(1.25e-01)4(1.25e-01)5(1.25e-01)0(1.25e-01)3(1.25e-01)6(1.25e-01)7(1.25e-01)
294:0(1.25e-01)1(1.25e-01)2(1.25e-01)3(1.25e-01)4(1.25e-01)5(1.25e-01)6(1.25e-01)7(1.25e-01)
295:3(1.92e+01)4(1.80e+01)5(1.69e+01)2(1.50e+01)7(1.10e+01)0(9.00e+00)6(8.00e+00)1(8.00e+00)
296:5(2.27e+01)1(1.87e+01)6(1.74e+01)2(1.43e+01)4(1.36e+01)0(1.20e+01)3(7.00e+00)7(6.00e+00)
297:0(1.00e+00)1(1.00e+00)4(1.00e+00)5(1.00e+00)2(5.00e-01)3(5.00e-01)6(5.00e-01)7(5.00e-01)
298:0(5.00e+00)4(4.00e+00)1(5.00e-01)2(5.00e-01)3(5.00e-01)5(5.00e-01)6(5.00e-01)7(5.00e-01)
299:2(1.72e+02)4(1.33e+02)0(1.29e+02)5(1.26e+02)1(9.20e+01)3(6.94e+01)7(6.67e+01)6(6.63e+01)
300:0(1.73e+02)4(1.28e+02)6(9.20e+01)3(8.58e+01)5(8.51e+01)1(8.19e+01)2(4.59e+01)7(4.52e+01)
301:2(1.03e+02)3(5.61e+01)0(4.85e+01)4(4.72e+01)5(4.64e+01)6(4.44e+01)1(4.24e+01)7(3.87e+01)
302:1(1.46e+02)4(1.45e+02)5(1.31e+02)0(1.24e+02)7(9.93e+01)2(9.92e+01)3(8.02e+01)6(7.15e+01)
303:2(9.67e+01)0(8.40e+01)5(6.87e+01)3(6.40e+01)4(5.54e+01)1(4.75e+01)6(4.45e+01)7(3.98e+01)
304:3(7.99e+01)2(4.91e+01)4(4.80e+01)1(3.61e+01)5(3.49e+01)0(3.14e+01)6(2.65e+01)7(2.06e+01)
305:1(1.25e+02)6(1.20e+02)4(1.20e+02)2(1.09e+02)5(8.70e+01)0(6.48e+01)3(6.14e+01)7(3.90e+01)
306:4(2.40e+01)5(2.37e+01)1(2.30e+01)2(2.16e+01)0(1.90e+01)6(1.89e+01)7(1.86e+01)3(1.51e+01)
307:2(6.03e+02)4(5.44e+02)6(4.69e+02)3(2.89e+02)1(2.66e+02)5(2.40e+02)7(2.22e+02)0(7.72e+01)
308:0(1.50e+01)3(1.00e+01)6(9.29e+00)1(7.03e+00)5(6.68e+00)2(6.00e+00)7(6.00e+00)4(2.00e+00)
309:4(4.05e+01)5(3.38e+01)0(3.35e+01)3(2.10e+01)7(1.30e+01)6(1.20e+01)2(1.10e+01)1(5.98e+00)
310:5(2.91e+02)4(1.98e+02)1(1.96e+02)2(1.89e+02)7(1.46e+02)0(1.37e+02)3(1.33e+02)6(1.17e+02)
311:5(8.95e+01)4(8.42e+01)7(7.35e+01)1(6.32e+01)2(6.04e+01)3(5.23e+01)0(4.93e+01)6(4.84e+01)
312:0(2.50e-01)1(2.50e-01)2(2.50e-01)3(2.50e-01)4(2.50e-01)5(2.50e-01)6(2.50e-01)7(2.50e-01)
313:4(1.29e+02)3(1.12e+02)1(1.10e+02)7(1.07e+02)2(9.32e+01)5(8.44e+01)6(7.64e+01)0(7.43e+01)
314:2(1.00e+00)4(1.00e+00)0(5.00e-01)5(5.00e-01)1(2.50e-01)3(2.50e-01)6(2.50e-01)7(2.50e-01)
315:1(2.15e+01)3(1.92e+01)4(1.66e+01)5(1.15e+01)2(9.77e+00)6(9.00e+00)7(7.00e+00)0(6.98e+00)
316:5(5.70e+01)0(4.72e+01)4(4.38e+01)2(4.33e+01)3(4.15e+01)6(3.98e+01)1(3.70e+01)7(3.65e+01)
317:4(6.24e+01)1(5.16e+01)0(3.76e+01)6(3.04e+01)3(3.03e+01)7(2.96e+01)5(2.44e+01)2(1.78e+01)
318:3(6.67e+01)4(6.49e+01)0(5.40e+01)5(3.05e+01)6(2.78e+01)1(2.72e+01)7(1.79e+01)2(1.68e+01)
319:4(8.26e+01)1(6.88e+01)2(5.22e+01)5(4.91e+01)6(4.60e+01)3(3.41e+01)7(2.92e+01)0(1.68e+01)
320:2(2.20e+01)0(1.95e+01)5(1.90e+01)4(1.71e+01)1(1.70e+01)3(1.54e+01)6(1.28e+01)7(1.20e+01)
321:2(1.25e+01)4(7.00e+00)0(6.00e+00)5(3.00e+00)1(5.00e-01)3(5.00e-01)6(5.00e-01)7(5.00e-01)
322:2(1.10e+01)4(7.96e+00)0(2.00e+00)5(2.00e+00)6(2.00e+00)3(1.00e+00)1(5.00e-01)7(5.00e-01)
323:2(1.14e+02)4(8.37e+01)1(7.75e+01)3(6.79e+01)5(6.73e+01)0(6.15e+01)7(5.90e+01)6(5.48e+01)
324:3(1.61e+02)4(1.35e+02)2(1.34e+02)0(1.17e+02)6(1.06e+02)5(9.19e+01)7(6.94e+01)1(6.29e+01)
325:1(1.50e-01)3(1.50e-01)4(1.50e-01)5(1.50e-01)0(9.96e-02)2(9.96e-02)6(9.96e-02)7(9.96e-02)
326:4(1.32e+02)5(1.22e+02)0(1.20e+02)2(1.17e+02)3(9.51e+01)6(9.22e+01)7(7.50e+01)1(5.93e+01)
327:1(1.44e+02)2(1.39e+02)4(1.22e+02)5(1.13e+02)0(1.07e+02)6(6.45e+01)3(6.28e+01)7(4.27e+01)
328:4(1.30e+02)1(1.21e+02)5(1.11e+02)2(9.84e+01)0(9.36e+01)7(7.31e+01)3(6.86e+01)6(5.34e+01)
329:2(1.08e+02)6(8.99e+01)0(8.55e+01)5(7.72e+01)4(7.60e+01)1(7.21e+01)3(5.52e+01)7(3.42e+01)
330:4(8.09e+01)0(7.92e+01)5(3.11e+01)1(3.02e+01)6(2.50e+01)3(2.42e+01)2(1.81e+01)7(1.40e+01)
331:4(1.06e+02)0(9.19e+01)3(7.63e+01)5(6.72e+01)2(6.50e+01)1(6.35e+01)7(5.68e+01)6(3.18e+01)
332:1(1.40e+02)4(1.09e+02)3(1.04e+02)0(7.58e+01)5(7.09e+01)6(6.15e+01)7(5.59e+01)2(5.02e+01)
333:1(1.53e+02)5(1.49e+02)0(1.24e+02)4(1.12e+02)2(1.10e+02)3(1.04e+02)6(1.03e+02)7(7.71e+01)
334:4(2.24e+01)5(2.00e+01)2(8.89e+00)6(4.00e+00)0(1.00e+00)3(1.00e+00)7(1.00e+00)1(7.95e-01)
335:0(2.50e-01)1(2.50e-01)2(2.50e-01)3(2.50e-01)4(2.50e-01)5(2.50e-01)6(2.50e-01)7(2.50e-01)
336:4(4.49e+01)1(3.69e+01)2(3.64e+01)5(3.36e+01)3(2.50e+01)6(1.98e+01)0(1.17e+01)7(5.00e+00)
337:0(2.50e-01)1(2.50e-01)2(2.50e-01)3(2.50e-01)4(2.50e-01)5(2.50e-01)6(2.50e-01)7(2.50e-01)
338:2(1.00e+00)4(1.00e+00)0(5.00e-01)1(5.00e-01)3(5.00e-01)5(5.00e-01)6(5.00e-01)7(5.00e-01)
339:0(2.32e+01)5(1.66e+01)4(1.40e+01)6(1.00e+01)1(9.00e+00)2(8.00e+00)7(4.00e+00)3(2.00e+00)
340:4(2.89e+01)1(2.54e+01)3(2.19e+01)5(1.24e+01)6(1.20e+01)7(8.00e+00)2(4.96e+00)0(2.00e+00)
341:0(1.25e-01)1(1.25e-01)2(1.25e-01)3(1.25e-01)4(1.25e-01)5(1.25e-01)6(1.25e-01)7(1.25e-01)
342:4(5.34e+01)1(4.94e+01)2(4.39e+01)5(2.29e+01)7(1.98e+01)0(1.71e+01)6(1.70e+01)3(1.15e+01)
343:2(1.00e+00)3(1.00e+00)4(1.00e+00)5(1.00e+00)0(5.00e-01)1(5.00e-01)6(5.00e-01)7(5.00e-01)
344:4(8.06e+01)2(5.95e+01)0(3.87e+01)1(3.85e+01)5(3.57e+01)6(3.39e+01)7(2.49e+01)3(2.48e+01)
345:4(2.71e+01)2(2.44e+01)0(2.27e+01)5(1.88e+01)3(1.35e+01)6(1.05e+01)1(1.00e+01)7(9.00e+00)
346:0(1.25e-01)1(1.25e-01)2(1.25e-01)3(1.25e-01)4(1.25e-01)5(1.25e-01)6(1.25e-01)7(1.25e-01)
347:0(2.50e-01)1(2.50e-01)2(2.50e-01)3(2.50e-01)4(2.50e-01)5(2.50e-01)6(2.50e-01)7(2.50e-01)
348:0(1.25e-01)1(1.25e-01)2(1.25e-01)3(1.25e-01)4(1.25e-01)5(1.25e-01)6(1.25e-01)7(1.25e-01)
349:4(3.26e+01)2(2.34e+01)0(9.98e+00)5(8.82e+00)1(3.00e+00)3(3.00e+00)6(3.00e+00)7(2.00e+00)
350:5(2.20e+01)3(2.07e+01)4(1.96e+01)1(1.20e+01)2(9.00e+00)6(9.00e+00)0(8.98e+00)7(5.21e+00)
351:2(1.70e+01)6(1.61e+01)5(1.60e+01)4(1.40e+01)0(9.86e+00)3(6.00e+00)1(5.90e+00)7(4.00e+00)
352:3(1.00e+02)4(9.93e+01)5(7.79e+01)6(7.09e+01)2(5.20e+01)1(5.14e+01)7(4.67e+01)0(2.89e+01)
353:1(1.25e-01)2(1.25e-01)4(1.25e-01)5(1.25e-01)0(1.25e-01)3(1.25e-01)6(1.25e-01)7(1.25e-01)
354:1(5.00e-01)2(5.00e-01)4(5.00e-01)5(5.00e-01)0(2.50e-01)3(2.50e-01)6(2.50e-01)7(2.50e-01)
355:4(1.76e+02)6(1.44e+02)3(1.26e+02)5(1.22e+02)2(1.21e+02)0(1.17e+02)1(1.03e+02)7(6.14e+01)
356:4(1.20e+01)3(1.10e+01)1(5.00e+00)2(5.00e+00)5(5.00e+00)6(5.00e+00)0(3.00e+00)7(3.00e+00)
357:0(2.50e-01)1(2.50e-01)2(2.50e-01)3(2.50e-01)4(2.50e-01)5(2.50e-01)6(2.50e-01)7(2.50e-01)
358:2(1.90e+01)4(1.48e+01)6(1.30e+01)7(9.64e+00)5(9.00e+00)1(9.00e+00)3(8.01e+00)0(7.00e+00)
359:4(8.90e+01)2(4.91e+01)0(4.10e+01)5(3.27e+01)3(2.87e+01)6(2.73e+01)7(2.00e+01)1(1.98e+01)
360:1(1.51e-01)2(1.51e-01)4(1.51e-01)5(1.51e-01)0(9.86e-02)3(9.86e-02)6(9.86e-02)7(9.86e-02)
361:5(9.93e+01)1(9.65e+01)2(9.29e+01)4(9.28e+01)6(8.93e+01)0(7.32e+01)3(5.29e+01)7(3.37e+01)
362:0(1.21e+02)4(1.20e+02)5(8.46e+01)2(6.66e+01)6(6.04e+01)1(4.62e+01)7(3.30e+01)3(3.17e+01)
363:4(4.35e+01)5(3.73e+01)0(3.70e+01)2(3.68e+01)3(3.45e+01)6(3.18e+01)1(2.73e+01)7(2.56e+01)
364:3(5.66e+01)2(5.01e+01)4(4.68e+01)0(4.61e+01)6(4.59e+01)1(4.29e+01)7(3.84e+01)5(3.64e+01)
365:3(5.75e+01)4(3.78e+01)5(2.63e+01)0(2.03e+01)1(2.00e+01)2(1.70e+01)7(1.60e+01)6(8.00e+00)
366:3(1.37e+02)2(1.35e+02)7(1.20e+02)4(1.20e+02)1(1.17e+02)5(1.08e+02)6(9.67e+01)0(9.24e+01)
367:1(1.04e+02)4(9.82e+01)6(9.08e+01)5(8.65e+01)2(8.59e+01)0(8.49e+01)3(7.48e+01)7(3.67e+01)
368:1(5.00e-01)2(5.00e-01)4(5.00e-01)5(5.00e-01)0(2.50e-01)3(2.50e-01)6(2.50e-01)7(2.50e-01)
369:4(3.77e+02)1(3.33e+02)2(2.57e+02)5(1.92e+02)3(1.87e+02)0(1.69e+02)7(1.61e+02)6(1.10e+02)
370:1(5.00e-01)2(5.00e-01)4(5.00e-01)5(5.00e-01)0(2.50e-01)3(2.50e-01)6(2.50e-01)7(2.50e-01)
371:2(1.98e+02)4(1.14e+02)5(1.13e+02)1(1.01e+02)6(9.21e+01)0(8.02e+01)7(6.06e+01)3(4.95e+01)
372:4(1.68e+02)2(1.67e+02)5(1.60e+02)0(1.57e+02)6(1.50e+02)1(1.37e+02)7(1.14e+02)3(1.08e+02)
373:4(1.73e+02)0(1.45e+02)3(1.35e+02)2(1.25e+02)6(1.20e+02)7(9.78e+01)1(8.51e+01)5(6.97e+01)
374:4(2.75e+02)1(2.53e+02)3(2.23e+02)6(1.61e+02)0(1.43e+02)5(1.31e+02)7(1.14e+02)2(1.12e+02)
375:0(2.50e-01)1(2.50e-01)2(2.50e-01)3(2.50e-01)4(2.50e-01)5(2.50e-01)6(2.50e-01)7(2.50e-01)
376:2(2.44e+02)4(2.00e+02)0(1.98e+02)5(1.29e+02)6(9.26e+01)1(7.87e+01)7(2.20e+01)3(4.00e+00)
377:1(1.09e+02)3(1.03e+02)4(9.54e+01)5(8.84e+01)2(6.21e+01)0(5.53e+01)7(4.68e+01)6(4.42e+01)
378:0(8.94e+01)4(8.40e+01)3(8.01e+01)2(6.86e+01)5(6.46e+01)6(5.55e+01)1(4.84e+01)7(3.64e+01)
379:3(1.42e+02)0(1.33e+02)1(1.33e+02)5(1.24e+02)2(1.22e+02)6(1.10e+02)7(1.04e+02)4(1.01e+02)
380:0(3.34e+02)2(3.07e+02)4(2.57e+02)6(1.19e+02)1(9.60e+01)5(9.04e+01)3(6.65e+01)7(2.00e+01)
381:2(4.66e+01)4(3.16e+01)1(1.61e+01)5(1.56e+01)0(1.54e+01)3(1.10e+01)6(6.00e+00)7(4.00e+00)
382:4(5.95e+01)2(4.53e+01)3(3.99e+01)5(3.07e+01)1(3.04e+01)7(1.27e+01)6(1.20e+01)0(1.13e+01)
383:4(6.16e+01)5(4.89e+01)7(2.46e+01)6(2.23e+01)1(2.07e+01)2(1.90e+01)3(1.68e+01)0(1.44e+01)
384:4(3.00e+01)2(1.80e+01)1(1.80e+01)5(1.70e+01)6(5.00e+00)7(4.00e+00)0(3.00e+00)3(3.00e+00)
385:2(6.17e+01)5(4.20e+01)4(3.26e+01)1(2.91e+01)3(2.26e+01)0(2.09e+01)6(1.91e+01)7(1.51e+01)
386:1(1.34e-01)3(1.34e-01)6(1.34e-01)7(1.34e-01)0(1.16e-01)2(1.16e-01)4(1.16e-01)5(1.16e-01)
387:4(1.92e+02)2(1.60e+02)5(1.44e+02)6(1.35e+02)3(1.29e+02)1(1.00e+02)7(9.84e+01)0(8.38e+01)
388:3(1.54e+01)4(1.10e+01)6(1.10e+01)1(1.00e+01)0(1.00e+01)5(1.00e+01)2(8.01e+00)7(3.00e+00)
389:4(1.99e+02)0(1.80e+02)1(1.72e+02)2(1.61e+02)5(1.60e+02)3(1.18e+02)6(9.36e+01)7(7.89e+01)
390:3(5.39e+01)4(4.39e+01)2(4.18e+01)1(3.06e+01)0(2.99e+01)6(2.90e+01)5(2.72e+01)7(1.89e+01)
391:0(1.25e-01)1(1.25e-01)2(1.25e-01)3(1.25e-01)4(1.25e-01)5(1.25e-01)6(1.25e-01)7(1.25e-01)
392:1(1.01e+02)2(9.21e+01)5(8.28e+01)4(7.83e+01)6(3.61e+01)3(2.29e+01)0(1.80e+01)7(1.28e+01)
393:0(1.25e-01)1(1.25e-01)2(1.25e-01)3(1.25e-01)4(1.25e-01)5(1.25e-01)6(1.25e-01)7(1.25e-01)
394:1(1.11e+02)2(1.04e+02)4(8.78e+01)5(7.96e+01)6(6.41e+01)0(5.58e+01)7(5.25e+01)3(3.99e+01)
395:1(2.03e+02)0(1.55e+02)6(1.27e+02)4(1.20e+02)2(1.19e+02)3(1.11e+02)5(1.04e+02)7(9.93e+01)
396:1(3.49e+01)5(3.40e+01)4(2.93e+01)6(1.99e+01)3(1.84e+01)2(1.70e+01)7(1.60e+01)0(1.31e+01)
397:1(5.94e+01)4(5.68e+01)2(5.48e+01)0(4.37e+01)5(4.15e+01)7(4.09e+01)6(3.87e+01)3(3.53e+01)
398:5(4.82e+01)3(4.60e+01)1(4.48e+01)4(3.97e+01)0(3.06e+01)6(2.31e+01)2(2.12e+01)7(1.79e+01)
399:0(1.27e-01)3(1.27e-01)4(1.27e-01)5(1.27e-01)1(1.23e-01)2(1.23e-01)6(1.23e-01)7(1.23e-01)
400:4(7.89e+01)0(6.36e+01)5(5.75e+01)1(5.54e+01)3(5.06e+01)6(3.62e+01)7(2.84e+01)2(2.12e+01)
401:0(1.25e-01)1(1.25e-01)2(1.25e-01)3(1.25e-01)4(1.25e-01)5(1.25e-01)6(1.25e-01)7(1.25e-01)
402:0(1.00e+00)1(1.00e+00)2(1.00e+00)4(1.00e+00)5(1.00e+00)6(1.00e+00)3(5.00e-01)7(5.00e-01)
403:1(3.64e+01)4(2.11e+01)2(1.10e+01)5(5.00e+00)6(3.00e+00)0(2.00e+00)3(1.00e+00)7(1.00e+00)
404:1(2.46e-01)2(2.46e-01)4(2.46e-01)5(2.46e-01)0(3.63e-03)3(3.63e-03)6(3.63e-03)7(3.63e-03)
405:4(2.98e+01)2(2.90e+01)1(2.42e+01)6(1.91e+01)0(1.86e+01)5(1.85e+01)3(1.44e+01)7(1.06e+01)
406:0(5.00e-01)1(5.00e-01)2(5.00e-01)3(5.00e-01)4(5.00e-01)5(5.00e-01)6(5.00e-01)7(5.00e-01)
407:4(6.00e+00)0(3.00e+00)2(3.00e+00)5(2.00e+00)3(1.00e+00)6(1.00e+00)1(5.00e-01)7(5.00e-01)
408:0(1.25e-01)1(1.25e-01)2(1.25e-01)3(1.25e-01)4(1.25e-01)5(1.25e-01)6(1.25e-01)7(1.25e-01)
409:0(2.00e+00)2(2.00e+00)3(2.00e+00)4(2.00e+00)1(1.00e+00)5(1.00e+00)6(1.00e+00)7(1.00e+00)
410:0(5.00e-01)1(5.00e-01)2(5.00e-01)3(5.00e-01)4(5.00e-01)5(5.00e-01)6(5.00e-01)7(5.00e-01)
411:0(5.00e-01)2(5.00e-01)4(5.00e-01)5(5.00e-01)1(2.50e-01)3(2.50e-01)6(2.50e-01)7(2.50e-01)
412:4(1.09e+01)1(7.10e+00)2(3.00e+00)5(3.00e+00)0(1.00e+00)3(1.00e+00)6(1.00e+00)7(1.00e+00)
413:0(1.00e+00)1(1.00e+00)2(1.00e+00)3(1.00e+00)4(1.00e+00)5(1.00e+00)6(1.00e+00)7(1.00e+00)
414:0(4.00e+00)5(3.00e+00)2(1.00e+00)3(1.00e+00)4(1.00e+00)6(1.00e+00)1(5.00e-01)7(5.00e-01)
415:2(3.83e+01)4(3.66e+01)3(3.55e+01)7(2.60e+01)0(2.40e+01)5(2.12e+01)6(2.07e+01)1(1.66e+01)
416:4(9.00e+00)1(6.00e+00)6(4.00e+00)2(4.00e+00)3(3.00e+00)5(3.00e+00)0(2.00e+00)7(2.00e+00)
417:1(2.11e-01)2(2.11e-01)4(2.11e-01)5(2.11e-01)0(3.89e-02)3(3.89e-02)6(3.89e-02)7(3.89e-02)
418:0(2.54e+01)4(1.70e+01)5(1.11e+01)2(9.90e+00)1(9.05e+00)6(7.99e+00)3(4.00e+00)7(3.00e+00)
419:1(2.60e+01)4(2.60e+01)5(1.40e+01)3(1.10e+01)2(9.99e+00)0(6.00e+00)6(6.00e+00)7(6.00e+00)
420:0(5.00e-01)2(5.00e-01)4(5.00e-01)5(5.00e-01)1(2.50e-01)3(2.50e-01)6(2.50e-01)7(2.50e-01)
421:4(3.10e+01)5(2.68e+01)2(2.25e+01)1(1.97e+01)6(1.20e+01)3(1.20e+01)7(1.09e+01)0(9.80e+00)
422:2(2.00e+00)4(2.00e+00)0(1.00e+00)5(1.00e+00)1(5.00e-01)3(5.00e-01)6(5.00e-01)7(5.00e-01)
423:0(5.00e-01)2(5.00e-01)4(5.00e-01)5(5.00e-01)1(2.50e-01)3(2.50e-01)6(2.50e-01)7(2.50e-01)
424:1(1.41e-01)2(1.41e-01)4(1.41e-01)5(1.41e-01)0(1.09e-01)3(1.09e-01)6(1.09e-01)7(1.09e-01)
425:0(1.25e-01)1(1.25e-01)2(1.25e-01)3(1.25e-01)4(1.25e-01)5(1.25e-01)6(1.25e-01)7(1.25e-01)
426:2(2.10e+01)4(1.99e+01)5(1.65e+01)1(1.59e+01)6(1.11e+01)3(7.02e+00)0(6.00e+00)7(6.00e+00)
427:2(4.48e+01)4(3.81e+01)0(3.04e+01)5(1.70e+01)6(1.61e+01)1(1.48e+01)3(5.00e+00)7(5.00e+00)
428:2(1.07e+02)6(8.80e+01)4(8.32e+01)3(8.25e+01)1(7.72e+01)5(6.67e+01)0(5.34e+01)7(5.11e+01)
429:5(2.04e+01)2(1.69e+01)4(1.10e+01)1(1.00e+01)0(9.99e+00)3(9.02e+00)6(7.00e+00)7(5.00e+00)
430:1(1.31e-01)2(1.31e-01)6(1.31e-01)7(1.31e-01)0(1.19e-01)3(1.19e-01)4(1.19e-01)5(1.19e-01)
431:1(9.00e+00)2(9.00e+00)4(9.00e+00)5(5.00e+00)6(2.00e+00)0(1.00e+00)3(1.00e+00)7(1.00e+00)
432:0(1.25e-01)1(1.25e-01)2(1.25e-01)3(1.25e-01)4(1.25e-01)5(1.25e-01)6(1.25e-01)7(1.25e-01)
433:2(3.11e+01)3(2.39e+01)5(2.38e+01)4(2.36e+01)0(2.10e+01)7(1.30e+01)1(1.10e+01)6(9.99e+00)
434:0(2.50e-01)1(2.50e-01)2(2.50e-01)3(2.50e-01)4(2.50e-01)5(2.50e-01)6(2.50e-01)7(2.50e-01)
435:2(5.00e+00)4(5.00e+00)5(4.00e+00)6(3.00e+00)7(3.00e+00)0(2.00e+00)1(2.00e+00)3(1.00e+00)
436:0(2.50e-01)1(2.50e-01)2(2.50e-01)3(2.50e-01)4(2.50e-01)5(2.50e-01)6(2.50e-01)7(2.50e-01)
437:1(4.29e+01)4(4.08e+01)3(3.10e+01)7(2.94e+01)0(2.65e+01)6(2.30e+01)5(2.00e+01)2(1.18e+01)
438:4(2.45e+01)5(2.40e+01)1(2.34e+01)2(2.04e+01)0(5.00e+00)6(5.00e+00)3(3.00e+00)7(2.00e+00)
439:2(3.00e+01)5(2.71e+01)4(2.40e+01)0(2.21e+01)6(8.00e+00)1(6.00e+00)7(5.00e+00)3(4.00e+00)
440:4(1.90e+01)2(1.70e+01)5(1.01e+01)0(1.00e+01)6(5.00e+00)3(4.00e+00)1(3.00e+00)7(3.00e+00)
441:0(2.33e+01)5(6.00e+00)1(4.00e+00)4(3.72e+00)3(2.00e+00)6(2.00e+00)2(1.00e+00)7(1.00e+00)
442:0(1.25e-01)2(1.25e-01)4(1.25e-01)5(1.25e-01)1(1.25e-01)3(1.25e-01)6(1.25e-01)7(1.25e-01)
443:2(1.95e+02)5(1.49e+02)4(1.37e+02)0(1.36e+02)6(9.52e+01)3(9.47e+01)1(6.80e+01)7(2.30e+01)
444:0(1.25e-01)2(1.25e-01)4(1.25e-01)5(1.25e-01)1(1.25e-01)3(1.25e-01)6(1.25e-01)7(1.25e-01)
445:1(5.00e-01)2(5.00e-01)4(5.00e-01)5(5.00e-01)0(2.50e-01)3(2.50e-01)6(2.50e-01)7(2.50e-01)
446:4(6.98e+00)5(6.00e+00)1(5.00e+00)2(4.00e+00)0(4.00e+00)6(4.00e+00)3(2.00e+00)7(2.00e+00)
447:1(1.67e-01)2(1.67e-01)4(1.67e-01)5(1.67e-01)0(8.33e-02)3(8.33e-02)6(8.33e-02)7(8.33e-02)
448:4(1.17e+02)0(1.12e+02)1(1.10e+02)6(7.86e+01)3(7.78e+01)2(7.39e+01)5(6.77e+01)7(6.15e+01)
449:1(5.00e-01)2(5.00e-01)4(5.00e-01)5(5.00e-01)0(2.50e-01)3(2.50e-01)6(2.50e-01)7(2.50e-01)
450:1(5.00e-01)2(5.00e-01)4(5.00e-01)5(5.00e-01)0(2.50e-01)3(2.50e-01)6(2.50e-01)7(2.50e-01)
451:1(1.27e-01)3(1.27e-01)6(1.27e-01)7(1.27e-01)0(1.23e-01)2(1.23e-01)4(1.23e-01)5(1.23e-01)
452:2(1.74e+02)5(1.42e+02)0(1.14e+02)1(1.07e+02)6(1.06e+02)4(8.48e+01)7(8.11e+01)3(6.98e+01)
453:4(6.00e+00)3(4.00e+00)0(3.00e+00)6(2.00e+00)7(2.00e+00)1(1.00e+00)2(1.00e+00)5(1.00e+00)
454:0(4.00e+00)1(2.00e+00)4(2.00e+00)2(1.00e+00)3(1.00e+00)5(1.00e+00)6(1.00e+00)7(1.00e+00)
455:2(1.10e+01)4(9.00e+00)1(6.00e+00)0(5.00e+00)3(4.00e+00)5(4.00e+00)6(4.00e+00)7(3.00e+00)
456:4(1.23e+02)2(1.07e+02)1(9.71e+01)5(9.43e+01)6(7.44e+01)3(6.82e+01)7(5.43e+01)0(4.79e+01)
457:0(1.25e-01)1(1.25e-01)2(1.25e-01)3(1.25e-01)4(1.25e-01)5(1.25e-01)6(1.25e-01)7(1.25e-01)
458:0(1.27e-01)3(1.27e-01)6(1.27e-01)7(1.27e-01)1(1.23e-01)2(1.23e-01)4(1.23e-01)5(1.23e-01)
459:0(1.64e-01)3(1.64e-01)4(1.64e-01)5(1.64e-01)1(8.60e-02)2(8.60e-02)6(8.60e-02)7(8.60e-02)
460:4(2.47e+01)1(2.14e+01)5(1.98e+01)6(1.76e+01)3(1.48e+01)2(1.27e+01)7(1.13e+01)0(1.00e+01)
461:2(2.70e+01)4(2.22e+01)5(1.69e+01)1(1.31e+01)0(8.01e+00)6(5.00e+00)3(4.00e+00)7(4.00e+00)
462:3(5.66e+01)5(5.15e+01)0(4.49e+01)6(4.47e+01)1(4.12e+01)4(4.04e+01)7(2.30e+01)2(2.15e+01)
463:4(2.99e+01)1(2.33e+01)2(1.70e+01)5(1.41e+01)3(9.99e+00)6(8.00e+00)0(4.00e+00)7(4.00e+00)
464:4(1.10e+02)6(8.57e+01)2(8.51e+01)3(8.13e+01)5(7.50e+01)1(7.20e+01)7(6.88e+01)0(5.51e+01)
465:1(1.28e-01)2(1.28e-01)4(1.28e-01)5(1.28e-01)0(1.22e-01)3(1.22e-01)6(1.22e-01)7(1.22e-01)
466:0(2.50e-01)1(2.50e-01)2(2.50e-01)3(2.50e-01)4(2.50e-01)5(2.50e-01)6(2.50e-01)7(2.50e-01)
467:0(5.00e-01)2(5.00e-01)4(5.00e-01)5(5.00e-01)1(2.50e-01)3(2.50e-01)6(2.50e-01)7(2.50e-01)
468:0(1.61e-01)2(1.61e-01)4(1.61e-01)5(1.61e-01)1(8.90e-02)3(8.90e-02)6(8.90e-02)7(8.90e-02)
469:0(2.50e-01)1(2.50e-01)2(2.50e-01)3(2.50e-01)4(2.50e-01)5(2.50e-01)6(2.50e-01)7(2.50e-01)
470:0(1.25e-01)1(1.25e-01)2(1.25e-01)3(1.25e-01)4(1.25e-01)5(1.25e-01)6(1.25e-01)7(1.25e-01)
471:2(5.19e+01)6(4.85e+01)1(4.56e+01)4(4.21e+01)3(4.20e+01)0(3.60e+01)5(2.89e+01)7(2.08e+01)
472:5(7.08e+01)2(5.28e+01)1(4.87e+01)4(4.11e+01)3(3.79e+01)6(3.09e+01)0(2.75e+01)7(2.20e+01)
473:2(1.58e+02)3(1.58e+02)5(1.32e+02)1(1.28e+02)4(1.27e+02)7(1.12e+02)0(1.05e+02)6(9.90e+01)
474:1(1.25e-01)2(1.25e-01)4(1.25e-01)5(1.25e-01)0(1.25e-01)3(1.25e-01)6(1.25e-01)7(1.25e-01)
475:1(6.09e+01)4(3.11e+01)2(3.02e+01)5(2.93e+01)3(2.84e+01)6(2.71e+01)0(1.50e+01)7(6.01e+00)
476:2(3.55e+01)4(2.32e+01)5(2.23e+01)1(2.19e+01)3(1.68e+01)6(1.40e+01)7(7.00e+00)0(5.00e+00)
477:1(1.42e-01)2(1.42e-01)4(1.42e-01)5(1.42e-01)0(1.08e-01)3(1.08e-01)6(1.08e-01)7(1.08e-01)
478:1(3.25e+01)4(2.01e+01)6(2.00e+01)7(1.71e+01)5(1.60e+01)3(1.59e+01)0(1.40e+01)2(1.30e+01)
479:0(1.25e-01)1(1.25e-01)2(1.25e-01)3(1.25e-01)4(1.25e-01)5(1.25e-01)6(1.25e-01)7(1.25e-01)
480:0(1.25e-01)1(1.25e-01)2(1.25e-01)3(1.25e-01)4(1.25e-01)5(1.25e-01)6(1.25e-01)7(1.25e-01)
481:3(1.35e+02)4(1.24e+02)0(1.16e+02)5(1.01e+02)6(9.87e+01)2(9.39e+01)7(7.78e+01)1(7.24e+01)
482:2(6.68e+01)3(4.99e+01)6(4.66e+01)5(4.15e+01)1(3.93e+01)4(3.73e+01)7(3.08e+01)0(2.46e+01)
483:1(1.81e-01)2(1.81e-01)4(1.81e-01)5(1.81e-01)0(6.94e-02)3(6.94e-02)6(6.94e-02)7(6.94e-02)
484:1(1.07e+02)2(8.78e+01)0(8.32e+01)5(8.30e+01)4(6.68e+01)3(4.67e+01)6(4.48e+01)7(4.29e+01)
485:2(9.07e+01)4(5.29e+01)1(3.91e+01)0(3.19e+01)3(3.19e+01)5(2.98e+01)6(2.48e+01)7(2.04e+01)
486:0(1.26e-01)2(1.26e-01)4(1.26e-01)5(1.26e-01)1(1.24e-01)3(1.24e-01)6(1.24e-01)7(1.24e-01)
487:1(9.90e+01)4(8.35e+01)5(4.54e+01)2(4.30e+01)3(3.69e+01)0(3.37e+01)6(3.36e+01)7(2.05e+01)
488:5(2.32e+02)2(2.15e+02)3(1.90e+02)0(1.48e+02)4(1.46e+02)6(1.21e+02)7(1.07e+02)1(9.14e+01)
489:4(5.61e+01)2(3.94e+01)0(3.81e+01)5(3.77e+01)6(2.02e+01)1(1.49e+01)7(8.00e+00)3(8.00e+00)
490:5(3.38e+02)3(3.15e+02)0(2.62e+02)4(2.40e+02)1(2.24e+02)6(2.10e+02)7(1.62e+02)2(1.60e+02)
491:2(2.00e+02)4(1.76e+02)1(1.71e+02)5(1.65e+02)7(1.08e+02)0(9.77e+01)6(8.89e+01)3(8.69e+01)
492:4(5.26e+01)2(4.60e+01)6(4.39e+01)5(4.36e+01)1(3.79e+01)3(3.13e+01)0(2.65e+01)7(2.63e+01)
493:4(5.32e+01)3(5.30e+01)5(3.33e+01)0(2.64e+01)2(2.61e+01)6(2.15e+01)7(2.00e+01)1(9.03e+00)
494:2(2.00e+00)4(2.00e+00)0(1.00e+00)1(1.00e+00)3(1.00e+00)5(1.00e+00)6(1.00e+00)7(1.00e+00)
495:4(4.00e+00)2(3.00e+00)0(2.00e+00)1(2.00e+00)3(2.00e+00)5(2.00e+00)6(1.00e+00)7(1.00e+00)
496:4(3.00e+00)2(2.00e+00)0(1.00e+00)3(1.00e+00)5(1.00e+00)6(1.00e+00)1(5.00e-01)7(5.00e-01)
497:4(4.51e+01)2(3.72e+01)5(3.01e+01)0(2.60e+01)6(2.30e+01)1(1.68e+01)3(1.20e+01)7(7.68e+00)
498:1(2.31e+02)2(1.87e+02)4(1.57e+02)5(1.36e+02)7(1.23e+02)3(1.19e+02)0(9.91e+01)6(8.97e+01)
499:6(2.35e+02)5(2.23e+02)1(2.01e+02)3(1.87e+02)0(1.84e+02)2(1.66e+02)4(1.36e+02)7(1.06e+02)
500:4(1.17e+02)0(1.07e+02)5(1.01e+02)6(1.01e+02)1(9.27e+01)7(8.73e+01)3(8.55e+01)2(7.62e+01)
501:2(1.15e+02)7(8.66e+01)1(8.26e+01)5(7.31e+01)3(7.29e+01)4(6.79e+01)6(6.73e+01)0(5.73e+01)
502:1(2.42e+02)5(2.25e+02)0(2.18e+02)2(2.06e+02)4(2.00e+02)6(1.79e+02)3(1.53e+02)7(1.09e+02)
503:0(1.17e+02)2(1.12e+02)3(1.01e+02)6(9.99e+01)5(9.04e+01)4(9.03e+01)1(8.93e+01)7(7.82e+01)
504:0(1.10e+01)4(7.12e+00)2(4.00e+00)5(3.00e+00)6(2.00e+00)1(1.00e+00)3(1.00e+00)7(1.00e+00)
505:2(4.17e+01)0(3.36e+01)4(2.61e+01)5(1.90e+01)6(1.00e+01)1(8.00e+00)3(7.00e+00)7(7.00e+00)
506:4(8.39e+01)1(7.62e+01)0(6.80e+01)5(5.99e+01)2(5.99e+01)3(5.24e+01)6(3.67e+01)7(2.71e+01)
507:1(2.21e+02)4(1.99e+02)2(1.90e+02)5(1.78e+02)7(1.49e+02)6(1.17e+02)0(1.16e+02)3(7.77e+01)
508:5(2.74e+02)0(2.33e+02)6(1.99e+02)1(1.88e+02)4(1.80e+02)2(1.30e+02)3(1.25e+02)7(1.00e+02)
509:4(2.90e+02)0(2.17e+02)5(1.94e+02)2(1.21e+02)1(8.35e+01)6(7.03e+01)3(6.83e+01)7(1.00e+01)
510:5(1.10e+01)1(9.50e+00)4(9.50e+00)0(6.00e+00)2(5.00e+00)6(2.00e+00)7(2.00e+00)3(1.00e+00)
511:1(9.43e+00)4(6.00e+00)2(2.00e+00)5(2.00e+00)0(1.00e+00)6(1.00e+00)3(5.00e-01)7(5.00e-01)
512:2(2.56e+01)4(1.30e+01)5(4.32e+00)6(3.00e+00)3(2.00e+00)1(1.09e+00)0(5.00e-01)7(5.00e-01)
513:1(5.10e+01)4(4.73e+01)2(3.06e+01)5(2.43e+01)3(2.04e+01)0(2.02e+01)6(1.23e+01)7(1.04e+01)
514:4(1.50e+01)2(1.03e+01)5(1.00e+01)0(5.95e+00)3(2.00e+00)7(2.00e+00)1(1.00e+00)6(1.00e+00)
515:0(2.50e-01)1(2.50e-01)2(2.50e-01)3(2.50e-01)4(2.50e-01)5(2.50e-01)6(2.50e-01)7(2.50e-01)
516:1(2.78e+01)5(2.57e+01)4(2.07e+01)6(1.92e+01)2(1.85e+01)3(1.81e+01)0(9.00e+00)7(7.98e+00)
517:1(7.25e+01)2(7.16e+01)6(5.91e+01)5(5.86e+01)4(4.90e+01)0(4.78e+01)3(4.32e+01)7(3.75e+01)
518:2(7.25e+01)4(7.15e+01)5(6.22e+01)1(4.61e+01)3(4.37e+01)6(3.14e+01)0(2.97e+01)7(2.42e+01)
519:5(2.84e+01)4(2.62e+01)0(2.23e+01)2(2.04e+01)6(1.40e+01)7(1.10e+01)3(1.00e+01)1(7.00e+00)
520:0(5.00e-01)1(5.00e-01)2(5.00e-01)3(5.00e-01)4(5.00e-01)5(5.00e-01)6(5.00e-01)7(5.00e-01)
521:4(1.27e+02)2(9.98e+01)5(9.62e+01)0(9.42e+01)1(7.46e+01)6(7.01e+01)7(6.70e+01)3(6.00e+00)
522:4(7.78e+01)1(6.05e+01)5(5.38e+01)3(4.92e+01)6(4.51e+01)2(4.51e+01)7(3.63e+01)0(2.90e+01)
523:0(6.76e+01)4(6.65e+01)3(5.98e+01)6(5.61e+01)1(5.50e+01)5(4.79e+01)7(3.12e+01)2(2.47e+01)
524:2(5.34e+01)1(4.48e+01)5(3.73e+01)4(3.36e+01)7(3.01e+01)6(2.56e+01)3(2.07e+01)0(1.60e+01)
525:5(6.88e+01)1(6.06e+01)4(6.00e+01)2(5.73e+01)6(5.51e+01)0(5.26e+01)7(4.36e+01)3(3.45e+01)
526:2(1.00e+00)4(1.00e+00)0(5.00e-01)1(5.00e-01)3(5.00e-01)5(5.00e-01)6(5.00e-01)7(5.00e-01)
527:4(2.24e+01)1(1.66e+01)5(9.00e+00)2(8.93e+00)0(8.00e+00)6(7.00e+00)7(5.00e+00)3(4.94e+00)
528:0(1.25e-01)1(1.25e-01)2(1.25e-01)3(1.25e-01)4(1.25e-01)5(1.25e-01)6(1.25e-01)7(1.25e-01)
529:0(2.00e+00)2(2.00e+00)4(2.00e+00)5(1.00e+00)1(5.00e-01)3(5.00e-01)6(5.00e-01)7(5.00e-01)
530:1(1.26e-01)2(1.26e-01)4(1.26e-01)5(1.26e-01)0(1.24e-01)3(1.24e-01)6(1.24e-01)7(1.24e-01)
531:2(7.30e+01)4(5.84e+01)5(4.46e+01)6(4.12e+01)0(3.76e+01)1(3.28e+01)3(3.22e+01)7(1.96e+01)
532:1(5.00e-01)2(5.00e-01)4(5.00e-01)5(5.00e-01)0(2.50e-01)3(2.50e-01)6(2.50e-01)7(2.50e-01)
533:1(1.26e-01)2(1.26e-01)4(1.26e-01)5(1.26e-01)0(1.24e-01)3(1.24e-01)6(1.24e-01)7(1.24e-01)
534:1(4.71e+01)4(3.90e+01)5(3.54e+01)3(2.68e+01)0(2.52e+01)7(1.85e+01)6(1.81e+01)2(1.74e+01)
535:0(2.50e-01)1(2.50e-01)2(2.50e-01)3(2.50e-01)4(2.50e-01)5(2.50e-01)6(2.50e-01)7(2.50e-01)
536:0(2.50e-01)1(2.50e-01)2(2.50e-01)3(2.50e-01)4(2.50e-01)5(2.50e-01)6(2.50e-01)7(2.50e-01)
537:0(1.25e-01)1(1.25e-01)2(1.25e-01)3(1.25e-01)4(1.25e-01)5(1.25e-01)6(1.25e-01)7(1.25e-01)
538:4(4.05e+01)0(2.79e+01)2(2.24e+01)5(2.21e+01)6(1.58e+01)1(1.48e+01)3(1.30e+01)7(7.92e+00)
539:0(1.44e-01)2(1.44e-01)4(1.44e-01)5(1.44e-01)1(1.06e-01)3(1.06e-01)6(1.06e-01)7(1.06e-01)
540:0(1.30e-01)2(1.30e-01)4(1.30e-01)5(1.30e-01)1(1.20e-01)3(1.20e-01)6(1.20e-01)7(1.20e-01)
541:4(1.35e+02)5(1.34e+02)6(1.26e+02)2(1.23e+02)1(9.08e+01)3(6.92e+01)0(5.29e+01)7(4.44e+01)
542:4(5.00e+00)0(2.00e+00)2(2.00e+00)5(2.00e+00)1(1.00e+00)3(1.00e+00)6(1.00e+00)7(1.00e+00)
543:4(5.88e+01)6(4.42e+01)5(4.12e+01)1(3.15e+01)2(3.14e+01)3(3.05e+01)0(2.93e+01)7(2.16e+01)
544:2(2.22e+01)4(1.38e+01)0(1.34e+01)6(9.00e+00)5(8.10e+00)1(6.90e+00)3(5.00e+00)7(4.00e+00)
545:0(5.00e-01)2(5.00e-01)4(5.00e-01)5(5.00e-01)1(2.50e-01)3(2.50e-01)6(2.50e-01)7(2.50e-01)
546:0(1.83e-01)2(1.83e-01)4(1.83e-01)5(1.83e-01)1(6.74e-02)3(6.74e-02)6(6.74e-02)7(6.74e-02)
547:0(1.37e-01)3(1.37e-01)4(1.37e-01)5(1.37e-01)1(1.13e-01)2(1.13e-01)6(1.13e-01)7(1.13e-01)
548:2(1.00e+00)4(1.00e+00)0(5.00e-01)1(5.00e-01)3(5.00e-01)5(5.00e-01)6(5.00e-01)7(5.00e-01)
549:3(1.82e+01)4(1.50e+01)0(5.00e+00)5(3.00e+00)6(2.00e+00)7(2.00e+00)1(1.00e+00)2(1.00e+00)
550:0(5.00e-01)2(5.00e-01)4(5.00e-01)5(5.00e-01)1(2.50e-01)3(2.50e-01)6(2.50e-01)7(2.50e-01)
551:0(1.25e-01)1(1.25e-01)2(1.25e-01)3(1.25e-01)4(1.25e-01)5(1.25e-01)6(1.25e-01)7(1.25e-01)
552:2(6.28e+01)5(3.99e+01)1(3.87e+01)0(3.47e+01)4(3.39e+01)6(2.29e+01)7(1.44e+01)3(1.40e+01)
553:4(2.56e+01)2(2.20e+01)5(1.82e+01)1(1.80e+01)6(1.17e+01)3(1.15e+01)0(9.95e+00)7(9.07e+00)
554:4(1.00e+02)5(8.07e+01)3(6.18e+01)6(5.67e+01)0(5.38e+01)1(5.32e+01)2(5.05e+01)7(3.91e+01)
555:4(6.93e+01)3(4.37e+01)2(4.28e+01)1(3.85e+01)7(3.43e+01)0(2.94e+01)5(2.31e+01)6(1.91e+01)
556:5(3.09e+01)3(2.99e+01)2(2.48e+01)4(2.31e+01)0(2.16e+01)6(1.98e+01)7(1.70e+01)1(9.16e+00)
557:2(7.02e+01)4(4.87e+01)5(3.95e+01)0(3.40e+01)1(2.66e+01)3(2.66e+01)6(2.25e+01)7(1.46e+01)
558:2(1.06e+02)4(8.12e+01)3(7.48e+01)7(7.07e+01)5(6.60e+01)1(6.08e+01)0(5.71e+01)6(3.17e+01)
559:1(8.45e+01)4(8.41e+01)3(4.23e+01)5(4.21e+01)6(3.30e+01)7(2.17e+01)2(2.09e+01)0(1.49e+01)
560:1(5.00e-01)2(5.00e-01)4(5.00e-01)5(5.00e-01)0(2.50e-01)3(2.50e-01)6(2.50e-01)7(2.50e-01)
561:5(7.22e+01)2(5.70e+01)4(4.42e+01)1(3.76e+01)3(2.65e+01)0(2.58e+01)6(2.08e+01)7(1.80e+01)
562:1(1.25e-01)2(1.25e-01)4(1.25e-01)5(1.25e-01)0(1.25e-01)3(1.25e-01)6(1.25e-01)7(1.25e-01)
563:2(8.86e+01)4(8.06e+01)5(6.29e+01)0(5.34e+01)1(3.61e+01)6(3.55e+01)3(2.63e+01)7(2.59e+01)
564:0(1.25e-01)1(1.25e-01)2(1.25e-01)3(1.25e-01)4(1.25e-01)5(1.25e-01)6(1.25e-01)7(1.25e-01)
565:4(2.00e+00)5(2.00e+00)0(1.00e+00)1(1.00e+00)2(1.00e+00)3(1.00e+00)6(1.00e+00)7(1.00e+00)
566:0(5.00e-01)1(5.00e-01)2(5.00e-01)3(5.00e-01)4(5.00e-01)5(5.00e-01)6(5.00e-01)7(5.00e-01)
567:1(1.52e-01)2(1.52e-01)4(1.52e-01)5(1.52e-01)0(9.76e-02)3(9.76e-02)6(9.76e-02)7(9.76e-02)
568:4(1.23e+02)6(1.09e+02)2(9.78e+01)5(8.85e+01)1(8.38e+01)0(5.95e+01)3(5.53e+01)7(5.08e+01)
569:0(1.25e-01)1(1.25e-01)2(1.25e-01)3(1.25e-01)4(1.25e-01)5(1.25e-01)6(1.25e-01)7(1.25e-01)
570:0(1.25e-01)1(1.25e-01)2(1.25e-01)3(1.25e-01)4(1.25e-01)5(1.25e-01)6(1.25e-01)7(1.25e-01)
571:3(2.00e+01)1(1.43e+01)4(1.30e+01)5(9.97e+00)2(7.00e+00)7(6.00e+00)6(6.00e+00)0(3.00e+00)
572:2(2.00e+00)4(2.00e+00)1(1.00e+00)5(1.00e+00)0(5.00e-01)3(5.00e-01)6(5.00e-01)7(5.00e-01)
573:1(1.59e+02)4(1.36e+02)6(9.70e+01)2(8.99e+01)0(8.21e+01)7(5.92e+01)3(5.02e+01)5(3.18e+01)
574:0(1.63e+01)4(1.60e+01)6(1.50e+01)1(1.40e+01)2(1.10e+01)5(9.00e+00)7(6.00e+00)3(4.00e+00)
575:4(3.17e+01)2(2.72e+01)5(2.61e+01)3(2.31e+01)0(2.26e+01)7(1.10e+01)1(1.06e+01)6(1.02e+01)
576:5(7.12e+01)4(6.14e+01)1(3.11e+01)2(2.82e+01)6(2.40e+01)0(1.90e+01)3(1.50e+01)7(8.27e+00)
577:0(2.50e-01)1(2.50e-01)2(2.50e-01)3(2.50e-01)4(2.50e-01)5(2.50e-01)6(2.50e-01)7(2.50e-01)
578:2(4.63e+01)4(3.57e+01)1(2.21e+01)0(1.99e+01)5(1.74e+01)6(1.28e+01)7(6.00e+00)3(4.00e+00)
579:0(1.82e-01)2(1.82e-01)4(1.82e-01)5(1.82e-01)1(6.81e-02)3(6.81e-02)6(6.81e-02)7(6.81e-02)
580:1(5.42e+01)4(4.30e+01)5(3.65e+01)2(3.02e+01)7(2.16e+01)0(1.71e+01)3(1.71e+01)6(1.40e+01)
581:1(1.31e-01)2(1.31e-01)4(1.31e-01)5(1.31e-01)0(1.19e-01)3(1.19e-01)6(1.19e-01)7(1.19e-01)
582:0(2.50e-01)1(2.50e-01)2(2.50e-01)3(2.50e-01)4(2.50e-01)5(2.50e-01)6(2.50e-01)7(2.50e-01)
583:1(1.26e-01)2(1.26e-01)4(1.26e-01)5(1.26e-01)0(1.24e-01)3(1.24e-01)6(1.24e-01)7(1.24e-01)
584:2(4.37e+01)1(3.77e+01)4(3.34e+01)6(3.09e+01)5(3.02e+01)0(2.48e+01)3(1.40e+01)7(9.00e+00)
585:0(1.25e-01)1(1.25e-01)2(1.25e-01)3(1.25e-01)4(1.25e-01)5(1.25e-01)6(1.25e-01)7(1.25e-01)
586:0(1.37e-01)2(1.37e-01)4(1.37e-01)5(1.37e-01)1(1.13e-01)3(1.13e-01)6(1.13e-01)7(1.13e-01)
587:0(1.25e-01)1(1.25e-01)2(1.25e-01)3(1.25e-01)4(1.25e-01)5(1.25e-01)6(1.25e-01)7(1.25e-01)
588:4(8.01e+01)0(7.67e+01)5(6.79e+01)2(5.95e+01)1(3.07e+01)6(2.19e+01)3(1.10e+01)7(8.95e+00)
589:0(1.87e-01)2(1.87e-01)4(1.87e-01)5(1.87e-01)1(6.28e-02)3(6.28e-02)6(6.28e-02)7(6.28e-02)
590:0(1.25e-01)2(1.25e-01)4(1.25e-01)5(1.25e-01)1(1.25e-01)3(1.25e-01)6(1.25e-01)7(1.25e-01)
591:4(1.41e+02)2(1.19e+02)7(1.09e+02)3(1.07e+02)1(9.71e+01)0(9.66e+01)5(9.39e+01)6(7.31e+01)
592:1(1.67e-01)2(1.67e-01)4(1.67e-01)5(1.67e-01)0(8.26e-02)3(8.26e-02)6(8.26e-02)7(8.26e-02)
593:0(2.50e-01)1(2.50e-01)2(2.50e-01)3(2.50e-01)4(2.50e-01)5(2.50e-01)6(2.50e-01)7(2.50e-01)
594:3(1.15e+02)4(1.10e+02)1(9.39e+01)2(9.09e+01)7(8.09e+01)6(7.77e+01)5(7.59e+01)0(6.75e+01)
595:3(7.85e+01)4(7.73e+01)5(6.61e+01)2(6.41e+01)0(5.92e+01)6(5.56e+01)7(5.02e+01)1(4.16e+01)
596:4(1.42e+02)0(1.31e+02)5(1.19e+02)1(1.17e+02)2(1.14e+02)7(1.07e+02)6(9.13e+01)3(8.55e+01)
597:1(5.00e-01)2(5.00e-01)4(5.00e-01)5(5.00e-01)0(2.50e-01)3(2.50e-01)6(2.50e-01)7(2.50e-01)
598:1(1.00e+00)4(1.00e+00)0(5.00e-01)2(5.00e-01)3(5.00e-01)5(5.00e-01)6(5.00e-01)7(5.00e-01)
599:0(2.50e-01)1(2.50e-01)2(2.50e-01)3(2.50e-01)4(2.50e-01)5(2.50e-01)6(2.50e-01)7(2.50e-01)
600:0(1.25e-01)1(1.25e-01)2(1.25e-01)3(1.25e-01)4(1.25e-01)5(1.25e-01)6(1.25e-01)7(1.25e-01)
601:5(6.92e+01)2(5.76e+01)4(5.68e+01)6(4.06e+01)1(2.88e+01)7(2.62e+01)0(2.31e+01)3(2.06e+01)
602:3(3.76e+01)4(3.11e+01)0(2.77e+01)2(2.77e+01)5(2.00e+01)6(1.56e+01)1(1.30e+01)7(1.20e+01)
603:2(7.64e+01)5(7.08e+01)3(6.62e+01)1(5.74e+01)6(5.18e+01)4(4.85e+01)7(3.54e+01)0(3.37e+01)
604:0(5.00e-01)2(5.00e-01)4(5.00e-01)5(5.00e-01)1(2.50e-01)3(2.50e-01)6(2.50e-01)7(2.50e-01)
605:0(5.00e-01)2(5.00e-01)4(5.00e-01)5(5.00e-01)1(2.50e-01)3(2.50e-01)6(2.50e-01)7(2.50e-01)
606:4(2.69e+01)2(2.30e+01)5(2.21e+01)0(2.11e+01)1(1.40e+01)3(8.94e+00)6(8.00e+00)7(7.00e+00)
607:0(5.00e-01)1(5.00e-01)2(5.00e-01)3(5.00e-01)4(5.00e-01)5(5.00e-01)6(5.00e-01)7(5.00e-01)
608:0(1.82e-01)2(1.82e-01)6(1.82e-01)7(1.82e-01)1(6.76e-02)3(6.76e-02)4(6.76e-02)5(6.76e-02)
609:2(8.31e+01)1(8.20e+01)0(7.77e+01)5(6.96e+01)4(6.88e+01)6(6.65e+01)7(4.67e+01)3(3.42e+01)
610:4(7.47e+01)0(6.48e+01)2(6.43e+01)5(4.66e+01)7(1.25e+01)6(9.00e+00)3(7.99e+00)1(6.00e+00)
611:1(5.04e+01)2(3.74e+01)5(3.44e+01)6(2.99e+01)0(2.63e+01)3(2.48e+01)4(2.04e+01)7(2.03e+01)
612:4(1.01e+02)1(8.08e+01)5(6.48e+01)2(5.25e+01)6(4.57e+01)0(4.44e+01)7(4.16e+01)3(3.53e+01)
613:0(2.50e-01)1(2.50e-01)2(2.50e-01)3(2.50e-01)4(2.50e-01)5(2.50e-01)6(2.50e-01)7(2.50e-01)
614:2(1.17e+02)4(8.92e+01)5(7.98e+01)0(7.81e+01)6(7.26e+01)1(6.00e+01)3(4.37e+01)7(3.97e+01)
615:1(1.25e+02)4(9.20e+01)6(7.16e+01)5(6.71e+01)2(4.80e+01)0(3.51e+01)7(2.72e+01)3(2.53e+01)
616:4(4.81e+01)5(4.52e+01)0(3.29e+01)2(2.97e+01)3(1.20e+01)6(1.20e+01)1(1.00e+01)7(6.01e+00)
617:0(5.12e+01)2(3.77e+01)6(3.55e+01)5(2.80e+01)4(2.80e+01)1(2.58e+01)3(2.18e+01)7(1.36e+01)
618:0(1.85e-01)2(1.85e-01)4(1.85e-01)5(1.85e-01)1(6.51e-02)3(6.51e-02)6(6.51e-02)7(6.51e-02)
619:1(5.92e+01)4(4.55e+01)5(4.03e+01)3(2.91e+01)2(2.66e+01)7(2.62e+01)6(1.58e+01)0(1.51e+01)
620:4(7.16e+01)1(5.14e+01)3(4.78e+01)5(4.71e+01)6(4.38e+01)2(2.66e+01)7(2.63e+01)0(1.82e+01)
621:4(4.46e+01)5(3.15e+01)2(2.79e+01)6(2.75e+01)3(2.55e+01)1(2.14e+01)7(7.00e+00)0(6.00e+00)
622:0(2.50e-01)1(2.50e-01)2(2.50e-01)3(2.50e-01)4(2.50e-01)5(2.50e-01)6(2.50e-01)7(2.50e-01)
623:0(2.50e-01)1(2.50e-01)2(2.50e-01)3(2.50e-01)4(2.50e-01)5(2.50e-01)6(2.50e-01)7(2.50e-01)
624:3(1.23e+02)2(1.08e+02)0(1.05e+02)4(9.13e+01)1(8.97e+01)7(7.89e+01)5(7.66e+01)6(5.69e+01)
625:0(1.08e+02)4(8.95e+01)1(8.16e+01)5(7.69e+01)7(6.89e+01)3(6.23e+01)2(5.85e+01)6(5.50e+01)
626:0(2.50e-01)1(2.50e-01)2(2.50e-01)3(2.50e-01)4(2.50e-01)5(2.50e-01)6(2.50e-01)7(2.50e-01)
627:4(3.11e+01)0(2.93e+01)2(2.61e+01)5(2.53e+01)1(2.06e+01)6(1.83e+01)3(1.11e+01)7(6.00e+00)
628:4(9.96e+00)2(7.00e+00)0(6.01e+00)5(3.00e+00)3(1.00e+00)6(1.00e+00)1(5.00e-01)7(5.00e-01)
629:1(1.31e-01)2(1.31e-01)4(1.31e-01)5(1.31e-01)0(1.19e-01)3(1.19e-01)6(1.19e-01)7(1.19e-01)
630:4(5.80e+01)5(5.68e+01)2(5.20e+01)0(4.30e+01)6(3.83e+01)1(3.02e+01)3(8.00e+00)7(7.00e+00)
631:0(2.50e-01)1(2.50e-01)2(2.50e-01)3(2.50e-01)4(2.50e-01)5(2.50e-01)6(2.50e-01)7(2.50e-01)
632:1(1.37e-01)2(1.37e-01)4(1.37e-01)5(1.37e-01)0(1.13e-01)3(1.13e-01)6(1.13e-01)7(1.13e-01)
633:2(1.00e+00)4(1.00e+00)0(5.00e-01)5(5.00e-01)1(2.50e-01)3(2.50e-01)6(2.50e-01)7(2.50e-01)
634:1(8.00e+01)4(6.28e+01)2(5.49e+01)0(4.95e+01)6(4.69e+01)5(4.02e+01)7(3.31e+01)3(2.96e+01)
635:0(8.50e+00)4(8.50e+00)5(5.00e+00)1(4.00e+00)6(3.00e+00)2(2.00e+00)3(2.00e+00)7(1.00e+00)
636:3(1.45e+02)4(1.17e+02)5(8.26e+01)0(5.30e+01)2(5.06e+01)1(4.18e+01)6(3.70e+01)7(1.60e+01)
637:2(5.47e+01)3(4.61e+01)4(4.50e+01)5(4.41e+01)6(4.24e+01)1(3.14e+01)7(2.56e+01)0(1.40e+01)
638:1(1.62e+02)5(1.59e+02)4(1.34e+02)0(1.24e+02)2(9.89e+01)6(6.14e+01)3(4.51e+01)7(3.35e+01)
639:5(1.27e+02)4(1.01e+02)3(9.92e+01)6(9.45e+01)0(9.06e+01)2(8.65e+01)1(8.35e+01)7(7.43e+01)
640:1(1.27e+02)4(1.02e+02)7(1.00e+02)2(9.62e+01)3(8.62e+01)5(7.98e+01)0(7.22e+01)6(6.61e+01)INFO: s3mixw_io.c(233): Wrote /home/abdy/Desktop/diploma/kg/model_parameters/kg.cd_cont_initial/mixture_weights [641x1x16 array]
INFO: s3gau_io.c(228): Wrote /home/abdy/Desktop/diploma/kg/model_parameters/kg.cd_cont_initial/means [641x1x16 array]
INFO: s3gau_io.c(228): Wrote /home/abdy/Desktop/diploma/kg/model_parameters/kg.cd_cont_initial/variances [641x1x16 array]

Thu May  7 00:25:37 2020
