Current configuration:
[NAME]		[DEFLT]	[VALUE]
-dcountfn		/home/abdy/Desktop/diploma/kg/model_parameters/kg.cd_cont_500/mixture_weights
-example	no	no
-fullvar	no	no
-help		no	no
-inmeanfn		/home/abdy/Desktop/diploma/kg/model_parameters/kg.cd_cont_500/means
-inmixwfn		/home/abdy/Desktop/diploma/kg/model_parameters/kg.cd_cont_500/mixture_weights
-invarfn		/home/abdy/Desktop/diploma/kg/model_parameters/kg.cd_cont_500/variances
-ninc		1	4
-outmeanfn		/home/abdy/Desktop/diploma/kg/model_parameters/kg.cd_cont_initial/means
-outmixwfn		/home/abdy/Desktop/diploma/kg/model_parameters/kg.cd_cont_initial/mixture_weights
-outvarfn		/home/abdy/Desktop/diploma/kg/model_parameters/kg.cd_cont_initial/variances

INFO: main.c(86): Reading mixing weight file /home/abdy/Desktop/diploma/kg/model_parameters/kg.cd_cont_500/mixture_weights.
INFO: s3mixw_io.c(117): Read /home/abdy/Desktop/diploma/kg/model_parameters/kg.cd_cont_500/mixture_weights [641x1x4 array]
INFO: s3gau_io.c(169): Read /home/abdy/Desktop/diploma/kg/model_parameters/kg.cd_cont_500/means [641x1x4 array]
INFO: s3gau_io.c(169): Read /home/abdy/Desktop/diploma/kg/model_parameters/kg.cd_cont_500/variances [641x1x4 array]
INFO: s3gau_io.c(553): Read /home/abdy/Desktop/diploma/kg/model_parameters/kg.cd_cont_500/mixture_weights [641x1x4 array]
INFO: main.c(151): output n_density == 8
0:2(3.61e+03)0(3.53e+03)3(3.35e+03)1(8.69e+02)
1:2(5.70e+02)1(3.55e+02)3(2.00e+01)0(4.00e+00)
2:3(5.23e+03)2(4.42e+03)0(3.51e+03)1(3.81e+02)
3:2(2.63e+03)0(2.08e+03)1(1.23e+03)3(5.99e+02)
4:1(2.69e+03)2(2.37e+03)0(1.93e+03)3(7.42e+02)
5:1(2.10e+03)0(2.07e+03)2(1.94e+03)3(1.51e+03)
6:2(7.16e+01)3(5.55e+01)0(2.92e+01)1(2.88e+01)
7:2(1.06e+02)1(1.05e+02)3(1.01e+02)0(1.01e+02)
8:2(6.05e+01)1(4.40e+01)3(4.21e+01)0(2.47e+01)
9:0(9.36e+02)2(4.81e+02)1(4.30e+02)3(1.30e+02)
10:2(5.23e+02)1(5.19e+02)3(3.31e+02)0(2.02e+02)
11:2(3.54e+02)1(3.52e+02)3(2.94e+02)0(2.81e+02)
12:2(4.38e+01)0(3.00e+01)3(7.00e+00)1(7.00e+00)
13:3(3.80e+01)1(3.05e+01)2(2.53e+01)0(1.76e+01)
14:1(3.48e+01)2(2.07e+01)3(1.92e+01)0(1.69e+01)
15:0(4.11e+02)3(3.08e+02)1(2.62e+02)2(1.54e+02)
16:2(3.36e+02)0(2.49e+02)3(2.46e+02)1(2.35e+02)
17:0(3.43e+02)2(2.96e+02)1(1.92e+02)3(1.07e+02)
18:2(7.05e+02)1(5.27e+02)0(2.21e+02)3(1.92e+02)
19:2(3.86e+02)0(3.54e+02)3(2.58e+02)1(1.85e+02)
20:1(4.98e+02)2(3.79e+02)3(3.06e+02)0(2.64e+02)
21:2(3.54e+02)0(2.73e+02)1(5.14e+01)3(3.93e+01)
22:0(2.30e+02)1(2.15e+02)2(1.43e+02)3(6.72e+01)
23:3(2.19e+02)2(2.00e+02)1(1.82e+02)0(1.33e+02)
24:2(1.30e+01)0(1.11e+01)1(3.00e+00)3(3.00e+00)
25:3(1.90e+01)2(1.50e+01)1(1.00e+01)0(3.00e+00)
26:1(2.09e+01)2(1.32e+01)0(5.00e+00)3(5.00e+00)
27:2(3.00e+00)0(2.00e+00)1(2.00e+00)3(2.00e+00)
28:0(2.00e+00)1(2.00e+00)2(2.00e+00)3(1.00e+00)
29:2(5.00e+00)0(2.00e+00)1(2.00e+00)3(1.00e+00)
30:2(2.00e+00)0(1.00e+00)1(1.00e+00)3(1.00e+00)
31:0(1.00e+00)1(1.00e+00)2(1.00e+00)3(1.00e+00)
32:1(9.00e+00)0(4.00e+00)2(4.00e+00)3(1.00e+00)
33:2(1.44e+02)1(1.05e+02)0(1.03e+02)3(7.39e+01)
34:3(1.32e+02)2(8.95e+01)1(7.98e+01)0(7.51e+01)
35:2(1.69e+02)0(8.22e+01)1(8.15e+01)3(6.51e+01)
36:3(2.05e+02)2(2.04e+02)1(1.53e+02)0(1.17e+02)
37:2(1.86e+02)0(1.74e+02)1(1.54e+02)3(1.11e+02)
38:1(1.71e+02)3(1.57e+02)2(1.44e+02)0(1.17e+02)
39:1(3.89e+01)2(5.00e+00)3(2.00e+00)0(1.00e+00)
40:0(1.83e+01)3(1.05e+01)1(1.00e+01)2(3.00e+00)
41:1(2.72e+01)2(9.02e+00)3(5.00e+00)0(2.00e+00)
42:2(5.91e+02)1(4.60e+02)3(4.24e+02)0(3.54e+02)
43:2(4.57e+02)3(3.97e+02)0(3.91e+02)1(3.89e+02)
44:1(1.07e+03)2(7.73e+02)0(5.97e+02)3(3.25e+02)
45:2(3.13e+02)1(2.69e+02)3(1.50e+02)0(1.40e+02)
46:1(3.18e+02)2(1.72e+02)3(1.13e+02)0(1.02e+02)
47:1(2.69e+02)0(2.11e+02)2(1.92e+02)3(9.30e+01)
48:1(1.39e+02)3(6.70e+01)2(6.55e+01)0(5.88e+01)
49:1(1.19e+02)3(8.89e+01)0(8.65e+01)2(6.70e+01)
50:3(6.95e+01)1(6.81e+01)2(4.96e+01)0(4.11e+01)
51:3(6.59e+02)2(5.73e+02)1(5.30e+02)0(5.11e+02)
52:2(8.45e+02)0(7.08e+02)1(6.05e+02)3(5.96e+02)
53:1(8.23e+02)0(7.26e+02)2(6.87e+02)3(3.89e+02)
54:0(8.00e+00)1(7.00e+00)2(6.00e+00)3(4.00e+00)
55:0(8.00e+00)2(8.00e+00)1(3.00e+00)3(3.00e+00)
56:1(5.00e+00)0(4.00e+00)2(4.00e+00)3(3.00e+00)
57:3(3.30e+01)2(2.61e+01)1(2.02e+01)0(9.49e+00)
58:3(3.28e+01)1(3.11e+01)2(2.41e+01)0(2.04e+01)
59:1(3.51e+01)2(3.18e+01)3(1.81e+01)0(1.60e+01)
60:1(7.40e+02)2(4.66e+02)0(2.04e+02)3(1.62e+02)
61:3(6.09e+02)2(5.96e+02)1(3.24e+02)0(2.51e+02)
62:0(6.61e+02)2(4.39e+02)3(9.75e+01)1(5.99e+01)
63:3(1.13e+03)1(7.19e+02)2(6.45e+02)0(3.74e+02)
64:2(7.33e+02)0(4.76e+02)1(4.44e+02)3(3.82e+02)
65:0(9.36e+02)2(7.25e+02)1(3.32e+02)3(1.75e+02)
66:2(4.39e+01)1(3.28e+01)0(3.28e+01)3(2.57e+01)
67:2(1.73e+01)0(9.04e+00)1(1.00e+00)3(1.00e+00)
68:2(1.87e+01)0(4.00e+00)3(3.00e+00)1(1.00e+00)
69:1(7.96e+02)3(5.87e+02)0(5.49e+02)2(4.37e+02)
70:0(6.66e+02)2(5.68e+02)1(4.96e+02)3(3.48e+02)
71:2(8.73e+02)0(7.65e+02)1(5.30e+02)3(3.01e+02)
72:1(1.11e+03)2(3.48e+02)0(2.84e+02)3(1.60e+02)
73:1(7.86e+02)2(2.91e+02)0(1.97e+02)3(1.94e+02)
74:2(7.58e+02)0(5.45e+02)1(4.56e+02)3(2.06e+02)
75:0(1.13e+03)2(1.05e+03)1(7.45e+02)3(5.52e+02)
76:0(1.36e+03)2(1.25e+03)1(8.81e+02)3(6.56e+02)
77:0(1.68e+03)2(1.18e+03)3(9.26e+02)1(6.85e+02)
78:2(7.96e+01)0(2.88e+01)1(2.15e+01)3(1.42e+01)
79:2(1.06e+02)1(6.34e+01)3(4.76e+01)0(2.63e+01)
80:3(8.05e+01)1(5.74e+01)2(4.98e+01)0(3.56e+01)
81:1(5.52e+02)2(3.86e+02)3(3.64e+02)0(6.77e+01)
82:2(4.53e+02)0(4.44e+02)1(3.72e+02)3(2.95e+02)
83:1(7.57e+02)2(5.28e+02)0(4.66e+02)3(3.54e+02)
84:1(6.07e+01)0(4.25e+01)3(3.81e+01)2(3.15e+01)
85:1(1.30e+02)2(9.30e+01)3(8.87e+01)0(7.18e+01)
86:3(8.84e+01)1(7.53e+01)0(6.17e+01)2(4.11e+01)
87:1(1.87e+02)2(1.74e+02)0(1.57e+02)3(1.19e+02)
88:2(3.21e+02)1(2.36e+02)3(2.11e+02)0(1.89e+02)
89:1(4.28e+02)2(4.09e+02)0(1.79e+02)3(1.25e+02)
90:2(4.56e+01)1(4.29e+01)0(9.05e+00)3(5.00e+00)
91:2(5.43e+01)0(4.45e+01)1(1.30e+01)3(1.00e+01)
92:0(2.49e+01)2(2.44e+01)3(9.00e+00)1(5.99e+00)
93:2(3.85e+02)1(3.32e+02)3(2.10e+02)0(1.11e+02)
94:1(2.19e+02)3(2.02e+02)2(1.80e+02)0(1.12e+02)
95:2(2.50e+02)0(2.39e+02)1(1.93e+02)3(1.48e+02)
96:3(1.00e+01)0(4.00e+00)1(3.00e+00)2(3.00e+00)
97:0(6.00e+00)1(3.00e+00)2(2.00e+00)3(2.00e+00)
98:2(1.87e+01)0(1.03e+01)1(1.00e+01)3(7.00e+00)
99:2(5.37e+02)0(5.02e+02)3(4.23e+02)1(4.03e+02)
100:1(6.31e+02)0(5.96e+02)2(4.81e+02)3(2.14e+02)
101:0(9.91e+02)2(9.48e+02)1(2.76e+02)3(1.23e+02)
102:0(5.93e+02)2(4.35e+02)1(3.22e+02)3(1.87e+02)
103:3(6.87e+02)0(5.94e+02)1(5.89e+02)2(3.75e+02)
104:2(5.76e+02)0(5.22e+02)1(2.94e+02)3(2.29e+02)
105:2(4.00e+00)0(2.00e+00)1(2.00e+00)3(2.00e+00)
106:1(6.00e+00)2(5.00e+00)0(3.00e+00)3(3.00e+00)
107:2(5.00e+00)0(2.00e+00)3(2.00e+00)1(1.00e+00)
108:2(7.15e+02)1(4.61e+02)0(8.05e+01)3(5.15e+01)
109:2(4.36e+02)1(4.21e+02)0(3.96e+02)3(2.95e+02)
110:0(3.51e+02)1(3.50e+02)3(3.48e+02)2(3.28e+02)
111:0(7.19e+02)3(6.77e+02)2(5.80e+02)1(4.82e+02)
112:3(9.85e+02)2(9.66e+02)0(8.06e+02)1(6.50e+02)
113:0(1.05e+03)1(1.03e+03)2(7.07e+02)3(3.35e+02)
114:1(1.27e+02)0(9.59e+01)3(8.89e+01)2(8.60e+01)
115:0(1.32e+02)1(1.11e+02)3(1.10e+02)2(6.64e+01)
116:1(8.50e+01)2(7.75e+01)3(4.61e+01)0(3.85e+01)
117:2(3.67e+02)1(3.15e+02)0(2.69e+02)3(1.56e+02)
118:0(5.33e+02)2(3.93e+02)3(1.99e+02)1(1.29e+02)
119:2(7.36e+02)0(5.47e+02)3(1.04e+02)1(7.66e+01)
120:2(1.25e+02)0(5.69e+01)1(4.72e+01)3(4.40e+01)
121:3(1.66e+02)2(1.58e+02)1(1.14e+02)0(1.09e+02)
122:1(1.79e+02)3(6.58e+01)2(6.13e+01)0(4.10e+01)
123:1(2.94e+02)2(2.47e+02)3(8.28e+01)0(6.83e+01)
124:1(1.99e+02)2(1.75e+02)0(1.71e+02)3(1.33e+02)
125:2(3.75e+02)0(3.65e+02)3(7.64e+01)1(7.13e+01)
126:2(6.12e+01)0(4.66e+01)3(2.73e+01)1(2.09e+01)
127:1(1.02e+02)2(9.88e+01)0(4.15e+01)3(2.24e+01)
128:2(7.70e+01)0(3.89e+01)1(3.22e+01)3(1.25e+01)
129:1(1.07e+02)2(4.22e+01)0(3.78e+01)3(3.60e+01)
130:3(7.96e+01)0(5.17e+01)1(4.47e+01)2(3.01e+01)
131:2(1.68e+02)0(1.36e+02)1(5.86e+01)3(2.20e+01)
132:3(6.23e+02)2(3.46e+02)1(3.15e+02)0(2.72e+02)
133:0(7.55e+02)2(7.49e+02)1(5.02e+02)3(3.72e+02)
134:2(1.17e+03)0(1.04e+03)3(4.55e+02)1(1.91e+02)
135:0(3.76e+02)2(3.06e+02)3(1.68e+02)1(1.51e+02)
136:0(5.02e+02)2(4.55e+02)3(2.25e+02)1(1.97e+02)
137:0(6.64e+02)1(4.02e+02)2(2.17e+02)3(1.59e+02)
138:2(3.74e+02)0(3.10e+02)3(2.26e+02)1(1.94e+02)
139:1(2.28e+02)0(2.08e+02)2(2.03e+02)3(1.77e+02)
140:1(2.16e+02)2(1.61e+02)3(1.59e+02)0(1.58e+02)
141:2(3.92e+02)0(2.60e+02)1(1.95e+02)3(1.82e+02)
142:0(2.50e-01)1(2.50e-01)2(2.50e-01)3(2.50e-01)
143:2(2.17e+02)1(1.32e+02)3(1.28e+02)0(8.55e+01)
144:0(5.00e-01)1(5.00e-01)2(5.00e-01)3(5.00e-01)
145:3(2.96e+02)1(2.57e+02)0(2.47e+02)2(1.66e+02)
146:3(1.56e+02)0(1.51e+02)1(1.49e+02)2(1.43e+02)
147:2(3.31e+02)1(2.53e+02)0(1.82e+02)3(1.54e+02)
148:2(1.97e+02)0(9.93e+01)1(8.07e+01)3(5.63e+01)
149:0(3.24e+02)3(2.24e+02)2(2.07e+02)1(1.11e+02)
150:2(3.59e+02)0(3.55e+02)1(3.17e+02)3(1.32e+02)
151:0(2.07e+02)2(1.93e+02)1(1.80e+02)3(8.84e+01)
152:1(8.70e+01)2(8.28e+01)0(7.71e+01)3(5.81e+01)
153:2(1.30e+02)3(6.03e+01)1(4.88e+01)0(4.34e+01)
154:0(1.14e+02)2(9.78e+01)3(5.68e+01)1(4.46e+01)
155:2(1.62e+02)3(1.61e+02)1(1.50e+02)0(8.95e+01)
156:3(2.68e+01)0(1.35e+01)2(7.00e+00)1(3.00e+00)
157:0(5.00e-01)2(5.00e-01)1(1.22e-05)3(1.22e-05)
158:0(2.50e-01)1(2.50e-01)2(2.50e-01)3(2.50e-01)
159:3(1.22e+02)1(1.09e+02)2(1.08e+02)0(6.12e+01)
160:1(3.04e+02)3(2.73e+02)0(2.73e+02)2(1.78e+02)
161:3(1.29e+02)2(1.27e+02)0(1.09e+02)1(1.07e+02)
162:2(3.40e+02)1(3.10e+02)3(2.66e+02)0(1.94e+02)
163:0(1.99e+02)3(1.48e+02)2(1.36e+02)1(1.26e+02)
164:2(2.30e+02)1(2.10e+02)0(1.84e+02)3(1.43e+02)
165:2(8.33e+01)1(6.89e+01)0(5.67e+01)3(5.12e+01)
166:2(3.15e+02)1(2.97e+02)3(1.73e+02)0(1.15e+02)
167:2(1.37e+02)3(1.19e+02)0(7.99e+01)1(5.68e+01)
168:1(7.14e+02)0(6.26e+02)2(6.14e+02)3(5.32e+02)
169:1(2.49e+02)0(2.12e+02)2(1.71e+02)3(1.56e+02)
170:3(4.52e+01)1(3.14e+01)2(2.96e+01)0(2.10e+01)
171:0(5.00e-01)1(5.00e-01)2(5.00e-01)3(5.00e-01)
172:2(1.66e+01)3(1.21e+01)1(7.89e+00)0(5.10e+00)
173:0(2.50e-01)1(2.50e-01)2(2.50e-01)3(2.50e-01)
174:2(8.36e+01)0(6.47e+01)1(4.73e+01)3(4.21e+01)
175:2(2.40e+01)0(2.26e+01)1(1.92e+01)3(9.55e+00)
176:1(4.74e+01)3(3.26e+01)2(1.10e+01)0(9.22e+00)
177:1(1.00e+00)2(1.00e+00)0(5.00e-01)3(5.00e-01)
178:1(3.71e+02)2(2.64e+02)3(2.08e+02)0(1.43e+02)
179:2(3.39e+02)0(2.25e+02)3(2.03e+02)1(1.50e+02)
180:3(3.50e+02)1(3.42e+02)0(2.95e+02)2(2.79e+02)
181:0(9.11e+01)2(8.14e+01)3(9.00e+00)1(5.97e+00)
182:2(7.16e+01)3(5.55e+01)0(2.92e+01)1(2.88e+01)
183:2(1.06e+02)1(1.05e+02)3(1.01e+02)0(1.01e+02)
184:2(6.05e+01)1(4.40e+01)3(4.21e+01)0(2.47e+01)
185:1(1.21e+02)2(9.40e+01)0(8.70e+01)3(7.94e+01)
186:0(2.96e+02)2(2.19e+02)1(1.70e+02)3(7.91e+01)
187:2(8.11e+01)0(7.96e+01)1(1.50e+01)3(6.00e+00)
188:0(1.82e+02)3(1.68e+02)2(1.52e+02)1(1.45e+02)
189:0(5.00e-01)1(5.00e-01)2(5.00e-01)3(5.00e-01)
190:0(2.50e-01)1(2.50e-01)2(2.50e-01)3(2.50e-01)
191:1(3.92e+02)2(2.76e+02)0(2.47e+02)3(1.61e+02)
192:1(1.41e+02)2(1.27e+02)3(1.18e+02)0(1.13e+02)
193:1(2.09e+02)2(1.97e+02)0(1.65e+02)3(1.52e+02)
194:1(2.51e-01)2(2.51e-01)0(2.49e-01)3(2.49e-01)
195:2(2.33e+02)0(1.21e+02)3(1.07e+02)1(9.62e+01)
196:2(4.38e+01)0(3.00e+01)3(7.00e+00)1(7.00e+00)
197:3(3.80e+01)1(3.05e+01)2(2.53e+01)0(1.76e+01)
198:1(3.63e+01)2(1.93e+01)3(1.81e+01)0(1.49e+01)
199:1(1.00e+00)2(1.00e+00)0(5.00e-01)3(5.00e-01)
200:1(2.58e+02)2(2.58e+02)0(2.28e+02)3(1.37e+02)
201:0(1.00e+00)2(1.00e+00)1(5.00e-01)3(5.00e-01)
202:1(9.42e+01)2(7.51e+01)0(5.41e+01)3(2.70e+01)
203:2(3.36e+02)0(2.49e+02)3(2.46e+02)1(2.35e+02)
204:2(2.41e+02)3(2.28e+02)1(1.74e+02)0(1.57e+02)
205:2(6.27e+01)0(3.95e+01)1(2.90e+01)3(7.00e+00)
206:3(5.95e+01)1(3.48e+01)2(3.45e+01)0(2.56e+01)
207:2(1.98e+01)0(1.30e+01)1(7.00e+00)3(6.00e+00)
208:1(2.75e-01)2(2.75e-01)0(2.25e-01)3(2.25e-01)
209:3(4.46e+01)1(3.16e+01)2(3.07e+01)0(1.23e+01)
210:0(6.39e+01)2(4.39e+01)1(8.91e+00)3(8.39e+00)
211:2(8.06e+01)1(3.53e+01)3(3.35e+01)0(1.96e+01)
212:0(2.50e-01)1(2.50e-01)2(2.50e-01)3(2.50e-01)
213:0(3.09e+02)2(2.99e+02)1(2.20e+02)3(2.02e+02)
214:2(3.86e+02)0(3.55e+02)3(2.56e+02)1(1.85e+02)
215:0(2.50e-01)1(2.50e-01)2(2.50e-01)3(2.50e-01)
216:2(2.95e+02)0(2.21e+02)1(1.66e+02)3(1.27e+02)
217:0(2.00e+00)2(2.00e+00)1(1.00e+00)3(1.00e+00)
218:1(1.82e+02)3(1.51e+02)0(1.49e+02)2(1.48e+02)
219:0(2.50e-01)1(2.50e-01)2(2.50e-01)3(2.50e-01)
220:0(2.50e-01)2(2.50e-01)1(2.50e-01)3(2.50e-01)
221:1(2.60e+01)2(2.48e+01)0(1.92e+01)3(1.60e+01)
222:1(2.36e+02)2(1.24e+02)3(5.39e+01)0(1.40e+01)
223:0(6.85e+01)1(5.93e+01)2(5.41e+01)3(2.07e+01)
224:0(2.50e-01)1(2.50e-01)2(2.50e-01)3(2.50e-01)
225:1(5.71e+01)3(3.62e+01)0(3.39e+01)2(2.85e+01)
226:0(1.63e+02)1(1.36e+02)2(1.29e+02)3(7.16e+01)
227:2(1.70e+02)0(1.44e+02)1(1.29e+02)3(1.26e+02)
228:1(6.45e+01)2(4.29e+01)3(2.95e+01)0(2.93e+01)
229:2(1.30e+01)0(1.11e+01)1(3.00e+00)3(3.00e+00)
230:3(1.90e+01)2(1.50e+01)1(1.00e+01)0(3.00e+00)
231:1(2.09e+01)2(1.32e+01)0(5.00e+00)3(5.00e+00)
232:2(3.00e+00)0(2.00e+00)1(2.00e+00)3(2.00e+00)
233:1(2.62e-01)3(2.62e-01)0(2.38e-01)2(2.38e-01)
234:0(1.00e+00)1(1.00e+00)2(1.00e+00)3(1.00e+00)
235:0(5.00e-01)1(5.00e-01)2(5.00e-01)3(5.00e-01)
236:2(5.00e+00)0(2.00e+00)1(2.00e+00)3(1.00e+00)
237:2(2.00e+00)0(1.00e+00)1(1.00e+00)3(1.00e+00)
238:0(1.00e+00)1(1.00e+00)2(1.00e+00)3(1.00e+00)
239:1(9.00e+00)0(4.00e+00)2(4.00e+00)3(1.00e+00)
240:2(1.44e+02)1(1.05e+02)0(1.03e+02)3(7.39e+01)
241:3(1.32e+02)2(8.95e+01)1(7.98e+01)0(7.51e+01)
242:2(1.69e+02)0(8.22e+01)1(8.15e+01)3(6.51e+01)
243:3(2.05e+02)2(2.04e+02)1(1.53e+02)0(1.17e+02)
244:2(1.86e+02)0(1.74e+02)1(1.54e+02)3(1.11e+02)
245:1(1.71e+02)3(1.57e+02)2(1.44e+02)0(1.17e+02)
246:1(3.89e+01)2(5.00e+00)3(2.00e+00)0(1.00e+00)
247:0(1.83e+01)3(1.05e+01)1(1.00e+01)2(3.00e+00)
248:1(2.72e+01)2(9.02e+00)3(5.00e+00)0(2.00e+00)
249:0(5.00e-01)1(5.00e-01)2(5.00e-01)3(5.00e-01)
250:1(2.75e+02)2(2.34e+02)3(1.66e+02)0(1.18e+02)
251:1(1.50e+02)2(1.09e+02)0(7.03e+01)3(5.84e+01)
252:2(2.03e+02)1(1.85e+02)3(1.56e+02)0(1.01e+02)
253:1(3.11e-01)2(3.11e-01)0(1.89e-01)3(1.89e-01)
254:0(2.50e-01)1(2.50e-01)2(2.50e-01)3(2.50e-01)
255:2(2.70e+02)1(2.44e+02)0(2.06e+02)3(1.39e+02)
256:2(2.82e+02)1(1.88e+02)0(1.71e+02)3(1.30e+02)
257:0(2.75e-01)2(2.75e-01)1(2.25e-01)3(2.25e-01)
258:2(3.03e+02)1(2.24e+02)0(2.05e+02)3(1.13e+02)
259:1(1.64e+02)3(4.95e+01)0(1.10e+01)2(1.00e+01)
260:0(5.00e-01)1(5.00e-01)2(5.00e-01)3(5.00e-01)
261:2(2.00e+00)1(1.00e+00)0(5.00e-01)3(5.00e-01)
262:0(2.50e-01)2(2.50e-01)1(2.50e-01)3(2.50e-01)
263:0(5.00e-01)1(5.00e-01)2(5.00e-01)3(5.00e-01)
264:0(5.00e-01)1(5.00e-01)2(5.00e-01)3(5.00e-01)
265:0(2.50e-01)2(2.50e-01)1(2.50e-01)3(2.50e-01)
266:2(3.50e+02)0(2.99e+02)1(2.88e+02)3(2.45e+02)
267:1(2.75e-01)2(2.75e-01)0(2.25e-01)3(2.25e-01)
268:1(2.17e+02)0(1.09e+02)3(8.85e+01)2(7.43e+01)
269:1(1.49e+02)2(1.25e+02)0(1.14e+02)3(6.41e+01)
270:1(1.29e+02)3(1.03e+02)2(9.92e+01)0(8.80e+01)
271:2(1.83e+02)0(1.68e+02)1(1.27e+02)3(2.94e+01)
272:1(7.08e+01)2(6.44e+01)3(4.38e+01)0(1.92e+01)
273:1(2.69e+02)0(2.11e+02)2(1.92e+02)3(9.30e+01)
274:1(1.39e+02)3(6.70e+01)2(6.55e+01)0(5.88e+01)
275:1(1.19e+02)3(8.89e+01)0(8.65e+01)2(6.70e+01)
276:3(6.95e+01)1(6.81e+01)2(4.96e+01)0(4.11e+01)
277:3(2.87e+02)2(2.74e+02)0(2.54e+02)1(2.41e+02)
278:3(3.30e+02)0(3.22e+02)2(2.87e+02)1(2.76e+02)
279:0(5.00e-01)1(5.00e-01)2(5.00e-01)3(5.00e-01)
280:1(3.65e+01)2(2.75e+01)3(8.00e+00)0(4.98e+00)
281:1(2.62e-01)3(2.62e-01)0(2.38e-01)2(2.38e-01)
282:0(4.92e+02)1(4.26e+02)2(3.92e+02)3(3.38e+02)
283:2(2.99e+02)1(2.90e+02)3(2.43e+02)0(1.94e+02)
284:2(3.39e+02)1(2.76e+02)0(2.54e+02)3(2.14e+02)
285:1(2.01e+02)0(1.17e+02)3(1.17e+02)2(8.47e+01)
286:2(3.99e+02)0(3.13e+02)1(1.72e+02)3(1.39e+02)
287:0(1.00e+00)2(1.00e+00)1(5.00e-01)3(5.00e-01)
288:0(6.00e+00)3(4.00e+00)1(3.00e+00)2(3.00e+00)
289:0(3.00e+00)1(1.00e+00)2(1.00e+00)3(1.00e+00)
290:0(8.00e+00)2(8.00e+00)1(3.00e+00)3(3.00e+00)
291:1(5.00e+00)0(4.00e+00)2(4.00e+00)3(3.00e+00)
292:3(2.89e+01)2(2.87e+01)1(2.07e+01)0(8.49e+00)
293:1(2.50e-01)2(2.50e-01)0(2.50e-01)3(2.50e-01)
294:0(2.50e-01)1(2.50e-01)2(2.50e-01)3(2.50e-01)
295:3(3.28e+01)1(3.11e+01)2(2.41e+01)0(2.04e+01)
296:1(3.51e+01)2(3.18e+01)3(1.81e+01)0(1.60e+01)
297:0(2.00e+00)1(2.00e+00)2(1.00e+00)3(1.00e+00)
298:0(7.39e+00)1(1.00e+00)2(1.00e+00)3(1.00e+00)
299:2(2.82e+02)0(2.80e+02)1(1.53e+02)3(1.18e+02)
300:0(2.78e+02)3(1.72e+02)1(1.70e+02)2(1.03e+02)
301:2(1.23e+02)3(1.09e+02)0(9.57e+01)1(8.86e+01)
302:1(2.98e+02)0(2.15e+02)2(1.81e+02)3(1.60e+02)
303:2(1.67e+02)0(1.44e+02)1(1.02e+02)3(9.61e+01)
304:3(1.19e+02)2(8.37e+01)0(6.20e+01)1(6.03e+01)
305:1(2.73e+02)2(2.12e+02)0(1.76e+02)3(1.15e+02)
306:1(4.69e+01)2(3.92e+01)3(3.61e+01)0(3.53e+01)
307:2(1.18e+03)3(5.90e+02)1(5.67e+02)0(4.70e+02)
308:0(1.70e+01)3(1.60e+01)1(1.43e+01)2(1.20e+01)
309:0(7.30e+01)3(4.77e+01)2(2.19e+01)1(2.17e+01)
310:2(4.09e+02)1(3.96e+02)3(3.03e+02)0(2.97e+02)
311:1(1.40e+02)2(1.24e+02)3(1.18e+02)0(8.45e+01)
312:0(5.00e-01)1(5.00e-01)2(5.00e-01)3(5.00e-01)
313:1(2.45e+02)3(1.89e+02)2(1.78e+02)0(1.68e+02)
314:2(2.00e+00)0(1.00e+00)1(5.00e-01)3(5.00e-01)
315:1(3.55e+01)3(2.88e+01)0(1.72e+01)2(1.54e+01)
316:3(1.02e+02)0(9.39e+01)2(8.96e+01)1(6.87e+01)
317:0(9.11e+01)1(6.71e+01)3(5.28e+01)2(4.97e+01)
318:3(1.27e+02)0(6.97e+01)1(5.69e+01)2(3.23e+01)
319:1(1.40e+02)2(1.04e+02)3(8.79e+01)0(5.20e+01)
320:2(4.39e+01)1(3.28e+01)0(3.28e+01)3(2.57e+01)
321:2(1.73e+01)0(9.04e+00)1(1.00e+00)3(1.00e+00)
322:2(1.87e+01)0(4.00e+00)3(3.00e+00)1(1.00e+00)
323:2(1.97e+02)0(1.39e+02)3(1.31e+02)1(1.27e+02)
324:2(3.15e+02)3(2.49e+02)0(2.15e+02)1(1.54e+02)
325:1(3.01e-01)3(3.01e-01)0(1.99e-01)2(1.99e-01)
326:2(2.43e+02)0(2.42e+02)3(1.94e+02)1(1.63e+02)
327:2(2.35e+02)0(2.11e+02)1(2.08e+02)3(1.01e+02)
328:1(2.49e+02)3(1.74e+02)2(1.59e+02)0(1.56e+02)
329:0(1.82e+02)2(1.70e+02)1(1.43e+02)3(8.88e+01)
330:0(1.66e+02)1(5.75e+01)2(4.70e+01)3(4.37e+01)
331:0(1.99e+02)1(1.24e+02)2(1.18e+02)3(1.15e+02)
332:0(2.26e+02)1(1.88e+02)2(1.29e+02)3(1.26e+02)
333:1(2.77e+02)0(2.41e+02)2(2.13e+02)3(1.99e+02)
334:1(2.75e+01)2(2.45e+01)3(5.00e+00)0(2.00e+00)
335:0(5.00e-01)1(5.00e-01)2(5.00e-01)3(5.00e-01)
336:1(8.05e+01)2(6.64e+01)3(3.98e+01)0(1.65e+01)
337:0(5.00e-01)1(5.00e-01)2(5.00e-01)3(5.00e-01)
338:2(2.00e+00)0(1.00e+00)1(1.00e+00)3(1.00e+00)
339:0(3.10e+01)2(2.61e+01)1(1.72e+01)3(6.17e+00)
340:1(4.86e+01)3(3.24e+01)0(1.50e+01)2(1.30e+01)
341:0(2.50e-01)1(2.50e-01)2(2.50e-01)3(2.50e-01)
342:1(1.00e+02)2(5.72e+01)0(3.31e+01)3(3.00e+01)
343:2(2.00e+00)3(2.00e+00)0(1.00e+00)1(1.00e+00)
344:2(1.47e+02)1(6.93e+01)0(6.66e+01)3(4.47e+01)
345:2(4.72e+01)0(3.98e+01)3(2.33e+01)1(2.01e+01)
346:0(2.50e-01)1(2.50e-01)2(2.50e-01)3(2.50e-01)
347:0(5.00e-01)1(5.00e-01)2(5.00e-01)3(5.00e-01)
348:0(2.50e-01)1(2.50e-01)2(2.50e-01)3(2.50e-01)
349:2(4.22e+01)0(1.98e+01)1(6.00e+00)3(5.00e+00)
350:3(3.45e+01)0(2.77e+01)1(2.09e+01)2(1.37e+01)
351:2(3.20e+01)0(2.20e+01)1(2.14e+01)3(1.09e+01)
352:1(1.53e+02)3(1.52e+02)2(1.15e+02)0(7.47e+01)
353:1(2.50e-01)2(2.50e-01)0(2.50e-01)3(2.50e-01)
354:1(1.00e+00)2(1.00e+00)0(5.00e-01)3(5.00e-01)
355:0(2.99e+02)2(2.84e+02)1(2.38e+02)3(2.10e+02)
356:3(2.12e+01)1(1.00e+01)2(1.00e+01)0(6.00e+00)
357:0(5.00e-01)1(5.00e-01)2(5.00e-01)3(5.00e-01)
358:2(3.19e+01)1(2.26e+01)3(1.83e+01)0(1.32e+01)
359:2(1.28e+02)0(7.59e+01)1(4.97e+01)3(4.70e+01)
360:1(3.26e-01)2(3.26e-01)0(1.74e-01)3(1.74e-01)
361:1(1.96e+02)2(1.89e+02)0(1.48e+02)3(8.87e+01)
362:0(2.07e+02)1(1.28e+02)2(1.19e+02)3(7.83e+01)
363:2(7.84e+01)0(6.69e+01)1(6.63e+01)3(5.47e+01)
364:3(9.71e+01)2(9.15e+01)0(7.92e+01)1(7.18e+01)
365:3(9.01e+01)0(4.72e+01)1(3.72e+01)2(3.08e+01)
366:2(2.47e+02)1(2.34e+02)3(2.27e+02)0(1.99e+02)
367:1(2.12e+02)2(1.89e+02)3(1.76e+02)0(1.20e+02)
368:1(1.00e+00)2(1.00e+00)0(5.00e-01)3(5.00e-01)
369:1(7.44e+02)3(4.20e+02)2(3.85e+02)0(3.20e+02)
370:1(1.00e+00)2(1.00e+00)0(5.00e-01)3(5.00e-01)
371:2(2.11e+02)1(1.91e+02)0(1.35e+02)3(1.06e+02)
372:0(3.39e+02)2(3.23e+02)1(2.82e+02)3(2.14e+02)
373:0(2.64e+02)3(2.33e+02)2(2.23e+02)1(2.10e+02)
374:1(5.33e+02)2(3.06e+02)0(3.03e+02)3(2.71e+02)
375:0(5.00e-01)1(5.00e-01)2(5.00e-01)3(5.00e-01)
376:2(4.15e+02)0(3.47e+02)1(1.69e+02)3(8.97e+01)
377:1(1.99e+02)3(1.83e+02)2(1.08e+02)0(9.68e+01)
378:0(1.55e+02)2(1.37e+02)3(1.11e+02)1(9.44e+01)
379:3(2.56e+02)1(2.31e+02)0(2.29e+02)2(2.16e+02)
380:0(7.45e+02)2(3.92e+02)3(1.86e+02)1(1.11e+02)
381:2(7.96e+01)0(2.88e+01)1(2.15e+01)3(1.42e+01)
382:2(1.06e+02)1(6.34e+01)3(4.76e+01)0(2.63e+01)
383:3(8.05e+01)1(5.74e+01)2(4.98e+01)0(3.56e+01)
384:1(4.72e+01)2(3.49e+01)3(7.93e+00)0(7.00e+00)
385:2(8.36e+01)1(6.30e+01)3(3.89e+01)0(3.67e+01)
386:0(2.75e-01)2(2.75e-01)1(2.25e-01)3(2.25e-01)
387:2(3.60e+02)1(2.53e+02)0(2.33e+02)3(2.03e+02)
388:3(2.38e+01)1(2.05e+01)2(1.91e+01)0(1.29e+01)
389:0(3.73e+02)2(3.72e+02)1(2.59e+02)3(2.12e+02)
390:2(8.30e+01)3(7.75e+01)1(6.25e+01)0(4.81e+01)
391:0(2.50e-01)1(2.50e-01)2(2.50e-01)3(2.50e-01)
392:1(1.78e+02)2(1.68e+02)3(5.92e+01)0(4.12e+01)
393:0(2.50e-01)1(2.50e-01)2(2.50e-01)3(2.50e-01)
394:1(1.86e+02)2(1.69e+02)0(1.39e+02)3(9.84e+01)
395:0(3.00e+02)1(2.85e+02)2(2.76e+02)3(2.04e+02)
396:1(6.07e+01)0(4.25e+01)3(3.81e+01)2(3.15e+01)
397:1(1.30e+02)2(9.30e+01)3(8.87e+01)0(7.18e+01)
398:3(8.84e+01)1(7.53e+01)0(6.17e+01)2(4.11e+01)
399:0(2.96e-01)3(2.96e-01)1(2.04e-01)2(2.04e-01)
400:0(1.31e+02)1(1.11e+02)3(8.58e+01)2(5.33e+01)
401:0(2.50e-01)1(2.50e-01)2(2.50e-01)3(2.50e-01)
402:0(2.00e+00)1(2.00e+00)2(2.00e+00)3(1.00e+00)
403:1(5.64e+01)2(1.59e+01)3(4.00e+00)0(3.00e+00)
404:1(4.89e-01)2(4.89e-01)0(1.13e-02)3(1.13e-02)
405:0(4.77e+01)1(4.76e+01)2(4.07e+01)3(2.69e+01)
406:0(1.00e+00)1(1.00e+00)2(1.00e+00)3(1.00e+00)
407:2(9.00e+00)0(5.00e+00)3(2.00e+00)1(1.00e+00)
408:0(2.50e-01)1(2.50e-01)2(2.50e-01)3(2.50e-01)
409:2(4.00e+00)0(3.00e+00)3(3.00e+00)1(2.00e+00)
410:0(1.00e+00)1(1.00e+00)2(1.00e+00)3(1.00e+00)
411:0(1.00e+00)2(1.00e+00)1(5.00e-01)3(5.00e-01)
412:1(1.79e+01)2(6.00e+00)0(2.00e+00)3(2.00e+00)
413:0(2.00e+00)1(2.00e+00)2(2.00e+00)3(2.00e+00)
414:0(5.00e+00)2(4.00e+00)3(2.00e+00)1(1.00e+00)
415:0(7.18e+01)3(5.70e+01)2(4.91e+01)1(4.47e+01)
416:1(1.50e+01)2(7.00e+00)3(7.00e+00)0(4.00e+00)
417:1(3.97e-01)2(3.97e-01)0(1.03e-01)3(1.03e-01)
418:0(3.42e+01)2(2.54e+01)1(1.61e+01)3(7.00e+00)
419:1(5.14e+01)2(2.43e+01)3(1.30e+01)0(1.20e+01)
420:0(1.00e+00)2(1.00e+00)1(5.00e-01)3(5.00e-01)
421:1(4.99e+01)2(4.96e+01)0(2.35e+01)3(2.21e+01)
422:0(3.00e+00)2(3.00e+00)1(1.00e+00)3(1.00e+00)
423:0(1.00e+00)2(1.00e+00)1(5.00e-01)3(5.00e-01)
424:1(2.82e-01)2(2.82e-01)0(2.18e-01)3(2.18e-01)
425:0(2.50e-01)1(2.50e-01)2(2.50e-01)3(2.50e-01)
426:2(4.02e+01)1(2.89e+01)0(1.70e+01)3(1.39e+01)
427:2(8.41e+01)0(5.01e+01)1(2.58e+01)3(9.99e+00)
428:2(1.80e+02)1(1.74e+02)0(1.39e+02)3(1.22e+02)
429:2(2.59e+01)0(2.50e+01)1(1.60e+01)3(1.30e+01)
430:0(2.50e-01)3(2.50e-01)1(2.50e-01)2(2.50e-01)
431:1(1.77e+01)2(1.40e+01)3(3.23e+00)0(2.00e+00)
432:0(2.50e-01)1(2.50e-01)2(2.50e-01)3(2.50e-01)
433:2(5.49e+01)3(4.44e+01)0(3.17e+01)1(2.30e+01)
434:0(5.00e-01)1(5.00e-01)2(5.00e-01)3(5.00e-01)
435:2(8.00e+00)0(6.15e+00)1(5.00e+00)3(4.00e+00)
436:0(5.00e-01)1(5.00e-01)2(5.00e-01)3(5.00e-01)
437:1(8.16e+01)3(5.30e+01)0(4.66e+01)2(4.50e+01)
438:2(4.56e+01)1(4.29e+01)0(9.05e+00)3(5.00e+00)
439:2(5.43e+01)0(4.45e+01)1(1.30e+01)3(1.00e+01)
440:0(2.49e+01)2(2.44e+01)3(9.00e+00)1(5.99e+00)
441:0(2.70e+01)1(9.60e+00)3(4.40e+00)2(2.00e+00)
442:0(2.50e-01)2(2.50e-01)1(2.50e-01)3(2.50e-01)
443:2(3.42e+02)0(3.27e+02)3(2.13e+02)1(1.12e+02)
444:0(2.51e-01)2(2.51e-01)1(2.49e-01)3(2.49e-01)
445:1(1.00e+00)2(1.00e+00)0(5.00e-01)3(5.00e-01)
446:1(1.00e+01)3(8.00e+00)2(8.00e+00)0(6.00e+00)
447:1(3.33e-01)2(3.33e-01)0(1.67e-01)3(1.67e-01)
448:0(2.13e+02)1(1.72e+02)2(1.52e+02)3(1.35e+02)
449:1(1.00e+00)2(1.00e+00)0(5.00e-01)3(5.00e-01)
450:1(1.00e+00)2(1.00e+00)0(5.00e-01)3(5.00e-01)
451:0(3.52e-01)2(3.52e-01)1(1.48e-01)3(1.48e-01)
452:2(2.51e+02)0(2.35e+02)1(1.92e+02)3(1.47e+02)
453:3(1.00e+01)0(4.00e+00)1(3.00e+00)2(3.00e+00)
454:0(6.00e+00)1(3.00e+00)2(2.00e+00)3(2.00e+00)
455:2(1.87e+01)0(1.03e+01)1(1.00e+01)3(7.00e+00)
456:1(2.00e+02)2(1.87e+02)3(1.42e+02)0(1.03e+02)
457:0(2.50e-01)1(2.50e-01)2(2.50e-01)3(2.50e-01)
458:1(3.29e-01)2(3.29e-01)0(1.71e-01)3(1.71e-01)
459:0(3.05e-01)3(3.05e-01)1(1.95e-01)2(1.95e-01)
460:1(3.54e+01)2(3.11e+01)3(3.07e+01)0(2.00e+01)
461:2(4.22e+01)1(3.43e+01)0(1.29e+01)3(7.99e+00)
462:1(9.20e+01)0(8.81e+01)3(8.22e+01)2(4.87e+01)
463:1(5.51e+01)2(2.83e+01)3(1.64e+01)0(7.98e+00)
464:1(1.87e+02)2(1.63e+02)3(1.40e+02)0(1.04e+02)
465:1(2.56e-01)2(2.56e-01)0(2.44e-01)3(2.44e-01)
466:0(5.00e-01)1(5.00e-01)2(5.00e-01)3(5.00e-01)
467:0(1.00e+00)2(1.00e+00)1(5.00e-01)3(5.00e-01)
468:0(3.33e-01)2(3.33e-01)1(1.67e-01)3(1.67e-01)
469:0(5.00e-01)1(5.00e-01)2(5.00e-01)3(5.00e-01)
470:0(2.50e-01)1(2.50e-01)2(2.50e-01)3(2.50e-01)
471:2(9.20e+01)1(8.46e+01)0(8.12e+01)3(5.11e+01)
472:2(1.02e+02)1(1.01e+02)0(6.73e+01)3(5.17e+01)
473:2(3.28e+02)0(2.45e+02)1(2.45e+02)3(2.40e+02)
474:1(2.51e-01)2(2.51e-01)0(2.49e-01)3(2.49e-01)
475:1(8.72e+01)2(6.65e+01)3(5.13e+01)0(1.79e+01)
476:3(5.19e+01)2(4.46e+01)1(4.39e+01)0(1.27e+01)
477:1(2.71e-01)2(2.71e-01)0(2.29e-01)3(2.29e-01)
478:1(4.81e+01)3(3.22e+01)2(3.20e+01)0(3.18e+01)
479:0(2.50e-01)1(2.50e-01)2(2.50e-01)3(2.50e-01)
480:0(2.50e-01)1(2.50e-01)2(2.50e-01)3(2.50e-01)
481:0(2.55e+02)3(2.31e+02)1(1.82e+02)2(1.65e+02)
482:2(1.01e+02)3(9.53e+01)1(9.10e+01)0(4.53e+01)
483:1(3.51e-01)2(3.51e-01)0(1.49e-01)3(1.49e-01)
484:2(1.73e+02)0(1.61e+02)1(1.36e+02)3(9.43e+01)
485:2(1.38e+02)0(7.80e+01)3(5.34e+01)1(3.58e+01)
486:0(2.52e-01)2(2.52e-01)1(2.48e-01)3(2.48e-01)
487:1(1.78e+02)2(9.62e+01)3(6.70e+01)0(5.13e+01)
488:2(3.35e+02)0(3.27e+02)1(2.67e+02)3(2.15e+02)
489:0(9.62e+01)2(7.97e+01)1(3.43e+01)3(1.50e+01)
490:3(6.06e+02)0(5.76e+02)1(4.78e+02)2(3.60e+02)
491:2(3.41e+02)1(3.24e+02)3(2.19e+02)0(2.03e+02)
492:2(1.04e+02)1(7.26e+01)0(5.98e+01)3(5.82e+01)
493:3(1.08e+02)0(5.22e+01)2(4.90e+01)1(3.05e+01)
494:2(4.00e+00)0(2.00e+00)1(2.00e+00)3(2.00e+00)
495:1(6.00e+00)2(5.00e+00)0(3.00e+00)3(3.00e+00)
496:2(5.00e+00)0(2.00e+00)3(2.00e+00)1(1.00e+00)
497:0(7.15e+01)2(6.67e+01)1(3.67e+01)3(2.43e+01)
498:1(3.88e+02)2(3.01e+02)3(2.16e+02)0(2.04e+02)
499:2(4.36e+02)1(4.21e+02)0(3.96e+02)3(2.95e+02)
500:1(2.16e+02)0(1.93e+02)3(1.80e+02)2(1.79e+02)
501:2(1.68e+02)1(1.62e+02)3(1.44e+02)0(1.33e+02)
502:0(5.20e+02)1(4.42e+02)2(4.23e+02)3(2.49e+02)
503:1(2.14e+02)0(2.08e+02)2(2.01e+02)3(2.01e+02)
504:0(1.63e+01)2(7.00e+00)3(3.00e+00)1(2.00e+00)
505:2(5.86e+01)0(5.26e+01)1(2.02e+01)3(1.40e+01)
506:1(1.46e+02)0(1.26e+02)2(1.21e+02)3(8.04e+01)
507:1(4.33e+02)2(3.93e+02)3(2.39e+02)0(2.24e+02)
508:0(4.70e+02)2(4.32e+02)1(3.69e+02)3(2.01e+02)
509:0(4.18e+02)2(3.28e+02)3(1.61e+02)1(9.62e+01)
510:1(1.90e+01)0(1.70e+01)2(7.00e+00)3(3.00e+00)
511:1(1.50e+01)2(4.00e+00)0(2.00e+00)3(1.00e+00)
512:2(3.80e+01)1(6.00e+00)3(5.00e+00)0(1.00e+00)
513:1(9.50e+01)2(5.45e+01)3(3.33e+01)0(2.69e+01)
514:2(2.47e+01)0(1.50e+01)3(3.00e+00)1(3.00e+00)
515:0(5.00e-01)1(5.00e-01)2(5.00e-01)3(5.00e-01)
516:2(4.37e+01)1(4.23e+01)3(3.52e+01)0(1.63e+01)
517:2(1.34e+02)1(1.30e+02)0(9.99e+01)3(7.48e+01)
518:2(1.38e+02)1(1.01e+02)3(7.41e+01)0(4.72e+01)
519:2(4.79e+01)0(4.76e+01)3(2.50e+01)1(1.79e+01)
520:0(1.00e+00)1(1.00e+00)2(1.00e+00)3(1.00e+00)
521:0(2.11e+02)2(2.00e+02)1(1.69e+02)3(7.96e+01)
522:1(1.27e+02)0(9.59e+01)3(8.89e+01)2(8.60e+01)
523:0(1.32e+02)1(1.11e+02)3(1.10e+02)2(6.64e+01)
524:1(8.50e+01)2(7.75e+01)3(4.61e+01)0(3.85e+01)
525:2(1.27e+02)0(1.25e+02)1(1.03e+02)3(7.26e+01)
526:2(2.00e+00)0(1.00e+00)1(1.00e+00)3(1.00e+00)
527:1(4.01e+01)2(1.79e+01)0(1.44e+01)3(1.04e+01)
528:0(2.50e-01)1(2.50e-01)2(2.50e-01)3(2.50e-01)
529:0(4.00e+00)2(3.00e+00)1(1.00e+00)3(1.00e+00)
530:1(2.52e-01)2(2.52e-01)0(2.48e-01)3(2.48e-01)
531:2(1.39e+02)0(8.28e+01)1(7.50e+01)3(5.01e+01)
532:1(1.00e+00)2(1.00e+00)0(5.00e-01)3(5.00e-01)
533:1(2.52e-01)2(2.52e-01)0(2.48e-01)3(2.48e-01)
534:1(9.50e+01)3(5.84e+01)0(3.86e+01)2(3.34e+01)
535:0(5.00e-01)1(5.00e-01)2(5.00e-01)3(5.00e-01)
536:0(5.00e-01)1(5.00e-01)2(5.00e-01)3(5.00e-01)
537:0(2.50e-01)1(2.50e-01)2(2.50e-01)3(2.50e-01)
538:0(6.90e+01)2(4.38e+01)1(3.28e+01)3(1.84e+01)
539:0(2.75e-01)2(2.75e-01)1(2.25e-01)3(2.25e-01)
540:0(2.61e-01)2(2.61e-01)1(2.39e-01)3(2.39e-01)
541:2(2.97e+02)1(2.16e+02)0(1.69e+02)3(1.07e+02)
542:0(7.00e+00)2(4.00e+00)1(2.00e+00)3(2.00e+00)
543:1(8.88e+01)2(7.30e+01)3(6.92e+01)0(5.22e+01)
544:2(3.42e+01)0(2.11e+01)1(1.50e+01)3(1.00e+01)
545:0(1.00e+00)2(1.00e+00)1(5.00e-01)3(5.00e-01)
546:0(4.12e-01)2(4.12e-01)1(8.80e-02)3(8.80e-02)
547:0(2.73e-01)3(2.73e-01)1(2.27e-01)2(2.27e-01)
548:2(2.00e+00)0(1.00e+00)1(1.00e+00)3(1.00e+00)
549:3(3.07e+01)0(8.00e+00)1(3.00e+00)2(3.00e+00)
550:0(1.00e+00)2(1.00e+00)1(5.00e-01)3(5.00e-01)
551:0(2.50e-01)1(2.50e-01)2(2.50e-01)3(2.50e-01)
552:1(8.90e+01)2(8.39e+01)0(4.58e+01)3(2.73e+01)
553:2(5.11e+01)1(3.02e+01)3(2.81e+01)0(1.99e+01)
554:1(1.60e+02)3(1.28e+02)0(9.30e+01)2(9.26e+01)
555:1(1.01e+02)3(7.49e+01)0(6.03e+01)2(6.01e+01)
556:3(5.88e+01)0(5.04e+01)1(3.71e+01)2(3.36e+01)
557:2(1.25e+02)0(5.69e+01)1(4.72e+01)3(4.40e+01)
558:3(1.66e+02)2(1.58e+02)1(1.14e+02)0(1.09e+02)
559:1(1.79e+02)3(6.58e+01)2(6.13e+01)0(4.10e+01)
560:1(1.00e+00)2(1.00e+00)0(5.00e-01)3(5.00e-01)
561:2(1.04e+02)1(1.02e+02)0(4.47e+01)3(3.38e+01)
562:1(2.50e-01)2(2.50e-01)0(2.50e-01)3(2.50e-01)
563:2(1.78e+02)0(1.08e+02)1(6.57e+01)3(4.98e+01)
564:0(2.50e-01)1(2.50e-01)2(2.50e-01)3(2.50e-01)
565:1(3.00e+00)2(3.00e+00)0(2.00e+00)3(2.00e+00)
566:0(1.00e+00)1(1.00e+00)2(1.00e+00)3(1.00e+00)
567:1(3.05e-01)2(3.05e-01)0(1.95e-01)3(1.95e-01)
568:1(2.04e+02)2(1.69e+02)0(1.66e+02)3(1.24e+02)
569:0(2.50e-01)1(2.50e-01)2(2.50e-01)3(2.50e-01)
570:0(2.50e-01)1(2.50e-01)2(2.50e-01)3(2.50e-01)
571:3(3.46e+01)1(2.03e+01)2(1.31e+01)0(9.00e+00)
572:1(3.00e+00)2(3.00e+00)0(1.00e+00)3(1.00e+00)
573:1(2.51e+02)2(1.73e+02)3(1.57e+02)0(1.40e+02)
574:1(3.06e+01)2(2.16e+01)0(1.76e+01)3(9.30e+00)
575:2(6.12e+01)0(4.66e+01)3(2.73e+01)1(2.09e+01)
576:1(1.02e+02)2(9.88e+01)0(4.15e+01)3(2.24e+01)
577:0(5.00e-01)1(5.00e-01)2(5.00e-01)3(5.00e-01)
578:2(7.59e+01)0(3.85e+01)1(3.33e+01)3(1.10e+01)
579:0(3.64e-01)2(3.64e-01)1(1.36e-01)3(1.36e-01)
580:1(9.18e+01)3(4.77e+01)2(4.11e+01)0(3.80e+01)
581:1(2.75e-01)2(2.75e-01)0(2.25e-01)3(2.25e-01)
582:0(5.00e-01)1(5.00e-01)2(5.00e-01)3(5.00e-01)
583:1(2.51e-01)2(2.51e-01)0(2.49e-01)3(2.49e-01)
584:2(6.94e+01)0(5.44e+01)1(5.32e+01)3(2.62e+01)
585:0(2.50e-01)1(2.50e-01)2(2.50e-01)3(2.50e-01)
586:0(2.75e-01)2(2.75e-01)1(2.25e-01)3(2.25e-01)
587:0(2.50e-01)1(2.50e-01)2(2.50e-01)3(2.50e-01)
588:2(1.63e+02)0(1.41e+02)1(5.79e+01)3(1.99e+01)
589:0(3.84e-01)2(3.84e-01)1(1.16e-01)3(1.16e-01)
590:0(2.50e-01)2(2.50e-01)1(2.50e-01)3(2.50e-01)
591:0(2.39e+02)1(2.31e+02)2(1.93e+02)3(1.85e+02)
592:1(3.80e-01)2(3.80e-01)0(1.20e-01)3(1.20e-01)
593:0(5.00e-01)1(5.00e-01)2(5.00e-01)3(5.00e-01)
594:1(2.18e+02)3(1.99e+02)2(1.46e+02)0(1.43e+02)
595:3(1.51e+02)2(1.44e+02)1(1.17e+02)0(1.13e+02)
596:0(2.77e+02)1(2.53e+02)2(2.09e+02)3(1.77e+02)
597:1(1.00e+00)2(1.00e+00)0(5.00e-01)3(5.00e-01)
598:1(2.00e+00)0(1.00e+00)2(1.00e+00)3(1.00e+00)
599:0(5.00e-01)1(5.00e-01)2(5.00e-01)3(5.00e-01)
600:0(2.50e-01)1(2.50e-01)2(2.50e-01)3(2.50e-01)
601:2(1.04e+02)1(9.38e+01)0(5.69e+01)3(4.85e+01)
602:3(5.82e+01)0(4.32e+01)2(4.06e+01)1(2.82e+01)
603:2(1.30e+02)1(1.29e+02)3(1.18e+02)0(7.09e+01)
604:0(1.00e+00)2(1.00e+00)1(5.00e-01)3(5.00e-01)
605:0(1.00e+00)2(1.00e+00)1(5.00e-01)3(5.00e-01)
606:2(4.76e+01)0(3.71e+01)1(1.93e+01)3(1.51e+01)
607:0(1.00e+00)1(1.00e+00)2(1.00e+00)3(1.00e+00)
608:1(2.50e-01)3(2.50e-01)0(2.50e-01)2(2.50e-01)
609:1(1.59e+02)2(1.46e+02)0(1.36e+02)3(8.40e+01)
610:2(1.44e+02)0(1.05e+02)3(1.91e+01)1(1.80e+01)
611:1(7.36e+01)2(6.65e+01)0(6.15e+01)3(4.40e+01)
612:1(1.79e+02)0(1.05e+02)2(8.64e+01)3(7.79e+01)
613:0(5.00e-01)1(5.00e-01)2(5.00e-01)3(5.00e-01)
614:2(2.06e+02)0(1.66e+02)1(1.21e+02)3(8.55e+01)
615:1(2.11e+02)2(1.12e+02)0(9.71e+01)3(4.59e+01)
616:2(7.56e+01)0(6.89e+01)1(2.18e+01)3(1.82e+01)
617:0(7.06e+01)2(6.83e+01)1(5.42e+01)3(3.39e+01)
618:0(3.70e-01)2(3.70e-01)1(1.30e-01)3(1.30e-01)
619:1(1.20e+02)3(6.29e+01)2(3.44e+01)0(2.77e+01)
620:1(1.26e+02)3(8.64e+01)2(8.07e+01)0(4.38e+01)
621:1(6.55e+01)2(5.96e+01)3(4.91e+01)0(1.36e+01)
622:0(5.00e-01)1(5.00e-01)2(5.00e-01)3(5.00e-01)
623:0(5.00e-01)1(5.00e-01)2(5.00e-01)3(5.00e-01)
624:2(2.19e+02)0(2.08e+02)3(1.77e+02)1(1.61e+02)
625:0(2.23e+02)1(1.61e+02)2(1.16e+02)3(1.14e+02)
626:0(5.00e-01)1(5.00e-01)2(5.00e-01)3(5.00e-01)
627:1(5.26e+01)0(4.79e+01)2(4.36e+01)3(1.60e+01)
628:2(1.64e+01)0(7.92e+00)3(2.00e+00)1(1.00e+00)
629:1(2.62e-01)2(2.62e-01)0(2.38e-01)3(2.38e-01)
630:2(1.02e+02)0(1.00e+02)1(4.94e+01)3(2.01e+01)
631:0(5.00e-01)1(5.00e-01)2(5.00e-01)3(5.00e-01)
632:1(2.62e-01)2(2.62e-01)0(2.38e-01)3(2.38e-01)
633:2(2.00e+00)0(1.00e+00)1(5.00e-01)3(5.00e-01)
634:1(1.18e+02)0(1.09e+02)2(9.80e+01)3(6.33e+01)
635:0(1.70e+01)1(9.00e+00)3(5.00e+00)2(3.00e+00)
636:0(2.39e+02)3(1.62e+02)1(8.13e+01)2(6.78e+01)
637:1(9.95e+01)2(8.67e+01)3(8.37e+01)0(3.70e+01)
638:1(2.74e+02)0(2.26e+02)2(1.99e+02)3(9.94e+01)
639:1(2.28e+02)0(2.08e+02)2(2.03e+02)3(1.77e+02)
640:1(2.16e+02)2(1.61e+02)3(1.59e+02)0(1.58e+02)INFO: s3mixw_io.c(233): Wrote /home/abdy/Desktop/diploma/kg/model_parameters/kg.cd_cont_initial/mixture_weights [641x1x8 array]
INFO: s3gau_io.c(228): Wrote /home/abdy/Desktop/diploma/kg/model_parameters/kg.cd_cont_initial/means [641x1x8 array]
INFO: s3gau_io.c(228): Wrote /home/abdy/Desktop/diploma/kg/model_parameters/kg.cd_cont_initial/variances [641x1x8 array]

Thu May  7 00:24:59 2020
