Current configuration:
[NAME]		[DEFLT]	[VALUE]
-dictfn			/home/abdy/Desktop/diploma/kg/etc/kg.dic
-example	no	no
-fdictfn		/home/abdy/Desktop/diploma/kg/etc/kg.filler
-help		no	no
-ignorewpos	no	no
-inCDmdef		
-inCImdef		
-lsnfn			/home/abdy/Desktop/diploma/kg/etc/kg_train.transcription
-maxtriphones	100000	100000
-minocc		1	1
-n_state_pm	3	3
-oalltphnmdef		
-ocimdef		
-ocountfn		
-ountiedmdef		/home/abdy/Desktop/diploma/kg/model_architecture/kg.untied.mdef
-phnlstfn		/home/abdy/Desktop/diploma/kg/etc/kg.phone
-triphnlstfn		

INFO: main.c(95): Will write untied mdef file /home/abdy/Desktop/diploma/kg/model_architecture/kg.untied.mdef
INFO: mk_mdef_gen.c(189): 0 single word triphones in input phone list
INFO: mk_mdef_gen.c(190): 0 word beginning triphones in input phone list
INFO: mk_mdef_gen.c(191): 0 word internal triphones in input phone list
INFO: mk_mdef_gen.c(192): 0 word ending triphones in input phone list
INFO: mk_mdef_gen.c(280): Reading dict /home/abdy/Desktop/diploma/kg/etc/kg.dic
INFO: mk_mdef_gen.c(322): 10551 words in dict /home/abdy/Desktop/diploma/kg/etc/kg.dic
INFO: mk_mdef_gen.c(280): Reading dict /home/abdy/Desktop/diploma/kg/etc/kg.filler
INFO: mk_mdef_gen.c(322): 3 words in dict /home/abdy/Desktop/diploma/kg/etc/kg.filler
INFO: mk_mdef_gen.c(442): 10554 words in dictionary
INFO: mk_mdef_gen.c(443): 16770 unique single word triphones in dictionary
INFO: mk_mdef_gen.c(444): 17415 unique word beginning triphones in dictionary
INFO: mk_mdef_gen.c(445): 5537 unique word internal triphones in dictionary
INFO: mk_mdef_gen.c(446): 17862 unique word ending triphones in dictionary
INFO: mk_mdef_gen.c(479): Out of vocabulary words in transcript will be mapped to SIL!
INFO: mk_mdef_gen.c(593): 19618 words in transcripts
INFO: mk_mdef_gen.c(594): 24 single word triphones in transcripts
INFO: mk_mdef_gen.c(595): 13630 word beginning triphones in transcripts
INFO: mk_mdef_gen.c(596): 53809 word internal triphones in transcripts
INFO: mk_mdef_gen.c(597): 13630 word ending triphones in transcripts
INFO: mk_mdef_gen.c(640): 81093 triphones extracted from transcripts
INFO: mk_mdef_gen.c(641): 10250 unique triphones extracted from transcripts
INFO: mk_mdef_gen.c(642): 3920 triphones occur once in the transcripts
INFO: mk_mdef_gen.c(643): 1520 triphones occur twice in the transcripts
INFO: mk_mdef_gen.c(644): 917 triphones occur thrice in the transcripts
INFO: mk_mdef_gen.c(645): The rest of the triphones occur more than three times
INFO: mk_mdef_gen.c(646): Count threshold is 1
INFO: mk_mdef_gen.c(897): 47 n_base, 10250 n_tri
INFO: mk_mdef_gen.c(969): Wrote mdef file /home/abdy/Desktop/diploma/kg/model_architecture/kg.untied.mdef
Thu May  7 00:22:49 2020
